[2024-10-24T01:37:06.754+0000] {taskinstance.py:1157} INFO - Dependencies all met for dep_context=non-requeueable deps ti=<TaskInstance: api_openbrewerydb_to_silver_gold.Silver scheduled__2023-12-13T08:00:00+00:00 [queued]>
[2024-10-24T01:37:06.763+0000] {taskinstance.py:1157} INFO - Dependencies all met for dep_context=requeueable deps ti=<TaskInstance: api_openbrewerydb_to_silver_gold.Silver scheduled__2023-12-13T08:00:00+00:00 [queued]>
[2024-10-24T01:37:06.764+0000] {taskinstance.py:1359} INFO - Starting attempt 1 of 3
[2024-10-24T01:37:06.777+0000] {taskinstance.py:1380} INFO - Executing <Task(SparkSubmitOperator): Silver> on 2023-12-13 08:00:00+00:00
[2024-10-24T01:37:06.781+0000] {standard_task_runner.py:57} INFO - Started process 186 to run task
[2024-10-24T01:37:06.783+0000] {standard_task_runner.py:84} INFO - Running: ['***', 'tasks', 'run', 'api_openbrewerydb_to_silver_gold', 'Silver', 'scheduled__2023-12-13T08:00:00+00:00', '--job-id', '159', '--raw', '--subdir', 'DAGS_FOLDER/api_openbrewerydb_to_silver.py', '--cfg-path', '/tmp/tmp85igiboc']
[2024-10-24T01:37:06.786+0000] {standard_task_runner.py:85} INFO - Job 159: Subtask Silver
[2024-10-24T01:37:06.849+0000] {task_command.py:415} INFO - Running <TaskInstance: api_openbrewerydb_to_silver_gold.Silver scheduled__2023-12-13T08:00:00+00:00 [running]> on host de5108c6da1d
[2024-10-24T01:37:06.956+0000] {taskinstance.py:1660} INFO - Exporting env vars: AIRFLOW_CTX_DAG_OWNER='Rodrigo Araujo' AIRFLOW_CTX_DAG_ID='api_openbrewerydb_to_silver_gold' AIRFLOW_CTX_TASK_ID='Silver' AIRFLOW_CTX_EXECUTION_DATE='2023-12-13T08:00:00+00:00' AIRFLOW_CTX_TRY_NUMBER='1' AIRFLOW_CTX_DAG_RUN_ID='scheduled__2023-12-13T08:00:00+00:00'
[2024-10-24T01:37:06.973+0000] {base.py:73} INFO - Using connection ID 'spark-conn' for task execution.
[2024-10-24T01:37:06.974+0000] {spark_submit.py:363} INFO - Spark-Submit cmd: spark-submit --master spark://spark-master:7077 --name arrow-spark --queue root.default jobs/silver/api_openbrewerydb.py
[2024-10-24T01:37:11.211+0000] {spark_submit.py:524} INFO - 24/10/24 01:37:11 INFO SparkContext: Running Spark version 3.5.3
[2024-10-24T01:37:11.214+0000] {spark_submit.py:524} INFO - 24/10/24 01:37:11 INFO SparkContext: OS info Linux, 5.15.0-124-generic, amd64
[2024-10-24T01:37:11.214+0000] {spark_submit.py:524} INFO - 24/10/24 01:37:11 INFO SparkContext: Java version 11.0.25
[2024-10-24T01:37:11.316+0000] {spark_submit.py:524} INFO - 24/10/24 01:37:11 WARN NativeCodeLoader: Unable to load native-hadoop library for your platform... using builtin-java classes where applicable
[2024-10-24T01:37:11.485+0000] {spark_submit.py:524} INFO - 24/10/24 01:37:11 INFO ResourceUtils: ==============================================================
[2024-10-24T01:37:11.485+0000] {spark_submit.py:524} INFO - 24/10/24 01:37:11 INFO ResourceUtils: No custom resources configured for spark.driver.
[2024-10-24T01:37:11.486+0000] {spark_submit.py:524} INFO - 24/10/24 01:37:11 INFO ResourceUtils: ==============================================================
[2024-10-24T01:37:11.488+0000] {spark_submit.py:524} INFO - 24/10/24 01:37:11 INFO SparkContext: Submitted application: IngestaoSilver
[2024-10-24T01:37:11.530+0000] {spark_submit.py:524} INFO - 24/10/24 01:37:11 INFO ResourceProfile: Default ResourceProfile created, executor resources: Map(memory -> name: memory, amount: 1024, script: , vendor: , offHeap -> name: offHeap, amount: 0, script: , vendor: ), task resources: Map(cpus -> name: cpus, amount: 1.0)
[2024-10-24T01:37:11.553+0000] {spark_submit.py:524} INFO - 24/10/24 01:37:11 INFO ResourceProfile: Limiting resource is cpu
[2024-10-24T01:37:11.554+0000] {spark_submit.py:524} INFO - 24/10/24 01:37:11 INFO ResourceProfileManager: Added ResourceProfile id: 0
[2024-10-24T01:37:11.646+0000] {spark_submit.py:524} INFO - 24/10/24 01:37:11 INFO SecurityManager: Changing view acls to: ***
[2024-10-24T01:37:11.648+0000] {spark_submit.py:524} INFO - 24/10/24 01:37:11 INFO SecurityManager: Changing modify acls to: ***
[2024-10-24T01:37:11.649+0000] {spark_submit.py:524} INFO - 24/10/24 01:37:11 INFO SecurityManager: Changing view acls groups to:
[2024-10-24T01:37:11.651+0000] {spark_submit.py:524} INFO - 24/10/24 01:37:11 INFO SecurityManager: Changing modify acls groups to:
[2024-10-24T01:37:11.652+0000] {spark_submit.py:524} INFO - 24/10/24 01:37:11 INFO SecurityManager: SecurityManager: authentication disabled; ui acls disabled; users with view permissions: ***; groups with view permissions: EMPTY; users with modify permissions: ***; groups with modify permissions: EMPTY
[2024-10-24T01:37:12.191+0000] {spark_submit.py:524} INFO - 24/10/24 01:37:12 INFO Utils: Successfully started service 'sparkDriver' on port 33943.
[2024-10-24T01:37:12.244+0000] {spark_submit.py:524} INFO - 24/10/24 01:37:12 INFO SparkEnv: Registering MapOutputTracker
[2024-10-24T01:37:12.289+0000] {spark_submit.py:524} INFO - 24/10/24 01:37:12 INFO SparkEnv: Registering BlockManagerMaster
[2024-10-24T01:37:12.331+0000] {spark_submit.py:524} INFO - 24/10/24 01:37:12 INFO BlockManagerMasterEndpoint: Using org.apache.spark.storage.DefaultTopologyMapper for getting topology information
[2024-10-24T01:37:12.332+0000] {spark_submit.py:524} INFO - 24/10/24 01:37:12 INFO BlockManagerMasterEndpoint: BlockManagerMasterEndpoint up
[2024-10-24T01:37:12.338+0000] {spark_submit.py:524} INFO - 24/10/24 01:37:12 INFO SparkEnv: Registering BlockManagerMasterHeartbeat
[2024-10-24T01:37:12.376+0000] {spark_submit.py:524} INFO - 24/10/24 01:37:12 INFO DiskBlockManager: Created local directory at /tmp/blockmgr-dfebabf2-06b5-40e1-8ed3-282649f9f597
[2024-10-24T01:37:12.399+0000] {spark_submit.py:524} INFO - 24/10/24 01:37:12 INFO MemoryStore: MemoryStore started with capacity 434.4 MiB
[2024-10-24T01:37:12.426+0000] {spark_submit.py:524} INFO - 24/10/24 01:37:12 INFO SparkEnv: Registering OutputCommitCoordinator
[2024-10-24T01:37:12.658+0000] {spark_submit.py:524} INFO - 24/10/24 01:37:12 INFO JettyUtils: Start Jetty 0.0.0.0:4040 for SparkUI
[2024-10-24T01:37:12.722+0000] {spark_submit.py:524} INFO - 24/10/24 01:37:12 INFO Utils: Successfully started service 'SparkUI' on port 4040.
[2024-10-24T01:37:12.880+0000] {spark_submit.py:524} INFO - 24/10/24 01:37:12 INFO StandaloneAppClient$ClientEndpoint: Connecting to master spark://spark-master:7077...
[2024-10-24T01:37:12.946+0000] {spark_submit.py:524} INFO - 24/10/24 01:37:12 INFO TransportClientFactory: Successfully created connection to spark-master/172.22.0.2:7077 after 37 ms (0 ms spent in bootstraps)
[2024-10-24T01:37:13.225+0000] {spark_submit.py:524} INFO - 24/10/24 01:37:13 INFO StandaloneSchedulerBackend: Connected to Spark cluster with app ID app-20241024013713-0001
[2024-10-24T01:37:13.257+0000] {spark_submit.py:524} INFO - 24/10/24 01:37:13 INFO Utils: Successfully started service 'org.apache.spark.network.netty.NettyBlockTransferService' on port 41325.
[2024-10-24T01:37:13.258+0000] {spark_submit.py:524} INFO - 24/10/24 01:37:13 INFO NettyBlockTransferService: Server created on de5108c6da1d:41325
[2024-10-24T01:37:13.261+0000] {spark_submit.py:524} INFO - 24/10/24 01:37:13 INFO BlockManager: Using org.apache.spark.storage.RandomBlockReplicationPolicy for block replication policy
[2024-10-24T01:37:13.276+0000] {spark_submit.py:524} INFO - 24/10/24 01:37:13 INFO BlockManagerMaster: Registering BlockManager BlockManagerId(driver, de5108c6da1d, 41325, None)
[2024-10-24T01:37:13.284+0000] {spark_submit.py:524} INFO - 24/10/24 01:37:13 INFO BlockManagerMasterEndpoint: Registering block manager de5108c6da1d:41325 with 434.4 MiB RAM, BlockManagerId(driver, de5108c6da1d, 41325, None)
[2024-10-24T01:37:13.295+0000] {spark_submit.py:524} INFO - 24/10/24 01:37:13 INFO BlockManagerMaster: Registered BlockManager BlockManagerId(driver, de5108c6da1d, 41325, None)
[2024-10-24T01:37:13.297+0000] {spark_submit.py:524} INFO - 24/10/24 01:37:13 INFO BlockManager: Initialized BlockManager: BlockManagerId(driver, de5108c6da1d, 41325, None)
[2024-10-24T01:37:13.783+0000] {spark_submit.py:524} INFO - 24/10/24 01:37:13 INFO StandaloneSchedulerBackend: SchedulerBackend is ready for scheduling beginning after reached minRegisteredResourcesRatio: 0.0
[2024-10-24T01:37:14.083+0000] {spark_submit.py:524} INFO - 24/10/24 01:37:14 INFO StandaloneAppClient$ClientEndpoint: Executor added: app-20241024013713-0001/0 on worker-20241024013655-172.22.0.4-42143 (172.22.0.4:42143) with 2 core(s)
[2024-10-24T01:37:14.088+0000] {spark_submit.py:524} INFO - 24/10/24 01:37:14 INFO StandaloneSchedulerBackend: Granted executor ID app-20241024013713-0001/0 on hostPort 172.22.0.4:42143 with 2 core(s), 1024.0 MiB RAM
[2024-10-24T01:37:14.102+0000] {spark_submit.py:524} INFO - Hello from Spark!
[2024-10-24T01:37:14.103+0000] {spark_submit.py:524} INFO - 24/10/24 01:37:14 INFO SparkContext: SparkContext is stopping with exitCode 0.
[2024-10-24T01:37:14.119+0000] {spark_submit.py:524} INFO - 24/10/24 01:37:14 INFO SparkUI: Stopped Spark web UI at http://de5108c6da1d:4040
[2024-10-24T01:37:14.127+0000] {spark_submit.py:524} INFO - 24/10/24 01:37:14 INFO StandaloneSchedulerBackend: Shutting down all executors
[2024-10-24T01:37:14.132+0000] {spark_submit.py:524} INFO - 24/10/24 01:37:14 INFO StandaloneSchedulerBackend$StandaloneDriverEndpoint: Asking each executor to shut down
[2024-10-24T01:37:14.184+0000] {spark_submit.py:524} INFO - 24/10/24 01:37:14 INFO MapOutputTrackerMasterEndpoint: MapOutputTrackerMasterEndpoint stopped!
[2024-10-24T01:37:14.216+0000] {spark_submit.py:524} INFO - 24/10/24 01:37:14 INFO MemoryStore: MemoryStore cleared
[2024-10-24T01:37:14.218+0000] {spark_submit.py:524} INFO - 24/10/24 01:37:14 INFO BlockManager: BlockManager stopped
[2024-10-24T01:37:14.226+0000] {spark_submit.py:524} INFO - 24/10/24 01:37:14 INFO BlockManagerMaster: BlockManagerMaster stopped
[2024-10-24T01:37:14.228+0000] {spark_submit.py:524} INFO - 24/10/24 01:37:14 INFO OutputCommitCoordinator$OutputCommitCoordinatorEndpoint: OutputCommitCoordinator stopped!
[2024-10-24T01:37:14.241+0000] {spark_submit.py:524} INFO - 24/10/24 01:37:14 INFO SparkContext: Successfully stopped SparkContext
[2024-10-24T01:37:14.383+0000] {spark_submit.py:524} INFO - 24/10/24 01:37:14 INFO ShutdownHookManager: Shutdown hook called
[2024-10-24T01:37:14.383+0000] {spark_submit.py:524} INFO - 24/10/24 01:37:14 INFO ShutdownHookManager: Deleting directory /tmp/spark-8aa8af59-5af1-48f6-96f5-ec1de5693ae1/pyspark-8c330a3f-b0e7-4a3c-a2c9-51860d78c557
[2024-10-24T01:37:14.387+0000] {spark_submit.py:524} INFO - 24/10/24 01:37:14 INFO ShutdownHookManager: Deleting directory /tmp/spark-5b479a79-5192-4d88-bc52-092167f4f513
[2024-10-24T01:37:14.390+0000] {spark_submit.py:524} INFO - 24/10/24 01:37:14 INFO ShutdownHookManager: Deleting directory /tmp/spark-8aa8af59-5af1-48f6-96f5-ec1de5693ae1
[2024-10-24T01:37:14.452+0000] {taskinstance.py:1398} INFO - Marking task as SUCCESS. dag_id=api_openbrewerydb_to_silver_gold, task_id=Silver, execution_date=20231213T080000, start_date=20241024T013706, end_date=20241024T013714
[2024-10-24T01:37:14.492+0000] {local_task_job_runner.py:228} INFO - Task exited with return code 0
[2024-10-24T01:37:14.524+0000] {taskinstance.py:2776} INFO - 1 downstream tasks scheduled from follow-on schedule check
