[2024-10-24T01:17:23.906+0000] {taskinstance.py:1157} INFO - Dependencies all met for dep_context=non-requeueable deps ti=<TaskInstance: api_openbrewerydb_to_silver_gold.Silver scheduled__2023-10-25T08:00:00+00:00 [queued]>
[2024-10-24T01:17:23.920+0000] {taskinstance.py:1157} INFO - Dependencies all met for dep_context=requeueable deps ti=<TaskInstance: api_openbrewerydb_to_silver_gold.Silver scheduled__2023-10-25T08:00:00+00:00 [queued]>
[2024-10-24T01:17:23.921+0000] {taskinstance.py:1359} INFO - Starting attempt 2 of 3
[2024-10-24T01:17:23.945+0000] {taskinstance.py:1380} INFO - Executing <Task(SparkSubmitOperator): Silver> on 2023-10-25 08:00:00+00:00
[2024-10-24T01:17:23.956+0000] {standard_task_runner.py:57} INFO - Started process 978 to run task
[2024-10-24T01:17:23.960+0000] {standard_task_runner.py:84} INFO - Running: ['***', 'tasks', 'run', 'api_openbrewerydb_to_silver_gold', 'Silver', 'scheduled__2023-10-25T08:00:00+00:00', '--job-id', '70', '--raw', '--subdir', 'DAGS_FOLDER/api_openbrewerydb_to_silver.py', '--cfg-path', '/tmp/tmpbwgfv945']
[2024-10-24T01:17:23.963+0000] {standard_task_runner.py:85} INFO - Job 70: Subtask Silver
[2024-10-24T01:17:24.063+0000] {task_command.py:415} INFO - Running <TaskInstance: api_openbrewerydb_to_silver_gold.Silver scheduled__2023-10-25T08:00:00+00:00 [running]> on host de5108c6da1d
[2024-10-24T01:17:24.214+0000] {taskinstance.py:1660} INFO - Exporting env vars: AIRFLOW_CTX_DAG_OWNER='Rodrigo Araujo' AIRFLOW_CTX_DAG_ID='api_openbrewerydb_to_silver_gold' AIRFLOW_CTX_TASK_ID='Silver' AIRFLOW_CTX_EXECUTION_DATE='2023-10-25T08:00:00+00:00' AIRFLOW_CTX_TRY_NUMBER='2' AIRFLOW_CTX_DAG_RUN_ID='scheduled__2023-10-25T08:00:00+00:00'
[2024-10-24T01:17:24.234+0000] {base.py:73} INFO - Using connection ID 'spark-conn' for task execution.
[2024-10-24T01:17:24.236+0000] {spark_submit.py:363} INFO - Spark-Submit cmd: spark-submit --master spark://spark-master:7077 --name arrow-spark --queue root.default jobs/silver/api_openbrewerydb.py
[2024-10-24T01:17:30.135+0000] {spark_submit.py:524} INFO - 24/10/24 01:17:30 INFO SparkContext: Running Spark version 3.5.3
[2024-10-24T01:17:30.139+0000] {spark_submit.py:524} INFO - 24/10/24 01:17:30 INFO SparkContext: OS info Linux, 5.15.0-124-generic, amd64
[2024-10-24T01:17:30.140+0000] {spark_submit.py:524} INFO - 24/10/24 01:17:30 INFO SparkContext: Java version 11.0.25
[2024-10-24T01:17:30.252+0000] {spark_submit.py:524} INFO - 24/10/24 01:17:30 WARN NativeCodeLoader: Unable to load native-hadoop library for your platform... using builtin-java classes where applicable
[2024-10-24T01:17:30.403+0000] {spark_submit.py:524} INFO - 24/10/24 01:17:30 INFO ResourceUtils: ==============================================================
[2024-10-24T01:17:30.404+0000] {spark_submit.py:524} INFO - 24/10/24 01:17:30 INFO ResourceUtils: No custom resources configured for spark.driver.
[2024-10-24T01:17:30.405+0000] {spark_submit.py:524} INFO - 24/10/24 01:17:30 INFO ResourceUtils: ==============================================================
[2024-10-24T01:17:30.406+0000] {spark_submit.py:524} INFO - 24/10/24 01:17:30 INFO SparkContext: Submitted application: IngestaoSilver
[2024-10-24T01:17:30.438+0000] {spark_submit.py:524} INFO - 24/10/24 01:17:30 INFO ResourceProfile: Default ResourceProfile created, executor resources: Map(memory -> name: memory, amount: 1024, script: , vendor: , offHeap -> name: offHeap, amount: 0, script: , vendor: ), task resources: Map(cpus -> name: cpus, amount: 1.0)
[2024-10-24T01:17:30.463+0000] {spark_submit.py:524} INFO - 24/10/24 01:17:30 INFO ResourceProfile: Limiting resource is cpu
[2024-10-24T01:17:30.465+0000] {spark_submit.py:524} INFO - 24/10/24 01:17:30 INFO ResourceProfileManager: Added ResourceProfile id: 0
[2024-10-24T01:17:30.575+0000] {spark_submit.py:524} INFO - 24/10/24 01:17:30 INFO SecurityManager: Changing view acls to: ***
[2024-10-24T01:17:30.577+0000] {spark_submit.py:524} INFO - 24/10/24 01:17:30 INFO SecurityManager: Changing modify acls to: ***
[2024-10-24T01:17:30.579+0000] {spark_submit.py:524} INFO - 24/10/24 01:17:30 INFO SecurityManager: Changing view acls groups to:
[2024-10-24T01:17:30.582+0000] {spark_submit.py:524} INFO - 24/10/24 01:17:30 INFO SecurityManager: Changing modify acls groups to:
[2024-10-24T01:17:30.584+0000] {spark_submit.py:524} INFO - 24/10/24 01:17:30 INFO SecurityManager: SecurityManager: authentication disabled; ui acls disabled; users with view permissions: ***; groups with view permissions: EMPTY; users with modify permissions: ***; groups with modify permissions: EMPTY
[2024-10-24T01:17:31.042+0000] {spark_submit.py:524} INFO - 24/10/24 01:17:31 INFO Utils: Successfully started service 'sparkDriver' on port 34203.
[2024-10-24T01:17:31.096+0000] {spark_submit.py:524} INFO - 24/10/24 01:17:31 INFO SparkEnv: Registering MapOutputTracker
[2024-10-24T01:17:31.157+0000] {spark_submit.py:524} INFO - 24/10/24 01:17:31 INFO SparkEnv: Registering BlockManagerMaster
[2024-10-24T01:17:31.202+0000] {spark_submit.py:524} INFO - 24/10/24 01:17:31 INFO BlockManagerMasterEndpoint: Using org.apache.spark.storage.DefaultTopologyMapper for getting topology information
[2024-10-24T01:17:31.204+0000] {spark_submit.py:524} INFO - 24/10/24 01:17:31 INFO BlockManagerMasterEndpoint: BlockManagerMasterEndpoint up
[2024-10-24T01:17:31.217+0000] {spark_submit.py:524} INFO - 24/10/24 01:17:31 INFO SparkEnv: Registering BlockManagerMasterHeartbeat
[2024-10-24T01:17:31.269+0000] {spark_submit.py:524} INFO - 24/10/24 01:17:31 INFO DiskBlockManager: Created local directory at /tmp/blockmgr-4d11ac69-424f-4c26-a6a9-1d2171f83ea0
[2024-10-24T01:17:31.309+0000] {spark_submit.py:524} INFO - 24/10/24 01:17:31 INFO MemoryStore: MemoryStore started with capacity 434.4 MiB
[2024-10-24T01:17:31.344+0000] {spark_submit.py:524} INFO - 24/10/24 01:17:31 INFO SparkEnv: Registering OutputCommitCoordinator
[2024-10-24T01:17:31.557+0000] {spark_submit.py:524} INFO - 24/10/24 01:17:31 INFO JettyUtils: Start Jetty 0.0.0.0:4040 for SparkUI
[2024-10-24T01:17:31.626+0000] {spark_submit.py:524} INFO - 24/10/24 01:17:31 INFO Utils: Successfully started service 'SparkUI' on port 4040.
[2024-10-24T01:17:31.809+0000] {spark_submit.py:524} INFO - 24/10/24 01:17:31 INFO StandaloneAppClient$ClientEndpoint: Connecting to master spark://spark-master:7077...
[2024-10-24T01:17:31.881+0000] {spark_submit.py:524} INFO - 24/10/24 01:17:31 INFO TransportClientFactory: Successfully created connection to spark-master/172.22.0.3:7077 after 42 ms (0 ms spent in bootstraps)
[2024-10-24T01:17:32.238+0000] {spark_submit.py:524} INFO - 24/10/24 01:17:32 INFO StandaloneSchedulerBackend: Connected to Spark cluster with app ID app-20241024011732-0001
[2024-10-24T01:17:32.255+0000] {spark_submit.py:524} INFO - 24/10/24 01:17:32 INFO Utils: Successfully started service 'org.apache.spark.network.netty.NettyBlockTransferService' on port 33105.
[2024-10-24T01:17:32.255+0000] {spark_submit.py:524} INFO - 24/10/24 01:17:32 INFO NettyBlockTransferService: Server created on de5108c6da1d:33105
[2024-10-24T01:17:32.258+0000] {spark_submit.py:524} INFO - 24/10/24 01:17:32 INFO BlockManager: Using org.apache.spark.storage.RandomBlockReplicationPolicy for block replication policy
[2024-10-24T01:17:32.273+0000] {spark_submit.py:524} INFO - 24/10/24 01:17:32 INFO BlockManagerMaster: Registering BlockManager BlockManagerId(driver, de5108c6da1d, 33105, None)
[2024-10-24T01:17:32.281+0000] {spark_submit.py:524} INFO - 24/10/24 01:17:32 INFO BlockManagerMasterEndpoint: Registering block manager de5108c6da1d:33105 with 434.4 MiB RAM, BlockManagerId(driver, de5108c6da1d, 33105, None)
[2024-10-24T01:17:32.284+0000] {spark_submit.py:524} INFO - 24/10/24 01:17:32 INFO BlockManagerMaster: Registered BlockManager BlockManagerId(driver, de5108c6da1d, 33105, None)
[2024-10-24T01:17:32.286+0000] {spark_submit.py:524} INFO - 24/10/24 01:17:32 INFO BlockManager: Initialized BlockManager: BlockManagerId(driver, de5108c6da1d, 33105, None)
[2024-10-24T01:17:32.687+0000] {spark_submit.py:524} INFO - 24/10/24 01:17:32 INFO StandaloneSchedulerBackend: SchedulerBackend is ready for scheduling beginning after reached minRegisteredResourcesRatio: 0.0
[2024-10-24T01:17:33.006+0000] {spark_submit.py:524} INFO - Hello from Spark!
[2024-10-24T01:17:33.007+0000] {spark_submit.py:524} INFO - 24/10/24 01:17:33 INFO SparkContext: SparkContext is stopping with exitCode 0.
[2024-10-24T01:17:33.025+0000] {spark_submit.py:524} INFO - 24/10/24 01:17:33 INFO SparkUI: Stopped Spark web UI at http://de5108c6da1d:4040
[2024-10-24T01:17:33.032+0000] {spark_submit.py:524} INFO - 24/10/24 01:17:33 INFO StandaloneSchedulerBackend: Shutting down all executors
[2024-10-24T01:17:33.040+0000] {spark_submit.py:524} INFO - 24/10/24 01:17:33 INFO StandaloneSchedulerBackend$StandaloneDriverEndpoint: Asking each executor to shut down
[2024-10-24T01:17:33.072+0000] {spark_submit.py:524} INFO - 24/10/24 01:17:33 INFO MapOutputTrackerMasterEndpoint: MapOutputTrackerMasterEndpoint stopped!
[2024-10-24T01:17:33.089+0000] {spark_submit.py:524} INFO - 24/10/24 01:17:33 WARN Dispatcher: Message RequestMessage(172.22.0.3:7077, NettyRpcEndpointRef(spark://AppClient@de5108c6da1d:34203), ExecutorAdded(0,worker-20241024010948-172.22.0.4-41535,172.22.0.4:41535,2,1024)) dropped due to sparkEnv is stopped. Could not find AppClient.
[2024-10-24T01:17:33.121+0000] {spark_submit.py:524} INFO - 24/10/24 01:17:33 INFO MemoryStore: MemoryStore cleared
[2024-10-24T01:17:33.122+0000] {spark_submit.py:524} INFO - 24/10/24 01:17:33 INFO BlockManager: BlockManager stopped
[2024-10-24T01:17:33.138+0000] {spark_submit.py:524} INFO - 24/10/24 01:17:33 INFO BlockManagerMaster: BlockManagerMaster stopped
[2024-10-24T01:17:33.142+0000] {spark_submit.py:524} INFO - 24/10/24 01:17:33 INFO OutputCommitCoordinator$OutputCommitCoordinatorEndpoint: OutputCommitCoordinator stopped!
[2024-10-24T01:17:33.170+0000] {spark_submit.py:524} INFO - 24/10/24 01:17:33 INFO SparkContext: Successfully stopped SparkContext
[2024-10-24T01:17:33.300+0000] {spark_submit.py:524} INFO - 24/10/24 01:17:33 INFO ShutdownHookManager: Shutdown hook called
[2024-10-24T01:17:33.301+0000] {spark_submit.py:524} INFO - 24/10/24 01:17:33 INFO ShutdownHookManager: Deleting directory /tmp/spark-146b9caa-bc8e-4249-8859-4185d62e374c
[2024-10-24T01:17:33.305+0000] {spark_submit.py:524} INFO - 24/10/24 01:17:33 INFO ShutdownHookManager: Deleting directory /tmp/spark-4793eabd-6466-4a96-9bc1-af7c1bb4282f
[2024-10-24T01:17:33.309+0000] {spark_submit.py:524} INFO - 24/10/24 01:17:33 INFO ShutdownHookManager: Deleting directory /tmp/spark-146b9caa-bc8e-4249-8859-4185d62e374c/pyspark-05f85c01-d23d-49ed-aebb-5acb357bd21b
[2024-10-24T01:17:33.384+0000] {taskinstance.py:1398} INFO - Marking task as SUCCESS. dag_id=api_openbrewerydb_to_silver_gold, task_id=Silver, execution_date=20231025T080000, start_date=20241024T011723, end_date=20241024T011733
[2024-10-24T01:17:33.412+0000] {local_task_job_runner.py:228} INFO - Task exited with return code 0
[2024-10-24T01:17:33.440+0000] {taskinstance.py:2776} INFO - 1 downstream tasks scheduled from follow-on schedule check
