[2024-10-24T18:42:21.106+0000] {taskinstance.py:1157} INFO - Dependencies all met for dep_context=non-requeueable deps ti=<TaskInstance: api_openbrewerydb_to_silver_gold.Gold manual__2024-10-24T18:42:05.978344+00:00 [queued]>
[2024-10-24T18:42:21.113+0000] {taskinstance.py:1157} INFO - Dependencies all met for dep_context=requeueable deps ti=<TaskInstance: api_openbrewerydb_to_silver_gold.Gold manual__2024-10-24T18:42:05.978344+00:00 [queued]>
[2024-10-24T18:42:21.113+0000] {taskinstance.py:1359} INFO - Starting attempt 1 of 2
[2024-10-24T18:42:21.133+0000] {taskinstance.py:1380} INFO - Executing <Task(SparkSubmitOperator): Gold> on 2024-10-24 18:42:05.978344+00:00
[2024-10-24T18:42:21.137+0000] {standard_task_runner.py:57} INFO - Started process 1408 to run task
[2024-10-24T18:42:21.139+0000] {standard_task_runner.py:84} INFO - Running: ['***', 'tasks', 'run', 'api_openbrewerydb_to_silver_gold', 'Gold', 'manual__2024-10-24T18:42:05.978344+00:00', '--job-id', '195', '--raw', '--subdir', 'DAGS_FOLDER/api_openbrewerydb_to_silver_gold.py', '--cfg-path', '/tmp/tmpq3jlhxf3']
[2024-10-24T18:42:21.141+0000] {standard_task_runner.py:85} INFO - Job 195: Subtask Gold
[2024-10-24T18:42:21.183+0000] {task_command.py:415} INFO - Running <TaskInstance: api_openbrewerydb_to_silver_gold.Gold manual__2024-10-24T18:42:05.978344+00:00 [running]> on host f55139681ae8
[2024-10-24T18:42:21.259+0000] {taskinstance.py:1660} INFO - Exporting env vars: AIRFLOW_CTX_DAG_OWNER='Rodrigo Araujo' AIRFLOW_CTX_DAG_ID='api_openbrewerydb_to_silver_gold' AIRFLOW_CTX_TASK_ID='Gold' AIRFLOW_CTX_EXECUTION_DATE='2024-10-24T18:42:05.978344+00:00' AIRFLOW_CTX_TRY_NUMBER='1' AIRFLOW_CTX_DAG_RUN_ID='manual__2024-10-24T18:42:05.978344+00:00'
[2024-10-24T18:42:21.269+0000] {base.py:73} INFO - Using connection ID 'spark-conn' for task execution.
[2024-10-24T18:42:21.270+0000] {spark_submit.py:363} INFO - Spark-Submit cmd: spark-submit --master spark://spark-master:7077 --name arrow-spark jobs/gold/openbrewerydb/api_openbrewerydb.py
[2024-10-24T18:42:23.376+0000] {spark_submit.py:524} INFO - 24/10/24 18:42:23 INFO SparkContext: Running Spark version 3.5.0
[2024-10-24T18:42:23.378+0000] {spark_submit.py:524} INFO - 24/10/24 18:42:23 INFO SparkContext: OS info Linux, 5.15.0-124-generic, amd64
[2024-10-24T18:42:23.378+0000] {spark_submit.py:524} INFO - 24/10/24 18:42:23 INFO SparkContext: Java version 17.0.13
[2024-10-24T18:42:23.436+0000] {spark_submit.py:524} INFO - 24/10/24 18:42:23 WARN NativeCodeLoader: Unable to load native-hadoop library for your platform... using builtin-java classes where applicable
[2024-10-24T18:42:23.522+0000] {spark_submit.py:524} INFO - 24/10/24 18:42:23 INFO ResourceUtils: ==============================================================
[2024-10-24T18:42:23.523+0000] {spark_submit.py:524} INFO - 24/10/24 18:42:23 INFO ResourceUtils: No custom resources configured for spark.driver.
[2024-10-24T18:42:23.523+0000] {spark_submit.py:524} INFO - 24/10/24 18:42:23 INFO ResourceUtils: ==============================================================
[2024-10-24T18:42:23.524+0000] {spark_submit.py:524} INFO - 24/10/24 18:42:23 INFO SparkContext: Submitted application: openbrewerydb_gold
[2024-10-24T18:42:23.545+0000] {spark_submit.py:524} INFO - 24/10/24 18:42:23 INFO ResourceProfile: Default ResourceProfile created, executor resources: Map(memory -> name: memory, amount: 1024, script: , vendor: , offHeap -> name: offHeap, amount: 0, script: , vendor: ), task resources: Map(cpus -> name: cpus, amount: 1.0)
[2024-10-24T18:42:23.553+0000] {spark_submit.py:524} INFO - 24/10/24 18:42:23 INFO ResourceProfile: Limiting resource is cpu
[2024-10-24T18:42:23.554+0000] {spark_submit.py:524} INFO - 24/10/24 18:42:23 INFO ResourceProfileManager: Added ResourceProfile id: 0
[2024-10-24T18:42:23.599+0000] {spark_submit.py:524} INFO - 24/10/24 18:42:23 INFO SecurityManager: Changing view acls to: root
[2024-10-24T18:42:23.599+0000] {spark_submit.py:524} INFO - 24/10/24 18:42:23 INFO SecurityManager: Changing modify acls to: root
[2024-10-24T18:42:23.600+0000] {spark_submit.py:524} INFO - 24/10/24 18:42:23 INFO SecurityManager: Changing view acls groups to:
[2024-10-24T18:42:23.600+0000] {spark_submit.py:524} INFO - 24/10/24 18:42:23 INFO SecurityManager: Changing modify acls groups to:
[2024-10-24T18:42:23.601+0000] {spark_submit.py:524} INFO - 24/10/24 18:42:23 INFO SecurityManager: SecurityManager: authentication disabled; ui acls disabled; users with view permissions: root; groups with view permissions: EMPTY; users with modify permissions: root; groups with modify permissions: EMPTY
[2024-10-24T18:42:23.855+0000] {spark_submit.py:524} INFO - 24/10/24 18:42:23 INFO Utils: Successfully started service 'sparkDriver' on port 34835.
[2024-10-24T18:42:23.887+0000] {spark_submit.py:524} INFO - 24/10/24 18:42:23 INFO SparkEnv: Registering MapOutputTracker
[2024-10-24T18:42:23.924+0000] {spark_submit.py:524} INFO - 24/10/24 18:42:23 INFO SparkEnv: Registering BlockManagerMaster
[2024-10-24T18:42:23.945+0000] {spark_submit.py:524} INFO - 24/10/24 18:42:23 INFO BlockManagerMasterEndpoint: Using org.apache.spark.storage.DefaultTopologyMapper for getting topology information
[2024-10-24T18:42:23.946+0000] {spark_submit.py:524} INFO - 24/10/24 18:42:23 INFO BlockManagerMasterEndpoint: BlockManagerMasterEndpoint up
[2024-10-24T18:42:23.950+0000] {spark_submit.py:524} INFO - 24/10/24 18:42:23 INFO SparkEnv: Registering BlockManagerMasterHeartbeat
[2024-10-24T18:42:23.970+0000] {spark_submit.py:524} INFO - 24/10/24 18:42:23 INFO DiskBlockManager: Created local directory at /tmp/blockmgr-690f5f86-e888-426a-b226-453422cbf3c7
[2024-10-24T18:42:23.985+0000] {spark_submit.py:524} INFO - 24/10/24 18:42:23 INFO MemoryStore: MemoryStore started with capacity 434.4 MiB
[2024-10-24T18:42:24.004+0000] {spark_submit.py:524} INFO - 24/10/24 18:42:24 INFO SparkEnv: Registering OutputCommitCoordinator
[2024-10-24T18:42:24.112+0000] {spark_submit.py:524} INFO - 24/10/24 18:42:24 INFO JettyUtils: Start Jetty 0.0.0.0:4040 for SparkUI
[2024-10-24T18:42:24.156+0000] {spark_submit.py:524} INFO - 24/10/24 18:42:24 INFO Utils: Successfully started service 'SparkUI' on port 4040.
[2024-10-24T18:42:24.274+0000] {spark_submit.py:524} INFO - 24/10/24 18:42:24 INFO StandaloneAppClient$ClientEndpoint: Connecting to master spark://spark-master:7077...
[2024-10-24T18:42:24.313+0000] {spark_submit.py:524} INFO - 24/10/24 18:42:24 INFO TransportClientFactory: Successfully created connection to spark-master/172.18.0.3:7077 after 21 ms (0 ms spent in bootstraps)
[2024-10-24T18:42:24.396+0000] {spark_submit.py:524} INFO - 24/10/24 18:42:24 INFO StandaloneSchedulerBackend: Connected to Spark cluster with app ID app-20241024184224-0005
[2024-10-24T18:42:24.400+0000] {spark_submit.py:524} INFO - 24/10/24 18:42:24 INFO StandaloneAppClient$ClientEndpoint: Executor added: app-20241024184224-0005/0 on worker-20241024183909-172.18.0.5-45197 (172.18.0.5:45197) with 2 core(s)
[2024-10-24T18:42:24.411+0000] {spark_submit.py:524} INFO - 24/10/24 18:42:24 INFO StandaloneSchedulerBackend: Granted executor ID app-20241024184224-0005/0 on hostPort 172.18.0.5:45197 with 2 core(s), 1024.0 MiB RAM
[2024-10-24T18:42:24.412+0000] {spark_submit.py:524} INFO - 24/10/24 18:42:24 INFO Utils: Successfully started service 'org.apache.spark.network.netty.NettyBlockTransferService' on port 38985.
[2024-10-24T18:42:24.412+0000] {spark_submit.py:524} INFO - 24/10/24 18:42:24 INFO NettyBlockTransferService: Server created on f55139681ae8:38985
[2024-10-24T18:42:24.415+0000] {spark_submit.py:524} INFO - 24/10/24 18:42:24 INFO BlockManager: Using org.apache.spark.storage.RandomBlockReplicationPolicy for block replication policy
[2024-10-24T18:42:24.447+0000] {spark_submit.py:524} INFO - 24/10/24 18:42:24 INFO BlockManagerMaster: Registering BlockManager BlockManagerId(driver, f55139681ae8, 38985, None)
[2024-10-24T18:42:24.470+0000] {spark_submit.py:524} INFO - 24/10/24 18:42:24 INFO BlockManagerMasterEndpoint: Registering block manager f55139681ae8:38985 with 434.4 MiB RAM, BlockManagerId(driver, f55139681ae8, 38985, None)
[2024-10-24T18:42:24.477+0000] {spark_submit.py:524} INFO - 24/10/24 18:42:24 INFO BlockManagerMaster: Registered BlockManager BlockManagerId(driver, f55139681ae8, 38985, None)
[2024-10-24T18:42:24.481+0000] {spark_submit.py:524} INFO - 24/10/24 18:42:24 INFO BlockManager: Initialized BlockManager: BlockManagerId(driver, f55139681ae8, 38985, None)
[2024-10-24T18:42:24.516+0000] {spark_submit.py:524} INFO - 24/10/24 18:42:24 INFO StandaloneAppClient$ClientEndpoint: Executor updated: app-20241024184224-0005/0 is now RUNNING
[2024-10-24T18:42:24.856+0000] {spark_submit.py:524} INFO - 24/10/24 18:42:24 INFO StandaloneSchedulerBackend: SchedulerBackend is ready for scheduling beginning after reached minRegisteredResourcesRatio: 0.0
[2024-10-24T18:42:25.186+0000] {spark_submit.py:524} INFO - 24/10/24 18:42:25 INFO SharedState: Setting hive.metastore.warehouse.dir ('null') to the value of spark.sql.warehouse.dir.
[2024-10-24T18:42:25.203+0000] {spark_submit.py:524} INFO - 24/10/24 18:42:25 INFO SharedState: Warehouse path is 'file:/opt/***/spark-warehouse'.
[2024-10-24T18:42:26.836+0000] {spark_submit.py:524} INFO - 24/10/24 18:42:26 INFO InMemoryFileIndex: It took 196 ms to list leaf files for 1 paths.
[2024-10-24T18:42:27.566+0000] {spark_submit.py:524} INFO - 24/10/24 18:42:27 INFO SparkContext: Starting job: parquet at NativeMethodAccessorImpl.java:0
[2024-10-24T18:42:27.595+0000] {spark_submit.py:524} INFO - 24/10/24 18:42:27 INFO DAGScheduler: Got job 0 (parquet at NativeMethodAccessorImpl.java:0) with 1 output partitions
[2024-10-24T18:42:27.597+0000] {spark_submit.py:524} INFO - 24/10/24 18:42:27 INFO DAGScheduler: Final stage: ResultStage 0 (parquet at NativeMethodAccessorImpl.java:0)
[2024-10-24T18:42:27.598+0000] {spark_submit.py:524} INFO - 24/10/24 18:42:27 INFO DAGScheduler: Parents of final stage: List()
[2024-10-24T18:42:27.601+0000] {spark_submit.py:524} INFO - 24/10/24 18:42:27 INFO DAGScheduler: Missing parents: List()
[2024-10-24T18:42:27.608+0000] {spark_submit.py:524} INFO - 24/10/24 18:42:27 INFO DAGScheduler: Submitting ResultStage 0 (MapPartitionsRDD[1] at parquet at NativeMethodAccessorImpl.java:0), which has no missing parents
[2024-10-24T18:42:27.695+0000] {spark_submit.py:524} INFO - 24/10/24 18:42:27 INFO MemoryStore: Block broadcast_0 stored as values in memory (estimated size 103.1 KiB, free 434.3 MiB)
[2024-10-24T18:42:27.740+0000] {spark_submit.py:524} INFO - 24/10/24 18:42:27 INFO MemoryStore: Block broadcast_0_piece0 stored as bytes in memory (estimated size 37.1 KiB, free 434.3 MiB)
[2024-10-24T18:42:27.751+0000] {spark_submit.py:524} INFO - 24/10/24 18:42:27 INFO BlockManagerInfo: Added broadcast_0_piece0 in memory on f55139681ae8:38985 (size: 37.1 KiB, free: 434.4 MiB)
[2024-10-24T18:42:27.758+0000] {spark_submit.py:524} INFO - 24/10/24 18:42:27 INFO SparkContext: Created broadcast 0 from broadcast at DAGScheduler.scala:1580
[2024-10-24T18:42:27.786+0000] {spark_submit.py:524} INFO - 24/10/24 18:42:27 INFO DAGScheduler: Submitting 1 missing tasks from ResultStage 0 (MapPartitionsRDD[1] at parquet at NativeMethodAccessorImpl.java:0) (first 15 tasks are for partitions Vector(0))
[2024-10-24T18:42:27.788+0000] {spark_submit.py:524} INFO - 24/10/24 18:42:27 INFO TaskSchedulerImpl: Adding task set 0.0 with 1 tasks resource profile 0
[2024-10-24T18:42:28.031+0000] {spark_submit.py:524} INFO - 24/10/24 18:42:28 INFO StandaloneSchedulerBackend$StandaloneDriverEndpoint: Registered executor NettyRpcEndpointRef(spark-client://Executor) (172.18.0.5:40518) with ID 0,  ResourceProfileId 0
[2024-10-24T18:42:28.094+0000] {spark_submit.py:524} INFO - 24/10/24 18:42:28 INFO BlockManagerMasterEndpoint: Registering block manager 172.18.0.5:42073 with 434.4 MiB RAM, BlockManagerId(0, 172.18.0.5, 42073, None)
[2024-10-24T18:42:28.152+0000] {spark_submit.py:524} INFO - 24/10/24 18:42:28 INFO TaskSetManager: Starting task 0.0 in stage 0.0 (TID 0) (172.18.0.5, executor 0, partition 0, PROCESS_LOCAL, 7873 bytes)
[2024-10-24T18:42:28.372+0000] {spark_submit.py:524} INFO - 24/10/24 18:42:28 INFO BlockManagerInfo: Added broadcast_0_piece0 in memory on 172.18.0.5:42073 (size: 37.1 KiB, free: 434.4 MiB)
[2024-10-24T18:42:28.972+0000] {spark_submit.py:524} INFO - 24/10/24 18:42:28 INFO TaskSetManager: Finished task 0.0 in stage 0.0 (TID 0) in 834 ms on 172.18.0.5 (executor 0) (1/1)
[2024-10-24T18:42:28.973+0000] {spark_submit.py:524} INFO - 24/10/24 18:42:28 INFO TaskSchedulerImpl: Removed TaskSet 0.0, whose tasks have all completed, from pool
[2024-10-24T18:42:28.978+0000] {spark_submit.py:524} INFO - 24/10/24 18:42:28 INFO DAGScheduler: ResultStage 0 (parquet at NativeMethodAccessorImpl.java:0) finished in 1.350 s
[2024-10-24T18:42:28.982+0000] {spark_submit.py:524} INFO - 24/10/24 18:42:28 INFO DAGScheduler: Job 0 is finished. Cancelling potential speculative or zombie tasks for this job
[2024-10-24T18:42:28.983+0000] {spark_submit.py:524} INFO - 24/10/24 18:42:28 INFO TaskSchedulerImpl: Killing all running tasks in stage 0: Stage finished
[2024-10-24T18:42:28.985+0000] {spark_submit.py:524} INFO - 24/10/24 18:42:28 INFO DAGScheduler: Job 0 finished: parquet at NativeMethodAccessorImpl.java:0, took 1.418691 s
[2024-10-24T18:42:29.262+0000] {spark_submit.py:524} INFO - 24/10/24 18:42:29 INFO BlockManagerInfo: Removed broadcast_0_piece0 on f55139681ae8:38985 in memory (size: 37.1 KiB, free: 434.4 MiB)
[2024-10-24T18:42:29.274+0000] {spark_submit.py:524} INFO - 24/10/24 18:42:29 INFO BlockManagerInfo: Removed broadcast_0_piece0 on 172.18.0.5:42073 in memory (size: 37.1 KiB, free: 434.4 MiB)
[2024-10-24T18:42:29.870+0000] {spark_submit.py:524} INFO - 24/10/24 18:42:29 INFO DataSourceStrategy: Pruning directories with:
[2024-10-24T18:42:29.872+0000] {spark_submit.py:524} INFO - 24/10/24 18:42:29 INFO FileSourceStrategy: Pushed Filters:
[2024-10-24T18:42:29.873+0000] {spark_submit.py:524} INFO - 24/10/24 18:42:29 INFO FileSourceStrategy: Post-Scan Filters:
[2024-10-24T18:42:30.222+0000] {spark_submit.py:524} INFO - 24/10/24 18:42:30 INFO CodeGenerator: Code generated in 189.960025 ms
[2024-10-24T18:42:30.247+0000] {spark_submit.py:524} INFO - 24/10/24 18:42:30 INFO MemoryStore: Block broadcast_1 stored as values in memory (estimated size 200.7 KiB, free 434.2 MiB)
[2024-10-24T18:42:30.268+0000] {spark_submit.py:524} INFO - 24/10/24 18:42:30 INFO MemoryStore: Block broadcast_1_piece0 stored as bytes in memory (estimated size 34.8 KiB, free 434.2 MiB)
[2024-10-24T18:42:30.269+0000] {spark_submit.py:524} INFO - 24/10/24 18:42:30 INFO BlockManagerInfo: Added broadcast_1_piece0 in memory on f55139681ae8:38985 (size: 34.8 KiB, free: 434.4 MiB)
[2024-10-24T18:42:30.271+0000] {spark_submit.py:524} INFO - 24/10/24 18:42:30 INFO SparkContext: Created broadcast 1 from count at NativeMethodAccessorImpl.java:0
[2024-10-24T18:42:30.290+0000] {spark_submit.py:524} INFO - 24/10/24 18:42:30 INFO FileSourceScanExec: Planning scan with bin packing, max size: 96564390 bytes, open cost is considered as scanning 4194304 bytes.
[2024-10-24T18:42:30.334+0000] {spark_submit.py:524} INFO - 24/10/24 18:42:30 INFO DAGScheduler: Registering RDD 5 (count at NativeMethodAccessorImpl.java:0) as input to shuffle 0
[2024-10-24T18:42:30.338+0000] {spark_submit.py:524} INFO - 24/10/24 18:42:30 INFO DAGScheduler: Got map stage job 1 (count at NativeMethodAccessorImpl.java:0) with 2 output partitions
[2024-10-24T18:42:30.339+0000] {spark_submit.py:524} INFO - 24/10/24 18:42:30 INFO DAGScheduler: Final stage: ShuffleMapStage 1 (count at NativeMethodAccessorImpl.java:0)
[2024-10-24T18:42:30.339+0000] {spark_submit.py:524} INFO - 24/10/24 18:42:30 INFO DAGScheduler: Parents of final stage: List()
[2024-10-24T18:42:30.340+0000] {spark_submit.py:524} INFO - 24/10/24 18:42:30 INFO DAGScheduler: Missing parents: List()
[2024-10-24T18:42:30.341+0000] {spark_submit.py:524} INFO - 24/10/24 18:42:30 INFO DAGScheduler: Submitting ShuffleMapStage 1 (MapPartitionsRDD[5] at count at NativeMethodAccessorImpl.java:0), which has no missing parents
[2024-10-24T18:42:30.372+0000] {spark_submit.py:524} INFO - 24/10/24 18:42:30 INFO MemoryStore: Block broadcast_2 stored as values in memory (estimated size 17.9 KiB, free 434.2 MiB)
[2024-10-24T18:42:30.377+0000] {spark_submit.py:524} INFO - 24/10/24 18:42:30 INFO MemoryStore: Block broadcast_2_piece0 stored as bytes in memory (estimated size 8.0 KiB, free 434.1 MiB)
[2024-10-24T18:42:30.378+0000] {spark_submit.py:524} INFO - 24/10/24 18:42:30 INFO BlockManagerInfo: Added broadcast_2_piece0 in memory on f55139681ae8:38985 (size: 8.0 KiB, free: 434.4 MiB)
[2024-10-24T18:42:30.378+0000] {spark_submit.py:524} INFO - 24/10/24 18:42:30 INFO SparkContext: Created broadcast 2 from broadcast at DAGScheduler.scala:1580
[2024-10-24T18:42:30.381+0000] {spark_submit.py:524} INFO - 24/10/24 18:42:30 INFO DAGScheduler: Submitting 2 missing tasks from ShuffleMapStage 1 (MapPartitionsRDD[5] at count at NativeMethodAccessorImpl.java:0) (first 15 tasks are for partitions Vector(0, 1))
[2024-10-24T18:42:30.381+0000] {spark_submit.py:524} INFO - 24/10/24 18:42:30 INFO TaskSchedulerImpl: Adding task set 1.0 with 2 tasks resource profile 0
[2024-10-24T18:42:30.390+0000] {spark_submit.py:524} INFO - 24/10/24 18:42:30 INFO TaskSetManager: Starting task 0.0 in stage 1.0 (TID 1) (172.18.0.5, executor 0, partition 0, PROCESS_LOCAL, 15287 bytes)
[2024-10-24T18:42:30.391+0000] {spark_submit.py:524} INFO - 24/10/24 18:42:30 INFO TaskSetManager: Starting task 1.0 in stage 1.0 (TID 2) (172.18.0.5, executor 0, partition 1, PROCESS_LOCAL, 15205 bytes)
[2024-10-24T18:42:30.493+0000] {spark_submit.py:524} INFO - 24/10/24 18:42:30 INFO BlockManagerInfo: Added broadcast_2_piece0 in memory on 172.18.0.5:42073 (size: 8.0 KiB, free: 434.4 MiB)
[2024-10-24T18:42:31.105+0000] {spark_submit.py:524} INFO - 24/10/24 18:42:31 INFO BlockManagerInfo: Added broadcast_1_piece0 in memory on 172.18.0.5:42073 (size: 34.8 KiB, free: 434.4 MiB)
[2024-10-24T18:42:31.550+0000] {spark_submit.py:524} INFO - 24/10/24 18:42:31 INFO TaskSetManager: Finished task 1.0 in stage 1.0 (TID 2) in 1159 ms on 172.18.0.5 (executor 0) (1/2)
[2024-10-24T18:42:31.550+0000] {spark_submit.py:524} INFO - 24/10/24 18:42:31 INFO TaskSetManager: Finished task 0.0 in stage 1.0 (TID 1) in 1168 ms on 172.18.0.5 (executor 0) (2/2)
[2024-10-24T18:42:31.551+0000] {spark_submit.py:524} INFO - 24/10/24 18:42:31 INFO TaskSchedulerImpl: Removed TaskSet 1.0, whose tasks have all completed, from pool
[2024-10-24T18:42:31.554+0000] {spark_submit.py:524} INFO - 24/10/24 18:42:31 INFO DAGScheduler: ShuffleMapStage 1 (count at NativeMethodAccessorImpl.java:0) finished in 1.209 s
[2024-10-24T18:42:31.555+0000] {spark_submit.py:524} INFO - 24/10/24 18:42:31 INFO DAGScheduler: looking for newly runnable stages
[2024-10-24T18:42:31.556+0000] {spark_submit.py:524} INFO - 24/10/24 18:42:31 INFO DAGScheduler: running: Set()
[2024-10-24T18:42:31.556+0000] {spark_submit.py:524} INFO - 24/10/24 18:42:31 INFO DAGScheduler: waiting: Set()
[2024-10-24T18:42:31.557+0000] {spark_submit.py:524} INFO - 24/10/24 18:42:31 INFO DAGScheduler: failed: Set()
[2024-10-24T18:42:31.605+0000] {spark_submit.py:524} INFO - 24/10/24 18:42:31 INFO CodeGenerator: Code generated in 15.655575 ms
[2024-10-24T18:42:31.633+0000] {spark_submit.py:524} INFO - 24/10/24 18:42:31 INFO SparkContext: Starting job: count at NativeMethodAccessorImpl.java:0
[2024-10-24T18:42:31.636+0000] {spark_submit.py:524} INFO - 24/10/24 18:42:31 INFO DAGScheduler: Got job 2 (count at NativeMethodAccessorImpl.java:0) with 1 output partitions
[2024-10-24T18:42:31.636+0000] {spark_submit.py:524} INFO - 24/10/24 18:42:31 INFO DAGScheduler: Final stage: ResultStage 3 (count at NativeMethodAccessorImpl.java:0)
[2024-10-24T18:42:31.637+0000] {spark_submit.py:524} INFO - 24/10/24 18:42:31 INFO DAGScheduler: Parents of final stage: List(ShuffleMapStage 2)
[2024-10-24T18:42:31.637+0000] {spark_submit.py:524} INFO - 24/10/24 18:42:31 INFO DAGScheduler: Missing parents: List()
[2024-10-24T18:42:31.637+0000] {spark_submit.py:524} INFO - 24/10/24 18:42:31 INFO DAGScheduler: Submitting ResultStage 3 (MapPartitionsRDD[8] at count at NativeMethodAccessorImpl.java:0), which has no missing parents
[2024-10-24T18:42:31.646+0000] {spark_submit.py:524} INFO - 24/10/24 18:42:31 INFO MemoryStore: Block broadcast_3 stored as values in memory (estimated size 12.5 KiB, free 434.1 MiB)
[2024-10-24T18:42:31.653+0000] {spark_submit.py:524} INFO - 24/10/24 18:42:31 INFO MemoryStore: Block broadcast_3_piece0 stored as bytes in memory (estimated size 5.9 KiB, free 434.1 MiB)
[2024-10-24T18:42:31.655+0000] {spark_submit.py:524} INFO - 24/10/24 18:42:31 INFO BlockManagerInfo: Removed broadcast_2_piece0 on f55139681ae8:38985 in memory (size: 8.0 KiB, free: 434.4 MiB)
[2024-10-24T18:42:31.656+0000] {spark_submit.py:524} INFO - 24/10/24 18:42:31 INFO BlockManagerInfo: Added broadcast_3_piece0 in memory on f55139681ae8:38985 (size: 5.9 KiB, free: 434.4 MiB)
[2024-10-24T18:42:31.657+0000] {spark_submit.py:524} INFO - 24/10/24 18:42:31 INFO SparkContext: Created broadcast 3 from broadcast at DAGScheduler.scala:1580
[2024-10-24T18:42:31.658+0000] {spark_submit.py:524} INFO - 24/10/24 18:42:31 INFO BlockManagerInfo: Removed broadcast_2_piece0 on 172.18.0.5:42073 in memory (size: 8.0 KiB, free: 434.4 MiB)
[2024-10-24T18:42:31.658+0000] {spark_submit.py:524} INFO - 24/10/24 18:42:31 INFO DAGScheduler: Submitting 1 missing tasks from ResultStage 3 (MapPartitionsRDD[8] at count at NativeMethodAccessorImpl.java:0) (first 15 tasks are for partitions Vector(0))
[2024-10-24T18:42:31.659+0000] {spark_submit.py:524} INFO - 24/10/24 18:42:31 INFO TaskSchedulerImpl: Adding task set 3.0 with 1 tasks resource profile 0
[2024-10-24T18:42:31.665+0000] {spark_submit.py:524} INFO - 24/10/24 18:42:31 INFO TaskSetManager: Starting task 0.0 in stage 3.0 (TID 3) (172.18.0.5, executor 0, partition 0, NODE_LOCAL, 7619 bytes)
[2024-10-24T18:42:31.693+0000] {spark_submit.py:524} INFO - 24/10/24 18:42:31 INFO BlockManagerInfo: Added broadcast_3_piece0 in memory on 172.18.0.5:42073 (size: 5.9 KiB, free: 434.4 MiB)
[2024-10-24T18:42:31.725+0000] {spark_submit.py:524} INFO - 24/10/24 18:42:31 INFO MapOutputTrackerMasterEndpoint: Asked to send map output locations for shuffle 0 to 172.18.0.5:40518
[2024-10-24T18:42:31.885+0000] {spark_submit.py:524} INFO - 24/10/24 18:42:31 INFO TaskSetManager: Finished task 0.0 in stage 3.0 (TID 3) in 223 ms on 172.18.0.5 (executor 0) (1/1)
[2024-10-24T18:42:31.886+0000] {spark_submit.py:524} INFO - 24/10/24 18:42:31 INFO TaskSchedulerImpl: Removed TaskSet 3.0, whose tasks have all completed, from pool
[2024-10-24T18:42:31.888+0000] {spark_submit.py:524} INFO - 24/10/24 18:42:31 INFO DAGScheduler: ResultStage 3 (count at NativeMethodAccessorImpl.java:0) finished in 0.243 s
[2024-10-24T18:42:31.889+0000] {spark_submit.py:524} INFO - 24/10/24 18:42:31 INFO DAGScheduler: Job 2 is finished. Cancelling potential speculative or zombie tasks for this job
[2024-10-24T18:42:31.890+0000] {spark_submit.py:524} INFO - 24/10/24 18:42:31 INFO TaskSchedulerImpl: Killing all running tasks in stage 3: Stage finished
[2024-10-24T18:42:31.890+0000] {spark_submit.py:524} INFO - 24/10/24 18:42:31 INFO DAGScheduler: Job 2 finished: count at NativeMethodAccessorImpl.java:0, took 0.255840 s
[2024-10-24T18:42:31.899+0000] {spark_submit.py:524} INFO - Quantidade total registos:  50
[2024-10-24T18:42:32.069+0000] {spark_submit.py:524} INFO - 24/10/24 18:42:32 INFO DataSourceStrategy: Pruning directories with:
[2024-10-24T18:42:32.070+0000] {spark_submit.py:524} INFO - 24/10/24 18:42:32 INFO FileSourceStrategy: Pushed Filters:
[2024-10-24T18:42:32.070+0000] {spark_submit.py:524} INFO - 24/10/24 18:42:32 INFO FileSourceStrategy: Post-Scan Filters:
[2024-10-24T18:42:32.223+0000] {spark_submit.py:524} INFO - 24/10/24 18:42:32 INFO CodeGenerator: Code generated in 91.602913 ms
[2024-10-24T18:42:32.229+0000] {spark_submit.py:524} INFO - 24/10/24 18:42:32 INFO MemoryStore: Block broadcast_4 stored as values in memory (estimated size 200.9 KiB, free 434.0 MiB)
[2024-10-24T18:42:32.240+0000] {spark_submit.py:524} INFO - 24/10/24 18:42:32 INFO BlockManagerInfo: Removed broadcast_3_piece0 on f55139681ae8:38985 in memory (size: 5.9 KiB, free: 434.4 MiB)
[2024-10-24T18:42:32.243+0000] {spark_submit.py:524} INFO - 24/10/24 18:42:32 INFO BlockManagerInfo: Removed broadcast_3_piece0 on 172.18.0.5:42073 in memory (size: 5.9 KiB, free: 434.4 MiB)
[2024-10-24T18:42:32.249+0000] {spark_submit.py:524} INFO - 24/10/24 18:42:32 INFO MemoryStore: Block broadcast_4_piece0 stored as bytes in memory (estimated size 34.9 KiB, free 433.9 MiB)
[2024-10-24T18:42:32.251+0000] {spark_submit.py:524} INFO - 24/10/24 18:42:32 INFO BlockManagerInfo: Added broadcast_4_piece0 in memory on f55139681ae8:38985 (size: 34.9 KiB, free: 434.3 MiB)
[2024-10-24T18:42:32.253+0000] {spark_submit.py:524} INFO - 24/10/24 18:42:32 INFO SparkContext: Created broadcast 4 from save at NativeMethodAccessorImpl.java:0
[2024-10-24T18:42:32.258+0000] {spark_submit.py:524} INFO - 24/10/24 18:42:32 INFO FileSourceScanExec: Planning scan with bin packing, max size: 96564390 bytes, open cost is considered as scanning 4194304 bytes.
[2024-10-24T18:42:32.306+0000] {spark_submit.py:524} INFO - 24/10/24 18:42:32 INFO DAGScheduler: Registering RDD 12 (save at NativeMethodAccessorImpl.java:0) as input to shuffle 1
[2024-10-24T18:42:32.307+0000] {spark_submit.py:524} INFO - 24/10/24 18:42:32 INFO DAGScheduler: Got map stage job 3 (save at NativeMethodAccessorImpl.java:0) with 2 output partitions
[2024-10-24T18:42:32.307+0000] {spark_submit.py:524} INFO - 24/10/24 18:42:32 INFO DAGScheduler: Final stage: ShuffleMapStage 4 (save at NativeMethodAccessorImpl.java:0)
[2024-10-24T18:42:32.307+0000] {spark_submit.py:524} INFO - 24/10/24 18:42:32 INFO DAGScheduler: Parents of final stage: List()
[2024-10-24T18:42:32.307+0000] {spark_submit.py:524} INFO - 24/10/24 18:42:32 INFO DAGScheduler: Missing parents: List()
[2024-10-24T18:42:32.308+0000] {spark_submit.py:524} INFO - 24/10/24 18:42:32 INFO DAGScheduler: Submitting ShuffleMapStage 4 (MapPartitionsRDD[12] at save at NativeMethodAccessorImpl.java:0), which has no missing parents
[2024-10-24T18:42:32.312+0000] {spark_submit.py:524} INFO - 24/10/24 18:42:32 INFO MemoryStore: Block broadcast_5 stored as values in memory (estimated size 45.5 KiB, free 433.9 MiB)
[2024-10-24T18:42:32.319+0000] {spark_submit.py:524} INFO - 24/10/24 18:42:32 INFO MemoryStore: Block broadcast_5_piece0 stored as bytes in memory (estimated size 19.1 KiB, free 433.9 MiB)
[2024-10-24T18:42:32.320+0000] {spark_submit.py:524} INFO - 24/10/24 18:42:32 INFO BlockManagerInfo: Added broadcast_5_piece0 in memory on f55139681ae8:38985 (size: 19.1 KiB, free: 434.3 MiB)
[2024-10-24T18:42:32.321+0000] {spark_submit.py:524} INFO - 24/10/24 18:42:32 INFO SparkContext: Created broadcast 5 from broadcast at DAGScheduler.scala:1580
[2024-10-24T18:42:32.322+0000] {spark_submit.py:524} INFO - 24/10/24 18:42:32 INFO DAGScheduler: Submitting 2 missing tasks from ShuffleMapStage 4 (MapPartitionsRDD[12] at save at NativeMethodAccessorImpl.java:0) (first 15 tasks are for partitions Vector(0, 1))
[2024-10-24T18:42:32.322+0000] {spark_submit.py:524} INFO - 24/10/24 18:42:32 INFO TaskSchedulerImpl: Adding task set 4.0 with 2 tasks resource profile 0
[2024-10-24T18:42:32.324+0000] {spark_submit.py:524} INFO - 24/10/24 18:42:32 INFO TaskSetManager: Starting task 0.0 in stage 4.0 (TID 4) (172.18.0.5, executor 0, partition 0, PROCESS_LOCAL, 15287 bytes)
[2024-10-24T18:42:32.325+0000] {spark_submit.py:524} INFO - 24/10/24 18:42:32 INFO TaskSetManager: Starting task 1.0 in stage 4.0 (TID 5) (172.18.0.5, executor 0, partition 1, PROCESS_LOCAL, 15205 bytes)
[2024-10-24T18:42:32.346+0000] {spark_submit.py:524} INFO - 24/10/24 18:42:32 INFO BlockManagerInfo: Added broadcast_5_piece0 in memory on 172.18.0.5:42073 (size: 19.1 KiB, free: 434.3 MiB)
[2024-10-24T18:42:32.750+0000] {spark_submit.py:524} INFO - 24/10/24 18:42:32 INFO BlockManagerInfo: Added broadcast_4_piece0 in memory on 172.18.0.5:42073 (size: 34.9 KiB, free: 434.3 MiB)
[2024-10-24T18:42:33.142+0000] {spark_submit.py:524} INFO - 24/10/24 18:42:33 INFO TaskSetManager: Finished task 0.0 in stage 4.0 (TID 4) in 819 ms on 172.18.0.5 (executor 0) (1/2)
[2024-10-24T18:42:33.176+0000] {spark_submit.py:524} INFO - 24/10/24 18:42:33 INFO TaskSetManager: Finished task 1.0 in stage 4.0 (TID 5) in 852 ms on 172.18.0.5 (executor 0) (2/2)
[2024-10-24T18:42:33.176+0000] {spark_submit.py:524} INFO - 24/10/24 18:42:33 INFO TaskSchedulerImpl: Removed TaskSet 4.0, whose tasks have all completed, from pool
[2024-10-24T18:42:33.178+0000] {spark_submit.py:524} INFO - 24/10/24 18:42:33 INFO DAGScheduler: ShuffleMapStage 4 (save at NativeMethodAccessorImpl.java:0) finished in 0.868 s
[2024-10-24T18:42:33.178+0000] {spark_submit.py:524} INFO - 24/10/24 18:42:33 INFO DAGScheduler: looking for newly runnable stages
[2024-10-24T18:42:33.179+0000] {spark_submit.py:524} INFO - 24/10/24 18:42:33 INFO DAGScheduler: running: Set()
[2024-10-24T18:42:33.180+0000] {spark_submit.py:524} INFO - 24/10/24 18:42:33 INFO DAGScheduler: waiting: Set()
[2024-10-24T18:42:33.180+0000] {spark_submit.py:524} INFO - 24/10/24 18:42:33 INFO DAGScheduler: failed: Set()
[2024-10-24T18:42:33.197+0000] {spark_submit.py:524} INFO - 24/10/24 18:42:33 INFO ShufflePartitionsUtil: For shuffle(1), advisory target size: 67108864, actual target size 1048576, minimum partition size: 1048576
[2024-10-24T18:42:33.240+0000] {spark_submit.py:524} INFO - 24/10/24 18:42:33 INFO ParquetUtils: Using default output committer for Parquet: org.apache.parquet.hadoop.ParquetOutputCommitter
[2024-10-24T18:42:33.252+0000] {spark_submit.py:524} INFO - 24/10/24 18:42:33 INFO FileOutputCommitter: File Output Committer Algorithm version is 1
[2024-10-24T18:42:33.253+0000] {spark_submit.py:524} INFO - 24/10/24 18:42:33 INFO FileOutputCommitter: FileOutputCommitter skip cleanup _temporary folders under output directory:false, ignore cleanup failures: false
[2024-10-24T18:42:33.254+0000] {spark_submit.py:524} INFO - 24/10/24 18:42:33 INFO SQLHadoopMapReduceCommitProtocol: Using user defined output committer class org.apache.parquet.hadoop.ParquetOutputCommitter
[2024-10-24T18:42:33.254+0000] {spark_submit.py:524} INFO - 24/10/24 18:42:33 INFO FileOutputCommitter: File Output Committer Algorithm version is 1
[2024-10-24T18:42:33.254+0000] {spark_submit.py:524} INFO - 24/10/24 18:42:33 INFO FileOutputCommitter: FileOutputCommitter skip cleanup _temporary folders under output directory:false, ignore cleanup failures: false
[2024-10-24T18:42:33.255+0000] {spark_submit.py:524} INFO - 24/10/24 18:42:33 INFO SQLHadoopMapReduceCommitProtocol: Using output committer class org.apache.parquet.hadoop.ParquetOutputCommitter
[2024-10-24T18:42:33.273+0000] {spark_submit.py:524} INFO - 24/10/24 18:42:33 INFO HashAggregateExec: spark.sql.codegen.aggregate.map.twolevel.enabled is set to true, but current version of codegened fast hashmap does not support this aggregate.
[2024-10-24T18:42:33.335+0000] {spark_submit.py:524} INFO - 24/10/24 18:42:33 INFO CodeGenerator: Code generated in 47.111957 ms
[2024-10-24T18:42:33.357+0000] {spark_submit.py:524} INFO - 24/10/24 18:42:33 INFO SparkContext: Starting job: save at NativeMethodAccessorImpl.java:0
[2024-10-24T18:42:33.360+0000] {spark_submit.py:524} INFO - 24/10/24 18:42:33 INFO DAGScheduler: Got job 4 (save at NativeMethodAccessorImpl.java:0) with 1 output partitions
[2024-10-24T18:42:33.360+0000] {spark_submit.py:524} INFO - 24/10/24 18:42:33 INFO DAGScheduler: Final stage: ResultStage 6 (save at NativeMethodAccessorImpl.java:0)
[2024-10-24T18:42:33.360+0000] {spark_submit.py:524} INFO - 24/10/24 18:42:33 INFO DAGScheduler: Parents of final stage: List(ShuffleMapStage 5)
[2024-10-24T18:42:33.360+0000] {spark_submit.py:524} INFO - 24/10/24 18:42:33 INFO DAGScheduler: Missing parents: List()
[2024-10-24T18:42:33.361+0000] {spark_submit.py:524} INFO - 24/10/24 18:42:33 INFO DAGScheduler: Submitting ResultStage 6 (MapPartitionsRDD[15] at save at NativeMethodAccessorImpl.java:0), which has no missing parents
[2024-10-24T18:42:33.402+0000] {spark_submit.py:524} INFO - 24/10/24 18:42:33 INFO MemoryStore: Block broadcast_6 stored as values in memory (estimated size 245.6 KiB, free 433.6 MiB)
[2024-10-24T18:42:33.408+0000] {spark_submit.py:524} INFO - 24/10/24 18:42:33 INFO MemoryStore: Block broadcast_6_piece0 stored as bytes in memory (estimated size 90.7 KiB, free 433.6 MiB)
[2024-10-24T18:42:33.410+0000] {spark_submit.py:524} INFO - 24/10/24 18:42:33 INFO BlockManagerInfo: Removed broadcast_5_piece0 on f55139681ae8:38985 in memory (size: 19.1 KiB, free: 434.3 MiB)
[2024-10-24T18:42:33.411+0000] {spark_submit.py:524} INFO - 24/10/24 18:42:33 INFO BlockManagerInfo: Added broadcast_6_piece0 in memory on f55139681ae8:38985 (size: 90.7 KiB, free: 434.2 MiB)
[2024-10-24T18:42:33.412+0000] {spark_submit.py:524} INFO - 24/10/24 18:42:33 INFO BlockManagerInfo: Removed broadcast_5_piece0 on 172.18.0.5:42073 in memory (size: 19.1 KiB, free: 434.3 MiB)
[2024-10-24T18:42:33.416+0000] {spark_submit.py:524} INFO - 24/10/24 18:42:33 INFO SparkContext: Created broadcast 6 from broadcast at DAGScheduler.scala:1580
[2024-10-24T18:42:33.416+0000] {spark_submit.py:524} INFO - 24/10/24 18:42:33 INFO DAGScheduler: Submitting 1 missing tasks from ResultStage 6 (MapPartitionsRDD[15] at save at NativeMethodAccessorImpl.java:0) (first 15 tasks are for partitions Vector(0))
[2024-10-24T18:42:33.417+0000] {spark_submit.py:524} INFO - 24/10/24 18:42:33 INFO TaskSchedulerImpl: Adding task set 6.0 with 1 tasks resource profile 0
[2024-10-24T18:42:33.418+0000] {spark_submit.py:524} INFO - 24/10/24 18:42:33 INFO TaskSetManager: Starting task 0.0 in stage 6.0 (TID 6) (172.18.0.5, executor 0, partition 0, NODE_LOCAL, 7619 bytes)
[2024-10-24T18:42:33.436+0000] {spark_submit.py:524} INFO - 24/10/24 18:42:33 INFO BlockManagerInfo: Added broadcast_6_piece0 in memory on 172.18.0.5:42073 (size: 90.7 KiB, free: 434.2 MiB)
[2024-10-24T18:42:33.515+0000] {spark_submit.py:524} INFO - 24/10/24 18:42:33 INFO MapOutputTrackerMasterEndpoint: Asked to send map output locations for shuffle 1 to 172.18.0.5:40518
[2024-10-24T18:42:33.908+0000] {spark_submit.py:524} INFO - 24/10/24 18:42:33 INFO TaskSetManager: Finished task 0.0 in stage 6.0 (TID 6) in 489 ms on 172.18.0.5 (executor 0) (1/1)
[2024-10-24T18:42:33.908+0000] {spark_submit.py:524} INFO - 24/10/24 18:42:33 INFO TaskSchedulerImpl: Removed TaskSet 6.0, whose tasks have all completed, from pool
[2024-10-24T18:42:33.909+0000] {spark_submit.py:524} INFO - 24/10/24 18:42:33 INFO DAGScheduler: ResultStage 6 (save at NativeMethodAccessorImpl.java:0) finished in 0.540 s
[2024-10-24T18:42:33.910+0000] {spark_submit.py:524} INFO - 24/10/24 18:42:33 INFO DAGScheduler: Job 4 is finished. Cancelling potential speculative or zombie tasks for this job
[2024-10-24T18:42:33.910+0000] {spark_submit.py:524} INFO - 24/10/24 18:42:33 INFO TaskSchedulerImpl: Killing all running tasks in stage 6: Stage finished
[2024-10-24T18:42:33.911+0000] {spark_submit.py:524} INFO - 24/10/24 18:42:33 INFO DAGScheduler: Job 4 finished: save at NativeMethodAccessorImpl.java:0, took 0.553362 s
[2024-10-24T18:42:33.913+0000] {spark_submit.py:524} INFO - 24/10/24 18:42:33 INFO FileFormatWriter: Start to commit write Job e4e192df-3847-458c-afbf-af93456eeb7b.
[2024-10-24T18:42:33.935+0000] {spark_submit.py:524} INFO - 24/10/24 18:42:33 INFO FileFormatWriter: Write Job e4e192df-3847-458c-afbf-af93456eeb7b committed. Elapsed time: 20 ms.
[2024-10-24T18:42:33.938+0000] {spark_submit.py:524} INFO - 24/10/24 18:42:33 INFO FileFormatWriter: Finished processing stats for write job e4e192df-3847-458c-afbf-af93456eeb7b.
[2024-10-24T18:42:33.941+0000] {spark_submit.py:524} INFO - Escrita realizada na camada Gold
[2024-10-24T18:42:33.941+0000] {spark_submit.py:524} INFO - 24/10/24 18:42:33 INFO SparkContext: SparkContext is stopping with exitCode 0.
[2024-10-24T18:42:33.951+0000] {spark_submit.py:524} INFO - 24/10/24 18:42:33 INFO SparkUI: Stopped Spark web UI at http://f55139681ae8:4040
[2024-10-24T18:42:33.954+0000] {spark_submit.py:524} INFO - 24/10/24 18:42:33 INFO StandaloneSchedulerBackend: Shutting down all executors
[2024-10-24T18:42:33.954+0000] {spark_submit.py:524} INFO - 24/10/24 18:42:33 INFO StandaloneSchedulerBackend$StandaloneDriverEndpoint: Asking each executor to shut down
[2024-10-24T18:42:33.969+0000] {spark_submit.py:524} INFO - 24/10/24 18:42:33 INFO MapOutputTrackerMasterEndpoint: MapOutputTrackerMasterEndpoint stopped!
[2024-10-24T18:42:33.989+0000] {spark_submit.py:524} INFO - 24/10/24 18:42:33 INFO MemoryStore: MemoryStore cleared
[2024-10-24T18:42:33.989+0000] {spark_submit.py:524} INFO - 24/10/24 18:42:33 INFO BlockManager: BlockManager stopped
[2024-10-24T18:42:33.993+0000] {spark_submit.py:524} INFO - 24/10/24 18:42:33 INFO BlockManagerMaster: BlockManagerMaster stopped
[2024-10-24T18:42:33.996+0000] {spark_submit.py:524} INFO - 24/10/24 18:42:33 INFO OutputCommitCoordinator$OutputCommitCoordinatorEndpoint: OutputCommitCoordinator stopped!
[2024-10-24T18:42:34.006+0000] {spark_submit.py:524} INFO - 24/10/24 18:42:34 INFO SparkContext: Successfully stopped SparkContext
[2024-10-24T18:42:34.470+0000] {spark_submit.py:524} INFO - 24/10/24 18:42:34 INFO ShutdownHookManager: Shutdown hook called
[2024-10-24T18:42:34.470+0000] {spark_submit.py:524} INFO - 24/10/24 18:42:34 INFO ShutdownHookManager: Deleting directory /tmp/spark-851aba76-d26a-4082-b9a7-d785d79d4713/pyspark-d3a869b6-60ef-42bb-ba2b-f3d62ef80739
[2024-10-24T18:42:34.474+0000] {spark_submit.py:524} INFO - 24/10/24 18:42:34 INFO ShutdownHookManager: Deleting directory /tmp/spark-851aba76-d26a-4082-b9a7-d785d79d4713
[2024-10-24T18:42:34.478+0000] {spark_submit.py:524} INFO - 24/10/24 18:42:34 INFO ShutdownHookManager: Deleting directory /tmp/spark-cae34051-dd36-4c13-b87d-b3e0ab7faac1
[2024-10-24T18:42:34.542+0000] {taskinstance.py:1398} INFO - Marking task as SUCCESS. dag_id=api_openbrewerydb_to_silver_gold, task_id=Gold, execution_date=20241024T184205, start_date=20241024T184221, end_date=20241024T184234
[2024-10-24T18:42:34.586+0000] {local_task_job_runner.py:228} INFO - Task exited with return code 0
[2024-10-24T18:42:34.633+0000] {taskinstance.py:2776} INFO - 0 downstream tasks scheduled from follow-on schedule check
