[2024-10-24T01:18:39.714+0000] {taskinstance.py:1157} INFO - Dependencies all met for dep_context=non-requeueable deps ti=<TaskInstance: api_openbrewerydb_to_silver_gold.Gold scheduled__2023-11-09T08:00:00+00:00 [queued]>
[2024-10-24T01:18:39.726+0000] {taskinstance.py:1157} INFO - Dependencies all met for dep_context=requeueable deps ti=<TaskInstance: api_openbrewerydb_to_silver_gold.Gold scheduled__2023-11-09T08:00:00+00:00 [queued]>
[2024-10-24T01:18:39.726+0000] {taskinstance.py:1359} INFO - Starting attempt 1 of 3
[2024-10-24T01:18:39.741+0000] {taskinstance.py:1380} INFO - Executing <Task(SparkSubmitOperator): Gold> on 2023-11-09 08:00:00+00:00
[2024-10-24T01:18:39.748+0000] {standard_task_runner.py:57} INFO - Started process 2639 to run task
[2024-10-24T01:18:39.752+0000] {standard_task_runner.py:84} INFO - Running: ['***', 'tasks', 'run', 'api_openbrewerydb_to_silver_gold', 'Gold', 'scheduled__2023-11-09T08:00:00+00:00', '--job-id', '80', '--raw', '--subdir', 'DAGS_FOLDER/api_openbrewerydb_to_silver.py', '--cfg-path', '/tmp/tmp7w34ovpr']
[2024-10-24T01:18:39.759+0000] {standard_task_runner.py:85} INFO - Job 80: Subtask Gold
[2024-10-24T01:18:39.837+0000] {task_command.py:415} INFO - Running <TaskInstance: api_openbrewerydb_to_silver_gold.Gold scheduled__2023-11-09T08:00:00+00:00 [running]> on host de5108c6da1d
[2024-10-24T01:18:40.005+0000] {taskinstance.py:1660} INFO - Exporting env vars: AIRFLOW_CTX_DAG_OWNER='Rodrigo Araujo' AIRFLOW_CTX_DAG_ID='api_openbrewerydb_to_silver_gold' AIRFLOW_CTX_TASK_ID='Gold' AIRFLOW_CTX_EXECUTION_DATE='2023-11-09T08:00:00+00:00' AIRFLOW_CTX_TRY_NUMBER='1' AIRFLOW_CTX_DAG_RUN_ID='scheduled__2023-11-09T08:00:00+00:00'
[2024-10-24T01:18:40.026+0000] {base.py:73} INFO - Using connection ID 'spark-conn' for task execution.
[2024-10-24T01:18:40.027+0000] {spark_submit.py:363} INFO - Spark-Submit cmd: spark-submit --master spark://spark-master:7077 --name arrow-spark --queue root.default jobs/gold/api_openbrewerydb.py
[2024-10-24T01:18:45.688+0000] {spark_submit.py:524} INFO - 24/10/24 01:18:45 INFO SparkContext: Running Spark version 3.5.3
[2024-10-24T01:18:45.690+0000] {spark_submit.py:524} INFO - 24/10/24 01:18:45 INFO SparkContext: OS info Linux, 5.15.0-124-generic, amd64
[2024-10-24T01:18:45.690+0000] {spark_submit.py:524} INFO - 24/10/24 01:18:45 INFO SparkContext: Java version 11.0.25
[2024-10-24T01:18:45.856+0000] {spark_submit.py:524} INFO - 24/10/24 01:18:45 WARN NativeCodeLoader: Unable to load native-hadoop library for your platform... using builtin-java classes where applicable
[2024-10-24T01:18:46.137+0000] {spark_submit.py:524} INFO - 24/10/24 01:18:46 INFO ResourceUtils: ==============================================================
[2024-10-24T01:18:46.139+0000] {spark_submit.py:524} INFO - 24/10/24 01:18:46 INFO ResourceUtils: No custom resources configured for spark.driver.
[2024-10-24T01:18:46.141+0000] {spark_submit.py:524} INFO - 24/10/24 01:18:46 INFO ResourceUtils: ==============================================================
[2024-10-24T01:18:46.143+0000] {spark_submit.py:524} INFO - 24/10/24 01:18:46 INFO SparkContext: Submitted application: IngestaoSilver
[2024-10-24T01:18:46.226+0000] {spark_submit.py:524} INFO - 24/10/24 01:18:46 INFO ResourceProfile: Default ResourceProfile created, executor resources: Map(memory -> name: memory, amount: 1024, script: , vendor: , offHeap -> name: offHeap, amount: 0, script: , vendor: ), task resources: Map(cpus -> name: cpus, amount: 1.0)
[2024-10-24T01:18:46.272+0000] {spark_submit.py:524} INFO - 24/10/24 01:18:46 INFO ResourceProfile: Limiting resource is cpu
[2024-10-24T01:18:46.275+0000] {spark_submit.py:524} INFO - 24/10/24 01:18:46 INFO ResourceProfileManager: Added ResourceProfile id: 0
[2024-10-24T01:18:46.488+0000] {spark_submit.py:524} INFO - 24/10/24 01:18:46 INFO SecurityManager: Changing view acls to: ***
[2024-10-24T01:18:46.489+0000] {spark_submit.py:524} INFO - 24/10/24 01:18:46 INFO SecurityManager: Changing modify acls to: ***
[2024-10-24T01:18:46.491+0000] {spark_submit.py:524} INFO - 24/10/24 01:18:46 INFO SecurityManager: Changing view acls groups to:
[2024-10-24T01:18:46.492+0000] {spark_submit.py:524} INFO - 24/10/24 01:18:46 INFO SecurityManager: Changing modify acls groups to:
[2024-10-24T01:18:46.494+0000] {spark_submit.py:524} INFO - 24/10/24 01:18:46 INFO SecurityManager: SecurityManager: authentication disabled; ui acls disabled; users with view permissions: ***; groups with view permissions: EMPTY; users with modify permissions: ***; groups with modify permissions: EMPTY
[2024-10-24T01:18:46.960+0000] {spark_submit.py:524} INFO - 24/10/24 01:18:46 INFO Utils: Successfully started service 'sparkDriver' on port 40383.
[2024-10-24T01:18:47.002+0000] {spark_submit.py:524} INFO - 24/10/24 01:18:47 INFO SparkEnv: Registering MapOutputTracker
[2024-10-24T01:18:47.051+0000] {spark_submit.py:524} INFO - 24/10/24 01:18:47 INFO SparkEnv: Registering BlockManagerMaster
[2024-10-24T01:18:47.082+0000] {spark_submit.py:524} INFO - 24/10/24 01:18:47 INFO BlockManagerMasterEndpoint: Using org.apache.spark.storage.DefaultTopologyMapper for getting topology information
[2024-10-24T01:18:47.083+0000] {spark_submit.py:524} INFO - 24/10/24 01:18:47 INFO BlockManagerMasterEndpoint: BlockManagerMasterEndpoint up
[2024-10-24T01:18:47.090+0000] {spark_submit.py:524} INFO - 24/10/24 01:18:47 INFO SparkEnv: Registering BlockManagerMasterHeartbeat
[2024-10-24T01:18:47.118+0000] {spark_submit.py:524} INFO - 24/10/24 01:18:47 INFO DiskBlockManager: Created local directory at /tmp/blockmgr-cd00c82a-f1fb-4fd2-88b8-63223bb4e215
[2024-10-24T01:18:47.148+0000] {spark_submit.py:524} INFO - 24/10/24 01:18:47 INFO MemoryStore: MemoryStore started with capacity 434.4 MiB
[2024-10-24T01:18:47.173+0000] {spark_submit.py:524} INFO - 24/10/24 01:18:47 INFO SparkEnv: Registering OutputCommitCoordinator
[2024-10-24T01:18:47.418+0000] {spark_submit.py:524} INFO - 24/10/24 01:18:47 INFO JettyUtils: Start Jetty 0.0.0.0:4040 for SparkUI
[2024-10-24T01:18:47.496+0000] {spark_submit.py:524} INFO - 24/10/24 01:18:47 INFO Utils: Successfully started service 'SparkUI' on port 4040.
[2024-10-24T01:18:47.706+0000] {spark_submit.py:524} INFO - 24/10/24 01:18:47 INFO StandaloneAppClient$ClientEndpoint: Connecting to master spark://spark-master:7077...
[2024-10-24T01:18:47.783+0000] {spark_submit.py:524} INFO - 24/10/24 01:18:47 INFO TransportClientFactory: Successfully created connection to spark-master/172.22.0.3:7077 after 47 ms (0 ms spent in bootstraps)
[2024-10-24T01:18:47.916+0000] {spark_submit.py:524} INFO - 24/10/24 01:18:47 INFO StandaloneSchedulerBackend: Connected to Spark cluster with app ID app-20241024011847-0011
[2024-10-24T01:18:47.932+0000] {spark_submit.py:524} INFO - 24/10/24 01:18:47 INFO StandaloneAppClient$ClientEndpoint: Executor added: app-20241024011847-0011/0 on worker-20241024010948-172.22.0.4-41535 (172.22.0.4:41535) with 2 core(s)
[2024-10-24T01:18:47.937+0000] {spark_submit.py:524} INFO - 24/10/24 01:18:47 INFO Utils: Successfully started service 'org.apache.spark.network.netty.NettyBlockTransferService' on port 33287.
[2024-10-24T01:18:47.938+0000] {spark_submit.py:524} INFO - 24/10/24 01:18:47 INFO StandaloneSchedulerBackend: Granted executor ID app-20241024011847-0011/0 on hostPort 172.22.0.4:41535 with 2 core(s), 1024.0 MiB RAM
[2024-10-24T01:18:47.938+0000] {spark_submit.py:524} INFO - 24/10/24 01:18:47 INFO NettyBlockTransferService: Server created on de5108c6da1d:33287
[2024-10-24T01:18:47.942+0000] {spark_submit.py:524} INFO - 24/10/24 01:18:47 INFO BlockManager: Using org.apache.spark.storage.RandomBlockReplicationPolicy for block replication policy
[2024-10-24T01:18:47.966+0000] {spark_submit.py:524} INFO - 24/10/24 01:18:47 INFO BlockManagerMaster: Registering BlockManager BlockManagerId(driver, de5108c6da1d, 33287, None)
[2024-10-24T01:18:47.982+0000] {spark_submit.py:524} INFO - 24/10/24 01:18:47 INFO BlockManagerMasterEndpoint: Registering block manager de5108c6da1d:33287 with 434.4 MiB RAM, BlockManagerId(driver, de5108c6da1d, 33287, None)
[2024-10-24T01:18:47.993+0000] {spark_submit.py:524} INFO - 24/10/24 01:18:47 INFO BlockManagerMaster: Registered BlockManager BlockManagerId(driver, de5108c6da1d, 33287, None)
[2024-10-24T01:18:48.006+0000] {spark_submit.py:524} INFO - 24/10/24 01:18:48 INFO BlockManager: Initialized BlockManager: BlockManagerId(driver, de5108c6da1d, 33287, None)
[2024-10-24T01:18:48.041+0000] {spark_submit.py:524} INFO - 24/10/24 01:18:48 INFO StandaloneAppClient$ClientEndpoint: Executor updated: app-20241024011847-0011/0 is now RUNNING
[2024-10-24T01:18:48.458+0000] {spark_submit.py:524} INFO - 24/10/24 01:18:48 INFO StandaloneSchedulerBackend: SchedulerBackend is ready for scheduling beginning after reached minRegisteredResourcesRatio: 0.0
[2024-10-24T01:18:48.761+0000] {spark_submit.py:524} INFO - Hello from Spark!
[2024-10-24T01:18:48.762+0000] {spark_submit.py:524} INFO - 24/10/24 01:18:48 INFO SparkContext: SparkContext is stopping with exitCode 0.
[2024-10-24T01:18:48.781+0000] {spark_submit.py:524} INFO - 24/10/24 01:18:48 INFO SparkUI: Stopped Spark web UI at http://de5108c6da1d:4040
[2024-10-24T01:18:48.795+0000] {spark_submit.py:524} INFO - 24/10/24 01:18:48 INFO StandaloneSchedulerBackend: Shutting down all executors
[2024-10-24T01:18:48.804+0000] {spark_submit.py:524} INFO - 24/10/24 01:18:48 INFO StandaloneSchedulerBackend$StandaloneDriverEndpoint: Asking each executor to shut down
[2024-10-24T01:18:48.847+0000] {spark_submit.py:524} INFO - 24/10/24 01:18:48 INFO MapOutputTrackerMasterEndpoint: MapOutputTrackerMasterEndpoint stopped!
[2024-10-24T01:18:48.876+0000] {spark_submit.py:524} INFO - 24/10/24 01:18:48 INFO MemoryStore: MemoryStore cleared
[2024-10-24T01:18:48.877+0000] {spark_submit.py:524} INFO - 24/10/24 01:18:48 INFO BlockManager: BlockManager stopped
[2024-10-24T01:18:48.894+0000] {spark_submit.py:524} INFO - 24/10/24 01:18:48 INFO BlockManagerMaster: BlockManagerMaster stopped
[2024-10-24T01:18:48.903+0000] {spark_submit.py:524} INFO - 24/10/24 01:18:48 INFO OutputCommitCoordinator$OutputCommitCoordinatorEndpoint: OutputCommitCoordinator stopped!
[2024-10-24T01:18:48.920+0000] {spark_submit.py:524} INFO - 24/10/24 01:18:48 INFO SparkContext: Successfully stopped SparkContext
[2024-10-24T01:18:49.089+0000] {spark_submit.py:524} INFO - 24/10/24 01:18:49 INFO ShutdownHookManager: Shutdown hook called
[2024-10-24T01:18:49.090+0000] {spark_submit.py:524} INFO - 24/10/24 01:18:49 INFO ShutdownHookManager: Deleting directory /tmp/spark-4c3fbeb6-e299-4a50-89d5-3a9ea3028e38
[2024-10-24T01:18:49.094+0000] {spark_submit.py:524} INFO - 24/10/24 01:18:49 INFO ShutdownHookManager: Deleting directory /tmp/spark-4c3fbeb6-e299-4a50-89d5-3a9ea3028e38/pyspark-4dde6b13-2b1e-4318-be47-d38b3a9a80c7
[2024-10-24T01:18:49.098+0000] {spark_submit.py:524} INFO - 24/10/24 01:18:49 INFO ShutdownHookManager: Deleting directory /tmp/spark-5ea9cb10-c000-4346-b9ed-5dc3bdd7e60c
[2024-10-24T01:18:49.177+0000] {taskinstance.py:1398} INFO - Marking task as SUCCESS. dag_id=api_openbrewerydb_to_silver_gold, task_id=Gold, execution_date=20231109T080000, start_date=20241024T011839, end_date=20241024T011849
[2024-10-24T01:18:49.361+0000] {local_task_job_runner.py:228} INFO - Task exited with return code 0
[2024-10-24T01:18:49.380+0000] {taskinstance.py:2776} INFO - 0 downstream tasks scheduled from follow-on schedule check
[2024-10-24T14:30:20.388+0000] {logging_mixin.py:151} INFO - Changing /opt/***/logs/dag_id=api_openbrewerydb_to_silver_gold/run_id=scheduled__2023-11-09T08:00:00+00:00/task_id=Gold permission to 509
[2024-10-24T14:30:20.396+0000] {logging_mixin.py:151} INFO - Failed to change /opt/***/logs/dag_id=api_openbrewerydb_to_silver_gold/run_id=scheduled__2023-11-09T08:00:00+00:00/task_id=Gold permission to 509: [Errno 1] Operation not permitted: '/opt/***/logs/dag_id=api_openbrewerydb_to_silver_gold/run_id=scheduled__2023-11-09T08:00:00+00:00/task_id=Gold'
[2024-10-24T14:30:20.423+0000] {logging_mixin.py:151} INFO - Changing /opt/***/logs/dag_id=api_openbrewerydb_to_silver_gold/run_id=scheduled__2023-11-09T08:00:00+00:00/task_id=Gold permission to 509
[2024-10-24T14:30:20.423+0000] {logging_mixin.py:151} INFO - Failed to change /opt/***/logs/dag_id=api_openbrewerydb_to_silver_gold/run_id=scheduled__2023-11-09T08:00:00+00:00/task_id=Gold permission to 509: [Errno 1] Operation not permitted: '/opt/***/logs/dag_id=api_openbrewerydb_to_silver_gold/run_id=scheduled__2023-11-09T08:00:00+00:00/task_id=Gold'
[2024-10-24T14:30:20.452+0000] {taskinstance.py:1157} INFO - Dependencies all met for dep_context=non-requeueable deps ti=<TaskInstance: api_openbrewerydb_to_silver_gold.Gold scheduled__2023-11-09T08:00:00+00:00 [queued]>
[2024-10-24T14:30:20.458+0000] {taskinstance.py:1157} INFO - Dependencies all met for dep_context=requeueable deps ti=<TaskInstance: api_openbrewerydb_to_silver_gold.Gold scheduled__2023-11-09T08:00:00+00:00 [queued]>
[2024-10-24T14:30:20.458+0000] {taskinstance.py:1359} INFO - Starting attempt 1 of 2
[2024-10-24T14:30:20.467+0000] {taskinstance.py:1380} INFO - Executing <Task(SparkSubmitOperator): Gold> on 2023-11-09 08:00:00+00:00
[2024-10-24T14:30:20.472+0000] {standard_task_runner.py:57} INFO - Started process 6437 to run task
[2024-10-24T14:30:20.474+0000] {standard_task_runner.py:84} INFO - Running: ['***', 'tasks', 'run', 'api_openbrewerydb_to_silver_gold', 'Gold', 'scheduled__2023-11-09T08:00:00+00:00', '--job-id', '44', '--raw', '--subdir', 'DAGS_FOLDER/api_openbrewerydb_to_silver.py', '--cfg-path', '/tmp/tmp536we87p']
[2024-10-24T14:30:20.478+0000] {standard_task_runner.py:85} INFO - Job 44: Subtask Gold
[2024-10-24T14:30:20.521+0000] {logging_mixin.py:151} INFO - Changing /opt/***/logs/dag_id=api_openbrewerydb_to_silver_gold/run_id=scheduled__2023-11-09T08:00:00+00:00/task_id=Gold permission to 509
[2024-10-24T14:30:20.521+0000] {logging_mixin.py:151} INFO - Failed to change /opt/***/logs/dag_id=api_openbrewerydb_to_silver_gold/run_id=scheduled__2023-11-09T08:00:00+00:00/task_id=Gold permission to 509: [Errno 1] Operation not permitted: '/opt/***/logs/dag_id=api_openbrewerydb_to_silver_gold/run_id=scheduled__2023-11-09T08:00:00+00:00/task_id=Gold'
[2024-10-24T14:30:20.522+0000] {task_command.py:415} INFO - Running <TaskInstance: api_openbrewerydb_to_silver_gold.Gold scheduled__2023-11-09T08:00:00+00:00 [running]> on host 96f89615839b
[2024-10-24T14:30:20.596+0000] {taskinstance.py:1660} INFO - Exporting env vars: AIRFLOW_CTX_DAG_OWNER='Rodrigo Araujo' AIRFLOW_CTX_DAG_ID='api_openbrewerydb_to_silver_gold' AIRFLOW_CTX_TASK_ID='Gold' AIRFLOW_CTX_EXECUTION_DATE='2023-11-09T08:00:00+00:00' AIRFLOW_CTX_TRY_NUMBER='1' AIRFLOW_CTX_DAG_RUN_ID='scheduled__2023-11-09T08:00:00+00:00'
[2024-10-24T14:30:20.607+0000] {base.py:73} INFO - Using connection ID 'spark-conn' for task execution.
[2024-10-24T14:30:20.607+0000] {spark_submit.py:363} INFO - Spark-Submit cmd: spark-submit --master spark://spark-master:7077 --name arrow-spark jobs/gold/api_openbrewerydb.py
[2024-10-24T14:30:23.363+0000] {spark_submit.py:524} INFO - 24/10/24 14:30:23 INFO SparkContext: Running Spark version 3.5.3
[2024-10-24T14:30:23.366+0000] {spark_submit.py:524} INFO - 24/10/24 14:30:23 INFO SparkContext: OS info Linux, 5.15.0-124-generic, amd64
[2024-10-24T14:30:23.366+0000] {spark_submit.py:524} INFO - 24/10/24 14:30:23 INFO SparkContext: Java version 11.0.25
[2024-10-24T14:30:23.422+0000] {spark_submit.py:524} INFO - 24/10/24 14:30:23 WARN NativeCodeLoader: Unable to load native-hadoop library for your platform... using builtin-java classes where applicable
[2024-10-24T14:30:23.503+0000] {spark_submit.py:524} INFO - 24/10/24 14:30:23 INFO ResourceUtils: ==============================================================
[2024-10-24T14:30:23.503+0000] {spark_submit.py:524} INFO - 24/10/24 14:30:23 INFO ResourceUtils: No custom resources configured for spark.driver.
[2024-10-24T14:30:23.503+0000] {spark_submit.py:524} INFO - 24/10/24 14:30:23 INFO ResourceUtils: ==============================================================
[2024-10-24T14:30:23.504+0000] {spark_submit.py:524} INFO - 24/10/24 14:30:23 INFO SparkContext: Submitted application: IngestaoSilver
[2024-10-24T14:30:23.524+0000] {spark_submit.py:524} INFO - 24/10/24 14:30:23 INFO ResourceProfile: Default ResourceProfile created, executor resources: Map(memory -> name: memory, amount: 1024, script: , vendor: , offHeap -> name: offHeap, amount: 0, script: , vendor: ), task resources: Map(cpus -> name: cpus, amount: 1.0)
[2024-10-24T14:30:23.538+0000] {spark_submit.py:524} INFO - 24/10/24 14:30:23 INFO ResourceProfile: Limiting resource is cpu
[2024-10-24T14:30:23.538+0000] {spark_submit.py:524} INFO - 24/10/24 14:30:23 INFO ResourceProfileManager: Added ResourceProfile id: 0
[2024-10-24T14:30:23.585+0000] {spark_submit.py:524} INFO - 24/10/24 14:30:23 INFO SecurityManager: Changing view acls to: ***
[2024-10-24T14:30:23.585+0000] {spark_submit.py:524} INFO - 24/10/24 14:30:23 INFO SecurityManager: Changing modify acls to: ***
[2024-10-24T14:30:23.586+0000] {spark_submit.py:524} INFO - 24/10/24 14:30:23 INFO SecurityManager: Changing view acls groups to:
[2024-10-24T14:30:23.586+0000] {spark_submit.py:524} INFO - 24/10/24 14:30:23 INFO SecurityManager: Changing modify acls groups to:
[2024-10-24T14:30:23.587+0000] {spark_submit.py:524} INFO - 24/10/24 14:30:23 INFO SecurityManager: SecurityManager: authentication disabled; ui acls disabled; users with view permissions: ***; groups with view permissions: EMPTY; users with modify permissions: ***; groups with modify permissions: EMPTY
[2024-10-24T14:30:23.819+0000] {spark_submit.py:524} INFO - 24/10/24 14:30:23 INFO Utils: Successfully started service 'sparkDriver' on port 33989.
[2024-10-24T14:30:23.843+0000] {spark_submit.py:524} INFO - 24/10/24 14:30:23 INFO SparkEnv: Registering MapOutputTracker
[2024-10-24T14:30:23.879+0000] {spark_submit.py:524} INFO - 24/10/24 14:30:23 INFO SparkEnv: Registering BlockManagerMaster
[2024-10-24T14:30:23.900+0000] {spark_submit.py:524} INFO - 24/10/24 14:30:23 INFO BlockManagerMasterEndpoint: Using org.apache.spark.storage.DefaultTopologyMapper for getting topology information
[2024-10-24T14:30:23.900+0000] {spark_submit.py:524} INFO - 24/10/24 14:30:23 INFO BlockManagerMasterEndpoint: BlockManagerMasterEndpoint up
[2024-10-24T14:30:23.903+0000] {spark_submit.py:524} INFO - 24/10/24 14:30:23 INFO SparkEnv: Registering BlockManagerMasterHeartbeat
[2024-10-24T14:30:23.922+0000] {spark_submit.py:524} INFO - 24/10/24 14:30:23 INFO DiskBlockManager: Created local directory at /tmp/blockmgr-029df68e-ae7a-471b-9f33-bbe749b7ed8d
[2024-10-24T14:30:23.935+0000] {spark_submit.py:524} INFO - 24/10/24 14:30:23 INFO MemoryStore: MemoryStore started with capacity 434.4 MiB
[2024-10-24T14:30:23.949+0000] {spark_submit.py:524} INFO - 24/10/24 14:30:23 INFO SparkEnv: Registering OutputCommitCoordinator
[2024-10-24T14:30:24.089+0000] {spark_submit.py:524} INFO - 24/10/24 14:30:24 INFO JettyUtils: Start Jetty 0.0.0.0:4040 for SparkUI
[2024-10-24T14:30:24.141+0000] {spark_submit.py:524} INFO - 24/10/24 14:30:24 INFO Utils: Successfully started service 'SparkUI' on port 4040.
[2024-10-24T14:30:24.276+0000] {spark_submit.py:524} INFO - 24/10/24 14:30:24 INFO StandaloneAppClient$ClientEndpoint: Connecting to master spark://spark-master:7077...
[2024-10-24T14:30:24.333+0000] {spark_submit.py:524} INFO - 24/10/24 14:30:24 INFO TransportClientFactory: Successfully created connection to spark-master/172.18.0.2:7077 after 33 ms (0 ms spent in bootstraps)
[2024-10-24T14:30:24.418+0000] {spark_submit.py:524} INFO - 24/10/24 14:30:24 INFO StandaloneSchedulerBackend: Connected to Spark cluster with app ID app-20241024143024-0039
[2024-10-24T14:30:24.420+0000] {spark_submit.py:524} INFO - 24/10/24 14:30:24 INFO StandaloneAppClient$ClientEndpoint: Executor added: app-20241024143024-0039/0 on worker-20241024142308-172.18.0.5-43899 (172.18.0.5:43899) with 2 core(s)
[2024-10-24T14:30:24.422+0000] {spark_submit.py:524} INFO - 24/10/24 14:30:24 INFO StandaloneSchedulerBackend: Granted executor ID app-20241024143024-0039/0 on hostPort 172.18.0.5:43899 with 2 core(s), 1024.0 MiB RAM
[2024-10-24T14:30:24.432+0000] {spark_submit.py:524} INFO - 24/10/24 14:30:24 INFO Utils: Successfully started service 'org.apache.spark.network.netty.NettyBlockTransferService' on port 35297.
[2024-10-24T14:30:24.432+0000] {spark_submit.py:524} INFO - 24/10/24 14:30:24 INFO NettyBlockTransferService: Server created on 96f89615839b:35297
[2024-10-24T14:30:24.435+0000] {spark_submit.py:524} INFO - 24/10/24 14:30:24 INFO BlockManager: Using org.apache.spark.storage.RandomBlockReplicationPolicy for block replication policy
[2024-10-24T14:30:24.462+0000] {spark_submit.py:524} INFO - 24/10/24 14:30:24 INFO BlockManagerMaster: Registering BlockManager BlockManagerId(driver, 96f89615839b, 35297, None)
[2024-10-24T14:30:24.466+0000] {spark_submit.py:524} INFO - 24/10/24 14:30:24 INFO StandaloneAppClient$ClientEndpoint: Executor updated: app-20241024143024-0039/0 is now RUNNING
[2024-10-24T14:30:24.469+0000] {spark_submit.py:524} INFO - 24/10/24 14:30:24 INFO BlockManagerMasterEndpoint: Registering block manager 96f89615839b:35297 with 434.4 MiB RAM, BlockManagerId(driver, 96f89615839b, 35297, None)
[2024-10-24T14:30:24.472+0000] {spark_submit.py:524} INFO - 24/10/24 14:30:24 INFO BlockManagerMaster: Registered BlockManager BlockManagerId(driver, 96f89615839b, 35297, None)
[2024-10-24T14:30:24.475+0000] {spark_submit.py:524} INFO - 24/10/24 14:30:24 INFO BlockManager: Initialized BlockManager: BlockManagerId(driver, 96f89615839b, 35297, None)
[2024-10-24T14:30:24.835+0000] {spark_submit.py:524} INFO - 24/10/24 14:30:24 INFO StandaloneSchedulerBackend: SchedulerBackend is ready for scheduling beginning after reached minRegisteredResourcesRatio: 0.0
[2024-10-24T14:30:25.068+0000] {spark_submit.py:524} INFO - Hello from Spark!
[2024-10-24T14:30:25.069+0000] {spark_submit.py:524} INFO - 24/10/24 14:30:25 INFO SparkContext: SparkContext is stopping with exitCode 0.
[2024-10-24T14:30:25.083+0000] {spark_submit.py:524} INFO - 24/10/24 14:30:25 INFO SparkUI: Stopped Spark web UI at http://96f89615839b:4040
[2024-10-24T14:30:25.089+0000] {spark_submit.py:524} INFO - 24/10/24 14:30:25 INFO StandaloneSchedulerBackend: Shutting down all executors
[2024-10-24T14:30:25.095+0000] {spark_submit.py:524} INFO - 24/10/24 14:30:25 INFO StandaloneSchedulerBackend$StandaloneDriverEndpoint: Asking each executor to shut down
[2024-10-24T14:30:25.115+0000] {spark_submit.py:524} INFO - 24/10/24 14:30:25 INFO MapOutputTrackerMasterEndpoint: MapOutputTrackerMasterEndpoint stopped!
[2024-10-24T14:30:25.128+0000] {spark_submit.py:524} INFO - 24/10/24 14:30:25 INFO MemoryStore: MemoryStore cleared
[2024-10-24T14:30:25.129+0000] {spark_submit.py:524} INFO - 24/10/24 14:30:25 INFO BlockManager: BlockManager stopped
[2024-10-24T14:30:25.135+0000] {spark_submit.py:524} INFO - 24/10/24 14:30:25 INFO BlockManagerMaster: BlockManagerMaster stopped
[2024-10-24T14:30:25.138+0000] {spark_submit.py:524} INFO - 24/10/24 14:30:25 INFO OutputCommitCoordinator$OutputCommitCoordinatorEndpoint: OutputCommitCoordinator stopped!
[2024-10-24T14:30:25.151+0000] {spark_submit.py:524} INFO - 24/10/24 14:30:25 INFO SparkContext: Successfully stopped SparkContext
[2024-10-24T14:30:25.416+0000] {spark_submit.py:524} INFO - 24/10/24 14:30:25 INFO ShutdownHookManager: Shutdown hook called
[2024-10-24T14:30:25.417+0000] {spark_submit.py:524} INFO - 24/10/24 14:30:25 INFO ShutdownHookManager: Deleting directory /tmp/spark-ea7371e0-24ab-4efd-b21a-90dd74cf3a6d
[2024-10-24T14:30:25.421+0000] {spark_submit.py:524} INFO - 24/10/24 14:30:25 INFO ShutdownHookManager: Deleting directory /tmp/spark-bdee57ed-351c-4034-99b6-981cc46e0196/pyspark-54fcabbd-b012-4ecc-9309-57a748aa6597
[2024-10-24T14:30:25.424+0000] {spark_submit.py:524} INFO - 24/10/24 14:30:25 INFO ShutdownHookManager: Deleting directory /tmp/spark-bdee57ed-351c-4034-99b6-981cc46e0196
[2024-10-24T14:30:25.480+0000] {taskinstance.py:1398} INFO - Marking task as SUCCESS. dag_id=api_openbrewerydb_to_silver_gold, task_id=Gold, execution_date=20231109T080000, start_date=20241024T143020, end_date=20241024T143025
[2024-10-24T14:30:25.506+0000] {local_task_job_runner.py:228} INFO - Task exited with return code 0
[2024-10-24T14:30:25.531+0000] {taskinstance.py:2776} INFO - 0 downstream tasks scheduled from follow-on schedule check
