[2024-10-24T01:18:24.912+0000] {taskinstance.py:1157} INFO - Dependencies all met for dep_context=non-requeueable deps ti=<TaskInstance: api_openbrewerydb_to_silver_gold.Silver scheduled__2023-11-08T08:00:00+00:00 [queued]>
[2024-10-24T01:18:24.920+0000] {taskinstance.py:1157} INFO - Dependencies all met for dep_context=requeueable deps ti=<TaskInstance: api_openbrewerydb_to_silver_gold.Silver scheduled__2023-11-08T08:00:00+00:00 [queued]>
[2024-10-24T01:18:24.920+0000] {taskinstance.py:1359} INFO - Starting attempt 1 of 3
[2024-10-24T01:18:24.930+0000] {taskinstance.py:1380} INFO - Executing <Task(SparkSubmitOperator): Silver> on 2023-11-08 08:00:00+00:00
[2024-10-24T01:18:24.935+0000] {standard_task_runner.py:57} INFO - Started process 2280 to run task
[2024-10-24T01:18:24.937+0000] {standard_task_runner.py:84} INFO - Running: ['***', 'tasks', 'run', 'api_openbrewerydb_to_silver_gold', 'Silver', 'scheduled__2023-11-08T08:00:00+00:00', '--job-id', '77', '--raw', '--subdir', 'DAGS_FOLDER/api_openbrewerydb_to_silver.py', '--cfg-path', '/tmp/tmpnukm65wu']
[2024-10-24T01:18:24.941+0000] {standard_task_runner.py:85} INFO - Job 77: Subtask Silver
[2024-10-24T01:18:24.987+0000] {task_command.py:415} INFO - Running <TaskInstance: api_openbrewerydb_to_silver_gold.Silver scheduled__2023-11-08T08:00:00+00:00 [running]> on host de5108c6da1d
[2024-10-24T01:18:25.067+0000] {taskinstance.py:1660} INFO - Exporting env vars: AIRFLOW_CTX_DAG_OWNER='Rodrigo Araujo' AIRFLOW_CTX_DAG_ID='api_openbrewerydb_to_silver_gold' AIRFLOW_CTX_TASK_ID='Silver' AIRFLOW_CTX_EXECUTION_DATE='2023-11-08T08:00:00+00:00' AIRFLOW_CTX_TRY_NUMBER='1' AIRFLOW_CTX_DAG_RUN_ID='scheduled__2023-11-08T08:00:00+00:00'
[2024-10-24T01:18:25.078+0000] {base.py:73} INFO - Using connection ID 'spark-conn' for task execution.
[2024-10-24T01:18:25.079+0000] {spark_submit.py:363} INFO - Spark-Submit cmd: spark-submit --master spark://spark-master:7077 --name arrow-spark --queue root.default jobs/silver/api_openbrewerydb.py
[2024-10-24T01:18:29.995+0000] {spark_submit.py:524} INFO - 24/10/24 01:18:29 INFO SparkContext: Running Spark version 3.5.3
[2024-10-24T01:18:30.001+0000] {spark_submit.py:524} INFO - 24/10/24 01:18:30 INFO SparkContext: OS info Linux, 5.15.0-124-generic, amd64
[2024-10-24T01:18:30.003+0000] {spark_submit.py:524} INFO - 24/10/24 01:18:30 INFO SparkContext: Java version 11.0.25
[2024-10-24T01:18:30.138+0000] {spark_submit.py:524} INFO - 24/10/24 01:18:30 WARN NativeCodeLoader: Unable to load native-hadoop library for your platform... using builtin-java classes where applicable
[2024-10-24T01:18:30.344+0000] {spark_submit.py:524} INFO - 24/10/24 01:18:30 INFO ResourceUtils: ==============================================================
[2024-10-24T01:18:30.345+0000] {spark_submit.py:524} INFO - 24/10/24 01:18:30 INFO ResourceUtils: No custom resources configured for spark.driver.
[2024-10-24T01:18:30.347+0000] {spark_submit.py:524} INFO - 24/10/24 01:18:30 INFO ResourceUtils: ==============================================================
[2024-10-24T01:18:30.348+0000] {spark_submit.py:524} INFO - 24/10/24 01:18:30 INFO SparkContext: Submitted application: IngestaoSilver
[2024-10-24T01:18:30.402+0000] {spark_submit.py:524} INFO - 24/10/24 01:18:30 INFO ResourceProfile: Default ResourceProfile created, executor resources: Map(memory -> name: memory, amount: 1024, script: , vendor: , offHeap -> name: offHeap, amount: 0, script: , vendor: ), task resources: Map(cpus -> name: cpus, amount: 1.0)
[2024-10-24T01:18:30.427+0000] {spark_submit.py:524} INFO - 24/10/24 01:18:30 INFO ResourceProfile: Limiting resource is cpu
[2024-10-24T01:18:30.429+0000] {spark_submit.py:524} INFO - 24/10/24 01:18:30 INFO ResourceProfileManager: Added ResourceProfile id: 0
[2024-10-24T01:18:30.520+0000] {spark_submit.py:524} INFO - 24/10/24 01:18:30 INFO SecurityManager: Changing view acls to: ***
[2024-10-24T01:18:30.521+0000] {spark_submit.py:524} INFO - 24/10/24 01:18:30 INFO SecurityManager: Changing modify acls to: ***
[2024-10-24T01:18:30.522+0000] {spark_submit.py:524} INFO - 24/10/24 01:18:30 INFO SecurityManager: Changing view acls groups to:
[2024-10-24T01:18:30.522+0000] {spark_submit.py:524} INFO - 24/10/24 01:18:30 INFO SecurityManager: Changing modify acls groups to:
[2024-10-24T01:18:30.523+0000] {spark_submit.py:524} INFO - 24/10/24 01:18:30 INFO SecurityManager: SecurityManager: authentication disabled; ui acls disabled; users with view permissions: ***; groups with view permissions: EMPTY; users with modify permissions: ***; groups with modify permissions: EMPTY
[2024-10-24T01:18:30.991+0000] {spark_submit.py:524} INFO - 24/10/24 01:18:30 INFO Utils: Successfully started service 'sparkDriver' on port 38503.
[2024-10-24T01:18:31.051+0000] {spark_submit.py:524} INFO - 24/10/24 01:18:31 INFO SparkEnv: Registering MapOutputTracker
[2024-10-24T01:18:31.125+0000] {spark_submit.py:524} INFO - 24/10/24 01:18:31 INFO SparkEnv: Registering BlockManagerMaster
[2024-10-24T01:18:31.170+0000] {spark_submit.py:524} INFO - 24/10/24 01:18:31 INFO BlockManagerMasterEndpoint: Using org.apache.spark.storage.DefaultTopologyMapper for getting topology information
[2024-10-24T01:18:31.171+0000] {spark_submit.py:524} INFO - 24/10/24 01:18:31 INFO BlockManagerMasterEndpoint: BlockManagerMasterEndpoint up
[2024-10-24T01:18:31.177+0000] {spark_submit.py:524} INFO - 24/10/24 01:18:31 INFO SparkEnv: Registering BlockManagerMasterHeartbeat
[2024-10-24T01:18:31.214+0000] {spark_submit.py:524} INFO - 24/10/24 01:18:31 INFO DiskBlockManager: Created local directory at /tmp/blockmgr-f12823fc-0d84-4e23-8ea9-2b579101897c
[2024-10-24T01:18:31.238+0000] {spark_submit.py:524} INFO - 24/10/24 01:18:31 INFO MemoryStore: MemoryStore started with capacity 434.4 MiB
[2024-10-24T01:18:31.261+0000] {spark_submit.py:524} INFO - 24/10/24 01:18:31 INFO SparkEnv: Registering OutputCommitCoordinator
[2024-10-24T01:18:31.473+0000] {spark_submit.py:524} INFO - 24/10/24 01:18:31 INFO JettyUtils: Start Jetty 0.0.0.0:4040 for SparkUI
[2024-10-24T01:18:31.550+0000] {spark_submit.py:524} INFO - 24/10/24 01:18:31 INFO Utils: Successfully started service 'SparkUI' on port 4040.
[2024-10-24T01:18:31.745+0000] {spark_submit.py:524} INFO - 24/10/24 01:18:31 INFO StandaloneAppClient$ClientEndpoint: Connecting to master spark://spark-master:7077...
[2024-10-24T01:18:31.846+0000] {spark_submit.py:524} INFO - 24/10/24 01:18:31 INFO TransportClientFactory: Successfully created connection to spark-master/172.22.0.3:7077 after 65 ms (0 ms spent in bootstraps)
[2024-10-24T01:18:32.016+0000] {spark_submit.py:524} INFO - 24/10/24 01:18:32 INFO StandaloneSchedulerBackend: Connected to Spark cluster with app ID app-20241024011831-0008
[2024-10-24T01:18:32.024+0000] {spark_submit.py:524} INFO - 24/10/24 01:18:32 INFO StandaloneAppClient$ClientEndpoint: Executor added: app-20241024011831-0008/0 on worker-20241024010948-172.22.0.4-41535 (172.22.0.4:41535) with 2 core(s)
[2024-10-24T01:18:32.028+0000] {spark_submit.py:524} INFO - 24/10/24 01:18:32 INFO StandaloneSchedulerBackend: Granted executor ID app-20241024011831-0008/0 on hostPort 172.22.0.4:41535 with 2 core(s), 1024.0 MiB RAM
[2024-10-24T01:18:32.043+0000] {spark_submit.py:524} INFO - 24/10/24 01:18:32 INFO Utils: Successfully started service 'org.apache.spark.network.netty.NettyBlockTransferService' on port 46015.
[2024-10-24T01:18:32.043+0000] {spark_submit.py:524} INFO - 24/10/24 01:18:32 INFO NettyBlockTransferService: Server created on de5108c6da1d:46015
[2024-10-24T01:18:32.048+0000] {spark_submit.py:524} INFO - 24/10/24 01:18:32 INFO BlockManager: Using org.apache.spark.storage.RandomBlockReplicationPolicy for block replication policy
[2024-10-24T01:18:32.075+0000] {spark_submit.py:524} INFO - 24/10/24 01:18:32 INFO BlockManagerMaster: Registering BlockManager BlockManagerId(driver, de5108c6da1d, 46015, None)
[2024-10-24T01:18:32.090+0000] {spark_submit.py:524} INFO - 24/10/24 01:18:32 INFO BlockManagerMasterEndpoint: Registering block manager de5108c6da1d:46015 with 434.4 MiB RAM, BlockManagerId(driver, de5108c6da1d, 46015, None)
[2024-10-24T01:18:32.106+0000] {spark_submit.py:524} INFO - 24/10/24 01:18:32 INFO BlockManagerMaster: Registered BlockManager BlockManagerId(driver, de5108c6da1d, 46015, None)
[2024-10-24T01:18:32.125+0000] {spark_submit.py:524} INFO - 24/10/24 01:18:32 INFO BlockManager: Initialized BlockManager: BlockManagerId(driver, de5108c6da1d, 46015, None)
[2024-10-24T01:18:32.163+0000] {spark_submit.py:524} INFO - 24/10/24 01:18:32 INFO StandaloneAppClient$ClientEndpoint: Executor updated: app-20241024011831-0008/0 is now RUNNING
[2024-10-24T01:18:32.640+0000] {spark_submit.py:524} INFO - 24/10/24 01:18:32 INFO StandaloneSchedulerBackend: SchedulerBackend is ready for scheduling beginning after reached minRegisteredResourcesRatio: 0.0
[2024-10-24T01:18:33.033+0000] {spark_submit.py:524} INFO - Hello from Spark!
[2024-10-24T01:18:33.036+0000] {spark_submit.py:524} INFO - 24/10/24 01:18:33 INFO SparkContext: SparkContext is stopping with exitCode 0.
[2024-10-24T01:18:33.089+0000] {spark_submit.py:524} INFO - 24/10/24 01:18:33 INFO SparkUI: Stopped Spark web UI at http://de5108c6da1d:4040
[2024-10-24T01:18:33.124+0000] {spark_submit.py:524} INFO - 24/10/24 01:18:33 INFO StandaloneSchedulerBackend: Shutting down all executors
[2024-10-24T01:18:33.137+0000] {spark_submit.py:524} INFO - 24/10/24 01:18:33 INFO StandaloneSchedulerBackend$StandaloneDriverEndpoint: Asking each executor to shut down
[2024-10-24T01:18:33.206+0000] {spark_submit.py:524} INFO - 24/10/24 01:18:33 INFO MapOutputTrackerMasterEndpoint: MapOutputTrackerMasterEndpoint stopped!
[2024-10-24T01:18:33.274+0000] {spark_submit.py:524} INFO - 24/10/24 01:18:33 INFO MemoryStore: MemoryStore cleared
[2024-10-24T01:18:33.275+0000] {spark_submit.py:524} INFO - 24/10/24 01:18:33 INFO BlockManager: BlockManager stopped
[2024-10-24T01:18:33.292+0000] {spark_submit.py:524} INFO - 24/10/24 01:18:33 INFO BlockManagerMaster: BlockManagerMaster stopped
[2024-10-24T01:18:33.298+0000] {spark_submit.py:524} INFO - 24/10/24 01:18:33 INFO OutputCommitCoordinator$OutputCommitCoordinatorEndpoint: OutputCommitCoordinator stopped!
[2024-10-24T01:18:33.326+0000] {spark_submit.py:524} INFO - 24/10/24 01:18:33 INFO SparkContext: Successfully stopped SparkContext
[2024-10-24T01:18:33.761+0000] {spark_submit.py:524} INFO - 24/10/24 01:18:33 INFO ShutdownHookManager: Shutdown hook called
[2024-10-24T01:18:33.762+0000] {spark_submit.py:524} INFO - 24/10/24 01:18:33 INFO ShutdownHookManager: Deleting directory /tmp/spark-b2ff5d64-18f9-4e24-a8e5-d6a1af537ee1/pyspark-04006a4b-b15e-44e8-a1a7-0934f1d95973
[2024-10-24T01:18:33.765+0000] {spark_submit.py:524} INFO - 24/10/24 01:18:33 INFO ShutdownHookManager: Deleting directory /tmp/spark-055ded73-cd22-4475-a881-a8b3930b97ac
[2024-10-24T01:18:33.768+0000] {spark_submit.py:524} INFO - 24/10/24 01:18:33 INFO ShutdownHookManager: Deleting directory /tmp/spark-b2ff5d64-18f9-4e24-a8e5-d6a1af537ee1
[2024-10-24T01:18:33.858+0000] {taskinstance.py:1398} INFO - Marking task as SUCCESS. dag_id=api_openbrewerydb_to_silver_gold, task_id=Silver, execution_date=20231108T080000, start_date=20241024T011824, end_date=20241024T011833
[2024-10-24T01:18:33.921+0000] {local_task_job_runner.py:228} INFO - Task exited with return code 0
[2024-10-24T01:18:33.952+0000] {taskinstance.py:2776} INFO - 1 downstream tasks scheduled from follow-on schedule check
[2024-10-24T14:30:01.320+0000] {logging_mixin.py:151} INFO - Changing /opt/***/logs/dag_id=api_openbrewerydb_to_silver_gold/run_id=scheduled__2023-11-08T08:00:00+00:00/task_id=Silver permission to 509
[2024-10-24T14:30:01.328+0000] {logging_mixin.py:151} INFO - Failed to change /opt/***/logs/dag_id=api_openbrewerydb_to_silver_gold/run_id=scheduled__2023-11-08T08:00:00+00:00/task_id=Silver permission to 509: [Errno 1] Operation not permitted: '/opt/***/logs/dag_id=api_openbrewerydb_to_silver_gold/run_id=scheduled__2023-11-08T08:00:00+00:00/task_id=Silver'
[2024-10-24T14:30:01.362+0000] {logging_mixin.py:151} INFO - Changing /opt/***/logs/dag_id=api_openbrewerydb_to_silver_gold/run_id=scheduled__2023-11-08T08:00:00+00:00/task_id=Silver permission to 509
[2024-10-24T14:30:01.363+0000] {logging_mixin.py:151} INFO - Failed to change /opt/***/logs/dag_id=api_openbrewerydb_to_silver_gold/run_id=scheduled__2023-11-08T08:00:00+00:00/task_id=Silver permission to 509: [Errno 1] Operation not permitted: '/opt/***/logs/dag_id=api_openbrewerydb_to_silver_gold/run_id=scheduled__2023-11-08T08:00:00+00:00/task_id=Silver'
[2024-10-24T14:30:01.391+0000] {taskinstance.py:1157} INFO - Dependencies all met for dep_context=non-requeueable deps ti=<TaskInstance: api_openbrewerydb_to_silver_gold.Silver scheduled__2023-11-08T08:00:00+00:00 [queued]>
[2024-10-24T14:30:01.397+0000] {taskinstance.py:1157} INFO - Dependencies all met for dep_context=requeueable deps ti=<TaskInstance: api_openbrewerydb_to_silver_gold.Silver scheduled__2023-11-08T08:00:00+00:00 [queued]>
[2024-10-24T14:30:01.397+0000] {taskinstance.py:1359} INFO - Starting attempt 1 of 2
[2024-10-24T14:30:01.407+0000] {taskinstance.py:1380} INFO - Executing <Task(SparkSubmitOperator): Silver> on 2023-11-08 08:00:00+00:00
[2024-10-24T14:30:01.410+0000] {standard_task_runner.py:57} INFO - Started process 5966 to run task
[2024-10-24T14:30:01.412+0000] {standard_task_runner.py:84} INFO - Running: ['***', 'tasks', 'run', 'api_openbrewerydb_to_silver_gold', 'Silver', 'scheduled__2023-11-08T08:00:00+00:00', '--job-id', '41', '--raw', '--subdir', 'DAGS_FOLDER/api_openbrewerydb_to_silver.py', '--cfg-path', '/tmp/tmpp173meq8']
[2024-10-24T14:30:01.414+0000] {standard_task_runner.py:85} INFO - Job 41: Subtask Silver
[2024-10-24T14:30:01.460+0000] {logging_mixin.py:151} INFO - Changing /opt/***/logs/dag_id=api_openbrewerydb_to_silver_gold/run_id=scheduled__2023-11-08T08:00:00+00:00/task_id=Silver permission to 509
[2024-10-24T14:30:01.460+0000] {logging_mixin.py:151} INFO - Failed to change /opt/***/logs/dag_id=api_openbrewerydb_to_silver_gold/run_id=scheduled__2023-11-08T08:00:00+00:00/task_id=Silver permission to 509: [Errno 1] Operation not permitted: '/opt/***/logs/dag_id=api_openbrewerydb_to_silver_gold/run_id=scheduled__2023-11-08T08:00:00+00:00/task_id=Silver'
[2024-10-24T14:30:01.460+0000] {task_command.py:415} INFO - Running <TaskInstance: api_openbrewerydb_to_silver_gold.Silver scheduled__2023-11-08T08:00:00+00:00 [running]> on host 96f89615839b
[2024-10-24T14:30:01.536+0000] {taskinstance.py:1660} INFO - Exporting env vars: AIRFLOW_CTX_DAG_OWNER='Rodrigo Araujo' AIRFLOW_CTX_DAG_ID='api_openbrewerydb_to_silver_gold' AIRFLOW_CTX_TASK_ID='Silver' AIRFLOW_CTX_EXECUTION_DATE='2023-11-08T08:00:00+00:00' AIRFLOW_CTX_TRY_NUMBER='1' AIRFLOW_CTX_DAG_RUN_ID='scheduled__2023-11-08T08:00:00+00:00'
[2024-10-24T14:30:01.546+0000] {base.py:73} INFO - Using connection ID 'spark-conn' for task execution.
[2024-10-24T14:30:01.546+0000] {spark_submit.py:363} INFO - Spark-Submit cmd: spark-submit --master spark://spark-master:7077 --name arrow-spark jobs/silver/api_openbrewerydb.py
[2024-10-24T14:30:04.351+0000] {spark_submit.py:524} INFO - 24/10/24 14:30:04 INFO SparkContext: Running Spark version 3.5.3
[2024-10-24T14:30:04.353+0000] {spark_submit.py:524} INFO - 24/10/24 14:30:04 INFO SparkContext: OS info Linux, 5.15.0-124-generic, amd64
[2024-10-24T14:30:04.354+0000] {spark_submit.py:524} INFO - 24/10/24 14:30:04 INFO SparkContext: Java version 11.0.25
[2024-10-24T14:30:04.409+0000] {spark_submit.py:524} INFO - 24/10/24 14:30:04 WARN NativeCodeLoader: Unable to load native-hadoop library for your platform... using builtin-java classes where applicable
[2024-10-24T14:30:04.492+0000] {spark_submit.py:524} INFO - 24/10/24 14:30:04 INFO ResourceUtils: ==============================================================
[2024-10-24T14:30:04.493+0000] {spark_submit.py:524} INFO - 24/10/24 14:30:04 INFO ResourceUtils: No custom resources configured for spark.driver.
[2024-10-24T14:30:04.493+0000] {spark_submit.py:524} INFO - 24/10/24 14:30:04 INFO ResourceUtils: ==============================================================
[2024-10-24T14:30:04.493+0000] {spark_submit.py:524} INFO - 24/10/24 14:30:04 INFO SparkContext: Submitted application: IngestaoSilver
[2024-10-24T14:30:04.515+0000] {spark_submit.py:524} INFO - 24/10/24 14:30:04 INFO ResourceProfile: Default ResourceProfile created, executor resources: Map(memory -> name: memory, amount: 1024, script: , vendor: , offHeap -> name: offHeap, amount: 0, script: , vendor: ), task resources: Map(cpus -> name: cpus, amount: 1.0)
[2024-10-24T14:30:04.531+0000] {spark_submit.py:524} INFO - 24/10/24 14:30:04 INFO ResourceProfile: Limiting resource is cpu
[2024-10-24T14:30:04.532+0000] {spark_submit.py:524} INFO - 24/10/24 14:30:04 INFO ResourceProfileManager: Added ResourceProfile id: 0
[2024-10-24T14:30:04.579+0000] {spark_submit.py:524} INFO - 24/10/24 14:30:04 INFO SecurityManager: Changing view acls to: ***
[2024-10-24T14:30:04.580+0000] {spark_submit.py:524} INFO - 24/10/24 14:30:04 INFO SecurityManager: Changing modify acls to: ***
[2024-10-24T14:30:04.580+0000] {spark_submit.py:524} INFO - 24/10/24 14:30:04 INFO SecurityManager: Changing view acls groups to:
[2024-10-24T14:30:04.581+0000] {spark_submit.py:524} INFO - 24/10/24 14:30:04 INFO SecurityManager: Changing modify acls groups to:
[2024-10-24T14:30:04.581+0000] {spark_submit.py:524} INFO - 24/10/24 14:30:04 INFO SecurityManager: SecurityManager: authentication disabled; ui acls disabled; users with view permissions: ***; groups with view permissions: EMPTY; users with modify permissions: ***; groups with modify permissions: EMPTY
[2024-10-24T14:30:04.801+0000] {spark_submit.py:524} INFO - 24/10/24 14:30:04 INFO Utils: Successfully started service 'sparkDriver' on port 42545.
[2024-10-24T14:30:04.826+0000] {spark_submit.py:524} INFO - 24/10/24 14:30:04 INFO SparkEnv: Registering MapOutputTracker
[2024-10-24T14:30:04.854+0000] {spark_submit.py:524} INFO - 24/10/24 14:30:04 INFO SparkEnv: Registering BlockManagerMaster
[2024-10-24T14:30:04.874+0000] {spark_submit.py:524} INFO - 24/10/24 14:30:04 INFO BlockManagerMasterEndpoint: Using org.apache.spark.storage.DefaultTopologyMapper for getting topology information
[2024-10-24T14:30:04.875+0000] {spark_submit.py:524} INFO - 24/10/24 14:30:04 INFO BlockManagerMasterEndpoint: BlockManagerMasterEndpoint up
[2024-10-24T14:30:04.880+0000] {spark_submit.py:524} INFO - 24/10/24 14:30:04 INFO SparkEnv: Registering BlockManagerMasterHeartbeat
[2024-10-24T14:30:04.898+0000] {spark_submit.py:524} INFO - 24/10/24 14:30:04 INFO DiskBlockManager: Created local directory at /tmp/blockmgr-835fe7a7-317b-49cc-992a-3a2e047dff34
[2024-10-24T14:30:04.911+0000] {spark_submit.py:524} INFO - 24/10/24 14:30:04 INFO MemoryStore: MemoryStore started with capacity 434.4 MiB
[2024-10-24T14:30:04.924+0000] {spark_submit.py:524} INFO - 24/10/24 14:30:04 INFO SparkEnv: Registering OutputCommitCoordinator
[2024-10-24T14:30:05.080+0000] {spark_submit.py:524} INFO - 24/10/24 14:30:05 INFO JettyUtils: Start Jetty 0.0.0.0:4040 for SparkUI
[2024-10-24T14:30:05.134+0000] {spark_submit.py:524} INFO - 24/10/24 14:30:05 INFO Utils: Successfully started service 'SparkUI' on port 4040.
[2024-10-24T14:30:05.261+0000] {spark_submit.py:524} INFO - 24/10/24 14:30:05 INFO StandaloneAppClient$ClientEndpoint: Connecting to master spark://spark-master:7077...
[2024-10-24T14:30:05.321+0000] {spark_submit.py:524} INFO - 24/10/24 14:30:05 INFO TransportClientFactory: Successfully created connection to spark-master/172.18.0.2:7077 after 34 ms (0 ms spent in bootstraps)
[2024-10-24T14:30:05.429+0000] {spark_submit.py:524} INFO - 24/10/24 14:30:05 INFO StandaloneSchedulerBackend: Connected to Spark cluster with app ID app-20241024143005-0036
[2024-10-24T14:30:05.433+0000] {spark_submit.py:524} INFO - 24/10/24 14:30:05 INFO StandaloneAppClient$ClientEndpoint: Executor added: app-20241024143005-0036/0 on worker-20241024142308-172.18.0.5-43899 (172.18.0.5:43899) with 2 core(s)
[2024-10-24T14:30:05.436+0000] {spark_submit.py:524} INFO - 24/10/24 14:30:05 INFO StandaloneSchedulerBackend: Granted executor ID app-20241024143005-0036/0 on hostPort 172.18.0.5:43899 with 2 core(s), 1024.0 MiB RAM
[2024-10-24T14:30:05.447+0000] {spark_submit.py:524} INFO - 24/10/24 14:30:05 INFO Utils: Successfully started service 'org.apache.spark.network.netty.NettyBlockTransferService' on port 38349.
[2024-10-24T14:30:05.448+0000] {spark_submit.py:524} INFO - 24/10/24 14:30:05 INFO NettyBlockTransferService: Server created on 96f89615839b:38349
[2024-10-24T14:30:05.454+0000] {spark_submit.py:524} INFO - 24/10/24 14:30:05 INFO BlockManager: Using org.apache.spark.storage.RandomBlockReplicationPolicy for block replication policy
[2024-10-24T14:30:05.476+0000] {spark_submit.py:524} INFO - 24/10/24 14:30:05 INFO BlockManagerMaster: Registering BlockManager BlockManagerId(driver, 96f89615839b, 38349, None)
[2024-10-24T14:30:05.484+0000] {spark_submit.py:524} INFO - 24/10/24 14:30:05 INFO BlockManagerMasterEndpoint: Registering block manager 96f89615839b:38349 with 434.4 MiB RAM, BlockManagerId(driver, 96f89615839b, 38349, None)
[2024-10-24T14:30:05.489+0000] {spark_submit.py:524} INFO - 24/10/24 14:30:05 INFO BlockManagerMaster: Registered BlockManager BlockManagerId(driver, 96f89615839b, 38349, None)
[2024-10-24T14:30:05.491+0000] {spark_submit.py:524} INFO - 24/10/24 14:30:05 INFO StandaloneAppClient$ClientEndpoint: Executor updated: app-20241024143005-0036/0 is now RUNNING
[2024-10-24T14:30:05.493+0000] {spark_submit.py:524} INFO - 24/10/24 14:30:05 INFO BlockManager: Initialized BlockManager: BlockManagerId(driver, 96f89615839b, 38349, None)
[2024-10-24T14:30:05.886+0000] {spark_submit.py:524} INFO - 24/10/24 14:30:05 INFO StandaloneSchedulerBackend: SchedulerBackend is ready for scheduling beginning after reached minRegisteredResourcesRatio: 0.0
[2024-10-24T14:30:06.124+0000] {spark_submit.py:524} INFO - Hello from Spark!
[2024-10-24T14:30:06.125+0000] {spark_submit.py:524} INFO - 24/10/24 14:30:06 INFO SparkContext: SparkContext is stopping with exitCode 0.
[2024-10-24T14:30:06.136+0000] {spark_submit.py:524} INFO - 24/10/24 14:30:06 INFO SparkUI: Stopped Spark web UI at http://96f89615839b:4040
[2024-10-24T14:30:06.142+0000] {spark_submit.py:524} INFO - 24/10/24 14:30:06 INFO StandaloneSchedulerBackend: Shutting down all executors
[2024-10-24T14:30:06.146+0000] {spark_submit.py:524} INFO - 24/10/24 14:30:06 INFO StandaloneSchedulerBackend$StandaloneDriverEndpoint: Asking each executor to shut down
[2024-10-24T14:30:06.165+0000] {spark_submit.py:524} INFO - 24/10/24 14:30:06 INFO MapOutputTrackerMasterEndpoint: MapOutputTrackerMasterEndpoint stopped!
[2024-10-24T14:30:06.177+0000] {spark_submit.py:524} INFO - 24/10/24 14:30:06 INFO MemoryStore: MemoryStore cleared
[2024-10-24T14:30:06.177+0000] {spark_submit.py:524} INFO - 24/10/24 14:30:06 INFO BlockManager: BlockManager stopped
[2024-10-24T14:30:06.187+0000] {spark_submit.py:524} INFO - 24/10/24 14:30:06 INFO BlockManagerMaster: BlockManagerMaster stopped
[2024-10-24T14:30:06.190+0000] {spark_submit.py:524} INFO - 24/10/24 14:30:06 INFO OutputCommitCoordinator$OutputCommitCoordinatorEndpoint: OutputCommitCoordinator stopped!
[2024-10-24T14:30:06.201+0000] {spark_submit.py:524} INFO - 24/10/24 14:30:06 INFO SparkContext: Successfully stopped SparkContext
[2024-10-24T14:30:06.477+0000] {spark_submit.py:524} INFO - 24/10/24 14:30:06 INFO ShutdownHookManager: Shutdown hook called
[2024-10-24T14:30:06.477+0000] {spark_submit.py:524} INFO - 24/10/24 14:30:06 INFO ShutdownHookManager: Deleting directory /tmp/spark-799a701e-27a9-41b0-8eff-9a39880f1823
[2024-10-24T14:30:06.480+0000] {spark_submit.py:524} INFO - 24/10/24 14:30:06 INFO ShutdownHookManager: Deleting directory /tmp/spark-237606e9-1c8c-4d53-b2df-836c4fbbc577/pyspark-46af0231-3832-46b3-a767-162322d3cb51
[2024-10-24T14:30:06.483+0000] {spark_submit.py:524} INFO - 24/10/24 14:30:06 INFO ShutdownHookManager: Deleting directory /tmp/spark-237606e9-1c8c-4d53-b2df-836c4fbbc577
[2024-10-24T14:30:06.539+0000] {taskinstance.py:1398} INFO - Marking task as SUCCESS. dag_id=api_openbrewerydb_to_silver_gold, task_id=Silver, execution_date=20231108T080000, start_date=20241024T143001, end_date=20241024T143006
[2024-10-24T14:30:06.563+0000] {local_task_job_runner.py:228} INFO - Task exited with return code 0
[2024-10-24T14:30:06.582+0000] {taskinstance.py:2776} INFO - 1 downstream tasks scheduled from follow-on schedule check
