[2024-10-24T17:29:55.395+0000] {taskinstance.py:1157} INFO - Dependencies all met for dep_context=non-requeueable deps ti=<TaskInstance: api_openbrewerydb_to_silver_gold.Gold manual__2024-10-24T17:29:37.925815+00:00 [queued]>
[2024-10-24T17:29:55.402+0000] {taskinstance.py:1157} INFO - Dependencies all met for dep_context=requeueable deps ti=<TaskInstance: api_openbrewerydb_to_silver_gold.Gold manual__2024-10-24T17:29:37.925815+00:00 [queued]>
[2024-10-24T17:29:55.402+0000] {taskinstance.py:1359} INFO - Starting attempt 1 of 2
[2024-10-24T17:29:55.411+0000] {taskinstance.py:1380} INFO - Executing <Task(SparkSubmitOperator): Gold> on 2024-10-24 17:29:37.925815+00:00
[2024-10-24T17:29:55.415+0000] {standard_task_runner.py:57} INFO - Started process 3026 to run task
[2024-10-24T17:29:55.417+0000] {standard_task_runner.py:84} INFO - Running: ['***', 'tasks', 'run', 'api_openbrewerydb_to_silver_gold', 'Gold', 'manual__2024-10-24T17:29:37.925815+00:00', '--job-id', '168', '--raw', '--subdir', 'DAGS_FOLDER/api_openbrewerydb_to_silver.py', '--cfg-path', '/tmp/tmpmyp4l_7v']
[2024-10-24T17:29:55.421+0000] {standard_task_runner.py:85} INFO - Job 168: Subtask Gold
[2024-10-24T17:29:55.465+0000] {task_command.py:415} INFO - Running <TaskInstance: api_openbrewerydb_to_silver_gold.Gold manual__2024-10-24T17:29:37.925815+00:00 [running]> on host e995fa603d7f
[2024-10-24T17:29:55.542+0000] {taskinstance.py:1660} INFO - Exporting env vars: AIRFLOW_CTX_DAG_OWNER='Rodrigo Araujo' AIRFLOW_CTX_DAG_ID='api_openbrewerydb_to_silver_gold' AIRFLOW_CTX_TASK_ID='Gold' AIRFLOW_CTX_EXECUTION_DATE='2024-10-24T17:29:37.925815+00:00' AIRFLOW_CTX_TRY_NUMBER='1' AIRFLOW_CTX_DAG_RUN_ID='manual__2024-10-24T17:29:37.925815+00:00'
[2024-10-24T17:29:55.552+0000] {base.py:73} INFO - Using connection ID 'spark-conn' for task execution.
[2024-10-24T17:29:55.553+0000] {spark_submit.py:363} INFO - Spark-Submit cmd: spark-submit --master spark://spark-master:7077 --name arrow-spark jobs/gold/api_openbrewerydb.py
[2024-10-24T17:29:58.616+0000] {spark_submit.py:524} INFO - 24/10/24 17:29:58 INFO SparkContext: Running Spark version 3.5.0
[2024-10-24T17:29:58.618+0000] {spark_submit.py:524} INFO - 24/10/24 17:29:58 INFO SparkContext: OS info Linux, 5.15.0-124-generic, amd64
[2024-10-24T17:29:58.619+0000] {spark_submit.py:524} INFO - 24/10/24 17:29:58 INFO SparkContext: Java version 17.0.13
[2024-10-24T17:29:58.704+0000] {spark_submit.py:524} INFO - 24/10/24 17:29:58 WARN NativeCodeLoader: Unable to load native-hadoop library for your platform... using builtin-java classes where applicable
[2024-10-24T17:29:59.027+0000] {spark_submit.py:524} INFO - 24/10/24 17:29:59 INFO ResourceUtils: ==============================================================
[2024-10-24T17:29:59.028+0000] {spark_submit.py:524} INFO - 24/10/24 17:29:59 INFO ResourceUtils: No custom resources configured for spark.driver.
[2024-10-24T17:29:59.029+0000] {spark_submit.py:524} INFO - 24/10/24 17:29:59 INFO ResourceUtils: ==============================================================
[2024-10-24T17:29:59.031+0000] {spark_submit.py:524} INFO - 24/10/24 17:29:59 INFO SparkContext: Submitted application: IngestaoSilver
[2024-10-24T17:29:59.065+0000] {spark_submit.py:524} INFO - 24/10/24 17:29:59 INFO ResourceProfile: Default ResourceProfile created, executor resources: Map(memory -> name: memory, amount: 1024, script: , vendor: , offHeap -> name: offHeap, amount: 0, script: , vendor: ), task resources: Map(cpus -> name: cpus, amount: 1.0)
[2024-10-24T17:29:59.080+0000] {spark_submit.py:524} INFO - 24/10/24 17:29:59 INFO ResourceProfile: Limiting resource is cpu
[2024-10-24T17:29:59.085+0000] {spark_submit.py:524} INFO - 24/10/24 17:29:59 INFO ResourceProfileManager: Added ResourceProfile id: 0
[2024-10-24T17:29:59.178+0000] {spark_submit.py:524} INFO - 24/10/24 17:29:59 INFO SecurityManager: Changing view acls to: ***
[2024-10-24T17:29:59.179+0000] {spark_submit.py:524} INFO - 24/10/24 17:29:59 INFO SecurityManager: Changing modify acls to: ***
[2024-10-24T17:29:59.180+0000] {spark_submit.py:524} INFO - 24/10/24 17:29:59 INFO SecurityManager: Changing view acls groups to:
[2024-10-24T17:29:59.181+0000] {spark_submit.py:524} INFO - 24/10/24 17:29:59 INFO SecurityManager: Changing modify acls groups to:
[2024-10-24T17:29:59.183+0000] {spark_submit.py:524} INFO - 24/10/24 17:29:59 INFO SecurityManager: SecurityManager: authentication disabled; ui acls disabled; users with view permissions: ***; groups with view permissions: EMPTY; users with modify permissions: ***; groups with modify permissions: EMPTY
[2024-10-24T17:29:59.512+0000] {spark_submit.py:524} INFO - 24/10/24 17:29:59 INFO Utils: Successfully started service 'sparkDriver' on port 41145.
[2024-10-24T17:29:59.551+0000] {spark_submit.py:524} INFO - 24/10/24 17:29:59 INFO SparkEnv: Registering MapOutputTracker
[2024-10-24T17:29:59.595+0000] {spark_submit.py:524} INFO - 24/10/24 17:29:59 INFO SparkEnv: Registering BlockManagerMaster
[2024-10-24T17:29:59.621+0000] {spark_submit.py:524} INFO - 24/10/24 17:29:59 INFO BlockManagerMasterEndpoint: Using org.apache.spark.storage.DefaultTopologyMapper for getting topology information
[2024-10-24T17:29:59.623+0000] {spark_submit.py:524} INFO - 24/10/24 17:29:59 INFO BlockManagerMasterEndpoint: BlockManagerMasterEndpoint up
[2024-10-24T17:29:59.627+0000] {spark_submit.py:524} INFO - 24/10/24 17:29:59 INFO SparkEnv: Registering BlockManagerMasterHeartbeat
[2024-10-24T17:29:59.653+0000] {spark_submit.py:524} INFO - 24/10/24 17:29:59 INFO DiskBlockManager: Created local directory at /tmp/blockmgr-c9e7c99c-a21d-459e-ad91-3b55a976deec
[2024-10-24T17:29:59.674+0000] {spark_submit.py:524} INFO - 24/10/24 17:29:59 INFO MemoryStore: MemoryStore started with capacity 434.4 MiB
[2024-10-24T17:29:59.695+0000] {spark_submit.py:524} INFO - 24/10/24 17:29:59 INFO SparkEnv: Registering OutputCommitCoordinator
[2024-10-24T17:29:59.834+0000] {spark_submit.py:524} INFO - 24/10/24 17:29:59 INFO JettyUtils: Start Jetty 0.0.0.0:4040 for SparkUI
[2024-10-24T17:29:59.878+0000] {spark_submit.py:524} INFO - 24/10/24 17:29:59 INFO Utils: Successfully started service 'SparkUI' on port 4040.
[2024-10-24T17:30:00.034+0000] {spark_submit.py:524} INFO - 24/10/24 17:30:00 INFO StandaloneAppClient$ClientEndpoint: Connecting to master spark://spark-master:7077...
[2024-10-24T17:30:00.090+0000] {spark_submit.py:524} INFO - 24/10/24 17:30:00 INFO TransportClientFactory: Successfully created connection to spark-master/172.18.0.3:7077 after 32 ms (0 ms spent in bootstraps)
[2024-10-24T17:30:00.207+0000] {spark_submit.py:524} INFO - 24/10/24 17:30:00 INFO StandaloneSchedulerBackend: Connected to Spark cluster with app ID app-20241024173000-0011
[2024-10-24T17:30:00.208+0000] {spark_submit.py:524} INFO - 24/10/24 17:30:00 INFO StandaloneAppClient$ClientEndpoint: Executor added: app-20241024173000-0011/0 on worker-20241024170959-172.18.0.5-44329 (172.18.0.5:44329) with 2 core(s)
[2024-10-24T17:30:00.209+0000] {spark_submit.py:524} INFO - 24/10/24 17:30:00 INFO StandaloneSchedulerBackend: Granted executor ID app-20241024173000-0011/0 on hostPort 172.18.0.5:44329 with 2 core(s), 1024.0 MiB RAM
[2024-10-24T17:30:00.210+0000] {spark_submit.py:524} INFO - 24/10/24 17:30:00 INFO Utils: Successfully started service 'org.apache.spark.network.netty.NettyBlockTransferService' on port 43619.
[2024-10-24T17:30:00.211+0000] {spark_submit.py:524} INFO - 24/10/24 17:30:00 INFO NettyBlockTransferService: Server created on e995fa603d7f:43619
[2024-10-24T17:30:00.215+0000] {spark_submit.py:524} INFO - 24/10/24 17:30:00 INFO BlockManager: Using org.apache.spark.storage.RandomBlockReplicationPolicy for block replication policy
[2024-10-24T17:30:00.228+0000] {spark_submit.py:524} INFO - 24/10/24 17:30:00 INFO BlockManagerMaster: Registering BlockManager BlockManagerId(driver, e995fa603d7f, 43619, None)
[2024-10-24T17:30:00.232+0000] {spark_submit.py:524} INFO - 24/10/24 17:30:00 INFO BlockManagerMasterEndpoint: Registering block manager e995fa603d7f:43619 with 434.4 MiB RAM, BlockManagerId(driver, e995fa603d7f, 43619, None)
[2024-10-24T17:30:00.234+0000] {spark_submit.py:524} INFO - 24/10/24 17:30:00 INFO BlockManagerMaster: Registered BlockManager BlockManagerId(driver, e995fa603d7f, 43619, None)
[2024-10-24T17:30:00.238+0000] {spark_submit.py:524} INFO - 24/10/24 17:30:00 INFO BlockManager: Initialized BlockManager: BlockManagerId(driver, e995fa603d7f, 43619, None)
[2024-10-24T17:30:00.250+0000] {spark_submit.py:524} INFO - 24/10/24 17:30:00 INFO StandaloneAppClient$ClientEndpoint: Executor updated: app-20241024173000-0011/0 is now RUNNING
[2024-10-24T17:30:00.567+0000] {spark_submit.py:524} INFO - 24/10/24 17:30:00 INFO StandaloneSchedulerBackend: SchedulerBackend is ready for scheduling beginning after reached minRegisteredResourcesRatio: 0.0
[2024-10-24T17:30:00.876+0000] {spark_submit.py:524} INFO - Hello from Spark!
[2024-10-24T17:30:00.877+0000] {spark_submit.py:524} INFO - 24/10/24 17:30:00 INFO SparkContext: SparkContext is stopping with exitCode 0.
[2024-10-24T17:30:00.890+0000] {spark_submit.py:524} INFO - 24/10/24 17:30:00 INFO SparkUI: Stopped Spark web UI at http://e995fa603d7f:4040
[2024-10-24T17:30:00.895+0000] {spark_submit.py:524} INFO - 24/10/24 17:30:00 INFO StandaloneSchedulerBackend: Shutting down all executors
[2024-10-24T17:30:00.900+0000] {spark_submit.py:524} INFO - 24/10/24 17:30:00 INFO StandaloneSchedulerBackend$StandaloneDriverEndpoint: Asking each executor to shut down
[2024-10-24T17:30:00.926+0000] {spark_submit.py:524} INFO - 24/10/24 17:30:00 INFO MapOutputTrackerMasterEndpoint: MapOutputTrackerMasterEndpoint stopped!
[2024-10-24T17:30:00.946+0000] {spark_submit.py:524} INFO - 24/10/24 17:30:00 INFO MemoryStore: MemoryStore cleared
[2024-10-24T17:30:00.947+0000] {spark_submit.py:524} INFO - 24/10/24 17:30:00 INFO BlockManager: BlockManager stopped
[2024-10-24T17:30:00.957+0000] {spark_submit.py:524} INFO - 24/10/24 17:30:00 INFO BlockManagerMaster: BlockManagerMaster stopped
[2024-10-24T17:30:00.959+0000] {spark_submit.py:524} INFO - 24/10/24 17:30:00 INFO OutputCommitCoordinator$OutputCommitCoordinatorEndpoint: OutputCommitCoordinator stopped!
[2024-10-24T17:30:00.971+0000] {spark_submit.py:524} INFO - 24/10/24 17:30:00 INFO SparkContext: Successfully stopped SparkContext
[2024-10-24T17:30:01.235+0000] {spark_submit.py:524} INFO - 24/10/24 17:30:01 INFO ShutdownHookManager: Shutdown hook called
[2024-10-24T17:30:01.236+0000] {spark_submit.py:524} INFO - 24/10/24 17:30:01 INFO ShutdownHookManager: Deleting directory /tmp/spark-bb1af55f-dfca-41c7-9f58-70b89e1974f1/pyspark-0a2f366b-f758-4a6b-a779-67b8001bc41e
[2024-10-24T17:30:01.241+0000] {spark_submit.py:524} INFO - 24/10/24 17:30:01 INFO ShutdownHookManager: Deleting directory /tmp/spark-c90327d8-581d-41d3-8c82-32b12304da83
[2024-10-24T17:30:01.245+0000] {spark_submit.py:524} INFO - 24/10/24 17:30:01 INFO ShutdownHookManager: Deleting directory /tmp/spark-bb1af55f-dfca-41c7-9f58-70b89e1974f1
[2024-10-24T17:30:01.299+0000] {taskinstance.py:1398} INFO - Marking task as SUCCESS. dag_id=api_openbrewerydb_to_silver_gold, task_id=Gold, execution_date=20241024T172937, start_date=20241024T172955, end_date=20241024T173001
[2024-10-24T17:30:01.341+0000] {local_task_job_runner.py:228} INFO - Task exited with return code 0
[2024-10-24T17:30:01.363+0000] {taskinstance.py:2776} INFO - 0 downstream tasks scheduled from follow-on schedule check
