[2024-10-24T01:20:19.367+0000] {taskinstance.py:1157} INFO - Dependencies all met for dep_context=non-requeueable deps ti=<TaskInstance: api_openbrewerydb_to_silver_gold.Silver scheduled__2023-11-16T08:00:00+00:00 [queued]>
[2024-10-24T01:20:19.382+0000] {taskinstance.py:1157} INFO - Dependencies all met for dep_context=requeueable deps ti=<TaskInstance: api_openbrewerydb_to_silver_gold.Silver scheduled__2023-11-16T08:00:00+00:00 [queued]>
[2024-10-24T01:20:19.383+0000] {taskinstance.py:1359} INFO - Starting attempt 1 of 3
[2024-10-24T01:20:19.404+0000] {taskinstance.py:1380} INFO - Executing <Task(SparkSubmitOperator): Silver> on 2023-11-16 08:00:00+00:00
[2024-10-24T01:20:19.411+0000] {standard_task_runner.py:57} INFO - Started process 4796 to run task
[2024-10-24T01:20:19.416+0000] {standard_task_runner.py:84} INFO - Running: ['***', 'tasks', 'run', 'api_openbrewerydb_to_silver_gold', 'Silver', 'scheduled__2023-11-16T08:00:00+00:00', '--job-id', '93', '--raw', '--subdir', 'DAGS_FOLDER/api_openbrewerydb_to_silver.py', '--cfg-path', '/tmp/tmp_4v18_j4']
[2024-10-24T01:20:19.429+0000] {standard_task_runner.py:85} INFO - Job 93: Subtask Silver
[2024-10-24T01:20:19.547+0000] {task_command.py:415} INFO - Running <TaskInstance: api_openbrewerydb_to_silver_gold.Silver scheduled__2023-11-16T08:00:00+00:00 [running]> on host de5108c6da1d
[2024-10-24T01:20:19.794+0000] {taskinstance.py:1660} INFO - Exporting env vars: AIRFLOW_CTX_DAG_OWNER='Rodrigo Araujo' AIRFLOW_CTX_DAG_ID='api_openbrewerydb_to_silver_gold' AIRFLOW_CTX_TASK_ID='Silver' AIRFLOW_CTX_EXECUTION_DATE='2023-11-16T08:00:00+00:00' AIRFLOW_CTX_TRY_NUMBER='1' AIRFLOW_CTX_DAG_RUN_ID='scheduled__2023-11-16T08:00:00+00:00'
[2024-10-24T01:20:19.827+0000] {base.py:73} INFO - Using connection ID 'spark-conn' for task execution.
[2024-10-24T01:20:19.830+0000] {spark_submit.py:363} INFO - Spark-Submit cmd: spark-submit --master spark://spark-master:7077 --name arrow-spark --queue root.default jobs/silver/api_openbrewerydb.py
[2024-10-24T01:20:26.943+0000] {spark_submit.py:524} INFO - 24/10/24 01:20:26 INFO SparkContext: Running Spark version 3.5.3
[2024-10-24T01:20:26.951+0000] {spark_submit.py:524} INFO - 24/10/24 01:20:26 INFO SparkContext: OS info Linux, 5.15.0-124-generic, amd64
[2024-10-24T01:20:26.954+0000] {spark_submit.py:524} INFO - 24/10/24 01:20:26 INFO SparkContext: Java version 11.0.25
[2024-10-24T01:20:27.145+0000] {spark_submit.py:524} INFO - 24/10/24 01:20:27 WARN NativeCodeLoader: Unable to load native-hadoop library for your platform... using builtin-java classes where applicable
[2024-10-24T01:20:27.385+0000] {spark_submit.py:524} INFO - 24/10/24 01:20:27 INFO ResourceUtils: ==============================================================
[2024-10-24T01:20:27.386+0000] {spark_submit.py:524} INFO - 24/10/24 01:20:27 INFO ResourceUtils: No custom resources configured for spark.driver.
[2024-10-24T01:20:27.387+0000] {spark_submit.py:524} INFO - 24/10/24 01:20:27 INFO ResourceUtils: ==============================================================
[2024-10-24T01:20:27.389+0000] {spark_submit.py:524} INFO - 24/10/24 01:20:27 INFO SparkContext: Submitted application: IngestaoSilver
[2024-10-24T01:20:27.443+0000] {spark_submit.py:524} INFO - 24/10/24 01:20:27 INFO ResourceProfile: Default ResourceProfile created, executor resources: Map(memory -> name: memory, amount: 1024, script: , vendor: , offHeap -> name: offHeap, amount: 0, script: , vendor: ), task resources: Map(cpus -> name: cpus, amount: 1.0)
[2024-10-24T01:20:27.479+0000] {spark_submit.py:524} INFO - 24/10/24 01:20:27 INFO ResourceProfile: Limiting resource is cpu
[2024-10-24T01:20:27.481+0000] {spark_submit.py:524} INFO - 24/10/24 01:20:27 INFO ResourceProfileManager: Added ResourceProfile id: 0
[2024-10-24T01:20:27.620+0000] {spark_submit.py:524} INFO - 24/10/24 01:20:27 INFO SecurityManager: Changing view acls to: ***
[2024-10-24T01:20:27.623+0000] {spark_submit.py:524} INFO - 24/10/24 01:20:27 INFO SecurityManager: Changing modify acls to: ***
[2024-10-24T01:20:27.625+0000] {spark_submit.py:524} INFO - 24/10/24 01:20:27 INFO SecurityManager: Changing view acls groups to:
[2024-10-24T01:20:27.627+0000] {spark_submit.py:524} INFO - 24/10/24 01:20:27 INFO SecurityManager: Changing modify acls groups to:
[2024-10-24T01:20:27.629+0000] {spark_submit.py:524} INFO - 24/10/24 01:20:27 INFO SecurityManager: SecurityManager: authentication disabled; ui acls disabled; users with view permissions: ***; groups with view permissions: EMPTY; users with modify permissions: ***; groups with modify permissions: EMPTY
[2024-10-24T01:20:28.359+0000] {spark_submit.py:524} INFO - 24/10/24 01:20:28 INFO Utils: Successfully started service 'sparkDriver' on port 44495.
[2024-10-24T01:20:28.412+0000] {spark_submit.py:524} INFO - 24/10/24 01:20:28 INFO SparkEnv: Registering MapOutputTracker
[2024-10-24T01:20:28.493+0000] {spark_submit.py:524} INFO - 24/10/24 01:20:28 INFO SparkEnv: Registering BlockManagerMaster
[2024-10-24T01:20:28.562+0000] {spark_submit.py:524} INFO - 24/10/24 01:20:28 INFO BlockManagerMasterEndpoint: Using org.apache.spark.storage.DefaultTopologyMapper for getting topology information
[2024-10-24T01:20:28.564+0000] {spark_submit.py:524} INFO - 24/10/24 01:20:28 INFO BlockManagerMasterEndpoint: BlockManagerMasterEndpoint up
[2024-10-24T01:20:28.572+0000] {spark_submit.py:524} INFO - 24/10/24 01:20:28 INFO SparkEnv: Registering BlockManagerMasterHeartbeat
[2024-10-24T01:20:28.624+0000] {spark_submit.py:524} INFO - 24/10/24 01:20:28 INFO DiskBlockManager: Created local directory at /tmp/blockmgr-521b495e-1ab4-40a2-8c44-f739e79bffb1
[2024-10-24T01:20:28.666+0000] {spark_submit.py:524} INFO - 24/10/24 01:20:28 INFO MemoryStore: MemoryStore started with capacity 434.4 MiB
[2024-10-24T01:20:28.707+0000] {spark_submit.py:524} INFO - 24/10/24 01:20:28 INFO SparkEnv: Registering OutputCommitCoordinator
[2024-10-24T01:20:29.050+0000] {spark_submit.py:524} INFO - 24/10/24 01:20:29 INFO JettyUtils: Start Jetty 0.0.0.0:4040 for SparkUI
[2024-10-24T01:20:29.192+0000] {spark_submit.py:524} INFO - 24/10/24 01:20:29 INFO Utils: Successfully started service 'SparkUI' on port 4040.
[2024-10-24T01:20:29.489+0000] {spark_submit.py:524} INFO - 24/10/24 01:20:29 INFO StandaloneAppClient$ClientEndpoint: Connecting to master spark://spark-master:7077...
[2024-10-24T01:20:29.594+0000] {spark_submit.py:524} INFO - 24/10/24 01:20:29 INFO TransportClientFactory: Successfully created connection to spark-master/172.22.0.3:7077 after 63 ms (0 ms spent in bootstraps)
[2024-10-24T01:20:29.819+0000] {spark_submit.py:524} INFO - 24/10/24 01:20:29 INFO StandaloneSchedulerBackend: Connected to Spark cluster with app ID app-20241024012029-0024
[2024-10-24T01:20:29.823+0000] {spark_submit.py:524} INFO - 24/10/24 01:20:29 INFO StandaloneAppClient$ClientEndpoint: Executor added: app-20241024012029-0024/0 on worker-20241024010948-172.22.0.4-41535 (172.22.0.4:41535) with 2 core(s)
[2024-10-24T01:20:29.850+0000] {spark_submit.py:524} INFO - 24/10/24 01:20:29 INFO StandaloneSchedulerBackend: Granted executor ID app-20241024012029-0024/0 on hostPort 172.22.0.4:41535 with 2 core(s), 1024.0 MiB RAM
[2024-10-24T01:20:29.871+0000] {spark_submit.py:524} INFO - 24/10/24 01:20:29 INFO Utils: Successfully started service 'org.apache.spark.network.netty.NettyBlockTransferService' on port 40747.
[2024-10-24T01:20:29.872+0000] {spark_submit.py:524} INFO - 24/10/24 01:20:29 INFO NettyBlockTransferService: Server created on de5108c6da1d:40747
[2024-10-24T01:20:29.879+0000] {spark_submit.py:524} INFO - 24/10/24 01:20:29 INFO BlockManager: Using org.apache.spark.storage.RandomBlockReplicationPolicy for block replication policy
[2024-10-24T01:20:29.936+0000] {spark_submit.py:524} INFO - 24/10/24 01:20:29 INFO BlockManagerMaster: Registering BlockManager BlockManagerId(driver, de5108c6da1d, 40747, None)
[2024-10-24T01:20:29.955+0000] {spark_submit.py:524} INFO - 24/10/24 01:20:29 INFO BlockManagerMasterEndpoint: Registering block manager de5108c6da1d:40747 with 434.4 MiB RAM, BlockManagerId(driver, de5108c6da1d, 40747, None)
[2024-10-24T01:20:29.968+0000] {spark_submit.py:524} INFO - 24/10/24 01:20:29 INFO StandaloneAppClient$ClientEndpoint: Executor updated: app-20241024012029-0024/0 is now RUNNING
[2024-10-24T01:20:29.973+0000] {spark_submit.py:524} INFO - 24/10/24 01:20:29 INFO BlockManagerMaster: Registered BlockManager BlockManagerId(driver, de5108c6da1d, 40747, None)
[2024-10-24T01:20:29.979+0000] {spark_submit.py:524} INFO - 24/10/24 01:20:29 INFO BlockManager: Initialized BlockManager: BlockManagerId(driver, de5108c6da1d, 40747, None)
[2024-10-24T01:20:30.687+0000] {spark_submit.py:524} INFO - 24/10/24 01:20:30 INFO StandaloneSchedulerBackend: SchedulerBackend is ready for scheduling beginning after reached minRegisteredResourcesRatio: 0.0
[2024-10-24T01:20:31.232+0000] {spark_submit.py:524} INFO - Hello from Spark!
[2024-10-24T01:20:31.237+0000] {spark_submit.py:524} INFO - 24/10/24 01:20:31 INFO SparkContext: SparkContext is stopping with exitCode 0.
[2024-10-24T01:20:31.279+0000] {spark_submit.py:524} INFO - 24/10/24 01:20:31 INFO SparkUI: Stopped Spark web UI at http://de5108c6da1d:4040
[2024-10-24T01:20:31.300+0000] {spark_submit.py:524} INFO - 24/10/24 01:20:31 INFO StandaloneSchedulerBackend: Shutting down all executors
[2024-10-24T01:20:31.334+0000] {spark_submit.py:524} INFO - 24/10/24 01:20:31 INFO StandaloneSchedulerBackend$StandaloneDriverEndpoint: Asking each executor to shut down
[2024-10-24T01:20:31.435+0000] {spark_submit.py:524} INFO - 24/10/24 01:20:31 INFO MapOutputTrackerMasterEndpoint: MapOutputTrackerMasterEndpoint stopped!
[2024-10-24T01:20:31.579+0000] {spark_submit.py:524} INFO - 24/10/24 01:20:31 INFO MemoryStore: MemoryStore cleared
[2024-10-24T01:20:31.580+0000] {spark_submit.py:524} INFO - 24/10/24 01:20:31 INFO BlockManager: BlockManager stopped
[2024-10-24T01:20:31.654+0000] {spark_submit.py:524} INFO - 24/10/24 01:20:31 INFO BlockManagerMaster: BlockManagerMaster stopped
[2024-10-24T01:20:31.668+0000] {spark_submit.py:524} INFO - 24/10/24 01:20:31 INFO OutputCommitCoordinator$OutputCommitCoordinatorEndpoint: OutputCommitCoordinator stopped!
[2024-10-24T01:20:31.798+0000] {spark_submit.py:524} INFO - 24/10/24 01:20:31 INFO SparkContext: Successfully stopped SparkContext
[2024-10-24T01:20:32.386+0000] {spark_submit.py:524} INFO - 24/10/24 01:20:32 INFO ShutdownHookManager: Shutdown hook called
[2024-10-24T01:20:32.387+0000] {spark_submit.py:524} INFO - 24/10/24 01:20:32 INFO ShutdownHookManager: Deleting directory /tmp/spark-2f98ccfa-4d15-44ed-a1cd-d3efa5313ae7/pyspark-bf8b93a9-dc4f-4fdf-81a8-56b7f780e743
[2024-10-24T01:20:32.393+0000] {spark_submit.py:524} INFO - 24/10/24 01:20:32 INFO ShutdownHookManager: Deleting directory /tmp/spark-ff014fe2-a09a-42c2-b425-b27d91cd244d
[2024-10-24T01:20:32.399+0000] {spark_submit.py:524} INFO - 24/10/24 01:20:32 INFO ShutdownHookManager: Deleting directory /tmp/spark-2f98ccfa-4d15-44ed-a1cd-d3efa5313ae7
[2024-10-24T01:20:32.501+0000] {taskinstance.py:1398} INFO - Marking task as SUCCESS. dag_id=api_openbrewerydb_to_silver_gold, task_id=Silver, execution_date=20231116T080000, start_date=20241024T012019, end_date=20241024T012032
[2024-10-24T01:20:32.554+0000] {local_task_job_runner.py:228} INFO - Task exited with return code 0
[2024-10-24T01:20:32.595+0000] {taskinstance.py:2776} INFO - 1 downstream tasks scheduled from follow-on schedule check
