[2024-10-24T15:16:30.326+0000] {taskinstance.py:1157} INFO - Dependencies all met for dep_context=non-requeueable deps ti=<TaskInstance: api_openbrewerydb_to_silver_gold.Silver manual__2024-10-24T15:16:28.489076+00:00 [queued]>
[2024-10-24T15:16:30.333+0000] {taskinstance.py:1157} INFO - Dependencies all met for dep_context=requeueable deps ti=<TaskInstance: api_openbrewerydb_to_silver_gold.Silver manual__2024-10-24T15:16:28.489076+00:00 [queued]>
[2024-10-24T15:16:30.333+0000] {taskinstance.py:1359} INFO - Starting attempt 1 of 2
[2024-10-24T15:16:30.343+0000] {taskinstance.py:1380} INFO - Executing <Task(SparkSubmitOperator): Silver> on 2024-10-24 15:16:28.489076+00:00
[2024-10-24T15:16:30.347+0000] {standard_task_runner.py:57} INFO - Started process 463 to run task
[2024-10-24T15:16:30.349+0000] {standard_task_runner.py:84} INFO - Running: ['***', 'tasks', 'run', 'api_openbrewerydb_to_silver_gold', 'Silver', 'manual__2024-10-24T15:16:28.489076+00:00', '--job-id', '131', '--raw', '--subdir', 'DAGS_FOLDER/api_openbrewerydb_to_silver.py', '--cfg-path', '/tmp/tmprzl0s5q1']
[2024-10-24T15:16:30.352+0000] {standard_task_runner.py:85} INFO - Job 131: Subtask Silver
[2024-10-24T15:16:30.395+0000] {task_command.py:415} INFO - Running <TaskInstance: api_openbrewerydb_to_silver_gold.Silver manual__2024-10-24T15:16:28.489076+00:00 [running]> on host 707d0314e7cf
[2024-10-24T15:16:30.475+0000] {taskinstance.py:1660} INFO - Exporting env vars: AIRFLOW_CTX_DAG_OWNER='Rodrigo Araujo' AIRFLOW_CTX_DAG_ID='api_openbrewerydb_to_silver_gold' AIRFLOW_CTX_TASK_ID='Silver' AIRFLOW_CTX_EXECUTION_DATE='2024-10-24T15:16:28.489076+00:00' AIRFLOW_CTX_TRY_NUMBER='1' AIRFLOW_CTX_DAG_RUN_ID='manual__2024-10-24T15:16:28.489076+00:00'
[2024-10-24T15:16:30.487+0000] {base.py:73} INFO - Using connection ID 'spark-conn' for task execution.
[2024-10-24T15:16:30.487+0000] {spark_submit.py:363} INFO - Spark-Submit cmd: spark-submit --master spark://spark-master:7077 --name arrow-spark jobs/silver/api_openbrewerydb.py
[2024-10-24T15:16:34.100+0000] {spark_submit.py:524} INFO - 24/10/24 15:16:34 INFO SparkContext: Running Spark version 3.5.3
[2024-10-24T15:16:34.102+0000] {spark_submit.py:524} INFO - 24/10/24 15:16:34 INFO SparkContext: OS info Linux, 5.15.0-124-generic, amd64
[2024-10-24T15:16:34.102+0000] {spark_submit.py:524} INFO - 24/10/24 15:16:34 INFO SparkContext: Java version 17.0.13
[2024-10-24T15:16:34.154+0000] {spark_submit.py:524} INFO - 24/10/24 15:16:34 WARN NativeCodeLoader: Unable to load native-hadoop library for your platform... using builtin-java classes where applicable
[2024-10-24T15:16:34.233+0000] {spark_submit.py:524} INFO - 24/10/24 15:16:34 INFO ResourceUtils: ==============================================================
[2024-10-24T15:16:34.233+0000] {spark_submit.py:524} INFO - 24/10/24 15:16:34 INFO ResourceUtils: No custom resources configured for spark.driver.
[2024-10-24T15:16:34.234+0000] {spark_submit.py:524} INFO - 24/10/24 15:16:34 INFO ResourceUtils: ==============================================================
[2024-10-24T15:16:34.234+0000] {spark_submit.py:524} INFO - 24/10/24 15:16:34 INFO SparkContext: Submitted application: IngestaoSilver
[2024-10-24T15:16:34.254+0000] {spark_submit.py:524} INFO - 24/10/24 15:16:34 INFO ResourceProfile: Default ResourceProfile created, executor resources: Map(memory -> name: memory, amount: 1024, script: , vendor: , offHeap -> name: offHeap, amount: 0, script: , vendor: ), task resources: Map(cpus -> name: cpus, amount: 1.0)
[2024-10-24T15:16:34.263+0000] {spark_submit.py:524} INFO - 24/10/24 15:16:34 INFO ResourceProfile: Limiting resource is cpu
[2024-10-24T15:16:34.265+0000] {spark_submit.py:524} INFO - 24/10/24 15:16:34 INFO ResourceProfileManager: Added ResourceProfile id: 0
[2024-10-24T15:16:34.310+0000] {spark_submit.py:524} INFO - 24/10/24 15:16:34 INFO SecurityManager: Changing view acls to: ***
[2024-10-24T15:16:34.310+0000] {spark_submit.py:524} INFO - 24/10/24 15:16:34 INFO SecurityManager: Changing modify acls to: ***
[2024-10-24T15:16:34.311+0000] {spark_submit.py:524} INFO - 24/10/24 15:16:34 INFO SecurityManager: Changing view acls groups to:
[2024-10-24T15:16:34.312+0000] {spark_submit.py:524} INFO - 24/10/24 15:16:34 INFO SecurityManager: Changing modify acls groups to:
[2024-10-24T15:16:34.313+0000] {spark_submit.py:524} INFO - 24/10/24 15:16:34 INFO SecurityManager: SecurityManager: authentication disabled; ui acls disabled; users with view permissions: ***; groups with view permissions: EMPTY; users with modify permissions: ***; groups with modify permissions: EMPTY
[2024-10-24T15:16:34.531+0000] {spark_submit.py:524} INFO - 24/10/24 15:16:34 INFO Utils: Successfully started service 'sparkDriver' on port 45687.
[2024-10-24T15:16:34.556+0000] {spark_submit.py:524} INFO - 24/10/24 15:16:34 INFO SparkEnv: Registering MapOutputTracker
[2024-10-24T15:16:34.588+0000] {spark_submit.py:524} INFO - 24/10/24 15:16:34 INFO SparkEnv: Registering BlockManagerMaster
[2024-10-24T15:16:34.606+0000] {spark_submit.py:524} INFO - 24/10/24 15:16:34 INFO BlockManagerMasterEndpoint: Using org.apache.spark.storage.DefaultTopologyMapper for getting topology information
[2024-10-24T15:16:34.606+0000] {spark_submit.py:524} INFO - 24/10/24 15:16:34 INFO BlockManagerMasterEndpoint: BlockManagerMasterEndpoint up
[2024-10-24T15:16:34.609+0000] {spark_submit.py:524} INFO - 24/10/24 15:16:34 INFO SparkEnv: Registering BlockManagerMasterHeartbeat
[2024-10-24T15:16:34.633+0000] {spark_submit.py:524} INFO - 24/10/24 15:16:34 INFO DiskBlockManager: Created local directory at /tmp/blockmgr-85e30b3c-dc46-466a-80cf-8d21be61156f
[2024-10-24T15:16:34.651+0000] {spark_submit.py:524} INFO - 24/10/24 15:16:34 INFO MemoryStore: MemoryStore started with capacity 434.4 MiB
[2024-10-24T15:16:34.668+0000] {spark_submit.py:524} INFO - 24/10/24 15:16:34 INFO SparkEnv: Registering OutputCommitCoordinator
[2024-10-24T15:16:34.808+0000] {spark_submit.py:524} INFO - 24/10/24 15:16:34 INFO JettyUtils: Start Jetty 0.0.0.0:4040 for SparkUI
[2024-10-24T15:16:34.870+0000] {spark_submit.py:524} INFO - 24/10/24 15:16:34 INFO Utils: Successfully started service 'SparkUI' on port 4040.
[2024-10-24T15:16:34.985+0000] {spark_submit.py:524} INFO - 24/10/24 15:16:34 INFO StandaloneAppClient$ClientEndpoint: Connecting to master spark://spark-master:7077...
[2024-10-24T15:16:35.025+0000] {spark_submit.py:524} INFO - 24/10/24 15:16:35 INFO TransportClientFactory: Successfully created connection to spark-master/172.18.0.3:7077 after 20 ms (0 ms spent in bootstraps)
[2024-10-24T15:16:35.101+0000] {spark_submit.py:524} INFO - 24/10/24 15:16:35 INFO StandaloneSchedulerBackend: Connected to Spark cluster with app ID app-20241024151635-0001
[2024-10-24T15:16:35.104+0000] {spark_submit.py:524} INFO - 24/10/24 15:16:35 INFO StandaloneAppClient$ClientEndpoint: Executor added: app-20241024151635-0001/0 on worker-20241024151017-172.18.0.5-38001 (172.18.0.5:38001) with 2 core(s)
[2024-10-24T15:16:35.111+0000] {spark_submit.py:524} INFO - 24/10/24 15:16:35 INFO StandaloneSchedulerBackend: Granted executor ID app-20241024151635-0001/0 on hostPort 172.18.0.5:38001 with 2 core(s), 1024.0 MiB RAM
[2024-10-24T15:16:35.122+0000] {spark_submit.py:524} INFO - 24/10/24 15:16:35 INFO Utils: Successfully started service 'org.apache.spark.network.netty.NettyBlockTransferService' on port 35051.
[2024-10-24T15:16:35.123+0000] {spark_submit.py:524} INFO - 24/10/24 15:16:35 INFO NettyBlockTransferService: Server created on 707d0314e7cf:35051
[2024-10-24T15:16:35.126+0000] {spark_submit.py:524} INFO - 24/10/24 15:16:35 INFO BlockManager: Using org.apache.spark.storage.RandomBlockReplicationPolicy for block replication policy
[2024-10-24T15:16:35.145+0000] {spark_submit.py:524} INFO - 24/10/24 15:16:35 INFO BlockManagerMaster: Registering BlockManager BlockManagerId(driver, 707d0314e7cf, 35051, None)
[2024-10-24T15:16:35.153+0000] {spark_submit.py:524} INFO - 24/10/24 15:16:35 INFO BlockManagerMasterEndpoint: Registering block manager 707d0314e7cf:35051 with 434.4 MiB RAM, BlockManagerId(driver, 707d0314e7cf, 35051, None)
[2024-10-24T15:16:35.166+0000] {spark_submit.py:524} INFO - 24/10/24 15:16:35 INFO BlockManagerMaster: Registered BlockManager BlockManagerId(driver, 707d0314e7cf, 35051, None)
[2024-10-24T15:16:35.168+0000] {spark_submit.py:524} INFO - 24/10/24 15:16:35 INFO BlockManager: Initialized BlockManager: BlockManagerId(driver, 707d0314e7cf, 35051, None)
[2024-10-24T15:16:35.186+0000] {spark_submit.py:524} INFO - 24/10/24 15:16:35 INFO StandaloneAppClient$ClientEndpoint: Executor updated: app-20241024151635-0001/0 is now RUNNING
[2024-10-24T15:16:35.535+0000] {spark_submit.py:524} INFO - 24/10/24 15:16:35 INFO StandaloneSchedulerBackend: SchedulerBackend is ready for scheduling beginning after reached minRegisteredResourcesRatio: 0.0
[2024-10-24T15:16:35.841+0000] {spark_submit.py:524} INFO - Hello from Spark!
[2024-10-24T15:16:35.993+0000] {spark_submit.py:524} INFO - 24/10/24 15:16:35 INFO SharedState: Setting hive.metastore.warehouse.dir ('null') to the value of spark.sql.warehouse.dir.
[2024-10-24T15:16:36.016+0000] {spark_submit.py:524} INFO - 24/10/24 15:16:36 INFO SharedState: Warehouse path is 'file:/opt/***/spark-warehouse'.
[2024-10-24T15:16:37.824+0000] {spark_submit.py:524} INFO - Traceback (most recent call last):
[2024-10-24T15:16:37.825+0000] {spark_submit.py:524} INFO - File "/opt/***/jobs/silver/api_openbrewerydb.py", line 12, in <module>
[2024-10-24T15:16:37.825+0000] {spark_submit.py:524} INFO - df = spark.read.json(f"{path_bronze}/{formatted_date}/dados.json")
[2024-10-24T15:16:37.825+0000] {spark_submit.py:524} INFO - ^^^^^^^^^^^^^^^^^^^^^^^^^^^^^^^^^^^^^^^^^^^^^^^^^^^^^^^^^^^^^
[2024-10-24T15:16:37.825+0000] {spark_submit.py:524} INFO - File "/home/***/.local/lib/python3.11/site-packages/pyspark/python/lib/pyspark.zip/pyspark/sql/readwriter.py", line 425, in json
[2024-10-24T15:16:37.826+0000] {spark_submit.py:524} INFO - File "/home/***/.local/lib/python3.11/site-packages/pyspark/python/lib/py4j-0.10.9.7-src.zip/py4j/java_gateway.py", line 1322, in __call__
[2024-10-24T15:16:37.826+0000] {spark_submit.py:524} INFO - File "/home/***/.local/lib/python3.11/site-packages/pyspark/python/lib/pyspark.zip/pyspark/errors/exceptions/captured.py", line 185, in deco
[2024-10-24T15:16:37.841+0000] {spark_submit.py:524} INFO - pyspark.errors.exceptions.captured.AnalysisException: [PATH_NOT_FOUND] Path does not exist: file:/data-lake/bronze/20241024/dados.json.
[2024-10-24T15:16:37.912+0000] {spark_submit.py:524} INFO - 24/10/24 15:16:37 INFO SparkContext: Invoking stop() from shutdown hook
[2024-10-24T15:16:37.913+0000] {spark_submit.py:524} INFO - 24/10/24 15:16:37 INFO SparkContext: SparkContext is stopping with exitCode 0.
[2024-10-24T15:16:37.921+0000] {spark_submit.py:524} INFO - 24/10/24 15:16:37 INFO SparkUI: Stopped Spark web UI at http://707d0314e7cf:4040
[2024-10-24T15:16:37.925+0000] {spark_submit.py:524} INFO - 24/10/24 15:16:37 INFO StandaloneSchedulerBackend: Shutting down all executors
[2024-10-24T15:16:37.928+0000] {spark_submit.py:524} INFO - 24/10/24 15:16:37 INFO StandaloneSchedulerBackend$StandaloneDriverEndpoint: Asking each executor to shut down
[2024-10-24T15:16:37.944+0000] {spark_submit.py:524} INFO - 24/10/24 15:16:37 INFO MapOutputTrackerMasterEndpoint: MapOutputTrackerMasterEndpoint stopped!
[2024-10-24T15:16:37.955+0000] {spark_submit.py:524} INFO - 24/10/24 15:16:37 INFO MemoryStore: MemoryStore cleared
[2024-10-24T15:16:37.956+0000] {spark_submit.py:524} INFO - 24/10/24 15:16:37 INFO BlockManager: BlockManager stopped
[2024-10-24T15:16:37.963+0000] {spark_submit.py:524} INFO - 24/10/24 15:16:37 INFO BlockManagerMaster: BlockManagerMaster stopped
[2024-10-24T15:16:37.965+0000] {spark_submit.py:524} INFO - 24/10/24 15:16:37 INFO OutputCommitCoordinator$OutputCommitCoordinatorEndpoint: OutputCommitCoordinator stopped!
[2024-10-24T15:16:37.987+0000] {spark_submit.py:524} INFO - 24/10/24 15:16:37 INFO SparkContext: Successfully stopped SparkContext
[2024-10-24T15:16:37.987+0000] {spark_submit.py:524} INFO - 24/10/24 15:16:37 INFO ShutdownHookManager: Shutdown hook called
[2024-10-24T15:16:37.988+0000] {spark_submit.py:524} INFO - 24/10/24 15:16:37 INFO ShutdownHookManager: Deleting directory /tmp/spark-1b43ac50-043c-4835-b808-e0d6ffd7d313/pyspark-58664ae4-1dce-4c7e-b59b-668fc121253c
[2024-10-24T15:16:37.993+0000] {spark_submit.py:524} INFO - 24/10/24 15:16:37 INFO ShutdownHookManager: Deleting directory /tmp/spark-6b54502c-0086-4d7b-ab7a-371caf8d4464
[2024-10-24T15:16:37.997+0000] {spark_submit.py:524} INFO - 24/10/24 15:16:37 INFO ShutdownHookManager: Deleting directory /tmp/spark-1b43ac50-043c-4835-b808-e0d6ffd7d313
[2024-10-24T15:16:38.058+0000] {taskinstance.py:1935} ERROR - Task failed with exception
Traceback (most recent call last):
  File "/home/airflow/.local/lib/python3.11/site-packages/airflow/providers/apache/spark/operators/spark_submit.py", line 183, in execute
    self._hook.submit(self._application)
  File "/home/airflow/.local/lib/python3.11/site-packages/airflow/providers/apache/spark/hooks/spark_submit.py", line 451, in submit
    raise AirflowException(
airflow.exceptions.AirflowException: Cannot execute: spark-submit --master spark://spark-master:7077 --name arrow-spark jobs/silver/api_openbrewerydb.py. Error code is: 1.
[2024-10-24T15:16:38.061+0000] {taskinstance.py:1398} INFO - Marking task as UP_FOR_RETRY. dag_id=api_openbrewerydb_to_silver_gold, task_id=Silver, execution_date=20241024T151628, start_date=20241024T151630, end_date=20241024T151638
[2024-10-24T15:16:38.073+0000] {standard_task_runner.py:104} ERROR - Failed to execute job 131 for task Silver (Cannot execute: spark-submit --master spark://spark-master:7077 --name arrow-spark jobs/silver/api_openbrewerydb.py. Error code is: 1.; 463)
[2024-10-24T15:16:38.103+0000] {local_task_job_runner.py:228} INFO - Task exited with return code 1
[2024-10-24T15:16:38.154+0000] {taskinstance.py:2776} INFO - 0 downstream tasks scheduled from follow-on schedule check
