[2024-10-24T01:49:35.844+0000] {taskinstance.py:1157} INFO - Dependencies all met for dep_context=non-requeueable deps ti=<TaskInstance: api_openbrewerydb_to_silver_gold.Silver scheduled__2024-01-07T08:00:00+00:00 [queued]>
[2024-10-24T01:49:35.850+0000] {taskinstance.py:1157} INFO - Dependencies all met for dep_context=requeueable deps ti=<TaskInstance: api_openbrewerydb_to_silver_gold.Silver scheduled__2024-01-07T08:00:00+00:00 [queued]>
[2024-10-24T01:49:35.850+0000] {taskinstance.py:1359} INFO - Starting attempt 1 of 2
[2024-10-24T01:49:35.862+0000] {taskinstance.py:1380} INFO - Executing <Task(SparkSubmitOperator): Silver> on 2024-01-07 08:00:00+00:00
[2024-10-24T01:49:35.866+0000] {standard_task_runner.py:57} INFO - Started process 266 to run task
[2024-10-24T01:49:35.869+0000] {standard_task_runner.py:84} INFO - Running: ['***', 'tasks', 'run', 'api_openbrewerydb_to_silver_gold', 'Silver', 'scheduled__2024-01-07T08:00:00+00:00', '--job-id', '196', '--raw', '--subdir', 'DAGS_FOLDER/api_openbrewerydb_to_silver.py', '--cfg-path', '/tmp/tmpmeux9irs']
[2024-10-24T01:49:35.871+0000] {standard_task_runner.py:85} INFO - Job 196: Subtask Silver
[2024-10-24T01:49:35.926+0000] {task_command.py:415} INFO - Running <TaskInstance: api_openbrewerydb_to_silver_gold.Silver scheduled__2024-01-07T08:00:00+00:00 [running]> on host de5108c6da1d
[2024-10-24T01:49:36.012+0000] {taskinstance.py:1660} INFO - Exporting env vars: AIRFLOW_CTX_DAG_OWNER='Rodrigo Araujo' AIRFLOW_CTX_DAG_ID='api_openbrewerydb_to_silver_gold' AIRFLOW_CTX_TASK_ID='Silver' AIRFLOW_CTX_EXECUTION_DATE='2024-01-07T08:00:00+00:00' AIRFLOW_CTX_TRY_NUMBER='1' AIRFLOW_CTX_DAG_RUN_ID='scheduled__2024-01-07T08:00:00+00:00'
[2024-10-24T01:49:36.024+0000] {base.py:73} INFO - Using connection ID 'spark-conn' for task execution.
[2024-10-24T01:49:36.024+0000] {spark_submit.py:363} INFO - Spark-Submit cmd: spark-submit --master spark://spark-master:7077 --name arrow-spark --queue root.default jobs/silver/api_openbrewerydb.py
[2024-10-24T01:49:39.244+0000] {spark_submit.py:524} INFO - 24/10/24 01:49:39 INFO SparkContext: Running Spark version 3.5.3
[2024-10-24T01:49:39.246+0000] {spark_submit.py:524} INFO - 24/10/24 01:49:39 INFO SparkContext: OS info Linux, 5.15.0-124-generic, amd64
[2024-10-24T01:49:39.246+0000] {spark_submit.py:524} INFO - 24/10/24 01:49:39 INFO SparkContext: Java version 11.0.25
[2024-10-24T01:49:39.324+0000] {spark_submit.py:524} INFO - 24/10/24 01:49:39 WARN NativeCodeLoader: Unable to load native-hadoop library for your platform... using builtin-java classes where applicable
[2024-10-24T01:49:39.423+0000] {spark_submit.py:524} INFO - 24/10/24 01:49:39 INFO ResourceUtils: ==============================================================
[2024-10-24T01:49:39.424+0000] {spark_submit.py:524} INFO - 24/10/24 01:49:39 INFO ResourceUtils: No custom resources configured for spark.driver.
[2024-10-24T01:49:39.424+0000] {spark_submit.py:524} INFO - 24/10/24 01:49:39 INFO ResourceUtils: ==============================================================
[2024-10-24T01:49:39.425+0000] {spark_submit.py:524} INFO - 24/10/24 01:49:39 INFO SparkContext: Submitted application: IngestaoSilver
[2024-10-24T01:49:39.458+0000] {spark_submit.py:524} INFO - 24/10/24 01:49:39 INFO ResourceProfile: Default ResourceProfile created, executor resources: Map(memory -> name: memory, amount: 1024, script: , vendor: , offHeap -> name: offHeap, amount: 0, script: , vendor: ), task resources: Map(cpus -> name: cpus, amount: 1.0)
[2024-10-24T01:49:39.475+0000] {spark_submit.py:524} INFO - 24/10/24 01:49:39 INFO ResourceProfile: Limiting resource is cpu
[2024-10-24T01:49:39.476+0000] {spark_submit.py:524} INFO - 24/10/24 01:49:39 INFO ResourceProfileManager: Added ResourceProfile id: 0
[2024-10-24T01:49:39.691+0000] {spark_submit.py:524} INFO - 24/10/24 01:49:39 INFO SecurityManager: Changing view acls to: ***
[2024-10-24T01:49:39.694+0000] {spark_submit.py:524} INFO - 24/10/24 01:49:39 INFO SecurityManager: Changing modify acls to: ***
[2024-10-24T01:49:39.696+0000] {spark_submit.py:524} INFO - 24/10/24 01:49:39 INFO SecurityManager: Changing view acls groups to:
[2024-10-24T01:49:39.698+0000] {spark_submit.py:524} INFO - 24/10/24 01:49:39 INFO SecurityManager: Changing modify acls groups to:
[2024-10-24T01:49:39.700+0000] {spark_submit.py:524} INFO - 24/10/24 01:49:39 INFO SecurityManager: SecurityManager: authentication disabled; ui acls disabled; users with view permissions: ***; groups with view permissions: EMPTY; users with modify permissions: ***; groups with modify permissions: EMPTY
[2024-10-24T01:49:40.310+0000] {spark_submit.py:524} INFO - 24/10/24 01:49:40 INFO Utils: Successfully started service 'sparkDriver' on port 41861.
[2024-10-24T01:49:40.360+0000] {spark_submit.py:524} INFO - 24/10/24 01:49:40 INFO SparkEnv: Registering MapOutputTracker
[2024-10-24T01:49:40.420+0000] {spark_submit.py:524} INFO - 24/10/24 01:49:40 INFO SparkEnv: Registering BlockManagerMaster
[2024-10-24T01:49:40.452+0000] {spark_submit.py:524} INFO - 24/10/24 01:49:40 INFO BlockManagerMasterEndpoint: Using org.apache.spark.storage.DefaultTopologyMapper for getting topology information
[2024-10-24T01:49:40.453+0000] {spark_submit.py:524} INFO - 24/10/24 01:49:40 INFO BlockManagerMasterEndpoint: BlockManagerMasterEndpoint up
[2024-10-24T01:49:40.459+0000] {spark_submit.py:524} INFO - 24/10/24 01:49:40 INFO SparkEnv: Registering BlockManagerMasterHeartbeat
[2024-10-24T01:49:40.496+0000] {spark_submit.py:524} INFO - 24/10/24 01:49:40 INFO DiskBlockManager: Created local directory at /tmp/blockmgr-5a19948f-c52c-4fd4-af44-b6a3cd2c219b
[2024-10-24T01:49:40.516+0000] {spark_submit.py:524} INFO - 24/10/24 01:49:40 INFO MemoryStore: MemoryStore started with capacity 434.4 MiB
[2024-10-24T01:49:40.535+0000] {spark_submit.py:524} INFO - 24/10/24 01:49:40 INFO SparkEnv: Registering OutputCommitCoordinator
[2024-10-24T01:49:40.713+0000] {spark_submit.py:524} INFO - 24/10/24 01:49:40 INFO JettyUtils: Start Jetty 0.0.0.0:4040 for SparkUI
[2024-10-24T01:49:40.773+0000] {spark_submit.py:524} INFO - 24/10/24 01:49:40 INFO Utils: Successfully started service 'SparkUI' on port 4040.
[2024-10-24T01:49:40.908+0000] {spark_submit.py:524} INFO - 24/10/24 01:49:40 INFO StandaloneAppClient$ClientEndpoint: Connecting to master spark://spark-master:7077...
[2024-10-24T01:49:40.969+0000] {spark_submit.py:524} INFO - 24/10/24 01:49:40 INFO TransportClientFactory: Successfully created connection to spark-master/172.22.0.3:7077 after 36 ms (0 ms spent in bootstraps)
[2024-10-24T01:49:41.133+0000] {spark_submit.py:524} INFO - 24/10/24 01:49:41 INFO StandaloneSchedulerBackend: Connected to Spark cluster with app ID app-20241024014941-0000
[2024-10-24T01:49:41.155+0000] {spark_submit.py:524} INFO - 24/10/24 01:49:41 INFO Utils: Successfully started service 'org.apache.spark.network.netty.NettyBlockTransferService' on port 46343.
[2024-10-24T01:49:41.155+0000] {spark_submit.py:524} INFO - 24/10/24 01:49:41 INFO NettyBlockTransferService: Server created on de5108c6da1d:46343
[2024-10-24T01:49:41.159+0000] {spark_submit.py:524} INFO - 24/10/24 01:49:41 INFO BlockManager: Using org.apache.spark.storage.RandomBlockReplicationPolicy for block replication policy
[2024-10-24T01:49:41.178+0000] {spark_submit.py:524} INFO - 24/10/24 01:49:41 INFO BlockManagerMaster: Registering BlockManager BlockManagerId(driver, de5108c6da1d, 46343, None)
[2024-10-24T01:49:41.183+0000] {spark_submit.py:524} INFO - 24/10/24 01:49:41 INFO StandaloneAppClient$ClientEndpoint: Executor added: app-20241024014941-0000/0 on worker-20241024014549-172.22.0.5-40403 (172.22.0.5:40403) with 2 core(s)
[2024-10-24T01:49:41.187+0000] {spark_submit.py:524} INFO - 24/10/24 01:49:41 INFO BlockManagerMasterEndpoint: Registering block manager de5108c6da1d:46343 with 434.4 MiB RAM, BlockManagerId(driver, de5108c6da1d, 46343, None)
[2024-10-24T01:49:41.188+0000] {spark_submit.py:524} INFO - 24/10/24 01:49:41 INFO StandaloneSchedulerBackend: Granted executor ID app-20241024014941-0000/0 on hostPort 172.22.0.5:40403 with 2 core(s), 1024.0 MiB RAM
[2024-10-24T01:49:41.193+0000] {spark_submit.py:524} INFO - 24/10/24 01:49:41 INFO BlockManagerMaster: Registered BlockManager BlockManagerId(driver, de5108c6da1d, 46343, None)
[2024-10-24T01:49:41.196+0000] {spark_submit.py:524} INFO - 24/10/24 01:49:41 INFO BlockManager: Initialized BlockManager: BlockManagerId(driver, de5108c6da1d, 46343, None)
[2024-10-24T01:49:41.436+0000] {spark_submit.py:524} INFO - 24/10/24 01:49:41 INFO StandaloneAppClient$ClientEndpoint: Executor updated: app-20241024014941-0000/0 is now RUNNING
[2024-10-24T01:49:41.689+0000] {spark_submit.py:524} INFO - 24/10/24 01:49:41 INFO StandaloneSchedulerBackend: SchedulerBackend is ready for scheduling beginning after reached minRegisteredResourcesRatio: 0.0
[2024-10-24T01:49:41.933+0000] {spark_submit.py:524} INFO - Hello from Spark!
[2024-10-24T01:49:41.934+0000] {spark_submit.py:524} INFO - 24/10/24 01:49:41 INFO SparkContext: SparkContext is stopping with exitCode 0.
[2024-10-24T01:49:41.947+0000] {spark_submit.py:524} INFO - 24/10/24 01:49:41 INFO SparkUI: Stopped Spark web UI at http://de5108c6da1d:4040
[2024-10-24T01:49:41.955+0000] {spark_submit.py:524} INFO - 24/10/24 01:49:41 INFO StandaloneSchedulerBackend: Shutting down all executors
[2024-10-24T01:49:41.960+0000] {spark_submit.py:524} INFO - 24/10/24 01:49:41 INFO StandaloneSchedulerBackend$StandaloneDriverEndpoint: Asking each executor to shut down
[2024-10-24T01:49:41.991+0000] {spark_submit.py:524} INFO - 24/10/24 01:49:41 INFO MapOutputTrackerMasterEndpoint: MapOutputTrackerMasterEndpoint stopped!
[2024-10-24T01:49:42.034+0000] {spark_submit.py:524} INFO - 24/10/24 01:49:42 INFO MemoryStore: MemoryStore cleared
[2024-10-24T01:49:42.037+0000] {spark_submit.py:524} INFO - 24/10/24 01:49:42 INFO BlockManager: BlockManager stopped
[2024-10-24T01:49:42.046+0000] {spark_submit.py:524} INFO - 24/10/24 01:49:42 INFO BlockManagerMaster: BlockManagerMaster stopped
[2024-10-24T01:49:42.050+0000] {spark_submit.py:524} INFO - 24/10/24 01:49:42 INFO OutputCommitCoordinator$OutputCommitCoordinatorEndpoint: OutputCommitCoordinator stopped!
[2024-10-24T01:49:42.074+0000] {spark_submit.py:524} INFO - 24/10/24 01:49:42 INFO SparkContext: Successfully stopped SparkContext
[2024-10-24T01:49:42.326+0000] {spark_submit.py:524} INFO - 24/10/24 01:49:42 INFO ShutdownHookManager: Shutdown hook called
[2024-10-24T01:49:42.327+0000] {spark_submit.py:524} INFO - 24/10/24 01:49:42 INFO ShutdownHookManager: Deleting directory /tmp/spark-41df9904-1562-4b1f-84c5-64e001740ac5
[2024-10-24T01:49:42.331+0000] {spark_submit.py:524} INFO - 24/10/24 01:49:42 INFO ShutdownHookManager: Deleting directory /tmp/spark-a6f24008-4a78-4db0-914d-25c50a84f1d2
[2024-10-24T01:49:42.334+0000] {spark_submit.py:524} INFO - 24/10/24 01:49:42 INFO ShutdownHookManager: Deleting directory /tmp/spark-41df9904-1562-4b1f-84c5-64e001740ac5/pyspark-d91b9a94-38e8-4330-bf7d-fdc1d554a107
[2024-10-24T01:49:42.419+0000] {taskinstance.py:1398} INFO - Marking task as SUCCESS. dag_id=api_openbrewerydb_to_silver_gold, task_id=Silver, execution_date=20240107T080000, start_date=20241024T014935, end_date=20241024T014942
[2024-10-24T01:49:42.478+0000] {local_task_job_runner.py:228} INFO - Task exited with return code 0
[2024-10-24T01:49:42.501+0000] {taskinstance.py:2776} INFO - 1 downstream tasks scheduled from follow-on schedule check
