[2024-10-24T18:20:17.490+0000] {taskinstance.py:1157} INFO - Dependencies all met for dep_context=non-requeueable deps ti=<TaskInstance: api_openbrewerydb_to_silver_gold.Silver manual__2024-10-24T18:20:16.429063+00:00 [queued]>
[2024-10-24T18:20:17.499+0000] {taskinstance.py:1157} INFO - Dependencies all met for dep_context=requeueable deps ti=<TaskInstance: api_openbrewerydb_to_silver_gold.Silver manual__2024-10-24T18:20:16.429063+00:00 [queued]>
[2024-10-24T18:20:17.499+0000] {taskinstance.py:1359} INFO - Starting attempt 1 of 2
[2024-10-24T18:20:17.509+0000] {taskinstance.py:1380} INFO - Executing <Task(SparkSubmitOperator): Silver> on 2024-10-24 18:20:16.429063+00:00
[2024-10-24T18:20:17.514+0000] {standard_task_runner.py:57} INFO - Started process 1112 to run task
[2024-10-24T18:20:17.516+0000] {standard_task_runner.py:84} INFO - Running: ['***', 'tasks', 'run', 'api_openbrewerydb_to_silver_gold', 'Silver', 'manual__2024-10-24T18:20:16.429063+00:00', '--job-id', '178', '--raw', '--subdir', 'DAGS_FOLDER/api_openbrewerydb_to_silver.py', '--cfg-path', '/tmp/tmpn8cibep3']
[2024-10-24T18:20:17.518+0000] {standard_task_runner.py:85} INFO - Job 178: Subtask Silver
[2024-10-24T18:20:17.567+0000] {task_command.py:415} INFO - Running <TaskInstance: api_openbrewerydb_to_silver_gold.Silver manual__2024-10-24T18:20:16.429063+00:00 [running]> on host f55139681ae8
[2024-10-24T18:20:17.670+0000] {taskinstance.py:1660} INFO - Exporting env vars: AIRFLOW_CTX_DAG_OWNER='Rodrigo Araujo' AIRFLOW_CTX_DAG_ID='api_openbrewerydb_to_silver_gold' AIRFLOW_CTX_TASK_ID='Silver' AIRFLOW_CTX_EXECUTION_DATE='2024-10-24T18:20:16.429063+00:00' AIRFLOW_CTX_TRY_NUMBER='1' AIRFLOW_CTX_DAG_RUN_ID='manual__2024-10-24T18:20:16.429063+00:00'
[2024-10-24T18:20:17.682+0000] {base.py:73} INFO - Using connection ID 'spark-conn' for task execution.
[2024-10-24T18:20:17.683+0000] {spark_submit.py:363} INFO - Spark-Submit cmd: spark-submit --master spark://spark-master:7077 --name arrow-spark jobs/silver/api_openbrewerydb.py
[2024-10-24T18:20:19.769+0000] {spark_submit.py:524} INFO - 24/10/24 18:20:19 INFO SparkContext: Running Spark version 3.5.0
[2024-10-24T18:20:19.770+0000] {spark_submit.py:524} INFO - 24/10/24 18:20:19 INFO SparkContext: OS info Linux, 5.15.0-124-generic, amd64
[2024-10-24T18:20:19.771+0000] {spark_submit.py:524} INFO - 24/10/24 18:20:19 INFO SparkContext: Java version 17.0.13
[2024-10-24T18:20:19.815+0000] {spark_submit.py:524} INFO - 24/10/24 18:20:19 WARN NativeCodeLoader: Unable to load native-hadoop library for your platform... using builtin-java classes where applicable
[2024-10-24T18:20:19.883+0000] {spark_submit.py:524} INFO - 24/10/24 18:20:19 INFO ResourceUtils: ==============================================================
[2024-10-24T18:20:19.884+0000] {spark_submit.py:524} INFO - 24/10/24 18:20:19 INFO ResourceUtils: No custom resources configured for spark.driver.
[2024-10-24T18:20:19.884+0000] {spark_submit.py:524} INFO - 24/10/24 18:20:19 INFO ResourceUtils: ==============================================================
[2024-10-24T18:20:19.884+0000] {spark_submit.py:524} INFO - 24/10/24 18:20:19 INFO SparkContext: Submitted application: IngestaoSilver
[2024-10-24T18:20:19.900+0000] {spark_submit.py:524} INFO - 24/10/24 18:20:19 INFO ResourceProfile: Default ResourceProfile created, executor resources: Map(memory -> name: memory, amount: 1024, script: , vendor: , offHeap -> name: offHeap, amount: 0, script: , vendor: ), task resources: Map(cpus -> name: cpus, amount: 1.0)
[2024-10-24T18:20:19.908+0000] {spark_submit.py:524} INFO - 24/10/24 18:20:19 INFO ResourceProfile: Limiting resource is cpu
[2024-10-24T18:20:19.908+0000] {spark_submit.py:524} INFO - 24/10/24 18:20:19 INFO ResourceProfileManager: Added ResourceProfile id: 0
[2024-10-24T18:20:19.945+0000] {spark_submit.py:524} INFO - 24/10/24 18:20:19 INFO SecurityManager: Changing view acls to: root
[2024-10-24T18:20:19.946+0000] {spark_submit.py:524} INFO - 24/10/24 18:20:19 INFO SecurityManager: Changing modify acls to: root
[2024-10-24T18:20:19.946+0000] {spark_submit.py:524} INFO - 24/10/24 18:20:19 INFO SecurityManager: Changing view acls groups to:
[2024-10-24T18:20:19.946+0000] {spark_submit.py:524} INFO - 24/10/24 18:20:19 INFO SecurityManager: Changing modify acls groups to:
[2024-10-24T18:20:19.947+0000] {spark_submit.py:524} INFO - 24/10/24 18:20:19 INFO SecurityManager: SecurityManager: authentication disabled; ui acls disabled; users with view permissions: root; groups with view permissions: EMPTY; users with modify permissions: root; groups with modify permissions: EMPTY
[2024-10-24T18:20:20.125+0000] {spark_submit.py:524} INFO - 24/10/24 18:20:20 INFO Utils: Successfully started service 'sparkDriver' on port 33935.
[2024-10-24T18:20:20.144+0000] {spark_submit.py:524} INFO - 24/10/24 18:20:20 INFO SparkEnv: Registering MapOutputTracker
[2024-10-24T18:20:20.168+0000] {spark_submit.py:524} INFO - 24/10/24 18:20:20 INFO SparkEnv: Registering BlockManagerMaster
[2024-10-24T18:20:20.183+0000] {spark_submit.py:524} INFO - 24/10/24 18:20:20 INFO BlockManagerMasterEndpoint: Using org.apache.spark.storage.DefaultTopologyMapper for getting topology information
[2024-10-24T18:20:20.183+0000] {spark_submit.py:524} INFO - 24/10/24 18:20:20 INFO BlockManagerMasterEndpoint: BlockManagerMasterEndpoint up
[2024-10-24T18:20:20.186+0000] {spark_submit.py:524} INFO - 24/10/24 18:20:20 INFO SparkEnv: Registering BlockManagerMasterHeartbeat
[2024-10-24T18:20:20.203+0000] {spark_submit.py:524} INFO - 24/10/24 18:20:20 INFO DiskBlockManager: Created local directory at /tmp/blockmgr-a3f675e7-f2f8-422a-8f84-4e3bf5643369
[2024-10-24T18:20:20.217+0000] {spark_submit.py:524} INFO - 24/10/24 18:20:20 INFO MemoryStore: MemoryStore started with capacity 434.4 MiB
[2024-10-24T18:20:20.231+0000] {spark_submit.py:524} INFO - 24/10/24 18:20:20 INFO SparkEnv: Registering OutputCommitCoordinator
[2024-10-24T18:20:20.342+0000] {spark_submit.py:524} INFO - 24/10/24 18:20:20 INFO JettyUtils: Start Jetty 0.0.0.0:4040 for SparkUI
[2024-10-24T18:20:20.389+0000] {spark_submit.py:524} INFO - 24/10/24 18:20:20 INFO Utils: Successfully started service 'SparkUI' on port 4040.
[2024-10-24T18:20:20.484+0000] {spark_submit.py:524} INFO - 24/10/24 18:20:20 INFO StandaloneAppClient$ClientEndpoint: Connecting to master spark://spark-master:7077...
[2024-10-24T18:20:20.522+0000] {spark_submit.py:524} INFO - 24/10/24 18:20:20 INFO TransportClientFactory: Successfully created connection to spark-master/172.18.0.3:7077 after 21 ms (0 ms spent in bootstraps)
[2024-10-24T18:20:20.593+0000] {spark_submit.py:524} INFO - 24/10/24 18:20:20 INFO StandaloneSchedulerBackend: Connected to Spark cluster with app ID app-20241024182020-0004
[2024-10-24T18:20:20.598+0000] {spark_submit.py:524} INFO - 24/10/24 18:20:20 INFO StandaloneAppClient$ClientEndpoint: Executor added: app-20241024182020-0004/0 on worker-20241024181336-172.18.0.5-36873 (172.18.0.5:36873) with 2 core(s)
[2024-10-24T18:20:20.600+0000] {spark_submit.py:524} INFO - 24/10/24 18:20:20 INFO StandaloneSchedulerBackend: Granted executor ID app-20241024182020-0004/0 on hostPort 172.18.0.5:36873 with 2 core(s), 1024.0 MiB RAM
[2024-10-24T18:20:20.606+0000] {spark_submit.py:524} INFO - 24/10/24 18:20:20 INFO Utils: Successfully started service 'org.apache.spark.network.netty.NettyBlockTransferService' on port 35331.
[2024-10-24T18:20:20.606+0000] {spark_submit.py:524} INFO - 24/10/24 18:20:20 INFO NettyBlockTransferService: Server created on f55139681ae8:35331
[2024-10-24T18:20:20.610+0000] {spark_submit.py:524} INFO - 24/10/24 18:20:20 INFO BlockManager: Using org.apache.spark.storage.RandomBlockReplicationPolicy for block replication policy
[2024-10-24T18:20:20.624+0000] {spark_submit.py:524} INFO - 24/10/24 18:20:20 INFO BlockManagerMaster: Registering BlockManager BlockManagerId(driver, f55139681ae8, 35331, None)
[2024-10-24T18:20:20.632+0000] {spark_submit.py:524} INFO - 24/10/24 18:20:20 INFO BlockManagerMasterEndpoint: Registering block manager f55139681ae8:35331 with 434.4 MiB RAM, BlockManagerId(driver, f55139681ae8, 35331, None)
[2024-10-24T18:20:20.633+0000] {spark_submit.py:524} INFO - 24/10/24 18:20:20 INFO BlockManagerMaster: Registered BlockManager BlockManagerId(driver, f55139681ae8, 35331, None)
[2024-10-24T18:20:20.636+0000] {spark_submit.py:524} INFO - 24/10/24 18:20:20 INFO BlockManager: Initialized BlockManager: BlockManagerId(driver, f55139681ae8, 35331, None)
[2024-10-24T18:20:20.645+0000] {spark_submit.py:524} INFO - 24/10/24 18:20:20 INFO StandaloneAppClient$ClientEndpoint: Executor updated: app-20241024182020-0004/0 is now RUNNING
[2024-10-24T18:20:20.860+0000] {spark_submit.py:524} INFO - 24/10/24 18:20:20 INFO StandaloneSchedulerBackend: SchedulerBackend is ready for scheduling beginning after reached minRegisteredResourcesRatio: 0.0
[2024-10-24T18:20:21.107+0000] {spark_submit.py:524} INFO - 24/10/24 18:20:21 INFO SharedState: Setting hive.metastore.warehouse.dir ('null') to the value of spark.sql.warehouse.dir.
[2024-10-24T18:20:21.114+0000] {spark_submit.py:524} INFO - 24/10/24 18:20:21 INFO SharedState: Warehouse path is 'file:/opt/***/spark-warehouse'.
[2024-10-24T18:20:22.127+0000] {spark_submit.py:524} INFO - 24/10/24 18:20:22 INFO InMemoryFileIndex: It took 37 ms to list leaf files for 1 paths.
[2024-10-24T18:20:22.198+0000] {spark_submit.py:524} INFO - 24/10/24 18:20:22 INFO InMemoryFileIndex: It took 7 ms to list leaf files for 1 paths.
[2024-10-24T18:20:23.367+0000] {spark_submit.py:524} INFO - 24/10/24 18:20:23 INFO StandaloneSchedulerBackend$StandaloneDriverEndpoint: Registered executor NettyRpcEndpointRef(spark-client://Executor) (172.18.0.5:57010) with ID 0,  ResourceProfileId 0
[2024-10-24T18:20:23.461+0000] {spark_submit.py:524} INFO - 24/10/24 18:20:23 INFO BlockManagerMasterEndpoint: Registering block manager 172.18.0.5:36031 with 434.4 MiB RAM, BlockManagerId(0, 172.18.0.5, 36031, None)
[2024-10-24T18:20:24.411+0000] {spark_submit.py:524} INFO - 24/10/24 18:20:24 INFO FileSourceStrategy: Pushed Filters:
[2024-10-24T18:20:24.422+0000] {spark_submit.py:524} INFO - 24/10/24 18:20:24 INFO FileSourceStrategy: Post-Scan Filters:
[2024-10-24T18:20:24.636+0000] {spark_submit.py:524} INFO - 24/10/24 18:20:24 INFO MemoryStore: Block broadcast_0 stored as values in memory (estimated size 199.2 KiB, free 434.2 MiB)
[2024-10-24T18:20:24.687+0000] {spark_submit.py:524} INFO - 24/10/24 18:20:24 INFO MemoryStore: Block broadcast_0_piece0 stored as bytes in memory (estimated size 34.2 KiB, free 434.2 MiB)
[2024-10-24T18:20:24.689+0000] {spark_submit.py:524} INFO - 24/10/24 18:20:24 INFO BlockManagerInfo: Added broadcast_0_piece0 in memory on f55139681ae8:35331 (size: 34.2 KiB, free: 434.4 MiB)
[2024-10-24T18:20:24.695+0000] {spark_submit.py:524} INFO - 24/10/24 18:20:24 INFO SparkContext: Created broadcast 0 from json at NativeMethodAccessorImpl.java:0
[2024-10-24T18:20:24.708+0000] {spark_submit.py:524} INFO - 24/10/24 18:20:24 INFO FileSourceScanExec: Planning scan with bin packing, max size: 4194304 bytes, open cost is considered as scanning 4194304 bytes.
[2024-10-24T18:20:24.832+0000] {spark_submit.py:524} INFO - 24/10/24 18:20:24 INFO SparkContext: Starting job: json at NativeMethodAccessorImpl.java:0
[2024-10-24T18:20:24.848+0000] {spark_submit.py:524} INFO - 24/10/24 18:20:24 INFO DAGScheduler: Got job 0 (json at NativeMethodAccessorImpl.java:0) with 1 output partitions
[2024-10-24T18:20:24.849+0000] {spark_submit.py:524} INFO - 24/10/24 18:20:24 INFO DAGScheduler: Final stage: ResultStage 0 (json at NativeMethodAccessorImpl.java:0)
[2024-10-24T18:20:24.849+0000] {spark_submit.py:524} INFO - 24/10/24 18:20:24 INFO DAGScheduler: Parents of final stage: List()
[2024-10-24T18:20:24.851+0000] {spark_submit.py:524} INFO - 24/10/24 18:20:24 INFO DAGScheduler: Missing parents: List()
[2024-10-24T18:20:24.855+0000] {spark_submit.py:524} INFO - 24/10/24 18:20:24 INFO DAGScheduler: Submitting ResultStage 0 (MapPartitionsRDD[3] at json at NativeMethodAccessorImpl.java:0), which has no missing parents
[2024-10-24T18:20:24.917+0000] {spark_submit.py:524} INFO - 24/10/24 18:20:24 INFO MemoryStore: Block broadcast_1 stored as values in memory (estimated size 16.0 KiB, free 434.2 MiB)
[2024-10-24T18:20:24.922+0000] {spark_submit.py:524} INFO - 24/10/24 18:20:24 INFO MemoryStore: Block broadcast_1_piece0 stored as bytes in memory (estimated size 7.5 KiB, free 434.1 MiB)
[2024-10-24T18:20:24.923+0000] {spark_submit.py:524} INFO - 24/10/24 18:20:24 INFO BlockManagerInfo: Added broadcast_1_piece0 in memory on f55139681ae8:35331 (size: 7.5 KiB, free: 434.4 MiB)
[2024-10-24T18:20:24.924+0000] {spark_submit.py:524} INFO - 24/10/24 18:20:24 INFO SparkContext: Created broadcast 1 from broadcast at DAGScheduler.scala:1580
[2024-10-24T18:20:24.939+0000] {spark_submit.py:524} INFO - 24/10/24 18:20:24 INFO DAGScheduler: Submitting 1 missing tasks from ResultStage 0 (MapPartitionsRDD[3] at json at NativeMethodAccessorImpl.java:0) (first 15 tasks are for partitions Vector(0))
[2024-10-24T18:20:24.940+0000] {spark_submit.py:524} INFO - 24/10/24 18:20:24 INFO TaskSchedulerImpl: Adding task set 0.0 with 1 tasks resource profile 0
[2024-10-24T18:20:24.966+0000] {spark_submit.py:524} INFO - 24/10/24 18:20:24 INFO TaskSetManager: Starting task 0.0 in stage 0.0 (TID 0) (172.18.0.5, executor 0, partition 0, PROCESS_LOCAL, 8252 bytes)
[2024-10-24T18:20:25.177+0000] {spark_submit.py:524} INFO - 24/10/24 18:20:25 INFO BlockManagerInfo: Added broadcast_1_piece0 in memory on 172.18.0.5:36031 (size: 7.5 KiB, free: 434.4 MiB)
[2024-10-24T18:20:26.077+0000] {spark_submit.py:524} INFO - 24/10/24 18:20:26 INFO BlockManagerInfo: Added broadcast_0_piece0 in memory on 172.18.0.5:36031 (size: 34.2 KiB, free: 434.4 MiB)
[2024-10-24T18:20:26.311+0000] {spark_submit.py:524} INFO - 24/10/24 18:20:26 INFO TaskSetManager: Finished task 0.0 in stage 0.0 (TID 0) in 1352 ms on 172.18.0.5 (executor 0) (1/1)
[2024-10-24T18:20:26.314+0000] {spark_submit.py:524} INFO - 24/10/24 18:20:26 INFO TaskSchedulerImpl: Removed TaskSet 0.0, whose tasks have all completed, from pool
[2024-10-24T18:20:26.321+0000] {spark_submit.py:524} INFO - 24/10/24 18:20:26 INFO DAGScheduler: ResultStage 0 (json at NativeMethodAccessorImpl.java:0) finished in 1.454 s
[2024-10-24T18:20:26.324+0000] {spark_submit.py:524} INFO - 24/10/24 18:20:26 INFO DAGScheduler: Job 0 is finished. Cancelling potential speculative or zombie tasks for this job
[2024-10-24T18:20:26.325+0000] {spark_submit.py:524} INFO - 24/10/24 18:20:26 INFO TaskSchedulerImpl: Killing all running tasks in stage 0: Stage finished
[2024-10-24T18:20:26.331+0000] {spark_submit.py:524} INFO - 24/10/24 18:20:26 INFO DAGScheduler: Job 0 finished: json at NativeMethodAccessorImpl.java:0, took 1.496393 s
[2024-10-24T18:20:26.373+0000] {spark_submit.py:524} INFO - Leitura realizada com sucesso!
[2024-10-24T18:20:26.818+0000] {spark_submit.py:524} INFO - 24/10/24 18:20:26 INFO FileSourceStrategy: Pushed Filters:
[2024-10-24T18:20:26.819+0000] {spark_submit.py:524} INFO - 24/10/24 18:20:26 INFO FileSourceStrategy: Post-Scan Filters:
[2024-10-24T18:20:27.284+0000] {spark_submit.py:524} INFO - 24/10/24 18:20:27 INFO BlockManagerInfo: Removed broadcast_0_piece0 on f55139681ae8:35331 in memory (size: 34.2 KiB, free: 434.4 MiB)
[2024-10-24T18:20:27.300+0000] {spark_submit.py:524} INFO - 24/10/24 18:20:27 INFO BlockManagerInfo: Removed broadcast_0_piece0 on 172.18.0.5:36031 in memory (size: 34.2 KiB, free: 434.4 MiB)
[2024-10-24T18:20:27.315+0000] {spark_submit.py:524} INFO - 24/10/24 18:20:27 INFO BlockManagerInfo: Removed broadcast_1_piece0 on f55139681ae8:35331 in memory (size: 7.5 KiB, free: 434.4 MiB)
[2024-10-24T18:20:27.321+0000] {spark_submit.py:524} INFO - 24/10/24 18:20:27 INFO BlockManagerInfo: Removed broadcast_1_piece0 on 172.18.0.5:36031 in memory (size: 7.5 KiB, free: 434.4 MiB)
[2024-10-24T18:20:27.366+0000] {spark_submit.py:524} INFO - 24/10/24 18:20:27 INFO CodeGenerator: Code generated in 246.351134 ms
[2024-10-24T18:20:27.373+0000] {spark_submit.py:524} INFO - 24/10/24 18:20:27 INFO MemoryStore: Block broadcast_2 stored as values in memory (estimated size 199.1 KiB, free 434.2 MiB)
[2024-10-24T18:20:27.389+0000] {spark_submit.py:524} INFO - 24/10/24 18:20:27 INFO MemoryStore: Block broadcast_2_piece0 stored as bytes in memory (estimated size 34.1 KiB, free 434.2 MiB)
[2024-10-24T18:20:27.389+0000] {spark_submit.py:524} INFO - 24/10/24 18:20:27 INFO BlockManagerInfo: Added broadcast_2_piece0 in memory on f55139681ae8:35331 (size: 34.1 KiB, free: 434.4 MiB)
[2024-10-24T18:20:27.390+0000] {spark_submit.py:524} INFO - 24/10/24 18:20:27 INFO SparkContext: Created broadcast 2 from count at NativeMethodAccessorImpl.java:0
[2024-10-24T18:20:27.394+0000] {spark_submit.py:524} INFO - 24/10/24 18:20:27 INFO FileSourceScanExec: Planning scan with bin packing, max size: 4194304 bytes, open cost is considered as scanning 4194304 bytes.
[2024-10-24T18:20:27.437+0000] {spark_submit.py:524} INFO - 24/10/24 18:20:27 INFO DAGScheduler: Registering RDD 7 (count at NativeMethodAccessorImpl.java:0) as input to shuffle 0
[2024-10-24T18:20:27.442+0000] {spark_submit.py:524} INFO - 24/10/24 18:20:27 INFO DAGScheduler: Got map stage job 1 (count at NativeMethodAccessorImpl.java:0) with 1 output partitions
[2024-10-24T18:20:27.442+0000] {spark_submit.py:524} INFO - 24/10/24 18:20:27 INFO DAGScheduler: Final stage: ShuffleMapStage 1 (count at NativeMethodAccessorImpl.java:0)
[2024-10-24T18:20:27.443+0000] {spark_submit.py:524} INFO - 24/10/24 18:20:27 INFO DAGScheduler: Parents of final stage: List()
[2024-10-24T18:20:27.443+0000] {spark_submit.py:524} INFO - 24/10/24 18:20:27 INFO DAGScheduler: Missing parents: List()
[2024-10-24T18:20:27.444+0000] {spark_submit.py:524} INFO - 24/10/24 18:20:27 INFO DAGScheduler: Submitting ShuffleMapStage 1 (MapPartitionsRDD[7] at count at NativeMethodAccessorImpl.java:0), which has no missing parents
[2024-10-24T18:20:27.461+0000] {spark_submit.py:524} INFO - 24/10/24 18:20:27 INFO MemoryStore: Block broadcast_3 stored as values in memory (estimated size 17.0 KiB, free 434.2 MiB)
[2024-10-24T18:20:27.467+0000] {spark_submit.py:524} INFO - 24/10/24 18:20:27 INFO MemoryStore: Block broadcast_3_piece0 stored as bytes in memory (estimated size 8.3 KiB, free 434.1 MiB)
[2024-10-24T18:20:27.468+0000] {spark_submit.py:524} INFO - 24/10/24 18:20:27 INFO BlockManagerInfo: Added broadcast_3_piece0 in memory on f55139681ae8:35331 (size: 8.3 KiB, free: 434.4 MiB)
[2024-10-24T18:20:27.469+0000] {spark_submit.py:524} INFO - 24/10/24 18:20:27 INFO SparkContext: Created broadcast 3 from broadcast at DAGScheduler.scala:1580
[2024-10-24T18:20:27.471+0000] {spark_submit.py:524} INFO - 24/10/24 18:20:27 INFO DAGScheduler: Submitting 1 missing tasks from ShuffleMapStage 1 (MapPartitionsRDD[7] at count at NativeMethodAccessorImpl.java:0) (first 15 tasks are for partitions Vector(0))
[2024-10-24T18:20:27.471+0000] {spark_submit.py:524} INFO - 24/10/24 18:20:27 INFO TaskSchedulerImpl: Adding task set 1.0 with 1 tasks resource profile 0
[2024-10-24T18:20:27.474+0000] {spark_submit.py:524} INFO - 24/10/24 18:20:27 INFO TaskSetManager: Starting task 0.0 in stage 1.0 (TID 1) (172.18.0.5, executor 0, partition 0, PROCESS_LOCAL, 8241 bytes)
[2024-10-24T18:20:27.511+0000] {spark_submit.py:524} INFO - 24/10/24 18:20:27 INFO BlockManagerInfo: Added broadcast_3_piece0 in memory on 172.18.0.5:36031 (size: 8.3 KiB, free: 434.4 MiB)
[2024-10-24T18:20:27.641+0000] {spark_submit.py:524} INFO - 24/10/24 18:20:27 INFO BlockManagerInfo: Added broadcast_2_piece0 in memory on 172.18.0.5:36031 (size: 34.1 KiB, free: 434.4 MiB)
[2024-10-24T18:20:27.720+0000] {spark_submit.py:524} INFO - 24/10/24 18:20:27 INFO TaskSetManager: Finished task 0.0 in stage 1.0 (TID 1) in 247 ms on 172.18.0.5 (executor 0) (1/1)
[2024-10-24T18:20:27.720+0000] {spark_submit.py:524} INFO - 24/10/24 18:20:27 INFO TaskSchedulerImpl: Removed TaskSet 1.0, whose tasks have all completed, from pool
[2024-10-24T18:20:27.722+0000] {spark_submit.py:524} INFO - 24/10/24 18:20:27 INFO DAGScheduler: ShuffleMapStage 1 (count at NativeMethodAccessorImpl.java:0) finished in 0.275 s
[2024-10-24T18:20:27.723+0000] {spark_submit.py:524} INFO - 24/10/24 18:20:27 INFO DAGScheduler: looking for newly runnable stages
[2024-10-24T18:20:27.723+0000] {spark_submit.py:524} INFO - 24/10/24 18:20:27 INFO DAGScheduler: running: Set()
[2024-10-24T18:20:27.723+0000] {spark_submit.py:524} INFO - 24/10/24 18:20:27 INFO DAGScheduler: waiting: Set()
[2024-10-24T18:20:27.724+0000] {spark_submit.py:524} INFO - 24/10/24 18:20:27 INFO DAGScheduler: failed: Set()
[2024-10-24T18:20:27.767+0000] {spark_submit.py:524} INFO - 24/10/24 18:20:27 INFO CodeGenerator: Code generated in 13.579915 ms
[2024-10-24T18:20:27.793+0000] {spark_submit.py:524} INFO - 24/10/24 18:20:27 INFO SparkContext: Starting job: count at NativeMethodAccessorImpl.java:0
[2024-10-24T18:20:27.796+0000] {spark_submit.py:524} INFO - 24/10/24 18:20:27 INFO DAGScheduler: Got job 2 (count at NativeMethodAccessorImpl.java:0) with 1 output partitions
[2024-10-24T18:20:27.796+0000] {spark_submit.py:524} INFO - 24/10/24 18:20:27 INFO DAGScheduler: Final stage: ResultStage 3 (count at NativeMethodAccessorImpl.java:0)
[2024-10-24T18:20:27.797+0000] {spark_submit.py:524} INFO - 24/10/24 18:20:27 INFO DAGScheduler: Parents of final stage: List(ShuffleMapStage 2)
[2024-10-24T18:20:27.797+0000] {spark_submit.py:524} INFO - 24/10/24 18:20:27 INFO DAGScheduler: Missing parents: List()
[2024-10-24T18:20:27.799+0000] {spark_submit.py:524} INFO - 24/10/24 18:20:27 INFO DAGScheduler: Submitting ResultStage 3 (MapPartitionsRDD[10] at count at NativeMethodAccessorImpl.java:0), which has no missing parents
[2024-10-24T18:20:27.808+0000] {spark_submit.py:524} INFO - 24/10/24 18:20:27 INFO MemoryStore: Block broadcast_4 stored as values in memory (estimated size 12.5 KiB, free 434.1 MiB)
[2024-10-24T18:20:27.825+0000] {spark_submit.py:524} INFO - 24/10/24 18:20:27 INFO BlockManagerInfo: Removed broadcast_3_piece0 on f55139681ae8:35331 in memory (size: 8.3 KiB, free: 434.4 MiB)
[2024-10-24T18:20:27.826+0000] {spark_submit.py:524} INFO - 24/10/24 18:20:27 INFO BlockManagerInfo: Removed broadcast_3_piece0 on 172.18.0.5:36031 in memory (size: 8.3 KiB, free: 434.4 MiB)
[2024-10-24T18:20:27.826+0000] {spark_submit.py:524} INFO - 24/10/24 18:20:27 INFO MemoryStore: Block broadcast_4_piece0 stored as bytes in memory (estimated size 5.9 KiB, free 434.2 MiB)
[2024-10-24T18:20:27.826+0000] {spark_submit.py:524} INFO - 24/10/24 18:20:27 INFO BlockManagerInfo: Added broadcast_4_piece0 in memory on f55139681ae8:35331 (size: 5.9 KiB, free: 434.4 MiB)
[2024-10-24T18:20:27.829+0000] {spark_submit.py:524} INFO - 24/10/24 18:20:27 INFO SparkContext: Created broadcast 4 from broadcast at DAGScheduler.scala:1580
[2024-10-24T18:20:27.830+0000] {spark_submit.py:524} INFO - 24/10/24 18:20:27 INFO DAGScheduler: Submitting 1 missing tasks from ResultStage 3 (MapPartitionsRDD[10] at count at NativeMethodAccessorImpl.java:0) (first 15 tasks are for partitions Vector(0))
[2024-10-24T18:20:27.833+0000] {spark_submit.py:524} INFO - 24/10/24 18:20:27 INFO TaskSchedulerImpl: Adding task set 3.0 with 1 tasks resource profile 0
[2024-10-24T18:20:27.839+0000] {spark_submit.py:524} INFO - 24/10/24 18:20:27 INFO TaskSetManager: Starting task 0.0 in stage 3.0 (TID 2) (172.18.0.5, executor 0, partition 0, NODE_LOCAL, 7619 bytes)
[2024-10-24T18:20:27.876+0000] {spark_submit.py:524} INFO - 24/10/24 18:20:27 INFO BlockManagerInfo: Added broadcast_4_piece0 in memory on 172.18.0.5:36031 (size: 5.9 KiB, free: 434.4 MiB)
[2024-10-24T18:20:27.909+0000] {spark_submit.py:524} INFO - 24/10/24 18:20:27 INFO MapOutputTrackerMasterEndpoint: Asked to send map output locations for shuffle 0 to 172.18.0.5:57010
[2024-10-24T18:20:28.089+0000] {spark_submit.py:524} INFO - 24/10/24 18:20:28 INFO TaskSetManager: Finished task 0.0 in stage 3.0 (TID 2) in 252 ms on 172.18.0.5 (executor 0) (1/1)
[2024-10-24T18:20:28.090+0000] {spark_submit.py:524} INFO - 24/10/24 18:20:28 INFO TaskSchedulerImpl: Removed TaskSet 3.0, whose tasks have all completed, from pool
[2024-10-24T18:20:28.091+0000] {spark_submit.py:524} INFO - 24/10/24 18:20:28 INFO DAGScheduler: ResultStage 3 (count at NativeMethodAccessorImpl.java:0) finished in 0.284 s
[2024-10-24T18:20:28.091+0000] {spark_submit.py:524} INFO - 24/10/24 18:20:28 INFO DAGScheduler: Job 2 is finished. Cancelling potential speculative or zombie tasks for this job
[2024-10-24T18:20:28.092+0000] {spark_submit.py:524} INFO - 24/10/24 18:20:28 INFO TaskSchedulerImpl: Killing all running tasks in stage 3: Stage finished
[2024-10-24T18:20:28.092+0000] {spark_submit.py:524} INFO - 24/10/24 18:20:28 INFO DAGScheduler: Job 2 finished: count at NativeMethodAccessorImpl.java:0, took 0.298003 s
[2024-10-24T18:20:28.137+0000] {spark_submit.py:524} INFO - 24/10/24 18:20:28 INFO FileSourceStrategy: Pushed Filters:
[2024-10-24T18:20:28.137+0000] {spark_submit.py:524} INFO - 24/10/24 18:20:28 INFO FileSourceStrategy: Post-Scan Filters:
[2024-10-24T18:20:28.160+0000] {spark_submit.py:524} INFO - 24/10/24 18:20:28 INFO MemoryStore: Block broadcast_5 stored as values in memory (estimated size 199.1 KiB, free 434.0 MiB)
[2024-10-24T18:20:28.170+0000] {spark_submit.py:524} INFO - 24/10/24 18:20:28 INFO BlockManagerInfo: Removed broadcast_4_piece0 on f55139681ae8:35331 in memory (size: 5.9 KiB, free: 434.4 MiB)
[2024-10-24T18:20:28.173+0000] {spark_submit.py:524} INFO - 24/10/24 18:20:28 INFO BlockManagerInfo: Removed broadcast_4_piece0 on 172.18.0.5:36031 in memory (size: 5.9 KiB, free: 434.4 MiB)
[2024-10-24T18:20:28.175+0000] {spark_submit.py:524} INFO - 24/10/24 18:20:28 INFO MemoryStore: Block broadcast_5_piece0 stored as bytes in memory (estimated size 34.1 KiB, free 433.9 MiB)
[2024-10-24T18:20:28.176+0000] {spark_submit.py:524} INFO - 24/10/24 18:20:28 INFO BlockManagerInfo: Added broadcast_5_piece0 in memory on f55139681ae8:35331 (size: 34.1 KiB, free: 434.3 MiB)
[2024-10-24T18:20:28.177+0000] {spark_submit.py:524} INFO - 24/10/24 18:20:28 INFO SparkContext: Created broadcast 5 from count at NativeMethodAccessorImpl.java:0
[2024-10-24T18:20:28.179+0000] {spark_submit.py:524} INFO - 24/10/24 18:20:28 INFO FileSourceScanExec: Planning scan with bin packing, max size: 4194304 bytes, open cost is considered as scanning 4194304 bytes.
[2024-10-24T18:20:28.187+0000] {spark_submit.py:524} INFO - 24/10/24 18:20:28 INFO DAGScheduler: Registering RDD 14 (count at NativeMethodAccessorImpl.java:0) as input to shuffle 1
[2024-10-24T18:20:28.187+0000] {spark_submit.py:524} INFO - 24/10/24 18:20:28 INFO DAGScheduler: Got map stage job 3 (count at NativeMethodAccessorImpl.java:0) with 1 output partitions
[2024-10-24T18:20:28.188+0000] {spark_submit.py:524} INFO - 24/10/24 18:20:28 INFO DAGScheduler: Final stage: ShuffleMapStage 4 (count at NativeMethodAccessorImpl.java:0)
[2024-10-24T18:20:28.188+0000] {spark_submit.py:524} INFO - 24/10/24 18:20:28 INFO DAGScheduler: Parents of final stage: List()
[2024-10-24T18:20:28.188+0000] {spark_submit.py:524} INFO - 24/10/24 18:20:28 INFO DAGScheduler: Missing parents: List()
[2024-10-24T18:20:28.189+0000] {spark_submit.py:524} INFO - 24/10/24 18:20:28 INFO DAGScheduler: Submitting ShuffleMapStage 4 (MapPartitionsRDD[14] at count at NativeMethodAccessorImpl.java:0), which has no missing parents
[2024-10-24T18:20:28.192+0000] {spark_submit.py:524} INFO - 24/10/24 18:20:28 INFO MemoryStore: Block broadcast_6 stored as values in memory (estimated size 17.0 KiB, free 433.9 MiB)
[2024-10-24T18:20:28.194+0000] {spark_submit.py:524} INFO - 24/10/24 18:20:28 INFO MemoryStore: Block broadcast_6_piece0 stored as bytes in memory (estimated size 8.3 KiB, free 433.9 MiB)
[2024-10-24T18:20:28.194+0000] {spark_submit.py:524} INFO - 24/10/24 18:20:28 INFO BlockManagerInfo: Added broadcast_6_piece0 in memory on f55139681ae8:35331 (size: 8.3 KiB, free: 434.3 MiB)
[2024-10-24T18:20:28.195+0000] {spark_submit.py:524} INFO - 24/10/24 18:20:28 INFO SparkContext: Created broadcast 6 from broadcast at DAGScheduler.scala:1580
[2024-10-24T18:20:28.196+0000] {spark_submit.py:524} INFO - 24/10/24 18:20:28 INFO DAGScheduler: Submitting 1 missing tasks from ShuffleMapStage 4 (MapPartitionsRDD[14] at count at NativeMethodAccessorImpl.java:0) (first 15 tasks are for partitions Vector(0))
[2024-10-24T18:20:28.197+0000] {spark_submit.py:524} INFO - 24/10/24 18:20:28 INFO TaskSchedulerImpl: Adding task set 4.0 with 1 tasks resource profile 0
[2024-10-24T18:20:28.198+0000] {spark_submit.py:524} INFO - 24/10/24 18:20:28 INFO TaskSetManager: Starting task 0.0 in stage 4.0 (TID 3) (172.18.0.5, executor 0, partition 0, PROCESS_LOCAL, 8241 bytes)
[2024-10-24T18:20:28.222+0000] {spark_submit.py:524} INFO - 24/10/24 18:20:28 INFO BlockManagerInfo: Added broadcast_6_piece0 in memory on 172.18.0.5:36031 (size: 8.3 KiB, free: 434.4 MiB)
[2024-10-24T18:20:28.243+0000] {spark_submit.py:524} INFO - 24/10/24 18:20:28 INFO BlockManagerInfo: Added broadcast_5_piece0 in memory on 172.18.0.5:36031 (size: 34.1 KiB, free: 434.3 MiB)
[2024-10-24T18:20:28.280+0000] {spark_submit.py:524} INFO - 24/10/24 18:20:28 INFO TaskSetManager: Finished task 0.0 in stage 4.0 (TID 3) in 82 ms on 172.18.0.5 (executor 0) (1/1)
[2024-10-24T18:20:28.280+0000] {spark_submit.py:524} INFO - 24/10/24 18:20:28 INFO TaskSchedulerImpl: Removed TaskSet 4.0, whose tasks have all completed, from pool
[2024-10-24T18:20:28.281+0000] {spark_submit.py:524} INFO - 24/10/24 18:20:28 INFO DAGScheduler: ShuffleMapStage 4 (count at NativeMethodAccessorImpl.java:0) finished in 0.091 s
[2024-10-24T18:20:28.282+0000] {spark_submit.py:524} INFO - 24/10/24 18:20:28 INFO DAGScheduler: looking for newly runnable stages
[2024-10-24T18:20:28.282+0000] {spark_submit.py:524} INFO - 24/10/24 18:20:28 INFO DAGScheduler: running: Set()
[2024-10-24T18:20:28.282+0000] {spark_submit.py:524} INFO - 24/10/24 18:20:28 INFO DAGScheduler: waiting: Set()
[2024-10-24T18:20:28.282+0000] {spark_submit.py:524} INFO - 24/10/24 18:20:28 INFO DAGScheduler: failed: Set()
[2024-10-24T18:20:28.313+0000] {spark_submit.py:524} INFO - 24/10/24 18:20:28 INFO SparkContext: Starting job: count at NativeMethodAccessorImpl.java:0
[2024-10-24T18:20:28.314+0000] {spark_submit.py:524} INFO - 24/10/24 18:20:28 INFO DAGScheduler: Got job 4 (count at NativeMethodAccessorImpl.java:0) with 1 output partitions
[2024-10-24T18:20:28.314+0000] {spark_submit.py:524} INFO - 24/10/24 18:20:28 INFO DAGScheduler: Final stage: ResultStage 6 (count at NativeMethodAccessorImpl.java:0)
[2024-10-24T18:20:28.314+0000] {spark_submit.py:524} INFO - 24/10/24 18:20:28 INFO DAGScheduler: Parents of final stage: List(ShuffleMapStage 5)
[2024-10-24T18:20:28.314+0000] {spark_submit.py:524} INFO - 24/10/24 18:20:28 INFO DAGScheduler: Missing parents: List()
[2024-10-24T18:20:28.315+0000] {spark_submit.py:524} INFO - 24/10/24 18:20:28 INFO DAGScheduler: Submitting ResultStage 6 (MapPartitionsRDD[17] at count at NativeMethodAccessorImpl.java:0), which has no missing parents
[2024-10-24T18:20:28.317+0000] {spark_submit.py:524} INFO - 24/10/24 18:20:28 INFO MemoryStore: Block broadcast_7 stored as values in memory (estimated size 12.5 KiB, free 433.9 MiB)
[2024-10-24T18:20:28.321+0000] {spark_submit.py:524} INFO - 24/10/24 18:20:28 INFO MemoryStore: Block broadcast_7_piece0 stored as bytes in memory (estimated size 5.9 KiB, free 433.9 MiB)
[2024-10-24T18:20:28.321+0000] {spark_submit.py:524} INFO - 24/10/24 18:20:28 INFO BlockManagerInfo: Removed broadcast_6_piece0 on f55139681ae8:35331 in memory (size: 8.3 KiB, free: 434.3 MiB)
[2024-10-24T18:20:28.322+0000] {spark_submit.py:524} INFO - 24/10/24 18:20:28 INFO BlockManagerInfo: Added broadcast_7_piece0 in memory on f55139681ae8:35331 (size: 5.9 KiB, free: 434.3 MiB)
[2024-10-24T18:20:28.323+0000] {spark_submit.py:524} INFO - 24/10/24 18:20:28 INFO SparkContext: Created broadcast 7 from broadcast at DAGScheduler.scala:1580
[2024-10-24T18:20:28.324+0000] {spark_submit.py:524} INFO - 24/10/24 18:20:28 INFO DAGScheduler: Submitting 1 missing tasks from ResultStage 6 (MapPartitionsRDD[17] at count at NativeMethodAccessorImpl.java:0) (first 15 tasks are for partitions Vector(0))
[2024-10-24T18:20:28.324+0000] {spark_submit.py:524} INFO - 24/10/24 18:20:28 INFO TaskSchedulerImpl: Adding task set 6.0 with 1 tasks resource profile 0
[2024-10-24T18:20:28.325+0000] {spark_submit.py:524} INFO - 24/10/24 18:20:28 INFO BlockManagerInfo: Removed broadcast_6_piece0 on 172.18.0.5:36031 in memory (size: 8.3 KiB, free: 434.3 MiB)
[2024-10-24T18:20:28.326+0000] {spark_submit.py:524} INFO - 24/10/24 18:20:28 INFO TaskSetManager: Starting task 0.0 in stage 6.0 (TID 4) (172.18.0.5, executor 0, partition 0, NODE_LOCAL, 7619 bytes)
[2024-10-24T18:20:28.343+0000] {spark_submit.py:524} INFO - 24/10/24 18:20:28 INFO BlockManagerInfo: Added broadcast_7_piece0 in memory on 172.18.0.5:36031 (size: 5.9 KiB, free: 434.3 MiB)
[2024-10-24T18:20:28.351+0000] {spark_submit.py:524} INFO - 24/10/24 18:20:28 INFO MapOutputTrackerMasterEndpoint: Asked to send map output locations for shuffle 1 to 172.18.0.5:57010
[2024-10-24T18:20:28.377+0000] {spark_submit.py:524} INFO - 24/10/24 18:20:28 INFO TaskSetManager: Finished task 0.0 in stage 6.0 (TID 4) in 50 ms on 172.18.0.5 (executor 0) (1/1)
[2024-10-24T18:20:28.377+0000] {spark_submit.py:524} INFO - 24/10/24 18:20:28 INFO TaskSchedulerImpl: Removed TaskSet 6.0, whose tasks have all completed, from pool
[2024-10-24T18:20:28.378+0000] {spark_submit.py:524} INFO - 24/10/24 18:20:28 INFO DAGScheduler: ResultStage 6 (count at NativeMethodAccessorImpl.java:0) finished in 0.062 s
[2024-10-24T18:20:28.378+0000] {spark_submit.py:524} INFO - 24/10/24 18:20:28 INFO DAGScheduler: Job 4 is finished. Cancelling potential speculative or zombie tasks for this job
[2024-10-24T18:20:28.378+0000] {spark_submit.py:524} INFO - 24/10/24 18:20:28 INFO TaskSchedulerImpl: Killing all running tasks in stage 6: Stage finished
[2024-10-24T18:20:28.379+0000] {spark_submit.py:524} INFO - 24/10/24 18:20:28 INFO DAGScheduler: Job 4 finished: count at NativeMethodAccessorImpl.java:0, took 0.065597 s
[2024-10-24T18:20:28.381+0000] {spark_submit.py:524} INFO - Quantidade:  50
[2024-10-24T18:20:28.484+0000] {spark_submit.py:524} INFO - 24/10/24 18:20:28 INFO FileSourceStrategy: Pushed Filters:
[2024-10-24T18:20:28.485+0000] {spark_submit.py:524} INFO - 24/10/24 18:20:28 INFO FileSourceStrategy: Post-Scan Filters:
[2024-10-24T18:20:28.560+0000] {spark_submit.py:524} INFO - 24/10/24 18:20:28 INFO ParquetUtils: Using default output committer for Parquet: org.apache.parquet.hadoop.ParquetOutputCommitter
[2024-10-24T18:20:28.584+0000] {spark_submit.py:524} INFO - 24/10/24 18:20:28 INFO FileOutputCommitter: File Output Committer Algorithm version is 1
[2024-10-24T18:20:28.585+0000] {spark_submit.py:524} INFO - 24/10/24 18:20:28 INFO FileOutputCommitter: FileOutputCommitter skip cleanup _temporary folders under output directory:false, ignore cleanup failures: false
[2024-10-24T18:20:28.586+0000] {spark_submit.py:524} INFO - 24/10/24 18:20:28 INFO SQLHadoopMapReduceCommitProtocol: Using user defined output committer class org.apache.parquet.hadoop.ParquetOutputCommitter
[2024-10-24T18:20:28.586+0000] {spark_submit.py:524} INFO - 24/10/24 18:20:28 INFO FileOutputCommitter: File Output Committer Algorithm version is 1
[2024-10-24T18:20:28.586+0000] {spark_submit.py:524} INFO - 24/10/24 18:20:28 INFO FileOutputCommitter: FileOutputCommitter skip cleanup _temporary folders under output directory:false, ignore cleanup failures: false
[2024-10-24T18:20:28.587+0000] {spark_submit.py:524} INFO - 24/10/24 18:20:28 INFO SQLHadoopMapReduceCommitProtocol: Using output committer class org.apache.parquet.hadoop.ParquetOutputCommitter
[2024-10-24T18:20:28.662+0000] {spark_submit.py:524} INFO - 24/10/24 18:20:28 INFO CodeGenerator: Code generated in 39.096604 ms
[2024-10-24T18:20:28.666+0000] {spark_submit.py:524} INFO - 24/10/24 18:20:28 INFO MemoryStore: Block broadcast_8 stored as values in memory (estimated size 199.1 KiB, free 433.7 MiB)
[2024-10-24T18:20:28.674+0000] {spark_submit.py:524} INFO - 24/10/24 18:20:28 INFO BlockManagerInfo: Removed broadcast_7_piece0 on f55139681ae8:35331 in memory (size: 5.9 KiB, free: 434.3 MiB)
[2024-10-24T18:20:28.677+0000] {spark_submit.py:524} INFO - 24/10/24 18:20:28 INFO BlockManagerInfo: Removed broadcast_7_piece0 on 172.18.0.5:36031 in memory (size: 5.9 KiB, free: 434.3 MiB)
[2024-10-24T18:20:28.681+0000] {spark_submit.py:524} INFO - 24/10/24 18:20:28 INFO MemoryStore: Block broadcast_8_piece0 stored as bytes in memory (estimated size 34.1 KiB, free 433.7 MiB)
[2024-10-24T18:20:28.681+0000] {spark_submit.py:524} INFO - 24/10/24 18:20:28 INFO BlockManagerInfo: Added broadcast_8_piece0 in memory on f55139681ae8:35331 (size: 34.1 KiB, free: 434.3 MiB)
[2024-10-24T18:20:28.683+0000] {spark_submit.py:524} INFO - 24/10/24 18:20:28 INFO SparkContext: Created broadcast 8 from save at NativeMethodAccessorImpl.java:0
[2024-10-24T18:20:28.685+0000] {spark_submit.py:524} INFO - 24/10/24 18:20:28 INFO BlockManagerInfo: Removed broadcast_5_piece0 on f55139681ae8:35331 in memory (size: 34.1 KiB, free: 434.3 MiB)
[2024-10-24T18:20:28.685+0000] {spark_submit.py:524} INFO - 24/10/24 18:20:28 INFO FileSourceScanExec: Planning scan with bin packing, max size: 4194304 bytes, open cost is considered as scanning 4194304 bytes.
[2024-10-24T18:20:28.693+0000] {spark_submit.py:524} INFO - 24/10/24 18:20:28 INFO BlockManagerInfo: Removed broadcast_5_piece0 on 172.18.0.5:36031 in memory (size: 34.1 KiB, free: 434.4 MiB)
[2024-10-24T18:20:28.726+0000] {spark_submit.py:524} INFO - 24/10/24 18:20:28 INFO SparkContext: Starting job: save at NativeMethodAccessorImpl.java:0
[2024-10-24T18:20:28.727+0000] {spark_submit.py:524} INFO - 24/10/24 18:20:28 INFO DAGScheduler: Got job 5 (save at NativeMethodAccessorImpl.java:0) with 1 output partitions
[2024-10-24T18:20:28.727+0000] {spark_submit.py:524} INFO - 24/10/24 18:20:28 INFO DAGScheduler: Final stage: ResultStage 7 (save at NativeMethodAccessorImpl.java:0)
[2024-10-24T18:20:28.727+0000] {spark_submit.py:524} INFO - 24/10/24 18:20:28 INFO DAGScheduler: Parents of final stage: List()
[2024-10-24T18:20:28.728+0000] {spark_submit.py:524} INFO - 24/10/24 18:20:28 INFO DAGScheduler: Missing parents: List()
[2024-10-24T18:20:28.728+0000] {spark_submit.py:524} INFO - 24/10/24 18:20:28 INFO DAGScheduler: Submitting ResultStage 7 (MapPartitionsRDD[21] at save at NativeMethodAccessorImpl.java:0), which has no missing parents
[2024-10-24T18:20:28.768+0000] {spark_submit.py:524} INFO - 24/10/24 18:20:28 INFO MemoryStore: Block broadcast_9 stored as values in memory (estimated size 236.8 KiB, free 433.7 MiB)
[2024-10-24T18:20:28.773+0000] {spark_submit.py:524} INFO - 24/10/24 18:20:28 INFO MemoryStore: Block broadcast_9_piece0 stored as bytes in memory (estimated size 85.8 KiB, free 433.6 MiB)
[2024-10-24T18:20:28.774+0000] {spark_submit.py:524} INFO - 24/10/24 18:20:28 INFO BlockManagerInfo: Added broadcast_9_piece0 in memory on f55139681ae8:35331 (size: 85.8 KiB, free: 434.2 MiB)
[2024-10-24T18:20:28.774+0000] {spark_submit.py:524} INFO - 24/10/24 18:20:28 INFO SparkContext: Created broadcast 9 from broadcast at DAGScheduler.scala:1580
[2024-10-24T18:20:28.775+0000] {spark_submit.py:524} INFO - 24/10/24 18:20:28 INFO DAGScheduler: Submitting 1 missing tasks from ResultStage 7 (MapPartitionsRDD[21] at save at NativeMethodAccessorImpl.java:0) (first 15 tasks are for partitions Vector(0))
[2024-10-24T18:20:28.775+0000] {spark_submit.py:524} INFO - 24/10/24 18:20:28 INFO TaskSchedulerImpl: Adding task set 7.0 with 1 tasks resource profile 0
[2024-10-24T18:20:28.776+0000] {spark_submit.py:524} INFO - 24/10/24 18:20:28 INFO TaskSetManager: Starting task 0.0 in stage 7.0 (TID 5) (172.18.0.5, executor 0, partition 0, PROCESS_LOCAL, 8252 bytes)
[2024-10-24T18:20:28.797+0000] {spark_submit.py:524} INFO - 24/10/24 18:20:28 INFO BlockManagerInfo: Added broadcast_9_piece0 in memory on 172.18.0.5:36031 (size: 85.8 KiB, free: 434.3 MiB)
[2024-10-24T18:20:29.117+0000] {spark_submit.py:524} INFO - 24/10/24 18:20:29 INFO BlockManagerInfo: Added broadcast_8_piece0 in memory on 172.18.0.5:36031 (size: 34.1 KiB, free: 434.2 MiB)
[2024-10-24T18:20:30.877+0000] {spark_submit.py:524} INFO - 24/10/24 18:20:30 INFO TaskSetManager: Finished task 0.0 in stage 7.0 (TID 5) in 2100 ms on 172.18.0.5 (executor 0) (1/1)
[2024-10-24T18:20:30.877+0000] {spark_submit.py:524} INFO - 24/10/24 18:20:30 INFO TaskSchedulerImpl: Removed TaskSet 7.0, whose tasks have all completed, from pool
[2024-10-24T18:20:30.878+0000] {spark_submit.py:524} INFO - 24/10/24 18:20:30 INFO DAGScheduler: ResultStage 7 (save at NativeMethodAccessorImpl.java:0) finished in 2.148 s
[2024-10-24T18:20:30.878+0000] {spark_submit.py:524} INFO - 24/10/24 18:20:30 INFO DAGScheduler: Job 5 is finished. Cancelling potential speculative or zombie tasks for this job
[2024-10-24T18:20:30.878+0000] {spark_submit.py:524} INFO - 24/10/24 18:20:30 INFO TaskSchedulerImpl: Killing all running tasks in stage 7: Stage finished
[2024-10-24T18:20:30.879+0000] {spark_submit.py:524} INFO - 24/10/24 18:20:30 INFO DAGScheduler: Job 5 finished: save at NativeMethodAccessorImpl.java:0, took 2.152766 s
[2024-10-24T18:20:30.882+0000] {spark_submit.py:524} INFO - 24/10/24 18:20:30 INFO FileFormatWriter: Start to commit write Job 12c80626-b0e7-479c-bfae-f18514a4f6e8.
[2024-10-24T18:20:30.906+0000] {spark_submit.py:524} INFO - 24/10/24 18:20:30 INFO FileFormatWriter: Write Job 12c80626-b0e7-479c-bfae-f18514a4f6e8 committed. Elapsed time: 23 ms.
[2024-10-24T18:20:30.909+0000] {spark_submit.py:524} INFO - 24/10/24 18:20:30 INFO FileFormatWriter: Finished processing stats for write job 12c80626-b0e7-479c-bfae-f18514a4f6e8.
[2024-10-24T18:20:30.919+0000] {spark_submit.py:524} INFO - Arquivos gerados com sucesso na camada Silver
[2024-10-24T18:20:30.919+0000] {spark_submit.py:524} INFO - 24/10/24 18:20:30 INFO SparkContext: SparkContext is stopping with exitCode 0.
[2024-10-24T18:20:30.929+0000] {spark_submit.py:524} INFO - 24/10/24 18:20:30 INFO SparkUI: Stopped Spark web UI at http://f55139681ae8:4040
[2024-10-24T18:20:30.932+0000] {spark_submit.py:524} INFO - 24/10/24 18:20:30 INFO StandaloneSchedulerBackend: Shutting down all executors
[2024-10-24T18:20:30.933+0000] {spark_submit.py:524} INFO - 24/10/24 18:20:30 INFO StandaloneSchedulerBackend$StandaloneDriverEndpoint: Asking each executor to shut down
[2024-10-24T18:20:30.957+0000] {spark_submit.py:524} INFO - 24/10/24 18:20:30 INFO MapOutputTrackerMasterEndpoint: MapOutputTrackerMasterEndpoint stopped!
[2024-10-24T18:20:30.992+0000] {spark_submit.py:524} INFO - 24/10/24 18:20:30 INFO MemoryStore: MemoryStore cleared
[2024-10-24T18:20:30.994+0000] {spark_submit.py:524} INFO - 24/10/24 18:20:30 INFO BlockManager: BlockManager stopped
[2024-10-24T18:20:31.002+0000] {spark_submit.py:524} INFO - 24/10/24 18:20:31 INFO BlockManagerMaster: BlockManagerMaster stopped
[2024-10-24T18:20:31.006+0000] {spark_submit.py:524} INFO - 24/10/24 18:20:31 INFO OutputCommitCoordinator$OutputCommitCoordinatorEndpoint: OutputCommitCoordinator stopped!
[2024-10-24T18:20:31.019+0000] {spark_submit.py:524} INFO - 24/10/24 18:20:31 INFO SparkContext: Successfully stopped SparkContext
[2024-10-24T18:20:31.504+0000] {spark_submit.py:524} INFO - 24/10/24 18:20:31 INFO ShutdownHookManager: Shutdown hook called
[2024-10-24T18:20:31.504+0000] {spark_submit.py:524} INFO - 24/10/24 18:20:31 INFO ShutdownHookManager: Deleting directory /tmp/spark-02e989ee-8324-4edc-a4ef-7d782d9e6e97/pyspark-190c8934-f379-4a24-8626-488821a9e0f7
[2024-10-24T18:20:31.508+0000] {spark_submit.py:524} INFO - 24/10/24 18:20:31 INFO ShutdownHookManager: Deleting directory /tmp/spark-02e989ee-8324-4edc-a4ef-7d782d9e6e97
[2024-10-24T18:20:31.512+0000] {spark_submit.py:524} INFO - 24/10/24 18:20:31 INFO ShutdownHookManager: Deleting directory /tmp/spark-1fc2244a-cb2e-422d-8ed5-4ee90585d4e0
[2024-10-24T18:20:31.572+0000] {taskinstance.py:1398} INFO - Marking task as SUCCESS. dag_id=api_openbrewerydb_to_silver_gold, task_id=Silver, execution_date=20241024T182016, start_date=20241024T182017, end_date=20241024T182031
[2024-10-24T18:20:31.609+0000] {local_task_job_runner.py:228} INFO - Task exited with return code 0
[2024-10-24T18:20:31.676+0000] {taskinstance.py:2776} INFO - 1 downstream tasks scheduled from follow-on schedule check
