[2024-10-24T01:17:34.241+0000] {taskinstance.py:1157} INFO - Dependencies all met for dep_context=non-requeueable deps ti=<TaskInstance: api_openbrewerydb_to_silver_gold.Gold scheduled__2023-10-25T08:00:00+00:00 [queued]>
[2024-10-24T01:17:34.248+0000] {taskinstance.py:1157} INFO - Dependencies all met for dep_context=requeueable deps ti=<TaskInstance: api_openbrewerydb_to_silver_gold.Gold scheduled__2023-10-25T08:00:00+00:00 [queued]>
[2024-10-24T01:17:34.249+0000] {taskinstance.py:1359} INFO - Starting attempt 1 of 3
[2024-10-24T01:17:34.259+0000] {taskinstance.py:1380} INFO - Executing <Task(SparkSubmitOperator): Gold> on 2023-10-25 08:00:00+00:00
[2024-10-24T01:17:34.265+0000] {standard_task_runner.py:57} INFO - Started process 1313 to run task
[2024-10-24T01:17:34.267+0000] {standard_task_runner.py:84} INFO - Running: ['***', 'tasks', 'run', 'api_openbrewerydb_to_silver_gold', 'Gold', 'scheduled__2023-10-25T08:00:00+00:00', '--job-id', '71', '--raw', '--subdir', 'DAGS_FOLDER/api_openbrewerydb_to_silver.py', '--cfg-path', '/tmp/tmp_twdbygp']
[2024-10-24T01:17:34.269+0000] {standard_task_runner.py:85} INFO - Job 71: Subtask Gold
[2024-10-24T01:17:34.321+0000] {task_command.py:415} INFO - Running <TaskInstance: api_openbrewerydb_to_silver_gold.Gold scheduled__2023-10-25T08:00:00+00:00 [running]> on host de5108c6da1d
[2024-10-24T01:17:34.404+0000] {taskinstance.py:1660} INFO - Exporting env vars: AIRFLOW_CTX_DAG_OWNER='Rodrigo Araujo' AIRFLOW_CTX_DAG_ID='api_openbrewerydb_to_silver_gold' AIRFLOW_CTX_TASK_ID='Gold' AIRFLOW_CTX_EXECUTION_DATE='2023-10-25T08:00:00+00:00' AIRFLOW_CTX_TRY_NUMBER='1' AIRFLOW_CTX_DAG_RUN_ID='scheduled__2023-10-25T08:00:00+00:00'
[2024-10-24T01:17:34.417+0000] {base.py:73} INFO - Using connection ID 'spark-conn' for task execution.
[2024-10-24T01:17:34.418+0000] {spark_submit.py:363} INFO - Spark-Submit cmd: spark-submit --master spark://spark-master:7077 --name arrow-spark --queue root.default jobs/gold/api_openbrewerydb.py
[2024-10-24T01:17:38.634+0000] {spark_submit.py:524} INFO - 24/10/24 01:17:38 INFO SparkContext: Running Spark version 3.5.3
[2024-10-24T01:17:38.638+0000] {spark_submit.py:524} INFO - 24/10/24 01:17:38 INFO SparkContext: OS info Linux, 5.15.0-124-generic, amd64
[2024-10-24T01:17:38.639+0000] {spark_submit.py:524} INFO - 24/10/24 01:17:38 INFO SparkContext: Java version 11.0.25
[2024-10-24T01:17:38.749+0000] {spark_submit.py:524} INFO - 24/10/24 01:17:38 WARN NativeCodeLoader: Unable to load native-hadoop library for your platform... using builtin-java classes where applicable
[2024-10-24T01:17:38.959+0000] {spark_submit.py:524} INFO - 24/10/24 01:17:38 INFO ResourceUtils: ==============================================================
[2024-10-24T01:17:38.961+0000] {spark_submit.py:524} INFO - 24/10/24 01:17:38 INFO ResourceUtils: No custom resources configured for spark.driver.
[2024-10-24T01:17:38.963+0000] {spark_submit.py:524} INFO - 24/10/24 01:17:38 INFO ResourceUtils: ==============================================================
[2024-10-24T01:17:38.964+0000] {spark_submit.py:524} INFO - 24/10/24 01:17:38 INFO SparkContext: Submitted application: IngestaoSilver
[2024-10-24T01:17:39.029+0000] {spark_submit.py:524} INFO - 24/10/24 01:17:39 INFO ResourceProfile: Default ResourceProfile created, executor resources: Map(memory -> name: memory, amount: 1024, script: , vendor: , offHeap -> name: offHeap, amount: 0, script: , vendor: ), task resources: Map(cpus -> name: cpus, amount: 1.0)
[2024-10-24T01:17:39.051+0000] {spark_submit.py:524} INFO - 24/10/24 01:17:39 INFO ResourceProfile: Limiting resource is cpu
[2024-10-24T01:17:39.053+0000] {spark_submit.py:524} INFO - 24/10/24 01:17:39 INFO ResourceProfileManager: Added ResourceProfile id: 0
[2024-10-24T01:17:39.152+0000] {spark_submit.py:524} INFO - 24/10/24 01:17:39 INFO SecurityManager: Changing view acls to: ***
[2024-10-24T01:17:39.153+0000] {spark_submit.py:524} INFO - 24/10/24 01:17:39 INFO SecurityManager: Changing modify acls to: ***
[2024-10-24T01:17:39.154+0000] {spark_submit.py:524} INFO - 24/10/24 01:17:39 INFO SecurityManager: Changing view acls groups to:
[2024-10-24T01:17:39.155+0000] {spark_submit.py:524} INFO - 24/10/24 01:17:39 INFO SecurityManager: Changing modify acls groups to:
[2024-10-24T01:17:39.156+0000] {spark_submit.py:524} INFO - 24/10/24 01:17:39 INFO SecurityManager: SecurityManager: authentication disabled; ui acls disabled; users with view permissions: ***; groups with view permissions: EMPTY; users with modify permissions: ***; groups with modify permissions: EMPTY
[2024-10-24T01:17:39.773+0000] {spark_submit.py:524} INFO - 24/10/24 01:17:39 INFO Utils: Successfully started service 'sparkDriver' on port 37017.
[2024-10-24T01:17:39.841+0000] {spark_submit.py:524} INFO - 24/10/24 01:17:39 INFO SparkEnv: Registering MapOutputTracker
[2024-10-24T01:17:39.928+0000] {spark_submit.py:524} INFO - 24/10/24 01:17:39 INFO SparkEnv: Registering BlockManagerMaster
[2024-10-24T01:17:39.975+0000] {spark_submit.py:524} INFO - 24/10/24 01:17:39 INFO BlockManagerMasterEndpoint: Using org.apache.spark.storage.DefaultTopologyMapper for getting topology information
[2024-10-24T01:17:39.976+0000] {spark_submit.py:524} INFO - 24/10/24 01:17:39 INFO BlockManagerMasterEndpoint: BlockManagerMasterEndpoint up
[2024-10-24T01:17:39.986+0000] {spark_submit.py:524} INFO - 24/10/24 01:17:39 INFO SparkEnv: Registering BlockManagerMasterHeartbeat
[2024-10-24T01:17:40.034+0000] {spark_submit.py:524} INFO - 24/10/24 01:17:40 INFO DiskBlockManager: Created local directory at /tmp/blockmgr-b18e6913-2336-4427-a667-55277154e952
[2024-10-24T01:17:40.064+0000] {spark_submit.py:524} INFO - 24/10/24 01:17:40 INFO MemoryStore: MemoryStore started with capacity 434.4 MiB
[2024-10-24T01:17:40.105+0000] {spark_submit.py:524} INFO - 24/10/24 01:17:40 INFO SparkEnv: Registering OutputCommitCoordinator
[2024-10-24T01:17:40.382+0000] {spark_submit.py:524} INFO - 24/10/24 01:17:40 INFO JettyUtils: Start Jetty 0.0.0.0:4040 for SparkUI
[2024-10-24T01:17:40.466+0000] {spark_submit.py:524} INFO - 24/10/24 01:17:40 INFO Utils: Successfully started service 'SparkUI' on port 4040.
[2024-10-24T01:17:40.700+0000] {spark_submit.py:524} INFO - 24/10/24 01:17:40 INFO StandaloneAppClient$ClientEndpoint: Connecting to master spark://spark-master:7077...
[2024-10-24T01:17:40.826+0000] {spark_submit.py:524} INFO - 24/10/24 01:17:40 INFO TransportClientFactory: Successfully created connection to spark-master/172.22.0.3:7077 after 68 ms (0 ms spent in bootstraps)
[2024-10-24T01:17:40.982+0000] {spark_submit.py:524} INFO - 24/10/24 01:17:40 INFO StandaloneSchedulerBackend: Connected to Spark cluster with app ID app-20241024011740-0002
[2024-10-24T01:17:40.994+0000] {spark_submit.py:524} INFO - 24/10/24 01:17:40 INFO StandaloneAppClient$ClientEndpoint: Executor added: app-20241024011740-0002/0 on worker-20241024010948-172.22.0.4-41535 (172.22.0.4:41535) with 2 core(s)
[2024-10-24T01:17:40.997+0000] {spark_submit.py:524} INFO - 24/10/24 01:17:40 INFO StandaloneSchedulerBackend: Granted executor ID app-20241024011740-0002/0 on hostPort 172.22.0.4:41535 with 2 core(s), 1024.0 MiB RAM
[2024-10-24T01:17:41.004+0000] {spark_submit.py:524} INFO - 24/10/24 01:17:41 INFO Utils: Successfully started service 'org.apache.spark.network.netty.NettyBlockTransferService' on port 41377.
[2024-10-24T01:17:41.005+0000] {spark_submit.py:524} INFO - 24/10/24 01:17:41 INFO NettyBlockTransferService: Server created on de5108c6da1d:41377
[2024-10-24T01:17:41.023+0000] {spark_submit.py:524} INFO - 24/10/24 01:17:41 INFO BlockManager: Using org.apache.spark.storage.RandomBlockReplicationPolicy for block replication policy
[2024-10-24T01:17:41.038+0000] {spark_submit.py:524} INFO - 24/10/24 01:17:41 INFO BlockManagerMaster: Registering BlockManager BlockManagerId(driver, de5108c6da1d, 41377, None)
[2024-10-24T01:17:41.045+0000] {spark_submit.py:524} INFO - 24/10/24 01:17:41 INFO BlockManagerMasterEndpoint: Registering block manager de5108c6da1d:41377 with 434.4 MiB RAM, BlockManagerId(driver, de5108c6da1d, 41377, None)
[2024-10-24T01:17:41.057+0000] {spark_submit.py:524} INFO - 24/10/24 01:17:41 INFO StandaloneAppClient$ClientEndpoint: Executor updated: app-20241024011740-0002/0 is now RUNNING
[2024-10-24T01:17:41.058+0000] {spark_submit.py:524} INFO - 24/10/24 01:17:41 INFO BlockManagerMaster: Registered BlockManager BlockManagerId(driver, de5108c6da1d, 41377, None)
[2024-10-24T01:17:41.058+0000] {spark_submit.py:524} INFO - 24/10/24 01:17:41 INFO BlockManager: Initialized BlockManager: BlockManagerId(driver, de5108c6da1d, 41377, None)
[2024-10-24T01:17:41.542+0000] {spark_submit.py:524} INFO - 24/10/24 01:17:41 INFO StandaloneSchedulerBackend: SchedulerBackend is ready for scheduling beginning after reached minRegisteredResourcesRatio: 0.0
[2024-10-24T01:17:41.934+0000] {spark_submit.py:524} INFO - Hello from Spark!
[2024-10-24T01:17:41.936+0000] {spark_submit.py:524} INFO - 24/10/24 01:17:41 INFO SparkContext: SparkContext is stopping with exitCode 0.
[2024-10-24T01:17:41.972+0000] {spark_submit.py:524} INFO - 24/10/24 01:17:41 INFO SparkUI: Stopped Spark web UI at http://de5108c6da1d:4040
[2024-10-24T01:17:41.980+0000] {spark_submit.py:524} INFO - 24/10/24 01:17:41 INFO StandaloneSchedulerBackend: Shutting down all executors
[2024-10-24T01:17:41.986+0000] {spark_submit.py:524} INFO - 24/10/24 01:17:41 INFO StandaloneSchedulerBackend$StandaloneDriverEndpoint: Asking each executor to shut down
[2024-10-24T01:17:42.024+0000] {spark_submit.py:524} INFO - 24/10/24 01:17:42 INFO MapOutputTrackerMasterEndpoint: MapOutputTrackerMasterEndpoint stopped!
[2024-10-24T01:17:42.066+0000] {spark_submit.py:524} INFO - 24/10/24 01:17:42 INFO MemoryStore: MemoryStore cleared
[2024-10-24T01:17:42.067+0000] {spark_submit.py:524} INFO - 24/10/24 01:17:42 INFO BlockManager: BlockManager stopped
[2024-10-24T01:17:42.086+0000] {spark_submit.py:524} INFO - 24/10/24 01:17:42 INFO BlockManagerMaster: BlockManagerMaster stopped
[2024-10-24T01:17:42.086+0000] {spark_submit.py:524} INFO - 24/10/24 01:17:42 INFO OutputCommitCoordinator$OutputCommitCoordinatorEndpoint: OutputCommitCoordinator stopped!
[2024-10-24T01:17:42.100+0000] {spark_submit.py:524} INFO - 24/10/24 01:17:42 INFO SparkContext: Successfully stopped SparkContext
[2024-10-24T01:17:42.234+0000] {spark_submit.py:524} INFO - 24/10/24 01:17:42 INFO ShutdownHookManager: Shutdown hook called
[2024-10-24T01:17:42.236+0000] {spark_submit.py:524} INFO - 24/10/24 01:17:42 INFO ShutdownHookManager: Deleting directory /tmp/spark-aa8a2f7e-7dec-4939-a991-d29f9d3ba813
[2024-10-24T01:17:42.243+0000] {spark_submit.py:524} INFO - 24/10/24 01:17:42 INFO ShutdownHookManager: Deleting directory /tmp/spark-29f57952-0aa2-4ec1-86ba-fb58bcf24405/pyspark-d2b68872-240a-4151-8bf1-af0fb9d17447
[2024-10-24T01:17:42.247+0000] {spark_submit.py:524} INFO - 24/10/24 01:17:42 INFO ShutdownHookManager: Deleting directory /tmp/spark-29f57952-0aa2-4ec1-86ba-fb58bcf24405
[2024-10-24T01:17:42.360+0000] {taskinstance.py:1398} INFO - Marking task as SUCCESS. dag_id=api_openbrewerydb_to_silver_gold, task_id=Gold, execution_date=20231025T080000, start_date=20241024T011734, end_date=20241024T011742
[2024-10-24T01:17:42.392+0000] {local_task_job_runner.py:228} INFO - Task exited with return code 0
[2024-10-24T01:17:42.422+0000] {taskinstance.py:2776} INFO - 0 downstream tasks scheduled from follow-on schedule check
