[2024-10-24T17:04:52.870+0000] {taskinstance.py:1157} INFO - Dependencies all met for dep_context=non-requeueable deps ti=<TaskInstance: api_openbrewerydb_to_silver_gold.Gold manual__2024-10-24T17:04:36.833337+00:00 [queued]>
[2024-10-24T17:04:52.877+0000] {taskinstance.py:1157} INFO - Dependencies all met for dep_context=requeueable deps ti=<TaskInstance: api_openbrewerydb_to_silver_gold.Gold manual__2024-10-24T17:04:36.833337+00:00 [queued]>
[2024-10-24T17:04:52.877+0000] {taskinstance.py:1359} INFO - Starting attempt 1 of 2
[2024-10-24T17:04:52.888+0000] {taskinstance.py:1380} INFO - Executing <Task(SparkSubmitOperator): Gold> on 2024-10-24 17:04:36.833337+00:00
[2024-10-24T17:04:52.892+0000] {standard_task_runner.py:57} INFO - Started process 3209 to run task
[2024-10-24T17:04:52.895+0000] {standard_task_runner.py:84} INFO - Running: ['***', 'tasks', 'run', 'api_openbrewerydb_to_silver_gold', 'Gold', 'manual__2024-10-24T17:04:36.833337+00:00', '--job-id', '155', '--raw', '--subdir', 'DAGS_FOLDER/api_openbrewerydb_to_silver.py', '--cfg-path', '/tmp/tmprq3s1iwb']
[2024-10-24T17:04:52.900+0000] {standard_task_runner.py:85} INFO - Job 155: Subtask Gold
[2024-10-24T17:04:52.946+0000] {task_command.py:415} INFO - Running <TaskInstance: api_openbrewerydb_to_silver_gold.Gold manual__2024-10-24T17:04:36.833337+00:00 [running]> on host e995fa603d7f
[2024-10-24T17:04:53.030+0000] {taskinstance.py:1660} INFO - Exporting env vars: AIRFLOW_CTX_DAG_OWNER='Rodrigo Araujo' AIRFLOW_CTX_DAG_ID='api_openbrewerydb_to_silver_gold' AIRFLOW_CTX_TASK_ID='Gold' AIRFLOW_CTX_EXECUTION_DATE='2024-10-24T17:04:36.833337+00:00' AIRFLOW_CTX_TRY_NUMBER='1' AIRFLOW_CTX_DAG_RUN_ID='manual__2024-10-24T17:04:36.833337+00:00'
[2024-10-24T17:04:53.042+0000] {base.py:73} INFO - Using connection ID 'spark-conn' for task execution.
[2024-10-24T17:04:53.043+0000] {spark_submit.py:363} INFO - Spark-Submit cmd: spark-submit --master spark://spark-master:7077 --name arrow-spark jobs/gold/api_openbrewerydb.py
[2024-10-24T17:04:56.053+0000] {spark_submit.py:524} INFO - 24/10/24 17:04:56 INFO SparkContext: Running Spark version 3.5.0
[2024-10-24T17:04:56.055+0000] {spark_submit.py:524} INFO - 24/10/24 17:04:56 INFO SparkContext: OS info Linux, 5.15.0-124-generic, amd64
[2024-10-24T17:04:56.055+0000] {spark_submit.py:524} INFO - 24/10/24 17:04:56 INFO SparkContext: Java version 17.0.13
[2024-10-24T17:04:56.110+0000] {spark_submit.py:524} INFO - 24/10/24 17:04:56 WARN NativeCodeLoader: Unable to load native-hadoop library for your platform... using builtin-java classes where applicable
[2024-10-24T17:04:56.214+0000] {spark_submit.py:524} INFO - 24/10/24 17:04:56 INFO ResourceUtils: ==============================================================
[2024-10-24T17:04:56.215+0000] {spark_submit.py:524} INFO - 24/10/24 17:04:56 INFO ResourceUtils: No custom resources configured for spark.driver.
[2024-10-24T17:04:56.216+0000] {spark_submit.py:524} INFO - 24/10/24 17:04:56 INFO ResourceUtils: ==============================================================
[2024-10-24T17:04:56.217+0000] {spark_submit.py:524} INFO - 24/10/24 17:04:56 INFO SparkContext: Submitted application: IngestaoSilver
[2024-10-24T17:04:56.240+0000] {spark_submit.py:524} INFO - 24/10/24 17:04:56 INFO ResourceProfile: Default ResourceProfile created, executor resources: Map(memory -> name: memory, amount: 1024, script: , vendor: , offHeap -> name: offHeap, amount: 0, script: , vendor: ), task resources: Map(cpus -> name: cpus, amount: 1.0)
[2024-10-24T17:04:56.248+0000] {spark_submit.py:524} INFO - 24/10/24 17:04:56 INFO ResourceProfile: Limiting resource is cpu
[2024-10-24T17:04:56.249+0000] {spark_submit.py:524} INFO - 24/10/24 17:04:56 INFO ResourceProfileManager: Added ResourceProfile id: 0
[2024-10-24T17:04:56.319+0000] {spark_submit.py:524} INFO - 24/10/24 17:04:56 INFO SecurityManager: Changing view acls to: ***
[2024-10-24T17:04:56.320+0000] {spark_submit.py:524} INFO - 24/10/24 17:04:56 INFO SecurityManager: Changing modify acls to: ***
[2024-10-24T17:04:56.321+0000] {spark_submit.py:524} INFO - 24/10/24 17:04:56 INFO SecurityManager: Changing view acls groups to:
[2024-10-24T17:04:56.321+0000] {spark_submit.py:524} INFO - 24/10/24 17:04:56 INFO SecurityManager: Changing modify acls groups to:
[2024-10-24T17:04:56.322+0000] {spark_submit.py:524} INFO - 24/10/24 17:04:56 INFO SecurityManager: SecurityManager: authentication disabled; ui acls disabled; users with view permissions: ***; groups with view permissions: EMPTY; users with modify permissions: ***; groups with modify permissions: EMPTY
[2024-10-24T17:04:56.739+0000] {spark_submit.py:524} INFO - 24/10/24 17:04:56 INFO Utils: Successfully started service 'sparkDriver' on port 39779.
[2024-10-24T17:04:56.789+0000] {spark_submit.py:524} INFO - 24/10/24 17:04:56 INFO SparkEnv: Registering MapOutputTracker
[2024-10-24T17:04:56.839+0000] {spark_submit.py:524} INFO - 24/10/24 17:04:56 INFO SparkEnv: Registering BlockManagerMaster
[2024-10-24T17:04:56.865+0000] {spark_submit.py:524} INFO - 24/10/24 17:04:56 INFO BlockManagerMasterEndpoint: Using org.apache.spark.storage.DefaultTopologyMapper for getting topology information
[2024-10-24T17:04:56.866+0000] {spark_submit.py:524} INFO - 24/10/24 17:04:56 INFO BlockManagerMasterEndpoint: BlockManagerMasterEndpoint up
[2024-10-24T17:04:56.870+0000] {spark_submit.py:524} INFO - 24/10/24 17:04:56 INFO SparkEnv: Registering BlockManagerMasterHeartbeat
[2024-10-24T17:04:56.890+0000] {spark_submit.py:524} INFO - 24/10/24 17:04:56 INFO DiskBlockManager: Created local directory at /tmp/blockmgr-10009411-9b9e-4c8e-937d-a15c8eb3bd26
[2024-10-24T17:04:56.907+0000] {spark_submit.py:524} INFO - 24/10/24 17:04:56 INFO MemoryStore: MemoryStore started with capacity 434.4 MiB
[2024-10-24T17:04:56.933+0000] {spark_submit.py:524} INFO - 24/10/24 17:04:56 INFO SparkEnv: Registering OutputCommitCoordinator
[2024-10-24T17:04:57.068+0000] {spark_submit.py:524} INFO - 24/10/24 17:04:57 INFO JettyUtils: Start Jetty 0.0.0.0:4040 for SparkUI
[2024-10-24T17:04:57.119+0000] {spark_submit.py:524} INFO - 24/10/24 17:04:57 INFO Utils: Successfully started service 'SparkUI' on port 4040.
[2024-10-24T17:04:57.243+0000] {spark_submit.py:524} INFO - 24/10/24 17:04:57 INFO StandaloneAppClient$ClientEndpoint: Connecting to master spark://spark-master:7077...
[2024-10-24T17:04:57.293+0000] {spark_submit.py:524} INFO - 24/10/24 17:04:57 INFO TransportClientFactory: Successfully created connection to spark-master/172.18.0.2:7077 after 22 ms (0 ms spent in bootstraps)
[2024-10-24T17:04:57.391+0000] {spark_submit.py:524} INFO - 24/10/24 17:04:57 INFO StandaloneSchedulerBackend: Connected to Spark cluster with app ID app-20241024170457-0005
[2024-10-24T17:04:57.391+0000] {spark_submit.py:524} INFO - 24/10/24 17:04:57 INFO StandaloneAppClient$ClientEndpoint: Executor added: app-20241024170457-0005/0 on worker-20241024154855-172.18.0.5-43321 (172.18.0.5:43321) with 2 core(s)
[2024-10-24T17:04:57.391+0000] {spark_submit.py:524} INFO - 24/10/24 17:04:57 INFO StandaloneSchedulerBackend: Granted executor ID app-20241024170457-0005/0 on hostPort 172.18.0.5:43321 with 2 core(s), 1024.0 MiB RAM
[2024-10-24T17:04:57.398+0000] {spark_submit.py:524} INFO - 24/10/24 17:04:57 INFO Utils: Successfully started service 'org.apache.spark.network.netty.NettyBlockTransferService' on port 45971.
[2024-10-24T17:04:57.399+0000] {spark_submit.py:524} INFO - 24/10/24 17:04:57 INFO NettyBlockTransferService: Server created on e995fa603d7f:45971
[2024-10-24T17:04:57.400+0000] {spark_submit.py:524} INFO - 24/10/24 17:04:57 INFO BlockManager: Using org.apache.spark.storage.RandomBlockReplicationPolicy for block replication policy
[2024-10-24T17:04:57.409+0000] {spark_submit.py:524} INFO - 24/10/24 17:04:57 INFO BlockManagerMaster: Registering BlockManager BlockManagerId(driver, e995fa603d7f, 45971, None)
[2024-10-24T17:04:57.414+0000] {spark_submit.py:524} INFO - 24/10/24 17:04:57 INFO BlockManagerMasterEndpoint: Registering block manager e995fa603d7f:45971 with 434.4 MiB RAM, BlockManagerId(driver, e995fa603d7f, 45971, None)
[2024-10-24T17:04:57.418+0000] {spark_submit.py:524} INFO - 24/10/24 17:04:57 INFO BlockManagerMaster: Registered BlockManager BlockManagerId(driver, e995fa603d7f, 45971, None)
[2024-10-24T17:04:57.419+0000] {spark_submit.py:524} INFO - 24/10/24 17:04:57 INFO BlockManager: Initialized BlockManager: BlockManagerId(driver, e995fa603d7f, 45971, None)
[2024-10-24T17:04:57.431+0000] {spark_submit.py:524} INFO - 24/10/24 17:04:57 INFO StandaloneAppClient$ClientEndpoint: Executor updated: app-20241024170457-0005/0 is now RUNNING
[2024-10-24T17:04:57.669+0000] {spark_submit.py:524} INFO - 24/10/24 17:04:57 INFO StandaloneSchedulerBackend: SchedulerBackend is ready for scheduling beginning after reached minRegisteredResourcesRatio: 0.0
[2024-10-24T17:04:57.953+0000] {spark_submit.py:524} INFO - Hello from Spark!
[2024-10-24T17:04:57.954+0000] {spark_submit.py:524} INFO - 24/10/24 17:04:57 INFO SparkContext: SparkContext is stopping with exitCode 0.
[2024-10-24T17:04:57.974+0000] {spark_submit.py:524} INFO - 24/10/24 17:04:57 INFO SparkUI: Stopped Spark web UI at http://e995fa603d7f:4040
[2024-10-24T17:04:57.982+0000] {spark_submit.py:524} INFO - 24/10/24 17:04:57 INFO StandaloneSchedulerBackend: Shutting down all executors
[2024-10-24T17:04:57.986+0000] {spark_submit.py:524} INFO - 24/10/24 17:04:57 INFO StandaloneSchedulerBackend$StandaloneDriverEndpoint: Asking each executor to shut down
[2024-10-24T17:04:58.007+0000] {spark_submit.py:524} INFO - 24/10/24 17:04:58 INFO MapOutputTrackerMasterEndpoint: MapOutputTrackerMasterEndpoint stopped!
[2024-10-24T17:04:58.024+0000] {spark_submit.py:524} INFO - 24/10/24 17:04:58 INFO MemoryStore: MemoryStore cleared
[2024-10-24T17:04:58.026+0000] {spark_submit.py:524} INFO - 24/10/24 17:04:58 INFO BlockManager: BlockManager stopped
[2024-10-24T17:04:58.033+0000] {spark_submit.py:524} INFO - 24/10/24 17:04:58 INFO BlockManagerMaster: BlockManagerMaster stopped
[2024-10-24T17:04:58.035+0000] {spark_submit.py:524} INFO - 24/10/24 17:04:58 INFO OutputCommitCoordinator$OutputCommitCoordinatorEndpoint: OutputCommitCoordinator stopped!
[2024-10-24T17:04:58.042+0000] {spark_submit.py:524} INFO - 24/10/24 17:04:58 INFO SparkContext: Successfully stopped SparkContext
[2024-10-24T17:04:58.350+0000] {spark_submit.py:524} INFO - 24/10/24 17:04:58 INFO ShutdownHookManager: Shutdown hook called
[2024-10-24T17:04:58.351+0000] {spark_submit.py:524} INFO - 24/10/24 17:04:58 INFO ShutdownHookManager: Deleting directory /tmp/spark-b0d49204-e6d4-4e31-bca8-a6e743ec139f
[2024-10-24T17:04:58.355+0000] {spark_submit.py:524} INFO - 24/10/24 17:04:58 INFO ShutdownHookManager: Deleting directory /tmp/spark-b0d49204-e6d4-4e31-bca8-a6e743ec139f/pyspark-6a1a21ba-a497-4b2b-96fc-c2142f9bacb6
[2024-10-24T17:04:58.359+0000] {spark_submit.py:524} INFO - 24/10/24 17:04:58 INFO ShutdownHookManager: Deleting directory /tmp/spark-418bf366-a741-46f6-8d3d-066eaeb338b6
[2024-10-24T17:04:58.456+0000] {taskinstance.py:1398} INFO - Marking task as SUCCESS. dag_id=api_openbrewerydb_to_silver_gold, task_id=Gold, execution_date=20241024T170436, start_date=20241024T170452, end_date=20241024T170458
[2024-10-24T17:04:58.548+0000] {local_task_job_runner.py:228} INFO - Task exited with return code 0
[2024-10-24T17:04:58.612+0000] {taskinstance.py:2776} INFO - 0 downstream tasks scheduled from follow-on schedule check
