[2024-10-24T18:31:13.113+0000] {taskinstance.py:1157} INFO - Dependencies all met for dep_context=non-requeueable deps ti=<TaskInstance: api_openbrewerydb_to_silver_gold.Gold manual__2024-10-24T18:30:59.078058+00:00 [queued]>
[2024-10-24T18:31:13.121+0000] {taskinstance.py:1157} INFO - Dependencies all met for dep_context=requeueable deps ti=<TaskInstance: api_openbrewerydb_to_silver_gold.Gold manual__2024-10-24T18:30:59.078058+00:00 [queued]>
[2024-10-24T18:31:13.121+0000] {taskinstance.py:1359} INFO - Starting attempt 1 of 2
[2024-10-24T18:31:13.132+0000] {taskinstance.py:1380} INFO - Executing <Task(SparkSubmitOperator): Gold> on 2024-10-24 18:30:59.078058+00:00
[2024-10-24T18:31:13.137+0000] {standard_task_runner.py:57} INFO - Started process 2376 to run task
[2024-10-24T18:31:13.140+0000] {standard_task_runner.py:84} INFO - Running: ['***', 'tasks', 'run', 'api_openbrewerydb_to_silver_gold', 'Gold', 'manual__2024-10-24T18:30:59.078058+00:00', '--job-id', '183', '--raw', '--subdir', 'DAGS_FOLDER/api_openbrewerydb_to_silver_gold.py', '--cfg-path', '/tmp/tmpcgpifd_c']
[2024-10-24T18:31:13.141+0000] {standard_task_runner.py:85} INFO - Job 183: Subtask Gold
[2024-10-24T18:31:13.189+0000] {task_command.py:415} INFO - Running <TaskInstance: api_openbrewerydb_to_silver_gold.Gold manual__2024-10-24T18:30:59.078058+00:00 [running]> on host f55139681ae8
[2024-10-24T18:31:13.274+0000] {taskinstance.py:1660} INFO - Exporting env vars: AIRFLOW_CTX_DAG_OWNER='Rodrigo Araujo' AIRFLOW_CTX_DAG_ID='api_openbrewerydb_to_silver_gold' AIRFLOW_CTX_TASK_ID='Gold' AIRFLOW_CTX_EXECUTION_DATE='2024-10-24T18:30:59.078058+00:00' AIRFLOW_CTX_TRY_NUMBER='1' AIRFLOW_CTX_DAG_RUN_ID='manual__2024-10-24T18:30:59.078058+00:00'
[2024-10-24T18:31:13.285+0000] {base.py:73} INFO - Using connection ID 'spark-conn' for task execution.
[2024-10-24T18:31:13.285+0000] {spark_submit.py:363} INFO - Spark-Submit cmd: spark-submit --master spark://spark-master:7077 --name arrow-spark jobs/gold/api_openbrewerydb.py
[2024-10-24T18:31:15.580+0000] {spark_submit.py:524} INFO - 24/10/24 18:31:15 INFO SparkContext: Running Spark version 3.5.0
[2024-10-24T18:31:15.582+0000] {spark_submit.py:524} INFO - 24/10/24 18:31:15 INFO SparkContext: OS info Linux, 5.15.0-124-generic, amd64
[2024-10-24T18:31:15.582+0000] {spark_submit.py:524} INFO - 24/10/24 18:31:15 INFO SparkContext: Java version 17.0.13
[2024-10-24T18:31:15.646+0000] {spark_submit.py:524} INFO - 24/10/24 18:31:15 WARN NativeCodeLoader: Unable to load native-hadoop library for your platform... using builtin-java classes where applicable
[2024-10-24T18:31:15.731+0000] {spark_submit.py:524} INFO - 24/10/24 18:31:15 INFO ResourceUtils: ==============================================================
[2024-10-24T18:31:15.731+0000] {spark_submit.py:524} INFO - 24/10/24 18:31:15 INFO ResourceUtils: No custom resources configured for spark.driver.
[2024-10-24T18:31:15.731+0000] {spark_submit.py:524} INFO - 24/10/24 18:31:15 INFO ResourceUtils: ==============================================================
[2024-10-24T18:31:15.732+0000] {spark_submit.py:524} INFO - 24/10/24 18:31:15 INFO SparkContext: Submitted application: openbrewerydb_gold
[2024-10-24T18:31:15.749+0000] {spark_submit.py:524} INFO - 24/10/24 18:31:15 INFO ResourceProfile: Default ResourceProfile created, executor resources: Map(memory -> name: memory, amount: 1024, script: , vendor: , offHeap -> name: offHeap, amount: 0, script: , vendor: ), task resources: Map(cpus -> name: cpus, amount: 1.0)
[2024-10-24T18:31:15.756+0000] {spark_submit.py:524} INFO - 24/10/24 18:31:15 INFO ResourceProfile: Limiting resource is cpu
[2024-10-24T18:31:15.757+0000] {spark_submit.py:524} INFO - 24/10/24 18:31:15 INFO ResourceProfileManager: Added ResourceProfile id: 0
[2024-10-24T18:31:15.804+0000] {spark_submit.py:524} INFO - 24/10/24 18:31:15 INFO SecurityManager: Changing view acls to: root
[2024-10-24T18:31:15.804+0000] {spark_submit.py:524} INFO - 24/10/24 18:31:15 INFO SecurityManager: Changing modify acls to: root
[2024-10-24T18:31:15.805+0000] {spark_submit.py:524} INFO - 24/10/24 18:31:15 INFO SecurityManager: Changing view acls groups to:
[2024-10-24T18:31:15.805+0000] {spark_submit.py:524} INFO - 24/10/24 18:31:15 INFO SecurityManager: Changing modify acls groups to:
[2024-10-24T18:31:15.806+0000] {spark_submit.py:524} INFO - 24/10/24 18:31:15 INFO SecurityManager: SecurityManager: authentication disabled; ui acls disabled; users with view permissions: root; groups with view permissions: EMPTY; users with modify permissions: root; groups with modify permissions: EMPTY
[2024-10-24T18:31:16.024+0000] {spark_submit.py:524} INFO - 24/10/24 18:31:16 INFO Utils: Successfully started service 'sparkDriver' on port 46563.
[2024-10-24T18:31:16.048+0000] {spark_submit.py:524} INFO - 24/10/24 18:31:16 INFO SparkEnv: Registering MapOutputTracker
[2024-10-24T18:31:16.079+0000] {spark_submit.py:524} INFO - 24/10/24 18:31:16 INFO SparkEnv: Registering BlockManagerMaster
[2024-10-24T18:31:16.103+0000] {spark_submit.py:524} INFO - 24/10/24 18:31:16 INFO BlockManagerMasterEndpoint: Using org.apache.spark.storage.DefaultTopologyMapper for getting topology information
[2024-10-24T18:31:16.104+0000] {spark_submit.py:524} INFO - 24/10/24 18:31:16 INFO BlockManagerMasterEndpoint: BlockManagerMasterEndpoint up
[2024-10-24T18:31:16.120+0000] {spark_submit.py:524} INFO - 24/10/24 18:31:16 INFO SparkEnv: Registering BlockManagerMasterHeartbeat
[2024-10-24T18:31:16.148+0000] {spark_submit.py:524} INFO - 24/10/24 18:31:16 INFO DiskBlockManager: Created local directory at /tmp/blockmgr-8cf25375-0d9a-4b9a-be4a-44b079bff231
[2024-10-24T18:31:16.163+0000] {spark_submit.py:524} INFO - 24/10/24 18:31:16 INFO MemoryStore: MemoryStore started with capacity 434.4 MiB
[2024-10-24T18:31:16.179+0000] {spark_submit.py:524} INFO - 24/10/24 18:31:16 INFO SparkEnv: Registering OutputCommitCoordinator
[2024-10-24T18:31:16.285+0000] {spark_submit.py:524} INFO - 24/10/24 18:31:16 INFO JettyUtils: Start Jetty 0.0.0.0:4040 for SparkUI
[2024-10-24T18:31:16.329+0000] {spark_submit.py:524} INFO - 24/10/24 18:31:16 INFO Utils: Successfully started service 'SparkUI' on port 4040.
[2024-10-24T18:31:16.439+0000] {spark_submit.py:524} INFO - 24/10/24 18:31:16 INFO StandaloneAppClient$ClientEndpoint: Connecting to master spark://spark-master:7077...
[2024-10-24T18:31:16.476+0000] {spark_submit.py:524} INFO - 24/10/24 18:31:16 INFO TransportClientFactory: Successfully created connection to spark-master/172.18.0.3:7077 after 20 ms (0 ms spent in bootstraps)
[2024-10-24T18:31:16.550+0000] {spark_submit.py:524} INFO - 24/10/24 18:31:16 INFO StandaloneSchedulerBackend: Connected to Spark cluster with app ID app-20241024183116-0009
[2024-10-24T18:31:16.552+0000] {spark_submit.py:524} INFO - 24/10/24 18:31:16 INFO StandaloneAppClient$ClientEndpoint: Executor added: app-20241024183116-0009/0 on worker-20241024181336-172.18.0.5-36873 (172.18.0.5:36873) with 2 core(s)
[2024-10-24T18:31:16.554+0000] {spark_submit.py:524} INFO - 24/10/24 18:31:16 INFO StandaloneSchedulerBackend: Granted executor ID app-20241024183116-0009/0 on hostPort 172.18.0.5:36873 with 2 core(s), 1024.0 MiB RAM
[2024-10-24T18:31:16.562+0000] {spark_submit.py:524} INFO - 24/10/24 18:31:16 INFO Utils: Successfully started service 'org.apache.spark.network.netty.NettyBlockTransferService' on port 40689.
[2024-10-24T18:31:16.563+0000] {spark_submit.py:524} INFO - 24/10/24 18:31:16 INFO NettyBlockTransferService: Server created on f55139681ae8:40689
[2024-10-24T18:31:16.567+0000] {spark_submit.py:524} INFO - 24/10/24 18:31:16 INFO BlockManager: Using org.apache.spark.storage.RandomBlockReplicationPolicy for block replication policy
[2024-10-24T18:31:16.585+0000] {spark_submit.py:524} INFO - 24/10/24 18:31:16 INFO BlockManagerMaster: Registering BlockManager BlockManagerId(driver, f55139681ae8, 40689, None)
[2024-10-24T18:31:16.590+0000] {spark_submit.py:524} INFO - 24/10/24 18:31:16 INFO BlockManagerMasterEndpoint: Registering block manager f55139681ae8:40689 with 434.4 MiB RAM, BlockManagerId(driver, f55139681ae8, 40689, None)
[2024-10-24T18:31:16.595+0000] {spark_submit.py:524} INFO - 24/10/24 18:31:16 INFO BlockManagerMaster: Registered BlockManager BlockManagerId(driver, f55139681ae8, 40689, None)
[2024-10-24T18:31:16.596+0000] {spark_submit.py:524} INFO - 24/10/24 18:31:16 INFO StandaloneAppClient$ClientEndpoint: Executor updated: app-20241024183116-0009/0 is now RUNNING
[2024-10-24T18:31:16.599+0000] {spark_submit.py:524} INFO - 24/10/24 18:31:16 INFO BlockManager: Initialized BlockManager: BlockManagerId(driver, f55139681ae8, 40689, None)
[2024-10-24T18:31:16.836+0000] {spark_submit.py:524} INFO - 24/10/24 18:31:16 INFO StandaloneSchedulerBackend: SchedulerBackend is ready for scheduling beginning after reached minRegisteredResourcesRatio: 0.0
[2024-10-24T18:31:17.106+0000] {spark_submit.py:524} INFO - 24/10/24 18:31:17 INFO SharedState: Setting hive.metastore.warehouse.dir ('null') to the value of spark.sql.warehouse.dir.
[2024-10-24T18:31:17.113+0000] {spark_submit.py:524} INFO - 24/10/24 18:31:17 INFO SharedState: Warehouse path is 'file:/opt/***/spark-warehouse'.
[2024-10-24T18:31:18.513+0000] {spark_submit.py:524} INFO - 24/10/24 18:31:18 INFO InMemoryFileIndex: It took 203 ms to list leaf files for 1 paths.
[2024-10-24T18:31:19.116+0000] {spark_submit.py:524} INFO - 24/10/24 18:31:19 INFO SparkContext: Starting job: parquet at NativeMethodAccessorImpl.java:0
[2024-10-24T18:31:19.146+0000] {spark_submit.py:524} INFO - 24/10/24 18:31:19 INFO DAGScheduler: Got job 0 (parquet at NativeMethodAccessorImpl.java:0) with 1 output partitions
[2024-10-24T18:31:19.147+0000] {spark_submit.py:524} INFO - 24/10/24 18:31:19 INFO DAGScheduler: Final stage: ResultStage 0 (parquet at NativeMethodAccessorImpl.java:0)
[2024-10-24T18:31:19.148+0000] {spark_submit.py:524} INFO - 24/10/24 18:31:19 INFO DAGScheduler: Parents of final stage: List()
[2024-10-24T18:31:19.150+0000] {spark_submit.py:524} INFO - 24/10/24 18:31:19 INFO DAGScheduler: Missing parents: List()
[2024-10-24T18:31:19.156+0000] {spark_submit.py:524} INFO - 24/10/24 18:31:19 INFO DAGScheduler: Submitting ResultStage 0 (MapPartitionsRDD[1] at parquet at NativeMethodAccessorImpl.java:0), which has no missing parents
[2024-10-24T18:31:19.219+0000] {spark_submit.py:524} INFO - 24/10/24 18:31:19 INFO MemoryStore: Block broadcast_0 stored as values in memory (estimated size 103.1 KiB, free 434.3 MiB)
[2024-10-24T18:31:19.264+0000] {spark_submit.py:524} INFO - 24/10/24 18:31:19 INFO MemoryStore: Block broadcast_0_piece0 stored as bytes in memory (estimated size 37.1 KiB, free 434.3 MiB)
[2024-10-24T18:31:19.267+0000] {spark_submit.py:524} INFO - 24/10/24 18:31:19 INFO BlockManagerInfo: Added broadcast_0_piece0 in memory on f55139681ae8:40689 (size: 37.1 KiB, free: 434.4 MiB)
[2024-10-24T18:31:19.275+0000] {spark_submit.py:524} INFO - 24/10/24 18:31:19 INFO SparkContext: Created broadcast 0 from broadcast at DAGScheduler.scala:1580
[2024-10-24T18:31:19.300+0000] {spark_submit.py:524} INFO - 24/10/24 18:31:19 INFO DAGScheduler: Submitting 1 missing tasks from ResultStage 0 (MapPartitionsRDD[1] at parquet at NativeMethodAccessorImpl.java:0) (first 15 tasks are for partitions Vector(0))
[2024-10-24T18:31:19.302+0000] {spark_submit.py:524} INFO - 24/10/24 18:31:19 INFO TaskSchedulerImpl: Adding task set 0.0 with 1 tasks resource profile 0
[2024-10-24T18:31:19.639+0000] {spark_submit.py:524} INFO - 24/10/24 18:31:19 INFO StandaloneSchedulerBackend$StandaloneDriverEndpoint: Registered executor NettyRpcEndpointRef(spark-client://Executor) (172.18.0.5:45862) with ID 0,  ResourceProfileId 0
[2024-10-24T18:31:19.696+0000] {spark_submit.py:524} INFO - 24/10/24 18:31:19 INFO BlockManagerMasterEndpoint: Registering block manager 172.18.0.5:35713 with 434.4 MiB RAM, BlockManagerId(0, 172.18.0.5, 35713, None)
[2024-10-24T18:31:19.743+0000] {spark_submit.py:524} INFO - 24/10/24 18:31:19 INFO TaskSetManager: Starting task 0.0 in stage 0.0 (TID 0) (172.18.0.5, executor 0, partition 0, PROCESS_LOCAL, 7873 bytes)
[2024-10-24T18:31:19.957+0000] {spark_submit.py:524} INFO - 24/10/24 18:31:19 INFO BlockManagerInfo: Added broadcast_0_piece0 in memory on 172.18.0.5:35713 (size: 37.1 KiB, free: 434.4 MiB)
[2024-10-24T18:31:20.519+0000] {spark_submit.py:524} INFO - 24/10/24 18:31:20 INFO TaskSetManager: Finished task 0.0 in stage 0.0 (TID 0) in 786 ms on 172.18.0.5 (executor 0) (1/1)
[2024-10-24T18:31:20.520+0000] {spark_submit.py:524} INFO - 24/10/24 18:31:20 INFO TaskSchedulerImpl: Removed TaskSet 0.0, whose tasks have all completed, from pool
[2024-10-24T18:31:20.524+0000] {spark_submit.py:524} INFO - 24/10/24 18:31:20 INFO DAGScheduler: ResultStage 0 (parquet at NativeMethodAccessorImpl.java:0) finished in 1.349 s
[2024-10-24T18:31:20.527+0000] {spark_submit.py:524} INFO - 24/10/24 18:31:20 INFO DAGScheduler: Job 0 is finished. Cancelling potential speculative or zombie tasks for this job
[2024-10-24T18:31:20.527+0000] {spark_submit.py:524} INFO - 24/10/24 18:31:20 INFO TaskSchedulerImpl: Killing all running tasks in stage 0: Stage finished
[2024-10-24T18:31:20.529+0000] {spark_submit.py:524} INFO - 24/10/24 18:31:20 INFO DAGScheduler: Job 0 finished: parquet at NativeMethodAccessorImpl.java:0, took 1.413846 s
[2024-10-24T18:31:20.793+0000] {spark_submit.py:524} INFO - 24/10/24 18:31:20 INFO BlockManagerInfo: Removed broadcast_0_piece0 on f55139681ae8:40689 in memory (size: 37.1 KiB, free: 434.4 MiB)
[2024-10-24T18:31:20.804+0000] {spark_submit.py:524} INFO - 24/10/24 18:31:20 INFO BlockManagerInfo: Removed broadcast_0_piece0 on 172.18.0.5:35713 in memory (size: 37.1 KiB, free: 434.4 MiB)
[2024-10-24T18:31:21.350+0000] {spark_submit.py:524} INFO - 24/10/24 18:31:21 INFO DataSourceStrategy: Pruning directories with:
[2024-10-24T18:31:21.352+0000] {spark_submit.py:524} INFO - 24/10/24 18:31:21 INFO FileSourceStrategy: Pushed Filters:
[2024-10-24T18:31:21.353+0000] {spark_submit.py:524} INFO - 24/10/24 18:31:21 INFO FileSourceStrategy: Post-Scan Filters:
[2024-10-24T18:31:21.685+0000] {spark_submit.py:524} INFO - 24/10/24 18:31:21 INFO CodeGenerator: Code generated in 176.783581 ms
[2024-10-24T18:31:21.709+0000] {spark_submit.py:524} INFO - 24/10/24 18:31:21 INFO MemoryStore: Block broadcast_1 stored as values in memory (estimated size 200.7 KiB, free 434.2 MiB)
[2024-10-24T18:31:21.729+0000] {spark_submit.py:524} INFO - 24/10/24 18:31:21 INFO MemoryStore: Block broadcast_1_piece0 stored as bytes in memory (estimated size 34.8 KiB, free 434.2 MiB)
[2024-10-24T18:31:21.730+0000] {spark_submit.py:524} INFO - 24/10/24 18:31:21 INFO BlockManagerInfo: Added broadcast_1_piece0 in memory on f55139681ae8:40689 (size: 34.8 KiB, free: 434.4 MiB)
[2024-10-24T18:31:21.731+0000] {spark_submit.py:524} INFO - 24/10/24 18:31:21 INFO SparkContext: Created broadcast 1 from count at NativeMethodAccessorImpl.java:0
[2024-10-24T18:31:21.745+0000] {spark_submit.py:524} INFO - 24/10/24 18:31:21 INFO FileSourceScanExec: Planning scan with bin packing, max size: 96564390 bytes, open cost is considered as scanning 4194304 bytes.
[2024-10-24T18:31:21.792+0000] {spark_submit.py:524} INFO - 24/10/24 18:31:21 INFO DAGScheduler: Registering RDD 5 (count at NativeMethodAccessorImpl.java:0) as input to shuffle 0
[2024-10-24T18:31:21.796+0000] {spark_submit.py:524} INFO - 24/10/24 18:31:21 INFO DAGScheduler: Got map stage job 1 (count at NativeMethodAccessorImpl.java:0) with 2 output partitions
[2024-10-24T18:31:21.796+0000] {spark_submit.py:524} INFO - 24/10/24 18:31:21 INFO DAGScheduler: Final stage: ShuffleMapStage 1 (count at NativeMethodAccessorImpl.java:0)
[2024-10-24T18:31:21.796+0000] {spark_submit.py:524} INFO - 24/10/24 18:31:21 INFO DAGScheduler: Parents of final stage: List()
[2024-10-24T18:31:21.797+0000] {spark_submit.py:524} INFO - 24/10/24 18:31:21 INFO DAGScheduler: Missing parents: List()
[2024-10-24T18:31:21.798+0000] {spark_submit.py:524} INFO - 24/10/24 18:31:21 INFO DAGScheduler: Submitting ShuffleMapStage 1 (MapPartitionsRDD[5] at count at NativeMethodAccessorImpl.java:0), which has no missing parents
[2024-10-24T18:31:21.831+0000] {spark_submit.py:524} INFO - 24/10/24 18:31:21 INFO MemoryStore: Block broadcast_2 stored as values in memory (estimated size 17.9 KiB, free 434.2 MiB)
[2024-10-24T18:31:21.836+0000] {spark_submit.py:524} INFO - 24/10/24 18:31:21 INFO MemoryStore: Block broadcast_2_piece0 stored as bytes in memory (estimated size 8.0 KiB, free 434.1 MiB)
[2024-10-24T18:31:21.837+0000] {spark_submit.py:524} INFO - 24/10/24 18:31:21 INFO BlockManagerInfo: Added broadcast_2_piece0 in memory on f55139681ae8:40689 (size: 8.0 KiB, free: 434.4 MiB)
[2024-10-24T18:31:21.838+0000] {spark_submit.py:524} INFO - 24/10/24 18:31:21 INFO SparkContext: Created broadcast 2 from broadcast at DAGScheduler.scala:1580
[2024-10-24T18:31:21.840+0000] {spark_submit.py:524} INFO - 24/10/24 18:31:21 INFO DAGScheduler: Submitting 2 missing tasks from ShuffleMapStage 1 (MapPartitionsRDD[5] at count at NativeMethodAccessorImpl.java:0) (first 15 tasks are for partitions Vector(0, 1))
[2024-10-24T18:31:21.840+0000] {spark_submit.py:524} INFO - 24/10/24 18:31:21 INFO TaskSchedulerImpl: Adding task set 1.0 with 2 tasks resource profile 0
[2024-10-24T18:31:21.847+0000] {spark_submit.py:524} INFO - 24/10/24 18:31:21 INFO TaskSetManager: Starting task 0.0 in stage 1.0 (TID 1) (172.18.0.5, executor 0, partition 0, PROCESS_LOCAL, 15287 bytes)
[2024-10-24T18:31:21.848+0000] {spark_submit.py:524} INFO - 24/10/24 18:31:21 INFO TaskSetManager: Starting task 1.0 in stage 1.0 (TID 2) (172.18.0.5, executor 0, partition 1, PROCESS_LOCAL, 15205 bytes)
[2024-10-24T18:31:21.896+0000] {spark_submit.py:524} INFO - 24/10/24 18:31:21 INFO BlockManagerInfo: Added broadcast_2_piece0 in memory on 172.18.0.5:35713 (size: 8.0 KiB, free: 434.4 MiB)
[2024-10-24T18:31:22.340+0000] {spark_submit.py:524} INFO - 24/10/24 18:31:22 INFO BlockManagerInfo: Added broadcast_1_piece0 in memory on 172.18.0.5:35713 (size: 34.8 KiB, free: 434.4 MiB)
[2024-10-24T18:31:22.667+0000] {spark_submit.py:524} INFO - 24/10/24 18:31:22 INFO TaskSetManager: Finished task 1.0 in stage 1.0 (TID 2) in 820 ms on 172.18.0.5 (executor 0) (1/2)
[2024-10-24T18:31:22.688+0000] {spark_submit.py:524} INFO - 24/10/24 18:31:22 INFO TaskSetManager: Finished task 0.0 in stage 1.0 (TID 1) in 846 ms on 172.18.0.5 (executor 0) (2/2)
[2024-10-24T18:31:22.688+0000] {spark_submit.py:524} INFO - 24/10/24 18:31:22 INFO TaskSchedulerImpl: Removed TaskSet 1.0, whose tasks have all completed, from pool
[2024-10-24T18:31:22.689+0000] {spark_submit.py:524} INFO - 24/10/24 18:31:22 INFO DAGScheduler: ShuffleMapStage 1 (count at NativeMethodAccessorImpl.java:0) finished in 0.887 s
[2024-10-24T18:31:22.690+0000] {spark_submit.py:524} INFO - 24/10/24 18:31:22 INFO DAGScheduler: looking for newly runnable stages
[2024-10-24T18:31:22.690+0000] {spark_submit.py:524} INFO - 24/10/24 18:31:22 INFO DAGScheduler: running: Set()
[2024-10-24T18:31:22.690+0000] {spark_submit.py:524} INFO - 24/10/24 18:31:22 INFO DAGScheduler: waiting: Set()
[2024-10-24T18:31:22.691+0000] {spark_submit.py:524} INFO - 24/10/24 18:31:22 INFO DAGScheduler: failed: Set()
[2024-10-24T18:31:22.726+0000] {spark_submit.py:524} INFO - 24/10/24 18:31:22 INFO CodeGenerator: Code generated in 10.772763 ms
[2024-10-24T18:31:22.748+0000] {spark_submit.py:524} INFO - 24/10/24 18:31:22 INFO SparkContext: Starting job: count at NativeMethodAccessorImpl.java:0
[2024-10-24T18:31:22.751+0000] {spark_submit.py:524} INFO - 24/10/24 18:31:22 INFO DAGScheduler: Got job 2 (count at NativeMethodAccessorImpl.java:0) with 1 output partitions
[2024-10-24T18:31:22.751+0000] {spark_submit.py:524} INFO - 24/10/24 18:31:22 INFO DAGScheduler: Final stage: ResultStage 3 (count at NativeMethodAccessorImpl.java:0)
[2024-10-24T18:31:22.751+0000] {spark_submit.py:524} INFO - 24/10/24 18:31:22 INFO DAGScheduler: Parents of final stage: List(ShuffleMapStage 2)
[2024-10-24T18:31:22.751+0000] {spark_submit.py:524} INFO - 24/10/24 18:31:22 INFO DAGScheduler: Missing parents: List()
[2024-10-24T18:31:22.752+0000] {spark_submit.py:524} INFO - 24/10/24 18:31:22 INFO DAGScheduler: Submitting ResultStage 3 (MapPartitionsRDD[8] at count at NativeMethodAccessorImpl.java:0), which has no missing parents
[2024-10-24T18:31:22.760+0000] {spark_submit.py:524} INFO - 24/10/24 18:31:22 INFO MemoryStore: Block broadcast_3 stored as values in memory (estimated size 12.5 KiB, free 434.1 MiB)
[2024-10-24T18:31:22.764+0000] {spark_submit.py:524} INFO - 24/10/24 18:31:22 INFO MemoryStore: Block broadcast_3_piece0 stored as bytes in memory (estimated size 5.9 KiB, free 434.1 MiB)
[2024-10-24T18:31:22.765+0000] {spark_submit.py:524} INFO - 24/10/24 18:31:22 INFO BlockManagerInfo: Removed broadcast_2_piece0 on f55139681ae8:40689 in memory (size: 8.0 KiB, free: 434.4 MiB)
[2024-10-24T18:31:22.766+0000] {spark_submit.py:524} INFO - 24/10/24 18:31:22 INFO BlockManagerInfo: Added broadcast_3_piece0 in memory on f55139681ae8:40689 (size: 5.9 KiB, free: 434.4 MiB)
[2024-10-24T18:31:22.767+0000] {spark_submit.py:524} INFO - 24/10/24 18:31:22 INFO SparkContext: Created broadcast 3 from broadcast at DAGScheduler.scala:1580
[2024-10-24T18:31:22.768+0000] {spark_submit.py:524} INFO - 24/10/24 18:31:22 INFO BlockManagerInfo: Removed broadcast_2_piece0 on 172.18.0.5:35713 in memory (size: 8.0 KiB, free: 434.4 MiB)
[2024-10-24T18:31:22.768+0000] {spark_submit.py:524} INFO - 24/10/24 18:31:22 INFO DAGScheduler: Submitting 1 missing tasks from ResultStage 3 (MapPartitionsRDD[8] at count at NativeMethodAccessorImpl.java:0) (first 15 tasks are for partitions Vector(0))
[2024-10-24T18:31:22.768+0000] {spark_submit.py:524} INFO - 24/10/24 18:31:22 INFO TaskSchedulerImpl: Adding task set 3.0 with 1 tasks resource profile 0
[2024-10-24T18:31:22.773+0000] {spark_submit.py:524} INFO - 24/10/24 18:31:22 INFO TaskSetManager: Starting task 0.0 in stage 3.0 (TID 3) (172.18.0.5, executor 0, partition 0, NODE_LOCAL, 7619 bytes)
[2024-10-24T18:31:22.793+0000] {spark_submit.py:524} INFO - 24/10/24 18:31:22 INFO BlockManagerInfo: Added broadcast_3_piece0 in memory on 172.18.0.5:35713 (size: 5.9 KiB, free: 434.4 MiB)
[2024-10-24T18:31:22.816+0000] {spark_submit.py:524} INFO - 24/10/24 18:31:22 INFO MapOutputTrackerMasterEndpoint: Asked to send map output locations for shuffle 0 to 172.18.0.5:45862
[2024-10-24T18:31:22.906+0000] {spark_submit.py:524} INFO - 24/10/24 18:31:22 INFO TaskSetManager: Finished task 0.0 in stage 3.0 (TID 3) in 135 ms on 172.18.0.5 (executor 0) (1/1)
[2024-10-24T18:31:22.907+0000] {spark_submit.py:524} INFO - 24/10/24 18:31:22 INFO TaskSchedulerImpl: Removed TaskSet 3.0, whose tasks have all completed, from pool
[2024-10-24T18:31:22.908+0000] {spark_submit.py:524} INFO - 24/10/24 18:31:22 INFO DAGScheduler: ResultStage 3 (count at NativeMethodAccessorImpl.java:0) finished in 0.149 s
[2024-10-24T18:31:22.909+0000] {spark_submit.py:524} INFO - 24/10/24 18:31:22 INFO DAGScheduler: Job 2 is finished. Cancelling potential speculative or zombie tasks for this job
[2024-10-24T18:31:22.909+0000] {spark_submit.py:524} INFO - 24/10/24 18:31:22 INFO TaskSchedulerImpl: Killing all running tasks in stage 3: Stage finished
[2024-10-24T18:31:22.910+0000] {spark_submit.py:524} INFO - 24/10/24 18:31:22 INFO DAGScheduler: Job 2 finished: count at NativeMethodAccessorImpl.java:0, took 0.160533 s
[2024-10-24T18:31:22.915+0000] {spark_submit.py:524} INFO - Quantidade total registos:  50
[2024-10-24T18:31:23.042+0000] {spark_submit.py:524} INFO - 24/10/24 18:31:23 INFO DataSourceStrategy: Pruning directories with:
[2024-10-24T18:31:23.043+0000] {spark_submit.py:524} INFO - 24/10/24 18:31:23 INFO FileSourceStrategy: Pushed Filters:
[2024-10-24T18:31:23.043+0000] {spark_submit.py:524} INFO - 24/10/24 18:31:23 INFO FileSourceStrategy: Post-Scan Filters:
[2024-10-24T18:31:23.165+0000] {spark_submit.py:524} INFO - 24/10/24 18:31:23 INFO CodeGenerator: Code generated in 67.827927 ms
[2024-10-24T18:31:23.171+0000] {spark_submit.py:524} INFO - 24/10/24 18:31:23 INFO MemoryStore: Block broadcast_4 stored as values in memory (estimated size 200.9 KiB, free 434.0 MiB)
[2024-10-24T18:31:23.181+0000] {spark_submit.py:524} INFO - 24/10/24 18:31:23 INFO BlockManagerInfo: Removed broadcast_3_piece0 on f55139681ae8:40689 in memory (size: 5.9 KiB, free: 434.4 MiB)
[2024-10-24T18:31:23.183+0000] {spark_submit.py:524} INFO - 24/10/24 18:31:23 INFO MemoryStore: Block broadcast_4_piece0 stored as bytes in memory (estimated size 34.9 KiB, free 433.9 MiB)
[2024-10-24T18:31:23.184+0000] {spark_submit.py:524} INFO - 24/10/24 18:31:23 INFO BlockManagerInfo: Added broadcast_4_piece0 in memory on f55139681ae8:40689 (size: 34.9 KiB, free: 434.3 MiB)
[2024-10-24T18:31:23.184+0000] {spark_submit.py:524} INFO - 24/10/24 18:31:23 INFO SparkContext: Created broadcast 4 from showString at NativeMethodAccessorImpl.java:0
[2024-10-24T18:31:23.186+0000] {spark_submit.py:524} INFO - 24/10/24 18:31:23 INFO FileSourceScanExec: Planning scan with bin packing, max size: 96564390 bytes, open cost is considered as scanning 4194304 bytes.
[2024-10-24T18:31:23.191+0000] {spark_submit.py:524} INFO - 24/10/24 18:31:23 INFO BlockManagerInfo: Removed broadcast_3_piece0 on 172.18.0.5:35713 in memory (size: 5.9 KiB, free: 434.4 MiB)
[2024-10-24T18:31:23.221+0000] {spark_submit.py:524} INFO - 24/10/24 18:31:23 INFO DAGScheduler: Registering RDD 12 (showString at NativeMethodAccessorImpl.java:0) as input to shuffle 1
[2024-10-24T18:31:23.221+0000] {spark_submit.py:524} INFO - 24/10/24 18:31:23 INFO DAGScheduler: Got map stage job 3 (showString at NativeMethodAccessorImpl.java:0) with 2 output partitions
[2024-10-24T18:31:23.221+0000] {spark_submit.py:524} INFO - 24/10/24 18:31:23 INFO DAGScheduler: Final stage: ShuffleMapStage 4 (showString at NativeMethodAccessorImpl.java:0)
[2024-10-24T18:31:23.221+0000] {spark_submit.py:524} INFO - 24/10/24 18:31:23 INFO DAGScheduler: Parents of final stage: List()
[2024-10-24T18:31:23.222+0000] {spark_submit.py:524} INFO - 24/10/24 18:31:23 INFO DAGScheduler: Missing parents: List()
[2024-10-24T18:31:23.222+0000] {spark_submit.py:524} INFO - 24/10/24 18:31:23 INFO DAGScheduler: Submitting ShuffleMapStage 4 (MapPartitionsRDD[12] at showString at NativeMethodAccessorImpl.java:0), which has no missing parents
[2024-10-24T18:31:23.226+0000] {spark_submit.py:524} INFO - 24/10/24 18:31:23 INFO MemoryStore: Block broadcast_5 stored as values in memory (estimated size 45.5 KiB, free 433.9 MiB)
[2024-10-24T18:31:23.231+0000] {spark_submit.py:524} INFO - 24/10/24 18:31:23 INFO MemoryStore: Block broadcast_5_piece0 stored as bytes in memory (estimated size 19.1 KiB, free 433.9 MiB)
[2024-10-24T18:31:23.232+0000] {spark_submit.py:524} INFO - 24/10/24 18:31:23 INFO BlockManagerInfo: Added broadcast_5_piece0 in memory on f55139681ae8:40689 (size: 19.1 KiB, free: 434.3 MiB)
[2024-10-24T18:31:23.232+0000] {spark_submit.py:524} INFO - 24/10/24 18:31:23 INFO SparkContext: Created broadcast 5 from broadcast at DAGScheduler.scala:1580
[2024-10-24T18:31:23.233+0000] {spark_submit.py:524} INFO - 24/10/24 18:31:23 INFO DAGScheduler: Submitting 2 missing tasks from ShuffleMapStage 4 (MapPartitionsRDD[12] at showString at NativeMethodAccessorImpl.java:0) (first 15 tasks are for partitions Vector(0, 1))
[2024-10-24T18:31:23.233+0000] {spark_submit.py:524} INFO - 24/10/24 18:31:23 INFO TaskSchedulerImpl: Adding task set 4.0 with 2 tasks resource profile 0
[2024-10-24T18:31:23.235+0000] {spark_submit.py:524} INFO - 24/10/24 18:31:23 INFO TaskSetManager: Starting task 0.0 in stage 4.0 (TID 4) (172.18.0.5, executor 0, partition 0, PROCESS_LOCAL, 15287 bytes)
[2024-10-24T18:31:23.236+0000] {spark_submit.py:524} INFO - 24/10/24 18:31:23 INFO TaskSetManager: Starting task 1.0 in stage 4.0 (TID 5) (172.18.0.5, executor 0, partition 1, PROCESS_LOCAL, 15205 bytes)
[2024-10-24T18:31:23.254+0000] {spark_submit.py:524} INFO - 24/10/24 18:31:23 INFO BlockManagerInfo: Added broadcast_5_piece0 in memory on 172.18.0.5:35713 (size: 19.1 KiB, free: 434.3 MiB)
[2024-10-24T18:31:23.728+0000] {spark_submit.py:524} INFO - 24/10/24 18:31:23 INFO BlockManagerInfo: Added broadcast_4_piece0 in memory on 172.18.0.5:35713 (size: 34.9 KiB, free: 434.3 MiB)
[2024-10-24T18:31:24.099+0000] {spark_submit.py:524} INFO - 24/10/24 18:31:24 INFO TaskSetManager: Finished task 1.0 in stage 4.0 (TID 5) in 863 ms on 172.18.0.5 (executor 0) (1/2)
[2024-10-24T18:31:24.130+0000] {spark_submit.py:524} INFO - 24/10/24 18:31:24 INFO TaskSetManager: Finished task 0.0 in stage 4.0 (TID 4) in 895 ms on 172.18.0.5 (executor 0) (2/2)
[2024-10-24T18:31:24.130+0000] {spark_submit.py:524} INFO - 24/10/24 18:31:24 INFO TaskSchedulerImpl: Removed TaskSet 4.0, whose tasks have all completed, from pool
[2024-10-24T18:31:24.131+0000] {spark_submit.py:524} INFO - 24/10/24 18:31:24 INFO DAGScheduler: ShuffleMapStage 4 (showString at NativeMethodAccessorImpl.java:0) finished in 0.907 s
[2024-10-24T18:31:24.131+0000] {spark_submit.py:524} INFO - 24/10/24 18:31:24 INFO DAGScheduler: looking for newly runnable stages
[2024-10-24T18:31:24.131+0000] {spark_submit.py:524} INFO - 24/10/24 18:31:24 INFO DAGScheduler: running: Set()
[2024-10-24T18:31:24.131+0000] {spark_submit.py:524} INFO - 24/10/24 18:31:24 INFO DAGScheduler: waiting: Set()
[2024-10-24T18:31:24.131+0000] {spark_submit.py:524} INFO - 24/10/24 18:31:24 INFO DAGScheduler: failed: Set()
[2024-10-24T18:31:24.145+0000] {spark_submit.py:524} INFO - 24/10/24 18:31:24 INFO ShufflePartitionsUtil: For shuffle(1), advisory target size: 67108864, actual target size 1048576, minimum partition size: 1048576
[2024-10-24T18:31:24.161+0000] {spark_submit.py:524} INFO - 24/10/24 18:31:24 INFO HashAggregateExec: spark.sql.codegen.aggregate.map.twolevel.enabled is set to true, but current version of codegened fast hashmap does not support this aggregate.
[2024-10-24T18:31:24.195+0000] {spark_submit.py:524} INFO - 24/10/24 18:31:24 INFO CodeGenerator: Code generated in 25.410831 ms
[2024-10-24T18:31:24.215+0000] {spark_submit.py:524} INFO - 24/10/24 18:31:24 INFO SparkContext: Starting job: showString at NativeMethodAccessorImpl.java:0
[2024-10-24T18:31:24.217+0000] {spark_submit.py:524} INFO - 24/10/24 18:31:24 INFO DAGScheduler: Got job 4 (showString at NativeMethodAccessorImpl.java:0) with 1 output partitions
[2024-10-24T18:31:24.218+0000] {spark_submit.py:524} INFO - 24/10/24 18:31:24 INFO DAGScheduler: Final stage: ResultStage 6 (showString at NativeMethodAccessorImpl.java:0)
[2024-10-24T18:31:24.218+0000] {spark_submit.py:524} INFO - 24/10/24 18:31:24 INFO DAGScheduler: Parents of final stage: List(ShuffleMapStage 5)
[2024-10-24T18:31:24.219+0000] {spark_submit.py:524} INFO - 24/10/24 18:31:24 INFO DAGScheduler: Missing parents: List()
[2024-10-24T18:31:24.220+0000] {spark_submit.py:524} INFO - 24/10/24 18:31:24 INFO DAGScheduler: Submitting ResultStage 6 (MapPartitionsRDD[15] at showString at NativeMethodAccessorImpl.java:0), which has no missing parents
[2024-10-24T18:31:24.227+0000] {spark_submit.py:524} INFO - 24/10/24 18:31:24 INFO MemoryStore: Block broadcast_6 stored as values in memory (estimated size 43.4 KiB, free 433.8 MiB)
[2024-10-24T18:31:24.231+0000] {spark_submit.py:524} INFO - 24/10/24 18:31:24 INFO MemoryStore: Block broadcast_6_piece0 stored as bytes in memory (estimated size 19.3 KiB, free 433.8 MiB)
[2024-10-24T18:31:24.233+0000] {spark_submit.py:524} INFO - 24/10/24 18:31:24 INFO BlockManagerInfo: Removed broadcast_5_piece0 on f55139681ae8:40689 in memory (size: 19.1 KiB, free: 434.3 MiB)
[2024-10-24T18:31:24.234+0000] {spark_submit.py:524} INFO - 24/10/24 18:31:24 INFO BlockManagerInfo: Added broadcast_6_piece0 in memory on f55139681ae8:40689 (size: 19.3 KiB, free: 434.3 MiB)
[2024-10-24T18:31:24.235+0000] {spark_submit.py:524} INFO - 24/10/24 18:31:24 INFO SparkContext: Created broadcast 6 from broadcast at DAGScheduler.scala:1580
[2024-10-24T18:31:24.236+0000] {spark_submit.py:524} INFO - 24/10/24 18:31:24 INFO DAGScheduler: Submitting 1 missing tasks from ResultStage 6 (MapPartitionsRDD[15] at showString at NativeMethodAccessorImpl.java:0) (first 15 tasks are for partitions Vector(0))
[2024-10-24T18:31:24.237+0000] {spark_submit.py:524} INFO - 24/10/24 18:31:24 INFO TaskSchedulerImpl: Adding task set 6.0 with 1 tasks resource profile 0
[2024-10-24T18:31:24.241+0000] {spark_submit.py:524} INFO - 24/10/24 18:31:24 INFO BlockManagerInfo: Removed broadcast_5_piece0 on 172.18.0.5:35713 in memory (size: 19.1 KiB, free: 434.3 MiB)
[2024-10-24T18:31:24.241+0000] {spark_submit.py:524} INFO - 24/10/24 18:31:24 INFO TaskSetManager: Starting task 0.0 in stage 6.0 (TID 6) (172.18.0.5, executor 0, partition 0, NODE_LOCAL, 7619 bytes)
[2024-10-24T18:31:24.262+0000] {spark_submit.py:524} INFO - 24/10/24 18:31:24 INFO BlockManagerInfo: Added broadcast_6_piece0 in memory on 172.18.0.5:35713 (size: 19.3 KiB, free: 434.3 MiB)
[2024-10-24T18:31:24.300+0000] {spark_submit.py:524} INFO - 24/10/24 18:31:24 INFO MapOutputTrackerMasterEndpoint: Asked to send map output locations for shuffle 1 to 172.18.0.5:45862
[2024-10-24T18:31:24.391+0000] {spark_submit.py:524} INFO - 24/10/24 18:31:24 INFO TaskSetManager: Finished task 0.0 in stage 6.0 (TID 6) in 151 ms on 172.18.0.5 (executor 0) (1/1)
[2024-10-24T18:31:24.392+0000] {spark_submit.py:524} INFO - 24/10/24 18:31:24 INFO TaskSchedulerImpl: Removed TaskSet 6.0, whose tasks have all completed, from pool
[2024-10-24T18:31:24.393+0000] {spark_submit.py:524} INFO - 24/10/24 18:31:24 INFO DAGScheduler: ResultStage 6 (showString at NativeMethodAccessorImpl.java:0) finished in 0.168 s
[2024-10-24T18:31:24.394+0000] {spark_submit.py:524} INFO - 24/10/24 18:31:24 INFO DAGScheduler: Job 4 is finished. Cancelling potential speculative or zombie tasks for this job
[2024-10-24T18:31:24.395+0000] {spark_submit.py:524} INFO - 24/10/24 18:31:24 INFO TaskSchedulerImpl: Killing all running tasks in stage 6: Stage finished
[2024-10-24T18:31:24.395+0000] {spark_submit.py:524} INFO - 24/10/24 18:31:24 INFO DAGScheduler: Job 4 finished: showString at NativeMethodAccessorImpl.java:0, took 0.179282 s
[2024-10-24T18:31:25.308+0000] {spark_submit.py:524} INFO - 24/10/24 18:31:25 INFO BlockManagerInfo: Removed broadcast_6_piece0 on f55139681ae8:40689 in memory (size: 19.3 KiB, free: 434.3 MiB)
[2024-10-24T18:31:25.312+0000] {spark_submit.py:524} INFO - 24/10/24 18:31:25 INFO BlockManagerInfo: Removed broadcast_6_piece0 on 172.18.0.5:35713 in memory (size: 19.3 KiB, free: 434.3 MiB)
[2024-10-24T18:31:25.497+0000] {spark_submit.py:524} INFO - 24/10/24 18:31:25 INFO CodeGenerator: Code generated in 16.925676 ms
[2024-10-24T18:31:25.508+0000] {spark_submit.py:524} INFO - +------------+-------------+--------------+----------------+------------------+
[2024-10-24T18:31:25.508+0000] {spark_submit.py:524} INFO - |brewery_type|      country|         state|            city|quantidade_brewery|
[2024-10-24T18:31:25.508+0000] {spark_submit.py:524} INFO - +------------+-------------+--------------+----------------+------------------+
[2024-10-24T18:31:25.509+0000] {spark_submit.py:524} INFO - |       micro|      Ireland|         Laois|       Killeshin|                 1|
[2024-10-24T18:31:25.509+0000] {spark_submit.py:524} INFO - |       large|United States|        Oregon|            Bend|                 3|
[2024-10-24T18:31:25.509+0000] {spark_submit.py:524} INFO - |       micro|United States|     Wisconsin|       Milwaukee|                 1|
[2024-10-24T18:31:25.509+0000] {spark_submit.py:524} INFO - |       large|United States|         Idaho|           Boise|                 1|
[2024-10-24T18:31:25.509+0000] {spark_submit.py:524} INFO - |       micro|United States|       Arizona|          Tucson|                 1|
[2024-10-24T18:31:25.510+0000] {spark_submit.py:524} INFO - |       micro|United States|      Illinois|      Assumption|                 1|
[2024-10-24T18:31:25.510+0000] {spark_submit.py:524} INFO - |       micro|United States|          Ohio|      Cincinnati|                 1|
[2024-10-24T18:31:25.510+0000] {spark_submit.py:524} INFO - |       micro|United States|     Wisconsin|  Mount Pleasant|                 1|
[2024-10-24T18:31:25.510+0000] {spark_submit.py:524} INFO - |       micro|United States| Massachusetts|        Abington|                 1|
[2024-10-24T18:31:25.510+0000] {spark_submit.py:524} INFO - |       micro|United States|    California|Westlake Village|                 1|
[2024-10-24T18:31:25.511+0000] {spark_submit.py:524} INFO - |       micro|United States|      Delaware|      Georgetown|                 1|
[2024-10-24T18:31:25.511+0000] {spark_submit.py:524} INFO - |       micro|United States|      Oklahoma|          Norman|                 1|
[2024-10-24T18:31:25.511+0000] {spark_submit.py:524} INFO - |       micro|United States|      Colorado|     Castle Rock|                 1|
[2024-10-24T18:31:25.511+0000] {spark_submit.py:524} INFO - |       micro|United States|       Indiana|            Gary|                 1|
[2024-10-24T18:31:25.511+0000] {spark_submit.py:524} INFO - |      closed|United States|    California|        Petaluma|                 1|
[2024-10-24T18:31:25.512+0000] {spark_submit.py:524} INFO - |      closed|United States|    Washington|      Bellingham|                 1|
[2024-10-24T18:31:25.512+0000] {spark_submit.py:524} INFO - |       micro|United States|North Carolina|         Raleigh|                 1|
[2024-10-24T18:31:25.512+0000] {spark_submit.py:524} INFO - |       micro|United States|         Texas|         Houston|                 1|
[2024-10-24T18:31:25.512+0000] {spark_submit.py:524} INFO - |     brewpub|United States|North Carolina|        Ocracoke|                 1|
[2024-10-24T18:31:25.512+0000] {spark_submit.py:524} INFO - |     brewpub|United States|    Washington|        Quilcene|                 1|
[2024-10-24T18:31:25.512+0000] {spark_submit.py:524} INFO - +------------+-------------+--------------+----------------+------------------+
[2024-10-24T18:31:25.513+0000] {spark_submit.py:524} INFO - only showing top 20 rows
[2024-10-24T18:31:25.513+0000] {spark_submit.py:524} INFO - 
[2024-10-24T18:31:25.513+0000] {spark_submit.py:524} INFO - 24/10/24 18:31:25 INFO SparkContext: SparkContext is stopping with exitCode 0.
[2024-10-24T18:31:25.518+0000] {spark_submit.py:524} INFO - 24/10/24 18:31:25 INFO SparkUI: Stopped Spark web UI at http://f55139681ae8:4040
[2024-10-24T18:31:25.521+0000] {spark_submit.py:524} INFO - 24/10/24 18:31:25 INFO StandaloneSchedulerBackend: Shutting down all executors
[2024-10-24T18:31:25.521+0000] {spark_submit.py:524} INFO - 24/10/24 18:31:25 INFO StandaloneSchedulerBackend$StandaloneDriverEndpoint: Asking each executor to shut down
[2024-10-24T18:31:25.541+0000] {spark_submit.py:524} INFO - 24/10/24 18:31:25 INFO MapOutputTrackerMasterEndpoint: MapOutputTrackerMasterEndpoint stopped!
[2024-10-24T18:31:25.579+0000] {spark_submit.py:524} INFO - 24/10/24 18:31:25 INFO MemoryStore: MemoryStore cleared
[2024-10-24T18:31:25.579+0000] {spark_submit.py:524} INFO - 24/10/24 18:31:25 INFO BlockManager: BlockManager stopped
[2024-10-24T18:31:25.583+0000] {spark_submit.py:524} INFO - 24/10/24 18:31:25 INFO BlockManagerMaster: BlockManagerMaster stopped
[2024-10-24T18:31:25.586+0000] {spark_submit.py:524} INFO - 24/10/24 18:31:25 INFO OutputCommitCoordinator$OutputCommitCoordinatorEndpoint: OutputCommitCoordinator stopped!
[2024-10-24T18:31:25.601+0000] {spark_submit.py:524} INFO - 24/10/24 18:31:25 INFO SparkContext: Successfully stopped SparkContext
[2024-10-24T18:31:25.926+0000] {spark_submit.py:524} INFO - 24/10/24 18:31:25 INFO ShutdownHookManager: Shutdown hook called
[2024-10-24T18:31:25.926+0000] {spark_submit.py:524} INFO - 24/10/24 18:31:25 INFO ShutdownHookManager: Deleting directory /tmp/spark-c141570f-a248-4143-afdb-a41603d0a8fe
[2024-10-24T18:31:25.930+0000] {spark_submit.py:524} INFO - 24/10/24 18:31:25 INFO ShutdownHookManager: Deleting directory /tmp/spark-85d68e12-0353-4cb4-a0fb-8fdee16fd40f
[2024-10-24T18:31:25.933+0000] {spark_submit.py:524} INFO - 24/10/24 18:31:25 INFO ShutdownHookManager: Deleting directory /tmp/spark-85d68e12-0353-4cb4-a0fb-8fdee16fd40f/pyspark-da63e01f-780f-4b7c-9527-1d4004551ef8
[2024-10-24T18:31:25.992+0000] {taskinstance.py:1398} INFO - Marking task as SUCCESS. dag_id=api_openbrewerydb_to_silver_gold, task_id=Gold, execution_date=20241024T183059, start_date=20241024T183113, end_date=20241024T183125
[2024-10-24T18:31:26.009+0000] {local_task_job_runner.py:228} INFO - Task exited with return code 0
[2024-10-24T18:31:26.025+0000] {taskinstance.py:2776} INFO - 0 downstream tasks scheduled from follow-on schedule check
