[2024-10-24T01:18:12.308+0000] {taskinstance.py:1157} INFO - Dependencies all met for dep_context=non-requeueable deps ti=<TaskInstance: api_openbrewerydb_to_silver_gold.Gold scheduled__2023-11-06T08:00:00+00:00 [queued]>
[2024-10-24T01:18:12.317+0000] {taskinstance.py:1157} INFO - Dependencies all met for dep_context=requeueable deps ti=<TaskInstance: api_openbrewerydb_to_silver_gold.Gold scheduled__2023-11-06T08:00:00+00:00 [queued]>
[2024-10-24T01:18:12.318+0000] {taskinstance.py:1359} INFO - Starting attempt 1 of 3
[2024-10-24T01:18:12.329+0000] {taskinstance.py:1380} INFO - Executing <Task(SparkSubmitOperator): Gold> on 2023-11-06 08:00:00+00:00
[2024-10-24T01:18:12.335+0000] {standard_task_runner.py:57} INFO - Started process 1958 to run task
[2024-10-24T01:18:12.337+0000] {standard_task_runner.py:84} INFO - Running: ['***', 'tasks', 'run', 'api_openbrewerydb_to_silver_gold', 'Gold', 'scheduled__2023-11-06T08:00:00+00:00', '--job-id', '75', '--raw', '--subdir', 'DAGS_FOLDER/api_openbrewerydb_to_silver.py', '--cfg-path', '/tmp/tmp30tx2mxt']
[2024-10-24T01:18:12.344+0000] {standard_task_runner.py:85} INFO - Job 75: Subtask Gold
[2024-10-24T01:18:12.400+0000] {task_command.py:415} INFO - Running <TaskInstance: api_openbrewerydb_to_silver_gold.Gold scheduled__2023-11-06T08:00:00+00:00 [running]> on host de5108c6da1d
[2024-10-24T01:18:12.509+0000] {taskinstance.py:1660} INFO - Exporting env vars: AIRFLOW_CTX_DAG_OWNER='Rodrigo Araujo' AIRFLOW_CTX_DAG_ID='api_openbrewerydb_to_silver_gold' AIRFLOW_CTX_TASK_ID='Gold' AIRFLOW_CTX_EXECUTION_DATE='2023-11-06T08:00:00+00:00' AIRFLOW_CTX_TRY_NUMBER='1' AIRFLOW_CTX_DAG_RUN_ID='scheduled__2023-11-06T08:00:00+00:00'
[2024-10-24T01:18:12.524+0000] {base.py:73} INFO - Using connection ID 'spark-conn' for task execution.
[2024-10-24T01:18:12.526+0000] {spark_submit.py:363} INFO - Spark-Submit cmd: spark-submit --master spark://spark-master:7077 --name arrow-spark --queue root.default jobs/gold/api_openbrewerydb.py
[2024-10-24T01:18:18.731+0000] {spark_submit.py:524} INFO - 24/10/24 01:18:18 INFO SparkContext: Running Spark version 3.5.3
[2024-10-24T01:18:18.735+0000] {spark_submit.py:524} INFO - 24/10/24 01:18:18 INFO SparkContext: OS info Linux, 5.15.0-124-generic, amd64
[2024-10-24T01:18:18.736+0000] {spark_submit.py:524} INFO - 24/10/24 01:18:18 INFO SparkContext: Java version 11.0.25
[2024-10-24T01:18:18.853+0000] {spark_submit.py:524} INFO - 24/10/24 01:18:18 WARN NativeCodeLoader: Unable to load native-hadoop library for your platform... using builtin-java classes where applicable
[2024-10-24T01:18:19.032+0000] {spark_submit.py:524} INFO - 24/10/24 01:18:19 INFO ResourceUtils: ==============================================================
[2024-10-24T01:18:19.033+0000] {spark_submit.py:524} INFO - 24/10/24 01:18:19 INFO ResourceUtils: No custom resources configured for spark.driver.
[2024-10-24T01:18:19.035+0000] {spark_submit.py:524} INFO - 24/10/24 01:18:19 INFO ResourceUtils: ==============================================================
[2024-10-24T01:18:19.036+0000] {spark_submit.py:524} INFO - 24/10/24 01:18:19 INFO SparkContext: Submitted application: IngestaoSilver
[2024-10-24T01:18:19.081+0000] {spark_submit.py:524} INFO - 24/10/24 01:18:19 INFO ResourceProfile: Default ResourceProfile created, executor resources: Map(memory -> name: memory, amount: 1024, script: , vendor: , offHeap -> name: offHeap, amount: 0, script: , vendor: ), task resources: Map(cpus -> name: cpus, amount: 1.0)
[2024-10-24T01:18:19.105+0000] {spark_submit.py:524} INFO - 24/10/24 01:18:19 INFO ResourceProfile: Limiting resource is cpu
[2024-10-24T01:18:19.107+0000] {spark_submit.py:524} INFO - 24/10/24 01:18:19 INFO ResourceProfileManager: Added ResourceProfile id: 0
[2024-10-24T01:18:19.192+0000] {spark_submit.py:524} INFO - 24/10/24 01:18:19 INFO SecurityManager: Changing view acls to: ***
[2024-10-24T01:18:19.193+0000] {spark_submit.py:524} INFO - 24/10/24 01:18:19 INFO SecurityManager: Changing modify acls to: ***
[2024-10-24T01:18:19.194+0000] {spark_submit.py:524} INFO - 24/10/24 01:18:19 INFO SecurityManager: Changing view acls groups to:
[2024-10-24T01:18:19.195+0000] {spark_submit.py:524} INFO - 24/10/24 01:18:19 INFO SecurityManager: Changing modify acls groups to:
[2024-10-24T01:18:19.196+0000] {spark_submit.py:524} INFO - 24/10/24 01:18:19 INFO SecurityManager: SecurityManager: authentication disabled; ui acls disabled; users with view permissions: ***; groups with view permissions: EMPTY; users with modify permissions: ***; groups with modify permissions: EMPTY
[2024-10-24T01:18:19.639+0000] {spark_submit.py:524} INFO - 24/10/24 01:18:19 INFO Utils: Successfully started service 'sparkDriver' on port 46795.
[2024-10-24T01:18:19.734+0000] {spark_submit.py:524} INFO - 24/10/24 01:18:19 INFO SparkEnv: Registering MapOutputTracker
[2024-10-24T01:18:19.851+0000] {spark_submit.py:524} INFO - 24/10/24 01:18:19 INFO SparkEnv: Registering BlockManagerMaster
[2024-10-24T01:18:19.894+0000] {spark_submit.py:524} INFO - 24/10/24 01:18:19 INFO BlockManagerMasterEndpoint: Using org.apache.spark.storage.DefaultTopologyMapper for getting topology information
[2024-10-24T01:18:19.896+0000] {spark_submit.py:524} INFO - 24/10/24 01:18:19 INFO BlockManagerMasterEndpoint: BlockManagerMasterEndpoint up
[2024-10-24T01:18:19.902+0000] {spark_submit.py:524} INFO - 24/10/24 01:18:19 INFO SparkEnv: Registering BlockManagerMasterHeartbeat
[2024-10-24T01:18:19.935+0000] {spark_submit.py:524} INFO - 24/10/24 01:18:19 INFO DiskBlockManager: Created local directory at /tmp/blockmgr-99571b43-ea38-4dd9-af88-bcc3f0ce6d42
[2024-10-24T01:18:19.959+0000] {spark_submit.py:524} INFO - 24/10/24 01:18:19 INFO MemoryStore: MemoryStore started with capacity 434.4 MiB
[2024-10-24T01:18:19.985+0000] {spark_submit.py:524} INFO - 24/10/24 01:18:19 INFO SparkEnv: Registering OutputCommitCoordinator
[2024-10-24T01:18:20.228+0000] {spark_submit.py:524} INFO - 24/10/24 01:18:20 INFO JettyUtils: Start Jetty 0.0.0.0:4040 for SparkUI
[2024-10-24T01:18:20.299+0000] {spark_submit.py:524} INFO - 24/10/24 01:18:20 WARN Utils: Service 'SparkUI' could not bind on port 4040. Attempting port 4041.
[2024-10-24T01:18:20.308+0000] {spark_submit.py:524} INFO - 24/10/24 01:18:20 INFO Utils: Successfully started service 'SparkUI' on port 4041.
[2024-10-24T01:18:20.631+0000] {spark_submit.py:524} INFO - 24/10/24 01:18:20 INFO StandaloneAppClient$ClientEndpoint: Connecting to master spark://spark-master:7077...
[2024-10-24T01:18:20.744+0000] {spark_submit.py:524} INFO - 24/10/24 01:18:20 INFO TransportClientFactory: Successfully created connection to spark-master/172.22.0.3:7077 after 65 ms (0 ms spent in bootstraps)
[2024-10-24T01:18:20.948+0000] {spark_submit.py:524} INFO - 24/10/24 01:18:20 INFO StandaloneSchedulerBackend: Connected to Spark cluster with app ID app-20241024011820-0007
[2024-10-24T01:18:20.979+0000] {spark_submit.py:524} INFO - 24/10/24 01:18:20 INFO Utils: Successfully started service 'org.apache.spark.network.netty.NettyBlockTransferService' on port 39781.
[2024-10-24T01:18:20.981+0000] {spark_submit.py:524} INFO - 24/10/24 01:18:20 INFO NettyBlockTransferService: Server created on de5108c6da1d:39781
[2024-10-24T01:18:20.988+0000] {spark_submit.py:524} INFO - 24/10/24 01:18:20 INFO BlockManager: Using org.apache.spark.storage.RandomBlockReplicationPolicy for block replication policy
[2024-10-24T01:18:21.022+0000] {spark_submit.py:524} INFO - 24/10/24 01:18:21 INFO BlockManagerMaster: Registering BlockManager BlockManagerId(driver, de5108c6da1d, 39781, None)
[2024-10-24T01:18:21.029+0000] {spark_submit.py:524} INFO - 24/10/24 01:18:21 INFO BlockManagerMasterEndpoint: Registering block manager de5108c6da1d:39781 with 434.4 MiB RAM, BlockManagerId(driver, de5108c6da1d, 39781, None)
[2024-10-24T01:18:21.035+0000] {spark_submit.py:524} INFO - 24/10/24 01:18:21 INFO BlockManagerMaster: Registered BlockManager BlockManagerId(driver, de5108c6da1d, 39781, None)
[2024-10-24T01:18:21.037+0000] {spark_submit.py:524} INFO - 24/10/24 01:18:21 INFO BlockManager: Initialized BlockManager: BlockManagerId(driver, de5108c6da1d, 39781, None)
[2024-10-24T01:18:21.709+0000] {spark_submit.py:524} INFO - 24/10/24 01:18:21 INFO StandaloneSchedulerBackend: SchedulerBackend is ready for scheduling beginning after reached minRegisteredResourcesRatio: 0.0
[2024-10-24T01:18:21.825+0000] {spark_submit.py:524} INFO - 24/10/24 01:18:21 INFO StandaloneAppClient$ClientEndpoint: Executor added: app-20241024011820-0007/0 on worker-20241024010948-172.22.0.4-41535 (172.22.0.4:41535) with 2 core(s)
[2024-10-24T01:18:21.830+0000] {spark_submit.py:524} INFO - 24/10/24 01:18:21 INFO StandaloneSchedulerBackend: Granted executor ID app-20241024011820-0007/0 on hostPort 172.22.0.4:41535 with 2 core(s), 1024.0 MiB RAM
[2024-10-24T01:18:21.951+0000] {spark_submit.py:524} INFO - 24/10/24 01:18:21 INFO StandaloneAppClient$ClientEndpoint: Executor updated: app-20241024011820-0007/0 is now RUNNING
[2024-10-24T01:18:22.197+0000] {spark_submit.py:524} INFO - Hello from Spark!
[2024-10-24T01:18:22.198+0000] {spark_submit.py:524} INFO - 24/10/24 01:18:22 INFO SparkContext: SparkContext is stopping with exitCode 0.
[2024-10-24T01:18:22.223+0000] {spark_submit.py:524} INFO - 24/10/24 01:18:22 INFO SparkUI: Stopped Spark web UI at http://de5108c6da1d:4041
[2024-10-24T01:18:22.229+0000] {spark_submit.py:524} INFO - 24/10/24 01:18:22 INFO StandaloneSchedulerBackend: Shutting down all executors
[2024-10-24T01:18:22.234+0000] {spark_submit.py:524} INFO - 24/10/24 01:18:22 INFO StandaloneSchedulerBackend$StandaloneDriverEndpoint: Asking each executor to shut down
[2024-10-24T01:18:22.276+0000] {spark_submit.py:524} INFO - 24/10/24 01:18:22 INFO MapOutputTrackerMasterEndpoint: MapOutputTrackerMasterEndpoint stopped!
[2024-10-24T01:18:22.329+0000] {spark_submit.py:524} INFO - 24/10/24 01:18:22 INFO MemoryStore: MemoryStore cleared
[2024-10-24T01:18:22.329+0000] {spark_submit.py:524} INFO - 24/10/24 01:18:22 INFO BlockManager: BlockManager stopped
[2024-10-24T01:18:22.344+0000] {spark_submit.py:524} INFO - 24/10/24 01:18:22 INFO BlockManagerMaster: BlockManagerMaster stopped
[2024-10-24T01:18:22.349+0000] {spark_submit.py:524} INFO - 24/10/24 01:18:22 INFO OutputCommitCoordinator$OutputCommitCoordinatorEndpoint: OutputCommitCoordinator stopped!
[2024-10-24T01:18:22.360+0000] {spark_submit.py:524} INFO - 24/10/24 01:18:22 INFO SparkContext: Successfully stopped SparkContext
[2024-10-24T01:18:22.854+0000] {spark_submit.py:524} INFO - 24/10/24 01:18:22 INFO ShutdownHookManager: Shutdown hook called
[2024-10-24T01:18:22.855+0000] {spark_submit.py:524} INFO - 24/10/24 01:18:22 INFO ShutdownHookManager: Deleting directory /tmp/spark-02c30c53-8433-4f87-a7c3-d64fcd4b44ce/pyspark-439b6ad6-cd1d-4e13-96c1-a1fe2e343acd
[2024-10-24T01:18:22.858+0000] {spark_submit.py:524} INFO - 24/10/24 01:18:22 INFO ShutdownHookManager: Deleting directory /tmp/spark-adad8732-1c12-4b99-915d-da2f48630cc9
[2024-10-24T01:18:22.863+0000] {spark_submit.py:524} INFO - 24/10/24 01:18:22 INFO ShutdownHookManager: Deleting directory /tmp/spark-02c30c53-8433-4f87-a7c3-d64fcd4b44ce
[2024-10-24T01:18:22.928+0000] {taskinstance.py:1398} INFO - Marking task as SUCCESS. dag_id=api_openbrewerydb_to_silver_gold, task_id=Gold, execution_date=20231106T080000, start_date=20241024T011812, end_date=20241024T011822
[2024-10-24T01:18:22.974+0000] {local_task_job_runner.py:228} INFO - Task exited with return code 0
[2024-10-24T01:18:22.992+0000] {taskinstance.py:2776} INFO - 0 downstream tasks scheduled from follow-on schedule check
[2024-10-24T14:29:42.198+0000] {logging_mixin.py:151} INFO - Changing /opt/***/logs/dag_id=api_openbrewerydb_to_silver_gold/run_id=scheduled__2023-11-06T08:00:00+00:00/task_id=Gold permission to 509
[2024-10-24T14:29:42.206+0000] {logging_mixin.py:151} INFO - Failed to change /opt/***/logs/dag_id=api_openbrewerydb_to_silver_gold/run_id=scheduled__2023-11-06T08:00:00+00:00/task_id=Gold permission to 509: [Errno 1] Operation not permitted: '/opt/***/logs/dag_id=api_openbrewerydb_to_silver_gold/run_id=scheduled__2023-11-06T08:00:00+00:00/task_id=Gold'
[2024-10-24T14:29:42.235+0000] {logging_mixin.py:151} INFO - Changing /opt/***/logs/dag_id=api_openbrewerydb_to_silver_gold/run_id=scheduled__2023-11-06T08:00:00+00:00/task_id=Gold permission to 509
[2024-10-24T14:29:42.235+0000] {logging_mixin.py:151} INFO - Failed to change /opt/***/logs/dag_id=api_openbrewerydb_to_silver_gold/run_id=scheduled__2023-11-06T08:00:00+00:00/task_id=Gold permission to 509: [Errno 1] Operation not permitted: '/opt/***/logs/dag_id=api_openbrewerydb_to_silver_gold/run_id=scheduled__2023-11-06T08:00:00+00:00/task_id=Gold'
[2024-10-24T14:29:42.265+0000] {taskinstance.py:1157} INFO - Dependencies all met for dep_context=non-requeueable deps ti=<TaskInstance: api_openbrewerydb_to_silver_gold.Gold scheduled__2023-11-06T08:00:00+00:00 [queued]>
[2024-10-24T14:29:42.271+0000] {taskinstance.py:1157} INFO - Dependencies all met for dep_context=requeueable deps ti=<TaskInstance: api_openbrewerydb_to_silver_gold.Gold scheduled__2023-11-06T08:00:00+00:00 [queued]>
[2024-10-24T14:29:42.272+0000] {taskinstance.py:1359} INFO - Starting attempt 1 of 2
[2024-10-24T14:29:42.281+0000] {taskinstance.py:1380} INFO - Executing <Task(SparkSubmitOperator): Gold> on 2023-11-06 08:00:00+00:00
[2024-10-24T14:29:42.285+0000] {standard_task_runner.py:57} INFO - Started process 5485 to run task
[2024-10-24T14:29:42.287+0000] {standard_task_runner.py:84} INFO - Running: ['***', 'tasks', 'run', 'api_openbrewerydb_to_silver_gold', 'Gold', 'scheduled__2023-11-06T08:00:00+00:00', '--job-id', '38', '--raw', '--subdir', 'DAGS_FOLDER/api_openbrewerydb_to_silver.py', '--cfg-path', '/tmp/tmp__0bfchi']
[2024-10-24T14:29:42.291+0000] {standard_task_runner.py:85} INFO - Job 38: Subtask Gold
[2024-10-24T14:29:42.334+0000] {logging_mixin.py:151} INFO - Changing /opt/***/logs/dag_id=api_openbrewerydb_to_silver_gold/run_id=scheduled__2023-11-06T08:00:00+00:00/task_id=Gold permission to 509
[2024-10-24T14:29:42.334+0000] {logging_mixin.py:151} INFO - Failed to change /opt/***/logs/dag_id=api_openbrewerydb_to_silver_gold/run_id=scheduled__2023-11-06T08:00:00+00:00/task_id=Gold permission to 509: [Errno 1] Operation not permitted: '/opt/***/logs/dag_id=api_openbrewerydb_to_silver_gold/run_id=scheduled__2023-11-06T08:00:00+00:00/task_id=Gold'
[2024-10-24T14:29:42.335+0000] {task_command.py:415} INFO - Running <TaskInstance: api_openbrewerydb_to_silver_gold.Gold scheduled__2023-11-06T08:00:00+00:00 [running]> on host 96f89615839b
[2024-10-24T14:29:42.410+0000] {taskinstance.py:1660} INFO - Exporting env vars: AIRFLOW_CTX_DAG_OWNER='Rodrigo Araujo' AIRFLOW_CTX_DAG_ID='api_openbrewerydb_to_silver_gold' AIRFLOW_CTX_TASK_ID='Gold' AIRFLOW_CTX_EXECUTION_DATE='2023-11-06T08:00:00+00:00' AIRFLOW_CTX_TRY_NUMBER='1' AIRFLOW_CTX_DAG_RUN_ID='scheduled__2023-11-06T08:00:00+00:00'
[2024-10-24T14:29:42.420+0000] {base.py:73} INFO - Using connection ID 'spark-conn' for task execution.
[2024-10-24T14:29:42.421+0000] {spark_submit.py:363} INFO - Spark-Submit cmd: spark-submit --master spark://spark-master:7077 --name arrow-spark jobs/gold/api_openbrewerydb.py
[2024-10-24T14:29:45.160+0000] {spark_submit.py:524} INFO - 24/10/24 14:29:45 INFO SparkContext: Running Spark version 3.5.3
[2024-10-24T14:29:45.162+0000] {spark_submit.py:524} INFO - 24/10/24 14:29:45 INFO SparkContext: OS info Linux, 5.15.0-124-generic, amd64
[2024-10-24T14:29:45.163+0000] {spark_submit.py:524} INFO - 24/10/24 14:29:45 INFO SparkContext: Java version 11.0.25
[2024-10-24T14:29:45.228+0000] {spark_submit.py:524} INFO - 24/10/24 14:29:45 WARN NativeCodeLoader: Unable to load native-hadoop library for your platform... using builtin-java classes where applicable
[2024-10-24T14:29:45.314+0000] {spark_submit.py:524} INFO - 24/10/24 14:29:45 INFO ResourceUtils: ==============================================================
[2024-10-24T14:29:45.314+0000] {spark_submit.py:524} INFO - 24/10/24 14:29:45 INFO ResourceUtils: No custom resources configured for spark.driver.
[2024-10-24T14:29:45.315+0000] {spark_submit.py:524} INFO - 24/10/24 14:29:45 INFO ResourceUtils: ==============================================================
[2024-10-24T14:29:45.315+0000] {spark_submit.py:524} INFO - 24/10/24 14:29:45 INFO SparkContext: Submitted application: IngestaoSilver
[2024-10-24T14:29:45.336+0000] {spark_submit.py:524} INFO - 24/10/24 14:29:45 INFO ResourceProfile: Default ResourceProfile created, executor resources: Map(memory -> name: memory, amount: 1024, script: , vendor: , offHeap -> name: offHeap, amount: 0, script: , vendor: ), task resources: Map(cpus -> name: cpus, amount: 1.0)
[2024-10-24T14:29:45.351+0000] {spark_submit.py:524} INFO - 24/10/24 14:29:45 INFO ResourceProfile: Limiting resource is cpu
[2024-10-24T14:29:45.352+0000] {spark_submit.py:524} INFO - 24/10/24 14:29:45 INFO ResourceProfileManager: Added ResourceProfile id: 0
[2024-10-24T14:29:45.400+0000] {spark_submit.py:524} INFO - 24/10/24 14:29:45 INFO SecurityManager: Changing view acls to: ***
[2024-10-24T14:29:45.400+0000] {spark_submit.py:524} INFO - 24/10/24 14:29:45 INFO SecurityManager: Changing modify acls to: ***
[2024-10-24T14:29:45.401+0000] {spark_submit.py:524} INFO - 24/10/24 14:29:45 INFO SecurityManager: Changing view acls groups to:
[2024-10-24T14:29:45.402+0000] {spark_submit.py:524} INFO - 24/10/24 14:29:45 INFO SecurityManager: Changing modify acls groups to:
[2024-10-24T14:29:45.402+0000] {spark_submit.py:524} INFO - 24/10/24 14:29:45 INFO SecurityManager: SecurityManager: authentication disabled; ui acls disabled; users with view permissions: ***; groups with view permissions: EMPTY; users with modify permissions: ***; groups with modify permissions: EMPTY
[2024-10-24T14:29:45.653+0000] {spark_submit.py:524} INFO - 24/10/24 14:29:45 INFO Utils: Successfully started service 'sparkDriver' on port 40767.
[2024-10-24T14:29:45.681+0000] {spark_submit.py:524} INFO - 24/10/24 14:29:45 INFO SparkEnv: Registering MapOutputTracker
[2024-10-24T14:29:45.711+0000] {spark_submit.py:524} INFO - 24/10/24 14:29:45 INFO SparkEnv: Registering BlockManagerMaster
[2024-10-24T14:29:45.731+0000] {spark_submit.py:524} INFO - 24/10/24 14:29:45 INFO BlockManagerMasterEndpoint: Using org.apache.spark.storage.DefaultTopologyMapper for getting topology information
[2024-10-24T14:29:45.732+0000] {spark_submit.py:524} INFO - 24/10/24 14:29:45 INFO BlockManagerMasterEndpoint: BlockManagerMasterEndpoint up
[2024-10-24T14:29:45.735+0000] {spark_submit.py:524} INFO - 24/10/24 14:29:45 INFO SparkEnv: Registering BlockManagerMasterHeartbeat
[2024-10-24T14:29:45.753+0000] {spark_submit.py:524} INFO - 24/10/24 14:29:45 INFO DiskBlockManager: Created local directory at /tmp/blockmgr-fec636da-c163-4e58-9900-1200427c0515
[2024-10-24T14:29:45.767+0000] {spark_submit.py:524} INFO - 24/10/24 14:29:45 INFO MemoryStore: MemoryStore started with capacity 434.4 MiB
[2024-10-24T14:29:45.780+0000] {spark_submit.py:524} INFO - 24/10/24 14:29:45 INFO SparkEnv: Registering OutputCommitCoordinator
[2024-10-24T14:29:45.912+0000] {spark_submit.py:524} INFO - 24/10/24 14:29:45 INFO JettyUtils: Start Jetty 0.0.0.0:4040 for SparkUI
[2024-10-24T14:29:45.958+0000] {spark_submit.py:524} INFO - 24/10/24 14:29:45 INFO Utils: Successfully started service 'SparkUI' on port 4040.
[2024-10-24T14:29:46.064+0000] {spark_submit.py:524} INFO - 24/10/24 14:29:46 INFO StandaloneAppClient$ClientEndpoint: Connecting to master spark://spark-master:7077...
[2024-10-24T14:29:46.113+0000] {spark_submit.py:524} INFO - 24/10/24 14:29:46 INFO TransportClientFactory: Successfully created connection to spark-master/172.18.0.2:7077 after 30 ms (0 ms spent in bootstraps)
[2024-10-24T14:29:46.217+0000] {spark_submit.py:524} INFO - 24/10/24 14:29:46 INFO StandaloneSchedulerBackend: Connected to Spark cluster with app ID app-20241024142946-0033
[2024-10-24T14:29:46.221+0000] {spark_submit.py:524} INFO - 24/10/24 14:29:46 INFO StandaloneAppClient$ClientEndpoint: Executor added: app-20241024142946-0033/0 on worker-20241024142308-172.18.0.5-43899 (172.18.0.5:43899) with 2 core(s)
[2024-10-24T14:29:46.226+0000] {spark_submit.py:524} INFO - 24/10/24 14:29:46 INFO StandaloneSchedulerBackend: Granted executor ID app-20241024142946-0033/0 on hostPort 172.18.0.5:43899 with 2 core(s), 1024.0 MiB RAM
[2024-10-24T14:29:46.240+0000] {spark_submit.py:524} INFO - 24/10/24 14:29:46 INFO Utils: Successfully started service 'org.apache.spark.network.netty.NettyBlockTransferService' on port 38465.
[2024-10-24T14:29:46.242+0000] {spark_submit.py:524} INFO - 24/10/24 14:29:46 INFO NettyBlockTransferService: Server created on 96f89615839b:38465
[2024-10-24T14:29:46.247+0000] {spark_submit.py:524} INFO - 24/10/24 14:29:46 INFO BlockManager: Using org.apache.spark.storage.RandomBlockReplicationPolicy for block replication policy
[2024-10-24T14:29:46.279+0000] {spark_submit.py:524} INFO - 24/10/24 14:29:46 INFO BlockManagerMaster: Registering BlockManager BlockManagerId(driver, 96f89615839b, 38465, None)
[2024-10-24T14:29:46.283+0000] {spark_submit.py:524} INFO - 24/10/24 14:29:46 INFO StandaloneAppClient$ClientEndpoint: Executor updated: app-20241024142946-0033/0 is now RUNNING
[2024-10-24T14:29:46.285+0000] {spark_submit.py:524} INFO - 24/10/24 14:29:46 INFO BlockManagerMasterEndpoint: Registering block manager 96f89615839b:38465 with 434.4 MiB RAM, BlockManagerId(driver, 96f89615839b, 38465, None)
[2024-10-24T14:29:46.291+0000] {spark_submit.py:524} INFO - 24/10/24 14:29:46 INFO BlockManagerMaster: Registered BlockManager BlockManagerId(driver, 96f89615839b, 38465, None)
[2024-10-24T14:29:46.293+0000] {spark_submit.py:524} INFO - 24/10/24 14:29:46 INFO BlockManager: Initialized BlockManager: BlockManagerId(driver, 96f89615839b, 38465, None)
[2024-10-24T14:29:46.582+0000] {spark_submit.py:524} INFO - 24/10/24 14:29:46 INFO StandaloneSchedulerBackend: SchedulerBackend is ready for scheduling beginning after reached minRegisteredResourcesRatio: 0.0
[2024-10-24T14:29:46.796+0000] {spark_submit.py:524} INFO - Hello from Spark!
[2024-10-24T14:29:46.797+0000] {spark_submit.py:524} INFO - 24/10/24 14:29:46 INFO SparkContext: SparkContext is stopping with exitCode 0.
[2024-10-24T14:29:46.808+0000] {spark_submit.py:524} INFO - 24/10/24 14:29:46 INFO SparkUI: Stopped Spark web UI at http://96f89615839b:4040
[2024-10-24T14:29:46.815+0000] {spark_submit.py:524} INFO - 24/10/24 14:29:46 INFO StandaloneSchedulerBackend: Shutting down all executors
[2024-10-24T14:29:46.819+0000] {spark_submit.py:524} INFO - 24/10/24 14:29:46 INFO StandaloneSchedulerBackend$StandaloneDriverEndpoint: Asking each executor to shut down
[2024-10-24T14:29:46.846+0000] {spark_submit.py:524} INFO - 24/10/24 14:29:46 INFO MapOutputTrackerMasterEndpoint: MapOutputTrackerMasterEndpoint stopped!
[2024-10-24T14:29:46.861+0000] {spark_submit.py:524} INFO - 24/10/24 14:29:46 INFO MemoryStore: MemoryStore cleared
[2024-10-24T14:29:46.861+0000] {spark_submit.py:524} INFO - 24/10/24 14:29:46 INFO BlockManager: BlockManager stopped
[2024-10-24T14:29:46.867+0000] {spark_submit.py:524} INFO - 24/10/24 14:29:46 INFO BlockManagerMaster: BlockManagerMaster stopped
[2024-10-24T14:29:46.870+0000] {spark_submit.py:524} INFO - 24/10/24 14:29:46 INFO OutputCommitCoordinator$OutputCommitCoordinatorEndpoint: OutputCommitCoordinator stopped!
[2024-10-24T14:29:46.885+0000] {spark_submit.py:524} INFO - 24/10/24 14:29:46 INFO SparkContext: Successfully stopped SparkContext
[2024-10-24T14:29:47.170+0000] {spark_submit.py:524} INFO - 24/10/24 14:29:47 INFO ShutdownHookManager: Shutdown hook called
[2024-10-24T14:29:47.171+0000] {spark_submit.py:524} INFO - 24/10/24 14:29:47 INFO ShutdownHookManager: Deleting directory /tmp/spark-ec74c833-34c7-4800-be85-115d9688475a/pyspark-766b541c-d540-4156-ad11-558b0b0ef0c5
[2024-10-24T14:29:47.174+0000] {spark_submit.py:524} INFO - 24/10/24 14:29:47 INFO ShutdownHookManager: Deleting directory /tmp/spark-ec74c833-34c7-4800-be85-115d9688475a
[2024-10-24T14:29:47.177+0000] {spark_submit.py:524} INFO - 24/10/24 14:29:47 INFO ShutdownHookManager: Deleting directory /tmp/spark-221f8e2e-216b-4547-93e4-07ed4856e120
[2024-10-24T14:29:47.216+0000] {taskinstance.py:1398} INFO - Marking task as SUCCESS. dag_id=api_openbrewerydb_to_silver_gold, task_id=Gold, execution_date=20231106T080000, start_date=20241024T142942, end_date=20241024T142947
[2024-10-24T14:29:47.273+0000] {local_task_job_runner.py:228} INFO - Task exited with return code 0
[2024-10-24T14:29:47.313+0000] {taskinstance.py:2776} INFO - 0 downstream tasks scheduled from follow-on schedule check
