[2024-10-24T17:22:03.168+0000] {taskinstance.py:1157} INFO - Dependencies all met for dep_context=non-requeueable deps ti=<TaskInstance: api_openbrewerydb_to_silver_gold.Gold manual__2024-10-24T17:21:47.308994+00:00 [queued]>
[2024-10-24T17:22:03.177+0000] {taskinstance.py:1157} INFO - Dependencies all met for dep_context=requeueable deps ti=<TaskInstance: api_openbrewerydb_to_silver_gold.Gold manual__2024-10-24T17:21:47.308994+00:00 [queued]>
[2024-10-24T17:22:03.177+0000] {taskinstance.py:1359} INFO - Starting attempt 1 of 2
[2024-10-24T17:22:03.189+0000] {taskinstance.py:1380} INFO - Executing <Task(SparkSubmitOperator): Gold> on 2024-10-24 17:21:47.308994+00:00
[2024-10-24T17:22:03.195+0000] {standard_task_runner.py:57} INFO - Started process 1383 to run task
[2024-10-24T17:22:03.197+0000] {standard_task_runner.py:84} INFO - Running: ['***', 'tasks', 'run', 'api_openbrewerydb_to_silver_gold', 'Gold', 'manual__2024-10-24T17:21:47.308994+00:00', '--job-id', '162', '--raw', '--subdir', 'DAGS_FOLDER/api_openbrewerydb_to_silver.py', '--cfg-path', '/tmp/tmpohgkpwzf']
[2024-10-24T17:22:03.202+0000] {standard_task_runner.py:85} INFO - Job 162: Subtask Gold
[2024-10-24T17:22:03.259+0000] {task_command.py:415} INFO - Running <TaskInstance: api_openbrewerydb_to_silver_gold.Gold manual__2024-10-24T17:21:47.308994+00:00 [running]> on host e995fa603d7f
[2024-10-24T17:22:03.365+0000] {taskinstance.py:1660} INFO - Exporting env vars: AIRFLOW_CTX_DAG_OWNER='Rodrigo Araujo' AIRFLOW_CTX_DAG_ID='api_openbrewerydb_to_silver_gold' AIRFLOW_CTX_TASK_ID='Gold' AIRFLOW_CTX_EXECUTION_DATE='2024-10-24T17:21:47.308994+00:00' AIRFLOW_CTX_TRY_NUMBER='1' AIRFLOW_CTX_DAG_RUN_ID='manual__2024-10-24T17:21:47.308994+00:00'
[2024-10-24T17:22:03.387+0000] {base.py:73} INFO - Using connection ID 'spark-conn' for task execution.
[2024-10-24T17:22:03.388+0000] {spark_submit.py:363} INFO - Spark-Submit cmd: spark-submit --master spark://spark-master:7077 --name arrow-spark jobs/gold/api_openbrewerydb.py
[2024-10-24T17:22:06.415+0000] {spark_submit.py:524} INFO - 24/10/24 17:22:06 INFO SparkContext: Running Spark version 3.5.0
[2024-10-24T17:22:06.416+0000] {spark_submit.py:524} INFO - 24/10/24 17:22:06 INFO SparkContext: OS info Linux, 5.15.0-124-generic, amd64
[2024-10-24T17:22:06.417+0000] {spark_submit.py:524} INFO - 24/10/24 17:22:06 INFO SparkContext: Java version 17.0.13
[2024-10-24T17:22:06.467+0000] {spark_submit.py:524} INFO - 24/10/24 17:22:06 WARN NativeCodeLoader: Unable to load native-hadoop library for your platform... using builtin-java classes where applicable
[2024-10-24T17:22:06.552+0000] {spark_submit.py:524} INFO - 24/10/24 17:22:06 INFO ResourceUtils: ==============================================================
[2024-10-24T17:22:06.552+0000] {spark_submit.py:524} INFO - 24/10/24 17:22:06 INFO ResourceUtils: No custom resources configured for spark.driver.
[2024-10-24T17:22:06.553+0000] {spark_submit.py:524} INFO - 24/10/24 17:22:06 INFO ResourceUtils: ==============================================================
[2024-10-24T17:22:06.554+0000] {spark_submit.py:524} INFO - 24/10/24 17:22:06 INFO SparkContext: Submitted application: IngestaoSilver
[2024-10-24T17:22:06.575+0000] {spark_submit.py:524} INFO - 24/10/24 17:22:06 INFO ResourceProfile: Default ResourceProfile created, executor resources: Map(memory -> name: memory, amount: 1024, script: , vendor: , offHeap -> name: offHeap, amount: 0, script: , vendor: ), task resources: Map(cpus -> name: cpus, amount: 1.0)
[2024-10-24T17:22:06.583+0000] {spark_submit.py:524} INFO - 24/10/24 17:22:06 INFO ResourceProfile: Limiting resource is cpu
[2024-10-24T17:22:06.584+0000] {spark_submit.py:524} INFO - 24/10/24 17:22:06 INFO ResourceProfileManager: Added ResourceProfile id: 0
[2024-10-24T17:22:06.631+0000] {spark_submit.py:524} INFO - 24/10/24 17:22:06 INFO SecurityManager: Changing view acls to: ***
[2024-10-24T17:22:06.632+0000] {spark_submit.py:524} INFO - 24/10/24 17:22:06 INFO SecurityManager: Changing modify acls to: ***
[2024-10-24T17:22:06.633+0000] {spark_submit.py:524} INFO - 24/10/24 17:22:06 INFO SecurityManager: Changing view acls groups to:
[2024-10-24T17:22:06.634+0000] {spark_submit.py:524} INFO - 24/10/24 17:22:06 INFO SecurityManager: Changing modify acls groups to:
[2024-10-24T17:22:06.635+0000] {spark_submit.py:524} INFO - 24/10/24 17:22:06 INFO SecurityManager: SecurityManager: authentication disabled; ui acls disabled; users with view permissions: ***; groups with view permissions: EMPTY; users with modify permissions: ***; groups with modify permissions: EMPTY
[2024-10-24T17:22:06.878+0000] {spark_submit.py:524} INFO - 24/10/24 17:22:06 INFO Utils: Successfully started service 'sparkDriver' on port 36871.
[2024-10-24T17:22:06.901+0000] {spark_submit.py:524} INFO - 24/10/24 17:22:06 INFO SparkEnv: Registering MapOutputTracker
[2024-10-24T17:22:06.930+0000] {spark_submit.py:524} INFO - 24/10/24 17:22:06 INFO SparkEnv: Registering BlockManagerMaster
[2024-10-24T17:22:06.947+0000] {spark_submit.py:524} INFO - 24/10/24 17:22:06 INFO BlockManagerMasterEndpoint: Using org.apache.spark.storage.DefaultTopologyMapper for getting topology information
[2024-10-24T17:22:06.948+0000] {spark_submit.py:524} INFO - 24/10/24 17:22:06 INFO BlockManagerMasterEndpoint: BlockManagerMasterEndpoint up
[2024-10-24T17:22:06.951+0000] {spark_submit.py:524} INFO - 24/10/24 17:22:06 INFO SparkEnv: Registering BlockManagerMasterHeartbeat
[2024-10-24T17:22:06.969+0000] {spark_submit.py:524} INFO - 24/10/24 17:22:06 INFO DiskBlockManager: Created local directory at /tmp/blockmgr-a8d996fc-bf29-47c7-9587-38523c25096f
[2024-10-24T17:22:06.983+0000] {spark_submit.py:524} INFO - 24/10/24 17:22:06 INFO MemoryStore: MemoryStore started with capacity 434.4 MiB
[2024-10-24T17:22:06.997+0000] {spark_submit.py:524} INFO - 24/10/24 17:22:06 INFO SparkEnv: Registering OutputCommitCoordinator
[2024-10-24T17:22:07.101+0000] {spark_submit.py:524} INFO - 24/10/24 17:22:07 INFO JettyUtils: Start Jetty 0.0.0.0:4040 for SparkUI
[2024-10-24T17:22:07.144+0000] {spark_submit.py:524} INFO - 24/10/24 17:22:07 INFO Utils: Successfully started service 'SparkUI' on port 4040.
[2024-10-24T17:22:07.240+0000] {spark_submit.py:524} INFO - 24/10/24 17:22:07 INFO StandaloneAppClient$ClientEndpoint: Connecting to master spark://spark-master:7077...
[2024-10-24T17:22:07.279+0000] {spark_submit.py:524} INFO - 24/10/24 17:22:07 INFO TransportClientFactory: Successfully created connection to spark-master/172.18.0.3:7077 after 24 ms (0 ms spent in bootstraps)
[2024-10-24T17:22:07.354+0000] {spark_submit.py:524} INFO - 24/10/24 17:22:07 INFO StandaloneSchedulerBackend: Connected to Spark cluster with app ID app-20241024172207-0005
[2024-10-24T17:22:07.357+0000] {spark_submit.py:524} INFO - 24/10/24 17:22:07 INFO StandaloneAppClient$ClientEndpoint: Executor added: app-20241024172207-0005/0 on worker-20241024170959-172.18.0.5-44329 (172.18.0.5:44329) with 2 core(s)
[2024-10-24T17:22:07.361+0000] {spark_submit.py:524} INFO - 24/10/24 17:22:07 INFO StandaloneSchedulerBackend: Granted executor ID app-20241024172207-0005/0 on hostPort 172.18.0.5:44329 with 2 core(s), 1024.0 MiB RAM
[2024-10-24T17:22:07.367+0000] {spark_submit.py:524} INFO - 24/10/24 17:22:07 INFO Utils: Successfully started service 'org.apache.spark.network.netty.NettyBlockTransferService' on port 35249.
[2024-10-24T17:22:07.368+0000] {spark_submit.py:524} INFO - 24/10/24 17:22:07 INFO NettyBlockTransferService: Server created on e995fa603d7f:35249
[2024-10-24T17:22:07.370+0000] {spark_submit.py:524} INFO - 24/10/24 17:22:07 INFO BlockManager: Using org.apache.spark.storage.RandomBlockReplicationPolicy for block replication policy
[2024-10-24T17:22:07.378+0000] {spark_submit.py:524} INFO - 24/10/24 17:22:07 INFO BlockManagerMaster: Registering BlockManager BlockManagerId(driver, e995fa603d7f, 35249, None)
[2024-10-24T17:22:07.382+0000] {spark_submit.py:524} INFO - 24/10/24 17:22:07 INFO BlockManagerMasterEndpoint: Registering block manager e995fa603d7f:35249 with 434.4 MiB RAM, BlockManagerId(driver, e995fa603d7f, 35249, None)
[2024-10-24T17:22:07.384+0000] {spark_submit.py:524} INFO - 24/10/24 17:22:07 INFO BlockManagerMaster: Registered BlockManager BlockManagerId(driver, e995fa603d7f, 35249, None)
[2024-10-24T17:22:07.385+0000] {spark_submit.py:524} INFO - 24/10/24 17:22:07 INFO BlockManager: Initialized BlockManager: BlockManagerId(driver, e995fa603d7f, 35249, None)
[2024-10-24T17:22:07.392+0000] {spark_submit.py:524} INFO - 24/10/24 17:22:07 INFO StandaloneAppClient$ClientEndpoint: Executor updated: app-20241024172207-0005/0 is now RUNNING
[2024-10-24T17:22:07.597+0000] {spark_submit.py:524} INFO - 24/10/24 17:22:07 INFO StandaloneSchedulerBackend: SchedulerBackend is ready for scheduling beginning after reached minRegisteredResourcesRatio: 0.0
[2024-10-24T17:22:07.793+0000] {spark_submit.py:524} INFO - Hello from Spark!
[2024-10-24T17:22:07.793+0000] {spark_submit.py:524} INFO - 24/10/24 17:22:07 INFO SparkContext: SparkContext is stopping with exitCode 0.
[2024-10-24T17:22:07.804+0000] {spark_submit.py:524} INFO - 24/10/24 17:22:07 INFO SparkUI: Stopped Spark web UI at http://e995fa603d7f:4040
[2024-10-24T17:22:07.808+0000] {spark_submit.py:524} INFO - 24/10/24 17:22:07 INFO StandaloneSchedulerBackend: Shutting down all executors
[2024-10-24T17:22:07.810+0000] {spark_submit.py:524} INFO - 24/10/24 17:22:07 INFO StandaloneSchedulerBackend$StandaloneDriverEndpoint: Asking each executor to shut down
[2024-10-24T17:22:07.824+0000] {spark_submit.py:524} INFO - 24/10/24 17:22:07 INFO MapOutputTrackerMasterEndpoint: MapOutputTrackerMasterEndpoint stopped!
[2024-10-24T17:22:07.834+0000] {spark_submit.py:524} INFO - 24/10/24 17:22:07 INFO MemoryStore: MemoryStore cleared
[2024-10-24T17:22:07.834+0000] {spark_submit.py:524} INFO - 24/10/24 17:22:07 INFO BlockManager: BlockManager stopped
[2024-10-24T17:22:07.838+0000] {spark_submit.py:524} INFO - 24/10/24 17:22:07 INFO BlockManagerMaster: BlockManagerMaster stopped
[2024-10-24T17:22:07.841+0000] {spark_submit.py:524} INFO - 24/10/24 17:22:07 INFO OutputCommitCoordinator$OutputCommitCoordinatorEndpoint: OutputCommitCoordinator stopped!
[2024-10-24T17:22:07.851+0000] {spark_submit.py:524} INFO - 24/10/24 17:22:07 INFO SparkContext: Successfully stopped SparkContext
[2024-10-24T17:22:08.228+0000] {spark_submit.py:524} INFO - 24/10/24 17:22:08 INFO ShutdownHookManager: Shutdown hook called
[2024-10-24T17:22:08.229+0000] {spark_submit.py:524} INFO - 24/10/24 17:22:08 INFO ShutdownHookManager: Deleting directory /tmp/spark-c54eb037-716f-411e-ae13-7ea7fbddf194/pyspark-7db5d8b0-af35-4607-af48-01050a610769
[2024-10-24T17:22:08.234+0000] {spark_submit.py:524} INFO - 24/10/24 17:22:08 INFO ShutdownHookManager: Deleting directory /tmp/spark-c54eb037-716f-411e-ae13-7ea7fbddf194
[2024-10-24T17:22:08.238+0000] {spark_submit.py:524} INFO - 24/10/24 17:22:08 INFO ShutdownHookManager: Deleting directory /tmp/spark-a9821669-faaa-4052-86b1-2ba85ada4d0b
[2024-10-24T17:22:08.297+0000] {taskinstance.py:1398} INFO - Marking task as SUCCESS. dag_id=api_openbrewerydb_to_silver_gold, task_id=Gold, execution_date=20241024T172147, start_date=20241024T172203, end_date=20241024T172208
[2024-10-24T17:22:08.351+0000] {local_task_job_runner.py:228} INFO - Task exited with return code 0
[2024-10-24T17:22:08.367+0000] {taskinstance.py:2776} INFO - 0 downstream tasks scheduled from follow-on schedule check
