[2024-10-24T01:38:15.427+0000] {taskinstance.py:1157} INFO - Dependencies all met for dep_context=non-requeueable deps ti=<TaskInstance: api_openbrewerydb_to_silver_gold.Silver scheduled__2023-12-18T08:00:00+00:00 [queued]>
[2024-10-24T01:38:15.440+0000] {taskinstance.py:1157} INFO - Dependencies all met for dep_context=requeueable deps ti=<TaskInstance: api_openbrewerydb_to_silver_gold.Silver scheduled__2023-12-18T08:00:00+00:00 [queued]>
[2024-10-24T01:38:15.440+0000] {taskinstance.py:1359} INFO - Starting attempt 1 of 2
[2024-10-24T01:38:15.461+0000] {taskinstance.py:1380} INFO - Executing <Task(SparkSubmitOperator): Silver> on 2023-12-18 08:00:00+00:00
[2024-10-24T01:38:15.468+0000] {standard_task_runner.py:57} INFO - Started process 2094 to run task
[2024-10-24T01:38:15.471+0000] {standard_task_runner.py:84} INFO - Running: ['***', 'tasks', 'run', 'api_openbrewerydb_to_silver_gold', 'Silver', 'scheduled__2023-12-18T08:00:00+00:00', '--job-id', '170', '--raw', '--subdir', 'DAGS_FOLDER/api_openbrewerydb_to_silver.py', '--cfg-path', '/tmp/tmpoz4iusl_']
[2024-10-24T01:38:15.475+0000] {standard_task_runner.py:85} INFO - Job 170: Subtask Silver
[2024-10-24T01:38:15.559+0000] {task_command.py:415} INFO - Running <TaskInstance: api_openbrewerydb_to_silver_gold.Silver scheduled__2023-12-18T08:00:00+00:00 [running]> on host de5108c6da1d
[2024-10-24T01:38:15.655+0000] {taskinstance.py:1660} INFO - Exporting env vars: AIRFLOW_CTX_DAG_OWNER='Rodrigo Araujo' AIRFLOW_CTX_DAG_ID='api_openbrewerydb_to_silver_gold' AIRFLOW_CTX_TASK_ID='Silver' AIRFLOW_CTX_EXECUTION_DATE='2023-12-18T08:00:00+00:00' AIRFLOW_CTX_TRY_NUMBER='1' AIRFLOW_CTX_DAG_RUN_ID='scheduled__2023-12-18T08:00:00+00:00'
[2024-10-24T01:38:15.673+0000] {base.py:73} INFO - Using connection ID 'spark-conn' for task execution.
[2024-10-24T01:38:15.674+0000] {spark_submit.py:363} INFO - Spark-Submit cmd: spark-submit --master spark://spark-master:7077 --name arrow-spark --queue root.default jobs/silver/api_openbrewerydb.py
[2024-10-24T01:38:20.228+0000] {spark_submit.py:524} INFO - 24/10/24 01:38:20 INFO SparkContext: Running Spark version 3.5.3
[2024-10-24T01:38:20.230+0000] {spark_submit.py:524} INFO - 24/10/24 01:38:20 INFO SparkContext: OS info Linux, 5.15.0-124-generic, amd64
[2024-10-24T01:38:20.231+0000] {spark_submit.py:524} INFO - 24/10/24 01:38:20 INFO SparkContext: Java version 11.0.25
[2024-10-24T01:38:20.402+0000] {spark_submit.py:524} INFO - 24/10/24 01:38:20 WARN NativeCodeLoader: Unable to load native-hadoop library for your platform... using builtin-java classes where applicable
[2024-10-24T01:38:20.586+0000] {spark_submit.py:524} INFO - 24/10/24 01:38:20 INFO ResourceUtils: ==============================================================
[2024-10-24T01:38:20.587+0000] {spark_submit.py:524} INFO - 24/10/24 01:38:20 INFO ResourceUtils: No custom resources configured for spark.driver.
[2024-10-24T01:38:20.588+0000] {spark_submit.py:524} INFO - 24/10/24 01:38:20 INFO ResourceUtils: ==============================================================
[2024-10-24T01:38:20.589+0000] {spark_submit.py:524} INFO - 24/10/24 01:38:20 INFO SparkContext: Submitted application: IngestaoSilver
[2024-10-24T01:38:20.629+0000] {spark_submit.py:524} INFO - 24/10/24 01:38:20 INFO ResourceProfile: Default ResourceProfile created, executor resources: Map(memory -> name: memory, amount: 1024, script: , vendor: , offHeap -> name: offHeap, amount: 0, script: , vendor: ), task resources: Map(cpus -> name: cpus, amount: 1.0)
[2024-10-24T01:38:20.656+0000] {spark_submit.py:524} INFO - 24/10/24 01:38:20 INFO ResourceProfile: Limiting resource is cpu
[2024-10-24T01:38:20.657+0000] {spark_submit.py:524} INFO - 24/10/24 01:38:20 INFO ResourceProfileManager: Added ResourceProfile id: 0
[2024-10-24T01:38:20.797+0000] {spark_submit.py:524} INFO - 24/10/24 01:38:20 INFO SecurityManager: Changing view acls to: ***
[2024-10-24T01:38:20.803+0000] {spark_submit.py:524} INFO - 24/10/24 01:38:20 INFO SecurityManager: Changing modify acls to: ***
[2024-10-24T01:38:20.804+0000] {spark_submit.py:524} INFO - 24/10/24 01:38:20 INFO SecurityManager: Changing view acls groups to:
[2024-10-24T01:38:20.805+0000] {spark_submit.py:524} INFO - 24/10/24 01:38:20 INFO SecurityManager: Changing modify acls groups to:
[2024-10-24T01:38:20.806+0000] {spark_submit.py:524} INFO - 24/10/24 01:38:20 INFO SecurityManager: SecurityManager: authentication disabled; ui acls disabled; users with view permissions: ***; groups with view permissions: EMPTY; users with modify permissions: ***; groups with modify permissions: EMPTY
[2024-10-24T01:38:21.321+0000] {spark_submit.py:524} INFO - 24/10/24 01:38:21 INFO Utils: Successfully started service 'sparkDriver' on port 40485.
[2024-10-24T01:38:21.371+0000] {spark_submit.py:524} INFO - 24/10/24 01:38:21 INFO SparkEnv: Registering MapOutputTracker
[2024-10-24T01:38:21.433+0000] {spark_submit.py:524} INFO - 24/10/24 01:38:21 INFO SparkEnv: Registering BlockManagerMaster
[2024-10-24T01:38:21.469+0000] {spark_submit.py:524} INFO - 24/10/24 01:38:21 INFO BlockManagerMasterEndpoint: Using org.apache.spark.storage.DefaultTopologyMapper for getting topology information
[2024-10-24T01:38:21.470+0000] {spark_submit.py:524} INFO - 24/10/24 01:38:21 INFO BlockManagerMasterEndpoint: BlockManagerMasterEndpoint up
[2024-10-24T01:38:21.475+0000] {spark_submit.py:524} INFO - 24/10/24 01:38:21 INFO SparkEnv: Registering BlockManagerMasterHeartbeat
[2024-10-24T01:38:21.508+0000] {spark_submit.py:524} INFO - 24/10/24 01:38:21 INFO DiskBlockManager: Created local directory at /tmp/blockmgr-e878bd40-de5e-4ad7-9327-865a73f557a8
[2024-10-24T01:38:21.532+0000] {spark_submit.py:524} INFO - 24/10/24 01:38:21 INFO MemoryStore: MemoryStore started with capacity 434.4 MiB
[2024-10-24T01:38:21.558+0000] {spark_submit.py:524} INFO - 24/10/24 01:38:21 INFO SparkEnv: Registering OutputCommitCoordinator
[2024-10-24T01:38:21.911+0000] {spark_submit.py:524} INFO - 24/10/24 01:38:21 INFO JettyUtils: Start Jetty 0.0.0.0:4040 for SparkUI
[2024-10-24T01:38:22.002+0000] {spark_submit.py:524} INFO - 24/10/24 01:38:22 WARN Utils: Service 'SparkUI' could not bind on port 4040. Attempting port 4041.
[2024-10-24T01:38:22.017+0000] {spark_submit.py:524} INFO - 24/10/24 01:38:22 INFO Utils: Successfully started service 'SparkUI' on port 4041.
[2024-10-24T01:38:22.218+0000] {spark_submit.py:524} INFO - 24/10/24 01:38:22 INFO StandaloneAppClient$ClientEndpoint: Connecting to master spark://spark-master:7077...
[2024-10-24T01:38:22.298+0000] {spark_submit.py:524} INFO - 24/10/24 01:38:22 INFO TransportClientFactory: Successfully created connection to spark-master/172.22.0.2:7077 after 48 ms (0 ms spent in bootstraps)
[2024-10-24T01:38:22.446+0000] {spark_submit.py:524} INFO - 24/10/24 01:38:22 INFO StandaloneSchedulerBackend: Connected to Spark cluster with app ID app-20241024013822-0013
[2024-10-24T01:38:22.475+0000] {spark_submit.py:524} INFO - 24/10/24 01:38:22 INFO Utils: Successfully started service 'org.apache.spark.network.netty.NettyBlockTransferService' on port 40287.
[2024-10-24T01:38:22.475+0000] {spark_submit.py:524} INFO - 24/10/24 01:38:22 INFO NettyBlockTransferService: Server created on de5108c6da1d:40287
[2024-10-24T01:38:22.479+0000] {spark_submit.py:524} INFO - 24/10/24 01:38:22 INFO BlockManager: Using org.apache.spark.storage.RandomBlockReplicationPolicy for block replication policy
[2024-10-24T01:38:22.498+0000] {spark_submit.py:524} INFO - 24/10/24 01:38:22 INFO BlockManagerMaster: Registering BlockManager BlockManagerId(driver, de5108c6da1d, 40287, None)
[2024-10-24T01:38:22.505+0000] {spark_submit.py:524} INFO - 24/10/24 01:38:22 INFO BlockManagerMasterEndpoint: Registering block manager de5108c6da1d:40287 with 434.4 MiB RAM, BlockManagerId(driver, de5108c6da1d, 40287, None)
[2024-10-24T01:38:22.510+0000] {spark_submit.py:524} INFO - 24/10/24 01:38:22 INFO BlockManagerMaster: Registered BlockManager BlockManagerId(driver, de5108c6da1d, 40287, None)
[2024-10-24T01:38:22.512+0000] {spark_submit.py:524} INFO - 24/10/24 01:38:22 INFO BlockManager: Initialized BlockManager: BlockManagerId(driver, de5108c6da1d, 40287, None)
[2024-10-24T01:38:23.135+0000] {spark_submit.py:524} INFO - 24/10/24 01:38:23 INFO StandaloneSchedulerBackend: SchedulerBackend is ready for scheduling beginning after reached minRegisteredResourcesRatio: 0.0
[2024-10-24T01:38:23.549+0000] {spark_submit.py:524} INFO - Hello from Spark!
[2024-10-24T01:38:23.551+0000] {spark_submit.py:524} INFO - 24/10/24 01:38:23 INFO SparkContext: SparkContext is stopping with exitCode 0.
[2024-10-24T01:38:23.576+0000] {spark_submit.py:524} INFO - 24/10/24 01:38:23 INFO SparkUI: Stopped Spark web UI at http://de5108c6da1d:4041
[2024-10-24T01:38:23.589+0000] {spark_submit.py:524} INFO - 24/10/24 01:38:23 INFO StandaloneSchedulerBackend: Shutting down all executors
[2024-10-24T01:38:23.597+0000] {spark_submit.py:524} INFO - 24/10/24 01:38:23 INFO StandaloneSchedulerBackend$StandaloneDriverEndpoint: Asking each executor to shut down
[2024-10-24T01:38:23.629+0000] {spark_submit.py:524} INFO - 24/10/24 01:38:23 INFO StandaloneAppClient$ClientEndpoint: Executor added: app-20241024013822-0013/0 on worker-20241024013655-172.22.0.4-42143 (172.22.0.4:42143) with 2 core(s)
[2024-10-24T01:38:23.646+0000] {spark_submit.py:524} INFO - 24/10/24 01:38:23 INFO StandaloneSchedulerBackend: Granted executor ID app-20241024013822-0013/0 on hostPort 172.22.0.4:42143 with 2 core(s), 1024.0 MiB RAM
[2024-10-24T01:38:23.676+0000] {spark_submit.py:524} INFO - 24/10/24 01:38:23 INFO MapOutputTrackerMasterEndpoint: MapOutputTrackerMasterEndpoint stopped!
[2024-10-24T01:38:23.714+0000] {spark_submit.py:524} INFO - 24/10/24 01:38:23 INFO MemoryStore: MemoryStore cleared
[2024-10-24T01:38:23.715+0000] {spark_submit.py:524} INFO - 24/10/24 01:38:23 INFO BlockManager: BlockManager stopped
[2024-10-24T01:38:23.731+0000] {spark_submit.py:524} INFO - 24/10/24 01:38:23 INFO BlockManagerMaster: BlockManagerMaster stopped
[2024-10-24T01:38:23.736+0000] {spark_submit.py:524} INFO - 24/10/24 01:38:23 INFO OutputCommitCoordinator$OutputCommitCoordinatorEndpoint: OutputCommitCoordinator stopped!
[2024-10-24T01:38:23.755+0000] {spark_submit.py:524} INFO - 24/10/24 01:38:23 INFO SparkContext: Successfully stopped SparkContext
[2024-10-24T01:38:24.262+0000] {spark_submit.py:524} INFO - 24/10/24 01:38:24 INFO ShutdownHookManager: Shutdown hook called
[2024-10-24T01:38:24.263+0000] {spark_submit.py:524} INFO - 24/10/24 01:38:24 INFO ShutdownHookManager: Deleting directory /tmp/spark-378b0749-f74c-473d-ab57-342788693504
[2024-10-24T01:38:24.267+0000] {spark_submit.py:524} INFO - 24/10/24 01:38:24 INFO ShutdownHookManager: Deleting directory /tmp/spark-aba03d51-89da-44da-908b-8bf033697ef2
[2024-10-24T01:38:24.271+0000] {spark_submit.py:524} INFO - 24/10/24 01:38:24 INFO ShutdownHookManager: Deleting directory /tmp/spark-378b0749-f74c-473d-ab57-342788693504/pyspark-68df7ae8-b8c4-4862-980c-648e43c415cc
[2024-10-24T01:38:24.339+0000] {taskinstance.py:1398} INFO - Marking task as SUCCESS. dag_id=api_openbrewerydb_to_silver_gold, task_id=Silver, execution_date=20231218T080000, start_date=20241024T013815, end_date=20241024T013824
[2024-10-24T01:38:24.390+0000] {local_task_job_runner.py:228} INFO - Task exited with return code 0
[2024-10-24T01:38:24.409+0000] {taskinstance.py:2776} INFO - 1 downstream tasks scheduled from follow-on schedule check
