[2024-10-24T01:35:44.325+0000] {taskinstance.py:1157} INFO - Dependencies all met for dep_context=non-requeueable deps ti=<TaskInstance: api_openbrewerydb_to_silver_gold.Gold scheduled__2023-11-25T08:00:00+00:00 [queued]>
[2024-10-24T01:35:44.339+0000] {taskinstance.py:1157} INFO - Dependencies all met for dep_context=requeueable deps ti=<TaskInstance: api_openbrewerydb_to_silver_gold.Gold scheduled__2023-11-25T08:00:00+00:00 [queued]>
[2024-10-24T01:35:44.339+0000] {taskinstance.py:1359} INFO - Starting attempt 1 of 3
[2024-10-24T01:35:44.358+0000] {taskinstance.py:1380} INFO - Executing <Task(SparkSubmitOperator): Gold> on 2023-11-25 08:00:00+00:00
[2024-10-24T01:35:44.366+0000] {standard_task_runner.py:57} INFO - Started process 11148 to run task
[2024-10-24T01:35:44.369+0000] {standard_task_runner.py:84} INFO - Running: ['***', 'tasks', 'run', 'api_openbrewerydb_to_silver_gold', 'Gold', 'scheduled__2023-11-25T08:00:00+00:00', '--job-id', '154', '--raw', '--subdir', 'DAGS_FOLDER/api_openbrewerydb_to_silver.py', '--cfg-path', '/tmp/tmpp2h_r7gc']
[2024-10-24T01:35:44.377+0000] {standard_task_runner.py:85} INFO - Job 154: Subtask Gold
[2024-10-24T01:35:44.464+0000] {task_command.py:415} INFO - Running <TaskInstance: api_openbrewerydb_to_silver_gold.Gold scheduled__2023-11-25T08:00:00+00:00 [running]> on host de5108c6da1d
[2024-10-24T01:35:44.621+0000] {taskinstance.py:1660} INFO - Exporting env vars: AIRFLOW_CTX_DAG_OWNER='Rodrigo Araujo' AIRFLOW_CTX_DAG_ID='api_openbrewerydb_to_silver_gold' AIRFLOW_CTX_TASK_ID='Gold' AIRFLOW_CTX_EXECUTION_DATE='2023-11-25T08:00:00+00:00' AIRFLOW_CTX_TRY_NUMBER='1' AIRFLOW_CTX_DAG_RUN_ID='scheduled__2023-11-25T08:00:00+00:00'
[2024-10-24T01:35:44.644+0000] {base.py:73} INFO - Using connection ID 'spark-conn' for task execution.
[2024-10-24T01:35:44.646+0000] {spark_submit.py:363} INFO - Spark-Submit cmd: spark-submit --master spark://spark-master:7077 --name arrow-spark --queue root.default jobs/gold/api_openbrewerydb.py
[2024-10-24T01:35:51.078+0000] {spark_submit.py:524} INFO - 24/10/24 01:35:51 INFO SparkContext: Running Spark version 3.5.3
[2024-10-24T01:35:51.083+0000] {spark_submit.py:524} INFO - 24/10/24 01:35:51 INFO SparkContext: OS info Linux, 5.15.0-124-generic, amd64
[2024-10-24T01:35:51.084+0000] {spark_submit.py:524} INFO - 24/10/24 01:35:51 INFO SparkContext: Java version 11.0.25
[2024-10-24T01:35:51.240+0000] {spark_submit.py:524} INFO - 24/10/24 01:35:51 WARN NativeCodeLoader: Unable to load native-hadoop library for your platform... using builtin-java classes where applicable
[2024-10-24T01:35:51.463+0000] {spark_submit.py:524} INFO - 24/10/24 01:35:51 INFO ResourceUtils: ==============================================================
[2024-10-24T01:35:51.463+0000] {spark_submit.py:524} INFO - 24/10/24 01:35:51 INFO ResourceUtils: No custom resources configured for spark.driver.
[2024-10-24T01:35:51.464+0000] {spark_submit.py:524} INFO - 24/10/24 01:35:51 INFO ResourceUtils: ==============================================================
[2024-10-24T01:35:51.465+0000] {spark_submit.py:524} INFO - 24/10/24 01:35:51 INFO SparkContext: Submitted application: IngestaoSilver
[2024-10-24T01:35:51.506+0000] {spark_submit.py:524} INFO - 24/10/24 01:35:51 INFO ResourceProfile: Default ResourceProfile created, executor resources: Map(memory -> name: memory, amount: 1024, script: , vendor: , offHeap -> name: offHeap, amount: 0, script: , vendor: ), task resources: Map(cpus -> name: cpus, amount: 1.0)
[2024-10-24T01:35:51.535+0000] {spark_submit.py:524} INFO - 24/10/24 01:35:51 INFO ResourceProfile: Limiting resource is cpu
[2024-10-24T01:35:51.537+0000] {spark_submit.py:524} INFO - 24/10/24 01:35:51 INFO ResourceProfileManager: Added ResourceProfile id: 0
[2024-10-24T01:35:51.650+0000] {spark_submit.py:524} INFO - 24/10/24 01:35:51 INFO SecurityManager: Changing view acls to: ***
[2024-10-24T01:35:51.651+0000] {spark_submit.py:524} INFO - 24/10/24 01:35:51 INFO SecurityManager: Changing modify acls to: ***
[2024-10-24T01:35:51.653+0000] {spark_submit.py:524} INFO - 24/10/24 01:35:51 INFO SecurityManager: Changing view acls groups to:
[2024-10-24T01:35:51.655+0000] {spark_submit.py:524} INFO - 24/10/24 01:35:51 INFO SecurityManager: Changing modify acls groups to:
[2024-10-24T01:35:51.656+0000] {spark_submit.py:524} INFO - 24/10/24 01:35:51 INFO SecurityManager: SecurityManager: authentication disabled; ui acls disabled; users with view permissions: ***; groups with view permissions: EMPTY; users with modify permissions: ***; groups with modify permissions: EMPTY
[2024-10-24T01:35:52.242+0000] {spark_submit.py:524} INFO - 24/10/24 01:35:52 INFO Utils: Successfully started service 'sparkDriver' on port 40813.
[2024-10-24T01:35:52.297+0000] {spark_submit.py:524} INFO - 24/10/24 01:35:52 INFO SparkEnv: Registering MapOutputTracker
[2024-10-24T01:35:52.375+0000] {spark_submit.py:524} INFO - 24/10/24 01:35:52 INFO SparkEnv: Registering BlockManagerMaster
[2024-10-24T01:35:52.429+0000] {spark_submit.py:524} INFO - 24/10/24 01:35:52 INFO BlockManagerMasterEndpoint: Using org.apache.spark.storage.DefaultTopologyMapper for getting topology information
[2024-10-24T01:35:52.430+0000] {spark_submit.py:524} INFO - 24/10/24 01:35:52 INFO BlockManagerMasterEndpoint: BlockManagerMasterEndpoint up
[2024-10-24T01:35:52.438+0000] {spark_submit.py:524} INFO - 24/10/24 01:35:52 INFO SparkEnv: Registering BlockManagerMasterHeartbeat
[2024-10-24T01:35:52.488+0000] {spark_submit.py:524} INFO - 24/10/24 01:35:52 INFO DiskBlockManager: Created local directory at /tmp/blockmgr-159d64c6-f1af-45be-96d0-ff8ad262177e
[2024-10-24T01:35:52.523+0000] {spark_submit.py:524} INFO - 24/10/24 01:35:52 INFO MemoryStore: MemoryStore started with capacity 434.4 MiB
[2024-10-24T01:35:52.559+0000] {spark_submit.py:524} INFO - 24/10/24 01:35:52 INFO SparkEnv: Registering OutputCommitCoordinator
[2024-10-24T01:35:52.886+0000] {spark_submit.py:524} INFO - 24/10/24 01:35:52 INFO JettyUtils: Start Jetty 0.0.0.0:4040 for SparkUI
[2024-10-24T01:35:52.981+0000] {spark_submit.py:524} INFO - 24/10/24 01:35:52 WARN Utils: Service 'SparkUI' could not bind on port 4040. Attempting port 4041.
[2024-10-24T01:35:52.999+0000] {spark_submit.py:524} INFO - 24/10/24 01:35:52 INFO Utils: Successfully started service 'SparkUI' on port 4041.
[2024-10-24T01:35:53.281+0000] {spark_submit.py:524} INFO - 24/10/24 01:35:53 INFO StandaloneAppClient$ClientEndpoint: Connecting to master spark://spark-master:7077...
[2024-10-24T01:35:53.377+0000] {spark_submit.py:524} INFO - 24/10/24 01:35:53 INFO TransportClientFactory: Successfully created connection to spark-master/172.22.0.3:7077 after 61 ms (0 ms spent in bootstraps)
[2024-10-24T01:35:53.600+0000] {spark_submit.py:524} INFO - 24/10/24 01:35:53 INFO StandaloneSchedulerBackend: Connected to Spark cluster with app ID app-20241024013553-0055
[2024-10-24T01:35:53.624+0000] {spark_submit.py:524} INFO - 24/10/24 01:35:53 INFO Utils: Successfully started service 'org.apache.spark.network.netty.NettyBlockTransferService' on port 40469.
[2024-10-24T01:35:53.626+0000] {spark_submit.py:524} INFO - 24/10/24 01:35:53 INFO NettyBlockTransferService: Server created on de5108c6da1d:40469
[2024-10-24T01:35:53.633+0000] {spark_submit.py:524} INFO - 24/10/24 01:35:53 INFO BlockManager: Using org.apache.spark.storage.RandomBlockReplicationPolicy for block replication policy
[2024-10-24T01:35:53.658+0000] {spark_submit.py:524} INFO - 24/10/24 01:35:53 INFO BlockManagerMaster: Registering BlockManager BlockManagerId(driver, de5108c6da1d, 40469, None)
[2024-10-24T01:35:53.665+0000] {spark_submit.py:524} INFO - 24/10/24 01:35:53 INFO BlockManagerMasterEndpoint: Registering block manager de5108c6da1d:40469 with 434.4 MiB RAM, BlockManagerId(driver, de5108c6da1d, 40469, None)
[2024-10-24T01:35:53.671+0000] {spark_submit.py:524} INFO - 24/10/24 01:35:53 INFO BlockManagerMaster: Registered BlockManager BlockManagerId(driver, de5108c6da1d, 40469, None)
[2024-10-24T01:35:53.674+0000] {spark_submit.py:524} INFO - 24/10/24 01:35:53 INFO BlockManager: Initialized BlockManager: BlockManagerId(driver, de5108c6da1d, 40469, None)
[2024-10-24T01:35:54.384+0000] {spark_submit.py:524} INFO - 24/10/24 01:35:54 INFO StandaloneSchedulerBackend: SchedulerBackend is ready for scheduling beginning after reached minRegisteredResourcesRatio: 0.0
[2024-10-24T01:35:54.855+0000] {spark_submit.py:524} INFO - 24/10/24 01:35:54 INFO StandaloneAppClient$ClientEndpoint: Executor added: app-20241024013553-0055/0 on worker-20241024010948-172.22.0.4-41535 (172.22.0.4:41535) with 2 core(s)
[2024-10-24T01:35:54.862+0000] {spark_submit.py:524} INFO - 24/10/24 01:35:54 INFO StandaloneSchedulerBackend: Granted executor ID app-20241024013553-0055/0 on hostPort 172.22.0.4:41535 with 2 core(s), 1024.0 MiB RAM
[2024-10-24T01:35:54.922+0000] {spark_submit.py:524} INFO - Hello from Spark!
[2024-10-24T01:35:54.928+0000] {spark_submit.py:524} INFO - 24/10/24 01:35:54 INFO SparkContext: SparkContext is stopping with exitCode 0.
[2024-10-24T01:35:54.977+0000] {spark_submit.py:524} INFO - 24/10/24 01:35:54 INFO SparkUI: Stopped Spark web UI at http://de5108c6da1d:4041
[2024-10-24T01:35:54.995+0000] {spark_submit.py:524} INFO - 24/10/24 01:35:54 INFO StandaloneSchedulerBackend: Shutting down all executors
[2024-10-24T01:35:55.010+0000] {spark_submit.py:524} INFO - 24/10/24 01:35:55 INFO StandaloneSchedulerBackend$StandaloneDriverEndpoint: Asking each executor to shut down
[2024-10-24T01:35:55.098+0000] {spark_submit.py:524} INFO - 24/10/24 01:35:55 WARN Dispatcher: Message RequestMessage(172.22.0.3:7077, NettyRpcEndpointRef(spark://AppClient@de5108c6da1d:40813), ExecutorUpdated(0,RUNNING,None,None,None)) dropped due to sparkEnv is stopped. Could not find AppClient.
[2024-10-24T01:35:55.107+0000] {spark_submit.py:524} INFO - 24/10/24 01:35:55 INFO MapOutputTrackerMasterEndpoint: MapOutputTrackerMasterEndpoint stopped!
[2024-10-24T01:35:55.159+0000] {spark_submit.py:524} INFO - 24/10/24 01:35:55 INFO MemoryStore: MemoryStore cleared
[2024-10-24T01:35:55.160+0000] {spark_submit.py:524} INFO - 24/10/24 01:35:55 INFO BlockManager: BlockManager stopped
[2024-10-24T01:35:55.172+0000] {spark_submit.py:524} INFO - 24/10/24 01:35:55 INFO BlockManagerMaster: BlockManagerMaster stopped
[2024-10-24T01:35:55.177+0000] {spark_submit.py:524} INFO - 24/10/24 01:35:55 INFO OutputCommitCoordinator$OutputCommitCoordinatorEndpoint: OutputCommitCoordinator stopped!
[2024-10-24T01:35:55.196+0000] {spark_submit.py:524} INFO - 24/10/24 01:35:55 INFO SparkContext: Successfully stopped SparkContext
[2024-10-24T01:35:55.536+0000] {spark_submit.py:524} INFO - 24/10/24 01:35:55 INFO ShutdownHookManager: Shutdown hook called
[2024-10-24T01:35:55.538+0000] {spark_submit.py:524} INFO - 24/10/24 01:35:55 INFO ShutdownHookManager: Deleting directory /tmp/spark-8dd1f779-7d36-419c-a707-f2f4b4a17d14
[2024-10-24T01:35:55.543+0000] {spark_submit.py:524} INFO - 24/10/24 01:35:55 INFO ShutdownHookManager: Deleting directory /tmp/spark-01d52e81-471f-4371-8462-2f4fec607064/pyspark-93e3caaf-1c91-43e7-bd3b-b2a1d84a0780
[2024-10-24T01:35:55.548+0000] {spark_submit.py:524} INFO - 24/10/24 01:35:55 INFO ShutdownHookManager: Deleting directory /tmp/spark-01d52e81-471f-4371-8462-2f4fec607064
[2024-10-24T01:35:55.642+0000] {taskinstance.py:1398} INFO - Marking task as SUCCESS. dag_id=api_openbrewerydb_to_silver_gold, task_id=Gold, execution_date=20231125T080000, start_date=20241024T013544, end_date=20241024T013555
[2024-10-24T01:35:55.694+0000] {local_task_job_runner.py:228} INFO - Task exited with return code 0
[2024-10-24T01:35:55.728+0000] {taskinstance.py:2776} INFO - 0 downstream tasks scheduled from follow-on schedule check
[2024-10-24T14:34:05.786+0000] {logging_mixin.py:151} INFO - Changing /opt/***/logs/dag_id=api_openbrewerydb_to_silver_gold/run_id=scheduled__2023-11-25T08:00:00+00:00/task_id=Gold permission to 509
[2024-10-24T14:34:05.793+0000] {logging_mixin.py:151} INFO - Failed to change /opt/***/logs/dag_id=api_openbrewerydb_to_silver_gold/run_id=scheduled__2023-11-25T08:00:00+00:00/task_id=Gold permission to 509: [Errno 1] Operation not permitted: '/opt/***/logs/dag_id=api_openbrewerydb_to_silver_gold/run_id=scheduled__2023-11-25T08:00:00+00:00/task_id=Gold'
[2024-10-24T14:34:05.821+0000] {logging_mixin.py:151} INFO - Changing /opt/***/logs/dag_id=api_openbrewerydb_to_silver_gold/run_id=scheduled__2023-11-25T08:00:00+00:00/task_id=Gold permission to 509
[2024-10-24T14:34:05.822+0000] {logging_mixin.py:151} INFO - Failed to change /opt/***/logs/dag_id=api_openbrewerydb_to_silver_gold/run_id=scheduled__2023-11-25T08:00:00+00:00/task_id=Gold permission to 509: [Errno 1] Operation not permitted: '/opt/***/logs/dag_id=api_openbrewerydb_to_silver_gold/run_id=scheduled__2023-11-25T08:00:00+00:00/task_id=Gold'
[2024-10-24T14:34:05.851+0000] {taskinstance.py:1157} INFO - Dependencies all met for dep_context=non-requeueable deps ti=<TaskInstance: api_openbrewerydb_to_silver_gold.Gold scheduled__2023-11-25T08:00:00+00:00 [queued]>
[2024-10-24T14:34:05.858+0000] {taskinstance.py:1157} INFO - Dependencies all met for dep_context=requeueable deps ti=<TaskInstance: api_openbrewerydb_to_silver_gold.Gold scheduled__2023-11-25T08:00:00+00:00 [queued]>
[2024-10-24T14:34:05.859+0000] {taskinstance.py:1359} INFO - Starting attempt 1 of 2
[2024-10-24T14:34:05.869+0000] {taskinstance.py:1380} INFO - Executing <Task(SparkSubmitOperator): Gold> on 2023-11-25 08:00:00+00:00
[2024-10-24T14:34:05.874+0000] {standard_task_runner.py:57} INFO - Started process 11544 to run task
[2024-10-24T14:34:05.876+0000] {standard_task_runner.py:84} INFO - Running: ['***', 'tasks', 'run', 'api_openbrewerydb_to_silver_gold', 'Gold', 'scheduled__2023-11-25T08:00:00+00:00', '--job-id', '76', '--raw', '--subdir', 'DAGS_FOLDER/api_openbrewerydb_to_silver.py', '--cfg-path', '/tmp/tmpvqp7vhea']
[2024-10-24T14:34:05.880+0000] {standard_task_runner.py:85} INFO - Job 76: Subtask Gold
[2024-10-24T14:34:05.923+0000] {logging_mixin.py:151} INFO - Changing /opt/***/logs/dag_id=api_openbrewerydb_to_silver_gold/run_id=scheduled__2023-11-25T08:00:00+00:00/task_id=Gold permission to 509
[2024-10-24T14:34:05.924+0000] {logging_mixin.py:151} INFO - Failed to change /opt/***/logs/dag_id=api_openbrewerydb_to_silver_gold/run_id=scheduled__2023-11-25T08:00:00+00:00/task_id=Gold permission to 509: [Errno 1] Operation not permitted: '/opt/***/logs/dag_id=api_openbrewerydb_to_silver_gold/run_id=scheduled__2023-11-25T08:00:00+00:00/task_id=Gold'
[2024-10-24T14:34:05.924+0000] {task_command.py:415} INFO - Running <TaskInstance: api_openbrewerydb_to_silver_gold.Gold scheduled__2023-11-25T08:00:00+00:00 [running]> on host 96f89615839b
[2024-10-24T14:34:06.003+0000] {taskinstance.py:1660} INFO - Exporting env vars: AIRFLOW_CTX_DAG_OWNER='Rodrigo Araujo' AIRFLOW_CTX_DAG_ID='api_openbrewerydb_to_silver_gold' AIRFLOW_CTX_TASK_ID='Gold' AIRFLOW_CTX_EXECUTION_DATE='2023-11-25T08:00:00+00:00' AIRFLOW_CTX_TRY_NUMBER='1' AIRFLOW_CTX_DAG_RUN_ID='scheduled__2023-11-25T08:00:00+00:00'
[2024-10-24T14:34:06.014+0000] {base.py:73} INFO - Using connection ID 'spark-conn' for task execution.
[2024-10-24T14:34:06.015+0000] {spark_submit.py:363} INFO - Spark-Submit cmd: spark-submit --master spark://spark-master:7077 --name arrow-spark jobs/gold/api_openbrewerydb.py
[2024-10-24T14:34:08.794+0000] {spark_submit.py:524} INFO - 24/10/24 14:34:08 INFO SparkContext: Running Spark version 3.5.3
[2024-10-24T14:34:08.796+0000] {spark_submit.py:524} INFO - 24/10/24 14:34:08 INFO SparkContext: OS info Linux, 5.15.0-124-generic, amd64
[2024-10-24T14:34:08.796+0000] {spark_submit.py:524} INFO - 24/10/24 14:34:08 INFO SparkContext: Java version 11.0.25
[2024-10-24T14:34:08.857+0000] {spark_submit.py:524} INFO - 24/10/24 14:34:08 WARN NativeCodeLoader: Unable to load native-hadoop library for your platform... using builtin-java classes where applicable
[2024-10-24T14:34:08.941+0000] {spark_submit.py:524} INFO - 24/10/24 14:34:08 INFO ResourceUtils: ==============================================================
[2024-10-24T14:34:08.941+0000] {spark_submit.py:524} INFO - 24/10/24 14:34:08 INFO ResourceUtils: No custom resources configured for spark.driver.
[2024-10-24T14:34:08.942+0000] {spark_submit.py:524} INFO - 24/10/24 14:34:08 INFO ResourceUtils: ==============================================================
[2024-10-24T14:34:08.942+0000] {spark_submit.py:524} INFO - 24/10/24 14:34:08 INFO SparkContext: Submitted application: IngestaoSilver
[2024-10-24T14:34:08.964+0000] {spark_submit.py:524} INFO - 24/10/24 14:34:08 INFO ResourceProfile: Default ResourceProfile created, executor resources: Map(memory -> name: memory, amount: 1024, script: , vendor: , offHeap -> name: offHeap, amount: 0, script: , vendor: ), task resources: Map(cpus -> name: cpus, amount: 1.0)
[2024-10-24T14:34:08.978+0000] {spark_submit.py:524} INFO - 24/10/24 14:34:08 INFO ResourceProfile: Limiting resource is cpu
[2024-10-24T14:34:08.978+0000] {spark_submit.py:524} INFO - 24/10/24 14:34:08 INFO ResourceProfileManager: Added ResourceProfile id: 0
[2024-10-24T14:34:09.026+0000] {spark_submit.py:524} INFO - 24/10/24 14:34:09 INFO SecurityManager: Changing view acls to: ***
[2024-10-24T14:34:09.027+0000] {spark_submit.py:524} INFO - 24/10/24 14:34:09 INFO SecurityManager: Changing modify acls to: ***
[2024-10-24T14:34:09.027+0000] {spark_submit.py:524} INFO - 24/10/24 14:34:09 INFO SecurityManager: Changing view acls groups to:
[2024-10-24T14:34:09.028+0000] {spark_submit.py:524} INFO - 24/10/24 14:34:09 INFO SecurityManager: Changing modify acls groups to:
[2024-10-24T14:34:09.028+0000] {spark_submit.py:524} INFO - 24/10/24 14:34:09 INFO SecurityManager: SecurityManager: authentication disabled; ui acls disabled; users with view permissions: ***; groups with view permissions: EMPTY; users with modify permissions: ***; groups with modify permissions: EMPTY
[2024-10-24T14:34:09.280+0000] {spark_submit.py:524} INFO - 24/10/24 14:34:09 INFO Utils: Successfully started service 'sparkDriver' on port 34653.
[2024-10-24T14:34:09.313+0000] {spark_submit.py:524} INFO - 24/10/24 14:34:09 INFO SparkEnv: Registering MapOutputTracker
[2024-10-24T14:34:09.347+0000] {spark_submit.py:524} INFO - 24/10/24 14:34:09 INFO SparkEnv: Registering BlockManagerMaster
[2024-10-24T14:34:09.368+0000] {spark_submit.py:524} INFO - 24/10/24 14:34:09 INFO BlockManagerMasterEndpoint: Using org.apache.spark.storage.DefaultTopologyMapper for getting topology information
[2024-10-24T14:34:09.368+0000] {spark_submit.py:524} INFO - 24/10/24 14:34:09 INFO BlockManagerMasterEndpoint: BlockManagerMasterEndpoint up
[2024-10-24T14:34:09.372+0000] {spark_submit.py:524} INFO - 24/10/24 14:34:09 INFO SparkEnv: Registering BlockManagerMasterHeartbeat
[2024-10-24T14:34:09.393+0000] {spark_submit.py:524} INFO - 24/10/24 14:34:09 INFO DiskBlockManager: Created local directory at /tmp/blockmgr-b37f696e-e517-4117-a6a2-1779fd422c28
[2024-10-24T14:34:09.410+0000] {spark_submit.py:524} INFO - 24/10/24 14:34:09 INFO MemoryStore: MemoryStore started with capacity 434.4 MiB
[2024-10-24T14:34:09.428+0000] {spark_submit.py:524} INFO - 24/10/24 14:34:09 INFO SparkEnv: Registering OutputCommitCoordinator
[2024-10-24T14:34:09.589+0000] {spark_submit.py:524} INFO - 24/10/24 14:34:09 INFO JettyUtils: Start Jetty 0.0.0.0:4040 for SparkUI
[2024-10-24T14:34:09.635+0000] {spark_submit.py:524} INFO - 24/10/24 14:34:09 INFO Utils: Successfully started service 'SparkUI' on port 4040.
[2024-10-24T14:34:09.746+0000] {spark_submit.py:524} INFO - 24/10/24 14:34:09 INFO StandaloneAppClient$ClientEndpoint: Connecting to master spark://spark-master:7077...
[2024-10-24T14:34:09.795+0000] {spark_submit.py:524} INFO - 24/10/24 14:34:09 INFO TransportClientFactory: Successfully created connection to spark-master/172.18.0.2:7077 after 27 ms (0 ms spent in bootstraps)
[2024-10-24T14:34:09.880+0000] {spark_submit.py:524} INFO - 24/10/24 14:34:09 INFO StandaloneSchedulerBackend: Connected to Spark cluster with app ID app-20241024143409-0071
[2024-10-24T14:34:09.883+0000] {spark_submit.py:524} INFO - 24/10/24 14:34:09 INFO StandaloneAppClient$ClientEndpoint: Executor added: app-20241024143409-0071/0 on worker-20241024142308-172.18.0.5-43899 (172.18.0.5:43899) with 2 core(s)
[2024-10-24T14:34:09.889+0000] {spark_submit.py:524} INFO - 24/10/24 14:34:09 INFO StandaloneSchedulerBackend: Granted executor ID app-20241024143409-0071/0 on hostPort 172.18.0.5:43899 with 2 core(s), 1024.0 MiB RAM
[2024-10-24T14:34:09.896+0000] {spark_submit.py:524} INFO - 24/10/24 14:34:09 INFO Utils: Successfully started service 'org.apache.spark.network.netty.NettyBlockTransferService' on port 42917.
[2024-10-24T14:34:09.897+0000] {spark_submit.py:524} INFO - 24/10/24 14:34:09 INFO NettyBlockTransferService: Server created on 96f89615839b:42917
[2024-10-24T14:34:09.902+0000] {spark_submit.py:524} INFO - 24/10/24 14:34:09 INFO BlockManager: Using org.apache.spark.storage.RandomBlockReplicationPolicy for block replication policy
[2024-10-24T14:34:09.915+0000] {spark_submit.py:524} INFO - 24/10/24 14:34:09 INFO StandaloneAppClient$ClientEndpoint: Executor updated: app-20241024143409-0071/0 is now RUNNING
[2024-10-24T14:34:09.917+0000] {spark_submit.py:524} INFO - 24/10/24 14:34:09 INFO BlockManagerMaster: Registering BlockManager BlockManagerId(driver, 96f89615839b, 42917, None)
[2024-10-24T14:34:09.921+0000] {spark_submit.py:524} INFO - 24/10/24 14:34:09 INFO BlockManagerMasterEndpoint: Registering block manager 96f89615839b:42917 with 434.4 MiB RAM, BlockManagerId(driver, 96f89615839b, 42917, None)
[2024-10-24T14:34:09.925+0000] {spark_submit.py:524} INFO - 24/10/24 14:34:09 INFO BlockManagerMaster: Registered BlockManager BlockManagerId(driver, 96f89615839b, 42917, None)
[2024-10-24T14:34:09.927+0000] {spark_submit.py:524} INFO - 24/10/24 14:34:09 INFO BlockManager: Initialized BlockManager: BlockManagerId(driver, 96f89615839b, 42917, None)
[2024-10-24T14:34:10.297+0000] {spark_submit.py:524} INFO - 24/10/24 14:34:10 INFO StandaloneSchedulerBackend: SchedulerBackend is ready for scheduling beginning after reached minRegisteredResourcesRatio: 0.0
[2024-10-24T14:34:10.550+0000] {spark_submit.py:524} INFO - Hello from Spark!
[2024-10-24T14:34:10.551+0000] {spark_submit.py:524} INFO - 24/10/24 14:34:10 INFO SparkContext: SparkContext is stopping with exitCode 0.
[2024-10-24T14:34:10.561+0000] {spark_submit.py:524} INFO - 24/10/24 14:34:10 INFO SparkUI: Stopped Spark web UI at http://96f89615839b:4040
[2024-10-24T14:34:10.566+0000] {spark_submit.py:524} INFO - 24/10/24 14:34:10 INFO StandaloneSchedulerBackend: Shutting down all executors
[2024-10-24T14:34:10.570+0000] {spark_submit.py:524} INFO - 24/10/24 14:34:10 INFO StandaloneSchedulerBackend$StandaloneDriverEndpoint: Asking each executor to shut down
[2024-10-24T14:34:10.586+0000] {spark_submit.py:524} INFO - 24/10/24 14:34:10 INFO MapOutputTrackerMasterEndpoint: MapOutputTrackerMasterEndpoint stopped!
[2024-10-24T14:34:10.594+0000] {spark_submit.py:524} INFO - 24/10/24 14:34:10 INFO MemoryStore: MemoryStore cleared
[2024-10-24T14:34:10.594+0000] {spark_submit.py:524} INFO - 24/10/24 14:34:10 INFO BlockManager: BlockManager stopped
[2024-10-24T14:34:10.602+0000] {spark_submit.py:524} INFO - 24/10/24 14:34:10 INFO BlockManagerMaster: BlockManagerMaster stopped
[2024-10-24T14:34:10.605+0000] {spark_submit.py:524} INFO - 24/10/24 14:34:10 INFO OutputCommitCoordinator$OutputCommitCoordinatorEndpoint: OutputCommitCoordinator stopped!
[2024-10-24T14:34:10.613+0000] {spark_submit.py:524} INFO - 24/10/24 14:34:10 INFO SparkContext: Successfully stopped SparkContext
[2024-10-24T14:34:10.877+0000] {spark_submit.py:524} INFO - 24/10/24 14:34:10 INFO ShutdownHookManager: Shutdown hook called
[2024-10-24T14:34:10.877+0000] {spark_submit.py:524} INFO - 24/10/24 14:34:10 INFO ShutdownHookManager: Deleting directory /tmp/spark-3d75a442-685f-4d56-9be3-37ef60c3b89d/pyspark-4537a3f2-5a13-47ac-a866-60ec01e35c9d
[2024-10-24T14:34:10.880+0000] {spark_submit.py:524} INFO - 24/10/24 14:34:10 INFO ShutdownHookManager: Deleting directory /tmp/spark-b36d0fa3-331a-4167-97b4-9fde38ce15c7
[2024-10-24T14:34:10.883+0000] {spark_submit.py:524} INFO - 24/10/24 14:34:10 INFO ShutdownHookManager: Deleting directory /tmp/spark-3d75a442-685f-4d56-9be3-37ef60c3b89d
[2024-10-24T14:34:10.944+0000] {taskinstance.py:1398} INFO - Marking task as SUCCESS. dag_id=api_openbrewerydb_to_silver_gold, task_id=Gold, execution_date=20231125T080000, start_date=20241024T143405, end_date=20241024T143410
[2024-10-24T14:34:10.978+0000] {local_task_job_runner.py:228} INFO - Task exited with return code 0
[2024-10-24T14:34:10.994+0000] {taskinstance.py:2776} INFO - 0 downstream tasks scheduled from follow-on schedule check
