[2024-10-24T17:23:50.581+0000] {taskinstance.py:1157} INFO - Dependencies all met for dep_context=non-requeueable deps ti=<TaskInstance: api_openbrewerydb_to_silver_gold.Gold manual__2024-10-24T17:23:36.340644+00:00 [queued]>
[2024-10-24T17:23:50.589+0000] {taskinstance.py:1157} INFO - Dependencies all met for dep_context=requeueable deps ti=<TaskInstance: api_openbrewerydb_to_silver_gold.Gold manual__2024-10-24T17:23:36.340644+00:00 [queued]>
[2024-10-24T17:23:50.589+0000] {taskinstance.py:1359} INFO - Starting attempt 1 of 2
[2024-10-24T17:23:50.607+0000] {taskinstance.py:1380} INFO - Executing <Task(SparkSubmitOperator): Gold> on 2024-10-24 17:23:36.340644+00:00
[2024-10-24T17:23:50.612+0000] {standard_task_runner.py:57} INFO - Started process 1978 to run task
[2024-10-24T17:23:50.614+0000] {standard_task_runner.py:84} INFO - Running: ['***', 'tasks', 'run', 'api_openbrewerydb_to_silver_gold', 'Gold', 'manual__2024-10-24T17:23:36.340644+00:00', '--job-id', '164', '--raw', '--subdir', 'DAGS_FOLDER/api_openbrewerydb_to_silver.py', '--cfg-path', '/tmp/tmpu5yvwhpx']
[2024-10-24T17:23:50.619+0000] {standard_task_runner.py:85} INFO - Job 164: Subtask Gold
[2024-10-24T17:23:50.665+0000] {task_command.py:415} INFO - Running <TaskInstance: api_openbrewerydb_to_silver_gold.Gold manual__2024-10-24T17:23:36.340644+00:00 [running]> on host e995fa603d7f
[2024-10-24T17:23:50.747+0000] {taskinstance.py:1660} INFO - Exporting env vars: AIRFLOW_CTX_DAG_OWNER='Rodrigo Araujo' AIRFLOW_CTX_DAG_ID='api_openbrewerydb_to_silver_gold' AIRFLOW_CTX_TASK_ID='Gold' AIRFLOW_CTX_EXECUTION_DATE='2024-10-24T17:23:36.340644+00:00' AIRFLOW_CTX_TRY_NUMBER='1' AIRFLOW_CTX_DAG_RUN_ID='manual__2024-10-24T17:23:36.340644+00:00'
[2024-10-24T17:23:50.758+0000] {base.py:73} INFO - Using connection ID 'spark-conn' for task execution.
[2024-10-24T17:23:50.759+0000] {spark_submit.py:363} INFO - Spark-Submit cmd: spark-submit --master spark://spark-master:7077 --name arrow-spark jobs/gold/api_openbrewerydb.py
[2024-10-24T17:23:53.251+0000] {spark_submit.py:524} INFO - 24/10/24 17:23:53 INFO SparkContext: Running Spark version 3.5.0
[2024-10-24T17:23:53.253+0000] {spark_submit.py:524} INFO - 24/10/24 17:23:53 INFO SparkContext: OS info Linux, 5.15.0-124-generic, amd64
[2024-10-24T17:23:53.253+0000] {spark_submit.py:524} INFO - 24/10/24 17:23:53 INFO SparkContext: Java version 17.0.13
[2024-10-24T17:23:53.309+0000] {spark_submit.py:524} INFO - 24/10/24 17:23:53 WARN NativeCodeLoader: Unable to load native-hadoop library for your platform... using builtin-java classes where applicable
[2024-10-24T17:23:53.383+0000] {spark_submit.py:524} INFO - 24/10/24 17:23:53 INFO ResourceUtils: ==============================================================
[2024-10-24T17:23:53.383+0000] {spark_submit.py:524} INFO - 24/10/24 17:23:53 INFO ResourceUtils: No custom resources configured for spark.driver.
[2024-10-24T17:23:53.384+0000] {spark_submit.py:524} INFO - 24/10/24 17:23:53 INFO ResourceUtils: ==============================================================
[2024-10-24T17:23:53.384+0000] {spark_submit.py:524} INFO - 24/10/24 17:23:53 INFO SparkContext: Submitted application: IngestaoSilver
[2024-10-24T17:23:53.401+0000] {spark_submit.py:524} INFO - 24/10/24 17:23:53 INFO ResourceProfile: Default ResourceProfile created, executor resources: Map(memory -> name: memory, amount: 1024, script: , vendor: , offHeap -> name: offHeap, amount: 0, script: , vendor: ), task resources: Map(cpus -> name: cpus, amount: 1.0)
[2024-10-24T17:23:53.408+0000] {spark_submit.py:524} INFO - 24/10/24 17:23:53 INFO ResourceProfile: Limiting resource is cpu
[2024-10-24T17:23:53.409+0000] {spark_submit.py:524} INFO - 24/10/24 17:23:53 INFO ResourceProfileManager: Added ResourceProfile id: 0
[2024-10-24T17:23:53.448+0000] {spark_submit.py:524} INFO - 24/10/24 17:23:53 INFO SecurityManager: Changing view acls to: ***
[2024-10-24T17:23:53.448+0000] {spark_submit.py:524} INFO - 24/10/24 17:23:53 INFO SecurityManager: Changing modify acls to: ***
[2024-10-24T17:23:53.449+0000] {spark_submit.py:524} INFO - 24/10/24 17:23:53 INFO SecurityManager: Changing view acls groups to:
[2024-10-24T17:23:53.449+0000] {spark_submit.py:524} INFO - 24/10/24 17:23:53 INFO SecurityManager: Changing modify acls groups to:
[2024-10-24T17:23:53.450+0000] {spark_submit.py:524} INFO - 24/10/24 17:23:53 INFO SecurityManager: SecurityManager: authentication disabled; ui acls disabled; users with view permissions: ***; groups with view permissions: EMPTY; users with modify permissions: ***; groups with modify permissions: EMPTY
[2024-10-24T17:23:53.639+0000] {spark_submit.py:524} INFO - 24/10/24 17:23:53 INFO Utils: Successfully started service 'sparkDriver' on port 46209.
[2024-10-24T17:23:53.663+0000] {spark_submit.py:524} INFO - 24/10/24 17:23:53 INFO SparkEnv: Registering MapOutputTracker
[2024-10-24T17:23:53.693+0000] {spark_submit.py:524} INFO - 24/10/24 17:23:53 INFO SparkEnv: Registering BlockManagerMaster
[2024-10-24T17:23:53.708+0000] {spark_submit.py:524} INFO - 24/10/24 17:23:53 INFO BlockManagerMasterEndpoint: Using org.apache.spark.storage.DefaultTopologyMapper for getting topology information
[2024-10-24T17:23:53.709+0000] {spark_submit.py:524} INFO - 24/10/24 17:23:53 INFO BlockManagerMasterEndpoint: BlockManagerMasterEndpoint up
[2024-10-24T17:23:53.712+0000] {spark_submit.py:524} INFO - 24/10/24 17:23:53 INFO SparkEnv: Registering BlockManagerMasterHeartbeat
[2024-10-24T17:23:53.728+0000] {spark_submit.py:524} INFO - 24/10/24 17:23:53 INFO DiskBlockManager: Created local directory at /tmp/blockmgr-e0cde514-8b28-44bd-a25f-693127ff5ccd
[2024-10-24T17:23:53.739+0000] {spark_submit.py:524} INFO - 24/10/24 17:23:53 INFO MemoryStore: MemoryStore started with capacity 434.4 MiB
[2024-10-24T17:23:53.754+0000] {spark_submit.py:524} INFO - 24/10/24 17:23:53 INFO SparkEnv: Registering OutputCommitCoordinator
[2024-10-24T17:23:53.866+0000] {spark_submit.py:524} INFO - 24/10/24 17:23:53 INFO JettyUtils: Start Jetty 0.0.0.0:4040 for SparkUI
[2024-10-24T17:23:53.917+0000] {spark_submit.py:524} INFO - 24/10/24 17:23:53 INFO Utils: Successfully started service 'SparkUI' on port 4040.
[2024-10-24T17:23:54.026+0000] {spark_submit.py:524} INFO - 24/10/24 17:23:54 INFO StandaloneAppClient$ClientEndpoint: Connecting to master spark://spark-master:7077...
[2024-10-24T17:23:54.068+0000] {spark_submit.py:524} INFO - 24/10/24 17:23:54 INFO TransportClientFactory: Successfully created connection to spark-master/172.18.0.3:7077 after 24 ms (0 ms spent in bootstraps)
[2024-10-24T17:23:54.136+0000] {spark_submit.py:524} INFO - 24/10/24 17:23:54 INFO StandaloneSchedulerBackend: Connected to Spark cluster with app ID app-20241024172354-0007
[2024-10-24T17:23:54.139+0000] {spark_submit.py:524} INFO - 24/10/24 17:23:54 INFO StandaloneAppClient$ClientEndpoint: Executor added: app-20241024172354-0007/0 on worker-20241024170959-172.18.0.5-44329 (172.18.0.5:44329) with 2 core(s)
[2024-10-24T17:23:54.141+0000] {spark_submit.py:524} INFO - 24/10/24 17:23:54 INFO StandaloneSchedulerBackend: Granted executor ID app-20241024172354-0007/0 on hostPort 172.18.0.5:44329 with 2 core(s), 1024.0 MiB RAM
[2024-10-24T17:23:54.144+0000] {spark_submit.py:524} INFO - 24/10/24 17:23:54 INFO Utils: Successfully started service 'org.apache.spark.network.netty.NettyBlockTransferService' on port 37911.
[2024-10-24T17:23:54.145+0000] {spark_submit.py:524} INFO - 24/10/24 17:23:54 INFO NettyBlockTransferService: Server created on e995fa603d7f:37911
[2024-10-24T17:23:54.147+0000] {spark_submit.py:524} INFO - 24/10/24 17:23:54 INFO BlockManager: Using org.apache.spark.storage.RandomBlockReplicationPolicy for block replication policy
[2024-10-24T17:23:54.155+0000] {spark_submit.py:524} INFO - 24/10/24 17:23:54 INFO BlockManagerMaster: Registering BlockManager BlockManagerId(driver, e995fa603d7f, 37911, None)
[2024-10-24T17:23:54.159+0000] {spark_submit.py:524} INFO - 24/10/24 17:23:54 INFO BlockManagerMasterEndpoint: Registering block manager e995fa603d7f:37911 with 434.4 MiB RAM, BlockManagerId(driver, e995fa603d7f, 37911, None)
[2024-10-24T17:23:54.161+0000] {spark_submit.py:524} INFO - 24/10/24 17:23:54 INFO BlockManagerMaster: Registered BlockManager BlockManagerId(driver, e995fa603d7f, 37911, None)
[2024-10-24T17:23:54.162+0000] {spark_submit.py:524} INFO - 24/10/24 17:23:54 INFO BlockManager: Initialized BlockManager: BlockManagerId(driver, e995fa603d7f, 37911, None)
[2024-10-24T17:23:54.168+0000] {spark_submit.py:524} INFO - 24/10/24 17:23:54 INFO StandaloneAppClient$ClientEndpoint: Executor updated: app-20241024172354-0007/0 is now RUNNING
[2024-10-24T17:23:54.358+0000] {spark_submit.py:524} INFO - 24/10/24 17:23:54 INFO StandaloneSchedulerBackend: SchedulerBackend is ready for scheduling beginning after reached minRegisteredResourcesRatio: 0.0
[2024-10-24T17:23:54.525+0000] {spark_submit.py:524} INFO - Hello from Spark!
[2024-10-24T17:23:54.526+0000] {spark_submit.py:524} INFO - 24/10/24 17:23:54 INFO SparkContext: SparkContext is stopping with exitCode 0.
[2024-10-24T17:23:54.534+0000] {spark_submit.py:524} INFO - 24/10/24 17:23:54 INFO SparkUI: Stopped Spark web UI at http://e995fa603d7f:4040
[2024-10-24T17:23:54.538+0000] {spark_submit.py:524} INFO - 24/10/24 17:23:54 INFO StandaloneSchedulerBackend: Shutting down all executors
[2024-10-24T17:23:54.541+0000] {spark_submit.py:524} INFO - 24/10/24 17:23:54 INFO StandaloneSchedulerBackend$StandaloneDriverEndpoint: Asking each executor to shut down
[2024-10-24T17:23:54.555+0000] {spark_submit.py:524} INFO - 24/10/24 17:23:54 INFO MapOutputTrackerMasterEndpoint: MapOutputTrackerMasterEndpoint stopped!
[2024-10-24T17:23:54.564+0000] {spark_submit.py:524} INFO - 24/10/24 17:23:54 INFO MemoryStore: MemoryStore cleared
[2024-10-24T17:23:54.564+0000] {spark_submit.py:524} INFO - 24/10/24 17:23:54 INFO BlockManager: BlockManager stopped
[2024-10-24T17:23:54.570+0000] {spark_submit.py:524} INFO - 24/10/24 17:23:54 INFO BlockManagerMaster: BlockManagerMaster stopped
[2024-10-24T17:23:54.572+0000] {spark_submit.py:524} INFO - 24/10/24 17:23:54 INFO OutputCommitCoordinator$OutputCommitCoordinatorEndpoint: OutputCommitCoordinator stopped!
[2024-10-24T17:23:54.579+0000] {spark_submit.py:524} INFO - 24/10/24 17:23:54 INFO SparkContext: Successfully stopped SparkContext
[2024-10-24T17:23:55.004+0000] {spark_submit.py:524} INFO - 24/10/24 17:23:55 INFO ShutdownHookManager: Shutdown hook called
[2024-10-24T17:23:55.004+0000] {spark_submit.py:524} INFO - 24/10/24 17:23:55 INFO ShutdownHookManager: Deleting directory /tmp/spark-7a8f137c-b7f3-4be2-8ac5-c9d4a2186c62
[2024-10-24T17:23:55.009+0000] {spark_submit.py:524} INFO - 24/10/24 17:23:55 INFO ShutdownHookManager: Deleting directory /tmp/spark-3daf77bf-ce70-47ab-830e-a8752bc12ece
[2024-10-24T17:23:55.013+0000] {spark_submit.py:524} INFO - 24/10/24 17:23:55 INFO ShutdownHookManager: Deleting directory /tmp/spark-3daf77bf-ce70-47ab-830e-a8752bc12ece/pyspark-e5175f30-8ef6-49de-9986-8bcc71365dbf
[2024-10-24T17:23:55.064+0000] {taskinstance.py:1398} INFO - Marking task as SUCCESS. dag_id=api_openbrewerydb_to_silver_gold, task_id=Gold, execution_date=20241024T172336, start_date=20241024T172350, end_date=20241024T172355
[2024-10-24T17:23:55.119+0000] {local_task_job_runner.py:228} INFO - Task exited with return code 0
[2024-10-24T17:23:55.145+0000] {taskinstance.py:2776} INFO - 0 downstream tasks scheduled from follow-on schedule check
