[2024-10-24T15:05:27.060+0000] {taskinstance.py:1157} INFO - Dependencies all met for dep_context=non-requeueable deps ti=<TaskInstance: api_openbrewerydb_to_silver_gold.Silver manual__2024-10-24T15:05:26.020050+00:00 [queued]>
[2024-10-24T15:05:27.067+0000] {taskinstance.py:1157} INFO - Dependencies all met for dep_context=requeueable deps ti=<TaskInstance: api_openbrewerydb_to_silver_gold.Silver manual__2024-10-24T15:05:26.020050+00:00 [queued]>
[2024-10-24T15:05:27.067+0000] {taskinstance.py:1359} INFO - Starting attempt 1 of 2
[2024-10-24T15:05:27.078+0000] {taskinstance.py:1380} INFO - Executing <Task(SparkSubmitOperator): Silver> on 2024-10-24 15:05:26.020050+00:00
[2024-10-24T15:05:27.082+0000] {standard_task_runner.py:57} INFO - Started process 841 to run task
[2024-10-24T15:05:27.084+0000] {standard_task_runner.py:84} INFO - Running: ['***', 'tasks', 'run', 'api_openbrewerydb_to_silver_gold', 'Silver', 'manual__2024-10-24T15:05:26.020050+00:00', '--job-id', '125', '--raw', '--subdir', 'DAGS_FOLDER/api_openbrewerydb_to_silver.py', '--cfg-path', '/tmp/tmpqclxtiuf']
[2024-10-24T15:05:27.089+0000] {standard_task_runner.py:85} INFO - Job 125: Subtask Silver
[2024-10-24T15:05:27.139+0000] {task_command.py:415} INFO - Running <TaskInstance: api_openbrewerydb_to_silver_gold.Silver manual__2024-10-24T15:05:26.020050+00:00 [running]> on host 96f89615839b
[2024-10-24T15:05:27.224+0000] {taskinstance.py:1660} INFO - Exporting env vars: AIRFLOW_CTX_DAG_OWNER='Rodrigo Araujo' AIRFLOW_CTX_DAG_ID='api_openbrewerydb_to_silver_gold' AIRFLOW_CTX_TASK_ID='Silver' AIRFLOW_CTX_EXECUTION_DATE='2024-10-24T15:05:26.020050+00:00' AIRFLOW_CTX_TRY_NUMBER='1' AIRFLOW_CTX_DAG_RUN_ID='manual__2024-10-24T15:05:26.020050+00:00'
[2024-10-24T15:05:27.235+0000] {base.py:73} INFO - Using connection ID 'spark-conn' for task execution.
[2024-10-24T15:05:27.236+0000] {spark_submit.py:363} INFO - Spark-Submit cmd: spark-submit --master spark://spark-master:7077 --name arrow-spark jobs/silver/api_openbrewerydb.py
[2024-10-24T15:05:30.027+0000] {spark_submit.py:524} INFO - 24/10/24 15:05:30 INFO SparkContext: Running Spark version 3.5.3
[2024-10-24T15:05:30.029+0000] {spark_submit.py:524} INFO - 24/10/24 15:05:30 INFO SparkContext: OS info Linux, 5.15.0-124-generic, amd64
[2024-10-24T15:05:30.029+0000] {spark_submit.py:524} INFO - 24/10/24 15:05:30 INFO SparkContext: Java version 11.0.25
[2024-10-24T15:05:30.081+0000] {spark_submit.py:524} INFO - 24/10/24 15:05:30 WARN NativeCodeLoader: Unable to load native-hadoop library for your platform... using builtin-java classes where applicable
[2024-10-24T15:05:30.154+0000] {spark_submit.py:524} INFO - 24/10/24 15:05:30 INFO ResourceUtils: ==============================================================
[2024-10-24T15:05:30.154+0000] {spark_submit.py:524} INFO - 24/10/24 15:05:30 INFO ResourceUtils: No custom resources configured for spark.driver.
[2024-10-24T15:05:30.154+0000] {spark_submit.py:524} INFO - 24/10/24 15:05:30 INFO ResourceUtils: ==============================================================
[2024-10-24T15:05:30.155+0000] {spark_submit.py:524} INFO - 24/10/24 15:05:30 INFO SparkContext: Submitted application: IngestaoSilver
[2024-10-24T15:05:30.173+0000] {spark_submit.py:524} INFO - 24/10/24 15:05:30 INFO ResourceProfile: Default ResourceProfile created, executor resources: Map(memory -> name: memory, amount: 1024, script: , vendor: , offHeap -> name: offHeap, amount: 0, script: , vendor: ), task resources: Map(cpus -> name: cpus, amount: 1.0)
[2024-10-24T15:05:30.186+0000] {spark_submit.py:524} INFO - 24/10/24 15:05:30 INFO ResourceProfile: Limiting resource is cpu
[2024-10-24T15:05:30.186+0000] {spark_submit.py:524} INFO - 24/10/24 15:05:30 INFO ResourceProfileManager: Added ResourceProfile id: 0
[2024-10-24T15:05:30.231+0000] {spark_submit.py:524} INFO - 24/10/24 15:05:30 INFO SecurityManager: Changing view acls to: ***
[2024-10-24T15:05:30.231+0000] {spark_submit.py:524} INFO - 24/10/24 15:05:30 INFO SecurityManager: Changing modify acls to: ***
[2024-10-24T15:05:30.232+0000] {spark_submit.py:524} INFO - 24/10/24 15:05:30 INFO SecurityManager: Changing view acls groups to:
[2024-10-24T15:05:30.232+0000] {spark_submit.py:524} INFO - 24/10/24 15:05:30 INFO SecurityManager: Changing modify acls groups to:
[2024-10-24T15:05:30.232+0000] {spark_submit.py:524} INFO - 24/10/24 15:05:30 INFO SecurityManager: SecurityManager: authentication disabled; ui acls disabled; users with view permissions: ***; groups with view permissions: EMPTY; users with modify permissions: ***; groups with modify permissions: EMPTY
[2024-10-24T15:05:30.463+0000] {spark_submit.py:524} INFO - 24/10/24 15:05:30 INFO Utils: Successfully started service 'sparkDriver' on port 36947.
[2024-10-24T15:05:30.486+0000] {spark_submit.py:524} INFO - 24/10/24 15:05:30 INFO SparkEnv: Registering MapOutputTracker
[2024-10-24T15:05:30.514+0000] {spark_submit.py:524} INFO - 24/10/24 15:05:30 INFO SparkEnv: Registering BlockManagerMaster
[2024-10-24T15:05:30.534+0000] {spark_submit.py:524} INFO - 24/10/24 15:05:30 INFO BlockManagerMasterEndpoint: Using org.apache.spark.storage.DefaultTopologyMapper for getting topology information
[2024-10-24T15:05:30.534+0000] {spark_submit.py:524} INFO - 24/10/24 15:05:30 INFO BlockManagerMasterEndpoint: BlockManagerMasterEndpoint up
[2024-10-24T15:05:30.537+0000] {spark_submit.py:524} INFO - 24/10/24 15:05:30 INFO SparkEnv: Registering BlockManagerMasterHeartbeat
[2024-10-24T15:05:30.556+0000] {spark_submit.py:524} INFO - 24/10/24 15:05:30 INFO DiskBlockManager: Created local directory at /tmp/blockmgr-d5925e50-e31b-4b8b-956c-ee086068992c
[2024-10-24T15:05:30.571+0000] {spark_submit.py:524} INFO - 24/10/24 15:05:30 INFO MemoryStore: MemoryStore started with capacity 434.4 MiB
[2024-10-24T15:05:30.586+0000] {spark_submit.py:524} INFO - 24/10/24 15:05:30 INFO SparkEnv: Registering OutputCommitCoordinator
[2024-10-24T15:05:30.713+0000] {spark_submit.py:524} INFO - 24/10/24 15:05:30 INFO JettyUtils: Start Jetty 0.0.0.0:4040 for SparkUI
[2024-10-24T15:05:30.758+0000] {spark_submit.py:524} INFO - 24/10/24 15:05:30 INFO Utils: Successfully started service 'SparkUI' on port 4040.
[2024-10-24T15:05:30.851+0000] {spark_submit.py:524} INFO - 24/10/24 15:05:30 INFO StandaloneAppClient$ClientEndpoint: Connecting to master spark://spark-master:7077...
[2024-10-24T15:05:30.891+0000] {spark_submit.py:524} INFO - 24/10/24 15:05:30 INFO TransportClientFactory: Successfully created connection to spark-master/172.18.0.3:7077 after 24 ms (0 ms spent in bootstraps)
[2024-10-24T15:05:30.967+0000] {spark_submit.py:524} INFO - 24/10/24 15:05:30 INFO StandaloneSchedulerBackend: Connected to Spark cluster with app ID app-20241024150530-0004
[2024-10-24T15:05:30.970+0000] {spark_submit.py:524} INFO - 24/10/24 15:05:30 INFO StandaloneAppClient$ClientEndpoint: Executor added: app-20241024150530-0004/0 on worker-20241024150342-172.18.0.5-40617 (172.18.0.5:40617) with 2 core(s)
[2024-10-24T15:05:30.972+0000] {spark_submit.py:524} INFO - 24/10/24 15:05:30 INFO StandaloneSchedulerBackend: Granted executor ID app-20241024150530-0004/0 on hostPort 172.18.0.5:40617 with 2 core(s), 1024.0 MiB RAM
[2024-10-24T15:05:30.979+0000] {spark_submit.py:524} INFO - 24/10/24 15:05:30 INFO Utils: Successfully started service 'org.apache.spark.network.netty.NettyBlockTransferService' on port 34421.
[2024-10-24T15:05:30.980+0000] {spark_submit.py:524} INFO - 24/10/24 15:05:30 INFO NettyBlockTransferService: Server created on 96f89615839b:34421
[2024-10-24T15:05:30.981+0000] {spark_submit.py:524} INFO - 24/10/24 15:05:30 INFO BlockManager: Using org.apache.spark.storage.RandomBlockReplicationPolicy for block replication policy
[2024-10-24T15:05:30.990+0000] {spark_submit.py:524} INFO - 24/10/24 15:05:30 INFO BlockManagerMaster: Registering BlockManager BlockManagerId(driver, 96f89615839b, 34421, None)
[2024-10-24T15:05:30.997+0000] {spark_submit.py:524} INFO - 24/10/24 15:05:30 INFO BlockManagerMasterEndpoint: Registering block manager 96f89615839b:34421 with 434.4 MiB RAM, BlockManagerId(driver, 96f89615839b, 34421, None)
[2024-10-24T15:05:31.000+0000] {spark_submit.py:524} INFO - 24/10/24 15:05:30 INFO BlockManagerMaster: Registered BlockManager BlockManagerId(driver, 96f89615839b, 34421, None)
[2024-10-24T15:05:31.002+0000] {spark_submit.py:524} INFO - 24/10/24 15:05:31 INFO BlockManager: Initialized BlockManager: BlockManagerId(driver, 96f89615839b, 34421, None)
[2024-10-24T15:05:31.026+0000] {spark_submit.py:524} INFO - 24/10/24 15:05:31 INFO StandaloneAppClient$ClientEndpoint: Executor updated: app-20241024150530-0004/0 is now RUNNING
[2024-10-24T15:05:31.249+0000] {spark_submit.py:524} INFO - 24/10/24 15:05:31 INFO StandaloneSchedulerBackend: SchedulerBackend is ready for scheduling beginning after reached minRegisteredResourcesRatio: 0.0
[2024-10-24T15:05:31.455+0000] {spark_submit.py:524} INFO - Hello from Spark!
[2024-10-24T15:05:31.456+0000] {spark_submit.py:524} INFO - 24/10/24 15:05:31 INFO SparkContext: SparkContext is stopping with exitCode 0.
[2024-10-24T15:05:31.466+0000] {spark_submit.py:524} INFO - 24/10/24 15:05:31 INFO SparkUI: Stopped Spark web UI at http://96f89615839b:4040
[2024-10-24T15:05:31.472+0000] {spark_submit.py:524} INFO - 24/10/24 15:05:31 INFO StandaloneSchedulerBackend: Shutting down all executors
[2024-10-24T15:05:31.476+0000] {spark_submit.py:524} INFO - 24/10/24 15:05:31 INFO StandaloneSchedulerBackend$StandaloneDriverEndpoint: Asking each executor to shut down
[2024-10-24T15:05:31.492+0000] {spark_submit.py:524} INFO - 24/10/24 15:05:31 INFO MapOutputTrackerMasterEndpoint: MapOutputTrackerMasterEndpoint stopped!
[2024-10-24T15:05:31.507+0000] {spark_submit.py:524} INFO - 24/10/24 15:05:31 INFO MemoryStore: MemoryStore cleared
[2024-10-24T15:05:31.508+0000] {spark_submit.py:524} INFO - 24/10/24 15:05:31 INFO BlockManager: BlockManager stopped
[2024-10-24T15:05:31.514+0000] {spark_submit.py:524} INFO - 24/10/24 15:05:31 INFO BlockManagerMaster: BlockManagerMaster stopped
[2024-10-24T15:05:31.516+0000] {spark_submit.py:524} INFO - 24/10/24 15:05:31 INFO OutputCommitCoordinator$OutputCommitCoordinatorEndpoint: OutputCommitCoordinator stopped!
[2024-10-24T15:05:31.525+0000] {spark_submit.py:524} INFO - 24/10/24 15:05:31 INFO SparkContext: Successfully stopped SparkContext
[2024-10-24T15:05:31.870+0000] {spark_submit.py:524} INFO - 24/10/24 15:05:31 INFO ShutdownHookManager: Shutdown hook called
[2024-10-24T15:05:31.870+0000] {spark_submit.py:524} INFO - 24/10/24 15:05:31 INFO ShutdownHookManager: Deleting directory /tmp/spark-e740f7af-d045-40c1-88c7-0c50b1c29761
[2024-10-24T15:05:31.874+0000] {spark_submit.py:524} INFO - 24/10/24 15:05:31 INFO ShutdownHookManager: Deleting directory /tmp/spark-e740f7af-d045-40c1-88c7-0c50b1c29761/pyspark-c3765314-61b8-4bd1-9e17-c03b70870722
[2024-10-24T15:05:31.877+0000] {spark_submit.py:524} INFO - 24/10/24 15:05:31 INFO ShutdownHookManager: Deleting directory /tmp/spark-3e427eaa-c42e-459c-a1cc-9cc8f9dcd1f8
[2024-10-24T15:05:31.946+0000] {taskinstance.py:1398} INFO - Marking task as SUCCESS. dag_id=api_openbrewerydb_to_silver_gold, task_id=Silver, execution_date=20241024T150526, start_date=20241024T150527, end_date=20241024T150531
[2024-10-24T15:05:31.991+0000] {local_task_job_runner.py:228} INFO - Task exited with return code 0
[2024-10-24T15:05:32.020+0000] {taskinstance.py:2776} INFO - 1 downstream tasks scheduled from follow-on schedule check
