[2024-10-24T01:26:58.689+0000] {taskinstance.py:1157} INFO - Dependencies all met for dep_context=non-requeueable deps ti=<TaskInstance: api_openbrewerydb_to_silver_gold.Silver scheduled__2023-12-04T08:00:00+00:00 [queued]>
[2024-10-24T01:26:58.709+0000] {taskinstance.py:1157} INFO - Dependencies all met for dep_context=requeueable deps ti=<TaskInstance: api_openbrewerydb_to_silver_gold.Silver scheduled__2023-12-04T08:00:00+00:00 [queued]>
[2024-10-24T01:26:58.709+0000] {taskinstance.py:1359} INFO - Starting attempt 1 of 3
[2024-10-24T01:26:58.740+0000] {taskinstance.py:1380} INFO - Executing <Task(SparkSubmitOperator): Silver> on 2023-12-04 08:00:00+00:00
[2024-10-24T01:26:58.749+0000] {standard_task_runner.py:57} INFO - Started process 8898 to run task
[2024-10-24T01:26:58.770+0000] {standard_task_runner.py:84} INFO - Running: ['***', 'tasks', 'run', 'api_openbrewerydb_to_silver_gold', 'Silver', 'scheduled__2023-12-04T08:00:00+00:00', '--job-id', '143', '--raw', '--subdir', 'DAGS_FOLDER/api_openbrewerydb_to_silver.py', '--cfg-path', '/tmp/tmpzjk9t3f8']
[2024-10-24T01:26:58.791+0000] {standard_task_runner.py:85} INFO - Job 143: Subtask Silver
[2024-10-24T01:26:59.034+0000] {task_command.py:415} INFO - Running <TaskInstance: api_openbrewerydb_to_silver_gold.Silver scheduled__2023-12-04T08:00:00+00:00 [running]> on host de5108c6da1d
[2024-10-24T01:26:59.400+0000] {taskinstance.py:1660} INFO - Exporting env vars: AIRFLOW_CTX_DAG_OWNER='Rodrigo Araujo' AIRFLOW_CTX_DAG_ID='api_openbrewerydb_to_silver_gold' AIRFLOW_CTX_TASK_ID='Silver' AIRFLOW_CTX_EXECUTION_DATE='2023-12-04T08:00:00+00:00' AIRFLOW_CTX_TRY_NUMBER='1' AIRFLOW_CTX_DAG_RUN_ID='scheduled__2023-12-04T08:00:00+00:00'
[2024-10-24T01:26:59.445+0000] {base.py:73} INFO - Using connection ID 'spark-conn' for task execution.
[2024-10-24T01:26:59.447+0000] {spark_submit.py:363} INFO - Spark-Submit cmd: spark-submit --master spark://spark-master:7077 --name arrow-spark --queue root.default jobs/silver/api_openbrewerydb.py
[2024-10-24T01:27:29.706+0000] {spark_submit.py:524} INFO - 24/10/24 01:27:29 INFO SparkContext: Running Spark version 3.5.3
[2024-10-24T01:27:29.729+0000] {spark_submit.py:524} INFO - 24/10/24 01:27:29 INFO SparkContext: OS info Linux, 5.15.0-124-generic, amd64
[2024-10-24T01:27:29.732+0000] {spark_submit.py:524} INFO - 24/10/24 01:27:29 INFO SparkContext: Java version 11.0.25
[2024-10-24T01:27:30.306+0000] {spark_submit.py:524} INFO - 24/10/24 01:27:30 WARN NativeCodeLoader: Unable to load native-hadoop library for your platform... using builtin-java classes where applicable
[2024-10-24T01:27:30.983+0000] {spark_submit.py:524} INFO - 24/10/24 01:27:30 INFO ResourceUtils: ==============================================================
[2024-10-24T01:27:30.985+0000] {spark_submit.py:524} INFO - 24/10/24 01:27:30 INFO ResourceUtils: No custom resources configured for spark.driver.
[2024-10-24T01:27:30.988+0000] {spark_submit.py:524} INFO - 24/10/24 01:27:30 INFO ResourceUtils: ==============================================================
[2024-10-24T01:27:30.993+0000] {spark_submit.py:524} INFO - 24/10/24 01:27:30 INFO SparkContext: Submitted application: IngestaoSilver
[2024-10-24T01:27:31.207+0000] {spark_submit.py:524} INFO - 24/10/24 01:27:31 INFO ResourceProfile: Default ResourceProfile created, executor resources: Map(memory -> name: memory, amount: 1024, script: , vendor: , offHeap -> name: offHeap, amount: 0, script: , vendor: ), task resources: Map(cpus -> name: cpus, amount: 1.0)
[2024-10-24T01:27:31.405+0000] {spark_submit.py:524} INFO - 24/10/24 01:27:31 INFO ResourceProfile: Limiting resource is cpu
[2024-10-24T01:27:31.417+0000] {spark_submit.py:524} INFO - 24/10/24 01:27:31 INFO ResourceProfileManager: Added ResourceProfile id: 0
[2024-10-24T01:27:31.940+0000] {spark_submit.py:524} INFO - 24/10/24 01:27:31 INFO SecurityManager: Changing view acls to: ***
[2024-10-24T01:27:31.948+0000] {spark_submit.py:524} INFO - 24/10/24 01:27:31 INFO SecurityManager: Changing modify acls to: ***
[2024-10-24T01:27:31.965+0000] {spark_submit.py:524} INFO - 24/10/24 01:27:31 INFO SecurityManager: Changing view acls groups to:
[2024-10-24T01:27:31.967+0000] {spark_submit.py:524} INFO - 24/10/24 01:27:31 INFO SecurityManager: Changing modify acls groups to:
[2024-10-24T01:27:31.979+0000] {spark_submit.py:524} INFO - 24/10/24 01:27:31 INFO SecurityManager: SecurityManager: authentication disabled; ui acls disabled; users with view permissions: ***; groups with view permissions: EMPTY; users with modify permissions: ***; groups with modify permissions: EMPTY
[2024-10-24T01:27:34.384+0000] {spark_submit.py:524} INFO - 24/10/24 01:27:34 INFO Utils: Successfully started service 'sparkDriver' on port 37051.
[2024-10-24T01:27:34.854+0000] {spark_submit.py:524} INFO - 24/10/24 01:27:34 INFO SparkEnv: Registering MapOutputTracker
[2024-10-24T01:27:35.257+0000] {spark_submit.py:524} INFO - 24/10/24 01:27:35 INFO SparkEnv: Registering BlockManagerMaster
[2024-10-24T01:27:35.652+0000] {spark_submit.py:524} INFO - 24/10/24 01:27:35 INFO BlockManagerMasterEndpoint: Using org.apache.spark.storage.DefaultTopologyMapper for getting topology information
[2024-10-24T01:27:35.668+0000] {spark_submit.py:524} INFO - 24/10/24 01:27:35 INFO BlockManagerMasterEndpoint: BlockManagerMasterEndpoint up
[2024-10-24T01:27:35.701+0000] {spark_submit.py:524} INFO - 24/10/24 01:27:35 INFO SparkEnv: Registering BlockManagerMasterHeartbeat
[2024-10-24T01:27:35.969+0000] {spark_submit.py:524} INFO - 24/10/24 01:27:35 INFO DiskBlockManager: Created local directory at /tmp/blockmgr-5a4c45a0-a89d-4125-adc8-63673f2d697a
[2024-10-24T01:27:36.149+0000] {spark_submit.py:524} INFO - 24/10/24 01:27:36 INFO MemoryStore: MemoryStore started with capacity 434.4 MiB
[2024-10-24T01:27:36.439+0000] {spark_submit.py:524} INFO - 24/10/24 01:27:36 INFO SparkEnv: Registering OutputCommitCoordinator
[2024-10-24T01:27:38.290+0000] {spark_submit.py:524} INFO - 24/10/24 01:27:38 INFO JettyUtils: Start Jetty 0.0.0.0:4040 for SparkUI
[2024-10-24T01:27:39.224+0000] {spark_submit.py:524} INFO - 24/10/24 01:27:39 WARN Utils: Service 'SparkUI' could not bind on port 4040. Attempting port 4041.
[2024-10-24T01:27:39.241+0000] {spark_submit.py:524} INFO - 24/10/24 01:27:39 WARN Utils: Service 'SparkUI' could not bind on port 4041. Attempting port 4042.
[2024-10-24T01:27:39.246+0000] {spark_submit.py:524} INFO - 24/10/24 01:27:39 WARN Utils: Service 'SparkUI' could not bind on port 4042. Attempting port 4043.
[2024-10-24T01:27:39.248+0000] {spark_submit.py:524} INFO - 24/10/24 01:27:39 WARN Utils: Service 'SparkUI' could not bind on port 4043. Attempting port 4044.
[2024-10-24T01:27:39.259+0000] {spark_submit.py:524} INFO - 24/10/24 01:27:39 WARN Utils: Service 'SparkUI' could not bind on port 4044. Attempting port 4045.
[2024-10-24T01:27:39.262+0000] {spark_submit.py:524} INFO - 24/10/24 01:27:39 WARN Utils: Service 'SparkUI' could not bind on port 4045. Attempting port 4046.
[2024-10-24T01:27:39.264+0000] {spark_submit.py:524} INFO - 24/10/24 01:27:39 WARN Utils: Service 'SparkUI' could not bind on port 4046. Attempting port 4047.
[2024-10-24T01:27:39.322+0000] {spark_submit.py:524} INFO - 24/10/24 01:27:39 INFO Utils: Successfully started service 'SparkUI' on port 4047.
[2024-10-24T01:27:41.118+0000] {spark_submit.py:524} INFO - 24/10/24 01:27:41 INFO StandaloneAppClient$ClientEndpoint: Connecting to master spark://spark-master:7077...
[2024-10-24T01:27:41.859+0000] {spark_submit.py:524} INFO - 24/10/24 01:27:41 INFO TransportClientFactory: Successfully created connection to spark-master/172.22.0.3:7077 after 477 ms (0 ms spent in bootstraps)
[2024-10-24T01:27:54.768+0000] {spark_submit.py:524} INFO - 24/10/24 01:27:54 INFO StandaloneSchedulerBackend: Connected to Spark cluster with app ID app-20241024012746-0050
[2024-10-24T01:28:00.105+0000] {spark_submit.py:524} INFO - 24/10/24 01:27:59 INFO Utils: Successfully started service 'org.apache.spark.network.netty.NettyBlockTransferService' on port 46517.
[2024-10-24T01:28:00.955+0000] {spark_submit.py:524} INFO - 24/10/24 01:28:00 INFO NettyBlockTransferService: Server created on de5108c6da1d:46517
[2024-10-24T01:28:02.589+0000] {spark_submit.py:524} INFO - 24/10/24 01:28:02 INFO BlockManager: Using org.apache.spark.storage.RandomBlockReplicationPolicy for block replication policy
[2024-10-24T01:28:18.015+0000] {spark_submit.py:524} INFO - 24/10/24 01:28:17 INFO BlockManagerMaster: Registering BlockManager BlockManagerId(driver, de5108c6da1d, 46517, None)
[2024-10-24T01:28:58.501+0000] {spark_submit.py:524} INFO - 24/10/24 01:28:58 INFO BlockManagerMasterEndpoint: Registering block manager de5108c6da1d:46517 with 434.4 MiB RAM, BlockManagerId(driver, de5108c6da1d, 46517, None)
[2024-10-24T01:28:58.798+0000] {spark_submit.py:524} INFO - 24/10/24 01:28:58 INFO BlockManagerMaster: Registered BlockManager BlockManagerId(driver, de5108c6da1d, 46517, None)
[2024-10-24T01:28:59.293+0000] {spark_submit.py:524} INFO - 24/10/24 01:28:59 INFO BlockManager: Initialized BlockManager: BlockManagerId(driver, de5108c6da1d, 46517, None)
[2024-10-24T01:33:27.232+0000] {job.py:219} ERROR - Job heartbeat got an exception
Traceback (most recent call last):
  File "/home/airflow/.local/lib/python3.11/site-packages/sqlalchemy/engine/base.py", line 3371, in _wrap_pool_connect
    return fn()
           ^^^^
  File "/home/airflow/.local/lib/python3.11/site-packages/sqlalchemy/pool/base.py", line 327, in connect
    return _ConnectionFairy._checkout(self)
           ^^^^^^^^^^^^^^^^^^^^^^^^^^^^^^^^
  File "/home/airflow/.local/lib/python3.11/site-packages/sqlalchemy/pool/base.py", line 894, in _checkout
    fairy = _ConnectionRecord.checkout(pool)
            ^^^^^^^^^^^^^^^^^^^^^^^^^^^^^^^^
  File "/home/airflow/.local/lib/python3.11/site-packages/sqlalchemy/pool/base.py", line 493, in checkout
    rec = pool._do_get()
          ^^^^^^^^^^^^^^
  File "/home/airflow/.local/lib/python3.11/site-packages/sqlalchemy/pool/impl.py", line 256, in _do_get
    return self._create_connection()
           ^^^^^^^^^^^^^^^^^^^^^^^^^
  File "/home/airflow/.local/lib/python3.11/site-packages/sqlalchemy/pool/base.py", line 273, in _create_connection
    return _ConnectionRecord(self)
           ^^^^^^^^^^^^^^^^^^^^^^^
  File "/home/airflow/.local/lib/python3.11/site-packages/sqlalchemy/pool/base.py", line 388, in __init__
    self.__connect()
  File "/home/airflow/.local/lib/python3.11/site-packages/sqlalchemy/pool/base.py", line 690, in __connect
    with util.safe_reraise():
  File "/home/airflow/.local/lib/python3.11/site-packages/sqlalchemy/util/langhelpers.py", line 70, in __exit__
    compat.raise_(
  File "/home/airflow/.local/lib/python3.11/site-packages/sqlalchemy/util/compat.py", line 211, in raise_
    raise exception
  File "/home/airflow/.local/lib/python3.11/site-packages/sqlalchemy/pool/base.py", line 686, in __connect
    self.dbapi_connection = connection = pool._invoke_creator(self)
                                         ^^^^^^^^^^^^^^^^^^^^^^^^^^
  File "/home/airflow/.local/lib/python3.11/site-packages/sqlalchemy/engine/create.py", line 574, in connect
    return dialect.connect(*cargs, **cparams)
           ^^^^^^^^^^^^^^^^^^^^^^^^^^^^^^^^^^
  File "/home/airflow/.local/lib/python3.11/site-packages/sqlalchemy/engine/default.py", line 598, in connect
    return self.dbapi.connect(*cargs, **cparams)
           ^^^^^^^^^^^^^^^^^^^^^^^^^^^^^^^^^^^^^
  File "/home/airflow/.local/lib/python3.11/site-packages/psycopg2/__init__.py", line 122, in connect
    conn = _connect(dsn, connection_factory=connection_factory, **kwasync)
           ^^^^^^^^^^^^^^^^^^^^^^^^^^^^^^^^^^^^^^^^^^^^^^^^^^^^^^^^^^^^^^^
psycopg2.OperationalError: could not translate host name "postgres" to address: Temporary failure in name resolution


The above exception was the direct cause of the following exception:

Traceback (most recent call last):
  File "/home/airflow/.local/lib/python3.11/site-packages/airflow/jobs/job.py", line 190, in heartbeat
    session.merge(self)
  File "/home/airflow/.local/lib/python3.11/site-packages/sqlalchemy/orm/session.py", line 3056, in merge
    return self._merge(
           ^^^^^^^^^^^^
  File "/home/airflow/.local/lib/python3.11/site-packages/sqlalchemy/orm/session.py", line 3136, in _merge
    merged = self.get(
             ^^^^^^^^^
  File "/home/airflow/.local/lib/python3.11/site-packages/sqlalchemy/orm/session.py", line 2853, in get
    return self._get_impl(
           ^^^^^^^^^^^^^^^
  File "/home/airflow/.local/lib/python3.11/site-packages/sqlalchemy/orm/session.py", line 2975, in _get_impl
    return db_load_fn(
           ^^^^^^^^^^^
  File "/home/airflow/.local/lib/python3.11/site-packages/sqlalchemy/orm/loading.py", line 530, in load_on_pk_identity
    session.execute(
  File "/home/airflow/.local/lib/python3.11/site-packages/sqlalchemy/orm/session.py", line 1716, in execute
    conn = self._connection_for_bind(bind)
           ^^^^^^^^^^^^^^^^^^^^^^^^^^^^^^^
  File "/home/airflow/.local/lib/python3.11/site-packages/sqlalchemy/orm/session.py", line 1555, in _connection_for_bind
    return self._transaction._connection_for_bind(
           ^^^^^^^^^^^^^^^^^^^^^^^^^^^^^^^^^^^^^^^
  File "/home/airflow/.local/lib/python3.11/site-packages/sqlalchemy/orm/session.py", line 750, in _connection_for_bind
    conn = bind.connect()
           ^^^^^^^^^^^^^^
  File "/home/airflow/.local/lib/python3.11/site-packages/sqlalchemy/future/engine.py", line 406, in connect
    return super(Engine, self).connect()
           ^^^^^^^^^^^^^^^^^^^^^^^^^^^^^
  File "/home/airflow/.local/lib/python3.11/site-packages/sqlalchemy/engine/base.py", line 3325, in connect
    return self._connection_cls(self, close_with_result=close_with_result)
           ^^^^^^^^^^^^^^^^^^^^^^^^^^^^^^^^^^^^^^^^^^^^^^^^^^^^^^^^^^^^^^^
  File "/home/airflow/.local/lib/python3.11/site-packages/sqlalchemy/engine/base.py", line 96, in __init__
    else engine.raw_connection()
         ^^^^^^^^^^^^^^^^^^^^^^^
  File "/home/airflow/.local/lib/python3.11/site-packages/sqlalchemy/engine/base.py", line 3404, in raw_connection
    return self._wrap_pool_connect(self.pool.connect, _connection)
           ^^^^^^^^^^^^^^^^^^^^^^^^^^^^^^^^^^^^^^^^^^^^^^^^^^^^^^^
  File "/home/airflow/.local/lib/python3.11/site-packages/sqlalchemy/engine/base.py", line 3374, in _wrap_pool_connect
    Connection._handle_dbapi_exception_noconnection(
  File "/home/airflow/.local/lib/python3.11/site-packages/sqlalchemy/engine/base.py", line 2208, in _handle_dbapi_exception_noconnection
    util.raise_(
  File "/home/airflow/.local/lib/python3.11/site-packages/sqlalchemy/util/compat.py", line 211, in raise_
    raise exception
  File "/home/airflow/.local/lib/python3.11/site-packages/sqlalchemy/engine/base.py", line 3371, in _wrap_pool_connect
    return fn()
           ^^^^
  File "/home/airflow/.local/lib/python3.11/site-packages/sqlalchemy/pool/base.py", line 327, in connect
    return _ConnectionFairy._checkout(self)
           ^^^^^^^^^^^^^^^^^^^^^^^^^^^^^^^^
  File "/home/airflow/.local/lib/python3.11/site-packages/sqlalchemy/pool/base.py", line 894, in _checkout
    fairy = _ConnectionRecord.checkout(pool)
            ^^^^^^^^^^^^^^^^^^^^^^^^^^^^^^^^
  File "/home/airflow/.local/lib/python3.11/site-packages/sqlalchemy/pool/base.py", line 493, in checkout
    rec = pool._do_get()
          ^^^^^^^^^^^^^^
  File "/home/airflow/.local/lib/python3.11/site-packages/sqlalchemy/pool/impl.py", line 256, in _do_get
    return self._create_connection()
           ^^^^^^^^^^^^^^^^^^^^^^^^^
  File "/home/airflow/.local/lib/python3.11/site-packages/sqlalchemy/pool/base.py", line 273, in _create_connection
    return _ConnectionRecord(self)
           ^^^^^^^^^^^^^^^^^^^^^^^
  File "/home/airflow/.local/lib/python3.11/site-packages/sqlalchemy/pool/base.py", line 388, in __init__
    self.__connect()
  File "/home/airflow/.local/lib/python3.11/site-packages/sqlalchemy/pool/base.py", line 690, in __connect
    with util.safe_reraise():
  File "/home/airflow/.local/lib/python3.11/site-packages/sqlalchemy/util/langhelpers.py", line 70, in __exit__
    compat.raise_(
  File "/home/airflow/.local/lib/python3.11/site-packages/sqlalchemy/util/compat.py", line 211, in raise_
    raise exception
  File "/home/airflow/.local/lib/python3.11/site-packages/sqlalchemy/pool/base.py", line 686, in __connect
    self.dbapi_connection = connection = pool._invoke_creator(self)
                                         ^^^^^^^^^^^^^^^^^^^^^^^^^^
  File "/home/airflow/.local/lib/python3.11/site-packages/sqlalchemy/engine/create.py", line 574, in connect
    return dialect.connect(*cargs, **cparams)
           ^^^^^^^^^^^^^^^^^^^^^^^^^^^^^^^^^^
  File "/home/airflow/.local/lib/python3.11/site-packages/sqlalchemy/engine/default.py", line 598, in connect
    return self.dbapi.connect(*cargs, **cparams)
           ^^^^^^^^^^^^^^^^^^^^^^^^^^^^^^^^^^^^^
  File "/home/airflow/.local/lib/python3.11/site-packages/psycopg2/__init__.py", line 122, in connect
    conn = _connect(dsn, connection_factory=connection_factory, **kwasync)
           ^^^^^^^^^^^^^^^^^^^^^^^^^^^^^^^^^^^^^^^^^^^^^^^^^^^^^^^^^^^^^^^
sqlalchemy.exc.OperationalError: (psycopg2.OperationalError) could not translate host name "postgres" to address: Temporary failure in name resolution

(Background on this error at: https://sqlalche.me/e/14/e3q8)
[2024-10-24T01:34:03.023+0000] {spark_submit.py:524} INFO - 24/10/24 01:34:02 INFO StandaloneSchedulerBackend: SchedulerBackend is ready for scheduling beginning after reached minRegisteredResourcesRatio: 0.0
[2024-10-24T01:35:25.269+0000] {local_task_job_runner.py:294} WARNING - State of this instance has been externally set to None. Terminating instance.
[2024-10-24T01:35:25.382+0000] {process_utils.py:131} INFO - Sending 15 to group 8898. PIDs of all processes in the group: [8968, 9618, 8898]
[2024-10-24T01:35:25.383+0000] {process_utils.py:86} INFO - Sending the signal 15 to group 8898
[2024-10-24T01:35:25.384+0000] {taskinstance.py:1630} ERROR - Received SIGTERM. Terminating subprocesses.
[2024-10-24T01:35:25.385+0000] {spark_submit.py:654} INFO - Sending kill signal to spark-submit
[2024-10-24T01:35:25.500+0000] {taskinstance.py:1935} ERROR - Task failed with exception
Traceback (most recent call last):
  File "/home/airflow/.local/lib/python3.11/site-packages/airflow/providers/apache/spark/operators/spark_submit.py", line 183, in execute
    self._hook.submit(self._application)
  File "/home/airflow/.local/lib/python3.11/site-packages/airflow/providers/apache/spark/hooks/spark_submit.py", line 438, in submit
    self._process_spark_submit_log(iter(self._submit_sp.stdout))  # type: ignore
    ^^^^^^^^^^^^^^^^^^^^^^^^^^^^^^^^^^^^^^^^^^^^^^^^^^^^^^^^^^^^
  File "/home/airflow/.local/lib/python3.11/site-packages/airflow/providers/apache/spark/hooks/spark_submit.py", line 492, in _process_spark_submit_log
    for line in itr:
  File "/home/airflow/.local/lib/python3.11/site-packages/airflow/models/taskinstance.py", line 1632, in signal_handler
    raise AirflowException("Task received SIGTERM signal")
airflow.exceptions.AirflowException: Task received SIGTERM signal
[2024-10-24T01:35:25.545+0000] {taskinstance.py:1398} INFO - Marking task as UP_FOR_RETRY. dag_id=api_openbrewerydb_to_silver_gold, task_id=Silver, execution_date=20231204T080000, start_date=20241024T012658, end_date=20241024T013525
[2024-10-24T01:35:25.627+0000] {standard_task_runner.py:104} ERROR - Failed to execute job 143 for task Silver (Task received SIGTERM signal; 8898)
[2024-10-24T01:35:25.762+0000] {process_utils.py:79} INFO - Process psutil.Process(pid=8898, status='terminated', exitcode=1, started='01:26:58') (8898) terminated with exit code 1
[2024-10-24T01:35:25.763+0000] {process_utils.py:79} INFO - Process psutil.Process(pid=9618, status='terminated', started='01:27:22') (9618) terminated with exit code None
[2024-10-24T01:35:25.764+0000] {process_utils.py:79} INFO - Process psutil.Process(pid=8968, status='terminated', started='01:26:58') (8968) terminated with exit code None
[2024-10-24T14:36:00.275+0000] {logging_mixin.py:151} INFO - Changing /opt/***/logs/dag_id=api_openbrewerydb_to_silver_gold/run_id=scheduled__2023-12-04T08:00:00+00:00/task_id=Silver permission to 509
[2024-10-24T14:36:00.283+0000] {logging_mixin.py:151} INFO - Failed to change /opt/***/logs/dag_id=api_openbrewerydb_to_silver_gold/run_id=scheduled__2023-12-04T08:00:00+00:00/task_id=Silver permission to 509: [Errno 1] Operation not permitted: '/opt/***/logs/dag_id=api_openbrewerydb_to_silver_gold/run_id=scheduled__2023-12-04T08:00:00+00:00/task_id=Silver'
[2024-10-24T14:36:00.311+0000] {logging_mixin.py:151} INFO - Changing /opt/***/logs/dag_id=api_openbrewerydb_to_silver_gold/run_id=scheduled__2023-12-04T08:00:00+00:00/task_id=Silver permission to 509
[2024-10-24T14:36:00.311+0000] {logging_mixin.py:151} INFO - Failed to change /opt/***/logs/dag_id=api_openbrewerydb_to_silver_gold/run_id=scheduled__2023-12-04T08:00:00+00:00/task_id=Silver permission to 509: [Errno 1] Operation not permitted: '/opt/***/logs/dag_id=api_openbrewerydb_to_silver_gold/run_id=scheduled__2023-12-04T08:00:00+00:00/task_id=Silver'
[2024-10-24T14:36:00.340+0000] {taskinstance.py:1157} INFO - Dependencies all met for dep_context=non-requeueable deps ti=<TaskInstance: api_openbrewerydb_to_silver_gold.Silver scheduled__2023-12-04T08:00:00+00:00 [queued]>
[2024-10-24T14:36:00.347+0000] {taskinstance.py:1157} INFO - Dependencies all met for dep_context=requeueable deps ti=<TaskInstance: api_openbrewerydb_to_silver_gold.Silver scheduled__2023-12-04T08:00:00+00:00 [queued]>
[2024-10-24T14:36:00.347+0000] {taskinstance.py:1359} INFO - Starting attempt 1 of 2
[2024-10-24T14:36:00.357+0000] {taskinstance.py:1380} INFO - Executing <Task(SparkSubmitOperator): Silver> on 2023-12-04 08:00:00+00:00
[2024-10-24T14:36:00.361+0000] {standard_task_runner.py:57} INFO - Started process 14250 to run task
[2024-10-24T14:36:00.363+0000] {standard_task_runner.py:84} INFO - Running: ['***', 'tasks', 'run', 'api_openbrewerydb_to_silver_gold', 'Silver', 'scheduled__2023-12-04T08:00:00+00:00', '--job-id', '93', '--raw', '--subdir', 'DAGS_FOLDER/api_openbrewerydb_to_silver.py', '--cfg-path', '/tmp/tmp0k6l3eue']
[2024-10-24T14:36:00.365+0000] {standard_task_runner.py:85} INFO - Job 93: Subtask Silver
[2024-10-24T14:36:00.411+0000] {logging_mixin.py:151} INFO - Changing /opt/***/logs/dag_id=api_openbrewerydb_to_silver_gold/run_id=scheduled__2023-12-04T08:00:00+00:00/task_id=Silver permission to 509
[2024-10-24T14:36:00.411+0000] {logging_mixin.py:151} INFO - Failed to change /opt/***/logs/dag_id=api_openbrewerydb_to_silver_gold/run_id=scheduled__2023-12-04T08:00:00+00:00/task_id=Silver permission to 509: [Errno 1] Operation not permitted: '/opt/***/logs/dag_id=api_openbrewerydb_to_silver_gold/run_id=scheduled__2023-12-04T08:00:00+00:00/task_id=Silver'
[2024-10-24T14:36:00.412+0000] {task_command.py:415} INFO - Running <TaskInstance: api_openbrewerydb_to_silver_gold.Silver scheduled__2023-12-04T08:00:00+00:00 [running]> on host 96f89615839b
[2024-10-24T14:36:00.491+0000] {taskinstance.py:1660} INFO - Exporting env vars: AIRFLOW_CTX_DAG_OWNER='Rodrigo Araujo' AIRFLOW_CTX_DAG_ID='api_openbrewerydb_to_silver_gold' AIRFLOW_CTX_TASK_ID='Silver' AIRFLOW_CTX_EXECUTION_DATE='2023-12-04T08:00:00+00:00' AIRFLOW_CTX_TRY_NUMBER='1' AIRFLOW_CTX_DAG_RUN_ID='scheduled__2023-12-04T08:00:00+00:00'
[2024-10-24T14:36:00.501+0000] {base.py:73} INFO - Using connection ID 'spark-conn' for task execution.
[2024-10-24T14:36:00.502+0000] {spark_submit.py:363} INFO - Spark-Submit cmd: spark-submit --master spark://spark-master:7077 --name arrow-spark jobs/silver/api_openbrewerydb.py
[2024-10-24T14:36:03.286+0000] {spark_submit.py:524} INFO - 24/10/24 14:36:03 INFO SparkContext: Running Spark version 3.5.3
[2024-10-24T14:36:03.288+0000] {spark_submit.py:524} INFO - 24/10/24 14:36:03 INFO SparkContext: OS info Linux, 5.15.0-124-generic, amd64
[2024-10-24T14:36:03.289+0000] {spark_submit.py:524} INFO - 24/10/24 14:36:03 INFO SparkContext: Java version 11.0.25
[2024-10-24T14:36:03.341+0000] {spark_submit.py:524} INFO - 24/10/24 14:36:03 WARN NativeCodeLoader: Unable to load native-hadoop library for your platform... using builtin-java classes where applicable
[2024-10-24T14:36:03.417+0000] {spark_submit.py:524} INFO - 24/10/24 14:36:03 INFO ResourceUtils: ==============================================================
[2024-10-24T14:36:03.417+0000] {spark_submit.py:524} INFO - 24/10/24 14:36:03 INFO ResourceUtils: No custom resources configured for spark.driver.
[2024-10-24T14:36:03.417+0000] {spark_submit.py:524} INFO - 24/10/24 14:36:03 INFO ResourceUtils: ==============================================================
[2024-10-24T14:36:03.418+0000] {spark_submit.py:524} INFO - 24/10/24 14:36:03 INFO SparkContext: Submitted application: IngestaoSilver
[2024-10-24T14:36:03.437+0000] {spark_submit.py:524} INFO - 24/10/24 14:36:03 INFO ResourceProfile: Default ResourceProfile created, executor resources: Map(memory -> name: memory, amount: 1024, script: , vendor: , offHeap -> name: offHeap, amount: 0, script: , vendor: ), task resources: Map(cpus -> name: cpus, amount: 1.0)
[2024-10-24T14:36:03.449+0000] {spark_submit.py:524} INFO - 24/10/24 14:36:03 INFO ResourceProfile: Limiting resource is cpu
[2024-10-24T14:36:03.450+0000] {spark_submit.py:524} INFO - 24/10/24 14:36:03 INFO ResourceProfileManager: Added ResourceProfile id: 0
[2024-10-24T14:36:03.494+0000] {spark_submit.py:524} INFO - 24/10/24 14:36:03 INFO SecurityManager: Changing view acls to: ***
[2024-10-24T14:36:03.494+0000] {spark_submit.py:524} INFO - 24/10/24 14:36:03 INFO SecurityManager: Changing modify acls to: ***
[2024-10-24T14:36:03.495+0000] {spark_submit.py:524} INFO - 24/10/24 14:36:03 INFO SecurityManager: Changing view acls groups to:
[2024-10-24T14:36:03.495+0000] {spark_submit.py:524} INFO - 24/10/24 14:36:03 INFO SecurityManager: Changing modify acls groups to:
[2024-10-24T14:36:03.496+0000] {spark_submit.py:524} INFO - 24/10/24 14:36:03 INFO SecurityManager: SecurityManager: authentication disabled; ui acls disabled; users with view permissions: ***; groups with view permissions: EMPTY; users with modify permissions: ***; groups with modify permissions: EMPTY
[2024-10-24T14:36:03.702+0000] {spark_submit.py:524} INFO - 24/10/24 14:36:03 INFO Utils: Successfully started service 'sparkDriver' on port 36817.
[2024-10-24T14:36:03.723+0000] {spark_submit.py:524} INFO - 24/10/24 14:36:03 INFO SparkEnv: Registering MapOutputTracker
[2024-10-24T14:36:03.751+0000] {spark_submit.py:524} INFO - 24/10/24 14:36:03 INFO SparkEnv: Registering BlockManagerMaster
[2024-10-24T14:36:03.770+0000] {spark_submit.py:524} INFO - 24/10/24 14:36:03 INFO BlockManagerMasterEndpoint: Using org.apache.spark.storage.DefaultTopologyMapper for getting topology information
[2024-10-24T14:36:03.770+0000] {spark_submit.py:524} INFO - 24/10/24 14:36:03 INFO BlockManagerMasterEndpoint: BlockManagerMasterEndpoint up
[2024-10-24T14:36:03.773+0000] {spark_submit.py:524} INFO - 24/10/24 14:36:03 INFO SparkEnv: Registering BlockManagerMasterHeartbeat
[2024-10-24T14:36:03.791+0000] {spark_submit.py:524} INFO - 24/10/24 14:36:03 INFO DiskBlockManager: Created local directory at /tmp/blockmgr-9ab6fb07-9a52-4eab-b7a6-a130137141fd
[2024-10-24T14:36:03.804+0000] {spark_submit.py:524} INFO - 24/10/24 14:36:03 INFO MemoryStore: MemoryStore started with capacity 434.4 MiB
[2024-10-24T14:36:03.818+0000] {spark_submit.py:524} INFO - 24/10/24 14:36:03 INFO SparkEnv: Registering OutputCommitCoordinator
[2024-10-24T14:36:03.949+0000] {spark_submit.py:524} INFO - 24/10/24 14:36:03 INFO JettyUtils: Start Jetty 0.0.0.0:4040 for SparkUI
[2024-10-24T14:36:03.996+0000] {spark_submit.py:524} INFO - 24/10/24 14:36:03 INFO Utils: Successfully started service 'SparkUI' on port 4040.
[2024-10-24T14:36:04.093+0000] {spark_submit.py:524} INFO - 24/10/24 14:36:04 INFO StandaloneAppClient$ClientEndpoint: Connecting to master spark://spark-master:7077...
[2024-10-24T14:36:04.135+0000] {spark_submit.py:524} INFO - 24/10/24 14:36:04 INFO TransportClientFactory: Successfully created connection to spark-master/172.18.0.2:7077 after 25 ms (0 ms spent in bootstraps)
[2024-10-24T14:36:04.215+0000] {spark_submit.py:524} INFO - 24/10/24 14:36:04 INFO StandaloneSchedulerBackend: Connected to Spark cluster with app ID app-20241024143604-0088
[2024-10-24T14:36:04.216+0000] {spark_submit.py:524} INFO - 24/10/24 14:36:04 INFO StandaloneAppClient$ClientEndpoint: Executor added: app-20241024143604-0088/0 on worker-20241024142308-172.18.0.5-43899 (172.18.0.5:43899) with 2 core(s)
[2024-10-24T14:36:04.217+0000] {spark_submit.py:524} INFO - 24/10/24 14:36:04 INFO StandaloneSchedulerBackend: Granted executor ID app-20241024143604-0088/0 on hostPort 172.18.0.5:43899 with 2 core(s), 1024.0 MiB RAM
[2024-10-24T14:36:04.223+0000] {spark_submit.py:524} INFO - 24/10/24 14:36:04 INFO Utils: Successfully started service 'org.apache.spark.network.netty.NettyBlockTransferService' on port 38321.
[2024-10-24T14:36:04.223+0000] {spark_submit.py:524} INFO - 24/10/24 14:36:04 INFO NettyBlockTransferService: Server created on 96f89615839b:38321
[2024-10-24T14:36:04.226+0000] {spark_submit.py:524} INFO - 24/10/24 14:36:04 INFO BlockManager: Using org.apache.spark.storage.RandomBlockReplicationPolicy for block replication policy
[2024-10-24T14:36:04.237+0000] {spark_submit.py:524} INFO - 24/10/24 14:36:04 INFO BlockManagerMaster: Registering BlockManager BlockManagerId(driver, 96f89615839b, 38321, None)
[2024-10-24T14:36:04.238+0000] {spark_submit.py:524} INFO - 24/10/24 14:36:04 INFO StandaloneAppClient$ClientEndpoint: Executor updated: app-20241024143604-0088/0 is now RUNNING
[2024-10-24T14:36:04.241+0000] {spark_submit.py:524} INFO - 24/10/24 14:36:04 INFO BlockManagerMasterEndpoint: Registering block manager 96f89615839b:38321 with 434.4 MiB RAM, BlockManagerId(driver, 96f89615839b, 38321, None)
[2024-10-24T14:36:04.243+0000] {spark_submit.py:524} INFO - 24/10/24 14:36:04 INFO BlockManagerMaster: Registered BlockManager BlockManagerId(driver, 96f89615839b, 38321, None)
[2024-10-24T14:36:04.245+0000] {spark_submit.py:524} INFO - 24/10/24 14:36:04 INFO BlockManager: Initialized BlockManager: BlockManagerId(driver, 96f89615839b, 38321, None)
[2024-10-24T14:36:04.542+0000] {spark_submit.py:524} INFO - 24/10/24 14:36:04 INFO StandaloneSchedulerBackend: SchedulerBackend is ready for scheduling beginning after reached minRegisteredResourcesRatio: 0.0
[2024-10-24T14:36:04.752+0000] {spark_submit.py:524} INFO - Hello from Spark!
[2024-10-24T14:36:04.753+0000] {spark_submit.py:524} INFO - 24/10/24 14:36:04 INFO SparkContext: SparkContext is stopping with exitCode 0.
[2024-10-24T14:36:04.765+0000] {spark_submit.py:524} INFO - 24/10/24 14:36:04 INFO SparkUI: Stopped Spark web UI at http://96f89615839b:4040
[2024-10-24T14:36:04.772+0000] {spark_submit.py:524} INFO - 24/10/24 14:36:04 INFO StandaloneSchedulerBackend: Shutting down all executors
[2024-10-24T14:36:04.778+0000] {spark_submit.py:524} INFO - 24/10/24 14:36:04 INFO StandaloneSchedulerBackend$StandaloneDriverEndpoint: Asking each executor to shut down
[2024-10-24T14:36:04.796+0000] {spark_submit.py:524} INFO - 24/10/24 14:36:04 INFO MapOutputTrackerMasterEndpoint: MapOutputTrackerMasterEndpoint stopped!
[2024-10-24T14:36:04.806+0000] {spark_submit.py:524} INFO - 24/10/24 14:36:04 INFO MemoryStore: MemoryStore cleared
[2024-10-24T14:36:04.806+0000] {spark_submit.py:524} INFO - 24/10/24 14:36:04 INFO BlockManager: BlockManager stopped
[2024-10-24T14:36:04.812+0000] {spark_submit.py:524} INFO - 24/10/24 14:36:04 INFO BlockManagerMaster: BlockManagerMaster stopped
[2024-10-24T14:36:04.815+0000] {spark_submit.py:524} INFO - 24/10/24 14:36:04 INFO OutputCommitCoordinator$OutputCommitCoordinatorEndpoint: OutputCommitCoordinator stopped!
[2024-10-24T14:36:04.824+0000] {spark_submit.py:524} INFO - 24/10/24 14:36:04 INFO SparkContext: Successfully stopped SparkContext
[2024-10-24T14:36:05.195+0000] {spark_submit.py:524} INFO - 24/10/24 14:36:05 INFO ShutdownHookManager: Shutdown hook called
[2024-10-24T14:36:05.196+0000] {spark_submit.py:524} INFO - 24/10/24 14:36:05 INFO ShutdownHookManager: Deleting directory /tmp/spark-a1b471ed-a285-4c5e-8583-a228ca9ba073
[2024-10-24T14:36:05.201+0000] {spark_submit.py:524} INFO - 24/10/24 14:36:05 INFO ShutdownHookManager: Deleting directory /tmp/spark-9106624c-047b-47b3-98c4-c1a7f0bcdecd/pyspark-b3898a8d-f71c-4d41-8f37-461b98c46bf6
[2024-10-24T14:36:05.206+0000] {spark_submit.py:524} INFO - 24/10/24 14:36:05 INFO ShutdownHookManager: Deleting directory /tmp/spark-9106624c-047b-47b3-98c4-c1a7f0bcdecd
[2024-10-24T14:36:05.274+0000] {taskinstance.py:1398} INFO - Marking task as SUCCESS. dag_id=api_openbrewerydb_to_silver_gold, task_id=Silver, execution_date=20231204T080000, start_date=20241024T143600, end_date=20241024T143605
[2024-10-24T14:36:05.308+0000] {local_task_job_runner.py:228} INFO - Task exited with return code 0
[2024-10-24T14:36:05.330+0000] {taskinstance.py:2776} INFO - 1 downstream tasks scheduled from follow-on schedule check
