[2024-10-24T18:20:32.667+0000] {taskinstance.py:1157} INFO - Dependencies all met for dep_context=non-requeueable deps ti=<TaskInstance: api_openbrewerydb_to_silver_gold.Gold manual__2024-10-24T18:20:16.429063+00:00 [queued]>
[2024-10-24T18:20:32.674+0000] {taskinstance.py:1157} INFO - Dependencies all met for dep_context=requeueable deps ti=<TaskInstance: api_openbrewerydb_to_silver_gold.Gold manual__2024-10-24T18:20:16.429063+00:00 [queued]>
[2024-10-24T18:20:32.675+0000] {taskinstance.py:1359} INFO - Starting attempt 1 of 2
[2024-10-24T18:20:32.685+0000] {taskinstance.py:1380} INFO - Executing <Task(SparkSubmitOperator): Gold> on 2024-10-24 18:20:16.429063+00:00
[2024-10-24T18:20:32.689+0000] {standard_task_runner.py:57} INFO - Started process 1356 to run task
[2024-10-24T18:20:32.691+0000] {standard_task_runner.py:84} INFO - Running: ['***', 'tasks', 'run', 'api_openbrewerydb_to_silver_gold', 'Gold', 'manual__2024-10-24T18:20:16.429063+00:00', '--job-id', '179', '--raw', '--subdir', 'DAGS_FOLDER/api_openbrewerydb_to_silver.py', '--cfg-path', '/tmp/tmpxgmogq22']
[2024-10-24T18:20:32.693+0000] {standard_task_runner.py:85} INFO - Job 179: Subtask Gold
[2024-10-24T18:20:32.737+0000] {task_command.py:415} INFO - Running <TaskInstance: api_openbrewerydb_to_silver_gold.Gold manual__2024-10-24T18:20:16.429063+00:00 [running]> on host f55139681ae8
[2024-10-24T18:20:32.817+0000] {taskinstance.py:1660} INFO - Exporting env vars: AIRFLOW_CTX_DAG_OWNER='Rodrigo Araujo' AIRFLOW_CTX_DAG_ID='api_openbrewerydb_to_silver_gold' AIRFLOW_CTX_TASK_ID='Gold' AIRFLOW_CTX_EXECUTION_DATE='2024-10-24T18:20:16.429063+00:00' AIRFLOW_CTX_TRY_NUMBER='1' AIRFLOW_CTX_DAG_RUN_ID='manual__2024-10-24T18:20:16.429063+00:00'
[2024-10-24T18:20:32.828+0000] {base.py:73} INFO - Using connection ID 'spark-conn' for task execution.
[2024-10-24T18:20:32.828+0000] {spark_submit.py:363} INFO - Spark-Submit cmd: spark-submit --master spark://spark-master:7077 --name arrow-spark jobs/gold/api_openbrewerydb.py
[2024-10-24T18:20:35.771+0000] {spark_submit.py:524} INFO - 24/10/24 18:20:35 INFO SparkContext: Running Spark version 3.5.0
[2024-10-24T18:20:35.773+0000] {spark_submit.py:524} INFO - 24/10/24 18:20:35 INFO SparkContext: OS info Linux, 5.15.0-124-generic, amd64
[2024-10-24T18:20:35.774+0000] {spark_submit.py:524} INFO - 24/10/24 18:20:35 INFO SparkContext: Java version 17.0.13
[2024-10-24T18:20:35.836+0000] {spark_submit.py:524} INFO - 24/10/24 18:20:35 WARN NativeCodeLoader: Unable to load native-hadoop library for your platform... using builtin-java classes where applicable
[2024-10-24T18:20:35.925+0000] {spark_submit.py:524} INFO - 24/10/24 18:20:35 INFO ResourceUtils: ==============================================================
[2024-10-24T18:20:35.926+0000] {spark_submit.py:524} INFO - 24/10/24 18:20:35 INFO ResourceUtils: No custom resources configured for spark.driver.
[2024-10-24T18:20:35.926+0000] {spark_submit.py:524} INFO - 24/10/24 18:20:35 INFO ResourceUtils: ==============================================================
[2024-10-24T18:20:35.927+0000] {spark_submit.py:524} INFO - 24/10/24 18:20:35 INFO SparkContext: Submitted application: IngestaoSilver
[2024-10-24T18:20:35.945+0000] {spark_submit.py:524} INFO - 24/10/24 18:20:35 INFO ResourceProfile: Default ResourceProfile created, executor resources: Map(memory -> name: memory, amount: 1024, script: , vendor: , offHeap -> name: offHeap, amount: 0, script: , vendor: ), task resources: Map(cpus -> name: cpus, amount: 1.0)
[2024-10-24T18:20:35.953+0000] {spark_submit.py:524} INFO - 24/10/24 18:20:35 INFO ResourceProfile: Limiting resource is cpu
[2024-10-24T18:20:35.954+0000] {spark_submit.py:524} INFO - 24/10/24 18:20:35 INFO ResourceProfileManager: Added ResourceProfile id: 0
[2024-10-24T18:20:36.002+0000] {spark_submit.py:524} INFO - 24/10/24 18:20:36 INFO SecurityManager: Changing view acls to: root
[2024-10-24T18:20:36.003+0000] {spark_submit.py:524} INFO - 24/10/24 18:20:36 INFO SecurityManager: Changing modify acls to: root
[2024-10-24T18:20:36.004+0000] {spark_submit.py:524} INFO - 24/10/24 18:20:36 INFO SecurityManager: Changing view acls groups to:
[2024-10-24T18:20:36.004+0000] {spark_submit.py:524} INFO - 24/10/24 18:20:36 INFO SecurityManager: Changing modify acls groups to:
[2024-10-24T18:20:36.005+0000] {spark_submit.py:524} INFO - 24/10/24 18:20:36 INFO SecurityManager: SecurityManager: authentication disabled; ui acls disabled; users with view permissions: root; groups with view permissions: EMPTY; users with modify permissions: root; groups with modify permissions: EMPTY
[2024-10-24T18:20:36.261+0000] {spark_submit.py:524} INFO - 24/10/24 18:20:36 INFO Utils: Successfully started service 'sparkDriver' on port 36993.
[2024-10-24T18:20:36.285+0000] {spark_submit.py:524} INFO - 24/10/24 18:20:36 INFO SparkEnv: Registering MapOutputTracker
[2024-10-24T18:20:36.315+0000] {spark_submit.py:524} INFO - 24/10/24 18:20:36 INFO SparkEnv: Registering BlockManagerMaster
[2024-10-24T18:20:36.331+0000] {spark_submit.py:524} INFO - 24/10/24 18:20:36 INFO BlockManagerMasterEndpoint: Using org.apache.spark.storage.DefaultTopologyMapper for getting topology information
[2024-10-24T18:20:36.332+0000] {spark_submit.py:524} INFO - 24/10/24 18:20:36 INFO BlockManagerMasterEndpoint: BlockManagerMasterEndpoint up
[2024-10-24T18:20:36.335+0000] {spark_submit.py:524} INFO - 24/10/24 18:20:36 INFO SparkEnv: Registering BlockManagerMasterHeartbeat
[2024-10-24T18:20:36.352+0000] {spark_submit.py:524} INFO - 24/10/24 18:20:36 INFO DiskBlockManager: Created local directory at /tmp/blockmgr-09b2ba5b-57d5-47d3-a19d-d73368f0ee16
[2024-10-24T18:20:36.365+0000] {spark_submit.py:524} INFO - 24/10/24 18:20:36 INFO MemoryStore: MemoryStore started with capacity 434.4 MiB
[2024-10-24T18:20:36.379+0000] {spark_submit.py:524} INFO - 24/10/24 18:20:36 INFO SparkEnv: Registering OutputCommitCoordinator
[2024-10-24T18:20:36.487+0000] {spark_submit.py:524} INFO - 24/10/24 18:20:36 INFO JettyUtils: Start Jetty 0.0.0.0:4040 for SparkUI
[2024-10-24T18:20:36.534+0000] {spark_submit.py:524} INFO - 24/10/24 18:20:36 INFO Utils: Successfully started service 'SparkUI' on port 4040.
[2024-10-24T18:20:36.642+0000] {spark_submit.py:524} INFO - 24/10/24 18:20:36 INFO StandaloneAppClient$ClientEndpoint: Connecting to master spark://spark-master:7077...
[2024-10-24T18:20:36.678+0000] {spark_submit.py:524} INFO - 24/10/24 18:20:36 INFO TransportClientFactory: Successfully created connection to spark-master/172.18.0.3:7077 after 19 ms (0 ms spent in bootstraps)
[2024-10-24T18:20:36.753+0000] {spark_submit.py:524} INFO - 24/10/24 18:20:36 INFO StandaloneSchedulerBackend: Connected to Spark cluster with app ID app-20241024182036-0005
[2024-10-24T18:20:36.760+0000] {spark_submit.py:524} INFO - 24/10/24 18:20:36 INFO StandaloneAppClient$ClientEndpoint: Executor added: app-20241024182036-0005/0 on worker-20241024181336-172.18.0.5-36873 (172.18.0.5:36873) with 2 core(s)
[2024-10-24T18:20:36.760+0000] {spark_submit.py:524} INFO - 24/10/24 18:20:36 INFO StandaloneSchedulerBackend: Granted executor ID app-20241024182036-0005/0 on hostPort 172.18.0.5:36873 with 2 core(s), 1024.0 MiB RAM
[2024-10-24T18:20:36.767+0000] {spark_submit.py:524} INFO - 24/10/24 18:20:36 INFO Utils: Successfully started service 'org.apache.spark.network.netty.NettyBlockTransferService' on port 34957.
[2024-10-24T18:20:36.767+0000] {spark_submit.py:524} INFO - 24/10/24 18:20:36 INFO NettyBlockTransferService: Server created on f55139681ae8:34957
[2024-10-24T18:20:36.769+0000] {spark_submit.py:524} INFO - 24/10/24 18:20:36 INFO BlockManager: Using org.apache.spark.storage.RandomBlockReplicationPolicy for block replication policy
[2024-10-24T18:20:36.779+0000] {spark_submit.py:524} INFO - 24/10/24 18:20:36 INFO BlockManagerMaster: Registering BlockManager BlockManagerId(driver, f55139681ae8, 34957, None)
[2024-10-24T18:20:36.784+0000] {spark_submit.py:524} INFO - 24/10/24 18:20:36 INFO BlockManagerMasterEndpoint: Registering block manager f55139681ae8:34957 with 434.4 MiB RAM, BlockManagerId(driver, f55139681ae8, 34957, None)
[2024-10-24T18:20:36.790+0000] {spark_submit.py:524} INFO - 24/10/24 18:20:36 INFO BlockManagerMaster: Registered BlockManager BlockManagerId(driver, f55139681ae8, 34957, None)
[2024-10-24T18:20:36.792+0000] {spark_submit.py:524} INFO - 24/10/24 18:20:36 INFO BlockManager: Initialized BlockManager: BlockManagerId(driver, f55139681ae8, 34957, None)
[2024-10-24T18:20:36.802+0000] {spark_submit.py:524} INFO - 24/10/24 18:20:36 INFO StandaloneAppClient$ClientEndpoint: Executor updated: app-20241024182036-0005/0 is now RUNNING
[2024-10-24T18:20:37.008+0000] {spark_submit.py:524} INFO - 24/10/24 18:20:37 INFO StandaloneSchedulerBackend: SchedulerBackend is ready for scheduling beginning after reached minRegisteredResourcesRatio: 0.0
[2024-10-24T18:20:37.212+0000] {spark_submit.py:524} INFO - Hello from Spark!
[2024-10-24T18:20:37.213+0000] {spark_submit.py:524} INFO - 24/10/24 18:20:37 INFO SparkContext: SparkContext is stopping with exitCode 0.
[2024-10-24T18:20:37.222+0000] {spark_submit.py:524} INFO - 24/10/24 18:20:37 INFO SparkUI: Stopped Spark web UI at http://f55139681ae8:4040
[2024-10-24T18:20:37.227+0000] {spark_submit.py:524} INFO - 24/10/24 18:20:37 INFO StandaloneSchedulerBackend: Shutting down all executors
[2024-10-24T18:20:37.230+0000] {spark_submit.py:524} INFO - 24/10/24 18:20:37 INFO StandaloneSchedulerBackend$StandaloneDriverEndpoint: Asking each executor to shut down
[2024-10-24T18:20:37.246+0000] {spark_submit.py:524} INFO - 24/10/24 18:20:37 INFO MapOutputTrackerMasterEndpoint: MapOutputTrackerMasterEndpoint stopped!
[2024-10-24T18:20:37.267+0000] {spark_submit.py:524} INFO - 24/10/24 18:20:37 INFO MemoryStore: MemoryStore cleared
[2024-10-24T18:20:37.268+0000] {spark_submit.py:524} INFO - 24/10/24 18:20:37 INFO BlockManager: BlockManager stopped
[2024-10-24T18:20:37.275+0000] {spark_submit.py:524} INFO - 24/10/24 18:20:37 INFO BlockManagerMaster: BlockManagerMaster stopped
[2024-10-24T18:20:37.295+0000] {spark_submit.py:524} INFO - 24/10/24 18:20:37 INFO OutputCommitCoordinator$OutputCommitCoordinatorEndpoint: OutputCommitCoordinator stopped!
[2024-10-24T18:20:37.333+0000] {spark_submit.py:524} INFO - 24/10/24 18:20:37 INFO SparkContext: Successfully stopped SparkContext
[2024-10-24T18:20:37.669+0000] {spark_submit.py:524} INFO - 24/10/24 18:20:37 INFO ShutdownHookManager: Shutdown hook called
[2024-10-24T18:20:37.670+0000] {spark_submit.py:524} INFO - 24/10/24 18:20:37 INFO ShutdownHookManager: Deleting directory /tmp/spark-c3b152d4-b789-4513-8bdc-5a64f112d99f
[2024-10-24T18:20:37.674+0000] {spark_submit.py:524} INFO - 24/10/24 18:20:37 INFO ShutdownHookManager: Deleting directory /tmp/spark-6ca5f8ee-7f1f-486b-bb2f-71832efea310
[2024-10-24T18:20:37.678+0000] {spark_submit.py:524} INFO - 24/10/24 18:20:37 INFO ShutdownHookManager: Deleting directory /tmp/spark-6ca5f8ee-7f1f-486b-bb2f-71832efea310/pyspark-c8282261-eea0-462c-a9da-13eda8dafb07
[2024-10-24T18:20:37.734+0000] {taskinstance.py:1398} INFO - Marking task as SUCCESS. dag_id=api_openbrewerydb_to_silver_gold, task_id=Gold, execution_date=20241024T182016, start_date=20241024T182032, end_date=20241024T182037
[2024-10-24T18:20:37.755+0000] {local_task_job_runner.py:228} INFO - Task exited with return code 0
[2024-10-24T18:20:37.772+0000] {taskinstance.py:2776} INFO - 0 downstream tasks scheduled from follow-on schedule check
