[2024-10-24T01:19:51.742+0000] {taskinstance.py:1157} INFO - Dependencies all met for dep_context=non-requeueable deps ti=<TaskInstance: api_openbrewerydb_to_silver_gold.Silver scheduled__2023-11-15T08:00:00+00:00 [queued]>
[2024-10-24T01:19:51.759+0000] {taskinstance.py:1157} INFO - Dependencies all met for dep_context=requeueable deps ti=<TaskInstance: api_openbrewerydb_to_silver_gold.Silver scheduled__2023-11-15T08:00:00+00:00 [queued]>
[2024-10-24T01:19:51.760+0000] {taskinstance.py:1359} INFO - Starting attempt 1 of 3
[2024-10-24T01:19:51.781+0000] {taskinstance.py:1380} INFO - Executing <Task(SparkSubmitOperator): Silver> on 2023-11-15 08:00:00+00:00
[2024-10-24T01:19:51.787+0000] {standard_task_runner.py:57} INFO - Started process 4248 to run task
[2024-10-24T01:19:51.791+0000] {standard_task_runner.py:84} INFO - Running: ['***', 'tasks', 'run', 'api_openbrewerydb_to_silver_gold', 'Silver', 'scheduled__2023-11-15T08:00:00+00:00', '--job-id', '90', '--raw', '--subdir', 'DAGS_FOLDER/api_openbrewerydb_to_silver.py', '--cfg-path', '/tmp/tmpa3mtflo4']
[2024-10-24T01:19:51.799+0000] {standard_task_runner.py:85} INFO - Job 90: Subtask Silver
[2024-10-24T01:19:51.899+0000] {task_command.py:415} INFO - Running <TaskInstance: api_openbrewerydb_to_silver_gold.Silver scheduled__2023-11-15T08:00:00+00:00 [running]> on host de5108c6da1d
[2024-10-24T01:19:52.128+0000] {taskinstance.py:1660} INFO - Exporting env vars: AIRFLOW_CTX_DAG_OWNER='Rodrigo Araujo' AIRFLOW_CTX_DAG_ID='api_openbrewerydb_to_silver_gold' AIRFLOW_CTX_TASK_ID='Silver' AIRFLOW_CTX_EXECUTION_DATE='2023-11-15T08:00:00+00:00' AIRFLOW_CTX_TRY_NUMBER='1' AIRFLOW_CTX_DAG_RUN_ID='scheduled__2023-11-15T08:00:00+00:00'
[2024-10-24T01:19:52.152+0000] {base.py:73} INFO - Using connection ID 'spark-conn' for task execution.
[2024-10-24T01:19:52.154+0000] {spark_submit.py:363} INFO - Spark-Submit cmd: spark-submit --master spark://spark-master:7077 --name arrow-spark --queue root.default jobs/silver/api_openbrewerydb.py
[2024-10-24T01:20:01.102+0000] {spark_submit.py:524} INFO - 24/10/24 01:20:01 INFO SparkContext: Running Spark version 3.5.3
[2024-10-24T01:20:01.109+0000] {spark_submit.py:524} INFO - 24/10/24 01:20:01 INFO SparkContext: OS info Linux, 5.15.0-124-generic, amd64
[2024-10-24T01:20:01.111+0000] {spark_submit.py:524} INFO - 24/10/24 01:20:01 INFO SparkContext: Java version 11.0.25
[2024-10-24T01:20:01.328+0000] {spark_submit.py:524} INFO - 24/10/24 01:20:01 WARN NativeCodeLoader: Unable to load native-hadoop library for your platform... using builtin-java classes where applicable
[2024-10-24T01:20:01.621+0000] {spark_submit.py:524} INFO - 24/10/24 01:20:01 INFO ResourceUtils: ==============================================================
[2024-10-24T01:20:01.623+0000] {spark_submit.py:524} INFO - 24/10/24 01:20:01 INFO ResourceUtils: No custom resources configured for spark.driver.
[2024-10-24T01:20:01.625+0000] {spark_submit.py:524} INFO - 24/10/24 01:20:01 INFO ResourceUtils: ==============================================================
[2024-10-24T01:20:01.626+0000] {spark_submit.py:524} INFO - 24/10/24 01:20:01 INFO SparkContext: Submitted application: IngestaoSilver
[2024-10-24T01:20:01.700+0000] {spark_submit.py:524} INFO - 24/10/24 01:20:01 INFO ResourceProfile: Default ResourceProfile created, executor resources: Map(memory -> name: memory, amount: 1024, script: , vendor: , offHeap -> name: offHeap, amount: 0, script: , vendor: ), task resources: Map(cpus -> name: cpus, amount: 1.0)
[2024-10-24T01:20:01.745+0000] {spark_submit.py:524} INFO - 24/10/24 01:20:01 INFO ResourceProfile: Limiting resource is cpu
[2024-10-24T01:20:01.747+0000] {spark_submit.py:524} INFO - 24/10/24 01:20:01 INFO ResourceProfileManager: Added ResourceProfile id: 0
[2024-10-24T01:20:01.894+0000] {spark_submit.py:524} INFO - 24/10/24 01:20:01 INFO SecurityManager: Changing view acls to: ***
[2024-10-24T01:20:01.896+0000] {spark_submit.py:524} INFO - 24/10/24 01:20:01 INFO SecurityManager: Changing modify acls to: ***
[2024-10-24T01:20:01.898+0000] {spark_submit.py:524} INFO - 24/10/24 01:20:01 INFO SecurityManager: Changing view acls groups to:
[2024-10-24T01:20:01.899+0000] {spark_submit.py:524} INFO - 24/10/24 01:20:01 INFO SecurityManager: Changing modify acls groups to:
[2024-10-24T01:20:01.901+0000] {spark_submit.py:524} INFO - 24/10/24 01:20:01 INFO SecurityManager: SecurityManager: authentication disabled; ui acls disabled; users with view permissions: ***; groups with view permissions: EMPTY; users with modify permissions: ***; groups with modify permissions: EMPTY
[2024-10-24T01:20:02.542+0000] {spark_submit.py:524} INFO - 24/10/24 01:20:02 INFO Utils: Successfully started service 'sparkDriver' on port 33571.
[2024-10-24T01:20:02.609+0000] {spark_submit.py:524} INFO - 24/10/24 01:20:02 INFO SparkEnv: Registering MapOutputTracker
[2024-10-24T01:20:02.700+0000] {spark_submit.py:524} INFO - 24/10/24 01:20:02 INFO SparkEnv: Registering BlockManagerMaster
[2024-10-24T01:20:02.757+0000] {spark_submit.py:524} INFO - 24/10/24 01:20:02 INFO BlockManagerMasterEndpoint: Using org.apache.spark.storage.DefaultTopologyMapper for getting topology information
[2024-10-24T01:20:02.758+0000] {spark_submit.py:524} INFO - 24/10/24 01:20:02 INFO BlockManagerMasterEndpoint: BlockManagerMasterEndpoint up
[2024-10-24T01:20:02.766+0000] {spark_submit.py:524} INFO - 24/10/24 01:20:02 INFO SparkEnv: Registering BlockManagerMasterHeartbeat
[2024-10-24T01:20:02.817+0000] {spark_submit.py:524} INFO - 24/10/24 01:20:02 INFO DiskBlockManager: Created local directory at /tmp/blockmgr-3905dcf1-ce3b-447a-bf9e-9df91f18152d
[2024-10-24T01:20:02.853+0000] {spark_submit.py:524} INFO - 24/10/24 01:20:02 INFO MemoryStore: MemoryStore started with capacity 434.4 MiB
[2024-10-24T01:20:02.892+0000] {spark_submit.py:524} INFO - 24/10/24 01:20:02 INFO SparkEnv: Registering OutputCommitCoordinator
[2024-10-24T01:20:03.261+0000] {spark_submit.py:524} INFO - 24/10/24 01:20:03 INFO JettyUtils: Start Jetty 0.0.0.0:4040 for SparkUI
[2024-10-24T01:20:03.412+0000] {spark_submit.py:524} INFO - 24/10/24 01:20:03 INFO Utils: Successfully started service 'SparkUI' on port 4040.
[2024-10-24T01:20:03.700+0000] {spark_submit.py:524} INFO - 24/10/24 01:20:03 INFO StandaloneAppClient$ClientEndpoint: Connecting to master spark://spark-master:7077...
[2024-10-24T01:20:03.810+0000] {spark_submit.py:524} INFO - 24/10/24 01:20:03 INFO TransportClientFactory: Successfully created connection to spark-master/172.22.0.3:7077 after 63 ms (0 ms spent in bootstraps)
[2024-10-24T01:20:04.117+0000] {spark_submit.py:524} INFO - 24/10/24 01:20:04 INFO StandaloneSchedulerBackend: Connected to Spark cluster with app ID app-20241024012004-0021
[2024-10-24T01:20:04.179+0000] {spark_submit.py:524} INFO - 24/10/24 01:20:04 INFO StandaloneAppClient$ClientEndpoint: Executor added: app-20241024012004-0021/0 on worker-20241024010948-172.22.0.4-41535 (172.22.0.4:41535) with 2 core(s)
[2024-10-24T01:20:04.183+0000] {spark_submit.py:524} INFO - 24/10/24 01:20:04 INFO StandaloneSchedulerBackend: Granted executor ID app-20241024012004-0021/0 on hostPort 172.22.0.4:41535 with 2 core(s), 1024.0 MiB RAM
[2024-10-24T01:20:04.214+0000] {spark_submit.py:524} INFO - 24/10/24 01:20:04 INFO Utils: Successfully started service 'org.apache.spark.network.netty.NettyBlockTransferService' on port 42769.
[2024-10-24T01:20:04.215+0000] {spark_submit.py:524} INFO - 24/10/24 01:20:04 INFO NettyBlockTransferService: Server created on de5108c6da1d:42769
[2024-10-24T01:20:04.226+0000] {spark_submit.py:524} INFO - 24/10/24 01:20:04 INFO BlockManager: Using org.apache.spark.storage.RandomBlockReplicationPolicy for block replication policy
[2024-10-24T01:20:04.267+0000] {spark_submit.py:524} INFO - 24/10/24 01:20:04 INFO BlockManagerMaster: Registering BlockManager BlockManagerId(driver, de5108c6da1d, 42769, None)
[2024-10-24T01:20:04.277+0000] {spark_submit.py:524} INFO - 24/10/24 01:20:04 INFO BlockManagerMasterEndpoint: Registering block manager de5108c6da1d:42769 with 434.4 MiB RAM, BlockManagerId(driver, de5108c6da1d, 42769, None)
[2024-10-24T01:20:04.287+0000] {spark_submit.py:524} INFO - 24/10/24 01:20:04 INFO BlockManagerMaster: Registered BlockManager BlockManagerId(driver, de5108c6da1d, 42769, None)
[2024-10-24T01:20:04.292+0000] {spark_submit.py:524} INFO - 24/10/24 01:20:04 INFO BlockManager: Initialized BlockManager: BlockManagerId(driver, de5108c6da1d, 42769, None)
[2024-10-24T01:20:04.313+0000] {spark_submit.py:524} INFO - 24/10/24 01:20:04 INFO StandaloneAppClient$ClientEndpoint: Executor updated: app-20241024012004-0021/0 is now RUNNING
[2024-10-24T01:20:04.967+0000] {spark_submit.py:524} INFO - 24/10/24 01:20:04 INFO StandaloneSchedulerBackend: SchedulerBackend is ready for scheduling beginning after reached minRegisteredResourcesRatio: 0.0
[2024-10-24T01:20:05.549+0000] {spark_submit.py:524} INFO - Hello from Spark!
[2024-10-24T01:20:05.551+0000] {spark_submit.py:524} INFO - 24/10/24 01:20:05 INFO SparkContext: SparkContext is stopping with exitCode 0.
[2024-10-24T01:20:05.586+0000] {spark_submit.py:524} INFO - 24/10/24 01:20:05 INFO SparkUI: Stopped Spark web UI at http://de5108c6da1d:4040
[2024-10-24T01:20:05.613+0000] {spark_submit.py:524} INFO - 24/10/24 01:20:05 INFO StandaloneSchedulerBackend: Shutting down all executors
[2024-10-24T01:20:05.624+0000] {spark_submit.py:524} INFO - 24/10/24 01:20:05 INFO StandaloneSchedulerBackend$StandaloneDriverEndpoint: Asking each executor to shut down
[2024-10-24T01:20:05.703+0000] {spark_submit.py:524} INFO - 24/10/24 01:20:05 INFO MapOutputTrackerMasterEndpoint: MapOutputTrackerMasterEndpoint stopped!
[2024-10-24T01:20:05.787+0000] {spark_submit.py:524} INFO - 24/10/24 01:20:05 INFO MemoryStore: MemoryStore cleared
[2024-10-24T01:20:05.790+0000] {spark_submit.py:524} INFO - 24/10/24 01:20:05 INFO BlockManager: BlockManager stopped
[2024-10-24T01:20:05.807+0000] {spark_submit.py:524} INFO - 24/10/24 01:20:05 INFO BlockManagerMaster: BlockManagerMaster stopped
[2024-10-24T01:20:05.813+0000] {spark_submit.py:524} INFO - 24/10/24 01:20:05 INFO OutputCommitCoordinator$OutputCommitCoordinatorEndpoint: OutputCommitCoordinator stopped!
[2024-10-24T01:20:05.840+0000] {spark_submit.py:524} INFO - 24/10/24 01:20:05 INFO SparkContext: Successfully stopped SparkContext
[2024-10-24T01:20:06.138+0000] {spark_submit.py:524} INFO - 24/10/24 01:20:06 INFO ShutdownHookManager: Shutdown hook called
[2024-10-24T01:20:06.140+0000] {spark_submit.py:524} INFO - 24/10/24 01:20:06 INFO ShutdownHookManager: Deleting directory /tmp/spark-15fb62d2-cdff-4fca-a0b0-6a4431a44dda
[2024-10-24T01:20:06.146+0000] {spark_submit.py:524} INFO - 24/10/24 01:20:06 INFO ShutdownHookManager: Deleting directory /tmp/spark-72063e1a-df91-45f0-ab3a-a02104969ec9
[2024-10-24T01:20:06.151+0000] {spark_submit.py:524} INFO - 24/10/24 01:20:06 INFO ShutdownHookManager: Deleting directory /tmp/spark-72063e1a-df91-45f0-ab3a-a02104969ec9/pyspark-b82e44e8-84bf-4a19-bf42-0fd660103000
[2024-10-24T01:20:06.269+0000] {taskinstance.py:1398} INFO - Marking task as SUCCESS. dag_id=api_openbrewerydb_to_silver_gold, task_id=Silver, execution_date=20231115T080000, start_date=20241024T011951, end_date=20241024T012006
[2024-10-24T01:20:06.333+0000] {local_task_job_runner.py:228} INFO - Task exited with return code 0
[2024-10-24T01:20:06.372+0000] {taskinstance.py:2776} INFO - 1 downstream tasks scheduled from follow-on schedule check
