[2024-10-24T01:37:37.776+0000] {taskinstance.py:1157} INFO - Dependencies all met for dep_context=non-requeueable deps ti=<TaskInstance: api_openbrewerydb_to_silver_gold.Gold scheduled__2023-12-15T08:00:00+00:00 [queued]>
[2024-10-24T01:37:37.788+0000] {taskinstance.py:1157} INFO - Dependencies all met for dep_context=requeueable deps ti=<TaskInstance: api_openbrewerydb_to_silver_gold.Gold scheduled__2023-12-15T08:00:00+00:00 [queued]>
[2024-10-24T01:37:37.789+0000] {taskinstance.py:1359} INFO - Starting attempt 1 of 2
[2024-10-24T01:37:37.805+0000] {taskinstance.py:1380} INFO - Executing <Task(SparkSubmitOperator): Gold> on 2023-12-15 08:00:00+00:00
[2024-10-24T01:37:37.810+0000] {standard_task_runner.py:57} INFO - Started process 1153 to run task
[2024-10-24T01:37:37.813+0000] {standard_task_runner.py:84} INFO - Running: ['***', 'tasks', 'run', 'api_openbrewerydb_to_silver_gold', 'Gold', 'scheduled__2023-12-15T08:00:00+00:00', '--job-id', '164', '--raw', '--subdir', 'DAGS_FOLDER/api_openbrewerydb_to_silver.py', '--cfg-path', '/tmp/tmpyo88ad2n']
[2024-10-24T01:37:37.818+0000] {standard_task_runner.py:85} INFO - Job 164: Subtask Gold
[2024-10-24T01:37:37.881+0000] {task_command.py:415} INFO - Running <TaskInstance: api_openbrewerydb_to_silver_gold.Gold scheduled__2023-12-15T08:00:00+00:00 [running]> on host de5108c6da1d
[2024-10-24T01:37:37.985+0000] {taskinstance.py:1660} INFO - Exporting env vars: AIRFLOW_CTX_DAG_OWNER='Rodrigo Araujo' AIRFLOW_CTX_DAG_ID='api_openbrewerydb_to_silver_gold' AIRFLOW_CTX_TASK_ID='Gold' AIRFLOW_CTX_EXECUTION_DATE='2023-12-15T08:00:00+00:00' AIRFLOW_CTX_TRY_NUMBER='1' AIRFLOW_CTX_DAG_RUN_ID='scheduled__2023-12-15T08:00:00+00:00'
[2024-10-24T01:37:37.999+0000] {base.py:73} INFO - Using connection ID 'spark-conn' for task execution.
[2024-10-24T01:37:37.999+0000] {spark_submit.py:363} INFO - Spark-Submit cmd: spark-submit --master spark://spark-master:7077 --name arrow-spark --queue root.default jobs/gold/api_openbrewerydb.py
[2024-10-24T01:37:43.061+0000] {spark_submit.py:524} INFO - 24/10/24 01:37:43 INFO SparkContext: Running Spark version 3.5.3
[2024-10-24T01:37:43.064+0000] {spark_submit.py:524} INFO - 24/10/24 01:37:43 INFO SparkContext: OS info Linux, 5.15.0-124-generic, amd64
[2024-10-24T01:37:43.064+0000] {spark_submit.py:524} INFO - 24/10/24 01:37:43 INFO SparkContext: Java version 11.0.25
[2024-10-24T01:37:43.156+0000] {spark_submit.py:524} INFO - 24/10/24 01:37:43 WARN NativeCodeLoader: Unable to load native-hadoop library for your platform... using builtin-java classes where applicable
[2024-10-24T01:37:43.283+0000] {spark_submit.py:524} INFO - 24/10/24 01:37:43 INFO ResourceUtils: ==============================================================
[2024-10-24T01:37:43.283+0000] {spark_submit.py:524} INFO - 24/10/24 01:37:43 INFO ResourceUtils: No custom resources configured for spark.driver.
[2024-10-24T01:37:43.284+0000] {spark_submit.py:524} INFO - 24/10/24 01:37:43 INFO ResourceUtils: ==============================================================
[2024-10-24T01:37:43.284+0000] {spark_submit.py:524} INFO - 24/10/24 01:37:43 INFO SparkContext: Submitted application: IngestaoSilver
[2024-10-24T01:37:43.315+0000] {spark_submit.py:524} INFO - 24/10/24 01:37:43 INFO ResourceProfile: Default ResourceProfile created, executor resources: Map(memory -> name: memory, amount: 1024, script: , vendor: , offHeap -> name: offHeap, amount: 0, script: , vendor: ), task resources: Map(cpus -> name: cpus, amount: 1.0)
[2024-10-24T01:37:43.335+0000] {spark_submit.py:524} INFO - 24/10/24 01:37:43 INFO ResourceProfile: Limiting resource is cpu
[2024-10-24T01:37:43.336+0000] {spark_submit.py:524} INFO - 24/10/24 01:37:43 INFO ResourceProfileManager: Added ResourceProfile id: 0
[2024-10-24T01:37:43.402+0000] {spark_submit.py:524} INFO - 24/10/24 01:37:43 INFO SecurityManager: Changing view acls to: ***
[2024-10-24T01:37:43.403+0000] {spark_submit.py:524} INFO - 24/10/24 01:37:43 INFO SecurityManager: Changing modify acls to: ***
[2024-10-24T01:37:43.404+0000] {spark_submit.py:524} INFO - 24/10/24 01:37:43 INFO SecurityManager: Changing view acls groups to:
[2024-10-24T01:37:43.405+0000] {spark_submit.py:524} INFO - 24/10/24 01:37:43 INFO SecurityManager: Changing modify acls groups to:
[2024-10-24T01:37:43.406+0000] {spark_submit.py:524} INFO - 24/10/24 01:37:43 INFO SecurityManager: SecurityManager: authentication disabled; ui acls disabled; users with view permissions: ***; groups with view permissions: EMPTY; users with modify permissions: ***; groups with modify permissions: EMPTY
[2024-10-24T01:37:43.984+0000] {spark_submit.py:524} INFO - 24/10/24 01:37:43 INFO Utils: Successfully started service 'sparkDriver' on port 37855.
[2024-10-24T01:37:44.033+0000] {spark_submit.py:524} INFO - 24/10/24 01:37:44 INFO SparkEnv: Registering MapOutputTracker
[2024-10-24T01:37:44.097+0000] {spark_submit.py:524} INFO - 24/10/24 01:37:44 INFO SparkEnv: Registering BlockManagerMaster
[2024-10-24T01:37:44.141+0000] {spark_submit.py:524} INFO - 24/10/24 01:37:44 INFO BlockManagerMasterEndpoint: Using org.apache.spark.storage.DefaultTopologyMapper for getting topology information
[2024-10-24T01:37:44.142+0000] {spark_submit.py:524} INFO - 24/10/24 01:37:44 INFO BlockManagerMasterEndpoint: BlockManagerMasterEndpoint up
[2024-10-24T01:37:44.147+0000] {spark_submit.py:524} INFO - 24/10/24 01:37:44 INFO SparkEnv: Registering BlockManagerMasterHeartbeat
[2024-10-24T01:37:44.181+0000] {spark_submit.py:524} INFO - 24/10/24 01:37:44 INFO DiskBlockManager: Created local directory at /tmp/blockmgr-d79e6f8d-5a44-491e-a9a5-31d33a230a8e
[2024-10-24T01:37:44.204+0000] {spark_submit.py:524} INFO - 24/10/24 01:37:44 INFO MemoryStore: MemoryStore started with capacity 434.4 MiB
[2024-10-24T01:37:44.229+0000] {spark_submit.py:524} INFO - 24/10/24 01:37:44 INFO SparkEnv: Registering OutputCommitCoordinator
[2024-10-24T01:37:44.486+0000] {spark_submit.py:524} INFO - 24/10/24 01:37:44 INFO JettyUtils: Start Jetty 0.0.0.0:4040 for SparkUI
[2024-10-24T01:37:44.556+0000] {spark_submit.py:524} INFO - 24/10/24 01:37:44 WARN Utils: Service 'SparkUI' could not bind on port 4040. Attempting port 4041.
[2024-10-24T01:37:44.565+0000] {spark_submit.py:524} INFO - 24/10/24 01:37:44 INFO Utils: Successfully started service 'SparkUI' on port 4041.
[2024-10-24T01:37:44.718+0000] {spark_submit.py:524} INFO - 24/10/24 01:37:44 INFO StandaloneAppClient$ClientEndpoint: Connecting to master spark://spark-master:7077...
[2024-10-24T01:37:44.890+0000] {spark_submit.py:524} INFO - 24/10/24 01:37:44 INFO TransportClientFactory: Successfully created connection to spark-master/172.22.0.2:7077 after 116 ms (0 ms spent in bootstraps)
[2024-10-24T01:37:45.075+0000] {spark_submit.py:524} INFO - 24/10/24 01:37:45 INFO StandaloneSchedulerBackend: Connected to Spark cluster with app ID app-20241024013745-0007
[2024-10-24T01:37:45.095+0000] {spark_submit.py:524} INFO - 24/10/24 01:37:45 INFO Utils: Successfully started service 'org.apache.spark.network.netty.NettyBlockTransferService' on port 32791.
[2024-10-24T01:37:45.096+0000] {spark_submit.py:524} INFO - 24/10/24 01:37:45 INFO NettyBlockTransferService: Server created on de5108c6da1d:32791
[2024-10-24T01:37:45.098+0000] {spark_submit.py:524} INFO - 24/10/24 01:37:45 INFO BlockManager: Using org.apache.spark.storage.RandomBlockReplicationPolicy for block replication policy
[2024-10-24T01:37:45.116+0000] {spark_submit.py:524} INFO - 24/10/24 01:37:45 INFO BlockManagerMaster: Registering BlockManager BlockManagerId(driver, de5108c6da1d, 32791, None)
[2024-10-24T01:37:45.123+0000] {spark_submit.py:524} INFO - 24/10/24 01:37:45 INFO BlockManagerMasterEndpoint: Registering block manager de5108c6da1d:32791 with 434.4 MiB RAM, BlockManagerId(driver, de5108c6da1d, 32791, None)
[2024-10-24T01:37:45.129+0000] {spark_submit.py:524} INFO - 24/10/24 01:37:45 INFO BlockManagerMaster: Registered BlockManager BlockManagerId(driver, de5108c6da1d, 32791, None)
[2024-10-24T01:37:45.131+0000] {spark_submit.py:524} INFO - 24/10/24 01:37:45 INFO BlockManager: Initialized BlockManager: BlockManagerId(driver, de5108c6da1d, 32791, None)
[2024-10-24T01:37:45.718+0000] {spark_submit.py:524} INFO - 24/10/24 01:37:45 INFO StandaloneSchedulerBackend: SchedulerBackend is ready for scheduling beginning after reached minRegisteredResourcesRatio: 0.0
[2024-10-24T01:37:45.770+0000] {spark_submit.py:524} INFO - 24/10/24 01:37:45 INFO StandaloneAppClient$ClientEndpoint: Executor added: app-20241024013745-0007/0 on worker-20241024013655-172.22.0.4-42143 (172.22.0.4:42143) with 2 core(s)
[2024-10-24T01:37:45.782+0000] {spark_submit.py:524} INFO - 24/10/24 01:37:45 INFO StandaloneSchedulerBackend: Granted executor ID app-20241024013745-0007/0 on hostPort 172.22.0.4:42143 with 2 core(s), 1024.0 MiB RAM
[2024-10-24T01:37:45.866+0000] {spark_submit.py:524} INFO - 24/10/24 01:37:45 INFO StandaloneAppClient$ClientEndpoint: Executor updated: app-20241024013745-0007/0 is now RUNNING
[2024-10-24T01:37:46.157+0000] {spark_submit.py:524} INFO - Hello from Spark!
[2024-10-24T01:37:46.158+0000] {spark_submit.py:524} INFO - 24/10/24 01:37:46 INFO SparkContext: SparkContext is stopping with exitCode 0.
[2024-10-24T01:37:46.174+0000] {spark_submit.py:524} INFO - 24/10/24 01:37:46 INFO SparkUI: Stopped Spark web UI at http://de5108c6da1d:4041
[2024-10-24T01:37:46.182+0000] {spark_submit.py:524} INFO - 24/10/24 01:37:46 INFO StandaloneSchedulerBackend: Shutting down all executors
[2024-10-24T01:37:46.189+0000] {spark_submit.py:524} INFO - 24/10/24 01:37:46 INFO StandaloneSchedulerBackend$StandaloneDriverEndpoint: Asking each executor to shut down
[2024-10-24T01:37:46.222+0000] {spark_submit.py:524} INFO - 24/10/24 01:37:46 INFO MapOutputTrackerMasterEndpoint: MapOutputTrackerMasterEndpoint stopped!
[2024-10-24T01:37:46.280+0000] {spark_submit.py:524} INFO - 24/10/24 01:37:46 INFO MemoryStore: MemoryStore cleared
[2024-10-24T01:37:46.281+0000] {spark_submit.py:524} INFO - 24/10/24 01:37:46 INFO BlockManager: BlockManager stopped
[2024-10-24T01:37:46.290+0000] {spark_submit.py:524} INFO - 24/10/24 01:37:46 INFO BlockManagerMaster: BlockManagerMaster stopped
[2024-10-24T01:37:46.295+0000] {spark_submit.py:524} INFO - 24/10/24 01:37:46 INFO OutputCommitCoordinator$OutputCommitCoordinatorEndpoint: OutputCommitCoordinator stopped!
[2024-10-24T01:37:46.307+0000] {spark_submit.py:524} INFO - 24/10/24 01:37:46 INFO SparkContext: Successfully stopped SparkContext
[2024-10-24T01:37:46.890+0000] {spark_submit.py:524} INFO - 24/10/24 01:37:46 INFO ShutdownHookManager: Shutdown hook called
[2024-10-24T01:37:46.891+0000] {spark_submit.py:524} INFO - 24/10/24 01:37:46 INFO ShutdownHookManager: Deleting directory /tmp/spark-4388a007-1bcb-4f71-b8e6-642e7ef4616b
[2024-10-24T01:37:46.902+0000] {spark_submit.py:524} INFO - 24/10/24 01:37:46 INFO ShutdownHookManager: Deleting directory /tmp/spark-34728aa4-0959-4d3e-a633-0d18ce92e63a/pyspark-f692d49c-1552-4e42-8b89-15f40e46e95b
[2024-10-24T01:37:46.907+0000] {spark_submit.py:524} INFO - 24/10/24 01:37:46 INFO ShutdownHookManager: Deleting directory /tmp/spark-34728aa4-0959-4d3e-a633-0d18ce92e63a
[2024-10-24T01:37:47.003+0000] {taskinstance.py:1398} INFO - Marking task as SUCCESS. dag_id=api_openbrewerydb_to_silver_gold, task_id=Gold, execution_date=20231215T080000, start_date=20241024T013737, end_date=20241024T013747
[2024-10-24T01:37:47.028+0000] {local_task_job_runner.py:228} INFO - Task exited with return code 0
[2024-10-24T01:37:47.054+0000] {taskinstance.py:2776} INFO - 0 downstream tasks scheduled from follow-on schedule check
[2024-10-24T14:38:57.406+0000] {logging_mixin.py:151} INFO - Changing /opt/***/logs/dag_id=api_openbrewerydb_to_silver_gold/run_id=scheduled__2023-12-15T08:00:00+00:00/task_id=Gold permission to 509
[2024-10-24T14:38:57.407+0000] {logging_mixin.py:151} INFO - Failed to change /opt/***/logs/dag_id=api_openbrewerydb_to_silver_gold/run_id=scheduled__2023-12-15T08:00:00+00:00/task_id=Gold permission to 509: [Errno 1] Operation not permitted: '/opt/***/logs/dag_id=api_openbrewerydb_to_silver_gold/run_id=scheduled__2023-12-15T08:00:00+00:00/task_id=Gold'
[2024-10-24T14:38:57.469+0000] {logging_mixin.py:151} INFO - Changing /opt/***/logs/dag_id=api_openbrewerydb_to_silver_gold/run_id=scheduled__2023-12-15T08:00:00+00:00/task_id=Gold permission to 509
[2024-10-24T14:38:57.470+0000] {logging_mixin.py:151} INFO - Failed to change /opt/***/logs/dag_id=api_openbrewerydb_to_silver_gold/run_id=scheduled__2023-12-15T08:00:00+00:00/task_id=Gold permission to 509: [Errno 1] Operation not permitted: '/opt/***/logs/dag_id=api_openbrewerydb_to_silver_gold/run_id=scheduled__2023-12-15T08:00:00+00:00/task_id=Gold'
[2024-10-24T14:38:57.543+0000] {taskinstance.py:1157} INFO - Dependencies all met for dep_context=non-requeueable deps ti=<TaskInstance: api_openbrewerydb_to_silver_gold.Gold scheduled__2023-12-15T08:00:00+00:00 [queued]>
[2024-10-24T14:38:57.560+0000] {taskinstance.py:1157} INFO - Dependencies all met for dep_context=requeueable deps ti=<TaskInstance: api_openbrewerydb_to_silver_gold.Gold scheduled__2023-12-15T08:00:00+00:00 [queued]>
[2024-10-24T14:38:57.561+0000] {taskinstance.py:1359} INFO - Starting attempt 1 of 2
[2024-10-24T14:38:57.591+0000] {taskinstance.py:1380} INFO - Executing <Task(SparkSubmitOperator): Gold> on 2023-12-15 08:00:00+00:00
[2024-10-24T14:38:57.602+0000] {standard_task_runner.py:57} INFO - Started process 17922 to run task
[2024-10-24T14:38:57.606+0000] {standard_task_runner.py:84} INFO - Running: ['***', 'tasks', 'run', 'api_openbrewerydb_to_silver_gold', 'Gold', 'scheduled__2023-12-15T08:00:00+00:00', '--job-id', '116', '--raw', '--subdir', 'DAGS_FOLDER/api_openbrewerydb_to_silver.py', '--cfg-path', '/tmp/tmpyffo71xd']
[2024-10-24T14:38:57.616+0000] {standard_task_runner.py:85} INFO - Job 116: Subtask Gold
[2024-10-24T14:38:57.727+0000] {logging_mixin.py:151} INFO - Changing /opt/***/logs/dag_id=api_openbrewerydb_to_silver_gold/run_id=scheduled__2023-12-15T08:00:00+00:00/task_id=Gold permission to 509
[2024-10-24T14:38:57.727+0000] {logging_mixin.py:151} INFO - Failed to change /opt/***/logs/dag_id=api_openbrewerydb_to_silver_gold/run_id=scheduled__2023-12-15T08:00:00+00:00/task_id=Gold permission to 509: [Errno 1] Operation not permitted: '/opt/***/logs/dag_id=api_openbrewerydb_to_silver_gold/run_id=scheduled__2023-12-15T08:00:00+00:00/task_id=Gold'
[2024-10-24T14:38:57.729+0000] {task_command.py:415} INFO - Running <TaskInstance: api_openbrewerydb_to_silver_gold.Gold scheduled__2023-12-15T08:00:00+00:00 [running]> on host 96f89615839b
[2024-10-24T14:38:57.918+0000] {taskinstance.py:1660} INFO - Exporting env vars: AIRFLOW_CTX_DAG_OWNER='Rodrigo Araujo' AIRFLOW_CTX_DAG_ID='api_openbrewerydb_to_silver_gold' AIRFLOW_CTX_TASK_ID='Gold' AIRFLOW_CTX_EXECUTION_DATE='2023-12-15T08:00:00+00:00' AIRFLOW_CTX_TRY_NUMBER='1' AIRFLOW_CTX_DAG_RUN_ID='scheduled__2023-12-15T08:00:00+00:00'
[2024-10-24T14:38:57.948+0000] {base.py:73} INFO - Using connection ID 'spark-conn' for task execution.
[2024-10-24T14:38:57.950+0000] {spark_submit.py:363} INFO - Spark-Submit cmd: spark-submit --master spark://spark-master:7077 --name arrow-spark jobs/gold/api_openbrewerydb.py
[2024-10-24T14:39:06.908+0000] {spark_submit.py:524} INFO - 24/10/24 14:39:06 INFO SparkContext: Running Spark version 3.5.3
[2024-10-24T14:39:06.914+0000] {spark_submit.py:524} INFO - 24/10/24 14:39:06 INFO SparkContext: OS info Linux, 5.15.0-124-generic, amd64
[2024-10-24T14:39:06.916+0000] {spark_submit.py:524} INFO - 24/10/24 14:39:06 INFO SparkContext: Java version 11.0.25
[2024-10-24T14:39:07.128+0000] {spark_submit.py:524} INFO - 24/10/24 14:39:07 WARN NativeCodeLoader: Unable to load native-hadoop library for your platform... using builtin-java classes where applicable
[2024-10-24T14:39:07.393+0000] {spark_submit.py:524} INFO - 24/10/24 14:39:07 INFO ResourceUtils: ==============================================================
[2024-10-24T14:39:07.394+0000] {spark_submit.py:524} INFO - 24/10/24 14:39:07 INFO ResourceUtils: No custom resources configured for spark.driver.
[2024-10-24T14:39:07.394+0000] {spark_submit.py:524} INFO - 24/10/24 14:39:07 INFO ResourceUtils: ==============================================================
[2024-10-24T14:39:07.395+0000] {spark_submit.py:524} INFO - 24/10/24 14:39:07 INFO SparkContext: Submitted application: IngestaoSilver
[2024-10-24T14:39:07.449+0000] {spark_submit.py:524} INFO - 24/10/24 14:39:07 INFO ResourceProfile: Default ResourceProfile created, executor resources: Map(memory -> name: memory, amount: 1024, script: , vendor: , offHeap -> name: offHeap, amount: 0, script: , vendor: ), task resources: Map(cpus -> name: cpus, amount: 1.0)
[2024-10-24T14:39:07.488+0000] {spark_submit.py:524} INFO - 24/10/24 14:39:07 INFO ResourceProfile: Limiting resource is cpu
[2024-10-24T14:39:07.491+0000] {spark_submit.py:524} INFO - 24/10/24 14:39:07 INFO ResourceProfileManager: Added ResourceProfile id: 0
[2024-10-24T14:39:07.628+0000] {spark_submit.py:524} INFO - 24/10/24 14:39:07 INFO SecurityManager: Changing view acls to: ***
[2024-10-24T14:39:07.629+0000] {spark_submit.py:524} INFO - 24/10/24 14:39:07 INFO SecurityManager: Changing modify acls to: ***
[2024-10-24T14:39:07.631+0000] {spark_submit.py:524} INFO - 24/10/24 14:39:07 INFO SecurityManager: Changing view acls groups to:
[2024-10-24T14:39:07.631+0000] {spark_submit.py:524} INFO - 24/10/24 14:39:07 INFO SecurityManager: Changing modify acls groups to:
[2024-10-24T14:39:07.633+0000] {spark_submit.py:524} INFO - 24/10/24 14:39:07 INFO SecurityManager: SecurityManager: authentication disabled; ui acls disabled; users with view permissions: ***; groups with view permissions: EMPTY; users with modify permissions: ***; groups with modify permissions: EMPTY
[2024-10-24T14:39:08.196+0000] {spark_submit.py:524} INFO - 24/10/24 14:39:08 INFO Utils: Successfully started service 'sparkDriver' on port 35679.
[2024-10-24T14:39:08.253+0000] {spark_submit.py:524} INFO - 24/10/24 14:39:08 INFO SparkEnv: Registering MapOutputTracker
[2024-10-24T14:39:08.327+0000] {spark_submit.py:524} INFO - 24/10/24 14:39:08 INFO SparkEnv: Registering BlockManagerMaster
[2024-10-24T14:39:08.378+0000] {spark_submit.py:524} INFO - 24/10/24 14:39:08 INFO BlockManagerMasterEndpoint: Using org.apache.spark.storage.DefaultTopologyMapper for getting topology information
[2024-10-24T14:39:08.379+0000] {spark_submit.py:524} INFO - 24/10/24 14:39:08 INFO BlockManagerMasterEndpoint: BlockManagerMasterEndpoint up
[2024-10-24T14:39:08.387+0000] {spark_submit.py:524} INFO - 24/10/24 14:39:08 INFO SparkEnv: Registering BlockManagerMasterHeartbeat
[2024-10-24T14:39:08.429+0000] {spark_submit.py:524} INFO - 24/10/24 14:39:08 INFO DiskBlockManager: Created local directory at /tmp/blockmgr-03e0ef69-db09-47f4-95fe-e6e9c41240e6
[2024-10-24T14:39:08.467+0000] {spark_submit.py:524} INFO - 24/10/24 14:39:08 INFO MemoryStore: MemoryStore started with capacity 434.4 MiB
[2024-10-24T14:39:08.503+0000] {spark_submit.py:524} INFO - 24/10/24 14:39:08 INFO SparkEnv: Registering OutputCommitCoordinator
[2024-10-24T14:39:08.824+0000] {spark_submit.py:524} INFO - 24/10/24 14:39:08 INFO JettyUtils: Start Jetty 0.0.0.0:4040 for SparkUI
[2024-10-24T14:39:08.939+0000] {spark_submit.py:524} INFO - 24/10/24 14:39:08 INFO Utils: Successfully started service 'SparkUI' on port 4040.
[2024-10-24T14:39:09.223+0000] {spark_submit.py:524} INFO - 24/10/24 14:39:09 INFO StandaloneAppClient$ClientEndpoint: Connecting to master spark://spark-master:7077...
[2024-10-24T14:39:09.324+0000] {spark_submit.py:524} INFO - 24/10/24 14:39:09 INFO TransportClientFactory: Successfully created connection to spark-master/172.18.0.2:7077 after 60 ms (0 ms spent in bootstraps)
[2024-10-24T14:39:09.489+0000] {spark_submit.py:524} INFO - 24/10/24 14:39:09 INFO StandaloneSchedulerBackend: Connected to Spark cluster with app ID app-20241024143909-0111
[2024-10-24T14:39:09.492+0000] {spark_submit.py:524} INFO - 24/10/24 14:39:09 INFO StandaloneAppClient$ClientEndpoint: Executor added: app-20241024143909-0111/0 on worker-20241024142308-172.18.0.5-43899 (172.18.0.5:43899) with 2 core(s)
[2024-10-24T14:39:09.495+0000] {spark_submit.py:524} INFO - 24/10/24 14:39:09 INFO StandaloneSchedulerBackend: Granted executor ID app-20241024143909-0111/0 on hostPort 172.18.0.5:43899 with 2 core(s), 1024.0 MiB RAM
[2024-10-24T14:39:09.510+0000] {spark_submit.py:524} INFO - 24/10/24 14:39:09 INFO Utils: Successfully started service 'org.apache.spark.network.netty.NettyBlockTransferService' on port 36975.
[2024-10-24T14:39:09.510+0000] {spark_submit.py:524} INFO - 24/10/24 14:39:09 INFO NettyBlockTransferService: Server created on 96f89615839b:36975
[2024-10-24T14:39:09.514+0000] {spark_submit.py:524} INFO - 24/10/24 14:39:09 INFO BlockManager: Using org.apache.spark.storage.RandomBlockReplicationPolicy for block replication policy
[2024-10-24T14:39:09.532+0000] {spark_submit.py:524} INFO - 24/10/24 14:39:09 INFO BlockManagerMaster: Registering BlockManager BlockManagerId(driver, 96f89615839b, 36975, None)
[2024-10-24T14:39:09.540+0000] {spark_submit.py:524} INFO - 24/10/24 14:39:09 INFO BlockManagerMasterEndpoint: Registering block manager 96f89615839b:36975 with 434.4 MiB RAM, BlockManagerId(driver, 96f89615839b, 36975, None)
[2024-10-24T14:39:09.544+0000] {spark_submit.py:524} INFO - 24/10/24 14:39:09 INFO BlockManagerMaster: Registered BlockManager BlockManagerId(driver, 96f89615839b, 36975, None)
[2024-10-24T14:39:09.547+0000] {spark_submit.py:524} INFO - 24/10/24 14:39:09 INFO BlockManager: Initialized BlockManager: BlockManagerId(driver, 96f89615839b, 36975, None)
[2024-10-24T14:39:09.603+0000] {spark_submit.py:524} INFO - 24/10/24 14:39:09 INFO StandaloneAppClient$ClientEndpoint: Executor updated: app-20241024143909-0111/0 is now RUNNING
[2024-10-24T14:39:10.133+0000] {spark_submit.py:524} INFO - 24/10/24 14:39:10 INFO StandaloneSchedulerBackend: SchedulerBackend is ready for scheduling beginning after reached minRegisteredResourcesRatio: 0.0
[2024-10-24T14:39:10.513+0000] {spark_submit.py:524} INFO - Hello from Spark!
[2024-10-24T14:39:10.515+0000] {spark_submit.py:524} INFO - 24/10/24 14:39:10 INFO SparkContext: SparkContext is stopping with exitCode 0.
[2024-10-24T14:39:10.539+0000] {spark_submit.py:524} INFO - 24/10/24 14:39:10 INFO SparkUI: Stopped Spark web UI at http://96f89615839b:4040
[2024-10-24T14:39:10.548+0000] {spark_submit.py:524} INFO - 24/10/24 14:39:10 INFO StandaloneSchedulerBackend: Shutting down all executors
[2024-10-24T14:39:10.555+0000] {spark_submit.py:524} INFO - 24/10/24 14:39:10 INFO StandaloneSchedulerBackend$StandaloneDriverEndpoint: Asking each executor to shut down
[2024-10-24T14:39:10.584+0000] {spark_submit.py:524} INFO - 24/10/24 14:39:10 INFO MapOutputTrackerMasterEndpoint: MapOutputTrackerMasterEndpoint stopped!
[2024-10-24T14:39:10.608+0000] {spark_submit.py:524} INFO - 24/10/24 14:39:10 INFO MemoryStore: MemoryStore cleared
[2024-10-24T14:39:10.609+0000] {spark_submit.py:524} INFO - 24/10/24 14:39:10 INFO BlockManager: BlockManager stopped
[2024-10-24T14:39:10.620+0000] {spark_submit.py:524} INFO - 24/10/24 14:39:10 INFO BlockManagerMaster: BlockManagerMaster stopped
[2024-10-24T14:39:10.625+0000] {spark_submit.py:524} INFO - 24/10/24 14:39:10 INFO OutputCommitCoordinator$OutputCommitCoordinatorEndpoint: OutputCommitCoordinator stopped!
[2024-10-24T14:39:10.637+0000] {spark_submit.py:524} INFO - 24/10/24 14:39:10 INFO SparkContext: Successfully stopped SparkContext
[2024-10-24T14:39:10.760+0000] {spark_submit.py:524} INFO - 24/10/24 14:39:10 INFO ShutdownHookManager: Shutdown hook called
[2024-10-24T14:39:10.761+0000] {spark_submit.py:524} INFO - 24/10/24 14:39:10 INFO ShutdownHookManager: Deleting directory /tmp/spark-5ceda7f6-caa1-44a0-8f36-90142e616628
[2024-10-24T14:39:10.766+0000] {spark_submit.py:524} INFO - 24/10/24 14:39:10 INFO ShutdownHookManager: Deleting directory /tmp/spark-b1a3d2dd-01d3-4496-835e-0e3a6854b93a/pyspark-448a7052-e7f5-4492-bf79-0f272c90026e
[2024-10-24T14:39:10.772+0000] {spark_submit.py:524} INFO - 24/10/24 14:39:10 INFO ShutdownHookManager: Deleting directory /tmp/spark-b1a3d2dd-01d3-4496-835e-0e3a6854b93a
[2024-10-24T14:39:10.861+0000] {taskinstance.py:1398} INFO - Marking task as SUCCESS. dag_id=api_openbrewerydb_to_silver_gold, task_id=Gold, execution_date=20231215T080000, start_date=20241024T143857, end_date=20241024T143910
[2024-10-24T14:39:10.913+0000] {local_task_job_runner.py:228} INFO - Task exited with return code 0
[2024-10-24T14:39:10.944+0000] {taskinstance.py:2776} INFO - 0 downstream tasks scheduled from follow-on schedule check
