[2024-10-24T16:59:47.124+0000] {taskinstance.py:1157} INFO - Dependencies all met for dep_context=non-requeueable deps ti=<TaskInstance: api_openbrewerydb_to_silver_gold.Gold manual__2024-10-24T16:59:30.460980+00:00 [queued]>
[2024-10-24T16:59:47.133+0000] {taskinstance.py:1157} INFO - Dependencies all met for dep_context=requeueable deps ti=<TaskInstance: api_openbrewerydb_to_silver_gold.Gold manual__2024-10-24T16:59:30.460980+00:00 [queued]>
[2024-10-24T16:59:47.133+0000] {taskinstance.py:1359} INFO - Starting attempt 1 of 2
[2024-10-24T16:59:47.144+0000] {taskinstance.py:1380} INFO - Executing <Task(SparkSubmitOperator): Gold> on 2024-10-24 16:59:30.460980+00:00
[2024-10-24T16:59:47.149+0000] {standard_task_runner.py:57} INFO - Started process 1995 to run task
[2024-10-24T16:59:47.152+0000] {standard_task_runner.py:84} INFO - Running: ['***', 'tasks', 'run', 'api_openbrewerydb_to_silver_gold', 'Gold', 'manual__2024-10-24T16:59:30.460980+00:00', '--job-id', '151', '--raw', '--subdir', 'DAGS_FOLDER/api_openbrewerydb_to_silver.py', '--cfg-path', '/tmp/tmpv1yzud6g']
[2024-10-24T16:59:47.156+0000] {standard_task_runner.py:85} INFO - Job 151: Subtask Gold
[2024-10-24T16:59:47.204+0000] {task_command.py:415} INFO - Running <TaskInstance: api_openbrewerydb_to_silver_gold.Gold manual__2024-10-24T16:59:30.460980+00:00 [running]> on host e995fa603d7f
[2024-10-24T16:59:47.287+0000] {taskinstance.py:1660} INFO - Exporting env vars: AIRFLOW_CTX_DAG_OWNER='Rodrigo Araujo' AIRFLOW_CTX_DAG_ID='api_openbrewerydb_to_silver_gold' AIRFLOW_CTX_TASK_ID='Gold' AIRFLOW_CTX_EXECUTION_DATE='2024-10-24T16:59:30.460980+00:00' AIRFLOW_CTX_TRY_NUMBER='1' AIRFLOW_CTX_DAG_RUN_ID='manual__2024-10-24T16:59:30.460980+00:00'
[2024-10-24T16:59:47.299+0000] {base.py:73} INFO - Using connection ID 'spark-conn' for task execution.
[2024-10-24T16:59:47.300+0000] {spark_submit.py:363} INFO - Spark-Submit cmd: spark-submit --master spark://spark-master:7077 --name arrow-spark jobs/gold/api_openbrewerydb.py
[2024-10-24T16:59:50.681+0000] {spark_submit.py:524} INFO - 24/10/24 16:59:50 INFO SparkContext: Running Spark version 3.5.0
[2024-10-24T16:59:50.683+0000] {spark_submit.py:524} INFO - 24/10/24 16:59:50 INFO SparkContext: OS info Linux, 5.15.0-124-generic, amd64
[2024-10-24T16:59:50.683+0000] {spark_submit.py:524} INFO - 24/10/24 16:59:50 INFO SparkContext: Java version 17.0.13
[2024-10-24T16:59:50.735+0000] {spark_submit.py:524} INFO - 24/10/24 16:59:50 WARN NativeCodeLoader: Unable to load native-hadoop library for your platform... using builtin-java classes where applicable
[2024-10-24T16:59:50.813+0000] {spark_submit.py:524} INFO - 24/10/24 16:59:50 INFO ResourceUtils: ==============================================================
[2024-10-24T16:59:50.814+0000] {spark_submit.py:524} INFO - 24/10/24 16:59:50 INFO ResourceUtils: No custom resources configured for spark.driver.
[2024-10-24T16:59:50.814+0000] {spark_submit.py:524} INFO - 24/10/24 16:59:50 INFO ResourceUtils: ==============================================================
[2024-10-24T16:59:50.815+0000] {spark_submit.py:524} INFO - 24/10/24 16:59:50 INFO SparkContext: Submitted application: IngestaoSilver
[2024-10-24T16:59:50.834+0000] {spark_submit.py:524} INFO - 24/10/24 16:59:50 INFO ResourceProfile: Default ResourceProfile created, executor resources: Map(memory -> name: memory, amount: 1024, script: , vendor: , offHeap -> name: offHeap, amount: 0, script: , vendor: ), task resources: Map(cpus -> name: cpus, amount: 1.0)
[2024-10-24T16:59:50.844+0000] {spark_submit.py:524} INFO - 24/10/24 16:59:50 INFO ResourceProfile: Limiting resource is cpu
[2024-10-24T16:59:50.845+0000] {spark_submit.py:524} INFO - 24/10/24 16:59:50 INFO ResourceProfileManager: Added ResourceProfile id: 0
[2024-10-24T16:59:50.894+0000] {spark_submit.py:524} INFO - 24/10/24 16:59:50 INFO SecurityManager: Changing view acls to: ***
[2024-10-24T16:59:50.895+0000] {spark_submit.py:524} INFO - 24/10/24 16:59:50 INFO SecurityManager: Changing modify acls to: ***
[2024-10-24T16:59:50.895+0000] {spark_submit.py:524} INFO - 24/10/24 16:59:50 INFO SecurityManager: Changing view acls groups to:
[2024-10-24T16:59:50.896+0000] {spark_submit.py:524} INFO - 24/10/24 16:59:50 INFO SecurityManager: Changing modify acls groups to:
[2024-10-24T16:59:50.897+0000] {spark_submit.py:524} INFO - 24/10/24 16:59:50 INFO SecurityManager: SecurityManager: authentication disabled; ui acls disabled; users with view permissions: ***; groups with view permissions: EMPTY; users with modify permissions: ***; groups with modify permissions: EMPTY
[2024-10-24T16:59:51.096+0000] {spark_submit.py:524} INFO - 24/10/24 16:59:51 INFO Utils: Successfully started service 'sparkDriver' on port 39395.
[2024-10-24T16:59:51.116+0000] {spark_submit.py:524} INFO - 24/10/24 16:59:51 INFO SparkEnv: Registering MapOutputTracker
[2024-10-24T16:59:51.143+0000] {spark_submit.py:524} INFO - 24/10/24 16:59:51 INFO SparkEnv: Registering BlockManagerMaster
[2024-10-24T16:59:51.163+0000] {spark_submit.py:524} INFO - 24/10/24 16:59:51 INFO BlockManagerMasterEndpoint: Using org.apache.spark.storage.DefaultTopologyMapper for getting topology information
[2024-10-24T16:59:51.164+0000] {spark_submit.py:524} INFO - 24/10/24 16:59:51 INFO BlockManagerMasterEndpoint: BlockManagerMasterEndpoint up
[2024-10-24T16:59:51.168+0000] {spark_submit.py:524} INFO - 24/10/24 16:59:51 INFO SparkEnv: Registering BlockManagerMasterHeartbeat
[2024-10-24T16:59:51.186+0000] {spark_submit.py:524} INFO - 24/10/24 16:59:51 INFO DiskBlockManager: Created local directory at /tmp/blockmgr-38fad4bb-4a74-4e62-b0f5-7c348b188813
[2024-10-24T16:59:51.201+0000] {spark_submit.py:524} INFO - 24/10/24 16:59:51 INFO MemoryStore: MemoryStore started with capacity 434.4 MiB
[2024-10-24T16:59:51.222+0000] {spark_submit.py:524} INFO - 24/10/24 16:59:51 INFO SparkEnv: Registering OutputCommitCoordinator
[2024-10-24T16:59:51.368+0000] {spark_submit.py:524} INFO - 24/10/24 16:59:51 INFO JettyUtils: Start Jetty 0.0.0.0:4040 for SparkUI
[2024-10-24T16:59:51.462+0000] {spark_submit.py:524} INFO - 24/10/24 16:59:51 INFO Utils: Successfully started service 'SparkUI' on port 4040.
[2024-10-24T16:59:51.887+0000] {spark_submit.py:524} INFO - 24/10/24 16:59:51 INFO StandaloneAppClient$ClientEndpoint: Connecting to master spark://spark-master:7077...
[2024-10-24T16:59:51.940+0000] {spark_submit.py:524} INFO - 24/10/24 16:59:51 INFO TransportClientFactory: Successfully created connection to spark-master/172.18.0.2:7077 after 30 ms (0 ms spent in bootstraps)
[2024-10-24T16:59:52.032+0000] {spark_submit.py:524} INFO - 24/10/24 16:59:52 INFO StandaloneSchedulerBackend: Connected to Spark cluster with app ID app-20241024165952-0001
[2024-10-24T16:59:52.049+0000] {spark_submit.py:524} INFO - 24/10/24 16:59:52 INFO StandaloneAppClient$ClientEndpoint: Executor added: app-20241024165952-0001/0 on worker-20241024154855-172.18.0.5-43321 (172.18.0.5:43321) with 2 core(s)
[2024-10-24T16:59:52.053+0000] {spark_submit.py:524} INFO - 24/10/24 16:59:52 INFO StandaloneSchedulerBackend: Granted executor ID app-20241024165952-0001/0 on hostPort 172.18.0.5:43321 with 2 core(s), 1024.0 MiB RAM
[2024-10-24T16:59:52.065+0000] {spark_submit.py:524} INFO - 24/10/24 16:59:52 INFO Utils: Successfully started service 'org.apache.spark.network.netty.NettyBlockTransferService' on port 41455.
[2024-10-24T16:59:52.067+0000] {spark_submit.py:524} INFO - 24/10/24 16:59:52 INFO NettyBlockTransferService: Server created on e995fa603d7f:41455
[2024-10-24T16:59:52.070+0000] {spark_submit.py:524} INFO - 24/10/24 16:59:52 INFO BlockManager: Using org.apache.spark.storage.RandomBlockReplicationPolicy for block replication policy
[2024-10-24T16:59:52.091+0000] {spark_submit.py:524} INFO - 24/10/24 16:59:52 INFO BlockManagerMaster: Registering BlockManager BlockManagerId(driver, e995fa603d7f, 41455, None)
[2024-10-24T16:59:52.099+0000] {spark_submit.py:524} INFO - 24/10/24 16:59:52 INFO BlockManagerMasterEndpoint: Registering block manager e995fa603d7f:41455 with 434.4 MiB RAM, BlockManagerId(driver, e995fa603d7f, 41455, None)
[2024-10-24T16:59:52.105+0000] {spark_submit.py:524} INFO - 24/10/24 16:59:52 INFO BlockManagerMaster: Registered BlockManager BlockManagerId(driver, e995fa603d7f, 41455, None)
[2024-10-24T16:59:52.115+0000] {spark_submit.py:524} INFO - 24/10/24 16:59:52 INFO BlockManager: Initialized BlockManager: BlockManagerId(driver, e995fa603d7f, 41455, None)
[2024-10-24T16:59:52.139+0000] {spark_submit.py:524} INFO - 24/10/24 16:59:52 INFO StandaloneAppClient$ClientEndpoint: Executor updated: app-20241024165952-0001/0 is now RUNNING
[2024-10-24T16:59:52.633+0000] {spark_submit.py:524} INFO - 24/10/24 16:59:52 INFO StandaloneSchedulerBackend: SchedulerBackend is ready for scheduling beginning after reached minRegisteredResourcesRatio: 0.0
[2024-10-24T16:59:53.015+0000] {spark_submit.py:524} INFO - 24/10/24 16:59:53 INFO SparkContext: SparkContext is stopping with exitCode 0.
[2024-10-24T16:59:53.016+0000] {spark_submit.py:524} INFO - Hello from Spark!
[2024-10-24T16:59:53.037+0000] {spark_submit.py:524} INFO - 24/10/24 16:59:53 INFO SparkUI: Stopped Spark web UI at http://e995fa603d7f:4040
[2024-10-24T16:59:53.041+0000] {spark_submit.py:524} INFO - 24/10/24 16:59:53 INFO StandaloneSchedulerBackend: Shutting down all executors
[2024-10-24T16:59:53.047+0000] {spark_submit.py:524} INFO - 24/10/24 16:59:53 INFO StandaloneSchedulerBackend$StandaloneDriverEndpoint: Asking each executor to shut down
[2024-10-24T16:59:53.071+0000] {spark_submit.py:524} INFO - 24/10/24 16:59:53 INFO MapOutputTrackerMasterEndpoint: MapOutputTrackerMasterEndpoint stopped!
[2024-10-24T16:59:53.089+0000] {spark_submit.py:524} INFO - 24/10/24 16:59:53 INFO MemoryStore: MemoryStore cleared
[2024-10-24T16:59:53.090+0000] {spark_submit.py:524} INFO - 24/10/24 16:59:53 INFO BlockManager: BlockManager stopped
[2024-10-24T16:59:53.098+0000] {spark_submit.py:524} INFO - 24/10/24 16:59:53 INFO BlockManagerMaster: BlockManagerMaster stopped
[2024-10-24T16:59:53.103+0000] {spark_submit.py:524} INFO - 24/10/24 16:59:53 INFO OutputCommitCoordinator$OutputCommitCoordinatorEndpoint: OutputCommitCoordinator stopped!
[2024-10-24T16:59:53.124+0000] {spark_submit.py:524} INFO - 24/10/24 16:59:53 INFO SparkContext: Successfully stopped SparkContext
[2024-10-24T16:59:53.257+0000] {spark_submit.py:524} INFO - 24/10/24 16:59:53 INFO ShutdownHookManager: Shutdown hook called
[2024-10-24T16:59:53.258+0000] {spark_submit.py:524} INFO - 24/10/24 16:59:53 INFO ShutdownHookManager: Deleting directory /tmp/spark-235e1d47-4832-451c-877d-2fab63c58b60
[2024-10-24T16:59:53.264+0000] {spark_submit.py:524} INFO - 24/10/24 16:59:53 INFO ShutdownHookManager: Deleting directory /tmp/spark-710c40ca-236d-4547-99f9-7dff046a6667
[2024-10-24T16:59:53.269+0000] {spark_submit.py:524} INFO - 24/10/24 16:59:53 INFO ShutdownHookManager: Deleting directory /tmp/spark-710c40ca-236d-4547-99f9-7dff046a6667/pyspark-7aabcd39-447f-49dc-ac8a-d1731f6df710
[2024-10-24T16:59:53.350+0000] {taskinstance.py:1398} INFO - Marking task as SUCCESS. dag_id=api_openbrewerydb_to_silver_gold, task_id=Gold, execution_date=20241024T165930, start_date=20241024T165947, end_date=20241024T165953
[2024-10-24T16:59:53.387+0000] {local_task_job_runner.py:228} INFO - Task exited with return code 0
[2024-10-24T16:59:53.420+0000] {taskinstance.py:2776} INFO - 0 downstream tasks scheduled from follow-on schedule check
