[2024-10-24T17:11:56.917+0000] {taskinstance.py:1157} INFO - Dependencies all met for dep_context=non-requeueable deps ti=<TaskInstance: api_openbrewerydb_to_silver_gold.Gold manual__2024-10-24T17:11:40.342192+00:00 [queued]>
[2024-10-24T17:11:56.925+0000] {taskinstance.py:1157} INFO - Dependencies all met for dep_context=requeueable deps ti=<TaskInstance: api_openbrewerydb_to_silver_gold.Gold manual__2024-10-24T17:11:40.342192+00:00 [queued]>
[2024-10-24T17:11:56.925+0000] {taskinstance.py:1359} INFO - Starting attempt 1 of 2
[2024-10-24T17:11:56.935+0000] {taskinstance.py:1380} INFO - Executing <Task(SparkSubmitOperator): Gold> on 2024-10-24 17:11:40.342192+00:00
[2024-10-24T17:11:56.940+0000] {standard_task_runner.py:57} INFO - Started process 416 to run task
[2024-10-24T17:11:56.943+0000] {standard_task_runner.py:84} INFO - Running: ['***', 'tasks', 'run', 'api_openbrewerydb_to_silver_gold', 'Gold', 'manual__2024-10-24T17:11:40.342192+00:00', '--job-id', '158', '--raw', '--subdir', 'DAGS_FOLDER/api_openbrewerydb_to_silver.py', '--cfg-path', '/tmp/tmpuaa6fx_y']
[2024-10-24T17:11:56.948+0000] {standard_task_runner.py:85} INFO - Job 158: Subtask Gold
[2024-10-24T17:11:56.999+0000] {task_command.py:415} INFO - Running <TaskInstance: api_openbrewerydb_to_silver_gold.Gold manual__2024-10-24T17:11:40.342192+00:00 [running]> on host e995fa603d7f
[2024-10-24T17:11:57.081+0000] {taskinstance.py:1660} INFO - Exporting env vars: AIRFLOW_CTX_DAG_OWNER='Rodrigo Araujo' AIRFLOW_CTX_DAG_ID='api_openbrewerydb_to_silver_gold' AIRFLOW_CTX_TASK_ID='Gold' AIRFLOW_CTX_EXECUTION_DATE='2024-10-24T17:11:40.342192+00:00' AIRFLOW_CTX_TRY_NUMBER='1' AIRFLOW_CTX_DAG_RUN_ID='manual__2024-10-24T17:11:40.342192+00:00'
[2024-10-24T17:11:57.096+0000] {base.py:73} INFO - Using connection ID 'spark-conn' for task execution.
[2024-10-24T17:11:57.097+0000] {spark_submit.py:363} INFO - Spark-Submit cmd: spark-submit --master spark://spark-master:7077 --name arrow-spark jobs/gold/api_openbrewerydb.py
[2024-10-24T17:12:01.069+0000] {spark_submit.py:524} INFO - 24/10/24 17:12:01 INFO SparkContext: Running Spark version 3.5.0
[2024-10-24T17:12:01.071+0000] {spark_submit.py:524} INFO - 24/10/24 17:12:01 INFO SparkContext: OS info Linux, 5.15.0-124-generic, amd64
[2024-10-24T17:12:01.072+0000] {spark_submit.py:524} INFO - 24/10/24 17:12:01 INFO SparkContext: Java version 17.0.13
[2024-10-24T17:12:01.141+0000] {spark_submit.py:524} INFO - 24/10/24 17:12:01 WARN NativeCodeLoader: Unable to load native-hadoop library for your platform... using builtin-java classes where applicable
[2024-10-24T17:12:01.249+0000] {spark_submit.py:524} INFO - 24/10/24 17:12:01 INFO ResourceUtils: ==============================================================
[2024-10-24T17:12:01.250+0000] {spark_submit.py:524} INFO - 24/10/24 17:12:01 INFO ResourceUtils: No custom resources configured for spark.driver.
[2024-10-24T17:12:01.250+0000] {spark_submit.py:524} INFO - 24/10/24 17:12:01 INFO ResourceUtils: ==============================================================
[2024-10-24T17:12:01.251+0000] {spark_submit.py:524} INFO - 24/10/24 17:12:01 INFO SparkContext: Submitted application: IngestaoSilver
[2024-10-24T17:12:01.282+0000] {spark_submit.py:524} INFO - 24/10/24 17:12:01 INFO ResourceProfile: Default ResourceProfile created, executor resources: Map(memory -> name: memory, amount: 1024, script: , vendor: , offHeap -> name: offHeap, amount: 0, script: , vendor: ), task resources: Map(cpus -> name: cpus, amount: 1.0)
[2024-10-24T17:12:01.295+0000] {spark_submit.py:524} INFO - 24/10/24 17:12:01 INFO ResourceProfile: Limiting resource is cpu
[2024-10-24T17:12:01.296+0000] {spark_submit.py:524} INFO - 24/10/24 17:12:01 INFO ResourceProfileManager: Added ResourceProfile id: 0
[2024-10-24T17:12:01.366+0000] {spark_submit.py:524} INFO - 24/10/24 17:12:01 INFO SecurityManager: Changing view acls to: ***
[2024-10-24T17:12:01.367+0000] {spark_submit.py:524} INFO - 24/10/24 17:12:01 INFO SecurityManager: Changing modify acls to: ***
[2024-10-24T17:12:01.368+0000] {spark_submit.py:524} INFO - 24/10/24 17:12:01 INFO SecurityManager: Changing view acls groups to:
[2024-10-24T17:12:01.368+0000] {spark_submit.py:524} INFO - 24/10/24 17:12:01 INFO SecurityManager: Changing modify acls groups to:
[2024-10-24T17:12:01.369+0000] {spark_submit.py:524} INFO - 24/10/24 17:12:01 INFO SecurityManager: SecurityManager: authentication disabled; ui acls disabled; users with view permissions: ***; groups with view permissions: EMPTY; users with modify permissions: ***; groups with modify permissions: EMPTY
[2024-10-24T17:12:01.630+0000] {spark_submit.py:524} INFO - 24/10/24 17:12:01 INFO Utils: Successfully started service 'sparkDriver' on port 42375.
[2024-10-24T17:12:01.661+0000] {spark_submit.py:524} INFO - 24/10/24 17:12:01 INFO SparkEnv: Registering MapOutputTracker
[2024-10-24T17:12:01.691+0000] {spark_submit.py:524} INFO - 24/10/24 17:12:01 INFO SparkEnv: Registering BlockManagerMaster
[2024-10-24T17:12:01.711+0000] {spark_submit.py:524} INFO - 24/10/24 17:12:01 INFO BlockManagerMasterEndpoint: Using org.apache.spark.storage.DefaultTopologyMapper for getting topology information
[2024-10-24T17:12:01.712+0000] {spark_submit.py:524} INFO - 24/10/24 17:12:01 INFO BlockManagerMasterEndpoint: BlockManagerMasterEndpoint up
[2024-10-24T17:12:01.717+0000] {spark_submit.py:524} INFO - 24/10/24 17:12:01 INFO SparkEnv: Registering BlockManagerMasterHeartbeat
[2024-10-24T17:12:01.741+0000] {spark_submit.py:524} INFO - 24/10/24 17:12:01 INFO DiskBlockManager: Created local directory at /tmp/blockmgr-c1164511-fada-4a72-95e4-2ca4417913ad
[2024-10-24T17:12:01.757+0000] {spark_submit.py:524} INFO - 24/10/24 17:12:01 INFO MemoryStore: MemoryStore started with capacity 434.4 MiB
[2024-10-24T17:12:01.772+0000] {spark_submit.py:524} INFO - 24/10/24 17:12:01 INFO SparkEnv: Registering OutputCommitCoordinator
[2024-10-24T17:12:01.886+0000] {spark_submit.py:524} INFO - 24/10/24 17:12:01 INFO JettyUtils: Start Jetty 0.0.0.0:4040 for SparkUI
[2024-10-24T17:12:01.936+0000] {spark_submit.py:524} INFO - 24/10/24 17:12:01 INFO Utils: Successfully started service 'SparkUI' on port 4040.
[2024-10-24T17:12:02.065+0000] {spark_submit.py:524} INFO - 24/10/24 17:12:02 INFO StandaloneAppClient$ClientEndpoint: Connecting to master spark://spark-master:7077...
[2024-10-24T17:12:02.116+0000] {spark_submit.py:524} INFO - 24/10/24 17:12:02 INFO TransportClientFactory: Successfully created connection to spark-master/172.18.0.3:7077 after 27 ms (0 ms spent in bootstraps)
[2024-10-24T17:12:02.226+0000] {spark_submit.py:524} INFO - 24/10/24 17:12:02 INFO StandaloneSchedulerBackend: Connected to Spark cluster with app ID app-20241024171202-0001
[2024-10-24T17:12:02.230+0000] {spark_submit.py:524} INFO - 24/10/24 17:12:02 INFO StandaloneAppClient$ClientEndpoint: Executor added: app-20241024171202-0001/0 on worker-20241024170959-172.18.0.5-44329 (172.18.0.5:44329) with 2 core(s)
[2024-10-24T17:12:02.236+0000] {spark_submit.py:524} INFO - 24/10/24 17:12:02 INFO StandaloneSchedulerBackend: Granted executor ID app-20241024171202-0001/0 on hostPort 172.18.0.5:44329 with 2 core(s), 1024.0 MiB RAM
[2024-10-24T17:12:02.246+0000] {spark_submit.py:524} INFO - 24/10/24 17:12:02 INFO Utils: Successfully started service 'org.apache.spark.network.netty.NettyBlockTransferService' on port 32895.
[2024-10-24T17:12:02.246+0000] {spark_submit.py:524} INFO - 24/10/24 17:12:02 INFO NettyBlockTransferService: Server created on e995fa603d7f:32895
[2024-10-24T17:12:02.250+0000] {spark_submit.py:524} INFO - 24/10/24 17:12:02 INFO BlockManager: Using org.apache.spark.storage.RandomBlockReplicationPolicy for block replication policy
[2024-10-24T17:12:02.294+0000] {spark_submit.py:524} INFO - 24/10/24 17:12:02 INFO BlockManagerMaster: Registering BlockManager BlockManagerId(driver, e995fa603d7f, 32895, None)
[2024-10-24T17:12:02.304+0000] {spark_submit.py:524} INFO - 24/10/24 17:12:02 INFO BlockManagerMasterEndpoint: Registering block manager e995fa603d7f:32895 with 434.4 MiB RAM, BlockManagerId(driver, e995fa603d7f, 32895, None)
[2024-10-24T17:12:02.310+0000] {spark_submit.py:524} INFO - 24/10/24 17:12:02 INFO BlockManagerMaster: Registered BlockManager BlockManagerId(driver, e995fa603d7f, 32895, None)
[2024-10-24T17:12:02.320+0000] {spark_submit.py:524} INFO - 24/10/24 17:12:02 INFO BlockManager: Initialized BlockManager: BlockManagerId(driver, e995fa603d7f, 32895, None)
[2024-10-24T17:12:02.336+0000] {spark_submit.py:524} INFO - 24/10/24 17:12:02 INFO StandaloneAppClient$ClientEndpoint: Executor updated: app-20241024171202-0001/0 is now RUNNING
[2024-10-24T17:12:02.799+0000] {spark_submit.py:524} INFO - 24/10/24 17:12:02 INFO StandaloneSchedulerBackend: SchedulerBackend is ready for scheduling beginning after reached minRegisteredResourcesRatio: 0.0
[2024-10-24T17:12:03.369+0000] {spark_submit.py:524} INFO - Hello from Spark!
[2024-10-24T17:12:03.371+0000] {spark_submit.py:524} INFO - 24/10/24 17:12:03 INFO SparkContext: SparkContext is stopping with exitCode 0.
[2024-10-24T17:12:03.384+0000] {spark_submit.py:524} INFO - 24/10/24 17:12:03 INFO SparkUI: Stopped Spark web UI at http://e995fa603d7f:4040
[2024-10-24T17:12:03.388+0000] {spark_submit.py:524} INFO - 24/10/24 17:12:03 INFO StandaloneSchedulerBackend: Shutting down all executors
[2024-10-24T17:12:03.392+0000] {spark_submit.py:524} INFO - 24/10/24 17:12:03 INFO StandaloneSchedulerBackend$StandaloneDriverEndpoint: Asking each executor to shut down
[2024-10-24T17:12:03.418+0000] {spark_submit.py:524} INFO - 24/10/24 17:12:03 INFO MapOutputTrackerMasterEndpoint: MapOutputTrackerMasterEndpoint stopped!
[2024-10-24T17:12:03.450+0000] {spark_submit.py:524} INFO - 24/10/24 17:12:03 INFO MemoryStore: MemoryStore cleared
[2024-10-24T17:12:03.451+0000] {spark_submit.py:524} INFO - 24/10/24 17:12:03 INFO BlockManager: BlockManager stopped
[2024-10-24T17:12:03.464+0000] {spark_submit.py:524} INFO - 24/10/24 17:12:03 INFO BlockManagerMaster: BlockManagerMaster stopped
[2024-10-24T17:12:03.469+0000] {spark_submit.py:524} INFO - 24/10/24 17:12:03 INFO OutputCommitCoordinator$OutputCommitCoordinatorEndpoint: OutputCommitCoordinator stopped!
[2024-10-24T17:12:03.489+0000] {spark_submit.py:524} INFO - 24/10/24 17:12:03 INFO SparkContext: Successfully stopped SparkContext
[2024-10-24T17:12:03.937+0000] {spark_submit.py:524} INFO - 24/10/24 17:12:03 INFO ShutdownHookManager: Shutdown hook called
[2024-10-24T17:12:03.937+0000] {spark_submit.py:524} INFO - 24/10/24 17:12:03 INFO ShutdownHookManager: Deleting directory /tmp/spark-8ccac954-7909-47c3-832f-3beb14df3ec9/pyspark-67d3553c-f43b-4b88-9c65-c2f42357aab5
[2024-10-24T17:12:03.942+0000] {spark_submit.py:524} INFO - 24/10/24 17:12:03 INFO ShutdownHookManager: Deleting directory /tmp/spark-0e6b0070-6814-4538-8a1d-387b2eeecf83
[2024-10-24T17:12:03.947+0000] {spark_submit.py:524} INFO - 24/10/24 17:12:03 INFO ShutdownHookManager: Deleting directory /tmp/spark-8ccac954-7909-47c3-832f-3beb14df3ec9
[2024-10-24T17:12:04.019+0000] {taskinstance.py:1398} INFO - Marking task as SUCCESS. dag_id=api_openbrewerydb_to_silver_gold, task_id=Gold, execution_date=20241024T171140, start_date=20241024T171156, end_date=20241024T171204
[2024-10-24T17:12:04.063+0000] {local_task_job_runner.py:228} INFO - Task exited with return code 0
[2024-10-24T17:12:04.081+0000] {taskinstance.py:2776} INFO - 0 downstream tasks scheduled from follow-on schedule check
