[2024-10-24T01:35:28.958+0000] {taskinstance.py:1157} INFO - Dependencies all met for dep_context=non-requeueable deps ti=<TaskInstance: api_openbrewerydb_to_silver_gold.Silver scheduled__2023-11-25T08:00:00+00:00 [None]>
[2024-10-24T01:35:28.976+0000] {taskinstance.py:1157} INFO - Dependencies all met for dep_context=requeueable deps ti=<TaskInstance: api_openbrewerydb_to_silver_gold.Silver scheduled__2023-11-25T08:00:00+00:00 [None]>
[2024-10-24T01:35:28.976+0000] {taskinstance.py:1359} INFO - Starting attempt 2 of 3
[2024-10-24T01:35:29.000+0000] {taskinstance.py:1380} INFO - Executing <Task(SparkSubmitOperator): Silver> on 2023-11-25 08:00:00+00:00
[2024-10-24T01:35:29.008+0000] {standard_task_runner.py:57} INFO - Started process 10653 to run task
[2024-10-24T01:35:29.012+0000] {standard_task_runner.py:84} INFO - Running: ['***', 'tasks', 'run', 'api_openbrewerydb_to_silver_gold', 'Silver', 'scheduled__2023-11-25T08:00:00+00:00', '--job-id', '152', '--raw', '--subdir', 'DAGS_FOLDER/api_openbrewerydb_to_silver.py', '--cfg-path', '/tmp/tmp6bzexth6']
[2024-10-24T01:35:29.020+0000] {standard_task_runner.py:85} INFO - Job 152: Subtask Silver
[2024-10-24T01:35:29.141+0000] {task_command.py:415} INFO - Running <TaskInstance: api_openbrewerydb_to_silver_gold.Silver scheduled__2023-11-25T08:00:00+00:00 [running]> on host de5108c6da1d
[2024-10-24T01:35:29.341+0000] {taskinstance.py:1660} INFO - Exporting env vars: AIRFLOW_CTX_DAG_OWNER='Rodrigo Araujo' AIRFLOW_CTX_DAG_ID='api_openbrewerydb_to_silver_gold' AIRFLOW_CTX_TASK_ID='Silver' AIRFLOW_CTX_EXECUTION_DATE='2023-11-25T08:00:00+00:00' AIRFLOW_CTX_TRY_NUMBER='2' AIRFLOW_CTX_DAG_RUN_ID='scheduled__2023-11-25T08:00:00+00:00'
[2024-10-24T01:35:29.369+0000] {base.py:73} INFO - Using connection ID 'spark-conn' for task execution.
[2024-10-24T01:35:29.371+0000] {spark_submit.py:363} INFO - Spark-Submit cmd: spark-submit --master spark://spark-master:7077 --name arrow-spark --queue root.default jobs/silver/api_openbrewerydb.py
[2024-10-24T01:35:37.198+0000] {spark_submit.py:524} INFO - 24/10/24 01:35:37 INFO SparkContext: Running Spark version 3.5.3
[2024-10-24T01:35:37.203+0000] {spark_submit.py:524} INFO - 24/10/24 01:35:37 INFO SparkContext: OS info Linux, 5.15.0-124-generic, amd64
[2024-10-24T01:35:37.204+0000] {spark_submit.py:524} INFO - 24/10/24 01:35:37 INFO SparkContext: Java version 11.0.25
[2024-10-24T01:35:37.389+0000] {spark_submit.py:524} INFO - 24/10/24 01:35:37 WARN NativeCodeLoader: Unable to load native-hadoop library for your platform... using builtin-java classes where applicable
[2024-10-24T01:35:37.752+0000] {spark_submit.py:524} INFO - 24/10/24 01:35:37 INFO ResourceUtils: ==============================================================
[2024-10-24T01:35:37.753+0000] {spark_submit.py:524} INFO - 24/10/24 01:35:37 INFO ResourceUtils: No custom resources configured for spark.driver.
[2024-10-24T01:35:37.755+0000] {spark_submit.py:524} INFO - 24/10/24 01:35:37 INFO ResourceUtils: ==============================================================
[2024-10-24T01:35:37.757+0000] {spark_submit.py:524} INFO - 24/10/24 01:35:37 INFO SparkContext: Submitted application: IngestaoSilver
[2024-10-24T01:35:37.820+0000] {spark_submit.py:524} INFO - 24/10/24 01:35:37 INFO ResourceProfile: Default ResourceProfile created, executor resources: Map(memory -> name: memory, amount: 1024, script: , vendor: , offHeap -> name: offHeap, amount: 0, script: , vendor: ), task resources: Map(cpus -> name: cpus, amount: 1.0)
[2024-10-24T01:35:37.863+0000] {spark_submit.py:524} INFO - 24/10/24 01:35:37 INFO ResourceProfile: Limiting resource is cpu
[2024-10-24T01:35:37.865+0000] {spark_submit.py:524} INFO - 24/10/24 01:35:37 INFO ResourceProfileManager: Added ResourceProfile id: 0
[2024-10-24T01:35:38.015+0000] {spark_submit.py:524} INFO - 24/10/24 01:35:38 INFO SecurityManager: Changing view acls to: ***
[2024-10-24T01:35:38.021+0000] {spark_submit.py:524} INFO - 24/10/24 01:35:38 INFO SecurityManager: Changing modify acls to: ***
[2024-10-24T01:35:38.023+0000] {spark_submit.py:524} INFO - 24/10/24 01:35:38 INFO SecurityManager: Changing view acls groups to:
[2024-10-24T01:35:38.025+0000] {spark_submit.py:524} INFO - 24/10/24 01:35:38 INFO SecurityManager: Changing modify acls groups to:
[2024-10-24T01:35:38.026+0000] {spark_submit.py:524} INFO - 24/10/24 01:35:38 INFO SecurityManager: SecurityManager: authentication disabled; ui acls disabled; users with view permissions: ***; groups with view permissions: EMPTY; users with modify permissions: ***; groups with modify permissions: EMPTY
[2024-10-24T01:35:38.826+0000] {spark_submit.py:524} INFO - 24/10/24 01:35:38 INFO Utils: Successfully started service 'sparkDriver' on port 44939.
[2024-10-24T01:35:38.927+0000] {spark_submit.py:524} INFO - 24/10/24 01:35:38 INFO SparkEnv: Registering MapOutputTracker
[2024-10-24T01:35:39.053+0000] {spark_submit.py:524} INFO - 24/10/24 01:35:39 INFO SparkEnv: Registering BlockManagerMaster
[2024-10-24T01:35:39.113+0000] {spark_submit.py:524} INFO - 24/10/24 01:35:39 INFO BlockManagerMasterEndpoint: Using org.apache.spark.storage.DefaultTopologyMapper for getting topology information
[2024-10-24T01:35:39.116+0000] {spark_submit.py:524} INFO - 24/10/24 01:35:39 INFO BlockManagerMasterEndpoint: BlockManagerMasterEndpoint up
[2024-10-24T01:35:39.128+0000] {spark_submit.py:524} INFO - 24/10/24 01:35:39 INFO SparkEnv: Registering BlockManagerMasterHeartbeat
[2024-10-24T01:35:39.218+0000] {spark_submit.py:524} INFO - 24/10/24 01:35:39 INFO DiskBlockManager: Created local directory at /tmp/blockmgr-1b09396c-32e4-4c26-bfca-c7fc6ffad95c
[2024-10-24T01:35:39.259+0000] {spark_submit.py:524} INFO - 24/10/24 01:35:39 INFO MemoryStore: MemoryStore started with capacity 434.4 MiB
[2024-10-24T01:35:39.305+0000] {spark_submit.py:524} INFO - 24/10/24 01:35:39 INFO SparkEnv: Registering OutputCommitCoordinator
[2024-10-24T01:35:39.661+0000] {spark_submit.py:524} INFO - 24/10/24 01:35:39 INFO JettyUtils: Start Jetty 0.0.0.0:4040 for SparkUI
[2024-10-24T01:35:39.800+0000] {spark_submit.py:524} INFO - 24/10/24 01:35:39 INFO Utils: Successfully started service 'SparkUI' on port 4040.
[2024-10-24T01:35:40.128+0000] {spark_submit.py:524} INFO - 24/10/24 01:35:40 INFO StandaloneAppClient$ClientEndpoint: Connecting to master spark://spark-master:7077...
[2024-10-24T01:35:40.276+0000] {spark_submit.py:524} INFO - 24/10/24 01:35:40 INFO TransportClientFactory: Successfully created connection to spark-master/172.22.0.3:7077 after 79 ms (0 ms spent in bootstraps)
[2024-10-24T01:35:40.484+0000] {spark_submit.py:524} INFO - 24/10/24 01:35:40 INFO StandaloneSchedulerBackend: Connected to Spark cluster with app ID app-20241024013540-0051
[2024-10-24T01:35:40.488+0000] {spark_submit.py:524} INFO - 24/10/24 01:35:40 INFO StandaloneAppClient$ClientEndpoint: Executor added: app-20241024013540-0051/0 on worker-20241024010948-172.22.0.4-41535 (172.22.0.4:41535) with 2 core(s)
[2024-10-24T01:35:40.492+0000] {spark_submit.py:524} INFO - 24/10/24 01:35:40 INFO StandaloneSchedulerBackend: Granted executor ID app-20241024013540-0051/0 on hostPort 172.22.0.4:41535 with 2 core(s), 1024.0 MiB RAM
[2024-10-24T01:35:40.517+0000] {spark_submit.py:524} INFO - 24/10/24 01:35:40 INFO Utils: Successfully started service 'org.apache.spark.network.netty.NettyBlockTransferService' on port 38363.
[2024-10-24T01:35:40.517+0000] {spark_submit.py:524} INFO - 24/10/24 01:35:40 INFO NettyBlockTransferService: Server created on de5108c6da1d:38363
[2024-10-24T01:35:40.521+0000] {spark_submit.py:524} INFO - 24/10/24 01:35:40 INFO BlockManager: Using org.apache.spark.storage.RandomBlockReplicationPolicy for block replication policy
[2024-10-24T01:35:40.555+0000] {spark_submit.py:524} INFO - 24/10/24 01:35:40 INFO BlockManagerMaster: Registering BlockManager BlockManagerId(driver, de5108c6da1d, 38363, None)
[2024-10-24T01:35:40.564+0000] {spark_submit.py:524} INFO - 24/10/24 01:35:40 INFO BlockManagerMasterEndpoint: Registering block manager de5108c6da1d:38363 with 434.4 MiB RAM, BlockManagerId(driver, de5108c6da1d, 38363, None)
[2024-10-24T01:35:40.573+0000] {spark_submit.py:524} INFO - 24/10/24 01:35:40 INFO BlockManagerMaster: Registered BlockManager BlockManagerId(driver, de5108c6da1d, 38363, None)
[2024-10-24T01:35:40.581+0000] {spark_submit.py:524} INFO - 24/10/24 01:35:40 INFO BlockManager: Initialized BlockManager: BlockManagerId(driver, de5108c6da1d, 38363, None)
[2024-10-24T01:35:40.618+0000] {spark_submit.py:524} INFO - 24/10/24 01:35:40 INFO StandaloneAppClient$ClientEndpoint: Executor updated: app-20241024013540-0051/0 is now RUNNING
[2024-10-24T01:35:41.231+0000] {spark_submit.py:524} INFO - 24/10/24 01:35:41 INFO StandaloneSchedulerBackend: SchedulerBackend is ready for scheduling beginning after reached minRegisteredResourcesRatio: 0.0
[2024-10-24T01:35:41.710+0000] {spark_submit.py:524} INFO - Hello from Spark!
[2024-10-24T01:35:41.711+0000] {spark_submit.py:524} INFO - 24/10/24 01:35:41 INFO SparkContext: SparkContext is stopping with exitCode 0.
[2024-10-24T01:35:41.732+0000] {spark_submit.py:524} INFO - 24/10/24 01:35:41 INFO SparkUI: Stopped Spark web UI at http://de5108c6da1d:4040
[2024-10-24T01:35:41.743+0000] {spark_submit.py:524} INFO - 24/10/24 01:35:41 INFO StandaloneSchedulerBackend: Shutting down all executors
[2024-10-24T01:35:41.751+0000] {spark_submit.py:524} INFO - 24/10/24 01:35:41 INFO StandaloneSchedulerBackend$StandaloneDriverEndpoint: Asking each executor to shut down
[2024-10-24T01:35:41.805+0000] {spark_submit.py:524} INFO - 24/10/24 01:35:41 INFO MapOutputTrackerMasterEndpoint: MapOutputTrackerMasterEndpoint stopped!
[2024-10-24T01:35:41.844+0000] {spark_submit.py:524} INFO - 24/10/24 01:35:41 INFO MemoryStore: MemoryStore cleared
[2024-10-24T01:35:41.845+0000] {spark_submit.py:524} INFO - 24/10/24 01:35:41 INFO BlockManager: BlockManager stopped
[2024-10-24T01:35:41.866+0000] {spark_submit.py:524} INFO - 24/10/24 01:35:41 INFO BlockManagerMaster: BlockManagerMaster stopped
[2024-10-24T01:35:41.869+0000] {spark_submit.py:524} INFO - 24/10/24 01:35:41 INFO OutputCommitCoordinator$OutputCommitCoordinatorEndpoint: OutputCommitCoordinator stopped!
[2024-10-24T01:35:41.937+0000] {spark_submit.py:524} INFO - 24/10/24 01:35:41 INFO SparkContext: Successfully stopped SparkContext
[2024-10-24T01:35:42.409+0000] {spark_submit.py:524} INFO - 24/10/24 01:35:42 INFO ShutdownHookManager: Shutdown hook called
[2024-10-24T01:35:42.410+0000] {spark_submit.py:524} INFO - 24/10/24 01:35:42 INFO ShutdownHookManager: Deleting directory /tmp/spark-a9b2e4e7-1e1e-431f-8c7e-8783aeb76ade
[2024-10-24T01:35:42.415+0000] {spark_submit.py:524} INFO - 24/10/24 01:35:42 INFO ShutdownHookManager: Deleting directory /tmp/spark-2d4037dc-93c6-4e31-ad08-55c56e267a6a
[2024-10-24T01:35:42.420+0000] {spark_submit.py:524} INFO - 24/10/24 01:35:42 INFO ShutdownHookManager: Deleting directory /tmp/spark-2d4037dc-93c6-4e31-ad08-55c56e267a6a/pyspark-1be44b58-1521-4051-be70-2c772d4af4cf
[2024-10-24T01:35:42.520+0000] {taskinstance.py:1398} INFO - Marking task as SUCCESS. dag_id=api_openbrewerydb_to_silver_gold, task_id=Silver, execution_date=20231125T080000, start_date=20241024T013528, end_date=20241024T013542
[2024-10-24T01:35:42.585+0000] {local_task_job_runner.py:228} INFO - Task exited with return code 0
[2024-10-24T01:35:42.621+0000] {taskinstance.py:2776} INFO - 1 downstream tasks scheduled from follow-on schedule check
