[2024-10-24T15:38:34.031+0000] {taskinstance.py:1157} INFO - Dependencies all met for dep_context=non-requeueable deps ti=<TaskInstance: api_openbrewerydb_to_silver_gold.Gold manual__2024-10-24T15:38:19.213515+00:00 [queued]>
[2024-10-24T15:38:34.038+0000] {taskinstance.py:1157} INFO - Dependencies all met for dep_context=requeueable deps ti=<TaskInstance: api_openbrewerydb_to_silver_gold.Gold manual__2024-10-24T15:38:19.213515+00:00 [queued]>
[2024-10-24T15:38:34.038+0000] {taskinstance.py:1359} INFO - Starting attempt 1 of 2
[2024-10-24T15:38:34.048+0000] {taskinstance.py:1380} INFO - Executing <Task(SparkSubmitOperator): Gold> on 2024-10-24 15:38:19.213515+00:00
[2024-10-24T15:38:34.053+0000] {standard_task_runner.py:57} INFO - Started process 2062 to run task
[2024-10-24T15:38:34.055+0000] {standard_task_runner.py:84} INFO - Running: ['***', 'tasks', 'run', 'api_openbrewerydb_to_silver_gold', 'Gold', 'manual__2024-10-24T15:38:19.213515+00:00', '--job-id', '144', '--raw', '--subdir', 'DAGS_FOLDER/api_openbrewerydb_to_silver.py', '--cfg-path', '/tmp/tmpf7q3ffxr']
[2024-10-24T15:38:34.058+0000] {standard_task_runner.py:85} INFO - Job 144: Subtask Gold
[2024-10-24T15:38:34.104+0000] {task_command.py:415} INFO - Running <TaskInstance: api_openbrewerydb_to_silver_gold.Gold manual__2024-10-24T15:38:19.213515+00:00 [running]> on host e995fa603d7f
[2024-10-24T15:38:34.191+0000] {taskinstance.py:1660} INFO - Exporting env vars: AIRFLOW_CTX_DAG_OWNER='Rodrigo Araujo' AIRFLOW_CTX_DAG_ID='api_openbrewerydb_to_silver_gold' AIRFLOW_CTX_TASK_ID='Gold' AIRFLOW_CTX_EXECUTION_DATE='2024-10-24T15:38:19.213515+00:00' AIRFLOW_CTX_TRY_NUMBER='1' AIRFLOW_CTX_DAG_RUN_ID='manual__2024-10-24T15:38:19.213515+00:00'
[2024-10-24T15:38:34.203+0000] {base.py:73} INFO - Using connection ID 'spark-conn' for task execution.
[2024-10-24T15:38:34.203+0000] {spark_submit.py:363} INFO - Spark-Submit cmd: spark-submit --master spark://spark-master:7077 --name arrow-spark jobs/gold/api_openbrewerydb.py
[2024-10-24T15:38:36.947+0000] {spark_submit.py:524} INFO - 24/10/24 15:38:36 INFO SparkContext: Running Spark version 3.5.0
[2024-10-24T15:38:36.949+0000] {spark_submit.py:524} INFO - 24/10/24 15:38:36 INFO SparkContext: OS info Linux, 5.15.0-124-generic, amd64
[2024-10-24T15:38:36.949+0000] {spark_submit.py:524} INFO - 24/10/24 15:38:36 INFO SparkContext: Java version 17.0.13
[2024-10-24T15:38:36.999+0000] {spark_submit.py:524} INFO - 24/10/24 15:38:36 WARN NativeCodeLoader: Unable to load native-hadoop library for your platform... using builtin-java classes where applicable
[2024-10-24T15:38:37.078+0000] {spark_submit.py:524} INFO - 24/10/24 15:38:37 INFO ResourceUtils: ==============================================================
[2024-10-24T15:38:37.078+0000] {spark_submit.py:524} INFO - 24/10/24 15:38:37 INFO ResourceUtils: No custom resources configured for spark.driver.
[2024-10-24T15:38:37.079+0000] {spark_submit.py:524} INFO - 24/10/24 15:38:37 INFO ResourceUtils: ==============================================================
[2024-10-24T15:38:37.079+0000] {spark_submit.py:524} INFO - 24/10/24 15:38:37 INFO SparkContext: Submitted application: IngestaoSilver
[2024-10-24T15:38:37.098+0000] {spark_submit.py:524} INFO - 24/10/24 15:38:37 INFO ResourceProfile: Default ResourceProfile created, executor resources: Map(memory -> name: memory, amount: 1024, script: , vendor: , offHeap -> name: offHeap, amount: 0, script: , vendor: ), task resources: Map(cpus -> name: cpus, amount: 1.0)
[2024-10-24T15:38:37.106+0000] {spark_submit.py:524} INFO - 24/10/24 15:38:37 INFO ResourceProfile: Limiting resource is cpu
[2024-10-24T15:38:37.106+0000] {spark_submit.py:524} INFO - 24/10/24 15:38:37 INFO ResourceProfileManager: Added ResourceProfile id: 0
[2024-10-24T15:38:37.149+0000] {spark_submit.py:524} INFO - 24/10/24 15:38:37 INFO SecurityManager: Changing view acls to: ***
[2024-10-24T15:38:37.150+0000] {spark_submit.py:524} INFO - 24/10/24 15:38:37 INFO SecurityManager: Changing modify acls to: ***
[2024-10-24T15:38:37.151+0000] {spark_submit.py:524} INFO - 24/10/24 15:38:37 INFO SecurityManager: Changing view acls groups to:
[2024-10-24T15:38:37.151+0000] {spark_submit.py:524} INFO - 24/10/24 15:38:37 INFO SecurityManager: Changing modify acls groups to:
[2024-10-24T15:38:37.152+0000] {spark_submit.py:524} INFO - 24/10/24 15:38:37 INFO SecurityManager: SecurityManager: authentication disabled; ui acls disabled; users with view permissions: ***; groups with view permissions: EMPTY; users with modify permissions: ***; groups with modify permissions: EMPTY
[2024-10-24T15:38:37.388+0000] {spark_submit.py:524} INFO - 24/10/24 15:38:37 INFO Utils: Successfully started service 'sparkDriver' on port 45559.
[2024-10-24T15:38:37.411+0000] {spark_submit.py:524} INFO - 24/10/24 15:38:37 INFO SparkEnv: Registering MapOutputTracker
[2024-10-24T15:38:37.439+0000] {spark_submit.py:524} INFO - 24/10/24 15:38:37 INFO SparkEnv: Registering BlockManagerMaster
[2024-10-24T15:38:37.455+0000] {spark_submit.py:524} INFO - 24/10/24 15:38:37 INFO BlockManagerMasterEndpoint: Using org.apache.spark.storage.DefaultTopologyMapper for getting topology information
[2024-10-24T15:38:37.456+0000] {spark_submit.py:524} INFO - 24/10/24 15:38:37 INFO BlockManagerMasterEndpoint: BlockManagerMasterEndpoint up
[2024-10-24T15:38:37.460+0000] {spark_submit.py:524} INFO - 24/10/24 15:38:37 INFO SparkEnv: Registering BlockManagerMasterHeartbeat
[2024-10-24T15:38:37.476+0000] {spark_submit.py:524} INFO - 24/10/24 15:38:37 INFO DiskBlockManager: Created local directory at /tmp/blockmgr-0aac2fca-7cd4-4524-bf48-ac91e1d77186
[2024-10-24T15:38:37.490+0000] {spark_submit.py:524} INFO - 24/10/24 15:38:37 INFO MemoryStore: MemoryStore started with capacity 434.4 MiB
[2024-10-24T15:38:37.507+0000] {spark_submit.py:524} INFO - 24/10/24 15:38:37 INFO SparkEnv: Registering OutputCommitCoordinator
[2024-10-24T15:38:37.626+0000] {spark_submit.py:524} INFO - 24/10/24 15:38:37 INFO JettyUtils: Start Jetty 0.0.0.0:4040 for SparkUI
[2024-10-24T15:38:37.674+0000] {spark_submit.py:524} INFO - 24/10/24 15:38:37 INFO Utils: Successfully started service 'SparkUI' on port 4040.
[2024-10-24T15:38:37.841+0000] {spark_submit.py:524} INFO - 24/10/24 15:38:37 INFO StandaloneAppClient$ClientEndpoint: Connecting to master spark://spark-master:7077...
[2024-10-24T15:38:37.899+0000] {spark_submit.py:524} INFO - 24/10/24 15:38:37 INFO TransportClientFactory: Successfully created connection to spark-master/172.18.0.3:7077 after 32 ms (0 ms spent in bootstraps)
[2024-10-24T15:38:37.990+0000] {spark_submit.py:524} INFO - 24/10/24 15:38:37 INFO StandaloneSchedulerBackend: Connected to Spark cluster with app ID app-20241024153837-0009
[2024-10-24T15:38:37.998+0000] {spark_submit.py:524} INFO - 24/10/24 15:38:37 INFO StandaloneAppClient$ClientEndpoint: Executor added: app-20241024153837-0009/0 on worker-20241024152407-172.18.0.5-37749 (172.18.0.5:37749) with 2 core(s)
[2024-10-24T15:38:38.001+0000] {spark_submit.py:524} INFO - 24/10/24 15:38:38 INFO StandaloneSchedulerBackend: Granted executor ID app-20241024153837-0009/0 on hostPort 172.18.0.5:37749 with 2 core(s), 1024.0 MiB RAM
[2024-10-24T15:38:38.004+0000] {spark_submit.py:524} INFO - 24/10/24 15:38:38 INFO Utils: Successfully started service 'org.apache.spark.network.netty.NettyBlockTransferService' on port 41095.
[2024-10-24T15:38:38.005+0000] {spark_submit.py:524} INFO - 24/10/24 15:38:38 INFO NettyBlockTransferService: Server created on e995fa603d7f:41095
[2024-10-24T15:38:38.008+0000] {spark_submit.py:524} INFO - 24/10/24 15:38:38 INFO BlockManager: Using org.apache.spark.storage.RandomBlockReplicationPolicy for block replication policy
[2024-10-24T15:38:38.025+0000] {spark_submit.py:524} INFO - 24/10/24 15:38:38 INFO BlockManagerMaster: Registering BlockManager BlockManagerId(driver, e995fa603d7f, 41095, None)
[2024-10-24T15:38:38.036+0000] {spark_submit.py:524} INFO - 24/10/24 15:38:38 INFO BlockManagerMasterEndpoint: Registering block manager e995fa603d7f:41095 with 434.4 MiB RAM, BlockManagerId(driver, e995fa603d7f, 41095, None)
[2024-10-24T15:38:38.039+0000] {spark_submit.py:524} INFO - 24/10/24 15:38:38 INFO BlockManagerMaster: Registered BlockManager BlockManagerId(driver, e995fa603d7f, 41095, None)
[2024-10-24T15:38:38.043+0000] {spark_submit.py:524} INFO - 24/10/24 15:38:38 INFO BlockManager: Initialized BlockManager: BlockManagerId(driver, e995fa603d7f, 41095, None)
[2024-10-24T15:38:38.056+0000] {spark_submit.py:524} INFO - 24/10/24 15:38:38 INFO StandaloneAppClient$ClientEndpoint: Executor updated: app-20241024153837-0009/0 is now RUNNING
[2024-10-24T15:38:38.321+0000] {spark_submit.py:524} INFO - 24/10/24 15:38:38 INFO StandaloneSchedulerBackend: SchedulerBackend is ready for scheduling beginning after reached minRegisteredResourcesRatio: 0.0
[2024-10-24T15:38:38.539+0000] {spark_submit.py:524} INFO - Hello from Spark!
[2024-10-24T15:38:38.540+0000] {spark_submit.py:524} INFO - 24/10/24 15:38:38 INFO SparkContext: SparkContext is stopping with exitCode 0.
[2024-10-24T15:38:38.555+0000] {spark_submit.py:524} INFO - 24/10/24 15:38:38 INFO SparkUI: Stopped Spark web UI at http://e995fa603d7f:4040
[2024-10-24T15:38:38.560+0000] {spark_submit.py:524} INFO - 24/10/24 15:38:38 INFO StandaloneSchedulerBackend: Shutting down all executors
[2024-10-24T15:38:38.563+0000] {spark_submit.py:524} INFO - 24/10/24 15:38:38 INFO StandaloneSchedulerBackend$StandaloneDriverEndpoint: Asking each executor to shut down
[2024-10-24T15:38:38.579+0000] {spark_submit.py:524} INFO - 24/10/24 15:38:38 INFO MapOutputTrackerMasterEndpoint: MapOutputTrackerMasterEndpoint stopped!
[2024-10-24T15:38:38.597+0000] {spark_submit.py:524} INFO - 24/10/24 15:38:38 INFO MemoryStore: MemoryStore cleared
[2024-10-24T15:38:38.598+0000] {spark_submit.py:524} INFO - 24/10/24 15:38:38 INFO BlockManager: BlockManager stopped
[2024-10-24T15:38:38.604+0000] {spark_submit.py:524} INFO - 24/10/24 15:38:38 INFO BlockManagerMaster: BlockManagerMaster stopped
[2024-10-24T15:38:38.607+0000] {spark_submit.py:524} INFO - 24/10/24 15:38:38 INFO OutputCommitCoordinator$OutputCommitCoordinatorEndpoint: OutputCommitCoordinator stopped!
[2024-10-24T15:38:38.622+0000] {spark_submit.py:524} INFO - 24/10/24 15:38:38 INFO SparkContext: Successfully stopped SparkContext
[2024-10-24T15:38:38.978+0000] {spark_submit.py:524} INFO - 24/10/24 15:38:38 INFO ShutdownHookManager: Shutdown hook called
[2024-10-24T15:38:38.979+0000] {spark_submit.py:524} INFO - 24/10/24 15:38:38 INFO ShutdownHookManager: Deleting directory /tmp/spark-3620b755-3975-4859-9a11-b303e16823e8
[2024-10-24T15:38:38.984+0000] {spark_submit.py:524} INFO - 24/10/24 15:38:38 INFO ShutdownHookManager: Deleting directory /tmp/spark-3620b755-3975-4859-9a11-b303e16823e8/pyspark-f350a63e-7b98-4af0-91b5-b64fe645fedf
[2024-10-24T15:38:38.990+0000] {spark_submit.py:524} INFO - 24/10/24 15:38:38 INFO ShutdownHookManager: Deleting directory /tmp/spark-b7843be0-d98c-43d3-b6d9-d7ed1355b7f3
[2024-10-24T15:38:39.055+0000] {taskinstance.py:1398} INFO - Marking task as SUCCESS. dag_id=api_openbrewerydb_to_silver_gold, task_id=Gold, execution_date=20241024T153819, start_date=20241024T153834, end_date=20241024T153839
[2024-10-24T15:38:39.085+0000] {local_task_job_runner.py:228} INFO - Task exited with return code 0
[2024-10-24T15:38:39.107+0000] {taskinstance.py:2776} INFO - 0 downstream tasks scheduled from follow-on schedule check
