[2024-10-24T14:26:40.160+0000] {taskinstance.py:1157} INFO - Dependencies all met for dep_context=non-requeueable deps ti=<TaskInstance: api_openbrewerydb_to_silver_gold.Gold scheduled__2023-10-24T08:00:00+00:00 [queued]>
[2024-10-24T14:26:40.166+0000] {taskinstance.py:1157} INFO - Dependencies all met for dep_context=requeueable deps ti=<TaskInstance: api_openbrewerydb_to_silver_gold.Gold scheduled__2023-10-24T08:00:00+00:00 [queued]>
[2024-10-24T14:26:40.167+0000] {taskinstance.py:1359} INFO - Starting attempt 1 of 2
[2024-10-24T14:26:40.176+0000] {taskinstance.py:1380} INFO - Executing <Task(SparkSubmitOperator): Gold> on 2023-10-24 08:00:00+00:00
[2024-10-24T14:26:40.180+0000] {standard_task_runner.py:57} INFO - Started process 1344 to run task
[2024-10-24T14:26:40.182+0000] {standard_task_runner.py:84} INFO - Running: ['***', 'tasks', 'run', 'api_openbrewerydb_to_silver_gold', 'Gold', 'scheduled__2023-10-24T08:00:00+00:00', '--job-id', '12', '--raw', '--subdir', 'DAGS_FOLDER/api_openbrewerydb_to_silver.py', '--cfg-path', '/tmp/tmpbn5r4sia']
[2024-10-24T14:26:40.185+0000] {standard_task_runner.py:85} INFO - Job 12: Subtask Gold
[2024-10-24T14:26:40.229+0000] {task_command.py:415} INFO - Running <TaskInstance: api_openbrewerydb_to_silver_gold.Gold scheduled__2023-10-24T08:00:00+00:00 [running]> on host 96f89615839b
[2024-10-24T14:26:40.303+0000] {taskinstance.py:1660} INFO - Exporting env vars: AIRFLOW_CTX_DAG_OWNER='Rodrigo Araujo' AIRFLOW_CTX_DAG_ID='api_openbrewerydb_to_silver_gold' AIRFLOW_CTX_TASK_ID='Gold' AIRFLOW_CTX_EXECUTION_DATE='2023-10-24T08:00:00+00:00' AIRFLOW_CTX_TRY_NUMBER='1' AIRFLOW_CTX_DAG_RUN_ID='scheduled__2023-10-24T08:00:00+00:00'
[2024-10-24T14:26:40.313+0000] {base.py:73} INFO - Using connection ID 'spark-conn' for task execution.
[2024-10-24T14:26:40.314+0000] {spark_submit.py:363} INFO - Spark-Submit cmd: spark-submit --master spark://spark-master:7077 --name arrow-spark jobs/gold/api_openbrewerydb.py
[2024-10-24T14:26:43.077+0000] {spark_submit.py:524} INFO - 24/10/24 14:26:43 INFO SparkContext: Running Spark version 3.5.3
[2024-10-24T14:26:43.079+0000] {spark_submit.py:524} INFO - 24/10/24 14:26:43 INFO SparkContext: OS info Linux, 5.15.0-124-generic, amd64
[2024-10-24T14:26:43.079+0000] {spark_submit.py:524} INFO - 24/10/24 14:26:43 INFO SparkContext: Java version 11.0.25
[2024-10-24T14:26:43.132+0000] {spark_submit.py:524} INFO - 24/10/24 14:26:43 WARN NativeCodeLoader: Unable to load native-hadoop library for your platform... using builtin-java classes where applicable
[2024-10-24T14:26:43.210+0000] {spark_submit.py:524} INFO - 24/10/24 14:26:43 INFO ResourceUtils: ==============================================================
[2024-10-24T14:26:43.210+0000] {spark_submit.py:524} INFO - 24/10/24 14:26:43 INFO ResourceUtils: No custom resources configured for spark.driver.
[2024-10-24T14:26:43.210+0000] {spark_submit.py:524} INFO - 24/10/24 14:26:43 INFO ResourceUtils: ==============================================================
[2024-10-24T14:26:43.211+0000] {spark_submit.py:524} INFO - 24/10/24 14:26:43 INFO SparkContext: Submitted application: IngestaoSilver
[2024-10-24T14:26:43.231+0000] {spark_submit.py:524} INFO - 24/10/24 14:26:43 INFO ResourceProfile: Default ResourceProfile created, executor resources: Map(memory -> name: memory, amount: 1024, script: , vendor: , offHeap -> name: offHeap, amount: 0, script: , vendor: ), task resources: Map(cpus -> name: cpus, amount: 1.0)
[2024-10-24T14:26:43.244+0000] {spark_submit.py:524} INFO - 24/10/24 14:26:43 INFO ResourceProfile: Limiting resource is cpu
[2024-10-24T14:26:43.245+0000] {spark_submit.py:524} INFO - 24/10/24 14:26:43 INFO ResourceProfileManager: Added ResourceProfile id: 0
[2024-10-24T14:26:43.293+0000] {spark_submit.py:524} INFO - 24/10/24 14:26:43 INFO SecurityManager: Changing view acls to: ***
[2024-10-24T14:26:43.293+0000] {spark_submit.py:524} INFO - 24/10/24 14:26:43 INFO SecurityManager: Changing modify acls to: ***
[2024-10-24T14:26:43.294+0000] {spark_submit.py:524} INFO - 24/10/24 14:26:43 INFO SecurityManager: Changing view acls groups to:
[2024-10-24T14:26:43.295+0000] {spark_submit.py:524} INFO - 24/10/24 14:26:43 INFO SecurityManager: Changing modify acls groups to:
[2024-10-24T14:26:43.295+0000] {spark_submit.py:524} INFO - 24/10/24 14:26:43 INFO SecurityManager: SecurityManager: authentication disabled; ui acls disabled; users with view permissions: ***; groups with view permissions: EMPTY; users with modify permissions: ***; groups with modify permissions: EMPTY
[2024-10-24T14:26:43.535+0000] {spark_submit.py:524} INFO - 24/10/24 14:26:43 INFO Utils: Successfully started service 'sparkDriver' on port 33577.
[2024-10-24T14:26:43.561+0000] {spark_submit.py:524} INFO - 24/10/24 14:26:43 INFO SparkEnv: Registering MapOutputTracker
[2024-10-24T14:26:43.599+0000] {spark_submit.py:524} INFO - 24/10/24 14:26:43 INFO SparkEnv: Registering BlockManagerMaster
[2024-10-24T14:26:43.621+0000] {spark_submit.py:524} INFO - 24/10/24 14:26:43 INFO BlockManagerMasterEndpoint: Using org.apache.spark.storage.DefaultTopologyMapper for getting topology information
[2024-10-24T14:26:43.622+0000] {spark_submit.py:524} INFO - 24/10/24 14:26:43 INFO BlockManagerMasterEndpoint: BlockManagerMasterEndpoint up
[2024-10-24T14:26:43.625+0000] {spark_submit.py:524} INFO - 24/10/24 14:26:43 INFO SparkEnv: Registering BlockManagerMasterHeartbeat
[2024-10-24T14:26:43.644+0000] {spark_submit.py:524} INFO - 24/10/24 14:26:43 INFO DiskBlockManager: Created local directory at /tmp/blockmgr-9eda3e06-26a1-4173-a21c-5046f2462ebe
[2024-10-24T14:26:43.657+0000] {spark_submit.py:524} INFO - 24/10/24 14:26:43 INFO MemoryStore: MemoryStore started with capacity 434.4 MiB
[2024-10-24T14:26:43.673+0000] {spark_submit.py:524} INFO - 24/10/24 14:26:43 INFO SparkEnv: Registering OutputCommitCoordinator
[2024-10-24T14:26:43.827+0000] {spark_submit.py:524} INFO - 24/10/24 14:26:43 INFO JettyUtils: Start Jetty 0.0.0.0:4040 for SparkUI
[2024-10-24T14:26:43.875+0000] {spark_submit.py:524} INFO - 24/10/24 14:26:43 INFO Utils: Successfully started service 'SparkUI' on port 4040.
[2024-10-24T14:26:44.015+0000] {spark_submit.py:524} INFO - 24/10/24 14:26:44 INFO StandaloneAppClient$ClientEndpoint: Connecting to master spark://spark-master:7077...
[2024-10-24T14:26:44.064+0000] {spark_submit.py:524} INFO - 24/10/24 14:26:44 INFO TransportClientFactory: Successfully created connection to spark-master/172.18.0.2:7077 after 28 ms (0 ms spent in bootstraps)
[2024-10-24T14:26:44.149+0000] {spark_submit.py:524} INFO - 24/10/24 14:26:44 INFO StandaloneSchedulerBackend: Connected to Spark cluster with app ID app-20241024142644-0007
[2024-10-24T14:26:44.153+0000] {spark_submit.py:524} INFO - 24/10/24 14:26:44 INFO StandaloneAppClient$ClientEndpoint: Executor added: app-20241024142644-0007/0 on worker-20241024142308-172.18.0.5-43899 (172.18.0.5:43899) with 2 core(s)
[2024-10-24T14:26:44.156+0000] {spark_submit.py:524} INFO - 24/10/24 14:26:44 INFO StandaloneSchedulerBackend: Granted executor ID app-20241024142644-0007/0 on hostPort 172.18.0.5:43899 with 2 core(s), 1024.0 MiB RAM
[2024-10-24T14:26:44.165+0000] {spark_submit.py:524} INFO - 24/10/24 14:26:44 INFO Utils: Successfully started service 'org.apache.spark.network.netty.NettyBlockTransferService' on port 40525.
[2024-10-24T14:26:44.166+0000] {spark_submit.py:524} INFO - 24/10/24 14:26:44 INFO NettyBlockTransferService: Server created on 96f89615839b:40525
[2024-10-24T14:26:44.168+0000] {spark_submit.py:524} INFO - 24/10/24 14:26:44 INFO BlockManager: Using org.apache.spark.storage.RandomBlockReplicationPolicy for block replication policy
[2024-10-24T14:26:44.186+0000] {spark_submit.py:524} INFO - 24/10/24 14:26:44 INFO BlockManagerMaster: Registering BlockManager BlockManagerId(driver, 96f89615839b, 40525, None)
[2024-10-24T14:26:44.196+0000] {spark_submit.py:524} INFO - 24/10/24 14:26:44 INFO BlockManagerMasterEndpoint: Registering block manager 96f89615839b:40525 with 434.4 MiB RAM, BlockManagerId(driver, 96f89615839b, 40525, None)
[2024-10-24T14:26:44.199+0000] {spark_submit.py:524} INFO - 24/10/24 14:26:44 INFO BlockManagerMaster: Registered BlockManager BlockManagerId(driver, 96f89615839b, 40525, None)
[2024-10-24T14:26:44.202+0000] {spark_submit.py:524} INFO - 24/10/24 14:26:44 INFO BlockManager: Initialized BlockManager: BlockManagerId(driver, 96f89615839b, 40525, None)
[2024-10-24T14:26:44.227+0000] {spark_submit.py:524} INFO - 24/10/24 14:26:44 INFO StandaloneAppClient$ClientEndpoint: Executor updated: app-20241024142644-0007/0 is now RUNNING
[2024-10-24T14:26:44.540+0000] {spark_submit.py:524} INFO - 24/10/24 14:26:44 INFO StandaloneSchedulerBackend: SchedulerBackend is ready for scheduling beginning after reached minRegisteredResourcesRatio: 0.0
[2024-10-24T14:26:44.750+0000] {spark_submit.py:524} INFO - Hello from Spark!
[2024-10-24T14:26:44.751+0000] {spark_submit.py:524} INFO - 24/10/24 14:26:44 INFO SparkContext: SparkContext is stopping with exitCode 0.
[2024-10-24T14:26:44.762+0000] {spark_submit.py:524} INFO - 24/10/24 14:26:44 INFO SparkUI: Stopped Spark web UI at http://96f89615839b:4040
[2024-10-24T14:26:44.767+0000] {spark_submit.py:524} INFO - 24/10/24 14:26:44 INFO StandaloneSchedulerBackend: Shutting down all executors
[2024-10-24T14:26:44.771+0000] {spark_submit.py:524} INFO - 24/10/24 14:26:44 INFO StandaloneSchedulerBackend$StandaloneDriverEndpoint: Asking each executor to shut down
[2024-10-24T14:26:44.790+0000] {spark_submit.py:524} INFO - 24/10/24 14:26:44 INFO MapOutputTrackerMasterEndpoint: MapOutputTrackerMasterEndpoint stopped!
[2024-10-24T14:26:44.802+0000] {spark_submit.py:524} INFO - 24/10/24 14:26:44 INFO MemoryStore: MemoryStore cleared
[2024-10-24T14:26:44.802+0000] {spark_submit.py:524} INFO - 24/10/24 14:26:44 INFO BlockManager: BlockManager stopped
[2024-10-24T14:26:44.809+0000] {spark_submit.py:524} INFO - 24/10/24 14:26:44 INFO BlockManagerMaster: BlockManagerMaster stopped
[2024-10-24T14:26:44.812+0000] {spark_submit.py:524} INFO - 24/10/24 14:26:44 INFO OutputCommitCoordinator$OutputCommitCoordinatorEndpoint: OutputCommitCoordinator stopped!
[2024-10-24T14:26:44.818+0000] {spark_submit.py:524} INFO - 24/10/24 14:26:44 INFO SparkContext: Successfully stopped SparkContext
[2024-10-24T14:26:45.137+0000] {spark_submit.py:524} INFO - 24/10/24 14:26:45 INFO ShutdownHookManager: Shutdown hook called
[2024-10-24T14:26:45.137+0000] {spark_submit.py:524} INFO - 24/10/24 14:26:45 INFO ShutdownHookManager: Deleting directory /tmp/spark-cb2cff83-1ac7-4142-83f3-44a4a6e11124
[2024-10-24T14:26:45.141+0000] {spark_submit.py:524} INFO - 24/10/24 14:26:45 INFO ShutdownHookManager: Deleting directory /tmp/spark-cb2cff83-1ac7-4142-83f3-44a4a6e11124/pyspark-155e51da-a0f4-4005-8595-f7d7fc251ef3
[2024-10-24T14:26:45.143+0000] {spark_submit.py:524} INFO - 24/10/24 14:26:45 INFO ShutdownHookManager: Deleting directory /tmp/spark-b522804e-a27e-4632-905c-fe81e86ae7a3
[2024-10-24T14:26:45.182+0000] {taskinstance.py:1398} INFO - Marking task as SUCCESS. dag_id=api_openbrewerydb_to_silver_gold, task_id=Gold, execution_date=20231024T080000, start_date=20241024T142640, end_date=20241024T142645
[2024-10-24T14:26:45.210+0000] {local_task_job_runner.py:228} INFO - Task exited with return code 0
[2024-10-24T14:26:45.228+0000] {taskinstance.py:2776} INFO - 0 downstream tasks scheduled from follow-on schedule check
