[2024-10-24T18:16:34.280+0000] {taskinstance.py:1157} INFO - Dependencies all met for dep_context=non-requeueable deps ti=<TaskInstance: api_openbrewerydb_to_silver_gold.Gold manual__2024-10-24T18:16:19.401558+00:00 [queued]>
[2024-10-24T18:16:34.288+0000] {taskinstance.py:1157} INFO - Dependencies all met for dep_context=requeueable deps ti=<TaskInstance: api_openbrewerydb_to_silver_gold.Gold manual__2024-10-24T18:16:19.401558+00:00 [queued]>
[2024-10-24T18:16:34.288+0000] {taskinstance.py:1359} INFO - Starting attempt 1 of 2
[2024-10-24T18:16:34.298+0000] {taskinstance.py:1380} INFO - Executing <Task(SparkSubmitOperator): Gold> on 2024-10-24 18:16:19.401558+00:00
[2024-10-24T18:16:34.304+0000] {standard_task_runner.py:57} INFO - Started process 876 to run task
[2024-10-24T18:16:34.306+0000] {standard_task_runner.py:84} INFO - Running: ['***', 'tasks', 'run', 'api_openbrewerydb_to_silver_gold', 'Gold', 'manual__2024-10-24T18:16:19.401558+00:00', '--job-id', '177', '--raw', '--subdir', 'DAGS_FOLDER/api_openbrewerydb_to_silver.py', '--cfg-path', '/tmp/tmpsgxaooqn']
[2024-10-24T18:16:34.308+0000] {standard_task_runner.py:85} INFO - Job 177: Subtask Gold
[2024-10-24T18:16:34.355+0000] {task_command.py:415} INFO - Running <TaskInstance: api_openbrewerydb_to_silver_gold.Gold manual__2024-10-24T18:16:19.401558+00:00 [running]> on host f55139681ae8
[2024-10-24T18:16:34.435+0000] {taskinstance.py:1660} INFO - Exporting env vars: AIRFLOW_CTX_DAG_OWNER='Rodrigo Araujo' AIRFLOW_CTX_DAG_ID='api_openbrewerydb_to_silver_gold' AIRFLOW_CTX_TASK_ID='Gold' AIRFLOW_CTX_EXECUTION_DATE='2024-10-24T18:16:19.401558+00:00' AIRFLOW_CTX_TRY_NUMBER='1' AIRFLOW_CTX_DAG_RUN_ID='manual__2024-10-24T18:16:19.401558+00:00'
[2024-10-24T18:16:34.446+0000] {base.py:73} INFO - Using connection ID 'spark-conn' for task execution.
[2024-10-24T18:16:34.446+0000] {spark_submit.py:363} INFO - Spark-Submit cmd: spark-submit --master spark://spark-master:7077 --name arrow-spark jobs/gold/api_openbrewerydb.py
[2024-10-24T18:16:36.644+0000] {spark_submit.py:524} INFO - 24/10/24 18:16:36 INFO SparkContext: Running Spark version 3.5.0
[2024-10-24T18:16:36.645+0000] {spark_submit.py:524} INFO - 24/10/24 18:16:36 INFO SparkContext: OS info Linux, 5.15.0-124-generic, amd64
[2024-10-24T18:16:36.646+0000] {spark_submit.py:524} INFO - 24/10/24 18:16:36 INFO SparkContext: Java version 17.0.13
[2024-10-24T18:16:36.689+0000] {spark_submit.py:524} INFO - 24/10/24 18:16:36 WARN NativeCodeLoader: Unable to load native-hadoop library for your platform... using builtin-java classes where applicable
[2024-10-24T18:16:36.763+0000] {spark_submit.py:524} INFO - 24/10/24 18:16:36 INFO ResourceUtils: ==============================================================
[2024-10-24T18:16:36.763+0000] {spark_submit.py:524} INFO - 24/10/24 18:16:36 INFO ResourceUtils: No custom resources configured for spark.driver.
[2024-10-24T18:16:36.764+0000] {spark_submit.py:524} INFO - 24/10/24 18:16:36 INFO ResourceUtils: ==============================================================
[2024-10-24T18:16:36.764+0000] {spark_submit.py:524} INFO - 24/10/24 18:16:36 INFO SparkContext: Submitted application: IngestaoSilver
[2024-10-24T18:16:36.782+0000] {spark_submit.py:524} INFO - 24/10/24 18:16:36 INFO ResourceProfile: Default ResourceProfile created, executor resources: Map(memory -> name: memory, amount: 1024, script: , vendor: , offHeap -> name: offHeap, amount: 0, script: , vendor: ), task resources: Map(cpus -> name: cpus, amount: 1.0)
[2024-10-24T18:16:36.789+0000] {spark_submit.py:524} INFO - 24/10/24 18:16:36 INFO ResourceProfile: Limiting resource is cpu
[2024-10-24T18:16:36.790+0000] {spark_submit.py:524} INFO - 24/10/24 18:16:36 INFO ResourceProfileManager: Added ResourceProfile id: 0
[2024-10-24T18:16:36.831+0000] {spark_submit.py:524} INFO - 24/10/24 18:16:36 INFO SecurityManager: Changing view acls to: root
[2024-10-24T18:16:36.831+0000] {spark_submit.py:524} INFO - 24/10/24 18:16:36 INFO SecurityManager: Changing modify acls to: root
[2024-10-24T18:16:36.832+0000] {spark_submit.py:524} INFO - 24/10/24 18:16:36 INFO SecurityManager: Changing view acls groups to:
[2024-10-24T18:16:36.833+0000] {spark_submit.py:524} INFO - 24/10/24 18:16:36 INFO SecurityManager: Changing modify acls groups to:
[2024-10-24T18:16:36.833+0000] {spark_submit.py:524} INFO - 24/10/24 18:16:36 INFO SecurityManager: SecurityManager: authentication disabled; ui acls disabled; users with view permissions: root; groups with view permissions: EMPTY; users with modify permissions: root; groups with modify permissions: EMPTY
[2024-10-24T18:16:37.054+0000] {spark_submit.py:524} INFO - 24/10/24 18:16:37 INFO Utils: Successfully started service 'sparkDriver' on port 36111.
[2024-10-24T18:16:37.082+0000] {spark_submit.py:524} INFO - 24/10/24 18:16:37 INFO SparkEnv: Registering MapOutputTracker
[2024-10-24T18:16:37.118+0000] {spark_submit.py:524} INFO - 24/10/24 18:16:37 INFO SparkEnv: Registering BlockManagerMaster
[2024-10-24T18:16:37.146+0000] {spark_submit.py:524} INFO - 24/10/24 18:16:37 INFO BlockManagerMasterEndpoint: Using org.apache.spark.storage.DefaultTopologyMapper for getting topology information
[2024-10-24T18:16:37.147+0000] {spark_submit.py:524} INFO - 24/10/24 18:16:37 INFO BlockManagerMasterEndpoint: BlockManagerMasterEndpoint up
[2024-10-24T18:16:37.154+0000] {spark_submit.py:524} INFO - 24/10/24 18:16:37 INFO SparkEnv: Registering BlockManagerMasterHeartbeat
[2024-10-24T18:16:37.177+0000] {spark_submit.py:524} INFO - 24/10/24 18:16:37 INFO DiskBlockManager: Created local directory at /tmp/blockmgr-81d5fb52-2f8a-4ced-889f-cb8cca99a242
[2024-10-24T18:16:37.198+0000] {spark_submit.py:524} INFO - 24/10/24 18:16:37 INFO MemoryStore: MemoryStore started with capacity 434.4 MiB
[2024-10-24T18:16:37.239+0000] {spark_submit.py:524} INFO - 24/10/24 18:16:37 INFO SparkEnv: Registering OutputCommitCoordinator
[2024-10-24T18:16:37.641+0000] {spark_submit.py:524} INFO - 24/10/24 18:16:37 INFO JettyUtils: Start Jetty 0.0.0.0:4040 for SparkUI
[2024-10-24T18:16:37.774+0000] {spark_submit.py:524} INFO - 24/10/24 18:16:37 INFO Utils: Successfully started service 'SparkUI' on port 4040.
[2024-10-24T18:16:37.954+0000] {spark_submit.py:524} INFO - 24/10/24 18:16:37 INFO StandaloneAppClient$ClientEndpoint: Connecting to master spark://spark-master:7077...
[2024-10-24T18:16:38.009+0000] {spark_submit.py:524} INFO - 24/10/24 18:16:38 INFO TransportClientFactory: Successfully created connection to spark-master/172.18.0.3:7077 after 33 ms (0 ms spent in bootstraps)
[2024-10-24T18:16:38.113+0000] {spark_submit.py:524} INFO - 24/10/24 18:16:38 INFO StandaloneSchedulerBackend: Connected to Spark cluster with app ID app-20241024181638-0003
[2024-10-24T18:16:38.126+0000] {spark_submit.py:524} INFO - 24/10/24 18:16:38 INFO StandaloneAppClient$ClientEndpoint: Executor added: app-20241024181638-0003/0 on worker-20241024181336-172.18.0.5-36873 (172.18.0.5:36873) with 2 core(s)
[2024-10-24T18:16:38.135+0000] {spark_submit.py:524} INFO - 24/10/24 18:16:38 INFO Utils: Successfully started service 'org.apache.spark.network.netty.NettyBlockTransferService' on port 39767.
[2024-10-24T18:16:38.136+0000] {spark_submit.py:524} INFO - 24/10/24 18:16:38 INFO NettyBlockTransferService: Server created on f55139681ae8:39767
[2024-10-24T18:16:38.139+0000] {spark_submit.py:524} INFO - 24/10/24 18:16:38 INFO StandaloneSchedulerBackend: Granted executor ID app-20241024181638-0003/0 on hostPort 172.18.0.5:36873 with 2 core(s), 1024.0 MiB RAM
[2024-10-24T18:16:38.141+0000] {spark_submit.py:524} INFO - 24/10/24 18:16:38 INFO BlockManager: Using org.apache.spark.storage.RandomBlockReplicationPolicy for block replication policy
[2024-10-24T18:16:38.160+0000] {spark_submit.py:524} INFO - 24/10/24 18:16:38 INFO BlockManagerMaster: Registering BlockManager BlockManagerId(driver, f55139681ae8, 39767, None)
[2024-10-24T18:16:38.169+0000] {spark_submit.py:524} INFO - 24/10/24 18:16:38 INFO BlockManagerMasterEndpoint: Registering block manager f55139681ae8:39767 with 434.4 MiB RAM, BlockManagerId(driver, f55139681ae8, 39767, None)
[2024-10-24T18:16:38.173+0000] {spark_submit.py:524} INFO - 24/10/24 18:16:38 INFO BlockManagerMaster: Registered BlockManager BlockManagerId(driver, f55139681ae8, 39767, None)
[2024-10-24T18:16:38.176+0000] {spark_submit.py:524} INFO - 24/10/24 18:16:38 INFO BlockManager: Initialized BlockManager: BlockManagerId(driver, f55139681ae8, 39767, None)
[2024-10-24T18:16:38.189+0000] {spark_submit.py:524} INFO - 24/10/24 18:16:38 INFO StandaloneAppClient$ClientEndpoint: Executor updated: app-20241024181638-0003/0 is now RUNNING
[2024-10-24T18:16:38.475+0000] {spark_submit.py:524} INFO - 24/10/24 18:16:38 INFO StandaloneSchedulerBackend: SchedulerBackend is ready for scheduling beginning after reached minRegisteredResourcesRatio: 0.0
[2024-10-24T18:16:38.719+0000] {spark_submit.py:524} INFO - Hello from Spark!
[2024-10-24T18:16:38.720+0000] {spark_submit.py:524} INFO - 24/10/24 18:16:38 INFO SparkContext: SparkContext is stopping with exitCode 0.
[2024-10-24T18:16:38.733+0000] {spark_submit.py:524} INFO - 24/10/24 18:16:38 INFO SparkUI: Stopped Spark web UI at http://f55139681ae8:4040
[2024-10-24T18:16:38.739+0000] {spark_submit.py:524} INFO - 24/10/24 18:16:38 INFO StandaloneSchedulerBackend: Shutting down all executors
[2024-10-24T18:16:38.742+0000] {spark_submit.py:524} INFO - 24/10/24 18:16:38 INFO StandaloneSchedulerBackend$StandaloneDriverEndpoint: Asking each executor to shut down
[2024-10-24T18:16:38.770+0000] {spark_submit.py:524} INFO - 24/10/24 18:16:38 INFO MapOutputTrackerMasterEndpoint: MapOutputTrackerMasterEndpoint stopped!
[2024-10-24T18:16:38.801+0000] {spark_submit.py:524} INFO - 24/10/24 18:16:38 INFO MemoryStore: MemoryStore cleared
[2024-10-24T18:16:38.802+0000] {spark_submit.py:524} INFO - 24/10/24 18:16:38 INFO BlockManager: BlockManager stopped
[2024-10-24T18:16:38.810+0000] {spark_submit.py:524} INFO - 24/10/24 18:16:38 INFO BlockManagerMaster: BlockManagerMaster stopped
[2024-10-24T18:16:38.815+0000] {spark_submit.py:524} INFO - 24/10/24 18:16:38 INFO OutputCommitCoordinator$OutputCommitCoordinatorEndpoint: OutputCommitCoordinator stopped!
[2024-10-24T18:16:38.830+0000] {spark_submit.py:524} INFO - 24/10/24 18:16:38 INFO SparkContext: Successfully stopped SparkContext
[2024-10-24T18:16:39.147+0000] {spark_submit.py:524} INFO - 24/10/24 18:16:39 INFO ShutdownHookManager: Shutdown hook called
[2024-10-24T18:16:39.148+0000] {spark_submit.py:524} INFO - 24/10/24 18:16:39 INFO ShutdownHookManager: Deleting directory /tmp/spark-ef4e4c72-381a-4129-b2e7-5b53861916dc
[2024-10-24T18:16:39.153+0000] {spark_submit.py:524} INFO - 24/10/24 18:16:39 INFO ShutdownHookManager: Deleting directory /tmp/spark-b1b19854-b599-4386-8677-0e05c3ab4ae0
[2024-10-24T18:16:39.157+0000] {spark_submit.py:524} INFO - 24/10/24 18:16:39 INFO ShutdownHookManager: Deleting directory /tmp/spark-ef4e4c72-381a-4129-b2e7-5b53861916dc/pyspark-729faf88-fd2e-400f-8ff0-449da7fc7b45
[2024-10-24T18:16:39.220+0000] {taskinstance.py:1398} INFO - Marking task as SUCCESS. dag_id=api_openbrewerydb_to_silver_gold, task_id=Gold, execution_date=20241024T181619, start_date=20241024T181634, end_date=20241024T181639
[2024-10-24T18:16:39.262+0000] {local_task_job_runner.py:228} INFO - Task exited with return code 0
[2024-10-24T18:16:39.283+0000] {taskinstance.py:2776} INFO - 0 downstream tasks scheduled from follow-on schedule check
