[2024-10-24T01:20:40.147+0000] {taskinstance.py:1157} INFO - Dependencies all met for dep_context=non-requeueable deps ti=<TaskInstance: api_openbrewerydb_to_silver_gold.Gold scheduled__2023-11-17T08:00:00+00:00 [queued]>
[2024-10-24T01:20:40.161+0000] {taskinstance.py:1157} INFO - Dependencies all met for dep_context=requeueable deps ti=<TaskInstance: api_openbrewerydb_to_silver_gold.Gold scheduled__2023-11-17T08:00:00+00:00 [queued]>
[2024-10-24T01:20:40.161+0000] {taskinstance.py:1359} INFO - Starting attempt 1 of 3
[2024-10-24T01:20:40.187+0000] {taskinstance.py:1380} INFO - Executing <Task(SparkSubmitOperator): Gold> on 2023-11-17 08:00:00+00:00
[2024-10-24T01:20:40.193+0000] {standard_task_runner.py:57} INFO - Started process 5214 to run task
[2024-10-24T01:20:40.197+0000] {standard_task_runner.py:84} INFO - Running: ['***', 'tasks', 'run', 'api_openbrewerydb_to_silver_gold', 'Gold', 'scheduled__2023-11-17T08:00:00+00:00', '--job-id', '96', '--raw', '--subdir', 'DAGS_FOLDER/api_openbrewerydb_to_silver.py', '--cfg-path', '/tmp/tmppitjut7h']
[2024-10-24T01:20:40.204+0000] {standard_task_runner.py:85} INFO - Job 96: Subtask Gold
[2024-10-24T01:20:40.294+0000] {task_command.py:415} INFO - Running <TaskInstance: api_openbrewerydb_to_silver_gold.Gold scheduled__2023-11-17T08:00:00+00:00 [running]> on host de5108c6da1d
[2024-10-24T01:20:40.460+0000] {taskinstance.py:1660} INFO - Exporting env vars: AIRFLOW_CTX_DAG_OWNER='Rodrigo Araujo' AIRFLOW_CTX_DAG_ID='api_openbrewerydb_to_silver_gold' AIRFLOW_CTX_TASK_ID='Gold' AIRFLOW_CTX_EXECUTION_DATE='2023-11-17T08:00:00+00:00' AIRFLOW_CTX_TRY_NUMBER='1' AIRFLOW_CTX_DAG_RUN_ID='scheduled__2023-11-17T08:00:00+00:00'
[2024-10-24T01:20:40.482+0000] {base.py:73} INFO - Using connection ID 'spark-conn' for task execution.
[2024-10-24T01:20:40.484+0000] {spark_submit.py:363} INFO - Spark-Submit cmd: spark-submit --master spark://spark-master:7077 --name arrow-spark --queue root.default jobs/gold/api_openbrewerydb.py
[2024-10-24T01:20:47.781+0000] {spark_submit.py:524} INFO - 24/10/24 01:20:47 INFO SparkContext: Running Spark version 3.5.3
[2024-10-24T01:20:47.785+0000] {spark_submit.py:524} INFO - 24/10/24 01:20:47 INFO SparkContext: OS info Linux, 5.15.0-124-generic, amd64
[2024-10-24T01:20:47.785+0000] {spark_submit.py:524} INFO - 24/10/24 01:20:47 INFO SparkContext: Java version 11.0.25
[2024-10-24T01:20:47.894+0000] {spark_submit.py:524} INFO - 24/10/24 01:20:47 WARN NativeCodeLoader: Unable to load native-hadoop library for your platform... using builtin-java classes where applicable
[2024-10-24T01:20:48.057+0000] {spark_submit.py:524} INFO - 24/10/24 01:20:48 INFO ResourceUtils: ==============================================================
[2024-10-24T01:20:48.058+0000] {spark_submit.py:524} INFO - 24/10/24 01:20:48 INFO ResourceUtils: No custom resources configured for spark.driver.
[2024-10-24T01:20:48.059+0000] {spark_submit.py:524} INFO - 24/10/24 01:20:48 INFO ResourceUtils: ==============================================================
[2024-10-24T01:20:48.060+0000] {spark_submit.py:524} INFO - 24/10/24 01:20:48 INFO SparkContext: Submitted application: IngestaoSilver
[2024-10-24T01:20:48.116+0000] {spark_submit.py:524} INFO - 24/10/24 01:20:48 INFO ResourceProfile: Default ResourceProfile created, executor resources: Map(memory -> name: memory, amount: 1024, script: , vendor: , offHeap -> name: offHeap, amount: 0, script: , vendor: ), task resources: Map(cpus -> name: cpus, amount: 1.0)
[2024-10-24T01:20:48.151+0000] {spark_submit.py:524} INFO - 24/10/24 01:20:48 INFO ResourceProfile: Limiting resource is cpu
[2024-10-24T01:20:48.152+0000] {spark_submit.py:524} INFO - 24/10/24 01:20:48 INFO ResourceProfileManager: Added ResourceProfile id: 0
[2024-10-24T01:20:48.243+0000] {spark_submit.py:524} INFO - 24/10/24 01:20:48 INFO SecurityManager: Changing view acls to: ***
[2024-10-24T01:20:48.244+0000] {spark_submit.py:524} INFO - 24/10/24 01:20:48 INFO SecurityManager: Changing modify acls to: ***
[2024-10-24T01:20:48.245+0000] {spark_submit.py:524} INFO - 24/10/24 01:20:48 INFO SecurityManager: Changing view acls groups to:
[2024-10-24T01:20:48.246+0000] {spark_submit.py:524} INFO - 24/10/24 01:20:48 INFO SecurityManager: Changing modify acls groups to:
[2024-10-24T01:20:48.247+0000] {spark_submit.py:524} INFO - 24/10/24 01:20:48 INFO SecurityManager: SecurityManager: authentication disabled; ui acls disabled; users with view permissions: ***; groups with view permissions: EMPTY; users with modify permissions: ***; groups with modify permissions: EMPTY
[2024-10-24T01:20:48.719+0000] {spark_submit.py:524} INFO - 24/10/24 01:20:48 INFO Utils: Successfully started service 'sparkDriver' on port 34049.
[2024-10-24T01:20:48.770+0000] {spark_submit.py:524} INFO - 24/10/24 01:20:48 INFO SparkEnv: Registering MapOutputTracker
[2024-10-24T01:20:48.823+0000] {spark_submit.py:524} INFO - 24/10/24 01:20:48 INFO SparkEnv: Registering BlockManagerMaster
[2024-10-24T01:20:48.861+0000] {spark_submit.py:524} INFO - 24/10/24 01:20:48 INFO BlockManagerMasterEndpoint: Using org.apache.spark.storage.DefaultTopologyMapper for getting topology information
[2024-10-24T01:20:48.862+0000] {spark_submit.py:524} INFO - 24/10/24 01:20:48 INFO BlockManagerMasterEndpoint: BlockManagerMasterEndpoint up
[2024-10-24T01:20:48.868+0000] {spark_submit.py:524} INFO - 24/10/24 01:20:48 INFO SparkEnv: Registering BlockManagerMasterHeartbeat
[2024-10-24T01:20:48.905+0000] {spark_submit.py:524} INFO - 24/10/24 01:20:48 INFO DiskBlockManager: Created local directory at /tmp/blockmgr-540c576d-0d36-41d8-87f9-42110fe2d958
[2024-10-24T01:20:48.929+0000] {spark_submit.py:524} INFO - 24/10/24 01:20:48 INFO MemoryStore: MemoryStore started with capacity 434.4 MiB
[2024-10-24T01:20:48.954+0000] {spark_submit.py:524} INFO - 24/10/24 01:20:48 INFO SparkEnv: Registering OutputCommitCoordinator
[2024-10-24T01:20:49.215+0000] {spark_submit.py:524} INFO - 24/10/24 01:20:49 INFO JettyUtils: Start Jetty 0.0.0.0:4040 for SparkUI
[2024-10-24T01:20:49.307+0000] {spark_submit.py:524} INFO - 24/10/24 01:20:49 INFO Utils: Successfully started service 'SparkUI' on port 4040.
[2024-10-24T01:20:49.513+0000] {spark_submit.py:524} INFO - 24/10/24 01:20:49 INFO StandaloneAppClient$ClientEndpoint: Connecting to master spark://spark-master:7077...
[2024-10-24T01:20:49.599+0000] {spark_submit.py:524} INFO - 24/10/24 01:20:49 INFO TransportClientFactory: Successfully created connection to spark-master/172.22.0.3:7077 after 52 ms (0 ms spent in bootstraps)
[2024-10-24T01:20:49.778+0000] {spark_submit.py:524} INFO - 24/10/24 01:20:49 INFO StandaloneSchedulerBackend: Connected to Spark cluster with app ID app-20241024012049-0027
[2024-10-24T01:20:49.797+0000] {spark_submit.py:524} INFO - 24/10/24 01:20:49 INFO StandaloneAppClient$ClientEndpoint: Executor added: app-20241024012049-0027/0 on worker-20241024010948-172.22.0.4-41535 (172.22.0.4:41535) with 2 core(s)
[2024-10-24T01:20:49.801+0000] {spark_submit.py:524} INFO - 24/10/24 01:20:49 INFO Utils: Successfully started service 'org.apache.spark.network.netty.NettyBlockTransferService' on port 36405.
[2024-10-24T01:20:49.802+0000] {spark_submit.py:524} INFO - 24/10/24 01:20:49 INFO NettyBlockTransferService: Server created on de5108c6da1d:36405
[2024-10-24T01:20:49.807+0000] {spark_submit.py:524} INFO - 24/10/24 01:20:49 INFO BlockManager: Using org.apache.spark.storage.RandomBlockReplicationPolicy for block replication policy
[2024-10-24T01:20:49.815+0000] {spark_submit.py:524} INFO - 24/10/24 01:20:49 INFO StandaloneSchedulerBackend: Granted executor ID app-20241024012049-0027/0 on hostPort 172.22.0.4:41535 with 2 core(s), 1024.0 MiB RAM
[2024-10-24T01:20:49.830+0000] {spark_submit.py:524} INFO - 24/10/24 01:20:49 INFO BlockManagerMaster: Registering BlockManager BlockManagerId(driver, de5108c6da1d, 36405, None)
[2024-10-24T01:20:49.839+0000] {spark_submit.py:524} INFO - 24/10/24 01:20:49 INFO BlockManagerMasterEndpoint: Registering block manager de5108c6da1d:36405 with 434.4 MiB RAM, BlockManagerId(driver, de5108c6da1d, 36405, None)
[2024-10-24T01:20:49.851+0000] {spark_submit.py:524} INFO - 24/10/24 01:20:49 INFO BlockManagerMaster: Registered BlockManager BlockManagerId(driver, de5108c6da1d, 36405, None)
[2024-10-24T01:20:49.854+0000] {spark_submit.py:524} INFO - 24/10/24 01:20:49 INFO BlockManager: Initialized BlockManager: BlockManagerId(driver, de5108c6da1d, 36405, None)
[2024-10-24T01:20:49.891+0000] {spark_submit.py:524} INFO - 24/10/24 01:20:49 INFO StandaloneAppClient$ClientEndpoint: Executor updated: app-20241024012049-0027/0 is now RUNNING
[2024-10-24T01:20:50.392+0000] {spark_submit.py:524} INFO - 24/10/24 01:20:50 INFO StandaloneSchedulerBackend: SchedulerBackend is ready for scheduling beginning after reached minRegisteredResourcesRatio: 0.0
[2024-10-24T01:20:50.755+0000] {spark_submit.py:524} INFO - Hello from Spark!
[2024-10-24T01:20:50.757+0000] {spark_submit.py:524} INFO - 24/10/24 01:20:50 INFO SparkContext: SparkContext is stopping with exitCode 0.
[2024-10-24T01:20:50.777+0000] {spark_submit.py:524} INFO - 24/10/24 01:20:50 INFO SparkUI: Stopped Spark web UI at http://de5108c6da1d:4040
[2024-10-24T01:20:50.785+0000] {spark_submit.py:524} INFO - 24/10/24 01:20:50 INFO StandaloneSchedulerBackend: Shutting down all executors
[2024-10-24T01:20:50.791+0000] {spark_submit.py:524} INFO - 24/10/24 01:20:50 INFO StandaloneSchedulerBackend$StandaloneDriverEndpoint: Asking each executor to shut down
[2024-10-24T01:20:50.818+0000] {spark_submit.py:524} INFO - 24/10/24 01:20:50 INFO MapOutputTrackerMasterEndpoint: MapOutputTrackerMasterEndpoint stopped!
[2024-10-24T01:20:50.836+0000] {spark_submit.py:524} INFO - 24/10/24 01:20:50 INFO MemoryStore: MemoryStore cleared
[2024-10-24T01:20:50.837+0000] {spark_submit.py:524} INFO - 24/10/24 01:20:50 INFO BlockManager: BlockManager stopped
[2024-10-24T01:20:50.847+0000] {spark_submit.py:524} INFO - 24/10/24 01:20:50 INFO BlockManagerMaster: BlockManagerMaster stopped
[2024-10-24T01:20:50.852+0000] {spark_submit.py:524} INFO - 24/10/24 01:20:50 INFO OutputCommitCoordinator$OutputCommitCoordinatorEndpoint: OutputCommitCoordinator stopped!
[2024-10-24T01:20:50.866+0000] {spark_submit.py:524} INFO - 24/10/24 01:20:50 INFO SparkContext: Successfully stopped SparkContext
[2024-10-24T01:20:51.008+0000] {spark_submit.py:524} INFO - 24/10/24 01:20:51 INFO ShutdownHookManager: Shutdown hook called
[2024-10-24T01:20:51.009+0000] {spark_submit.py:524} INFO - 24/10/24 01:20:51 INFO ShutdownHookManager: Deleting directory /tmp/spark-c1f9f9fb-4683-4e6b-bd2e-1a6ca4b16493/pyspark-6b97650d-3855-44df-b5f8-6405b25119c6
[2024-10-24T01:20:51.014+0000] {spark_submit.py:524} INFO - 24/10/24 01:20:51 INFO ShutdownHookManager: Deleting directory /tmp/spark-9bc86933-59ee-40ee-a306-57638c276e2b
[2024-10-24T01:20:51.018+0000] {spark_submit.py:524} INFO - 24/10/24 01:20:51 INFO ShutdownHookManager: Deleting directory /tmp/spark-c1f9f9fb-4683-4e6b-bd2e-1a6ca4b16493
[2024-10-24T01:20:51.116+0000] {taskinstance.py:1398} INFO - Marking task as SUCCESS. dag_id=api_openbrewerydb_to_silver_gold, task_id=Gold, execution_date=20231117T080000, start_date=20241024T012040, end_date=20241024T012051
[2024-10-24T01:20:51.386+0000] {local_task_job_runner.py:228} INFO - Task exited with return code 0
[2024-10-24T01:20:51.618+0000] {taskinstance.py:2776} INFO - 0 downstream tasks scheduled from follow-on schedule check
