[2024-10-24T14:36:58.837+0000] {taskinstance.py:1157} INFO - Dependencies all met for dep_context=non-requeueable deps ti=<TaskInstance: api_openbrewerydb_to_silver_gold.Gold scheduled__2023-12-08T08:00:00+00:00 [queued]>
[2024-10-24T14:36:58.844+0000] {taskinstance.py:1157} INFO - Dependencies all met for dep_context=requeueable deps ti=<TaskInstance: api_openbrewerydb_to_silver_gold.Gold scheduled__2023-12-08T08:00:00+00:00 [queued]>
[2024-10-24T14:36:58.844+0000] {taskinstance.py:1359} INFO - Starting attempt 1 of 2
[2024-10-24T14:36:58.853+0000] {taskinstance.py:1380} INFO - Executing <Task(SparkSubmitOperator): Gold> on 2023-12-08 08:00:00+00:00
[2024-10-24T14:36:58.858+0000] {standard_task_runner.py:57} INFO - Started process 15681 to run task
[2024-10-24T14:36:58.860+0000] {standard_task_runner.py:84} INFO - Running: ['***', 'tasks', 'run', 'api_openbrewerydb_to_silver_gold', 'Gold', 'scheduled__2023-12-08T08:00:00+00:00', '--job-id', '102', '--raw', '--subdir', 'DAGS_FOLDER/api_openbrewerydb_to_silver.py', '--cfg-path', '/tmp/tmp6mh_zb7x']
[2024-10-24T14:36:58.864+0000] {standard_task_runner.py:85} INFO - Job 102: Subtask Gold
[2024-10-24T14:36:58.909+0000] {task_command.py:415} INFO - Running <TaskInstance: api_openbrewerydb_to_silver_gold.Gold scheduled__2023-12-08T08:00:00+00:00 [running]> on host 96f89615839b
[2024-10-24T14:36:58.988+0000] {taskinstance.py:1660} INFO - Exporting env vars: AIRFLOW_CTX_DAG_OWNER='Rodrigo Araujo' AIRFLOW_CTX_DAG_ID='api_openbrewerydb_to_silver_gold' AIRFLOW_CTX_TASK_ID='Gold' AIRFLOW_CTX_EXECUTION_DATE='2023-12-08T08:00:00+00:00' AIRFLOW_CTX_TRY_NUMBER='1' AIRFLOW_CTX_DAG_RUN_ID='scheduled__2023-12-08T08:00:00+00:00'
[2024-10-24T14:36:58.999+0000] {base.py:73} INFO - Using connection ID 'spark-conn' for task execution.
[2024-10-24T14:36:59.000+0000] {spark_submit.py:363} INFO - Spark-Submit cmd: spark-submit --master spark://spark-master:7077 --name arrow-spark jobs/gold/api_openbrewerydb.py
[2024-10-24T14:37:01.789+0000] {spark_submit.py:524} INFO - 24/10/24 14:37:01 INFO SparkContext: Running Spark version 3.5.3
[2024-10-24T14:37:01.791+0000] {spark_submit.py:524} INFO - 24/10/24 14:37:01 INFO SparkContext: OS info Linux, 5.15.0-124-generic, amd64
[2024-10-24T14:37:01.791+0000] {spark_submit.py:524} INFO - 24/10/24 14:37:01 INFO SparkContext: Java version 11.0.25
[2024-10-24T14:37:01.850+0000] {spark_submit.py:524} INFO - 24/10/24 14:37:01 WARN NativeCodeLoader: Unable to load native-hadoop library for your platform... using builtin-java classes where applicable
[2024-10-24T14:37:01.937+0000] {spark_submit.py:524} INFO - 24/10/24 14:37:01 INFO ResourceUtils: ==============================================================
[2024-10-24T14:37:01.937+0000] {spark_submit.py:524} INFO - 24/10/24 14:37:01 INFO ResourceUtils: No custom resources configured for spark.driver.
[2024-10-24T14:37:01.937+0000] {spark_submit.py:524} INFO - 24/10/24 14:37:01 INFO ResourceUtils: ==============================================================
[2024-10-24T14:37:01.937+0000] {spark_submit.py:524} INFO - 24/10/24 14:37:01 INFO SparkContext: Submitted application: IngestaoSilver
[2024-10-24T14:37:01.958+0000] {spark_submit.py:524} INFO - 24/10/24 14:37:01 INFO ResourceProfile: Default ResourceProfile created, executor resources: Map(memory -> name: memory, amount: 1024, script: , vendor: , offHeap -> name: offHeap, amount: 0, script: , vendor: ), task resources: Map(cpus -> name: cpus, amount: 1.0)
[2024-10-24T14:37:01.971+0000] {spark_submit.py:524} INFO - 24/10/24 14:37:01 INFO ResourceProfile: Limiting resource is cpu
[2024-10-24T14:37:01.972+0000] {spark_submit.py:524} INFO - 24/10/24 14:37:01 INFO ResourceProfileManager: Added ResourceProfile id: 0
[2024-10-24T14:37:02.017+0000] {spark_submit.py:524} INFO - 24/10/24 14:37:02 INFO SecurityManager: Changing view acls to: ***
[2024-10-24T14:37:02.018+0000] {spark_submit.py:524} INFO - 24/10/24 14:37:02 INFO SecurityManager: Changing modify acls to: ***
[2024-10-24T14:37:02.018+0000] {spark_submit.py:524} INFO - 24/10/24 14:37:02 INFO SecurityManager: Changing view acls groups to:
[2024-10-24T14:37:02.019+0000] {spark_submit.py:524} INFO - 24/10/24 14:37:02 INFO SecurityManager: Changing modify acls groups to:
[2024-10-24T14:37:02.019+0000] {spark_submit.py:524} INFO - 24/10/24 14:37:02 INFO SecurityManager: SecurityManager: authentication disabled; ui acls disabled; users with view permissions: ***; groups with view permissions: EMPTY; users with modify permissions: ***; groups with modify permissions: EMPTY
[2024-10-24T14:37:02.245+0000] {spark_submit.py:524} INFO - 24/10/24 14:37:02 INFO Utils: Successfully started service 'sparkDriver' on port 42223.
[2024-10-24T14:37:02.268+0000] {spark_submit.py:524} INFO - 24/10/24 14:37:02 INFO SparkEnv: Registering MapOutputTracker
[2024-10-24T14:37:02.297+0000] {spark_submit.py:524} INFO - 24/10/24 14:37:02 INFO SparkEnv: Registering BlockManagerMaster
[2024-10-24T14:37:02.315+0000] {spark_submit.py:524} INFO - 24/10/24 14:37:02 INFO BlockManagerMasterEndpoint: Using org.apache.spark.storage.DefaultTopologyMapper for getting topology information
[2024-10-24T14:37:02.316+0000] {spark_submit.py:524} INFO - 24/10/24 14:37:02 INFO BlockManagerMasterEndpoint: BlockManagerMasterEndpoint up
[2024-10-24T14:37:02.319+0000] {spark_submit.py:524} INFO - 24/10/24 14:37:02 INFO SparkEnv: Registering BlockManagerMasterHeartbeat
[2024-10-24T14:37:02.338+0000] {spark_submit.py:524} INFO - 24/10/24 14:37:02 INFO DiskBlockManager: Created local directory at /tmp/blockmgr-ee2c1bd5-b2cc-462e-86d7-c741b3674f39
[2024-10-24T14:37:02.350+0000] {spark_submit.py:524} INFO - 24/10/24 14:37:02 INFO MemoryStore: MemoryStore started with capacity 434.4 MiB
[2024-10-24T14:37:02.363+0000] {spark_submit.py:524} INFO - 24/10/24 14:37:02 INFO SparkEnv: Registering OutputCommitCoordinator
[2024-10-24T14:37:02.496+0000] {spark_submit.py:524} INFO - 24/10/24 14:37:02 INFO JettyUtils: Start Jetty 0.0.0.0:4040 for SparkUI
[2024-10-24T14:37:02.547+0000] {spark_submit.py:524} INFO - 24/10/24 14:37:02 INFO Utils: Successfully started service 'SparkUI' on port 4040.
[2024-10-24T14:37:02.658+0000] {spark_submit.py:524} INFO - 24/10/24 14:37:02 INFO StandaloneAppClient$ClientEndpoint: Connecting to master spark://spark-master:7077...
[2024-10-24T14:37:02.703+0000] {spark_submit.py:524} INFO - 24/10/24 14:37:02 INFO TransportClientFactory: Successfully created connection to spark-master/172.18.0.2:7077 after 27 ms (0 ms spent in bootstraps)
[2024-10-24T14:37:02.783+0000] {spark_submit.py:524} INFO - 24/10/24 14:37:02 INFO StandaloneSchedulerBackend: Connected to Spark cluster with app ID app-20241024143702-0097
[2024-10-24T14:37:02.785+0000] {spark_submit.py:524} INFO - 24/10/24 14:37:02 INFO StandaloneAppClient$ClientEndpoint: Executor added: app-20241024143702-0097/0 on worker-20241024142308-172.18.0.5-43899 (172.18.0.5:43899) with 2 core(s)
[2024-10-24T14:37:02.787+0000] {spark_submit.py:524} INFO - 24/10/24 14:37:02 INFO StandaloneSchedulerBackend: Granted executor ID app-20241024143702-0097/0 on hostPort 172.18.0.5:43899 with 2 core(s), 1024.0 MiB RAM
[2024-10-24T14:37:02.797+0000] {spark_submit.py:524} INFO - 24/10/24 14:37:02 INFO Utils: Successfully started service 'org.apache.spark.network.netty.NettyBlockTransferService' on port 34623.
[2024-10-24T14:37:02.798+0000] {spark_submit.py:524} INFO - 24/10/24 14:37:02 INFO NettyBlockTransferService: Server created on 96f89615839b:34623
[2024-10-24T14:37:02.800+0000] {spark_submit.py:524} INFO - 24/10/24 14:37:02 INFO BlockManager: Using org.apache.spark.storage.RandomBlockReplicationPolicy for block replication policy
[2024-10-24T14:37:02.815+0000] {spark_submit.py:524} INFO - 24/10/24 14:37:02 INFO BlockManagerMaster: Registering BlockManager BlockManagerId(driver, 96f89615839b, 34623, None)
[2024-10-24T14:37:02.817+0000] {spark_submit.py:524} INFO - 24/10/24 14:37:02 INFO StandaloneAppClient$ClientEndpoint: Executor updated: app-20241024143702-0097/0 is now RUNNING
[2024-10-24T14:37:02.823+0000] {spark_submit.py:524} INFO - 24/10/24 14:37:02 INFO BlockManagerMasterEndpoint: Registering block manager 96f89615839b:34623 with 434.4 MiB RAM, BlockManagerId(driver, 96f89615839b, 34623, None)
[2024-10-24T14:37:02.825+0000] {spark_submit.py:524} INFO - 24/10/24 14:37:02 INFO BlockManagerMaster: Registered BlockManager BlockManagerId(driver, 96f89615839b, 34623, None)
[2024-10-24T14:37:02.826+0000] {spark_submit.py:524} INFO - 24/10/24 14:37:02 INFO BlockManager: Initialized BlockManager: BlockManagerId(driver, 96f89615839b, 34623, None)
[2024-10-24T14:37:03.145+0000] {spark_submit.py:524} INFO - 24/10/24 14:37:03 INFO StandaloneSchedulerBackend: SchedulerBackend is ready for scheduling beginning after reached minRegisteredResourcesRatio: 0.0
[2024-10-24T14:37:03.404+0000] {spark_submit.py:524} INFO - Hello from Spark!
[2024-10-24T14:37:03.405+0000] {spark_submit.py:524} INFO - 24/10/24 14:37:03 INFO SparkContext: SparkContext is stopping with exitCode 0.
[2024-10-24T14:37:03.417+0000] {spark_submit.py:524} INFO - 24/10/24 14:37:03 INFO SparkUI: Stopped Spark web UI at http://96f89615839b:4040
[2024-10-24T14:37:03.425+0000] {spark_submit.py:524} INFO - 24/10/24 14:37:03 INFO StandaloneSchedulerBackend: Shutting down all executors
[2024-10-24T14:37:03.430+0000] {spark_submit.py:524} INFO - 24/10/24 14:37:03 INFO StandaloneSchedulerBackend$StandaloneDriverEndpoint: Asking each executor to shut down
[2024-10-24T14:37:03.452+0000] {spark_submit.py:524} INFO - 24/10/24 14:37:03 INFO MapOutputTrackerMasterEndpoint: MapOutputTrackerMasterEndpoint stopped!
[2024-10-24T14:37:03.462+0000] {spark_submit.py:524} INFO - 24/10/24 14:37:03 INFO MemoryStore: MemoryStore cleared
[2024-10-24T14:37:03.462+0000] {spark_submit.py:524} INFO - 24/10/24 14:37:03 INFO BlockManager: BlockManager stopped
[2024-10-24T14:37:03.469+0000] {spark_submit.py:524} INFO - 24/10/24 14:37:03 INFO BlockManagerMaster: BlockManagerMaster stopped
[2024-10-24T14:37:03.471+0000] {spark_submit.py:524} INFO - 24/10/24 14:37:03 INFO OutputCommitCoordinator$OutputCommitCoordinatorEndpoint: OutputCommitCoordinator stopped!
[2024-10-24T14:37:03.478+0000] {spark_submit.py:524} INFO - 24/10/24 14:37:03 INFO SparkContext: Successfully stopped SparkContext
[2024-10-24T14:37:03.756+0000] {spark_submit.py:524} INFO - 24/10/24 14:37:03 INFO ShutdownHookManager: Shutdown hook called
[2024-10-24T14:37:03.756+0000] {spark_submit.py:524} INFO - 24/10/24 14:37:03 INFO ShutdownHookManager: Deleting directory /tmp/spark-73d6db2a-b332-4e28-b048-a60d3cc4bcd7/pyspark-4fe38ed4-2148-4ffe-8194-91f14e2c0191
[2024-10-24T14:37:03.760+0000] {spark_submit.py:524} INFO - 24/10/24 14:37:03 INFO ShutdownHookManager: Deleting directory /tmp/spark-73d6db2a-b332-4e28-b048-a60d3cc4bcd7
[2024-10-24T14:37:03.763+0000] {spark_submit.py:524} INFO - 24/10/24 14:37:03 INFO ShutdownHookManager: Deleting directory /tmp/spark-43165ca7-f0d3-4e93-b761-96fece7e4078
[2024-10-24T14:37:03.821+0000] {taskinstance.py:1398} INFO - Marking task as SUCCESS. dag_id=api_openbrewerydb_to_silver_gold, task_id=Gold, execution_date=20231208T080000, start_date=20241024T143658, end_date=20241024T143703
[2024-10-24T14:37:03.847+0000] {local_task_job_runner.py:228} INFO - Task exited with return code 0
[2024-10-24T14:37:03.866+0000] {taskinstance.py:2776} INFO - 0 downstream tasks scheduled from follow-on schedule check
