[2024-10-24T14:35:38.997+0000] {taskinstance.py:1157} INFO - Dependencies all met for dep_context=non-requeueable deps ti=<TaskInstance: api_openbrewerydb_to_silver_gold.Gold scheduled__2023-12-02T08:00:00+00:00 [queued]>
[2024-10-24T14:35:39.004+0000] {taskinstance.py:1157} INFO - Dependencies all met for dep_context=requeueable deps ti=<TaskInstance: api_openbrewerydb_to_silver_gold.Gold scheduled__2023-12-02T08:00:00+00:00 [queued]>
[2024-10-24T14:35:39.004+0000] {taskinstance.py:1359} INFO - Starting attempt 1 of 2
[2024-10-24T14:35:39.024+0000] {taskinstance.py:1380} INFO - Executing <Task(SparkSubmitOperator): Gold> on 2023-12-02 08:00:00+00:00
[2024-10-24T14:35:39.028+0000] {standard_task_runner.py:57} INFO - Started process 13769 to run task
[2024-10-24T14:35:39.030+0000] {standard_task_runner.py:84} INFO - Running: ['***', 'tasks', 'run', 'api_openbrewerydb_to_silver_gold', 'Gold', 'scheduled__2023-12-02T08:00:00+00:00', '--job-id', '90', '--raw', '--subdir', 'DAGS_FOLDER/api_openbrewerydb_to_silver.py', '--cfg-path', '/tmp/tmpu9ombxdp']
[2024-10-24T14:35:39.034+0000] {standard_task_runner.py:85} INFO - Job 90: Subtask Gold
[2024-10-24T14:35:39.077+0000] {task_command.py:415} INFO - Running <TaskInstance: api_openbrewerydb_to_silver_gold.Gold scheduled__2023-12-02T08:00:00+00:00 [running]> on host 96f89615839b
[2024-10-24T14:35:39.165+0000] {taskinstance.py:1660} INFO - Exporting env vars: AIRFLOW_CTX_DAG_OWNER='Rodrigo Araujo' AIRFLOW_CTX_DAG_ID='api_openbrewerydb_to_silver_gold' AIRFLOW_CTX_TASK_ID='Gold' AIRFLOW_CTX_EXECUTION_DATE='2023-12-02T08:00:00+00:00' AIRFLOW_CTX_TRY_NUMBER='1' AIRFLOW_CTX_DAG_RUN_ID='scheduled__2023-12-02T08:00:00+00:00'
[2024-10-24T14:35:39.177+0000] {base.py:73} INFO - Using connection ID 'spark-conn' for task execution.
[2024-10-24T14:35:39.178+0000] {spark_submit.py:363} INFO - Spark-Submit cmd: spark-submit --master spark://spark-master:7077 --name arrow-spark jobs/gold/api_openbrewerydb.py
[2024-10-24T14:35:41.998+0000] {spark_submit.py:524} INFO - 24/10/24 14:35:41 INFO SparkContext: Running Spark version 3.5.3
[2024-10-24T14:35:42.000+0000] {spark_submit.py:524} INFO - 24/10/24 14:35:42 INFO SparkContext: OS info Linux, 5.15.0-124-generic, amd64
[2024-10-24T14:35:42.000+0000] {spark_submit.py:524} INFO - 24/10/24 14:35:42 INFO SparkContext: Java version 11.0.25
[2024-10-24T14:35:42.053+0000] {spark_submit.py:524} INFO - 24/10/24 14:35:42 WARN NativeCodeLoader: Unable to load native-hadoop library for your platform... using builtin-java classes where applicable
[2024-10-24T14:35:42.128+0000] {spark_submit.py:524} INFO - 24/10/24 14:35:42 INFO ResourceUtils: ==============================================================
[2024-10-24T14:35:42.129+0000] {spark_submit.py:524} INFO - 24/10/24 14:35:42 INFO ResourceUtils: No custom resources configured for spark.driver.
[2024-10-24T14:35:42.129+0000] {spark_submit.py:524} INFO - 24/10/24 14:35:42 INFO ResourceUtils: ==============================================================
[2024-10-24T14:35:42.129+0000] {spark_submit.py:524} INFO - 24/10/24 14:35:42 INFO SparkContext: Submitted application: IngestaoSilver
[2024-10-24T14:35:42.152+0000] {spark_submit.py:524} INFO - 24/10/24 14:35:42 INFO ResourceProfile: Default ResourceProfile created, executor resources: Map(memory -> name: memory, amount: 1024, script: , vendor: , offHeap -> name: offHeap, amount: 0, script: , vendor: ), task resources: Map(cpus -> name: cpus, amount: 1.0)
[2024-10-24T14:35:42.168+0000] {spark_submit.py:524} INFO - 24/10/24 14:35:42 INFO ResourceProfile: Limiting resource is cpu
[2024-10-24T14:35:42.169+0000] {spark_submit.py:524} INFO - 24/10/24 14:35:42 INFO ResourceProfileManager: Added ResourceProfile id: 0
[2024-10-24T14:35:42.225+0000] {spark_submit.py:524} INFO - 24/10/24 14:35:42 INFO SecurityManager: Changing view acls to: ***
[2024-10-24T14:35:42.226+0000] {spark_submit.py:524} INFO - 24/10/24 14:35:42 INFO SecurityManager: Changing modify acls to: ***
[2024-10-24T14:35:42.226+0000] {spark_submit.py:524} INFO - 24/10/24 14:35:42 INFO SecurityManager: Changing view acls groups to:
[2024-10-24T14:35:42.227+0000] {spark_submit.py:524} INFO - 24/10/24 14:35:42 INFO SecurityManager: Changing modify acls groups to:
[2024-10-24T14:35:42.228+0000] {spark_submit.py:524} INFO - 24/10/24 14:35:42 INFO SecurityManager: SecurityManager: authentication disabled; ui acls disabled; users with view permissions: ***; groups with view permissions: EMPTY; users with modify permissions: ***; groups with modify permissions: EMPTY
[2024-10-24T14:35:42.507+0000] {spark_submit.py:524} INFO - 24/10/24 14:35:42 INFO Utils: Successfully started service 'sparkDriver' on port 35909.
[2024-10-24T14:35:42.536+0000] {spark_submit.py:524} INFO - 24/10/24 14:35:42 INFO SparkEnv: Registering MapOutputTracker
[2024-10-24T14:35:42.570+0000] {spark_submit.py:524} INFO - 24/10/24 14:35:42 INFO SparkEnv: Registering BlockManagerMaster
[2024-10-24T14:35:42.591+0000] {spark_submit.py:524} INFO - 24/10/24 14:35:42 INFO BlockManagerMasterEndpoint: Using org.apache.spark.storage.DefaultTopologyMapper for getting topology information
[2024-10-24T14:35:42.592+0000] {spark_submit.py:524} INFO - 24/10/24 14:35:42 INFO BlockManagerMasterEndpoint: BlockManagerMasterEndpoint up
[2024-10-24T14:35:42.595+0000] {spark_submit.py:524} INFO - 24/10/24 14:35:42 INFO SparkEnv: Registering BlockManagerMasterHeartbeat
[2024-10-24T14:35:42.616+0000] {spark_submit.py:524} INFO - 24/10/24 14:35:42 INFO DiskBlockManager: Created local directory at /tmp/blockmgr-5df427cf-dc9c-4ddb-8a2b-2d0c343b851a
[2024-10-24T14:35:42.630+0000] {spark_submit.py:524} INFO - 24/10/24 14:35:42 INFO MemoryStore: MemoryStore started with capacity 434.4 MiB
[2024-10-24T14:35:42.645+0000] {spark_submit.py:524} INFO - 24/10/24 14:35:42 INFO SparkEnv: Registering OutputCommitCoordinator
[2024-10-24T14:35:42.790+0000] {spark_submit.py:524} INFO - 24/10/24 14:35:42 INFO JettyUtils: Start Jetty 0.0.0.0:4040 for SparkUI
[2024-10-24T14:35:42.846+0000] {spark_submit.py:524} INFO - 24/10/24 14:35:42 INFO Utils: Successfully started service 'SparkUI' on port 4040.
[2024-10-24T14:35:42.960+0000] {spark_submit.py:524} INFO - 24/10/24 14:35:42 INFO StandaloneAppClient$ClientEndpoint: Connecting to master spark://spark-master:7077...
[2024-10-24T14:35:43.007+0000] {spark_submit.py:524} INFO - 24/10/24 14:35:43 INFO TransportClientFactory: Successfully created connection to spark-master/172.18.0.2:7077 after 26 ms (0 ms spent in bootstraps)
[2024-10-24T14:35:43.092+0000] {spark_submit.py:524} INFO - 24/10/24 14:35:43 INFO StandaloneSchedulerBackend: Connected to Spark cluster with app ID app-20241024143543-0085
[2024-10-24T14:35:43.095+0000] {spark_submit.py:524} INFO - 24/10/24 14:35:43 INFO StandaloneAppClient$ClientEndpoint: Executor added: app-20241024143543-0085/0 on worker-20241024142308-172.18.0.5-43899 (172.18.0.5:43899) with 2 core(s)
[2024-10-24T14:35:43.098+0000] {spark_submit.py:524} INFO - 24/10/24 14:35:43 INFO StandaloneSchedulerBackend: Granted executor ID app-20241024143543-0085/0 on hostPort 172.18.0.5:43899 with 2 core(s), 1024.0 MiB RAM
[2024-10-24T14:35:43.104+0000] {spark_submit.py:524} INFO - 24/10/24 14:35:43 INFO Utils: Successfully started service 'org.apache.spark.network.netty.NettyBlockTransferService' on port 39335.
[2024-10-24T14:35:43.104+0000] {spark_submit.py:524} INFO - 24/10/24 14:35:43 INFO NettyBlockTransferService: Server created on 96f89615839b:39335
[2024-10-24T14:35:43.107+0000] {spark_submit.py:524} INFO - 24/10/24 14:35:43 INFO BlockManager: Using org.apache.spark.storage.RandomBlockReplicationPolicy for block replication policy
[2024-10-24T14:35:43.121+0000] {spark_submit.py:524} INFO - 24/10/24 14:35:43 INFO BlockManagerMaster: Registering BlockManager BlockManagerId(driver, 96f89615839b, 39335, None)
[2024-10-24T14:35:43.125+0000] {spark_submit.py:524} INFO - 24/10/24 14:35:43 INFO StandaloneAppClient$ClientEndpoint: Executor updated: app-20241024143543-0085/0 is now RUNNING
[2024-10-24T14:35:43.126+0000] {spark_submit.py:524} INFO - 24/10/24 14:35:43 INFO BlockManagerMasterEndpoint: Registering block manager 96f89615839b:39335 with 434.4 MiB RAM, BlockManagerId(driver, 96f89615839b, 39335, None)
[2024-10-24T14:35:43.129+0000] {spark_submit.py:524} INFO - 24/10/24 14:35:43 INFO BlockManagerMaster: Registered BlockManager BlockManagerId(driver, 96f89615839b, 39335, None)
[2024-10-24T14:35:43.131+0000] {spark_submit.py:524} INFO - 24/10/24 14:35:43 INFO BlockManager: Initialized BlockManager: BlockManagerId(driver, 96f89615839b, 39335, None)
[2024-10-24T14:35:43.414+0000] {spark_submit.py:524} INFO - 24/10/24 14:35:43 INFO StandaloneSchedulerBackend: SchedulerBackend is ready for scheduling beginning after reached minRegisteredResourcesRatio: 0.0
[2024-10-24T14:35:43.607+0000] {spark_submit.py:524} INFO - Hello from Spark!
[2024-10-24T14:35:43.609+0000] {spark_submit.py:524} INFO - 24/10/24 14:35:43 INFO SparkContext: SparkContext is stopping with exitCode 0.
[2024-10-24T14:35:43.621+0000] {spark_submit.py:524} INFO - 24/10/24 14:35:43 INFO SparkUI: Stopped Spark web UI at http://96f89615839b:4040
[2024-10-24T14:35:43.627+0000] {spark_submit.py:524} INFO - 24/10/24 14:35:43 INFO StandaloneSchedulerBackend: Shutting down all executors
[2024-10-24T14:35:43.630+0000] {spark_submit.py:524} INFO - 24/10/24 14:35:43 INFO StandaloneSchedulerBackend$StandaloneDriverEndpoint: Asking each executor to shut down
[2024-10-24T14:35:43.645+0000] {spark_submit.py:524} INFO - 24/10/24 14:35:43 INFO MapOutputTrackerMasterEndpoint: MapOutputTrackerMasterEndpoint stopped!
[2024-10-24T14:35:43.656+0000] {spark_submit.py:524} INFO - 24/10/24 14:35:43 INFO MemoryStore: MemoryStore cleared
[2024-10-24T14:35:43.656+0000] {spark_submit.py:524} INFO - 24/10/24 14:35:43 INFO BlockManager: BlockManager stopped
[2024-10-24T14:35:43.661+0000] {spark_submit.py:524} INFO - 24/10/24 14:35:43 INFO BlockManagerMaster: BlockManagerMaster stopped
[2024-10-24T14:35:43.662+0000] {spark_submit.py:524} INFO - 24/10/24 14:35:43 INFO OutputCommitCoordinator$OutputCommitCoordinatorEndpoint: OutputCommitCoordinator stopped!
[2024-10-24T14:35:43.670+0000] {spark_submit.py:524} INFO - 24/10/24 14:35:43 INFO SparkContext: Successfully stopped SparkContext
[2024-10-24T14:35:44.012+0000] {spark_submit.py:524} INFO - 24/10/24 14:35:44 INFO ShutdownHookManager: Shutdown hook called
[2024-10-24T14:35:44.012+0000] {spark_submit.py:524} INFO - 24/10/24 14:35:44 INFO ShutdownHookManager: Deleting directory /tmp/spark-d211606e-53e6-4c05-b366-da19533e2675
[2024-10-24T14:35:44.016+0000] {spark_submit.py:524} INFO - 24/10/24 14:35:44 INFO ShutdownHookManager: Deleting directory /tmp/spark-afd795aa-9541-41bf-84b4-9c90166872d7
[2024-10-24T14:35:44.019+0000] {spark_submit.py:524} INFO - 24/10/24 14:35:44 INFO ShutdownHookManager: Deleting directory /tmp/spark-d211606e-53e6-4c05-b366-da19533e2675/pyspark-00fc04f5-14e2-465f-80d8-7a0570dceebc
[2024-10-24T14:35:44.095+0000] {taskinstance.py:1398} INFO - Marking task as SUCCESS. dag_id=api_openbrewerydb_to_silver_gold, task_id=Gold, execution_date=20231202T080000, start_date=20241024T143538, end_date=20241024T143544
[2024-10-24T14:35:44.125+0000] {local_task_job_runner.py:228} INFO - Task exited with return code 0
[2024-10-24T14:35:44.141+0000] {taskinstance.py:2776} INFO - 0 downstream tasks scheduled from follow-on schedule check
