[2024-10-24T14:36:06.519+0000] {taskinstance.py:1157} INFO - Dependencies all met for dep_context=non-requeueable deps ti=<TaskInstance: api_openbrewerydb_to_silver_gold.Gold scheduled__2023-12-04T08:00:00+00:00 [queued]>
[2024-10-24T14:36:06.526+0000] {taskinstance.py:1157} INFO - Dependencies all met for dep_context=requeueable deps ti=<TaskInstance: api_openbrewerydb_to_silver_gold.Gold scheduled__2023-12-04T08:00:00+00:00 [queued]>
[2024-10-24T14:36:06.526+0000] {taskinstance.py:1359} INFO - Starting attempt 1 of 2
[2024-10-24T14:36:06.535+0000] {taskinstance.py:1380} INFO - Executing <Task(SparkSubmitOperator): Gold> on 2023-12-04 08:00:00+00:00
[2024-10-24T14:36:06.540+0000] {standard_task_runner.py:57} INFO - Started process 14407 to run task
[2024-10-24T14:36:06.542+0000] {standard_task_runner.py:84} INFO - Running: ['***', 'tasks', 'run', 'api_openbrewerydb_to_silver_gold', 'Gold', 'scheduled__2023-12-04T08:00:00+00:00', '--job-id', '94', '--raw', '--subdir', 'DAGS_FOLDER/api_openbrewerydb_to_silver.py', '--cfg-path', '/tmp/tmprqw5v91v']
[2024-10-24T14:36:06.545+0000] {standard_task_runner.py:85} INFO - Job 94: Subtask Gold
[2024-10-24T14:36:06.590+0000] {task_command.py:415} INFO - Running <TaskInstance: api_openbrewerydb_to_silver_gold.Gold scheduled__2023-12-04T08:00:00+00:00 [running]> on host 96f89615839b
[2024-10-24T14:36:06.669+0000] {taskinstance.py:1660} INFO - Exporting env vars: AIRFLOW_CTX_DAG_OWNER='Rodrigo Araujo' AIRFLOW_CTX_DAG_ID='api_openbrewerydb_to_silver_gold' AIRFLOW_CTX_TASK_ID='Gold' AIRFLOW_CTX_EXECUTION_DATE='2023-12-04T08:00:00+00:00' AIRFLOW_CTX_TRY_NUMBER='1' AIRFLOW_CTX_DAG_RUN_ID='scheduled__2023-12-04T08:00:00+00:00'
[2024-10-24T14:36:06.679+0000] {base.py:73} INFO - Using connection ID 'spark-conn' for task execution.
[2024-10-24T14:36:06.680+0000] {spark_submit.py:363} INFO - Spark-Submit cmd: spark-submit --master spark://spark-master:7077 --name arrow-spark jobs/gold/api_openbrewerydb.py
[2024-10-24T14:36:09.404+0000] {spark_submit.py:524} INFO - 24/10/24 14:36:09 INFO SparkContext: Running Spark version 3.5.3
[2024-10-24T14:36:09.406+0000] {spark_submit.py:524} INFO - 24/10/24 14:36:09 INFO SparkContext: OS info Linux, 5.15.0-124-generic, amd64
[2024-10-24T14:36:09.407+0000] {spark_submit.py:524} INFO - 24/10/24 14:36:09 INFO SparkContext: Java version 11.0.25
[2024-10-24T14:36:09.462+0000] {spark_submit.py:524} INFO - 24/10/24 14:36:09 WARN NativeCodeLoader: Unable to load native-hadoop library for your platform... using builtin-java classes where applicable
[2024-10-24T14:36:09.542+0000] {spark_submit.py:524} INFO - 24/10/24 14:36:09 INFO ResourceUtils: ==============================================================
[2024-10-24T14:36:09.542+0000] {spark_submit.py:524} INFO - 24/10/24 14:36:09 INFO ResourceUtils: No custom resources configured for spark.driver.
[2024-10-24T14:36:09.542+0000] {spark_submit.py:524} INFO - 24/10/24 14:36:09 INFO ResourceUtils: ==============================================================
[2024-10-24T14:36:09.543+0000] {spark_submit.py:524} INFO - 24/10/24 14:36:09 INFO SparkContext: Submitted application: IngestaoSilver
[2024-10-24T14:36:09.563+0000] {spark_submit.py:524} INFO - 24/10/24 14:36:09 INFO ResourceProfile: Default ResourceProfile created, executor resources: Map(memory -> name: memory, amount: 1024, script: , vendor: , offHeap -> name: offHeap, amount: 0, script: , vendor: ), task resources: Map(cpus -> name: cpus, amount: 1.0)
[2024-10-24T14:36:09.576+0000] {spark_submit.py:524} INFO - 24/10/24 14:36:09 INFO ResourceProfile: Limiting resource is cpu
[2024-10-24T14:36:09.577+0000] {spark_submit.py:524} INFO - 24/10/24 14:36:09 INFO ResourceProfileManager: Added ResourceProfile id: 0
[2024-10-24T14:36:09.622+0000] {spark_submit.py:524} INFO - 24/10/24 14:36:09 INFO SecurityManager: Changing view acls to: ***
[2024-10-24T14:36:09.622+0000] {spark_submit.py:524} INFO - 24/10/24 14:36:09 INFO SecurityManager: Changing modify acls to: ***
[2024-10-24T14:36:09.623+0000] {spark_submit.py:524} INFO - 24/10/24 14:36:09 INFO SecurityManager: Changing view acls groups to:
[2024-10-24T14:36:09.623+0000] {spark_submit.py:524} INFO - 24/10/24 14:36:09 INFO SecurityManager: Changing modify acls groups to:
[2024-10-24T14:36:09.624+0000] {spark_submit.py:524} INFO - 24/10/24 14:36:09 INFO SecurityManager: SecurityManager: authentication disabled; ui acls disabled; users with view permissions: ***; groups with view permissions: EMPTY; users with modify permissions: ***; groups with modify permissions: EMPTY
[2024-10-24T14:36:09.856+0000] {spark_submit.py:524} INFO - 24/10/24 14:36:09 INFO Utils: Successfully started service 'sparkDriver' on port 41203.
[2024-10-24T14:36:09.882+0000] {spark_submit.py:524} INFO - 24/10/24 14:36:09 INFO SparkEnv: Registering MapOutputTracker
[2024-10-24T14:36:09.913+0000] {spark_submit.py:524} INFO - 24/10/24 14:36:09 INFO SparkEnv: Registering BlockManagerMaster
[2024-10-24T14:36:09.932+0000] {spark_submit.py:524} INFO - 24/10/24 14:36:09 INFO BlockManagerMasterEndpoint: Using org.apache.spark.storage.DefaultTopologyMapper for getting topology information
[2024-10-24T14:36:09.933+0000] {spark_submit.py:524} INFO - 24/10/24 14:36:09 INFO BlockManagerMasterEndpoint: BlockManagerMasterEndpoint up
[2024-10-24T14:36:09.936+0000] {spark_submit.py:524} INFO - 24/10/24 14:36:09 INFO SparkEnv: Registering BlockManagerMasterHeartbeat
[2024-10-24T14:36:09.954+0000] {spark_submit.py:524} INFO - 24/10/24 14:36:09 INFO DiskBlockManager: Created local directory at /tmp/blockmgr-6f9ab367-23e6-4e4b-802c-3e6ed06ef665
[2024-10-24T14:36:09.966+0000] {spark_submit.py:524} INFO - 24/10/24 14:36:09 INFO MemoryStore: MemoryStore started with capacity 434.4 MiB
[2024-10-24T14:36:09.979+0000] {spark_submit.py:524} INFO - 24/10/24 14:36:09 INFO SparkEnv: Registering OutputCommitCoordinator
[2024-10-24T14:36:10.114+0000] {spark_submit.py:524} INFO - 24/10/24 14:36:10 INFO JettyUtils: Start Jetty 0.0.0.0:4040 for SparkUI
[2024-10-24T14:36:10.167+0000] {spark_submit.py:524} INFO - 24/10/24 14:36:10 INFO Utils: Successfully started service 'SparkUI' on port 4040.
[2024-10-24T14:36:10.278+0000] {spark_submit.py:524} INFO - 24/10/24 14:36:10 INFO StandaloneAppClient$ClientEndpoint: Connecting to master spark://spark-master:7077...
[2024-10-24T14:36:10.323+0000] {spark_submit.py:524} INFO - 24/10/24 14:36:10 INFO TransportClientFactory: Successfully created connection to spark-master/172.18.0.2:7077 after 25 ms (0 ms spent in bootstraps)
[2024-10-24T14:36:10.405+0000] {spark_submit.py:524} INFO - 24/10/24 14:36:10 INFO StandaloneSchedulerBackend: Connected to Spark cluster with app ID app-20241024143610-0089
[2024-10-24T14:36:10.408+0000] {spark_submit.py:524} INFO - 24/10/24 14:36:10 INFO StandaloneAppClient$ClientEndpoint: Executor added: app-20241024143610-0089/0 on worker-20241024142308-172.18.0.5-43899 (172.18.0.5:43899) with 2 core(s)
[2024-10-24T14:36:10.410+0000] {spark_submit.py:524} INFO - 24/10/24 14:36:10 INFO StandaloneSchedulerBackend: Granted executor ID app-20241024143610-0089/0 on hostPort 172.18.0.5:43899 with 2 core(s), 1024.0 MiB RAM
[2024-10-24T14:36:10.416+0000] {spark_submit.py:524} INFO - 24/10/24 14:36:10 INFO Utils: Successfully started service 'org.apache.spark.network.netty.NettyBlockTransferService' on port 42479.
[2024-10-24T14:36:10.416+0000] {spark_submit.py:524} INFO - 24/10/24 14:36:10 INFO NettyBlockTransferService: Server created on 96f89615839b:42479
[2024-10-24T14:36:10.419+0000] {spark_submit.py:524} INFO - 24/10/24 14:36:10 INFO BlockManager: Using org.apache.spark.storage.RandomBlockReplicationPolicy for block replication policy
[2024-10-24T14:36:10.435+0000] {spark_submit.py:524} INFO - 24/10/24 14:36:10 INFO BlockManagerMaster: Registering BlockManager BlockManagerId(driver, 96f89615839b, 42479, None)
[2024-10-24T14:36:10.438+0000] {spark_submit.py:524} INFO - 24/10/24 14:36:10 INFO StandaloneAppClient$ClientEndpoint: Executor updated: app-20241024143610-0089/0 is now RUNNING
[2024-10-24T14:36:10.440+0000] {spark_submit.py:524} INFO - 24/10/24 14:36:10 INFO BlockManagerMasterEndpoint: Registering block manager 96f89615839b:42479 with 434.4 MiB RAM, BlockManagerId(driver, 96f89615839b, 42479, None)
[2024-10-24T14:36:10.444+0000] {spark_submit.py:524} INFO - 24/10/24 14:36:10 INFO BlockManagerMaster: Registered BlockManager BlockManagerId(driver, 96f89615839b, 42479, None)
[2024-10-24T14:36:10.446+0000] {spark_submit.py:524} INFO - 24/10/24 14:36:10 INFO BlockManager: Initialized BlockManager: BlockManagerId(driver, 96f89615839b, 42479, None)
[2024-10-24T14:36:10.741+0000] {spark_submit.py:524} INFO - 24/10/24 14:36:10 INFO StandaloneSchedulerBackend: SchedulerBackend is ready for scheduling beginning after reached minRegisteredResourcesRatio: 0.0
[2024-10-24T14:36:10.982+0000] {spark_submit.py:524} INFO - Hello from Spark!
[2024-10-24T14:36:10.982+0000] {spark_submit.py:524} INFO - 24/10/24 14:36:10 INFO SparkContext: SparkContext is stopping with exitCode 0.
[2024-10-24T14:36:10.994+0000] {spark_submit.py:524} INFO - 24/10/24 14:36:10 INFO SparkUI: Stopped Spark web UI at http://96f89615839b:4040
[2024-10-24T14:36:11.001+0000] {spark_submit.py:524} INFO - 24/10/24 14:36:11 INFO StandaloneSchedulerBackend: Shutting down all executors
[2024-10-24T14:36:11.009+0000] {spark_submit.py:524} INFO - 24/10/24 14:36:11 INFO StandaloneSchedulerBackend$StandaloneDriverEndpoint: Asking each executor to shut down
[2024-10-24T14:36:11.028+0000] {spark_submit.py:524} INFO - 24/10/24 14:36:11 INFO MapOutputTrackerMasterEndpoint: MapOutputTrackerMasterEndpoint stopped!
[2024-10-24T14:36:11.043+0000] {spark_submit.py:524} INFO - 24/10/24 14:36:11 INFO MemoryStore: MemoryStore cleared
[2024-10-24T14:36:11.044+0000] {spark_submit.py:524} INFO - 24/10/24 14:36:11 INFO BlockManager: BlockManager stopped
[2024-10-24T14:36:11.050+0000] {spark_submit.py:524} INFO - 24/10/24 14:36:11 INFO BlockManagerMaster: BlockManagerMaster stopped
[2024-10-24T14:36:11.052+0000] {spark_submit.py:524} INFO - 24/10/24 14:36:11 INFO OutputCommitCoordinator$OutputCommitCoordinatorEndpoint: OutputCommitCoordinator stopped!
[2024-10-24T14:36:11.059+0000] {spark_submit.py:524} INFO - 24/10/24 14:36:11 INFO SparkContext: Successfully stopped SparkContext
[2024-10-24T14:36:11.329+0000] {spark_submit.py:524} INFO - 24/10/24 14:36:11 INFO ShutdownHookManager: Shutdown hook called
[2024-10-24T14:36:11.329+0000] {spark_submit.py:524} INFO - 24/10/24 14:36:11 INFO ShutdownHookManager: Deleting directory /tmp/spark-493cf8f9-01af-4e72-a3e6-bd0cbd62495c/pyspark-dc27e545-0dd3-4c3d-92e0-dfcf981207a8
[2024-10-24T14:36:11.332+0000] {spark_submit.py:524} INFO - 24/10/24 14:36:11 INFO ShutdownHookManager: Deleting directory /tmp/spark-77dd163e-19e1-4259-8af9-9066aeae04ef
[2024-10-24T14:36:11.335+0000] {spark_submit.py:524} INFO - 24/10/24 14:36:11 INFO ShutdownHookManager: Deleting directory /tmp/spark-493cf8f9-01af-4e72-a3e6-bd0cbd62495c
[2024-10-24T14:36:11.385+0000] {taskinstance.py:1398} INFO - Marking task as SUCCESS. dag_id=api_openbrewerydb_to_silver_gold, task_id=Gold, execution_date=20231204T080000, start_date=20241024T143606, end_date=20241024T143611
[2024-10-24T14:36:11.406+0000] {local_task_job_runner.py:228} INFO - Task exited with return code 0
[2024-10-24T14:36:11.424+0000] {taskinstance.py:2776} INFO - 0 downstream tasks scheduled from follow-on schedule check
