[2024-10-24T01:21:09.558+0000] {taskinstance.py:1157} INFO - Dependencies all met for dep_context=non-requeueable deps ti=<TaskInstance: api_openbrewerydb_to_silver_gold.Gold scheduled__2023-11-19T08:00:00+00:00 [queued]>
[2024-10-24T01:21:09.574+0000] {taskinstance.py:1157} INFO - Dependencies all met for dep_context=requeueable deps ti=<TaskInstance: api_openbrewerydb_to_silver_gold.Gold scheduled__2023-11-19T08:00:00+00:00 [queued]>
[2024-10-24T01:21:09.575+0000] {taskinstance.py:1359} INFO - Starting attempt 1 of 3
[2024-10-24T01:21:09.606+0000] {taskinstance.py:1380} INFO - Executing <Task(SparkSubmitOperator): Gold> on 2023-11-19 08:00:00+00:00
[2024-10-24T01:21:09.617+0000] {standard_task_runner.py:57} INFO - Started process 5850 to run task
[2024-10-24T01:21:09.622+0000] {standard_task_runner.py:84} INFO - Running: ['***', 'tasks', 'run', 'api_openbrewerydb_to_silver_gold', 'Gold', 'scheduled__2023-11-19T08:00:00+00:00', '--job-id', '100', '--raw', '--subdir', 'DAGS_FOLDER/api_openbrewerydb_to_silver.py', '--cfg-path', '/tmp/tmpdepspo2g']
[2024-10-24T01:21:09.631+0000] {standard_task_runner.py:85} INFO - Job 100: Subtask Gold
[2024-10-24T01:21:09.743+0000] {task_command.py:415} INFO - Running <TaskInstance: api_openbrewerydb_to_silver_gold.Gold scheduled__2023-11-19T08:00:00+00:00 [running]> on host de5108c6da1d
[2024-10-24T01:21:09.947+0000] {taskinstance.py:1660} INFO - Exporting env vars: AIRFLOW_CTX_DAG_OWNER='Rodrigo Araujo' AIRFLOW_CTX_DAG_ID='api_openbrewerydb_to_silver_gold' AIRFLOW_CTX_TASK_ID='Gold' AIRFLOW_CTX_EXECUTION_DATE='2023-11-19T08:00:00+00:00' AIRFLOW_CTX_TRY_NUMBER='1' AIRFLOW_CTX_DAG_RUN_ID='scheduled__2023-11-19T08:00:00+00:00'
[2024-10-24T01:21:09.969+0000] {base.py:73} INFO - Using connection ID 'spark-conn' for task execution.
[2024-10-24T01:21:09.971+0000] {spark_submit.py:363} INFO - Spark-Submit cmd: spark-submit --master spark://spark-master:7077 --name arrow-spark --queue root.default jobs/gold/api_openbrewerydb.py
[2024-10-24T01:21:16.901+0000] {spark_submit.py:524} INFO - 24/10/24 01:21:16 INFO SparkContext: Running Spark version 3.5.3
[2024-10-24T01:21:16.905+0000] {spark_submit.py:524} INFO - 24/10/24 01:21:16 INFO SparkContext: OS info Linux, 5.15.0-124-generic, amd64
[2024-10-24T01:21:16.906+0000] {spark_submit.py:524} INFO - 24/10/24 01:21:16 INFO SparkContext: Java version 11.0.25
[2024-10-24T01:21:17.069+0000] {spark_submit.py:524} INFO - 24/10/24 01:21:17 WARN NativeCodeLoader: Unable to load native-hadoop library for your platform... using builtin-java classes where applicable
[2024-10-24T01:21:17.253+0000] {spark_submit.py:524} INFO - 24/10/24 01:21:17 INFO ResourceUtils: ==============================================================
[2024-10-24T01:21:17.254+0000] {spark_submit.py:524} INFO - 24/10/24 01:21:17 INFO ResourceUtils: No custom resources configured for spark.driver.
[2024-10-24T01:21:17.255+0000] {spark_submit.py:524} INFO - 24/10/24 01:21:17 INFO ResourceUtils: ==============================================================
[2024-10-24T01:21:17.255+0000] {spark_submit.py:524} INFO - 24/10/24 01:21:17 INFO SparkContext: Submitted application: IngestaoSilver
[2024-10-24T01:21:17.295+0000] {spark_submit.py:524} INFO - 24/10/24 01:21:17 INFO ResourceProfile: Default ResourceProfile created, executor resources: Map(memory -> name: memory, amount: 1024, script: , vendor: , offHeap -> name: offHeap, amount: 0, script: , vendor: ), task resources: Map(cpus -> name: cpus, amount: 1.0)
[2024-10-24T01:21:17.323+0000] {spark_submit.py:524} INFO - 24/10/24 01:21:17 INFO ResourceProfile: Limiting resource is cpu
[2024-10-24T01:21:17.324+0000] {spark_submit.py:524} INFO - 24/10/24 01:21:17 INFO ResourceProfileManager: Added ResourceProfile id: 0
[2024-10-24T01:21:17.422+0000] {spark_submit.py:524} INFO - 24/10/24 01:21:17 INFO SecurityManager: Changing view acls to: ***
[2024-10-24T01:21:17.423+0000] {spark_submit.py:524} INFO - 24/10/24 01:21:17 INFO SecurityManager: Changing modify acls to: ***
[2024-10-24T01:21:17.424+0000] {spark_submit.py:524} INFO - 24/10/24 01:21:17 INFO SecurityManager: Changing view acls groups to:
[2024-10-24T01:21:17.425+0000] {spark_submit.py:524} INFO - 24/10/24 01:21:17 INFO SecurityManager: Changing modify acls groups to:
[2024-10-24T01:21:17.427+0000] {spark_submit.py:524} INFO - 24/10/24 01:21:17 INFO SecurityManager: SecurityManager: authentication disabled; ui acls disabled; users with view permissions: ***; groups with view permissions: EMPTY; users with modify permissions: ***; groups with modify permissions: EMPTY
[2024-10-24T01:21:17.971+0000] {spark_submit.py:524} INFO - 24/10/24 01:21:17 INFO Utils: Successfully started service 'sparkDriver' on port 39935.
[2024-10-24T01:21:18.018+0000] {spark_submit.py:524} INFO - 24/10/24 01:21:18 INFO SparkEnv: Registering MapOutputTracker
[2024-10-24T01:21:18.078+0000] {spark_submit.py:524} INFO - 24/10/24 01:21:18 INFO SparkEnv: Registering BlockManagerMaster
[2024-10-24T01:21:18.118+0000] {spark_submit.py:524} INFO - 24/10/24 01:21:18 INFO BlockManagerMasterEndpoint: Using org.apache.spark.storage.DefaultTopologyMapper for getting topology information
[2024-10-24T01:21:18.119+0000] {spark_submit.py:524} INFO - 24/10/24 01:21:18 INFO BlockManagerMasterEndpoint: BlockManagerMasterEndpoint up
[2024-10-24T01:21:18.125+0000] {spark_submit.py:524} INFO - 24/10/24 01:21:18 INFO SparkEnv: Registering BlockManagerMasterHeartbeat
[2024-10-24T01:21:18.160+0000] {spark_submit.py:524} INFO - 24/10/24 01:21:18 INFO DiskBlockManager: Created local directory at /tmp/blockmgr-a9817154-7812-46f0-8420-3f410fe8644b
[2024-10-24T01:21:18.186+0000] {spark_submit.py:524} INFO - 24/10/24 01:21:18 INFO MemoryStore: MemoryStore started with capacity 434.4 MiB
[2024-10-24T01:21:18.213+0000] {spark_submit.py:524} INFO - 24/10/24 01:21:18 INFO SparkEnv: Registering OutputCommitCoordinator
[2024-10-24T01:21:18.508+0000] {spark_submit.py:524} INFO - 24/10/24 01:21:18 INFO JettyUtils: Start Jetty 0.0.0.0:4040 for SparkUI
[2024-10-24T01:21:18.601+0000] {spark_submit.py:524} INFO - 24/10/24 01:21:18 INFO Utils: Successfully started service 'SparkUI' on port 4040.
[2024-10-24T01:21:18.827+0000] {spark_submit.py:524} INFO - 24/10/24 01:21:18 INFO StandaloneAppClient$ClientEndpoint: Connecting to master spark://spark-master:7077...
[2024-10-24T01:21:18.925+0000] {spark_submit.py:524} INFO - 24/10/24 01:21:18 INFO TransportClientFactory: Successfully created connection to spark-master/172.22.0.3:7077 after 58 ms (0 ms spent in bootstraps)
[2024-10-24T01:21:19.098+0000] {spark_submit.py:524} INFO - 24/10/24 01:21:19 INFO StandaloneSchedulerBackend: Connected to Spark cluster with app ID app-20241024012119-0031
[2024-10-24T01:21:19.104+0000] {spark_submit.py:524} INFO - 24/10/24 01:21:19 INFO StandaloneAppClient$ClientEndpoint: Executor added: app-20241024012119-0031/0 on worker-20241024010948-172.22.0.4-41535 (172.22.0.4:41535) with 2 core(s)
[2024-10-24T01:21:19.108+0000] {spark_submit.py:524} INFO - 24/10/24 01:21:19 INFO StandaloneSchedulerBackend: Granted executor ID app-20241024012119-0031/0 on hostPort 172.22.0.4:41535 with 2 core(s), 1024.0 MiB RAM
[2024-10-24T01:21:19.123+0000] {spark_submit.py:524} INFO - 24/10/24 01:21:19 INFO Utils: Successfully started service 'org.apache.spark.network.netty.NettyBlockTransferService' on port 36467.
[2024-10-24T01:21:19.124+0000] {spark_submit.py:524} INFO - 24/10/24 01:21:19 INFO NettyBlockTransferService: Server created on de5108c6da1d:36467
[2024-10-24T01:21:19.129+0000] {spark_submit.py:524} INFO - 24/10/24 01:21:19 INFO BlockManager: Using org.apache.spark.storage.RandomBlockReplicationPolicy for block replication policy
[2024-10-24T01:21:19.155+0000] {spark_submit.py:524} INFO - 24/10/24 01:21:19 INFO BlockManagerMaster: Registering BlockManager BlockManagerId(driver, de5108c6da1d, 36467, None)
[2024-10-24T01:21:19.164+0000] {spark_submit.py:524} INFO - 24/10/24 01:21:19 INFO BlockManagerMasterEndpoint: Registering block manager de5108c6da1d:36467 with 434.4 MiB RAM, BlockManagerId(driver, de5108c6da1d, 36467, None)
[2024-10-24T01:21:19.171+0000] {spark_submit.py:524} INFO - 24/10/24 01:21:19 INFO StandaloneAppClient$ClientEndpoint: Executor updated: app-20241024012119-0031/0 is now RUNNING
[2024-10-24T01:21:19.172+0000] {spark_submit.py:524} INFO - 24/10/24 01:21:19 INFO BlockManagerMaster: Registered BlockManager BlockManagerId(driver, de5108c6da1d, 36467, None)
[2024-10-24T01:21:19.178+0000] {spark_submit.py:524} INFO - 24/10/24 01:21:19 INFO BlockManager: Initialized BlockManager: BlockManagerId(driver, de5108c6da1d, 36467, None)
[2024-10-24T01:21:19.646+0000] {spark_submit.py:524} INFO - 24/10/24 01:21:19 INFO StandaloneSchedulerBackend: SchedulerBackend is ready for scheduling beginning after reached minRegisteredResourcesRatio: 0.0
[2024-10-24T01:21:20.013+0000] {spark_submit.py:524} INFO - Hello from Spark!
[2024-10-24T01:21:20.014+0000] {spark_submit.py:524} INFO - 24/10/24 01:21:20 INFO SparkContext: SparkContext is stopping with exitCode 0.
[2024-10-24T01:21:20.035+0000] {spark_submit.py:524} INFO - 24/10/24 01:21:20 INFO SparkUI: Stopped Spark web UI at http://de5108c6da1d:4040
[2024-10-24T01:21:20.047+0000] {spark_submit.py:524} INFO - 24/10/24 01:21:20 INFO StandaloneSchedulerBackend: Shutting down all executors
[2024-10-24T01:21:20.054+0000] {spark_submit.py:524} INFO - 24/10/24 01:21:20 INFO StandaloneSchedulerBackend$StandaloneDriverEndpoint: Asking each executor to shut down
[2024-10-24T01:21:20.089+0000] {spark_submit.py:524} INFO - 24/10/24 01:21:20 INFO MapOutputTrackerMasterEndpoint: MapOutputTrackerMasterEndpoint stopped!
[2024-10-24T01:21:20.117+0000] {spark_submit.py:524} INFO - 24/10/24 01:21:20 INFO MemoryStore: MemoryStore cleared
[2024-10-24T01:21:20.118+0000] {spark_submit.py:524} INFO - 24/10/24 01:21:20 INFO BlockManager: BlockManager stopped
[2024-10-24T01:21:20.134+0000] {spark_submit.py:524} INFO - 24/10/24 01:21:20 INFO BlockManagerMaster: BlockManagerMaster stopped
[2024-10-24T01:21:20.137+0000] {spark_submit.py:524} INFO - 24/10/24 01:21:20 INFO OutputCommitCoordinator$OutputCommitCoordinatorEndpoint: OutputCommitCoordinator stopped!
[2024-10-24T01:21:20.149+0000] {spark_submit.py:524} INFO - 24/10/24 01:21:20 INFO SparkContext: Successfully stopped SparkContext
[2024-10-24T01:21:20.284+0000] {spark_submit.py:524} INFO - 24/10/24 01:21:20 INFO ShutdownHookManager: Shutdown hook called
[2024-10-24T01:21:20.285+0000] {spark_submit.py:524} INFO - 24/10/24 01:21:20 INFO ShutdownHookManager: Deleting directory /tmp/spark-6d4c3358-e642-4392-a1a4-dfac8dd28a17
[2024-10-24T01:21:20.290+0000] {spark_submit.py:524} INFO - 24/10/24 01:21:20 INFO ShutdownHookManager: Deleting directory /tmp/spark-966017f8-a88f-4840-b41c-ff3924d44140/pyspark-12aae616-4fdd-4fcf-9de4-0ac074cd999c
[2024-10-24T01:21:20.295+0000] {spark_submit.py:524} INFO - 24/10/24 01:21:20 INFO ShutdownHookManager: Deleting directory /tmp/spark-966017f8-a88f-4840-b41c-ff3924d44140
[2024-10-24T01:21:20.412+0000] {taskinstance.py:1398} INFO - Marking task as SUCCESS. dag_id=api_openbrewerydb_to_silver_gold, task_id=Gold, execution_date=20231119T080000, start_date=20241024T012109, end_date=20241024T012120
[2024-10-24T01:21:20.444+0000] {local_task_job_runner.py:228} INFO - Task exited with return code 0
[2024-10-24T01:21:20.475+0000] {taskinstance.py:2776} INFO - 0 downstream tasks scheduled from follow-on schedule check
