[2024-10-24T01:49:51.788+0000] {taskinstance.py:1157} INFO - Dependencies all met for dep_context=non-requeueable deps ti=<TaskInstance: api_openbrewerydb_to_silver_gold.Silver manual__2024-10-24T01:49:34.758868+00:00 [queued]>
[2024-10-24T01:49:51.795+0000] {taskinstance.py:1157} INFO - Dependencies all met for dep_context=requeueable deps ti=<TaskInstance: api_openbrewerydb_to_silver_gold.Silver manual__2024-10-24T01:49:34.758868+00:00 [queued]>
[2024-10-24T01:49:51.795+0000] {taskinstance.py:1359} INFO - Starting attempt 1 of 2
[2024-10-24T01:49:51.805+0000] {taskinstance.py:1380} INFO - Executing <Task(SparkSubmitOperator): Silver> on 2024-10-24 01:49:34.758868+00:00
[2024-10-24T01:49:51.809+0000] {standard_task_runner.py:57} INFO - Started process 591 to run task
[2024-10-24T01:49:51.811+0000] {standard_task_runner.py:84} INFO - Running: ['***', 'tasks', 'run', 'api_openbrewerydb_to_silver_gold', 'Silver', 'manual__2024-10-24T01:49:34.758868+00:00', '--job-id', '198', '--raw', '--subdir', 'DAGS_FOLDER/api_openbrewerydb_to_silver.py', '--cfg-path', '/tmp/tmprfmv_wbf']
[2024-10-24T01:49:51.812+0000] {standard_task_runner.py:85} INFO - Job 198: Subtask Silver
[2024-10-24T01:49:51.858+0000] {task_command.py:415} INFO - Running <TaskInstance: api_openbrewerydb_to_silver_gold.Silver manual__2024-10-24T01:49:34.758868+00:00 [running]> on host de5108c6da1d
[2024-10-24T01:49:51.959+0000] {taskinstance.py:1660} INFO - Exporting env vars: AIRFLOW_CTX_DAG_OWNER='Rodrigo Araujo' AIRFLOW_CTX_DAG_ID='api_openbrewerydb_to_silver_gold' AIRFLOW_CTX_TASK_ID='Silver' AIRFLOW_CTX_EXECUTION_DATE='2024-10-24T01:49:34.758868+00:00' AIRFLOW_CTX_TRY_NUMBER='1' AIRFLOW_CTX_DAG_RUN_ID='manual__2024-10-24T01:49:34.758868+00:00'
[2024-10-24T01:49:51.974+0000] {base.py:73} INFO - Using connection ID 'spark-conn' for task execution.
[2024-10-24T01:49:51.975+0000] {spark_submit.py:363} INFO - Spark-Submit cmd: spark-submit --master spark://spark-master:7077 --name arrow-spark --queue root.default jobs/silver/api_openbrewerydb.py
[2024-10-24T01:49:55.627+0000] {spark_submit.py:524} INFO - 24/10/24 01:49:55 INFO SparkContext: Running Spark version 3.5.3
[2024-10-24T01:49:55.629+0000] {spark_submit.py:524} INFO - 24/10/24 01:49:55 INFO SparkContext: OS info Linux, 5.15.0-124-generic, amd64
[2024-10-24T01:49:55.629+0000] {spark_submit.py:524} INFO - 24/10/24 01:49:55 INFO SparkContext: Java version 11.0.25
[2024-10-24T01:49:55.698+0000] {spark_submit.py:524} INFO - 24/10/24 01:49:55 WARN NativeCodeLoader: Unable to load native-hadoop library for your platform... using builtin-java classes where applicable
[2024-10-24T01:49:55.816+0000] {spark_submit.py:524} INFO - 24/10/24 01:49:55 INFO ResourceUtils: ==============================================================
[2024-10-24T01:49:55.816+0000] {spark_submit.py:524} INFO - 24/10/24 01:49:55 INFO ResourceUtils: No custom resources configured for spark.driver.
[2024-10-24T01:49:55.817+0000] {spark_submit.py:524} INFO - 24/10/24 01:49:55 INFO ResourceUtils: ==============================================================
[2024-10-24T01:49:55.818+0000] {spark_submit.py:524} INFO - 24/10/24 01:49:55 INFO SparkContext: Submitted application: IngestaoSilver
[2024-10-24T01:49:55.842+0000] {spark_submit.py:524} INFO - 24/10/24 01:49:55 INFO ResourceProfile: Default ResourceProfile created, executor resources: Map(memory -> name: memory, amount: 1024, script: , vendor: , offHeap -> name: offHeap, amount: 0, script: , vendor: ), task resources: Map(cpus -> name: cpus, amount: 1.0)
[2024-10-24T01:49:55.856+0000] {spark_submit.py:524} INFO - 24/10/24 01:49:55 INFO ResourceProfile: Limiting resource is cpu
[2024-10-24T01:49:55.857+0000] {spark_submit.py:524} INFO - 24/10/24 01:49:55 INFO ResourceProfileManager: Added ResourceProfile id: 0
[2024-10-24T01:49:55.911+0000] {spark_submit.py:524} INFO - 24/10/24 01:49:55 INFO SecurityManager: Changing view acls to: ***
[2024-10-24T01:49:55.912+0000] {spark_submit.py:524} INFO - 24/10/24 01:49:55 INFO SecurityManager: Changing modify acls to: ***
[2024-10-24T01:49:55.912+0000] {spark_submit.py:524} INFO - 24/10/24 01:49:55 INFO SecurityManager: Changing view acls groups to:
[2024-10-24T01:49:55.913+0000] {spark_submit.py:524} INFO - 24/10/24 01:49:55 INFO SecurityManager: Changing modify acls groups to:
[2024-10-24T01:49:55.914+0000] {spark_submit.py:524} INFO - 24/10/24 01:49:55 INFO SecurityManager: SecurityManager: authentication disabled; ui acls disabled; users with view permissions: ***; groups with view permissions: EMPTY; users with modify permissions: ***; groups with modify permissions: EMPTY
[2024-10-24T01:49:56.206+0000] {spark_submit.py:524} INFO - 24/10/24 01:49:56 INFO Utils: Successfully started service 'sparkDriver' on port 38645.
[2024-10-24T01:49:56.232+0000] {spark_submit.py:524} INFO - 24/10/24 01:49:56 INFO SparkEnv: Registering MapOutputTracker
[2024-10-24T01:49:56.264+0000] {spark_submit.py:524} INFO - 24/10/24 01:49:56 INFO SparkEnv: Registering BlockManagerMaster
[2024-10-24T01:49:56.286+0000] {spark_submit.py:524} INFO - 24/10/24 01:49:56 INFO BlockManagerMasterEndpoint: Using org.apache.spark.storage.DefaultTopologyMapper for getting topology information
[2024-10-24T01:49:56.287+0000] {spark_submit.py:524} INFO - 24/10/24 01:49:56 INFO BlockManagerMasterEndpoint: BlockManagerMasterEndpoint up
[2024-10-24T01:49:56.290+0000] {spark_submit.py:524} INFO - 24/10/24 01:49:56 INFO SparkEnv: Registering BlockManagerMasterHeartbeat
[2024-10-24T01:49:56.309+0000] {spark_submit.py:524} INFO - 24/10/24 01:49:56 INFO DiskBlockManager: Created local directory at /tmp/blockmgr-4e910623-ceb1-4698-9c4e-61ac1ec85403
[2024-10-24T01:49:56.322+0000] {spark_submit.py:524} INFO - 24/10/24 01:49:56 INFO MemoryStore: MemoryStore started with capacity 434.4 MiB
[2024-10-24T01:49:56.335+0000] {spark_submit.py:524} INFO - 24/10/24 01:49:56 INFO SparkEnv: Registering OutputCommitCoordinator
[2024-10-24T01:49:56.471+0000] {spark_submit.py:524} INFO - 24/10/24 01:49:56 INFO JettyUtils: Start Jetty 0.0.0.0:4040 for SparkUI
[2024-10-24T01:49:56.521+0000] {spark_submit.py:524} INFO - 24/10/24 01:49:56 INFO Utils: Successfully started service 'SparkUI' on port 4040.
[2024-10-24T01:49:56.657+0000] {spark_submit.py:524} INFO - 24/10/24 01:49:56 INFO StandaloneAppClient$ClientEndpoint: Connecting to master spark://spark-master:7077...
[2024-10-24T01:49:56.709+0000] {spark_submit.py:524} INFO - 24/10/24 01:49:56 INFO TransportClientFactory: Successfully created connection to spark-master/172.22.0.3:7077 after 28 ms (0 ms spent in bootstraps)
[2024-10-24T01:49:56.810+0000] {spark_submit.py:524} INFO - 24/10/24 01:49:56 INFO StandaloneSchedulerBackend: Connected to Spark cluster with app ID app-20241024014956-0002
[2024-10-24T01:49:56.815+0000] {spark_submit.py:524} INFO - 24/10/24 01:49:56 INFO StandaloneAppClient$ClientEndpoint: Executor added: app-20241024014956-0002/0 on worker-20241024014549-172.22.0.5-40403 (172.22.0.5:40403) with 2 core(s)
[2024-10-24T01:49:56.818+0000] {spark_submit.py:524} INFO - 24/10/24 01:49:56 INFO StandaloneSchedulerBackend: Granted executor ID app-20241024014956-0002/0 on hostPort 172.22.0.5:40403 with 2 core(s), 1024.0 MiB RAM
[2024-10-24T01:49:56.829+0000] {spark_submit.py:524} INFO - 24/10/24 01:49:56 INFO Utils: Successfully started service 'org.apache.spark.network.netty.NettyBlockTransferService' on port 42809.
[2024-10-24T01:49:56.830+0000] {spark_submit.py:524} INFO - 24/10/24 01:49:56 INFO NettyBlockTransferService: Server created on de5108c6da1d:42809
[2024-10-24T01:49:56.837+0000] {spark_submit.py:524} INFO - 24/10/24 01:49:56 INFO BlockManager: Using org.apache.spark.storage.RandomBlockReplicationPolicy for block replication policy
[2024-10-24T01:49:56.857+0000] {spark_submit.py:524} INFO - 24/10/24 01:49:56 INFO BlockManagerMaster: Registering BlockManager BlockManagerId(driver, de5108c6da1d, 42809, None)
[2024-10-24T01:49:56.872+0000] {spark_submit.py:524} INFO - 24/10/24 01:49:56 INFO BlockManagerMasterEndpoint: Registering block manager de5108c6da1d:42809 with 434.4 MiB RAM, BlockManagerId(driver, de5108c6da1d, 42809, None)
[2024-10-24T01:49:56.893+0000] {spark_submit.py:524} INFO - 24/10/24 01:49:56 INFO BlockManagerMaster: Registered BlockManager BlockManagerId(driver, de5108c6da1d, 42809, None)
[2024-10-24T01:49:56.899+0000] {spark_submit.py:524} INFO - 24/10/24 01:49:56 INFO BlockManager: Initialized BlockManager: BlockManagerId(driver, de5108c6da1d, 42809, None)
[2024-10-24T01:49:56.926+0000] {spark_submit.py:524} INFO - 24/10/24 01:49:56 INFO StandaloneAppClient$ClientEndpoint: Executor updated: app-20241024014956-0002/0 is now RUNNING
[2024-10-24T01:49:57.740+0000] {spark_submit.py:524} INFO - 24/10/24 01:49:57 INFO StandaloneSchedulerBackend: SchedulerBackend is ready for scheduling beginning after reached minRegisteredResourcesRatio: 0.0
[2024-10-24T01:49:58.016+0000] {spark_submit.py:524} INFO - Hello from Spark!
[2024-10-24T01:49:58.017+0000] {spark_submit.py:524} INFO - 24/10/24 01:49:58 INFO SparkContext: SparkContext is stopping with exitCode 0.
[2024-10-24T01:49:58.032+0000] {spark_submit.py:524} INFO - 24/10/24 01:49:58 INFO SparkUI: Stopped Spark web UI at http://de5108c6da1d:4040
[2024-10-24T01:49:58.042+0000] {spark_submit.py:524} INFO - 24/10/24 01:49:58 INFO StandaloneSchedulerBackend: Shutting down all executors
[2024-10-24T01:49:58.047+0000] {spark_submit.py:524} INFO - 24/10/24 01:49:58 INFO StandaloneSchedulerBackend$StandaloneDriverEndpoint: Asking each executor to shut down
[2024-10-24T01:49:58.076+0000] {spark_submit.py:524} INFO - 24/10/24 01:49:58 INFO MapOutputTrackerMasterEndpoint: MapOutputTrackerMasterEndpoint stopped!
[2024-10-24T01:49:58.088+0000] {spark_submit.py:524} INFO - 24/10/24 01:49:58 INFO MemoryStore: MemoryStore cleared
[2024-10-24T01:49:58.089+0000] {spark_submit.py:524} INFO - 24/10/24 01:49:58 INFO BlockManager: BlockManager stopped
[2024-10-24T01:49:58.096+0000] {spark_submit.py:524} INFO - 24/10/24 01:49:58 INFO BlockManagerMaster: BlockManagerMaster stopped
[2024-10-24T01:49:58.099+0000] {spark_submit.py:524} INFO - 24/10/24 01:49:58 INFO OutputCommitCoordinator$OutputCommitCoordinatorEndpoint: OutputCommitCoordinator stopped!
[2024-10-24T01:49:58.113+0000] {spark_submit.py:524} INFO - 24/10/24 01:49:58 INFO SparkContext: Successfully stopped SparkContext
[2024-10-24T01:49:58.426+0000] {spark_submit.py:524} INFO - 24/10/24 01:49:58 INFO ShutdownHookManager: Shutdown hook called
[2024-10-24T01:49:58.427+0000] {spark_submit.py:524} INFO - 24/10/24 01:49:58 INFO ShutdownHookManager: Deleting directory /tmp/spark-05e71eea-98b6-4204-ae9c-5b6e275952bc
[2024-10-24T01:49:58.431+0000] {spark_submit.py:524} INFO - 24/10/24 01:49:58 INFO ShutdownHookManager: Deleting directory /tmp/spark-05e71eea-98b6-4204-ae9c-5b6e275952bc/pyspark-0a6bc529-4172-4af1-8377-20bc4c32af7b
[2024-10-24T01:49:58.434+0000] {spark_submit.py:524} INFO - 24/10/24 01:49:58 INFO ShutdownHookManager: Deleting directory /tmp/spark-862b6914-0d83-45f6-8343-fc0e965e574b
[2024-10-24T01:49:58.492+0000] {taskinstance.py:1398} INFO - Marking task as SUCCESS. dag_id=api_openbrewerydb_to_silver_gold, task_id=Silver, execution_date=20241024T014934, start_date=20241024T014951, end_date=20241024T014958
[2024-10-24T01:49:58.519+0000] {local_task_job_runner.py:228} INFO - Task exited with return code 0
[2024-10-24T01:49:58.548+0000] {taskinstance.py:2776} INFO - 1 downstream tasks scheduled from follow-on schedule check
