[2024-10-24T01:12:25.031+0000] {taskinstance.py:1157} INFO - Dependencies all met for dep_context=non-requeueable deps ti=<TaskInstance: api_openbrewerydb_to_silver_gold.Silver scheduled__2023-11-02T08:00:00+00:00 [queued]>
[2024-10-24T01:12:25.101+0000] {taskinstance.py:1157} INFO - Dependencies all met for dep_context=requeueable deps ti=<TaskInstance: api_openbrewerydb_to_silver_gold.Silver scheduled__2023-11-02T08:00:00+00:00 [queued]>
[2024-10-24T01:12:25.108+0000] {taskinstance.py:1359} INFO - Starting attempt 1 of 3
[2024-10-24T01:12:25.458+0000] {taskinstance.py:1380} INFO - Executing <Task(SparkSubmitOperator): Silver> on 2023-11-02 08:00:00+00:00
[2024-10-24T01:12:25.466+0000] {standard_task_runner.py:57} INFO - Started process 581 to run task
[2024-10-24T01:12:25.509+0000] {standard_task_runner.py:84} INFO - Running: ['***', 'tasks', 'run', 'api_openbrewerydb_to_silver_gold', 'Silver', 'scheduled__2023-11-02T08:00:00+00:00', '--job-id', '51', '--raw', '--subdir', 'DAGS_FOLDER/api_openbrewerydb_to_silver.py', '--cfg-path', '/tmp/tmpgs12p38d']
[2024-10-24T01:12:25.523+0000] {standard_task_runner.py:85} INFO - Job 51: Subtask Silver
[2024-10-24T01:12:25.807+0000] {task_command.py:415} INFO - Running <TaskInstance: api_openbrewerydb_to_silver_gold.Silver scheduled__2023-11-02T08:00:00+00:00 [running]> on host de5108c6da1d
[2024-10-24T01:12:26.234+0000] {taskinstance.py:1660} INFO - Exporting env vars: AIRFLOW_CTX_DAG_OWNER='Rodrigo Araujo' AIRFLOW_CTX_DAG_ID='api_openbrewerydb_to_silver_gold' AIRFLOW_CTX_TASK_ID='Silver' AIRFLOW_CTX_EXECUTION_DATE='2023-11-02T08:00:00+00:00' AIRFLOW_CTX_TRY_NUMBER='1' AIRFLOW_CTX_DAG_RUN_ID='scheduled__2023-11-02T08:00:00+00:00'
[2024-10-24T01:12:26.287+0000] {base.py:73} INFO - Using connection ID 'spark-conn' for task execution.
[2024-10-24T01:12:26.288+0000] {spark_submit.py:363} INFO - Spark-Submit cmd: spark-submit --master spark://spark-master:7077 --name arrow-spark --queue root.default jobs/silver/api_openbrewerydb.py
[2024-10-24T01:17:18.405+0000] {local_task_job_runner.py:294} WARNING - State of this instance has been externally set to scheduled. Terminating instance.
[2024-10-24T01:17:18.895+0000] {process_utils.py:131} INFO - Sending 15 to group 581. PIDs of all processes in the group: [650, 581]
[2024-10-24T01:17:19.143+0000] {process_utils.py:86} INFO - Sending the signal 15 to group 581
[2024-10-24T01:17:19.229+0000] {taskinstance.py:1630} ERROR - Received SIGTERM. Terminating subprocesses.
[2024-10-24T01:17:19.288+0000] {spark_submit.py:654} INFO - Sending kill signal to spark-submit
[2024-10-24T01:17:19.543+0000] {taskinstance.py:1935} ERROR - Task failed with exception
Traceback (most recent call last):
  File "/home/airflow/.local/lib/python3.11/site-packages/airflow/providers/apache/spark/operators/spark_submit.py", line 183, in execute
    self._hook.submit(self._application)
  File "/home/airflow/.local/lib/python3.11/site-packages/airflow/providers/apache/spark/hooks/spark_submit.py", line 438, in submit
    self._process_spark_submit_log(iter(self._submit_sp.stdout))  # type: ignore
    ^^^^^^^^^^^^^^^^^^^^^^^^^^^^^^^^^^^^^^^^^^^^^^^^^^^^^^^^^^^^
  File "/home/airflow/.local/lib/python3.11/site-packages/airflow/providers/apache/spark/hooks/spark_submit.py", line 492, in _process_spark_submit_log
    for line in itr:
  File "/home/airflow/.local/lib/python3.11/site-packages/airflow/models/taskinstance.py", line 1632, in signal_handler
    raise AirflowException("Task received SIGTERM signal")
airflow.exceptions.AirflowException: Task received SIGTERM signal
[2024-10-24T01:17:19.600+0000] {taskinstance.py:1398} INFO - Marking task as UP_FOR_RETRY. dag_id=api_openbrewerydb_to_silver_gold, task_id=Silver, execution_date=20231102T080000, start_date=20241024T011225, end_date=20241024T011719
[2024-10-24T01:17:19.768+0000] {standard_task_runner.py:104} ERROR - Failed to execute job 51 for task Silver (Task received SIGTERM signal; 581)
[2024-10-24T01:17:19.907+0000] {process_utils.py:79} INFO - Process psutil.Process(pid=650, status='terminated', started='01:12:25') (650) terminated with exit code None
[2024-10-24T01:17:19.908+0000] {process_utils.py:79} INFO - Process psutil.Process(pid=581, status='terminated', exitcode=1, started='01:12:24') (581) terminated with exit code 1
