[2024-10-24T15:04:41.501+0000] {taskinstance.py:1157} INFO - Dependencies all met for dep_context=non-requeueable deps ti=<TaskInstance: api_openbrewerydb_to_silver_gold.Gold scheduled__2024-10-22T08:00:00+00:00 [queued]>
[2024-10-24T15:04:41.508+0000] {taskinstance.py:1157} INFO - Dependencies all met for dep_context=requeueable deps ti=<TaskInstance: api_openbrewerydb_to_silver_gold.Gold scheduled__2024-10-22T08:00:00+00:00 [queued]>
[2024-10-24T15:04:41.509+0000] {taskinstance.py:1359} INFO - Starting attempt 1 of 2
[2024-10-24T15:04:41.519+0000] {taskinstance.py:1380} INFO - Executing <Task(SparkSubmitOperator): Gold> on 2024-10-22 08:00:00+00:00
[2024-10-24T15:04:41.522+0000] {standard_task_runner.py:57} INFO - Started process 353 to run task
[2024-10-24T15:04:41.524+0000] {standard_task_runner.py:84} INFO - Running: ['***', 'tasks', 'run', 'api_openbrewerydb_to_silver_gold', 'Gold', 'scheduled__2024-10-22T08:00:00+00:00', '--job-id', '121', '--raw', '--subdir', 'DAGS_FOLDER/api_openbrewerydb_to_silver.py', '--cfg-path', '/tmp/tmpff6wx714']
[2024-10-24T15:04:41.528+0000] {standard_task_runner.py:85} INFO - Job 121: Subtask Gold
[2024-10-24T15:04:41.572+0000] {task_command.py:415} INFO - Running <TaskInstance: api_openbrewerydb_to_silver_gold.Gold scheduled__2024-10-22T08:00:00+00:00 [running]> on host 96f89615839b
[2024-10-24T15:04:41.654+0000] {taskinstance.py:1660} INFO - Exporting env vars: AIRFLOW_CTX_DAG_OWNER='Rodrigo Araujo' AIRFLOW_CTX_DAG_ID='api_openbrewerydb_to_silver_gold' AIRFLOW_CTX_TASK_ID='Gold' AIRFLOW_CTX_EXECUTION_DATE='2024-10-22T08:00:00+00:00' AIRFLOW_CTX_TRY_NUMBER='1' AIRFLOW_CTX_DAG_RUN_ID='scheduled__2024-10-22T08:00:00+00:00'
[2024-10-24T15:04:41.665+0000] {base.py:73} INFO - Using connection ID 'spark-conn' for task execution.
[2024-10-24T15:04:41.665+0000] {spark_submit.py:363} INFO - Spark-Submit cmd: spark-submit --master spark://spark-master:7077 --name arrow-spark jobs/gold/api_openbrewerydb.py
[2024-10-24T15:04:44.841+0000] {spark_submit.py:524} INFO - 24/10/24 15:04:44 INFO SparkContext: Running Spark version 3.5.3
[2024-10-24T15:04:44.843+0000] {spark_submit.py:524} INFO - 24/10/24 15:04:44 INFO SparkContext: OS info Linux, 5.15.0-124-generic, amd64
[2024-10-24T15:04:44.843+0000] {spark_submit.py:524} INFO - 24/10/24 15:04:44 INFO SparkContext: Java version 11.0.25
[2024-10-24T15:04:44.906+0000] {spark_submit.py:524} INFO - 24/10/24 15:04:44 WARN NativeCodeLoader: Unable to load native-hadoop library for your platform... using builtin-java classes where applicable
[2024-10-24T15:04:44.988+0000] {spark_submit.py:524} INFO - 24/10/24 15:04:44 INFO ResourceUtils: ==============================================================
[2024-10-24T15:04:44.988+0000] {spark_submit.py:524} INFO - 24/10/24 15:04:44 INFO ResourceUtils: No custom resources configured for spark.driver.
[2024-10-24T15:04:44.988+0000] {spark_submit.py:524} INFO - 24/10/24 15:04:44 INFO ResourceUtils: ==============================================================
[2024-10-24T15:04:44.989+0000] {spark_submit.py:524} INFO - 24/10/24 15:04:44 INFO SparkContext: Submitted application: IngestaoSilver
[2024-10-24T15:04:45.008+0000] {spark_submit.py:524} INFO - 24/10/24 15:04:45 INFO ResourceProfile: Default ResourceProfile created, executor resources: Map(memory -> name: memory, amount: 1024, script: , vendor: , offHeap -> name: offHeap, amount: 0, script: , vendor: ), task resources: Map(cpus -> name: cpus, amount: 1.0)
[2024-10-24T15:04:45.020+0000] {spark_submit.py:524} INFO - 24/10/24 15:04:45 INFO ResourceProfile: Limiting resource is cpu
[2024-10-24T15:04:45.021+0000] {spark_submit.py:524} INFO - 24/10/24 15:04:45 INFO ResourceProfileManager: Added ResourceProfile id: 0
[2024-10-24T15:04:45.071+0000] {spark_submit.py:524} INFO - 24/10/24 15:04:45 INFO SecurityManager: Changing view acls to: ***
[2024-10-24T15:04:45.071+0000] {spark_submit.py:524} INFO - 24/10/24 15:04:45 INFO SecurityManager: Changing modify acls to: ***
[2024-10-24T15:04:45.072+0000] {spark_submit.py:524} INFO - 24/10/24 15:04:45 INFO SecurityManager: Changing view acls groups to:
[2024-10-24T15:04:45.072+0000] {spark_submit.py:524} INFO - 24/10/24 15:04:45 INFO SecurityManager: Changing modify acls groups to:
[2024-10-24T15:04:45.073+0000] {spark_submit.py:524} INFO - 24/10/24 15:04:45 INFO SecurityManager: SecurityManager: authentication disabled; ui acls disabled; users with view permissions: ***; groups with view permissions: EMPTY; users with modify permissions: ***; groups with modify permissions: EMPTY
[2024-10-24T15:04:45.298+0000] {spark_submit.py:524} INFO - 24/10/24 15:04:45 INFO Utils: Successfully started service 'sparkDriver' on port 44667.
[2024-10-24T15:04:45.321+0000] {spark_submit.py:524} INFO - 24/10/24 15:04:45 INFO SparkEnv: Registering MapOutputTracker
[2024-10-24T15:04:45.349+0000] {spark_submit.py:524} INFO - 24/10/24 15:04:45 INFO SparkEnv: Registering BlockManagerMaster
[2024-10-24T15:04:45.369+0000] {spark_submit.py:524} INFO - 24/10/24 15:04:45 INFO BlockManagerMasterEndpoint: Using org.apache.spark.storage.DefaultTopologyMapper for getting topology information
[2024-10-24T15:04:45.369+0000] {spark_submit.py:524} INFO - 24/10/24 15:04:45 INFO BlockManagerMasterEndpoint: BlockManagerMasterEndpoint up
[2024-10-24T15:04:45.373+0000] {spark_submit.py:524} INFO - 24/10/24 15:04:45 INFO SparkEnv: Registering BlockManagerMasterHeartbeat
[2024-10-24T15:04:45.391+0000] {spark_submit.py:524} INFO - 24/10/24 15:04:45 INFO DiskBlockManager: Created local directory at /tmp/blockmgr-13a0240e-5256-4c45-ac0f-cabe44e9abff
[2024-10-24T15:04:45.404+0000] {spark_submit.py:524} INFO - 24/10/24 15:04:45 INFO MemoryStore: MemoryStore started with capacity 434.4 MiB
[2024-10-24T15:04:45.417+0000] {spark_submit.py:524} INFO - 24/10/24 15:04:45 INFO SparkEnv: Registering OutputCommitCoordinator
[2024-10-24T15:04:45.555+0000] {spark_submit.py:524} INFO - 24/10/24 15:04:45 INFO JettyUtils: Start Jetty 0.0.0.0:4040 for SparkUI
[2024-10-24T15:04:45.605+0000] {spark_submit.py:524} INFO - 24/10/24 15:04:45 INFO Utils: Successfully started service 'SparkUI' on port 4040.
[2024-10-24T15:04:45.728+0000] {spark_submit.py:524} INFO - 24/10/24 15:04:45 INFO StandaloneAppClient$ClientEndpoint: Connecting to master spark://spark-master:7077...
[2024-10-24T15:04:45.867+0000] {spark_submit.py:524} INFO - 24/10/24 15:04:45 INFO TransportClientFactory: Successfully created connection to spark-master/172.18.0.3:7077 after 93 ms (0 ms spent in bootstraps)
[2024-10-24T15:04:45.993+0000] {spark_submit.py:524} INFO - 24/10/24 15:04:45 INFO StandaloneSchedulerBackend: Connected to Spark cluster with app ID app-20241024150445-0001
[2024-10-24T15:04:45.997+0000] {spark_submit.py:524} INFO - 24/10/24 15:04:45 INFO StandaloneAppClient$ClientEndpoint: Executor added: app-20241024150445-0001/0 on worker-20241024150342-172.18.0.5-40617 (172.18.0.5:40617) with 2 core(s)
[2024-10-24T15:04:46.000+0000] {spark_submit.py:524} INFO - 24/10/24 15:04:46 INFO StandaloneSchedulerBackend: Granted executor ID app-20241024150445-0001/0 on hostPort 172.18.0.5:40617 with 2 core(s), 1024.0 MiB RAM
[2024-10-24T15:04:46.009+0000] {spark_submit.py:524} INFO - 24/10/24 15:04:46 INFO Utils: Successfully started service 'org.apache.spark.network.netty.NettyBlockTransferService' on port 43665.
[2024-10-24T15:04:46.009+0000] {spark_submit.py:524} INFO - 24/10/24 15:04:46 INFO NettyBlockTransferService: Server created on 96f89615839b:43665
[2024-10-24T15:04:46.011+0000] {spark_submit.py:524} INFO - 24/10/24 15:04:46 INFO BlockManager: Using org.apache.spark.storage.RandomBlockReplicationPolicy for block replication policy
[2024-10-24T15:04:46.026+0000] {spark_submit.py:524} INFO - 24/10/24 15:04:46 INFO BlockManagerMaster: Registering BlockManager BlockManagerId(driver, 96f89615839b, 43665, None)
[2024-10-24T15:04:46.034+0000] {spark_submit.py:524} INFO - 24/10/24 15:04:46 INFO BlockManagerMasterEndpoint: Registering block manager 96f89615839b:43665 with 434.4 MiB RAM, BlockManagerId(driver, 96f89615839b, 43665, None)
[2024-10-24T15:04:46.041+0000] {spark_submit.py:524} INFO - 24/10/24 15:04:46 INFO BlockManagerMaster: Registered BlockManager BlockManagerId(driver, 96f89615839b, 43665, None)
[2024-10-24T15:04:46.044+0000] {spark_submit.py:524} INFO - 24/10/24 15:04:46 INFO BlockManager: Initialized BlockManager: BlockManagerId(driver, 96f89615839b, 43665, None)
[2024-10-24T15:04:46.064+0000] {spark_submit.py:524} INFO - 24/10/24 15:04:46 INFO StandaloneAppClient$ClientEndpoint: Executor updated: app-20241024150445-0001/0 is now RUNNING
[2024-10-24T15:04:46.413+0000] {spark_submit.py:524} INFO - 24/10/24 15:04:46 INFO StandaloneSchedulerBackend: SchedulerBackend is ready for scheduling beginning after reached minRegisteredResourcesRatio: 0.0
[2024-10-24T15:04:46.691+0000] {spark_submit.py:524} INFO - Hello from Spark!
[2024-10-24T15:04:46.692+0000] {spark_submit.py:524} INFO - 24/10/24 15:04:46 INFO SparkContext: SparkContext is stopping with exitCode 0.
[2024-10-24T15:04:46.707+0000] {spark_submit.py:524} INFO - 24/10/24 15:04:46 INFO SparkUI: Stopped Spark web UI at http://96f89615839b:4040
[2024-10-24T15:04:46.715+0000] {spark_submit.py:524} INFO - 24/10/24 15:04:46 INFO StandaloneSchedulerBackend: Shutting down all executors
[2024-10-24T15:04:46.721+0000] {spark_submit.py:524} INFO - 24/10/24 15:04:46 INFO StandaloneSchedulerBackend$StandaloneDriverEndpoint: Asking each executor to shut down
[2024-10-24T15:04:46.747+0000] {spark_submit.py:524} INFO - 24/10/24 15:04:46 INFO MapOutputTrackerMasterEndpoint: MapOutputTrackerMasterEndpoint stopped!
[2024-10-24T15:04:46.762+0000] {spark_submit.py:524} INFO - 24/10/24 15:04:46 INFO MemoryStore: MemoryStore cleared
[2024-10-24T15:04:46.762+0000] {spark_submit.py:524} INFO - 24/10/24 15:04:46 INFO BlockManager: BlockManager stopped
[2024-10-24T15:04:46.776+0000] {spark_submit.py:524} INFO - 24/10/24 15:04:46 INFO BlockManagerMaster: BlockManagerMaster stopped
[2024-10-24T15:04:46.779+0000] {spark_submit.py:524} INFO - 24/10/24 15:04:46 INFO OutputCommitCoordinator$OutputCommitCoordinatorEndpoint: OutputCommitCoordinator stopped!
[2024-10-24T15:04:46.790+0000] {spark_submit.py:524} INFO - 24/10/24 15:04:46 INFO SparkContext: Successfully stopped SparkContext
[2024-10-24T15:04:47.019+0000] {spark_submit.py:524} INFO - 24/10/24 15:04:47 INFO ShutdownHookManager: Shutdown hook called
[2024-10-24T15:04:47.020+0000] {spark_submit.py:524} INFO - 24/10/24 15:04:47 INFO ShutdownHookManager: Deleting directory /tmp/spark-ff1cb047-714b-4802-864e-e0087f3e1781/pyspark-ebbe6b39-bab9-47e4-b8f7-d751b3c9f7af
[2024-10-24T15:04:47.024+0000] {spark_submit.py:524} INFO - 24/10/24 15:04:47 INFO ShutdownHookManager: Deleting directory /tmp/spark-63e389c6-2b48-4546-81a2-4958249c1a4c
[2024-10-24T15:04:47.027+0000] {spark_submit.py:524} INFO - 24/10/24 15:04:47 INFO ShutdownHookManager: Deleting directory /tmp/spark-ff1cb047-714b-4802-864e-e0087f3e1781
[2024-10-24T15:04:47.153+0000] {taskinstance.py:1398} INFO - Marking task as SUCCESS. dag_id=api_openbrewerydb_to_silver_gold, task_id=Gold, execution_date=20241022T080000, start_date=20241024T150441, end_date=20241024T150447
[2024-10-24T15:04:47.219+0000] {local_task_job_runner.py:228} INFO - Task exited with return code 0
[2024-10-24T15:04:47.239+0000] {taskinstance.py:2776} INFO - 0 downstream tasks scheduled from follow-on schedule check
[2024-10-24T18:40:32.955+0000] {taskinstance.py:1157} INFO - Dependencies all met for dep_context=non-requeueable deps ti=<TaskInstance: api_openbrewerydb_to_silver_gold.Gold scheduled__2024-10-22T08:00:00+00:00 [queued]>
[2024-10-24T18:40:32.963+0000] {taskinstance.py:1157} INFO - Dependencies all met for dep_context=requeueable deps ti=<TaskInstance: api_openbrewerydb_to_silver_gold.Gold scheduled__2024-10-22T08:00:00+00:00 [queued]>
[2024-10-24T18:40:32.963+0000] {taskinstance.py:1359} INFO - Starting attempt 1 of 2
[2024-10-24T18:40:32.974+0000] {taskinstance.py:1380} INFO - Executing <Task(SparkSubmitOperator): Gold> on 2024-10-22 08:00:00+00:00
[2024-10-24T18:40:32.979+0000] {standard_task_runner.py:57} INFO - Started process 447 to run task
[2024-10-24T18:40:32.982+0000] {standard_task_runner.py:84} INFO - Running: ['***', 'tasks', 'run', 'api_openbrewerydb_to_silver_gold', 'Gold', 'scheduled__2024-10-22T08:00:00+00:00', '--job-id', '190', '--raw', '--subdir', 'DAGS_FOLDER/api_openbrewerydb_to_silver_gold.py', '--cfg-path', '/tmp/tmpll91qcqq']
[2024-10-24T18:40:32.985+0000] {standard_task_runner.py:85} INFO - Job 190: Subtask Gold
[2024-10-24T18:40:33.037+0000] {task_command.py:415} INFO - Running <TaskInstance: api_openbrewerydb_to_silver_gold.Gold scheduled__2024-10-22T08:00:00+00:00 [running]> on host f55139681ae8
[2024-10-24T18:40:33.125+0000] {taskinstance.py:1660} INFO - Exporting env vars: AIRFLOW_CTX_DAG_OWNER='Rodrigo Araujo' AIRFLOW_CTX_DAG_ID='api_openbrewerydb_to_silver_gold' AIRFLOW_CTX_TASK_ID='Gold' AIRFLOW_CTX_EXECUTION_DATE='2024-10-22T08:00:00+00:00' AIRFLOW_CTX_TRY_NUMBER='1' AIRFLOW_CTX_DAG_RUN_ID='scheduled__2024-10-22T08:00:00+00:00'
[2024-10-24T18:40:33.137+0000] {base.py:73} INFO - Using connection ID 'spark-conn' for task execution.
[2024-10-24T18:40:33.137+0000] {spark_submit.py:363} INFO - Spark-Submit cmd: spark-submit --master spark://spark-master:7077 --name arrow-spark jobs/gold/openbrewerydb/api_openbrewerydb.py
[2024-10-24T18:40:36.030+0000] {spark_submit.py:524} INFO - 24/10/24 18:40:36 INFO SparkContext: Running Spark version 3.5.0
[2024-10-24T18:40:36.032+0000] {spark_submit.py:524} INFO - 24/10/24 18:40:36 INFO SparkContext: OS info Linux, 5.15.0-124-generic, amd64
[2024-10-24T18:40:36.033+0000] {spark_submit.py:524} INFO - 24/10/24 18:40:36 INFO SparkContext: Java version 17.0.13
[2024-10-24T18:40:36.098+0000] {spark_submit.py:524} INFO - 24/10/24 18:40:36 WARN NativeCodeLoader: Unable to load native-hadoop library for your platform... using builtin-java classes where applicable
[2024-10-24T18:40:36.218+0000] {spark_submit.py:524} INFO - 24/10/24 18:40:36 INFO ResourceUtils: ==============================================================
[2024-10-24T18:40:36.218+0000] {spark_submit.py:524} INFO - 24/10/24 18:40:36 INFO ResourceUtils: No custom resources configured for spark.driver.
[2024-10-24T18:40:36.219+0000] {spark_submit.py:524} INFO - 24/10/24 18:40:36 INFO ResourceUtils: ==============================================================
[2024-10-24T18:40:36.220+0000] {spark_submit.py:524} INFO - 24/10/24 18:40:36 INFO SparkContext: Submitted application: openbrewerydb_gold
[2024-10-24T18:40:36.243+0000] {spark_submit.py:524} INFO - 24/10/24 18:40:36 INFO ResourceProfile: Default ResourceProfile created, executor resources: Map(memory -> name: memory, amount: 1024, script: , vendor: , offHeap -> name: offHeap, amount: 0, script: , vendor: ), task resources: Map(cpus -> name: cpus, amount: 1.0)
[2024-10-24T18:40:36.252+0000] {spark_submit.py:524} INFO - 24/10/24 18:40:36 INFO ResourceProfile: Limiting resource is cpu
[2024-10-24T18:40:36.253+0000] {spark_submit.py:524} INFO - 24/10/24 18:40:36 INFO ResourceProfileManager: Added ResourceProfile id: 0
[2024-10-24T18:40:36.326+0000] {spark_submit.py:524} INFO - 24/10/24 18:40:36 INFO SecurityManager: Changing view acls to: root
[2024-10-24T18:40:36.327+0000] {spark_submit.py:524} INFO - 24/10/24 18:40:36 INFO SecurityManager: Changing modify acls to: root
[2024-10-24T18:40:36.329+0000] {spark_submit.py:524} INFO - 24/10/24 18:40:36 INFO SecurityManager: Changing view acls groups to:
[2024-10-24T18:40:36.331+0000] {spark_submit.py:524} INFO - 24/10/24 18:40:36 INFO SecurityManager: Changing modify acls groups to:
[2024-10-24T18:40:36.331+0000] {spark_submit.py:524} INFO - 24/10/24 18:40:36 INFO SecurityManager: SecurityManager: authentication disabled; ui acls disabled; users with view permissions: root; groups with view permissions: EMPTY; users with modify permissions: root; groups with modify permissions: EMPTY
[2024-10-24T18:40:36.590+0000] {spark_submit.py:524} INFO - 24/10/24 18:40:36 INFO Utils: Successfully started service 'sparkDriver' on port 40987.
[2024-10-24T18:40:36.625+0000] {spark_submit.py:524} INFO - 24/10/24 18:40:36 INFO SparkEnv: Registering MapOutputTracker
[2024-10-24T18:40:36.668+0000] {spark_submit.py:524} INFO - 24/10/24 18:40:36 INFO SparkEnv: Registering BlockManagerMaster
[2024-10-24T18:40:36.695+0000] {spark_submit.py:524} INFO - 24/10/24 18:40:36 INFO BlockManagerMasterEndpoint: Using org.apache.spark.storage.DefaultTopologyMapper for getting topology information
[2024-10-24T18:40:36.696+0000] {spark_submit.py:524} INFO - 24/10/24 18:40:36 INFO BlockManagerMasterEndpoint: BlockManagerMasterEndpoint up
[2024-10-24T18:40:36.705+0000] {spark_submit.py:524} INFO - 24/10/24 18:40:36 INFO SparkEnv: Registering BlockManagerMasterHeartbeat
[2024-10-24T18:40:36.728+0000] {spark_submit.py:524} INFO - 24/10/24 18:40:36 INFO DiskBlockManager: Created local directory at /tmp/blockmgr-e64ee288-94eb-41d9-a8af-aad426db4a23
[2024-10-24T18:40:36.751+0000] {spark_submit.py:524} INFO - 24/10/24 18:40:36 INFO MemoryStore: MemoryStore started with capacity 434.4 MiB
[2024-10-24T18:40:36.775+0000] {spark_submit.py:524} INFO - 24/10/24 18:40:36 INFO SparkEnv: Registering OutputCommitCoordinator
[2024-10-24T18:40:36.914+0000] {spark_submit.py:524} INFO - 24/10/24 18:40:36 INFO JettyUtils: Start Jetty 0.0.0.0:4040 for SparkUI
[2024-10-24T18:40:36.961+0000] {spark_submit.py:524} INFO - 24/10/24 18:40:36 INFO Utils: Successfully started service 'SparkUI' on port 4040.
[2024-10-24T18:40:37.086+0000] {spark_submit.py:524} INFO - 24/10/24 18:40:37 INFO StandaloneAppClient$ClientEndpoint: Connecting to master spark://spark-master:7077...
[2024-10-24T18:40:37.133+0000] {spark_submit.py:524} INFO - 24/10/24 18:40:37 INFO TransportClientFactory: Successfully created connection to spark-master/172.18.0.3:7077 after 26 ms (0 ms spent in bootstraps)
[2024-10-24T18:40:37.223+0000] {spark_submit.py:524} INFO - 24/10/24 18:40:37 INFO StandaloneSchedulerBackend: Connected to Spark cluster with app ID app-20241024184037-0001
[2024-10-24T18:40:37.229+0000] {spark_submit.py:524} INFO - 24/10/24 18:40:37 INFO StandaloneAppClient$ClientEndpoint: Executor added: app-20241024184037-0001/0 on worker-20241024183909-172.18.0.5-45197 (172.18.0.5:45197) with 2 core(s)
[2024-10-24T18:40:37.238+0000] {spark_submit.py:524} INFO - 24/10/24 18:40:37 INFO StandaloneSchedulerBackend: Granted executor ID app-20241024184037-0001/0 on hostPort 172.18.0.5:45197 with 2 core(s), 1024.0 MiB RAM
[2024-10-24T18:40:37.250+0000] {spark_submit.py:524} INFO - 24/10/24 18:40:37 INFO Utils: Successfully started service 'org.apache.spark.network.netty.NettyBlockTransferService' on port 37973.
[2024-10-24T18:40:37.252+0000] {spark_submit.py:524} INFO - 24/10/24 18:40:37 INFO NettyBlockTransferService: Server created on f55139681ae8:37973
[2024-10-24T18:40:37.255+0000] {spark_submit.py:524} INFO - 24/10/24 18:40:37 INFO BlockManager: Using org.apache.spark.storage.RandomBlockReplicationPolicy for block replication policy
[2024-10-24T18:40:37.275+0000] {spark_submit.py:524} INFO - 24/10/24 18:40:37 INFO BlockManagerMaster: Registering BlockManager BlockManagerId(driver, f55139681ae8, 37973, None)
[2024-10-24T18:40:37.283+0000] {spark_submit.py:524} INFO - 24/10/24 18:40:37 INFO BlockManagerMasterEndpoint: Registering block manager f55139681ae8:37973 with 434.4 MiB RAM, BlockManagerId(driver, f55139681ae8, 37973, None)
[2024-10-24T18:40:37.291+0000] {spark_submit.py:524} INFO - 24/10/24 18:40:37 INFO BlockManagerMaster: Registered BlockManager BlockManagerId(driver, f55139681ae8, 37973, None)
[2024-10-24T18:40:37.293+0000] {spark_submit.py:524} INFO - 24/10/24 18:40:37 INFO BlockManager: Initialized BlockManager: BlockManagerId(driver, f55139681ae8, 37973, None)
[2024-10-24T18:40:37.320+0000] {spark_submit.py:524} INFO - 24/10/24 18:40:37 INFO StandaloneAppClient$ClientEndpoint: Executor updated: app-20241024184037-0001/0 is now RUNNING
[2024-10-24T18:40:37.644+0000] {spark_submit.py:524} INFO - 24/10/24 18:40:37 INFO StandaloneSchedulerBackend: SchedulerBackend is ready for scheduling beginning after reached minRegisteredResourcesRatio: 0.0
[2024-10-24T18:40:38.007+0000] {spark_submit.py:524} INFO - 24/10/24 18:40:38 INFO SharedState: Setting hive.metastore.warehouse.dir ('null') to the value of spark.sql.warehouse.dir.
[2024-10-24T18:40:38.019+0000] {spark_submit.py:524} INFO - 24/10/24 18:40:38 INFO SharedState: Warehouse path is 'file:/opt/***/spark-warehouse'.
[2024-10-24T18:40:39.331+0000] {spark_submit.py:524} INFO - 24/10/24 18:40:39 INFO InMemoryFileIndex: It took 212 ms to list leaf files for 1 paths.
[2024-10-24T18:40:40.421+0000] {spark_submit.py:524} INFO - 24/10/24 18:40:40 INFO SparkContext: Starting job: parquet at NativeMethodAccessorImpl.java:0
[2024-10-24T18:40:40.456+0000] {spark_submit.py:524} INFO - 24/10/24 18:40:40 INFO DAGScheduler: Got job 0 (parquet at NativeMethodAccessorImpl.java:0) with 1 output partitions
[2024-10-24T18:40:40.457+0000] {spark_submit.py:524} INFO - 24/10/24 18:40:40 INFO DAGScheduler: Final stage: ResultStage 0 (parquet at NativeMethodAccessorImpl.java:0)
[2024-10-24T18:40:40.458+0000] {spark_submit.py:524} INFO - 24/10/24 18:40:40 INFO DAGScheduler: Parents of final stage: List()
[2024-10-24T18:40:40.466+0000] {spark_submit.py:524} INFO - 24/10/24 18:40:40 INFO DAGScheduler: Missing parents: List()
[2024-10-24T18:40:40.473+0000] {spark_submit.py:524} INFO - 24/10/24 18:40:40 INFO DAGScheduler: Submitting ResultStage 0 (MapPartitionsRDD[1] at parquet at NativeMethodAccessorImpl.java:0), which has no missing parents
[2024-10-24T18:40:40.562+0000] {spark_submit.py:524} INFO - 24/10/24 18:40:40 INFO MemoryStore: Block broadcast_0 stored as values in memory (estimated size 103.1 KiB, free 434.3 MiB)
[2024-10-24T18:40:40.623+0000] {spark_submit.py:524} INFO - 24/10/24 18:40:40 INFO MemoryStore: Block broadcast_0_piece0 stored as bytes in memory (estimated size 37.1 KiB, free 434.3 MiB)
[2024-10-24T18:40:40.626+0000] {spark_submit.py:524} INFO - 24/10/24 18:40:40 INFO BlockManagerInfo: Added broadcast_0_piece0 in memory on f55139681ae8:37973 (size: 37.1 KiB, free: 434.4 MiB)
[2024-10-24T18:40:40.638+0000] {spark_submit.py:524} INFO - 24/10/24 18:40:40 INFO SparkContext: Created broadcast 0 from broadcast at DAGScheduler.scala:1580
[2024-10-24T18:40:40.668+0000] {spark_submit.py:524} INFO - 24/10/24 18:40:40 INFO DAGScheduler: Submitting 1 missing tasks from ResultStage 0 (MapPartitionsRDD[1] at parquet at NativeMethodAccessorImpl.java:0) (first 15 tasks are for partitions Vector(0))
[2024-10-24T18:40:40.669+0000] {spark_submit.py:524} INFO - 24/10/24 18:40:40 INFO TaskSchedulerImpl: Adding task set 0.0 with 1 tasks resource profile 0
[2024-10-24T18:40:41.133+0000] {spark_submit.py:524} INFO - 24/10/24 18:40:41 INFO StandaloneSchedulerBackend$StandaloneDriverEndpoint: Registered executor NettyRpcEndpointRef(spark-client://Executor) (172.18.0.5:39632) with ID 0,  ResourceProfileId 0
[2024-10-24T18:40:41.242+0000] {spark_submit.py:524} INFO - 24/10/24 18:40:41 INFO BlockManagerMasterEndpoint: Registering block manager 172.18.0.5:42289 with 434.4 MiB RAM, BlockManagerId(0, 172.18.0.5, 42289, None)
[2024-10-24T18:40:41.322+0000] {spark_submit.py:524} INFO - 24/10/24 18:40:41 INFO TaskSetManager: Starting task 0.0 in stage 0.0 (TID 0) (172.18.0.5, executor 0, partition 0, PROCESS_LOCAL, 7873 bytes)
[2024-10-24T18:40:41.609+0000] {spark_submit.py:524} INFO - 24/10/24 18:40:41 INFO BlockManagerInfo: Added broadcast_0_piece0 in memory on 172.18.0.5:42289 (size: 37.1 KiB, free: 434.4 MiB)
[2024-10-24T18:40:42.331+0000] {spark_submit.py:524} INFO - 24/10/24 18:40:42 INFO TaskSetManager: Finished task 0.0 in stage 0.0 (TID 0) in 1022 ms on 172.18.0.5 (executor 0) (1/1)
[2024-10-24T18:40:42.333+0000] {spark_submit.py:524} INFO - 24/10/24 18:40:42 INFO TaskSchedulerImpl: Removed TaskSet 0.0, whose tasks have all completed, from pool
[2024-10-24T18:40:42.338+0000] {spark_submit.py:524} INFO - 24/10/24 18:40:42 INFO DAGScheduler: ResultStage 0 (parquet at NativeMethodAccessorImpl.java:0) finished in 1.843 s
[2024-10-24T18:40:42.342+0000] {spark_submit.py:524} INFO - 24/10/24 18:40:42 INFO DAGScheduler: Job 0 is finished. Cancelling potential speculative or zombie tasks for this job
[2024-10-24T18:40:42.343+0000] {spark_submit.py:524} INFO - 24/10/24 18:40:42 INFO TaskSchedulerImpl: Killing all running tasks in stage 0: Stage finished
[2024-10-24T18:40:42.351+0000] {spark_submit.py:524} INFO - 24/10/24 18:40:42 INFO DAGScheduler: Job 0 finished: parquet at NativeMethodAccessorImpl.java:0, took 1.924896 s
[2024-10-24T18:40:42.527+0000] {spark_submit.py:524} INFO - 24/10/24 18:40:42 INFO BlockManagerInfo: Removed broadcast_0_piece0 on f55139681ae8:37973 in memory (size: 37.1 KiB, free: 434.4 MiB)
[2024-10-24T18:40:42.544+0000] {spark_submit.py:524} INFO - 24/10/24 18:40:42 INFO BlockManagerInfo: Removed broadcast_0_piece0 on 172.18.0.5:42289 in memory (size: 37.1 KiB, free: 434.4 MiB)
[2024-10-24T18:40:43.359+0000] {spark_submit.py:524} INFO - 24/10/24 18:40:43 INFO DataSourceStrategy: Pruning directories with:
[2024-10-24T18:40:43.361+0000] {spark_submit.py:524} INFO - 24/10/24 18:40:43 INFO FileSourceStrategy: Pushed Filters:
[2024-10-24T18:40:43.362+0000] {spark_submit.py:524} INFO - 24/10/24 18:40:43 INFO FileSourceStrategy: Post-Scan Filters:
[2024-10-24T18:40:43.817+0000] {spark_submit.py:524} INFO - 24/10/24 18:40:43 INFO CodeGenerator: Code generated in 245.980728 ms
[2024-10-24T18:40:43.848+0000] {spark_submit.py:524} INFO - 24/10/24 18:40:43 INFO MemoryStore: Block broadcast_1 stored as values in memory (estimated size 200.7 KiB, free 434.2 MiB)
[2024-10-24T18:40:43.865+0000] {spark_submit.py:524} INFO - 24/10/24 18:40:43 INFO MemoryStore: Block broadcast_1_piece0 stored as bytes in memory (estimated size 34.8 KiB, free 434.2 MiB)
[2024-10-24T18:40:43.866+0000] {spark_submit.py:524} INFO - 24/10/24 18:40:43 INFO BlockManagerInfo: Added broadcast_1_piece0 in memory on f55139681ae8:37973 (size: 34.8 KiB, free: 434.4 MiB)
[2024-10-24T18:40:43.868+0000] {spark_submit.py:524} INFO - 24/10/24 18:40:43 INFO SparkContext: Created broadcast 1 from count at NativeMethodAccessorImpl.java:0
[2024-10-24T18:40:43.889+0000] {spark_submit.py:524} INFO - 24/10/24 18:40:43 INFO FileSourceScanExec: Planning scan with bin packing, max size: 96564390 bytes, open cost is considered as scanning 4194304 bytes.
[2024-10-24T18:40:43.942+0000] {spark_submit.py:524} INFO - 24/10/24 18:40:43 INFO DAGScheduler: Registering RDD 5 (count at NativeMethodAccessorImpl.java:0) as input to shuffle 0
[2024-10-24T18:40:43.946+0000] {spark_submit.py:524} INFO - 24/10/24 18:40:43 INFO DAGScheduler: Got map stage job 1 (count at NativeMethodAccessorImpl.java:0) with 2 output partitions
[2024-10-24T18:40:43.946+0000] {spark_submit.py:524} INFO - 24/10/24 18:40:43 INFO DAGScheduler: Final stage: ShuffleMapStage 1 (count at NativeMethodAccessorImpl.java:0)
[2024-10-24T18:40:43.946+0000] {spark_submit.py:524} INFO - 24/10/24 18:40:43 INFO DAGScheduler: Parents of final stage: List()
[2024-10-24T18:40:43.947+0000] {spark_submit.py:524} INFO - 24/10/24 18:40:43 INFO DAGScheduler: Missing parents: List()
[2024-10-24T18:40:43.948+0000] {spark_submit.py:524} INFO - 24/10/24 18:40:43 INFO DAGScheduler: Submitting ShuffleMapStage 1 (MapPartitionsRDD[5] at count at NativeMethodAccessorImpl.java:0), which has no missing parents
[2024-10-24T18:40:43.981+0000] {spark_submit.py:524} INFO - 24/10/24 18:40:43 INFO MemoryStore: Block broadcast_2 stored as values in memory (estimated size 17.9 KiB, free 434.2 MiB)
[2024-10-24T18:40:43.982+0000] {spark_submit.py:524} INFO - 24/10/24 18:40:43 INFO MemoryStore: Block broadcast_2_piece0 stored as bytes in memory (estimated size 8.0 KiB, free 434.1 MiB)
[2024-10-24T18:40:43.982+0000] {spark_submit.py:524} INFO - 24/10/24 18:40:43 INFO BlockManagerInfo: Added broadcast_2_piece0 in memory on f55139681ae8:37973 (size: 8.0 KiB, free: 434.4 MiB)
[2024-10-24T18:40:43.983+0000] {spark_submit.py:524} INFO - 24/10/24 18:40:43 INFO SparkContext: Created broadcast 2 from broadcast at DAGScheduler.scala:1580
[2024-10-24T18:40:43.984+0000] {spark_submit.py:524} INFO - 24/10/24 18:40:43 INFO DAGScheduler: Submitting 2 missing tasks from ShuffleMapStage 1 (MapPartitionsRDD[5] at count at NativeMethodAccessorImpl.java:0) (first 15 tasks are for partitions Vector(0, 1))
[2024-10-24T18:40:43.985+0000] {spark_submit.py:524} INFO - 24/10/24 18:40:43 INFO TaskSchedulerImpl: Adding task set 1.0 with 2 tasks resource profile 0
[2024-10-24T18:40:43.990+0000] {spark_submit.py:524} INFO - 24/10/24 18:40:43 INFO TaskSetManager: Starting task 0.0 in stage 1.0 (TID 1) (172.18.0.5, executor 0, partition 0, PROCESS_LOCAL, 15287 bytes)
[2024-10-24T18:40:43.991+0000] {spark_submit.py:524} INFO - 24/10/24 18:40:43 INFO TaskSetManager: Starting task 1.0 in stage 1.0 (TID 2) (172.18.0.5, executor 0, partition 1, PROCESS_LOCAL, 15205 bytes)
[2024-10-24T18:40:44.034+0000] {spark_submit.py:524} INFO - 24/10/24 18:40:44 INFO BlockManagerInfo: Added broadcast_2_piece0 in memory on 172.18.0.5:42289 (size: 8.0 KiB, free: 434.4 MiB)
[2024-10-24T18:40:44.501+0000] {spark_submit.py:524} INFO - 24/10/24 18:40:44 INFO BlockManagerInfo: Added broadcast_1_piece0 in memory on 172.18.0.5:42289 (size: 34.8 KiB, free: 434.4 MiB)
[2024-10-24T18:40:44.933+0000] {spark_submit.py:524} INFO - 24/10/24 18:40:44 INFO TaskSetManager: Finished task 0.0 in stage 1.0 (TID 1) in 948 ms on 172.18.0.5 (executor 0) (1/2)
[2024-10-24T18:40:44.934+0000] {spark_submit.py:524} INFO - 24/10/24 18:40:44 INFO TaskSetManager: Finished task 1.0 in stage 1.0 (TID 2) in 943 ms on 172.18.0.5 (executor 0) (2/2)
[2024-10-24T18:40:44.934+0000] {spark_submit.py:524} INFO - 24/10/24 18:40:44 INFO TaskSchedulerImpl: Removed TaskSet 1.0, whose tasks have all completed, from pool
[2024-10-24T18:40:44.937+0000] {spark_submit.py:524} INFO - 24/10/24 18:40:44 INFO DAGScheduler: ShuffleMapStage 1 (count at NativeMethodAccessorImpl.java:0) finished in 0.984 s
[2024-10-24T18:40:44.937+0000] {spark_submit.py:524} INFO - 24/10/24 18:40:44 INFO DAGScheduler: looking for newly runnable stages
[2024-10-24T18:40:44.938+0000] {spark_submit.py:524} INFO - 24/10/24 18:40:44 INFO DAGScheduler: running: Set()
[2024-10-24T18:40:44.938+0000] {spark_submit.py:524} INFO - 24/10/24 18:40:44 INFO DAGScheduler: waiting: Set()
[2024-10-24T18:40:44.939+0000] {spark_submit.py:524} INFO - 24/10/24 18:40:44 INFO DAGScheduler: failed: Set()
[2024-10-24T18:40:44.989+0000] {spark_submit.py:524} INFO - 24/10/24 18:40:44 INFO CodeGenerator: Code generated in 17.635526 ms
[2024-10-24T18:40:45.026+0000] {spark_submit.py:524} INFO - 24/10/24 18:40:45 INFO SparkContext: Starting job: count at NativeMethodAccessorImpl.java:0
[2024-10-24T18:40:45.028+0000] {spark_submit.py:524} INFO - 24/10/24 18:40:45 INFO DAGScheduler: Got job 2 (count at NativeMethodAccessorImpl.java:0) with 1 output partitions
[2024-10-24T18:40:45.029+0000] {spark_submit.py:524} INFO - 24/10/24 18:40:45 INFO DAGScheduler: Final stage: ResultStage 3 (count at NativeMethodAccessorImpl.java:0)
[2024-10-24T18:40:45.029+0000] {spark_submit.py:524} INFO - 24/10/24 18:40:45 INFO DAGScheduler: Parents of final stage: List(ShuffleMapStage 2)
[2024-10-24T18:40:45.029+0000] {spark_submit.py:524} INFO - 24/10/24 18:40:45 INFO DAGScheduler: Missing parents: List()
[2024-10-24T18:40:45.030+0000] {spark_submit.py:524} INFO - 24/10/24 18:40:45 INFO DAGScheduler: Submitting ResultStage 3 (MapPartitionsRDD[8] at count at NativeMethodAccessorImpl.java:0), which has no missing parents
[2024-10-24T18:40:45.038+0000] {spark_submit.py:524} INFO - 24/10/24 18:40:45 INFO MemoryStore: Block broadcast_3 stored as values in memory (estimated size 12.5 KiB, free 434.1 MiB)
[2024-10-24T18:40:45.040+0000] {spark_submit.py:524} INFO - 24/10/24 18:40:45 INFO MemoryStore: Block broadcast_3_piece0 stored as bytes in memory (estimated size 5.9 KiB, free 434.1 MiB)
[2024-10-24T18:40:45.041+0000] {spark_submit.py:524} INFO - 24/10/24 18:40:45 INFO BlockManagerInfo: Added broadcast_3_piece0 in memory on f55139681ae8:37973 (size: 5.9 KiB, free: 434.4 MiB)
[2024-10-24T18:40:45.042+0000] {spark_submit.py:524} INFO - 24/10/24 18:40:45 INFO SparkContext: Created broadcast 3 from broadcast at DAGScheduler.scala:1580
[2024-10-24T18:40:45.043+0000] {spark_submit.py:524} INFO - 24/10/24 18:40:45 INFO DAGScheduler: Submitting 1 missing tasks from ResultStage 3 (MapPartitionsRDD[8] at count at NativeMethodAccessorImpl.java:0) (first 15 tasks are for partitions Vector(0))
[2024-10-24T18:40:45.043+0000] {spark_submit.py:524} INFO - 24/10/24 18:40:45 INFO TaskSchedulerImpl: Adding task set 3.0 with 1 tasks resource profile 0
[2024-10-24T18:40:45.048+0000] {spark_submit.py:524} INFO - 24/10/24 18:40:45 INFO TaskSetManager: Starting task 0.0 in stage 3.0 (TID 3) (172.18.0.5, executor 0, partition 0, NODE_LOCAL, 7619 bytes)
[2024-10-24T18:40:45.070+0000] {spark_submit.py:524} INFO - 24/10/24 18:40:45 INFO BlockManagerInfo: Added broadcast_3_piece0 in memory on 172.18.0.5:42289 (size: 5.9 KiB, free: 434.4 MiB)
[2024-10-24T18:40:45.093+0000] {spark_submit.py:524} INFO - 24/10/24 18:40:45 INFO MapOutputTrackerMasterEndpoint: Asked to send map output locations for shuffle 0 to 172.18.0.5:39632
[2024-10-24T18:40:45.192+0000] {spark_submit.py:524} INFO - 24/10/24 18:40:45 INFO TaskSetManager: Finished task 0.0 in stage 3.0 (TID 3) in 146 ms on 172.18.0.5 (executor 0) (1/1)
[2024-10-24T18:40:45.192+0000] {spark_submit.py:524} INFO - 24/10/24 18:40:45 INFO TaskSchedulerImpl: Removed TaskSet 3.0, whose tasks have all completed, from pool
[2024-10-24T18:40:45.194+0000] {spark_submit.py:524} INFO - 24/10/24 18:40:45 INFO DAGScheduler: ResultStage 3 (count at NativeMethodAccessorImpl.java:0) finished in 0.156 s
[2024-10-24T18:40:45.196+0000] {spark_submit.py:524} INFO - 24/10/24 18:40:45 INFO DAGScheduler: Job 2 is finished. Cancelling potential speculative or zombie tasks for this job
[2024-10-24T18:40:45.197+0000] {spark_submit.py:524} INFO - 24/10/24 18:40:45 INFO TaskSchedulerImpl: Killing all running tasks in stage 3: Stage finished
[2024-10-24T18:40:45.197+0000] {spark_submit.py:524} INFO - 24/10/24 18:40:45 INFO DAGScheduler: Job 2 finished: count at NativeMethodAccessorImpl.java:0, took 0.169073 s
[2024-10-24T18:40:45.204+0000] {spark_submit.py:524} INFO - Quantidade total registos:  50
[2024-10-24T18:40:45.312+0000] {spark_submit.py:524} INFO - 24/10/24 18:40:45 INFO BlockManagerInfo: Removed broadcast_2_piece0 on f55139681ae8:37973 in memory (size: 8.0 KiB, free: 434.4 MiB)
[2024-10-24T18:40:45.317+0000] {spark_submit.py:524} INFO - 24/10/24 18:40:45 INFO BlockManagerInfo: Removed broadcast_2_piece0 on 172.18.0.5:42289 in memory (size: 8.0 KiB, free: 434.4 MiB)
[2024-10-24T18:40:45.326+0000] {spark_submit.py:524} INFO - 24/10/24 18:40:45 INFO BlockManagerInfo: Removed broadcast_3_piece0 on f55139681ae8:37973 in memory (size: 5.9 KiB, free: 434.4 MiB)
[2024-10-24T18:40:45.329+0000] {spark_submit.py:524} INFO - 24/10/24 18:40:45 INFO BlockManagerInfo: Removed broadcast_3_piece0 on 172.18.0.5:42289 in memory (size: 5.9 KiB, free: 434.4 MiB)
[2024-10-24T18:40:45.398+0000] {spark_submit.py:524} INFO - 24/10/24 18:40:45 INFO DataSourceStrategy: Pruning directories with:
[2024-10-24T18:40:45.399+0000] {spark_submit.py:524} INFO - 24/10/24 18:40:45 INFO FileSourceStrategy: Pushed Filters:
[2024-10-24T18:40:45.399+0000] {spark_submit.py:524} INFO - 24/10/24 18:40:45 INFO FileSourceStrategy: Post-Scan Filters:
[2024-10-24T18:40:45.548+0000] {spark_submit.py:524} INFO - 24/10/24 18:40:45 INFO CodeGenerator: Code generated in 90.333083 ms
[2024-10-24T18:40:45.555+0000] {spark_submit.py:524} INFO - 24/10/24 18:40:45 INFO MemoryStore: Block broadcast_4 stored as values in memory (estimated size 200.9 KiB, free 434.0 MiB)
[2024-10-24T18:40:45.573+0000] {spark_submit.py:524} INFO - 24/10/24 18:40:45 INFO MemoryStore: Block broadcast_4_piece0 stored as bytes in memory (estimated size 34.9 KiB, free 433.9 MiB)
[2024-10-24T18:40:45.573+0000] {spark_submit.py:524} INFO - 24/10/24 18:40:45 INFO BlockManagerInfo: Added broadcast_4_piece0 in memory on f55139681ae8:37973 (size: 34.9 KiB, free: 434.3 MiB)
[2024-10-24T18:40:45.575+0000] {spark_submit.py:524} INFO - 24/10/24 18:40:45 INFO SparkContext: Created broadcast 4 from save at NativeMethodAccessorImpl.java:0
[2024-10-24T18:40:45.579+0000] {spark_submit.py:524} INFO - 24/10/24 18:40:45 INFO FileSourceScanExec: Planning scan with bin packing, max size: 96564390 bytes, open cost is considered as scanning 4194304 bytes.
[2024-10-24T18:40:45.605+0000] {spark_submit.py:524} INFO - 24/10/24 18:40:45 INFO BlockManagerInfo: Removed broadcast_1_piece0 on f55139681ae8:37973 in memory (size: 34.8 KiB, free: 434.4 MiB)
[2024-10-24T18:40:45.610+0000] {spark_submit.py:524} INFO - 24/10/24 18:40:45 INFO BlockManagerInfo: Removed broadcast_1_piece0 on 172.18.0.5:42289 in memory (size: 34.8 KiB, free: 434.4 MiB)
[2024-10-24T18:40:45.647+0000] {spark_submit.py:524} INFO - 24/10/24 18:40:45 INFO DAGScheduler: Registering RDD 12 (save at NativeMethodAccessorImpl.java:0) as input to shuffle 1
[2024-10-24T18:40:45.647+0000] {spark_submit.py:524} INFO - 24/10/24 18:40:45 INFO DAGScheduler: Got map stage job 3 (save at NativeMethodAccessorImpl.java:0) with 2 output partitions
[2024-10-24T18:40:45.647+0000] {spark_submit.py:524} INFO - 24/10/24 18:40:45 INFO DAGScheduler: Final stage: ShuffleMapStage 4 (save at NativeMethodAccessorImpl.java:0)
[2024-10-24T18:40:45.647+0000] {spark_submit.py:524} INFO - 24/10/24 18:40:45 INFO DAGScheduler: Parents of final stage: List()
[2024-10-24T18:40:45.648+0000] {spark_submit.py:524} INFO - 24/10/24 18:40:45 INFO DAGScheduler: Missing parents: List()
[2024-10-24T18:40:45.650+0000] {spark_submit.py:524} INFO - 24/10/24 18:40:45 INFO DAGScheduler: Submitting ShuffleMapStage 4 (MapPartitionsRDD[12] at save at NativeMethodAccessorImpl.java:0), which has no missing parents
[2024-10-24T18:40:45.654+0000] {spark_submit.py:524} INFO - 24/10/24 18:40:45 INFO MemoryStore: Block broadcast_5 stored as values in memory (estimated size 45.5 KiB, free 434.1 MiB)
[2024-10-24T18:40:45.658+0000] {spark_submit.py:524} INFO - 24/10/24 18:40:45 INFO MemoryStore: Block broadcast_5_piece0 stored as bytes in memory (estimated size 19.1 KiB, free 434.1 MiB)
[2024-10-24T18:40:45.659+0000] {spark_submit.py:524} INFO - 24/10/24 18:40:45 INFO BlockManagerInfo: Added broadcast_5_piece0 in memory on f55139681ae8:37973 (size: 19.1 KiB, free: 434.3 MiB)
[2024-10-24T18:40:45.660+0000] {spark_submit.py:524} INFO - 24/10/24 18:40:45 INFO SparkContext: Created broadcast 5 from broadcast at DAGScheduler.scala:1580
[2024-10-24T18:40:45.661+0000] {spark_submit.py:524} INFO - 24/10/24 18:40:45 INFO DAGScheduler: Submitting 2 missing tasks from ShuffleMapStage 4 (MapPartitionsRDD[12] at save at NativeMethodAccessorImpl.java:0) (first 15 tasks are for partitions Vector(0, 1))
[2024-10-24T18:40:45.661+0000] {spark_submit.py:524} INFO - 24/10/24 18:40:45 INFO TaskSchedulerImpl: Adding task set 4.0 with 2 tasks resource profile 0
[2024-10-24T18:40:45.663+0000] {spark_submit.py:524} INFO - 24/10/24 18:40:45 INFO TaskSetManager: Starting task 0.0 in stage 4.0 (TID 4) (172.18.0.5, executor 0, partition 0, PROCESS_LOCAL, 15287 bytes)
[2024-10-24T18:40:45.664+0000] {spark_submit.py:524} INFO - 24/10/24 18:40:45 INFO TaskSetManager: Starting task 1.0 in stage 4.0 (TID 5) (172.18.0.5, executor 0, partition 1, PROCESS_LOCAL, 15205 bytes)
[2024-10-24T18:40:45.695+0000] {spark_submit.py:524} INFO - 24/10/24 18:40:45 INFO BlockManagerInfo: Added broadcast_5_piece0 in memory on 172.18.0.5:42289 (size: 19.1 KiB, free: 434.4 MiB)
[2024-10-24T18:40:46.079+0000] {spark_submit.py:524} INFO - 24/10/24 18:40:46 INFO BlockManagerInfo: Added broadcast_4_piece0 in memory on 172.18.0.5:42289 (size: 34.9 KiB, free: 434.3 MiB)
[2024-10-24T18:40:46.565+0000] {spark_submit.py:524} INFO - 24/10/24 18:40:46 INFO TaskSetManager: Finished task 0.0 in stage 4.0 (TID 4) in 903 ms on 172.18.0.5 (executor 0) (1/2)
[2024-10-24T18:40:46.567+0000] {spark_submit.py:524} INFO - 24/10/24 18:40:46 INFO TaskSetManager: Finished task 1.0 in stage 4.0 (TID 5) in 904 ms on 172.18.0.5 (executor 0) (2/2)
[2024-10-24T18:40:46.568+0000] {spark_submit.py:524} INFO - 24/10/24 18:40:46 INFO TaskSchedulerImpl: Removed TaskSet 4.0, whose tasks have all completed, from pool
[2024-10-24T18:40:46.571+0000] {spark_submit.py:524} INFO - 24/10/24 18:40:46 INFO DAGScheduler: ShuffleMapStage 4 (save at NativeMethodAccessorImpl.java:0) finished in 0.920 s
[2024-10-24T18:40:46.571+0000] {spark_submit.py:524} INFO - 24/10/24 18:40:46 INFO DAGScheduler: looking for newly runnable stages
[2024-10-24T18:40:46.571+0000] {spark_submit.py:524} INFO - 24/10/24 18:40:46 INFO DAGScheduler: running: Set()
[2024-10-24T18:40:46.572+0000] {spark_submit.py:524} INFO - 24/10/24 18:40:46 INFO DAGScheduler: waiting: Set()
[2024-10-24T18:40:46.572+0000] {spark_submit.py:524} INFO - 24/10/24 18:40:46 INFO DAGScheduler: failed: Set()
[2024-10-24T18:40:46.592+0000] {spark_submit.py:524} INFO - 24/10/24 18:40:46 INFO ShufflePartitionsUtil: For shuffle(1), advisory target size: 67108864, actual target size 1048576, minimum partition size: 1048576
[2024-10-24T18:40:46.635+0000] {spark_submit.py:524} INFO - 24/10/24 18:40:46 INFO ParquetUtils: Using default output committer for Parquet: org.apache.parquet.hadoop.ParquetOutputCommitter
[2024-10-24T18:40:46.649+0000] {spark_submit.py:524} INFO - 24/10/24 18:40:46 INFO FileOutputCommitter: File Output Committer Algorithm version is 1
[2024-10-24T18:40:46.649+0000] {spark_submit.py:524} INFO - 24/10/24 18:40:46 INFO FileOutputCommitter: FileOutputCommitter skip cleanup _temporary folders under output directory:false, ignore cleanup failures: false
[2024-10-24T18:40:46.650+0000] {spark_submit.py:524} INFO - 24/10/24 18:40:46 INFO SQLHadoopMapReduceCommitProtocol: Using user defined output committer class org.apache.parquet.hadoop.ParquetOutputCommitter
[2024-10-24T18:40:46.650+0000] {spark_submit.py:524} INFO - 24/10/24 18:40:46 INFO FileOutputCommitter: File Output Committer Algorithm version is 1
[2024-10-24T18:40:46.650+0000] {spark_submit.py:524} INFO - 24/10/24 18:40:46 INFO FileOutputCommitter: FileOutputCommitter skip cleanup _temporary folders under output directory:false, ignore cleanup failures: false
[2024-10-24T18:40:46.651+0000] {spark_submit.py:524} INFO - 24/10/24 18:40:46 INFO SQLHadoopMapReduceCommitProtocol: Using output committer class org.apache.parquet.hadoop.ParquetOutputCommitter
[2024-10-24T18:40:46.669+0000] {spark_submit.py:524} INFO - 24/10/24 18:40:46 INFO HashAggregateExec: spark.sql.codegen.aggregate.map.twolevel.enabled is set to true, but current version of codegened fast hashmap does not support this aggregate.
[2024-10-24T18:40:46.734+0000] {spark_submit.py:524} INFO - 24/10/24 18:40:46 INFO CodeGenerator: Code generated in 51.009308 ms
[2024-10-24T18:40:46.768+0000] {spark_submit.py:524} INFO - 24/10/24 18:40:46 INFO SparkContext: Starting job: save at NativeMethodAccessorImpl.java:0
[2024-10-24T18:40:46.770+0000] {spark_submit.py:524} INFO - 24/10/24 18:40:46 INFO DAGScheduler: Got job 4 (save at NativeMethodAccessorImpl.java:0) with 1 output partitions
[2024-10-24T18:40:46.770+0000] {spark_submit.py:524} INFO - 24/10/24 18:40:46 INFO DAGScheduler: Final stage: ResultStage 6 (save at NativeMethodAccessorImpl.java:0)
[2024-10-24T18:40:46.770+0000] {spark_submit.py:524} INFO - 24/10/24 18:40:46 INFO DAGScheduler: Parents of final stage: List(ShuffleMapStage 5)
[2024-10-24T18:40:46.771+0000] {spark_submit.py:524} INFO - 24/10/24 18:40:46 INFO DAGScheduler: Missing parents: List()
[2024-10-24T18:40:46.771+0000] {spark_submit.py:524} INFO - 24/10/24 18:40:46 INFO DAGScheduler: Submitting ResultStage 6 (MapPartitionsRDD[15] at save at NativeMethodAccessorImpl.java:0), which has no missing parents
[2024-10-24T18:40:46.804+0000] {spark_submit.py:524} INFO - 24/10/24 18:40:46 INFO MemoryStore: Block broadcast_6 stored as values in memory (estimated size 245.6 KiB, free 433.9 MiB)
[2024-10-24T18:40:46.811+0000] {spark_submit.py:524} INFO - 24/10/24 18:40:46 INFO MemoryStore: Block broadcast_6_piece0 stored as bytes in memory (estimated size 90.7 KiB, free 433.8 MiB)
[2024-10-24T18:40:46.812+0000] {spark_submit.py:524} INFO - 24/10/24 18:40:46 INFO BlockManagerInfo: Added broadcast_6_piece0 in memory on f55139681ae8:37973 (size: 90.7 KiB, free: 434.3 MiB)
[2024-10-24T18:40:46.813+0000] {spark_submit.py:524} INFO - 24/10/24 18:40:46 INFO SparkContext: Created broadcast 6 from broadcast at DAGScheduler.scala:1580
[2024-10-24T18:40:46.814+0000] {spark_submit.py:524} INFO - 24/10/24 18:40:46 INFO BlockManagerInfo: Removed broadcast_5_piece0 on f55139681ae8:37973 in memory (size: 19.1 KiB, free: 434.3 MiB)
[2024-10-24T18:40:46.816+0000] {spark_submit.py:524} INFO - 24/10/24 18:40:46 INFO DAGScheduler: Submitting 1 missing tasks from ResultStage 6 (MapPartitionsRDD[15] at save at NativeMethodAccessorImpl.java:0) (first 15 tasks are for partitions Vector(0))
[2024-10-24T18:40:46.817+0000] {spark_submit.py:524} INFO - 24/10/24 18:40:46 INFO TaskSchedulerImpl: Adding task set 6.0 with 1 tasks resource profile 0
[2024-10-24T18:40:46.818+0000] {spark_submit.py:524} INFO - 24/10/24 18:40:46 INFO BlockManagerInfo: Removed broadcast_5_piece0 on 172.18.0.5:42289 in memory (size: 19.1 KiB, free: 434.4 MiB)
[2024-10-24T18:40:46.820+0000] {spark_submit.py:524} INFO - 24/10/24 18:40:46 INFO TaskSetManager: Starting task 0.0 in stage 6.0 (TID 6) (172.18.0.5, executor 0, partition 0, NODE_LOCAL, 7619 bytes)
[2024-10-24T18:40:46.841+0000] {spark_submit.py:524} INFO - 24/10/24 18:40:46 INFO BlockManagerInfo: Added broadcast_6_piece0 in memory on 172.18.0.5:42289 (size: 90.7 KiB, free: 434.3 MiB)
[2024-10-24T18:40:46.962+0000] {spark_submit.py:524} INFO - 24/10/24 18:40:46 INFO MapOutputTrackerMasterEndpoint: Asked to send map output locations for shuffle 1 to 172.18.0.5:39632
[2024-10-24T18:40:47.490+0000] {spark_submit.py:524} INFO - 24/10/24 18:40:47 INFO TaskSetManager: Finished task 0.0 in stage 6.0 (TID 6) in 671 ms on 172.18.0.5 (executor 0) (1/1)
[2024-10-24T18:40:47.490+0000] {spark_submit.py:524} INFO - 24/10/24 18:40:47 INFO TaskSchedulerImpl: Removed TaskSet 6.0, whose tasks have all completed, from pool
[2024-10-24T18:40:47.492+0000] {spark_submit.py:524} INFO - 24/10/24 18:40:47 INFO DAGScheduler: ResultStage 6 (save at NativeMethodAccessorImpl.java:0) finished in 0.713 s
[2024-10-24T18:40:47.494+0000] {spark_submit.py:524} INFO - 24/10/24 18:40:47 INFO DAGScheduler: Job 4 is finished. Cancelling potential speculative or zombie tasks for this job
[2024-10-24T18:40:47.494+0000] {spark_submit.py:524} INFO - 24/10/24 18:40:47 INFO TaskSchedulerImpl: Killing all running tasks in stage 6: Stage finished
[2024-10-24T18:40:47.494+0000] {spark_submit.py:524} INFO - 24/10/24 18:40:47 INFO DAGScheduler: Job 4 finished: save at NativeMethodAccessorImpl.java:0, took 0.726105 s
[2024-10-24T18:40:47.498+0000] {spark_submit.py:524} INFO - 24/10/24 18:40:47 INFO FileFormatWriter: Start to commit write Job a378c34e-75cc-400a-9968-32b33ac473d8.
[2024-10-24T18:40:47.532+0000] {spark_submit.py:524} INFO - 24/10/24 18:40:47 INFO FileFormatWriter: Write Job a378c34e-75cc-400a-9968-32b33ac473d8 committed. Elapsed time: 33 ms.
[2024-10-24T18:40:47.536+0000] {spark_submit.py:524} INFO - 24/10/24 18:40:47 INFO FileFormatWriter: Finished processing stats for write job a378c34e-75cc-400a-9968-32b33ac473d8.
[2024-10-24T18:40:47.540+0000] {spark_submit.py:524} INFO - Escrita realizada na camada Gold
[2024-10-24T18:40:47.541+0000] {spark_submit.py:524} INFO - 24/10/24 18:40:47 INFO SparkContext: SparkContext is stopping with exitCode 0.
[2024-10-24T18:40:47.562+0000] {spark_submit.py:524} INFO - 24/10/24 18:40:47 INFO SparkUI: Stopped Spark web UI at http://f55139681ae8:4040
[2024-10-24T18:40:47.576+0000] {spark_submit.py:524} INFO - 24/10/24 18:40:47 INFO StandaloneSchedulerBackend: Shutting down all executors
[2024-10-24T18:40:47.587+0000] {spark_submit.py:524} INFO - 24/10/24 18:40:47 INFO StandaloneSchedulerBackend$StandaloneDriverEndpoint: Asking each executor to shut down
[2024-10-24T18:40:47.657+0000] {spark_submit.py:524} INFO - 24/10/24 18:40:47 INFO MapOutputTrackerMasterEndpoint: MapOutputTrackerMasterEndpoint stopped!
[2024-10-24T18:40:47.731+0000] {spark_submit.py:524} INFO - 24/10/24 18:40:47 INFO MemoryStore: MemoryStore cleared
[2024-10-24T18:40:47.733+0000] {spark_submit.py:524} INFO - 24/10/24 18:40:47 INFO BlockManager: BlockManager stopped
[2024-10-24T18:40:47.743+0000] {spark_submit.py:524} INFO - 24/10/24 18:40:47 INFO BlockManagerMaster: BlockManagerMaster stopped
[2024-10-24T18:40:47.749+0000] {spark_submit.py:524} INFO - 24/10/24 18:40:47 INFO OutputCommitCoordinator$OutputCommitCoordinatorEndpoint: OutputCommitCoordinator stopped!
[2024-10-24T18:40:47.769+0000] {spark_submit.py:524} INFO - 24/10/24 18:40:47 INFO SparkContext: Successfully stopped SparkContext
[2024-10-24T18:40:48.336+0000] {spark_submit.py:524} INFO - 24/10/24 18:40:48 INFO ShutdownHookManager: Shutdown hook called
[2024-10-24T18:40:48.336+0000] {spark_submit.py:524} INFO - 24/10/24 18:40:48 INFO ShutdownHookManager: Deleting directory /tmp/spark-fb05a874-c65d-476f-9251-15ac4bea89a9/pyspark-a18af091-e0a3-47e7-92e1-4f6dc6039ec2
[2024-10-24T18:40:48.341+0000] {spark_submit.py:524} INFO - 24/10/24 18:40:48 INFO ShutdownHookManager: Deleting directory /tmp/spark-fb05a874-c65d-476f-9251-15ac4bea89a9
[2024-10-24T18:40:48.345+0000] {spark_submit.py:524} INFO - 24/10/24 18:40:48 INFO ShutdownHookManager: Deleting directory /tmp/spark-a43440e8-d335-4a61-9273-bbe662bdf156
[2024-10-24T18:40:48.415+0000] {taskinstance.py:1398} INFO - Marking task as SUCCESS. dag_id=api_openbrewerydb_to_silver_gold, task_id=Gold, execution_date=20241022T080000, start_date=20241024T184032, end_date=20241024T184048
[2024-10-24T18:40:48.451+0000] {local_task_job_runner.py:228} INFO - Task exited with return code 0
[2024-10-24T18:40:48.472+0000] {taskinstance.py:2776} INFO - 0 downstream tasks scheduled from follow-on schedule check
