[2024-10-24T14:35:25.246+0000] {taskinstance.py:1157} INFO - Dependencies all met for dep_context=non-requeueable deps ti=<TaskInstance: api_openbrewerydb_to_silver_gold.Gold scheduled__2023-12-01T08:00:00+00:00 [queued]>
[2024-10-24T14:35:25.253+0000] {taskinstance.py:1157} INFO - Dependencies all met for dep_context=requeueable deps ti=<TaskInstance: api_openbrewerydb_to_silver_gold.Gold scheduled__2023-12-01T08:00:00+00:00 [queued]>
[2024-10-24T14:35:25.253+0000] {taskinstance.py:1359} INFO - Starting attempt 1 of 2
[2024-10-24T14:35:25.262+0000] {taskinstance.py:1380} INFO - Executing <Task(SparkSubmitOperator): Gold> on 2023-12-01 08:00:00+00:00
[2024-10-24T14:35:25.266+0000] {standard_task_runner.py:57} INFO - Started process 13456 to run task
[2024-10-24T14:35:25.268+0000] {standard_task_runner.py:84} INFO - Running: ['***', 'tasks', 'run', 'api_openbrewerydb_to_silver_gold', 'Gold', 'scheduled__2023-12-01T08:00:00+00:00', '--job-id', '88', '--raw', '--subdir', 'DAGS_FOLDER/api_openbrewerydb_to_silver.py', '--cfg-path', '/tmp/tmpplfp62hb']
[2024-10-24T14:35:25.273+0000] {standard_task_runner.py:85} INFO - Job 88: Subtask Gold
[2024-10-24T14:35:25.317+0000] {task_command.py:415} INFO - Running <TaskInstance: api_openbrewerydb_to_silver_gold.Gold scheduled__2023-12-01T08:00:00+00:00 [running]> on host 96f89615839b
[2024-10-24T14:35:25.396+0000] {taskinstance.py:1660} INFO - Exporting env vars: AIRFLOW_CTX_DAG_OWNER='Rodrigo Araujo' AIRFLOW_CTX_DAG_ID='api_openbrewerydb_to_silver_gold' AIRFLOW_CTX_TASK_ID='Gold' AIRFLOW_CTX_EXECUTION_DATE='2023-12-01T08:00:00+00:00' AIRFLOW_CTX_TRY_NUMBER='1' AIRFLOW_CTX_DAG_RUN_ID='scheduled__2023-12-01T08:00:00+00:00'
[2024-10-24T14:35:25.407+0000] {base.py:73} INFO - Using connection ID 'spark-conn' for task execution.
[2024-10-24T14:35:25.408+0000] {spark_submit.py:363} INFO - Spark-Submit cmd: spark-submit --master spark://spark-master:7077 --name arrow-spark jobs/gold/api_openbrewerydb.py
[2024-10-24T14:35:28.497+0000] {spark_submit.py:524} INFO - 24/10/24 14:35:28 INFO SparkContext: Running Spark version 3.5.3
[2024-10-24T14:35:28.499+0000] {spark_submit.py:524} INFO - 24/10/24 14:35:28 INFO SparkContext: OS info Linux, 5.15.0-124-generic, amd64
[2024-10-24T14:35:28.505+0000] {spark_submit.py:524} INFO - 24/10/24 14:35:28 INFO SparkContext: Java version 11.0.25
[2024-10-24T14:35:28.555+0000] {spark_submit.py:524} INFO - 24/10/24 14:35:28 WARN NativeCodeLoader: Unable to load native-hadoop library for your platform... using builtin-java classes where applicable
[2024-10-24T14:35:28.639+0000] {spark_submit.py:524} INFO - 24/10/24 14:35:28 INFO ResourceUtils: ==============================================================
[2024-10-24T14:35:28.640+0000] {spark_submit.py:524} INFO - 24/10/24 14:35:28 INFO ResourceUtils: No custom resources configured for spark.driver.
[2024-10-24T14:35:28.640+0000] {spark_submit.py:524} INFO - 24/10/24 14:35:28 INFO ResourceUtils: ==============================================================
[2024-10-24T14:35:28.640+0000] {spark_submit.py:524} INFO - 24/10/24 14:35:28 INFO SparkContext: Submitted application: IngestaoSilver
[2024-10-24T14:35:28.660+0000] {spark_submit.py:524} INFO - 24/10/24 14:35:28 INFO ResourceProfile: Default ResourceProfile created, executor resources: Map(memory -> name: memory, amount: 1024, script: , vendor: , offHeap -> name: offHeap, amount: 0, script: , vendor: ), task resources: Map(cpus -> name: cpus, amount: 1.0)
[2024-10-24T14:35:28.673+0000] {spark_submit.py:524} INFO - 24/10/24 14:35:28 INFO ResourceProfile: Limiting resource is cpu
[2024-10-24T14:35:28.673+0000] {spark_submit.py:524} INFO - 24/10/24 14:35:28 INFO ResourceProfileManager: Added ResourceProfile id: 0
[2024-10-24T14:35:28.718+0000] {spark_submit.py:524} INFO - 24/10/24 14:35:28 INFO SecurityManager: Changing view acls to: ***
[2024-10-24T14:35:28.718+0000] {spark_submit.py:524} INFO - 24/10/24 14:35:28 INFO SecurityManager: Changing modify acls to: ***
[2024-10-24T14:35:28.719+0000] {spark_submit.py:524} INFO - 24/10/24 14:35:28 INFO SecurityManager: Changing view acls groups to:
[2024-10-24T14:35:28.719+0000] {spark_submit.py:524} INFO - 24/10/24 14:35:28 INFO SecurityManager: Changing modify acls groups to:
[2024-10-24T14:35:28.720+0000] {spark_submit.py:524} INFO - 24/10/24 14:35:28 INFO SecurityManager: SecurityManager: authentication disabled; ui acls disabled; users with view permissions: ***; groups with view permissions: EMPTY; users with modify permissions: ***; groups with modify permissions: EMPTY
[2024-10-24T14:35:28.939+0000] {spark_submit.py:524} INFO - 24/10/24 14:35:28 INFO Utils: Successfully started service 'sparkDriver' on port 35269.
[2024-10-24T14:35:28.963+0000] {spark_submit.py:524} INFO - 24/10/24 14:35:28 INFO SparkEnv: Registering MapOutputTracker
[2024-10-24T14:35:28.992+0000] {spark_submit.py:524} INFO - 24/10/24 14:35:28 INFO SparkEnv: Registering BlockManagerMaster
[2024-10-24T14:35:29.011+0000] {spark_submit.py:524} INFO - 24/10/24 14:35:29 INFO BlockManagerMasterEndpoint: Using org.apache.spark.storage.DefaultTopologyMapper for getting topology information
[2024-10-24T14:35:29.012+0000] {spark_submit.py:524} INFO - 24/10/24 14:35:29 INFO BlockManagerMasterEndpoint: BlockManagerMasterEndpoint up
[2024-10-24T14:35:29.015+0000] {spark_submit.py:524} INFO - 24/10/24 14:35:29 INFO SparkEnv: Registering BlockManagerMasterHeartbeat
[2024-10-24T14:35:29.033+0000] {spark_submit.py:524} INFO - 24/10/24 14:35:29 INFO DiskBlockManager: Created local directory at /tmp/blockmgr-5e7c012a-e69f-40f4-ae0c-21399cae105e
[2024-10-24T14:35:29.045+0000] {spark_submit.py:524} INFO - 24/10/24 14:35:29 INFO MemoryStore: MemoryStore started with capacity 434.4 MiB
[2024-10-24T14:35:29.058+0000] {spark_submit.py:524} INFO - 24/10/24 14:35:29 INFO SparkEnv: Registering OutputCommitCoordinator
[2024-10-24T14:35:29.202+0000] {spark_submit.py:524} INFO - 24/10/24 14:35:29 INFO JettyUtils: Start Jetty 0.0.0.0:4040 for SparkUI
[2024-10-24T14:35:29.256+0000] {spark_submit.py:524} INFO - 24/10/24 14:35:29 INFO Utils: Successfully started service 'SparkUI' on port 4040.
[2024-10-24T14:35:29.368+0000] {spark_submit.py:524} INFO - 24/10/24 14:35:29 INFO StandaloneAppClient$ClientEndpoint: Connecting to master spark://spark-master:7077...
[2024-10-24T14:35:29.416+0000] {spark_submit.py:524} INFO - 24/10/24 14:35:29 INFO TransportClientFactory: Successfully created connection to spark-master/172.18.0.2:7077 after 26 ms (0 ms spent in bootstraps)
[2024-10-24T14:35:29.503+0000] {spark_submit.py:524} INFO - 24/10/24 14:35:29 INFO StandaloneSchedulerBackend: Connected to Spark cluster with app ID app-20241024143529-0083
[2024-10-24T14:35:29.505+0000] {spark_submit.py:524} INFO - 24/10/24 14:35:29 INFO StandaloneAppClient$ClientEndpoint: Executor added: app-20241024143529-0083/0 on worker-20241024142308-172.18.0.5-43899 (172.18.0.5:43899) with 2 core(s)
[2024-10-24T14:35:29.507+0000] {spark_submit.py:524} INFO - 24/10/24 14:35:29 INFO StandaloneSchedulerBackend: Granted executor ID app-20241024143529-0083/0 on hostPort 172.18.0.5:43899 with 2 core(s), 1024.0 MiB RAM
[2024-10-24T14:35:29.517+0000] {spark_submit.py:524} INFO - 24/10/24 14:35:29 INFO Utils: Successfully started service 'org.apache.spark.network.netty.NettyBlockTransferService' on port 41835.
[2024-10-24T14:35:29.518+0000] {spark_submit.py:524} INFO - 24/10/24 14:35:29 INFO NettyBlockTransferService: Server created on 96f89615839b:41835
[2024-10-24T14:35:29.520+0000] {spark_submit.py:524} INFO - 24/10/24 14:35:29 INFO BlockManager: Using org.apache.spark.storage.RandomBlockReplicationPolicy for block replication policy
[2024-10-24T14:35:29.531+0000] {spark_submit.py:524} INFO - 24/10/24 14:35:29 INFO BlockManagerMaster: Registering BlockManager BlockManagerId(driver, 96f89615839b, 41835, None)
[2024-10-24T14:35:29.535+0000] {spark_submit.py:524} INFO - 24/10/24 14:35:29 INFO BlockManagerMasterEndpoint: Registering block manager 96f89615839b:41835 with 434.4 MiB RAM, BlockManagerId(driver, 96f89615839b, 41835, None)
[2024-10-24T14:35:29.538+0000] {spark_submit.py:524} INFO - 24/10/24 14:35:29 INFO BlockManagerMaster: Registered BlockManager BlockManagerId(driver, 96f89615839b, 41835, None)
[2024-10-24T14:35:29.539+0000] {spark_submit.py:524} INFO - 24/10/24 14:35:29 INFO StandaloneAppClient$ClientEndpoint: Executor updated: app-20241024143529-0083/0 is now RUNNING
[2024-10-24T14:35:29.540+0000] {spark_submit.py:524} INFO - 24/10/24 14:35:29 INFO BlockManager: Initialized BlockManager: BlockManagerId(driver, 96f89615839b, 41835, None)
[2024-10-24T14:35:29.808+0000] {spark_submit.py:524} INFO - 24/10/24 14:35:29 INFO StandaloneSchedulerBackend: SchedulerBackend is ready for scheduling beginning after reached minRegisteredResourcesRatio: 0.0
[2024-10-24T14:35:30.055+0000] {spark_submit.py:524} INFO - Hello from Spark!
[2024-10-24T14:35:30.056+0000] {spark_submit.py:524} INFO - 24/10/24 14:35:30 INFO SparkContext: SparkContext is stopping with exitCode 0.
[2024-10-24T14:35:30.069+0000] {spark_submit.py:524} INFO - 24/10/24 14:35:30 INFO SparkUI: Stopped Spark web UI at http://96f89615839b:4040
[2024-10-24T14:35:30.076+0000] {spark_submit.py:524} INFO - 24/10/24 14:35:30 INFO StandaloneSchedulerBackend: Shutting down all executors
[2024-10-24T14:35:30.080+0000] {spark_submit.py:524} INFO - 24/10/24 14:35:30 INFO StandaloneSchedulerBackend$StandaloneDriverEndpoint: Asking each executor to shut down
[2024-10-24T14:35:30.099+0000] {spark_submit.py:524} INFO - 24/10/24 14:35:30 INFO MapOutputTrackerMasterEndpoint: MapOutputTrackerMasterEndpoint stopped!
[2024-10-24T14:35:30.108+0000] {spark_submit.py:524} INFO - 24/10/24 14:35:30 INFO MemoryStore: MemoryStore cleared
[2024-10-24T14:35:30.109+0000] {spark_submit.py:524} INFO - 24/10/24 14:35:30 INFO BlockManager: BlockManager stopped
[2024-10-24T14:35:30.114+0000] {spark_submit.py:524} INFO - 24/10/24 14:35:30 INFO BlockManagerMaster: BlockManagerMaster stopped
[2024-10-24T14:35:30.117+0000] {spark_submit.py:524} INFO - 24/10/24 14:35:30 INFO OutputCommitCoordinator$OutputCommitCoordinatorEndpoint: OutputCommitCoordinator stopped!
[2024-10-24T14:35:30.124+0000] {spark_submit.py:524} INFO - 24/10/24 14:35:30 INFO SparkContext: Successfully stopped SparkContext
[2024-10-24T14:35:30.377+0000] {spark_submit.py:524} INFO - 24/10/24 14:35:30 INFO ShutdownHookManager: Shutdown hook called
[2024-10-24T14:35:30.378+0000] {spark_submit.py:524} INFO - 24/10/24 14:35:30 INFO ShutdownHookManager: Deleting directory /tmp/spark-f5f77980-b679-4661-9f37-9e5f97c8519b
[2024-10-24T14:35:30.381+0000] {spark_submit.py:524} INFO - 24/10/24 14:35:30 INFO ShutdownHookManager: Deleting directory /tmp/spark-f5f77980-b679-4661-9f37-9e5f97c8519b/pyspark-aae1f0ec-8d4f-4bd0-9f76-e15641baa9bc
[2024-10-24T14:35:30.384+0000] {spark_submit.py:524} INFO - 24/10/24 14:35:30 INFO ShutdownHookManager: Deleting directory /tmp/spark-a6b95b56-177d-4d76-b330-c307402d1e6c
[2024-10-24T14:35:30.434+0000] {taskinstance.py:1398} INFO - Marking task as SUCCESS. dag_id=api_openbrewerydb_to_silver_gold, task_id=Gold, execution_date=20231201T080000, start_date=20241024T143525, end_date=20241024T143530
[2024-10-24T14:35:30.451+0000] {local_task_job_runner.py:228} INFO - Task exited with return code 0
[2024-10-24T14:35:30.466+0000] {taskinstance.py:2776} INFO - 0 downstream tasks scheduled from follow-on schedule check
