[2024-10-24T18:14:41.260+0000] {taskinstance.py:1157} INFO - Dependencies all met for dep_context=non-requeueable deps ti=<TaskInstance: api_openbrewerydb_to_silver_gold.Silver manual__2024-10-24T18:14:39.777524+00:00 [queued]>
[2024-10-24T18:14:41.268+0000] {taskinstance.py:1157} INFO - Dependencies all met for dep_context=requeueable deps ti=<TaskInstance: api_openbrewerydb_to_silver_gold.Silver manual__2024-10-24T18:14:39.777524+00:00 [queued]>
[2024-10-24T18:14:41.268+0000] {taskinstance.py:1359} INFO - Starting attempt 1 of 2
[2024-10-24T18:14:41.279+0000] {taskinstance.py:1380} INFO - Executing <Task(SparkSubmitOperator): Silver> on 2024-10-24 18:14:39.777524+00:00
[2024-10-24T18:14:41.283+0000] {standard_task_runner.py:57} INFO - Started process 200 to run task
[2024-10-24T18:14:41.285+0000] {standard_task_runner.py:84} INFO - Running: ['***', 'tasks', 'run', 'api_openbrewerydb_to_silver_gold', 'Silver', 'manual__2024-10-24T18:14:39.777524+00:00', '--job-id', '174', '--raw', '--subdir', 'DAGS_FOLDER/api_openbrewerydb_to_silver.py', '--cfg-path', '/tmp/tmpx435ou1q']
[2024-10-24T18:14:41.287+0000] {standard_task_runner.py:85} INFO - Job 174: Subtask Silver
[2024-10-24T18:14:41.333+0000] {task_command.py:415} INFO - Running <TaskInstance: api_openbrewerydb_to_silver_gold.Silver manual__2024-10-24T18:14:39.777524+00:00 [running]> on host f55139681ae8
[2024-10-24T18:14:41.418+0000] {taskinstance.py:1660} INFO - Exporting env vars: AIRFLOW_CTX_DAG_OWNER='Rodrigo Araujo' AIRFLOW_CTX_DAG_ID='api_openbrewerydb_to_silver_gold' AIRFLOW_CTX_TASK_ID='Silver' AIRFLOW_CTX_EXECUTION_DATE='2024-10-24T18:14:39.777524+00:00' AIRFLOW_CTX_TRY_NUMBER='1' AIRFLOW_CTX_DAG_RUN_ID='manual__2024-10-24T18:14:39.777524+00:00'
[2024-10-24T18:14:41.429+0000] {base.py:73} INFO - Using connection ID 'spark-conn' for task execution.
[2024-10-24T18:14:41.430+0000] {spark_submit.py:363} INFO - Spark-Submit cmd: spark-submit --master spark://spark-master:7077 --name arrow-spark jobs/silver/api_openbrewerydb.py
[2024-10-24T18:14:43.974+0000] {spark_submit.py:524} INFO - 24/10/24 18:14:43 INFO SparkContext: Running Spark version 3.5.0
[2024-10-24T18:14:43.975+0000] {spark_submit.py:524} INFO - 24/10/24 18:14:43 INFO SparkContext: OS info Linux, 5.15.0-124-generic, amd64
[2024-10-24T18:14:43.976+0000] {spark_submit.py:524} INFO - 24/10/24 18:14:43 INFO SparkContext: Java version 17.0.13
[2024-10-24T18:14:44.032+0000] {spark_submit.py:524} INFO - 24/10/24 18:14:44 WARN NativeCodeLoader: Unable to load native-hadoop library for your platform... using builtin-java classes where applicable
[2024-10-24T18:14:44.121+0000] {spark_submit.py:524} INFO - 24/10/24 18:14:44 INFO ResourceUtils: ==============================================================
[2024-10-24T18:14:44.121+0000] {spark_submit.py:524} INFO - 24/10/24 18:14:44 INFO ResourceUtils: No custom resources configured for spark.driver.
[2024-10-24T18:14:44.122+0000] {spark_submit.py:524} INFO - 24/10/24 18:14:44 INFO ResourceUtils: ==============================================================
[2024-10-24T18:14:44.122+0000] {spark_submit.py:524} INFO - 24/10/24 18:14:44 INFO SparkContext: Submitted application: IngestaoSilver
[2024-10-24T18:14:44.141+0000] {spark_submit.py:524} INFO - 24/10/24 18:14:44 INFO ResourceProfile: Default ResourceProfile created, executor resources: Map(memory -> name: memory, amount: 1024, script: , vendor: , offHeap -> name: offHeap, amount: 0, script: , vendor: ), task resources: Map(cpus -> name: cpus, amount: 1.0)
[2024-10-24T18:14:44.149+0000] {spark_submit.py:524} INFO - 24/10/24 18:14:44 INFO ResourceProfile: Limiting resource is cpu
[2024-10-24T18:14:44.149+0000] {spark_submit.py:524} INFO - 24/10/24 18:14:44 INFO ResourceProfileManager: Added ResourceProfile id: 0
[2024-10-24T18:14:44.197+0000] {spark_submit.py:524} INFO - 24/10/24 18:14:44 INFO SecurityManager: Changing view acls to: root
[2024-10-24T18:14:44.198+0000] {spark_submit.py:524} INFO - 24/10/24 18:14:44 INFO SecurityManager: Changing modify acls to: root
[2024-10-24T18:14:44.199+0000] {spark_submit.py:524} INFO - 24/10/24 18:14:44 INFO SecurityManager: Changing view acls groups to:
[2024-10-24T18:14:44.199+0000] {spark_submit.py:524} INFO - 24/10/24 18:14:44 INFO SecurityManager: Changing modify acls groups to:
[2024-10-24T18:14:44.200+0000] {spark_submit.py:524} INFO - 24/10/24 18:14:44 INFO SecurityManager: SecurityManager: authentication disabled; ui acls disabled; users with view permissions: root; groups with view permissions: EMPTY; users with modify permissions: root; groups with modify permissions: EMPTY
[2024-10-24T18:14:44.409+0000] {spark_submit.py:524} INFO - 24/10/24 18:14:44 INFO Utils: Successfully started service 'sparkDriver' on port 34733.
[2024-10-24T18:14:44.434+0000] {spark_submit.py:524} INFO - 24/10/24 18:14:44 INFO SparkEnv: Registering MapOutputTracker
[2024-10-24T18:14:44.465+0000] {spark_submit.py:524} INFO - 24/10/24 18:14:44 INFO SparkEnv: Registering BlockManagerMaster
[2024-10-24T18:14:44.480+0000] {spark_submit.py:524} INFO - 24/10/24 18:14:44 INFO BlockManagerMasterEndpoint: Using org.apache.spark.storage.DefaultTopologyMapper for getting topology information
[2024-10-24T18:14:44.481+0000] {spark_submit.py:524} INFO - 24/10/24 18:14:44 INFO BlockManagerMasterEndpoint: BlockManagerMasterEndpoint up
[2024-10-24T18:14:44.484+0000] {spark_submit.py:524} INFO - 24/10/24 18:14:44 INFO SparkEnv: Registering BlockManagerMasterHeartbeat
[2024-10-24T18:14:44.503+0000] {spark_submit.py:524} INFO - 24/10/24 18:14:44 INFO DiskBlockManager: Created local directory at /tmp/blockmgr-383e73b7-4e16-4020-a9b0-274d84e2637d
[2024-10-24T18:14:44.514+0000] {spark_submit.py:524} INFO - 24/10/24 18:14:44 INFO MemoryStore: MemoryStore started with capacity 434.4 MiB
[2024-10-24T18:14:44.527+0000] {spark_submit.py:524} INFO - 24/10/24 18:14:44 INFO SparkEnv: Registering OutputCommitCoordinator
[2024-10-24T18:14:44.644+0000] {spark_submit.py:524} INFO - 24/10/24 18:14:44 INFO JettyUtils: Start Jetty 0.0.0.0:4040 for SparkUI
[2024-10-24T18:14:44.698+0000] {spark_submit.py:524} INFO - 24/10/24 18:14:44 INFO Utils: Successfully started service 'SparkUI' on port 4040.
[2024-10-24T18:14:44.794+0000] {spark_submit.py:524} INFO - 24/10/24 18:14:44 INFO StandaloneAppClient$ClientEndpoint: Connecting to master spark://spark-master:7077...
[2024-10-24T18:14:44.833+0000] {spark_submit.py:524} INFO - 24/10/24 18:14:44 INFO TransportClientFactory: Successfully created connection to spark-master/172.18.0.3:7077 after 20 ms (0 ms spent in bootstraps)
[2024-10-24T18:14:44.968+0000] {spark_submit.py:524} INFO - 24/10/24 18:14:44 INFO StandaloneSchedulerBackend: Connected to Spark cluster with app ID app-20241024181444-0000
[2024-10-24T18:14:44.986+0000] {spark_submit.py:524} INFO - 24/10/24 18:14:44 INFO Utils: Successfully started service 'org.apache.spark.network.netty.NettyBlockTransferService' on port 37383.
[2024-10-24T18:14:44.987+0000] {spark_submit.py:524} INFO - 24/10/24 18:14:44 INFO NettyBlockTransferService: Server created on f55139681ae8:37383
[2024-10-24T18:14:44.990+0000] {spark_submit.py:524} INFO - 24/10/24 18:14:44 INFO BlockManager: Using org.apache.spark.storage.RandomBlockReplicationPolicy for block replication policy
[2024-10-24T18:14:45.003+0000] {spark_submit.py:524} INFO - 24/10/24 18:14:45 INFO BlockManagerMaster: Registering BlockManager BlockManagerId(driver, f55139681ae8, 37383, None)
[2024-10-24T18:14:45.009+0000] {spark_submit.py:524} INFO - 24/10/24 18:14:45 INFO BlockManagerMasterEndpoint: Registering block manager f55139681ae8:37383 with 434.4 MiB RAM, BlockManagerId(driver, f55139681ae8, 37383, None)
[2024-10-24T18:14:45.012+0000] {spark_submit.py:524} INFO - 24/10/24 18:14:45 INFO BlockManagerMaster: Registered BlockManager BlockManagerId(driver, f55139681ae8, 37383, None)
[2024-10-24T18:14:45.014+0000] {spark_submit.py:524} INFO - 24/10/24 18:14:45 INFO BlockManager: Initialized BlockManager: BlockManagerId(driver, f55139681ae8, 37383, None)
[2024-10-24T18:14:45.027+0000] {spark_submit.py:524} INFO - 24/10/24 18:14:45 INFO StandaloneAppClient$ClientEndpoint: Executor added: app-20241024181444-0000/0 on worker-20241024181336-172.18.0.5-36873 (172.18.0.5:36873) with 2 core(s)
[2024-10-24T18:14:45.031+0000] {spark_submit.py:524} INFO - 24/10/24 18:14:45 INFO StandaloneSchedulerBackend: Granted executor ID app-20241024181444-0000/0 on hostPort 172.18.0.5:36873 with 2 core(s), 1024.0 MiB RAM
[2024-10-24T18:14:45.224+0000] {spark_submit.py:524} INFO - 24/10/24 18:14:45 INFO StandaloneAppClient$ClientEndpoint: Executor updated: app-20241024181444-0000/0 is now RUNNING
[2024-10-24T18:14:45.333+0000] {spark_submit.py:524} INFO - 24/10/24 18:14:45 INFO StandaloneSchedulerBackend: SchedulerBackend is ready for scheduling beginning after reached minRegisteredResourcesRatio: 0.0
[2024-10-24T18:14:45.632+0000] {spark_submit.py:524} INFO - 24/10/24 18:14:45 INFO SharedState: Setting hive.metastore.warehouse.dir ('null') to the value of spark.sql.warehouse.dir.
[2024-10-24T18:14:45.640+0000] {spark_submit.py:524} INFO - 24/10/24 18:14:45 INFO SharedState: Warehouse path is 'file:/opt/***/spark-warehouse'.
[2024-10-24T18:14:46.858+0000] {spark_submit.py:524} INFO - 24/10/24 18:14:46 INFO InMemoryFileIndex: It took 55 ms to list leaf files for 1 paths.
[2024-10-24T18:14:46.942+0000] {spark_submit.py:524} INFO - 24/10/24 18:14:46 INFO InMemoryFileIndex: It took 4 ms to list leaf files for 1 paths.
[2024-10-24T18:14:48.404+0000] {spark_submit.py:524} INFO - 24/10/24 18:14:48 INFO StandaloneSchedulerBackend$StandaloneDriverEndpoint: Registered executor NettyRpcEndpointRef(spark-client://Executor) (172.18.0.5:42882) with ID 0,  ResourceProfileId 0
[2024-10-24T18:14:48.493+0000] {spark_submit.py:524} INFO - 24/10/24 18:14:48 INFO BlockManagerMasterEndpoint: Registering block manager 172.18.0.5:34535 with 434.4 MiB RAM, BlockManagerId(0, 172.18.0.5, 34535, None)
[2024-10-24T18:14:49.418+0000] {spark_submit.py:524} INFO - 24/10/24 18:14:49 INFO FileSourceStrategy: Pushed Filters:
[2024-10-24T18:14:49.430+0000] {spark_submit.py:524} INFO - 24/10/24 18:14:49 INFO FileSourceStrategy: Post-Scan Filters:
[2024-10-24T18:14:49.621+0000] {spark_submit.py:524} INFO - 24/10/24 18:14:49 INFO MemoryStore: Block broadcast_0 stored as values in memory (estimated size 199.2 KiB, free 434.2 MiB)
[2024-10-24T18:14:49.670+0000] {spark_submit.py:524} INFO - 24/10/24 18:14:49 INFO MemoryStore: Block broadcast_0_piece0 stored as bytes in memory (estimated size 34.1 KiB, free 434.2 MiB)
[2024-10-24T18:14:49.673+0000] {spark_submit.py:524} INFO - 24/10/24 18:14:49 INFO BlockManagerInfo: Added broadcast_0_piece0 in memory on f55139681ae8:37383 (size: 34.1 KiB, free: 434.4 MiB)
[2024-10-24T18:14:49.682+0000] {spark_submit.py:524} INFO - 24/10/24 18:14:49 INFO SparkContext: Created broadcast 0 from json at NativeMethodAccessorImpl.java:0
[2024-10-24T18:14:49.695+0000] {spark_submit.py:524} INFO - 24/10/24 18:14:49 INFO FileSourceScanExec: Planning scan with bin packing, max size: 4194304 bytes, open cost is considered as scanning 4194304 bytes.
[2024-10-24T18:14:49.814+0000] {spark_submit.py:524} INFO - 24/10/24 18:14:49 INFO SparkContext: Starting job: json at NativeMethodAccessorImpl.java:0
[2024-10-24T18:14:49.831+0000] {spark_submit.py:524} INFO - 24/10/24 18:14:49 INFO DAGScheduler: Got job 0 (json at NativeMethodAccessorImpl.java:0) with 1 output partitions
[2024-10-24T18:14:49.831+0000] {spark_submit.py:524} INFO - 24/10/24 18:14:49 INFO DAGScheduler: Final stage: ResultStage 0 (json at NativeMethodAccessorImpl.java:0)
[2024-10-24T18:14:49.832+0000] {spark_submit.py:524} INFO - 24/10/24 18:14:49 INFO DAGScheduler: Parents of final stage: List()
[2024-10-24T18:14:49.833+0000] {spark_submit.py:524} INFO - 24/10/24 18:14:49 INFO DAGScheduler: Missing parents: List()
[2024-10-24T18:14:49.836+0000] {spark_submit.py:524} INFO - 24/10/24 18:14:49 INFO DAGScheduler: Submitting ResultStage 0 (MapPartitionsRDD[3] at json at NativeMethodAccessorImpl.java:0), which has no missing parents
[2024-10-24T18:14:49.915+0000] {spark_submit.py:524} INFO - 24/10/24 18:14:49 INFO MemoryStore: Block broadcast_1 stored as values in memory (estimated size 16.0 KiB, free 434.2 MiB)
[2024-10-24T18:14:49.920+0000] {spark_submit.py:524} INFO - 24/10/24 18:14:49 INFO MemoryStore: Block broadcast_1_piece0 stored as bytes in memory (estimated size 7.5 KiB, free 434.1 MiB)
[2024-10-24T18:14:49.921+0000] {spark_submit.py:524} INFO - 24/10/24 18:14:49 INFO BlockManagerInfo: Added broadcast_1_piece0 in memory on f55139681ae8:37383 (size: 7.5 KiB, free: 434.4 MiB)
[2024-10-24T18:14:49.922+0000] {spark_submit.py:524} INFO - 24/10/24 18:14:49 INFO SparkContext: Created broadcast 1 from broadcast at DAGScheduler.scala:1580
[2024-10-24T18:14:49.939+0000] {spark_submit.py:524} INFO - 24/10/24 18:14:49 INFO DAGScheduler: Submitting 1 missing tasks from ResultStage 0 (MapPartitionsRDD[3] at json at NativeMethodAccessorImpl.java:0) (first 15 tasks are for partitions Vector(0))
[2024-10-24T18:14:49.942+0000] {spark_submit.py:524} INFO - 24/10/24 18:14:49 INFO TaskSchedulerImpl: Adding task set 0.0 with 1 tasks resource profile 0
[2024-10-24T18:14:49.976+0000] {spark_submit.py:524} INFO - 24/10/24 18:14:49 INFO TaskSetManager: Starting task 0.0 in stage 0.0 (TID 0) (172.18.0.5, executor 0, partition 0, PROCESS_LOCAL, 8252 bytes)
[2024-10-24T18:14:50.534+0000] {spark_submit.py:524} INFO - 24/10/24 18:14:50 INFO BlockManagerInfo: Added broadcast_1_piece0 in memory on 172.18.0.5:34535 (size: 7.5 KiB, free: 434.4 MiB)
[2024-10-24T18:14:51.614+0000] {spark_submit.py:524} INFO - 24/10/24 18:14:51 INFO BlockManagerInfo: Added broadcast_0_piece0 in memory on 172.18.0.5:34535 (size: 34.1 KiB, free: 434.4 MiB)
[2024-10-24T18:14:51.854+0000] {spark_submit.py:524} INFO - 24/10/24 18:14:51 INFO TaskSetManager: Finished task 0.0 in stage 0.0 (TID 0) in 1889 ms on 172.18.0.5 (executor 0) (1/1)
[2024-10-24T18:14:51.855+0000] {spark_submit.py:524} INFO - 24/10/24 18:14:51 INFO TaskSchedulerImpl: Removed TaskSet 0.0, whose tasks have all completed, from pool
[2024-10-24T18:14:51.860+0000] {spark_submit.py:524} INFO - 24/10/24 18:14:51 INFO DAGScheduler: ResultStage 0 (json at NativeMethodAccessorImpl.java:0) finished in 2.012 s
[2024-10-24T18:14:51.863+0000] {spark_submit.py:524} INFO - 24/10/24 18:14:51 INFO DAGScheduler: Job 0 is finished. Cancelling potential speculative or zombie tasks for this job
[2024-10-24T18:14:51.863+0000] {spark_submit.py:524} INFO - 24/10/24 18:14:51 INFO TaskSchedulerImpl: Killing all running tasks in stage 0: Stage finished
[2024-10-24T18:14:51.866+0000] {spark_submit.py:524} INFO - 24/10/24 18:14:51 INFO DAGScheduler: Job 0 finished: json at NativeMethodAccessorImpl.java:0, took 2.051465 s
[2024-10-24T18:14:51.894+0000] {spark_submit.py:524} INFO - Leitura realizada com sucesso!
[2024-10-24T18:14:52.004+0000] {spark_submit.py:524} INFO - 24/10/24 18:14:52 INFO FileSourceStrategy: Pushed Filters:
[2024-10-24T18:14:52.005+0000] {spark_submit.py:524} INFO - 24/10/24 18:14:52 INFO FileSourceStrategy: Post-Scan Filters:
[2024-10-24T18:14:52.305+0000] {spark_submit.py:524} INFO - 24/10/24 18:14:52 INFO BlockManagerInfo: Removed broadcast_1_piece0 on f55139681ae8:37383 in memory (size: 7.5 KiB, free: 434.4 MiB)
[2024-10-24T18:14:52.312+0000] {spark_submit.py:524} INFO - 24/10/24 18:14:52 INFO BlockManagerInfo: Removed broadcast_1_piece0 on 172.18.0.5:34535 in memory (size: 7.5 KiB, free: 434.4 MiB)
[2024-10-24T18:14:52.325+0000] {spark_submit.py:524} INFO - 24/10/24 18:14:52 INFO CodeGenerator: Code generated in 185.358683 ms
[2024-10-24T18:14:52.332+0000] {spark_submit.py:524} INFO - 24/10/24 18:14:52 INFO MemoryStore: Block broadcast_2 stored as values in memory (estimated size 199.1 KiB, free 434.0 MiB)
[2024-10-24T18:14:52.347+0000] {spark_submit.py:524} INFO - 24/10/24 18:14:52 INFO MemoryStore: Block broadcast_2_piece0 stored as bytes in memory (estimated size 34.1 KiB, free 433.9 MiB)
[2024-10-24T18:14:52.348+0000] {spark_submit.py:524} INFO - 24/10/24 18:14:52 INFO BlockManagerInfo: Added broadcast_2_piece0 in memory on f55139681ae8:37383 (size: 34.1 KiB, free: 434.3 MiB)
[2024-10-24T18:14:52.349+0000] {spark_submit.py:524} INFO - 24/10/24 18:14:52 INFO SparkContext: Created broadcast 2 from count at NativeMethodAccessorImpl.java:0
[2024-10-24T18:14:52.352+0000] {spark_submit.py:524} INFO - 24/10/24 18:14:52 INFO FileSourceScanExec: Planning scan with bin packing, max size: 4194304 bytes, open cost is considered as scanning 4194304 bytes.
[2024-10-24T18:14:52.383+0000] {spark_submit.py:524} INFO - 24/10/24 18:14:52 INFO DAGScheduler: Registering RDD 7 (count at NativeMethodAccessorImpl.java:0) as input to shuffle 0
[2024-10-24T18:14:52.387+0000] {spark_submit.py:524} INFO - 24/10/24 18:14:52 INFO DAGScheduler: Got map stage job 1 (count at NativeMethodAccessorImpl.java:0) with 1 output partitions
[2024-10-24T18:14:52.388+0000] {spark_submit.py:524} INFO - 24/10/24 18:14:52 INFO DAGScheduler: Final stage: ShuffleMapStage 1 (count at NativeMethodAccessorImpl.java:0)
[2024-10-24T18:14:52.388+0000] {spark_submit.py:524} INFO - 24/10/24 18:14:52 INFO DAGScheduler: Parents of final stage: List()
[2024-10-24T18:14:52.389+0000] {spark_submit.py:524} INFO - 24/10/24 18:14:52 INFO DAGScheduler: Missing parents: List()
[2024-10-24T18:14:52.390+0000] {spark_submit.py:524} INFO - 24/10/24 18:14:52 INFO DAGScheduler: Submitting ShuffleMapStage 1 (MapPartitionsRDD[7] at count at NativeMethodAccessorImpl.java:0), which has no missing parents
[2024-10-24T18:14:52.406+0000] {spark_submit.py:524} INFO - 24/10/24 18:14:52 INFO MemoryStore: Block broadcast_3 stored as values in memory (estimated size 17.0 KiB, free 433.9 MiB)
[2024-10-24T18:14:52.411+0000] {spark_submit.py:524} INFO - 24/10/24 18:14:52 INFO MemoryStore: Block broadcast_3_piece0 stored as bytes in memory (estimated size 8.3 KiB, free 433.9 MiB)
[2024-10-24T18:14:52.411+0000] {spark_submit.py:524} INFO - 24/10/24 18:14:52 INFO BlockManagerInfo: Added broadcast_3_piece0 in memory on f55139681ae8:37383 (size: 8.3 KiB, free: 434.3 MiB)
[2024-10-24T18:14:52.412+0000] {spark_submit.py:524} INFO - 24/10/24 18:14:52 INFO SparkContext: Created broadcast 3 from broadcast at DAGScheduler.scala:1580
[2024-10-24T18:14:52.414+0000] {spark_submit.py:524} INFO - 24/10/24 18:14:52 INFO DAGScheduler: Submitting 1 missing tasks from ShuffleMapStage 1 (MapPartitionsRDD[7] at count at NativeMethodAccessorImpl.java:0) (first 15 tasks are for partitions Vector(0))
[2024-10-24T18:14:52.415+0000] {spark_submit.py:524} INFO - 24/10/24 18:14:52 INFO TaskSchedulerImpl: Adding task set 1.0 with 1 tasks resource profile 0
[2024-10-24T18:14:52.417+0000] {spark_submit.py:524} INFO - 24/10/24 18:14:52 INFO TaskSetManager: Starting task 0.0 in stage 1.0 (TID 1) (172.18.0.5, executor 0, partition 0, PROCESS_LOCAL, 8241 bytes)
[2024-10-24T18:14:52.442+0000] {spark_submit.py:524} INFO - 24/10/24 18:14:52 INFO BlockManagerInfo: Removed broadcast_0_piece0 on f55139681ae8:37383 in memory (size: 34.1 KiB, free: 434.4 MiB)
[2024-10-24T18:14:52.446+0000] {spark_submit.py:524} INFO - 24/10/24 18:14:52 INFO BlockManagerInfo: Removed broadcast_0_piece0 on 172.18.0.5:34535 in memory (size: 34.1 KiB, free: 434.4 MiB)
[2024-10-24T18:14:52.451+0000] {spark_submit.py:524} INFO - 24/10/24 18:14:52 INFO BlockManagerInfo: Added broadcast_3_piece0 in memory on 172.18.0.5:34535 (size: 8.3 KiB, free: 434.4 MiB)
[2024-10-24T18:14:52.550+0000] {spark_submit.py:524} INFO - 24/10/24 18:14:52 INFO BlockManagerInfo: Added broadcast_2_piece0 in memory on 172.18.0.5:34535 (size: 34.1 KiB, free: 434.4 MiB)
[2024-10-24T18:14:52.625+0000] {spark_submit.py:524} INFO - 24/10/24 18:14:52 INFO TaskSetManager: Finished task 0.0 in stage 1.0 (TID 1) in 209 ms on 172.18.0.5 (executor 0) (1/1)
[2024-10-24T18:14:52.626+0000] {spark_submit.py:524} INFO - 24/10/24 18:14:52 INFO TaskSchedulerImpl: Removed TaskSet 1.0, whose tasks have all completed, from pool
[2024-10-24T18:14:52.628+0000] {spark_submit.py:524} INFO - 24/10/24 18:14:52 INFO DAGScheduler: ShuffleMapStage 1 (count at NativeMethodAccessorImpl.java:0) finished in 0.235 s
[2024-10-24T18:14:52.628+0000] {spark_submit.py:524} INFO - 24/10/24 18:14:52 INFO DAGScheduler: looking for newly runnable stages
[2024-10-24T18:14:52.628+0000] {spark_submit.py:524} INFO - 24/10/24 18:14:52 INFO DAGScheduler: running: Set()
[2024-10-24T18:14:52.629+0000] {spark_submit.py:524} INFO - 24/10/24 18:14:52 INFO DAGScheduler: waiting: Set()
[2024-10-24T18:14:52.629+0000] {spark_submit.py:524} INFO - 24/10/24 18:14:52 INFO DAGScheduler: failed: Set()
[2024-10-24T18:14:52.671+0000] {spark_submit.py:524} INFO - 24/10/24 18:14:52 INFO CodeGenerator: Code generated in 14.690265 ms
[2024-10-24T18:14:52.693+0000] {spark_submit.py:524} INFO - 24/10/24 18:14:52 INFO SparkContext: Starting job: count at NativeMethodAccessorImpl.java:0
[2024-10-24T18:14:52.695+0000] {spark_submit.py:524} INFO - 24/10/24 18:14:52 INFO DAGScheduler: Got job 2 (count at NativeMethodAccessorImpl.java:0) with 1 output partitions
[2024-10-24T18:14:52.695+0000] {spark_submit.py:524} INFO - 24/10/24 18:14:52 INFO DAGScheduler: Final stage: ResultStage 3 (count at NativeMethodAccessorImpl.java:0)
[2024-10-24T18:14:52.695+0000] {spark_submit.py:524} INFO - 24/10/24 18:14:52 INFO DAGScheduler: Parents of final stage: List(ShuffleMapStage 2)
[2024-10-24T18:14:52.695+0000] {spark_submit.py:524} INFO - 24/10/24 18:14:52 INFO DAGScheduler: Missing parents: List()
[2024-10-24T18:14:52.696+0000] {spark_submit.py:524} INFO - 24/10/24 18:14:52 INFO DAGScheduler: Submitting ResultStage 3 (MapPartitionsRDD[10] at count at NativeMethodAccessorImpl.java:0), which has no missing parents
[2024-10-24T18:14:52.703+0000] {spark_submit.py:524} INFO - 24/10/24 18:14:52 INFO MemoryStore: Block broadcast_4 stored as values in memory (estimated size 12.5 KiB, free 434.1 MiB)
[2024-10-24T18:14:52.707+0000] {spark_submit.py:524} INFO - 24/10/24 18:14:52 INFO MemoryStore: Block broadcast_4_piece0 stored as bytes in memory (estimated size 5.9 KiB, free 434.1 MiB)
[2024-10-24T18:14:52.708+0000] {spark_submit.py:524} INFO - 24/10/24 18:14:52 INFO BlockManagerInfo: Added broadcast_4_piece0 in memory on f55139681ae8:37383 (size: 5.9 KiB, free: 434.4 MiB)
[2024-10-24T18:14:52.709+0000] {spark_submit.py:524} INFO - 24/10/24 18:14:52 INFO BlockManagerInfo: Removed broadcast_3_piece0 on f55139681ae8:37383 in memory (size: 8.3 KiB, free: 434.4 MiB)
[2024-10-24T18:14:52.710+0000] {spark_submit.py:524} INFO - 24/10/24 18:14:52 INFO SparkContext: Created broadcast 4 from broadcast at DAGScheduler.scala:1580
[2024-10-24T18:14:52.712+0000] {spark_submit.py:524} INFO - 24/10/24 18:14:52 INFO BlockManagerInfo: Removed broadcast_3_piece0 on 172.18.0.5:34535 in memory (size: 8.3 KiB, free: 434.4 MiB)
[2024-10-24T18:14:52.713+0000] {spark_submit.py:524} INFO - 24/10/24 18:14:52 INFO DAGScheduler: Submitting 1 missing tasks from ResultStage 3 (MapPartitionsRDD[10] at count at NativeMethodAccessorImpl.java:0) (first 15 tasks are for partitions Vector(0))
[2024-10-24T18:14:52.713+0000] {spark_submit.py:524} INFO - 24/10/24 18:14:52 INFO TaskSchedulerImpl: Adding task set 3.0 with 1 tasks resource profile 0
[2024-10-24T18:14:52.721+0000] {spark_submit.py:524} INFO - 24/10/24 18:14:52 INFO TaskSetManager: Starting task 0.0 in stage 3.0 (TID 2) (172.18.0.5, executor 0, partition 0, NODE_LOCAL, 7619 bytes)
[2024-10-24T18:14:52.751+0000] {spark_submit.py:524} INFO - 24/10/24 18:14:52 INFO BlockManagerInfo: Added broadcast_4_piece0 in memory on 172.18.0.5:34535 (size: 5.9 KiB, free: 434.4 MiB)
[2024-10-24T18:14:52.781+0000] {spark_submit.py:524} INFO - 24/10/24 18:14:52 INFO MapOutputTrackerMasterEndpoint: Asked to send map output locations for shuffle 0 to 172.18.0.5:42882
[2024-10-24T18:14:52.915+0000] {spark_submit.py:524} INFO - 24/10/24 18:14:52 INFO TaskSetManager: Finished task 0.0 in stage 3.0 (TID 2) in 195 ms on 172.18.0.5 (executor 0) (1/1)
[2024-10-24T18:14:52.915+0000] {spark_submit.py:524} INFO - 24/10/24 18:14:52 INFO TaskSchedulerImpl: Removed TaskSet 3.0, whose tasks have all completed, from pool
[2024-10-24T18:14:52.916+0000] {spark_submit.py:524} INFO - 24/10/24 18:14:52 INFO DAGScheduler: ResultStage 3 (count at NativeMethodAccessorImpl.java:0) finished in 0.215 s
[2024-10-24T18:14:52.917+0000] {spark_submit.py:524} INFO - 24/10/24 18:14:52 INFO DAGScheduler: Job 2 is finished. Cancelling potential speculative or zombie tasks for this job
[2024-10-24T18:14:52.917+0000] {spark_submit.py:524} INFO - 24/10/24 18:14:52 INFO TaskSchedulerImpl: Killing all running tasks in stage 3: Stage finished
[2024-10-24T18:14:52.917+0000] {spark_submit.py:524} INFO - 24/10/24 18:14:52 INFO DAGScheduler: Job 2 finished: count at NativeMethodAccessorImpl.java:0, took 0.224057 s
[2024-10-24T18:14:52.950+0000] {spark_submit.py:524} INFO - 24/10/24 18:14:52 INFO FileSourceStrategy: Pushed Filters:
[2024-10-24T18:14:52.951+0000] {spark_submit.py:524} INFO - 24/10/24 18:14:52 INFO FileSourceStrategy: Post-Scan Filters:
[2024-10-24T18:14:52.969+0000] {spark_submit.py:524} INFO - 24/10/24 18:14:52 INFO MemoryStore: Block broadcast_5 stored as values in memory (estimated size 199.1 KiB, free 434.0 MiB)
[2024-10-24T18:14:52.977+0000] {spark_submit.py:524} INFO - 24/10/24 18:14:52 INFO BlockManagerInfo: Removed broadcast_4_piece0 on f55139681ae8:37383 in memory (size: 5.9 KiB, free: 434.4 MiB)
[2024-10-24T18:14:52.980+0000] {spark_submit.py:524} INFO - 24/10/24 18:14:52 INFO BlockManagerInfo: Removed broadcast_4_piece0 on 172.18.0.5:34535 in memory (size: 5.9 KiB, free: 434.4 MiB)
[2024-10-24T18:14:52.985+0000] {spark_submit.py:524} INFO - 24/10/24 18:14:52 INFO MemoryStore: Block broadcast_5_piece0 stored as bytes in memory (estimated size 34.1 KiB, free 433.9 MiB)
[2024-10-24T18:14:52.986+0000] {spark_submit.py:524} INFO - 24/10/24 18:14:52 INFO BlockManagerInfo: Added broadcast_5_piece0 in memory on f55139681ae8:37383 (size: 34.1 KiB, free: 434.3 MiB)
[2024-10-24T18:14:52.987+0000] {spark_submit.py:524} INFO - 24/10/24 18:14:52 INFO SparkContext: Created broadcast 5 from count at NativeMethodAccessorImpl.java:0
[2024-10-24T18:14:52.990+0000] {spark_submit.py:524} INFO - 24/10/24 18:14:52 INFO FileSourceScanExec: Planning scan with bin packing, max size: 4194304 bytes, open cost is considered as scanning 4194304 bytes.
[2024-10-24T18:14:52.998+0000] {spark_submit.py:524} INFO - 24/10/24 18:14:52 INFO DAGScheduler: Registering RDD 14 (count at NativeMethodAccessorImpl.java:0) as input to shuffle 1
[2024-10-24T18:14:52.999+0000] {spark_submit.py:524} INFO - 24/10/24 18:14:52 INFO DAGScheduler: Got map stage job 3 (count at NativeMethodAccessorImpl.java:0) with 1 output partitions
[2024-10-24T18:14:52.999+0000] {spark_submit.py:524} INFO - 24/10/24 18:14:52 INFO DAGScheduler: Final stage: ShuffleMapStage 4 (count at NativeMethodAccessorImpl.java:0)
[2024-10-24T18:14:52.999+0000] {spark_submit.py:524} INFO - 24/10/24 18:14:52 INFO DAGScheduler: Parents of final stage: List()
[2024-10-24T18:14:52.999+0000] {spark_submit.py:524} INFO - 24/10/24 18:14:52 INFO DAGScheduler: Missing parents: List()
[2024-10-24T18:14:53.000+0000] {spark_submit.py:524} INFO - 24/10/24 18:14:53 INFO DAGScheduler: Submitting ShuffleMapStage 4 (MapPartitionsRDD[14] at count at NativeMethodAccessorImpl.java:0), which has no missing parents
[2024-10-24T18:14:53.004+0000] {spark_submit.py:524} INFO - 24/10/24 18:14:53 INFO MemoryStore: Block broadcast_6 stored as values in memory (estimated size 17.0 KiB, free 433.9 MiB)
[2024-10-24T18:14:53.006+0000] {spark_submit.py:524} INFO - 24/10/24 18:14:53 INFO MemoryStore: Block broadcast_6_piece0 stored as bytes in memory (estimated size 8.3 KiB, free 433.9 MiB)
[2024-10-24T18:14:53.007+0000] {spark_submit.py:524} INFO - 24/10/24 18:14:53 INFO BlockManagerInfo: Added broadcast_6_piece0 in memory on f55139681ae8:37383 (size: 8.3 KiB, free: 434.3 MiB)
[2024-10-24T18:14:53.008+0000] {spark_submit.py:524} INFO - 24/10/24 18:14:53 INFO SparkContext: Created broadcast 6 from broadcast at DAGScheduler.scala:1580
[2024-10-24T18:14:53.009+0000] {spark_submit.py:524} INFO - 24/10/24 18:14:53 INFO DAGScheduler: Submitting 1 missing tasks from ShuffleMapStage 4 (MapPartitionsRDD[14] at count at NativeMethodAccessorImpl.java:0) (first 15 tasks are for partitions Vector(0))
[2024-10-24T18:14:53.009+0000] {spark_submit.py:524} INFO - 24/10/24 18:14:53 INFO TaskSchedulerImpl: Adding task set 4.0 with 1 tasks resource profile 0
[2024-10-24T18:14:53.011+0000] {spark_submit.py:524} INFO - 24/10/24 18:14:53 INFO TaskSetManager: Starting task 0.0 in stage 4.0 (TID 3) (172.18.0.5, executor 0, partition 0, PROCESS_LOCAL, 8241 bytes)
[2024-10-24T18:14:53.030+0000] {spark_submit.py:524} INFO - 24/10/24 18:14:53 INFO BlockManagerInfo: Added broadcast_6_piece0 in memory on 172.18.0.5:34535 (size: 8.3 KiB, free: 434.4 MiB)
[2024-10-24T18:14:53.050+0000] {spark_submit.py:524} INFO - 24/10/24 18:14:53 INFO BlockManagerInfo: Added broadcast_5_piece0 in memory on 172.18.0.5:34535 (size: 34.1 KiB, free: 434.3 MiB)
[2024-10-24T18:14:53.085+0000] {spark_submit.py:524} INFO - 24/10/24 18:14:53 INFO TaskSetManager: Finished task 0.0 in stage 4.0 (TID 3) in 75 ms on 172.18.0.5 (executor 0) (1/1)
[2024-10-24T18:14:53.086+0000] {spark_submit.py:524} INFO - 24/10/24 18:14:53 INFO TaskSchedulerImpl: Removed TaskSet 4.0, whose tasks have all completed, from pool
[2024-10-24T18:14:53.087+0000] {spark_submit.py:524} INFO - 24/10/24 18:14:53 INFO DAGScheduler: ShuffleMapStage 4 (count at NativeMethodAccessorImpl.java:0) finished in 0.085 s
[2024-10-24T18:14:53.087+0000] {spark_submit.py:524} INFO - 24/10/24 18:14:53 INFO DAGScheduler: looking for newly runnable stages
[2024-10-24T18:14:53.087+0000] {spark_submit.py:524} INFO - 24/10/24 18:14:53 INFO DAGScheduler: running: Set()
[2024-10-24T18:14:53.087+0000] {spark_submit.py:524} INFO - 24/10/24 18:14:53 INFO DAGScheduler: waiting: Set()
[2024-10-24T18:14:53.087+0000] {spark_submit.py:524} INFO - 24/10/24 18:14:53 INFO DAGScheduler: failed: Set()
[2024-10-24T18:14:53.110+0000] {spark_submit.py:524} INFO - 24/10/24 18:14:53 INFO SparkContext: Starting job: count at NativeMethodAccessorImpl.java:0
[2024-10-24T18:14:53.112+0000] {spark_submit.py:524} INFO - 24/10/24 18:14:53 INFO DAGScheduler: Got job 4 (count at NativeMethodAccessorImpl.java:0) with 1 output partitions
[2024-10-24T18:14:53.112+0000] {spark_submit.py:524} INFO - 24/10/24 18:14:53 INFO DAGScheduler: Final stage: ResultStage 6 (count at NativeMethodAccessorImpl.java:0)
[2024-10-24T18:14:53.112+0000] {spark_submit.py:524} INFO - 24/10/24 18:14:53 INFO DAGScheduler: Parents of final stage: List(ShuffleMapStage 5)
[2024-10-24T18:14:53.112+0000] {spark_submit.py:524} INFO - 24/10/24 18:14:53 INFO DAGScheduler: Missing parents: List()
[2024-10-24T18:14:53.113+0000] {spark_submit.py:524} INFO - 24/10/24 18:14:53 INFO DAGScheduler: Submitting ResultStage 6 (MapPartitionsRDD[17] at count at NativeMethodAccessorImpl.java:0), which has no missing parents
[2024-10-24T18:14:53.116+0000] {spark_submit.py:524} INFO - 24/10/24 18:14:53 INFO MemoryStore: Block broadcast_7 stored as values in memory (estimated size 12.5 KiB, free 433.9 MiB)
[2024-10-24T18:14:53.120+0000] {spark_submit.py:524} INFO - 24/10/24 18:14:53 INFO MemoryStore: Block broadcast_7_piece0 stored as bytes in memory (estimated size 5.9 KiB, free 433.9 MiB)
[2024-10-24T18:14:53.121+0000] {spark_submit.py:524} INFO - 24/10/24 18:14:53 INFO BlockManagerInfo: Removed broadcast_6_piece0 on f55139681ae8:37383 in memory (size: 8.3 KiB, free: 434.3 MiB)
[2024-10-24T18:14:53.123+0000] {spark_submit.py:524} INFO - 24/10/24 18:14:53 INFO BlockManagerInfo: Added broadcast_7_piece0 in memory on f55139681ae8:37383 (size: 5.9 KiB, free: 434.3 MiB)
[2024-10-24T18:14:53.124+0000] {spark_submit.py:524} INFO - 24/10/24 18:14:53 INFO SparkContext: Created broadcast 7 from broadcast at DAGScheduler.scala:1580
[2024-10-24T18:14:53.124+0000] {spark_submit.py:524} INFO - 24/10/24 18:14:53 INFO BlockManagerInfo: Removed broadcast_6_piece0 on 172.18.0.5:34535 in memory (size: 8.3 KiB, free: 434.3 MiB)
[2024-10-24T18:14:53.126+0000] {spark_submit.py:524} INFO - 24/10/24 18:14:53 INFO DAGScheduler: Submitting 1 missing tasks from ResultStage 6 (MapPartitionsRDD[17] at count at NativeMethodAccessorImpl.java:0) (first 15 tasks are for partitions Vector(0))
[2024-10-24T18:14:53.126+0000] {spark_submit.py:524} INFO - 24/10/24 18:14:53 INFO TaskSchedulerImpl: Adding task set 6.0 with 1 tasks resource profile 0
[2024-10-24T18:14:53.131+0000] {spark_submit.py:524} INFO - 24/10/24 18:14:53 INFO TaskSetManager: Starting task 0.0 in stage 6.0 (TID 4) (172.18.0.5, executor 0, partition 0, NODE_LOCAL, 7619 bytes)
[2024-10-24T18:14:53.149+0000] {spark_submit.py:524} INFO - 24/10/24 18:14:53 INFO BlockManagerInfo: Added broadcast_7_piece0 in memory on 172.18.0.5:34535 (size: 5.9 KiB, free: 434.3 MiB)
[2024-10-24T18:14:53.159+0000] {spark_submit.py:524} INFO - 24/10/24 18:14:53 INFO MapOutputTrackerMasterEndpoint: Asked to send map output locations for shuffle 1 to 172.18.0.5:42882
[2024-10-24T18:14:53.179+0000] {spark_submit.py:524} INFO - 24/10/24 18:14:53 INFO TaskSetManager: Finished task 0.0 in stage 6.0 (TID 4) in 48 ms on 172.18.0.5 (executor 0) (1/1)
[2024-10-24T18:14:53.180+0000] {spark_submit.py:524} INFO - 24/10/24 18:14:53 INFO TaskSchedulerImpl: Removed TaskSet 6.0, whose tasks have all completed, from pool
[2024-10-24T18:14:53.181+0000] {spark_submit.py:524} INFO - 24/10/24 18:14:53 INFO DAGScheduler: ResultStage 6 (count at NativeMethodAccessorImpl.java:0) finished in 0.066 s
[2024-10-24T18:14:53.181+0000] {spark_submit.py:524} INFO - 24/10/24 18:14:53 INFO DAGScheduler: Job 4 is finished. Cancelling potential speculative or zombie tasks for this job
[2024-10-24T18:14:53.181+0000] {spark_submit.py:524} INFO - 24/10/24 18:14:53 INFO TaskSchedulerImpl: Killing all running tasks in stage 6: Stage finished
[2024-10-24T18:14:53.182+0000] {spark_submit.py:524} INFO - 24/10/24 18:14:53 INFO DAGScheduler: Job 4 finished: count at NativeMethodAccessorImpl.java:0, took 0.070969 s
[2024-10-24T18:14:53.183+0000] {spark_submit.py:524} INFO - Quantidade:  50
[2024-10-24T18:14:53.287+0000] {spark_submit.py:524} INFO - 24/10/24 18:14:53 INFO FileSourceStrategy: Pushed Filters:
[2024-10-24T18:14:53.287+0000] {spark_submit.py:524} INFO - 24/10/24 18:14:53 INFO FileSourceStrategy: Post-Scan Filters:
[2024-10-24T18:14:53.345+0000] {spark_submit.py:524} INFO - 24/10/24 18:14:53 INFO ParquetUtils: Using default output committer for Parquet: org.apache.parquet.hadoop.ParquetOutputCommitter
[2024-10-24T18:14:53.366+0000] {spark_submit.py:524} INFO - 24/10/24 18:14:53 INFO FileOutputCommitter: File Output Committer Algorithm version is 1
[2024-10-24T18:14:53.366+0000] {spark_submit.py:524} INFO - 24/10/24 18:14:53 INFO FileOutputCommitter: FileOutputCommitter skip cleanup _temporary folders under output directory:false, ignore cleanup failures: false
[2024-10-24T18:14:53.368+0000] {spark_submit.py:524} INFO - 24/10/24 18:14:53 INFO SQLHadoopMapReduceCommitProtocol: Using user defined output committer class org.apache.parquet.hadoop.ParquetOutputCommitter
[2024-10-24T18:14:53.368+0000] {spark_submit.py:524} INFO - 24/10/24 18:14:53 INFO FileOutputCommitter: File Output Committer Algorithm version is 1
[2024-10-24T18:14:53.368+0000] {spark_submit.py:524} INFO - 24/10/24 18:14:53 INFO FileOutputCommitter: FileOutputCommitter skip cleanup _temporary folders under output directory:false, ignore cleanup failures: false
[2024-10-24T18:14:53.368+0000] {spark_submit.py:524} INFO - 24/10/24 18:14:53 INFO SQLHadoopMapReduceCommitProtocol: Using output committer class org.apache.parquet.hadoop.ParquetOutputCommitter
[2024-10-24T18:14:53.458+0000] {spark_submit.py:524} INFO - 24/10/24 18:14:53 INFO CodeGenerator: Code generated in 55.065597 ms
[2024-10-24T18:14:53.462+0000] {spark_submit.py:524} INFO - 24/10/24 18:14:53 INFO MemoryStore: Block broadcast_8 stored as values in memory (estimated size 199.1 KiB, free 433.7 MiB)
[2024-10-24T18:14:53.475+0000] {spark_submit.py:524} INFO - 24/10/24 18:14:53 INFO MemoryStore: Block broadcast_8_piece0 stored as bytes in memory (estimated size 34.1 KiB, free 433.7 MiB)
[2024-10-24T18:14:53.476+0000] {spark_submit.py:524} INFO - 24/10/24 18:14:53 INFO BlockManagerInfo: Added broadcast_8_piece0 in memory on f55139681ae8:37383 (size: 34.1 KiB, free: 434.3 MiB)
[2024-10-24T18:14:53.477+0000] {spark_submit.py:524} INFO - 24/10/24 18:14:53 INFO SparkContext: Created broadcast 8 from save at NativeMethodAccessorImpl.java:0
[2024-10-24T18:14:53.480+0000] {spark_submit.py:524} INFO - 24/10/24 18:14:53 INFO FileSourceScanExec: Planning scan with bin packing, max size: 4194304 bytes, open cost is considered as scanning 4194304 bytes.
[2024-10-24T18:14:53.486+0000] {spark_submit.py:524} INFO - 24/10/24 18:14:53 INFO BlockManagerInfo: Removed broadcast_7_piece0 on f55139681ae8:37383 in memory (size: 5.9 KiB, free: 434.3 MiB)
[2024-10-24T18:14:53.490+0000] {spark_submit.py:524} INFO - 24/10/24 18:14:53 INFO BlockManagerInfo: Removed broadcast_7_piece0 on 172.18.0.5:34535 in memory (size: 5.9 KiB, free: 434.3 MiB)
[2024-10-24T18:14:53.517+0000] {spark_submit.py:524} INFO - 24/10/24 18:14:53 INFO BlockManagerInfo: Removed broadcast_5_piece0 on f55139681ae8:37383 in memory (size: 34.1 KiB, free: 434.3 MiB)
[2024-10-24T18:14:53.520+0000] {spark_submit.py:524} INFO - 24/10/24 18:14:53 INFO BlockManagerInfo: Removed broadcast_5_piece0 on 172.18.0.5:34535 in memory (size: 34.1 KiB, free: 434.4 MiB)
[2024-10-24T18:14:53.523+0000] {spark_submit.py:524} INFO - 24/10/24 18:14:53 INFO SparkContext: Starting job: save at NativeMethodAccessorImpl.java:0
[2024-10-24T18:14:53.526+0000] {spark_submit.py:524} INFO - 24/10/24 18:14:53 INFO DAGScheduler: Got job 5 (save at NativeMethodAccessorImpl.java:0) with 1 output partitions
[2024-10-24T18:14:53.526+0000] {spark_submit.py:524} INFO - 24/10/24 18:14:53 INFO DAGScheduler: Final stage: ResultStage 7 (save at NativeMethodAccessorImpl.java:0)
[2024-10-24T18:14:53.526+0000] {spark_submit.py:524} INFO - 24/10/24 18:14:53 INFO DAGScheduler: Parents of final stage: List()
[2024-10-24T18:14:53.526+0000] {spark_submit.py:524} INFO - 24/10/24 18:14:53 INFO DAGScheduler: Missing parents: List()
[2024-10-24T18:14:53.527+0000] {spark_submit.py:524} INFO - 24/10/24 18:14:53 INFO DAGScheduler: Submitting ResultStage 7 (MapPartitionsRDD[21] at save at NativeMethodAccessorImpl.java:0), which has no missing parents
[2024-10-24T18:14:53.549+0000] {spark_submit.py:524} INFO - 24/10/24 18:14:53 INFO MemoryStore: Block broadcast_9 stored as values in memory (estimated size 236.4 KiB, free 433.7 MiB)
[2024-10-24T18:14:53.554+0000] {spark_submit.py:524} INFO - 24/10/24 18:14:53 INFO MemoryStore: Block broadcast_9_piece0 stored as bytes in memory (estimated size 85.6 KiB, free 433.6 MiB)
[2024-10-24T18:14:53.555+0000] {spark_submit.py:524} INFO - 24/10/24 18:14:53 INFO BlockManagerInfo: Added broadcast_9_piece0 in memory on f55139681ae8:37383 (size: 85.6 KiB, free: 434.2 MiB)
[2024-10-24T18:14:53.555+0000] {spark_submit.py:524} INFO - 24/10/24 18:14:53 INFO SparkContext: Created broadcast 9 from broadcast at DAGScheduler.scala:1580
[2024-10-24T18:14:53.556+0000] {spark_submit.py:524} INFO - 24/10/24 18:14:53 INFO DAGScheduler: Submitting 1 missing tasks from ResultStage 7 (MapPartitionsRDD[21] at save at NativeMethodAccessorImpl.java:0) (first 15 tasks are for partitions Vector(0))
[2024-10-24T18:14:53.556+0000] {spark_submit.py:524} INFO - 24/10/24 18:14:53 INFO TaskSchedulerImpl: Adding task set 7.0 with 1 tasks resource profile 0
[2024-10-24T18:14:53.558+0000] {spark_submit.py:524} INFO - 24/10/24 18:14:53 INFO TaskSetManager: Starting task 0.0 in stage 7.0 (TID 5) (172.18.0.5, executor 0, partition 0, PROCESS_LOCAL, 8252 bytes)
[2024-10-24T18:14:53.573+0000] {spark_submit.py:524} INFO - 24/10/24 18:14:53 INFO BlockManagerInfo: Added broadcast_9_piece0 in memory on 172.18.0.5:34535 (size: 85.6 KiB, free: 434.3 MiB)
[2024-10-24T18:14:53.845+0000] {spark_submit.py:524} INFO - 24/10/24 18:14:53 INFO BlockManagerInfo: Added broadcast_8_piece0 in memory on 172.18.0.5:34535 (size: 34.1 KiB, free: 434.2 MiB)
[2024-10-24T18:14:55.690+0000] {spark_submit.py:524} INFO - 24/10/24 18:14:55 INFO TaskSetManager: Finished task 0.0 in stage 7.0 (TID 5) in 2133 ms on 172.18.0.5 (executor 0) (1/1)
[2024-10-24T18:14:55.693+0000] {spark_submit.py:524} INFO - 24/10/24 18:14:55 INFO TaskSchedulerImpl: Removed TaskSet 7.0, whose tasks have all completed, from pool
[2024-10-24T18:14:55.693+0000] {spark_submit.py:524} INFO - 24/10/24 18:14:55 INFO DAGScheduler: ResultStage 7 (save at NativeMethodAccessorImpl.java:0) finished in 2.165 s
[2024-10-24T18:14:55.694+0000] {spark_submit.py:524} INFO - 24/10/24 18:14:55 INFO DAGScheduler: Job 5 is finished. Cancelling potential speculative or zombie tasks for this job
[2024-10-24T18:14:55.694+0000] {spark_submit.py:524} INFO - 24/10/24 18:14:55 INFO TaskSchedulerImpl: Killing all running tasks in stage 7: Stage finished
[2024-10-24T18:14:55.696+0000] {spark_submit.py:524} INFO - 24/10/24 18:14:55 INFO DAGScheduler: Job 5 finished: save at NativeMethodAccessorImpl.java:0, took 2.172187 s
[2024-10-24T18:14:55.698+0000] {spark_submit.py:524} INFO - 24/10/24 18:14:55 INFO FileFormatWriter: Start to commit write Job eff55bcf-844e-4ff6-93b5-b9b11ef25490.
[2024-10-24T18:14:55.728+0000] {spark_submit.py:524} INFO - 24/10/24 18:14:55 INFO FileFormatWriter: Write Job eff55bcf-844e-4ff6-93b5-b9b11ef25490 committed. Elapsed time: 28 ms.
[2024-10-24T18:14:55.731+0000] {spark_submit.py:524} INFO - 24/10/24 18:14:55 INFO FileFormatWriter: Finished processing stats for write job eff55bcf-844e-4ff6-93b5-b9b11ef25490.
[2024-10-24T18:14:55.738+0000] {spark_submit.py:524} INFO - 24/10/24 18:14:55 INFO SparkContext: SparkContext is stopping with exitCode 0.
[2024-10-24T18:14:55.750+0000] {spark_submit.py:524} INFO - 24/10/24 18:14:55 INFO SparkUI: Stopped Spark web UI at http://f55139681ae8:4040
[2024-10-24T18:14:55.754+0000] {spark_submit.py:524} INFO - 24/10/24 18:14:55 INFO StandaloneSchedulerBackend: Shutting down all executors
[2024-10-24T18:14:55.755+0000] {spark_submit.py:524} INFO - 24/10/24 18:14:55 INFO StandaloneSchedulerBackend$StandaloneDriverEndpoint: Asking each executor to shut down
[2024-10-24T18:14:55.803+0000] {spark_submit.py:524} INFO - 24/10/24 18:14:55 INFO MapOutputTrackerMasterEndpoint: MapOutputTrackerMasterEndpoint stopped!
[2024-10-24T18:14:55.848+0000] {spark_submit.py:524} INFO - 24/10/24 18:14:55 INFO MemoryStore: MemoryStore cleared
[2024-10-24T18:14:55.849+0000] {spark_submit.py:524} INFO - 24/10/24 18:14:55 INFO BlockManager: BlockManager stopped
[2024-10-24T18:14:55.858+0000] {spark_submit.py:524} INFO - 24/10/24 18:14:55 INFO BlockManagerMaster: BlockManagerMaster stopped
[2024-10-24T18:14:55.862+0000] {spark_submit.py:524} INFO - 24/10/24 18:14:55 INFO OutputCommitCoordinator$OutputCommitCoordinatorEndpoint: OutputCommitCoordinator stopped!
[2024-10-24T18:14:55.872+0000] {spark_submit.py:524} INFO - 24/10/24 18:14:55 INFO SparkContext: Successfully stopped SparkContext
[2024-10-24T18:14:56.512+0000] {spark_submit.py:524} INFO - 24/10/24 18:14:56 INFO ShutdownHookManager: Shutdown hook called
[2024-10-24T18:14:56.513+0000] {spark_submit.py:524} INFO - 24/10/24 18:14:56 INFO ShutdownHookManager: Deleting directory /tmp/spark-a2b0bb5a-faf8-41f2-bac5-b7b0eb84cc01
[2024-10-24T18:14:56.518+0000] {spark_submit.py:524} INFO - 24/10/24 18:14:56 INFO ShutdownHookManager: Deleting directory /tmp/spark-14d4cddc-7086-4cc9-a1e0-ddcbb41bb641
[2024-10-24T18:14:56.522+0000] {spark_submit.py:524} INFO - 24/10/24 18:14:56 INFO ShutdownHookManager: Deleting directory /tmp/spark-a2b0bb5a-faf8-41f2-bac5-b7b0eb84cc01/pyspark-e228aad6-4774-43ff-be3e-02bfbe41df27
[2024-10-24T18:14:56.607+0000] {taskinstance.py:1398} INFO - Marking task as SUCCESS. dag_id=api_openbrewerydb_to_silver_gold, task_id=Silver, execution_date=20241024T181439, start_date=20241024T181441, end_date=20241024T181456
[2024-10-24T18:14:56.660+0000] {local_task_job_runner.py:228} INFO - Task exited with return code 0
[2024-10-24T18:14:56.686+0000] {taskinstance.py:2776} INFO - 1 downstream tasks scheduled from follow-on schedule check
