[2024-10-24T01:19:33.618+0000] {taskinstance.py:1157} INFO - Dependencies all met for dep_context=non-requeueable deps ti=<TaskInstance: api_openbrewerydb_to_silver_gold.Gold scheduled__2023-11-13T08:00:00+00:00 [queued]>
[2024-10-24T01:19:33.649+0000] {taskinstance.py:1157} INFO - Dependencies all met for dep_context=requeueable deps ti=<TaskInstance: api_openbrewerydb_to_silver_gold.Gold scheduled__2023-11-13T08:00:00+00:00 [queued]>
[2024-10-24T01:19:33.651+0000] {taskinstance.py:1359} INFO - Starting attempt 1 of 3
[2024-10-24T01:19:33.693+0000] {taskinstance.py:1380} INFO - Executing <Task(SparkSubmitOperator): Gold> on 2023-11-13 08:00:00+00:00
[2024-10-24T01:19:33.721+0000] {standard_task_runner.py:57} INFO - Started process 3925 to run task
[2024-10-24T01:19:33.737+0000] {standard_task_runner.py:84} INFO - Running: ['***', 'tasks', 'run', 'api_openbrewerydb_to_silver_gold', 'Gold', 'scheduled__2023-11-13T08:00:00+00:00', '--job-id', '88', '--raw', '--subdir', 'DAGS_FOLDER/api_openbrewerydb_to_silver.py', '--cfg-path', '/tmp/tmpzurakn3x']
[2024-10-24T01:19:33.775+0000] {standard_task_runner.py:85} INFO - Job 88: Subtask Gold
[2024-10-24T01:19:33.937+0000] {task_command.py:415} INFO - Running <TaskInstance: api_openbrewerydb_to_silver_gold.Gold scheduled__2023-11-13T08:00:00+00:00 [running]> on host de5108c6da1d
[2024-10-24T01:19:34.217+0000] {taskinstance.py:1660} INFO - Exporting env vars: AIRFLOW_CTX_DAG_OWNER='Rodrigo Araujo' AIRFLOW_CTX_DAG_ID='api_openbrewerydb_to_silver_gold' AIRFLOW_CTX_TASK_ID='Gold' AIRFLOW_CTX_EXECUTION_DATE='2023-11-13T08:00:00+00:00' AIRFLOW_CTX_TRY_NUMBER='1' AIRFLOW_CTX_DAG_RUN_ID='scheduled__2023-11-13T08:00:00+00:00'
[2024-10-24T01:19:34.259+0000] {base.py:73} INFO - Using connection ID 'spark-conn' for task execution.
[2024-10-24T01:19:34.261+0000] {spark_submit.py:363} INFO - Spark-Submit cmd: spark-submit --master spark://spark-master:7077 --name arrow-spark --queue root.default jobs/gold/api_openbrewerydb.py
[2024-10-24T01:19:42.589+0000] {spark_submit.py:524} INFO - 24/10/24 01:19:42 INFO SparkContext: Running Spark version 3.5.3
[2024-10-24T01:19:42.595+0000] {spark_submit.py:524} INFO - 24/10/24 01:19:42 INFO SparkContext: OS info Linux, 5.15.0-124-generic, amd64
[2024-10-24T01:19:42.596+0000] {spark_submit.py:524} INFO - 24/10/24 01:19:42 INFO SparkContext: Java version 11.0.25
[2024-10-24T01:19:42.717+0000] {spark_submit.py:524} INFO - 24/10/24 01:19:42 WARN NativeCodeLoader: Unable to load native-hadoop library for your platform... using builtin-java classes where applicable
[2024-10-24T01:19:42.910+0000] {spark_submit.py:524} INFO - 24/10/24 01:19:42 INFO ResourceUtils: ==============================================================
[2024-10-24T01:19:42.911+0000] {spark_submit.py:524} INFO - 24/10/24 01:19:42 INFO ResourceUtils: No custom resources configured for spark.driver.
[2024-10-24T01:19:42.912+0000] {spark_submit.py:524} INFO - 24/10/24 01:19:42 INFO ResourceUtils: ==============================================================
[2024-10-24T01:19:42.913+0000] {spark_submit.py:524} INFO - 24/10/24 01:19:42 INFO SparkContext: Submitted application: IngestaoSilver
[2024-10-24T01:19:42.954+0000] {spark_submit.py:524} INFO - 24/10/24 01:19:42 INFO ResourceProfile: Default ResourceProfile created, executor resources: Map(memory -> name: memory, amount: 1024, script: , vendor: , offHeap -> name: offHeap, amount: 0, script: , vendor: ), task resources: Map(cpus -> name: cpus, amount: 1.0)
[2024-10-24T01:19:42.980+0000] {spark_submit.py:524} INFO - 24/10/24 01:19:42 INFO ResourceProfile: Limiting resource is cpu
[2024-10-24T01:19:42.981+0000] {spark_submit.py:524} INFO - 24/10/24 01:19:42 INFO ResourceProfileManager: Added ResourceProfile id: 0
[2024-10-24T01:19:43.087+0000] {spark_submit.py:524} INFO - 24/10/24 01:19:43 INFO SecurityManager: Changing view acls to: ***
[2024-10-24T01:19:43.088+0000] {spark_submit.py:524} INFO - 24/10/24 01:19:43 INFO SecurityManager: Changing modify acls to: ***
[2024-10-24T01:19:43.095+0000] {spark_submit.py:524} INFO - 24/10/24 01:19:43 INFO SecurityManager: Changing view acls groups to:
[2024-10-24T01:19:43.095+0000] {spark_submit.py:524} INFO - 24/10/24 01:19:43 INFO SecurityManager: Changing modify acls groups to:
[2024-10-24T01:19:43.096+0000] {spark_submit.py:524} INFO - 24/10/24 01:19:43 INFO SecurityManager: SecurityManager: authentication disabled; ui acls disabled; users with view permissions: ***; groups with view permissions: EMPTY; users with modify permissions: ***; groups with modify permissions: EMPTY
[2024-10-24T01:19:43.701+0000] {spark_submit.py:524} INFO - 24/10/24 01:19:43 INFO Utils: Successfully started service 'sparkDriver' on port 36881.
[2024-10-24T01:19:43.761+0000] {spark_submit.py:524} INFO - 24/10/24 01:19:43 INFO SparkEnv: Registering MapOutputTracker
[2024-10-24T01:19:43.823+0000] {spark_submit.py:524} INFO - 24/10/24 01:19:43 INFO SparkEnv: Registering BlockManagerMaster
[2024-10-24T01:19:43.864+0000] {spark_submit.py:524} INFO - 24/10/24 01:19:43 INFO BlockManagerMasterEndpoint: Using org.apache.spark.storage.DefaultTopologyMapper for getting topology information
[2024-10-24T01:19:43.865+0000] {spark_submit.py:524} INFO - 24/10/24 01:19:43 INFO BlockManagerMasterEndpoint: BlockManagerMasterEndpoint up
[2024-10-24T01:19:43.873+0000] {spark_submit.py:524} INFO - 24/10/24 01:19:43 INFO SparkEnv: Registering BlockManagerMasterHeartbeat
[2024-10-24T01:19:43.913+0000] {spark_submit.py:524} INFO - 24/10/24 01:19:43 INFO DiskBlockManager: Created local directory at /tmp/blockmgr-5dc50ead-43c5-4066-a6fd-b0f5ac900edf
[2024-10-24T01:19:43.946+0000] {spark_submit.py:524} INFO - 24/10/24 01:19:43 INFO MemoryStore: MemoryStore started with capacity 434.4 MiB
[2024-10-24T01:19:43.974+0000] {spark_submit.py:524} INFO - 24/10/24 01:19:43 INFO SparkEnv: Registering OutputCommitCoordinator
[2024-10-24T01:19:44.289+0000] {spark_submit.py:524} INFO - 24/10/24 01:19:44 INFO JettyUtils: Start Jetty 0.0.0.0:4040 for SparkUI
[2024-10-24T01:19:44.396+0000] {spark_submit.py:524} INFO - 24/10/24 01:19:44 INFO Utils: Successfully started service 'SparkUI' on port 4040.
[2024-10-24T01:19:44.643+0000] {spark_submit.py:524} INFO - 24/10/24 01:19:44 INFO StandaloneAppClient$ClientEndpoint: Connecting to master spark://spark-master:7077...
[2024-10-24T01:19:44.738+0000] {spark_submit.py:524} INFO - 24/10/24 01:19:44 INFO TransportClientFactory: Successfully created connection to spark-master/172.22.0.3:7077 after 58 ms (0 ms spent in bootstraps)
[2024-10-24T01:19:44.933+0000] {spark_submit.py:524} INFO - 24/10/24 01:19:44 INFO StandaloneSchedulerBackend: Connected to Spark cluster with app ID app-20241024011944-0019
[2024-10-24T01:19:44.942+0000] {spark_submit.py:524} INFO - 24/10/24 01:19:44 INFO StandaloneAppClient$ClientEndpoint: Executor added: app-20241024011944-0019/0 on worker-20241024010948-172.22.0.4-41535 (172.22.0.4:41535) with 2 core(s)
[2024-10-24T01:19:44.968+0000] {spark_submit.py:524} INFO - 24/10/24 01:19:44 INFO StandaloneSchedulerBackend: Granted executor ID app-20241024011944-0019/0 on hostPort 172.22.0.4:41535 with 2 core(s), 1024.0 MiB RAM
[2024-10-24T01:19:44.979+0000] {spark_submit.py:524} INFO - 24/10/24 01:19:44 INFO Utils: Successfully started service 'org.apache.spark.network.netty.NettyBlockTransferService' on port 38029.
[2024-10-24T01:19:44.980+0000] {spark_submit.py:524} INFO - 24/10/24 01:19:44 INFO NettyBlockTransferService: Server created on de5108c6da1d:38029
[2024-10-24T01:19:44.984+0000] {spark_submit.py:524} INFO - 24/10/24 01:19:44 INFO BlockManager: Using org.apache.spark.storage.RandomBlockReplicationPolicy for block replication policy
[2024-10-24T01:19:45.010+0000] {spark_submit.py:524} INFO - 24/10/24 01:19:45 INFO BlockManagerMaster: Registering BlockManager BlockManagerId(driver, de5108c6da1d, 38029, None)
[2024-10-24T01:19:45.019+0000] {spark_submit.py:524} INFO - 24/10/24 01:19:45 INFO BlockManagerMasterEndpoint: Registering block manager de5108c6da1d:38029 with 434.4 MiB RAM, BlockManagerId(driver, de5108c6da1d, 38029, None)
[2024-10-24T01:19:45.036+0000] {spark_submit.py:524} INFO - 24/10/24 01:19:45 INFO BlockManagerMaster: Registered BlockManager BlockManagerId(driver, de5108c6da1d, 38029, None)
[2024-10-24T01:19:45.040+0000] {spark_submit.py:524} INFO - 24/10/24 01:19:45 INFO BlockManager: Initialized BlockManager: BlockManagerId(driver, de5108c6da1d, 38029, None)
[2024-10-24T01:19:45.061+0000] {spark_submit.py:524} INFO - 24/10/24 01:19:45 INFO StandaloneAppClient$ClientEndpoint: Executor updated: app-20241024011944-0019/0 is now RUNNING
[2024-10-24T01:19:45.630+0000] {spark_submit.py:524} INFO - 24/10/24 01:19:45 INFO StandaloneSchedulerBackend: SchedulerBackend is ready for scheduling beginning after reached minRegisteredResourcesRatio: 0.0
[2024-10-24T01:19:46.193+0000] {spark_submit.py:524} INFO - Hello from Spark!
[2024-10-24T01:19:46.196+0000] {spark_submit.py:524} INFO - 24/10/24 01:19:46 INFO SparkContext: SparkContext is stopping with exitCode 0.
[2024-10-24T01:19:46.244+0000] {spark_submit.py:524} INFO - 24/10/24 01:19:46 INFO SparkUI: Stopped Spark web UI at http://de5108c6da1d:4040
[2024-10-24T01:19:46.276+0000] {spark_submit.py:524} INFO - 24/10/24 01:19:46 INFO StandaloneSchedulerBackend: Shutting down all executors
[2024-10-24T01:19:46.285+0000] {spark_submit.py:524} INFO - 24/10/24 01:19:46 INFO StandaloneSchedulerBackend$StandaloneDriverEndpoint: Asking each executor to shut down
[2024-10-24T01:19:46.380+0000] {spark_submit.py:524} INFO - 24/10/24 01:19:46 INFO MapOutputTrackerMasterEndpoint: MapOutputTrackerMasterEndpoint stopped!
[2024-10-24T01:19:46.415+0000] {spark_submit.py:524} INFO - 24/10/24 01:19:46 INFO MemoryStore: MemoryStore cleared
[2024-10-24T01:19:46.417+0000] {spark_submit.py:524} INFO - 24/10/24 01:19:46 INFO BlockManager: BlockManager stopped
[2024-10-24T01:19:46.435+0000] {spark_submit.py:524} INFO - 24/10/24 01:19:46 INFO BlockManagerMaster: BlockManagerMaster stopped
[2024-10-24T01:19:46.439+0000] {spark_submit.py:524} INFO - 24/10/24 01:19:46 INFO OutputCommitCoordinator$OutputCommitCoordinatorEndpoint: OutputCommitCoordinator stopped!
[2024-10-24T01:19:46.465+0000] {spark_submit.py:524} INFO - 24/10/24 01:19:46 INFO SparkContext: Successfully stopped SparkContext
[2024-10-24T01:19:46.787+0000] {spark_submit.py:524} INFO - 24/10/24 01:19:46 INFO ShutdownHookManager: Shutdown hook called
[2024-10-24T01:19:46.789+0000] {spark_submit.py:524} INFO - 24/10/24 01:19:46 INFO ShutdownHookManager: Deleting directory /tmp/spark-347db26f-b838-4953-8997-29c47bcc067d
[2024-10-24T01:19:46.794+0000] {spark_submit.py:524} INFO - 24/10/24 01:19:46 INFO ShutdownHookManager: Deleting directory /tmp/spark-4e9012b3-93fd-4c83-aed0-35bc7b0cd6c9/pyspark-d019c271-fe79-4b8c-8d5f-e586c0c467e3
[2024-10-24T01:19:46.799+0000] {spark_submit.py:524} INFO - 24/10/24 01:19:46 INFO ShutdownHookManager: Deleting directory /tmp/spark-4e9012b3-93fd-4c83-aed0-35bc7b0cd6c9
[2024-10-24T01:19:46.904+0000] {taskinstance.py:1398} INFO - Marking task as SUCCESS. dag_id=api_openbrewerydb_to_silver_gold, task_id=Gold, execution_date=20231113T080000, start_date=20241024T011933, end_date=20241024T011946
[2024-10-24T01:19:46.972+0000] {local_task_job_runner.py:228} INFO - Task exited with return code 0
[2024-10-24T01:19:47.004+0000] {taskinstance.py:2776} INFO - 0 downstream tasks scheduled from follow-on schedule check
[2024-10-24T14:31:13.807+0000] {logging_mixin.py:151} INFO - Changing /opt/***/logs/dag_id=api_openbrewerydb_to_silver_gold/run_id=scheduled__2023-11-13T08:00:00+00:00/task_id=Gold permission to 509
[2024-10-24T14:31:13.815+0000] {logging_mixin.py:151} INFO - Failed to change /opt/***/logs/dag_id=api_openbrewerydb_to_silver_gold/run_id=scheduled__2023-11-13T08:00:00+00:00/task_id=Gold permission to 509: [Errno 1] Operation not permitted: '/opt/***/logs/dag_id=api_openbrewerydb_to_silver_gold/run_id=scheduled__2023-11-13T08:00:00+00:00/task_id=Gold'
[2024-10-24T14:31:13.849+0000] {logging_mixin.py:151} INFO - Changing /opt/***/logs/dag_id=api_openbrewerydb_to_silver_gold/run_id=scheduled__2023-11-13T08:00:00+00:00/task_id=Gold permission to 509
[2024-10-24T14:31:13.849+0000] {logging_mixin.py:151} INFO - Failed to change /opt/***/logs/dag_id=api_openbrewerydb_to_silver_gold/run_id=scheduled__2023-11-13T08:00:00+00:00/task_id=Gold permission to 509: [Errno 1] Operation not permitted: '/opt/***/logs/dag_id=api_openbrewerydb_to_silver_gold/run_id=scheduled__2023-11-13T08:00:00+00:00/task_id=Gold'
[2024-10-24T14:31:13.880+0000] {taskinstance.py:1157} INFO - Dependencies all met for dep_context=non-requeueable deps ti=<TaskInstance: api_openbrewerydb_to_silver_gold.Gold scheduled__2023-11-13T08:00:00+00:00 [queued]>
[2024-10-24T14:31:13.888+0000] {taskinstance.py:1157} INFO - Dependencies all met for dep_context=requeueable deps ti=<TaskInstance: api_openbrewerydb_to_silver_gold.Gold scheduled__2023-11-13T08:00:00+00:00 [queued]>
[2024-10-24T14:31:13.888+0000] {taskinstance.py:1359} INFO - Starting attempt 1 of 2
[2024-10-24T14:31:13.898+0000] {taskinstance.py:1380} INFO - Executing <Task(SparkSubmitOperator): Gold> on 2023-11-13 08:00:00+00:00
[2024-10-24T14:31:13.903+0000] {standard_task_runner.py:57} INFO - Started process 7713 to run task
[2024-10-24T14:31:13.905+0000] {standard_task_runner.py:84} INFO - Running: ['***', 'tasks', 'run', 'api_openbrewerydb_to_silver_gold', 'Gold', 'scheduled__2023-11-13T08:00:00+00:00', '--job-id', '52', '--raw', '--subdir', 'DAGS_FOLDER/api_openbrewerydb_to_silver.py', '--cfg-path', '/tmp/tmp2lhkioze']
[2024-10-24T14:31:13.908+0000] {standard_task_runner.py:85} INFO - Job 52: Subtask Gold
[2024-10-24T14:31:13.952+0000] {logging_mixin.py:151} INFO - Changing /opt/***/logs/dag_id=api_openbrewerydb_to_silver_gold/run_id=scheduled__2023-11-13T08:00:00+00:00/task_id=Gold permission to 509
[2024-10-24T14:31:13.952+0000] {logging_mixin.py:151} INFO - Failed to change /opt/***/logs/dag_id=api_openbrewerydb_to_silver_gold/run_id=scheduled__2023-11-13T08:00:00+00:00/task_id=Gold permission to 509: [Errno 1] Operation not permitted: '/opt/***/logs/dag_id=api_openbrewerydb_to_silver_gold/run_id=scheduled__2023-11-13T08:00:00+00:00/task_id=Gold'
[2024-10-24T14:31:13.952+0000] {task_command.py:415} INFO - Running <TaskInstance: api_openbrewerydb_to_silver_gold.Gold scheduled__2023-11-13T08:00:00+00:00 [running]> on host 96f89615839b
[2024-10-24T14:31:14.028+0000] {taskinstance.py:1660} INFO - Exporting env vars: AIRFLOW_CTX_DAG_OWNER='Rodrigo Araujo' AIRFLOW_CTX_DAG_ID='api_openbrewerydb_to_silver_gold' AIRFLOW_CTX_TASK_ID='Gold' AIRFLOW_CTX_EXECUTION_DATE='2023-11-13T08:00:00+00:00' AIRFLOW_CTX_TRY_NUMBER='1' AIRFLOW_CTX_DAG_RUN_ID='scheduled__2023-11-13T08:00:00+00:00'
[2024-10-24T14:31:14.039+0000] {base.py:73} INFO - Using connection ID 'spark-conn' for task execution.
[2024-10-24T14:31:14.040+0000] {spark_submit.py:363} INFO - Spark-Submit cmd: spark-submit --master spark://spark-master:7077 --name arrow-spark jobs/gold/api_openbrewerydb.py
[2024-10-24T14:31:16.816+0000] {spark_submit.py:524} INFO - 24/10/24 14:31:16 INFO SparkContext: Running Spark version 3.5.3
[2024-10-24T14:31:16.818+0000] {spark_submit.py:524} INFO - 24/10/24 14:31:16 INFO SparkContext: OS info Linux, 5.15.0-124-generic, amd64
[2024-10-24T14:31:16.818+0000] {spark_submit.py:524} INFO - 24/10/24 14:31:16 INFO SparkContext: Java version 11.0.25
[2024-10-24T14:31:16.875+0000] {spark_submit.py:524} INFO - 24/10/24 14:31:16 WARN NativeCodeLoader: Unable to load native-hadoop library for your platform... using builtin-java classes where applicable
[2024-10-24T14:31:16.961+0000] {spark_submit.py:524} INFO - 24/10/24 14:31:16 INFO ResourceUtils: ==============================================================
[2024-10-24T14:31:16.961+0000] {spark_submit.py:524} INFO - 24/10/24 14:31:16 INFO ResourceUtils: No custom resources configured for spark.driver.
[2024-10-24T14:31:16.962+0000] {spark_submit.py:524} INFO - 24/10/24 14:31:16 INFO ResourceUtils: ==============================================================
[2024-10-24T14:31:16.962+0000] {spark_submit.py:524} INFO - 24/10/24 14:31:16 INFO SparkContext: Submitted application: IngestaoSilver
[2024-10-24T14:31:16.982+0000] {spark_submit.py:524} INFO - 24/10/24 14:31:16 INFO ResourceProfile: Default ResourceProfile created, executor resources: Map(memory -> name: memory, amount: 1024, script: , vendor: , offHeap -> name: offHeap, amount: 0, script: , vendor: ), task resources: Map(cpus -> name: cpus, amount: 1.0)
[2024-10-24T14:31:16.995+0000] {spark_submit.py:524} INFO - 24/10/24 14:31:16 INFO ResourceProfile: Limiting resource is cpu
[2024-10-24T14:31:16.996+0000] {spark_submit.py:524} INFO - 24/10/24 14:31:16 INFO ResourceProfileManager: Added ResourceProfile id: 0
[2024-10-24T14:31:17.044+0000] {spark_submit.py:524} INFO - 24/10/24 14:31:17 INFO SecurityManager: Changing view acls to: ***
[2024-10-24T14:31:17.045+0000] {spark_submit.py:524} INFO - 24/10/24 14:31:17 INFO SecurityManager: Changing modify acls to: ***
[2024-10-24T14:31:17.046+0000] {spark_submit.py:524} INFO - 24/10/24 14:31:17 INFO SecurityManager: Changing view acls groups to:
[2024-10-24T14:31:17.046+0000] {spark_submit.py:524} INFO - 24/10/24 14:31:17 INFO SecurityManager: Changing modify acls groups to:
[2024-10-24T14:31:17.047+0000] {spark_submit.py:524} INFO - 24/10/24 14:31:17 INFO SecurityManager: SecurityManager: authentication disabled; ui acls disabled; users with view permissions: ***; groups with view permissions: EMPTY; users with modify permissions: ***; groups with modify permissions: EMPTY
[2024-10-24T14:31:17.341+0000] {spark_submit.py:524} INFO - 24/10/24 14:31:17 INFO Utils: Successfully started service 'sparkDriver' on port 34581.
[2024-10-24T14:31:17.368+0000] {spark_submit.py:524} INFO - 24/10/24 14:31:17 INFO SparkEnv: Registering MapOutputTracker
[2024-10-24T14:31:17.416+0000] {spark_submit.py:524} INFO - 24/10/24 14:31:17 INFO SparkEnv: Registering BlockManagerMaster
[2024-10-24T14:31:17.442+0000] {spark_submit.py:524} INFO - 24/10/24 14:31:17 INFO BlockManagerMasterEndpoint: Using org.apache.spark.storage.DefaultTopologyMapper for getting topology information
[2024-10-24T14:31:17.442+0000] {spark_submit.py:524} INFO - 24/10/24 14:31:17 INFO BlockManagerMasterEndpoint: BlockManagerMasterEndpoint up
[2024-10-24T14:31:17.446+0000] {spark_submit.py:524} INFO - 24/10/24 14:31:17 INFO SparkEnv: Registering BlockManagerMasterHeartbeat
[2024-10-24T14:31:17.466+0000] {spark_submit.py:524} INFO - 24/10/24 14:31:17 INFO DiskBlockManager: Created local directory at /tmp/blockmgr-19cc4eec-f9aa-4b68-acc9-05b5c4aa914c
[2024-10-24T14:31:17.481+0000] {spark_submit.py:524} INFO - 24/10/24 14:31:17 INFO MemoryStore: MemoryStore started with capacity 434.4 MiB
[2024-10-24T14:31:17.495+0000] {spark_submit.py:524} INFO - 24/10/24 14:31:17 INFO SparkEnv: Registering OutputCommitCoordinator
[2024-10-24T14:31:17.635+0000] {spark_submit.py:524} INFO - 24/10/24 14:31:17 INFO JettyUtils: Start Jetty 0.0.0.0:4040 for SparkUI
[2024-10-24T14:31:17.685+0000] {spark_submit.py:524} INFO - 24/10/24 14:31:17 INFO Utils: Successfully started service 'SparkUI' on port 4040.
[2024-10-24T14:31:17.805+0000] {spark_submit.py:524} INFO - 24/10/24 14:31:17 INFO StandaloneAppClient$ClientEndpoint: Connecting to master spark://spark-master:7077...
[2024-10-24T14:31:17.862+0000] {spark_submit.py:524} INFO - 24/10/24 14:31:17 INFO TransportClientFactory: Successfully created connection to spark-master/172.18.0.2:7077 after 32 ms (0 ms spent in bootstraps)
[2024-10-24T14:31:17.951+0000] {spark_submit.py:524} INFO - 24/10/24 14:31:17 INFO StandaloneSchedulerBackend: Connected to Spark cluster with app ID app-20241024143117-0047
[2024-10-24T14:31:17.954+0000] {spark_submit.py:524} INFO - 24/10/24 14:31:17 INFO StandaloneAppClient$ClientEndpoint: Executor added: app-20241024143117-0047/0 on worker-20241024142308-172.18.0.5-43899 (172.18.0.5:43899) with 2 core(s)
[2024-10-24T14:31:17.957+0000] {spark_submit.py:524} INFO - 24/10/24 14:31:17 INFO StandaloneSchedulerBackend: Granted executor ID app-20241024143117-0047/0 on hostPort 172.18.0.5:43899 with 2 core(s), 1024.0 MiB RAM
[2024-10-24T14:31:17.966+0000] {spark_submit.py:524} INFO - 24/10/24 14:31:17 INFO Utils: Successfully started service 'org.apache.spark.network.netty.NettyBlockTransferService' on port 39591.
[2024-10-24T14:31:17.966+0000] {spark_submit.py:524} INFO - 24/10/24 14:31:17 INFO NettyBlockTransferService: Server created on 96f89615839b:39591
[2024-10-24T14:31:17.971+0000] {spark_submit.py:524} INFO - 24/10/24 14:31:17 INFO BlockManager: Using org.apache.spark.storage.RandomBlockReplicationPolicy for block replication policy
[2024-10-24T14:31:17.984+0000] {spark_submit.py:524} INFO - 24/10/24 14:31:17 INFO BlockManagerMaster: Registering BlockManager BlockManagerId(driver, 96f89615839b, 39591, None)
[2024-10-24T14:31:17.989+0000] {spark_submit.py:524} INFO - 24/10/24 14:31:17 INFO BlockManagerMasterEndpoint: Registering block manager 96f89615839b:39591 with 434.4 MiB RAM, BlockManagerId(driver, 96f89615839b, 39591, None)
[2024-10-24T14:31:17.990+0000] {spark_submit.py:524} INFO - 24/10/24 14:31:17 INFO StandaloneAppClient$ClientEndpoint: Executor updated: app-20241024143117-0047/0 is now RUNNING
[2024-10-24T14:31:17.993+0000] {spark_submit.py:524} INFO - 24/10/24 14:31:17 INFO BlockManagerMaster: Registered BlockManager BlockManagerId(driver, 96f89615839b, 39591, None)
[2024-10-24T14:31:17.994+0000] {spark_submit.py:524} INFO - 24/10/24 14:31:17 INFO BlockManager: Initialized BlockManager: BlockManagerId(driver, 96f89615839b, 39591, None)
[2024-10-24T14:31:18.340+0000] {spark_submit.py:524} INFO - 24/10/24 14:31:18 INFO StandaloneSchedulerBackend: SchedulerBackend is ready for scheduling beginning after reached minRegisteredResourcesRatio: 0.0
[2024-10-24T14:31:18.580+0000] {spark_submit.py:524} INFO - Hello from Spark!
[2024-10-24T14:31:18.581+0000] {spark_submit.py:524} INFO - 24/10/24 14:31:18 INFO SparkContext: SparkContext is stopping with exitCode 0.
[2024-10-24T14:31:18.596+0000] {spark_submit.py:524} INFO - 24/10/24 14:31:18 INFO SparkUI: Stopped Spark web UI at http://96f89615839b:4040
[2024-10-24T14:31:18.602+0000] {spark_submit.py:524} INFO - 24/10/24 14:31:18 INFO StandaloneSchedulerBackend: Shutting down all executors
[2024-10-24T14:31:18.607+0000] {spark_submit.py:524} INFO - 24/10/24 14:31:18 INFO StandaloneSchedulerBackend$StandaloneDriverEndpoint: Asking each executor to shut down
[2024-10-24T14:31:18.630+0000] {spark_submit.py:524} INFO - 24/10/24 14:31:18 INFO MapOutputTrackerMasterEndpoint: MapOutputTrackerMasterEndpoint stopped!
[2024-10-24T14:31:18.642+0000] {spark_submit.py:524} INFO - 24/10/24 14:31:18 INFO MemoryStore: MemoryStore cleared
[2024-10-24T14:31:18.643+0000] {spark_submit.py:524} INFO - 24/10/24 14:31:18 INFO BlockManager: BlockManager stopped
[2024-10-24T14:31:18.650+0000] {spark_submit.py:524} INFO - 24/10/24 14:31:18 INFO BlockManagerMaster: BlockManagerMaster stopped
[2024-10-24T14:31:18.652+0000] {spark_submit.py:524} INFO - 24/10/24 14:31:18 INFO OutputCommitCoordinator$OutputCommitCoordinatorEndpoint: OutputCommitCoordinator stopped!
[2024-10-24T14:31:18.660+0000] {spark_submit.py:524} INFO - 24/10/24 14:31:18 INFO SparkContext: Successfully stopped SparkContext
[2024-10-24T14:31:18.925+0000] {spark_submit.py:524} INFO - 24/10/24 14:31:18 INFO ShutdownHookManager: Shutdown hook called
[2024-10-24T14:31:18.926+0000] {spark_submit.py:524} INFO - 24/10/24 14:31:18 INFO ShutdownHookManager: Deleting directory /tmp/spark-3144a1e5-c5e1-41e6-a292-7a9e2392c370/pyspark-78d868b3-0b19-4f1f-9a9d-a268a0e7b883
[2024-10-24T14:31:18.929+0000] {spark_submit.py:524} INFO - 24/10/24 14:31:18 INFO ShutdownHookManager: Deleting directory /tmp/spark-92d8aed9-3d5f-4d01-bbc2-4b6ec1de7ab1
[2024-10-24T14:31:18.932+0000] {spark_submit.py:524} INFO - 24/10/24 14:31:18 INFO ShutdownHookManager: Deleting directory /tmp/spark-3144a1e5-c5e1-41e6-a292-7a9e2392c370
[2024-10-24T14:31:19.002+0000] {taskinstance.py:1398} INFO - Marking task as SUCCESS. dag_id=api_openbrewerydb_to_silver_gold, task_id=Gold, execution_date=20231113T080000, start_date=20241024T143113, end_date=20241024T143119
[2024-10-24T14:31:19.051+0000] {local_task_job_runner.py:228} INFO - Task exited with return code 0
[2024-10-24T14:31:19.066+0000] {taskinstance.py:2776} INFO - 0 downstream tasks scheduled from follow-on schedule check
