[2024-10-24T15:04:56.490+0000] {taskinstance.py:1157} INFO - Dependencies all met for dep_context=non-requeueable deps ti=<TaskInstance: api_openbrewerydb_to_silver_gold.Gold scheduled__2024-10-23T08:00:00+00:00 [queued]>
[2024-10-24T15:04:56.498+0000] {taskinstance.py:1157} INFO - Dependencies all met for dep_context=requeueable deps ti=<TaskInstance: api_openbrewerydb_to_silver_gold.Gold scheduled__2024-10-23T08:00:00+00:00 [queued]>
[2024-10-24T15:04:56.498+0000] {taskinstance.py:1359} INFO - Starting attempt 1 of 2
[2024-10-24T15:04:56.509+0000] {taskinstance.py:1380} INFO - Executing <Task(SparkSubmitOperator): Gold> on 2024-10-23 08:00:00+00:00
[2024-10-24T15:04:56.512+0000] {standard_task_runner.py:57} INFO - Started process 672 to run task
[2024-10-24T15:04:56.515+0000] {standard_task_runner.py:84} INFO - Running: ['***', 'tasks', 'run', 'api_openbrewerydb_to_silver_gold', 'Gold', 'scheduled__2024-10-23T08:00:00+00:00', '--job-id', '123', '--raw', '--subdir', 'DAGS_FOLDER/api_openbrewerydb_to_silver.py', '--cfg-path', '/tmp/tmp0_9r926d']
[2024-10-24T15:04:56.519+0000] {standard_task_runner.py:85} INFO - Job 123: Subtask Gold
[2024-10-24T15:04:56.565+0000] {task_command.py:415} INFO - Running <TaskInstance: api_openbrewerydb_to_silver_gold.Gold scheduled__2024-10-23T08:00:00+00:00 [running]> on host 96f89615839b
[2024-10-24T15:04:56.648+0000] {taskinstance.py:1660} INFO - Exporting env vars: AIRFLOW_CTX_DAG_OWNER='Rodrigo Araujo' AIRFLOW_CTX_DAG_ID='api_openbrewerydb_to_silver_gold' AIRFLOW_CTX_TASK_ID='Gold' AIRFLOW_CTX_EXECUTION_DATE='2024-10-23T08:00:00+00:00' AIRFLOW_CTX_TRY_NUMBER='1' AIRFLOW_CTX_DAG_RUN_ID='scheduled__2024-10-23T08:00:00+00:00'
[2024-10-24T15:04:56.660+0000] {base.py:73} INFO - Using connection ID 'spark-conn' for task execution.
[2024-10-24T15:04:56.660+0000] {spark_submit.py:363} INFO - Spark-Submit cmd: spark-submit --master spark://spark-master:7077 --name arrow-spark jobs/gold/api_openbrewerydb.py
[2024-10-24T15:05:00.400+0000] {spark_submit.py:524} INFO - 24/10/24 15:05:00 INFO SparkContext: Running Spark version 3.5.3
[2024-10-24T15:05:00.402+0000] {spark_submit.py:524} INFO - 24/10/24 15:05:00 INFO SparkContext: OS info Linux, 5.15.0-124-generic, amd64
[2024-10-24T15:05:00.402+0000] {spark_submit.py:524} INFO - 24/10/24 15:05:00 INFO SparkContext: Java version 11.0.25
[2024-10-24T15:05:00.466+0000] {spark_submit.py:524} INFO - 24/10/24 15:05:00 WARN NativeCodeLoader: Unable to load native-hadoop library for your platform... using builtin-java classes where applicable
[2024-10-24T15:05:00.545+0000] {spark_submit.py:524} INFO - 24/10/24 15:05:00 INFO ResourceUtils: ==============================================================
[2024-10-24T15:05:00.545+0000] {spark_submit.py:524} INFO - 24/10/24 15:05:00 INFO ResourceUtils: No custom resources configured for spark.driver.
[2024-10-24T15:05:00.546+0000] {spark_submit.py:524} INFO - 24/10/24 15:05:00 INFO ResourceUtils: ==============================================================
[2024-10-24T15:05:00.546+0000] {spark_submit.py:524} INFO - 24/10/24 15:05:00 INFO SparkContext: Submitted application: IngestaoSilver
[2024-10-24T15:05:00.564+0000] {spark_submit.py:524} INFO - 24/10/24 15:05:00 INFO ResourceProfile: Default ResourceProfile created, executor resources: Map(memory -> name: memory, amount: 1024, script: , vendor: , offHeap -> name: offHeap, amount: 0, script: , vendor: ), task resources: Map(cpus -> name: cpus, amount: 1.0)
[2024-10-24T15:05:00.577+0000] {spark_submit.py:524} INFO - 24/10/24 15:05:00 INFO ResourceProfile: Limiting resource is cpu
[2024-10-24T15:05:00.577+0000] {spark_submit.py:524} INFO - 24/10/24 15:05:00 INFO ResourceProfileManager: Added ResourceProfile id: 0
[2024-10-24T15:05:00.622+0000] {spark_submit.py:524} INFO - 24/10/24 15:05:00 INFO SecurityManager: Changing view acls to: ***
[2024-10-24T15:05:00.622+0000] {spark_submit.py:524} INFO - 24/10/24 15:05:00 INFO SecurityManager: Changing modify acls to: ***
[2024-10-24T15:05:00.623+0000] {spark_submit.py:524} INFO - 24/10/24 15:05:00 INFO SecurityManager: Changing view acls groups to:
[2024-10-24T15:05:00.623+0000] {spark_submit.py:524} INFO - 24/10/24 15:05:00 INFO SecurityManager: Changing modify acls groups to:
[2024-10-24T15:05:00.624+0000] {spark_submit.py:524} INFO - 24/10/24 15:05:00 INFO SecurityManager: SecurityManager: authentication disabled; ui acls disabled; users with view permissions: ***; groups with view permissions: EMPTY; users with modify permissions: ***; groups with modify permissions: EMPTY
[2024-10-24T15:05:00.902+0000] {spark_submit.py:524} INFO - 24/10/24 15:05:00 INFO Utils: Successfully started service 'sparkDriver' on port 44559.
[2024-10-24T15:05:00.938+0000] {spark_submit.py:524} INFO - 24/10/24 15:05:00 INFO SparkEnv: Registering MapOutputTracker
[2024-10-24T15:05:00.989+0000] {spark_submit.py:524} INFO - 24/10/24 15:05:00 INFO SparkEnv: Registering BlockManagerMaster
[2024-10-24T15:05:01.017+0000] {spark_submit.py:524} INFO - 24/10/24 15:05:01 INFO BlockManagerMasterEndpoint: Using org.apache.spark.storage.DefaultTopologyMapper for getting topology information
[2024-10-24T15:05:01.018+0000] {spark_submit.py:524} INFO - 24/10/24 15:05:01 INFO BlockManagerMasterEndpoint: BlockManagerMasterEndpoint up
[2024-10-24T15:05:01.023+0000] {spark_submit.py:524} INFO - 24/10/24 15:05:01 INFO SparkEnv: Registering BlockManagerMasterHeartbeat
[2024-10-24T15:05:01.047+0000] {spark_submit.py:524} INFO - 24/10/24 15:05:01 INFO DiskBlockManager: Created local directory at /tmp/blockmgr-bd6904d8-1450-4f10-be51-05e564bf330e
[2024-10-24T15:05:01.066+0000] {spark_submit.py:524} INFO - 24/10/24 15:05:01 INFO MemoryStore: MemoryStore started with capacity 434.4 MiB
[2024-10-24T15:05:01.083+0000] {spark_submit.py:524} INFO - 24/10/24 15:05:01 INFO SparkEnv: Registering OutputCommitCoordinator
[2024-10-24T15:05:01.229+0000] {spark_submit.py:524} INFO - 24/10/24 15:05:01 INFO JettyUtils: Start Jetty 0.0.0.0:4040 for SparkUI
[2024-10-24T15:05:01.288+0000] {spark_submit.py:524} INFO - 24/10/24 15:05:01 INFO Utils: Successfully started service 'SparkUI' on port 4040.
[2024-10-24T15:05:01.413+0000] {spark_submit.py:524} INFO - 24/10/24 15:05:01 INFO StandaloneAppClient$ClientEndpoint: Connecting to master spark://spark-master:7077...
[2024-10-24T15:05:01.475+0000] {spark_submit.py:524} INFO - 24/10/24 15:05:01 INFO TransportClientFactory: Successfully created connection to spark-master/172.18.0.3:7077 after 35 ms (0 ms spent in bootstraps)
[2024-10-24T15:05:01.591+0000] {spark_submit.py:524} INFO - 24/10/24 15:05:01 INFO StandaloneSchedulerBackend: Connected to Spark cluster with app ID app-20241024150501-0003
[2024-10-24T15:05:01.609+0000] {spark_submit.py:524} INFO - 24/10/24 15:05:01 INFO StandaloneAppClient$ClientEndpoint: Executor added: app-20241024150501-0003/0 on worker-20241024150342-172.18.0.5-40617 (172.18.0.5:40617) with 2 core(s)
[2024-10-24T15:05:01.612+0000] {spark_submit.py:524} INFO - 24/10/24 15:05:01 INFO StandaloneSchedulerBackend: Granted executor ID app-20241024150501-0003/0 on hostPort 172.18.0.5:40617 with 2 core(s), 1024.0 MiB RAM
[2024-10-24T15:05:01.617+0000] {spark_submit.py:524} INFO - 24/10/24 15:05:01 INFO Utils: Successfully started service 'org.apache.spark.network.netty.NettyBlockTransferService' on port 33485.
[2024-10-24T15:05:01.617+0000] {spark_submit.py:524} INFO - 24/10/24 15:05:01 INFO NettyBlockTransferService: Server created on 96f89615839b:33485
[2024-10-24T15:05:01.620+0000] {spark_submit.py:524} INFO - 24/10/24 15:05:01 INFO BlockManager: Using org.apache.spark.storage.RandomBlockReplicationPolicy for block replication policy
[2024-10-24T15:05:01.653+0000] {spark_submit.py:524} INFO - 24/10/24 15:05:01 INFO BlockManagerMaster: Registering BlockManager BlockManagerId(driver, 96f89615839b, 33485, None)
[2024-10-24T15:05:01.662+0000] {spark_submit.py:524} INFO - 24/10/24 15:05:01 INFO BlockManagerMasterEndpoint: Registering block manager 96f89615839b:33485 with 434.4 MiB RAM, BlockManagerId(driver, 96f89615839b, 33485, None)
[2024-10-24T15:05:01.675+0000] {spark_submit.py:524} INFO - 24/10/24 15:05:01 INFO BlockManagerMaster: Registered BlockManager BlockManagerId(driver, 96f89615839b, 33485, None)
[2024-10-24T15:05:01.678+0000] {spark_submit.py:524} INFO - 24/10/24 15:05:01 INFO BlockManager: Initialized BlockManager: BlockManagerId(driver, 96f89615839b, 33485, None)
[2024-10-24T15:05:01.705+0000] {spark_submit.py:524} INFO - 24/10/24 15:05:01 INFO StandaloneAppClient$ClientEndpoint: Executor updated: app-20241024150501-0003/0 is now RUNNING
[2024-10-24T15:05:02.442+0000] {spark_submit.py:524} INFO - 24/10/24 15:05:02 INFO StandaloneSchedulerBackend: SchedulerBackend is ready for scheduling beginning after reached minRegisteredResourcesRatio: 0.0
[2024-10-24T15:05:02.682+0000] {spark_submit.py:524} INFO - Hello from Spark!
[2024-10-24T15:05:02.682+0000] {spark_submit.py:524} INFO - 24/10/24 15:05:02 INFO SparkContext: SparkContext is stopping with exitCode 0.
[2024-10-24T15:05:02.694+0000] {spark_submit.py:524} INFO - 24/10/24 15:05:02 INFO SparkUI: Stopped Spark web UI at http://96f89615839b:4040
[2024-10-24T15:05:02.698+0000] {spark_submit.py:524} INFO - 24/10/24 15:05:02 INFO StandaloneSchedulerBackend: Shutting down all executors
[2024-10-24T15:05:02.702+0000] {spark_submit.py:524} INFO - 24/10/24 15:05:02 INFO StandaloneSchedulerBackend$StandaloneDriverEndpoint: Asking each executor to shut down
[2024-10-24T15:05:02.725+0000] {spark_submit.py:524} INFO - 24/10/24 15:05:02 INFO MapOutputTrackerMasterEndpoint: MapOutputTrackerMasterEndpoint stopped!
[2024-10-24T15:05:02.736+0000] {spark_submit.py:524} INFO - 24/10/24 15:05:02 INFO MemoryStore: MemoryStore cleared
[2024-10-24T15:05:02.738+0000] {spark_submit.py:524} INFO - 24/10/24 15:05:02 INFO BlockManager: BlockManager stopped
[2024-10-24T15:05:02.746+0000] {spark_submit.py:524} INFO - 24/10/24 15:05:02 INFO BlockManagerMaster: BlockManagerMaster stopped
[2024-10-24T15:05:02.750+0000] {spark_submit.py:524} INFO - 24/10/24 15:05:02 INFO OutputCommitCoordinator$OutputCommitCoordinatorEndpoint: OutputCommitCoordinator stopped!
[2024-10-24T15:05:02.774+0000] {spark_submit.py:524} INFO - 24/10/24 15:05:02 INFO SparkContext: Successfully stopped SparkContext
[2024-10-24T15:05:03.045+0000] {spark_submit.py:524} INFO - 24/10/24 15:05:03 INFO ShutdownHookManager: Shutdown hook called
[2024-10-24T15:05:03.045+0000] {spark_submit.py:524} INFO - 24/10/24 15:05:03 INFO ShutdownHookManager: Deleting directory /tmp/spark-078ef4e0-5174-4e92-a16e-73186ab49926
[2024-10-24T15:05:03.049+0000] {spark_submit.py:524} INFO - 24/10/24 15:05:03 INFO ShutdownHookManager: Deleting directory /tmp/spark-078ef4e0-5174-4e92-a16e-73186ab49926/pyspark-822ca67b-4e3b-48dd-a89b-fc4eb655dd39
[2024-10-24T15:05:03.052+0000] {spark_submit.py:524} INFO - 24/10/24 15:05:03 INFO ShutdownHookManager: Deleting directory /tmp/spark-bd21cea8-4cbb-4308-9b47-272744d3725f
[2024-10-24T15:05:03.106+0000] {taskinstance.py:1398} INFO - Marking task as SUCCESS. dag_id=api_openbrewerydb_to_silver_gold, task_id=Gold, execution_date=20241023T080000, start_date=20241024T150456, end_date=20241024T150503
[2024-10-24T15:05:03.142+0000] {local_task_job_runner.py:228} INFO - Task exited with return code 0
[2024-10-24T15:05:03.159+0000] {taskinstance.py:2776} INFO - 0 downstream tasks scheduled from follow-on schedule check
[2024-10-24T18:41:07.432+0000] {taskinstance.py:1157} INFO - Dependencies all met for dep_context=non-requeueable deps ti=<TaskInstance: api_openbrewerydb_to_silver_gold.Gold scheduled__2024-10-23T08:00:00+00:00 [queued]>
[2024-10-24T18:41:07.440+0000] {taskinstance.py:1157} INFO - Dependencies all met for dep_context=requeueable deps ti=<TaskInstance: api_openbrewerydb_to_silver_gold.Gold scheduled__2024-10-23T08:00:00+00:00 [queued]>
[2024-10-24T18:41:07.440+0000] {taskinstance.py:1359} INFO - Starting attempt 1 of 2
[2024-10-24T18:41:07.453+0000] {taskinstance.py:1380} INFO - Executing <Task(SparkSubmitOperator): Gold> on 2024-10-23 08:00:00+00:00
[2024-10-24T18:41:07.458+0000] {standard_task_runner.py:57} INFO - Started process 924 to run task
[2024-10-24T18:41:07.460+0000] {standard_task_runner.py:84} INFO - Running: ['***', 'tasks', 'run', 'api_openbrewerydb_to_silver_gold', 'Gold', 'scheduled__2024-10-23T08:00:00+00:00', '--job-id', '192', '--raw', '--subdir', 'DAGS_FOLDER/api_openbrewerydb_to_silver_gold.py', '--cfg-path', '/tmp/tmp9_jliinj']
[2024-10-24T18:41:07.462+0000] {standard_task_runner.py:85} INFO - Job 192: Subtask Gold
[2024-10-24T18:41:07.512+0000] {task_command.py:415} INFO - Running <TaskInstance: api_openbrewerydb_to_silver_gold.Gold scheduled__2024-10-23T08:00:00+00:00 [running]> on host f55139681ae8
[2024-10-24T18:41:07.604+0000] {taskinstance.py:1660} INFO - Exporting env vars: AIRFLOW_CTX_DAG_OWNER='Rodrigo Araujo' AIRFLOW_CTX_DAG_ID='api_openbrewerydb_to_silver_gold' AIRFLOW_CTX_TASK_ID='Gold' AIRFLOW_CTX_EXECUTION_DATE='2024-10-23T08:00:00+00:00' AIRFLOW_CTX_TRY_NUMBER='1' AIRFLOW_CTX_DAG_RUN_ID='scheduled__2024-10-23T08:00:00+00:00'
[2024-10-24T18:41:07.615+0000] {base.py:73} INFO - Using connection ID 'spark-conn' for task execution.
[2024-10-24T18:41:07.616+0000] {spark_submit.py:363} INFO - Spark-Submit cmd: spark-submit --master spark://spark-master:7077 --name arrow-spark jobs/gold/openbrewerydb/api_openbrewerydb.py
[2024-10-24T18:41:10.507+0000] {spark_submit.py:524} INFO - 24/10/24 18:41:10 INFO SparkContext: Running Spark version 3.5.0
[2024-10-24T18:41:10.508+0000] {spark_submit.py:524} INFO - 24/10/24 18:41:10 INFO SparkContext: OS info Linux, 5.15.0-124-generic, amd64
[2024-10-24T18:41:10.509+0000] {spark_submit.py:524} INFO - 24/10/24 18:41:10 INFO SparkContext: Java version 17.0.13
[2024-10-24T18:41:10.568+0000] {spark_submit.py:524} INFO - 24/10/24 18:41:10 WARN NativeCodeLoader: Unable to load native-hadoop library for your platform... using builtin-java classes where applicable
[2024-10-24T18:41:10.668+0000] {spark_submit.py:524} INFO - 24/10/24 18:41:10 INFO ResourceUtils: ==============================================================
[2024-10-24T18:41:10.668+0000] {spark_submit.py:524} INFO - 24/10/24 18:41:10 INFO ResourceUtils: No custom resources configured for spark.driver.
[2024-10-24T18:41:10.669+0000] {spark_submit.py:524} INFO - 24/10/24 18:41:10 INFO ResourceUtils: ==============================================================
[2024-10-24T18:41:10.670+0000] {spark_submit.py:524} INFO - 24/10/24 18:41:10 INFO SparkContext: Submitted application: openbrewerydb_gold
[2024-10-24T18:41:10.694+0000] {spark_submit.py:524} INFO - 24/10/24 18:41:10 INFO ResourceProfile: Default ResourceProfile created, executor resources: Map(memory -> name: memory, amount: 1024, script: , vendor: , offHeap -> name: offHeap, amount: 0, script: , vendor: ), task resources: Map(cpus -> name: cpus, amount: 1.0)
[2024-10-24T18:41:10.703+0000] {spark_submit.py:524} INFO - 24/10/24 18:41:10 INFO ResourceProfile: Limiting resource is cpu
[2024-10-24T18:41:10.704+0000] {spark_submit.py:524} INFO - 24/10/24 18:41:10 INFO ResourceProfileManager: Added ResourceProfile id: 0
[2024-10-24T18:41:10.763+0000] {spark_submit.py:524} INFO - 24/10/24 18:41:10 INFO SecurityManager: Changing view acls to: root
[2024-10-24T18:41:10.763+0000] {spark_submit.py:524} INFO - 24/10/24 18:41:10 INFO SecurityManager: Changing modify acls to: root
[2024-10-24T18:41:10.764+0000] {spark_submit.py:524} INFO - 24/10/24 18:41:10 INFO SecurityManager: Changing view acls groups to:
[2024-10-24T18:41:10.765+0000] {spark_submit.py:524} INFO - 24/10/24 18:41:10 INFO SecurityManager: Changing modify acls groups to:
[2024-10-24T18:41:10.766+0000] {spark_submit.py:524} INFO - 24/10/24 18:41:10 INFO SecurityManager: SecurityManager: authentication disabled; ui acls disabled; users with view permissions: root; groups with view permissions: EMPTY; users with modify permissions: root; groups with modify permissions: EMPTY
[2024-10-24T18:41:11.045+0000] {spark_submit.py:524} INFO - 24/10/24 18:41:11 INFO Utils: Successfully started service 'sparkDriver' on port 35423.
[2024-10-24T18:41:11.077+0000] {spark_submit.py:524} INFO - 24/10/24 18:41:11 INFO SparkEnv: Registering MapOutputTracker
[2024-10-24T18:41:11.119+0000] {spark_submit.py:524} INFO - 24/10/24 18:41:11 INFO SparkEnv: Registering BlockManagerMaster
[2024-10-24T18:41:11.142+0000] {spark_submit.py:524} INFO - 24/10/24 18:41:11 INFO BlockManagerMasterEndpoint: Using org.apache.spark.storage.DefaultTopologyMapper for getting topology information
[2024-10-24T18:41:11.143+0000] {spark_submit.py:524} INFO - 24/10/24 18:41:11 INFO BlockManagerMasterEndpoint: BlockManagerMasterEndpoint up
[2024-10-24T18:41:11.147+0000] {spark_submit.py:524} INFO - 24/10/24 18:41:11 INFO SparkEnv: Registering BlockManagerMasterHeartbeat
[2024-10-24T18:41:11.168+0000] {spark_submit.py:524} INFO - 24/10/24 18:41:11 INFO DiskBlockManager: Created local directory at /tmp/blockmgr-2ca6dc24-69f6-4e9b-b67c-cb077ba5b566
[2024-10-24T18:41:11.185+0000] {spark_submit.py:524} INFO - 24/10/24 18:41:11 INFO MemoryStore: MemoryStore started with capacity 434.4 MiB
[2024-10-24T18:41:11.203+0000] {spark_submit.py:524} INFO - 24/10/24 18:41:11 INFO SparkEnv: Registering OutputCommitCoordinator
[2024-10-24T18:41:11.312+0000] {spark_submit.py:524} INFO - 24/10/24 18:41:11 INFO JettyUtils: Start Jetty 0.0.0.0:4040 for SparkUI
[2024-10-24T18:41:11.359+0000] {spark_submit.py:524} INFO - 24/10/24 18:41:11 INFO Utils: Successfully started service 'SparkUI' on port 4040.
[2024-10-24T18:41:11.469+0000] {spark_submit.py:524} INFO - 24/10/24 18:41:11 INFO StandaloneAppClient$ClientEndpoint: Connecting to master spark://spark-master:7077...
[2024-10-24T18:41:11.524+0000] {spark_submit.py:524} INFO - 24/10/24 18:41:11 INFO TransportClientFactory: Successfully created connection to spark-master/172.18.0.3:7077 after 26 ms (0 ms spent in bootstraps)
[2024-10-24T18:41:11.617+0000] {spark_submit.py:524} INFO - 24/10/24 18:41:11 INFO StandaloneSchedulerBackend: Connected to Spark cluster with app ID app-20241024184111-0003
[2024-10-24T18:41:11.620+0000] {spark_submit.py:524} INFO - 24/10/24 18:41:11 INFO StandaloneAppClient$ClientEndpoint: Executor added: app-20241024184111-0003/0 on worker-20241024183909-172.18.0.5-45197 (172.18.0.5:45197) with 2 core(s)
[2024-10-24T18:41:11.624+0000] {spark_submit.py:524} INFO - 24/10/24 18:41:11 INFO StandaloneSchedulerBackend: Granted executor ID app-20241024184111-0003/0 on hostPort 172.18.0.5:45197 with 2 core(s), 1024.0 MiB RAM
[2024-10-24T18:41:11.630+0000] {spark_submit.py:524} INFO - 24/10/24 18:41:11 INFO Utils: Successfully started service 'org.apache.spark.network.netty.NettyBlockTransferService' on port 38911.
[2024-10-24T18:41:11.631+0000] {spark_submit.py:524} INFO - 24/10/24 18:41:11 INFO NettyBlockTransferService: Server created on f55139681ae8:38911
[2024-10-24T18:41:11.633+0000] {spark_submit.py:524} INFO - 24/10/24 18:41:11 INFO BlockManager: Using org.apache.spark.storage.RandomBlockReplicationPolicy for block replication policy
[2024-10-24T18:41:11.644+0000] {spark_submit.py:524} INFO - 24/10/24 18:41:11 INFO BlockManagerMaster: Registering BlockManager BlockManagerId(driver, f55139681ae8, 38911, None)
[2024-10-24T18:41:11.648+0000] {spark_submit.py:524} INFO - 24/10/24 18:41:11 INFO BlockManagerMasterEndpoint: Registering block manager f55139681ae8:38911 with 434.4 MiB RAM, BlockManagerId(driver, f55139681ae8, 38911, None)
[2024-10-24T18:41:11.653+0000] {spark_submit.py:524} INFO - 24/10/24 18:41:11 INFO BlockManagerMaster: Registered BlockManager BlockManagerId(driver, f55139681ae8, 38911, None)
[2024-10-24T18:41:11.655+0000] {spark_submit.py:524} INFO - 24/10/24 18:41:11 INFO BlockManager: Initialized BlockManager: BlockManagerId(driver, f55139681ae8, 38911, None)
[2024-10-24T18:41:11.690+0000] {spark_submit.py:524} INFO - 24/10/24 18:41:11 INFO StandaloneAppClient$ClientEndpoint: Executor updated: app-20241024184111-0003/0 is now RUNNING
[2024-10-24T18:41:11.958+0000] {spark_submit.py:524} INFO - 24/10/24 18:41:11 INFO StandaloneSchedulerBackend: SchedulerBackend is ready for scheduling beginning after reached minRegisteredResourcesRatio: 0.0
[2024-10-24T18:41:12.248+0000] {spark_submit.py:524} INFO - 24/10/24 18:41:12 INFO SharedState: Setting hive.metastore.warehouse.dir ('null') to the value of spark.sql.warehouse.dir.
[2024-10-24T18:41:12.257+0000] {spark_submit.py:524} INFO - 24/10/24 18:41:12 INFO SharedState: Warehouse path is 'file:/opt/***/spark-warehouse'.
[2024-10-24T18:41:13.769+0000] {spark_submit.py:524} INFO - 24/10/24 18:41:13 INFO InMemoryFileIndex: It took 272 ms to list leaf files for 1 paths.
[2024-10-24T18:41:14.736+0000] {spark_submit.py:524} INFO - 24/10/24 18:41:14 INFO SparkContext: Starting job: parquet at NativeMethodAccessorImpl.java:0
[2024-10-24T18:41:14.772+0000] {spark_submit.py:524} INFO - 24/10/24 18:41:14 INFO DAGScheduler: Got job 0 (parquet at NativeMethodAccessorImpl.java:0) with 1 output partitions
[2024-10-24T18:41:14.773+0000] {spark_submit.py:524} INFO - 24/10/24 18:41:14 INFO DAGScheduler: Final stage: ResultStage 0 (parquet at NativeMethodAccessorImpl.java:0)
[2024-10-24T18:41:14.774+0000] {spark_submit.py:524} INFO - 24/10/24 18:41:14 INFO DAGScheduler: Parents of final stage: List()
[2024-10-24T18:41:14.776+0000] {spark_submit.py:524} INFO - 24/10/24 18:41:14 INFO DAGScheduler: Missing parents: List()
[2024-10-24T18:41:14.783+0000] {spark_submit.py:524} INFO - 24/10/24 18:41:14 INFO DAGScheduler: Submitting ResultStage 0 (MapPartitionsRDD[1] at parquet at NativeMethodAccessorImpl.java:0), which has no missing parents
[2024-10-24T18:41:14.881+0000] {spark_submit.py:524} INFO - 24/10/24 18:41:14 INFO MemoryStore: Block broadcast_0 stored as values in memory (estimated size 103.1 KiB, free 434.3 MiB)
[2024-10-24T18:41:14.948+0000] {spark_submit.py:524} INFO - 24/10/24 18:41:14 INFO MemoryStore: Block broadcast_0_piece0 stored as bytes in memory (estimated size 37.1 KiB, free 434.3 MiB)
[2024-10-24T18:41:14.955+0000] {spark_submit.py:524} INFO - 24/10/24 18:41:14 INFO BlockManagerInfo: Added broadcast_0_piece0 in memory on f55139681ae8:38911 (size: 37.1 KiB, free: 434.4 MiB)
[2024-10-24T18:41:14.967+0000] {spark_submit.py:524} INFO - 24/10/24 18:41:14 INFO SparkContext: Created broadcast 0 from broadcast at DAGScheduler.scala:1580
[2024-10-24T18:41:15.008+0000] {spark_submit.py:524} INFO - 24/10/24 18:41:15 INFO DAGScheduler: Submitting 1 missing tasks from ResultStage 0 (MapPartitionsRDD[1] at parquet at NativeMethodAccessorImpl.java:0) (first 15 tasks are for partitions Vector(0))
[2024-10-24T18:41:15.012+0000] {spark_submit.py:524} INFO - 24/10/24 18:41:15 INFO TaskSchedulerImpl: Adding task set 0.0 with 1 tasks resource profile 0
[2024-10-24T18:41:15.650+0000] {spark_submit.py:524} INFO - 24/10/24 18:41:15 INFO StandaloneSchedulerBackend$StandaloneDriverEndpoint: Registered executor NettyRpcEndpointRef(spark-client://Executor) (172.18.0.5:54566) with ID 0,  ResourceProfileId 0
[2024-10-24T18:41:15.731+0000] {spark_submit.py:524} INFO - 24/10/24 18:41:15 INFO BlockManagerMasterEndpoint: Registering block manager 172.18.0.5:33791 with 434.4 MiB RAM, BlockManagerId(0, 172.18.0.5, 33791, None)
[2024-10-24T18:41:15.780+0000] {spark_submit.py:524} INFO - 24/10/24 18:41:15 INFO TaskSetManager: Starting task 0.0 in stage 0.0 (TID 0) (172.18.0.5, executor 0, partition 0, PROCESS_LOCAL, 7873 bytes)
[2024-10-24T18:41:16.038+0000] {spark_submit.py:524} INFO - 24/10/24 18:41:16 INFO BlockManagerInfo: Added broadcast_0_piece0 in memory on 172.18.0.5:33791 (size: 37.1 KiB, free: 434.4 MiB)
[2024-10-24T18:41:17.265+0000] {spark_submit.py:524} INFO - 24/10/24 18:41:17 INFO TaskSetManager: Finished task 0.0 in stage 0.0 (TID 0) in 1494 ms on 172.18.0.5 (executor 0) (1/1)
[2024-10-24T18:41:17.268+0000] {spark_submit.py:524} INFO - 24/10/24 18:41:17 INFO TaskSchedulerImpl: Removed TaskSet 0.0, whose tasks have all completed, from pool
[2024-10-24T18:41:17.276+0000] {spark_submit.py:524} INFO - 24/10/24 18:41:17 INFO DAGScheduler: ResultStage 0 (parquet at NativeMethodAccessorImpl.java:0) finished in 2.462 s
[2024-10-24T18:41:17.282+0000] {spark_submit.py:524} INFO - 24/10/24 18:41:17 INFO DAGScheduler: Job 0 is finished. Cancelling potential speculative or zombie tasks for this job
[2024-10-24T18:41:17.283+0000] {spark_submit.py:524} INFO - 24/10/24 18:41:17 INFO TaskSchedulerImpl: Killing all running tasks in stage 0: Stage finished
[2024-10-24T18:41:17.287+0000] {spark_submit.py:524} INFO - 24/10/24 18:41:17 INFO DAGScheduler: Job 0 finished: parquet at NativeMethodAccessorImpl.java:0, took 2.550176 s
[2024-10-24T18:41:17.628+0000] {spark_submit.py:524} INFO - 24/10/24 18:41:17 INFO BlockManagerInfo: Removed broadcast_0_piece0 on f55139681ae8:38911 in memory (size: 37.1 KiB, free: 434.4 MiB)
[2024-10-24T18:41:17.644+0000] {spark_submit.py:524} INFO - 24/10/24 18:41:17 INFO BlockManagerInfo: Removed broadcast_0_piece0 on 172.18.0.5:33791 in memory (size: 37.1 KiB, free: 434.4 MiB)
[2024-10-24T18:41:18.400+0000] {spark_submit.py:524} INFO - 24/10/24 18:41:18 INFO DataSourceStrategy: Pruning directories with:
[2024-10-24T18:41:18.402+0000] {spark_submit.py:524} INFO - 24/10/24 18:41:18 INFO FileSourceStrategy: Pushed Filters:
[2024-10-24T18:41:18.403+0000] {spark_submit.py:524} INFO - 24/10/24 18:41:18 INFO FileSourceStrategy: Post-Scan Filters:
[2024-10-24T18:41:18.765+0000] {spark_submit.py:524} INFO - 24/10/24 18:41:18 INFO CodeGenerator: Code generated in 200.554013 ms
[2024-10-24T18:41:18.797+0000] {spark_submit.py:524} INFO - 24/10/24 18:41:18 INFO MemoryStore: Block broadcast_1 stored as values in memory (estimated size 200.7 KiB, free 434.2 MiB)
[2024-10-24T18:41:18.819+0000] {spark_submit.py:524} INFO - 24/10/24 18:41:18 INFO MemoryStore: Block broadcast_1_piece0 stored as bytes in memory (estimated size 34.8 KiB, free 434.2 MiB)
[2024-10-24T18:41:18.820+0000] {spark_submit.py:524} INFO - 24/10/24 18:41:18 INFO BlockManagerInfo: Added broadcast_1_piece0 in memory on f55139681ae8:38911 (size: 34.8 KiB, free: 434.4 MiB)
[2024-10-24T18:41:18.822+0000] {spark_submit.py:524} INFO - 24/10/24 18:41:18 INFO SparkContext: Created broadcast 1 from count at NativeMethodAccessorImpl.java:0
[2024-10-24T18:41:18.841+0000] {spark_submit.py:524} INFO - 24/10/24 18:41:18 INFO FileSourceScanExec: Planning scan with bin packing, max size: 96564390 bytes, open cost is considered as scanning 4194304 bytes.
[2024-10-24T18:41:18.904+0000] {spark_submit.py:524} INFO - 24/10/24 18:41:18 INFO DAGScheduler: Registering RDD 5 (count at NativeMethodAccessorImpl.java:0) as input to shuffle 0
[2024-10-24T18:41:18.908+0000] {spark_submit.py:524} INFO - 24/10/24 18:41:18 INFO DAGScheduler: Got map stage job 1 (count at NativeMethodAccessorImpl.java:0) with 2 output partitions
[2024-10-24T18:41:18.909+0000] {spark_submit.py:524} INFO - 24/10/24 18:41:18 INFO DAGScheduler: Final stage: ShuffleMapStage 1 (count at NativeMethodAccessorImpl.java:0)
[2024-10-24T18:41:18.909+0000] {spark_submit.py:524} INFO - 24/10/24 18:41:18 INFO DAGScheduler: Parents of final stage: List()
[2024-10-24T18:41:18.910+0000] {spark_submit.py:524} INFO - 24/10/24 18:41:18 INFO DAGScheduler: Missing parents: List()
[2024-10-24T18:41:18.911+0000] {spark_submit.py:524} INFO - 24/10/24 18:41:18 INFO DAGScheduler: Submitting ShuffleMapStage 1 (MapPartitionsRDD[5] at count at NativeMethodAccessorImpl.java:0), which has no missing parents
[2024-10-24T18:41:18.950+0000] {spark_submit.py:524} INFO - 24/10/24 18:41:18 INFO MemoryStore: Block broadcast_2 stored as values in memory (estimated size 17.9 KiB, free 434.2 MiB)
[2024-10-24T18:41:18.956+0000] {spark_submit.py:524} INFO - 24/10/24 18:41:18 INFO MemoryStore: Block broadcast_2_piece0 stored as bytes in memory (estimated size 8.0 KiB, free 434.1 MiB)
[2024-10-24T18:41:18.957+0000] {spark_submit.py:524} INFO - 24/10/24 18:41:18 INFO BlockManagerInfo: Added broadcast_2_piece0 in memory on f55139681ae8:38911 (size: 8.0 KiB, free: 434.4 MiB)
[2024-10-24T18:41:18.958+0000] {spark_submit.py:524} INFO - 24/10/24 18:41:18 INFO SparkContext: Created broadcast 2 from broadcast at DAGScheduler.scala:1580
[2024-10-24T18:41:18.961+0000] {spark_submit.py:524} INFO - 24/10/24 18:41:18 INFO DAGScheduler: Submitting 2 missing tasks from ShuffleMapStage 1 (MapPartitionsRDD[5] at count at NativeMethodAccessorImpl.java:0) (first 15 tasks are for partitions Vector(0, 1))
[2024-10-24T18:41:18.961+0000] {spark_submit.py:524} INFO - 24/10/24 18:41:18 INFO TaskSchedulerImpl: Adding task set 1.0 with 2 tasks resource profile 0
[2024-10-24T18:41:18.971+0000] {spark_submit.py:524} INFO - 24/10/24 18:41:18 INFO TaskSetManager: Starting task 0.0 in stage 1.0 (TID 1) (172.18.0.5, executor 0, partition 0, PROCESS_LOCAL, 15287 bytes)
[2024-10-24T18:41:18.972+0000] {spark_submit.py:524} INFO - 24/10/24 18:41:18 INFO TaskSetManager: Starting task 1.0 in stage 1.0 (TID 2) (172.18.0.5, executor 0, partition 1, PROCESS_LOCAL, 15205 bytes)
[2024-10-24T18:41:19.037+0000] {spark_submit.py:524} INFO - 24/10/24 18:41:19 INFO BlockManagerInfo: Added broadcast_2_piece0 in memory on 172.18.0.5:33791 (size: 8.0 KiB, free: 434.4 MiB)
[2024-10-24T18:41:19.510+0000] {spark_submit.py:524} INFO - 24/10/24 18:41:19 INFO BlockManagerInfo: Added broadcast_1_piece0 in memory on 172.18.0.5:33791 (size: 34.8 KiB, free: 434.4 MiB)
[2024-10-24T18:41:20.254+0000] {spark_submit.py:524} INFO - 24/10/24 18:41:20 INFO TaskSetManager: Finished task 1.0 in stage 1.0 (TID 2) in 1283 ms on 172.18.0.5 (executor 0) (1/2)
[2024-10-24T18:41:20.255+0000] {spark_submit.py:524} INFO - 24/10/24 18:41:20 INFO TaskSetManager: Finished task 0.0 in stage 1.0 (TID 1) in 1293 ms on 172.18.0.5 (executor 0) (2/2)
[2024-10-24T18:41:20.256+0000] {spark_submit.py:524} INFO - 24/10/24 18:41:20 INFO TaskSchedulerImpl: Removed TaskSet 1.0, whose tasks have all completed, from pool
[2024-10-24T18:41:20.259+0000] {spark_submit.py:524} INFO - 24/10/24 18:41:20 INFO DAGScheduler: ShuffleMapStage 1 (count at NativeMethodAccessorImpl.java:0) finished in 1.342 s
[2024-10-24T18:41:20.259+0000] {spark_submit.py:524} INFO - 24/10/24 18:41:20 INFO DAGScheduler: looking for newly runnable stages
[2024-10-24T18:41:20.260+0000] {spark_submit.py:524} INFO - 24/10/24 18:41:20 INFO DAGScheduler: running: Set()
[2024-10-24T18:41:20.260+0000] {spark_submit.py:524} INFO - 24/10/24 18:41:20 INFO DAGScheduler: waiting: Set()
[2024-10-24T18:41:20.261+0000] {spark_submit.py:524} INFO - 24/10/24 18:41:20 INFO DAGScheduler: failed: Set()
[2024-10-24T18:41:20.306+0000] {spark_submit.py:524} INFO - 24/10/24 18:41:20 INFO CodeGenerator: Code generated in 13.556679 ms
[2024-10-24T18:41:20.327+0000] {spark_submit.py:524} INFO - 24/10/24 18:41:20 INFO SparkContext: Starting job: count at NativeMethodAccessorImpl.java:0
[2024-10-24T18:41:20.328+0000] {spark_submit.py:524} INFO - 24/10/24 18:41:20 INFO DAGScheduler: Got job 2 (count at NativeMethodAccessorImpl.java:0) with 1 output partitions
[2024-10-24T18:41:20.329+0000] {spark_submit.py:524} INFO - 24/10/24 18:41:20 INFO DAGScheduler: Final stage: ResultStage 3 (count at NativeMethodAccessorImpl.java:0)
[2024-10-24T18:41:20.329+0000] {spark_submit.py:524} INFO - 24/10/24 18:41:20 INFO DAGScheduler: Parents of final stage: List(ShuffleMapStage 2)
[2024-10-24T18:41:20.329+0000] {spark_submit.py:524} INFO - 24/10/24 18:41:20 INFO DAGScheduler: Missing parents: List()
[2024-10-24T18:41:20.330+0000] {spark_submit.py:524} INFO - 24/10/24 18:41:20 INFO DAGScheduler: Submitting ResultStage 3 (MapPartitionsRDD[8] at count at NativeMethodAccessorImpl.java:0), which has no missing parents
[2024-10-24T18:41:20.337+0000] {spark_submit.py:524} INFO - 24/10/24 18:41:20 INFO MemoryStore: Block broadcast_3 stored as values in memory (estimated size 12.5 KiB, free 434.1 MiB)
[2024-10-24T18:41:20.343+0000] {spark_submit.py:524} INFO - 24/10/24 18:41:20 INFO MemoryStore: Block broadcast_3_piece0 stored as bytes in memory (estimated size 5.9 KiB, free 434.1 MiB)
[2024-10-24T18:41:20.345+0000] {spark_submit.py:524} INFO - 24/10/24 18:41:20 INFO BlockManagerInfo: Added broadcast_3_piece0 in memory on f55139681ae8:38911 (size: 5.9 KiB, free: 434.4 MiB)
[2024-10-24T18:41:20.346+0000] {spark_submit.py:524} INFO - 24/10/24 18:41:20 INFO BlockManagerInfo: Removed broadcast_2_piece0 on f55139681ae8:38911 in memory (size: 8.0 KiB, free: 434.4 MiB)
[2024-10-24T18:41:20.347+0000] {spark_submit.py:524} INFO - 24/10/24 18:41:20 INFO SparkContext: Created broadcast 3 from broadcast at DAGScheduler.scala:1580
[2024-10-24T18:41:20.348+0000] {spark_submit.py:524} INFO - 24/10/24 18:41:20 INFO DAGScheduler: Submitting 1 missing tasks from ResultStage 3 (MapPartitionsRDD[8] at count at NativeMethodAccessorImpl.java:0) (first 15 tasks are for partitions Vector(0))
[2024-10-24T18:41:20.348+0000] {spark_submit.py:524} INFO - 24/10/24 18:41:20 INFO TaskSchedulerImpl: Adding task set 3.0 with 1 tasks resource profile 0
[2024-10-24T18:41:20.350+0000] {spark_submit.py:524} INFO - 24/10/24 18:41:20 INFO BlockManagerInfo: Removed broadcast_2_piece0 on 172.18.0.5:33791 in memory (size: 8.0 KiB, free: 434.4 MiB)
[2024-10-24T18:41:20.354+0000] {spark_submit.py:524} INFO - 24/10/24 18:41:20 INFO TaskSetManager: Starting task 0.0 in stage 3.0 (TID 3) (172.18.0.5, executor 0, partition 0, NODE_LOCAL, 7619 bytes)
[2024-10-24T18:41:20.376+0000] {spark_submit.py:524} INFO - 24/10/24 18:41:20 INFO BlockManagerInfo: Added broadcast_3_piece0 in memory on 172.18.0.5:33791 (size: 5.9 KiB, free: 434.4 MiB)
[2024-10-24T18:41:20.407+0000] {spark_submit.py:524} INFO - 24/10/24 18:41:20 INFO MapOutputTrackerMasterEndpoint: Asked to send map output locations for shuffle 0 to 172.18.0.5:54566
[2024-10-24T18:41:20.530+0000] {spark_submit.py:524} INFO - 24/10/24 18:41:20 INFO TaskSetManager: Finished task 0.0 in stage 3.0 (TID 3) in 178 ms on 172.18.0.5 (executor 0) (1/1)
[2024-10-24T18:41:20.530+0000] {spark_submit.py:524} INFO - 24/10/24 18:41:20 INFO TaskSchedulerImpl: Removed TaskSet 3.0, whose tasks have all completed, from pool
[2024-10-24T18:41:20.532+0000] {spark_submit.py:524} INFO - 24/10/24 18:41:20 INFO DAGScheduler: ResultStage 3 (count at NativeMethodAccessorImpl.java:0) finished in 0.196 s
[2024-10-24T18:41:20.533+0000] {spark_submit.py:524} INFO - 24/10/24 18:41:20 INFO DAGScheduler: Job 2 is finished. Cancelling potential speculative or zombie tasks for this job
[2024-10-24T18:41:20.534+0000] {spark_submit.py:524} INFO - 24/10/24 18:41:20 INFO TaskSchedulerImpl: Killing all running tasks in stage 3: Stage finished
[2024-10-24T18:41:20.535+0000] {spark_submit.py:524} INFO - 24/10/24 18:41:20 INFO DAGScheduler: Job 2 finished: count at NativeMethodAccessorImpl.java:0, took 0.207020 s
[2024-10-24T18:41:20.543+0000] {spark_submit.py:524} INFO - Quantidade total registos:  50
[2024-10-24T18:41:20.697+0000] {spark_submit.py:524} INFO - 24/10/24 18:41:20 INFO DataSourceStrategy: Pruning directories with:
[2024-10-24T18:41:20.697+0000] {spark_submit.py:524} INFO - 24/10/24 18:41:20 INFO FileSourceStrategy: Pushed Filters:
[2024-10-24T18:41:20.697+0000] {spark_submit.py:524} INFO - 24/10/24 18:41:20 INFO FileSourceStrategy: Post-Scan Filters:
[2024-10-24T18:41:20.845+0000] {spark_submit.py:524} INFO - 24/10/24 18:41:20 INFO CodeGenerator: Code generated in 93.746601 ms
[2024-10-24T18:41:20.851+0000] {spark_submit.py:524} INFO - 24/10/24 18:41:20 INFO MemoryStore: Block broadcast_4 stored as values in memory (estimated size 200.9 KiB, free 434.0 MiB)
[2024-10-24T18:41:20.862+0000] {spark_submit.py:524} INFO - 24/10/24 18:41:20 INFO BlockManagerInfo: Removed broadcast_3_piece0 on f55139681ae8:38911 in memory (size: 5.9 KiB, free: 434.4 MiB)
[2024-10-24T18:41:20.865+0000] {spark_submit.py:524} INFO - 24/10/24 18:41:20 INFO BlockManagerInfo: Removed broadcast_3_piece0 on 172.18.0.5:33791 in memory (size: 5.9 KiB, free: 434.4 MiB)
[2024-10-24T18:41:20.872+0000] {spark_submit.py:524} INFO - 24/10/24 18:41:20 INFO MemoryStore: Block broadcast_4_piece0 stored as bytes in memory (estimated size 34.9 KiB, free 433.9 MiB)
[2024-10-24T18:41:20.873+0000] {spark_submit.py:524} INFO - 24/10/24 18:41:20 INFO BlockManagerInfo: Added broadcast_4_piece0 in memory on f55139681ae8:38911 (size: 34.9 KiB, free: 434.3 MiB)
[2024-10-24T18:41:20.875+0000] {spark_submit.py:524} INFO - 24/10/24 18:41:20 INFO SparkContext: Created broadcast 4 from save at NativeMethodAccessorImpl.java:0
[2024-10-24T18:41:20.878+0000] {spark_submit.py:524} INFO - 24/10/24 18:41:20 INFO FileSourceScanExec: Planning scan with bin packing, max size: 96564390 bytes, open cost is considered as scanning 4194304 bytes.
[2024-10-24T18:41:20.928+0000] {spark_submit.py:524} INFO - 24/10/24 18:41:20 INFO DAGScheduler: Registering RDD 12 (save at NativeMethodAccessorImpl.java:0) as input to shuffle 1
[2024-10-24T18:41:20.929+0000] {spark_submit.py:524} INFO - 24/10/24 18:41:20 INFO DAGScheduler: Got map stage job 3 (save at NativeMethodAccessorImpl.java:0) with 2 output partitions
[2024-10-24T18:41:20.929+0000] {spark_submit.py:524} INFO - 24/10/24 18:41:20 INFO DAGScheduler: Final stage: ShuffleMapStage 4 (save at NativeMethodAccessorImpl.java:0)
[2024-10-24T18:41:20.929+0000] {spark_submit.py:524} INFO - 24/10/24 18:41:20 INFO DAGScheduler: Parents of final stage: List()
[2024-10-24T18:41:20.929+0000] {spark_submit.py:524} INFO - 24/10/24 18:41:20 INFO DAGScheduler: Missing parents: List()
[2024-10-24T18:41:20.930+0000] {spark_submit.py:524} INFO - 24/10/24 18:41:20 INFO DAGScheduler: Submitting ShuffleMapStage 4 (MapPartitionsRDD[12] at save at NativeMethodAccessorImpl.java:0), which has no missing parents
[2024-10-24T18:41:20.935+0000] {spark_submit.py:524} INFO - 24/10/24 18:41:20 INFO MemoryStore: Block broadcast_5 stored as values in memory (estimated size 45.5 KiB, free 433.9 MiB)
[2024-10-24T18:41:20.940+0000] {spark_submit.py:524} INFO - 24/10/24 18:41:20 INFO MemoryStore: Block broadcast_5_piece0 stored as bytes in memory (estimated size 19.1 KiB, free 433.9 MiB)
[2024-10-24T18:41:20.941+0000] {spark_submit.py:524} INFO - 24/10/24 18:41:20 INFO BlockManagerInfo: Added broadcast_5_piece0 in memory on f55139681ae8:38911 (size: 19.1 KiB, free: 434.3 MiB)
[2024-10-24T18:41:20.941+0000] {spark_submit.py:524} INFO - 24/10/24 18:41:20 INFO SparkContext: Created broadcast 5 from broadcast at DAGScheduler.scala:1580
[2024-10-24T18:41:20.942+0000] {spark_submit.py:524} INFO - 24/10/24 18:41:20 INFO DAGScheduler: Submitting 2 missing tasks from ShuffleMapStage 4 (MapPartitionsRDD[12] at save at NativeMethodAccessorImpl.java:0) (first 15 tasks are for partitions Vector(0, 1))
[2024-10-24T18:41:20.943+0000] {spark_submit.py:524} INFO - 24/10/24 18:41:20 INFO TaskSchedulerImpl: Adding task set 4.0 with 2 tasks resource profile 0
[2024-10-24T18:41:20.945+0000] {spark_submit.py:524} INFO - 24/10/24 18:41:20 INFO TaskSetManager: Starting task 0.0 in stage 4.0 (TID 4) (172.18.0.5, executor 0, partition 0, PROCESS_LOCAL, 15287 bytes)
[2024-10-24T18:41:20.946+0000] {spark_submit.py:524} INFO - 24/10/24 18:41:20 INFO TaskSetManager: Starting task 1.0 in stage 4.0 (TID 5) (172.18.0.5, executor 0, partition 1, PROCESS_LOCAL, 15205 bytes)
[2024-10-24T18:41:20.965+0000] {spark_submit.py:524} INFO - 24/10/24 18:41:20 INFO BlockManagerInfo: Added broadcast_5_piece0 in memory on 172.18.0.5:33791 (size: 19.1 KiB, free: 434.3 MiB)
[2024-10-24T18:41:21.319+0000] {spark_submit.py:524} INFO - 24/10/24 18:41:21 INFO BlockManagerInfo: Added broadcast_4_piece0 in memory on 172.18.0.5:33791 (size: 34.9 KiB, free: 434.3 MiB)
[2024-10-24T18:41:22.243+0000] {spark_submit.py:524} INFO - 24/10/24 18:41:22 INFO TaskSetManager: Finished task 1.0 in stage 4.0 (TID 5) in 1298 ms on 172.18.0.5 (executor 0) (1/2)
[2024-10-24T18:41:22.248+0000] {spark_submit.py:524} INFO - 24/10/24 18:41:22 INFO TaskSetManager: Finished task 0.0 in stage 4.0 (TID 4) in 1303 ms on 172.18.0.5 (executor 0) (2/2)
[2024-10-24T18:41:22.248+0000] {spark_submit.py:524} INFO - 24/10/24 18:41:22 INFO TaskSchedulerImpl: Removed TaskSet 4.0, whose tasks have all completed, from pool
[2024-10-24T18:41:22.250+0000] {spark_submit.py:524} INFO - 24/10/24 18:41:22 INFO DAGScheduler: ShuffleMapStage 4 (save at NativeMethodAccessorImpl.java:0) finished in 1.319 s
[2024-10-24T18:41:22.251+0000] {spark_submit.py:524} INFO - 24/10/24 18:41:22 INFO DAGScheduler: looking for newly runnable stages
[2024-10-24T18:41:22.253+0000] {spark_submit.py:524} INFO - 24/10/24 18:41:22 INFO DAGScheduler: running: Set()
[2024-10-24T18:41:22.253+0000] {spark_submit.py:524} INFO - 24/10/24 18:41:22 INFO DAGScheduler: waiting: Set()
[2024-10-24T18:41:22.254+0000] {spark_submit.py:524} INFO - 24/10/24 18:41:22 INFO DAGScheduler: failed: Set()
[2024-10-24T18:41:22.284+0000] {spark_submit.py:524} INFO - 24/10/24 18:41:22 INFO ShufflePartitionsUtil: For shuffle(1), advisory target size: 67108864, actual target size 1048576, minimum partition size: 1048576
[2024-10-24T18:41:22.359+0000] {spark_submit.py:524} INFO - 24/10/24 18:41:22 INFO ParquetUtils: Using default output committer for Parquet: org.apache.parquet.hadoop.ParquetOutputCommitter
[2024-10-24T18:41:22.381+0000] {spark_submit.py:524} INFO - 24/10/24 18:41:22 INFO FileOutputCommitter: File Output Committer Algorithm version is 1
[2024-10-24T18:41:22.383+0000] {spark_submit.py:524} INFO - 24/10/24 18:41:22 INFO FileOutputCommitter: FileOutputCommitter skip cleanup _temporary folders under output directory:false, ignore cleanup failures: false
[2024-10-24T18:41:22.385+0000] {spark_submit.py:524} INFO - 24/10/24 18:41:22 INFO SQLHadoopMapReduceCommitProtocol: Using user defined output committer class org.apache.parquet.hadoop.ParquetOutputCommitter
[2024-10-24T18:41:22.385+0000] {spark_submit.py:524} INFO - 24/10/24 18:41:22 INFO FileOutputCommitter: File Output Committer Algorithm version is 1
[2024-10-24T18:41:22.385+0000] {spark_submit.py:524} INFO - 24/10/24 18:41:22 INFO FileOutputCommitter: FileOutputCommitter skip cleanup _temporary folders under output directory:false, ignore cleanup failures: false
[2024-10-24T18:41:22.387+0000] {spark_submit.py:524} INFO - 24/10/24 18:41:22 INFO SQLHadoopMapReduceCommitProtocol: Using output committer class org.apache.parquet.hadoop.ParquetOutputCommitter
[2024-10-24T18:41:22.410+0000] {spark_submit.py:524} INFO - 24/10/24 18:41:22 INFO HashAggregateExec: spark.sql.codegen.aggregate.map.twolevel.enabled is set to true, but current version of codegened fast hashmap does not support this aggregate.
[2024-10-24T18:41:22.484+0000] {spark_submit.py:524} INFO - 24/10/24 18:41:22 INFO CodeGenerator: Code generated in 55.281763 ms
[2024-10-24T18:41:22.526+0000] {spark_submit.py:524} INFO - 24/10/24 18:41:22 INFO SparkContext: Starting job: save at NativeMethodAccessorImpl.java:0
[2024-10-24T18:41:22.528+0000] {spark_submit.py:524} INFO - 24/10/24 18:41:22 INFO DAGScheduler: Got job 4 (save at NativeMethodAccessorImpl.java:0) with 1 output partitions
[2024-10-24T18:41:22.529+0000] {spark_submit.py:524} INFO - 24/10/24 18:41:22 INFO DAGScheduler: Final stage: ResultStage 6 (save at NativeMethodAccessorImpl.java:0)
[2024-10-24T18:41:22.529+0000] {spark_submit.py:524} INFO - 24/10/24 18:41:22 INFO DAGScheduler: Parents of final stage: List(ShuffleMapStage 5)
[2024-10-24T18:41:22.535+0000] {spark_submit.py:524} INFO - 24/10/24 18:41:22 INFO DAGScheduler: Missing parents: List()
[2024-10-24T18:41:22.536+0000] {spark_submit.py:524} INFO - 24/10/24 18:41:22 INFO DAGScheduler: Submitting ResultStage 6 (MapPartitionsRDD[15] at save at NativeMethodAccessorImpl.java:0), which has no missing parents
[2024-10-24T18:41:22.591+0000] {spark_submit.py:524} INFO - 24/10/24 18:41:22 INFO MemoryStore: Block broadcast_6 stored as values in memory (estimated size 245.6 KiB, free 433.6 MiB)
[2024-10-24T18:41:22.605+0000] {spark_submit.py:524} INFO - 24/10/24 18:41:22 INFO MemoryStore: Block broadcast_6_piece0 stored as bytes in memory (estimated size 90.7 KiB, free 433.5 MiB)
[2024-10-24T18:41:22.606+0000] {spark_submit.py:524} INFO - 24/10/24 18:41:22 INFO BlockManagerInfo: Added broadcast_6_piece0 in memory on f55139681ae8:38911 (size: 90.7 KiB, free: 434.2 MiB)
[2024-10-24T18:41:22.608+0000] {spark_submit.py:524} INFO - 24/10/24 18:41:22 INFO SparkContext: Created broadcast 6 from broadcast at DAGScheduler.scala:1580
[2024-10-24T18:41:22.609+0000] {spark_submit.py:524} INFO - 24/10/24 18:41:22 INFO DAGScheduler: Submitting 1 missing tasks from ResultStage 6 (MapPartitionsRDD[15] at save at NativeMethodAccessorImpl.java:0) (first 15 tasks are for partitions Vector(0))
[2024-10-24T18:41:22.610+0000] {spark_submit.py:524} INFO - 24/10/24 18:41:22 INFO TaskSchedulerImpl: Adding task set 6.0 with 1 tasks resource profile 0
[2024-10-24T18:41:22.613+0000] {spark_submit.py:524} INFO - 24/10/24 18:41:22 INFO TaskSetManager: Starting task 0.0 in stage 6.0 (TID 6) (172.18.0.5, executor 0, partition 0, NODE_LOCAL, 7619 bytes)
[2024-10-24T18:41:22.614+0000] {spark_submit.py:524} INFO - 24/10/24 18:41:22 INFO BlockManagerInfo: Removed broadcast_5_piece0 on 172.18.0.5:33791 in memory (size: 19.1 KiB, free: 434.3 MiB)
[2024-10-24T18:41:22.639+0000] {spark_submit.py:524} INFO - 24/10/24 18:41:22 INFO BlockManagerInfo: Removed broadcast_5_piece0 on f55139681ae8:38911 in memory (size: 19.1 KiB, free: 434.2 MiB)
[2024-10-24T18:41:22.677+0000] {spark_submit.py:524} INFO - 24/10/24 18:41:22 INFO BlockManagerInfo: Added broadcast_6_piece0 in memory on 172.18.0.5:33791 (size: 90.7 KiB, free: 434.2 MiB)
[2024-10-24T18:41:22.824+0000] {spark_submit.py:524} INFO - 24/10/24 18:41:22 INFO MapOutputTrackerMasterEndpoint: Asked to send map output locations for shuffle 1 to 172.18.0.5:54566
[2024-10-24T18:41:23.473+0000] {spark_submit.py:524} INFO - 24/10/24 18:41:23 INFO TaskSetManager: Finished task 0.0 in stage 6.0 (TID 6) in 862 ms on 172.18.0.5 (executor 0) (1/1)
[2024-10-24T18:41:23.474+0000] {spark_submit.py:524} INFO - 24/10/24 18:41:23 INFO TaskSchedulerImpl: Removed TaskSet 6.0, whose tasks have all completed, from pool
[2024-10-24T18:41:23.475+0000] {spark_submit.py:524} INFO - 24/10/24 18:41:23 INFO DAGScheduler: ResultStage 6 (save at NativeMethodAccessorImpl.java:0) finished in 0.934 s
[2024-10-24T18:41:23.475+0000] {spark_submit.py:524} INFO - 24/10/24 18:41:23 INFO DAGScheduler: Job 4 is finished. Cancelling potential speculative or zombie tasks for this job
[2024-10-24T18:41:23.475+0000] {spark_submit.py:524} INFO - 24/10/24 18:41:23 INFO TaskSchedulerImpl: Killing all running tasks in stage 6: Stage finished
[2024-10-24T18:41:23.477+0000] {spark_submit.py:524} INFO - 24/10/24 18:41:23 INFO DAGScheduler: Job 4 finished: save at NativeMethodAccessorImpl.java:0, took 0.950234 s
[2024-10-24T18:41:23.479+0000] {spark_submit.py:524} INFO - 24/10/24 18:41:23 INFO FileFormatWriter: Start to commit write Job 3c9775b3-40da-4e8a-a33e-7c01591c90aa.
[2024-10-24T18:41:23.509+0000] {spark_submit.py:524} INFO - 24/10/24 18:41:23 INFO FileFormatWriter: Write Job 3c9775b3-40da-4e8a-a33e-7c01591c90aa committed. Elapsed time: 29 ms.
[2024-10-24T18:41:23.513+0000] {spark_submit.py:524} INFO - 24/10/24 18:41:23 INFO FileFormatWriter: Finished processing stats for write job 3c9775b3-40da-4e8a-a33e-7c01591c90aa.
[2024-10-24T18:41:23.520+0000] {spark_submit.py:524} INFO - Escrita realizada na camada Gold
[2024-10-24T18:41:23.521+0000] {spark_submit.py:524} INFO - 24/10/24 18:41:23 INFO SparkContext: SparkContext is stopping with exitCode 0.
[2024-10-24T18:41:23.535+0000] {spark_submit.py:524} INFO - 24/10/24 18:41:23 INFO SparkUI: Stopped Spark web UI at http://f55139681ae8:4040
[2024-10-24T18:41:23.540+0000] {spark_submit.py:524} INFO - 24/10/24 18:41:23 INFO StandaloneSchedulerBackend: Shutting down all executors
[2024-10-24T18:41:23.540+0000] {spark_submit.py:524} INFO - 24/10/24 18:41:23 INFO StandaloneSchedulerBackend$StandaloneDriverEndpoint: Asking each executor to shut down
[2024-10-24T18:41:23.571+0000] {spark_submit.py:524} INFO - 24/10/24 18:41:23 INFO MapOutputTrackerMasterEndpoint: MapOutputTrackerMasterEndpoint stopped!
[2024-10-24T18:41:23.611+0000] {spark_submit.py:524} INFO - 24/10/24 18:41:23 INFO MemoryStore: MemoryStore cleared
[2024-10-24T18:41:23.611+0000] {spark_submit.py:524} INFO - 24/10/24 18:41:23 INFO BlockManager: BlockManager stopped
[2024-10-24T18:41:23.617+0000] {spark_submit.py:524} INFO - 24/10/24 18:41:23 INFO BlockManagerMaster: BlockManagerMaster stopped
[2024-10-24T18:41:23.623+0000] {spark_submit.py:524} INFO - 24/10/24 18:41:23 INFO OutputCommitCoordinator$OutputCommitCoordinatorEndpoint: OutputCommitCoordinator stopped!
[2024-10-24T18:41:23.636+0000] {spark_submit.py:524} INFO - 24/10/24 18:41:23 INFO SparkContext: Successfully stopped SparkContext
[2024-10-24T18:41:24.117+0000] {spark_submit.py:524} INFO - 24/10/24 18:41:24 INFO ShutdownHookManager: Shutdown hook called
[2024-10-24T18:41:24.117+0000] {spark_submit.py:524} INFO - 24/10/24 18:41:24 INFO ShutdownHookManager: Deleting directory /tmp/spark-dec41bf1-314c-4991-b6b2-795cfbc4d37f
[2024-10-24T18:41:24.123+0000] {spark_submit.py:524} INFO - 24/10/24 18:41:24 INFO ShutdownHookManager: Deleting directory /tmp/spark-232066f0-cb6b-4b3a-b3ae-c537b72ab71d
[2024-10-24T18:41:24.127+0000] {spark_submit.py:524} INFO - 24/10/24 18:41:24 INFO ShutdownHookManager: Deleting directory /tmp/spark-dec41bf1-314c-4991-b6b2-795cfbc4d37f/pyspark-eeabf298-9e31-4f27-92ff-3a427f66d00b
[2024-10-24T18:41:24.196+0000] {taskinstance.py:1398} INFO - Marking task as SUCCESS. dag_id=api_openbrewerydb_to_silver_gold, task_id=Gold, execution_date=20241023T080000, start_date=20241024T184107, end_date=20241024T184124
[2024-10-24T18:41:24.217+0000] {local_task_job_runner.py:228} INFO - Task exited with return code 0
[2024-10-24T18:41:24.235+0000] {taskinstance.py:2776} INFO - 0 downstream tasks scheduled from follow-on schedule check
