[2024-10-24T01:18:00.760+0000] {taskinstance.py:1157} INFO - Dependencies all met for dep_context=non-requeueable deps ti=<TaskInstance: api_openbrewerydb_to_silver_gold.Silver scheduled__2023-11-06T08:00:00+00:00 [queued]>
[2024-10-24T01:18:00.778+0000] {taskinstance.py:1157} INFO - Dependencies all met for dep_context=requeueable deps ti=<TaskInstance: api_openbrewerydb_to_silver_gold.Silver scheduled__2023-11-06T08:00:00+00:00 [queued]>
[2024-10-24T01:18:00.778+0000] {taskinstance.py:1359} INFO - Starting attempt 1 of 3
[2024-10-24T01:18:00.797+0000] {taskinstance.py:1380} INFO - Executing <Task(SparkSubmitOperator): Silver> on 2023-11-06 08:00:00+00:00
[2024-10-24T01:18:00.804+0000] {standard_task_runner.py:57} INFO - Started process 1648 to run task
[2024-10-24T01:18:00.808+0000] {standard_task_runner.py:84} INFO - Running: ['***', 'tasks', 'run', 'api_openbrewerydb_to_silver_gold', 'Silver', 'scheduled__2023-11-06T08:00:00+00:00', '--job-id', '73', '--raw', '--subdir', 'DAGS_FOLDER/api_openbrewerydb_to_silver.py', '--cfg-path', '/tmp/tmphfyabgpe']
[2024-10-24T01:18:00.817+0000] {standard_task_runner.py:85} INFO - Job 73: Subtask Silver
[2024-10-24T01:18:00.901+0000] {task_command.py:415} INFO - Running <TaskInstance: api_openbrewerydb_to_silver_gold.Silver scheduled__2023-11-06T08:00:00+00:00 [running]> on host de5108c6da1d
[2024-10-24T01:18:01.049+0000] {taskinstance.py:1660} INFO - Exporting env vars: AIRFLOW_CTX_DAG_OWNER='Rodrigo Araujo' AIRFLOW_CTX_DAG_ID='api_openbrewerydb_to_silver_gold' AIRFLOW_CTX_TASK_ID='Silver' AIRFLOW_CTX_EXECUTION_DATE='2023-11-06T08:00:00+00:00' AIRFLOW_CTX_TRY_NUMBER='1' AIRFLOW_CTX_DAG_RUN_ID='scheduled__2023-11-06T08:00:00+00:00'
[2024-10-24T01:18:01.066+0000] {base.py:73} INFO - Using connection ID 'spark-conn' for task execution.
[2024-10-24T01:18:01.067+0000] {spark_submit.py:363} INFO - Spark-Submit cmd: spark-submit --master spark://spark-master:7077 --name arrow-spark --queue root.default jobs/silver/api_openbrewerydb.py
[2024-10-24T01:18:07.206+0000] {spark_submit.py:524} INFO - 24/10/24 01:18:07 INFO SparkContext: Running Spark version 3.5.3
[2024-10-24T01:18:07.210+0000] {spark_submit.py:524} INFO - 24/10/24 01:18:07 INFO SparkContext: OS info Linux, 5.15.0-124-generic, amd64
[2024-10-24T01:18:07.211+0000] {spark_submit.py:524} INFO - 24/10/24 01:18:07 INFO SparkContext: Java version 11.0.25
[2024-10-24T01:18:07.349+0000] {spark_submit.py:524} INFO - 24/10/24 01:18:07 WARN NativeCodeLoader: Unable to load native-hadoop library for your platform... using builtin-java classes where applicable
[2024-10-24T01:18:07.539+0000] {spark_submit.py:524} INFO - 24/10/24 01:18:07 INFO ResourceUtils: ==============================================================
[2024-10-24T01:18:07.539+0000] {spark_submit.py:524} INFO - 24/10/24 01:18:07 INFO ResourceUtils: No custom resources configured for spark.driver.
[2024-10-24T01:18:07.540+0000] {spark_submit.py:524} INFO - 24/10/24 01:18:07 INFO ResourceUtils: ==============================================================
[2024-10-24T01:18:07.540+0000] {spark_submit.py:524} INFO - 24/10/24 01:18:07 INFO SparkContext: Submitted application: IngestaoSilver
[2024-10-24T01:18:07.572+0000] {spark_submit.py:524} INFO - 24/10/24 01:18:07 INFO ResourceProfile: Default ResourceProfile created, executor resources: Map(memory -> name: memory, amount: 1024, script: , vendor: , offHeap -> name: offHeap, amount: 0, script: , vendor: ), task resources: Map(cpus -> name: cpus, amount: 1.0)
[2024-10-24T01:18:07.591+0000] {spark_submit.py:524} INFO - 24/10/24 01:18:07 INFO ResourceProfile: Limiting resource is cpu
[2024-10-24T01:18:07.592+0000] {spark_submit.py:524} INFO - 24/10/24 01:18:07 INFO ResourceProfileManager: Added ResourceProfile id: 0
[2024-10-24T01:18:07.666+0000] {spark_submit.py:524} INFO - 24/10/24 01:18:07 INFO SecurityManager: Changing view acls to: ***
[2024-10-24T01:18:07.667+0000] {spark_submit.py:524} INFO - 24/10/24 01:18:07 INFO SecurityManager: Changing modify acls to: ***
[2024-10-24T01:18:07.668+0000] {spark_submit.py:524} INFO - 24/10/24 01:18:07 INFO SecurityManager: Changing view acls groups to:
[2024-10-24T01:18:07.668+0000] {spark_submit.py:524} INFO - 24/10/24 01:18:07 INFO SecurityManager: Changing modify acls groups to:
[2024-10-24T01:18:07.669+0000] {spark_submit.py:524} INFO - 24/10/24 01:18:07 INFO SecurityManager: SecurityManager: authentication disabled; ui acls disabled; users with view permissions: ***; groups with view permissions: EMPTY; users with modify permissions: ***; groups with modify permissions: EMPTY
[2024-10-24T01:18:08.053+0000] {spark_submit.py:524} INFO - 24/10/24 01:18:08 INFO Utils: Successfully started service 'sparkDriver' on port 35217.
[2024-10-24T01:18:08.101+0000] {spark_submit.py:524} INFO - 24/10/24 01:18:08 INFO SparkEnv: Registering MapOutputTracker
[2024-10-24T01:18:08.143+0000] {spark_submit.py:524} INFO - 24/10/24 01:18:08 INFO SparkEnv: Registering BlockManagerMaster
[2024-10-24T01:18:08.173+0000] {spark_submit.py:524} INFO - 24/10/24 01:18:08 INFO BlockManagerMasterEndpoint: Using org.apache.spark.storage.DefaultTopologyMapper for getting topology information
[2024-10-24T01:18:08.174+0000] {spark_submit.py:524} INFO - 24/10/24 01:18:08 INFO BlockManagerMasterEndpoint: BlockManagerMasterEndpoint up
[2024-10-24T01:18:08.178+0000] {spark_submit.py:524} INFO - 24/10/24 01:18:08 INFO SparkEnv: Registering BlockManagerMasterHeartbeat
[2024-10-24T01:18:08.204+0000] {spark_submit.py:524} INFO - 24/10/24 01:18:08 INFO DiskBlockManager: Created local directory at /tmp/blockmgr-f28c9a7f-4507-478b-b0f5-4e03ad00858e
[2024-10-24T01:18:08.223+0000] {spark_submit.py:524} INFO - 24/10/24 01:18:08 INFO MemoryStore: MemoryStore started with capacity 434.4 MiB
[2024-10-24T01:18:08.244+0000] {spark_submit.py:524} INFO - 24/10/24 01:18:08 INFO SparkEnv: Registering OutputCommitCoordinator
[2024-10-24T01:18:08.502+0000] {spark_submit.py:524} INFO - 24/10/24 01:18:08 INFO JettyUtils: Start Jetty 0.0.0.0:4040 for SparkUI
[2024-10-24T01:18:08.581+0000] {spark_submit.py:524} INFO - 24/10/24 01:18:08 INFO Utils: Successfully started service 'SparkUI' on port 4040.
[2024-10-24T01:18:08.753+0000] {spark_submit.py:524} INFO - 24/10/24 01:18:08 INFO StandaloneAppClient$ClientEndpoint: Connecting to master spark://spark-master:7077...
[2024-10-24T01:18:08.830+0000] {spark_submit.py:524} INFO - 24/10/24 01:18:08 INFO TransportClientFactory: Successfully created connection to spark-master/172.22.0.3:7077 after 44 ms (0 ms spent in bootstraps)
[2024-10-24T01:18:08.965+0000] {spark_submit.py:524} INFO - 24/10/24 01:18:08 INFO StandaloneSchedulerBackend: Connected to Spark cluster with app ID app-20241024011808-0004
[2024-10-24T01:18:08.969+0000] {spark_submit.py:524} INFO - 24/10/24 01:18:08 INFO StandaloneAppClient$ClientEndpoint: Executor added: app-20241024011808-0004/0 on worker-20241024010948-172.22.0.4-41535 (172.22.0.4:41535) with 2 core(s)
[2024-10-24T01:18:08.973+0000] {spark_submit.py:524} INFO - 24/10/24 01:18:08 INFO StandaloneSchedulerBackend: Granted executor ID app-20241024011808-0004/0 on hostPort 172.22.0.4:41535 with 2 core(s), 1024.0 MiB RAM
[2024-10-24T01:18:08.986+0000] {spark_submit.py:524} INFO - 24/10/24 01:18:08 INFO Utils: Successfully started service 'org.apache.spark.network.netty.NettyBlockTransferService' on port 34941.
[2024-10-24T01:18:08.987+0000] {spark_submit.py:524} INFO - 24/10/24 01:18:08 INFO NettyBlockTransferService: Server created on de5108c6da1d:34941
[2024-10-24T01:18:08.992+0000] {spark_submit.py:524} INFO - 24/10/24 01:18:08 INFO BlockManager: Using org.apache.spark.storage.RandomBlockReplicationPolicy for block replication policy
[2024-10-24T01:18:09.012+0000] {spark_submit.py:524} INFO - 24/10/24 01:18:09 INFO BlockManagerMaster: Registering BlockManager BlockManagerId(driver, de5108c6da1d, 34941, None)
[2024-10-24T01:18:09.025+0000] {spark_submit.py:524} INFO - 24/10/24 01:18:09 INFO BlockManagerMasterEndpoint: Registering block manager de5108c6da1d:34941 with 434.4 MiB RAM, BlockManagerId(driver, de5108c6da1d, 34941, None)
[2024-10-24T01:18:09.029+0000] {spark_submit.py:524} INFO - 24/10/24 01:18:09 INFO BlockManagerMaster: Registered BlockManager BlockManagerId(driver, de5108c6da1d, 34941, None)
[2024-10-24T01:18:09.033+0000] {spark_submit.py:524} INFO - 24/10/24 01:18:09 INFO BlockManager: Initialized BlockManager: BlockManagerId(driver, de5108c6da1d, 34941, None)
[2024-10-24T01:18:09.052+0000] {spark_submit.py:524} INFO - 24/10/24 01:18:09 INFO StandaloneAppClient$ClientEndpoint: Executor updated: app-20241024011808-0004/0 is now RUNNING
[2024-10-24T01:18:09.501+0000] {spark_submit.py:524} INFO - 24/10/24 01:18:09 INFO StandaloneSchedulerBackend: SchedulerBackend is ready for scheduling beginning after reached minRegisteredResourcesRatio: 0.0
[2024-10-24T01:18:09.989+0000] {spark_submit.py:524} INFO - Hello from Spark!
[2024-10-24T01:18:09.993+0000] {spark_submit.py:524} INFO - 24/10/24 01:18:09 INFO SparkContext: SparkContext is stopping with exitCode 0.
[2024-10-24T01:18:10.094+0000] {spark_submit.py:524} INFO - 24/10/24 01:18:10 INFO SparkUI: Stopped Spark web UI at http://de5108c6da1d:4040
[2024-10-24T01:18:10.116+0000] {spark_submit.py:524} INFO - 24/10/24 01:18:10 INFO StandaloneSchedulerBackend: Shutting down all executors
[2024-10-24T01:18:10.124+0000] {spark_submit.py:524} INFO - 24/10/24 01:18:10 INFO StandaloneSchedulerBackend$StandaloneDriverEndpoint: Asking each executor to shut down
[2024-10-24T01:18:10.242+0000] {spark_submit.py:524} INFO - 24/10/24 01:18:10 INFO MapOutputTrackerMasterEndpoint: MapOutputTrackerMasterEndpoint stopped!
[2024-10-24T01:18:10.332+0000] {spark_submit.py:524} INFO - 24/10/24 01:18:10 INFO MemoryStore: MemoryStore cleared
[2024-10-24T01:18:10.334+0000] {spark_submit.py:524} INFO - 24/10/24 01:18:10 INFO BlockManager: BlockManager stopped
[2024-10-24T01:18:10.371+0000] {spark_submit.py:524} INFO - 24/10/24 01:18:10 INFO BlockManagerMaster: BlockManagerMaster stopped
[2024-10-24T01:18:10.376+0000] {spark_submit.py:524} INFO - 24/10/24 01:18:10 INFO OutputCommitCoordinator$OutputCommitCoordinatorEndpoint: OutputCommitCoordinator stopped!
[2024-10-24T01:18:10.414+0000] {spark_submit.py:524} INFO - 24/10/24 01:18:10 INFO SparkContext: Successfully stopped SparkContext
[2024-10-24T01:18:10.627+0000] {spark_submit.py:524} INFO - 24/10/24 01:18:10 INFO ShutdownHookManager: Shutdown hook called
[2024-10-24T01:18:10.630+0000] {spark_submit.py:524} INFO - 24/10/24 01:18:10 INFO ShutdownHookManager: Deleting directory /tmp/spark-78b911ff-7c15-469f-8e85-28aca4946620
[2024-10-24T01:18:10.635+0000] {spark_submit.py:524} INFO - 24/10/24 01:18:10 INFO ShutdownHookManager: Deleting directory /tmp/spark-279ac2dd-f94f-486a-b05c-954c6974bc31
[2024-10-24T01:18:10.639+0000] {spark_submit.py:524} INFO - 24/10/24 01:18:10 INFO ShutdownHookManager: Deleting directory /tmp/spark-78b911ff-7c15-469f-8e85-28aca4946620/pyspark-f27365fa-0ef8-4227-9bee-3836590dc592
[2024-10-24T01:18:10.722+0000] {taskinstance.py:1398} INFO - Marking task as SUCCESS. dag_id=api_openbrewerydb_to_silver_gold, task_id=Silver, execution_date=20231106T080000, start_date=20241024T011800, end_date=20241024T011810
[2024-10-24T01:18:10.749+0000] {local_task_job_runner.py:228} INFO - Task exited with return code 0
[2024-10-24T01:18:10.772+0000] {taskinstance.py:2776} INFO - 1 downstream tasks scheduled from follow-on schedule check
