[2024-10-24T01:21:06.006+0000] {taskinstance.py:1157} INFO - Dependencies all met for dep_context=non-requeueable deps ti=<TaskInstance: api_openbrewerydb_to_silver_gold.Gold scheduled__2023-11-18T08:00:00+00:00 [queued]>
[2024-10-24T01:21:06.026+0000] {taskinstance.py:1157} INFO - Dependencies all met for dep_context=requeueable deps ti=<TaskInstance: api_openbrewerydb_to_silver_gold.Gold scheduled__2023-11-18T08:00:00+00:00 [queued]>
[2024-10-24T01:21:06.027+0000] {taskinstance.py:1359} INFO - Starting attempt 1 of 3
[2024-10-24T01:21:06.061+0000] {taskinstance.py:1380} INFO - Executing <Task(SparkSubmitOperator): Gold> on 2023-11-18 08:00:00+00:00
[2024-10-24T01:21:06.076+0000] {standard_task_runner.py:84} INFO - Running: ['***', 'tasks', 'run', 'api_openbrewerydb_to_silver_gold', 'Gold', 'scheduled__2023-11-18T08:00:00+00:00', '--job-id', '99', '--raw', '--subdir', 'DAGS_FOLDER/api_openbrewerydb_to_silver.py', '--cfg-path', '/tmp/tmpchpoh0nx']
[2024-10-24T01:21:06.088+0000] {standard_task_runner.py:85} INFO - Job 99: Subtask Gold
[2024-10-24T01:21:06.095+0000] {standard_task_runner.py:57} INFO - Started process 5763 to run task
[2024-10-24T01:21:06.226+0000] {task_command.py:415} INFO - Running <TaskInstance: api_openbrewerydb_to_silver_gold.Gold scheduled__2023-11-18T08:00:00+00:00 [running]> on host de5108c6da1d
[2024-10-24T01:21:06.422+0000] {taskinstance.py:1660} INFO - Exporting env vars: AIRFLOW_CTX_DAG_OWNER='Rodrigo Araujo' AIRFLOW_CTX_DAG_ID='api_openbrewerydb_to_silver_gold' AIRFLOW_CTX_TASK_ID='Gold' AIRFLOW_CTX_EXECUTION_DATE='2023-11-18T08:00:00+00:00' AIRFLOW_CTX_TRY_NUMBER='1' AIRFLOW_CTX_DAG_RUN_ID='scheduled__2023-11-18T08:00:00+00:00'
[2024-10-24T01:21:06.449+0000] {base.py:73} INFO - Using connection ID 'spark-conn' for task execution.
[2024-10-24T01:21:06.451+0000] {spark_submit.py:363} INFO - Spark-Submit cmd: spark-submit --master spark://spark-master:7077 --name arrow-spark --queue root.default jobs/gold/api_openbrewerydb.py
[2024-10-24T01:21:13.500+0000] {spark_submit.py:524} INFO - 24/10/24 01:21:13 INFO SparkContext: Running Spark version 3.5.3
[2024-10-24T01:21:13.504+0000] {spark_submit.py:524} INFO - 24/10/24 01:21:13 INFO SparkContext: OS info Linux, 5.15.0-124-generic, amd64
[2024-10-24T01:21:13.505+0000] {spark_submit.py:524} INFO - 24/10/24 01:21:13 INFO SparkContext: Java version 11.0.25
[2024-10-24T01:21:13.658+0000] {spark_submit.py:524} INFO - 24/10/24 01:21:13 WARN NativeCodeLoader: Unable to load native-hadoop library for your platform... using builtin-java classes where applicable
[2024-10-24T01:21:13.889+0000] {spark_submit.py:524} INFO - 24/10/24 01:21:13 INFO ResourceUtils: ==============================================================
[2024-10-24T01:21:13.892+0000] {spark_submit.py:524} INFO - 24/10/24 01:21:13 INFO ResourceUtils: No custom resources configured for spark.driver.
[2024-10-24T01:21:13.895+0000] {spark_submit.py:524} INFO - 24/10/24 01:21:13 INFO ResourceUtils: ==============================================================
[2024-10-24T01:21:13.896+0000] {spark_submit.py:524} INFO - 24/10/24 01:21:13 INFO SparkContext: Submitted application: IngestaoSilver
[2024-10-24T01:21:13.959+0000] {spark_submit.py:524} INFO - 24/10/24 01:21:13 INFO ResourceProfile: Default ResourceProfile created, executor resources: Map(memory -> name: memory, amount: 1024, script: , vendor: , offHeap -> name: offHeap, amount: 0, script: , vendor: ), task resources: Map(cpus -> name: cpus, amount: 1.0)
[2024-10-24T01:21:13.998+0000] {spark_submit.py:524} INFO - 24/10/24 01:21:13 INFO ResourceProfile: Limiting resource is cpu
[2024-10-24T01:21:14.000+0000] {spark_submit.py:524} INFO - 24/10/24 01:21:13 INFO ResourceProfileManager: Added ResourceProfile id: 0
[2024-10-24T01:21:14.128+0000] {spark_submit.py:524} INFO - 24/10/24 01:21:14 INFO SecurityManager: Changing view acls to: ***
[2024-10-24T01:21:14.129+0000] {spark_submit.py:524} INFO - 24/10/24 01:21:14 INFO SecurityManager: Changing modify acls to: ***
[2024-10-24T01:21:14.131+0000] {spark_submit.py:524} INFO - 24/10/24 01:21:14 INFO SecurityManager: Changing view acls groups to:
[2024-10-24T01:21:14.132+0000] {spark_submit.py:524} INFO - 24/10/24 01:21:14 INFO SecurityManager: Changing modify acls groups to:
[2024-10-24T01:21:14.133+0000] {spark_submit.py:524} INFO - 24/10/24 01:21:14 INFO SecurityManager: SecurityManager: authentication disabled; ui acls disabled; users with view permissions: ***; groups with view permissions: EMPTY; users with modify permissions: ***; groups with modify permissions: EMPTY
[2024-10-24T01:21:14.674+0000] {spark_submit.py:524} INFO - 24/10/24 01:21:14 INFO Utils: Successfully started service 'sparkDriver' on port 45075.
[2024-10-24T01:21:14.735+0000] {spark_submit.py:524} INFO - 24/10/24 01:21:14 INFO SparkEnv: Registering MapOutputTracker
[2024-10-24T01:21:14.809+0000] {spark_submit.py:524} INFO - 24/10/24 01:21:14 INFO SparkEnv: Registering BlockManagerMaster
[2024-10-24T01:21:14.860+0000] {spark_submit.py:524} INFO - 24/10/24 01:21:14 INFO BlockManagerMasterEndpoint: Using org.apache.spark.storage.DefaultTopologyMapper for getting topology information
[2024-10-24T01:21:14.861+0000] {spark_submit.py:524} INFO - 24/10/24 01:21:14 INFO BlockManagerMasterEndpoint: BlockManagerMasterEndpoint up
[2024-10-24T01:21:14.869+0000] {spark_submit.py:524} INFO - 24/10/24 01:21:14 INFO SparkEnv: Registering BlockManagerMasterHeartbeat
[2024-10-24T01:21:14.904+0000] {spark_submit.py:524} INFO - 24/10/24 01:21:14 INFO DiskBlockManager: Created local directory at /tmp/blockmgr-b1e44102-0aac-41f9-aa9a-2913c659602d
[2024-10-24T01:21:14.932+0000] {spark_submit.py:524} INFO - 24/10/24 01:21:14 INFO MemoryStore: MemoryStore started with capacity 434.4 MiB
[2024-10-24T01:21:14.960+0000] {spark_submit.py:524} INFO - 24/10/24 01:21:14 INFO SparkEnv: Registering OutputCommitCoordinator
[2024-10-24T01:21:15.252+0000] {spark_submit.py:524} INFO - 24/10/24 01:21:15 INFO JettyUtils: Start Jetty 0.0.0.0:4040 for SparkUI
[2024-10-24T01:21:15.374+0000] {spark_submit.py:524} INFO - 24/10/24 01:21:15 INFO Utils: Successfully started service 'SparkUI' on port 4040.
[2024-10-24T01:21:15.603+0000] {spark_submit.py:524} INFO - 24/10/24 01:21:15 INFO StandaloneAppClient$ClientEndpoint: Connecting to master spark://spark-master:7077...
[2024-10-24T01:21:15.742+0000] {spark_submit.py:524} INFO - 24/10/24 01:21:15 INFO TransportClientFactory: Successfully created connection to spark-master/172.22.0.3:7077 after 52 ms (0 ms spent in bootstraps)
[2024-10-24T01:21:15.917+0000] {spark_submit.py:524} INFO - 24/10/24 01:21:15 INFO StandaloneSchedulerBackend: Connected to Spark cluster with app ID app-20241024012115-0030
[2024-10-24T01:21:15.920+0000] {spark_submit.py:524} INFO - 24/10/24 01:21:15 INFO StandaloneAppClient$ClientEndpoint: Executor added: app-20241024012115-0030/0 on worker-20241024010948-172.22.0.4-41535 (172.22.0.4:41535) with 2 core(s)
[2024-10-24T01:21:15.923+0000] {spark_submit.py:524} INFO - 24/10/24 01:21:15 INFO StandaloneSchedulerBackend: Granted executor ID app-20241024012115-0030/0 on hostPort 172.22.0.4:41535 with 2 core(s), 1024.0 MiB RAM
[2024-10-24T01:21:15.939+0000] {spark_submit.py:524} INFO - 24/10/24 01:21:15 INFO Utils: Successfully started service 'org.apache.spark.network.netty.NettyBlockTransferService' on port 37107.
[2024-10-24T01:21:15.940+0000] {spark_submit.py:524} INFO - 24/10/24 01:21:15 INFO NettyBlockTransferService: Server created on de5108c6da1d:37107
[2024-10-24T01:21:15.948+0000] {spark_submit.py:524} INFO - 24/10/24 01:21:15 INFO BlockManager: Using org.apache.spark.storage.RandomBlockReplicationPolicy for block replication policy
[2024-10-24T01:21:15.975+0000] {spark_submit.py:524} INFO - 24/10/24 01:21:15 INFO BlockManagerMaster: Registering BlockManager BlockManagerId(driver, de5108c6da1d, 37107, None)
[2024-10-24T01:21:15.981+0000] {spark_submit.py:524} INFO - 24/10/24 01:21:15 INFO BlockManagerMasterEndpoint: Registering block manager de5108c6da1d:37107 with 434.4 MiB RAM, BlockManagerId(driver, de5108c6da1d, 37107, None)
[2024-10-24T01:21:15.990+0000] {spark_submit.py:524} INFO - 24/10/24 01:21:15 INFO StandaloneAppClient$ClientEndpoint: Executor updated: app-20241024012115-0030/0 is now RUNNING
[2024-10-24T01:21:15.991+0000] {spark_submit.py:524} INFO - 24/10/24 01:21:15 INFO BlockManagerMaster: Registered BlockManager BlockManagerId(driver, de5108c6da1d, 37107, None)
[2024-10-24T01:21:15.993+0000] {spark_submit.py:524} INFO - 24/10/24 01:21:15 INFO BlockManager: Initialized BlockManager: BlockManagerId(driver, de5108c6da1d, 37107, None)
[2024-10-24T01:21:16.529+0000] {spark_submit.py:524} INFO - 24/10/24 01:21:16 INFO StandaloneSchedulerBackend: SchedulerBackend is ready for scheduling beginning after reached minRegisteredResourcesRatio: 0.0
[2024-10-24T01:21:16.938+0000] {spark_submit.py:524} INFO - Hello from Spark!
[2024-10-24T01:21:16.939+0000] {spark_submit.py:524} INFO - 24/10/24 01:21:16 INFO SparkContext: SparkContext is stopping with exitCode 0.
[2024-10-24T01:21:16.963+0000] {spark_submit.py:524} INFO - 24/10/24 01:21:16 INFO SparkUI: Stopped Spark web UI at http://de5108c6da1d:4040
[2024-10-24T01:21:16.974+0000] {spark_submit.py:524} INFO - 24/10/24 01:21:16 INFO StandaloneSchedulerBackend: Shutting down all executors
[2024-10-24T01:21:16.981+0000] {spark_submit.py:524} INFO - 24/10/24 01:21:16 INFO StandaloneSchedulerBackend$StandaloneDriverEndpoint: Asking each executor to shut down
[2024-10-24T01:21:17.024+0000] {spark_submit.py:524} INFO - 24/10/24 01:21:17 INFO MapOutputTrackerMasterEndpoint: MapOutputTrackerMasterEndpoint stopped!
[2024-10-24T01:21:17.051+0000] {spark_submit.py:524} INFO - 24/10/24 01:21:17 INFO MemoryStore: MemoryStore cleared
[2024-10-24T01:21:17.052+0000] {spark_submit.py:524} INFO - 24/10/24 01:21:17 INFO BlockManager: BlockManager stopped
[2024-10-24T01:21:17.068+0000] {spark_submit.py:524} INFO - 24/10/24 01:21:17 INFO BlockManagerMaster: BlockManagerMaster stopped
[2024-10-24T01:21:17.074+0000] {spark_submit.py:524} INFO - 24/10/24 01:21:17 INFO OutputCommitCoordinator$OutputCommitCoordinatorEndpoint: OutputCommitCoordinator stopped!
[2024-10-24T01:21:17.118+0000] {spark_submit.py:524} INFO - 24/10/24 01:21:17 INFO SparkContext: Successfully stopped SparkContext
[2024-10-24T01:21:17.688+0000] {spark_submit.py:524} INFO - 24/10/24 01:21:17 INFO ShutdownHookManager: Shutdown hook called
[2024-10-24T01:21:17.689+0000] {spark_submit.py:524} INFO - 24/10/24 01:21:17 INFO ShutdownHookManager: Deleting directory /tmp/spark-98c4e59c-c222-4583-83ab-7e7ddf3e31df/pyspark-ddfdea8b-f05b-4b6f-a0e5-f8657b4fa1c1
[2024-10-24T01:21:17.694+0000] {spark_submit.py:524} INFO - 24/10/24 01:21:17 INFO ShutdownHookManager: Deleting directory /tmp/spark-98c4e59c-c222-4583-83ab-7e7ddf3e31df
[2024-10-24T01:21:17.701+0000] {spark_submit.py:524} INFO - 24/10/24 01:21:17 INFO ShutdownHookManager: Deleting directory /tmp/spark-1770839f-f697-40c9-aa6f-5b58de55bcfe
[2024-10-24T01:21:17.805+0000] {taskinstance.py:1398} INFO - Marking task as SUCCESS. dag_id=api_openbrewerydb_to_silver_gold, task_id=Gold, execution_date=20231118T080000, start_date=20241024T012106, end_date=20241024T012117
[2024-10-24T01:21:17.840+0000] {local_task_job_runner.py:228} INFO - Task exited with return code 0
[2024-10-24T01:21:17.876+0000] {taskinstance.py:2776} INFO - 0 downstream tasks scheduled from follow-on schedule check
