[2024-10-24T15:38:20.898+0000] {taskinstance.py:1157} INFO - Dependencies all met for dep_context=non-requeueable deps ti=<TaskInstance: api_openbrewerydb_to_silver_gold.Silver manual__2024-10-24T15:38:19.213515+00:00 [queued]>
[2024-10-24T15:38:20.905+0000] {taskinstance.py:1157} INFO - Dependencies all met for dep_context=requeueable deps ti=<TaskInstance: api_openbrewerydb_to_silver_gold.Silver manual__2024-10-24T15:38:19.213515+00:00 [queued]>
[2024-10-24T15:38:20.905+0000] {taskinstance.py:1359} INFO - Starting attempt 1 of 2
[2024-10-24T15:38:20.914+0000] {taskinstance.py:1380} INFO - Executing <Task(SparkSubmitOperator): Silver> on 2024-10-24 15:38:19.213515+00:00
[2024-10-24T15:38:20.918+0000] {standard_task_runner.py:57} INFO - Started process 1820 to run task
[2024-10-24T15:38:20.920+0000] {standard_task_runner.py:84} INFO - Running: ['***', 'tasks', 'run', 'api_openbrewerydb_to_silver_gold', 'Silver', 'manual__2024-10-24T15:38:19.213515+00:00', '--job-id', '143', '--raw', '--subdir', 'DAGS_FOLDER/api_openbrewerydb_to_silver.py', '--cfg-path', '/tmp/tmp7hamlkbo']
[2024-10-24T15:38:20.924+0000] {standard_task_runner.py:85} INFO - Job 143: Subtask Silver
[2024-10-24T15:38:20.967+0000] {task_command.py:415} INFO - Running <TaskInstance: api_openbrewerydb_to_silver_gold.Silver manual__2024-10-24T15:38:19.213515+00:00 [running]> on host e995fa603d7f
[2024-10-24T15:38:21.042+0000] {taskinstance.py:1660} INFO - Exporting env vars: AIRFLOW_CTX_DAG_OWNER='Rodrigo Araujo' AIRFLOW_CTX_DAG_ID='api_openbrewerydb_to_silver_gold' AIRFLOW_CTX_TASK_ID='Silver' AIRFLOW_CTX_EXECUTION_DATE='2024-10-24T15:38:19.213515+00:00' AIRFLOW_CTX_TRY_NUMBER='1' AIRFLOW_CTX_DAG_RUN_ID='manual__2024-10-24T15:38:19.213515+00:00'
[2024-10-24T15:38:21.053+0000] {base.py:73} INFO - Using connection ID 'spark-conn' for task execution.
[2024-10-24T15:38:21.054+0000] {spark_submit.py:363} INFO - Spark-Submit cmd: spark-submit --master spark://spark-master:7077 --name arrow-spark jobs/silver/api_openbrewerydb.py
[2024-10-24T15:38:23.414+0000] {spark_submit.py:524} INFO - 24/10/24 15:38:23 INFO SparkContext: Running Spark version 3.5.0
[2024-10-24T15:38:23.416+0000] {spark_submit.py:524} INFO - 24/10/24 15:38:23 INFO SparkContext: OS info Linux, 5.15.0-124-generic, amd64
[2024-10-24T15:38:23.417+0000] {spark_submit.py:524} INFO - 24/10/24 15:38:23 INFO SparkContext: Java version 17.0.13
[2024-10-24T15:38:23.467+0000] {spark_submit.py:524} INFO - 24/10/24 15:38:23 WARN NativeCodeLoader: Unable to load native-hadoop library for your platform... using builtin-java classes where applicable
[2024-10-24T15:38:23.548+0000] {spark_submit.py:524} INFO - 24/10/24 15:38:23 INFO ResourceUtils: ==============================================================
[2024-10-24T15:38:23.549+0000] {spark_submit.py:524} INFO - 24/10/24 15:38:23 INFO ResourceUtils: No custom resources configured for spark.driver.
[2024-10-24T15:38:23.549+0000] {spark_submit.py:524} INFO - 24/10/24 15:38:23 INFO ResourceUtils: ==============================================================
[2024-10-24T15:38:23.550+0000] {spark_submit.py:524} INFO - 24/10/24 15:38:23 INFO SparkContext: Submitted application: IngestaoSilver
[2024-10-24T15:38:23.567+0000] {spark_submit.py:524} INFO - 24/10/24 15:38:23 INFO ResourceProfile: Default ResourceProfile created, executor resources: Map(memory -> name: memory, amount: 1024, script: , vendor: , offHeap -> name: offHeap, amount: 0, script: , vendor: ), task resources: Map(cpus -> name: cpus, amount: 1.0)
[2024-10-24T15:38:23.574+0000] {spark_submit.py:524} INFO - 24/10/24 15:38:23 INFO ResourceProfile: Limiting resource is cpu
[2024-10-24T15:38:23.575+0000] {spark_submit.py:524} INFO - 24/10/24 15:38:23 INFO ResourceProfileManager: Added ResourceProfile id: 0
[2024-10-24T15:38:23.618+0000] {spark_submit.py:524} INFO - 24/10/24 15:38:23 INFO SecurityManager: Changing view acls to: ***
[2024-10-24T15:38:23.619+0000] {spark_submit.py:524} INFO - 24/10/24 15:38:23 INFO SecurityManager: Changing modify acls to: ***
[2024-10-24T15:38:23.619+0000] {spark_submit.py:524} INFO - 24/10/24 15:38:23 INFO SecurityManager: Changing view acls groups to:
[2024-10-24T15:38:23.620+0000] {spark_submit.py:524} INFO - 24/10/24 15:38:23 INFO SecurityManager: Changing modify acls groups to:
[2024-10-24T15:38:23.620+0000] {spark_submit.py:524} INFO - 24/10/24 15:38:23 INFO SecurityManager: SecurityManager: authentication disabled; ui acls disabled; users with view permissions: ***; groups with view permissions: EMPTY; users with modify permissions: ***; groups with modify permissions: EMPTY
[2024-10-24T15:38:23.807+0000] {spark_submit.py:524} INFO - 24/10/24 15:38:23 INFO Utils: Successfully started service 'sparkDriver' on port 35239.
[2024-10-24T15:38:23.829+0000] {spark_submit.py:524} INFO - 24/10/24 15:38:23 INFO SparkEnv: Registering MapOutputTracker
[2024-10-24T15:38:23.858+0000] {spark_submit.py:524} INFO - 24/10/24 15:38:23 INFO SparkEnv: Registering BlockManagerMaster
[2024-10-24T15:38:23.879+0000] {spark_submit.py:524} INFO - 24/10/24 15:38:23 INFO BlockManagerMasterEndpoint: Using org.apache.spark.storage.DefaultTopologyMapper for getting topology information
[2024-10-24T15:38:23.880+0000] {spark_submit.py:524} INFO - 24/10/24 15:38:23 INFO BlockManagerMasterEndpoint: BlockManagerMasterEndpoint up
[2024-10-24T15:38:23.884+0000] {spark_submit.py:524} INFO - 24/10/24 15:38:23 INFO SparkEnv: Registering BlockManagerMasterHeartbeat
[2024-10-24T15:38:23.904+0000] {spark_submit.py:524} INFO - 24/10/24 15:38:23 INFO DiskBlockManager: Created local directory at /tmp/blockmgr-cedd7970-351b-4424-bf16-dd50ade22b70
[2024-10-24T15:38:23.920+0000] {spark_submit.py:524} INFO - 24/10/24 15:38:23 INFO MemoryStore: MemoryStore started with capacity 434.4 MiB
[2024-10-24T15:38:23.936+0000] {spark_submit.py:524} INFO - 24/10/24 15:38:23 INFO SparkEnv: Registering OutputCommitCoordinator
[2024-10-24T15:38:24.037+0000] {spark_submit.py:524} INFO - 24/10/24 15:38:24 INFO JettyUtils: Start Jetty 0.0.0.0:4040 for SparkUI
[2024-10-24T15:38:24.086+0000] {spark_submit.py:524} INFO - 24/10/24 15:38:24 INFO Utils: Successfully started service 'SparkUI' on port 4040.
[2024-10-24T15:38:24.179+0000] {spark_submit.py:524} INFO - 24/10/24 15:38:24 INFO StandaloneAppClient$ClientEndpoint: Connecting to master spark://spark-master:7077...
[2024-10-24T15:38:24.217+0000] {spark_submit.py:524} INFO - 24/10/24 15:38:24 INFO TransportClientFactory: Successfully created connection to spark-master/172.18.0.3:7077 after 21 ms (0 ms spent in bootstraps)
[2024-10-24T15:38:24.285+0000] {spark_submit.py:524} INFO - 24/10/24 15:38:24 INFO StandaloneSchedulerBackend: Connected to Spark cluster with app ID app-20241024153824-0008
[2024-10-24T15:38:24.288+0000] {spark_submit.py:524} INFO - 24/10/24 15:38:24 INFO StandaloneAppClient$ClientEndpoint: Executor added: app-20241024153824-0008/0 on worker-20241024152407-172.18.0.5-37749 (172.18.0.5:37749) with 2 core(s)
[2024-10-24T15:38:24.291+0000] {spark_submit.py:524} INFO - 24/10/24 15:38:24 INFO StandaloneSchedulerBackend: Granted executor ID app-20241024153824-0008/0 on hostPort 172.18.0.5:37749 with 2 core(s), 1024.0 MiB RAM
[2024-10-24T15:38:24.296+0000] {spark_submit.py:524} INFO - 24/10/24 15:38:24 INFO Utils: Successfully started service 'org.apache.spark.network.netty.NettyBlockTransferService' on port 43375.
[2024-10-24T15:38:24.297+0000] {spark_submit.py:524} INFO - 24/10/24 15:38:24 INFO NettyBlockTransferService: Server created on e995fa603d7f:43375
[2024-10-24T15:38:24.299+0000] {spark_submit.py:524} INFO - 24/10/24 15:38:24 INFO BlockManager: Using org.apache.spark.storage.RandomBlockReplicationPolicy for block replication policy
[2024-10-24T15:38:24.312+0000] {spark_submit.py:524} INFO - 24/10/24 15:38:24 INFO BlockManagerMaster: Registering BlockManager BlockManagerId(driver, e995fa603d7f, 43375, None)
[2024-10-24T15:38:24.320+0000] {spark_submit.py:524} INFO - 24/10/24 15:38:24 INFO BlockManagerMasterEndpoint: Registering block manager e995fa603d7f:43375 with 434.4 MiB RAM, BlockManagerId(driver, e995fa603d7f, 43375, None)
[2024-10-24T15:38:24.326+0000] {spark_submit.py:524} INFO - 24/10/24 15:38:24 INFO BlockManagerMaster: Registered BlockManager BlockManagerId(driver, e995fa603d7f, 43375, None)
[2024-10-24T15:38:24.328+0000] {spark_submit.py:524} INFO - 24/10/24 15:38:24 INFO BlockManager: Initialized BlockManager: BlockManagerId(driver, e995fa603d7f, 43375, None)
[2024-10-24T15:38:24.334+0000] {spark_submit.py:524} INFO - 24/10/24 15:38:24 INFO StandaloneAppClient$ClientEndpoint: Executor updated: app-20241024153824-0008/0 is now RUNNING
[2024-10-24T15:38:24.577+0000] {spark_submit.py:524} INFO - 24/10/24 15:38:24 INFO StandaloneSchedulerBackend: SchedulerBackend is ready for scheduling beginning after reached minRegisteredResourcesRatio: 0.0
[2024-10-24T15:38:24.823+0000] {spark_submit.py:524} INFO - 24/10/24 15:38:24 INFO SharedState: Setting hive.metastore.warehouse.dir ('null') to the value of spark.sql.warehouse.dir.
[2024-10-24T15:38:24.835+0000] {spark_submit.py:524} INFO - 24/10/24 15:38:24 INFO SharedState: Warehouse path is 'file:/opt/***/spark-warehouse'.
[2024-10-24T15:38:26.062+0000] {spark_submit.py:524} INFO - 24/10/24 15:38:26 INFO InMemoryFileIndex: It took 74 ms to list leaf files for 1 paths.
[2024-10-24T15:38:26.185+0000] {spark_submit.py:524} INFO - 24/10/24 15:38:26 INFO InMemoryFileIndex: It took 5 ms to list leaf files for 1 paths.
[2024-10-24T15:38:27.344+0000] {spark_submit.py:524} INFO - 24/10/24 15:38:27 INFO StandaloneSchedulerBackend$StandaloneDriverEndpoint: Registered executor NettyRpcEndpointRef(spark-client://Executor) (172.18.0.5:43488) with ID 0,  ResourceProfileId 0
[2024-10-24T15:38:27.470+0000] {spark_submit.py:524} INFO - 24/10/24 15:38:27 INFO BlockManagerMasterEndpoint: Registering block manager 172.18.0.5:37149 with 434.4 MiB RAM, BlockManagerId(0, 172.18.0.5, 37149, None)
[2024-10-24T15:38:28.371+0000] {spark_submit.py:524} INFO - 24/10/24 15:38:28 INFO FileSourceStrategy: Pushed Filters:
[2024-10-24T15:38:28.380+0000] {spark_submit.py:524} INFO - 24/10/24 15:38:28 INFO FileSourceStrategy: Post-Scan Filters:
[2024-10-24T15:38:28.574+0000] {spark_submit.py:524} INFO - 24/10/24 15:38:28 INFO MemoryStore: Block broadcast_0 stored as values in memory (estimated size 199.2 KiB, free 434.2 MiB)
[2024-10-24T15:38:28.629+0000] {spark_submit.py:524} INFO - 24/10/24 15:38:28 INFO MemoryStore: Block broadcast_0_piece0 stored as bytes in memory (estimated size 34.1 KiB, free 434.2 MiB)
[2024-10-24T15:38:28.631+0000] {spark_submit.py:524} INFO - 24/10/24 15:38:28 INFO BlockManagerInfo: Added broadcast_0_piece0 in memory on e995fa603d7f:43375 (size: 34.1 KiB, free: 434.4 MiB)
[2024-10-24T15:38:28.634+0000] {spark_submit.py:524} INFO - 24/10/24 15:38:28 INFO SparkContext: Created broadcast 0 from json at NativeMethodAccessorImpl.java:0
[2024-10-24T15:38:28.646+0000] {spark_submit.py:524} INFO - 24/10/24 15:38:28 INFO FileSourceScanExec: Planning scan with bin packing, max size: 4194304 bytes, open cost is considered as scanning 4194304 bytes.
[2024-10-24T15:38:28.744+0000] {spark_submit.py:524} INFO - 24/10/24 15:38:28 INFO SparkContext: Starting job: json at NativeMethodAccessorImpl.java:0
[2024-10-24T15:38:28.758+0000] {spark_submit.py:524} INFO - 24/10/24 15:38:28 INFO DAGScheduler: Got job 0 (json at NativeMethodAccessorImpl.java:0) with 1 output partitions
[2024-10-24T15:38:28.759+0000] {spark_submit.py:524} INFO - 24/10/24 15:38:28 INFO DAGScheduler: Final stage: ResultStage 0 (json at NativeMethodAccessorImpl.java:0)
[2024-10-24T15:38:28.759+0000] {spark_submit.py:524} INFO - 24/10/24 15:38:28 INFO DAGScheduler: Parents of final stage: List()
[2024-10-24T15:38:28.760+0000] {spark_submit.py:524} INFO - 24/10/24 15:38:28 INFO DAGScheduler: Missing parents: List()
[2024-10-24T15:38:28.764+0000] {spark_submit.py:524} INFO - 24/10/24 15:38:28 INFO DAGScheduler: Submitting ResultStage 0 (MapPartitionsRDD[3] at json at NativeMethodAccessorImpl.java:0), which has no missing parents
[2024-10-24T15:38:28.846+0000] {spark_submit.py:524} INFO - 24/10/24 15:38:28 INFO MemoryStore: Block broadcast_1 stored as values in memory (estimated size 16.0 KiB, free 434.2 MiB)
[2024-10-24T15:38:28.851+0000] {spark_submit.py:524} INFO - 24/10/24 15:38:28 INFO MemoryStore: Block broadcast_1_piece0 stored as bytes in memory (estimated size 7.5 KiB, free 434.1 MiB)
[2024-10-24T15:38:28.851+0000] {spark_submit.py:524} INFO - 24/10/24 15:38:28 INFO BlockManagerInfo: Added broadcast_1_piece0 in memory on e995fa603d7f:43375 (size: 7.5 KiB, free: 434.4 MiB)
[2024-10-24T15:38:28.852+0000] {spark_submit.py:524} INFO - 24/10/24 15:38:28 INFO SparkContext: Created broadcast 1 from broadcast at DAGScheduler.scala:1580
[2024-10-24T15:38:28.867+0000] {spark_submit.py:524} INFO - 24/10/24 15:38:28 INFO DAGScheduler: Submitting 1 missing tasks from ResultStage 0 (MapPartitionsRDD[3] at json at NativeMethodAccessorImpl.java:0) (first 15 tasks are for partitions Vector(0))
[2024-10-24T15:38:28.868+0000] {spark_submit.py:524} INFO - 24/10/24 15:38:28 INFO TaskSchedulerImpl: Adding task set 0.0 with 1 tasks resource profile 0
[2024-10-24T15:38:28.899+0000] {spark_submit.py:524} INFO - 24/10/24 15:38:28 INFO TaskSetManager: Starting task 0.0 in stage 0.0 (TID 0) (172.18.0.5, executor 0, partition 0, PROCESS_LOCAL, 8252 bytes)
[2024-10-24T15:38:29.099+0000] {spark_submit.py:524} INFO - 24/10/24 15:38:29 INFO BlockManagerInfo: Added broadcast_1_piece0 in memory on 172.18.0.5:37149 (size: 7.5 KiB, free: 434.4 MiB)
[2024-10-24T15:38:29.799+0000] {spark_submit.py:524} INFO - 24/10/24 15:38:29 INFO BlockManagerInfo: Added broadcast_0_piece0 in memory on 172.18.0.5:37149 (size: 34.1 KiB, free: 434.4 MiB)
[2024-10-24T15:38:30.021+0000] {spark_submit.py:524} INFO - 24/10/24 15:38:30 INFO TaskSetManager: Finished task 0.0 in stage 0.0 (TID 0) in 1133 ms on 172.18.0.5 (executor 0) (1/1)
[2024-10-24T15:38:30.023+0000] {spark_submit.py:524} INFO - 24/10/24 15:38:30 INFO TaskSchedulerImpl: Removed TaskSet 0.0, whose tasks have all completed, from pool
[2024-10-24T15:38:30.026+0000] {spark_submit.py:524} INFO - 24/10/24 15:38:30 INFO DAGScheduler: ResultStage 0 (json at NativeMethodAccessorImpl.java:0) finished in 1.251 s
[2024-10-24T15:38:30.029+0000] {spark_submit.py:524} INFO - 24/10/24 15:38:30 INFO DAGScheduler: Job 0 is finished. Cancelling potential speculative or zombie tasks for this job
[2024-10-24T15:38:30.029+0000] {spark_submit.py:524} INFO - 24/10/24 15:38:30 INFO TaskSchedulerImpl: Killing all running tasks in stage 0: Stage finished
[2024-10-24T15:38:30.032+0000] {spark_submit.py:524} INFO - 24/10/24 15:38:30 INFO DAGScheduler: Job 0 finished: json at NativeMethodAccessorImpl.java:0, took 1.287416 s
[2024-10-24T15:38:30.060+0000] {spark_submit.py:524} INFO - Leitura realizada com sucesso!
[2024-10-24T15:38:30.166+0000] {spark_submit.py:524} INFO - 24/10/24 15:38:30 INFO FileSourceStrategy: Pushed Filters:
[2024-10-24T15:38:30.166+0000] {spark_submit.py:524} INFO - 24/10/24 15:38:30 INFO FileSourceStrategy: Post-Scan Filters:
[2024-10-24T15:38:30.405+0000] {spark_submit.py:524} INFO - 24/10/24 15:38:30 INFO BlockManagerInfo: Removed broadcast_1_piece0 on e995fa603d7f:43375 in memory (size: 7.5 KiB, free: 434.4 MiB)
[2024-10-24T15:38:30.413+0000] {spark_submit.py:524} INFO - 24/10/24 15:38:30 INFO BlockManagerInfo: Removed broadcast_1_piece0 on 172.18.0.5:37149 in memory (size: 7.5 KiB, free: 434.4 MiB)
[2024-10-24T15:38:30.483+0000] {spark_submit.py:524} INFO - 24/10/24 15:38:30 INFO CodeGenerator: Code generated in 182.697473 ms
[2024-10-24T15:38:30.487+0000] {spark_submit.py:524} INFO - 24/10/24 15:38:30 INFO MemoryStore: Block broadcast_2 stored as values in memory (estimated size 199.1 KiB, free 434.0 MiB)
[2024-10-24T15:38:30.503+0000] {spark_submit.py:524} INFO - 24/10/24 15:38:30 INFO MemoryStore: Block broadcast_2_piece0 stored as bytes in memory (estimated size 34.1 KiB, free 433.9 MiB)
[2024-10-24T15:38:30.503+0000] {spark_submit.py:524} INFO - 24/10/24 15:38:30 INFO BlockManagerInfo: Added broadcast_2_piece0 in memory on e995fa603d7f:43375 (size: 34.1 KiB, free: 434.3 MiB)
[2024-10-24T15:38:30.505+0000] {spark_submit.py:524} INFO - 24/10/24 15:38:30 INFO SparkContext: Created broadcast 2 from count at NativeMethodAccessorImpl.java:0
[2024-10-24T15:38:30.508+0000] {spark_submit.py:524} INFO - 24/10/24 15:38:30 INFO FileSourceScanExec: Planning scan with bin packing, max size: 4194304 bytes, open cost is considered as scanning 4194304 bytes.
[2024-10-24T15:38:30.541+0000] {spark_submit.py:524} INFO - 24/10/24 15:38:30 INFO DAGScheduler: Registering RDD 7 (count at NativeMethodAccessorImpl.java:0) as input to shuffle 0
[2024-10-24T15:38:30.545+0000] {spark_submit.py:524} INFO - 24/10/24 15:38:30 INFO DAGScheduler: Got map stage job 1 (count at NativeMethodAccessorImpl.java:0) with 1 output partitions
[2024-10-24T15:38:30.546+0000] {spark_submit.py:524} INFO - 24/10/24 15:38:30 INFO DAGScheduler: Final stage: ShuffleMapStage 1 (count at NativeMethodAccessorImpl.java:0)
[2024-10-24T15:38:30.546+0000] {spark_submit.py:524} INFO - 24/10/24 15:38:30 INFO DAGScheduler: Parents of final stage: List()
[2024-10-24T15:38:30.546+0000] {spark_submit.py:524} INFO - 24/10/24 15:38:30 INFO DAGScheduler: Missing parents: List()
[2024-10-24T15:38:30.547+0000] {spark_submit.py:524} INFO - 24/10/24 15:38:30 INFO DAGScheduler: Submitting ShuffleMapStage 1 (MapPartitionsRDD[7] at count at NativeMethodAccessorImpl.java:0), which has no missing parents
[2024-10-24T15:38:30.559+0000] {spark_submit.py:524} INFO - 24/10/24 15:38:30 INFO MemoryStore: Block broadcast_3 stored as values in memory (estimated size 17.0 KiB, free 433.9 MiB)
[2024-10-24T15:38:30.564+0000] {spark_submit.py:524} INFO - 24/10/24 15:38:30 INFO MemoryStore: Block broadcast_3_piece0 stored as bytes in memory (estimated size 8.3 KiB, free 433.9 MiB)
[2024-10-24T15:38:30.564+0000] {spark_submit.py:524} INFO - 24/10/24 15:38:30 INFO BlockManagerInfo: Added broadcast_3_piece0 in memory on e995fa603d7f:43375 (size: 8.3 KiB, free: 434.3 MiB)
[2024-10-24T15:38:30.565+0000] {spark_submit.py:524} INFO - 24/10/24 15:38:30 INFO SparkContext: Created broadcast 3 from broadcast at DAGScheduler.scala:1580
[2024-10-24T15:38:30.567+0000] {spark_submit.py:524} INFO - 24/10/24 15:38:30 INFO DAGScheduler: Submitting 1 missing tasks from ShuffleMapStage 1 (MapPartitionsRDD[7] at count at NativeMethodAccessorImpl.java:0) (first 15 tasks are for partitions Vector(0))
[2024-10-24T15:38:30.567+0000] {spark_submit.py:524} INFO - 24/10/24 15:38:30 INFO TaskSchedulerImpl: Adding task set 1.0 with 1 tasks resource profile 0
[2024-10-24T15:38:30.569+0000] {spark_submit.py:524} INFO - 24/10/24 15:38:30 INFO TaskSetManager: Starting task 0.0 in stage 1.0 (TID 1) (172.18.0.5, executor 0, partition 0, PROCESS_LOCAL, 8241 bytes)
[2024-10-24T15:38:30.600+0000] {spark_submit.py:524} INFO - 24/10/24 15:38:30 INFO BlockManagerInfo: Removed broadcast_0_piece0 on e995fa603d7f:43375 in memory (size: 34.1 KiB, free: 434.4 MiB)
[2024-10-24T15:38:30.604+0000] {spark_submit.py:524} INFO - 24/10/24 15:38:30 INFO BlockManagerInfo: Removed broadcast_0_piece0 on 172.18.0.5:37149 in memory (size: 34.1 KiB, free: 434.4 MiB)
[2024-10-24T15:38:30.605+0000] {spark_submit.py:524} INFO - 24/10/24 15:38:30 INFO BlockManagerInfo: Added broadcast_3_piece0 in memory on 172.18.0.5:37149 (size: 8.3 KiB, free: 434.4 MiB)
[2024-10-24T15:38:30.715+0000] {spark_submit.py:524} INFO - 24/10/24 15:38:30 INFO BlockManagerInfo: Added broadcast_2_piece0 in memory on 172.18.0.5:37149 (size: 34.1 KiB, free: 434.4 MiB)
[2024-10-24T15:38:30.783+0000] {spark_submit.py:524} INFO - 24/10/24 15:38:30 INFO TaskSetManager: Finished task 0.0 in stage 1.0 (TID 1) in 214 ms on 172.18.0.5 (executor 0) (1/1)
[2024-10-24T15:38:30.783+0000] {spark_submit.py:524} INFO - 24/10/24 15:38:30 INFO TaskSchedulerImpl: Removed TaskSet 1.0, whose tasks have all completed, from pool
[2024-10-24T15:38:30.785+0000] {spark_submit.py:524} INFO - 24/10/24 15:38:30 INFO DAGScheduler: ShuffleMapStage 1 (count at NativeMethodAccessorImpl.java:0) finished in 0.235 s
[2024-10-24T15:38:30.785+0000] {spark_submit.py:524} INFO - 24/10/24 15:38:30 INFO DAGScheduler: looking for newly runnable stages
[2024-10-24T15:38:30.786+0000] {spark_submit.py:524} INFO - 24/10/24 15:38:30 INFO DAGScheduler: running: Set()
[2024-10-24T15:38:30.786+0000] {spark_submit.py:524} INFO - 24/10/24 15:38:30 INFO DAGScheduler: waiting: Set()
[2024-10-24T15:38:30.786+0000] {spark_submit.py:524} INFO - 24/10/24 15:38:30 INFO DAGScheduler: failed: Set()
[2024-10-24T15:38:30.829+0000] {spark_submit.py:524} INFO - 24/10/24 15:38:30 INFO CodeGenerator: Code generated in 13.638138 ms
[2024-10-24T15:38:30.856+0000] {spark_submit.py:524} INFO - 24/10/24 15:38:30 INFO SparkContext: Starting job: count at NativeMethodAccessorImpl.java:0
[2024-10-24T15:38:30.859+0000] {spark_submit.py:524} INFO - 24/10/24 15:38:30 INFO DAGScheduler: Got job 2 (count at NativeMethodAccessorImpl.java:0) with 1 output partitions
[2024-10-24T15:38:30.859+0000] {spark_submit.py:524} INFO - 24/10/24 15:38:30 INFO DAGScheduler: Final stage: ResultStage 3 (count at NativeMethodAccessorImpl.java:0)
[2024-10-24T15:38:30.859+0000] {spark_submit.py:524} INFO - 24/10/24 15:38:30 INFO DAGScheduler: Parents of final stage: List(ShuffleMapStage 2)
[2024-10-24T15:38:30.859+0000] {spark_submit.py:524} INFO - 24/10/24 15:38:30 INFO DAGScheduler: Missing parents: List()
[2024-10-24T15:38:30.860+0000] {spark_submit.py:524} INFO - 24/10/24 15:38:30 INFO DAGScheduler: Submitting ResultStage 3 (MapPartitionsRDD[10] at count at NativeMethodAccessorImpl.java:0), which has no missing parents
[2024-10-24T15:38:30.870+0000] {spark_submit.py:524} INFO - 24/10/24 15:38:30 INFO MemoryStore: Block broadcast_4 stored as values in memory (estimated size 12.5 KiB, free 434.1 MiB)
[2024-10-24T15:38:30.875+0000] {spark_submit.py:524} INFO - 24/10/24 15:38:30 INFO MemoryStore: Block broadcast_4_piece0 stored as bytes in memory (estimated size 5.9 KiB, free 434.1 MiB)
[2024-10-24T15:38:30.876+0000] {spark_submit.py:524} INFO - 24/10/24 15:38:30 INFO BlockManagerInfo: Removed broadcast_3_piece0 on e995fa603d7f:43375 in memory (size: 8.3 KiB, free: 434.4 MiB)
[2024-10-24T15:38:30.877+0000] {spark_submit.py:524} INFO - 24/10/24 15:38:30 INFO BlockManagerInfo: Added broadcast_4_piece0 in memory on e995fa603d7f:43375 (size: 5.9 KiB, free: 434.4 MiB)
[2024-10-24T15:38:30.883+0000] {spark_submit.py:524} INFO - 24/10/24 15:38:30 INFO SparkContext: Created broadcast 4 from broadcast at DAGScheduler.scala:1580
[2024-10-24T15:38:30.883+0000] {spark_submit.py:524} INFO - 24/10/24 15:38:30 INFO DAGScheduler: Submitting 1 missing tasks from ResultStage 3 (MapPartitionsRDD[10] at count at NativeMethodAccessorImpl.java:0) (first 15 tasks are for partitions Vector(0))
[2024-10-24T15:38:30.883+0000] {spark_submit.py:524} INFO - 24/10/24 15:38:30 INFO BlockManagerInfo: Removed broadcast_3_piece0 on 172.18.0.5:37149 in memory (size: 8.3 KiB, free: 434.4 MiB)
[2024-10-24T15:38:30.883+0000] {spark_submit.py:524} INFO - 24/10/24 15:38:30 INFO TaskSchedulerImpl: Adding task set 3.0 with 1 tasks resource profile 0
[2024-10-24T15:38:30.885+0000] {spark_submit.py:524} INFO - 24/10/24 15:38:30 INFO TaskSetManager: Starting task 0.0 in stage 3.0 (TID 2) (172.18.0.5, executor 0, partition 0, NODE_LOCAL, 7619 bytes)
[2024-10-24T15:38:30.915+0000] {spark_submit.py:524} INFO - 24/10/24 15:38:30 INFO BlockManagerInfo: Added broadcast_4_piece0 in memory on 172.18.0.5:37149 (size: 5.9 KiB, free: 434.4 MiB)
[2024-10-24T15:38:30.938+0000] {spark_submit.py:524} INFO - 24/10/24 15:38:30 INFO MapOutputTrackerMasterEndpoint: Asked to send map output locations for shuffle 0 to 172.18.0.5:43488
[2024-10-24T15:38:31.052+0000] {spark_submit.py:524} INFO - 24/10/24 15:38:31 INFO TaskSetManager: Finished task 0.0 in stage 3.0 (TID 2) in 169 ms on 172.18.0.5 (executor 0) (1/1)
[2024-10-24T15:38:31.052+0000] {spark_submit.py:524} INFO - 24/10/24 15:38:31 INFO TaskSchedulerImpl: Removed TaskSet 3.0, whose tasks have all completed, from pool
[2024-10-24T15:38:31.053+0000] {spark_submit.py:524} INFO - 24/10/24 15:38:31 INFO DAGScheduler: ResultStage 3 (count at NativeMethodAccessorImpl.java:0) finished in 0.185 s
[2024-10-24T15:38:31.053+0000] {spark_submit.py:524} INFO - 24/10/24 15:38:31 INFO DAGScheduler: Job 2 is finished. Cancelling potential speculative or zombie tasks for this job
[2024-10-24T15:38:31.053+0000] {spark_submit.py:524} INFO - 24/10/24 15:38:31 INFO TaskSchedulerImpl: Killing all running tasks in stage 3: Stage finished
[2024-10-24T15:38:31.054+0000] {spark_submit.py:524} INFO - 24/10/24 15:38:31 INFO DAGScheduler: Job 2 finished: count at NativeMethodAccessorImpl.java:0, took 0.197077 s
[2024-10-24T15:38:31.085+0000] {spark_submit.py:524} INFO - 24/10/24 15:38:31 INFO FileSourceStrategy: Pushed Filters:
[2024-10-24T15:38:31.085+0000] {spark_submit.py:524} INFO - 24/10/24 15:38:31 INFO FileSourceStrategy: Post-Scan Filters:
[2024-10-24T15:38:31.101+0000] {spark_submit.py:524} INFO - 24/10/24 15:38:31 INFO MemoryStore: Block broadcast_5 stored as values in memory (estimated size 199.1 KiB, free 434.0 MiB)
[2024-10-24T15:38:31.109+0000] {spark_submit.py:524} INFO - 24/10/24 15:38:31 INFO BlockManagerInfo: Removed broadcast_4_piece0 on e995fa603d7f:43375 in memory (size: 5.9 KiB, free: 434.4 MiB)
[2024-10-24T15:38:31.112+0000] {spark_submit.py:524} INFO - 24/10/24 15:38:31 INFO BlockManagerInfo: Removed broadcast_4_piece0 on 172.18.0.5:37149 in memory (size: 5.9 KiB, free: 434.4 MiB)
[2024-10-24T15:38:31.115+0000] {spark_submit.py:524} INFO - 24/10/24 15:38:31 INFO MemoryStore: Block broadcast_5_piece0 stored as bytes in memory (estimated size 34.1 KiB, free 433.9 MiB)
[2024-10-24T15:38:31.116+0000] {spark_submit.py:524} INFO - 24/10/24 15:38:31 INFO BlockManagerInfo: Added broadcast_5_piece0 in memory on e995fa603d7f:43375 (size: 34.1 KiB, free: 434.3 MiB)
[2024-10-24T15:38:31.117+0000] {spark_submit.py:524} INFO - 24/10/24 15:38:31 INFO SparkContext: Created broadcast 5 from count at NativeMethodAccessorImpl.java:0
[2024-10-24T15:38:31.118+0000] {spark_submit.py:524} INFO - 24/10/24 15:38:31 INFO FileSourceScanExec: Planning scan with bin packing, max size: 4194304 bytes, open cost is considered as scanning 4194304 bytes.
[2024-10-24T15:38:31.126+0000] {spark_submit.py:524} INFO - 24/10/24 15:38:31 INFO DAGScheduler: Registering RDD 14 (count at NativeMethodAccessorImpl.java:0) as input to shuffle 1
[2024-10-24T15:38:31.126+0000] {spark_submit.py:524} INFO - 24/10/24 15:38:31 INFO DAGScheduler: Got map stage job 3 (count at NativeMethodAccessorImpl.java:0) with 1 output partitions
[2024-10-24T15:38:31.126+0000] {spark_submit.py:524} INFO - 24/10/24 15:38:31 INFO DAGScheduler: Final stage: ShuffleMapStage 4 (count at NativeMethodAccessorImpl.java:0)
[2024-10-24T15:38:31.126+0000] {spark_submit.py:524} INFO - 24/10/24 15:38:31 INFO DAGScheduler: Parents of final stage: List()
[2024-10-24T15:38:31.127+0000] {spark_submit.py:524} INFO - 24/10/24 15:38:31 INFO DAGScheduler: Missing parents: List()
[2024-10-24T15:38:31.127+0000] {spark_submit.py:524} INFO - 24/10/24 15:38:31 INFO DAGScheduler: Submitting ShuffleMapStage 4 (MapPartitionsRDD[14] at count at NativeMethodAccessorImpl.java:0), which has no missing parents
[2024-10-24T15:38:31.131+0000] {spark_submit.py:524} INFO - 24/10/24 15:38:31 INFO MemoryStore: Block broadcast_6 stored as values in memory (estimated size 17.0 KiB, free 433.9 MiB)
[2024-10-24T15:38:31.132+0000] {spark_submit.py:524} INFO - 24/10/24 15:38:31 INFO MemoryStore: Block broadcast_6_piece0 stored as bytes in memory (estimated size 8.3 KiB, free 433.9 MiB)
[2024-10-24T15:38:31.133+0000] {spark_submit.py:524} INFO - 24/10/24 15:38:31 INFO BlockManagerInfo: Added broadcast_6_piece0 in memory on e995fa603d7f:43375 (size: 8.3 KiB, free: 434.3 MiB)
[2024-10-24T15:38:31.134+0000] {spark_submit.py:524} INFO - 24/10/24 15:38:31 INFO SparkContext: Created broadcast 6 from broadcast at DAGScheduler.scala:1580
[2024-10-24T15:38:31.134+0000] {spark_submit.py:524} INFO - 24/10/24 15:38:31 INFO DAGScheduler: Submitting 1 missing tasks from ShuffleMapStage 4 (MapPartitionsRDD[14] at count at NativeMethodAccessorImpl.java:0) (first 15 tasks are for partitions Vector(0))
[2024-10-24T15:38:31.135+0000] {spark_submit.py:524} INFO - 24/10/24 15:38:31 INFO TaskSchedulerImpl: Adding task set 4.0 with 1 tasks resource profile 0
[2024-10-24T15:38:31.136+0000] {spark_submit.py:524} INFO - 24/10/24 15:38:31 INFO TaskSetManager: Starting task 0.0 in stage 4.0 (TID 3) (172.18.0.5, executor 0, partition 0, PROCESS_LOCAL, 8241 bytes)
[2024-10-24T15:38:31.155+0000] {spark_submit.py:524} INFO - 24/10/24 15:38:31 INFO BlockManagerInfo: Added broadcast_6_piece0 in memory on 172.18.0.5:37149 (size: 8.3 KiB, free: 434.4 MiB)
[2024-10-24T15:38:31.176+0000] {spark_submit.py:524} INFO - 24/10/24 15:38:31 INFO BlockManagerInfo: Added broadcast_5_piece0 in memory on 172.18.0.5:37149 (size: 34.1 KiB, free: 434.3 MiB)
[2024-10-24T15:38:31.222+0000] {spark_submit.py:524} INFO - 24/10/24 15:38:31 INFO TaskSetManager: Finished task 0.0 in stage 4.0 (TID 3) in 86 ms on 172.18.0.5 (executor 0) (1/1)
[2024-10-24T15:38:31.222+0000] {spark_submit.py:524} INFO - 24/10/24 15:38:31 INFO TaskSchedulerImpl: Removed TaskSet 4.0, whose tasks have all completed, from pool
[2024-10-24T15:38:31.224+0000] {spark_submit.py:524} INFO - 24/10/24 15:38:31 INFO DAGScheduler: ShuffleMapStage 4 (count at NativeMethodAccessorImpl.java:0) finished in 0.095 s
[2024-10-24T15:38:31.224+0000] {spark_submit.py:524} INFO - 24/10/24 15:38:31 INFO DAGScheduler: looking for newly runnable stages
[2024-10-24T15:38:31.224+0000] {spark_submit.py:524} INFO - 24/10/24 15:38:31 INFO DAGScheduler: running: Set()
[2024-10-24T15:38:31.224+0000] {spark_submit.py:524} INFO - 24/10/24 15:38:31 INFO DAGScheduler: waiting: Set()
[2024-10-24T15:38:31.224+0000] {spark_submit.py:524} INFO - 24/10/24 15:38:31 INFO DAGScheduler: failed: Set()
[2024-10-24T15:38:31.253+0000] {spark_submit.py:524} INFO - 24/10/24 15:38:31 INFO SparkContext: Starting job: count at NativeMethodAccessorImpl.java:0
[2024-10-24T15:38:31.254+0000] {spark_submit.py:524} INFO - 24/10/24 15:38:31 INFO DAGScheduler: Got job 4 (count at NativeMethodAccessorImpl.java:0) with 1 output partitions
[2024-10-24T15:38:31.255+0000] {spark_submit.py:524} INFO - 24/10/24 15:38:31 INFO DAGScheduler: Final stage: ResultStage 6 (count at NativeMethodAccessorImpl.java:0)
[2024-10-24T15:38:31.255+0000] {spark_submit.py:524} INFO - 24/10/24 15:38:31 INFO DAGScheduler: Parents of final stage: List(ShuffleMapStage 5)
[2024-10-24T15:38:31.255+0000] {spark_submit.py:524} INFO - 24/10/24 15:38:31 INFO DAGScheduler: Missing parents: List()
[2024-10-24T15:38:31.255+0000] {spark_submit.py:524} INFO - 24/10/24 15:38:31 INFO DAGScheduler: Submitting ResultStage 6 (MapPartitionsRDD[17] at count at NativeMethodAccessorImpl.java:0), which has no missing parents
[2024-10-24T15:38:31.258+0000] {spark_submit.py:524} INFO - 24/10/24 15:38:31 INFO MemoryStore: Block broadcast_7 stored as values in memory (estimated size 12.5 KiB, free 433.9 MiB)
[2024-10-24T15:38:31.262+0000] {spark_submit.py:524} INFO - 24/10/24 15:38:31 INFO MemoryStore: Block broadcast_7_piece0 stored as bytes in memory (estimated size 5.9 KiB, free 433.9 MiB)
[2024-10-24T15:38:31.263+0000] {spark_submit.py:524} INFO - 24/10/24 15:38:31 INFO BlockManagerInfo: Added broadcast_7_piece0 in memory on e995fa603d7f:43375 (size: 5.9 KiB, free: 434.3 MiB)
[2024-10-24T15:38:31.263+0000] {spark_submit.py:524} INFO - 24/10/24 15:38:31 INFO SparkContext: Created broadcast 7 from broadcast at DAGScheduler.scala:1580
[2024-10-24T15:38:31.265+0000] {spark_submit.py:524} INFO - 24/10/24 15:38:31 INFO DAGScheduler: Submitting 1 missing tasks from ResultStage 6 (MapPartitionsRDD[17] at count at NativeMethodAccessorImpl.java:0) (first 15 tasks are for partitions Vector(0))
[2024-10-24T15:38:31.265+0000] {spark_submit.py:524} INFO - 24/10/24 15:38:31 INFO TaskSchedulerImpl: Adding task set 6.0 with 1 tasks resource profile 0
[2024-10-24T15:38:31.267+0000] {spark_submit.py:524} INFO - 24/10/24 15:38:31 INFO BlockManagerInfo: Removed broadcast_6_piece0 on e995fa603d7f:43375 in memory (size: 8.3 KiB, free: 434.3 MiB)
[2024-10-24T15:38:31.268+0000] {spark_submit.py:524} INFO - 24/10/24 15:38:31 INFO TaskSetManager: Starting task 0.0 in stage 6.0 (TID 4) (172.18.0.5, executor 0, partition 0, NODE_LOCAL, 7619 bytes)
[2024-10-24T15:38:31.268+0000] {spark_submit.py:524} INFO - 24/10/24 15:38:31 INFO BlockManagerInfo: Removed broadcast_6_piece0 on 172.18.0.5:37149 in memory (size: 8.3 KiB, free: 434.3 MiB)
[2024-10-24T15:38:31.288+0000] {spark_submit.py:524} INFO - 24/10/24 15:38:31 INFO BlockManagerInfo: Added broadcast_7_piece0 in memory on 172.18.0.5:37149 (size: 5.9 KiB, free: 434.3 MiB)
[2024-10-24T15:38:31.296+0000] {spark_submit.py:524} INFO - 24/10/24 15:38:31 INFO MapOutputTrackerMasterEndpoint: Asked to send map output locations for shuffle 1 to 172.18.0.5:43488
[2024-10-24T15:38:31.321+0000] {spark_submit.py:524} INFO - 24/10/24 15:38:31 INFO TaskSetManager: Finished task 0.0 in stage 6.0 (TID 4) in 53 ms on 172.18.0.5 (executor 0) (1/1)
[2024-10-24T15:38:31.321+0000] {spark_submit.py:524} INFO - 24/10/24 15:38:31 INFO TaskSchedulerImpl: Removed TaskSet 6.0, whose tasks have all completed, from pool
[2024-10-24T15:38:31.322+0000] {spark_submit.py:524} INFO - 24/10/24 15:38:31 INFO DAGScheduler: ResultStage 6 (count at NativeMethodAccessorImpl.java:0) finished in 0.066 s
[2024-10-24T15:38:31.322+0000] {spark_submit.py:524} INFO - 24/10/24 15:38:31 INFO DAGScheduler: Job 4 is finished. Cancelling potential speculative or zombie tasks for this job
[2024-10-24T15:38:31.322+0000] {spark_submit.py:524} INFO - 24/10/24 15:38:31 INFO TaskSchedulerImpl: Killing all running tasks in stage 6: Stage finished
[2024-10-24T15:38:31.323+0000] {spark_submit.py:524} INFO - 24/10/24 15:38:31 INFO DAGScheduler: Job 4 finished: count at NativeMethodAccessorImpl.java:0, took 0.069579 s
[2024-10-24T15:38:31.325+0000] {spark_submit.py:524} INFO - Quantidade:  50
[2024-10-24T15:38:31.383+0000] {spark_submit.py:524} INFO - 24/10/24 15:38:31 INFO FileSourceStrategy: Pushed Filters:
[2024-10-24T15:38:31.383+0000] {spark_submit.py:524} INFO - 24/10/24 15:38:31 INFO FileSourceStrategy: Post-Scan Filters:
[2024-10-24T15:38:31.424+0000] {spark_submit.py:524} INFO - 24/10/24 15:38:31 INFO ParquetUtils: Using default output committer for Parquet: org.apache.parquet.hadoop.ParquetOutputCommitter
[2024-10-24T15:38:31.455+0000] {spark_submit.py:524} INFO - 24/10/24 15:38:31 INFO FileOutputCommitter: File Output Committer Algorithm version is 1
[2024-10-24T15:38:31.455+0000] {spark_submit.py:524} INFO - 24/10/24 15:38:31 INFO FileOutputCommitter: FileOutputCommitter skip cleanup _temporary folders under output directory:false, ignore cleanup failures: false
[2024-10-24T15:38:31.456+0000] {spark_submit.py:524} INFO - 24/10/24 15:38:31 INFO SQLHadoopMapReduceCommitProtocol: Using user defined output committer class org.apache.parquet.hadoop.ParquetOutputCommitter
[2024-10-24T15:38:31.456+0000] {spark_submit.py:524} INFO - 24/10/24 15:38:31 INFO FileOutputCommitter: File Output Committer Algorithm version is 1
[2024-10-24T15:38:31.456+0000] {spark_submit.py:524} INFO - 24/10/24 15:38:31 INFO FileOutputCommitter: FileOutputCommitter skip cleanup _temporary folders under output directory:false, ignore cleanup failures: false
[2024-10-24T15:38:31.457+0000] {spark_submit.py:524} INFO - 24/10/24 15:38:31 INFO SQLHadoopMapReduceCommitProtocol: Using output committer class org.apache.parquet.hadoop.ParquetOutputCommitter
[2024-10-24T15:38:31.487+0000] {spark_submit.py:524} INFO - 24/10/24 15:38:31 INFO MemoryStore: Block broadcast_8 stored as values in memory (estimated size 199.1 KiB, free 433.7 MiB)
[2024-10-24T15:38:31.495+0000] {spark_submit.py:524} INFO - 24/10/24 15:38:31 INFO BlockManagerInfo: Removed broadcast_5_piece0 on e995fa603d7f:43375 in memory (size: 34.1 KiB, free: 434.4 MiB)
[2024-10-24T15:38:31.498+0000] {spark_submit.py:524} INFO - 24/10/24 15:38:31 INFO BlockManagerInfo: Removed broadcast_5_piece0 on 172.18.0.5:37149 in memory (size: 34.1 KiB, free: 434.4 MiB)
[2024-10-24T15:38:31.501+0000] {spark_submit.py:524} INFO - 24/10/24 15:38:31 INFO MemoryStore: Block broadcast_8_piece0 stored as bytes in memory (estimated size 34.1 KiB, free 433.9 MiB)
[2024-10-24T15:38:31.502+0000] {spark_submit.py:524} INFO - 24/10/24 15:38:31 INFO BlockManagerInfo: Added broadcast_8_piece0 in memory on e995fa603d7f:43375 (size: 34.1 KiB, free: 434.3 MiB)
[2024-10-24T15:38:31.503+0000] {spark_submit.py:524} INFO - 24/10/24 15:38:31 INFO SparkContext: Created broadcast 8 from save at NativeMethodAccessorImpl.java:0
[2024-10-24T15:38:31.504+0000] {spark_submit.py:524} INFO - 24/10/24 15:38:31 INFO FileSourceScanExec: Planning scan with bin packing, max size: 4194304 bytes, open cost is considered as scanning 4194304 bytes.
[2024-10-24T15:38:31.513+0000] {spark_submit.py:524} INFO - 24/10/24 15:38:31 INFO SparkContext: Starting job: save at NativeMethodAccessorImpl.java:0
[2024-10-24T15:38:31.515+0000] {spark_submit.py:524} INFO - 24/10/24 15:38:31 INFO DAGScheduler: Got job 5 (save at NativeMethodAccessorImpl.java:0) with 1 output partitions
[2024-10-24T15:38:31.515+0000] {spark_submit.py:524} INFO - 24/10/24 15:38:31 INFO DAGScheduler: Final stage: ResultStage 7 (save at NativeMethodAccessorImpl.java:0)
[2024-10-24T15:38:31.515+0000] {spark_submit.py:524} INFO - 24/10/24 15:38:31 INFO DAGScheduler: Parents of final stage: List()
[2024-10-24T15:38:31.516+0000] {spark_submit.py:524} INFO - 24/10/24 15:38:31 INFO DAGScheduler: Missing parents: List()
[2024-10-24T15:38:31.523+0000] {spark_submit.py:524} INFO - 24/10/24 15:38:31 INFO DAGScheduler: Submitting ResultStage 7 (MapPartitionsRDD[20] at save at NativeMethodAccessorImpl.java:0), which has no missing parents
[2024-10-24T15:38:31.523+0000] {spark_submit.py:524} INFO - 24/10/24 15:38:31 INFO BlockManagerInfo: Removed broadcast_7_piece0 on e995fa603d7f:43375 in memory (size: 5.9 KiB, free: 434.3 MiB)
[2024-10-24T15:38:31.524+0000] {spark_submit.py:524} INFO - 24/10/24 15:38:31 INFO BlockManagerInfo: Removed broadcast_7_piece0 on 172.18.0.5:37149 in memory (size: 5.9 KiB, free: 434.4 MiB)
[2024-10-24T15:38:31.551+0000] {spark_submit.py:524} INFO - 24/10/24 15:38:31 INFO MemoryStore: Block broadcast_9 stored as values in memory (estimated size 214.5 KiB, free 433.7 MiB)
[2024-10-24T15:38:31.554+0000] {spark_submit.py:524} INFO - 24/10/24 15:38:31 INFO MemoryStore: Block broadcast_9_piece0 stored as bytes in memory (estimated size 77.0 KiB, free 433.7 MiB)
[2024-10-24T15:38:31.555+0000] {spark_submit.py:524} INFO - 24/10/24 15:38:31 INFO BlockManagerInfo: Added broadcast_9_piece0 in memory on e995fa603d7f:43375 (size: 77.0 KiB, free: 434.3 MiB)
[2024-10-24T15:38:31.556+0000] {spark_submit.py:524} INFO - 24/10/24 15:38:31 INFO SparkContext: Created broadcast 9 from broadcast at DAGScheduler.scala:1580
[2024-10-24T15:38:31.557+0000] {spark_submit.py:524} INFO - 24/10/24 15:38:31 INFO DAGScheduler: Submitting 1 missing tasks from ResultStage 7 (MapPartitionsRDD[20] at save at NativeMethodAccessorImpl.java:0) (first 15 tasks are for partitions Vector(0))
[2024-10-24T15:38:31.557+0000] {spark_submit.py:524} INFO - 24/10/24 15:38:31 INFO TaskSchedulerImpl: Adding task set 7.0 with 1 tasks resource profile 0
[2024-10-24T15:38:31.558+0000] {spark_submit.py:524} INFO - 24/10/24 15:38:31 INFO TaskSetManager: Starting task 0.0 in stage 7.0 (TID 5) (172.18.0.5, executor 0, partition 0, PROCESS_LOCAL, 8252 bytes)
[2024-10-24T15:38:31.571+0000] {spark_submit.py:524} INFO - 24/10/24 15:38:31 INFO BlockManagerInfo: Added broadcast_9_piece0 in memory on 172.18.0.5:37149 (size: 77.0 KiB, free: 434.3 MiB)
[2024-10-24T15:38:32.092+0000] {spark_submit.py:524} INFO - 24/10/24 15:38:32 INFO BlockManagerInfo: Added broadcast_8_piece0 in memory on 172.18.0.5:37149 (size: 34.1 KiB, free: 434.3 MiB)
[2024-10-24T15:38:32.441+0000] {spark_submit.py:524} INFO - 24/10/24 15:38:32 INFO TaskSetManager: Finished task 0.0 in stage 7.0 (TID 5) in 883 ms on 172.18.0.5 (executor 0) (1/1)
[2024-10-24T15:38:32.441+0000] {spark_submit.py:524} INFO - 24/10/24 15:38:32 INFO TaskSchedulerImpl: Removed TaskSet 7.0, whose tasks have all completed, from pool
[2024-10-24T15:38:32.442+0000] {spark_submit.py:524} INFO - 24/10/24 15:38:32 INFO DAGScheduler: ResultStage 7 (save at NativeMethodAccessorImpl.java:0) finished in 0.925 s
[2024-10-24T15:38:32.443+0000] {spark_submit.py:524} INFO - 24/10/24 15:38:32 INFO DAGScheduler: Job 5 is finished. Cancelling potential speculative or zombie tasks for this job
[2024-10-24T15:38:32.444+0000] {spark_submit.py:524} INFO - 24/10/24 15:38:32 INFO TaskSchedulerImpl: Killing all running tasks in stage 7: Stage finished
[2024-10-24T15:38:32.444+0000] {spark_submit.py:524} INFO - 24/10/24 15:38:32 INFO DAGScheduler: Job 5 finished: save at NativeMethodAccessorImpl.java:0, took 0.930147 s
[2024-10-24T15:38:32.447+0000] {spark_submit.py:524} INFO - 24/10/24 15:38:32 INFO FileFormatWriter: Start to commit write Job 2909a923-3e8c-4b02-ab76-78feee7e1d6f.
[2024-10-24T15:38:32.468+0000] {spark_submit.py:524} INFO - 24/10/24 15:38:32 ERROR FileFormatWriter: Aborting job 2909a923-3e8c-4b02-ab76-78feee7e1d6f.
[2024-10-24T15:38:32.469+0000] {spark_submit.py:524} INFO - java.io.IOException: Failed to rename DeprecatedRawLocalFileStatus{path=file:/opt/***/data-lake/silver/openbrewerydb/_temporary/0/task_202410241538317422936175207916521_0007_m_000000/part-00000-68a67496-28dc-4baf-9b4c-f05bcda66f7f-c000.snappy.parquet; isDirectory=false; length=12920; replication=1; blocksize=33554432; modification_time=1729784312400; access_time=1729784311816; owner=; group=; permission=rw-rw-rw-; isSymlink=false; hasAcl=false; isEncrypted=false; isErasureCoded=false} to file:/opt/***/data-lake/silver/openbrewerydb/part-00000-68a67496-28dc-4baf-9b4c-f05bcda66f7f-c000.snappy.parquet
[2024-10-24T15:38:32.469+0000] {spark_submit.py:524} INFO - at org.apache.hadoop.mapreduce.lib.output.FileOutputCommitter.mergePaths(FileOutputCommitter.java:477)
[2024-10-24T15:38:32.469+0000] {spark_submit.py:524} INFO - at org.apache.hadoop.mapreduce.lib.output.FileOutputCommitter.mergePaths(FileOutputCommitter.java:490)
[2024-10-24T15:38:32.469+0000] {spark_submit.py:524} INFO - at org.apache.hadoop.mapreduce.lib.output.FileOutputCommitter.commitJobInternal(FileOutputCommitter.java:405)
[2024-10-24T15:38:32.469+0000] {spark_submit.py:524} INFO - at org.apache.hadoop.mapreduce.lib.output.FileOutputCommitter.commitJob(FileOutputCommitter.java:377)
[2024-10-24T15:38:32.469+0000] {spark_submit.py:524} INFO - at org.apache.parquet.hadoop.ParquetOutputCommitter.commitJob(ParquetOutputCommitter.java:48)
[2024-10-24T15:38:32.469+0000] {spark_submit.py:524} INFO - at org.apache.spark.internal.io.HadoopMapReduceCommitProtocol.commitJob(HadoopMapReduceCommitProtocol.scala:192)
[2024-10-24T15:38:32.469+0000] {spark_submit.py:524} INFO - at org.apache.spark.sql.execution.datasources.FileFormatWriter$.$anonfun$writeAndCommit$3(FileFormatWriter.scala:275)
[2024-10-24T15:38:32.469+0000] {spark_submit.py:524} INFO - at scala.runtime.java8.JFunction0$mcV$sp.apply(JFunction0$mcV$sp.java:23)
[2024-10-24T15:38:32.469+0000] {spark_submit.py:524} INFO - at org.apache.spark.util.Utils$.timeTakenMs(Utils.scala:552)
[2024-10-24T15:38:32.470+0000] {spark_submit.py:524} INFO - at org.apache.spark.sql.execution.datasources.FileFormatWriter$.writeAndCommit(FileFormatWriter.scala:275)
[2024-10-24T15:38:32.470+0000] {spark_submit.py:524} INFO - at org.apache.spark.sql.execution.datasources.FileFormatWriter$.executeWrite(FileFormatWriter.scala:304)
[2024-10-24T15:38:32.470+0000] {spark_submit.py:524} INFO - at org.apache.spark.sql.execution.datasources.FileFormatWriter$.write(FileFormatWriter.scala:190)
[2024-10-24T15:38:32.470+0000] {spark_submit.py:524} INFO - at org.apache.spark.sql.execution.datasources.InsertIntoHadoopFsRelationCommand.run(InsertIntoHadoopFsRelationCommand.scala:190)
[2024-10-24T15:38:32.470+0000] {spark_submit.py:524} INFO - at org.apache.spark.sql.execution.command.DataWritingCommandExec.sideEffectResult$lzycompute(commands.scala:113)
[2024-10-24T15:38:32.470+0000] {spark_submit.py:524} INFO - at org.apache.spark.sql.execution.command.DataWritingCommandExec.sideEffectResult(commands.scala:111)
[2024-10-24T15:38:32.470+0000] {spark_submit.py:524} INFO - at org.apache.spark.sql.execution.command.DataWritingCommandExec.executeCollect(commands.scala:125)
[2024-10-24T15:38:32.470+0000] {spark_submit.py:524} INFO - at org.apache.spark.sql.execution.QueryExecution$$anonfun$eagerlyExecuteCommands$1.$anonfun$applyOrElse$1(QueryExecution.scala:107)
[2024-10-24T15:38:32.470+0000] {spark_submit.py:524} INFO - at org.apache.spark.sql.execution.SQLExecution$.$anonfun$withNewExecutionId$6(SQLExecution.scala:125)
[2024-10-24T15:38:32.470+0000] {spark_submit.py:524} INFO - at org.apache.spark.sql.execution.SQLExecution$.withSQLConfPropagated(SQLExecution.scala:201)
[2024-10-24T15:38:32.470+0000] {spark_submit.py:524} INFO - at org.apache.spark.sql.execution.SQLExecution$.$anonfun$withNewExecutionId$1(SQLExecution.scala:108)
[2024-10-24T15:38:32.470+0000] {spark_submit.py:524} INFO - at org.apache.spark.sql.SparkSession.withActive(SparkSession.scala:900)
[2024-10-24T15:38:32.470+0000] {spark_submit.py:524} INFO - at org.apache.spark.sql.execution.SQLExecution$.withNewExecutionId(SQLExecution.scala:66)
[2024-10-24T15:38:32.471+0000] {spark_submit.py:524} INFO - at org.apache.spark.sql.execution.QueryExecution$$anonfun$eagerlyExecuteCommands$1.applyOrElse(QueryExecution.scala:107)
[2024-10-24T15:38:32.471+0000] {spark_submit.py:524} INFO - at org.apache.spark.sql.execution.QueryExecution$$anonfun$eagerlyExecuteCommands$1.applyOrElse(QueryExecution.scala:98)
[2024-10-24T15:38:32.471+0000] {spark_submit.py:524} INFO - at org.apache.spark.sql.catalyst.trees.TreeNode.$anonfun$transformDownWithPruning$1(TreeNode.scala:461)
[2024-10-24T15:38:32.471+0000] {spark_submit.py:524} INFO - at org.apache.spark.sql.catalyst.trees.CurrentOrigin$.withOrigin(origin.scala:76)
[2024-10-24T15:38:32.471+0000] {spark_submit.py:524} INFO - at org.apache.spark.sql.catalyst.trees.TreeNode.transformDownWithPruning(TreeNode.scala:461)
[2024-10-24T15:38:32.471+0000] {spark_submit.py:524} INFO - at org.apache.spark.sql.catalyst.plans.logical.LogicalPlan.org$apache$spark$sql$catalyst$plans$logical$AnalysisHelper$$super$transformDownWithPruning(LogicalPlan.scala:32)
[2024-10-24T15:38:32.471+0000] {spark_submit.py:524} INFO - at org.apache.spark.sql.catalyst.plans.logical.AnalysisHelper.transformDownWithPruning(AnalysisHelper.scala:267)
[2024-10-24T15:38:32.471+0000] {spark_submit.py:524} INFO - at org.apache.spark.sql.catalyst.plans.logical.AnalysisHelper.transformDownWithPruning$(AnalysisHelper.scala:263)
[2024-10-24T15:38:32.471+0000] {spark_submit.py:524} INFO - at org.apache.spark.sql.catalyst.plans.logical.LogicalPlan.transformDownWithPruning(LogicalPlan.scala:32)
[2024-10-24T15:38:32.471+0000] {spark_submit.py:524} INFO - at org.apache.spark.sql.catalyst.plans.logical.LogicalPlan.transformDownWithPruning(LogicalPlan.scala:32)
[2024-10-24T15:38:32.471+0000] {spark_submit.py:524} INFO - at org.apache.spark.sql.catalyst.trees.TreeNode.transformDown(TreeNode.scala:437)
[2024-10-24T15:38:32.471+0000] {spark_submit.py:524} INFO - at org.apache.spark.sql.execution.QueryExecution.eagerlyExecuteCommands(QueryExecution.scala:98)
[2024-10-24T15:38:32.472+0000] {spark_submit.py:524} INFO - at org.apache.spark.sql.execution.QueryExecution.commandExecuted$lzycompute(QueryExecution.scala:85)
[2024-10-24T15:38:32.472+0000] {spark_submit.py:524} INFO - at org.apache.spark.sql.execution.QueryExecution.commandExecuted(QueryExecution.scala:83)
[2024-10-24T15:38:32.472+0000] {spark_submit.py:524} INFO - at org.apache.spark.sql.execution.QueryExecution.assertCommandExecuted(QueryExecution.scala:142)
[2024-10-24T15:38:32.472+0000] {spark_submit.py:524} INFO - at org.apache.spark.sql.DataFrameWriter.runCommand(DataFrameWriter.scala:859)
[2024-10-24T15:38:32.472+0000] {spark_submit.py:524} INFO - at org.apache.spark.sql.DataFrameWriter.saveToV1Source(DataFrameWriter.scala:388)
[2024-10-24T15:38:32.472+0000] {spark_submit.py:524} INFO - at org.apache.spark.sql.DataFrameWriter.saveInternal(DataFrameWriter.scala:361)
[2024-10-24T15:38:32.472+0000] {spark_submit.py:524} INFO - at org.apache.spark.sql.DataFrameWriter.save(DataFrameWriter.scala:240)
[2024-10-24T15:38:32.472+0000] {spark_submit.py:524} INFO - at java.base/jdk.internal.reflect.NativeMethodAccessorImpl.invoke0(Native Method)
[2024-10-24T15:38:32.472+0000] {spark_submit.py:524} INFO - at java.base/jdk.internal.reflect.NativeMethodAccessorImpl.invoke(NativeMethodAccessorImpl.java:77)
[2024-10-24T15:38:32.473+0000] {spark_submit.py:524} INFO - at java.base/jdk.internal.reflect.DelegatingMethodAccessorImpl.invoke(DelegatingMethodAccessorImpl.java:43)
[2024-10-24T15:38:32.473+0000] {spark_submit.py:524} INFO - at java.base/java.lang.reflect.Method.invoke(Method.java:569)
[2024-10-24T15:38:32.473+0000] {spark_submit.py:524} INFO - at py4j.reflection.MethodInvoker.invoke(MethodInvoker.java:244)
[2024-10-24T15:38:32.473+0000] {spark_submit.py:524} INFO - at py4j.reflection.ReflectionEngine.invoke(ReflectionEngine.java:374)
[2024-10-24T15:38:32.473+0000] {spark_submit.py:524} INFO - at py4j.Gateway.invoke(Gateway.java:282)
[2024-10-24T15:38:32.473+0000] {spark_submit.py:524} INFO - at py4j.commands.AbstractCommand.invokeMethod(AbstractCommand.java:132)
[2024-10-24T15:38:32.473+0000] {spark_submit.py:524} INFO - at py4j.commands.CallCommand.execute(CallCommand.java:79)
[2024-10-24T15:38:32.473+0000] {spark_submit.py:524} INFO - at py4j.ClientServerConnection.waitForCommands(ClientServerConnection.java:182)
[2024-10-24T15:38:32.473+0000] {spark_submit.py:524} INFO - at py4j.ClientServerConnection.run(ClientServerConnection.java:106)
[2024-10-24T15:38:32.473+0000] {spark_submit.py:524} INFO - at java.base/java.lang.Thread.run(Thread.java:840)
[2024-10-24T15:38:32.473+0000] {spark_submit.py:524} INFO - 24/10/24 15:38:32 WARN FileUtil: Failed to delete file or dir [/opt/***/data-lake/silver/openbrewerydb/_temporary/0/task_202410241538317422936175207916521_0007_m_000000/part-00000-68a67496-28dc-4baf-9b4c-f05bcda66f7f-c000.snappy.parquet]: it still exists.
[2024-10-24T15:38:32.474+0000] {spark_submit.py:524} INFO - 24/10/24 15:38:32 WARN FileUtil: Failed to delete file or dir [/opt/***/data-lake/silver/openbrewerydb/_temporary/0/task_202410241538317422936175207916521_0007_m_000000/.part-00000-68a67496-28dc-4baf-9b4c-f05bcda66f7f-c000.snappy.parquet.crc]: it still exists.
[2024-10-24T15:38:32.494+0000] {spark_submit.py:524} INFO - Uma exceo ocorreu durante a leitura dos dados da camada bronze: An error occurred while calling o30.save.
[2024-10-24T15:38:32.494+0000] {spark_submit.py:524} INFO - : java.io.IOException: Failed to rename DeprecatedRawLocalFileStatus{path=file:/opt/***/data-lake/silver/openbrewerydb/_temporary/0/task_202410241538317422936175207916521_0007_m_000000/part-00000-68a67496-28dc-4baf-9b4c-f05bcda66f7f-c000.snappy.parquet; isDirectory=false; length=12920; replication=1; blocksize=33554432; modification_time=1729784312400; access_time=1729784311816; owner=; group=; permission=rw-rw-rw-; isSymlink=false; hasAcl=false; isEncrypted=false; isErasureCoded=false} to file:/opt/***/data-lake/silver/openbrewerydb/part-00000-68a67496-28dc-4baf-9b4c-f05bcda66f7f-c000.snappy.parquet
[2024-10-24T15:38:32.494+0000] {spark_submit.py:524} INFO - at org.apache.hadoop.mapreduce.lib.output.FileOutputCommitter.mergePaths(FileOutputCommitter.java:477)
[2024-10-24T15:38:32.494+0000] {spark_submit.py:524} INFO - at org.apache.hadoop.mapreduce.lib.output.FileOutputCommitter.mergePaths(FileOutputCommitter.java:490)
[2024-10-24T15:38:32.494+0000] {spark_submit.py:524} INFO - at org.apache.hadoop.mapreduce.lib.output.FileOutputCommitter.commitJobInternal(FileOutputCommitter.java:405)
[2024-10-24T15:38:32.494+0000] {spark_submit.py:524} INFO - at org.apache.hadoop.mapreduce.lib.output.FileOutputCommitter.commitJob(FileOutputCommitter.java:377)
[2024-10-24T15:38:32.494+0000] {spark_submit.py:524} INFO - at org.apache.parquet.hadoop.ParquetOutputCommitter.commitJob(ParquetOutputCommitter.java:48)
[2024-10-24T15:38:32.494+0000] {spark_submit.py:524} INFO - at org.apache.spark.internal.io.HadoopMapReduceCommitProtocol.commitJob(HadoopMapReduceCommitProtocol.scala:192)
[2024-10-24T15:38:32.495+0000] {spark_submit.py:524} INFO - at org.apache.spark.sql.execution.datasources.FileFormatWriter$.$anonfun$writeAndCommit$3(FileFormatWriter.scala:275)
[2024-10-24T15:38:32.495+0000] {spark_submit.py:524} INFO - at scala.runtime.java8.JFunction0$mcV$sp.apply(JFunction0$mcV$sp.java:23)
[2024-10-24T15:38:32.495+0000] {spark_submit.py:524} INFO - at org.apache.spark.util.Utils$.timeTakenMs(Utils.scala:552)
[2024-10-24T15:38:32.495+0000] {spark_submit.py:524} INFO - at org.apache.spark.sql.execution.datasources.FileFormatWriter$.writeAndCommit(FileFormatWriter.scala:275)
[2024-10-24T15:38:32.495+0000] {spark_submit.py:524} INFO - at org.apache.spark.sql.execution.datasources.FileFormatWriter$.executeWrite(FileFormatWriter.scala:304)
[2024-10-24T15:38:32.495+0000] {spark_submit.py:524} INFO - at org.apache.spark.sql.execution.datasources.FileFormatWriter$.write(FileFormatWriter.scala:190)
[2024-10-24T15:38:32.495+0000] {spark_submit.py:524} INFO - at org.apache.spark.sql.execution.datasources.InsertIntoHadoopFsRelationCommand.run(InsertIntoHadoopFsRelationCommand.scala:190)
[2024-10-24T15:38:32.495+0000] {spark_submit.py:524} INFO - at org.apache.spark.sql.execution.command.DataWritingCommandExec.sideEffectResult$lzycompute(commands.scala:113)
[2024-10-24T15:38:32.495+0000] {spark_submit.py:524} INFO - at org.apache.spark.sql.execution.command.DataWritingCommandExec.sideEffectResult(commands.scala:111)
[2024-10-24T15:38:32.495+0000] {spark_submit.py:524} INFO - at org.apache.spark.sql.execution.command.DataWritingCommandExec.executeCollect(commands.scala:125)
[2024-10-24T15:38:32.496+0000] {spark_submit.py:524} INFO - at org.apache.spark.sql.execution.QueryExecution$$anonfun$eagerlyExecuteCommands$1.$anonfun$applyOrElse$1(QueryExecution.scala:107)
[2024-10-24T15:38:32.496+0000] {spark_submit.py:524} INFO - at org.apache.spark.sql.execution.SQLExecution$.$anonfun$withNewExecutionId$6(SQLExecution.scala:125)
[2024-10-24T15:38:32.496+0000] {spark_submit.py:524} INFO - at org.apache.spark.sql.execution.SQLExecution$.withSQLConfPropagated(SQLExecution.scala:201)
[2024-10-24T15:38:32.496+0000] {spark_submit.py:524} INFO - at org.apache.spark.sql.execution.SQLExecution$.$anonfun$withNewExecutionId$1(SQLExecution.scala:108)
[2024-10-24T15:38:32.496+0000] {spark_submit.py:524} INFO - at org.apache.spark.sql.SparkSession.withActive(SparkSession.scala:900)
[2024-10-24T15:38:32.496+0000] {spark_submit.py:524} INFO - at org.apache.spark.sql.execution.SQLExecution$.withNewExecutionId(SQLExecution.scala:66)
[2024-10-24T15:38:32.496+0000] {spark_submit.py:524} INFO - at org.apache.spark.sql.execution.QueryExecution$$anonfun$eagerlyExecuteCommands$1.applyOrElse(QueryExecution.scala:107)
[2024-10-24T15:38:32.496+0000] {spark_submit.py:524} INFO - at org.apache.spark.sql.execution.QueryExecution$$anonfun$eagerlyExecuteCommands$1.applyOrElse(QueryExecution.scala:98)
[2024-10-24T15:38:32.496+0000] {spark_submit.py:524} INFO - at org.apache.spark.sql.catalyst.trees.TreeNode.$anonfun$transformDownWithPruning$1(TreeNode.scala:461)
[2024-10-24T15:38:32.496+0000] {spark_submit.py:524} INFO - at org.apache.spark.sql.catalyst.trees.CurrentOrigin$.withOrigin(origin.scala:76)
[2024-10-24T15:38:32.496+0000] {spark_submit.py:524} INFO - at org.apache.spark.sql.catalyst.trees.TreeNode.transformDownWithPruning(TreeNode.scala:461)
[2024-10-24T15:38:32.497+0000] {spark_submit.py:524} INFO - at org.apache.spark.sql.catalyst.plans.logical.LogicalPlan.org$apache$spark$sql$catalyst$plans$logical$AnalysisHelper$$super$transformDownWithPruning(LogicalPlan.scala:32)
[2024-10-24T15:38:32.497+0000] {spark_submit.py:524} INFO - at org.apache.spark.sql.catalyst.plans.logical.AnalysisHelper.transformDownWithPruning(AnalysisHelper.scala:267)
[2024-10-24T15:38:32.497+0000] {spark_submit.py:524} INFO - at org.apache.spark.sql.catalyst.plans.logical.AnalysisHelper.transformDownWithPruning$(AnalysisHelper.scala:263)
[2024-10-24T15:38:32.497+0000] {spark_submit.py:524} INFO - at org.apache.spark.sql.catalyst.plans.logical.LogicalPlan.transformDownWithPruning(LogicalPlan.scala:32)
[2024-10-24T15:38:32.497+0000] {spark_submit.py:524} INFO - at org.apache.spark.sql.catalyst.plans.logical.LogicalPlan.transformDownWithPruning(LogicalPlan.scala:32)
[2024-10-24T15:38:32.497+0000] {spark_submit.py:524} INFO - at org.apache.spark.sql.catalyst.trees.TreeNode.transformDown(TreeNode.scala:437)
[2024-10-24T15:38:32.497+0000] {spark_submit.py:524} INFO - at org.apache.spark.sql.execution.QueryExecution.eagerlyExecuteCommands(QueryExecution.scala:98)
[2024-10-24T15:38:32.497+0000] {spark_submit.py:524} INFO - at org.apache.spark.sql.execution.QueryExecution.commandExecuted$lzycompute(QueryExecution.scala:85)
[2024-10-24T15:38:32.497+0000] {spark_submit.py:524} INFO - at org.apache.spark.sql.execution.QueryExecution.commandExecuted(QueryExecution.scala:83)
[2024-10-24T15:38:32.497+0000] {spark_submit.py:524} INFO - at org.apache.spark.sql.execution.QueryExecution.assertCommandExecuted(QueryExecution.scala:142)
[2024-10-24T15:38:32.497+0000] {spark_submit.py:524} INFO - at org.apache.spark.sql.DataFrameWriter.runCommand(DataFrameWriter.scala:859)
[2024-10-24T15:38:32.497+0000] {spark_submit.py:524} INFO - at org.apache.spark.sql.DataFrameWriter.saveToV1Source(DataFrameWriter.scala:388)
[2024-10-24T15:38:32.498+0000] {spark_submit.py:524} INFO - at org.apache.spark.sql.DataFrameWriter.saveInternal(DataFrameWriter.scala:361)
[2024-10-24T15:38:32.498+0000] {spark_submit.py:524} INFO - at org.apache.spark.sql.DataFrameWriter.save(DataFrameWriter.scala:240)
[2024-10-24T15:38:32.498+0000] {spark_submit.py:524} INFO - at java.base/jdk.internal.reflect.NativeMethodAccessorImpl.invoke0(Native Method)
[2024-10-24T15:38:32.498+0000] {spark_submit.py:524} INFO - at java.base/jdk.internal.reflect.NativeMethodAccessorImpl.invoke(NativeMethodAccessorImpl.java:77)
[2024-10-24T15:38:32.498+0000] {spark_submit.py:524} INFO - at java.base/jdk.internal.reflect.DelegatingMethodAccessorImpl.invoke(DelegatingMethodAccessorImpl.java:43)
[2024-10-24T15:38:32.498+0000] {spark_submit.py:524} INFO - at java.base/java.lang.reflect.Method.invoke(Method.java:569)
[2024-10-24T15:38:32.498+0000] {spark_submit.py:524} INFO - at py4j.reflection.MethodInvoker.invoke(MethodInvoker.java:244)
[2024-10-24T15:38:32.498+0000] {spark_submit.py:524} INFO - at py4j.reflection.ReflectionEngine.invoke(ReflectionEngine.java:374)
[2024-10-24T15:38:32.498+0000] {spark_submit.py:524} INFO - at py4j.Gateway.invoke(Gateway.java:282)
[2024-10-24T15:38:32.498+0000] {spark_submit.py:524} INFO - at py4j.commands.AbstractCommand.invokeMethod(AbstractCommand.java:132)
[2024-10-24T15:38:32.498+0000] {spark_submit.py:524} INFO - at py4j.commands.CallCommand.execute(CallCommand.java:79)
[2024-10-24T15:38:32.499+0000] {spark_submit.py:524} INFO - at py4j.ClientServerConnection.waitForCommands(ClientServerConnection.java:182)
[2024-10-24T15:38:32.499+0000] {spark_submit.py:524} INFO - at py4j.ClientServerConnection.run(ClientServerConnection.java:106)
[2024-10-24T15:38:32.499+0000] {spark_submit.py:524} INFO - at java.base/java.lang.Thread.run(Thread.java:840)
[2024-10-24T15:38:32.499+0000] {spark_submit.py:524} INFO - 
[2024-10-24T15:38:32.499+0000] {spark_submit.py:524} INFO - 24/10/24 15:38:32 INFO SparkContext: SparkContext is stopping with exitCode 0.
[2024-10-24T15:38:32.505+0000] {spark_submit.py:524} INFO - 24/10/24 15:38:32 INFO SparkUI: Stopped Spark web UI at http://e995fa603d7f:4040
[2024-10-24T15:38:32.509+0000] {spark_submit.py:524} INFO - 24/10/24 15:38:32 INFO StandaloneSchedulerBackend: Shutting down all executors
[2024-10-24T15:38:32.510+0000] {spark_submit.py:524} INFO - 24/10/24 15:38:32 INFO StandaloneSchedulerBackend$StandaloneDriverEndpoint: Asking each executor to shut down
[2024-10-24T15:38:32.532+0000] {spark_submit.py:524} INFO - 24/10/24 15:38:32 INFO MapOutputTrackerMasterEndpoint: MapOutputTrackerMasterEndpoint stopped!
[2024-10-24T15:38:32.568+0000] {spark_submit.py:524} INFO - 24/10/24 15:38:32 INFO MemoryStore: MemoryStore cleared
[2024-10-24T15:38:32.570+0000] {spark_submit.py:524} INFO - 24/10/24 15:38:32 INFO BlockManager: BlockManager stopped
[2024-10-24T15:38:32.583+0000] {spark_submit.py:524} INFO - 24/10/24 15:38:32 INFO BlockManagerMaster: BlockManagerMaster stopped
[2024-10-24T15:38:32.588+0000] {spark_submit.py:524} INFO - 24/10/24 15:38:32 INFO OutputCommitCoordinator$OutputCommitCoordinatorEndpoint: OutputCommitCoordinator stopped!
[2024-10-24T15:38:32.602+0000] {spark_submit.py:524} INFO - 24/10/24 15:38:32 INFO SparkContext: Successfully stopped SparkContext
[2024-10-24T15:38:32.713+0000] {spark_submit.py:524} INFO - 24/10/24 15:38:32 INFO ShutdownHookManager: Shutdown hook called
[2024-10-24T15:38:32.714+0000] {spark_submit.py:524} INFO - 24/10/24 15:38:32 INFO ShutdownHookManager: Deleting directory /tmp/spark-a1ac92da-fea0-42e8-8bca-d24b71999c34
[2024-10-24T15:38:32.719+0000] {spark_submit.py:524} INFO - 24/10/24 15:38:32 INFO ShutdownHookManager: Deleting directory /tmp/spark-ab2676ce-037c-4a52-9061-2b913f2bf6ea
[2024-10-24T15:38:32.723+0000] {spark_submit.py:524} INFO - 24/10/24 15:38:32 INFO ShutdownHookManager: Deleting directory /tmp/spark-ab2676ce-037c-4a52-9061-2b913f2bf6ea/pyspark-28de4a27-3d73-49b0-a188-b6fe7b0a7e19
[2024-10-24T15:38:32.807+0000] {taskinstance.py:1398} INFO - Marking task as SUCCESS. dag_id=api_openbrewerydb_to_silver_gold, task_id=Silver, execution_date=20241024T153819, start_date=20241024T153820, end_date=20241024T153832
[2024-10-24T15:38:32.855+0000] {local_task_job_runner.py:228} INFO - Task exited with return code 0
[2024-10-24T15:38:32.913+0000] {taskinstance.py:2776} INFO - 1 downstream tasks scheduled from follow-on schedule check
