[2024-10-24T01:18:53.261+0000] {taskinstance.py:1157} INFO - Dependencies all met for dep_context=non-requeueable deps ti=<TaskInstance: api_openbrewerydb_to_silver_gold.Silver scheduled__2023-11-11T08:00:00+00:00 [queued]>
[2024-10-24T01:18:53.280+0000] {taskinstance.py:1157} INFO - Dependencies all met for dep_context=requeueable deps ti=<TaskInstance: api_openbrewerydb_to_silver_gold.Silver scheduled__2023-11-11T08:00:00+00:00 [queued]>
[2024-10-24T01:18:53.280+0000] {taskinstance.py:1359} INFO - Starting attempt 1 of 3
[2024-10-24T01:18:53.309+0000] {taskinstance.py:1380} INFO - Executing <Task(SparkSubmitOperator): Silver> on 2023-11-11 08:00:00+00:00
[2024-10-24T01:18:53.315+0000] {standard_task_runner.py:57} INFO - Started process 2971 to run task
[2024-10-24T01:18:53.322+0000] {standard_task_runner.py:84} INFO - Running: ['***', 'tasks', 'run', 'api_openbrewerydb_to_silver_gold', 'Silver', 'scheduled__2023-11-11T08:00:00+00:00', '--job-id', '82', '--raw', '--subdir', 'DAGS_FOLDER/api_openbrewerydb_to_silver.py', '--cfg-path', '/tmp/tmpopx0guii']
[2024-10-24T01:18:53.328+0000] {standard_task_runner.py:85} INFO - Job 82: Subtask Silver
[2024-10-24T01:18:53.411+0000] {task_command.py:415} INFO - Running <TaskInstance: api_openbrewerydb_to_silver_gold.Silver scheduled__2023-11-11T08:00:00+00:00 [running]> on host de5108c6da1d
[2024-10-24T01:18:53.524+0000] {taskinstance.py:1660} INFO - Exporting env vars: AIRFLOW_CTX_DAG_OWNER='Rodrigo Araujo' AIRFLOW_CTX_DAG_ID='api_openbrewerydb_to_silver_gold' AIRFLOW_CTX_TASK_ID='Silver' AIRFLOW_CTX_EXECUTION_DATE='2023-11-11T08:00:00+00:00' AIRFLOW_CTX_TRY_NUMBER='1' AIRFLOW_CTX_DAG_RUN_ID='scheduled__2023-11-11T08:00:00+00:00'
[2024-10-24T01:18:53.540+0000] {base.py:73} INFO - Using connection ID 'spark-conn' for task execution.
[2024-10-24T01:18:53.540+0000] {spark_submit.py:363} INFO - Spark-Submit cmd: spark-submit --master spark://spark-master:7077 --name arrow-spark --queue root.default jobs/silver/api_openbrewerydb.py
[2024-10-24T01:18:58.267+0000] {spark_submit.py:524} INFO - 24/10/24 01:18:58 INFO SparkContext: Running Spark version 3.5.3
[2024-10-24T01:18:58.271+0000] {spark_submit.py:524} INFO - 24/10/24 01:18:58 INFO SparkContext: OS info Linux, 5.15.0-124-generic, amd64
[2024-10-24T01:18:58.272+0000] {spark_submit.py:524} INFO - 24/10/24 01:18:58 INFO SparkContext: Java version 11.0.25
[2024-10-24T01:18:58.404+0000] {spark_submit.py:524} INFO - 24/10/24 01:18:58 WARN NativeCodeLoader: Unable to load native-hadoop library for your platform... using builtin-java classes where applicable
[2024-10-24T01:18:58.592+0000] {spark_submit.py:524} INFO - 24/10/24 01:18:58 INFO ResourceUtils: ==============================================================
[2024-10-24T01:18:58.593+0000] {spark_submit.py:524} INFO - 24/10/24 01:18:58 INFO ResourceUtils: No custom resources configured for spark.driver.
[2024-10-24T01:18:58.593+0000] {spark_submit.py:524} INFO - 24/10/24 01:18:58 INFO ResourceUtils: ==============================================================
[2024-10-24T01:18:58.594+0000] {spark_submit.py:524} INFO - 24/10/24 01:18:58 INFO SparkContext: Submitted application: IngestaoSilver
[2024-10-24T01:18:58.625+0000] {spark_submit.py:524} INFO - 24/10/24 01:18:58 INFO ResourceProfile: Default ResourceProfile created, executor resources: Map(memory -> name: memory, amount: 1024, script: , vendor: , offHeap -> name: offHeap, amount: 0, script: , vendor: ), task resources: Map(cpus -> name: cpus, amount: 1.0)
[2024-10-24T01:18:58.641+0000] {spark_submit.py:524} INFO - 24/10/24 01:18:58 INFO ResourceProfile: Limiting resource is cpu
[2024-10-24T01:18:58.642+0000] {spark_submit.py:524} INFO - 24/10/24 01:18:58 INFO ResourceProfileManager: Added ResourceProfile id: 0
[2024-10-24T01:18:58.701+0000] {spark_submit.py:524} INFO - 24/10/24 01:18:58 INFO SecurityManager: Changing view acls to: ***
[2024-10-24T01:18:58.701+0000] {spark_submit.py:524} INFO - 24/10/24 01:18:58 INFO SecurityManager: Changing modify acls to: ***
[2024-10-24T01:18:58.702+0000] {spark_submit.py:524} INFO - 24/10/24 01:18:58 INFO SecurityManager: Changing view acls groups to:
[2024-10-24T01:18:58.702+0000] {spark_submit.py:524} INFO - 24/10/24 01:18:58 INFO SecurityManager: Changing modify acls groups to:
[2024-10-24T01:18:58.703+0000] {spark_submit.py:524} INFO - 24/10/24 01:18:58 INFO SecurityManager: SecurityManager: authentication disabled; ui acls disabled; users with view permissions: ***; groups with view permissions: EMPTY; users with modify permissions: ***; groups with modify permissions: EMPTY
[2024-10-24T01:18:59.073+0000] {spark_submit.py:524} INFO - 24/10/24 01:18:59 INFO Utils: Successfully started service 'sparkDriver' on port 39885.
[2024-10-24T01:18:59.111+0000] {spark_submit.py:524} INFO - 24/10/24 01:18:59 INFO SparkEnv: Registering MapOutputTracker
[2024-10-24T01:18:59.155+0000] {spark_submit.py:524} INFO - 24/10/24 01:18:59 INFO SparkEnv: Registering BlockManagerMaster
[2024-10-24T01:18:59.186+0000] {spark_submit.py:524} INFO - 24/10/24 01:18:59 INFO BlockManagerMasterEndpoint: Using org.apache.spark.storage.DefaultTopologyMapper for getting topology information
[2024-10-24T01:18:59.187+0000] {spark_submit.py:524} INFO - 24/10/24 01:18:59 INFO BlockManagerMasterEndpoint: BlockManagerMasterEndpoint up
[2024-10-24T01:18:59.191+0000] {spark_submit.py:524} INFO - 24/10/24 01:18:59 INFO SparkEnv: Registering BlockManagerMasterHeartbeat
[2024-10-24T01:18:59.216+0000] {spark_submit.py:524} INFO - 24/10/24 01:18:59 INFO DiskBlockManager: Created local directory at /tmp/blockmgr-b6d47483-a9dc-4fdf-9468-e84b65f663a3
[2024-10-24T01:18:59.237+0000] {spark_submit.py:524} INFO - 24/10/24 01:18:59 INFO MemoryStore: MemoryStore started with capacity 434.4 MiB
[2024-10-24T01:18:59.262+0000] {spark_submit.py:524} INFO - 24/10/24 01:18:59 INFO SparkEnv: Registering OutputCommitCoordinator
[2024-10-24T01:18:59.540+0000] {spark_submit.py:524} INFO - 24/10/24 01:18:59 INFO JettyUtils: Start Jetty 0.0.0.0:4040 for SparkUI
[2024-10-24T01:18:59.674+0000] {spark_submit.py:524} INFO - 24/10/24 01:18:59 INFO Utils: Successfully started service 'SparkUI' on port 4040.
[2024-10-24T01:18:59.932+0000] {spark_submit.py:524} INFO - 24/10/24 01:18:59 INFO StandaloneAppClient$ClientEndpoint: Connecting to master spark://spark-master:7077...
[2024-10-24T01:19:00.028+0000] {spark_submit.py:524} INFO - 24/10/24 01:19:00 INFO TransportClientFactory: Successfully created connection to spark-master/172.22.0.3:7077 after 54 ms (0 ms spent in bootstraps)
[2024-10-24T01:19:00.196+0000] {spark_submit.py:524} INFO - 24/10/24 01:19:00 INFO StandaloneSchedulerBackend: Connected to Spark cluster with app ID app-20241024011900-0013
[2024-10-24T01:19:00.201+0000] {spark_submit.py:524} INFO - 24/10/24 01:19:00 INFO StandaloneAppClient$ClientEndpoint: Executor added: app-20241024011900-0013/0 on worker-20241024010948-172.22.0.4-41535 (172.22.0.4:41535) with 2 core(s)
[2024-10-24T01:19:00.215+0000] {spark_submit.py:524} INFO - 24/10/24 01:19:00 INFO StandaloneSchedulerBackend: Granted executor ID app-20241024011900-0013/0 on hostPort 172.22.0.4:41535 with 2 core(s), 1024.0 MiB RAM
[2024-10-24T01:19:00.222+0000] {spark_submit.py:524} INFO - 24/10/24 01:19:00 INFO Utils: Successfully started service 'org.apache.spark.network.netty.NettyBlockTransferService' on port 32971.
[2024-10-24T01:19:00.223+0000] {spark_submit.py:524} INFO - 24/10/24 01:19:00 INFO NettyBlockTransferService: Server created on de5108c6da1d:32971
[2024-10-24T01:19:00.230+0000] {spark_submit.py:524} INFO - 24/10/24 01:19:00 INFO BlockManager: Using org.apache.spark.storage.RandomBlockReplicationPolicy for block replication policy
[2024-10-24T01:19:00.252+0000] {spark_submit.py:524} INFO - 24/10/24 01:19:00 INFO BlockManagerMaster: Registering BlockManager BlockManagerId(driver, de5108c6da1d, 32971, None)
[2024-10-24T01:19:00.285+0000] {spark_submit.py:524} INFO - 24/10/24 01:19:00 INFO BlockManagerMasterEndpoint: Registering block manager de5108c6da1d:32971 with 434.4 MiB RAM, BlockManagerId(driver, de5108c6da1d, 32971, None)
[2024-10-24T01:19:00.292+0000] {spark_submit.py:524} INFO - 24/10/24 01:19:00 INFO BlockManagerMaster: Registered BlockManager BlockManagerId(driver, de5108c6da1d, 32971, None)
[2024-10-24T01:19:00.295+0000] {spark_submit.py:524} INFO - 24/10/24 01:19:00 INFO StandaloneAppClient$ClientEndpoint: Executor updated: app-20241024011900-0013/0 is now RUNNING
[2024-10-24T01:19:00.320+0000] {spark_submit.py:524} INFO - 24/10/24 01:19:00 INFO BlockManager: Initialized BlockManager: BlockManagerId(driver, de5108c6da1d, 32971, None)
[2024-10-24T01:19:00.914+0000] {spark_submit.py:524} INFO - 24/10/24 01:19:00 INFO StandaloneSchedulerBackend: SchedulerBackend is ready for scheduling beginning after reached minRegisteredResourcesRatio: 0.0
[2024-10-24T01:19:01.330+0000] {spark_submit.py:524} INFO - Hello from Spark!
[2024-10-24T01:19:01.331+0000] {spark_submit.py:524} INFO - 24/10/24 01:19:01 INFO SparkContext: SparkContext is stopping with exitCode 0.
[2024-10-24T01:19:01.344+0000] {spark_submit.py:524} INFO - 24/10/24 01:19:01 INFO SparkUI: Stopped Spark web UI at http://de5108c6da1d:4040
[2024-10-24T01:19:01.359+0000] {spark_submit.py:524} INFO - 24/10/24 01:19:01 INFO StandaloneSchedulerBackend: Shutting down all executors
[2024-10-24T01:19:01.363+0000] {spark_submit.py:524} INFO - 24/10/24 01:19:01 INFO StandaloneSchedulerBackend$StandaloneDriverEndpoint: Asking each executor to shut down
[2024-10-24T01:19:01.417+0000] {spark_submit.py:524} INFO - 24/10/24 01:19:01 INFO MapOutputTrackerMasterEndpoint: MapOutputTrackerMasterEndpoint stopped!
[2024-10-24T01:19:01.457+0000] {spark_submit.py:524} INFO - 24/10/24 01:19:01 INFO MemoryStore: MemoryStore cleared
[2024-10-24T01:19:01.458+0000] {spark_submit.py:524} INFO - 24/10/24 01:19:01 INFO BlockManager: BlockManager stopped
[2024-10-24T01:19:01.473+0000] {spark_submit.py:524} INFO - 24/10/24 01:19:01 INFO BlockManagerMaster: BlockManagerMaster stopped
[2024-10-24T01:19:01.477+0000] {spark_submit.py:524} INFO - 24/10/24 01:19:01 INFO OutputCommitCoordinator$OutputCommitCoordinatorEndpoint: OutputCommitCoordinator stopped!
[2024-10-24T01:19:01.499+0000] {spark_submit.py:524} INFO - 24/10/24 01:19:01 INFO SparkContext: Successfully stopped SparkContext
[2024-10-24T01:19:02.038+0000] {spark_submit.py:524} INFO - 24/10/24 01:19:02 INFO ShutdownHookManager: Shutdown hook called
[2024-10-24T01:19:02.039+0000] {spark_submit.py:524} INFO - 24/10/24 01:19:02 INFO ShutdownHookManager: Deleting directory /tmp/spark-283b675c-12e1-455b-8d07-1237711ce09f
[2024-10-24T01:19:02.043+0000] {spark_submit.py:524} INFO - 24/10/24 01:19:02 INFO ShutdownHookManager: Deleting directory /tmp/spark-bd5ef5c6-bd2f-4444-bf2b-ead6252fc5d2
[2024-10-24T01:19:02.046+0000] {spark_submit.py:524} INFO - 24/10/24 01:19:02 INFO ShutdownHookManager: Deleting directory /tmp/spark-bd5ef5c6-bd2f-4444-bf2b-ead6252fc5d2/pyspark-529612d3-2d11-4e57-9f60-20537391a44e
[2024-10-24T01:19:02.126+0000] {taskinstance.py:1398} INFO - Marking task as SUCCESS. dag_id=api_openbrewerydb_to_silver_gold, task_id=Silver, execution_date=20231111T080000, start_date=20241024T011853, end_date=20241024T011902
[2024-10-24T01:19:02.181+0000] {local_task_job_runner.py:228} INFO - Task exited with return code 0
[2024-10-24T01:19:02.390+0000] {taskinstance.py:2776} INFO - 0 downstream tasks scheduled from follow-on schedule check
