[2024-10-24T01:18:36.642+0000] {taskinstance.py:1157} INFO - Dependencies all met for dep_context=non-requeueable deps ti=<TaskInstance: api_openbrewerydb_to_silver_gold.Gold scheduled__2023-11-08T08:00:00+00:00 [queued]>
[2024-10-24T01:18:36.649+0000] {taskinstance.py:1157} INFO - Dependencies all met for dep_context=requeueable deps ti=<TaskInstance: api_openbrewerydb_to_silver_gold.Gold scheduled__2023-11-08T08:00:00+00:00 [queued]>
[2024-10-24T01:18:36.650+0000] {taskinstance.py:1359} INFO - Starting attempt 1 of 3
[2024-10-24T01:18:36.660+0000] {taskinstance.py:1380} INFO - Executing <Task(SparkSubmitOperator): Gold> on 2023-11-08 08:00:00+00:00
[2024-10-24T01:18:36.665+0000] {standard_task_runner.py:57} INFO - Started process 2588 to run task
[2024-10-24T01:18:36.667+0000] {standard_task_runner.py:84} INFO - Running: ['***', 'tasks', 'run', 'api_openbrewerydb_to_silver_gold', 'Gold', 'scheduled__2023-11-08T08:00:00+00:00', '--job-id', '79', '--raw', '--subdir', 'DAGS_FOLDER/api_openbrewerydb_to_silver.py', '--cfg-path', '/tmp/tmpc6kp87ly']
[2024-10-24T01:18:36.671+0000] {standard_task_runner.py:85} INFO - Job 79: Subtask Gold
[2024-10-24T01:18:36.715+0000] {task_command.py:415} INFO - Running <TaskInstance: api_openbrewerydb_to_silver_gold.Gold scheduled__2023-11-08T08:00:00+00:00 [running]> on host de5108c6da1d
[2024-10-24T01:18:36.793+0000] {taskinstance.py:1660} INFO - Exporting env vars: AIRFLOW_CTX_DAG_OWNER='Rodrigo Araujo' AIRFLOW_CTX_DAG_ID='api_openbrewerydb_to_silver_gold' AIRFLOW_CTX_TASK_ID='Gold' AIRFLOW_CTX_EXECUTION_DATE='2023-11-08T08:00:00+00:00' AIRFLOW_CTX_TRY_NUMBER='1' AIRFLOW_CTX_DAG_RUN_ID='scheduled__2023-11-08T08:00:00+00:00'
[2024-10-24T01:18:36.804+0000] {base.py:73} INFO - Using connection ID 'spark-conn' for task execution.
[2024-10-24T01:18:36.804+0000] {spark_submit.py:363} INFO - Spark-Submit cmd: spark-submit --master spark://spark-master:7077 --name arrow-spark --queue root.default jobs/gold/api_openbrewerydb.py
[2024-10-24T01:18:41.790+0000] {spark_submit.py:524} INFO - 24/10/24 01:18:41 INFO SparkContext: Running Spark version 3.5.3
[2024-10-24T01:18:41.795+0000] {spark_submit.py:524} INFO - 24/10/24 01:18:41 INFO SparkContext: OS info Linux, 5.15.0-124-generic, amd64
[2024-10-24T01:18:41.797+0000] {spark_submit.py:524} INFO - 24/10/24 01:18:41 INFO SparkContext: Java version 11.0.25
[2024-10-24T01:18:41.956+0000] {spark_submit.py:524} INFO - 24/10/24 01:18:41 WARN NativeCodeLoader: Unable to load native-hadoop library for your platform... using builtin-java classes where applicable
[2024-10-24T01:18:42.117+0000] {spark_submit.py:524} INFO - 24/10/24 01:18:42 INFO ResourceUtils: ==============================================================
[2024-10-24T01:18:42.117+0000] {spark_submit.py:524} INFO - 24/10/24 01:18:42 INFO ResourceUtils: No custom resources configured for spark.driver.
[2024-10-24T01:18:42.118+0000] {spark_submit.py:524} INFO - 24/10/24 01:18:42 INFO ResourceUtils: ==============================================================
[2024-10-24T01:18:42.118+0000] {spark_submit.py:524} INFO - 24/10/24 01:18:42 INFO SparkContext: Submitted application: IngestaoSilver
[2024-10-24T01:18:42.148+0000] {spark_submit.py:524} INFO - 24/10/24 01:18:42 INFO ResourceProfile: Default ResourceProfile created, executor resources: Map(memory -> name: memory, amount: 1024, script: , vendor: , offHeap -> name: offHeap, amount: 0, script: , vendor: ), task resources: Map(cpus -> name: cpus, amount: 1.0)
[2024-10-24T01:18:42.167+0000] {spark_submit.py:524} INFO - 24/10/24 01:18:42 INFO ResourceProfile: Limiting resource is cpu
[2024-10-24T01:18:42.168+0000] {spark_submit.py:524} INFO - 24/10/24 01:18:42 INFO ResourceProfileManager: Added ResourceProfile id: 0
[2024-10-24T01:18:42.236+0000] {spark_submit.py:524} INFO - 24/10/24 01:18:42 INFO SecurityManager: Changing view acls to: ***
[2024-10-24T01:18:42.237+0000] {spark_submit.py:524} INFO - 24/10/24 01:18:42 INFO SecurityManager: Changing modify acls to: ***
[2024-10-24T01:18:42.238+0000] {spark_submit.py:524} INFO - 24/10/24 01:18:42 INFO SecurityManager: Changing view acls groups to:
[2024-10-24T01:18:42.238+0000] {spark_submit.py:524} INFO - 24/10/24 01:18:42 INFO SecurityManager: Changing modify acls groups to:
[2024-10-24T01:18:42.239+0000] {spark_submit.py:524} INFO - 24/10/24 01:18:42 INFO SecurityManager: SecurityManager: authentication disabled; ui acls disabled; users with view permissions: ***; groups with view permissions: EMPTY; users with modify permissions: ***; groups with modify permissions: EMPTY
[2024-10-24T01:18:42.709+0000] {spark_submit.py:524} INFO - 24/10/24 01:18:42 INFO Utils: Successfully started service 'sparkDriver' on port 46345.
[2024-10-24T01:18:42.761+0000] {spark_submit.py:524} INFO - 24/10/24 01:18:42 INFO SparkEnv: Registering MapOutputTracker
[2024-10-24T01:18:42.827+0000] {spark_submit.py:524} INFO - 24/10/24 01:18:42 INFO SparkEnv: Registering BlockManagerMaster
[2024-10-24T01:18:42.873+0000] {spark_submit.py:524} INFO - 24/10/24 01:18:42 INFO BlockManagerMasterEndpoint: Using org.apache.spark.storage.DefaultTopologyMapper for getting topology information
[2024-10-24T01:18:42.875+0000] {spark_submit.py:524} INFO - 24/10/24 01:18:42 INFO BlockManagerMasterEndpoint: BlockManagerMasterEndpoint up
[2024-10-24T01:18:42.883+0000] {spark_submit.py:524} INFO - 24/10/24 01:18:42 INFO SparkEnv: Registering BlockManagerMasterHeartbeat
[2024-10-24T01:18:42.923+0000] {spark_submit.py:524} INFO - 24/10/24 01:18:42 INFO DiskBlockManager: Created local directory at /tmp/blockmgr-4f1db35b-cbe1-447c-bac9-22ae3b1ec48c
[2024-10-24T01:18:42.953+0000] {spark_submit.py:524} INFO - 24/10/24 01:18:42 INFO MemoryStore: MemoryStore started with capacity 434.4 MiB
[2024-10-24T01:18:42.982+0000] {spark_submit.py:524} INFO - 24/10/24 01:18:42 INFO SparkEnv: Registering OutputCommitCoordinator
[2024-10-24T01:18:43.277+0000] {spark_submit.py:524} INFO - 24/10/24 01:18:43 INFO JettyUtils: Start Jetty 0.0.0.0:4040 for SparkUI
[2024-10-24T01:18:43.365+0000] {spark_submit.py:524} INFO - 24/10/24 01:18:43 INFO Utils: Successfully started service 'SparkUI' on port 4040.
[2024-10-24T01:18:43.566+0000] {spark_submit.py:524} INFO - 24/10/24 01:18:43 INFO StandaloneAppClient$ClientEndpoint: Connecting to master spark://spark-master:7077...
[2024-10-24T01:18:43.651+0000] {spark_submit.py:524} INFO - 24/10/24 01:18:43 INFO TransportClientFactory: Successfully created connection to spark-master/172.22.0.3:7077 after 53 ms (0 ms spent in bootstraps)
[2024-10-24T01:18:43.794+0000] {spark_submit.py:524} INFO - 24/10/24 01:18:43 INFO StandaloneSchedulerBackend: Connected to Spark cluster with app ID app-20241024011843-0010
[2024-10-24T01:18:43.797+0000] {spark_submit.py:524} INFO - 24/10/24 01:18:43 INFO StandaloneAppClient$ClientEndpoint: Executor added: app-20241024011843-0010/0 on worker-20241024010948-172.22.0.4-41535 (172.22.0.4:41535) with 2 core(s)
[2024-10-24T01:18:43.801+0000] {spark_submit.py:524} INFO - 24/10/24 01:18:43 INFO StandaloneSchedulerBackend: Granted executor ID app-20241024011843-0010/0 on hostPort 172.22.0.4:41535 with 2 core(s), 1024.0 MiB RAM
[2024-10-24T01:18:43.830+0000] {spark_submit.py:524} INFO - 24/10/24 01:18:43 INFO Utils: Successfully started service 'org.apache.spark.network.netty.NettyBlockTransferService' on port 43383.
[2024-10-24T01:18:43.831+0000] {spark_submit.py:524} INFO - 24/10/24 01:18:43 INFO NettyBlockTransferService: Server created on de5108c6da1d:43383
[2024-10-24T01:18:43.840+0000] {spark_submit.py:524} INFO - 24/10/24 01:18:43 INFO BlockManager: Using org.apache.spark.storage.RandomBlockReplicationPolicy for block replication policy
[2024-10-24T01:18:43.863+0000] {spark_submit.py:524} INFO - 24/10/24 01:18:43 INFO BlockManagerMaster: Registering BlockManager BlockManagerId(driver, de5108c6da1d, 43383, None)
[2024-10-24T01:18:43.871+0000] {spark_submit.py:524} INFO - 24/10/24 01:18:43 INFO StandaloneAppClient$ClientEndpoint: Executor updated: app-20241024011843-0010/0 is now RUNNING
[2024-10-24T01:18:43.873+0000] {spark_submit.py:524} INFO - 24/10/24 01:18:43 INFO BlockManagerMasterEndpoint: Registering block manager de5108c6da1d:43383 with 434.4 MiB RAM, BlockManagerId(driver, de5108c6da1d, 43383, None)
[2024-10-24T01:18:43.877+0000] {spark_submit.py:524} INFO - 24/10/24 01:18:43 INFO BlockManagerMaster: Registered BlockManager BlockManagerId(driver, de5108c6da1d, 43383, None)
[2024-10-24T01:18:43.879+0000] {spark_submit.py:524} INFO - 24/10/24 01:18:43 INFO BlockManager: Initialized BlockManager: BlockManagerId(driver, de5108c6da1d, 43383, None)
[2024-10-24T01:18:44.287+0000] {spark_submit.py:524} INFO - 24/10/24 01:18:44 INFO StandaloneSchedulerBackend: SchedulerBackend is ready for scheduling beginning after reached minRegisteredResourcesRatio: 0.0
[2024-10-24T01:18:44.901+0000] {spark_submit.py:524} INFO - 24/10/24 01:18:44 INFO SparkContext: SparkContext is stopping with exitCode 0.
[2024-10-24T01:18:44.902+0000] {spark_submit.py:524} INFO - Hello from Spark!
[2024-10-24T01:18:44.963+0000] {spark_submit.py:524} INFO - 24/10/24 01:18:44 INFO SparkUI: Stopped Spark web UI at http://de5108c6da1d:4040
[2024-10-24T01:18:44.999+0000] {spark_submit.py:524} INFO - 24/10/24 01:18:44 INFO StandaloneSchedulerBackend: Shutting down all executors
[2024-10-24T01:18:45.006+0000] {spark_submit.py:524} INFO - 24/10/24 01:18:45 INFO StandaloneSchedulerBackend$StandaloneDriverEndpoint: Asking each executor to shut down
[2024-10-24T01:18:45.101+0000] {spark_submit.py:524} INFO - 24/10/24 01:18:45 INFO MapOutputTrackerMasterEndpoint: MapOutputTrackerMasterEndpoint stopped!
[2024-10-24T01:18:45.180+0000] {spark_submit.py:524} INFO - 24/10/24 01:18:45 INFO MemoryStore: MemoryStore cleared
[2024-10-24T01:18:45.182+0000] {spark_submit.py:524} INFO - 24/10/24 01:18:45 INFO BlockManager: BlockManager stopped
[2024-10-24T01:18:45.199+0000] {spark_submit.py:524} INFO - 24/10/24 01:18:45 INFO BlockManagerMaster: BlockManagerMaster stopped
[2024-10-24T01:18:45.203+0000] {spark_submit.py:524} INFO - 24/10/24 01:18:45 INFO OutputCommitCoordinator$OutputCommitCoordinatorEndpoint: OutputCommitCoordinator stopped!
[2024-10-24T01:18:45.216+0000] {spark_submit.py:524} INFO - 24/10/24 01:18:45 INFO SparkContext: Successfully stopped SparkContext
[2024-10-24T01:18:45.414+0000] {spark_submit.py:524} INFO - 24/10/24 01:18:45 INFO ShutdownHookManager: Shutdown hook called
[2024-10-24T01:18:45.414+0000] {spark_submit.py:524} INFO - 24/10/24 01:18:45 INFO ShutdownHookManager: Deleting directory /tmp/spark-371500a3-f76a-4a02-8a86-605d934700ce/pyspark-bb76308c-69b3-4499-be8f-8f2dd9cd4795
[2024-10-24T01:18:45.418+0000] {spark_submit.py:524} INFO - 24/10/24 01:18:45 INFO ShutdownHookManager: Deleting directory /tmp/spark-186d9772-659c-4859-9407-32551956e1d6
[2024-10-24T01:18:45.422+0000] {spark_submit.py:524} INFO - 24/10/24 01:18:45 INFO ShutdownHookManager: Deleting directory /tmp/spark-371500a3-f76a-4a02-8a86-605d934700ce
[2024-10-24T01:18:45.493+0000] {taskinstance.py:1398} INFO - Marking task as SUCCESS. dag_id=api_openbrewerydb_to_silver_gold, task_id=Gold, execution_date=20231108T080000, start_date=20241024T011836, end_date=20241024T011845
[2024-10-24T01:18:45.536+0000] {local_task_job_runner.py:228} INFO - Task exited with return code 0
[2024-10-24T01:18:45.557+0000] {taskinstance.py:2776} INFO - 0 downstream tasks scheduled from follow-on schedule check
[2024-10-24T14:30:07.554+0000] {logging_mixin.py:151} INFO - Changing /opt/***/logs/dag_id=api_openbrewerydb_to_silver_gold/run_id=scheduled__2023-11-08T08:00:00+00:00/task_id=Gold permission to 509
[2024-10-24T14:30:07.562+0000] {logging_mixin.py:151} INFO - Failed to change /opt/***/logs/dag_id=api_openbrewerydb_to_silver_gold/run_id=scheduled__2023-11-08T08:00:00+00:00/task_id=Gold permission to 509: [Errno 1] Operation not permitted: '/opt/***/logs/dag_id=api_openbrewerydb_to_silver_gold/run_id=scheduled__2023-11-08T08:00:00+00:00/task_id=Gold'
[2024-10-24T14:30:07.590+0000] {logging_mixin.py:151} INFO - Changing /opt/***/logs/dag_id=api_openbrewerydb_to_silver_gold/run_id=scheduled__2023-11-08T08:00:00+00:00/task_id=Gold permission to 509
[2024-10-24T14:30:07.591+0000] {logging_mixin.py:151} INFO - Failed to change /opt/***/logs/dag_id=api_openbrewerydb_to_silver_gold/run_id=scheduled__2023-11-08T08:00:00+00:00/task_id=Gold permission to 509: [Errno 1] Operation not permitted: '/opt/***/logs/dag_id=api_openbrewerydb_to_silver_gold/run_id=scheduled__2023-11-08T08:00:00+00:00/task_id=Gold'
[2024-10-24T14:30:07.629+0000] {taskinstance.py:1157} INFO - Dependencies all met for dep_context=non-requeueable deps ti=<TaskInstance: api_openbrewerydb_to_silver_gold.Gold scheduled__2023-11-08T08:00:00+00:00 [queued]>
[2024-10-24T14:30:07.636+0000] {taskinstance.py:1157} INFO - Dependencies all met for dep_context=requeueable deps ti=<TaskInstance: api_openbrewerydb_to_silver_gold.Gold scheduled__2023-11-08T08:00:00+00:00 [queued]>
[2024-10-24T14:30:07.636+0000] {taskinstance.py:1359} INFO - Starting attempt 1 of 2
[2024-10-24T14:30:07.645+0000] {taskinstance.py:1380} INFO - Executing <Task(SparkSubmitOperator): Gold> on 2023-11-08 08:00:00+00:00
[2024-10-24T14:30:07.650+0000] {standard_task_runner.py:57} INFO - Started process 6123 to run task
[2024-10-24T14:30:07.652+0000] {standard_task_runner.py:84} INFO - Running: ['***', 'tasks', 'run', 'api_openbrewerydb_to_silver_gold', 'Gold', 'scheduled__2023-11-08T08:00:00+00:00', '--job-id', '42', '--raw', '--subdir', 'DAGS_FOLDER/api_openbrewerydb_to_silver.py', '--cfg-path', '/tmp/tmp51sbqxc6']
[2024-10-24T14:30:07.656+0000] {standard_task_runner.py:85} INFO - Job 42: Subtask Gold
[2024-10-24T14:30:07.700+0000] {logging_mixin.py:151} INFO - Changing /opt/***/logs/dag_id=api_openbrewerydb_to_silver_gold/run_id=scheduled__2023-11-08T08:00:00+00:00/task_id=Gold permission to 509
[2024-10-24T14:30:07.700+0000] {logging_mixin.py:151} INFO - Failed to change /opt/***/logs/dag_id=api_openbrewerydb_to_silver_gold/run_id=scheduled__2023-11-08T08:00:00+00:00/task_id=Gold permission to 509: [Errno 1] Operation not permitted: '/opt/***/logs/dag_id=api_openbrewerydb_to_silver_gold/run_id=scheduled__2023-11-08T08:00:00+00:00/task_id=Gold'
[2024-10-24T14:30:07.700+0000] {task_command.py:415} INFO - Running <TaskInstance: api_openbrewerydb_to_silver_gold.Gold scheduled__2023-11-08T08:00:00+00:00 [running]> on host 96f89615839b
[2024-10-24T14:30:07.776+0000] {taskinstance.py:1660} INFO - Exporting env vars: AIRFLOW_CTX_DAG_OWNER='Rodrigo Araujo' AIRFLOW_CTX_DAG_ID='api_openbrewerydb_to_silver_gold' AIRFLOW_CTX_TASK_ID='Gold' AIRFLOW_CTX_EXECUTION_DATE='2023-11-08T08:00:00+00:00' AIRFLOW_CTX_TRY_NUMBER='1' AIRFLOW_CTX_DAG_RUN_ID='scheduled__2023-11-08T08:00:00+00:00'
[2024-10-24T14:30:07.787+0000] {base.py:73} INFO - Using connection ID 'spark-conn' for task execution.
[2024-10-24T14:30:07.787+0000] {spark_submit.py:363} INFO - Spark-Submit cmd: spark-submit --master spark://spark-master:7077 --name arrow-spark jobs/gold/api_openbrewerydb.py
[2024-10-24T14:30:10.452+0000] {spark_submit.py:524} INFO - 24/10/24 14:30:10 INFO SparkContext: Running Spark version 3.5.3
[2024-10-24T14:30:10.454+0000] {spark_submit.py:524} INFO - 24/10/24 14:30:10 INFO SparkContext: OS info Linux, 5.15.0-124-generic, amd64
[2024-10-24T14:30:10.455+0000] {spark_submit.py:524} INFO - 24/10/24 14:30:10 INFO SparkContext: Java version 11.0.25
[2024-10-24T14:30:10.510+0000] {spark_submit.py:524} INFO - 24/10/24 14:30:10 WARN NativeCodeLoader: Unable to load native-hadoop library for your platform... using builtin-java classes where applicable
[2024-10-24T14:30:10.595+0000] {spark_submit.py:524} INFO - 24/10/24 14:30:10 INFO ResourceUtils: ==============================================================
[2024-10-24T14:30:10.595+0000] {spark_submit.py:524} INFO - 24/10/24 14:30:10 INFO ResourceUtils: No custom resources configured for spark.driver.
[2024-10-24T14:30:10.596+0000] {spark_submit.py:524} INFO - 24/10/24 14:30:10 INFO ResourceUtils: ==============================================================
[2024-10-24T14:30:10.596+0000] {spark_submit.py:524} INFO - 24/10/24 14:30:10 INFO SparkContext: Submitted application: IngestaoSilver
[2024-10-24T14:30:10.617+0000] {spark_submit.py:524} INFO - 24/10/24 14:30:10 INFO ResourceProfile: Default ResourceProfile created, executor resources: Map(memory -> name: memory, amount: 1024, script: , vendor: , offHeap -> name: offHeap, amount: 0, script: , vendor: ), task resources: Map(cpus -> name: cpus, amount: 1.0)
[2024-10-24T14:30:10.630+0000] {spark_submit.py:524} INFO - 24/10/24 14:30:10 INFO ResourceProfile: Limiting resource is cpu
[2024-10-24T14:30:10.631+0000] {spark_submit.py:524} INFO - 24/10/24 14:30:10 INFO ResourceProfileManager: Added ResourceProfile id: 0
[2024-10-24T14:30:10.687+0000] {spark_submit.py:524} INFO - 24/10/24 14:30:10 INFO SecurityManager: Changing view acls to: ***
[2024-10-24T14:30:10.687+0000] {spark_submit.py:524} INFO - 24/10/24 14:30:10 INFO SecurityManager: Changing modify acls to: ***
[2024-10-24T14:30:10.688+0000] {spark_submit.py:524} INFO - 24/10/24 14:30:10 INFO SecurityManager: Changing view acls groups to:
[2024-10-24T14:30:10.689+0000] {spark_submit.py:524} INFO - 24/10/24 14:30:10 INFO SecurityManager: Changing modify acls groups to:
[2024-10-24T14:30:10.689+0000] {spark_submit.py:524} INFO - 24/10/24 14:30:10 INFO SecurityManager: SecurityManager: authentication disabled; ui acls disabled; users with view permissions: ***; groups with view permissions: EMPTY; users with modify permissions: ***; groups with modify permissions: EMPTY
[2024-10-24T14:30:10.932+0000] {spark_submit.py:524} INFO - 24/10/24 14:30:10 INFO Utils: Successfully started service 'sparkDriver' on port 46533.
[2024-10-24T14:30:10.958+0000] {spark_submit.py:524} INFO - 24/10/24 14:30:10 INFO SparkEnv: Registering MapOutputTracker
[2024-10-24T14:30:10.988+0000] {spark_submit.py:524} INFO - 24/10/24 14:30:10 INFO SparkEnv: Registering BlockManagerMaster
[2024-10-24T14:30:11.008+0000] {spark_submit.py:524} INFO - 24/10/24 14:30:11 INFO BlockManagerMasterEndpoint: Using org.apache.spark.storage.DefaultTopologyMapper for getting topology information
[2024-10-24T14:30:11.008+0000] {spark_submit.py:524} INFO - 24/10/24 14:30:11 INFO BlockManagerMasterEndpoint: BlockManagerMasterEndpoint up
[2024-10-24T14:30:11.012+0000] {spark_submit.py:524} INFO - 24/10/24 14:30:11 INFO SparkEnv: Registering BlockManagerMasterHeartbeat
[2024-10-24T14:30:11.032+0000] {spark_submit.py:524} INFO - 24/10/24 14:30:11 INFO DiskBlockManager: Created local directory at /tmp/blockmgr-730c834c-f9bf-43e9-9f7c-34e287ce366a
[2024-10-24T14:30:11.045+0000] {spark_submit.py:524} INFO - 24/10/24 14:30:11 INFO MemoryStore: MemoryStore started with capacity 434.4 MiB
[2024-10-24T14:30:11.059+0000] {spark_submit.py:524} INFO - 24/10/24 14:30:11 INFO SparkEnv: Registering OutputCommitCoordinator
[2024-10-24T14:30:11.192+0000] {spark_submit.py:524} INFO - 24/10/24 14:30:11 INFO JettyUtils: Start Jetty 0.0.0.0:4040 for SparkUI
[2024-10-24T14:30:11.240+0000] {spark_submit.py:524} INFO - 24/10/24 14:30:11 INFO Utils: Successfully started service 'SparkUI' on port 4040.
[2024-10-24T14:30:11.352+0000] {spark_submit.py:524} INFO - 24/10/24 14:30:11 INFO StandaloneAppClient$ClientEndpoint: Connecting to master spark://spark-master:7077...
[2024-10-24T14:30:11.399+0000] {spark_submit.py:524} INFO - 24/10/24 14:30:11 INFO TransportClientFactory: Successfully created connection to spark-master/172.18.0.2:7077 after 27 ms (0 ms spent in bootstraps)
[2024-10-24T14:30:11.477+0000] {spark_submit.py:524} INFO - 24/10/24 14:30:11 INFO StandaloneSchedulerBackend: Connected to Spark cluster with app ID app-20241024143011-0037
[2024-10-24T14:30:11.480+0000] {spark_submit.py:524} INFO - 24/10/24 14:30:11 INFO StandaloneAppClient$ClientEndpoint: Executor added: app-20241024143011-0037/0 on worker-20241024142308-172.18.0.5-43899 (172.18.0.5:43899) with 2 core(s)
[2024-10-24T14:30:11.482+0000] {spark_submit.py:524} INFO - 24/10/24 14:30:11 INFO StandaloneSchedulerBackend: Granted executor ID app-20241024143011-0037/0 on hostPort 172.18.0.5:43899 with 2 core(s), 1024.0 MiB RAM
[2024-10-24T14:30:11.495+0000] {spark_submit.py:524} INFO - 24/10/24 14:30:11 INFO Utils: Successfully started service 'org.apache.spark.network.netty.NettyBlockTransferService' on port 44097.
[2024-10-24T14:30:11.495+0000] {spark_submit.py:524} INFO - 24/10/24 14:30:11 INFO NettyBlockTransferService: Server created on 96f89615839b:44097
[2024-10-24T14:30:11.499+0000] {spark_submit.py:524} INFO - 24/10/24 14:30:11 INFO BlockManager: Using org.apache.spark.storage.RandomBlockReplicationPolicy for block replication policy
[2024-10-24T14:30:11.514+0000] {spark_submit.py:524} INFO - 24/10/24 14:30:11 INFO BlockManagerMaster: Registering BlockManager BlockManagerId(driver, 96f89615839b, 44097, None)
[2024-10-24T14:30:11.521+0000] {spark_submit.py:524} INFO - 24/10/24 14:30:11 INFO BlockManagerMasterEndpoint: Registering block manager 96f89615839b:44097 with 434.4 MiB RAM, BlockManagerId(driver, 96f89615839b, 44097, None)
[2024-10-24T14:30:11.525+0000] {spark_submit.py:524} INFO - 24/10/24 14:30:11 INFO BlockManagerMaster: Registered BlockManager BlockManagerId(driver, 96f89615839b, 44097, None)
[2024-10-24T14:30:11.528+0000] {spark_submit.py:524} INFO - 24/10/24 14:30:11 INFO BlockManager: Initialized BlockManager: BlockManagerId(driver, 96f89615839b, 44097, None)
[2024-10-24T14:30:11.529+0000] {spark_submit.py:524} INFO - 24/10/24 14:30:11 INFO StandaloneAppClient$ClientEndpoint: Executor updated: app-20241024143011-0037/0 is now RUNNING
[2024-10-24T14:30:11.827+0000] {spark_submit.py:524} INFO - 24/10/24 14:30:11 INFO StandaloneSchedulerBackend: SchedulerBackend is ready for scheduling beginning after reached minRegisteredResourcesRatio: 0.0
[2024-10-24T14:30:12.051+0000] {spark_submit.py:524} INFO - Hello from Spark!
[2024-10-24T14:30:12.052+0000] {spark_submit.py:524} INFO - 24/10/24 14:30:12 INFO SparkContext: SparkContext is stopping with exitCode 0.
[2024-10-24T14:30:12.065+0000] {spark_submit.py:524} INFO - 24/10/24 14:30:12 INFO SparkUI: Stopped Spark web UI at http://96f89615839b:4040
[2024-10-24T14:30:12.071+0000] {spark_submit.py:524} INFO - 24/10/24 14:30:12 INFO StandaloneSchedulerBackend: Shutting down all executors
[2024-10-24T14:30:12.075+0000] {spark_submit.py:524} INFO - 24/10/24 14:30:12 INFO StandaloneSchedulerBackend$StandaloneDriverEndpoint: Asking each executor to shut down
[2024-10-24T14:30:12.097+0000] {spark_submit.py:524} INFO - 24/10/24 14:30:12 INFO MapOutputTrackerMasterEndpoint: MapOutputTrackerMasterEndpoint stopped!
[2024-10-24T14:30:12.119+0000] {spark_submit.py:524} INFO - 24/10/24 14:30:12 INFO MemoryStore: MemoryStore cleared
[2024-10-24T14:30:12.120+0000] {spark_submit.py:524} INFO - 24/10/24 14:30:12 INFO BlockManager: BlockManager stopped
[2024-10-24T14:30:12.128+0000] {spark_submit.py:524} INFO - 24/10/24 14:30:12 INFO BlockManagerMaster: BlockManagerMaster stopped
[2024-10-24T14:30:12.132+0000] {spark_submit.py:524} INFO - 24/10/24 14:30:12 INFO OutputCommitCoordinator$OutputCommitCoordinatorEndpoint: OutputCommitCoordinator stopped!
[2024-10-24T14:30:12.146+0000] {spark_submit.py:524} INFO - 24/10/24 14:30:12 INFO SparkContext: Successfully stopped SparkContext
[2024-10-24T14:30:12.430+0000] {spark_submit.py:524} INFO - 24/10/24 14:30:12 INFO ShutdownHookManager: Shutdown hook called
[2024-10-24T14:30:12.431+0000] {spark_submit.py:524} INFO - 24/10/24 14:30:12 INFO ShutdownHookManager: Deleting directory /tmp/spark-32058435-f739-4123-92b6-a4a92c6f243d
[2024-10-24T14:30:12.434+0000] {spark_submit.py:524} INFO - 24/10/24 14:30:12 INFO ShutdownHookManager: Deleting directory /tmp/spark-23150013-2ff6-44dd-beef-13b90096f7cc
[2024-10-24T14:30:12.437+0000] {spark_submit.py:524} INFO - 24/10/24 14:30:12 INFO ShutdownHookManager: Deleting directory /tmp/spark-23150013-2ff6-44dd-beef-13b90096f7cc/pyspark-59591f2e-dda3-42d4-a308-f17fab82d92e
[2024-10-24T14:30:12.484+0000] {taskinstance.py:1398} INFO - Marking task as SUCCESS. dag_id=api_openbrewerydb_to_silver_gold, task_id=Gold, execution_date=20231108T080000, start_date=20241024T143007, end_date=20241024T143012
[2024-10-24T14:30:12.516+0000] {local_task_job_runner.py:228} INFO - Task exited with return code 0
[2024-10-24T14:30:12.536+0000] {taskinstance.py:2776} INFO - 0 downstream tasks scheduled from follow-on schedule check
