[2024-10-24T01:38:01.052+0000] {taskinstance.py:1157} INFO - Dependencies all met for dep_context=non-requeueable deps ti=<TaskInstance: api_openbrewerydb_to_silver_gold.Gold scheduled__2023-12-17T08:00:00+00:00 [queued]>
[2024-10-24T01:38:01.063+0000] {taskinstance.py:1157} INFO - Dependencies all met for dep_context=requeueable deps ti=<TaskInstance: api_openbrewerydb_to_silver_gold.Gold scheduled__2023-12-17T08:00:00+00:00 [queued]>
[2024-10-24T01:38:01.064+0000] {taskinstance.py:1359} INFO - Starting attempt 1 of 2
[2024-10-24T01:38:01.082+0000] {taskinstance.py:1380} INFO - Executing <Task(SparkSubmitOperator): Gold> on 2023-12-17 08:00:00+00:00
[2024-10-24T01:38:01.089+0000] {standard_task_runner.py:57} INFO - Started process 1774 to run task
[2024-10-24T01:38:01.092+0000] {standard_task_runner.py:84} INFO - Running: ['***', 'tasks', 'run', 'api_openbrewerydb_to_silver_gold', 'Gold', 'scheduled__2023-12-17T08:00:00+00:00', '--job-id', '169', '--raw', '--subdir', 'DAGS_FOLDER/api_openbrewerydb_to_silver.py', '--cfg-path', '/tmp/tmp76ps3un_']
[2024-10-24T01:38:01.100+0000] {standard_task_runner.py:85} INFO - Job 169: Subtask Gold
[2024-10-24T01:38:01.176+0000] {task_command.py:415} INFO - Running <TaskInstance: api_openbrewerydb_to_silver_gold.Gold scheduled__2023-12-17T08:00:00+00:00 [running]> on host de5108c6da1d
[2024-10-24T01:38:01.326+0000] {taskinstance.py:1660} INFO - Exporting env vars: AIRFLOW_CTX_DAG_OWNER='Rodrigo Araujo' AIRFLOW_CTX_DAG_ID='api_openbrewerydb_to_silver_gold' AIRFLOW_CTX_TASK_ID='Gold' AIRFLOW_CTX_EXECUTION_DATE='2023-12-17T08:00:00+00:00' AIRFLOW_CTX_TRY_NUMBER='1' AIRFLOW_CTX_DAG_RUN_ID='scheduled__2023-12-17T08:00:00+00:00'
[2024-10-24T01:38:01.345+0000] {base.py:73} INFO - Using connection ID 'spark-conn' for task execution.
[2024-10-24T01:38:01.346+0000] {spark_submit.py:363} INFO - Spark-Submit cmd: spark-submit --master spark://spark-master:7077 --name arrow-spark --queue root.default jobs/gold/api_openbrewerydb.py
[2024-10-24T01:38:07.412+0000] {spark_submit.py:524} INFO - 24/10/24 01:38:07 INFO SparkContext: Running Spark version 3.5.3
[2024-10-24T01:38:07.416+0000] {spark_submit.py:524} INFO - 24/10/24 01:38:07 INFO SparkContext: OS info Linux, 5.15.0-124-generic, amd64
[2024-10-24T01:38:07.417+0000] {spark_submit.py:524} INFO - 24/10/24 01:38:07 INFO SparkContext: Java version 11.0.25
[2024-10-24T01:38:07.549+0000] {spark_submit.py:524} INFO - 24/10/24 01:38:07 WARN NativeCodeLoader: Unable to load native-hadoop library for your platform... using builtin-java classes where applicable
[2024-10-24T01:38:07.725+0000] {spark_submit.py:524} INFO - 24/10/24 01:38:07 INFO ResourceUtils: ==============================================================
[2024-10-24T01:38:07.726+0000] {spark_submit.py:524} INFO - 24/10/24 01:38:07 INFO ResourceUtils: No custom resources configured for spark.driver.
[2024-10-24T01:38:07.726+0000] {spark_submit.py:524} INFO - 24/10/24 01:38:07 INFO ResourceUtils: ==============================================================
[2024-10-24T01:38:07.727+0000] {spark_submit.py:524} INFO - 24/10/24 01:38:07 INFO SparkContext: Submitted application: IngestaoSilver
[2024-10-24T01:38:07.759+0000] {spark_submit.py:524} INFO - 24/10/24 01:38:07 INFO ResourceProfile: Default ResourceProfile created, executor resources: Map(memory -> name: memory, amount: 1024, script: , vendor: , offHeap -> name: offHeap, amount: 0, script: , vendor: ), task resources: Map(cpus -> name: cpus, amount: 1.0)
[2024-10-24T01:38:07.784+0000] {spark_submit.py:524} INFO - 24/10/24 01:38:07 INFO ResourceProfile: Limiting resource is cpu
[2024-10-24T01:38:07.785+0000] {spark_submit.py:524} INFO - 24/10/24 01:38:07 INFO ResourceProfileManager: Added ResourceProfile id: 0
[2024-10-24T01:38:07.886+0000] {spark_submit.py:524} INFO - 24/10/24 01:38:07 INFO SecurityManager: Changing view acls to: ***
[2024-10-24T01:38:07.887+0000] {spark_submit.py:524} INFO - 24/10/24 01:38:07 INFO SecurityManager: Changing modify acls to: ***
[2024-10-24T01:38:07.889+0000] {spark_submit.py:524} INFO - 24/10/24 01:38:07 INFO SecurityManager: Changing view acls groups to:
[2024-10-24T01:38:07.890+0000] {spark_submit.py:524} INFO - 24/10/24 01:38:07 INFO SecurityManager: Changing modify acls groups to:
[2024-10-24T01:38:07.891+0000] {spark_submit.py:524} INFO - 24/10/24 01:38:07 INFO SecurityManager: SecurityManager: authentication disabled; ui acls disabled; users with view permissions: ***; groups with view permissions: EMPTY; users with modify permissions: ***; groups with modify permissions: EMPTY
[2024-10-24T01:38:08.312+0000] {spark_submit.py:524} INFO - 24/10/24 01:38:08 INFO Utils: Successfully started service 'sparkDriver' on port 35833.
[2024-10-24T01:38:08.361+0000] {spark_submit.py:524} INFO - 24/10/24 01:38:08 INFO SparkEnv: Registering MapOutputTracker
[2024-10-24T01:38:08.428+0000] {spark_submit.py:524} INFO - 24/10/24 01:38:08 INFO SparkEnv: Registering BlockManagerMaster
[2024-10-24T01:38:08.468+0000] {spark_submit.py:524} INFO - 24/10/24 01:38:08 INFO BlockManagerMasterEndpoint: Using org.apache.spark.storage.DefaultTopologyMapper for getting topology information
[2024-10-24T01:38:08.469+0000] {spark_submit.py:524} INFO - 24/10/24 01:38:08 INFO BlockManagerMasterEndpoint: BlockManagerMasterEndpoint up
[2024-10-24T01:38:08.475+0000] {spark_submit.py:524} INFO - 24/10/24 01:38:08 INFO SparkEnv: Registering BlockManagerMasterHeartbeat
[2024-10-24T01:38:08.506+0000] {spark_submit.py:524} INFO - 24/10/24 01:38:08 INFO DiskBlockManager: Created local directory at /tmp/blockmgr-1de15f3c-0da6-441a-adb6-a84afe43a697
[2024-10-24T01:38:08.530+0000] {spark_submit.py:524} INFO - 24/10/24 01:38:08 INFO MemoryStore: MemoryStore started with capacity 434.4 MiB
[2024-10-24T01:38:08.554+0000] {spark_submit.py:524} INFO - 24/10/24 01:38:08 INFO SparkEnv: Registering OutputCommitCoordinator
[2024-10-24T01:38:08.807+0000] {spark_submit.py:524} INFO - 24/10/24 01:38:08 INFO JettyUtils: Start Jetty 0.0.0.0:4040 for SparkUI
[2024-10-24T01:38:08.891+0000] {spark_submit.py:524} INFO - 24/10/24 01:38:08 INFO Utils: Successfully started service 'SparkUI' on port 4040.
[2024-10-24T01:38:09.123+0000] {spark_submit.py:524} INFO - 24/10/24 01:38:09 INFO StandaloneAppClient$ClientEndpoint: Connecting to master spark://spark-master:7077...
[2024-10-24T01:38:09.240+0000] {spark_submit.py:524} INFO - 24/10/24 01:38:09 INFO TransportClientFactory: Successfully created connection to spark-master/172.22.0.2:7077 after 68 ms (0 ms spent in bootstraps)
[2024-10-24T01:38:09.413+0000] {spark_submit.py:524} INFO - 24/10/24 01:38:09 INFO StandaloneSchedulerBackend: Connected to Spark cluster with app ID app-20241024013809-0010
[2024-10-24T01:38:09.420+0000] {spark_submit.py:524} INFO - 24/10/24 01:38:09 INFO StandaloneAppClient$ClientEndpoint: Executor added: app-20241024013809-0010/0 on worker-20241024013655-172.22.0.4-42143 (172.22.0.4:42143) with 2 core(s)
[2024-10-24T01:38:09.427+0000] {spark_submit.py:524} INFO - 24/10/24 01:38:09 INFO StandaloneSchedulerBackend: Granted executor ID app-20241024013809-0010/0 on hostPort 172.22.0.4:42143 with 2 core(s), 1024.0 MiB RAM
[2024-10-24T01:38:09.440+0000] {spark_submit.py:524} INFO - 24/10/24 01:38:09 INFO Utils: Successfully started service 'org.apache.spark.network.netty.NettyBlockTransferService' on port 38635.
[2024-10-24T01:38:09.440+0000] {spark_submit.py:524} INFO - 24/10/24 01:38:09 INFO NettyBlockTransferService: Server created on de5108c6da1d:38635
[2024-10-24T01:38:09.443+0000] {spark_submit.py:524} INFO - 24/10/24 01:38:09 INFO BlockManager: Using org.apache.spark.storage.RandomBlockReplicationPolicy for block replication policy
[2024-10-24T01:38:09.461+0000] {spark_submit.py:524} INFO - 24/10/24 01:38:09 INFO BlockManagerMaster: Registering BlockManager BlockManagerId(driver, de5108c6da1d, 38635, None)
[2024-10-24T01:38:09.473+0000] {spark_submit.py:524} INFO - 24/10/24 01:38:09 INFO BlockManagerMasterEndpoint: Registering block manager de5108c6da1d:38635 with 434.4 MiB RAM, BlockManagerId(driver, de5108c6da1d, 38635, None)
[2024-10-24T01:38:09.496+0000] {spark_submit.py:524} INFO - 24/10/24 01:38:09 INFO BlockManagerMaster: Registered BlockManager BlockManagerId(driver, de5108c6da1d, 38635, None)
[2024-10-24T01:38:09.499+0000] {spark_submit.py:524} INFO - 24/10/24 01:38:09 INFO BlockManager: Initialized BlockManager: BlockManagerId(driver, de5108c6da1d, 38635, None)
[2024-10-24T01:38:09.520+0000] {spark_submit.py:524} INFO - 24/10/24 01:38:09 INFO StandaloneAppClient$ClientEndpoint: Executor updated: app-20241024013809-0010/0 is now RUNNING
[2024-10-24T01:38:10.006+0000] {spark_submit.py:524} INFO - 24/10/24 01:38:10 INFO StandaloneSchedulerBackend: SchedulerBackend is ready for scheduling beginning after reached minRegisteredResourcesRatio: 0.0
[2024-10-24T01:38:10.348+0000] {spark_submit.py:524} INFO - Hello from Spark!
[2024-10-24T01:38:10.349+0000] {spark_submit.py:524} INFO - 24/10/24 01:38:10 INFO SparkContext: SparkContext is stopping with exitCode 0.
[2024-10-24T01:38:10.383+0000] {spark_submit.py:524} INFO - 24/10/24 01:38:10 INFO SparkUI: Stopped Spark web UI at http://de5108c6da1d:4040
[2024-10-24T01:38:10.409+0000] {spark_submit.py:524} INFO - 24/10/24 01:38:10 INFO StandaloneSchedulerBackend: Shutting down all executors
[2024-10-24T01:38:10.416+0000] {spark_submit.py:524} INFO - 24/10/24 01:38:10 INFO StandaloneSchedulerBackend$StandaloneDriverEndpoint: Asking each executor to shut down
[2024-10-24T01:38:10.505+0000] {spark_submit.py:524} INFO - 24/10/24 01:38:10 INFO MapOutputTrackerMasterEndpoint: MapOutputTrackerMasterEndpoint stopped!
[2024-10-24T01:38:10.615+0000] {spark_submit.py:524} INFO - 24/10/24 01:38:10 INFO MemoryStore: MemoryStore cleared
[2024-10-24T01:38:10.618+0000] {spark_submit.py:524} INFO - 24/10/24 01:38:10 INFO BlockManager: BlockManager stopped
[2024-10-24T01:38:10.654+0000] {spark_submit.py:524} INFO - 24/10/24 01:38:10 INFO BlockManagerMaster: BlockManagerMaster stopped
[2024-10-24T01:38:10.658+0000] {spark_submit.py:524} INFO - 24/10/24 01:38:10 INFO OutputCommitCoordinator$OutputCommitCoordinatorEndpoint: OutputCommitCoordinator stopped!
[2024-10-24T01:38:10.696+0000] {spark_submit.py:524} INFO - 24/10/24 01:38:10 INFO SparkContext: Successfully stopped SparkContext
[2024-10-24T01:38:11.125+0000] {spark_submit.py:524} INFO - 24/10/24 01:38:11 INFO ShutdownHookManager: Shutdown hook called
[2024-10-24T01:38:11.126+0000] {spark_submit.py:524} INFO - 24/10/24 01:38:11 INFO ShutdownHookManager: Deleting directory /tmp/spark-54e00367-b1a9-4703-90df-2b783a4e5c80/pyspark-894d25a2-e01a-41de-9a2b-585e317664b5
[2024-10-24T01:38:11.130+0000] {spark_submit.py:524} INFO - 24/10/24 01:38:11 INFO ShutdownHookManager: Deleting directory /tmp/spark-54e00367-b1a9-4703-90df-2b783a4e5c80
[2024-10-24T01:38:11.133+0000] {spark_submit.py:524} INFO - 24/10/24 01:38:11 INFO ShutdownHookManager: Deleting directory /tmp/spark-77f24bf8-ed50-4bb1-957e-357b522b9ee6
[2024-10-24T01:38:11.210+0000] {taskinstance.py:1398} INFO - Marking task as SUCCESS. dag_id=api_openbrewerydb_to_silver_gold, task_id=Gold, execution_date=20231217T080000, start_date=20241024T013801, end_date=20241024T013811
[2024-10-24T01:38:11.233+0000] {local_task_job_runner.py:228} INFO - Task exited with return code 0
[2024-10-24T01:38:11.252+0000] {taskinstance.py:2776} INFO - 0 downstream tasks scheduled from follow-on schedule check
