[2024-10-24T01:37:15.260+0000] {taskinstance.py:1157} INFO - Dependencies all met for dep_context=non-requeueable deps ti=<TaskInstance: api_openbrewerydb_to_silver_gold.Gold scheduled__2023-12-13T08:00:00+00:00 [queued]>
[2024-10-24T01:37:15.267+0000] {taskinstance.py:1157} INFO - Dependencies all met for dep_context=requeueable deps ti=<TaskInstance: api_openbrewerydb_to_silver_gold.Gold scheduled__2023-12-13T08:00:00+00:00 [queued]>
[2024-10-24T01:37:15.268+0000] {taskinstance.py:1359} INFO - Starting attempt 1 of 3
[2024-10-24T01:37:15.278+0000] {taskinstance.py:1380} INFO - Executing <Task(SparkSubmitOperator): Gold> on 2023-12-13 08:00:00+00:00
[2024-10-24T01:37:15.282+0000] {standard_task_runner.py:57} INFO - Started process 507 to run task
[2024-10-24T01:37:15.286+0000] {standard_task_runner.py:84} INFO - Running: ['***', 'tasks', 'run', 'api_openbrewerydb_to_silver_gold', 'Gold', 'scheduled__2023-12-13T08:00:00+00:00', '--job-id', '161', '--raw', '--subdir', 'DAGS_FOLDER/api_openbrewerydb_to_silver.py', '--cfg-path', '/tmp/tmp8zowfld8']
[2024-10-24T01:37:15.291+0000] {standard_task_runner.py:85} INFO - Job 161: Subtask Gold
[2024-10-24T01:37:15.344+0000] {task_command.py:415} INFO - Running <TaskInstance: api_openbrewerydb_to_silver_gold.Gold scheduled__2023-12-13T08:00:00+00:00 [running]> on host de5108c6da1d
[2024-10-24T01:37:15.429+0000] {taskinstance.py:1660} INFO - Exporting env vars: AIRFLOW_CTX_DAG_OWNER='Rodrigo Araujo' AIRFLOW_CTX_DAG_ID='api_openbrewerydb_to_silver_gold' AIRFLOW_CTX_TASK_ID='Gold' AIRFLOW_CTX_EXECUTION_DATE='2023-12-13T08:00:00+00:00' AIRFLOW_CTX_TRY_NUMBER='1' AIRFLOW_CTX_DAG_RUN_ID='scheduled__2023-12-13T08:00:00+00:00'
[2024-10-24T01:37:15.441+0000] {base.py:73} INFO - Using connection ID 'spark-conn' for task execution.
[2024-10-24T01:37:15.442+0000] {spark_submit.py:363} INFO - Spark-Submit cmd: spark-submit --master spark://spark-master:7077 --name arrow-spark --queue root.default jobs/gold/api_openbrewerydb.py
[2024-10-24T01:37:19.594+0000] {spark_submit.py:524} INFO - 24/10/24 01:37:19 INFO SparkContext: Running Spark version 3.5.3
[2024-10-24T01:37:19.598+0000] {spark_submit.py:524} INFO - 24/10/24 01:37:19 INFO SparkContext: OS info Linux, 5.15.0-124-generic, amd64
[2024-10-24T01:37:19.598+0000] {spark_submit.py:524} INFO - 24/10/24 01:37:19 INFO SparkContext: Java version 11.0.25
[2024-10-24T01:37:19.700+0000] {spark_submit.py:524} INFO - 24/10/24 01:37:19 WARN NativeCodeLoader: Unable to load native-hadoop library for your platform... using builtin-java classes where applicable
[2024-10-24T01:37:19.848+0000] {spark_submit.py:524} INFO - 24/10/24 01:37:19 INFO ResourceUtils: ==============================================================
[2024-10-24T01:37:19.849+0000] {spark_submit.py:524} INFO - 24/10/24 01:37:19 INFO ResourceUtils: No custom resources configured for spark.driver.
[2024-10-24T01:37:19.849+0000] {spark_submit.py:524} INFO - 24/10/24 01:37:19 INFO ResourceUtils: ==============================================================
[2024-10-24T01:37:19.850+0000] {spark_submit.py:524} INFO - 24/10/24 01:37:19 INFO SparkContext: Submitted application: IngestaoSilver
[2024-10-24T01:37:19.907+0000] {spark_submit.py:524} INFO - 24/10/24 01:37:19 INFO ResourceProfile: Default ResourceProfile created, executor resources: Map(memory -> name: memory, amount: 1024, script: , vendor: , offHeap -> name: offHeap, amount: 0, script: , vendor: ), task resources: Map(cpus -> name: cpus, amount: 1.0)
[2024-10-24T01:37:19.927+0000] {spark_submit.py:524} INFO - 24/10/24 01:37:19 INFO ResourceProfile: Limiting resource is cpu
[2024-10-24T01:37:19.928+0000] {spark_submit.py:524} INFO - 24/10/24 01:37:19 INFO ResourceProfileManager: Added ResourceProfile id: 0
[2024-10-24T01:37:20.049+0000] {spark_submit.py:524} INFO - 24/10/24 01:37:20 INFO SecurityManager: Changing view acls to: ***
[2024-10-24T01:37:20.051+0000] {spark_submit.py:524} INFO - 24/10/24 01:37:20 INFO SecurityManager: Changing modify acls to: ***
[2024-10-24T01:37:20.052+0000] {spark_submit.py:524} INFO - 24/10/24 01:37:20 INFO SecurityManager: Changing view acls groups to:
[2024-10-24T01:37:20.053+0000] {spark_submit.py:524} INFO - 24/10/24 01:37:20 INFO SecurityManager: Changing modify acls groups to:
[2024-10-24T01:37:20.054+0000] {spark_submit.py:524} INFO - 24/10/24 01:37:20 INFO SecurityManager: SecurityManager: authentication disabled; ui acls disabled; users with view permissions: ***; groups with view permissions: EMPTY; users with modify permissions: ***; groups with modify permissions: EMPTY
[2024-10-24T01:37:20.568+0000] {spark_submit.py:524} INFO - 24/10/24 01:37:20 INFO Utils: Successfully started service 'sparkDriver' on port 33667.
[2024-10-24T01:37:20.628+0000] {spark_submit.py:524} INFO - 24/10/24 01:37:20 INFO SparkEnv: Registering MapOutputTracker
[2024-10-24T01:37:20.691+0000] {spark_submit.py:524} INFO - 24/10/24 01:37:20 INFO SparkEnv: Registering BlockManagerMaster
[2024-10-24T01:37:20.737+0000] {spark_submit.py:524} INFO - 24/10/24 01:37:20 INFO BlockManagerMasterEndpoint: Using org.apache.spark.storage.DefaultTopologyMapper for getting topology information
[2024-10-24T01:37:20.739+0000] {spark_submit.py:524} INFO - 24/10/24 01:37:20 INFO BlockManagerMasterEndpoint: BlockManagerMasterEndpoint up
[2024-10-24T01:37:20.749+0000] {spark_submit.py:524} INFO - 24/10/24 01:37:20 INFO SparkEnv: Registering BlockManagerMasterHeartbeat
[2024-10-24T01:37:20.794+0000] {spark_submit.py:524} INFO - 24/10/24 01:37:20 INFO DiskBlockManager: Created local directory at /tmp/blockmgr-aec789b3-02aa-44a6-9a79-d0e96a3f27c2
[2024-10-24T01:37:20.822+0000] {spark_submit.py:524} INFO - 24/10/24 01:37:20 INFO MemoryStore: MemoryStore started with capacity 434.4 MiB
[2024-10-24T01:37:20.858+0000] {spark_submit.py:524} INFO - 24/10/24 01:37:20 INFO SparkEnv: Registering OutputCommitCoordinator
[2024-10-24T01:37:21.118+0000] {spark_submit.py:524} INFO - 24/10/24 01:37:21 INFO JettyUtils: Start Jetty 0.0.0.0:4040 for SparkUI
[2024-10-24T01:37:21.187+0000] {spark_submit.py:524} INFO - 24/10/24 01:37:21 INFO Utils: Successfully started service 'SparkUI' on port 4040.
[2024-10-24T01:37:21.376+0000] {spark_submit.py:524} INFO - 24/10/24 01:37:21 INFO StandaloneAppClient$ClientEndpoint: Connecting to master spark://spark-master:7077...
[2024-10-24T01:37:21.445+0000] {spark_submit.py:524} INFO - 24/10/24 01:37:21 INFO TransportClientFactory: Successfully created connection to spark-master/172.22.0.2:7077 after 38 ms (0 ms spent in bootstraps)
[2024-10-24T01:37:21.586+0000] {spark_submit.py:524} INFO - 24/10/24 01:37:21 INFO StandaloneSchedulerBackend: Connected to Spark cluster with app ID app-20241024013721-0002
[2024-10-24T01:37:21.587+0000] {spark_submit.py:524} INFO - 24/10/24 01:37:21 INFO StandaloneAppClient$ClientEndpoint: Executor added: app-20241024013721-0002/0 on worker-20241024013655-172.22.0.4-42143 (172.22.0.4:42143) with 2 core(s)
[2024-10-24T01:37:21.588+0000] {spark_submit.py:524} INFO - 24/10/24 01:37:21 INFO StandaloneSchedulerBackend: Granted executor ID app-20241024013721-0002/0 on hostPort 172.22.0.4:42143 with 2 core(s), 1024.0 MiB RAM
[2024-10-24T01:37:21.615+0000] {spark_submit.py:524} INFO - 24/10/24 01:37:21 INFO Utils: Successfully started service 'org.apache.spark.network.netty.NettyBlockTransferService' on port 33131.
[2024-10-24T01:37:21.615+0000] {spark_submit.py:524} INFO - 24/10/24 01:37:21 INFO NettyBlockTransferService: Server created on de5108c6da1d:33131
[2024-10-24T01:37:21.619+0000] {spark_submit.py:524} INFO - 24/10/24 01:37:21 INFO BlockManager: Using org.apache.spark.storage.RandomBlockReplicationPolicy for block replication policy
[2024-10-24T01:37:21.646+0000] {spark_submit.py:524} INFO - 24/10/24 01:37:21 INFO BlockManagerMaster: Registering BlockManager BlockManagerId(driver, de5108c6da1d, 33131, None)
[2024-10-24T01:37:21.654+0000] {spark_submit.py:524} INFO - 24/10/24 01:37:21 INFO BlockManagerMasterEndpoint: Registering block manager de5108c6da1d:33131 with 434.4 MiB RAM, BlockManagerId(driver, de5108c6da1d, 33131, None)
[2024-10-24T01:37:21.659+0000] {spark_submit.py:524} INFO - 24/10/24 01:37:21 INFO StandaloneAppClient$ClientEndpoint: Executor updated: app-20241024013721-0002/0 is now RUNNING
[2024-10-24T01:37:21.660+0000] {spark_submit.py:524} INFO - 24/10/24 01:37:21 INFO BlockManagerMaster: Registered BlockManager BlockManagerId(driver, de5108c6da1d, 33131, None)
[2024-10-24T01:37:21.663+0000] {spark_submit.py:524} INFO - 24/10/24 01:37:21 INFO BlockManager: Initialized BlockManager: BlockManagerId(driver, de5108c6da1d, 33131, None)
[2024-10-24T01:37:22.102+0000] {spark_submit.py:524} INFO - 24/10/24 01:37:22 INFO StandaloneSchedulerBackend: SchedulerBackend is ready for scheduling beginning after reached minRegisteredResourcesRatio: 0.0
[2024-10-24T01:37:22.449+0000] {spark_submit.py:524} INFO - Hello from Spark!
[2024-10-24T01:37:22.453+0000] {spark_submit.py:524} INFO - 24/10/24 01:37:22 INFO SparkContext: SparkContext is stopping with exitCode 0.
[2024-10-24T01:37:22.507+0000] {spark_submit.py:524} INFO - 24/10/24 01:37:22 INFO SparkUI: Stopped Spark web UI at http://de5108c6da1d:4040
[2024-10-24T01:37:22.523+0000] {spark_submit.py:524} INFO - 24/10/24 01:37:22 INFO StandaloneSchedulerBackend: Shutting down all executors
[2024-10-24T01:37:22.527+0000] {spark_submit.py:524} INFO - 24/10/24 01:37:22 INFO StandaloneSchedulerBackend$StandaloneDriverEndpoint: Asking each executor to shut down
[2024-10-24T01:37:22.582+0000] {spark_submit.py:524} INFO - 24/10/24 01:37:22 INFO MapOutputTrackerMasterEndpoint: MapOutputTrackerMasterEndpoint stopped!
[2024-10-24T01:37:22.611+0000] {spark_submit.py:524} INFO - 24/10/24 01:37:22 INFO MemoryStore: MemoryStore cleared
[2024-10-24T01:37:22.612+0000] {spark_submit.py:524} INFO - 24/10/24 01:37:22 INFO BlockManager: BlockManager stopped
[2024-10-24T01:37:22.621+0000] {spark_submit.py:524} INFO - 24/10/24 01:37:22 INFO BlockManagerMaster: BlockManagerMaster stopped
[2024-10-24T01:37:22.628+0000] {spark_submit.py:524} INFO - 24/10/24 01:37:22 INFO OutputCommitCoordinator$OutputCommitCoordinatorEndpoint: OutputCommitCoordinator stopped!
[2024-10-24T01:37:22.664+0000] {spark_submit.py:524} INFO - 24/10/24 01:37:22 INFO SparkContext: Successfully stopped SparkContext
[2024-10-24T01:37:23.197+0000] {spark_submit.py:524} INFO - 24/10/24 01:37:23 INFO ShutdownHookManager: Shutdown hook called
[2024-10-24T01:37:23.197+0000] {spark_submit.py:524} INFO - 24/10/24 01:37:23 INFO ShutdownHookManager: Deleting directory /tmp/spark-303112c6-0f6a-43e6-8a91-4df2f3e03f84/pyspark-5e8083be-54d3-4ca1-a827-975efc936aea
[2024-10-24T01:37:23.200+0000] {spark_submit.py:524} INFO - 24/10/24 01:37:23 INFO ShutdownHookManager: Deleting directory /tmp/spark-303112c6-0f6a-43e6-8a91-4df2f3e03f84
[2024-10-24T01:37:23.203+0000] {spark_submit.py:524} INFO - 24/10/24 01:37:23 INFO ShutdownHookManager: Deleting directory /tmp/spark-2e38c2b4-ce1e-4aa8-bbac-fc1b60ede9de
[2024-10-24T01:37:23.253+0000] {taskinstance.py:1398} INFO - Marking task as SUCCESS. dag_id=api_openbrewerydb_to_silver_gold, task_id=Gold, execution_date=20231213T080000, start_date=20241024T013715, end_date=20241024T013723
[2024-10-24T01:37:23.276+0000] {local_task_job_runner.py:228} INFO - Task exited with return code 0
[2024-10-24T01:37:23.291+0000] {taskinstance.py:2776} INFO - 0 downstream tasks scheduled from follow-on schedule check
[2024-10-24T14:38:07.437+0000] {logging_mixin.py:151} INFO - Changing /opt/***/logs/dag_id=api_openbrewerydb_to_silver_gold/run_id=scheduled__2023-12-13T08:00:00+00:00/task_id=Gold permission to 509
[2024-10-24T14:38:07.438+0000] {logging_mixin.py:151} INFO - Failed to change /opt/***/logs/dag_id=api_openbrewerydb_to_silver_gold/run_id=scheduled__2023-12-13T08:00:00+00:00/task_id=Gold permission to 509: [Errno 1] Operation not permitted: '/opt/***/logs/dag_id=api_openbrewerydb_to_silver_gold/run_id=scheduled__2023-12-13T08:00:00+00:00/task_id=Gold'
[2024-10-24T14:38:07.494+0000] {logging_mixin.py:151} INFO - Changing /opt/***/logs/dag_id=api_openbrewerydb_to_silver_gold/run_id=scheduled__2023-12-13T08:00:00+00:00/task_id=Gold permission to 509
[2024-10-24T14:38:07.494+0000] {logging_mixin.py:151} INFO - Failed to change /opt/***/logs/dag_id=api_openbrewerydb_to_silver_gold/run_id=scheduled__2023-12-13T08:00:00+00:00/task_id=Gold permission to 509: [Errno 1] Operation not permitted: '/opt/***/logs/dag_id=api_openbrewerydb_to_silver_gold/run_id=scheduled__2023-12-13T08:00:00+00:00/task_id=Gold'
[2024-10-24T14:38:07.554+0000] {taskinstance.py:1157} INFO - Dependencies all met for dep_context=non-requeueable deps ti=<TaskInstance: api_openbrewerydb_to_silver_gold.Gold scheduled__2023-12-13T08:00:00+00:00 [queued]>
[2024-10-24T14:38:07.567+0000] {taskinstance.py:1157} INFO - Dependencies all met for dep_context=requeueable deps ti=<TaskInstance: api_openbrewerydb_to_silver_gold.Gold scheduled__2023-12-13T08:00:00+00:00 [queued]>
[2024-10-24T14:38:07.568+0000] {taskinstance.py:1359} INFO - Starting attempt 1 of 2
[2024-10-24T14:38:07.587+0000] {taskinstance.py:1380} INFO - Executing <Task(SparkSubmitOperator): Gold> on 2023-12-13 08:00:00+00:00
[2024-10-24T14:38:07.594+0000] {standard_task_runner.py:57} INFO - Started process 17271 to run task
[2024-10-24T14:38:07.599+0000] {standard_task_runner.py:84} INFO - Running: ['***', 'tasks', 'run', 'api_openbrewerydb_to_silver_gold', 'Gold', 'scheduled__2023-12-13T08:00:00+00:00', '--job-id', '112', '--raw', '--subdir', 'DAGS_FOLDER/api_openbrewerydb_to_silver.py', '--cfg-path', '/tmp/tmp7cvgwebz']
[2024-10-24T14:38:07.607+0000] {standard_task_runner.py:85} INFO - Job 112: Subtask Gold
[2024-10-24T14:38:07.697+0000] {logging_mixin.py:151} INFO - Changing /opt/***/logs/dag_id=api_openbrewerydb_to_silver_gold/run_id=scheduled__2023-12-13T08:00:00+00:00/task_id=Gold permission to 509
[2024-10-24T14:38:07.698+0000] {logging_mixin.py:151} INFO - Failed to change /opt/***/logs/dag_id=api_openbrewerydb_to_silver_gold/run_id=scheduled__2023-12-13T08:00:00+00:00/task_id=Gold permission to 509: [Errno 1] Operation not permitted: '/opt/***/logs/dag_id=api_openbrewerydb_to_silver_gold/run_id=scheduled__2023-12-13T08:00:00+00:00/task_id=Gold'
[2024-10-24T14:38:07.699+0000] {task_command.py:415} INFO - Running <TaskInstance: api_openbrewerydb_to_silver_gold.Gold scheduled__2023-12-13T08:00:00+00:00 [running]> on host 96f89615839b
[2024-10-24T14:38:07.855+0000] {taskinstance.py:1660} INFO - Exporting env vars: AIRFLOW_CTX_DAG_OWNER='Rodrigo Araujo' AIRFLOW_CTX_DAG_ID='api_openbrewerydb_to_silver_gold' AIRFLOW_CTX_TASK_ID='Gold' AIRFLOW_CTX_EXECUTION_DATE='2023-12-13T08:00:00+00:00' AIRFLOW_CTX_TRY_NUMBER='1' AIRFLOW_CTX_DAG_RUN_ID='scheduled__2023-12-13T08:00:00+00:00'
[2024-10-24T14:38:07.876+0000] {base.py:73} INFO - Using connection ID 'spark-conn' for task execution.
[2024-10-24T14:38:07.877+0000] {spark_submit.py:363} INFO - Spark-Submit cmd: spark-submit --master spark://spark-master:7077 --name arrow-spark jobs/gold/api_openbrewerydb.py
[2024-10-24T14:38:14.506+0000] {spark_submit.py:524} INFO - 24/10/24 14:38:14 INFO SparkContext: Running Spark version 3.5.3
[2024-10-24T14:38:14.510+0000] {spark_submit.py:524} INFO - 24/10/24 14:38:14 INFO SparkContext: OS info Linux, 5.15.0-124-generic, amd64
[2024-10-24T14:38:14.511+0000] {spark_submit.py:524} INFO - 24/10/24 14:38:14 INFO SparkContext: Java version 11.0.25
[2024-10-24T14:38:14.615+0000] {spark_submit.py:524} INFO - 24/10/24 14:38:14 WARN NativeCodeLoader: Unable to load native-hadoop library for your platform... using builtin-java classes where applicable
[2024-10-24T14:38:14.768+0000] {spark_submit.py:524} INFO - 24/10/24 14:38:14 INFO ResourceUtils: ==============================================================
[2024-10-24T14:38:14.769+0000] {spark_submit.py:524} INFO - 24/10/24 14:38:14 INFO ResourceUtils: No custom resources configured for spark.driver.
[2024-10-24T14:38:14.770+0000] {spark_submit.py:524} INFO - 24/10/24 14:38:14 INFO ResourceUtils: ==============================================================
[2024-10-24T14:38:14.770+0000] {spark_submit.py:524} INFO - 24/10/24 14:38:14 INFO SparkContext: Submitted application: IngestaoSilver
[2024-10-24T14:38:14.808+0000] {spark_submit.py:524} INFO - 24/10/24 14:38:14 INFO ResourceProfile: Default ResourceProfile created, executor resources: Map(memory -> name: memory, amount: 1024, script: , vendor: , offHeap -> name: offHeap, amount: 0, script: , vendor: ), task resources: Map(cpus -> name: cpus, amount: 1.0)
[2024-10-24T14:38:14.837+0000] {spark_submit.py:524} INFO - 24/10/24 14:38:14 INFO ResourceProfile: Limiting resource is cpu
[2024-10-24T14:38:14.838+0000] {spark_submit.py:524} INFO - 24/10/24 14:38:14 INFO ResourceProfileManager: Added ResourceProfile id: 0
[2024-10-24T14:38:14.926+0000] {spark_submit.py:524} INFO - 24/10/24 14:38:14 INFO SecurityManager: Changing view acls to: ***
[2024-10-24T14:38:14.927+0000] {spark_submit.py:524} INFO - 24/10/24 14:38:14 INFO SecurityManager: Changing modify acls to: ***
[2024-10-24T14:38:14.928+0000] {spark_submit.py:524} INFO - 24/10/24 14:38:14 INFO SecurityManager: Changing view acls groups to:
[2024-10-24T14:38:14.929+0000] {spark_submit.py:524} INFO - 24/10/24 14:38:14 INFO SecurityManager: Changing modify acls groups to:
[2024-10-24T14:38:14.930+0000] {spark_submit.py:524} INFO - 24/10/24 14:38:14 INFO SecurityManager: SecurityManager: authentication disabled; ui acls disabled; users with view permissions: ***; groups with view permissions: EMPTY; users with modify permissions: ***; groups with modify permissions: EMPTY
[2024-10-24T14:38:15.325+0000] {spark_submit.py:524} INFO - 24/10/24 14:38:15 INFO Utils: Successfully started service 'sparkDriver' on port 38943.
[2024-10-24T14:38:15.373+0000] {spark_submit.py:524} INFO - 24/10/24 14:38:15 INFO SparkEnv: Registering MapOutputTracker
[2024-10-24T14:38:15.434+0000] {spark_submit.py:524} INFO - 24/10/24 14:38:15 INFO SparkEnv: Registering BlockManagerMaster
[2024-10-24T14:38:15.472+0000] {spark_submit.py:524} INFO - 24/10/24 14:38:15 INFO BlockManagerMasterEndpoint: Using org.apache.spark.storage.DefaultTopologyMapper for getting topology information
[2024-10-24T14:38:15.473+0000] {spark_submit.py:524} INFO - 24/10/24 14:38:15 INFO BlockManagerMasterEndpoint: BlockManagerMasterEndpoint up
[2024-10-24T14:38:15.479+0000] {spark_submit.py:524} INFO - 24/10/24 14:38:15 INFO SparkEnv: Registering BlockManagerMasterHeartbeat
[2024-10-24T14:38:15.528+0000] {spark_submit.py:524} INFO - 24/10/24 14:38:15 INFO DiskBlockManager: Created local directory at /tmp/blockmgr-876f7474-4118-4a0a-97cc-121e75ec3575
[2024-10-24T14:38:15.554+0000] {spark_submit.py:524} INFO - 24/10/24 14:38:15 INFO MemoryStore: MemoryStore started with capacity 434.4 MiB
[2024-10-24T14:38:15.580+0000] {spark_submit.py:524} INFO - 24/10/24 14:38:15 INFO SparkEnv: Registering OutputCommitCoordinator
[2024-10-24T14:38:16.030+0000] {spark_submit.py:524} INFO - 24/10/24 14:38:16 INFO JettyUtils: Start Jetty 0.0.0.0:4040 for SparkUI
[2024-10-24T14:38:16.217+0000] {spark_submit.py:524} INFO - 24/10/24 14:38:16 INFO Utils: Successfully started service 'SparkUI' on port 4040.
[2024-10-24T14:38:16.461+0000] {spark_submit.py:524} INFO - 24/10/24 14:38:16 INFO StandaloneAppClient$ClientEndpoint: Connecting to master spark://spark-master:7077...
[2024-10-24T14:38:16.543+0000] {spark_submit.py:524} INFO - 24/10/24 14:38:16 INFO TransportClientFactory: Successfully created connection to spark-master/172.18.0.2:7077 after 49 ms (0 ms spent in bootstraps)
[2024-10-24T14:38:16.705+0000] {spark_submit.py:524} INFO - 24/10/24 14:38:16 INFO StandaloneSchedulerBackend: Connected to Spark cluster with app ID app-20241024143816-0107
[2024-10-24T14:38:16.708+0000] {spark_submit.py:524} INFO - 24/10/24 14:38:16 INFO StandaloneAppClient$ClientEndpoint: Executor added: app-20241024143816-0107/0 on worker-20241024142308-172.18.0.5-43899 (172.18.0.5:43899) with 2 core(s)
[2024-10-24T14:38:16.711+0000] {spark_submit.py:524} INFO - 24/10/24 14:38:16 INFO StandaloneSchedulerBackend: Granted executor ID app-20241024143816-0107/0 on hostPort 172.18.0.5:43899 with 2 core(s), 1024.0 MiB RAM
[2024-10-24T14:38:16.727+0000] {spark_submit.py:524} INFO - 24/10/24 14:38:16 INFO Utils: Successfully started service 'org.apache.spark.network.netty.NettyBlockTransferService' on port 45963.
[2024-10-24T14:38:16.728+0000] {spark_submit.py:524} INFO - 24/10/24 14:38:16 INFO NettyBlockTransferService: Server created on 96f89615839b:45963
[2024-10-24T14:38:16.731+0000] {spark_submit.py:524} INFO - 24/10/24 14:38:16 INFO BlockManager: Using org.apache.spark.storage.RandomBlockReplicationPolicy for block replication policy
[2024-10-24T14:38:16.757+0000] {spark_submit.py:524} INFO - 24/10/24 14:38:16 INFO BlockManagerMaster: Registering BlockManager BlockManagerId(driver, 96f89615839b, 45963, None)
[2024-10-24T14:38:16.758+0000] {spark_submit.py:524} INFO - 24/10/24 14:38:16 INFO StandaloneAppClient$ClientEndpoint: Executor updated: app-20241024143816-0107/0 is now RUNNING
[2024-10-24T14:38:16.765+0000] {spark_submit.py:524} INFO - 24/10/24 14:38:16 INFO BlockManagerMasterEndpoint: Registering block manager 96f89615839b:45963 with 434.4 MiB RAM, BlockManagerId(driver, 96f89615839b, 45963, None)
[2024-10-24T14:38:16.770+0000] {spark_submit.py:524} INFO - 24/10/24 14:38:16 INFO BlockManagerMaster: Registered BlockManager BlockManagerId(driver, 96f89615839b, 45963, None)
[2024-10-24T14:38:16.773+0000] {spark_submit.py:524} INFO - 24/10/24 14:38:16 INFO BlockManager: Initialized BlockManager: BlockManagerId(driver, 96f89615839b, 45963, None)
[2024-10-24T14:38:17.298+0000] {spark_submit.py:524} INFO - 24/10/24 14:38:17 INFO StandaloneSchedulerBackend: SchedulerBackend is ready for scheduling beginning after reached minRegisteredResourcesRatio: 0.0
[2024-10-24T14:38:17.742+0000] {spark_submit.py:524} INFO - Hello from Spark!
[2024-10-24T14:38:17.743+0000] {spark_submit.py:524} INFO - 24/10/24 14:38:17 INFO SparkContext: SparkContext is stopping with exitCode 0.
[2024-10-24T14:38:17.762+0000] {spark_submit.py:524} INFO - 24/10/24 14:38:17 INFO SparkUI: Stopped Spark web UI at http://96f89615839b:4040
[2024-10-24T14:38:17.770+0000] {spark_submit.py:524} INFO - 24/10/24 14:38:17 INFO StandaloneSchedulerBackend: Shutting down all executors
[2024-10-24T14:38:17.778+0000] {spark_submit.py:524} INFO - 24/10/24 14:38:17 INFO StandaloneSchedulerBackend$StandaloneDriverEndpoint: Asking each executor to shut down
[2024-10-24T14:38:17.848+0000] {spark_submit.py:524} INFO - 24/10/24 14:38:17 INFO MapOutputTrackerMasterEndpoint: MapOutputTrackerMasterEndpoint stopped!
[2024-10-24T14:38:17.901+0000] {spark_submit.py:524} INFO - 24/10/24 14:38:17 INFO MemoryStore: MemoryStore cleared
[2024-10-24T14:38:17.902+0000] {spark_submit.py:524} INFO - 24/10/24 14:38:17 INFO BlockManager: BlockManager stopped
[2024-10-24T14:38:17.916+0000] {spark_submit.py:524} INFO - 24/10/24 14:38:17 INFO BlockManagerMaster: BlockManagerMaster stopped
[2024-10-24T14:38:17.920+0000] {spark_submit.py:524} INFO - 24/10/24 14:38:17 INFO OutputCommitCoordinator$OutputCommitCoordinatorEndpoint: OutputCommitCoordinator stopped!
[2024-10-24T14:38:17.931+0000] {spark_submit.py:524} INFO - 24/10/24 14:38:17 INFO SparkContext: Successfully stopped SparkContext
[2024-10-24T14:38:18.459+0000] {spark_submit.py:524} INFO - 24/10/24 14:38:18 INFO ShutdownHookManager: Shutdown hook called
[2024-10-24T14:38:18.460+0000] {spark_submit.py:524} INFO - 24/10/24 14:38:18 INFO ShutdownHookManager: Deleting directory /tmp/spark-b1a68f37-7aa0-4d48-a35c-c6c10ee74712
[2024-10-24T14:38:18.466+0000] {spark_submit.py:524} INFO - 24/10/24 14:38:18 INFO ShutdownHookManager: Deleting directory /tmp/spark-7bcadc22-805c-4cbd-a03f-b9320801cb72
[2024-10-24T14:38:18.471+0000] {spark_submit.py:524} INFO - 24/10/24 14:38:18 INFO ShutdownHookManager: Deleting directory /tmp/spark-7bcadc22-805c-4cbd-a03f-b9320801cb72/pyspark-25e09d78-ab11-479e-a364-6d527affa0e4
[2024-10-24T14:38:18.589+0000] {taskinstance.py:1398} INFO - Marking task as SUCCESS. dag_id=api_openbrewerydb_to_silver_gold, task_id=Gold, execution_date=20231213T080000, start_date=20241024T143807, end_date=20241024T143818
[2024-10-24T14:38:18.644+0000] {local_task_job_runner.py:228} INFO - Task exited with return code 0
[2024-10-24T14:38:18.692+0000] {taskinstance.py:2776} INFO - 0 downstream tasks scheduled from follow-on schedule check
