[2024-10-24T01:26:45.330+0000] {taskinstance.py:1157} INFO - Dependencies all met for dep_context=non-requeueable deps ti=<TaskInstance: api_openbrewerydb_to_silver_gold.Gold scheduled__2023-11-26T08:00:00+00:00 [queued]>
[2024-10-24T01:26:45.343+0000] {taskinstance.py:1157} INFO - Dependencies all met for dep_context=requeueable deps ti=<TaskInstance: api_openbrewerydb_to_silver_gold.Gold scheduled__2023-11-26T08:00:00+00:00 [queued]>
[2024-10-24T01:26:45.343+0000] {taskinstance.py:1359} INFO - Starting attempt 1 of 3
[2024-10-24T01:26:45.368+0000] {taskinstance.py:1380} INFO - Executing <Task(SparkSubmitOperator): Gold> on 2023-11-26 08:00:00+00:00
[2024-10-24T01:26:45.375+0000] {standard_task_runner.py:57} INFO - Started process 8645 to run task
[2024-10-24T01:26:45.379+0000] {standard_task_runner.py:84} INFO - Running: ['***', 'tasks', 'run', 'api_openbrewerydb_to_silver_gold', 'Gold', 'scheduled__2023-11-26T08:00:00+00:00', '--job-id', '135', '--raw', '--subdir', 'DAGS_FOLDER/api_openbrewerydb_to_silver.py', '--cfg-path', '/tmp/tmpfci_gnxd']
[2024-10-24T01:26:45.386+0000] {standard_task_runner.py:85} INFO - Job 135: Subtask Gold
[2024-10-24T01:26:45.470+0000] {task_command.py:415} INFO - Running <TaskInstance: api_openbrewerydb_to_silver_gold.Gold scheduled__2023-11-26T08:00:00+00:00 [running]> on host de5108c6da1d
[2024-10-24T01:26:45.622+0000] {taskinstance.py:1660} INFO - Exporting env vars: AIRFLOW_CTX_DAG_OWNER='Rodrigo Araujo' AIRFLOW_CTX_DAG_ID='api_openbrewerydb_to_silver_gold' AIRFLOW_CTX_TASK_ID='Gold' AIRFLOW_CTX_EXECUTION_DATE='2023-11-26T08:00:00+00:00' AIRFLOW_CTX_TRY_NUMBER='1' AIRFLOW_CTX_DAG_RUN_ID='scheduled__2023-11-26T08:00:00+00:00'
[2024-10-24T01:26:45.643+0000] {base.py:73} INFO - Using connection ID 'spark-conn' for task execution.
[2024-10-24T01:26:45.644+0000] {spark_submit.py:363} INFO - Spark-Submit cmd: spark-submit --master spark://spark-master:7077 --name arrow-spark --queue root.default jobs/gold/api_openbrewerydb.py
[2024-10-24T01:26:51.068+0000] {spark_submit.py:524} INFO - 24/10/24 01:26:51 INFO SparkContext: Running Spark version 3.5.3
[2024-10-24T01:26:51.072+0000] {spark_submit.py:524} INFO - 24/10/24 01:26:51 INFO SparkContext: OS info Linux, 5.15.0-124-generic, amd64
[2024-10-24T01:26:51.072+0000] {spark_submit.py:524} INFO - 24/10/24 01:26:51 INFO SparkContext: Java version 11.0.25
[2024-10-24T01:26:51.203+0000] {spark_submit.py:524} INFO - 24/10/24 01:26:51 WARN NativeCodeLoader: Unable to load native-hadoop library for your platform... using builtin-java classes where applicable
[2024-10-24T01:26:51.388+0000] {spark_submit.py:524} INFO - 24/10/24 01:26:51 INFO ResourceUtils: ==============================================================
[2024-10-24T01:26:51.388+0000] {spark_submit.py:524} INFO - 24/10/24 01:26:51 INFO ResourceUtils: No custom resources configured for spark.driver.
[2024-10-24T01:26:51.389+0000] {spark_submit.py:524} INFO - 24/10/24 01:26:51 INFO ResourceUtils: ==============================================================
[2024-10-24T01:26:51.389+0000] {spark_submit.py:524} INFO - 24/10/24 01:26:51 INFO SparkContext: Submitted application: IngestaoSilver
[2024-10-24T01:26:51.429+0000] {spark_submit.py:524} INFO - 24/10/24 01:26:51 INFO ResourceProfile: Default ResourceProfile created, executor resources: Map(memory -> name: memory, amount: 1024, script: , vendor: , offHeap -> name: offHeap, amount: 0, script: , vendor: ), task resources: Map(cpus -> name: cpus, amount: 1.0)
[2024-10-24T01:26:51.459+0000] {spark_submit.py:524} INFO - 24/10/24 01:26:51 INFO ResourceProfile: Limiting resource is cpu
[2024-10-24T01:26:51.460+0000] {spark_submit.py:524} INFO - 24/10/24 01:26:51 INFO ResourceProfileManager: Added ResourceProfile id: 0
[2024-10-24T01:26:51.570+0000] {spark_submit.py:524} INFO - 24/10/24 01:26:51 INFO SecurityManager: Changing view acls to: ***
[2024-10-24T01:26:51.571+0000] {spark_submit.py:524} INFO - 24/10/24 01:26:51 INFO SecurityManager: Changing modify acls to: ***
[2024-10-24T01:26:51.572+0000] {spark_submit.py:524} INFO - 24/10/24 01:26:51 INFO SecurityManager: Changing view acls groups to:
[2024-10-24T01:26:51.573+0000] {spark_submit.py:524} INFO - 24/10/24 01:26:51 INFO SecurityManager: Changing modify acls groups to:
[2024-10-24T01:26:51.573+0000] {spark_submit.py:524} INFO - 24/10/24 01:26:51 INFO SecurityManager: SecurityManager: authentication disabled; ui acls disabled; users with view permissions: ***; groups with view permissions: EMPTY; users with modify permissions: ***; groups with modify permissions: EMPTY
[2024-10-24T01:26:52.031+0000] {spark_submit.py:524} INFO - 24/10/24 01:26:52 INFO Utils: Successfully started service 'sparkDriver' on port 39881.
[2024-10-24T01:26:52.088+0000] {spark_submit.py:524} INFO - 24/10/24 01:26:52 INFO SparkEnv: Registering MapOutputTracker
[2024-10-24T01:26:52.145+0000] {spark_submit.py:524} INFO - 24/10/24 01:26:52 INFO SparkEnv: Registering BlockManagerMaster
[2024-10-24T01:26:52.181+0000] {spark_submit.py:524} INFO - 24/10/24 01:26:52 INFO BlockManagerMasterEndpoint: Using org.apache.spark.storage.DefaultTopologyMapper for getting topology information
[2024-10-24T01:26:52.182+0000] {spark_submit.py:524} INFO - 24/10/24 01:26:52 INFO BlockManagerMasterEndpoint: BlockManagerMasterEndpoint up
[2024-10-24T01:26:52.188+0000] {spark_submit.py:524} INFO - 24/10/24 01:26:52 INFO SparkEnv: Registering BlockManagerMasterHeartbeat
[2024-10-24T01:26:52.230+0000] {spark_submit.py:524} INFO - 24/10/24 01:26:52 INFO DiskBlockManager: Created local directory at /tmp/blockmgr-cf3eca00-de14-440a-8226-dda0e28616e9
[2024-10-24T01:26:52.255+0000] {spark_submit.py:524} INFO - 24/10/24 01:26:52 INFO MemoryStore: MemoryStore started with capacity 434.4 MiB
[2024-10-24T01:26:52.282+0000] {spark_submit.py:524} INFO - 24/10/24 01:26:52 INFO SparkEnv: Registering OutputCommitCoordinator
[2024-10-24T01:26:52.533+0000] {spark_submit.py:524} INFO - 24/10/24 01:26:52 INFO JettyUtils: Start Jetty 0.0.0.0:4040 for SparkUI
[2024-10-24T01:26:52.631+0000] {spark_submit.py:524} INFO - 24/10/24 01:26:52 INFO Utils: Successfully started service 'SparkUI' on port 4040.
[2024-10-24T01:26:52.831+0000] {spark_submit.py:524} INFO - 24/10/24 01:26:52 INFO StandaloneAppClient$ClientEndpoint: Connecting to master spark://spark-master:7077...
[2024-10-24T01:26:52.915+0000] {spark_submit.py:524} INFO - 24/10/24 01:26:52 INFO TransportClientFactory: Successfully created connection to spark-master/172.22.0.3:7077 after 51 ms (0 ms spent in bootstraps)
[2024-10-24T01:26:53.067+0000] {spark_submit.py:524} INFO - 24/10/24 01:26:53 INFO StandaloneSchedulerBackend: Connected to Spark cluster with app ID app-20241024012653-0041
[2024-10-24T01:26:53.070+0000] {spark_submit.py:524} INFO - 24/10/24 01:26:53 INFO StandaloneAppClient$ClientEndpoint: Executor added: app-20241024012653-0041/0 on worker-20241024010948-172.22.0.4-41535 (172.22.0.4:41535) with 2 core(s)
[2024-10-24T01:26:53.074+0000] {spark_submit.py:524} INFO - 24/10/24 01:26:53 INFO StandaloneSchedulerBackend: Granted executor ID app-20241024012653-0041/0 on hostPort 172.22.0.4:41535 with 2 core(s), 1024.0 MiB RAM
[2024-10-24T01:26:53.085+0000] {spark_submit.py:524} INFO - 24/10/24 01:26:53 INFO Utils: Successfully started service 'org.apache.spark.network.netty.NettyBlockTransferService' on port 33341.
[2024-10-24T01:26:53.085+0000] {spark_submit.py:524} INFO - 24/10/24 01:26:53 INFO NettyBlockTransferService: Server created on de5108c6da1d:33341
[2024-10-24T01:26:53.088+0000] {spark_submit.py:524} INFO - 24/10/24 01:26:53 INFO BlockManager: Using org.apache.spark.storage.RandomBlockReplicationPolicy for block replication policy
[2024-10-24T01:26:53.104+0000] {spark_submit.py:524} INFO - 24/10/24 01:26:53 INFO BlockManagerMaster: Registering BlockManager BlockManagerId(driver, de5108c6da1d, 33341, None)
[2024-10-24T01:26:53.110+0000] {spark_submit.py:524} INFO - 24/10/24 01:26:53 INFO BlockManagerMasterEndpoint: Registering block manager de5108c6da1d:33341 with 434.4 MiB RAM, BlockManagerId(driver, de5108c6da1d, 33341, None)
[2024-10-24T01:26:53.114+0000] {spark_submit.py:524} INFO - 24/10/24 01:26:53 INFO BlockManagerMaster: Registered BlockManager BlockManagerId(driver, de5108c6da1d, 33341, None)
[2024-10-24T01:26:53.116+0000] {spark_submit.py:524} INFO - 24/10/24 01:26:53 INFO BlockManager: Initialized BlockManager: BlockManagerId(driver, de5108c6da1d, 33341, None)
[2024-10-24T01:26:53.122+0000] {spark_submit.py:524} INFO - 24/10/24 01:26:53 INFO StandaloneAppClient$ClientEndpoint: Executor updated: app-20241024012653-0041/0 is now RUNNING
[2024-10-24T01:26:53.604+0000] {spark_submit.py:524} INFO - 24/10/24 01:26:53 INFO StandaloneSchedulerBackend: SchedulerBackend is ready for scheduling beginning after reached minRegisteredResourcesRatio: 0.0
[2024-10-24T01:26:53.954+0000] {spark_submit.py:524} INFO - Hello from Spark!
[2024-10-24T01:26:53.954+0000] {spark_submit.py:524} INFO - 24/10/24 01:26:53 INFO SparkContext: SparkContext is stopping with exitCode 0.
[2024-10-24T01:26:53.975+0000] {spark_submit.py:524} INFO - 24/10/24 01:26:53 INFO SparkUI: Stopped Spark web UI at http://de5108c6da1d:4040
[2024-10-24T01:26:53.986+0000] {spark_submit.py:524} INFO - 24/10/24 01:26:53 INFO StandaloneSchedulerBackend: Shutting down all executors
[2024-10-24T01:26:53.993+0000] {spark_submit.py:524} INFO - 24/10/24 01:26:53 INFO StandaloneSchedulerBackend$StandaloneDriverEndpoint: Asking each executor to shut down
[2024-10-24T01:26:54.024+0000] {spark_submit.py:524} INFO - 24/10/24 01:26:54 INFO MapOutputTrackerMasterEndpoint: MapOutputTrackerMasterEndpoint stopped!
[2024-10-24T01:26:54.043+0000] {spark_submit.py:524} INFO - 24/10/24 01:26:54 INFO MemoryStore: MemoryStore cleared
[2024-10-24T01:26:54.043+0000] {spark_submit.py:524} INFO - 24/10/24 01:26:54 INFO BlockManager: BlockManager stopped
[2024-10-24T01:26:54.053+0000] {spark_submit.py:524} INFO - 24/10/24 01:26:54 INFO BlockManagerMaster: BlockManagerMaster stopped
[2024-10-24T01:26:54.057+0000] {spark_submit.py:524} INFO - 24/10/24 01:26:54 INFO OutputCommitCoordinator$OutputCommitCoordinatorEndpoint: OutputCommitCoordinator stopped!
[2024-10-24T01:26:54.077+0000] {spark_submit.py:524} INFO - 24/10/24 01:26:54 INFO SparkContext: Successfully stopped SparkContext
[2024-10-24T01:26:54.226+0000] {spark_submit.py:524} INFO - 24/10/24 01:26:54 INFO ShutdownHookManager: Shutdown hook called
[2024-10-24T01:26:54.227+0000] {spark_submit.py:524} INFO - 24/10/24 01:26:54 INFO ShutdownHookManager: Deleting directory /tmp/spark-63e97641-d941-445a-9c67-0a756ae85650
[2024-10-24T01:26:54.232+0000] {spark_submit.py:524} INFO - 24/10/24 01:26:54 INFO ShutdownHookManager: Deleting directory /tmp/spark-63e97641-d941-445a-9c67-0a756ae85650/pyspark-2d5a9641-f491-401d-8d1b-d94ba2fee05e
[2024-10-24T01:26:54.237+0000] {spark_submit.py:524} INFO - 24/10/24 01:26:54 INFO ShutdownHookManager: Deleting directory /tmp/spark-f4f64228-f6a3-4748-8270-d14ab9efc9b9
[2024-10-24T01:26:54.325+0000] {taskinstance.py:1398} INFO - Marking task as SUCCESS. dag_id=api_openbrewerydb_to_silver_gold, task_id=Gold, execution_date=20231126T080000, start_date=20241024T012645, end_date=20241024T012654
[2024-10-24T01:26:54.359+0000] {local_task_job_runner.py:228} INFO - Task exited with return code 0
[2024-10-24T01:26:54.388+0000] {taskinstance.py:2776} INFO - 0 downstream tasks scheduled from follow-on schedule check
[2024-10-24T14:34:19.020+0000] {logging_mixin.py:151} INFO - Changing /opt/***/logs/dag_id=api_openbrewerydb_to_silver_gold/run_id=scheduled__2023-11-26T08:00:00+00:00/task_id=Gold permission to 509
[2024-10-24T14:34:19.021+0000] {logging_mixin.py:151} INFO - Failed to change /opt/***/logs/dag_id=api_openbrewerydb_to_silver_gold/run_id=scheduled__2023-11-26T08:00:00+00:00/task_id=Gold permission to 509: [Errno 1] Operation not permitted: '/opt/***/logs/dag_id=api_openbrewerydb_to_silver_gold/run_id=scheduled__2023-11-26T08:00:00+00:00/task_id=Gold'
[2024-10-24T14:34:19.048+0000] {logging_mixin.py:151} INFO - Changing /opt/***/logs/dag_id=api_openbrewerydb_to_silver_gold/run_id=scheduled__2023-11-26T08:00:00+00:00/task_id=Gold permission to 509
[2024-10-24T14:34:19.048+0000] {logging_mixin.py:151} INFO - Failed to change /opt/***/logs/dag_id=api_openbrewerydb_to_silver_gold/run_id=scheduled__2023-11-26T08:00:00+00:00/task_id=Gold permission to 509: [Errno 1] Operation not permitted: '/opt/***/logs/dag_id=api_openbrewerydb_to_silver_gold/run_id=scheduled__2023-11-26T08:00:00+00:00/task_id=Gold'
[2024-10-24T14:34:19.078+0000] {taskinstance.py:1157} INFO - Dependencies all met for dep_context=non-requeueable deps ti=<TaskInstance: api_openbrewerydb_to_silver_gold.Gold scheduled__2023-11-26T08:00:00+00:00 [queued]>
[2024-10-24T14:34:19.085+0000] {taskinstance.py:1157} INFO - Dependencies all met for dep_context=requeueable deps ti=<TaskInstance: api_openbrewerydb_to_silver_gold.Gold scheduled__2023-11-26T08:00:00+00:00 [queued]>
[2024-10-24T14:34:19.085+0000] {taskinstance.py:1359} INFO - Starting attempt 1 of 2
[2024-10-24T14:34:19.095+0000] {taskinstance.py:1380} INFO - Executing <Task(SparkSubmitOperator): Gold> on 2023-11-26 08:00:00+00:00
[2024-10-24T14:34:19.099+0000] {standard_task_runner.py:57} INFO - Started process 11858 to run task
[2024-10-24T14:34:19.101+0000] {standard_task_runner.py:84} INFO - Running: ['***', 'tasks', 'run', 'api_openbrewerydb_to_silver_gold', 'Gold', 'scheduled__2023-11-26T08:00:00+00:00', '--job-id', '78', '--raw', '--subdir', 'DAGS_FOLDER/api_openbrewerydb_to_silver.py', '--cfg-path', '/tmp/tmpg9ujnv9d']
[2024-10-24T14:34:19.105+0000] {standard_task_runner.py:85} INFO - Job 78: Subtask Gold
[2024-10-24T14:34:19.149+0000] {logging_mixin.py:151} INFO - Changing /opt/***/logs/dag_id=api_openbrewerydb_to_silver_gold/run_id=scheduled__2023-11-26T08:00:00+00:00/task_id=Gold permission to 509
[2024-10-24T14:34:19.149+0000] {logging_mixin.py:151} INFO - Failed to change /opt/***/logs/dag_id=api_openbrewerydb_to_silver_gold/run_id=scheduled__2023-11-26T08:00:00+00:00/task_id=Gold permission to 509: [Errno 1] Operation not permitted: '/opt/***/logs/dag_id=api_openbrewerydb_to_silver_gold/run_id=scheduled__2023-11-26T08:00:00+00:00/task_id=Gold'
[2024-10-24T14:34:19.150+0000] {task_command.py:415} INFO - Running <TaskInstance: api_openbrewerydb_to_silver_gold.Gold scheduled__2023-11-26T08:00:00+00:00 [running]> on host 96f89615839b
[2024-10-24T14:34:19.230+0000] {taskinstance.py:1660} INFO - Exporting env vars: AIRFLOW_CTX_DAG_OWNER='Rodrigo Araujo' AIRFLOW_CTX_DAG_ID='api_openbrewerydb_to_silver_gold' AIRFLOW_CTX_TASK_ID='Gold' AIRFLOW_CTX_EXECUTION_DATE='2023-11-26T08:00:00+00:00' AIRFLOW_CTX_TRY_NUMBER='1' AIRFLOW_CTX_DAG_RUN_ID='scheduled__2023-11-26T08:00:00+00:00'
[2024-10-24T14:34:19.241+0000] {base.py:73} INFO - Using connection ID 'spark-conn' for task execution.
[2024-10-24T14:34:19.242+0000] {spark_submit.py:363} INFO - Spark-Submit cmd: spark-submit --master spark://spark-master:7077 --name arrow-spark jobs/gold/api_openbrewerydb.py
[2024-10-24T14:34:21.989+0000] {spark_submit.py:524} INFO - 24/10/24 14:34:21 INFO SparkContext: Running Spark version 3.5.3
[2024-10-24T14:34:21.991+0000] {spark_submit.py:524} INFO - 24/10/24 14:34:21 INFO SparkContext: OS info Linux, 5.15.0-124-generic, amd64
[2024-10-24T14:34:21.991+0000] {spark_submit.py:524} INFO - 24/10/24 14:34:21 INFO SparkContext: Java version 11.0.25
[2024-10-24T14:34:22.043+0000] {spark_submit.py:524} INFO - 24/10/24 14:34:22 WARN NativeCodeLoader: Unable to load native-hadoop library for your platform... using builtin-java classes where applicable
[2024-10-24T14:34:22.118+0000] {spark_submit.py:524} INFO - 24/10/24 14:34:22 INFO ResourceUtils: ==============================================================
[2024-10-24T14:34:22.119+0000] {spark_submit.py:524} INFO - 24/10/24 14:34:22 INFO ResourceUtils: No custom resources configured for spark.driver.
[2024-10-24T14:34:22.119+0000] {spark_submit.py:524} INFO - 24/10/24 14:34:22 INFO ResourceUtils: ==============================================================
[2024-10-24T14:34:22.119+0000] {spark_submit.py:524} INFO - 24/10/24 14:34:22 INFO SparkContext: Submitted application: IngestaoSilver
[2024-10-24T14:34:22.138+0000] {spark_submit.py:524} INFO - 24/10/24 14:34:22 INFO ResourceProfile: Default ResourceProfile created, executor resources: Map(memory -> name: memory, amount: 1024, script: , vendor: , offHeap -> name: offHeap, amount: 0, script: , vendor: ), task resources: Map(cpus -> name: cpus, amount: 1.0)
[2024-10-24T14:34:22.150+0000] {spark_submit.py:524} INFO - 24/10/24 14:34:22 INFO ResourceProfile: Limiting resource is cpu
[2024-10-24T14:34:22.151+0000] {spark_submit.py:524} INFO - 24/10/24 14:34:22 INFO ResourceProfileManager: Added ResourceProfile id: 0
[2024-10-24T14:34:22.195+0000] {spark_submit.py:524} INFO - 24/10/24 14:34:22 INFO SecurityManager: Changing view acls to: ***
[2024-10-24T14:34:22.196+0000] {spark_submit.py:524} INFO - 24/10/24 14:34:22 INFO SecurityManager: Changing modify acls to: ***
[2024-10-24T14:34:22.196+0000] {spark_submit.py:524} INFO - 24/10/24 14:34:22 INFO SecurityManager: Changing view acls groups to:
[2024-10-24T14:34:22.196+0000] {spark_submit.py:524} INFO - 24/10/24 14:34:22 INFO SecurityManager: Changing modify acls groups to:
[2024-10-24T14:34:22.197+0000] {spark_submit.py:524} INFO - 24/10/24 14:34:22 INFO SecurityManager: SecurityManager: authentication disabled; ui acls disabled; users with view permissions: ***; groups with view permissions: EMPTY; users with modify permissions: ***; groups with modify permissions: EMPTY
[2024-10-24T14:34:22.421+0000] {spark_submit.py:524} INFO - 24/10/24 14:34:22 INFO Utils: Successfully started service 'sparkDriver' on port 41533.
[2024-10-24T14:34:22.444+0000] {spark_submit.py:524} INFO - 24/10/24 14:34:22 INFO SparkEnv: Registering MapOutputTracker
[2024-10-24T14:34:22.472+0000] {spark_submit.py:524} INFO - 24/10/24 14:34:22 INFO SparkEnv: Registering BlockManagerMaster
[2024-10-24T14:34:22.490+0000] {spark_submit.py:524} INFO - 24/10/24 14:34:22 INFO BlockManagerMasterEndpoint: Using org.apache.spark.storage.DefaultTopologyMapper for getting topology information
[2024-10-24T14:34:22.490+0000] {spark_submit.py:524} INFO - 24/10/24 14:34:22 INFO BlockManagerMasterEndpoint: BlockManagerMasterEndpoint up
[2024-10-24T14:34:22.493+0000] {spark_submit.py:524} INFO - 24/10/24 14:34:22 INFO SparkEnv: Registering BlockManagerMasterHeartbeat
[2024-10-24T14:34:22.510+0000] {spark_submit.py:524} INFO - 24/10/24 14:34:22 INFO DiskBlockManager: Created local directory at /tmp/blockmgr-0173d638-3927-492d-a380-ce6106c1e2e2
[2024-10-24T14:34:22.522+0000] {spark_submit.py:524} INFO - 24/10/24 14:34:22 INFO MemoryStore: MemoryStore started with capacity 434.4 MiB
[2024-10-24T14:34:22.535+0000] {spark_submit.py:524} INFO - 24/10/24 14:34:22 INFO SparkEnv: Registering OutputCommitCoordinator
[2024-10-24T14:34:22.677+0000] {spark_submit.py:524} INFO - 24/10/24 14:34:22 INFO JettyUtils: Start Jetty 0.0.0.0:4040 for SparkUI
[2024-10-24T14:34:22.725+0000] {spark_submit.py:524} INFO - 24/10/24 14:34:22 INFO Utils: Successfully started service 'SparkUI' on port 4040.
[2024-10-24T14:34:22.834+0000] {spark_submit.py:524} INFO - 24/10/24 14:34:22 INFO StandaloneAppClient$ClientEndpoint: Connecting to master spark://spark-master:7077...
[2024-10-24T14:34:22.882+0000] {spark_submit.py:524} INFO - 24/10/24 14:34:22 INFO TransportClientFactory: Successfully created connection to spark-master/172.18.0.2:7077 after 27 ms (0 ms spent in bootstraps)
[2024-10-24T14:34:22.959+0000] {spark_submit.py:524} INFO - 24/10/24 14:34:22 INFO StandaloneSchedulerBackend: Connected to Spark cluster with app ID app-20241024143422-0073
[2024-10-24T14:34:22.965+0000] {spark_submit.py:524} INFO - 24/10/24 14:34:22 INFO StandaloneAppClient$ClientEndpoint: Executor added: app-20241024143422-0073/0 on worker-20241024142308-172.18.0.5-43899 (172.18.0.5:43899) with 2 core(s)
[2024-10-24T14:34:22.965+0000] {spark_submit.py:524} INFO - 24/10/24 14:34:22 INFO StandaloneSchedulerBackend: Granted executor ID app-20241024143422-0073/0 on hostPort 172.18.0.5:43899 with 2 core(s), 1024.0 MiB RAM
[2024-10-24T14:34:22.970+0000] {spark_submit.py:524} INFO - 24/10/24 14:34:22 INFO Utils: Successfully started service 'org.apache.spark.network.netty.NettyBlockTransferService' on port 45645.
[2024-10-24T14:34:22.970+0000] {spark_submit.py:524} INFO - 24/10/24 14:34:22 INFO NettyBlockTransferService: Server created on 96f89615839b:45645
[2024-10-24T14:34:22.973+0000] {spark_submit.py:524} INFO - 24/10/24 14:34:22 INFO BlockManager: Using org.apache.spark.storage.RandomBlockReplicationPolicy for block replication policy
[2024-10-24T14:34:22.986+0000] {spark_submit.py:524} INFO - 24/10/24 14:34:22 INFO BlockManagerMaster: Registering BlockManager BlockManagerId(driver, 96f89615839b, 45645, None)
[2024-10-24T14:34:22.990+0000] {spark_submit.py:524} INFO - 24/10/24 14:34:22 INFO StandaloneAppClient$ClientEndpoint: Executor updated: app-20241024143422-0073/0 is now RUNNING
[2024-10-24T14:34:22.991+0000] {spark_submit.py:524} INFO - 24/10/24 14:34:22 INFO BlockManagerMasterEndpoint: Registering block manager 96f89615839b:45645 with 434.4 MiB RAM, BlockManagerId(driver, 96f89615839b, 45645, None)
[2024-10-24T14:34:22.993+0000] {spark_submit.py:524} INFO - 24/10/24 14:34:22 INFO BlockManagerMaster: Registered BlockManager BlockManagerId(driver, 96f89615839b, 45645, None)
[2024-10-24T14:34:22.994+0000] {spark_submit.py:524} INFO - 24/10/24 14:34:22 INFO BlockManager: Initialized BlockManager: BlockManagerId(driver, 96f89615839b, 45645, None)
[2024-10-24T14:34:23.279+0000] {spark_submit.py:524} INFO - 24/10/24 14:34:23 INFO StandaloneSchedulerBackend: SchedulerBackend is ready for scheduling beginning after reached minRegisteredResourcesRatio: 0.0
[2024-10-24T14:34:23.487+0000] {spark_submit.py:524} INFO - Hello from Spark!
[2024-10-24T14:34:23.489+0000] {spark_submit.py:524} INFO - 24/10/24 14:34:23 INFO SparkContext: SparkContext is stopping with exitCode 0.
[2024-10-24T14:34:23.502+0000] {spark_submit.py:524} INFO - 24/10/24 14:34:23 INFO SparkUI: Stopped Spark web UI at http://96f89615839b:4040
[2024-10-24T14:34:23.508+0000] {spark_submit.py:524} INFO - 24/10/24 14:34:23 INFO StandaloneSchedulerBackend: Shutting down all executors
[2024-10-24T14:34:23.513+0000] {spark_submit.py:524} INFO - 24/10/24 14:34:23 INFO StandaloneSchedulerBackend$StandaloneDriverEndpoint: Asking each executor to shut down
[2024-10-24T14:34:23.534+0000] {spark_submit.py:524} INFO - 24/10/24 14:34:23 INFO MapOutputTrackerMasterEndpoint: MapOutputTrackerMasterEndpoint stopped!
[2024-10-24T14:34:23.545+0000] {spark_submit.py:524} INFO - 24/10/24 14:34:23 INFO MemoryStore: MemoryStore cleared
[2024-10-24T14:34:23.546+0000] {spark_submit.py:524} INFO - 24/10/24 14:34:23 INFO BlockManager: BlockManager stopped
[2024-10-24T14:34:23.551+0000] {spark_submit.py:524} INFO - 24/10/24 14:34:23 INFO BlockManagerMaster: BlockManagerMaster stopped
[2024-10-24T14:34:23.553+0000] {spark_submit.py:524} INFO - 24/10/24 14:34:23 INFO OutputCommitCoordinator$OutputCommitCoordinatorEndpoint: OutputCommitCoordinator stopped!
[2024-10-24T14:34:23.561+0000] {spark_submit.py:524} INFO - 24/10/24 14:34:23 INFO SparkContext: Successfully stopped SparkContext
[2024-10-24T14:34:23.876+0000] {spark_submit.py:524} INFO - 24/10/24 14:34:23 INFO ShutdownHookManager: Shutdown hook called
[2024-10-24T14:34:23.877+0000] {spark_submit.py:524} INFO - 24/10/24 14:34:23 INFO ShutdownHookManager: Deleting directory /tmp/spark-669aa77a-5c46-4e3e-95b7-e58653b7a9df/pyspark-56c564e7-ece6-4b84-a0e4-186d5472247d
[2024-10-24T14:34:23.885+0000] {spark_submit.py:524} INFO - 24/10/24 14:34:23 INFO ShutdownHookManager: Deleting directory /tmp/spark-e968af9a-4e09-421e-993c-06c42c53a576
[2024-10-24T14:34:23.888+0000] {spark_submit.py:524} INFO - 24/10/24 14:34:23 INFO ShutdownHookManager: Deleting directory /tmp/spark-669aa77a-5c46-4e3e-95b7-e58653b7a9df
[2024-10-24T14:34:23.931+0000] {taskinstance.py:1398} INFO - Marking task as SUCCESS. dag_id=api_openbrewerydb_to_silver_gold, task_id=Gold, execution_date=20231126T080000, start_date=20241024T143419, end_date=20241024T143423
[2024-10-24T14:34:23.966+0000] {local_task_job_runner.py:228} INFO - Task exited with return code 0
[2024-10-24T14:34:23.989+0000] {taskinstance.py:2776} INFO - 0 downstream tasks scheduled from follow-on schedule check
