[2024-10-24T15:46:26.185+0000] {taskinstance.py:1157} INFO - Dependencies all met for dep_context=non-requeueable deps ti=<TaskInstance: api_openbrewerydb_to_silver_gold.Silver manual__2024-10-24T15:46:24.728182+00:00 [queued]>
[2024-10-24T15:46:26.191+0000] {taskinstance.py:1157} INFO - Dependencies all met for dep_context=requeueable deps ti=<TaskInstance: api_openbrewerydb_to_silver_gold.Silver manual__2024-10-24T15:46:24.728182+00:00 [queued]>
[2024-10-24T15:46:26.192+0000] {taskinstance.py:1359} INFO - Starting attempt 1 of 2
[2024-10-24T15:46:26.202+0000] {taskinstance.py:1380} INFO - Executing <Task(SparkSubmitOperator): Silver> on 2024-10-24 15:46:24.728182+00:00
[2024-10-24T15:46:26.206+0000] {standard_task_runner.py:57} INFO - Started process 2784 to run task
[2024-10-24T15:46:26.208+0000] {standard_task_runner.py:84} INFO - Running: ['***', 'tasks', 'run', 'api_openbrewerydb_to_silver_gold', 'Silver', 'manual__2024-10-24T15:46:24.728182+00:00', '--job-id', '147', '--raw', '--subdir', 'DAGS_FOLDER/api_openbrewerydb_to_silver.py', '--cfg-path', '/tmp/tmp8mtdhz6s']
[2024-10-24T15:46:26.213+0000] {standard_task_runner.py:85} INFO - Job 147: Subtask Silver
[2024-10-24T15:46:26.268+0000] {task_command.py:415} INFO - Running <TaskInstance: api_openbrewerydb_to_silver_gold.Silver manual__2024-10-24T15:46:24.728182+00:00 [running]> on host e995fa603d7f
[2024-10-24T15:46:26.347+0000] {taskinstance.py:1660} INFO - Exporting env vars: AIRFLOW_CTX_DAG_OWNER='Rodrigo Araujo' AIRFLOW_CTX_DAG_ID='api_openbrewerydb_to_silver_gold' AIRFLOW_CTX_TASK_ID='Silver' AIRFLOW_CTX_EXECUTION_DATE='2024-10-24T15:46:24.728182+00:00' AIRFLOW_CTX_TRY_NUMBER='1' AIRFLOW_CTX_DAG_RUN_ID='manual__2024-10-24T15:46:24.728182+00:00'
[2024-10-24T15:46:26.358+0000] {base.py:73} INFO - Using connection ID 'spark-conn' for task execution.
[2024-10-24T15:46:26.359+0000] {spark_submit.py:363} INFO - Spark-Submit cmd: spark-submit --master spark://spark-master:7077 --name arrow-spark jobs/silver/api_openbrewerydb.py
[2024-10-24T15:46:29.342+0000] {spark_submit.py:524} INFO - 24/10/24 15:46:29 INFO SparkContext: Running Spark version 3.5.0
[2024-10-24T15:46:29.344+0000] {spark_submit.py:524} INFO - 24/10/24 15:46:29 INFO SparkContext: OS info Linux, 5.15.0-124-generic, amd64
[2024-10-24T15:46:29.345+0000] {spark_submit.py:524} INFO - 24/10/24 15:46:29 INFO SparkContext: Java version 17.0.13
[2024-10-24T15:46:29.407+0000] {spark_submit.py:524} INFO - 24/10/24 15:46:29 WARN NativeCodeLoader: Unable to load native-hadoop library for your platform... using builtin-java classes where applicable
[2024-10-24T15:46:29.497+0000] {spark_submit.py:524} INFO - 24/10/24 15:46:29 INFO ResourceUtils: ==============================================================
[2024-10-24T15:46:29.497+0000] {spark_submit.py:524} INFO - 24/10/24 15:46:29 INFO ResourceUtils: No custom resources configured for spark.driver.
[2024-10-24T15:46:29.498+0000] {spark_submit.py:524} INFO - 24/10/24 15:46:29 INFO ResourceUtils: ==============================================================
[2024-10-24T15:46:29.499+0000] {spark_submit.py:524} INFO - 24/10/24 15:46:29 INFO SparkContext: Submitted application: IngestaoSilver
[2024-10-24T15:46:29.521+0000] {spark_submit.py:524} INFO - 24/10/24 15:46:29 INFO ResourceProfile: Default ResourceProfile created, executor resources: Map(memory -> name: memory, amount: 1024, script: , vendor: , offHeap -> name: offHeap, amount: 0, script: , vendor: ), task resources: Map(cpus -> name: cpus, amount: 1.0)
[2024-10-24T15:46:29.529+0000] {spark_submit.py:524} INFO - 24/10/24 15:46:29 INFO ResourceProfile: Limiting resource is cpu
[2024-10-24T15:46:29.530+0000] {spark_submit.py:524} INFO - 24/10/24 15:46:29 INFO ResourceProfileManager: Added ResourceProfile id: 0
[2024-10-24T15:46:29.576+0000] {spark_submit.py:524} INFO - 24/10/24 15:46:29 INFO SecurityManager: Changing view acls to: ***
[2024-10-24T15:46:29.576+0000] {spark_submit.py:524} INFO - 24/10/24 15:46:29 INFO SecurityManager: Changing modify acls to: ***
[2024-10-24T15:46:29.577+0000] {spark_submit.py:524} INFO - 24/10/24 15:46:29 INFO SecurityManager: Changing view acls groups to:
[2024-10-24T15:46:29.577+0000] {spark_submit.py:524} INFO - 24/10/24 15:46:29 INFO SecurityManager: Changing modify acls groups to:
[2024-10-24T15:46:29.578+0000] {spark_submit.py:524} INFO - 24/10/24 15:46:29 INFO SecurityManager: SecurityManager: authentication disabled; ui acls disabled; users with view permissions: ***; groups with view permissions: EMPTY; users with modify permissions: ***; groups with modify permissions: EMPTY
[2024-10-24T15:46:29.787+0000] {spark_submit.py:524} INFO - 24/10/24 15:46:29 INFO Utils: Successfully started service 'sparkDriver' on port 36929.
[2024-10-24T15:46:29.813+0000] {spark_submit.py:524} INFO - 24/10/24 15:46:29 INFO SparkEnv: Registering MapOutputTracker
[2024-10-24T15:46:29.844+0000] {spark_submit.py:524} INFO - 24/10/24 15:46:29 INFO SparkEnv: Registering BlockManagerMaster
[2024-10-24T15:46:29.861+0000] {spark_submit.py:524} INFO - 24/10/24 15:46:29 INFO BlockManagerMasterEndpoint: Using org.apache.spark.storage.DefaultTopologyMapper for getting topology information
[2024-10-24T15:46:29.862+0000] {spark_submit.py:524} INFO - 24/10/24 15:46:29 INFO BlockManagerMasterEndpoint: BlockManagerMasterEndpoint up
[2024-10-24T15:46:29.866+0000] {spark_submit.py:524} INFO - 24/10/24 15:46:29 INFO SparkEnv: Registering BlockManagerMasterHeartbeat
[2024-10-24T15:46:29.883+0000] {spark_submit.py:524} INFO - 24/10/24 15:46:29 INFO DiskBlockManager: Created local directory at /tmp/blockmgr-49dcced5-ade6-4f53-b240-35db6846cc1c
[2024-10-24T15:46:29.895+0000] {spark_submit.py:524} INFO - 24/10/24 15:46:29 INFO MemoryStore: MemoryStore started with capacity 434.4 MiB
[2024-10-24T15:46:29.909+0000] {spark_submit.py:524} INFO - 24/10/24 15:46:29 INFO SparkEnv: Registering OutputCommitCoordinator
[2024-10-24T15:46:30.024+0000] {spark_submit.py:524} INFO - 24/10/24 15:46:30 INFO JettyUtils: Start Jetty 0.0.0.0:4040 for SparkUI
[2024-10-24T15:46:30.080+0000] {spark_submit.py:524} INFO - 24/10/24 15:46:30 INFO Utils: Successfully started service 'SparkUI' on port 4040.
[2024-10-24T15:46:30.188+0000] {spark_submit.py:524} INFO - 24/10/24 15:46:30 INFO StandaloneAppClient$ClientEndpoint: Connecting to master spark://spark-master:7077...
[2024-10-24T15:46:30.232+0000] {spark_submit.py:524} INFO - 24/10/24 15:46:30 INFO TransportClientFactory: Successfully created connection to spark-master/172.18.0.3:7077 after 24 ms (0 ms spent in bootstraps)
[2024-10-24T15:46:30.325+0000] {spark_submit.py:524} INFO - 24/10/24 15:46:30 INFO StandaloneSchedulerBackend: Connected to Spark cluster with app ID app-20241024154630-0012
[2024-10-24T15:46:30.327+0000] {spark_submit.py:524} INFO - 24/10/24 15:46:30 INFO StandaloneAppClient$ClientEndpoint: Executor added: app-20241024154630-0012/0 on worker-20241024152407-172.18.0.5-37749 (172.18.0.5:37749) with 2 core(s)
[2024-10-24T15:46:30.331+0000] {spark_submit.py:524} INFO - 24/10/24 15:46:30 INFO StandaloneSchedulerBackend: Granted executor ID app-20241024154630-0012/0 on hostPort 172.18.0.5:37749 with 2 core(s), 1024.0 MiB RAM
[2024-10-24T15:46:30.343+0000] {spark_submit.py:524} INFO - 24/10/24 15:46:30 INFO Utils: Successfully started service 'org.apache.spark.network.netty.NettyBlockTransferService' on port 42901.
[2024-10-24T15:46:30.345+0000] {spark_submit.py:524} INFO - 24/10/24 15:46:30 INFO NettyBlockTransferService: Server created on e995fa603d7f:42901
[2024-10-24T15:46:30.349+0000] {spark_submit.py:524} INFO - 24/10/24 15:46:30 INFO BlockManager: Using org.apache.spark.storage.RandomBlockReplicationPolicy for block replication policy
[2024-10-24T15:46:30.367+0000] {spark_submit.py:524} INFO - 24/10/24 15:46:30 INFO BlockManagerMaster: Registering BlockManager BlockManagerId(driver, e995fa603d7f, 42901, None)
[2024-10-24T15:46:30.377+0000] {spark_submit.py:524} INFO - 24/10/24 15:46:30 INFO BlockManagerMasterEndpoint: Registering block manager e995fa603d7f:42901 with 434.4 MiB RAM, BlockManagerId(driver, e995fa603d7f, 42901, None)
[2024-10-24T15:46:30.384+0000] {spark_submit.py:524} INFO - 24/10/24 15:46:30 INFO BlockManagerMaster: Registered BlockManager BlockManagerId(driver, e995fa603d7f, 42901, None)
[2024-10-24T15:46:30.385+0000] {spark_submit.py:524} INFO - 24/10/24 15:46:30 INFO BlockManager: Initialized BlockManager: BlockManagerId(driver, e995fa603d7f, 42901, None)
[2024-10-24T15:46:30.394+0000] {spark_submit.py:524} INFO - 24/10/24 15:46:30 INFO StandaloneAppClient$ClientEndpoint: Executor updated: app-20241024154630-0012/0 is now RUNNING
[2024-10-24T15:46:30.650+0000] {spark_submit.py:524} INFO - 24/10/24 15:46:30 INFO StandaloneSchedulerBackend: SchedulerBackend is ready for scheduling beginning after reached minRegisteredResourcesRatio: 0.0
[2024-10-24T15:46:30.903+0000] {spark_submit.py:524} INFO - 24/10/24 15:46:30 INFO SharedState: Setting hive.metastore.warehouse.dir ('null') to the value of spark.sql.warehouse.dir.
[2024-10-24T15:46:30.910+0000] {spark_submit.py:524} INFO - 24/10/24 15:46:30 INFO SharedState: Warehouse path is 'file:/opt/***/spark-warehouse'.
[2024-10-24T15:46:32.630+0000] {spark_submit.py:524} INFO - 24/10/24 15:46:32 INFO InMemoryFileIndex: It took 78 ms to list leaf files for 1 paths.
[2024-10-24T15:46:32.725+0000] {spark_submit.py:524} INFO - 24/10/24 15:46:32 INFO InMemoryFileIndex: It took 2 ms to list leaf files for 1 paths.
[2024-10-24T15:46:34.395+0000] {spark_submit.py:524} INFO - 24/10/24 15:46:34 INFO StandaloneSchedulerBackend$StandaloneDriverEndpoint: Registered executor NettyRpcEndpointRef(spark-client://Executor) (172.18.0.5:35990) with ID 0,  ResourceProfileId 0
[2024-10-24T15:46:34.733+0000] {spark_submit.py:524} INFO - 24/10/24 15:46:34 INFO BlockManagerMasterEndpoint: Registering block manager 172.18.0.5:33499 with 434.4 MiB RAM, BlockManagerId(0, 172.18.0.5, 33499, None)
[2024-10-24T15:46:35.912+0000] {spark_submit.py:524} INFO - 24/10/24 15:46:35 INFO FileSourceStrategy: Pushed Filters:
[2024-10-24T15:46:35.922+0000] {spark_submit.py:524} INFO - 24/10/24 15:46:35 INFO FileSourceStrategy: Post-Scan Filters:
[2024-10-24T15:46:36.125+0000] {spark_submit.py:524} INFO - 24/10/24 15:46:36 INFO MemoryStore: Block broadcast_0 stored as values in memory (estimated size 199.2 KiB, free 434.2 MiB)
[2024-10-24T15:46:36.176+0000] {spark_submit.py:524} INFO - 24/10/24 15:46:36 INFO MemoryStore: Block broadcast_0_piece0 stored as bytes in memory (estimated size 34.1 KiB, free 434.2 MiB)
[2024-10-24T15:46:36.178+0000] {spark_submit.py:524} INFO - 24/10/24 15:46:36 INFO BlockManagerInfo: Added broadcast_0_piece0 in memory on e995fa603d7f:42901 (size: 34.1 KiB, free: 434.4 MiB)
[2024-10-24T15:46:36.182+0000] {spark_submit.py:524} INFO - 24/10/24 15:46:36 INFO SparkContext: Created broadcast 0 from json at NativeMethodAccessorImpl.java:0
[2024-10-24T15:46:36.192+0000] {spark_submit.py:524} INFO - 24/10/24 15:46:36 INFO FileSourceScanExec: Planning scan with bin packing, max size: 4194304 bytes, open cost is considered as scanning 4194304 bytes.
[2024-10-24T15:46:36.301+0000] {spark_submit.py:524} INFO - 24/10/24 15:46:36 INFO SparkContext: Starting job: json at NativeMethodAccessorImpl.java:0
[2024-10-24T15:46:36.314+0000] {spark_submit.py:524} INFO - 24/10/24 15:46:36 INFO DAGScheduler: Got job 0 (json at NativeMethodAccessorImpl.java:0) with 1 output partitions
[2024-10-24T15:46:36.315+0000] {spark_submit.py:524} INFO - 24/10/24 15:46:36 INFO DAGScheduler: Final stage: ResultStage 0 (json at NativeMethodAccessorImpl.java:0)
[2024-10-24T15:46:36.315+0000] {spark_submit.py:524} INFO - 24/10/24 15:46:36 INFO DAGScheduler: Parents of final stage: List()
[2024-10-24T15:46:36.317+0000] {spark_submit.py:524} INFO - 24/10/24 15:46:36 INFO DAGScheduler: Missing parents: List()
[2024-10-24T15:46:36.320+0000] {spark_submit.py:524} INFO - 24/10/24 15:46:36 INFO DAGScheduler: Submitting ResultStage 0 (MapPartitionsRDD[3] at json at NativeMethodAccessorImpl.java:0), which has no missing parents
[2024-10-24T15:46:36.383+0000] {spark_submit.py:524} INFO - 24/10/24 15:46:36 INFO MemoryStore: Block broadcast_1 stored as values in memory (estimated size 16.0 KiB, free 434.2 MiB)
[2024-10-24T15:46:36.388+0000] {spark_submit.py:524} INFO - 24/10/24 15:46:36 INFO MemoryStore: Block broadcast_1_piece0 stored as bytes in memory (estimated size 7.5 KiB, free 434.1 MiB)
[2024-10-24T15:46:36.389+0000] {spark_submit.py:524} INFO - 24/10/24 15:46:36 INFO BlockManagerInfo: Added broadcast_1_piece0 in memory on e995fa603d7f:42901 (size: 7.5 KiB, free: 434.4 MiB)
[2024-10-24T15:46:36.390+0000] {spark_submit.py:524} INFO - 24/10/24 15:46:36 INFO SparkContext: Created broadcast 1 from broadcast at DAGScheduler.scala:1580
[2024-10-24T15:46:36.404+0000] {spark_submit.py:524} INFO - 24/10/24 15:46:36 INFO DAGScheduler: Submitting 1 missing tasks from ResultStage 0 (MapPartitionsRDD[3] at json at NativeMethodAccessorImpl.java:0) (first 15 tasks are for partitions Vector(0))
[2024-10-24T15:46:36.405+0000] {spark_submit.py:524} INFO - 24/10/24 15:46:36 INFO TaskSchedulerImpl: Adding task set 0.0 with 1 tasks resource profile 0
[2024-10-24T15:46:36.432+0000] {spark_submit.py:524} INFO - 24/10/24 15:46:36 INFO TaskSetManager: Starting task 0.0 in stage 0.0 (TID 0) (172.18.0.5, executor 0, partition 0, PROCESS_LOCAL, 8252 bytes)
[2024-10-24T15:46:36.613+0000] {spark_submit.py:524} INFO - 24/10/24 15:46:36 INFO BlockManagerInfo: Added broadcast_1_piece0 in memory on 172.18.0.5:33499 (size: 7.5 KiB, free: 434.4 MiB)
[2024-10-24T15:46:37.427+0000] {spark_submit.py:524} INFO - 24/10/24 15:46:37 INFO BlockManagerInfo: Added broadcast_0_piece0 in memory on 172.18.0.5:33499 (size: 34.1 KiB, free: 434.4 MiB)
[2024-10-24T15:46:38.023+0000] {spark_submit.py:524} INFO - 24/10/24 15:46:38 INFO TaskSetManager: Finished task 0.0 in stage 0.0 (TID 0) in 1600 ms on 172.18.0.5 (executor 0) (1/1)
[2024-10-24T15:46:38.027+0000] {spark_submit.py:524} INFO - 24/10/24 15:46:38 INFO TaskSchedulerImpl: Removed TaskSet 0.0, whose tasks have all completed, from pool
[2024-10-24T15:46:38.037+0000] {spark_submit.py:524} INFO - 24/10/24 15:46:38 INFO DAGScheduler: ResultStage 0 (json at NativeMethodAccessorImpl.java:0) finished in 1.705 s
[2024-10-24T15:46:38.044+0000] {spark_submit.py:524} INFO - 24/10/24 15:46:38 INFO DAGScheduler: Job 0 is finished. Cancelling potential speculative or zombie tasks for this job
[2024-10-24T15:46:38.045+0000] {spark_submit.py:524} INFO - 24/10/24 15:46:38 INFO TaskSchedulerImpl: Killing all running tasks in stage 0: Stage finished
[2024-10-24T15:46:38.053+0000] {spark_submit.py:524} INFO - 24/10/24 15:46:38 INFO DAGScheduler: Job 0 finished: json at NativeMethodAccessorImpl.java:0, took 1.749813 s
[2024-10-24T15:46:38.125+0000] {spark_submit.py:524} INFO - Leitura realizada com sucesso!
[2024-10-24T15:46:38.341+0000] {spark_submit.py:524} INFO - 24/10/24 15:46:38 INFO FileSourceStrategy: Pushed Filters:
[2024-10-24T15:46:38.341+0000] {spark_submit.py:524} INFO - 24/10/24 15:46:38 INFO FileSourceStrategy: Post-Scan Filters:
[2024-10-24T15:46:38.654+0000] {spark_submit.py:524} INFO - 24/10/24 15:46:38 INFO BlockManagerInfo: Removed broadcast_1_piece0 on e995fa603d7f:42901 in memory (size: 7.5 KiB, free: 434.4 MiB)
[2024-10-24T15:46:38.669+0000] {spark_submit.py:524} INFO - 24/10/24 15:46:38 INFO BlockManagerInfo: Removed broadcast_1_piece0 on 172.18.0.5:33499 in memory (size: 7.5 KiB, free: 434.4 MiB)
[2024-10-24T15:46:38.767+0000] {spark_submit.py:524} INFO - 24/10/24 15:46:38 INFO CodeGenerator: Code generated in 239.545522 ms
[2024-10-24T15:46:38.773+0000] {spark_submit.py:524} INFO - 24/10/24 15:46:38 INFO MemoryStore: Block broadcast_2 stored as values in memory (estimated size 199.1 KiB, free 434.0 MiB)
[2024-10-24T15:46:38.790+0000] {spark_submit.py:524} INFO - 24/10/24 15:46:38 INFO MemoryStore: Block broadcast_2_piece0 stored as bytes in memory (estimated size 34.1 KiB, free 433.9 MiB)
[2024-10-24T15:46:38.791+0000] {spark_submit.py:524} INFO - 24/10/24 15:46:38 INFO BlockManagerInfo: Added broadcast_2_piece0 in memory on e995fa603d7f:42901 (size: 34.1 KiB, free: 434.3 MiB)
[2024-10-24T15:46:38.792+0000] {spark_submit.py:524} INFO - 24/10/24 15:46:38 INFO SparkContext: Created broadcast 2 from count at NativeMethodAccessorImpl.java:0
[2024-10-24T15:46:38.797+0000] {spark_submit.py:524} INFO - 24/10/24 15:46:38 INFO FileSourceScanExec: Planning scan with bin packing, max size: 4194304 bytes, open cost is considered as scanning 4194304 bytes.
[2024-10-24T15:46:38.853+0000] {spark_submit.py:524} INFO - 24/10/24 15:46:38 INFO DAGScheduler: Registering RDD 7 (count at NativeMethodAccessorImpl.java:0) as input to shuffle 0
[2024-10-24T15:46:38.858+0000] {spark_submit.py:524} INFO - 24/10/24 15:46:38 INFO DAGScheduler: Got map stage job 1 (count at NativeMethodAccessorImpl.java:0) with 1 output partitions
[2024-10-24T15:46:38.858+0000] {spark_submit.py:524} INFO - 24/10/24 15:46:38 INFO DAGScheduler: Final stage: ShuffleMapStage 1 (count at NativeMethodAccessorImpl.java:0)
[2024-10-24T15:46:38.859+0000] {spark_submit.py:524} INFO - 24/10/24 15:46:38 INFO DAGScheduler: Parents of final stage: List()
[2024-10-24T15:46:38.859+0000] {spark_submit.py:524} INFO - 24/10/24 15:46:38 INFO DAGScheduler: Missing parents: List()
[2024-10-24T15:46:38.861+0000] {spark_submit.py:524} INFO - 24/10/24 15:46:38 INFO DAGScheduler: Submitting ShuffleMapStage 1 (MapPartitionsRDD[7] at count at NativeMethodAccessorImpl.java:0), which has no missing parents
[2024-10-24T15:46:38.882+0000] {spark_submit.py:524} INFO - 24/10/24 15:46:38 INFO MemoryStore: Block broadcast_3 stored as values in memory (estimated size 17.0 KiB, free 433.9 MiB)
[2024-10-24T15:46:38.888+0000] {spark_submit.py:524} INFO - 24/10/24 15:46:38 INFO MemoryStore: Block broadcast_3_piece0 stored as bytes in memory (estimated size 8.3 KiB, free 433.9 MiB)
[2024-10-24T15:46:38.889+0000] {spark_submit.py:524} INFO - 24/10/24 15:46:38 INFO BlockManagerInfo: Added broadcast_3_piece0 in memory on e995fa603d7f:42901 (size: 8.3 KiB, free: 434.3 MiB)
[2024-10-24T15:46:38.890+0000] {spark_submit.py:524} INFO - 24/10/24 15:46:38 INFO SparkContext: Created broadcast 3 from broadcast at DAGScheduler.scala:1580
[2024-10-24T15:46:38.892+0000] {spark_submit.py:524} INFO - 24/10/24 15:46:38 INFO DAGScheduler: Submitting 1 missing tasks from ShuffleMapStage 1 (MapPartitionsRDD[7] at count at NativeMethodAccessorImpl.java:0) (first 15 tasks are for partitions Vector(0))
[2024-10-24T15:46:38.892+0000] {spark_submit.py:524} INFO - 24/10/24 15:46:38 INFO TaskSchedulerImpl: Adding task set 1.0 with 1 tasks resource profile 0
[2024-10-24T15:46:38.896+0000] {spark_submit.py:524} INFO - 24/10/24 15:46:38 INFO TaskSetManager: Starting task 0.0 in stage 1.0 (TID 1) (172.18.0.5, executor 0, partition 0, PROCESS_LOCAL, 8241 bytes)
[2024-10-24T15:46:38.935+0000] {spark_submit.py:524} INFO - 24/10/24 15:46:38 INFO BlockManagerInfo: Removed broadcast_0_piece0 on e995fa603d7f:42901 in memory (size: 34.1 KiB, free: 434.4 MiB)
[2024-10-24T15:46:38.940+0000] {spark_submit.py:524} INFO - 24/10/24 15:46:38 INFO BlockManagerInfo: Removed broadcast_0_piece0 on 172.18.0.5:33499 in memory (size: 34.1 KiB, free: 434.4 MiB)
[2024-10-24T15:46:38.944+0000] {spark_submit.py:524} INFO - 24/10/24 15:46:38 INFO BlockManagerInfo: Added broadcast_3_piece0 in memory on 172.18.0.5:33499 (size: 8.3 KiB, free: 434.4 MiB)
[2024-10-24T15:46:39.076+0000] {spark_submit.py:524} INFO - 24/10/24 15:46:39 INFO BlockManagerInfo: Added broadcast_2_piece0 in memory on 172.18.0.5:33499 (size: 34.1 KiB, free: 434.4 MiB)
[2024-10-24T15:46:39.162+0000] {spark_submit.py:524} INFO - 24/10/24 15:46:39 INFO TaskSetManager: Finished task 0.0 in stage 1.0 (TID 1) in 269 ms on 172.18.0.5 (executor 0) (1/1)
[2024-10-24T15:46:39.163+0000] {spark_submit.py:524} INFO - 24/10/24 15:46:39 INFO TaskSchedulerImpl: Removed TaskSet 1.0, whose tasks have all completed, from pool
[2024-10-24T15:46:39.165+0000] {spark_submit.py:524} INFO - 24/10/24 15:46:39 INFO DAGScheduler: ShuffleMapStage 1 (count at NativeMethodAccessorImpl.java:0) finished in 0.299 s
[2024-10-24T15:46:39.166+0000] {spark_submit.py:524} INFO - 24/10/24 15:46:39 INFO DAGScheduler: looking for newly runnable stages
[2024-10-24T15:46:39.167+0000] {spark_submit.py:524} INFO - 24/10/24 15:46:39 INFO DAGScheduler: running: Set()
[2024-10-24T15:46:39.167+0000] {spark_submit.py:524} INFO - 24/10/24 15:46:39 INFO DAGScheduler: waiting: Set()
[2024-10-24T15:46:39.168+0000] {spark_submit.py:524} INFO - 24/10/24 15:46:39 INFO DAGScheduler: failed: Set()
[2024-10-24T15:46:39.207+0000] {spark_submit.py:524} INFO - 24/10/24 15:46:39 INFO CodeGenerator: Code generated in 12.973315 ms
[2024-10-24T15:46:39.242+0000] {spark_submit.py:524} INFO - 24/10/24 15:46:39 INFO SparkContext: Starting job: count at NativeMethodAccessorImpl.java:0
[2024-10-24T15:46:39.244+0000] {spark_submit.py:524} INFO - 24/10/24 15:46:39 INFO DAGScheduler: Got job 2 (count at NativeMethodAccessorImpl.java:0) with 1 output partitions
[2024-10-24T15:46:39.245+0000] {spark_submit.py:524} INFO - 24/10/24 15:46:39 INFO DAGScheduler: Final stage: ResultStage 3 (count at NativeMethodAccessorImpl.java:0)
[2024-10-24T15:46:39.245+0000] {spark_submit.py:524} INFO - 24/10/24 15:46:39 INFO DAGScheduler: Parents of final stage: List(ShuffleMapStage 2)
[2024-10-24T15:46:39.245+0000] {spark_submit.py:524} INFO - 24/10/24 15:46:39 INFO DAGScheduler: Missing parents: List()
[2024-10-24T15:46:39.246+0000] {spark_submit.py:524} INFO - 24/10/24 15:46:39 INFO DAGScheduler: Submitting ResultStage 3 (MapPartitionsRDD[10] at count at NativeMethodAccessorImpl.java:0), which has no missing parents
[2024-10-24T15:46:39.255+0000] {spark_submit.py:524} INFO - 24/10/24 15:46:39 INFO MemoryStore: Block broadcast_4 stored as values in memory (estimated size 12.5 KiB, free 434.1 MiB)
[2024-10-24T15:46:39.260+0000] {spark_submit.py:524} INFO - 24/10/24 15:46:39 INFO MemoryStore: Block broadcast_4_piece0 stored as bytes in memory (estimated size 5.9 KiB, free 434.1 MiB)
[2024-10-24T15:46:39.261+0000] {spark_submit.py:524} INFO - 24/10/24 15:46:39 INFO BlockManagerInfo: Added broadcast_4_piece0 in memory on e995fa603d7f:42901 (size: 5.9 KiB, free: 434.4 MiB)
[2024-10-24T15:46:39.271+0000] {spark_submit.py:524} INFO - 24/10/24 15:46:39 INFO SparkContext: Created broadcast 4 from broadcast at DAGScheduler.scala:1580
[2024-10-24T15:46:39.271+0000] {spark_submit.py:524} INFO - 24/10/24 15:46:39 INFO BlockManagerInfo: Removed broadcast_3_piece0 on e995fa603d7f:42901 in memory (size: 8.3 KiB, free: 434.4 MiB)
[2024-10-24T15:46:39.271+0000] {spark_submit.py:524} INFO - 24/10/24 15:46:39 INFO DAGScheduler: Submitting 1 missing tasks from ResultStage 3 (MapPartitionsRDD[10] at count at NativeMethodAccessorImpl.java:0) (first 15 tasks are for partitions Vector(0))
[2024-10-24T15:46:39.272+0000] {spark_submit.py:524} INFO - 24/10/24 15:46:39 INFO TaskSchedulerImpl: Adding task set 3.0 with 1 tasks resource profile 0
[2024-10-24T15:46:39.272+0000] {spark_submit.py:524} INFO - 24/10/24 15:46:39 INFO BlockManagerInfo: Removed broadcast_3_piece0 on 172.18.0.5:33499 in memory (size: 8.3 KiB, free: 434.4 MiB)
[2024-10-24T15:46:39.272+0000] {spark_submit.py:524} INFO - 24/10/24 15:46:39 INFO TaskSetManager: Starting task 0.0 in stage 3.0 (TID 2) (172.18.0.5, executor 0, partition 0, NODE_LOCAL, 7619 bytes)
[2024-10-24T15:46:39.297+0000] {spark_submit.py:524} INFO - 24/10/24 15:46:39 INFO BlockManagerInfo: Added broadcast_4_piece0 in memory on 172.18.0.5:33499 (size: 5.9 KiB, free: 434.4 MiB)
[2024-10-24T15:46:39.331+0000] {spark_submit.py:524} INFO - 24/10/24 15:46:39 INFO MapOutputTrackerMasterEndpoint: Asked to send map output locations for shuffle 0 to 172.18.0.5:35990
[2024-10-24T15:46:39.451+0000] {spark_submit.py:524} INFO - 24/10/24 15:46:39 INFO TaskSetManager: Finished task 0.0 in stage 3.0 (TID 2) in 184 ms on 172.18.0.5 (executor 0) (1/1)
[2024-10-24T15:46:39.451+0000] {spark_submit.py:524} INFO - 24/10/24 15:46:39 INFO TaskSchedulerImpl: Removed TaskSet 3.0, whose tasks have all completed, from pool
[2024-10-24T15:46:39.452+0000] {spark_submit.py:524} INFO - 24/10/24 15:46:39 INFO DAGScheduler: ResultStage 3 (count at NativeMethodAccessorImpl.java:0) finished in 0.200 s
[2024-10-24T15:46:39.453+0000] {spark_submit.py:524} INFO - 24/10/24 15:46:39 INFO DAGScheduler: Job 2 is finished. Cancelling potential speculative or zombie tasks for this job
[2024-10-24T15:46:39.453+0000] {spark_submit.py:524} INFO - 24/10/24 15:46:39 INFO TaskSchedulerImpl: Killing all running tasks in stage 3: Stage finished
[2024-10-24T15:46:39.453+0000] {spark_submit.py:524} INFO - 24/10/24 15:46:39 INFO DAGScheduler: Job 2 finished: count at NativeMethodAccessorImpl.java:0, took 0.211074 s
[2024-10-24T15:46:39.485+0000] {spark_submit.py:524} INFO - 24/10/24 15:46:39 INFO FileSourceStrategy: Pushed Filters:
[2024-10-24T15:46:39.485+0000] {spark_submit.py:524} INFO - 24/10/24 15:46:39 INFO FileSourceStrategy: Post-Scan Filters:
[2024-10-24T15:46:39.503+0000] {spark_submit.py:524} INFO - 24/10/24 15:46:39 INFO MemoryStore: Block broadcast_5 stored as values in memory (estimated size 199.1 KiB, free 434.0 MiB)
[2024-10-24T15:46:39.514+0000] {spark_submit.py:524} INFO - 24/10/24 15:46:39 INFO MemoryStore: Block broadcast_5_piece0 stored as bytes in memory (estimated size 34.1 KiB, free 433.9 MiB)
[2024-10-24T15:46:39.515+0000] {spark_submit.py:524} INFO - 24/10/24 15:46:39 INFO BlockManagerInfo: Added broadcast_5_piece0 in memory on e995fa603d7f:42901 (size: 34.1 KiB, free: 434.3 MiB)
[2024-10-24T15:46:39.517+0000] {spark_submit.py:524} INFO - 24/10/24 15:46:39 INFO SparkContext: Created broadcast 5 from count at NativeMethodAccessorImpl.java:0
[2024-10-24T15:46:39.518+0000] {spark_submit.py:524} INFO - 24/10/24 15:46:39 INFO FileSourceScanExec: Planning scan with bin packing, max size: 4194304 bytes, open cost is considered as scanning 4194304 bytes.
[2024-10-24T15:46:39.524+0000] {spark_submit.py:524} INFO - 24/10/24 15:46:39 INFO DAGScheduler: Registering RDD 14 (count at NativeMethodAccessorImpl.java:0) as input to shuffle 1
[2024-10-24T15:46:39.525+0000] {spark_submit.py:524} INFO - 24/10/24 15:46:39 INFO DAGScheduler: Got map stage job 3 (count at NativeMethodAccessorImpl.java:0) with 1 output partitions
[2024-10-24T15:46:39.525+0000] {spark_submit.py:524} INFO - 24/10/24 15:46:39 INFO DAGScheduler: Final stage: ShuffleMapStage 4 (count at NativeMethodAccessorImpl.java:0)
[2024-10-24T15:46:39.525+0000] {spark_submit.py:524} INFO - 24/10/24 15:46:39 INFO DAGScheduler: Parents of final stage: List()
[2024-10-24T15:46:39.525+0000] {spark_submit.py:524} INFO - 24/10/24 15:46:39 INFO DAGScheduler: Missing parents: List()
[2024-10-24T15:46:39.526+0000] {spark_submit.py:524} INFO - 24/10/24 15:46:39 INFO DAGScheduler: Submitting ShuffleMapStage 4 (MapPartitionsRDD[14] at count at NativeMethodAccessorImpl.java:0), which has no missing parents
[2024-10-24T15:46:39.531+0000] {spark_submit.py:524} INFO - 24/10/24 15:46:39 INFO MemoryStore: Block broadcast_6 stored as values in memory (estimated size 17.0 KiB, free 433.9 MiB)
[2024-10-24T15:46:39.534+0000] {spark_submit.py:524} INFO - 24/10/24 15:46:39 INFO MemoryStore: Block broadcast_6_piece0 stored as bytes in memory (estimated size 8.3 KiB, free 433.9 MiB)
[2024-10-24T15:46:39.535+0000] {spark_submit.py:524} INFO - 24/10/24 15:46:39 INFO BlockManagerInfo: Added broadcast_6_piece0 in memory on e995fa603d7f:42901 (size: 8.3 KiB, free: 434.3 MiB)
[2024-10-24T15:46:39.536+0000] {spark_submit.py:524} INFO - 24/10/24 15:46:39 INFO SparkContext: Created broadcast 6 from broadcast at DAGScheduler.scala:1580
[2024-10-24T15:46:39.537+0000] {spark_submit.py:524} INFO - 24/10/24 15:46:39 INFO DAGScheduler: Submitting 1 missing tasks from ShuffleMapStage 4 (MapPartitionsRDD[14] at count at NativeMethodAccessorImpl.java:0) (first 15 tasks are for partitions Vector(0))
[2024-10-24T15:46:39.537+0000] {spark_submit.py:524} INFO - 24/10/24 15:46:39 INFO TaskSchedulerImpl: Adding task set 4.0 with 1 tasks resource profile 0
[2024-10-24T15:46:39.539+0000] {spark_submit.py:524} INFO - 24/10/24 15:46:39 INFO TaskSetManager: Starting task 0.0 in stage 4.0 (TID 3) (172.18.0.5, executor 0, partition 0, PROCESS_LOCAL, 8241 bytes)
[2024-10-24T15:46:39.561+0000] {spark_submit.py:524} INFO - 24/10/24 15:46:39 INFO BlockManagerInfo: Added broadcast_6_piece0 in memory on 172.18.0.5:33499 (size: 8.3 KiB, free: 434.4 MiB)
[2024-10-24T15:46:39.590+0000] {spark_submit.py:524} INFO - 24/10/24 15:46:39 INFO BlockManagerInfo: Added broadcast_5_piece0 in memory on 172.18.0.5:33499 (size: 34.1 KiB, free: 434.3 MiB)
[2024-10-24T15:46:39.632+0000] {spark_submit.py:524} INFO - 24/10/24 15:46:39 INFO TaskSetManager: Finished task 0.0 in stage 4.0 (TID 3) in 93 ms on 172.18.0.5 (executor 0) (1/1)
[2024-10-24T15:46:39.633+0000] {spark_submit.py:524} INFO - 24/10/24 15:46:39 INFO TaskSchedulerImpl: Removed TaskSet 4.0, whose tasks have all completed, from pool
[2024-10-24T15:46:39.634+0000] {spark_submit.py:524} INFO - 24/10/24 15:46:39 INFO DAGScheduler: ShuffleMapStage 4 (count at NativeMethodAccessorImpl.java:0) finished in 0.106 s
[2024-10-24T15:46:39.634+0000] {spark_submit.py:524} INFO - 24/10/24 15:46:39 INFO DAGScheduler: looking for newly runnable stages
[2024-10-24T15:46:39.634+0000] {spark_submit.py:524} INFO - 24/10/24 15:46:39 INFO DAGScheduler: running: Set()
[2024-10-24T15:46:39.635+0000] {spark_submit.py:524} INFO - 24/10/24 15:46:39 INFO DAGScheduler: waiting: Set()
[2024-10-24T15:46:39.635+0000] {spark_submit.py:524} INFO - 24/10/24 15:46:39 INFO DAGScheduler: failed: Set()
[2024-10-24T15:46:39.673+0000] {spark_submit.py:524} INFO - 24/10/24 15:46:39 INFO SparkContext: Starting job: count at NativeMethodAccessorImpl.java:0
[2024-10-24T15:46:39.674+0000] {spark_submit.py:524} INFO - 24/10/24 15:46:39 INFO DAGScheduler: Got job 4 (count at NativeMethodAccessorImpl.java:0) with 1 output partitions
[2024-10-24T15:46:39.675+0000] {spark_submit.py:524} INFO - 24/10/24 15:46:39 INFO DAGScheduler: Final stage: ResultStage 6 (count at NativeMethodAccessorImpl.java:0)
[2024-10-24T15:46:39.675+0000] {spark_submit.py:524} INFO - 24/10/24 15:46:39 INFO DAGScheduler: Parents of final stage: List(ShuffleMapStage 5)
[2024-10-24T15:46:39.675+0000] {spark_submit.py:524} INFO - 24/10/24 15:46:39 INFO DAGScheduler: Missing parents: List()
[2024-10-24T15:46:39.675+0000] {spark_submit.py:524} INFO - 24/10/24 15:46:39 INFO DAGScheduler: Submitting ResultStage 6 (MapPartitionsRDD[17] at count at NativeMethodAccessorImpl.java:0), which has no missing parents
[2024-10-24T15:46:39.679+0000] {spark_submit.py:524} INFO - 24/10/24 15:46:39 INFO MemoryStore: Block broadcast_7 stored as values in memory (estimated size 12.5 KiB, free 433.9 MiB)
[2024-10-24T15:46:39.680+0000] {spark_submit.py:524} INFO - 24/10/24 15:46:39 INFO MemoryStore: Block broadcast_7_piece0 stored as bytes in memory (estimated size 5.9 KiB, free 433.9 MiB)
[2024-10-24T15:46:39.681+0000] {spark_submit.py:524} INFO - 24/10/24 15:46:39 INFO BlockManagerInfo: Added broadcast_7_piece0 in memory on e995fa603d7f:42901 (size: 5.9 KiB, free: 434.3 MiB)
[2024-10-24T15:46:39.682+0000] {spark_submit.py:524} INFO - 24/10/24 15:46:39 INFO SparkContext: Created broadcast 7 from broadcast at DAGScheduler.scala:1580
[2024-10-24T15:46:39.682+0000] {spark_submit.py:524} INFO - 24/10/24 15:46:39 INFO DAGScheduler: Submitting 1 missing tasks from ResultStage 6 (MapPartitionsRDD[17] at count at NativeMethodAccessorImpl.java:0) (first 15 tasks are for partitions Vector(0))
[2024-10-24T15:46:39.682+0000] {spark_submit.py:524} INFO - 24/10/24 15:46:39 INFO TaskSchedulerImpl: Adding task set 6.0 with 1 tasks resource profile 0
[2024-10-24T15:46:39.684+0000] {spark_submit.py:524} INFO - 24/10/24 15:46:39 INFO TaskSetManager: Starting task 0.0 in stage 6.0 (TID 4) (172.18.0.5, executor 0, partition 0, NODE_LOCAL, 7619 bytes)
[2024-10-24T15:46:39.697+0000] {spark_submit.py:524} INFO - 24/10/24 15:46:39 INFO BlockManagerInfo: Added broadcast_7_piece0 in memory on 172.18.0.5:33499 (size: 5.9 KiB, free: 434.3 MiB)
[2024-10-24T15:46:39.704+0000] {spark_submit.py:524} INFO - 24/10/24 15:46:39 INFO MapOutputTrackerMasterEndpoint: Asked to send map output locations for shuffle 1 to 172.18.0.5:35990
[2024-10-24T15:46:39.717+0000] {spark_submit.py:524} INFO - 24/10/24 15:46:39 INFO TaskSetManager: Finished task 0.0 in stage 6.0 (TID 4) in 34 ms on 172.18.0.5 (executor 0) (1/1)
[2024-10-24T15:46:39.717+0000] {spark_submit.py:524} INFO - 24/10/24 15:46:39 INFO TaskSchedulerImpl: Removed TaskSet 6.0, whose tasks have all completed, from pool
[2024-10-24T15:46:39.718+0000] {spark_submit.py:524} INFO - 24/10/24 15:46:39 INFO DAGScheduler: ResultStage 6 (count at NativeMethodAccessorImpl.java:0) finished in 0.041 s
[2024-10-24T15:46:39.718+0000] {spark_submit.py:524} INFO - 24/10/24 15:46:39 INFO DAGScheduler: Job 4 is finished. Cancelling potential speculative or zombie tasks for this job
[2024-10-24T15:46:39.719+0000] {spark_submit.py:524} INFO - 24/10/24 15:46:39 INFO TaskSchedulerImpl: Killing all running tasks in stage 6: Stage finished
[2024-10-24T15:46:39.719+0000] {spark_submit.py:524} INFO - 24/10/24 15:46:39 INFO DAGScheduler: Job 4 finished: count at NativeMethodAccessorImpl.java:0, took 0.045436 s
[2024-10-24T15:46:39.720+0000] {spark_submit.py:524} INFO - Quantidade:  50
[2024-10-24T15:46:39.774+0000] {spark_submit.py:524} INFO - 24/10/24 15:46:39 INFO FileSourceStrategy: Pushed Filters:
[2024-10-24T15:46:39.774+0000] {spark_submit.py:524} INFO - 24/10/24 15:46:39 INFO FileSourceStrategy: Post-Scan Filters:
[2024-10-24T15:46:39.816+0000] {spark_submit.py:524} INFO - 24/10/24 15:46:39 INFO ParquetUtils: Using default output committer for Parquet: org.apache.parquet.hadoop.ParquetOutputCommitter
[2024-10-24T15:46:39.839+0000] {spark_submit.py:524} INFO - 24/10/24 15:46:39 INFO BlockManagerInfo: Removed broadcast_6_piece0 on e995fa603d7f:42901 in memory (size: 8.3 KiB, free: 434.3 MiB)
[2024-10-24T15:46:39.841+0000] {spark_submit.py:524} INFO - 24/10/24 15:46:39 INFO FileOutputCommitter: File Output Committer Algorithm version is 1
[2024-10-24T15:46:39.841+0000] {spark_submit.py:524} INFO - 24/10/24 15:46:39 INFO FileOutputCommitter: FileOutputCommitter skip cleanup _temporary folders under output directory:false, ignore cleanup failures: false
[2024-10-24T15:46:39.842+0000] {spark_submit.py:524} INFO - 24/10/24 15:46:39 INFO BlockManagerInfo: Removed broadcast_6_piece0 on 172.18.0.5:33499 in memory (size: 8.3 KiB, free: 434.3 MiB)
[2024-10-24T15:46:39.843+0000] {spark_submit.py:524} INFO - 24/10/24 15:46:39 INFO SQLHadoopMapReduceCommitProtocol: Using user defined output committer class org.apache.parquet.hadoop.ParquetOutputCommitter
[2024-10-24T15:46:39.843+0000] {spark_submit.py:524} INFO - 24/10/24 15:46:39 INFO FileOutputCommitter: File Output Committer Algorithm version is 1
[2024-10-24T15:46:39.843+0000] {spark_submit.py:524} INFO - 24/10/24 15:46:39 INFO FileOutputCommitter: FileOutputCommitter skip cleanup _temporary folders under output directory:false, ignore cleanup failures: false
[2024-10-24T15:46:39.844+0000] {spark_submit.py:524} INFO - 24/10/24 15:46:39 INFO SQLHadoopMapReduceCommitProtocol: Using output committer class org.apache.parquet.hadoop.ParquetOutputCommitter
[2024-10-24T15:46:39.848+0000] {spark_submit.py:524} INFO - 24/10/24 15:46:39 INFO BlockManagerInfo: Removed broadcast_7_piece0 on e995fa603d7f:42901 in memory (size: 5.9 KiB, free: 434.3 MiB)
[2024-10-24T15:46:39.850+0000] {spark_submit.py:524} INFO - 24/10/24 15:46:39 INFO BlockManagerInfo: Removed broadcast_7_piece0 on 172.18.0.5:33499 in memory (size: 5.9 KiB, free: 434.3 MiB)
[2024-10-24T15:46:39.857+0000] {spark_submit.py:524} INFO - 24/10/24 15:46:39 INFO BlockManagerInfo: Removed broadcast_5_piece0 on e995fa603d7f:42901 in memory (size: 34.1 KiB, free: 434.4 MiB)
[2024-10-24T15:46:39.859+0000] {spark_submit.py:524} INFO - 24/10/24 15:46:39 INFO BlockManagerInfo: Removed broadcast_5_piece0 on 172.18.0.5:33499 in memory (size: 34.1 KiB, free: 434.4 MiB)
[2024-10-24T15:46:39.869+0000] {spark_submit.py:524} INFO - 24/10/24 15:46:39 INFO MemoryStore: Block broadcast_8 stored as values in memory (estimated size 199.1 KiB, free 434.0 MiB)
[2024-10-24T15:46:39.887+0000] {spark_submit.py:524} INFO - 24/10/24 15:46:39 INFO BlockManagerInfo: Removed broadcast_4_piece0 on e995fa603d7f:42901 in memory (size: 5.9 KiB, free: 434.4 MiB)
[2024-10-24T15:46:39.895+0000] {spark_submit.py:524} INFO - 24/10/24 15:46:39 INFO BlockManagerInfo: Removed broadcast_4_piece0 on 172.18.0.5:33499 in memory (size: 5.9 KiB, free: 434.4 MiB)
[2024-10-24T15:46:39.897+0000] {spark_submit.py:524} INFO - 24/10/24 15:46:39 INFO MemoryStore: Block broadcast_8_piece0 stored as bytes in memory (estimated size 34.1 KiB, free 433.9 MiB)
[2024-10-24T15:46:39.898+0000] {spark_submit.py:524} INFO - 24/10/24 15:46:39 INFO BlockManagerInfo: Added broadcast_8_piece0 in memory on e995fa603d7f:42901 (size: 34.1 KiB, free: 434.3 MiB)
[2024-10-24T15:46:39.900+0000] {spark_submit.py:524} INFO - 24/10/24 15:46:39 INFO SparkContext: Created broadcast 8 from save at NativeMethodAccessorImpl.java:0
[2024-10-24T15:46:39.902+0000] {spark_submit.py:524} INFO - 24/10/24 15:46:39 INFO FileSourceScanExec: Planning scan with bin packing, max size: 4194304 bytes, open cost is considered as scanning 4194304 bytes.
[2024-10-24T15:46:39.911+0000] {spark_submit.py:524} INFO - 24/10/24 15:46:39 INFO SparkContext: Starting job: save at NativeMethodAccessorImpl.java:0
[2024-10-24T15:46:39.912+0000] {spark_submit.py:524} INFO - 24/10/24 15:46:39 INFO DAGScheduler: Got job 5 (save at NativeMethodAccessorImpl.java:0) with 1 output partitions
[2024-10-24T15:46:39.912+0000] {spark_submit.py:524} INFO - 24/10/24 15:46:39 INFO DAGScheduler: Final stage: ResultStage 7 (save at NativeMethodAccessorImpl.java:0)
[2024-10-24T15:46:39.913+0000] {spark_submit.py:524} INFO - 24/10/24 15:46:39 INFO DAGScheduler: Parents of final stage: List()
[2024-10-24T15:46:39.913+0000] {spark_submit.py:524} INFO - 24/10/24 15:46:39 INFO DAGScheduler: Missing parents: List()
[2024-10-24T15:46:39.914+0000] {spark_submit.py:524} INFO - 24/10/24 15:46:39 INFO DAGScheduler: Submitting ResultStage 7 (MapPartitionsRDD[20] at save at NativeMethodAccessorImpl.java:0), which has no missing parents
[2024-10-24T15:46:39.941+0000] {spark_submit.py:524} INFO - 24/10/24 15:46:39 INFO BlockManagerInfo: Removed broadcast_2_piece0 on e995fa603d7f:42901 in memory (size: 34.1 KiB, free: 434.4 MiB)
[2024-10-24T15:46:39.947+0000] {spark_submit.py:524} INFO - 24/10/24 15:46:39 INFO MemoryStore: Block broadcast_9 stored as values in memory (estimated size 214.5 KiB, free 434.0 MiB)
[2024-10-24T15:46:39.949+0000] {spark_submit.py:524} INFO - 24/10/24 15:46:39 INFO BlockManagerInfo: Removed broadcast_2_piece0 on 172.18.0.5:33499 in memory (size: 34.1 KiB, free: 434.4 MiB)
[2024-10-24T15:46:39.950+0000] {spark_submit.py:524} INFO - 24/10/24 15:46:39 INFO MemoryStore: Block broadcast_9_piece0 stored as bytes in memory (estimated size 77.1 KiB, free 433.9 MiB)
[2024-10-24T15:46:39.952+0000] {spark_submit.py:524} INFO - 24/10/24 15:46:39 INFO BlockManagerInfo: Added broadcast_9_piece0 in memory on e995fa603d7f:42901 (size: 77.1 KiB, free: 434.3 MiB)
[2024-10-24T15:46:39.953+0000] {spark_submit.py:524} INFO - 24/10/24 15:46:39 INFO SparkContext: Created broadcast 9 from broadcast at DAGScheduler.scala:1580
[2024-10-24T15:46:39.953+0000] {spark_submit.py:524} INFO - 24/10/24 15:46:39 INFO DAGScheduler: Submitting 1 missing tasks from ResultStage 7 (MapPartitionsRDD[20] at save at NativeMethodAccessorImpl.java:0) (first 15 tasks are for partitions Vector(0))
[2024-10-24T15:46:39.954+0000] {spark_submit.py:524} INFO - 24/10/24 15:46:39 INFO TaskSchedulerImpl: Adding task set 7.0 with 1 tasks resource profile 0
[2024-10-24T15:46:39.955+0000] {spark_submit.py:524} INFO - 24/10/24 15:46:39 INFO TaskSetManager: Starting task 0.0 in stage 7.0 (TID 5) (172.18.0.5, executor 0, partition 0, PROCESS_LOCAL, 8252 bytes)
[2024-10-24T15:46:39.968+0000] {spark_submit.py:524} INFO - 24/10/24 15:46:39 INFO BlockManagerInfo: Added broadcast_9_piece0 in memory on 172.18.0.5:33499 (size: 77.1 KiB, free: 434.3 MiB)
[2024-10-24T15:46:40.935+0000] {spark_submit.py:524} INFO - 24/10/24 15:46:40 INFO BlockManagerInfo: Added broadcast_8_piece0 in memory on 172.18.0.5:33499 (size: 34.1 KiB, free: 434.3 MiB)
[2024-10-24T15:46:41.286+0000] {spark_submit.py:524} INFO - 24/10/24 15:46:41 INFO TaskSetManager: Finished task 0.0 in stage 7.0 (TID 5) in 1332 ms on 172.18.0.5 (executor 0) (1/1)
[2024-10-24T15:46:41.287+0000] {spark_submit.py:524} INFO - 24/10/24 15:46:41 INFO TaskSchedulerImpl: Removed TaskSet 7.0, whose tasks have all completed, from pool
[2024-10-24T15:46:41.288+0000] {spark_submit.py:524} INFO - 24/10/24 15:46:41 INFO DAGScheduler: ResultStage 7 (save at NativeMethodAccessorImpl.java:0) finished in 1.373 s
[2024-10-24T15:46:41.288+0000] {spark_submit.py:524} INFO - 24/10/24 15:46:41 INFO DAGScheduler: Job 5 is finished. Cancelling potential speculative or zombie tasks for this job
[2024-10-24T15:46:41.288+0000] {spark_submit.py:524} INFO - 24/10/24 15:46:41 INFO TaskSchedulerImpl: Killing all running tasks in stage 7: Stage finished
[2024-10-24T15:46:41.289+0000] {spark_submit.py:524} INFO - 24/10/24 15:46:41 INFO DAGScheduler: Job 5 finished: save at NativeMethodAccessorImpl.java:0, took 1.377694 s
[2024-10-24T15:46:41.290+0000] {spark_submit.py:524} INFO - 24/10/24 15:46:41 INFO FileFormatWriter: Start to commit write Job 5b276862-9f4f-444d-b46b-2048bd3c9615.
[2024-10-24T15:46:41.316+0000] {spark_submit.py:524} INFO - 24/10/24 15:46:41 ERROR FileFormatWriter: Aborting job 5b276862-9f4f-444d-b46b-2048bd3c9615.
[2024-10-24T15:46:41.316+0000] {spark_submit.py:524} INFO - java.io.IOException: Failed to rename DeprecatedRawLocalFileStatus{path=file:/opt/***/data-lake/silver/openbrewerydb/_temporary/0/task_202410241546396977463917294862691_0007_m_000000/part-00000-48c4ee69-d2a3-4e6f-9d44-4fbddd748762-c000.snappy.parquet; isDirectory=false; length=12920; replication=1; blocksize=33554432; modification_time=1729784801252; access_time=1729784800156; owner=; group=; permission=rw-rw-rw-; isSymlink=false; hasAcl=false; isEncrypted=false; isErasureCoded=false} to file:/opt/***/data-lake/silver/openbrewerydb/part-00000-48c4ee69-d2a3-4e6f-9d44-4fbddd748762-c000.snappy.parquet
[2024-10-24T15:46:41.317+0000] {spark_submit.py:524} INFO - at org.apache.hadoop.mapreduce.lib.output.FileOutputCommitter.mergePaths(FileOutputCommitter.java:477)
[2024-10-24T15:46:41.317+0000] {spark_submit.py:524} INFO - at org.apache.hadoop.mapreduce.lib.output.FileOutputCommitter.mergePaths(FileOutputCommitter.java:490)
[2024-10-24T15:46:41.317+0000] {spark_submit.py:524} INFO - at org.apache.hadoop.mapreduce.lib.output.FileOutputCommitter.commitJobInternal(FileOutputCommitter.java:405)
[2024-10-24T15:46:41.317+0000] {spark_submit.py:524} INFO - at org.apache.hadoop.mapreduce.lib.output.FileOutputCommitter.commitJob(FileOutputCommitter.java:377)
[2024-10-24T15:46:41.317+0000] {spark_submit.py:524} INFO - at org.apache.parquet.hadoop.ParquetOutputCommitter.commitJob(ParquetOutputCommitter.java:48)
[2024-10-24T15:46:41.317+0000] {spark_submit.py:524} INFO - at org.apache.spark.internal.io.HadoopMapReduceCommitProtocol.commitJob(HadoopMapReduceCommitProtocol.scala:192)
[2024-10-24T15:46:41.317+0000] {spark_submit.py:524} INFO - at org.apache.spark.sql.execution.datasources.FileFormatWriter$.$anonfun$writeAndCommit$3(FileFormatWriter.scala:275)
[2024-10-24T15:46:41.317+0000] {spark_submit.py:524} INFO - at scala.runtime.java8.JFunction0$mcV$sp.apply(JFunction0$mcV$sp.java:23)
[2024-10-24T15:46:41.317+0000] {spark_submit.py:524} INFO - at org.apache.spark.util.Utils$.timeTakenMs(Utils.scala:552)
[2024-10-24T15:46:41.318+0000] {spark_submit.py:524} INFO - at org.apache.spark.sql.execution.datasources.FileFormatWriter$.writeAndCommit(FileFormatWriter.scala:275)
[2024-10-24T15:46:41.318+0000] {spark_submit.py:524} INFO - at org.apache.spark.sql.execution.datasources.FileFormatWriter$.executeWrite(FileFormatWriter.scala:304)
[2024-10-24T15:46:41.318+0000] {spark_submit.py:524} INFO - at org.apache.spark.sql.execution.datasources.FileFormatWriter$.write(FileFormatWriter.scala:190)
[2024-10-24T15:46:41.318+0000] {spark_submit.py:524} INFO - at org.apache.spark.sql.execution.datasources.InsertIntoHadoopFsRelationCommand.run(InsertIntoHadoopFsRelationCommand.scala:190)
[2024-10-24T15:46:41.318+0000] {spark_submit.py:524} INFO - at org.apache.spark.sql.execution.command.DataWritingCommandExec.sideEffectResult$lzycompute(commands.scala:113)
[2024-10-24T15:46:41.318+0000] {spark_submit.py:524} INFO - at org.apache.spark.sql.execution.command.DataWritingCommandExec.sideEffectResult(commands.scala:111)
[2024-10-24T15:46:41.318+0000] {spark_submit.py:524} INFO - at org.apache.spark.sql.execution.command.DataWritingCommandExec.executeCollect(commands.scala:125)
[2024-10-24T15:46:41.318+0000] {spark_submit.py:524} INFO - at org.apache.spark.sql.execution.QueryExecution$$anonfun$eagerlyExecuteCommands$1.$anonfun$applyOrElse$1(QueryExecution.scala:107)
[2024-10-24T15:46:41.318+0000] {spark_submit.py:524} INFO - at org.apache.spark.sql.execution.SQLExecution$.$anonfun$withNewExecutionId$6(SQLExecution.scala:125)
[2024-10-24T15:46:41.318+0000] {spark_submit.py:524} INFO - at org.apache.spark.sql.execution.SQLExecution$.withSQLConfPropagated(SQLExecution.scala:201)
[2024-10-24T15:46:41.318+0000] {spark_submit.py:524} INFO - at org.apache.spark.sql.execution.SQLExecution$.$anonfun$withNewExecutionId$1(SQLExecution.scala:108)
[2024-10-24T15:46:41.319+0000] {spark_submit.py:524} INFO - at org.apache.spark.sql.SparkSession.withActive(SparkSession.scala:900)
[2024-10-24T15:46:41.319+0000] {spark_submit.py:524} INFO - at org.apache.spark.sql.execution.SQLExecution$.withNewExecutionId(SQLExecution.scala:66)
[2024-10-24T15:46:41.319+0000] {spark_submit.py:524} INFO - at org.apache.spark.sql.execution.QueryExecution$$anonfun$eagerlyExecuteCommands$1.applyOrElse(QueryExecution.scala:107)
[2024-10-24T15:46:41.319+0000] {spark_submit.py:524} INFO - at org.apache.spark.sql.execution.QueryExecution$$anonfun$eagerlyExecuteCommands$1.applyOrElse(QueryExecution.scala:98)
[2024-10-24T15:46:41.319+0000] {spark_submit.py:524} INFO - at org.apache.spark.sql.catalyst.trees.TreeNode.$anonfun$transformDownWithPruning$1(TreeNode.scala:461)
[2024-10-24T15:46:41.319+0000] {spark_submit.py:524} INFO - at org.apache.spark.sql.catalyst.trees.CurrentOrigin$.withOrigin(origin.scala:76)
[2024-10-24T15:46:41.319+0000] {spark_submit.py:524} INFO - at org.apache.spark.sql.catalyst.trees.TreeNode.transformDownWithPruning(TreeNode.scala:461)
[2024-10-24T15:46:41.319+0000] {spark_submit.py:524} INFO - at org.apache.spark.sql.catalyst.plans.logical.LogicalPlan.org$apache$spark$sql$catalyst$plans$logical$AnalysisHelper$$super$transformDownWithPruning(LogicalPlan.scala:32)
[2024-10-24T15:46:41.319+0000] {spark_submit.py:524} INFO - at org.apache.spark.sql.catalyst.plans.logical.AnalysisHelper.transformDownWithPruning(AnalysisHelper.scala:267)
[2024-10-24T15:46:41.320+0000] {spark_submit.py:524} INFO - at org.apache.spark.sql.catalyst.plans.logical.AnalysisHelper.transformDownWithPruning$(AnalysisHelper.scala:263)
[2024-10-24T15:46:41.320+0000] {spark_submit.py:524} INFO - at org.apache.spark.sql.catalyst.plans.logical.LogicalPlan.transformDownWithPruning(LogicalPlan.scala:32)
[2024-10-24T15:46:41.320+0000] {spark_submit.py:524} INFO - at org.apache.spark.sql.catalyst.plans.logical.LogicalPlan.transformDownWithPruning(LogicalPlan.scala:32)
[2024-10-24T15:46:41.320+0000] {spark_submit.py:524} INFO - at org.apache.spark.sql.catalyst.trees.TreeNode.transformDown(TreeNode.scala:437)
[2024-10-24T15:46:41.320+0000] {spark_submit.py:524} INFO - at org.apache.spark.sql.execution.QueryExecution.eagerlyExecuteCommands(QueryExecution.scala:98)
[2024-10-24T15:46:41.320+0000] {spark_submit.py:524} INFO - at org.apache.spark.sql.execution.QueryExecution.commandExecuted$lzycompute(QueryExecution.scala:85)
[2024-10-24T15:46:41.320+0000] {spark_submit.py:524} INFO - at org.apache.spark.sql.execution.QueryExecution.commandExecuted(QueryExecution.scala:83)
[2024-10-24T15:46:41.321+0000] {spark_submit.py:524} INFO - at org.apache.spark.sql.execution.QueryExecution.assertCommandExecuted(QueryExecution.scala:142)
[2024-10-24T15:46:41.321+0000] {spark_submit.py:524} INFO - at org.apache.spark.sql.DataFrameWriter.runCommand(DataFrameWriter.scala:859)
[2024-10-24T15:46:41.321+0000] {spark_submit.py:524} INFO - at org.apache.spark.sql.DataFrameWriter.saveToV1Source(DataFrameWriter.scala:388)
[2024-10-24T15:46:41.321+0000] {spark_submit.py:524} INFO - at org.apache.spark.sql.DataFrameWriter.saveInternal(DataFrameWriter.scala:361)
[2024-10-24T15:46:41.321+0000] {spark_submit.py:524} INFO - at org.apache.spark.sql.DataFrameWriter.save(DataFrameWriter.scala:240)
[2024-10-24T15:46:41.321+0000] {spark_submit.py:524} INFO - at java.base/jdk.internal.reflect.NativeMethodAccessorImpl.invoke0(Native Method)
[2024-10-24T15:46:41.321+0000] {spark_submit.py:524} INFO - at java.base/jdk.internal.reflect.NativeMethodAccessorImpl.invoke(NativeMethodAccessorImpl.java:77)
[2024-10-24T15:46:41.321+0000] {spark_submit.py:524} INFO - at java.base/jdk.internal.reflect.DelegatingMethodAccessorImpl.invoke(DelegatingMethodAccessorImpl.java:43)
[2024-10-24T15:46:41.321+0000] {spark_submit.py:524} INFO - at java.base/java.lang.reflect.Method.invoke(Method.java:569)
[2024-10-24T15:46:41.321+0000] {spark_submit.py:524} INFO - at py4j.reflection.MethodInvoker.invoke(MethodInvoker.java:244)
[2024-10-24T15:46:41.321+0000] {spark_submit.py:524} INFO - at py4j.reflection.ReflectionEngine.invoke(ReflectionEngine.java:374)
[2024-10-24T15:46:41.322+0000] {spark_submit.py:524} INFO - at py4j.Gateway.invoke(Gateway.java:282)
[2024-10-24T15:46:41.322+0000] {spark_submit.py:524} INFO - at py4j.commands.AbstractCommand.invokeMethod(AbstractCommand.java:132)
[2024-10-24T15:46:41.322+0000] {spark_submit.py:524} INFO - at py4j.commands.CallCommand.execute(CallCommand.java:79)
[2024-10-24T15:46:41.322+0000] {spark_submit.py:524} INFO - at py4j.ClientServerConnection.waitForCommands(ClientServerConnection.java:182)
[2024-10-24T15:46:41.322+0000] {spark_submit.py:524} INFO - at py4j.ClientServerConnection.run(ClientServerConnection.java:106)
[2024-10-24T15:46:41.322+0000] {spark_submit.py:524} INFO - at java.base/java.lang.Thread.run(Thread.java:840)
[2024-10-24T15:46:41.322+0000] {spark_submit.py:524} INFO - 24/10/24 15:46:41 WARN FileUtil: Failed to delete file or dir [/opt/***/data-lake/silver/openbrewerydb/_temporary/0/task_202410241546396977463917294862691_0007_m_000000/part-00000-48c4ee69-d2a3-4e6f-9d44-4fbddd748762-c000.snappy.parquet]: it still exists.
[2024-10-24T15:46:41.322+0000] {spark_submit.py:524} INFO - 24/10/24 15:46:41 WARN FileUtil: Failed to delete file or dir [/opt/***/data-lake/silver/openbrewerydb/_temporary/0/task_202410241546396977463917294862691_0007_m_000000/.part-00000-48c4ee69-d2a3-4e6f-9d44-4fbddd748762-c000.snappy.parquet.crc]: it still exists.
[2024-10-24T15:46:41.350+0000] {spark_submit.py:524} INFO - Uma exceo ocorreu durante a leitura dos dados da camada bronze: An error occurred while calling o30.save.
[2024-10-24T15:46:41.350+0000] {spark_submit.py:524} INFO - : java.io.IOException: Failed to rename DeprecatedRawLocalFileStatus{path=file:/opt/***/data-lake/silver/openbrewerydb/_temporary/0/task_202410241546396977463917294862691_0007_m_000000/part-00000-48c4ee69-d2a3-4e6f-9d44-4fbddd748762-c000.snappy.parquet; isDirectory=false; length=12920; replication=1; blocksize=33554432; modification_time=1729784801252; access_time=1729784800156; owner=; group=; permission=rw-rw-rw-; isSymlink=false; hasAcl=false; isEncrypted=false; isErasureCoded=false} to file:/opt/***/data-lake/silver/openbrewerydb/part-00000-48c4ee69-d2a3-4e6f-9d44-4fbddd748762-c000.snappy.parquet
[2024-10-24T15:46:41.350+0000] {spark_submit.py:524} INFO - at org.apache.hadoop.mapreduce.lib.output.FileOutputCommitter.mergePaths(FileOutputCommitter.java:477)
[2024-10-24T15:46:41.351+0000] {spark_submit.py:524} INFO - at org.apache.hadoop.mapreduce.lib.output.FileOutputCommitter.mergePaths(FileOutputCommitter.java:490)
[2024-10-24T15:46:41.351+0000] {spark_submit.py:524} INFO - at org.apache.hadoop.mapreduce.lib.output.FileOutputCommitter.commitJobInternal(FileOutputCommitter.java:405)
[2024-10-24T15:46:41.351+0000] {spark_submit.py:524} INFO - at org.apache.hadoop.mapreduce.lib.output.FileOutputCommitter.commitJob(FileOutputCommitter.java:377)
[2024-10-24T15:46:41.351+0000] {spark_submit.py:524} INFO - at org.apache.parquet.hadoop.ParquetOutputCommitter.commitJob(ParquetOutputCommitter.java:48)
[2024-10-24T15:46:41.351+0000] {spark_submit.py:524} INFO - at org.apache.spark.internal.io.HadoopMapReduceCommitProtocol.commitJob(HadoopMapReduceCommitProtocol.scala:192)
[2024-10-24T15:46:41.351+0000] {spark_submit.py:524} INFO - at org.apache.spark.sql.execution.datasources.FileFormatWriter$.$anonfun$writeAndCommit$3(FileFormatWriter.scala:275)
[2024-10-24T15:46:41.351+0000] {spark_submit.py:524} INFO - at scala.runtime.java8.JFunction0$mcV$sp.apply(JFunction0$mcV$sp.java:23)
[2024-10-24T15:46:41.351+0000] {spark_submit.py:524} INFO - at org.apache.spark.util.Utils$.timeTakenMs(Utils.scala:552)
[2024-10-24T15:46:41.351+0000] {spark_submit.py:524} INFO - at org.apache.spark.sql.execution.datasources.FileFormatWriter$.writeAndCommit(FileFormatWriter.scala:275)
[2024-10-24T15:46:41.352+0000] {spark_submit.py:524} INFO - at org.apache.spark.sql.execution.datasources.FileFormatWriter$.executeWrite(FileFormatWriter.scala:304)
[2024-10-24T15:46:41.352+0000] {spark_submit.py:524} INFO - at org.apache.spark.sql.execution.datasources.FileFormatWriter$.write(FileFormatWriter.scala:190)
[2024-10-24T15:46:41.352+0000] {spark_submit.py:524} INFO - at org.apache.spark.sql.execution.datasources.InsertIntoHadoopFsRelationCommand.run(InsertIntoHadoopFsRelationCommand.scala:190)
[2024-10-24T15:46:41.352+0000] {spark_submit.py:524} INFO - at org.apache.spark.sql.execution.command.DataWritingCommandExec.sideEffectResult$lzycompute(commands.scala:113)
[2024-10-24T15:46:41.352+0000] {spark_submit.py:524} INFO - at org.apache.spark.sql.execution.command.DataWritingCommandExec.sideEffectResult(commands.scala:111)
[2024-10-24T15:46:41.352+0000] {spark_submit.py:524} INFO - at org.apache.spark.sql.execution.command.DataWritingCommandExec.executeCollect(commands.scala:125)
[2024-10-24T15:46:41.352+0000] {spark_submit.py:524} INFO - at org.apache.spark.sql.execution.QueryExecution$$anonfun$eagerlyExecuteCommands$1.$anonfun$applyOrElse$1(QueryExecution.scala:107)
[2024-10-24T15:46:41.352+0000] {spark_submit.py:524} INFO - at org.apache.spark.sql.execution.SQLExecution$.$anonfun$withNewExecutionId$6(SQLExecution.scala:125)
[2024-10-24T15:46:41.352+0000] {spark_submit.py:524} INFO - at org.apache.spark.sql.execution.SQLExecution$.withSQLConfPropagated(SQLExecution.scala:201)
[2024-10-24T15:46:41.352+0000] {spark_submit.py:524} INFO - at org.apache.spark.sql.execution.SQLExecution$.$anonfun$withNewExecutionId$1(SQLExecution.scala:108)
[2024-10-24T15:46:41.353+0000] {spark_submit.py:524} INFO - at org.apache.spark.sql.SparkSession.withActive(SparkSession.scala:900)
[2024-10-24T15:46:41.353+0000] {spark_submit.py:524} INFO - at org.apache.spark.sql.execution.SQLExecution$.withNewExecutionId(SQLExecution.scala:66)
[2024-10-24T15:46:41.353+0000] {spark_submit.py:524} INFO - at org.apache.spark.sql.execution.QueryExecution$$anonfun$eagerlyExecuteCommands$1.applyOrElse(QueryExecution.scala:107)
[2024-10-24T15:46:41.353+0000] {spark_submit.py:524} INFO - at org.apache.spark.sql.execution.QueryExecution$$anonfun$eagerlyExecuteCommands$1.applyOrElse(QueryExecution.scala:98)
[2024-10-24T15:46:41.353+0000] {spark_submit.py:524} INFO - at org.apache.spark.sql.catalyst.trees.TreeNode.$anonfun$transformDownWithPruning$1(TreeNode.scala:461)
[2024-10-24T15:46:41.353+0000] {spark_submit.py:524} INFO - at org.apache.spark.sql.catalyst.trees.CurrentOrigin$.withOrigin(origin.scala:76)
[2024-10-24T15:46:41.353+0000] {spark_submit.py:524} INFO - at org.apache.spark.sql.catalyst.trees.TreeNode.transformDownWithPruning(TreeNode.scala:461)
[2024-10-24T15:46:41.353+0000] {spark_submit.py:524} INFO - at org.apache.spark.sql.catalyst.plans.logical.LogicalPlan.org$apache$spark$sql$catalyst$plans$logical$AnalysisHelper$$super$transformDownWithPruning(LogicalPlan.scala:32)
[2024-10-24T15:46:41.353+0000] {spark_submit.py:524} INFO - at org.apache.spark.sql.catalyst.plans.logical.AnalysisHelper.transformDownWithPruning(AnalysisHelper.scala:267)
[2024-10-24T15:46:41.353+0000] {spark_submit.py:524} INFO - at org.apache.spark.sql.catalyst.plans.logical.AnalysisHelper.transformDownWithPruning$(AnalysisHelper.scala:263)
[2024-10-24T15:46:41.353+0000] {spark_submit.py:524} INFO - at org.apache.spark.sql.catalyst.plans.logical.LogicalPlan.transformDownWithPruning(LogicalPlan.scala:32)
[2024-10-24T15:46:41.353+0000] {spark_submit.py:524} INFO - at org.apache.spark.sql.catalyst.plans.logical.LogicalPlan.transformDownWithPruning(LogicalPlan.scala:32)
[2024-10-24T15:46:41.354+0000] {spark_submit.py:524} INFO - at org.apache.spark.sql.catalyst.trees.TreeNode.transformDown(TreeNode.scala:437)
[2024-10-24T15:46:41.354+0000] {spark_submit.py:524} INFO - at org.apache.spark.sql.execution.QueryExecution.eagerlyExecuteCommands(QueryExecution.scala:98)
[2024-10-24T15:46:41.354+0000] {spark_submit.py:524} INFO - at org.apache.spark.sql.execution.QueryExecution.commandExecuted$lzycompute(QueryExecution.scala:85)
[2024-10-24T15:46:41.354+0000] {spark_submit.py:524} INFO - at org.apache.spark.sql.execution.QueryExecution.commandExecuted(QueryExecution.scala:83)
[2024-10-24T15:46:41.354+0000] {spark_submit.py:524} INFO - at org.apache.spark.sql.execution.QueryExecution.assertCommandExecuted(QueryExecution.scala:142)
[2024-10-24T15:46:41.354+0000] {spark_submit.py:524} INFO - at org.apache.spark.sql.DataFrameWriter.runCommand(DataFrameWriter.scala:859)
[2024-10-24T15:46:41.354+0000] {spark_submit.py:524} INFO - at org.apache.spark.sql.DataFrameWriter.saveToV1Source(DataFrameWriter.scala:388)
[2024-10-24T15:46:41.354+0000] {spark_submit.py:524} INFO - at org.apache.spark.sql.DataFrameWriter.saveInternal(DataFrameWriter.scala:361)
[2024-10-24T15:46:41.354+0000] {spark_submit.py:524} INFO - at org.apache.spark.sql.DataFrameWriter.save(DataFrameWriter.scala:240)
[2024-10-24T15:46:41.354+0000] {spark_submit.py:524} INFO - at java.base/jdk.internal.reflect.NativeMethodAccessorImpl.invoke0(Native Method)
[2024-10-24T15:46:41.354+0000] {spark_submit.py:524} INFO - at java.base/jdk.internal.reflect.NativeMethodAccessorImpl.invoke(NativeMethodAccessorImpl.java:77)
[2024-10-24T15:46:41.354+0000] {spark_submit.py:524} INFO - at java.base/jdk.internal.reflect.DelegatingMethodAccessorImpl.invoke(DelegatingMethodAccessorImpl.java:43)
[2024-10-24T15:46:41.355+0000] {spark_submit.py:524} INFO - at java.base/java.lang.reflect.Method.invoke(Method.java:569)
[2024-10-24T15:46:41.355+0000] {spark_submit.py:524} INFO - at py4j.reflection.MethodInvoker.invoke(MethodInvoker.java:244)
[2024-10-24T15:46:41.355+0000] {spark_submit.py:524} INFO - at py4j.reflection.ReflectionEngine.invoke(ReflectionEngine.java:374)
[2024-10-24T15:46:41.355+0000] {spark_submit.py:524} INFO - at py4j.Gateway.invoke(Gateway.java:282)
[2024-10-24T15:46:41.355+0000] {spark_submit.py:524} INFO - at py4j.commands.AbstractCommand.invokeMethod(AbstractCommand.java:132)
[2024-10-24T15:46:41.355+0000] {spark_submit.py:524} INFO - at py4j.commands.CallCommand.execute(CallCommand.java:79)
[2024-10-24T15:46:41.355+0000] {spark_submit.py:524} INFO - at py4j.ClientServerConnection.waitForCommands(ClientServerConnection.java:182)
[2024-10-24T15:46:41.355+0000] {spark_submit.py:524} INFO - at py4j.ClientServerConnection.run(ClientServerConnection.java:106)
[2024-10-24T15:46:41.355+0000] {spark_submit.py:524} INFO - at java.base/java.lang.Thread.run(Thread.java:840)
[2024-10-24T15:46:41.355+0000] {spark_submit.py:524} INFO - 
[2024-10-24T15:46:41.355+0000] {spark_submit.py:524} INFO - 24/10/24 15:46:41 INFO SparkContext: SparkContext is stopping with exitCode 0.
[2024-10-24T15:46:41.363+0000] {spark_submit.py:524} INFO - 24/10/24 15:46:41 INFO SparkUI: Stopped Spark web UI at http://e995fa603d7f:4040
[2024-10-24T15:46:41.368+0000] {spark_submit.py:524} INFO - 24/10/24 15:46:41 INFO StandaloneSchedulerBackend: Shutting down all executors
[2024-10-24T15:46:41.369+0000] {spark_submit.py:524} INFO - 24/10/24 15:46:41 INFO StandaloneSchedulerBackend$StandaloneDriverEndpoint: Asking each executor to shut down
[2024-10-24T15:46:41.395+0000] {spark_submit.py:524} INFO - 24/10/24 15:46:41 INFO MapOutputTrackerMasterEndpoint: MapOutputTrackerMasterEndpoint stopped!
[2024-10-24T15:46:41.445+0000] {spark_submit.py:524} INFO - 24/10/24 15:46:41 INFO MemoryStore: MemoryStore cleared
[2024-10-24T15:46:41.446+0000] {spark_submit.py:524} INFO - 24/10/24 15:46:41 INFO BlockManager: BlockManager stopped
[2024-10-24T15:46:41.460+0000] {spark_submit.py:524} INFO - 24/10/24 15:46:41 INFO BlockManagerMaster: BlockManagerMaster stopped
[2024-10-24T15:46:41.466+0000] {spark_submit.py:524} INFO - 24/10/24 15:46:41 INFO OutputCommitCoordinator$OutputCommitCoordinatorEndpoint: OutputCommitCoordinator stopped!
[2024-10-24T15:46:41.478+0000] {spark_submit.py:524} INFO - 24/10/24 15:46:41 INFO SparkContext: Successfully stopped SparkContext
[2024-10-24T15:46:41.822+0000] {spark_submit.py:524} INFO - 24/10/24 15:46:41 INFO ShutdownHookManager: Shutdown hook called
[2024-10-24T15:46:41.823+0000] {spark_submit.py:524} INFO - 24/10/24 15:46:41 INFO ShutdownHookManager: Deleting directory /tmp/spark-ceca93d3-e2a4-4c69-a98e-16aebec41518/pyspark-af35f087-5e90-4903-b2b6-d699df0a3833
[2024-10-24T15:46:41.828+0000] {spark_submit.py:524} INFO - 24/10/24 15:46:41 INFO ShutdownHookManager: Deleting directory /tmp/spark-7287dce5-291e-45f5-aacc-e1faae9b63ff
[2024-10-24T15:46:41.836+0000] {spark_submit.py:524} INFO - 24/10/24 15:46:41 INFO ShutdownHookManager: Deleting directory /tmp/spark-ceca93d3-e2a4-4c69-a98e-16aebec41518
[2024-10-24T15:46:41.927+0000] {taskinstance.py:1398} INFO - Marking task as SUCCESS. dag_id=api_openbrewerydb_to_silver_gold, task_id=Silver, execution_date=20241024T154624, start_date=20241024T154626, end_date=20241024T154641
[2024-10-24T15:46:41.962+0000] {local_task_job_runner.py:228} INFO - Task exited with return code 0
[2024-10-24T15:46:41.989+0000] {taskinstance.py:2776} INFO - 1 downstream tasks scheduled from follow-on schedule check
