[2024-10-24T14:37:25.188+0000] {taskinstance.py:1157} INFO - Dependencies all met for dep_context=non-requeueable deps ti=<TaskInstance: api_openbrewerydb_to_silver_gold.Gold scheduled__2023-12-10T08:00:00+00:00 [queued]>
[2024-10-24T14:37:25.195+0000] {taskinstance.py:1157} INFO - Dependencies all met for dep_context=requeueable deps ti=<TaskInstance: api_openbrewerydb_to_silver_gold.Gold scheduled__2023-12-10T08:00:00+00:00 [queued]>
[2024-10-24T14:37:25.196+0000] {taskinstance.py:1359} INFO - Starting attempt 1 of 2
[2024-10-24T14:37:25.205+0000] {taskinstance.py:1380} INFO - Executing <Task(SparkSubmitOperator): Gold> on 2023-12-10 08:00:00+00:00
[2024-10-24T14:37:25.212+0000] {standard_task_runner.py:57} INFO - Started process 16309 to run task
[2024-10-24T14:37:25.214+0000] {standard_task_runner.py:84} INFO - Running: ['***', 'tasks', 'run', 'api_openbrewerydb_to_silver_gold', 'Gold', 'scheduled__2023-12-10T08:00:00+00:00', '--job-id', '106', '--raw', '--subdir', 'DAGS_FOLDER/api_openbrewerydb_to_silver.py', '--cfg-path', '/tmp/tmp3o8khzl9']
[2024-10-24T14:37:25.218+0000] {standard_task_runner.py:85} INFO - Job 106: Subtask Gold
[2024-10-24T14:37:25.262+0000] {task_command.py:415} INFO - Running <TaskInstance: api_openbrewerydb_to_silver_gold.Gold scheduled__2023-12-10T08:00:00+00:00 [running]> on host 96f89615839b
[2024-10-24T14:37:25.342+0000] {taskinstance.py:1660} INFO - Exporting env vars: AIRFLOW_CTX_DAG_OWNER='Rodrigo Araujo' AIRFLOW_CTX_DAG_ID='api_openbrewerydb_to_silver_gold' AIRFLOW_CTX_TASK_ID='Gold' AIRFLOW_CTX_EXECUTION_DATE='2023-12-10T08:00:00+00:00' AIRFLOW_CTX_TRY_NUMBER='1' AIRFLOW_CTX_DAG_RUN_ID='scheduled__2023-12-10T08:00:00+00:00'
[2024-10-24T14:37:25.352+0000] {base.py:73} INFO - Using connection ID 'spark-conn' for task execution.
[2024-10-24T14:37:25.353+0000] {spark_submit.py:363} INFO - Spark-Submit cmd: spark-submit --master spark://spark-master:7077 --name arrow-spark jobs/gold/api_openbrewerydb.py
[2024-10-24T14:37:28.174+0000] {spark_submit.py:524} INFO - 24/10/24 14:37:28 INFO SparkContext: Running Spark version 3.5.3
[2024-10-24T14:37:28.176+0000] {spark_submit.py:524} INFO - 24/10/24 14:37:28 INFO SparkContext: OS info Linux, 5.15.0-124-generic, amd64
[2024-10-24T14:37:28.176+0000] {spark_submit.py:524} INFO - 24/10/24 14:37:28 INFO SparkContext: Java version 11.0.25
[2024-10-24T14:37:28.259+0000] {spark_submit.py:524} INFO - 24/10/24 14:37:28 WARN NativeCodeLoader: Unable to load native-hadoop library for your platform... using builtin-java classes where applicable
[2024-10-24T14:37:28.349+0000] {spark_submit.py:524} INFO - 24/10/24 14:37:28 INFO ResourceUtils: ==============================================================
[2024-10-24T14:37:28.350+0000] {spark_submit.py:524} INFO - 24/10/24 14:37:28 INFO ResourceUtils: No custom resources configured for spark.driver.
[2024-10-24T14:37:28.350+0000] {spark_submit.py:524} INFO - 24/10/24 14:37:28 INFO ResourceUtils: ==============================================================
[2024-10-24T14:37:28.351+0000] {spark_submit.py:524} INFO - 24/10/24 14:37:28 INFO SparkContext: Submitted application: IngestaoSilver
[2024-10-24T14:37:28.374+0000] {spark_submit.py:524} INFO - 24/10/24 14:37:28 INFO ResourceProfile: Default ResourceProfile created, executor resources: Map(memory -> name: memory, amount: 1024, script: , vendor: , offHeap -> name: offHeap, amount: 0, script: , vendor: ), task resources: Map(cpus -> name: cpus, amount: 1.0)
[2024-10-24T14:37:28.390+0000] {spark_submit.py:524} INFO - 24/10/24 14:37:28 INFO ResourceProfile: Limiting resource is cpu
[2024-10-24T14:37:28.391+0000] {spark_submit.py:524} INFO - 24/10/24 14:37:28 INFO ResourceProfileManager: Added ResourceProfile id: 0
[2024-10-24T14:37:28.445+0000] {spark_submit.py:524} INFO - 24/10/24 14:37:28 INFO SecurityManager: Changing view acls to: ***
[2024-10-24T14:37:28.445+0000] {spark_submit.py:524} INFO - 24/10/24 14:37:28 INFO SecurityManager: Changing modify acls to: ***
[2024-10-24T14:37:28.446+0000] {spark_submit.py:524} INFO - 24/10/24 14:37:28 INFO SecurityManager: Changing view acls groups to:
[2024-10-24T14:37:28.446+0000] {spark_submit.py:524} INFO - 24/10/24 14:37:28 INFO SecurityManager: Changing modify acls groups to:
[2024-10-24T14:37:28.447+0000] {spark_submit.py:524} INFO - 24/10/24 14:37:28 INFO SecurityManager: SecurityManager: authentication disabled; ui acls disabled; users with view permissions: ***; groups with view permissions: EMPTY; users with modify permissions: ***; groups with modify permissions: EMPTY
[2024-10-24T14:37:28.718+0000] {spark_submit.py:524} INFO - 24/10/24 14:37:28 INFO Utils: Successfully started service 'sparkDriver' on port 45601.
[2024-10-24T14:37:28.746+0000] {spark_submit.py:524} INFO - 24/10/24 14:37:28 INFO SparkEnv: Registering MapOutputTracker
[2024-10-24T14:37:28.780+0000] {spark_submit.py:524} INFO - 24/10/24 14:37:28 INFO SparkEnv: Registering BlockManagerMaster
[2024-10-24T14:37:28.806+0000] {spark_submit.py:524} INFO - 24/10/24 14:37:28 INFO BlockManagerMasterEndpoint: Using org.apache.spark.storage.DefaultTopologyMapper for getting topology information
[2024-10-24T14:37:28.807+0000] {spark_submit.py:524} INFO - 24/10/24 14:37:28 INFO BlockManagerMasterEndpoint: BlockManagerMasterEndpoint up
[2024-10-24T14:37:28.812+0000] {spark_submit.py:524} INFO - 24/10/24 14:37:28 INFO SparkEnv: Registering BlockManagerMasterHeartbeat
[2024-10-24T14:37:28.838+0000] {spark_submit.py:524} INFO - 24/10/24 14:37:28 INFO DiskBlockManager: Created local directory at /tmp/blockmgr-69fbdd69-d407-4aeb-aac8-7fd6dc74bf24
[2024-10-24T14:37:28.856+0000] {spark_submit.py:524} INFO - 24/10/24 14:37:28 INFO MemoryStore: MemoryStore started with capacity 434.4 MiB
[2024-10-24T14:37:28.877+0000] {spark_submit.py:524} INFO - 24/10/24 14:37:28 INFO SparkEnv: Registering OutputCommitCoordinator
[2024-10-24T14:37:29.049+0000] {spark_submit.py:524} INFO - 24/10/24 14:37:29 INFO JettyUtils: Start Jetty 0.0.0.0:4040 for SparkUI
[2024-10-24T14:37:29.110+0000] {spark_submit.py:524} INFO - 24/10/24 14:37:29 INFO Utils: Successfully started service 'SparkUI' on port 4040.
[2024-10-24T14:37:29.255+0000] {spark_submit.py:524} INFO - 24/10/24 14:37:29 INFO StandaloneAppClient$ClientEndpoint: Connecting to master spark://spark-master:7077...
[2024-10-24T14:37:29.310+0000] {spark_submit.py:524} INFO - 24/10/24 14:37:29 INFO TransportClientFactory: Successfully created connection to spark-master/172.18.0.2:7077 after 33 ms (0 ms spent in bootstraps)
[2024-10-24T14:37:29.407+0000] {spark_submit.py:524} INFO - 24/10/24 14:37:29 INFO StandaloneSchedulerBackend: Connected to Spark cluster with app ID app-20241024143729-0101
[2024-10-24T14:37:29.412+0000] {spark_submit.py:524} INFO - 24/10/24 14:37:29 INFO StandaloneAppClient$ClientEndpoint: Executor added: app-20241024143729-0101/0 on worker-20241024142308-172.18.0.5-43899 (172.18.0.5:43899) with 2 core(s)
[2024-10-24T14:37:29.416+0000] {spark_submit.py:524} INFO - 24/10/24 14:37:29 INFO StandaloneSchedulerBackend: Granted executor ID app-20241024143729-0101/0 on hostPort 172.18.0.5:43899 with 2 core(s), 1024.0 MiB RAM
[2024-10-24T14:37:29.425+0000] {spark_submit.py:524} INFO - 24/10/24 14:37:29 INFO Utils: Successfully started service 'org.apache.spark.network.netty.NettyBlockTransferService' on port 44219.
[2024-10-24T14:37:29.426+0000] {spark_submit.py:524} INFO - 24/10/24 14:37:29 INFO NettyBlockTransferService: Server created on 96f89615839b:44219
[2024-10-24T14:37:29.430+0000] {spark_submit.py:524} INFO - 24/10/24 14:37:29 INFO BlockManager: Using org.apache.spark.storage.RandomBlockReplicationPolicy for block replication policy
[2024-10-24T14:37:29.450+0000] {spark_submit.py:524} INFO - 24/10/24 14:37:29 INFO BlockManagerMaster: Registering BlockManager BlockManagerId(driver, 96f89615839b, 44219, None)
[2024-10-24T14:37:29.455+0000] {spark_submit.py:524} INFO - 24/10/24 14:37:29 INFO StandaloneAppClient$ClientEndpoint: Executor updated: app-20241024143729-0101/0 is now RUNNING
[2024-10-24T14:37:29.456+0000] {spark_submit.py:524} INFO - 24/10/24 14:37:29 INFO BlockManagerMasterEndpoint: Registering block manager 96f89615839b:44219 with 434.4 MiB RAM, BlockManagerId(driver, 96f89615839b, 44219, None)
[2024-10-24T14:37:29.460+0000] {spark_submit.py:524} INFO - 24/10/24 14:37:29 INFO BlockManagerMaster: Registered BlockManager BlockManagerId(driver, 96f89615839b, 44219, None)
[2024-10-24T14:37:29.462+0000] {spark_submit.py:524} INFO - 24/10/24 14:37:29 INFO BlockManager: Initialized BlockManager: BlockManagerId(driver, 96f89615839b, 44219, None)
[2024-10-24T14:37:29.837+0000] {spark_submit.py:524} INFO - 24/10/24 14:37:29 INFO StandaloneSchedulerBackend: SchedulerBackend is ready for scheduling beginning after reached minRegisteredResourcesRatio: 0.0
[2024-10-24T14:37:30.040+0000] {spark_submit.py:524} INFO - Hello from Spark!
[2024-10-24T14:37:30.041+0000] {spark_submit.py:524} INFO - 24/10/24 14:37:30 INFO SparkContext: SparkContext is stopping with exitCode 0.
[2024-10-24T14:37:30.051+0000] {spark_submit.py:524} INFO - 24/10/24 14:37:30 INFO SparkUI: Stopped Spark web UI at http://96f89615839b:4040
[2024-10-24T14:37:30.056+0000] {spark_submit.py:524} INFO - 24/10/24 14:37:30 INFO StandaloneSchedulerBackend: Shutting down all executors
[2024-10-24T14:37:30.059+0000] {spark_submit.py:524} INFO - 24/10/24 14:37:30 INFO StandaloneSchedulerBackend$StandaloneDriverEndpoint: Asking each executor to shut down
[2024-10-24T14:37:30.075+0000] {spark_submit.py:524} INFO - 24/10/24 14:37:30 INFO MapOutputTrackerMasterEndpoint: MapOutputTrackerMasterEndpoint stopped!
[2024-10-24T14:37:30.083+0000] {spark_submit.py:524} INFO - 24/10/24 14:37:30 INFO MemoryStore: MemoryStore cleared
[2024-10-24T14:37:30.083+0000] {spark_submit.py:524} INFO - 24/10/24 14:37:30 INFO BlockManager: BlockManager stopped
[2024-10-24T14:37:30.088+0000] {spark_submit.py:524} INFO - 24/10/24 14:37:30 INFO BlockManagerMaster: BlockManagerMaster stopped
[2024-10-24T14:37:30.090+0000] {spark_submit.py:524} INFO - 24/10/24 14:37:30 INFO OutputCommitCoordinator$OutputCommitCoordinatorEndpoint: OutputCommitCoordinator stopped!
[2024-10-24T14:37:30.100+0000] {spark_submit.py:524} INFO - 24/10/24 14:37:30 INFO SparkContext: Successfully stopped SparkContext
[2024-10-24T14:37:30.437+0000] {spark_submit.py:524} INFO - 24/10/24 14:37:30 INFO ShutdownHookManager: Shutdown hook called
[2024-10-24T14:37:30.438+0000] {spark_submit.py:524} INFO - 24/10/24 14:37:30 INFO ShutdownHookManager: Deleting directory /tmp/spark-bc13effa-4a0b-469c-b0be-95d32cfc7bfb/pyspark-307d99de-4e11-4452-8c02-6709642db62e
[2024-10-24T14:37:30.441+0000] {spark_submit.py:524} INFO - 24/10/24 14:37:30 INFO ShutdownHookManager: Deleting directory /tmp/spark-4fe98326-581d-4601-bf7d-6beff87186b6
[2024-10-24T14:37:30.445+0000] {spark_submit.py:524} INFO - 24/10/24 14:37:30 INFO ShutdownHookManager: Deleting directory /tmp/spark-bc13effa-4a0b-469c-b0be-95d32cfc7bfb
[2024-10-24T14:37:30.494+0000] {taskinstance.py:1398} INFO - Marking task as SUCCESS. dag_id=api_openbrewerydb_to_silver_gold, task_id=Gold, execution_date=20231210T080000, start_date=20241024T143725, end_date=20241024T143730
[2024-10-24T14:37:30.523+0000] {local_task_job_runner.py:228} INFO - Task exited with return code 0
[2024-10-24T14:37:30.563+0000] {taskinstance.py:2776} INFO - 0 downstream tasks scheduled from follow-on schedule check
