[2024-10-24T15:28:34.709+0000] {taskinstance.py:1157} INFO - Dependencies all met for dep_context=non-requeueable deps ti=<TaskInstance: api_openbrewerydb_to_silver_gold.Silver manual__2024-10-24T15:28:33.676630+00:00 [queued]>
[2024-10-24T15:28:34.718+0000] {taskinstance.py:1157} INFO - Dependencies all met for dep_context=requeueable deps ti=<TaskInstance: api_openbrewerydb_to_silver_gold.Silver manual__2024-10-24T15:28:33.676630+00:00 [queued]>
[2024-10-24T15:28:34.718+0000] {taskinstance.py:1359} INFO - Starting attempt 1 of 2
[2024-10-24T15:28:34.729+0000] {taskinstance.py:1380} INFO - Executing <Task(SparkSubmitOperator): Silver> on 2024-10-24 15:28:33.676630+00:00
[2024-10-24T15:28:34.734+0000] {standard_task_runner.py:57} INFO - Started process 916 to run task
[2024-10-24T15:28:34.736+0000] {standard_task_runner.py:84} INFO - Running: ['***', 'tasks', 'run', 'api_openbrewerydb_to_silver_gold', 'Silver', 'manual__2024-10-24T15:28:33.676630+00:00', '--job-id', '138', '--raw', '--subdir', 'DAGS_FOLDER/api_openbrewerydb_to_silver.py', '--cfg-path', '/tmp/tmpqe3z20qf']
[2024-10-24T15:28:34.741+0000] {standard_task_runner.py:85} INFO - Job 138: Subtask Silver
[2024-10-24T15:28:34.791+0000] {task_command.py:415} INFO - Running <TaskInstance: api_openbrewerydb_to_silver_gold.Silver manual__2024-10-24T15:28:33.676630+00:00 [running]> on host e995fa603d7f
[2024-10-24T15:28:34.880+0000] {taskinstance.py:1660} INFO - Exporting env vars: AIRFLOW_CTX_DAG_OWNER='Rodrigo Araujo' AIRFLOW_CTX_DAG_ID='api_openbrewerydb_to_silver_gold' AIRFLOW_CTX_TASK_ID='Silver' AIRFLOW_CTX_EXECUTION_DATE='2024-10-24T15:28:33.676630+00:00' AIRFLOW_CTX_TRY_NUMBER='1' AIRFLOW_CTX_DAG_RUN_ID='manual__2024-10-24T15:28:33.676630+00:00'
[2024-10-24T15:28:34.891+0000] {base.py:73} INFO - Using connection ID 'spark-conn' for task execution.
[2024-10-24T15:28:34.892+0000] {spark_submit.py:363} INFO - Spark-Submit cmd: spark-submit --master spark://spark-master:7077 --name arrow-spark jobs/silver/api_openbrewerydb.py
[2024-10-24T15:28:37.527+0000] {spark_submit.py:524} INFO - 24/10/24 15:28:37 INFO SparkContext: Running Spark version 3.5.0
[2024-10-24T15:28:37.529+0000] {spark_submit.py:524} INFO - 24/10/24 15:28:37 INFO SparkContext: OS info Linux, 5.15.0-124-generic, amd64
[2024-10-24T15:28:37.529+0000] {spark_submit.py:524} INFO - 24/10/24 15:28:37 INFO SparkContext: Java version 17.0.13
[2024-10-24T15:28:37.575+0000] {spark_submit.py:524} INFO - 24/10/24 15:28:37 WARN NativeCodeLoader: Unable to load native-hadoop library for your platform... using builtin-java classes where applicable
[2024-10-24T15:28:37.643+0000] {spark_submit.py:524} INFO - 24/10/24 15:28:37 INFO ResourceUtils: ==============================================================
[2024-10-24T15:28:37.644+0000] {spark_submit.py:524} INFO - 24/10/24 15:28:37 INFO ResourceUtils: No custom resources configured for spark.driver.
[2024-10-24T15:28:37.644+0000] {spark_submit.py:524} INFO - 24/10/24 15:28:37 INFO ResourceUtils: ==============================================================
[2024-10-24T15:28:37.644+0000] {spark_submit.py:524} INFO - 24/10/24 15:28:37 INFO SparkContext: Submitted application: IngestaoSilver
[2024-10-24T15:28:37.661+0000] {spark_submit.py:524} INFO - 24/10/24 15:28:37 INFO ResourceProfile: Default ResourceProfile created, executor resources: Map(memory -> name: memory, amount: 1024, script: , vendor: , offHeap -> name: offHeap, amount: 0, script: , vendor: ), task resources: Map(cpus -> name: cpus, amount: 1.0)
[2024-10-24T15:28:37.668+0000] {spark_submit.py:524} INFO - 24/10/24 15:28:37 INFO ResourceProfile: Limiting resource is cpu
[2024-10-24T15:28:37.669+0000] {spark_submit.py:524} INFO - 24/10/24 15:28:37 INFO ResourceProfileManager: Added ResourceProfile id: 0
[2024-10-24T15:28:37.708+0000] {spark_submit.py:524} INFO - 24/10/24 15:28:37 INFO SecurityManager: Changing view acls to: ***
[2024-10-24T15:28:37.708+0000] {spark_submit.py:524} INFO - 24/10/24 15:28:37 INFO SecurityManager: Changing modify acls to: ***
[2024-10-24T15:28:37.709+0000] {spark_submit.py:524} INFO - 24/10/24 15:28:37 INFO SecurityManager: Changing view acls groups to:
[2024-10-24T15:28:37.709+0000] {spark_submit.py:524} INFO - 24/10/24 15:28:37 INFO SecurityManager: Changing modify acls groups to:
[2024-10-24T15:28:37.710+0000] {spark_submit.py:524} INFO - 24/10/24 15:28:37 INFO SecurityManager: SecurityManager: authentication disabled; ui acls disabled; users with view permissions: ***; groups with view permissions: EMPTY; users with modify permissions: ***; groups with modify permissions: EMPTY
[2024-10-24T15:28:37.879+0000] {spark_submit.py:524} INFO - 24/10/24 15:28:37 INFO Utils: Successfully started service 'sparkDriver' on port 41123.
[2024-10-24T15:28:37.898+0000] {spark_submit.py:524} INFO - 24/10/24 15:28:37 INFO SparkEnv: Registering MapOutputTracker
[2024-10-24T15:28:37.923+0000] {spark_submit.py:524} INFO - 24/10/24 15:28:37 INFO SparkEnv: Registering BlockManagerMaster
[2024-10-24T15:28:37.938+0000] {spark_submit.py:524} INFO - 24/10/24 15:28:37 INFO BlockManagerMasterEndpoint: Using org.apache.spark.storage.DefaultTopologyMapper for getting topology information
[2024-10-24T15:28:37.938+0000] {spark_submit.py:524} INFO - 24/10/24 15:28:37 INFO BlockManagerMasterEndpoint: BlockManagerMasterEndpoint up
[2024-10-24T15:28:37.941+0000] {spark_submit.py:524} INFO - 24/10/24 15:28:37 INFO SparkEnv: Registering BlockManagerMasterHeartbeat
[2024-10-24T15:28:37.956+0000] {spark_submit.py:524} INFO - 24/10/24 15:28:37 INFO DiskBlockManager: Created local directory at /tmp/blockmgr-b51ea4ce-80ca-498e-a3f6-68399bf6e54f
[2024-10-24T15:28:37.967+0000] {spark_submit.py:524} INFO - 24/10/24 15:28:37 INFO MemoryStore: MemoryStore started with capacity 434.4 MiB
[2024-10-24T15:28:37.979+0000] {spark_submit.py:524} INFO - 24/10/24 15:28:37 INFO SparkEnv: Registering OutputCommitCoordinator
[2024-10-24T15:28:38.078+0000] {spark_submit.py:524} INFO - 24/10/24 15:28:38 INFO JettyUtils: Start Jetty 0.0.0.0:4040 for SparkUI
[2024-10-24T15:28:38.123+0000] {spark_submit.py:524} INFO - 24/10/24 15:28:38 INFO Utils: Successfully started service 'SparkUI' on port 4040.
[2024-10-24T15:28:38.213+0000] {spark_submit.py:524} INFO - 24/10/24 15:28:38 INFO StandaloneAppClient$ClientEndpoint: Connecting to master spark://spark-master:7077...
[2024-10-24T15:28:38.258+0000] {spark_submit.py:524} INFO - 24/10/24 15:28:38 INFO TransportClientFactory: Successfully created connection to spark-master/172.18.0.3:7077 after 20 ms (0 ms spent in bootstraps)
[2024-10-24T15:28:38.335+0000] {spark_submit.py:524} INFO - 24/10/24 15:28:38 INFO StandaloneSchedulerBackend: Connected to Spark cluster with app ID app-20241024152838-0004
[2024-10-24T15:28:38.344+0000] {spark_submit.py:524} INFO - 24/10/24 15:28:38 INFO StandaloneAppClient$ClientEndpoint: Executor added: app-20241024152838-0004/0 on worker-20241024152407-172.18.0.5-37749 (172.18.0.5:37749) with 2 core(s)
[2024-10-24T15:28:38.347+0000] {spark_submit.py:524} INFO - 24/10/24 15:28:38 INFO StandaloneSchedulerBackend: Granted executor ID app-20241024152838-0004/0 on hostPort 172.18.0.5:37749 with 2 core(s), 1024.0 MiB RAM
[2024-10-24T15:28:38.348+0000] {spark_submit.py:524} INFO - 24/10/24 15:28:38 INFO Utils: Successfully started service 'org.apache.spark.network.netty.NettyBlockTransferService' on port 39953.
[2024-10-24T15:28:38.348+0000] {spark_submit.py:524} INFO - 24/10/24 15:28:38 INFO NettyBlockTransferService: Server created on e995fa603d7f:39953
[2024-10-24T15:28:38.350+0000] {spark_submit.py:524} INFO - 24/10/24 15:28:38 INFO BlockManager: Using org.apache.spark.storage.RandomBlockReplicationPolicy for block replication policy
[2024-10-24T15:28:38.360+0000] {spark_submit.py:524} INFO - 24/10/24 15:28:38 INFO BlockManagerMaster: Registering BlockManager BlockManagerId(driver, e995fa603d7f, 39953, None)
[2024-10-24T15:28:38.373+0000] {spark_submit.py:524} INFO - 24/10/24 15:28:38 INFO BlockManagerMasterEndpoint: Registering block manager e995fa603d7f:39953 with 434.4 MiB RAM, BlockManagerId(driver, e995fa603d7f, 39953, None)
[2024-10-24T15:28:38.377+0000] {spark_submit.py:524} INFO - 24/10/24 15:28:38 INFO BlockManagerMaster: Registered BlockManager BlockManagerId(driver, e995fa603d7f, 39953, None)
[2024-10-24T15:28:38.378+0000] {spark_submit.py:524} INFO - 24/10/24 15:28:38 INFO BlockManager: Initialized BlockManager: BlockManagerId(driver, e995fa603d7f, 39953, None)
[2024-10-24T15:28:38.393+0000] {spark_submit.py:524} INFO - 24/10/24 15:28:38 INFO StandaloneAppClient$ClientEndpoint: Executor updated: app-20241024152838-0004/0 is now RUNNING
[2024-10-24T15:28:38.602+0000] {spark_submit.py:524} INFO - 24/10/24 15:28:38 INFO StandaloneSchedulerBackend: SchedulerBackend is ready for scheduling beginning after reached minRegisteredResourcesRatio: 0.0
[2024-10-24T15:28:38.816+0000] {spark_submit.py:524} INFO - 24/10/24 15:28:38 INFO SharedState: Setting hive.metastore.warehouse.dir ('null') to the value of spark.sql.warehouse.dir.
[2024-10-24T15:28:38.823+0000] {spark_submit.py:524} INFO - 24/10/24 15:28:38 INFO SharedState: Warehouse path is 'file:/opt/***/spark-warehouse'.
[2024-10-24T15:28:39.690+0000] {spark_submit.py:524} INFO - 24/10/24 15:28:39 INFO InMemoryFileIndex: It took 39 ms to list leaf files for 1 paths.
[2024-10-24T15:28:39.761+0000] {spark_submit.py:524} INFO - 24/10/24 15:28:39 INFO InMemoryFileIndex: It took 3 ms to list leaf files for 1 paths.
[2024-10-24T15:28:41.250+0000] {spark_submit.py:524} INFO - 24/10/24 15:28:41 INFO StandaloneSchedulerBackend$StandaloneDriverEndpoint: Registered executor NettyRpcEndpointRef(spark-client://Executor) (172.18.0.5:55738) with ID 0,  ResourceProfileId 0
[2024-10-24T15:28:41.356+0000] {spark_submit.py:524} INFO - 24/10/24 15:28:41 INFO BlockManagerMasterEndpoint: Registering block manager 172.18.0.5:39603 with 434.4 MiB RAM, BlockManagerId(0, 172.18.0.5, 39603, None)
[2024-10-24T15:28:42.009+0000] {spark_submit.py:524} INFO - 24/10/24 15:28:42 INFO FileSourceStrategy: Pushed Filters:
[2024-10-24T15:28:42.020+0000] {spark_submit.py:524} INFO - 24/10/24 15:28:42 INFO FileSourceStrategy: Post-Scan Filters:
[2024-10-24T15:28:42.230+0000] {spark_submit.py:524} INFO - 24/10/24 15:28:42 INFO MemoryStore: Block broadcast_0 stored as values in memory (estimated size 199.2 KiB, free 434.2 MiB)
[2024-10-24T15:28:42.277+0000] {spark_submit.py:524} INFO - 24/10/24 15:28:42 INFO MemoryStore: Block broadcast_0_piece0 stored as bytes in memory (estimated size 34.2 KiB, free 434.2 MiB)
[2024-10-24T15:28:42.280+0000] {spark_submit.py:524} INFO - 24/10/24 15:28:42 INFO BlockManagerInfo: Added broadcast_0_piece0 in memory on e995fa603d7f:39953 (size: 34.2 KiB, free: 434.4 MiB)
[2024-10-24T15:28:42.290+0000] {spark_submit.py:524} INFO - 24/10/24 15:28:42 INFO SparkContext: Created broadcast 0 from json at NativeMethodAccessorImpl.java:0
[2024-10-24T15:28:42.299+0000] {spark_submit.py:524} INFO - 24/10/24 15:28:42 INFO FileSourceScanExec: Planning scan with bin packing, max size: 4194304 bytes, open cost is considered as scanning 4194304 bytes.
[2024-10-24T15:28:42.422+0000] {spark_submit.py:524} INFO - 24/10/24 15:28:42 INFO SparkContext: Starting job: json at NativeMethodAccessorImpl.java:0
[2024-10-24T15:28:42.436+0000] {spark_submit.py:524} INFO - 24/10/24 15:28:42 INFO DAGScheduler: Got job 0 (json at NativeMethodAccessorImpl.java:0) with 1 output partitions
[2024-10-24T15:28:42.436+0000] {spark_submit.py:524} INFO - 24/10/24 15:28:42 INFO DAGScheduler: Final stage: ResultStage 0 (json at NativeMethodAccessorImpl.java:0)
[2024-10-24T15:28:42.436+0000] {spark_submit.py:524} INFO - 24/10/24 15:28:42 INFO DAGScheduler: Parents of final stage: List()
[2024-10-24T15:28:42.437+0000] {spark_submit.py:524} INFO - 24/10/24 15:28:42 INFO DAGScheduler: Missing parents: List()
[2024-10-24T15:28:42.440+0000] {spark_submit.py:524} INFO - 24/10/24 15:28:42 INFO DAGScheduler: Submitting ResultStage 0 (MapPartitionsRDD[3] at json at NativeMethodAccessorImpl.java:0), which has no missing parents
[2024-10-24T15:28:42.499+0000] {spark_submit.py:524} INFO - 24/10/24 15:28:42 INFO MemoryStore: Block broadcast_1 stored as values in memory (estimated size 16.0 KiB, free 434.2 MiB)
[2024-10-24T15:28:42.505+0000] {spark_submit.py:524} INFO - 24/10/24 15:28:42 INFO MemoryStore: Block broadcast_1_piece0 stored as bytes in memory (estimated size 7.5 KiB, free 434.1 MiB)
[2024-10-24T15:28:42.506+0000] {spark_submit.py:524} INFO - 24/10/24 15:28:42 INFO BlockManagerInfo: Added broadcast_1_piece0 in memory on e995fa603d7f:39953 (size: 7.5 KiB, free: 434.4 MiB)
[2024-10-24T15:28:42.507+0000] {spark_submit.py:524} INFO - 24/10/24 15:28:42 INFO SparkContext: Created broadcast 1 from broadcast at DAGScheduler.scala:1580
[2024-10-24T15:28:42.521+0000] {spark_submit.py:524} INFO - 24/10/24 15:28:42 INFO DAGScheduler: Submitting 1 missing tasks from ResultStage 0 (MapPartitionsRDD[3] at json at NativeMethodAccessorImpl.java:0) (first 15 tasks are for partitions Vector(0))
[2024-10-24T15:28:42.522+0000] {spark_submit.py:524} INFO - 24/10/24 15:28:42 INFO TaskSchedulerImpl: Adding task set 0.0 with 1 tasks resource profile 0
[2024-10-24T15:28:42.553+0000] {spark_submit.py:524} INFO - 24/10/24 15:28:42 INFO TaskSetManager: Starting task 0.0 in stage 0.0 (TID 0) (172.18.0.5, executor 0, partition 0, PROCESS_LOCAL, 8238 bytes)
[2024-10-24T15:28:42.803+0000] {spark_submit.py:524} INFO - 24/10/24 15:28:42 INFO BlockManagerInfo: Added broadcast_1_piece0 in memory on 172.18.0.5:39603 (size: 7.5 KiB, free: 434.4 MiB)
[2024-10-24T15:28:44.108+0000] {spark_submit.py:524} INFO - 24/10/24 15:28:44 INFO BlockManagerInfo: Added broadcast_0_piece0 in memory on 172.18.0.5:39603 (size: 34.2 KiB, free: 434.4 MiB)
[2024-10-24T15:28:44.341+0000] {spark_submit.py:524} INFO - 24/10/24 15:28:44 INFO TaskSetManager: Finished task 0.0 in stage 0.0 (TID 0) in 1798 ms on 172.18.0.5 (executor 0) (1/1)
[2024-10-24T15:28:44.343+0000] {spark_submit.py:524} INFO - 24/10/24 15:28:44 INFO TaskSchedulerImpl: Removed TaskSet 0.0, whose tasks have all completed, from pool
[2024-10-24T15:28:44.349+0000] {spark_submit.py:524} INFO - 24/10/24 15:28:44 INFO DAGScheduler: ResultStage 0 (json at NativeMethodAccessorImpl.java:0) finished in 1.898 s
[2024-10-24T15:28:44.352+0000] {spark_submit.py:524} INFO - 24/10/24 15:28:44 INFO DAGScheduler: Job 0 is finished. Cancelling potential speculative or zombie tasks for this job
[2024-10-24T15:28:44.352+0000] {spark_submit.py:524} INFO - 24/10/24 15:28:44 INFO TaskSchedulerImpl: Killing all running tasks in stage 0: Stage finished
[2024-10-24T15:28:44.355+0000] {spark_submit.py:524} INFO - 24/10/24 15:28:44 INFO DAGScheduler: Job 0 finished: json at NativeMethodAccessorImpl.java:0, took 1.932140 s
[2024-10-24T15:28:44.381+0000] {spark_submit.py:524} INFO - Leitura realizada com sucesso!
[2024-10-24T15:28:44.533+0000] {spark_submit.py:524} INFO - 24/10/24 15:28:44 INFO FileSourceStrategy: Pushed Filters:
[2024-10-24T15:28:44.533+0000] {spark_submit.py:524} INFO - 24/10/24 15:28:44 INFO FileSourceStrategy: Post-Scan Filters:
[2024-10-24T15:28:44.864+0000] {spark_submit.py:524} INFO - 24/10/24 15:28:44 INFO BlockManagerInfo: Removed broadcast_1_piece0 on e995fa603d7f:39953 in memory (size: 7.5 KiB, free: 434.4 MiB)
[2024-10-24T15:28:44.874+0000] {spark_submit.py:524} INFO - 24/10/24 15:28:44 INFO BlockManagerInfo: Removed broadcast_1_piece0 on 172.18.0.5:39603 in memory (size: 7.5 KiB, free: 434.4 MiB)
[2024-10-24T15:28:44.888+0000] {spark_submit.py:524} INFO - 24/10/24 15:28:44 INFO BlockManagerInfo: Removed broadcast_0_piece0 on e995fa603d7f:39953 in memory (size: 34.2 KiB, free: 434.4 MiB)
[2024-10-24T15:28:44.894+0000] {spark_submit.py:524} INFO - 24/10/24 15:28:44 INFO BlockManagerInfo: Removed broadcast_0_piece0 on 172.18.0.5:39603 in memory (size: 34.2 KiB, free: 434.4 MiB)
[2024-10-24T15:28:44.970+0000] {spark_submit.py:524} INFO - 24/10/24 15:28:44 INFO CodeGenerator: Code generated in 268.172734 ms
[2024-10-24T15:28:44.977+0000] {spark_submit.py:524} INFO - 24/10/24 15:28:44 INFO MemoryStore: Block broadcast_2 stored as values in memory (estimated size 199.1 KiB, free 434.2 MiB)
[2024-10-24T15:28:44.993+0000] {spark_submit.py:524} INFO - 24/10/24 15:28:44 INFO MemoryStore: Block broadcast_2_piece0 stored as bytes in memory (estimated size 34.1 KiB, free 434.2 MiB)
[2024-10-24T15:28:44.994+0000] {spark_submit.py:524} INFO - 24/10/24 15:28:44 INFO BlockManagerInfo: Added broadcast_2_piece0 in memory on e995fa603d7f:39953 (size: 34.1 KiB, free: 434.4 MiB)
[2024-10-24T15:28:44.996+0000] {spark_submit.py:524} INFO - 24/10/24 15:28:44 INFO SparkContext: Created broadcast 2 from count at NativeMethodAccessorImpl.java:0
[2024-10-24T15:28:45.002+0000] {spark_submit.py:524} INFO - 24/10/24 15:28:45 INFO FileSourceScanExec: Planning scan with bin packing, max size: 4194304 bytes, open cost is considered as scanning 4194304 bytes.
[2024-10-24T15:28:45.042+0000] {spark_submit.py:524} INFO - 24/10/24 15:28:45 INFO DAGScheduler: Registering RDD 7 (count at NativeMethodAccessorImpl.java:0) as input to shuffle 0
[2024-10-24T15:28:45.049+0000] {spark_submit.py:524} INFO - 24/10/24 15:28:45 INFO DAGScheduler: Got map stage job 1 (count at NativeMethodAccessorImpl.java:0) with 1 output partitions
[2024-10-24T15:28:45.049+0000] {spark_submit.py:524} INFO - 24/10/24 15:28:45 INFO DAGScheduler: Final stage: ShuffleMapStage 1 (count at NativeMethodAccessorImpl.java:0)
[2024-10-24T15:28:45.050+0000] {spark_submit.py:524} INFO - 24/10/24 15:28:45 INFO DAGScheduler: Parents of final stage: List()
[2024-10-24T15:28:45.051+0000] {spark_submit.py:524} INFO - 24/10/24 15:28:45 INFO DAGScheduler: Missing parents: List()
[2024-10-24T15:28:45.052+0000] {spark_submit.py:524} INFO - 24/10/24 15:28:45 INFO DAGScheduler: Submitting ShuffleMapStage 1 (MapPartitionsRDD[7] at count at NativeMethodAccessorImpl.java:0), which has no missing parents
[2024-10-24T15:28:45.067+0000] {spark_submit.py:524} INFO - 24/10/24 15:28:45 INFO MemoryStore: Block broadcast_3 stored as values in memory (estimated size 17.0 KiB, free 434.2 MiB)
[2024-10-24T15:28:45.068+0000] {spark_submit.py:524} INFO - 24/10/24 15:28:45 INFO MemoryStore: Block broadcast_3_piece0 stored as bytes in memory (estimated size 8.3 KiB, free 434.1 MiB)
[2024-10-24T15:28:45.069+0000] {spark_submit.py:524} INFO - 24/10/24 15:28:45 INFO BlockManagerInfo: Added broadcast_3_piece0 in memory on e995fa603d7f:39953 (size: 8.3 KiB, free: 434.4 MiB)
[2024-10-24T15:28:45.070+0000] {spark_submit.py:524} INFO - 24/10/24 15:28:45 INFO SparkContext: Created broadcast 3 from broadcast at DAGScheduler.scala:1580
[2024-10-24T15:28:45.072+0000] {spark_submit.py:524} INFO - 24/10/24 15:28:45 INFO DAGScheduler: Submitting 1 missing tasks from ShuffleMapStage 1 (MapPartitionsRDD[7] at count at NativeMethodAccessorImpl.java:0) (first 15 tasks are for partitions Vector(0))
[2024-10-24T15:28:45.072+0000] {spark_submit.py:524} INFO - 24/10/24 15:28:45 INFO TaskSchedulerImpl: Adding task set 1.0 with 1 tasks resource profile 0
[2024-10-24T15:28:45.074+0000] {spark_submit.py:524} INFO - 24/10/24 15:28:45 INFO TaskSetManager: Starting task 0.0 in stage 1.0 (TID 1) (172.18.0.5, executor 0, partition 0, PROCESS_LOCAL, 8227 bytes)
[2024-10-24T15:28:45.105+0000] {spark_submit.py:524} INFO - 24/10/24 15:28:45 INFO BlockManagerInfo: Added broadcast_3_piece0 in memory on 172.18.0.5:39603 (size: 8.3 KiB, free: 434.4 MiB)
[2024-10-24T15:28:45.214+0000] {spark_submit.py:524} INFO - 24/10/24 15:28:45 INFO BlockManagerInfo: Added broadcast_2_piece0 in memory on 172.18.0.5:39603 (size: 34.1 KiB, free: 434.4 MiB)
[2024-10-24T15:28:45.290+0000] {spark_submit.py:524} INFO - 24/10/24 15:28:45 INFO TaskSetManager: Finished task 0.0 in stage 1.0 (TID 1) in 217 ms on 172.18.0.5 (executor 0) (1/1)
[2024-10-24T15:28:45.291+0000] {spark_submit.py:524} INFO - 24/10/24 15:28:45 INFO TaskSchedulerImpl: Removed TaskSet 1.0, whose tasks have all completed, from pool
[2024-10-24T15:28:45.293+0000] {spark_submit.py:524} INFO - 24/10/24 15:28:45 INFO DAGScheduler: ShuffleMapStage 1 (count at NativeMethodAccessorImpl.java:0) finished in 0.239 s
[2024-10-24T15:28:45.294+0000] {spark_submit.py:524} INFO - 24/10/24 15:28:45 INFO DAGScheduler: looking for newly runnable stages
[2024-10-24T15:28:45.294+0000] {spark_submit.py:524} INFO - 24/10/24 15:28:45 INFO DAGScheduler: running: Set()
[2024-10-24T15:28:45.294+0000] {spark_submit.py:524} INFO - 24/10/24 15:28:45 INFO DAGScheduler: waiting: Set()
[2024-10-24T15:28:45.294+0000] {spark_submit.py:524} INFO - 24/10/24 15:28:45 INFO DAGScheduler: failed: Set()
[2024-10-24T15:28:45.345+0000] {spark_submit.py:524} INFO - 24/10/24 15:28:45 INFO CodeGenerator: Code generated in 16.416947 ms
[2024-10-24T15:28:45.379+0000] {spark_submit.py:524} INFO - 24/10/24 15:28:45 INFO SparkContext: Starting job: count at NativeMethodAccessorImpl.java:0
[2024-10-24T15:28:45.382+0000] {spark_submit.py:524} INFO - 24/10/24 15:28:45 INFO DAGScheduler: Got job 2 (count at NativeMethodAccessorImpl.java:0) with 1 output partitions
[2024-10-24T15:28:45.382+0000] {spark_submit.py:524} INFO - 24/10/24 15:28:45 INFO DAGScheduler: Final stage: ResultStage 3 (count at NativeMethodAccessorImpl.java:0)
[2024-10-24T15:28:45.382+0000] {spark_submit.py:524} INFO - 24/10/24 15:28:45 INFO DAGScheduler: Parents of final stage: List(ShuffleMapStage 2)
[2024-10-24T15:28:45.382+0000] {spark_submit.py:524} INFO - 24/10/24 15:28:45 INFO DAGScheduler: Missing parents: List()
[2024-10-24T15:28:45.383+0000] {spark_submit.py:524} INFO - 24/10/24 15:28:45 INFO DAGScheduler: Submitting ResultStage 3 (MapPartitionsRDD[10] at count at NativeMethodAccessorImpl.java:0), which has no missing parents
[2024-10-24T15:28:45.390+0000] {spark_submit.py:524} INFO - 24/10/24 15:28:45 INFO MemoryStore: Block broadcast_4 stored as values in memory (estimated size 12.5 KiB, free 434.1 MiB)
[2024-10-24T15:28:45.391+0000] {spark_submit.py:524} INFO - 24/10/24 15:28:45 INFO MemoryStore: Block broadcast_4_piece0 stored as bytes in memory (estimated size 5.9 KiB, free 434.1 MiB)
[2024-10-24T15:28:45.392+0000] {spark_submit.py:524} INFO - 24/10/24 15:28:45 INFO BlockManagerInfo: Added broadcast_4_piece0 in memory on e995fa603d7f:39953 (size: 5.9 KiB, free: 434.4 MiB)
[2024-10-24T15:28:45.393+0000] {spark_submit.py:524} INFO - 24/10/24 15:28:45 INFO SparkContext: Created broadcast 4 from broadcast at DAGScheduler.scala:1580
[2024-10-24T15:28:45.393+0000] {spark_submit.py:524} INFO - 24/10/24 15:28:45 INFO DAGScheduler: Submitting 1 missing tasks from ResultStage 3 (MapPartitionsRDD[10] at count at NativeMethodAccessorImpl.java:0) (first 15 tasks are for partitions Vector(0))
[2024-10-24T15:28:45.393+0000] {spark_submit.py:524} INFO - 24/10/24 15:28:45 INFO TaskSchedulerImpl: Adding task set 3.0 with 1 tasks resource profile 0
[2024-10-24T15:28:45.398+0000] {spark_submit.py:524} INFO - 24/10/24 15:28:45 INFO TaskSetManager: Starting task 0.0 in stage 3.0 (TID 2) (172.18.0.5, executor 0, partition 0, NODE_LOCAL, 7619 bytes)
[2024-10-24T15:28:45.417+0000] {spark_submit.py:524} INFO - 24/10/24 15:28:45 INFO BlockManagerInfo: Added broadcast_4_piece0 in memory on 172.18.0.5:39603 (size: 5.9 KiB, free: 434.4 MiB)
[2024-10-24T15:28:45.442+0000] {spark_submit.py:524} INFO - 24/10/24 15:28:45 INFO MapOutputTrackerMasterEndpoint: Asked to send map output locations for shuffle 0 to 172.18.0.5:55738
[2024-10-24T15:28:45.556+0000] {spark_submit.py:524} INFO - 24/10/24 15:28:45 INFO TaskSetManager: Finished task 0.0 in stage 3.0 (TID 2) in 159 ms on 172.18.0.5 (executor 0) (1/1)
[2024-10-24T15:28:45.556+0000] {spark_submit.py:524} INFO - 24/10/24 15:28:45 INFO TaskSchedulerImpl: Removed TaskSet 3.0, whose tasks have all completed, from pool
[2024-10-24T15:28:45.557+0000] {spark_submit.py:524} INFO - 24/10/24 15:28:45 INFO DAGScheduler: ResultStage 3 (count at NativeMethodAccessorImpl.java:0) finished in 0.169 s
[2024-10-24T15:28:45.558+0000] {spark_submit.py:524} INFO - 24/10/24 15:28:45 INFO DAGScheduler: Job 2 is finished. Cancelling potential speculative or zombie tasks for this job
[2024-10-24T15:28:45.558+0000] {spark_submit.py:524} INFO - 24/10/24 15:28:45 INFO TaskSchedulerImpl: Killing all running tasks in stage 3: Stage finished
[2024-10-24T15:28:45.559+0000] {spark_submit.py:524} INFO - 24/10/24 15:28:45 INFO DAGScheduler: Job 2 finished: count at NativeMethodAccessorImpl.java:0, took 0.178964 s
[2024-10-24T15:28:45.567+0000] {spark_submit.py:524} INFO - Quantidade:  50
[2024-10-24T15:28:45.568+0000] {spark_submit.py:524} INFO - 24/10/24 15:28:45 INFO SparkContext: SparkContext is stopping with exitCode 0.
[2024-10-24T15:28:45.577+0000] {spark_submit.py:524} INFO - 24/10/24 15:28:45 INFO SparkUI: Stopped Spark web UI at http://e995fa603d7f:4040
[2024-10-24T15:28:45.583+0000] {spark_submit.py:524} INFO - 24/10/24 15:28:45 INFO StandaloneSchedulerBackend: Shutting down all executors
[2024-10-24T15:28:45.583+0000] {spark_submit.py:524} INFO - 24/10/24 15:28:45 INFO StandaloneSchedulerBackend$StandaloneDriverEndpoint: Asking each executor to shut down
[2024-10-24T15:28:45.604+0000] {spark_submit.py:524} INFO - 24/10/24 15:28:45 INFO MapOutputTrackerMasterEndpoint: MapOutputTrackerMasterEndpoint stopped!
[2024-10-24T15:28:45.622+0000] {spark_submit.py:524} INFO - 24/10/24 15:28:45 INFO MemoryStore: MemoryStore cleared
[2024-10-24T15:28:45.622+0000] {spark_submit.py:524} INFO - 24/10/24 15:28:45 INFO BlockManager: BlockManager stopped
[2024-10-24T15:28:45.626+0000] {spark_submit.py:524} INFO - 24/10/24 15:28:45 INFO BlockManagerMaster: BlockManagerMaster stopped
[2024-10-24T15:28:45.632+0000] {spark_submit.py:524} INFO - 24/10/24 15:28:45 INFO OutputCommitCoordinator$OutputCommitCoordinatorEndpoint: OutputCommitCoordinator stopped!
[2024-10-24T15:28:45.651+0000] {spark_submit.py:524} INFO - 24/10/24 15:28:45 INFO SparkContext: Successfully stopped SparkContext
[2024-10-24T15:28:46.211+0000] {spark_submit.py:524} INFO - 24/10/24 15:28:46 INFO ShutdownHookManager: Shutdown hook called
[2024-10-24T15:28:46.212+0000] {spark_submit.py:524} INFO - 24/10/24 15:28:46 INFO ShutdownHookManager: Deleting directory /tmp/spark-0f72ae0d-d214-472f-9ad7-000df2266234
[2024-10-24T15:28:46.216+0000] {spark_submit.py:524} INFO - 24/10/24 15:28:46 INFO ShutdownHookManager: Deleting directory /tmp/spark-20ba7c17-9fb5-49be-8a9d-66407266611c/pyspark-2bd991d2-f4e4-423f-b707-1de1c507b8d3
[2024-10-24T15:28:46.220+0000] {spark_submit.py:524} INFO - 24/10/24 15:28:46 INFO ShutdownHookManager: Deleting directory /tmp/spark-20ba7c17-9fb5-49be-8a9d-66407266611c
[2024-10-24T15:28:46.281+0000] {taskinstance.py:1398} INFO - Marking task as SUCCESS. dag_id=api_openbrewerydb_to_silver_gold, task_id=Silver, execution_date=20241024T152833, start_date=20241024T152834, end_date=20241024T152846
[2024-10-24T15:28:46.322+0000] {local_task_job_runner.py:228} INFO - Task exited with return code 0
[2024-10-24T15:28:46.359+0000] {taskinstance.py:2776} INFO - 1 downstream tasks scheduled from follow-on schedule check
