[2024-10-24T01:20:08.058+0000] {taskinstance.py:1157} INFO - Dependencies all met for dep_context=non-requeueable deps ti=<TaskInstance: api_openbrewerydb_to_silver_gold.Gold scheduled__2023-11-15T08:00:00+00:00 [queued]>
[2024-10-24T01:20:08.073+0000] {taskinstance.py:1157} INFO - Dependencies all met for dep_context=requeueable deps ti=<TaskInstance: api_openbrewerydb_to_silver_gold.Gold scheduled__2023-11-15T08:00:00+00:00 [queued]>
[2024-10-24T01:20:08.073+0000] {taskinstance.py:1359} INFO - Starting attempt 1 of 3
[2024-10-24T01:20:08.094+0000] {taskinstance.py:1380} INFO - Executing <Task(SparkSubmitOperator): Gold> on 2023-11-15 08:00:00+00:00
[2024-10-24T01:20:08.101+0000] {standard_task_runner.py:57} INFO - Started process 4568 to run task
[2024-10-24T01:20:08.105+0000] {standard_task_runner.py:84} INFO - Running: ['***', 'tasks', 'run', 'api_openbrewerydb_to_silver_gold', 'Gold', 'scheduled__2023-11-15T08:00:00+00:00', '--job-id', '92', '--raw', '--subdir', 'DAGS_FOLDER/api_openbrewerydb_to_silver.py', '--cfg-path', '/tmp/tmp7ovbek_j']
[2024-10-24T01:20:08.112+0000] {standard_task_runner.py:85} INFO - Job 92: Subtask Gold
[2024-10-24T01:20:08.198+0000] {task_command.py:415} INFO - Running <TaskInstance: api_openbrewerydb_to_silver_gold.Gold scheduled__2023-11-15T08:00:00+00:00 [running]> on host de5108c6da1d
[2024-10-24T01:20:08.374+0000] {taskinstance.py:1660} INFO - Exporting env vars: AIRFLOW_CTX_DAG_OWNER='Rodrigo Araujo' AIRFLOW_CTX_DAG_ID='api_openbrewerydb_to_silver_gold' AIRFLOW_CTX_TASK_ID='Gold' AIRFLOW_CTX_EXECUTION_DATE='2023-11-15T08:00:00+00:00' AIRFLOW_CTX_TRY_NUMBER='1' AIRFLOW_CTX_DAG_RUN_ID='scheduled__2023-11-15T08:00:00+00:00'
[2024-10-24T01:20:08.399+0000] {base.py:73} INFO - Using connection ID 'spark-conn' for task execution.
[2024-10-24T01:20:08.401+0000] {spark_submit.py:363} INFO - Spark-Submit cmd: spark-submit --master spark://spark-master:7077 --name arrow-spark --queue root.default jobs/gold/api_openbrewerydb.py
[2024-10-24T01:20:15.927+0000] {spark_submit.py:524} INFO - 24/10/24 01:20:15 INFO SparkContext: Running Spark version 3.5.3
[2024-10-24T01:20:15.931+0000] {spark_submit.py:524} INFO - 24/10/24 01:20:15 INFO SparkContext: OS info Linux, 5.15.0-124-generic, amd64
[2024-10-24T01:20:15.931+0000] {spark_submit.py:524} INFO - 24/10/24 01:20:15 INFO SparkContext: Java version 11.0.25
[2024-10-24T01:20:16.120+0000] {spark_submit.py:524} INFO - 24/10/24 01:20:16 WARN NativeCodeLoader: Unable to load native-hadoop library for your platform... using builtin-java classes where applicable
[2024-10-24T01:20:16.336+0000] {spark_submit.py:524} INFO - 24/10/24 01:20:16 INFO ResourceUtils: ==============================================================
[2024-10-24T01:20:16.337+0000] {spark_submit.py:524} INFO - 24/10/24 01:20:16 INFO ResourceUtils: No custom resources configured for spark.driver.
[2024-10-24T01:20:16.339+0000] {spark_submit.py:524} INFO - 24/10/24 01:20:16 INFO ResourceUtils: ==============================================================
[2024-10-24T01:20:16.340+0000] {spark_submit.py:524} INFO - 24/10/24 01:20:16 INFO SparkContext: Submitted application: IngestaoSilver
[2024-10-24T01:20:16.401+0000] {spark_submit.py:524} INFO - 24/10/24 01:20:16 INFO ResourceProfile: Default ResourceProfile created, executor resources: Map(memory -> name: memory, amount: 1024, script: , vendor: , offHeap -> name: offHeap, amount: 0, script: , vendor: ), task resources: Map(cpus -> name: cpus, amount: 1.0)
[2024-10-24T01:20:16.437+0000] {spark_submit.py:524} INFO - 24/10/24 01:20:16 INFO ResourceProfile: Limiting resource is cpu
[2024-10-24T01:20:16.439+0000] {spark_submit.py:524} INFO - 24/10/24 01:20:16 INFO ResourceProfileManager: Added ResourceProfile id: 0
[2024-10-24T01:20:16.550+0000] {spark_submit.py:524} INFO - 24/10/24 01:20:16 INFO SecurityManager: Changing view acls to: ***
[2024-10-24T01:20:16.551+0000] {spark_submit.py:524} INFO - 24/10/24 01:20:16 INFO SecurityManager: Changing modify acls to: ***
[2024-10-24T01:20:16.552+0000] {spark_submit.py:524} INFO - 24/10/24 01:20:16 INFO SecurityManager: Changing view acls groups to:
[2024-10-24T01:20:16.554+0000] {spark_submit.py:524} INFO - 24/10/24 01:20:16 INFO SecurityManager: Changing modify acls groups to:
[2024-10-24T01:20:16.555+0000] {spark_submit.py:524} INFO - 24/10/24 01:20:16 INFO SecurityManager: SecurityManager: authentication disabled; ui acls disabled; users with view permissions: ***; groups with view permissions: EMPTY; users with modify permissions: ***; groups with modify permissions: EMPTY
[2024-10-24T01:20:17.259+0000] {spark_submit.py:524} INFO - 24/10/24 01:20:17 INFO Utils: Successfully started service 'sparkDriver' on port 35087.
[2024-10-24T01:20:17.315+0000] {spark_submit.py:524} INFO - 24/10/24 01:20:17 INFO SparkEnv: Registering MapOutputTracker
[2024-10-24T01:20:17.381+0000] {spark_submit.py:524} INFO - 24/10/24 01:20:17 INFO SparkEnv: Registering BlockManagerMaster
[2024-10-24T01:20:17.426+0000] {spark_submit.py:524} INFO - 24/10/24 01:20:17 INFO BlockManagerMasterEndpoint: Using org.apache.spark.storage.DefaultTopologyMapper for getting topology information
[2024-10-24T01:20:17.427+0000] {spark_submit.py:524} INFO - 24/10/24 01:20:17 INFO BlockManagerMasterEndpoint: BlockManagerMasterEndpoint up
[2024-10-24T01:20:17.436+0000] {spark_submit.py:524} INFO - 24/10/24 01:20:17 INFO SparkEnv: Registering BlockManagerMasterHeartbeat
[2024-10-24T01:20:17.480+0000] {spark_submit.py:524} INFO - 24/10/24 01:20:17 INFO DiskBlockManager: Created local directory at /tmp/blockmgr-3f9e8afd-b29f-4b08-9e4a-9a02c4da0622
[2024-10-24T01:20:17.510+0000] {spark_submit.py:524} INFO - 24/10/24 01:20:17 INFO MemoryStore: MemoryStore started with capacity 434.4 MiB
[2024-10-24T01:20:17.539+0000] {spark_submit.py:524} INFO - 24/10/24 01:20:17 INFO SparkEnv: Registering OutputCommitCoordinator
[2024-10-24T01:20:17.882+0000] {spark_submit.py:524} INFO - 24/10/24 01:20:17 INFO JettyUtils: Start Jetty 0.0.0.0:4040 for SparkUI
[2024-10-24T01:20:18.008+0000] {spark_submit.py:524} INFO - 24/10/24 01:20:18 INFO Utils: Successfully started service 'SparkUI' on port 4040.
[2024-10-24T01:20:18.286+0000] {spark_submit.py:524} INFO - 24/10/24 01:20:18 INFO StandaloneAppClient$ClientEndpoint: Connecting to master spark://spark-master:7077...
[2024-10-24T01:20:18.406+0000] {spark_submit.py:524} INFO - 24/10/24 01:20:18 INFO TransportClientFactory: Successfully created connection to spark-master/172.22.0.3:7077 after 73 ms (0 ms spent in bootstraps)
[2024-10-24T01:20:18.602+0000] {spark_submit.py:524} INFO - 24/10/24 01:20:18 INFO StandaloneSchedulerBackend: Connected to Spark cluster with app ID app-20241024012018-0023
[2024-10-24T01:20:18.620+0000] {spark_submit.py:524} INFO - 24/10/24 01:20:18 INFO StandaloneAppClient$ClientEndpoint: Executor added: app-20241024012018-0023/0 on worker-20241024010948-172.22.0.4-41535 (172.22.0.4:41535) with 2 core(s)
[2024-10-24T01:20:18.625+0000] {spark_submit.py:524} INFO - 24/10/24 01:20:18 INFO StandaloneSchedulerBackend: Granted executor ID app-20241024012018-0023/0 on hostPort 172.22.0.4:41535 with 2 core(s), 1024.0 MiB RAM
[2024-10-24T01:20:18.635+0000] {spark_submit.py:524} INFO - 24/10/24 01:20:18 INFO Utils: Successfully started service 'org.apache.spark.network.netty.NettyBlockTransferService' on port 43055.
[2024-10-24T01:20:18.635+0000] {spark_submit.py:524} INFO - 24/10/24 01:20:18 INFO NettyBlockTransferService: Server created on de5108c6da1d:43055
[2024-10-24T01:20:18.641+0000] {spark_submit.py:524} INFO - 24/10/24 01:20:18 INFO BlockManager: Using org.apache.spark.storage.RandomBlockReplicationPolicy for block replication policy
[2024-10-24T01:20:18.671+0000] {spark_submit.py:524} INFO - 24/10/24 01:20:18 INFO BlockManagerMaster: Registering BlockManager BlockManagerId(driver, de5108c6da1d, 43055, None)
[2024-10-24T01:20:18.687+0000] {spark_submit.py:524} INFO - 24/10/24 01:20:18 INFO BlockManagerMasterEndpoint: Registering block manager de5108c6da1d:43055 with 434.4 MiB RAM, BlockManagerId(driver, de5108c6da1d, 43055, None)
[2024-10-24T01:20:18.690+0000] {spark_submit.py:524} INFO - 24/10/24 01:20:18 INFO StandaloneAppClient$ClientEndpoint: Executor updated: app-20241024012018-0023/0 is now RUNNING
[2024-10-24T01:20:18.694+0000] {spark_submit.py:524} INFO - 24/10/24 01:20:18 INFO BlockManagerMaster: Registered BlockManager BlockManagerId(driver, de5108c6da1d, 43055, None)
[2024-10-24T01:20:18.698+0000] {spark_submit.py:524} INFO - 24/10/24 01:20:18 INFO BlockManager: Initialized BlockManager: BlockManagerId(driver, de5108c6da1d, 43055, None)
[2024-10-24T01:20:19.326+0000] {spark_submit.py:524} INFO - 24/10/24 01:20:19 INFO StandaloneSchedulerBackend: SchedulerBackend is ready for scheduling beginning after reached minRegisteredResourcesRatio: 0.0
[2024-10-24T01:20:19.775+0000] {spark_submit.py:524} INFO - Hello from Spark!
[2024-10-24T01:20:19.776+0000] {spark_submit.py:524} INFO - 24/10/24 01:20:19 INFO SparkContext: SparkContext is stopping with exitCode 0.
[2024-10-24T01:20:19.805+0000] {spark_submit.py:524} INFO - 24/10/24 01:20:19 INFO SparkUI: Stopped Spark web UI at http://de5108c6da1d:4040
[2024-10-24T01:20:19.813+0000] {spark_submit.py:524} INFO - 24/10/24 01:20:19 INFO StandaloneSchedulerBackend: Shutting down all executors
[2024-10-24T01:20:19.819+0000] {spark_submit.py:524} INFO - 24/10/24 01:20:19 INFO StandaloneSchedulerBackend$StandaloneDriverEndpoint: Asking each executor to shut down
[2024-10-24T01:20:19.855+0000] {spark_submit.py:524} INFO - 24/10/24 01:20:19 INFO MapOutputTrackerMasterEndpoint: MapOutputTrackerMasterEndpoint stopped!
[2024-10-24T01:20:19.885+0000] {spark_submit.py:524} INFO - 24/10/24 01:20:19 INFO MemoryStore: MemoryStore cleared
[2024-10-24T01:20:19.887+0000] {spark_submit.py:524} INFO - 24/10/24 01:20:19 INFO BlockManager: BlockManager stopped
[2024-10-24T01:20:19.905+0000] {spark_submit.py:524} INFO - 24/10/24 01:20:19 INFO BlockManagerMaster: BlockManagerMaster stopped
[2024-10-24T01:20:19.911+0000] {spark_submit.py:524} INFO - 24/10/24 01:20:19 INFO OutputCommitCoordinator$OutputCommitCoordinatorEndpoint: OutputCommitCoordinator stopped!
[2024-10-24T01:20:19.934+0000] {spark_submit.py:524} INFO - 24/10/24 01:20:19 INFO SparkContext: Successfully stopped SparkContext
[2024-10-24T01:20:20.486+0000] {spark_submit.py:524} INFO - 24/10/24 01:20:20 INFO ShutdownHookManager: Shutdown hook called
[2024-10-24T01:20:20.487+0000] {spark_submit.py:524} INFO - 24/10/24 01:20:20 INFO ShutdownHookManager: Deleting directory /tmp/spark-c6b3c06c-fa27-414b-8c43-8292021a4b7e
[2024-10-24T01:20:20.493+0000] {spark_submit.py:524} INFO - 24/10/24 01:20:20 INFO ShutdownHookManager: Deleting directory /tmp/spark-349bf878-b9b1-4971-8a52-9d574db4c983
[2024-10-24T01:20:20.498+0000] {spark_submit.py:524} INFO - 24/10/24 01:20:20 INFO ShutdownHookManager: Deleting directory /tmp/spark-c6b3c06c-fa27-414b-8c43-8292021a4b7e/pyspark-4db60902-3406-432c-9a12-632663f007c5
[2024-10-24T01:20:20.612+0000] {taskinstance.py:1398} INFO - Marking task as SUCCESS. dag_id=api_openbrewerydb_to_silver_gold, task_id=Gold, execution_date=20231115T080000, start_date=20241024T012008, end_date=20241024T012020
[2024-10-24T01:20:20.658+0000] {local_task_job_runner.py:228} INFO - Task exited with return code 0
[2024-10-24T01:20:20.688+0000] {taskinstance.py:2776} INFO - 0 downstream tasks scheduled from follow-on schedule check
[2024-10-24T14:31:40.332+0000] {logging_mixin.py:151} INFO - Changing /opt/***/logs/dag_id=api_openbrewerydb_to_silver_gold/run_id=scheduled__2023-11-15T08:00:00+00:00/task_id=Gold permission to 509
[2024-10-24T14:31:40.340+0000] {logging_mixin.py:151} INFO - Failed to change /opt/***/logs/dag_id=api_openbrewerydb_to_silver_gold/run_id=scheduled__2023-11-15T08:00:00+00:00/task_id=Gold permission to 509: [Errno 1] Operation not permitted: '/opt/***/logs/dag_id=api_openbrewerydb_to_silver_gold/run_id=scheduled__2023-11-15T08:00:00+00:00/task_id=Gold'
[2024-10-24T14:31:40.392+0000] {logging_mixin.py:151} INFO - Changing /opt/***/logs/dag_id=api_openbrewerydb_to_silver_gold/run_id=scheduled__2023-11-15T08:00:00+00:00/task_id=Gold permission to 509
[2024-10-24T14:31:40.392+0000] {logging_mixin.py:151} INFO - Failed to change /opt/***/logs/dag_id=api_openbrewerydb_to_silver_gold/run_id=scheduled__2023-11-15T08:00:00+00:00/task_id=Gold permission to 509: [Errno 1] Operation not permitted: '/opt/***/logs/dag_id=api_openbrewerydb_to_silver_gold/run_id=scheduled__2023-11-15T08:00:00+00:00/task_id=Gold'
[2024-10-24T14:31:40.451+0000] {taskinstance.py:1157} INFO - Dependencies all met for dep_context=non-requeueable deps ti=<TaskInstance: api_openbrewerydb_to_silver_gold.Gold scheduled__2023-11-15T08:00:00+00:00 [queued]>
[2024-10-24T14:31:40.464+0000] {taskinstance.py:1157} INFO - Dependencies all met for dep_context=requeueable deps ti=<TaskInstance: api_openbrewerydb_to_silver_gold.Gold scheduled__2023-11-15T08:00:00+00:00 [queued]>
[2024-10-24T14:31:40.464+0000] {taskinstance.py:1359} INFO - Starting attempt 1 of 2
[2024-10-24T14:31:40.482+0000] {taskinstance.py:1380} INFO - Executing <Task(SparkSubmitOperator): Gold> on 2023-11-15 08:00:00+00:00
[2024-10-24T14:31:40.490+0000] {standard_task_runner.py:57} INFO - Started process 8351 to run task
[2024-10-24T14:31:40.493+0000] {standard_task_runner.py:84} INFO - Running: ['***', 'tasks', 'run', 'api_openbrewerydb_to_silver_gold', 'Gold', 'scheduled__2023-11-15T08:00:00+00:00', '--job-id', '56', '--raw', '--subdir', 'DAGS_FOLDER/api_openbrewerydb_to_silver.py', '--cfg-path', '/tmp/tmpwfmpduhu']
[2024-10-24T14:31:40.501+0000] {standard_task_runner.py:85} INFO - Job 56: Subtask Gold
[2024-10-24T14:31:40.586+0000] {logging_mixin.py:151} INFO - Changing /opt/***/logs/dag_id=api_openbrewerydb_to_silver_gold/run_id=scheduled__2023-11-15T08:00:00+00:00/task_id=Gold permission to 509
[2024-10-24T14:31:40.587+0000] {logging_mixin.py:151} INFO - Failed to change /opt/***/logs/dag_id=api_openbrewerydb_to_silver_gold/run_id=scheduled__2023-11-15T08:00:00+00:00/task_id=Gold permission to 509: [Errno 1] Operation not permitted: '/opt/***/logs/dag_id=api_openbrewerydb_to_silver_gold/run_id=scheduled__2023-11-15T08:00:00+00:00/task_id=Gold'
[2024-10-24T14:31:40.588+0000] {task_command.py:415} INFO - Running <TaskInstance: api_openbrewerydb_to_silver_gold.Gold scheduled__2023-11-15T08:00:00+00:00 [running]> on host 96f89615839b
[2024-10-24T14:31:40.741+0000] {taskinstance.py:1660} INFO - Exporting env vars: AIRFLOW_CTX_DAG_OWNER='Rodrigo Araujo' AIRFLOW_CTX_DAG_ID='api_openbrewerydb_to_silver_gold' AIRFLOW_CTX_TASK_ID='Gold' AIRFLOW_CTX_EXECUTION_DATE='2023-11-15T08:00:00+00:00' AIRFLOW_CTX_TRY_NUMBER='1' AIRFLOW_CTX_DAG_RUN_ID='scheduled__2023-11-15T08:00:00+00:00'
[2024-10-24T14:31:40.762+0000] {base.py:73} INFO - Using connection ID 'spark-conn' for task execution.
[2024-10-24T14:31:40.763+0000] {spark_submit.py:363} INFO - Spark-Submit cmd: spark-submit --master spark://spark-master:7077 --name arrow-spark jobs/gold/api_openbrewerydb.py
[2024-10-24T14:31:46.281+0000] {spark_submit.py:524} INFO - 24/10/24 14:31:46 INFO SparkContext: Running Spark version 3.5.3
[2024-10-24T14:31:46.285+0000] {spark_submit.py:524} INFO - 24/10/24 14:31:46 INFO SparkContext: OS info Linux, 5.15.0-124-generic, amd64
[2024-10-24T14:31:46.286+0000] {spark_submit.py:524} INFO - 24/10/24 14:31:46 INFO SparkContext: Java version 11.0.25
[2024-10-24T14:31:46.395+0000] {spark_submit.py:524} INFO - 24/10/24 14:31:46 WARN NativeCodeLoader: Unable to load native-hadoop library for your platform... using builtin-java classes where applicable
[2024-10-24T14:31:46.552+0000] {spark_submit.py:524} INFO - 24/10/24 14:31:46 INFO ResourceUtils: ==============================================================
[2024-10-24T14:31:46.553+0000] {spark_submit.py:524} INFO - 24/10/24 14:31:46 INFO ResourceUtils: No custom resources configured for spark.driver.
[2024-10-24T14:31:46.554+0000] {spark_submit.py:524} INFO - 24/10/24 14:31:46 INFO ResourceUtils: ==============================================================
[2024-10-24T14:31:46.554+0000] {spark_submit.py:524} INFO - 24/10/24 14:31:46 INFO SparkContext: Submitted application: IngestaoSilver
[2024-10-24T14:31:46.592+0000] {spark_submit.py:524} INFO - 24/10/24 14:31:46 INFO ResourceProfile: Default ResourceProfile created, executor resources: Map(memory -> name: memory, amount: 1024, script: , vendor: , offHeap -> name: offHeap, amount: 0, script: , vendor: ), task resources: Map(cpus -> name: cpus, amount: 1.0)
[2024-10-24T14:31:46.620+0000] {spark_submit.py:524} INFO - 24/10/24 14:31:46 INFO ResourceProfile: Limiting resource is cpu
[2024-10-24T14:31:46.622+0000] {spark_submit.py:524} INFO - 24/10/24 14:31:46 INFO ResourceProfileManager: Added ResourceProfile id: 0
[2024-10-24T14:31:46.715+0000] {spark_submit.py:524} INFO - 24/10/24 14:31:46 INFO SecurityManager: Changing view acls to: ***
[2024-10-24T14:31:46.716+0000] {spark_submit.py:524} INFO - 24/10/24 14:31:46 INFO SecurityManager: Changing modify acls to: ***
[2024-10-24T14:31:46.717+0000] {spark_submit.py:524} INFO - 24/10/24 14:31:46 INFO SecurityManager: Changing view acls groups to:
[2024-10-24T14:31:46.718+0000] {spark_submit.py:524} INFO - 24/10/24 14:31:46 INFO SecurityManager: Changing modify acls groups to:
[2024-10-24T14:31:46.719+0000] {spark_submit.py:524} INFO - 24/10/24 14:31:46 INFO SecurityManager: SecurityManager: authentication disabled; ui acls disabled; users with view permissions: ***; groups with view permissions: EMPTY; users with modify permissions: ***; groups with modify permissions: EMPTY
[2024-10-24T14:31:47.148+0000] {spark_submit.py:524} INFO - 24/10/24 14:31:47 INFO Utils: Successfully started service 'sparkDriver' on port 38335.
[2024-10-24T14:31:47.195+0000] {spark_submit.py:524} INFO - 24/10/24 14:31:47 INFO SparkEnv: Registering MapOutputTracker
[2024-10-24T14:31:47.254+0000] {spark_submit.py:524} INFO - 24/10/24 14:31:47 INFO SparkEnv: Registering BlockManagerMaster
[2024-10-24T14:31:47.290+0000] {spark_submit.py:524} INFO - 24/10/24 14:31:47 INFO BlockManagerMasterEndpoint: Using org.apache.spark.storage.DefaultTopologyMapper for getting topology information
[2024-10-24T14:31:47.291+0000] {spark_submit.py:524} INFO - 24/10/24 14:31:47 INFO BlockManagerMasterEndpoint: BlockManagerMasterEndpoint up
[2024-10-24T14:31:47.297+0000] {spark_submit.py:524} INFO - 24/10/24 14:31:47 INFO SparkEnv: Registering BlockManagerMasterHeartbeat
[2024-10-24T14:31:47.332+0000] {spark_submit.py:524} INFO - 24/10/24 14:31:47 INFO DiskBlockManager: Created local directory at /tmp/blockmgr-9f23e640-37fc-40e2-a21e-43aed1f9cb76
[2024-10-24T14:31:47.357+0000] {spark_submit.py:524} INFO - 24/10/24 14:31:47 INFO MemoryStore: MemoryStore started with capacity 434.4 MiB
[2024-10-24T14:31:47.381+0000] {spark_submit.py:524} INFO - 24/10/24 14:31:47 INFO SparkEnv: Registering OutputCommitCoordinator
[2024-10-24T14:31:47.641+0000] {spark_submit.py:524} INFO - 24/10/24 14:31:47 INFO JettyUtils: Start Jetty 0.0.0.0:4040 for SparkUI
[2024-10-24T14:31:47.736+0000] {spark_submit.py:524} INFO - 24/10/24 14:31:47 INFO Utils: Successfully started service 'SparkUI' on port 4040.
[2024-10-24T14:31:47.932+0000] {spark_submit.py:524} INFO - 24/10/24 14:31:47 INFO StandaloneAppClient$ClientEndpoint: Connecting to master spark://spark-master:7077...
[2024-10-24T14:31:48.014+0000] {spark_submit.py:524} INFO - 24/10/24 14:31:48 INFO TransportClientFactory: Successfully created connection to spark-master/172.18.0.2:7077 after 48 ms (0 ms spent in bootstraps)
[2024-10-24T14:31:48.179+0000] {spark_submit.py:524} INFO - 24/10/24 14:31:48 INFO StandaloneSchedulerBackend: Connected to Spark cluster with app ID app-20241024143148-0051
[2024-10-24T14:31:48.181+0000] {spark_submit.py:524} INFO - 24/10/24 14:31:48 INFO StandaloneAppClient$ClientEndpoint: Executor added: app-20241024143148-0051/0 on worker-20241024142308-172.18.0.5-43899 (172.18.0.5:43899) with 2 core(s)
[2024-10-24T14:31:48.186+0000] {spark_submit.py:524} INFO - 24/10/24 14:31:48 INFO StandaloneSchedulerBackend: Granted executor ID app-20241024143148-0051/0 on hostPort 172.18.0.5:43899 with 2 core(s), 1024.0 MiB RAM
[2024-10-24T14:31:48.204+0000] {spark_submit.py:524} INFO - 24/10/24 14:31:48 INFO Utils: Successfully started service 'org.apache.spark.network.netty.NettyBlockTransferService' on port 38465.
[2024-10-24T14:31:48.204+0000] {spark_submit.py:524} INFO - 24/10/24 14:31:48 INFO NettyBlockTransferService: Server created on 96f89615839b:38465
[2024-10-24T14:31:48.210+0000] {spark_submit.py:524} INFO - 24/10/24 14:31:48 INFO BlockManager: Using org.apache.spark.storage.RandomBlockReplicationPolicy for block replication policy
[2024-10-24T14:31:48.233+0000] {spark_submit.py:524} INFO - 24/10/24 14:31:48 INFO BlockManagerMaster: Registering BlockManager BlockManagerId(driver, 96f89615839b, 38465, None)
[2024-10-24T14:31:48.237+0000] {spark_submit.py:524} INFO - 24/10/24 14:31:48 INFO StandaloneAppClient$ClientEndpoint: Executor updated: app-20241024143148-0051/0 is now RUNNING
[2024-10-24T14:31:48.242+0000] {spark_submit.py:524} INFO - 24/10/24 14:31:48 INFO BlockManagerMasterEndpoint: Registering block manager 96f89615839b:38465 with 434.4 MiB RAM, BlockManagerId(driver, 96f89615839b, 38465, None)
[2024-10-24T14:31:48.247+0000] {spark_submit.py:524} INFO - 24/10/24 14:31:48 INFO BlockManagerMaster: Registered BlockManager BlockManagerId(driver, 96f89615839b, 38465, None)
[2024-10-24T14:31:48.249+0000] {spark_submit.py:524} INFO - 24/10/24 14:31:48 INFO BlockManager: Initialized BlockManager: BlockManagerId(driver, 96f89615839b, 38465, None)
[2024-10-24T14:31:48.726+0000] {spark_submit.py:524} INFO - 24/10/24 14:31:48 INFO StandaloneSchedulerBackend: SchedulerBackend is ready for scheduling beginning after reached minRegisteredResourcesRatio: 0.0
[2024-10-24T14:31:49.142+0000] {spark_submit.py:524} INFO - Hello from Spark!
[2024-10-24T14:31:49.143+0000] {spark_submit.py:524} INFO - 24/10/24 14:31:49 INFO SparkContext: SparkContext is stopping with exitCode 0.
[2024-10-24T14:31:49.160+0000] {spark_submit.py:524} INFO - 24/10/24 14:31:49 INFO SparkUI: Stopped Spark web UI at http://96f89615839b:4040
[2024-10-24T14:31:49.171+0000] {spark_submit.py:524} INFO - 24/10/24 14:31:49 INFO StandaloneSchedulerBackend: Shutting down all executors
[2024-10-24T14:31:49.178+0000] {spark_submit.py:524} INFO - 24/10/24 14:31:49 INFO StandaloneSchedulerBackend$StandaloneDriverEndpoint: Asking each executor to shut down
[2024-10-24T14:31:49.229+0000] {spark_submit.py:524} INFO - 24/10/24 14:31:49 INFO MapOutputTrackerMasterEndpoint: MapOutputTrackerMasterEndpoint stopped!
[2024-10-24T14:31:49.257+0000] {spark_submit.py:524} INFO - 24/10/24 14:31:49 INFO MemoryStore: MemoryStore cleared
[2024-10-24T14:31:49.258+0000] {spark_submit.py:524} INFO - 24/10/24 14:31:49 INFO BlockManager: BlockManager stopped
[2024-10-24T14:31:49.271+0000] {spark_submit.py:524} INFO - 24/10/24 14:31:49 INFO BlockManagerMaster: BlockManagerMaster stopped
[2024-10-24T14:31:49.275+0000] {spark_submit.py:524} INFO - 24/10/24 14:31:49 INFO OutputCommitCoordinator$OutputCommitCoordinatorEndpoint: OutputCommitCoordinator stopped!
[2024-10-24T14:31:49.289+0000] {spark_submit.py:524} INFO - 24/10/24 14:31:49 INFO SparkContext: Successfully stopped SparkContext
[2024-10-24T14:31:49.861+0000] {spark_submit.py:524} INFO - 24/10/24 14:31:49 INFO ShutdownHookManager: Shutdown hook called
[2024-10-24T14:31:49.863+0000] {spark_submit.py:524} INFO - 24/10/24 14:31:49 INFO ShutdownHookManager: Deleting directory /tmp/spark-17a76e9b-54a2-40ee-a18a-b044c1383b59
[2024-10-24T14:31:49.868+0000] {spark_submit.py:524} INFO - 24/10/24 14:31:49 INFO ShutdownHookManager: Deleting directory /tmp/spark-17a76e9b-54a2-40ee-a18a-b044c1383b59/pyspark-b0923306-4977-41cc-b0ab-ff5fae62d5ec
[2024-10-24T14:31:49.873+0000] {spark_submit.py:524} INFO - 24/10/24 14:31:49 INFO ShutdownHookManager: Deleting directory /tmp/spark-8be1dd27-ff04-4b55-86e6-7573eaf3fe97
[2024-10-24T14:31:49.957+0000] {taskinstance.py:1398} INFO - Marking task as SUCCESS. dag_id=api_openbrewerydb_to_silver_gold, task_id=Gold, execution_date=20231115T080000, start_date=20241024T143140, end_date=20241024T143149
[2024-10-24T14:31:49.993+0000] {local_task_job_runner.py:228} INFO - Task exited with return code 0
[2024-10-24T14:31:50.023+0000] {taskinstance.py:2776} INFO - 0 downstream tasks scheduled from follow-on schedule check
