[2024-10-24T01:35:44.325+0000] {taskinstance.py:1157} INFO - Dependencies all met for dep_context=non-requeueable deps ti=<TaskInstance: api_openbrewerydb_to_silver_gold.Gold scheduled__2023-11-24T08:00:00+00:00 [queued]>
[2024-10-24T01:35:44.339+0000] {taskinstance.py:1157} INFO - Dependencies all met for dep_context=requeueable deps ti=<TaskInstance: api_openbrewerydb_to_silver_gold.Gold scheduled__2023-11-24T08:00:00+00:00 [queued]>
[2024-10-24T01:35:44.339+0000] {taskinstance.py:1359} INFO - Starting attempt 1 of 3
[2024-10-24T01:35:44.361+0000] {taskinstance.py:1380} INFO - Executing <Task(SparkSubmitOperator): Gold> on 2023-11-24 08:00:00+00:00
[2024-10-24T01:35:44.369+0000] {standard_task_runner.py:57} INFO - Started process 11149 to run task
[2024-10-24T01:35:44.374+0000] {standard_task_runner.py:84} INFO - Running: ['***', 'tasks', 'run', 'api_openbrewerydb_to_silver_gold', 'Gold', 'scheduled__2023-11-24T08:00:00+00:00', '--job-id', '153', '--raw', '--subdir', 'DAGS_FOLDER/api_openbrewerydb_to_silver.py', '--cfg-path', '/tmp/tmponxexeyz']
[2024-10-24T01:35:44.383+0000] {standard_task_runner.py:85} INFO - Job 153: Subtask Gold
[2024-10-24T01:35:44.472+0000] {task_command.py:415} INFO - Running <TaskInstance: api_openbrewerydb_to_silver_gold.Gold scheduled__2023-11-24T08:00:00+00:00 [running]> on host de5108c6da1d
[2024-10-24T01:35:44.629+0000] {taskinstance.py:1660} INFO - Exporting env vars: AIRFLOW_CTX_DAG_OWNER='Rodrigo Araujo' AIRFLOW_CTX_DAG_ID='api_openbrewerydb_to_silver_gold' AIRFLOW_CTX_TASK_ID='Gold' AIRFLOW_CTX_EXECUTION_DATE='2023-11-24T08:00:00+00:00' AIRFLOW_CTX_TRY_NUMBER='1' AIRFLOW_CTX_DAG_RUN_ID='scheduled__2023-11-24T08:00:00+00:00'
[2024-10-24T01:35:44.650+0000] {base.py:73} INFO - Using connection ID 'spark-conn' for task execution.
[2024-10-24T01:35:44.652+0000] {spark_submit.py:363} INFO - Spark-Submit cmd: spark-submit --master spark://spark-master:7077 --name arrow-spark --queue root.default jobs/gold/api_openbrewerydb.py
[2024-10-24T01:35:51.017+0000] {spark_submit.py:524} INFO - 24/10/24 01:35:51 INFO SparkContext: Running Spark version 3.5.3
[2024-10-24T01:35:51.021+0000] {spark_submit.py:524} INFO - 24/10/24 01:35:51 INFO SparkContext: OS info Linux, 5.15.0-124-generic, amd64
[2024-10-24T01:35:51.022+0000] {spark_submit.py:524} INFO - 24/10/24 01:35:51 INFO SparkContext: Java version 11.0.25
[2024-10-24T01:35:51.159+0000] {spark_submit.py:524} INFO - 24/10/24 01:35:51 WARN NativeCodeLoader: Unable to load native-hadoop library for your platform... using builtin-java classes where applicable
[2024-10-24T01:35:51.383+0000] {spark_submit.py:524} INFO - 24/10/24 01:35:51 INFO ResourceUtils: ==============================================================
[2024-10-24T01:35:51.384+0000] {spark_submit.py:524} INFO - 24/10/24 01:35:51 INFO ResourceUtils: No custom resources configured for spark.driver.
[2024-10-24T01:35:51.385+0000] {spark_submit.py:524} INFO - 24/10/24 01:35:51 INFO ResourceUtils: ==============================================================
[2024-10-24T01:35:51.386+0000] {spark_submit.py:524} INFO - 24/10/24 01:35:51 INFO SparkContext: Submitted application: IngestaoSilver
[2024-10-24T01:35:51.442+0000] {spark_submit.py:524} INFO - 24/10/24 01:35:51 INFO ResourceProfile: Default ResourceProfile created, executor resources: Map(memory -> name: memory, amount: 1024, script: , vendor: , offHeap -> name: offHeap, amount: 0, script: , vendor: ), task resources: Map(cpus -> name: cpus, amount: 1.0)
[2024-10-24T01:35:51.482+0000] {spark_submit.py:524} INFO - 24/10/24 01:35:51 INFO ResourceProfile: Limiting resource is cpu
[2024-10-24T01:35:51.484+0000] {spark_submit.py:524} INFO - 24/10/24 01:35:51 INFO ResourceProfileManager: Added ResourceProfile id: 0
[2024-10-24T01:35:51.605+0000] {spark_submit.py:524} INFO - 24/10/24 01:35:51 INFO SecurityManager: Changing view acls to: ***
[2024-10-24T01:35:51.606+0000] {spark_submit.py:524} INFO - 24/10/24 01:35:51 INFO SecurityManager: Changing modify acls to: ***
[2024-10-24T01:35:51.608+0000] {spark_submit.py:524} INFO - 24/10/24 01:35:51 INFO SecurityManager: Changing view acls groups to:
[2024-10-24T01:35:51.609+0000] {spark_submit.py:524} INFO - 24/10/24 01:35:51 INFO SecurityManager: Changing modify acls groups to:
[2024-10-24T01:35:51.610+0000] {spark_submit.py:524} INFO - 24/10/24 01:35:51 INFO SecurityManager: SecurityManager: authentication disabled; ui acls disabled; users with view permissions: ***; groups with view permissions: EMPTY; users with modify permissions: ***; groups with modify permissions: EMPTY
[2024-10-24T01:35:52.221+0000] {spark_submit.py:524} INFO - 24/10/24 01:35:52 INFO Utils: Successfully started service 'sparkDriver' on port 45889.
[2024-10-24T01:35:52.292+0000] {spark_submit.py:524} INFO - 24/10/24 01:35:52 INFO SparkEnv: Registering MapOutputTracker
[2024-10-24T01:35:52.354+0000] {spark_submit.py:524} INFO - 24/10/24 01:35:52 INFO SparkEnv: Registering BlockManagerMaster
[2024-10-24T01:35:52.392+0000] {spark_submit.py:524} INFO - 24/10/24 01:35:52 INFO BlockManagerMasterEndpoint: Using org.apache.spark.storage.DefaultTopologyMapper for getting topology information
[2024-10-24T01:35:52.393+0000] {spark_submit.py:524} INFO - 24/10/24 01:35:52 INFO BlockManagerMasterEndpoint: BlockManagerMasterEndpoint up
[2024-10-24T01:35:52.399+0000] {spark_submit.py:524} INFO - 24/10/24 01:35:52 INFO SparkEnv: Registering BlockManagerMasterHeartbeat
[2024-10-24T01:35:52.443+0000] {spark_submit.py:524} INFO - 24/10/24 01:35:52 INFO DiskBlockManager: Created local directory at /tmp/blockmgr-9b3f3f50-7a03-46ac-ad09-f7459dc132ef
[2024-10-24T01:35:52.469+0000] {spark_submit.py:524} INFO - 24/10/24 01:35:52 INFO MemoryStore: MemoryStore started with capacity 434.4 MiB
[2024-10-24T01:35:52.500+0000] {spark_submit.py:524} INFO - 24/10/24 01:35:52 INFO SparkEnv: Registering OutputCommitCoordinator
[2024-10-24T01:35:52.794+0000] {spark_submit.py:524} INFO - 24/10/24 01:35:52 INFO JettyUtils: Start Jetty 0.0.0.0:4040 for SparkUI
[2024-10-24T01:35:52.897+0000] {spark_submit.py:524} INFO - 24/10/24 01:35:52 INFO Utils: Successfully started service 'SparkUI' on port 4040.
[2024-10-24T01:35:53.141+0000] {spark_submit.py:524} INFO - 24/10/24 01:35:53 INFO StandaloneAppClient$ClientEndpoint: Connecting to master spark://spark-master:7077...
[2024-10-24T01:35:53.250+0000] {spark_submit.py:524} INFO - 24/10/24 01:35:53 INFO TransportClientFactory: Successfully created connection to spark-master/172.22.0.3:7077 after 68 ms (0 ms spent in bootstraps)
[2024-10-24T01:35:53.424+0000] {spark_submit.py:524} INFO - 24/10/24 01:35:53 INFO StandaloneSchedulerBackend: Connected to Spark cluster with app ID app-20241024013553-0054
[2024-10-24T01:35:53.436+0000] {spark_submit.py:524} INFO - 24/10/24 01:35:53 INFO StandaloneAppClient$ClientEndpoint: Executor added: app-20241024013553-0054/0 on worker-20241024010948-172.22.0.4-41535 (172.22.0.4:41535) with 2 core(s)
[2024-10-24T01:35:53.440+0000] {spark_submit.py:524} INFO - 24/10/24 01:35:53 INFO StandaloneSchedulerBackend: Granted executor ID app-20241024013553-0054/0 on hostPort 172.22.0.4:41535 with 2 core(s), 1024.0 MiB RAM
[2024-10-24T01:35:53.447+0000] {spark_submit.py:524} INFO - 24/10/24 01:35:53 INFO Utils: Successfully started service 'org.apache.spark.network.netty.NettyBlockTransferService' on port 33907.
[2024-10-24T01:35:53.447+0000] {spark_submit.py:524} INFO - 24/10/24 01:35:53 INFO NettyBlockTransferService: Server created on de5108c6da1d:33907
[2024-10-24T01:35:53.450+0000] {spark_submit.py:524} INFO - 24/10/24 01:35:53 INFO BlockManager: Using org.apache.spark.storage.RandomBlockReplicationPolicy for block replication policy
[2024-10-24T01:35:53.466+0000] {spark_submit.py:524} INFO - 24/10/24 01:35:53 INFO BlockManagerMaster: Registering BlockManager BlockManagerId(driver, de5108c6da1d, 33907, None)
[2024-10-24T01:35:53.473+0000] {spark_submit.py:524} INFO - 24/10/24 01:35:53 INFO BlockManagerMasterEndpoint: Registering block manager de5108c6da1d:33907 with 434.4 MiB RAM, BlockManagerId(driver, de5108c6da1d, 33907, None)
[2024-10-24T01:35:53.479+0000] {spark_submit.py:524} INFO - 24/10/24 01:35:53 INFO BlockManagerMaster: Registered BlockManager BlockManagerId(driver, de5108c6da1d, 33907, None)
[2024-10-24T01:35:53.485+0000] {spark_submit.py:524} INFO - 24/10/24 01:35:53 INFO BlockManager: Initialized BlockManager: BlockManagerId(driver, de5108c6da1d, 33907, None)
[2024-10-24T01:35:53.502+0000] {spark_submit.py:524} INFO - 24/10/24 01:35:53 INFO StandaloneAppClient$ClientEndpoint: Executor updated: app-20241024013553-0054/0 is now RUNNING
[2024-10-24T01:35:54.267+0000] {spark_submit.py:524} INFO - 24/10/24 01:35:54 INFO StandaloneSchedulerBackend: SchedulerBackend is ready for scheduling beginning after reached minRegisteredResourcesRatio: 0.0
[2024-10-24T01:35:54.767+0000] {spark_submit.py:524} INFO - Hello from Spark!
[2024-10-24T01:35:54.769+0000] {spark_submit.py:524} INFO - 24/10/24 01:35:54 INFO SparkContext: SparkContext is stopping with exitCode 0.
[2024-10-24T01:35:54.794+0000] {spark_submit.py:524} INFO - 24/10/24 01:35:54 INFO SparkUI: Stopped Spark web UI at http://de5108c6da1d:4040
[2024-10-24T01:35:54.812+0000] {spark_submit.py:524} INFO - 24/10/24 01:35:54 INFO StandaloneSchedulerBackend: Shutting down all executors
[2024-10-24T01:35:54.820+0000] {spark_submit.py:524} INFO - 24/10/24 01:35:54 INFO StandaloneSchedulerBackend$StandaloneDriverEndpoint: Asking each executor to shut down
[2024-10-24T01:35:54.907+0000] {spark_submit.py:524} INFO - 24/10/24 01:35:54 INFO MapOutputTrackerMasterEndpoint: MapOutputTrackerMasterEndpoint stopped!
[2024-10-24T01:35:54.990+0000] {spark_submit.py:524} INFO - 24/10/24 01:35:54 INFO MemoryStore: MemoryStore cleared
[2024-10-24T01:35:54.993+0000] {spark_submit.py:524} INFO - 24/10/24 01:35:54 INFO BlockManager: BlockManager stopped
[2024-10-24T01:35:55.008+0000] {spark_submit.py:524} INFO - 24/10/24 01:35:55 INFO BlockManagerMaster: BlockManagerMaster stopped
[2024-10-24T01:35:55.013+0000] {spark_submit.py:524} INFO - 24/10/24 01:35:55 INFO OutputCommitCoordinator$OutputCommitCoordinatorEndpoint: OutputCommitCoordinator stopped!
[2024-10-24T01:35:55.056+0000] {spark_submit.py:524} INFO - 24/10/24 01:35:55 INFO SparkContext: Successfully stopped SparkContext
[2024-10-24T01:35:55.441+0000] {spark_submit.py:524} INFO - 24/10/24 01:35:55 INFO ShutdownHookManager: Shutdown hook called
[2024-10-24T01:35:55.443+0000] {spark_submit.py:524} INFO - 24/10/24 01:35:55 INFO ShutdownHookManager: Deleting directory /tmp/spark-d0f757c1-2065-436c-911d-044c5ec7329d
[2024-10-24T01:35:55.450+0000] {spark_submit.py:524} INFO - 24/10/24 01:35:55 INFO ShutdownHookManager: Deleting directory /tmp/spark-c66e77e0-a9c2-42b5-9f95-ae0ea75806fb
[2024-10-24T01:35:55.457+0000] {spark_submit.py:524} INFO - 24/10/24 01:35:55 INFO ShutdownHookManager: Deleting directory /tmp/spark-d0f757c1-2065-436c-911d-044c5ec7329d/pyspark-cd4ab62c-341e-4ab7-80ee-36d82819b04c
[2024-10-24T01:35:55.553+0000] {taskinstance.py:1398} INFO - Marking task as SUCCESS. dag_id=api_openbrewerydb_to_silver_gold, task_id=Gold, execution_date=20231124T080000, start_date=20241024T013544, end_date=20241024T013555
[2024-10-24T01:35:55.599+0000] {local_task_job_runner.py:228} INFO - Task exited with return code 0
[2024-10-24T01:35:55.638+0000] {taskinstance.py:2776} INFO - 0 downstream tasks scheduled from follow-on schedule check
[2024-10-24T14:33:47.920+0000] {logging_mixin.py:151} INFO - Changing /opt/***/logs/dag_id=api_openbrewerydb_to_silver_gold/run_id=scheduled__2023-11-24T08:00:00+00:00/task_id=Gold permission to 509
[2024-10-24T14:33:47.928+0000] {logging_mixin.py:151} INFO - Failed to change /opt/***/logs/dag_id=api_openbrewerydb_to_silver_gold/run_id=scheduled__2023-11-24T08:00:00+00:00/task_id=Gold permission to 509: [Errno 1] Operation not permitted: '/opt/***/logs/dag_id=api_openbrewerydb_to_silver_gold/run_id=scheduled__2023-11-24T08:00:00+00:00/task_id=Gold'
[2024-10-24T14:33:47.980+0000] {logging_mixin.py:151} INFO - Changing /opt/***/logs/dag_id=api_openbrewerydb_to_silver_gold/run_id=scheduled__2023-11-24T08:00:00+00:00/task_id=Gold permission to 509
[2024-10-24T14:33:47.981+0000] {logging_mixin.py:151} INFO - Failed to change /opt/***/logs/dag_id=api_openbrewerydb_to_silver_gold/run_id=scheduled__2023-11-24T08:00:00+00:00/task_id=Gold permission to 509: [Errno 1] Operation not permitted: '/opt/***/logs/dag_id=api_openbrewerydb_to_silver_gold/run_id=scheduled__2023-11-24T08:00:00+00:00/task_id=Gold'
[2024-10-24T14:33:48.039+0000] {taskinstance.py:1157} INFO - Dependencies all met for dep_context=non-requeueable deps ti=<TaskInstance: api_openbrewerydb_to_silver_gold.Gold scheduled__2023-11-24T08:00:00+00:00 [queued]>
[2024-10-24T14:33:48.053+0000] {taskinstance.py:1157} INFO - Dependencies all met for dep_context=requeueable deps ti=<TaskInstance: api_openbrewerydb_to_silver_gold.Gold scheduled__2023-11-24T08:00:00+00:00 [queued]>
[2024-10-24T14:33:48.053+0000] {taskinstance.py:1359} INFO - Starting attempt 1 of 2
[2024-10-24T14:33:48.071+0000] {taskinstance.py:1380} INFO - Executing <Task(SparkSubmitOperator): Gold> on 2023-11-24 08:00:00+00:00
[2024-10-24T14:33:48.078+0000] {standard_task_runner.py:57} INFO - Started process 11219 to run task
[2024-10-24T14:33:48.082+0000] {standard_task_runner.py:84} INFO - Running: ['***', 'tasks', 'run', 'api_openbrewerydb_to_silver_gold', 'Gold', 'scheduled__2023-11-24T08:00:00+00:00', '--job-id', '74', '--raw', '--subdir', 'DAGS_FOLDER/api_openbrewerydb_to_silver.py', '--cfg-path', '/tmp/tmpnd7uqf0s']
[2024-10-24T14:33:48.089+0000] {standard_task_runner.py:85} INFO - Job 74: Subtask Gold
[2024-10-24T14:33:48.174+0000] {logging_mixin.py:151} INFO - Changing /opt/***/logs/dag_id=api_openbrewerydb_to_silver_gold/run_id=scheduled__2023-11-24T08:00:00+00:00/task_id=Gold permission to 509
[2024-10-24T14:33:48.175+0000] {logging_mixin.py:151} INFO - Failed to change /opt/***/logs/dag_id=api_openbrewerydb_to_silver_gold/run_id=scheduled__2023-11-24T08:00:00+00:00/task_id=Gold permission to 509: [Errno 1] Operation not permitted: '/opt/***/logs/dag_id=api_openbrewerydb_to_silver_gold/run_id=scheduled__2023-11-24T08:00:00+00:00/task_id=Gold'
[2024-10-24T14:33:48.176+0000] {task_command.py:415} INFO - Running <TaskInstance: api_openbrewerydb_to_silver_gold.Gold scheduled__2023-11-24T08:00:00+00:00 [running]> on host 96f89615839b
[2024-10-24T14:33:48.333+0000] {taskinstance.py:1660} INFO - Exporting env vars: AIRFLOW_CTX_DAG_OWNER='Rodrigo Araujo' AIRFLOW_CTX_DAG_ID='api_openbrewerydb_to_silver_gold' AIRFLOW_CTX_TASK_ID='Gold' AIRFLOW_CTX_EXECUTION_DATE='2023-11-24T08:00:00+00:00' AIRFLOW_CTX_TRY_NUMBER='1' AIRFLOW_CTX_DAG_RUN_ID='scheduled__2023-11-24T08:00:00+00:00'
[2024-10-24T14:33:48.354+0000] {base.py:73} INFO - Using connection ID 'spark-conn' for task execution.
[2024-10-24T14:33:48.356+0000] {spark_submit.py:363} INFO - Spark-Submit cmd: spark-submit --master spark://spark-master:7077 --name arrow-spark jobs/gold/api_openbrewerydb.py
[2024-10-24T14:33:53.898+0000] {spark_submit.py:524} INFO - 24/10/24 14:33:53 INFO SparkContext: Running Spark version 3.5.3
[2024-10-24T14:33:53.903+0000] {spark_submit.py:524} INFO - 24/10/24 14:33:53 INFO SparkContext: OS info Linux, 5.15.0-124-generic, amd64
[2024-10-24T14:33:53.904+0000] {spark_submit.py:524} INFO - 24/10/24 14:33:53 INFO SparkContext: Java version 11.0.25
[2024-10-24T14:33:54.020+0000] {spark_submit.py:524} INFO - 24/10/24 14:33:54 WARN NativeCodeLoader: Unable to load native-hadoop library for your platform... using builtin-java classes where applicable
[2024-10-24T14:33:54.184+0000] {spark_submit.py:524} INFO - 24/10/24 14:33:54 INFO ResourceUtils: ==============================================================
[2024-10-24T14:33:54.184+0000] {spark_submit.py:524} INFO - 24/10/24 14:33:54 INFO ResourceUtils: No custom resources configured for spark.driver.
[2024-10-24T14:33:54.185+0000] {spark_submit.py:524} INFO - 24/10/24 14:33:54 INFO ResourceUtils: ==============================================================
[2024-10-24T14:33:54.186+0000] {spark_submit.py:524} INFO - 24/10/24 14:33:54 INFO SparkContext: Submitted application: IngestaoSilver
[2024-10-24T14:33:54.226+0000] {spark_submit.py:524} INFO - 24/10/24 14:33:54 INFO ResourceProfile: Default ResourceProfile created, executor resources: Map(memory -> name: memory, amount: 1024, script: , vendor: , offHeap -> name: offHeap, amount: 0, script: , vendor: ), task resources: Map(cpus -> name: cpus, amount: 1.0)
[2024-10-24T14:33:54.256+0000] {spark_submit.py:524} INFO - 24/10/24 14:33:54 INFO ResourceProfile: Limiting resource is cpu
[2024-10-24T14:33:54.257+0000] {spark_submit.py:524} INFO - 24/10/24 14:33:54 INFO ResourceProfileManager: Added ResourceProfile id: 0
[2024-10-24T14:33:54.346+0000] {spark_submit.py:524} INFO - 24/10/24 14:33:54 INFO SecurityManager: Changing view acls to: ***
[2024-10-24T14:33:54.347+0000] {spark_submit.py:524} INFO - 24/10/24 14:33:54 INFO SecurityManager: Changing modify acls to: ***
[2024-10-24T14:33:54.348+0000] {spark_submit.py:524} INFO - 24/10/24 14:33:54 INFO SecurityManager: Changing view acls groups to:
[2024-10-24T14:33:54.349+0000] {spark_submit.py:524} INFO - 24/10/24 14:33:54 INFO SecurityManager: Changing modify acls groups to:
[2024-10-24T14:33:54.349+0000] {spark_submit.py:524} INFO - 24/10/24 14:33:54 INFO SecurityManager: SecurityManager: authentication disabled; ui acls disabled; users with view permissions: ***; groups with view permissions: EMPTY; users with modify permissions: ***; groups with modify permissions: EMPTY
[2024-10-24T14:33:54.762+0000] {spark_submit.py:524} INFO - 24/10/24 14:33:54 INFO Utils: Successfully started service 'sparkDriver' on port 37123.
[2024-10-24T14:33:54.808+0000] {spark_submit.py:524} INFO - 24/10/24 14:33:54 INFO SparkEnv: Registering MapOutputTracker
[2024-10-24T14:33:54.863+0000] {spark_submit.py:524} INFO - 24/10/24 14:33:54 INFO SparkEnv: Registering BlockManagerMaster
[2024-10-24T14:33:54.901+0000] {spark_submit.py:524} INFO - 24/10/24 14:33:54 INFO BlockManagerMasterEndpoint: Using org.apache.spark.storage.DefaultTopologyMapper for getting topology information
[2024-10-24T14:33:54.902+0000] {spark_submit.py:524} INFO - 24/10/24 14:33:54 INFO BlockManagerMasterEndpoint: BlockManagerMasterEndpoint up
[2024-10-24T14:33:54.907+0000] {spark_submit.py:524} INFO - 24/10/24 14:33:54 INFO SparkEnv: Registering BlockManagerMasterHeartbeat
[2024-10-24T14:33:54.942+0000] {spark_submit.py:524} INFO - 24/10/24 14:33:54 INFO DiskBlockManager: Created local directory at /tmp/blockmgr-3a62ebc4-8c84-4845-8db0-422f0869c1f1
[2024-10-24T14:33:54.966+0000] {spark_submit.py:524} INFO - 24/10/24 14:33:54 INFO MemoryStore: MemoryStore started with capacity 434.4 MiB
[2024-10-24T14:33:54.990+0000] {spark_submit.py:524} INFO - 24/10/24 14:33:54 INFO SparkEnv: Registering OutputCommitCoordinator
[2024-10-24T14:33:55.248+0000] {spark_submit.py:524} INFO - 24/10/24 14:33:55 INFO JettyUtils: Start Jetty 0.0.0.0:4040 for SparkUI
[2024-10-24T14:33:55.350+0000] {spark_submit.py:524} INFO - 24/10/24 14:33:55 INFO Utils: Successfully started service 'SparkUI' on port 4040.
[2024-10-24T14:33:55.544+0000] {spark_submit.py:524} INFO - 24/10/24 14:33:55 INFO StandaloneAppClient$ClientEndpoint: Connecting to master spark://spark-master:7077...
[2024-10-24T14:33:55.630+0000] {spark_submit.py:524} INFO - 24/10/24 14:33:55 INFO TransportClientFactory: Successfully created connection to spark-master/172.18.0.2:7077 after 49 ms (0 ms spent in bootstraps)
[2024-10-24T14:33:55.776+0000] {spark_submit.py:524} INFO - 24/10/24 14:33:55 INFO StandaloneSchedulerBackend: Connected to Spark cluster with app ID app-20241024143355-0069
[2024-10-24T14:33:55.781+0000] {spark_submit.py:524} INFO - 24/10/24 14:33:55 INFO StandaloneAppClient$ClientEndpoint: Executor added: app-20241024143355-0069/0 on worker-20241024142308-172.18.0.5-43899 (172.18.0.5:43899) with 2 core(s)
[2024-10-24T14:33:55.785+0000] {spark_submit.py:524} INFO - 24/10/24 14:33:55 INFO StandaloneSchedulerBackend: Granted executor ID app-20241024143355-0069/0 on hostPort 172.18.0.5:43899 with 2 core(s), 1024.0 MiB RAM
[2024-10-24T14:33:55.794+0000] {spark_submit.py:524} INFO - 24/10/24 14:33:55 INFO Utils: Successfully started service 'org.apache.spark.network.netty.NettyBlockTransferService' on port 35385.
[2024-10-24T14:33:55.796+0000] {spark_submit.py:524} INFO - 24/10/24 14:33:55 INFO NettyBlockTransferService: Server created on 96f89615839b:35385
[2024-10-24T14:33:55.799+0000] {spark_submit.py:524} INFO - 24/10/24 14:33:55 INFO BlockManager: Using org.apache.spark.storage.RandomBlockReplicationPolicy for block replication policy
[2024-10-24T14:33:55.818+0000] {spark_submit.py:524} INFO - 24/10/24 14:33:55 INFO BlockManagerMaster: Registering BlockManager BlockManagerId(driver, 96f89615839b, 35385, None)
[2024-10-24T14:33:55.826+0000] {spark_submit.py:524} INFO - 24/10/24 14:33:55 INFO BlockManagerMasterEndpoint: Registering block manager 96f89615839b:35385 with 434.4 MiB RAM, BlockManagerId(driver, 96f89615839b, 35385, None)
[2024-10-24T14:33:55.829+0000] {spark_submit.py:524} INFO - 24/10/24 14:33:55 INFO StandaloneAppClient$ClientEndpoint: Executor updated: app-20241024143355-0069/0 is now RUNNING
[2024-10-24T14:33:55.831+0000] {spark_submit.py:524} INFO - 24/10/24 14:33:55 INFO BlockManagerMaster: Registered BlockManager BlockManagerId(driver, 96f89615839b, 35385, None)
[2024-10-24T14:33:55.833+0000] {spark_submit.py:524} INFO - 24/10/24 14:33:55 INFO BlockManager: Initialized BlockManager: BlockManagerId(driver, 96f89615839b, 35385, None)
[2024-10-24T14:33:56.326+0000] {spark_submit.py:524} INFO - 24/10/24 14:33:56 INFO StandaloneSchedulerBackend: SchedulerBackend is ready for scheduling beginning after reached minRegisteredResourcesRatio: 0.0
[2024-10-24T14:33:56.675+0000] {spark_submit.py:524} INFO - Hello from Spark!
[2024-10-24T14:33:56.676+0000] {spark_submit.py:524} INFO - 24/10/24 14:33:56 INFO SparkContext: SparkContext is stopping with exitCode 0.
[2024-10-24T14:33:56.694+0000] {spark_submit.py:524} INFO - 24/10/24 14:33:56 INFO SparkUI: Stopped Spark web UI at http://96f89615839b:4040
[2024-10-24T14:33:56.702+0000] {spark_submit.py:524} INFO - 24/10/24 14:33:56 INFO StandaloneSchedulerBackend: Shutting down all executors
[2024-10-24T14:33:56.709+0000] {spark_submit.py:524} INFO - 24/10/24 14:33:56 INFO StandaloneSchedulerBackend$StandaloneDriverEndpoint: Asking each executor to shut down
[2024-10-24T14:33:56.734+0000] {spark_submit.py:524} INFO - 24/10/24 14:33:56 INFO MapOutputTrackerMasterEndpoint: MapOutputTrackerMasterEndpoint stopped!
[2024-10-24T14:33:56.758+0000] {spark_submit.py:524} INFO - 24/10/24 14:33:56 INFO MemoryStore: MemoryStore cleared
[2024-10-24T14:33:56.759+0000] {spark_submit.py:524} INFO - 24/10/24 14:33:56 INFO BlockManager: BlockManager stopped
[2024-10-24T14:33:56.769+0000] {spark_submit.py:524} INFO - 24/10/24 14:33:56 INFO BlockManagerMaster: BlockManagerMaster stopped
[2024-10-24T14:33:56.772+0000] {spark_submit.py:524} INFO - 24/10/24 14:33:56 INFO OutputCommitCoordinator$OutputCommitCoordinatorEndpoint: OutputCommitCoordinator stopped!
[2024-10-24T14:33:56.785+0000] {spark_submit.py:524} INFO - 24/10/24 14:33:56 INFO SparkContext: Successfully stopped SparkContext
[2024-10-24T14:33:56.965+0000] {spark_submit.py:524} INFO - 24/10/24 14:33:56 INFO ShutdownHookManager: Shutdown hook called
[2024-10-24T14:33:56.967+0000] {spark_submit.py:524} INFO - 24/10/24 14:33:56 INFO ShutdownHookManager: Deleting directory /tmp/spark-f9c17fad-4979-44e2-9cec-1c88054278c2
[2024-10-24T14:33:56.973+0000] {spark_submit.py:524} INFO - 24/10/24 14:33:56 INFO ShutdownHookManager: Deleting directory /tmp/spark-9412774c-1a9d-4a2b-86ff-a19dca107106/pyspark-ed8ffbb3-0c5a-4c7e-99c3-5f24c29d2d3e
[2024-10-24T14:33:56.979+0000] {spark_submit.py:524} INFO - 24/10/24 14:33:56 INFO ShutdownHookManager: Deleting directory /tmp/spark-9412774c-1a9d-4a2b-86ff-a19dca107106
[2024-10-24T14:33:57.080+0000] {taskinstance.py:1398} INFO - Marking task as SUCCESS. dag_id=api_openbrewerydb_to_silver_gold, task_id=Gold, execution_date=20231124T080000, start_date=20241024T143348, end_date=20241024T143357
[2024-10-24T14:33:57.148+0000] {local_task_job_runner.py:228} INFO - Task exited with return code 0
[2024-10-24T14:33:57.192+0000] {taskinstance.py:2776} INFO - 0 downstream tasks scheduled from follow-on schedule check
