[2024-10-24T14:28:59.599+0000] {taskinstance.py:1157} INFO - Dependencies all met for dep_context=non-requeueable deps ti=<TaskInstance: api_openbrewerydb_to_silver_gold.Gold scheduled__2023-11-03T08:00:00+00:00 [queued]>
[2024-10-24T14:28:59.612+0000] {taskinstance.py:1157} INFO - Dependencies all met for dep_context=requeueable deps ti=<TaskInstance: api_openbrewerydb_to_silver_gold.Gold scheduled__2023-11-03T08:00:00+00:00 [queued]>
[2024-10-24T14:28:59.612+0000] {taskinstance.py:1359} INFO - Starting attempt 1 of 2
[2024-10-24T14:28:59.638+0000] {taskinstance.py:1380} INFO - Executing <Task(SparkSubmitOperator): Gold> on 2023-11-03 08:00:00+00:00
[2024-10-24T14:28:59.645+0000] {standard_task_runner.py:57} INFO - Started process 4533 to run task
[2024-10-24T14:28:59.649+0000] {standard_task_runner.py:84} INFO - Running: ['***', 'tasks', 'run', 'api_openbrewerydb_to_silver_gold', 'Gold', 'scheduled__2023-11-03T08:00:00+00:00', '--job-id', '32', '--raw', '--subdir', 'DAGS_FOLDER/api_openbrewerydb_to_silver.py', '--cfg-path', '/tmp/tmpxzmgdtro']
[2024-10-24T14:28:59.656+0000] {standard_task_runner.py:85} INFO - Job 32: Subtask Gold
[2024-10-24T14:28:59.739+0000] {task_command.py:415} INFO - Running <TaskInstance: api_openbrewerydb_to_silver_gold.Gold scheduled__2023-11-03T08:00:00+00:00 [running]> on host 96f89615839b
[2024-10-24T14:28:59.898+0000] {taskinstance.py:1660} INFO - Exporting env vars: AIRFLOW_CTX_DAG_OWNER='Rodrigo Araujo' AIRFLOW_CTX_DAG_ID='api_openbrewerydb_to_silver_gold' AIRFLOW_CTX_TASK_ID='Gold' AIRFLOW_CTX_EXECUTION_DATE='2023-11-03T08:00:00+00:00' AIRFLOW_CTX_TRY_NUMBER='1' AIRFLOW_CTX_DAG_RUN_ID='scheduled__2023-11-03T08:00:00+00:00'
[2024-10-24T14:28:59.919+0000] {base.py:73} INFO - Using connection ID 'spark-conn' for task execution.
[2024-10-24T14:28:59.920+0000] {spark_submit.py:363} INFO - Spark-Submit cmd: spark-submit --master spark://spark-master:7077 --name arrow-spark jobs/gold/api_openbrewerydb.py
[2024-10-24T14:29:05.411+0000] {spark_submit.py:524} INFO - 24/10/24 14:29:05 INFO SparkContext: Running Spark version 3.5.3
[2024-10-24T14:29:05.415+0000] {spark_submit.py:524} INFO - 24/10/24 14:29:05 INFO SparkContext: OS info Linux, 5.15.0-124-generic, amd64
[2024-10-24T14:29:05.416+0000] {spark_submit.py:524} INFO - 24/10/24 14:29:05 INFO SparkContext: Java version 11.0.25
[2024-10-24T14:29:05.520+0000] {spark_submit.py:524} INFO - 24/10/24 14:29:05 WARN NativeCodeLoader: Unable to load native-hadoop library for your platform... using builtin-java classes where applicable
[2024-10-24T14:29:05.674+0000] {spark_submit.py:524} INFO - 24/10/24 14:29:05 INFO ResourceUtils: ==============================================================
[2024-10-24T14:29:05.674+0000] {spark_submit.py:524} INFO - 24/10/24 14:29:05 INFO ResourceUtils: No custom resources configured for spark.driver.
[2024-10-24T14:29:05.675+0000] {spark_submit.py:524} INFO - 24/10/24 14:29:05 INFO ResourceUtils: ==============================================================
[2024-10-24T14:29:05.676+0000] {spark_submit.py:524} INFO - 24/10/24 14:29:05 INFO SparkContext: Submitted application: IngestaoSilver
[2024-10-24T14:29:05.712+0000] {spark_submit.py:524} INFO - 24/10/24 14:29:05 INFO ResourceProfile: Default ResourceProfile created, executor resources: Map(memory -> name: memory, amount: 1024, script: , vendor: , offHeap -> name: offHeap, amount: 0, script: , vendor: ), task resources: Map(cpus -> name: cpus, amount: 1.0)
[2024-10-24T14:29:05.739+0000] {spark_submit.py:524} INFO - 24/10/24 14:29:05 INFO ResourceProfile: Limiting resource is cpu
[2024-10-24T14:29:05.740+0000] {spark_submit.py:524} INFO - 24/10/24 14:29:05 INFO ResourceProfileManager: Added ResourceProfile id: 0
[2024-10-24T14:29:05.832+0000] {spark_submit.py:524} INFO - 24/10/24 14:29:05 INFO SecurityManager: Changing view acls to: ***
[2024-10-24T14:29:05.833+0000] {spark_submit.py:524} INFO - 24/10/24 14:29:05 INFO SecurityManager: Changing modify acls to: ***
[2024-10-24T14:29:05.833+0000] {spark_submit.py:524} INFO - 24/10/24 14:29:05 INFO SecurityManager: Changing view acls groups to:
[2024-10-24T14:29:05.834+0000] {spark_submit.py:524} INFO - 24/10/24 14:29:05 INFO SecurityManager: Changing modify acls groups to:
[2024-10-24T14:29:05.835+0000] {spark_submit.py:524} INFO - 24/10/24 14:29:05 INFO SecurityManager: SecurityManager: authentication disabled; ui acls disabled; users with view permissions: ***; groups with view permissions: EMPTY; users with modify permissions: ***; groups with modify permissions: EMPTY
[2024-10-24T14:29:06.258+0000] {spark_submit.py:524} INFO - 24/10/24 14:29:06 INFO Utils: Successfully started service 'sparkDriver' on port 33221.
[2024-10-24T14:29:06.304+0000] {spark_submit.py:524} INFO - 24/10/24 14:29:06 INFO SparkEnv: Registering MapOutputTracker
[2024-10-24T14:29:06.359+0000] {spark_submit.py:524} INFO - 24/10/24 14:29:06 INFO SparkEnv: Registering BlockManagerMaster
[2024-10-24T14:29:06.394+0000] {spark_submit.py:524} INFO - 24/10/24 14:29:06 INFO BlockManagerMasterEndpoint: Using org.apache.spark.storage.DefaultTopologyMapper for getting topology information
[2024-10-24T14:29:06.395+0000] {spark_submit.py:524} INFO - 24/10/24 14:29:06 INFO BlockManagerMasterEndpoint: BlockManagerMasterEndpoint up
[2024-10-24T14:29:06.401+0000] {spark_submit.py:524} INFO - 24/10/24 14:29:06 INFO SparkEnv: Registering BlockManagerMasterHeartbeat
[2024-10-24T14:29:06.435+0000] {spark_submit.py:524} INFO - 24/10/24 14:29:06 INFO DiskBlockManager: Created local directory at /tmp/blockmgr-478c29f2-a950-4aee-aec9-3765edfb0e21
[2024-10-24T14:29:06.459+0000] {spark_submit.py:524} INFO - 24/10/24 14:29:06 INFO MemoryStore: MemoryStore started with capacity 434.4 MiB
[2024-10-24T14:29:06.484+0000] {spark_submit.py:524} INFO - 24/10/24 14:29:06 INFO SparkEnv: Registering OutputCommitCoordinator
[2024-10-24T14:29:06.733+0000] {spark_submit.py:524} INFO - 24/10/24 14:29:06 INFO JettyUtils: Start Jetty 0.0.0.0:4040 for SparkUI
[2024-10-24T14:29:06.838+0000] {spark_submit.py:524} INFO - 24/10/24 14:29:06 INFO Utils: Successfully started service 'SparkUI' on port 4040.
[2024-10-24T14:29:07.054+0000] {spark_submit.py:524} INFO - 24/10/24 14:29:07 INFO StandaloneAppClient$ClientEndpoint: Connecting to master spark://spark-master:7077...
[2024-10-24T14:29:07.141+0000] {spark_submit.py:524} INFO - 24/10/24 14:29:07 INFO TransportClientFactory: Successfully created connection to spark-master/172.18.0.2:7077 after 49 ms (0 ms spent in bootstraps)
[2024-10-24T14:29:07.290+0000] {spark_submit.py:524} INFO - 24/10/24 14:29:07 INFO StandaloneSchedulerBackend: Connected to Spark cluster with app ID app-20241024142907-0027
[2024-10-24T14:29:07.292+0000] {spark_submit.py:524} INFO - 24/10/24 14:29:07 INFO StandaloneAppClient$ClientEndpoint: Executor added: app-20241024142907-0027/0 on worker-20241024142308-172.18.0.5-43899 (172.18.0.5:43899) with 2 core(s)
[2024-10-24T14:29:07.296+0000] {spark_submit.py:524} INFO - 24/10/24 14:29:07 INFO StandaloneSchedulerBackend: Granted executor ID app-20241024142907-0027/0 on hostPort 172.18.0.5:43899 with 2 core(s), 1024.0 MiB RAM
[2024-10-24T14:29:07.307+0000] {spark_submit.py:524} INFO - 24/10/24 14:29:07 INFO Utils: Successfully started service 'org.apache.spark.network.netty.NettyBlockTransferService' on port 43469.
[2024-10-24T14:29:07.308+0000] {spark_submit.py:524} INFO - 24/10/24 14:29:07 INFO NettyBlockTransferService: Server created on 96f89615839b:43469
[2024-10-24T14:29:07.311+0000] {spark_submit.py:524} INFO - 24/10/24 14:29:07 INFO BlockManager: Using org.apache.spark.storage.RandomBlockReplicationPolicy for block replication policy
[2024-10-24T14:29:07.336+0000] {spark_submit.py:524} INFO - 24/10/24 14:29:07 INFO BlockManagerMaster: Registering BlockManager BlockManagerId(driver, 96f89615839b, 43469, None)
[2024-10-24T14:29:07.345+0000] {spark_submit.py:524} INFO - 24/10/24 14:29:07 INFO BlockManagerMasterEndpoint: Registering block manager 96f89615839b:43469 with 434.4 MiB RAM, BlockManagerId(driver, 96f89615839b, 43469, None)
[2024-10-24T14:29:07.353+0000] {spark_submit.py:524} INFO - 24/10/24 14:29:07 INFO BlockManagerMaster: Registered BlockManager BlockManagerId(driver, 96f89615839b, 43469, None)
[2024-10-24T14:29:07.356+0000] {spark_submit.py:524} INFO - 24/10/24 14:29:07 INFO BlockManager: Initialized BlockManager: BlockManagerId(driver, 96f89615839b, 43469, None)
[2024-10-24T14:29:07.357+0000] {spark_submit.py:524} INFO - 24/10/24 14:29:07 INFO StandaloneAppClient$ClientEndpoint: Executor updated: app-20241024142907-0027/0 is now RUNNING
[2024-10-24T14:29:07.803+0000] {spark_submit.py:524} INFO - 24/10/24 14:29:07 INFO StandaloneSchedulerBackend: SchedulerBackend is ready for scheduling beginning after reached minRegisteredResourcesRatio: 0.0
[2024-10-24T14:29:08.121+0000] {spark_submit.py:524} INFO - Hello from Spark!
[2024-10-24T14:29:08.122+0000] {spark_submit.py:524} INFO - 24/10/24 14:29:08 INFO SparkContext: SparkContext is stopping with exitCode 0.
[2024-10-24T14:29:08.140+0000] {spark_submit.py:524} INFO - 24/10/24 14:29:08 INFO SparkUI: Stopped Spark web UI at http://96f89615839b:4040
[2024-10-24T14:29:08.150+0000] {spark_submit.py:524} INFO - 24/10/24 14:29:08 INFO StandaloneSchedulerBackend: Shutting down all executors
[2024-10-24T14:29:08.157+0000] {spark_submit.py:524} INFO - 24/10/24 14:29:08 INFO StandaloneSchedulerBackend$StandaloneDriverEndpoint: Asking each executor to shut down
[2024-10-24T14:29:08.188+0000] {spark_submit.py:524} INFO - 24/10/24 14:29:08 INFO MapOutputTrackerMasterEndpoint: MapOutputTrackerMasterEndpoint stopped!
[2024-10-24T14:29:08.211+0000] {spark_submit.py:524} INFO - 24/10/24 14:29:08 INFO MemoryStore: MemoryStore cleared
[2024-10-24T14:29:08.212+0000] {spark_submit.py:524} INFO - 24/10/24 14:29:08 INFO BlockManager: BlockManager stopped
[2024-10-24T14:29:08.225+0000] {spark_submit.py:524} INFO - 24/10/24 14:29:08 INFO BlockManagerMaster: BlockManagerMaster stopped
[2024-10-24T14:29:08.230+0000] {spark_submit.py:524} INFO - 24/10/24 14:29:08 INFO OutputCommitCoordinator$OutputCommitCoordinatorEndpoint: OutputCommitCoordinator stopped!
[2024-10-24T14:29:08.243+0000] {spark_submit.py:524} INFO - 24/10/24 14:29:08 INFO SparkContext: Successfully stopped SparkContext
[2024-10-24T14:29:08.447+0000] {spark_submit.py:524} INFO - 24/10/24 14:29:08 INFO ShutdownHookManager: Shutdown hook called
[2024-10-24T14:29:08.448+0000] {spark_submit.py:524} INFO - 24/10/24 14:29:08 INFO ShutdownHookManager: Deleting directory /tmp/spark-c2d6d442-8e62-4340-870f-3659bf47aaad
[2024-10-24T14:29:08.453+0000] {spark_submit.py:524} INFO - 24/10/24 14:29:08 INFO ShutdownHookManager: Deleting directory /tmp/spark-f537fd4a-cdc4-42dd-a439-74426bacacae/pyspark-89c449f1-0c10-4484-8a46-be631b3a03e3
[2024-10-24T14:29:08.457+0000] {spark_submit.py:524} INFO - 24/10/24 14:29:08 INFO ShutdownHookManager: Deleting directory /tmp/spark-f537fd4a-cdc4-42dd-a439-74426bacacae
[2024-10-24T14:29:08.541+0000] {taskinstance.py:1398} INFO - Marking task as SUCCESS. dag_id=api_openbrewerydb_to_silver_gold, task_id=Gold, execution_date=20231103T080000, start_date=20241024T142859, end_date=20241024T142908
[2024-10-24T14:29:08.607+0000] {local_task_job_runner.py:228} INFO - Task exited with return code 0
[2024-10-24T14:29:08.643+0000] {taskinstance.py:2776} INFO - 0 downstream tasks scheduled from follow-on schedule check
