[2024-10-24T01:12:22.123+0000] {taskinstance.py:1157} INFO - Dependencies all met for dep_context=non-requeueable deps ti=<TaskInstance: api_openbrewerydb_to_silver_gold.Silver scheduled__2023-10-24T08:00:00+00:00 [queued]>
[2024-10-24T01:12:22.146+0000] {taskinstance.py:1157} INFO - Dependencies all met for dep_context=requeueable deps ti=<TaskInstance: api_openbrewerydb_to_silver_gold.Silver scheduled__2023-10-24T08:00:00+00:00 [queued]>
[2024-10-24T01:12:22.146+0000] {taskinstance.py:1359} INFO - Starting attempt 1 of 3
[2024-10-24T01:12:22.272+0000] {taskinstance.py:1380} INFO - Executing <Task(SparkSubmitOperator): Silver> on 2023-10-24 08:00:00+00:00
[2024-10-24T01:12:22.286+0000] {standard_task_runner.py:57} INFO - Started process 240 to run task
[2024-10-24T01:12:22.297+0000] {standard_task_runner.py:84} INFO - Running: ['***', 'tasks', 'run', 'api_openbrewerydb_to_silver_gold', 'Silver', 'scheduled__2023-10-24T08:00:00+00:00', '--job-id', '42', '--raw', '--subdir', 'DAGS_FOLDER/api_openbrewerydb_to_silver.py', '--cfg-path', '/tmp/tmp4oh4wodr']
[2024-10-24T01:12:22.302+0000] {standard_task_runner.py:85} INFO - Job 42: Subtask Silver
[2024-10-24T01:12:22.493+0000] {task_command.py:415} INFO - Running <TaskInstance: api_openbrewerydb_to_silver_gold.Silver scheduled__2023-10-24T08:00:00+00:00 [running]> on host de5108c6da1d
[2024-10-24T01:12:22.793+0000] {taskinstance.py:1660} INFO - Exporting env vars: AIRFLOW_CTX_DAG_OWNER='Rodrigo Araujo' AIRFLOW_CTX_DAG_ID='api_openbrewerydb_to_silver_gold' AIRFLOW_CTX_TASK_ID='Silver' AIRFLOW_CTX_EXECUTION_DATE='2023-10-24T08:00:00+00:00' AIRFLOW_CTX_TRY_NUMBER='1' AIRFLOW_CTX_DAG_RUN_ID='scheduled__2023-10-24T08:00:00+00:00'
[2024-10-24T01:12:22.867+0000] {base.py:73} INFO - Using connection ID 'spark-conn' for task execution.
[2024-10-24T01:12:22.868+0000] {spark_submit.py:363} INFO - Spark-Submit cmd: spark-submit --master spark://spark-master:7077 --name arrow-spark --queue root.default jobs/silver/api_openbrewerydb.py
[2024-10-24T01:17:18.407+0000] {local_task_job_runner.py:294} WARNING - State of this instance has been externally set to scheduled. Terminating instance.
[2024-10-24T01:17:18.996+0000] {process_utils.py:131} INFO - Sending 15 to group 240. PIDs of all processes in the group: [267, 240]
[2024-10-24T01:17:19.192+0000] {process_utils.py:86} INFO - Sending the signal 15 to group 240
[2024-10-24T01:17:19.347+0000] {taskinstance.py:1630} ERROR - Received SIGTERM. Terminating subprocesses.
[2024-10-24T01:17:19.348+0000] {spark_submit.py:654} INFO - Sending kill signal to spark-submit
[2024-10-24T01:17:19.643+0000] {taskinstance.py:1935} ERROR - Task failed with exception
Traceback (most recent call last):
  File "/home/airflow/.local/lib/python3.11/site-packages/airflow/providers/apache/spark/operators/spark_submit.py", line 183, in execute
    self._hook.submit(self._application)
  File "/home/airflow/.local/lib/python3.11/site-packages/airflow/providers/apache/spark/hooks/spark_submit.py", line 438, in submit
    self._process_spark_submit_log(iter(self._submit_sp.stdout))  # type: ignore
    ^^^^^^^^^^^^^^^^^^^^^^^^^^^^^^^^^^^^^^^^^^^^^^^^^^^^^^^^^^^^
  File "/home/airflow/.local/lib/python3.11/site-packages/airflow/providers/apache/spark/hooks/spark_submit.py", line 492, in _process_spark_submit_log
    for line in itr:
  File "/home/airflow/.local/lib/python3.11/site-packages/airflow/models/taskinstance.py", line 1632, in signal_handler
    raise AirflowException("Task received SIGTERM signal")
airflow.exceptions.AirflowException: Task received SIGTERM signal
[2024-10-24T01:17:19.675+0000] {taskinstance.py:1398} INFO - Marking task as UP_FOR_RETRY. dag_id=api_openbrewerydb_to_silver_gold, task_id=Silver, execution_date=20231024T080000, start_date=20241024T011222, end_date=20241024T011719
[2024-10-24T01:17:19.821+0000] {standard_task_runner.py:104} ERROR - Failed to execute job 42 for task Silver (Task received SIGTERM signal; 240)
[2024-10-24T01:17:19.949+0000] {process_utils.py:79} INFO - Process psutil.Process(pid=240, status='terminated', exitcode=1, started='01:12:21') (240) terminated with exit code 1
[2024-10-24T01:17:19.950+0000] {process_utils.py:79} INFO - Process psutil.Process(pid=267, status='terminated', started='01:12:22') (267) terminated with exit code None
[2024-10-24T14:26:34.466+0000] {logging_mixin.py:151} INFO - Changing /opt/***/logs/dag_id=api_openbrewerydb_to_silver_gold/run_id=scheduled__2023-10-24T08:00:00+00:00/task_id=Silver permission to 509
[2024-10-24T14:26:34.466+0000] {logging_mixin.py:151} INFO - Failed to change /opt/***/logs/dag_id=api_openbrewerydb_to_silver_gold/run_id=scheduled__2023-10-24T08:00:00+00:00/task_id=Silver permission to 509: [Errno 1] Operation not permitted: '/opt/***/logs/dag_id=api_openbrewerydb_to_silver_gold/run_id=scheduled__2023-10-24T08:00:00+00:00/task_id=Silver'
[2024-10-24T14:26:34.495+0000] {logging_mixin.py:151} INFO - Changing /opt/***/logs/dag_id=api_openbrewerydb_to_silver_gold/run_id=scheduled__2023-10-24T08:00:00+00:00/task_id=Silver permission to 509
[2024-10-24T14:26:34.495+0000] {logging_mixin.py:151} INFO - Failed to change /opt/***/logs/dag_id=api_openbrewerydb_to_silver_gold/run_id=scheduled__2023-10-24T08:00:00+00:00/task_id=Silver permission to 509: [Errno 1] Operation not permitted: '/opt/***/logs/dag_id=api_openbrewerydb_to_silver_gold/run_id=scheduled__2023-10-24T08:00:00+00:00/task_id=Silver'
[2024-10-24T14:26:34.524+0000] {taskinstance.py:1157} INFO - Dependencies all met for dep_context=non-requeueable deps ti=<TaskInstance: api_openbrewerydb_to_silver_gold.Silver scheduled__2023-10-24T08:00:00+00:00 [queued]>
[2024-10-24T14:26:34.530+0000] {taskinstance.py:1157} INFO - Dependencies all met for dep_context=requeueable deps ti=<TaskInstance: api_openbrewerydb_to_silver_gold.Silver scheduled__2023-10-24T08:00:00+00:00 [queued]>
[2024-10-24T14:26:34.530+0000] {taskinstance.py:1359} INFO - Starting attempt 1 of 2
[2024-10-24T14:26:34.539+0000] {taskinstance.py:1380} INFO - Executing <Task(SparkSubmitOperator): Silver> on 2023-10-24 08:00:00+00:00
[2024-10-24T14:26:34.543+0000] {standard_task_runner.py:57} INFO - Started process 1187 to run task
[2024-10-24T14:26:34.545+0000] {standard_task_runner.py:84} INFO - Running: ['***', 'tasks', 'run', 'api_openbrewerydb_to_silver_gold', 'Silver', 'scheduled__2023-10-24T08:00:00+00:00', '--job-id', '11', '--raw', '--subdir', 'DAGS_FOLDER/api_openbrewerydb_to_silver.py', '--cfg-path', '/tmp/tmpa2ed054o']
[2024-10-24T14:26:34.547+0000] {standard_task_runner.py:85} INFO - Job 11: Subtask Silver
[2024-10-24T14:26:34.592+0000] {logging_mixin.py:151} INFO - Changing /opt/***/logs/dag_id=api_openbrewerydb_to_silver_gold/run_id=scheduled__2023-10-24T08:00:00+00:00/task_id=Silver permission to 509
[2024-10-24T14:26:34.592+0000] {logging_mixin.py:151} INFO - Failed to change /opt/***/logs/dag_id=api_openbrewerydb_to_silver_gold/run_id=scheduled__2023-10-24T08:00:00+00:00/task_id=Silver permission to 509: [Errno 1] Operation not permitted: '/opt/***/logs/dag_id=api_openbrewerydb_to_silver_gold/run_id=scheduled__2023-10-24T08:00:00+00:00/task_id=Silver'
[2024-10-24T14:26:34.593+0000] {task_command.py:415} INFO - Running <TaskInstance: api_openbrewerydb_to_silver_gold.Silver scheduled__2023-10-24T08:00:00+00:00 [running]> on host 96f89615839b
[2024-10-24T14:26:34.668+0000] {taskinstance.py:1660} INFO - Exporting env vars: AIRFLOW_CTX_DAG_OWNER='Rodrigo Araujo' AIRFLOW_CTX_DAG_ID='api_openbrewerydb_to_silver_gold' AIRFLOW_CTX_TASK_ID='Silver' AIRFLOW_CTX_EXECUTION_DATE='2023-10-24T08:00:00+00:00' AIRFLOW_CTX_TRY_NUMBER='1' AIRFLOW_CTX_DAG_RUN_ID='scheduled__2023-10-24T08:00:00+00:00'
[2024-10-24T14:26:34.678+0000] {base.py:73} INFO - Using connection ID 'spark-conn' for task execution.
[2024-10-24T14:26:34.679+0000] {spark_submit.py:363} INFO - Spark-Submit cmd: spark-submit --master spark://spark-master:7077 --name arrow-spark jobs/silver/api_openbrewerydb.py
[2024-10-24T14:26:37.492+0000] {spark_submit.py:524} INFO - 24/10/24 14:26:37 INFO SparkContext: Running Spark version 3.5.3
[2024-10-24T14:26:37.493+0000] {spark_submit.py:524} INFO - 24/10/24 14:26:37 INFO SparkContext: OS info Linux, 5.15.0-124-generic, amd64
[2024-10-24T14:26:37.494+0000] {spark_submit.py:524} INFO - 24/10/24 14:26:37 INFO SparkContext: Java version 11.0.25
[2024-10-24T14:26:37.547+0000] {spark_submit.py:524} INFO - 24/10/24 14:26:37 WARN NativeCodeLoader: Unable to load native-hadoop library for your platform... using builtin-java classes where applicable
[2024-10-24T14:26:37.627+0000] {spark_submit.py:524} INFO - 24/10/24 14:26:37 INFO ResourceUtils: ==============================================================
[2024-10-24T14:26:37.628+0000] {spark_submit.py:524} INFO - 24/10/24 14:26:37 INFO ResourceUtils: No custom resources configured for spark.driver.
[2024-10-24T14:26:37.628+0000] {spark_submit.py:524} INFO - 24/10/24 14:26:37 INFO ResourceUtils: ==============================================================
[2024-10-24T14:26:37.628+0000] {spark_submit.py:524} INFO - 24/10/24 14:26:37 INFO SparkContext: Submitted application: IngestaoSilver
[2024-10-24T14:26:37.646+0000] {spark_submit.py:524} INFO - 24/10/24 14:26:37 INFO ResourceProfile: Default ResourceProfile created, executor resources: Map(memory -> name: memory, amount: 1024, script: , vendor: , offHeap -> name: offHeap, amount: 0, script: , vendor: ), task resources: Map(cpus -> name: cpus, amount: 1.0)
[2024-10-24T14:26:37.659+0000] {spark_submit.py:524} INFO - 24/10/24 14:26:37 INFO ResourceProfile: Limiting resource is cpu
[2024-10-24T14:26:37.659+0000] {spark_submit.py:524} INFO - 24/10/24 14:26:37 INFO ResourceProfileManager: Added ResourceProfile id: 0
[2024-10-24T14:26:37.703+0000] {spark_submit.py:524} INFO - 24/10/24 14:26:37 INFO SecurityManager: Changing view acls to: ***
[2024-10-24T14:26:37.703+0000] {spark_submit.py:524} INFO - 24/10/24 14:26:37 INFO SecurityManager: Changing modify acls to: ***
[2024-10-24T14:26:37.704+0000] {spark_submit.py:524} INFO - 24/10/24 14:26:37 INFO SecurityManager: Changing view acls groups to:
[2024-10-24T14:26:37.704+0000] {spark_submit.py:524} INFO - 24/10/24 14:26:37 INFO SecurityManager: Changing modify acls groups to:
[2024-10-24T14:26:37.705+0000] {spark_submit.py:524} INFO - 24/10/24 14:26:37 INFO SecurityManager: SecurityManager: authentication disabled; ui acls disabled; users with view permissions: ***; groups with view permissions: EMPTY; users with modify permissions: ***; groups with modify permissions: EMPTY
[2024-10-24T14:26:37.912+0000] {spark_submit.py:524} INFO - 24/10/24 14:26:37 INFO Utils: Successfully started service 'sparkDriver' on port 41537.
[2024-10-24T14:26:37.936+0000] {spark_submit.py:524} INFO - 24/10/24 14:26:37 INFO SparkEnv: Registering MapOutputTracker
[2024-10-24T14:26:37.963+0000] {spark_submit.py:524} INFO - 24/10/24 14:26:37 INFO SparkEnv: Registering BlockManagerMaster
[2024-10-24T14:26:37.987+0000] {spark_submit.py:524} INFO - 24/10/24 14:26:37 INFO BlockManagerMasterEndpoint: Using org.apache.spark.storage.DefaultTopologyMapper for getting topology information
[2024-10-24T14:26:37.988+0000] {spark_submit.py:524} INFO - 24/10/24 14:26:37 INFO BlockManagerMasterEndpoint: BlockManagerMasterEndpoint up
[2024-10-24T14:26:37.992+0000] {spark_submit.py:524} INFO - 24/10/24 14:26:37 INFO SparkEnv: Registering BlockManagerMasterHeartbeat
[2024-10-24T14:26:38.012+0000] {spark_submit.py:524} INFO - 24/10/24 14:26:38 INFO DiskBlockManager: Created local directory at /tmp/blockmgr-8cc2fee3-8fba-41c6-b8da-2130ed64630c
[2024-10-24T14:26:38.025+0000] {spark_submit.py:524} INFO - 24/10/24 14:26:38 INFO MemoryStore: MemoryStore started with capacity 434.4 MiB
[2024-10-24T14:26:38.037+0000] {spark_submit.py:524} INFO - 24/10/24 14:26:38 INFO SparkEnv: Registering OutputCommitCoordinator
[2024-10-24T14:26:38.161+0000] {spark_submit.py:524} INFO - 24/10/24 14:26:38 INFO JettyUtils: Start Jetty 0.0.0.0:4040 for SparkUI
[2024-10-24T14:26:38.206+0000] {spark_submit.py:524} INFO - 24/10/24 14:26:38 INFO Utils: Successfully started service 'SparkUI' on port 4040.
[2024-10-24T14:26:38.300+0000] {spark_submit.py:524} INFO - 24/10/24 14:26:38 INFO StandaloneAppClient$ClientEndpoint: Connecting to master spark://spark-master:7077...
[2024-10-24T14:26:38.347+0000] {spark_submit.py:524} INFO - 24/10/24 14:26:38 INFO TransportClientFactory: Successfully created connection to spark-master/172.18.0.2:7077 after 30 ms (0 ms spent in bootstraps)
[2024-10-24T14:26:38.438+0000] {spark_submit.py:524} INFO - 24/10/24 14:26:38 INFO StandaloneSchedulerBackend: Connected to Spark cluster with app ID app-20241024142638-0006
[2024-10-24T14:26:38.450+0000] {spark_submit.py:524} INFO - 24/10/24 14:26:38 INFO StandaloneAppClient$ClientEndpoint: Executor added: app-20241024142638-0006/0 on worker-20241024142308-172.18.0.5-43899 (172.18.0.5:43899) with 2 core(s)
[2024-10-24T14:26:38.454+0000] {spark_submit.py:524} INFO - 24/10/24 14:26:38 INFO StandaloneSchedulerBackend: Granted executor ID app-20241024142638-0006/0 on hostPort 172.18.0.5:43899 with 2 core(s), 1024.0 MiB RAM
[2024-10-24T14:26:38.464+0000] {spark_submit.py:524} INFO - 24/10/24 14:26:38 INFO Utils: Successfully started service 'org.apache.spark.network.netty.NettyBlockTransferService' on port 45775.
[2024-10-24T14:26:38.465+0000] {spark_submit.py:524} INFO - 24/10/24 14:26:38 INFO NettyBlockTransferService: Server created on 96f89615839b:45775
[2024-10-24T14:26:38.471+0000] {spark_submit.py:524} INFO - 24/10/24 14:26:38 INFO BlockManager: Using org.apache.spark.storage.RandomBlockReplicationPolicy for block replication policy
[2024-10-24T14:26:38.492+0000] {spark_submit.py:524} INFO - 24/10/24 14:26:38 INFO BlockManagerMaster: Registering BlockManager BlockManagerId(driver, 96f89615839b, 45775, None)
[2024-10-24T14:26:38.498+0000] {spark_submit.py:524} INFO - 24/10/24 14:26:38 INFO StandaloneAppClient$ClientEndpoint: Executor updated: app-20241024142638-0006/0 is now RUNNING
[2024-10-24T14:26:38.499+0000] {spark_submit.py:524} INFO - 24/10/24 14:26:38 INFO BlockManagerMasterEndpoint: Registering block manager 96f89615839b:45775 with 434.4 MiB RAM, BlockManagerId(driver, 96f89615839b, 45775, None)
[2024-10-24T14:26:38.503+0000] {spark_submit.py:524} INFO - 24/10/24 14:26:38 INFO BlockManagerMaster: Registered BlockManager BlockManagerId(driver, 96f89615839b, 45775, None)
[2024-10-24T14:26:38.505+0000] {spark_submit.py:524} INFO - 24/10/24 14:26:38 INFO BlockManager: Initialized BlockManager: BlockManagerId(driver, 96f89615839b, 45775, None)
[2024-10-24T14:26:38.740+0000] {spark_submit.py:524} INFO - 24/10/24 14:26:38 INFO StandaloneSchedulerBackend: SchedulerBackend is ready for scheduling beginning after reached minRegisteredResourcesRatio: 0.0
[2024-10-24T14:26:38.920+0000] {spark_submit.py:524} INFO - Hello from Spark!
[2024-10-24T14:26:38.920+0000] {spark_submit.py:524} INFO - 24/10/24 14:26:38 INFO SparkContext: SparkContext is stopping with exitCode 0.
[2024-10-24T14:26:38.930+0000] {spark_submit.py:524} INFO - 24/10/24 14:26:38 INFO SparkUI: Stopped Spark web UI at http://96f89615839b:4040
[2024-10-24T14:26:38.934+0000] {spark_submit.py:524} INFO - 24/10/24 14:26:38 INFO StandaloneSchedulerBackend: Shutting down all executors
[2024-10-24T14:26:38.937+0000] {spark_submit.py:524} INFO - 24/10/24 14:26:38 INFO StandaloneSchedulerBackend$StandaloneDriverEndpoint: Asking each executor to shut down
[2024-10-24T14:26:38.952+0000] {spark_submit.py:524} INFO - 24/10/24 14:26:38 INFO MapOutputTrackerMasterEndpoint: MapOutputTrackerMasterEndpoint stopped!
[2024-10-24T14:26:38.963+0000] {spark_submit.py:524} INFO - 24/10/24 14:26:38 INFO MemoryStore: MemoryStore cleared
[2024-10-24T14:26:38.964+0000] {spark_submit.py:524} INFO - 24/10/24 14:26:38 INFO BlockManager: BlockManager stopped
[2024-10-24T14:26:38.975+0000] {spark_submit.py:524} INFO - 24/10/24 14:26:38 INFO BlockManagerMaster: BlockManagerMaster stopped
[2024-10-24T14:26:38.978+0000] {spark_submit.py:524} INFO - 24/10/24 14:26:38 INFO OutputCommitCoordinator$OutputCommitCoordinatorEndpoint: OutputCommitCoordinator stopped!
[2024-10-24T14:26:38.987+0000] {spark_submit.py:524} INFO - 24/10/24 14:26:38 INFO SparkContext: Successfully stopped SparkContext
[2024-10-24T14:26:39.308+0000] {spark_submit.py:524} INFO - 24/10/24 14:26:39 INFO ShutdownHookManager: Shutdown hook called
[2024-10-24T14:26:39.308+0000] {spark_submit.py:524} INFO - 24/10/24 14:26:39 INFO ShutdownHookManager: Deleting directory /tmp/spark-625e5c33-18e6-4d16-9cd1-3b4d8c3aa9ad
[2024-10-24T14:26:39.311+0000] {spark_submit.py:524} INFO - 24/10/24 14:26:39 INFO ShutdownHookManager: Deleting directory /tmp/spark-625e5c33-18e6-4d16-9cd1-3b4d8c3aa9ad/pyspark-8e3fb664-b4c1-4f4e-8288-ab62952bcea0
[2024-10-24T14:26:39.313+0000] {spark_submit.py:524} INFO - 24/10/24 14:26:39 INFO ShutdownHookManager: Deleting directory /tmp/spark-31aca620-5a45-4a8b-8a60-32e777da335f
[2024-10-24T14:26:39.368+0000] {taskinstance.py:1398} INFO - Marking task as SUCCESS. dag_id=api_openbrewerydb_to_silver_gold, task_id=Silver, execution_date=20231024T080000, start_date=20241024T142634, end_date=20241024T142639
[2024-10-24T14:26:39.411+0000] {local_task_job_runner.py:228} INFO - Task exited with return code 0
[2024-10-24T14:26:39.442+0000] {taskinstance.py:2776} INFO - 1 downstream tasks scheduled from follow-on schedule check
