[2024-10-24T01:19:27.605+0000] {taskinstance.py:1157} INFO - Dependencies all met for dep_context=non-requeueable deps ti=<TaskInstance: api_openbrewerydb_to_silver_gold.Gold scheduled__2023-11-12T08:00:00+00:00 [queued]>
[2024-10-24T01:19:27.628+0000] {taskinstance.py:1157} INFO - Dependencies all met for dep_context=requeueable deps ti=<TaskInstance: api_openbrewerydb_to_silver_gold.Gold scheduled__2023-11-12T08:00:00+00:00 [queued]>
[2024-10-24T01:19:27.629+0000] {taskinstance.py:1359} INFO - Starting attempt 1 of 3
[2024-10-24T01:19:27.661+0000] {taskinstance.py:1380} INFO - Executing <Task(SparkSubmitOperator): Gold> on 2023-11-12 08:00:00+00:00
[2024-10-24T01:19:27.673+0000] {standard_task_runner.py:57} INFO - Started process 3804 to run task
[2024-10-24T01:19:27.678+0000] {standard_task_runner.py:84} INFO - Running: ['***', 'tasks', 'run', 'api_openbrewerydb_to_silver_gold', 'Gold', 'scheduled__2023-11-12T08:00:00+00:00', '--job-id', '87', '--raw', '--subdir', 'DAGS_FOLDER/api_openbrewerydb_to_silver.py', '--cfg-path', '/tmp/tmpbwarbt74']
[2024-10-24T01:19:27.690+0000] {standard_task_runner.py:85} INFO - Job 87: Subtask Gold
[2024-10-24T01:19:27.816+0000] {task_command.py:415} INFO - Running <TaskInstance: api_openbrewerydb_to_silver_gold.Gold scheduled__2023-11-12T08:00:00+00:00 [running]> on host de5108c6da1d
[2024-10-24T01:19:28.035+0000] {taskinstance.py:1660} INFO - Exporting env vars: AIRFLOW_CTX_DAG_OWNER='Rodrigo Araujo' AIRFLOW_CTX_DAG_ID='api_openbrewerydb_to_silver_gold' AIRFLOW_CTX_TASK_ID='Gold' AIRFLOW_CTX_EXECUTION_DATE='2023-11-12T08:00:00+00:00' AIRFLOW_CTX_TRY_NUMBER='1' AIRFLOW_CTX_DAG_RUN_ID='scheduled__2023-11-12T08:00:00+00:00'
[2024-10-24T01:19:28.066+0000] {base.py:73} INFO - Using connection ID 'spark-conn' for task execution.
[2024-10-24T01:19:28.068+0000] {spark_submit.py:363} INFO - Spark-Submit cmd: spark-submit --master spark://spark-master:7077 --name arrow-spark --queue root.default jobs/gold/api_openbrewerydb.py
[2024-10-24T01:19:36.379+0000] {spark_submit.py:524} INFO - 24/10/24 01:19:36 INFO SparkContext: Running Spark version 3.5.3
[2024-10-24T01:19:36.386+0000] {spark_submit.py:524} INFO - 24/10/24 01:19:36 INFO SparkContext: OS info Linux, 5.15.0-124-generic, amd64
[2024-10-24T01:19:36.387+0000] {spark_submit.py:524} INFO - 24/10/24 01:19:36 INFO SparkContext: Java version 11.0.25
[2024-10-24T01:19:36.585+0000] {spark_submit.py:524} INFO - 24/10/24 01:19:36 WARN NativeCodeLoader: Unable to load native-hadoop library for your platform... using builtin-java classes where applicable
[2024-10-24T01:19:36.821+0000] {spark_submit.py:524} INFO - 24/10/24 01:19:36 INFO ResourceUtils: ==============================================================
[2024-10-24T01:19:36.822+0000] {spark_submit.py:524} INFO - 24/10/24 01:19:36 INFO ResourceUtils: No custom resources configured for spark.driver.
[2024-10-24T01:19:36.823+0000] {spark_submit.py:524} INFO - 24/10/24 01:19:36 INFO ResourceUtils: ==============================================================
[2024-10-24T01:19:36.824+0000] {spark_submit.py:524} INFO - 24/10/24 01:19:36 INFO SparkContext: Submitted application: IngestaoSilver
[2024-10-24T01:19:36.882+0000] {spark_submit.py:524} INFO - 24/10/24 01:19:36 INFO ResourceProfile: Default ResourceProfile created, executor resources: Map(memory -> name: memory, amount: 1024, script: , vendor: , offHeap -> name: offHeap, amount: 0, script: , vendor: ), task resources: Map(cpus -> name: cpus, amount: 1.0)
[2024-10-24T01:19:36.917+0000] {spark_submit.py:524} INFO - 24/10/24 01:19:36 INFO ResourceProfile: Limiting resource is cpu
[2024-10-24T01:19:36.919+0000] {spark_submit.py:524} INFO - 24/10/24 01:19:36 INFO ResourceProfileManager: Added ResourceProfile id: 0
[2024-10-24T01:19:37.025+0000] {spark_submit.py:524} INFO - 24/10/24 01:19:37 INFO SecurityManager: Changing view acls to: ***
[2024-10-24T01:19:37.026+0000] {spark_submit.py:524} INFO - 24/10/24 01:19:37 INFO SecurityManager: Changing modify acls to: ***
[2024-10-24T01:19:37.028+0000] {spark_submit.py:524} INFO - 24/10/24 01:19:37 INFO SecurityManager: Changing view acls groups to:
[2024-10-24T01:19:37.029+0000] {spark_submit.py:524} INFO - 24/10/24 01:19:37 INFO SecurityManager: Changing modify acls groups to:
[2024-10-24T01:19:37.030+0000] {spark_submit.py:524} INFO - 24/10/24 01:19:37 INFO SecurityManager: SecurityManager: authentication disabled; ui acls disabled; users with view permissions: ***; groups with view permissions: EMPTY; users with modify permissions: ***; groups with modify permissions: EMPTY
[2024-10-24T01:19:37.847+0000] {spark_submit.py:524} INFO - 24/10/24 01:19:37 INFO Utils: Successfully started service 'sparkDriver' on port 45453.
[2024-10-24T01:19:37.927+0000] {spark_submit.py:524} INFO - 24/10/24 01:19:37 INFO SparkEnv: Registering MapOutputTracker
[2024-10-24T01:19:38.001+0000] {spark_submit.py:524} INFO - 24/10/24 01:19:38 INFO SparkEnv: Registering BlockManagerMaster
[2024-10-24T01:19:38.063+0000] {spark_submit.py:524} INFO - 24/10/24 01:19:38 INFO BlockManagerMasterEndpoint: Using org.apache.spark.storage.DefaultTopologyMapper for getting topology information
[2024-10-24T01:19:38.063+0000] {spark_submit.py:524} INFO - 24/10/24 01:19:38 INFO BlockManagerMasterEndpoint: BlockManagerMasterEndpoint up
[2024-10-24T01:19:38.064+0000] {spark_submit.py:524} INFO - 24/10/24 01:19:38 INFO SparkEnv: Registering BlockManagerMasterHeartbeat
[2024-10-24T01:19:38.111+0000] {spark_submit.py:524} INFO - 24/10/24 01:19:38 INFO DiskBlockManager: Created local directory at /tmp/blockmgr-aa179af5-b315-46eb-bb67-70812d48a13d
[2024-10-24T01:19:38.149+0000] {spark_submit.py:524} INFO - 24/10/24 01:19:38 INFO MemoryStore: MemoryStore started with capacity 434.4 MiB
[2024-10-24T01:19:38.190+0000] {spark_submit.py:524} INFO - 24/10/24 01:19:38 INFO SparkEnv: Registering OutputCommitCoordinator
[2024-10-24T01:19:38.561+0000] {spark_submit.py:524} INFO - 24/10/24 01:19:38 INFO JettyUtils: Start Jetty 0.0.0.0:4040 for SparkUI
[2024-10-24T01:19:38.692+0000] {spark_submit.py:524} INFO - 24/10/24 01:19:38 INFO Utils: Successfully started service 'SparkUI' on port 4040.
[2024-10-24T01:19:38.958+0000] {spark_submit.py:524} INFO - 24/10/24 01:19:38 INFO StandaloneAppClient$ClientEndpoint: Connecting to master spark://spark-master:7077...
[2024-10-24T01:19:39.082+0000] {spark_submit.py:524} INFO - 24/10/24 01:19:39 INFO TransportClientFactory: Successfully created connection to spark-master/172.22.0.3:7077 after 76 ms (0 ms spent in bootstraps)
[2024-10-24T01:19:39.429+0000] {spark_submit.py:524} INFO - 24/10/24 01:19:39 INFO StandaloneSchedulerBackend: Connected to Spark cluster with app ID app-20241024011939-0018
[2024-10-24T01:19:39.436+0000] {spark_submit.py:524} INFO - 24/10/24 01:19:39 INFO StandaloneAppClient$ClientEndpoint: Executor added: app-20241024011939-0018/0 on worker-20241024010948-172.22.0.4-41535 (172.22.0.4:41535) with 2 core(s)
[2024-10-24T01:19:39.450+0000] {spark_submit.py:524} INFO - 24/10/24 01:19:39 INFO StandaloneSchedulerBackend: Granted executor ID app-20241024011939-0018/0 on hostPort 172.22.0.4:41535 with 2 core(s), 1024.0 MiB RAM
[2024-10-24T01:19:39.470+0000] {spark_submit.py:524} INFO - 24/10/24 01:19:39 INFO Utils: Successfully started service 'org.apache.spark.network.netty.NettyBlockTransferService' on port 41043.
[2024-10-24T01:19:39.471+0000] {spark_submit.py:524} INFO - 24/10/24 01:19:39 INFO NettyBlockTransferService: Server created on de5108c6da1d:41043
[2024-10-24T01:19:39.475+0000] {spark_submit.py:524} INFO - 24/10/24 01:19:39 INFO BlockManager: Using org.apache.spark.storage.RandomBlockReplicationPolicy for block replication policy
[2024-10-24T01:19:39.496+0000] {spark_submit.py:524} INFO - 24/10/24 01:19:39 INFO BlockManagerMaster: Registering BlockManager BlockManagerId(driver, de5108c6da1d, 41043, None)
[2024-10-24T01:19:39.504+0000] {spark_submit.py:524} INFO - 24/10/24 01:19:39 INFO BlockManagerMasterEndpoint: Registering block manager de5108c6da1d:41043 with 434.4 MiB RAM, BlockManagerId(driver, de5108c6da1d, 41043, None)
[2024-10-24T01:19:39.513+0000] {spark_submit.py:524} INFO - 24/10/24 01:19:39 INFO BlockManagerMaster: Registered BlockManager BlockManagerId(driver, de5108c6da1d, 41043, None)
[2024-10-24T01:19:39.518+0000] {spark_submit.py:524} INFO - 24/10/24 01:19:39 INFO BlockManager: Initialized BlockManager: BlockManagerId(driver, de5108c6da1d, 41043, None)
[2024-10-24T01:19:39.554+0000] {spark_submit.py:524} INFO - 24/10/24 01:19:39 INFO StandaloneAppClient$ClientEndpoint: Executor updated: app-20241024011939-0018/0 is now RUNNING
[2024-10-24T01:19:40.311+0000] {spark_submit.py:524} INFO - 24/10/24 01:19:40 INFO StandaloneSchedulerBackend: SchedulerBackend is ready for scheduling beginning after reached minRegisteredResourcesRatio: 0.0
[2024-10-24T01:19:40.855+0000] {spark_submit.py:524} INFO - Hello from Spark!
[2024-10-24T01:19:40.856+0000] {spark_submit.py:524} INFO - 24/10/24 01:19:40 INFO SparkContext: SparkContext is stopping with exitCode 0.
[2024-10-24T01:19:40.884+0000] {spark_submit.py:524} INFO - 24/10/24 01:19:40 INFO SparkUI: Stopped Spark web UI at http://de5108c6da1d:4040
[2024-10-24T01:19:40.900+0000] {spark_submit.py:524} INFO - 24/10/24 01:19:40 INFO StandaloneSchedulerBackend: Shutting down all executors
[2024-10-24T01:19:40.908+0000] {spark_submit.py:524} INFO - 24/10/24 01:19:40 INFO StandaloneSchedulerBackend$StandaloneDriverEndpoint: Asking each executor to shut down
[2024-10-24T01:19:40.970+0000] {spark_submit.py:524} INFO - 24/10/24 01:19:40 INFO MapOutputTrackerMasterEndpoint: MapOutputTrackerMasterEndpoint stopped!
[2024-10-24T01:19:40.995+0000] {spark_submit.py:524} INFO - 24/10/24 01:19:40 INFO MemoryStore: MemoryStore cleared
[2024-10-24T01:19:40.995+0000] {spark_submit.py:524} INFO - 24/10/24 01:19:40 INFO BlockManager: BlockManager stopped
[2024-10-24T01:19:41.019+0000] {spark_submit.py:524} INFO - 24/10/24 01:19:41 INFO BlockManagerMaster: BlockManagerMaster stopped
[2024-10-24T01:19:41.025+0000] {spark_submit.py:524} INFO - 24/10/24 01:19:41 INFO OutputCommitCoordinator$OutputCommitCoordinatorEndpoint: OutputCommitCoordinator stopped!
[2024-10-24T01:19:41.045+0000] {spark_submit.py:524} INFO - 24/10/24 01:19:41 INFO SparkContext: Successfully stopped SparkContext
[2024-10-24T01:19:41.537+0000] {spark_submit.py:524} INFO - 24/10/24 01:19:41 INFO ShutdownHookManager: Shutdown hook called
[2024-10-24T01:19:41.539+0000] {spark_submit.py:524} INFO - 24/10/24 01:19:41 INFO ShutdownHookManager: Deleting directory /tmp/spark-32e533d5-0cac-4bc1-b886-21364eab81dd
[2024-10-24T01:19:41.544+0000] {spark_submit.py:524} INFO - 24/10/24 01:19:41 INFO ShutdownHookManager: Deleting directory /tmp/spark-7dac4880-a690-4bc2-9b40-4868340fa0d6
[2024-10-24T01:19:41.550+0000] {spark_submit.py:524} INFO - 24/10/24 01:19:41 INFO ShutdownHookManager: Deleting directory /tmp/spark-32e533d5-0cac-4bc1-b886-21364eab81dd/pyspark-697b8ba9-48c1-46f9-85f6-e642c7d8b48f
[2024-10-24T01:19:41.642+0000] {taskinstance.py:1398} INFO - Marking task as SUCCESS. dag_id=api_openbrewerydb_to_silver_gold, task_id=Gold, execution_date=20231112T080000, start_date=20241024T011927, end_date=20241024T011941
[2024-10-24T01:19:41.710+0000] {local_task_job_runner.py:228} INFO - Task exited with return code 0
[2024-10-24T01:19:41.742+0000] {taskinstance.py:2776} INFO - 0 downstream tasks scheduled from follow-on schedule check
[2024-10-24T14:31:00.656+0000] {logging_mixin.py:151} INFO - Changing /opt/***/logs/dag_id=api_openbrewerydb_to_silver_gold/run_id=scheduled__2023-11-12T08:00:00+00:00/task_id=Gold permission to 509
[2024-10-24T14:31:00.665+0000] {logging_mixin.py:151} INFO - Failed to change /opt/***/logs/dag_id=api_openbrewerydb_to_silver_gold/run_id=scheduled__2023-11-12T08:00:00+00:00/task_id=Gold permission to 509: [Errno 1] Operation not permitted: '/opt/***/logs/dag_id=api_openbrewerydb_to_silver_gold/run_id=scheduled__2023-11-12T08:00:00+00:00/task_id=Gold'
[2024-10-24T14:31:00.693+0000] {logging_mixin.py:151} INFO - Changing /opt/***/logs/dag_id=api_openbrewerydb_to_silver_gold/run_id=scheduled__2023-11-12T08:00:00+00:00/task_id=Gold permission to 509
[2024-10-24T14:31:00.693+0000] {logging_mixin.py:151} INFO - Failed to change /opt/***/logs/dag_id=api_openbrewerydb_to_silver_gold/run_id=scheduled__2023-11-12T08:00:00+00:00/task_id=Gold permission to 509: [Errno 1] Operation not permitted: '/opt/***/logs/dag_id=api_openbrewerydb_to_silver_gold/run_id=scheduled__2023-11-12T08:00:00+00:00/task_id=Gold'
[2024-10-24T14:31:00.722+0000] {taskinstance.py:1157} INFO - Dependencies all met for dep_context=non-requeueable deps ti=<TaskInstance: api_openbrewerydb_to_silver_gold.Gold scheduled__2023-11-12T08:00:00+00:00 [queued]>
[2024-10-24T14:31:00.729+0000] {taskinstance.py:1157} INFO - Dependencies all met for dep_context=requeueable deps ti=<TaskInstance: api_openbrewerydb_to_silver_gold.Gold scheduled__2023-11-12T08:00:00+00:00 [queued]>
[2024-10-24T14:31:00.729+0000] {taskinstance.py:1359} INFO - Starting attempt 1 of 2
[2024-10-24T14:31:00.738+0000] {taskinstance.py:1380} INFO - Executing <Task(SparkSubmitOperator): Gold> on 2023-11-12 08:00:00+00:00
[2024-10-24T14:31:00.742+0000] {standard_task_runner.py:57} INFO - Started process 7399 to run task
[2024-10-24T14:31:00.744+0000] {standard_task_runner.py:84} INFO - Running: ['***', 'tasks', 'run', 'api_openbrewerydb_to_silver_gold', 'Gold', 'scheduled__2023-11-12T08:00:00+00:00', '--job-id', '50', '--raw', '--subdir', 'DAGS_FOLDER/api_openbrewerydb_to_silver.py', '--cfg-path', '/tmp/tmpjymjetw6']
[2024-10-24T14:31:00.748+0000] {standard_task_runner.py:85} INFO - Job 50: Subtask Gold
[2024-10-24T14:31:00.791+0000] {logging_mixin.py:151} INFO - Changing /opt/***/logs/dag_id=api_openbrewerydb_to_silver_gold/run_id=scheduled__2023-11-12T08:00:00+00:00/task_id=Gold permission to 509
[2024-10-24T14:31:00.791+0000] {logging_mixin.py:151} INFO - Failed to change /opt/***/logs/dag_id=api_openbrewerydb_to_silver_gold/run_id=scheduled__2023-11-12T08:00:00+00:00/task_id=Gold permission to 509: [Errno 1] Operation not permitted: '/opt/***/logs/dag_id=api_openbrewerydb_to_silver_gold/run_id=scheduled__2023-11-12T08:00:00+00:00/task_id=Gold'
[2024-10-24T14:31:00.792+0000] {task_command.py:415} INFO - Running <TaskInstance: api_openbrewerydb_to_silver_gold.Gold scheduled__2023-11-12T08:00:00+00:00 [running]> on host 96f89615839b
[2024-10-24T14:31:00.867+0000] {taskinstance.py:1660} INFO - Exporting env vars: AIRFLOW_CTX_DAG_OWNER='Rodrigo Araujo' AIRFLOW_CTX_DAG_ID='api_openbrewerydb_to_silver_gold' AIRFLOW_CTX_TASK_ID='Gold' AIRFLOW_CTX_EXECUTION_DATE='2023-11-12T08:00:00+00:00' AIRFLOW_CTX_TRY_NUMBER='1' AIRFLOW_CTX_DAG_RUN_ID='scheduled__2023-11-12T08:00:00+00:00'
[2024-10-24T14:31:00.879+0000] {base.py:73} INFO - Using connection ID 'spark-conn' for task execution.
[2024-10-24T14:31:00.880+0000] {spark_submit.py:363} INFO - Spark-Submit cmd: spark-submit --master spark://spark-master:7077 --name arrow-spark jobs/gold/api_openbrewerydb.py
[2024-10-24T14:31:03.530+0000] {spark_submit.py:524} INFO - 24/10/24 14:31:03 INFO SparkContext: Running Spark version 3.5.3
[2024-10-24T14:31:03.532+0000] {spark_submit.py:524} INFO - 24/10/24 14:31:03 INFO SparkContext: OS info Linux, 5.15.0-124-generic, amd64
[2024-10-24T14:31:03.533+0000] {spark_submit.py:524} INFO - 24/10/24 14:31:03 INFO SparkContext: Java version 11.0.25
[2024-10-24T14:31:03.594+0000] {spark_submit.py:524} INFO - 24/10/24 14:31:03 WARN NativeCodeLoader: Unable to load native-hadoop library for your platform... using builtin-java classes where applicable
[2024-10-24T14:31:03.689+0000] {spark_submit.py:524} INFO - 24/10/24 14:31:03 INFO ResourceUtils: ==============================================================
[2024-10-24T14:31:03.690+0000] {spark_submit.py:524} INFO - 24/10/24 14:31:03 INFO ResourceUtils: No custom resources configured for spark.driver.
[2024-10-24T14:31:03.690+0000] {spark_submit.py:524} INFO - 24/10/24 14:31:03 INFO ResourceUtils: ==============================================================
[2024-10-24T14:31:03.691+0000] {spark_submit.py:524} INFO - 24/10/24 14:31:03 INFO SparkContext: Submitted application: IngestaoSilver
[2024-10-24T14:31:03.716+0000] {spark_submit.py:524} INFO - 24/10/24 14:31:03 INFO ResourceProfile: Default ResourceProfile created, executor resources: Map(memory -> name: memory, amount: 1024, script: , vendor: , offHeap -> name: offHeap, amount: 0, script: , vendor: ), task resources: Map(cpus -> name: cpus, amount: 1.0)
[2024-10-24T14:31:03.731+0000] {spark_submit.py:524} INFO - 24/10/24 14:31:03 INFO ResourceProfile: Limiting resource is cpu
[2024-10-24T14:31:03.732+0000] {spark_submit.py:524} INFO - 24/10/24 14:31:03 INFO ResourceProfileManager: Added ResourceProfile id: 0
[2024-10-24T14:31:03.792+0000] {spark_submit.py:524} INFO - 24/10/24 14:31:03 INFO SecurityManager: Changing view acls to: ***
[2024-10-24T14:31:03.793+0000] {spark_submit.py:524} INFO - 24/10/24 14:31:03 INFO SecurityManager: Changing modify acls to: ***
[2024-10-24T14:31:03.793+0000] {spark_submit.py:524} INFO - 24/10/24 14:31:03 INFO SecurityManager: Changing view acls groups to:
[2024-10-24T14:31:03.794+0000] {spark_submit.py:524} INFO - 24/10/24 14:31:03 INFO SecurityManager: Changing modify acls groups to:
[2024-10-24T14:31:03.794+0000] {spark_submit.py:524} INFO - 24/10/24 14:31:03 INFO SecurityManager: SecurityManager: authentication disabled; ui acls disabled; users with view permissions: ***; groups with view permissions: EMPTY; users with modify permissions: ***; groups with modify permissions: EMPTY
[2024-10-24T14:31:04.076+0000] {spark_submit.py:524} INFO - 24/10/24 14:31:04 INFO Utils: Successfully started service 'sparkDriver' on port 46137.
[2024-10-24T14:31:04.104+0000] {spark_submit.py:524} INFO - 24/10/24 14:31:04 INFO SparkEnv: Registering MapOutputTracker
[2024-10-24T14:31:04.136+0000] {spark_submit.py:524} INFO - 24/10/24 14:31:04 INFO SparkEnv: Registering BlockManagerMaster
[2024-10-24T14:31:04.159+0000] {spark_submit.py:524} INFO - 24/10/24 14:31:04 INFO BlockManagerMasterEndpoint: Using org.apache.spark.storage.DefaultTopologyMapper for getting topology information
[2024-10-24T14:31:04.160+0000] {spark_submit.py:524} INFO - 24/10/24 14:31:04 INFO BlockManagerMasterEndpoint: BlockManagerMasterEndpoint up
[2024-10-24T14:31:04.165+0000] {spark_submit.py:524} INFO - 24/10/24 14:31:04 INFO SparkEnv: Registering BlockManagerMasterHeartbeat
[2024-10-24T14:31:04.193+0000] {spark_submit.py:524} INFO - 24/10/24 14:31:04 INFO DiskBlockManager: Created local directory at /tmp/blockmgr-f2013569-0823-429c-9039-b6993c059b56
[2024-10-24T14:31:04.214+0000] {spark_submit.py:524} INFO - 24/10/24 14:31:04 INFO MemoryStore: MemoryStore started with capacity 434.4 MiB
[2024-10-24T14:31:04.230+0000] {spark_submit.py:524} INFO - 24/10/24 14:31:04 INFO SparkEnv: Registering OutputCommitCoordinator
[2024-10-24T14:31:04.383+0000] {spark_submit.py:524} INFO - 24/10/24 14:31:04 INFO JettyUtils: Start Jetty 0.0.0.0:4040 for SparkUI
[2024-10-24T14:31:04.431+0000] {spark_submit.py:524} INFO - 24/10/24 14:31:04 INFO Utils: Successfully started service 'SparkUI' on port 4040.
[2024-10-24T14:31:04.565+0000] {spark_submit.py:524} INFO - 24/10/24 14:31:04 INFO StandaloneAppClient$ClientEndpoint: Connecting to master spark://spark-master:7077...
[2024-10-24T14:31:04.627+0000] {spark_submit.py:524} INFO - 24/10/24 14:31:04 INFO TransportClientFactory: Successfully created connection to spark-master/172.18.0.2:7077 after 33 ms (0 ms spent in bootstraps)
[2024-10-24T14:31:04.717+0000] {spark_submit.py:524} INFO - 24/10/24 14:31:04 INFO StandaloneSchedulerBackend: Connected to Spark cluster with app ID app-20241024143104-0045
[2024-10-24T14:31:04.720+0000] {spark_submit.py:524} INFO - 24/10/24 14:31:04 INFO StandaloneAppClient$ClientEndpoint: Executor added: app-20241024143104-0045/0 on worker-20241024142308-172.18.0.5-43899 (172.18.0.5:43899) with 2 core(s)
[2024-10-24T14:31:04.723+0000] {spark_submit.py:524} INFO - 24/10/24 14:31:04 INFO StandaloneSchedulerBackend: Granted executor ID app-20241024143104-0045/0 on hostPort 172.18.0.5:43899 with 2 core(s), 1024.0 MiB RAM
[2024-10-24T14:31:04.732+0000] {spark_submit.py:524} INFO - 24/10/24 14:31:04 INFO Utils: Successfully started service 'org.apache.spark.network.netty.NettyBlockTransferService' on port 37031.
[2024-10-24T14:31:04.733+0000] {spark_submit.py:524} INFO - 24/10/24 14:31:04 INFO NettyBlockTransferService: Server created on 96f89615839b:37031
[2024-10-24T14:31:04.741+0000] {spark_submit.py:524} INFO - 24/10/24 14:31:04 INFO BlockManager: Using org.apache.spark.storage.RandomBlockReplicationPolicy for block replication policy
[2024-10-24T14:31:04.759+0000] {spark_submit.py:524} INFO - 24/10/24 14:31:04 INFO BlockManagerMaster: Registering BlockManager BlockManagerId(driver, 96f89615839b, 37031, None)
[2024-10-24T14:31:04.765+0000] {spark_submit.py:524} INFO - 24/10/24 14:31:04 INFO BlockManagerMasterEndpoint: Registering block manager 96f89615839b:37031 with 434.4 MiB RAM, BlockManagerId(driver, 96f89615839b, 37031, None)
[2024-10-24T14:31:04.768+0000] {spark_submit.py:524} INFO - 24/10/24 14:31:04 INFO BlockManagerMaster: Registered BlockManager BlockManagerId(driver, 96f89615839b, 37031, None)
[2024-10-24T14:31:04.771+0000] {spark_submit.py:524} INFO - 24/10/24 14:31:04 INFO BlockManager: Initialized BlockManager: BlockManagerId(driver, 96f89615839b, 37031, None)
[2024-10-24T14:31:04.783+0000] {spark_submit.py:524} INFO - 24/10/24 14:31:04 INFO StandaloneAppClient$ClientEndpoint: Executor updated: app-20241024143104-0045/0 is now RUNNING
[2024-10-24T14:31:05.085+0000] {spark_submit.py:524} INFO - 24/10/24 14:31:05 INFO StandaloneSchedulerBackend: SchedulerBackend is ready for scheduling beginning after reached minRegisteredResourcesRatio: 0.0
[2024-10-24T14:31:05.292+0000] {spark_submit.py:524} INFO - Hello from Spark!
[2024-10-24T14:31:05.293+0000] {spark_submit.py:524} INFO - 24/10/24 14:31:05 INFO SparkContext: SparkContext is stopping with exitCode 0.
[2024-10-24T14:31:05.307+0000] {spark_submit.py:524} INFO - 24/10/24 14:31:05 INFO SparkUI: Stopped Spark web UI at http://96f89615839b:4040
[2024-10-24T14:31:05.313+0000] {spark_submit.py:524} INFO - 24/10/24 14:31:05 INFO StandaloneSchedulerBackend: Shutting down all executors
[2024-10-24T14:31:05.318+0000] {spark_submit.py:524} INFO - 24/10/24 14:31:05 INFO StandaloneSchedulerBackend$StandaloneDriverEndpoint: Asking each executor to shut down
[2024-10-24T14:31:05.337+0000] {spark_submit.py:524} INFO - 24/10/24 14:31:05 INFO MapOutputTrackerMasterEndpoint: MapOutputTrackerMasterEndpoint stopped!
[2024-10-24T14:31:05.347+0000] {spark_submit.py:524} INFO - 24/10/24 14:31:05 INFO MemoryStore: MemoryStore cleared
[2024-10-24T14:31:05.348+0000] {spark_submit.py:524} INFO - 24/10/24 14:31:05 INFO BlockManager: BlockManager stopped
[2024-10-24T14:31:05.357+0000] {spark_submit.py:524} INFO - 24/10/24 14:31:05 INFO BlockManagerMaster: BlockManagerMaster stopped
[2024-10-24T14:31:05.359+0000] {spark_submit.py:524} INFO - 24/10/24 14:31:05 INFO OutputCommitCoordinator$OutputCommitCoordinatorEndpoint: OutputCommitCoordinator stopped!
[2024-10-24T14:31:05.367+0000] {spark_submit.py:524} INFO - 24/10/24 14:31:05 INFO SparkContext: Successfully stopped SparkContext
[2024-10-24T14:31:05.707+0000] {spark_submit.py:524} INFO - 24/10/24 14:31:05 INFO ShutdownHookManager: Shutdown hook called
[2024-10-24T14:31:05.707+0000] {spark_submit.py:524} INFO - 24/10/24 14:31:05 INFO ShutdownHookManager: Deleting directory /tmp/spark-7a85aa46-77a7-49b2-8596-3ae64424576f
[2024-10-24T14:31:05.711+0000] {spark_submit.py:524} INFO - 24/10/24 14:31:05 INFO ShutdownHookManager: Deleting directory /tmp/spark-ef56f23b-01c1-4d4e-a621-5d21a64dd589
[2024-10-24T14:31:05.714+0000] {spark_submit.py:524} INFO - 24/10/24 14:31:05 INFO ShutdownHookManager: Deleting directory /tmp/spark-ef56f23b-01c1-4d4e-a621-5d21a64dd589/pyspark-7a5eb151-bbd1-4860-bbe5-de9cb32d927a
[2024-10-24T14:31:05.773+0000] {taskinstance.py:1398} INFO - Marking task as SUCCESS. dag_id=api_openbrewerydb_to_silver_gold, task_id=Gold, execution_date=20231112T080000, start_date=20241024T143100, end_date=20241024T143105
[2024-10-24T14:31:05.806+0000] {local_task_job_runner.py:228} INFO - Task exited with return code 0
[2024-10-24T14:31:05.823+0000] {taskinstance.py:2776} INFO - 0 downstream tasks scheduled from follow-on schedule check
