[2024-10-24T01:26:34.075+0000] {taskinstance.py:1147} INFO - Dependencies not met for <TaskInstance: api_openbrewerydb_to_silver_gold.Silver scheduled__2023-11-24T08:00:00+00:00 [up_for_retry]>, dependency 'Not In Retry Period' FAILED: Task is not ready for retry yet but will be retried automatically. Current date is 2024-10-24T01:26:34.075745+00:00 and task will be retried at 2024-10-24T01:31:31.215654+00:00.
[2024-10-24T01:26:34.133+0000] {local_task_job_runner.py:154} INFO - Task is not able to be run
[2024-10-24T01:35:28.958+0000] {taskinstance.py:1157} INFO - Dependencies all met for dep_context=non-requeueable deps ti=<TaskInstance: api_openbrewerydb_to_silver_gold.Silver scheduled__2023-11-24T08:00:00+00:00 [None]>
[2024-10-24T01:35:28.976+0000] {taskinstance.py:1157} INFO - Dependencies all met for dep_context=requeueable deps ti=<TaskInstance: api_openbrewerydb_to_silver_gold.Silver scheduled__2023-11-24T08:00:00+00:00 [None]>
[2024-10-24T01:35:28.976+0000] {taskinstance.py:1359} INFO - Starting attempt 3 of 3
[2024-10-24T01:35:29.000+0000] {taskinstance.py:1380} INFO - Executing <Task(SparkSubmitOperator): Silver> on 2023-11-24 08:00:00+00:00
[2024-10-24T01:35:29.008+0000] {standard_task_runner.py:57} INFO - Started process 10654 to run task
[2024-10-24T01:35:29.013+0000] {standard_task_runner.py:84} INFO - Running: ['***', 'tasks', 'run', 'api_openbrewerydb_to_silver_gold', 'Silver', 'scheduled__2023-11-24T08:00:00+00:00', '--job-id', '150', '--raw', '--subdir', 'DAGS_FOLDER/api_openbrewerydb_to_silver.py', '--cfg-path', '/tmp/tmp756d626c']
[2024-10-24T01:35:29.021+0000] {standard_task_runner.py:85} INFO - Job 150: Subtask Silver
[2024-10-24T01:35:29.139+0000] {task_command.py:415} INFO - Running <TaskInstance: api_openbrewerydb_to_silver_gold.Silver scheduled__2023-11-24T08:00:00+00:00 [running]> on host de5108c6da1d
[2024-10-24T01:35:29.313+0000] {taskinstance.py:1660} INFO - Exporting env vars: AIRFLOW_CTX_DAG_OWNER='Rodrigo Araujo' AIRFLOW_CTX_DAG_ID='api_openbrewerydb_to_silver_gold' AIRFLOW_CTX_TASK_ID='Silver' AIRFLOW_CTX_EXECUTION_DATE='2023-11-24T08:00:00+00:00' AIRFLOW_CTX_TRY_NUMBER='3' AIRFLOW_CTX_DAG_RUN_ID='scheduled__2023-11-24T08:00:00+00:00'
[2024-10-24T01:35:29.336+0000] {base.py:73} INFO - Using connection ID 'spark-conn' for task execution.
[2024-10-24T01:35:29.337+0000] {spark_submit.py:363} INFO - Spark-Submit cmd: spark-submit --master spark://spark-master:7077 --name arrow-spark --queue root.default jobs/silver/api_openbrewerydb.py
[2024-10-24T01:35:37.200+0000] {spark_submit.py:524} INFO - 24/10/24 01:35:37 INFO SparkContext: Running Spark version 3.5.3
[2024-10-24T01:35:37.205+0000] {spark_submit.py:524} INFO - 24/10/24 01:35:37 INFO SparkContext: OS info Linux, 5.15.0-124-generic, amd64
[2024-10-24T01:35:37.205+0000] {spark_submit.py:524} INFO - 24/10/24 01:35:37 INFO SparkContext: Java version 11.0.25
[2024-10-24T01:35:37.408+0000] {spark_submit.py:524} INFO - 24/10/24 01:35:37 WARN NativeCodeLoader: Unable to load native-hadoop library for your platform... using builtin-java classes where applicable
[2024-10-24T01:35:37.755+0000] {spark_submit.py:524} INFO - 24/10/24 01:35:37 INFO ResourceUtils: ==============================================================
[2024-10-24T01:35:37.757+0000] {spark_submit.py:524} INFO - 24/10/24 01:35:37 INFO ResourceUtils: No custom resources configured for spark.driver.
[2024-10-24T01:35:37.759+0000] {spark_submit.py:524} INFO - 24/10/24 01:35:37 INFO ResourceUtils: ==============================================================
[2024-10-24T01:35:37.760+0000] {spark_submit.py:524} INFO - 24/10/24 01:35:37 INFO SparkContext: Submitted application: IngestaoSilver
[2024-10-24T01:35:37.820+0000] {spark_submit.py:524} INFO - 24/10/24 01:35:37 INFO ResourceProfile: Default ResourceProfile created, executor resources: Map(memory -> name: memory, amount: 1024, script: , vendor: , offHeap -> name: offHeap, amount: 0, script: , vendor: ), task resources: Map(cpus -> name: cpus, amount: 1.0)
[2024-10-24T01:35:37.860+0000] {spark_submit.py:524} INFO - 24/10/24 01:35:37 INFO ResourceProfile: Limiting resource is cpu
[2024-10-24T01:35:37.862+0000] {spark_submit.py:524} INFO - 24/10/24 01:35:37 INFO ResourceProfileManager: Added ResourceProfile id: 0
[2024-10-24T01:35:38.012+0000] {spark_submit.py:524} INFO - 24/10/24 01:35:38 INFO SecurityManager: Changing view acls to: ***
[2024-10-24T01:35:38.014+0000] {spark_submit.py:524} INFO - 24/10/24 01:35:38 INFO SecurityManager: Changing modify acls to: ***
[2024-10-24T01:35:38.016+0000] {spark_submit.py:524} INFO - 24/10/24 01:35:38 INFO SecurityManager: Changing view acls groups to:
[2024-10-24T01:35:38.018+0000] {spark_submit.py:524} INFO - 24/10/24 01:35:38 INFO SecurityManager: Changing modify acls groups to:
[2024-10-24T01:35:38.019+0000] {spark_submit.py:524} INFO - 24/10/24 01:35:38 INFO SecurityManager: SecurityManager: authentication disabled; ui acls disabled; users with view permissions: ***; groups with view permissions: EMPTY; users with modify permissions: ***; groups with modify permissions: EMPTY
[2024-10-24T01:35:38.896+0000] {spark_submit.py:524} INFO - 24/10/24 01:35:38 INFO Utils: Successfully started service 'sparkDriver' on port 42345.
[2024-10-24T01:35:38.959+0000] {spark_submit.py:524} INFO - 24/10/24 01:35:38 INFO SparkEnv: Registering MapOutputTracker
[2024-10-24T01:35:39.059+0000] {spark_submit.py:524} INFO - 24/10/24 01:35:39 INFO SparkEnv: Registering BlockManagerMaster
[2024-10-24T01:35:39.118+0000] {spark_submit.py:524} INFO - 24/10/24 01:35:39 INFO BlockManagerMasterEndpoint: Using org.apache.spark.storage.DefaultTopologyMapper for getting topology information
[2024-10-24T01:35:39.121+0000] {spark_submit.py:524} INFO - 24/10/24 01:35:39 INFO BlockManagerMasterEndpoint: BlockManagerMasterEndpoint up
[2024-10-24T01:35:39.130+0000] {spark_submit.py:524} INFO - 24/10/24 01:35:39 INFO SparkEnv: Registering BlockManagerMasterHeartbeat
[2024-10-24T01:35:39.222+0000] {spark_submit.py:524} INFO - 24/10/24 01:35:39 INFO DiskBlockManager: Created local directory at /tmp/blockmgr-1ce03c42-7ea4-4f02-8126-b7c37b1b3a77
[2024-10-24T01:35:39.281+0000] {spark_submit.py:524} INFO - 24/10/24 01:35:39 INFO MemoryStore: MemoryStore started with capacity 434.4 MiB
[2024-10-24T01:35:39.331+0000] {spark_submit.py:524} INFO - 24/10/24 01:35:39 INFO SparkEnv: Registering OutputCommitCoordinator
[2024-10-24T01:35:39.697+0000] {spark_submit.py:524} INFO - 24/10/24 01:35:39 INFO JettyUtils: Start Jetty 0.0.0.0:4040 for SparkUI
[2024-10-24T01:35:39.814+0000] {spark_submit.py:524} INFO - 24/10/24 01:35:39 WARN Utils: Service 'SparkUI' could not bind on port 4040. Attempting port 4041.
[2024-10-24T01:35:39.833+0000] {spark_submit.py:524} INFO - 24/10/24 01:35:39 INFO Utils: Successfully started service 'SparkUI' on port 4041.
[2024-10-24T01:35:40.249+0000] {spark_submit.py:524} INFO - 24/10/24 01:35:40 INFO StandaloneAppClient$ClientEndpoint: Connecting to master spark://spark-master:7077...
[2024-10-24T01:35:40.401+0000] {spark_submit.py:524} INFO - 24/10/24 01:35:40 INFO TransportClientFactory: Successfully created connection to spark-master/172.22.0.3:7077 after 89 ms (0 ms spent in bootstraps)
[2024-10-24T01:35:40.647+0000] {spark_submit.py:524} INFO - 24/10/24 01:35:40 INFO StandaloneSchedulerBackend: Connected to Spark cluster with app ID app-20241024013540-0053
[2024-10-24T01:35:40.670+0000] {spark_submit.py:524} INFO - 24/10/24 01:35:40 INFO Utils: Successfully started service 'org.apache.spark.network.netty.NettyBlockTransferService' on port 37211.
[2024-10-24T01:35:40.671+0000] {spark_submit.py:524} INFO - 24/10/24 01:35:40 INFO NettyBlockTransferService: Server created on de5108c6da1d:37211
[2024-10-24T01:35:40.675+0000] {spark_submit.py:524} INFO - 24/10/24 01:35:40 INFO BlockManager: Using org.apache.spark.storage.RandomBlockReplicationPolicy for block replication policy
[2024-10-24T01:35:40.694+0000] {spark_submit.py:524} INFO - 24/10/24 01:35:40 INFO BlockManagerMaster: Registering BlockManager BlockManagerId(driver, de5108c6da1d, 37211, None)
[2024-10-24T01:35:40.705+0000] {spark_submit.py:524} INFO - 24/10/24 01:35:40 INFO BlockManagerMasterEndpoint: Registering block manager de5108c6da1d:37211 with 434.4 MiB RAM, BlockManagerId(driver, de5108c6da1d, 37211, None)
[2024-10-24T01:35:40.713+0000] {spark_submit.py:524} INFO - 24/10/24 01:35:40 INFO BlockManagerMaster: Registered BlockManager BlockManagerId(driver, de5108c6da1d, 37211, None)
[2024-10-24T01:35:40.717+0000] {spark_submit.py:524} INFO - 24/10/24 01:35:40 INFO BlockManager: Initialized BlockManager: BlockManagerId(driver, de5108c6da1d, 37211, None)
[2024-10-24T01:35:41.394+0000] {spark_submit.py:524} INFO - 24/10/24 01:35:41 INFO StandaloneSchedulerBackend: SchedulerBackend is ready for scheduling beginning after reached minRegisteredResourcesRatio: 0.0
[2024-10-24T01:35:41.794+0000] {spark_submit.py:524} INFO - 24/10/24 01:35:41 INFO StandaloneAppClient$ClientEndpoint: Executor added: app-20241024013540-0053/0 on worker-20241024010948-172.22.0.4-41535 (172.22.0.4:41535) with 2 core(s)
[2024-10-24T01:35:41.798+0000] {spark_submit.py:524} INFO - 24/10/24 01:35:41 INFO StandaloneSchedulerBackend: Granted executor ID app-20241024013540-0053/0 on hostPort 172.22.0.4:41535 with 2 core(s), 1024.0 MiB RAM
[2024-10-24T01:35:41.844+0000] {spark_submit.py:524} INFO - Hello from Spark!
[2024-10-24T01:35:41.845+0000] {spark_submit.py:524} INFO - 24/10/24 01:35:41 INFO SparkContext: SparkContext is stopping with exitCode 0.
[2024-10-24T01:35:41.873+0000] {spark_submit.py:524} INFO - 24/10/24 01:35:41 INFO SparkUI: Stopped Spark web UI at http://de5108c6da1d:4041
[2024-10-24T01:35:41.912+0000] {spark_submit.py:524} INFO - 24/10/24 01:35:41 INFO StandaloneSchedulerBackend: Shutting down all executors
[2024-10-24T01:35:41.925+0000] {spark_submit.py:524} INFO - 24/10/24 01:35:41 INFO StandaloneSchedulerBackend$StandaloneDriverEndpoint: Asking each executor to shut down
[2024-10-24T01:35:41.933+0000] {spark_submit.py:524} INFO - 24/10/24 01:35:41 INFO StandaloneAppClient$ClientEndpoint: Executor updated: app-20241024013540-0053/0 is now RUNNING
[2024-10-24T01:35:41.966+0000] {spark_submit.py:524} INFO - 24/10/24 01:35:41 INFO MapOutputTrackerMasterEndpoint: MapOutputTrackerMasterEndpoint stopped!
[2024-10-24T01:35:41.982+0000] {spark_submit.py:524} INFO - 24/10/24 01:35:41 INFO MemoryStore: MemoryStore cleared
[2024-10-24T01:35:41.983+0000] {spark_submit.py:524} INFO - 24/10/24 01:35:41 INFO BlockManager: BlockManager stopped
[2024-10-24T01:35:41.993+0000] {spark_submit.py:524} INFO - 24/10/24 01:35:41 INFO BlockManagerMaster: BlockManagerMaster stopped
[2024-10-24T01:35:41.997+0000] {spark_submit.py:524} INFO - 24/10/24 01:35:41 INFO OutputCommitCoordinator$OutputCommitCoordinatorEndpoint: OutputCommitCoordinator stopped!
[2024-10-24T01:35:42.009+0000] {spark_submit.py:524} INFO - 24/10/24 01:35:42 INFO SparkContext: Successfully stopped SparkContext
[2024-10-24T01:35:42.537+0000] {spark_submit.py:524} INFO - 24/10/24 01:35:42 INFO ShutdownHookManager: Shutdown hook called
[2024-10-24T01:35:42.538+0000] {spark_submit.py:524} INFO - 24/10/24 01:35:42 INFO ShutdownHookManager: Deleting directory /tmp/spark-feea37e8-ab72-4339-a911-a726d56b3dd8
[2024-10-24T01:35:42.543+0000] {spark_submit.py:524} INFO - 24/10/24 01:35:42 INFO ShutdownHookManager: Deleting directory /tmp/spark-b050a4e0-3f6f-45d2-84d5-b34dad10e85d
[2024-10-24T01:35:42.548+0000] {spark_submit.py:524} INFO - 24/10/24 01:35:42 INFO ShutdownHookManager: Deleting directory /tmp/spark-feea37e8-ab72-4339-a911-a726d56b3dd8/pyspark-14b0c016-a68d-443e-9585-55446a998635
[2024-10-24T01:35:42.644+0000] {taskinstance.py:1398} INFO - Marking task as SUCCESS. dag_id=api_openbrewerydb_to_silver_gold, task_id=Silver, execution_date=20231124T080000, start_date=20241024T013528, end_date=20241024T013542
[2024-10-24T01:35:42.689+0000] {local_task_job_runner.py:228} INFO - Task exited with return code 0
[2024-10-24T01:35:42.724+0000] {taskinstance.py:2776} INFO - 1 downstream tasks scheduled from follow-on schedule check
