[2024-10-24T01:21:55.152+0000] {taskinstance.py:1157} INFO - Dependencies all met for dep_context=non-requeueable deps ti=<TaskInstance: api_openbrewerydb_to_silver_gold.Silver scheduled__2023-11-22T08:00:00+00:00 [queued]>
[2024-10-24T01:21:55.176+0000] {taskinstance.py:1157} INFO - Dependencies all met for dep_context=requeueable deps ti=<TaskInstance: api_openbrewerydb_to_silver_gold.Silver scheduled__2023-11-22T08:00:00+00:00 [queued]>
[2024-10-24T01:21:55.176+0000] {taskinstance.py:1359} INFO - Starting attempt 1 of 3
[2024-10-24T01:21:55.212+0000] {taskinstance.py:1380} INFO - Executing <Task(SparkSubmitOperator): Silver> on 2023-11-22 08:00:00+00:00
[2024-10-24T01:21:55.226+0000] {standard_task_runner.py:57} INFO - Started process 6775 to run task
[2024-10-24T01:21:55.232+0000] {standard_task_runner.py:84} INFO - Running: ['***', 'tasks', 'run', 'api_openbrewerydb_to_silver_gold', 'Silver', 'scheduled__2023-11-22T08:00:00+00:00', '--job-id', '105', '--raw', '--subdir', 'DAGS_FOLDER/api_openbrewerydb_to_silver.py', '--cfg-path', '/tmp/tmp4t24lvfw']
[2024-10-24T01:21:55.245+0000] {standard_task_runner.py:85} INFO - Job 105: Subtask Silver
[2024-10-24T01:21:55.361+0000] {task_command.py:415} INFO - Running <TaskInstance: api_openbrewerydb_to_silver_gold.Silver scheduled__2023-11-22T08:00:00+00:00 [running]> on host de5108c6da1d
[2024-10-24T01:21:55.553+0000] {taskinstance.py:1660} INFO - Exporting env vars: AIRFLOW_CTX_DAG_OWNER='Rodrigo Araujo' AIRFLOW_CTX_DAG_ID='api_openbrewerydb_to_silver_gold' AIRFLOW_CTX_TASK_ID='Silver' AIRFLOW_CTX_EXECUTION_DATE='2023-11-22T08:00:00+00:00' AIRFLOW_CTX_TRY_NUMBER='1' AIRFLOW_CTX_DAG_RUN_ID='scheduled__2023-11-22T08:00:00+00:00'
[2024-10-24T01:21:55.576+0000] {base.py:73} INFO - Using connection ID 'spark-conn' for task execution.
[2024-10-24T01:21:55.578+0000] {spark_submit.py:363} INFO - Spark-Submit cmd: spark-submit --master spark://spark-master:7077 --name arrow-spark --queue root.default jobs/silver/api_openbrewerydb.py
[2024-10-24T01:22:02.833+0000] {spark_submit.py:524} INFO - 24/10/24 01:22:02 INFO SparkContext: Running Spark version 3.5.3
[2024-10-24T01:22:02.837+0000] {spark_submit.py:524} INFO - 24/10/24 01:22:02 INFO SparkContext: OS info Linux, 5.15.0-124-generic, amd64
[2024-10-24T01:22:02.838+0000] {spark_submit.py:524} INFO - 24/10/24 01:22:02 INFO SparkContext: Java version 11.0.25
[2024-10-24T01:22:02.976+0000] {spark_submit.py:524} INFO - 24/10/24 01:22:02 WARN NativeCodeLoader: Unable to load native-hadoop library for your platform... using builtin-java classes where applicable
[2024-10-24T01:22:03.205+0000] {spark_submit.py:524} INFO - 24/10/24 01:22:03 INFO ResourceUtils: ==============================================================
[2024-10-24T01:22:03.206+0000] {spark_submit.py:524} INFO - 24/10/24 01:22:03 INFO ResourceUtils: No custom resources configured for spark.driver.
[2024-10-24T01:22:03.207+0000] {spark_submit.py:524} INFO - 24/10/24 01:22:03 INFO ResourceUtils: ==============================================================
[2024-10-24T01:22:03.209+0000] {spark_submit.py:524} INFO - 24/10/24 01:22:03 INFO SparkContext: Submitted application: IngestaoSilver
[2024-10-24T01:22:03.269+0000] {spark_submit.py:524} INFO - 24/10/24 01:22:03 INFO ResourceProfile: Default ResourceProfile created, executor resources: Map(memory -> name: memory, amount: 1024, script: , vendor: , offHeap -> name: offHeap, amount: 0, script: , vendor: ), task resources: Map(cpus -> name: cpus, amount: 1.0)
[2024-10-24T01:22:03.301+0000] {spark_submit.py:524} INFO - 24/10/24 01:22:03 INFO ResourceProfile: Limiting resource is cpu
[2024-10-24T01:22:03.303+0000] {spark_submit.py:524} INFO - 24/10/24 01:22:03 INFO ResourceProfileManager: Added ResourceProfile id: 0
[2024-10-24T01:22:03.422+0000] {spark_submit.py:524} INFO - 24/10/24 01:22:03 INFO SecurityManager: Changing view acls to: ***
[2024-10-24T01:22:03.424+0000] {spark_submit.py:524} INFO - 24/10/24 01:22:03 INFO SecurityManager: Changing modify acls to: ***
[2024-10-24T01:22:03.425+0000] {spark_submit.py:524} INFO - 24/10/24 01:22:03 INFO SecurityManager: Changing view acls groups to:
[2024-10-24T01:22:03.427+0000] {spark_submit.py:524} INFO - 24/10/24 01:22:03 INFO SecurityManager: Changing modify acls groups to:
[2024-10-24T01:22:03.429+0000] {spark_submit.py:524} INFO - 24/10/24 01:22:03 INFO SecurityManager: SecurityManager: authentication disabled; ui acls disabled; users with view permissions: ***; groups with view permissions: EMPTY; users with modify permissions: ***; groups with modify permissions: EMPTY
[2024-10-24T01:22:04.032+0000] {spark_submit.py:524} INFO - 24/10/24 01:22:04 INFO Utils: Successfully started service 'sparkDriver' on port 37383.
[2024-10-24T01:22:04.086+0000] {spark_submit.py:524} INFO - 24/10/24 01:22:04 INFO SparkEnv: Registering MapOutputTracker
[2024-10-24T01:22:04.168+0000] {spark_submit.py:524} INFO - 24/10/24 01:22:04 INFO SparkEnv: Registering BlockManagerMaster
[2024-10-24T01:22:04.233+0000] {spark_submit.py:524} INFO - 24/10/24 01:22:04 INFO BlockManagerMasterEndpoint: Using org.apache.spark.storage.DefaultTopologyMapper for getting topology information
[2024-10-24T01:22:04.234+0000] {spark_submit.py:524} INFO - 24/10/24 01:22:04 INFO BlockManagerMasterEndpoint: BlockManagerMasterEndpoint up
[2024-10-24T01:22:04.244+0000] {spark_submit.py:524} INFO - 24/10/24 01:22:04 INFO SparkEnv: Registering BlockManagerMasterHeartbeat
[2024-10-24T01:22:04.312+0000] {spark_submit.py:524} INFO - 24/10/24 01:22:04 INFO DiskBlockManager: Created local directory at /tmp/blockmgr-e19a80b1-f06f-4a6b-80e5-45f2f25599d4
[2024-10-24T01:22:04.355+0000] {spark_submit.py:524} INFO - 24/10/24 01:22:04 INFO MemoryStore: MemoryStore started with capacity 434.4 MiB
[2024-10-24T01:22:04.395+0000] {spark_submit.py:524} INFO - 24/10/24 01:22:04 INFO SparkEnv: Registering OutputCommitCoordinator
[2024-10-24T01:22:04.858+0000] {spark_submit.py:524} INFO - 24/10/24 01:22:04 INFO JettyUtils: Start Jetty 0.0.0.0:4040 for SparkUI
[2024-10-24T01:22:04.995+0000] {spark_submit.py:524} INFO - 24/10/24 01:22:04 INFO Utils: Successfully started service 'SparkUI' on port 4040.
[2024-10-24T01:22:05.266+0000] {spark_submit.py:524} INFO - 24/10/24 01:22:05 INFO StandaloneAppClient$ClientEndpoint: Connecting to master spark://spark-master:7077...
[2024-10-24T01:22:05.371+0000] {spark_submit.py:524} INFO - 24/10/24 01:22:05 INFO TransportClientFactory: Successfully created connection to spark-master/172.22.0.3:7077 after 58 ms (0 ms spent in bootstraps)
[2024-10-24T01:22:05.615+0000] {spark_submit.py:524} INFO - 24/10/24 01:22:05 INFO StandaloneSchedulerBackend: Connected to Spark cluster with app ID app-20241024012205-0036
[2024-10-24T01:22:05.618+0000] {spark_submit.py:524} INFO - 24/10/24 01:22:05 INFO StandaloneAppClient$ClientEndpoint: Executor added: app-20241024012205-0036/0 on worker-20241024010948-172.22.0.4-41535 (172.22.0.4:41535) with 2 core(s)
[2024-10-24T01:22:05.630+0000] {spark_submit.py:524} INFO - 24/10/24 01:22:05 INFO StandaloneSchedulerBackend: Granted executor ID app-20241024012205-0036/0 on hostPort 172.22.0.4:41535 with 2 core(s), 1024.0 MiB RAM
[2024-10-24T01:22:05.748+0000] {spark_submit.py:524} INFO - 24/10/24 01:22:05 INFO Utils: Successfully started service 'org.apache.spark.network.netty.NettyBlockTransferService' on port 37985.
[2024-10-24T01:22:05.755+0000] {spark_submit.py:524} INFO - 24/10/24 01:22:05 INFO NettyBlockTransferService: Server created on de5108c6da1d:37985
[2024-10-24T01:22:05.756+0000] {spark_submit.py:524} INFO - 24/10/24 01:22:05 INFO BlockManager: Using org.apache.spark.storage.RandomBlockReplicationPolicy for block replication policy
[2024-10-24T01:22:05.776+0000] {spark_submit.py:524} INFO - 24/10/24 01:22:05 INFO StandaloneAppClient$ClientEndpoint: Executor updated: app-20241024012205-0036/0 is now RUNNING
[2024-10-24T01:22:05.807+0000] {spark_submit.py:524} INFO - 24/10/24 01:22:05 INFO BlockManagerMaster: Registering BlockManager BlockManagerId(driver, de5108c6da1d, 37985, None)
[2024-10-24T01:22:05.820+0000] {spark_submit.py:524} INFO - 24/10/24 01:22:05 INFO BlockManagerMasterEndpoint: Registering block manager de5108c6da1d:37985 with 434.4 MiB RAM, BlockManagerId(driver, de5108c6da1d, 37985, None)
[2024-10-24T01:22:05.830+0000] {spark_submit.py:524} INFO - 24/10/24 01:22:05 INFO BlockManagerMaster: Registered BlockManager BlockManagerId(driver, de5108c6da1d, 37985, None)
[2024-10-24T01:22:05.847+0000] {spark_submit.py:524} INFO - 24/10/24 01:22:05 INFO BlockManager: Initialized BlockManager: BlockManagerId(driver, de5108c6da1d, 37985, None)
[2024-10-24T01:22:06.621+0000] {spark_submit.py:524} INFO - 24/10/24 01:22:06 INFO StandaloneSchedulerBackend: SchedulerBackend is ready for scheduling beginning after reached minRegisteredResourcesRatio: 0.0
[2024-10-24T01:22:07.183+0000] {spark_submit.py:524} INFO - Hello from Spark!
[2024-10-24T01:22:07.185+0000] {spark_submit.py:524} INFO - 24/10/24 01:22:07 INFO SparkContext: SparkContext is stopping with exitCode 0.
[2024-10-24T01:22:07.240+0000] {spark_submit.py:524} INFO - 24/10/24 01:22:07 INFO SparkUI: Stopped Spark web UI at http://de5108c6da1d:4040
[2024-10-24T01:22:07.271+0000] {spark_submit.py:524} INFO - 24/10/24 01:22:07 INFO StandaloneSchedulerBackend: Shutting down all executors
[2024-10-24T01:22:07.280+0000] {spark_submit.py:524} INFO - 24/10/24 01:22:07 INFO StandaloneSchedulerBackend$StandaloneDriverEndpoint: Asking each executor to shut down
[2024-10-24T01:22:07.389+0000] {spark_submit.py:524} INFO - 24/10/24 01:22:07 INFO MapOutputTrackerMasterEndpoint: MapOutputTrackerMasterEndpoint stopped!
[2024-10-24T01:22:07.450+0000] {spark_submit.py:524} INFO - 24/10/24 01:22:07 INFO MemoryStore: MemoryStore cleared
[2024-10-24T01:22:07.452+0000] {spark_submit.py:524} INFO - 24/10/24 01:22:07 INFO BlockManager: BlockManager stopped
[2024-10-24T01:22:07.480+0000] {spark_submit.py:524} INFO - 24/10/24 01:22:07 INFO BlockManagerMaster: BlockManagerMaster stopped
[2024-10-24T01:22:07.487+0000] {spark_submit.py:524} INFO - 24/10/24 01:22:07 INFO OutputCommitCoordinator$OutputCommitCoordinatorEndpoint: OutputCommitCoordinator stopped!
[2024-10-24T01:22:07.513+0000] {spark_submit.py:524} INFO - 24/10/24 01:22:07 INFO SparkContext: Successfully stopped SparkContext
[2024-10-24T01:22:07.855+0000] {spark_submit.py:524} INFO - 24/10/24 01:22:07 INFO ShutdownHookManager: Shutdown hook called
[2024-10-24T01:22:07.861+0000] {spark_submit.py:524} INFO - 24/10/24 01:22:07 INFO ShutdownHookManager: Deleting directory /tmp/spark-bd161d5a-bf8f-4bc6-b0d2-97b9216a938c/pyspark-b9cd7f18-f7a6-436f-8ad1-e2928208fdd8
[2024-10-24T01:22:07.869+0000] {spark_submit.py:524} INFO - 24/10/24 01:22:07 INFO ShutdownHookManager: Deleting directory /tmp/spark-4b79214b-81a3-4d6b-ae34-e3d970e2a22c
[2024-10-24T01:22:07.884+0000] {spark_submit.py:524} INFO - 24/10/24 01:22:07 INFO ShutdownHookManager: Deleting directory /tmp/spark-bd161d5a-bf8f-4bc6-b0d2-97b9216a938c
[2024-10-24T01:22:08.039+0000] {taskinstance.py:1398} INFO - Marking task as SUCCESS. dag_id=api_openbrewerydb_to_silver_gold, task_id=Silver, execution_date=20231122T080000, start_date=20241024T012155, end_date=20241024T012208
[2024-10-24T01:22:08.265+0000] {local_task_job_runner.py:228} INFO - Task exited with return code 0
[2024-10-24T01:22:08.319+0000] {taskinstance.py:2776} INFO - 1 downstream tasks scheduled from follow-on schedule check
