[2024-10-24T14:28:18.584+0000] {taskinstance.py:1157} INFO - Dependencies all met for dep_context=non-requeueable deps ti=<TaskInstance: api_openbrewerydb_to_silver_gold.Gold scheduled__2023-10-31T08:00:00+00:00 [queued]>
[2024-10-24T14:28:18.590+0000] {taskinstance.py:1157} INFO - Dependencies all met for dep_context=requeueable deps ti=<TaskInstance: api_openbrewerydb_to_silver_gold.Gold scheduled__2023-10-31T08:00:00+00:00 [queued]>
[2024-10-24T14:28:18.590+0000] {taskinstance.py:1359} INFO - Starting attempt 1 of 2
[2024-10-24T14:28:18.599+0000] {taskinstance.py:1380} INFO - Executing <Task(SparkSubmitOperator): Gold> on 2023-10-31 08:00:00+00:00
[2024-10-24T14:28:18.604+0000] {standard_task_runner.py:57} INFO - Started process 3571 to run task
[2024-10-24T14:28:18.606+0000] {standard_task_runner.py:84} INFO - Running: ['***', 'tasks', 'run', 'api_openbrewerydb_to_silver_gold', 'Gold', 'scheduled__2023-10-31T08:00:00+00:00', '--job-id', '26', '--raw', '--subdir', 'DAGS_FOLDER/api_openbrewerydb_to_silver.py', '--cfg-path', '/tmp/tmpklmr84_z']
[2024-10-24T14:28:18.609+0000] {standard_task_runner.py:85} INFO - Job 26: Subtask Gold
[2024-10-24T14:28:18.653+0000] {task_command.py:415} INFO - Running <TaskInstance: api_openbrewerydb_to_silver_gold.Gold scheduled__2023-10-31T08:00:00+00:00 [running]> on host 96f89615839b
[2024-10-24T14:28:18.729+0000] {taskinstance.py:1660} INFO - Exporting env vars: AIRFLOW_CTX_DAG_OWNER='Rodrigo Araujo' AIRFLOW_CTX_DAG_ID='api_openbrewerydb_to_silver_gold' AIRFLOW_CTX_TASK_ID='Gold' AIRFLOW_CTX_EXECUTION_DATE='2023-10-31T08:00:00+00:00' AIRFLOW_CTX_TRY_NUMBER='1' AIRFLOW_CTX_DAG_RUN_ID='scheduled__2023-10-31T08:00:00+00:00'
[2024-10-24T14:28:18.740+0000] {base.py:73} INFO - Using connection ID 'spark-conn' for task execution.
[2024-10-24T14:28:18.741+0000] {spark_submit.py:363} INFO - Spark-Submit cmd: spark-submit --master spark://spark-master:7077 --name arrow-spark jobs/gold/api_openbrewerydb.py
[2024-10-24T14:28:21.561+0000] {spark_submit.py:524} INFO - 24/10/24 14:28:21 INFO SparkContext: Running Spark version 3.5.3
[2024-10-24T14:28:21.563+0000] {spark_submit.py:524} INFO - 24/10/24 14:28:21 INFO SparkContext: OS info Linux, 5.15.0-124-generic, amd64
[2024-10-24T14:28:21.563+0000] {spark_submit.py:524} INFO - 24/10/24 14:28:21 INFO SparkContext: Java version 11.0.25
[2024-10-24T14:28:21.622+0000] {spark_submit.py:524} INFO - 24/10/24 14:28:21 WARN NativeCodeLoader: Unable to load native-hadoop library for your platform... using builtin-java classes where applicable
[2024-10-24T14:28:21.705+0000] {spark_submit.py:524} INFO - 24/10/24 14:28:21 INFO ResourceUtils: ==============================================================
[2024-10-24T14:28:21.705+0000] {spark_submit.py:524} INFO - 24/10/24 14:28:21 INFO ResourceUtils: No custom resources configured for spark.driver.
[2024-10-24T14:28:21.705+0000] {spark_submit.py:524} INFO - 24/10/24 14:28:21 INFO ResourceUtils: ==============================================================
[2024-10-24T14:28:21.706+0000] {spark_submit.py:524} INFO - 24/10/24 14:28:21 INFO SparkContext: Submitted application: IngestaoSilver
[2024-10-24T14:28:21.724+0000] {spark_submit.py:524} INFO - 24/10/24 14:28:21 INFO ResourceProfile: Default ResourceProfile created, executor resources: Map(memory -> name: memory, amount: 1024, script: , vendor: , offHeap -> name: offHeap, amount: 0, script: , vendor: ), task resources: Map(cpus -> name: cpus, amount: 1.0)
[2024-10-24T14:28:21.736+0000] {spark_submit.py:524} INFO - 24/10/24 14:28:21 INFO ResourceProfile: Limiting resource is cpu
[2024-10-24T14:28:21.737+0000] {spark_submit.py:524} INFO - 24/10/24 14:28:21 INFO ResourceProfileManager: Added ResourceProfile id: 0
[2024-10-24T14:28:21.782+0000] {spark_submit.py:524} INFO - 24/10/24 14:28:21 INFO SecurityManager: Changing view acls to: ***
[2024-10-24T14:28:21.782+0000] {spark_submit.py:524} INFO - 24/10/24 14:28:21 INFO SecurityManager: Changing modify acls to: ***
[2024-10-24T14:28:21.783+0000] {spark_submit.py:524} INFO - 24/10/24 14:28:21 INFO SecurityManager: Changing view acls groups to:
[2024-10-24T14:28:21.783+0000] {spark_submit.py:524} INFO - 24/10/24 14:28:21 INFO SecurityManager: Changing modify acls groups to:
[2024-10-24T14:28:21.784+0000] {spark_submit.py:524} INFO - 24/10/24 14:28:21 INFO SecurityManager: SecurityManager: authentication disabled; ui acls disabled; users with view permissions: ***; groups with view permissions: EMPTY; users with modify permissions: ***; groups with modify permissions: EMPTY
[2024-10-24T14:28:22.001+0000] {spark_submit.py:524} INFO - 24/10/24 14:28:22 INFO Utils: Successfully started service 'sparkDriver' on port 40559.
[2024-10-24T14:28:22.023+0000] {spark_submit.py:524} INFO - 24/10/24 14:28:22 INFO SparkEnv: Registering MapOutputTracker
[2024-10-24T14:28:22.052+0000] {spark_submit.py:524} INFO - 24/10/24 14:28:22 INFO SparkEnv: Registering BlockManagerMaster
[2024-10-24T14:28:22.077+0000] {spark_submit.py:524} INFO - 24/10/24 14:28:22 INFO BlockManagerMasterEndpoint: Using org.apache.spark.storage.DefaultTopologyMapper for getting topology information
[2024-10-24T14:28:22.078+0000] {spark_submit.py:524} INFO - 24/10/24 14:28:22 INFO BlockManagerMasterEndpoint: BlockManagerMasterEndpoint up
[2024-10-24T14:28:22.081+0000] {spark_submit.py:524} INFO - 24/10/24 14:28:22 INFO SparkEnv: Registering BlockManagerMasterHeartbeat
[2024-10-24T14:28:22.102+0000] {spark_submit.py:524} INFO - 24/10/24 14:28:22 INFO DiskBlockManager: Created local directory at /tmp/blockmgr-25988cc1-c243-497e-8031-fb03e0aaa7d4
[2024-10-24T14:28:22.115+0000] {spark_submit.py:524} INFO - 24/10/24 14:28:22 INFO MemoryStore: MemoryStore started with capacity 434.4 MiB
[2024-10-24T14:28:22.127+0000] {spark_submit.py:524} INFO - 24/10/24 14:28:22 INFO SparkEnv: Registering OutputCommitCoordinator
[2024-10-24T14:28:22.257+0000] {spark_submit.py:524} INFO - 24/10/24 14:28:22 INFO JettyUtils: Start Jetty 0.0.0.0:4040 for SparkUI
[2024-10-24T14:28:22.307+0000] {spark_submit.py:524} INFO - 24/10/24 14:28:22 INFO Utils: Successfully started service 'SparkUI' on port 4040.
[2024-10-24T14:28:22.412+0000] {spark_submit.py:524} INFO - 24/10/24 14:28:22 INFO StandaloneAppClient$ClientEndpoint: Connecting to master spark://spark-master:7077...
[2024-10-24T14:28:22.457+0000] {spark_submit.py:524} INFO - 24/10/24 14:28:22 INFO TransportClientFactory: Successfully created connection to spark-master/172.18.0.2:7077 after 26 ms (0 ms spent in bootstraps)
[2024-10-24T14:28:22.542+0000] {spark_submit.py:524} INFO - 24/10/24 14:28:22 INFO StandaloneSchedulerBackend: Connected to Spark cluster with app ID app-20241024142822-0021
[2024-10-24T14:28:22.546+0000] {spark_submit.py:524} INFO - 24/10/24 14:28:22 INFO StandaloneAppClient$ClientEndpoint: Executor added: app-20241024142822-0021/0 on worker-20241024142308-172.18.0.5-43899 (172.18.0.5:43899) with 2 core(s)
[2024-10-24T14:28:22.549+0000] {spark_submit.py:524} INFO - 24/10/24 14:28:22 INFO StandaloneSchedulerBackend: Granted executor ID app-20241024142822-0021/0 on hostPort 172.18.0.5:43899 with 2 core(s), 1024.0 MiB RAM
[2024-10-24T14:28:22.561+0000] {spark_submit.py:524} INFO - 24/10/24 14:28:22 INFO Utils: Successfully started service 'org.apache.spark.network.netty.NettyBlockTransferService' on port 42603.
[2024-10-24T14:28:22.561+0000] {spark_submit.py:524} INFO - 24/10/24 14:28:22 INFO NettyBlockTransferService: Server created on 96f89615839b:42603
[2024-10-24T14:28:22.564+0000] {spark_submit.py:524} INFO - 24/10/24 14:28:22 INFO BlockManager: Using org.apache.spark.storage.RandomBlockReplicationPolicy for block replication policy
[2024-10-24T14:28:22.585+0000] {spark_submit.py:524} INFO - 24/10/24 14:28:22 INFO BlockManagerMaster: Registering BlockManager BlockManagerId(driver, 96f89615839b, 42603, None)
[2024-10-24T14:28:22.591+0000] {spark_submit.py:524} INFO - 24/10/24 14:28:22 INFO BlockManagerMasterEndpoint: Registering block manager 96f89615839b:42603 with 434.4 MiB RAM, BlockManagerId(driver, 96f89615839b, 42603, None)
[2024-10-24T14:28:22.597+0000] {spark_submit.py:524} INFO - 24/10/24 14:28:22 INFO BlockManagerMaster: Registered BlockManager BlockManagerId(driver, 96f89615839b, 42603, None)
[2024-10-24T14:28:22.598+0000] {spark_submit.py:524} INFO - 24/10/24 14:28:22 INFO StandaloneAppClient$ClientEndpoint: Executor updated: app-20241024142822-0021/0 is now RUNNING
[2024-10-24T14:28:22.600+0000] {spark_submit.py:524} INFO - 24/10/24 14:28:22 INFO BlockManager: Initialized BlockManager: BlockManagerId(driver, 96f89615839b, 42603, None)
[2024-10-24T14:28:22.931+0000] {spark_submit.py:524} INFO - 24/10/24 14:28:22 INFO StandaloneSchedulerBackend: SchedulerBackend is ready for scheduling beginning after reached minRegisteredResourcesRatio: 0.0
[2024-10-24T14:28:23.160+0000] {spark_submit.py:524} INFO - Hello from Spark!
[2024-10-24T14:28:23.161+0000] {spark_submit.py:524} INFO - 24/10/24 14:28:23 INFO SparkContext: SparkContext is stopping with exitCode 0.
[2024-10-24T14:28:23.173+0000] {spark_submit.py:524} INFO - 24/10/24 14:28:23 INFO SparkUI: Stopped Spark web UI at http://96f89615839b:4040
[2024-10-24T14:28:23.179+0000] {spark_submit.py:524} INFO - 24/10/24 14:28:23 INFO StandaloneSchedulerBackend: Shutting down all executors
[2024-10-24T14:28:23.184+0000] {spark_submit.py:524} INFO - 24/10/24 14:28:23 INFO StandaloneSchedulerBackend$StandaloneDriverEndpoint: Asking each executor to shut down
[2024-10-24T14:28:23.206+0000] {spark_submit.py:524} INFO - 24/10/24 14:28:23 INFO MapOutputTrackerMasterEndpoint: MapOutputTrackerMasterEndpoint stopped!
[2024-10-24T14:28:23.219+0000] {spark_submit.py:524} INFO - 24/10/24 14:28:23 INFO MemoryStore: MemoryStore cleared
[2024-10-24T14:28:23.220+0000] {spark_submit.py:524} INFO - 24/10/24 14:28:23 INFO BlockManager: BlockManager stopped
[2024-10-24T14:28:23.235+0000] {spark_submit.py:524} INFO - 24/10/24 14:28:23 INFO BlockManagerMaster: BlockManagerMaster stopped
[2024-10-24T14:28:23.239+0000] {spark_submit.py:524} INFO - 24/10/24 14:28:23 INFO OutputCommitCoordinator$OutputCommitCoordinatorEndpoint: OutputCommitCoordinator stopped!
[2024-10-24T14:28:23.256+0000] {spark_submit.py:524} INFO - 24/10/24 14:28:23 INFO SparkContext: Successfully stopped SparkContext
[2024-10-24T14:28:23.554+0000] {spark_submit.py:524} INFO - 24/10/24 14:28:23 INFO ShutdownHookManager: Shutdown hook called
[2024-10-24T14:28:23.555+0000] {spark_submit.py:524} INFO - 24/10/24 14:28:23 INFO ShutdownHookManager: Deleting directory /tmp/spark-f1d428e9-604d-47c0-8d52-8a2e73223fba
[2024-10-24T14:28:23.558+0000] {spark_submit.py:524} INFO - 24/10/24 14:28:23 INFO ShutdownHookManager: Deleting directory /tmp/spark-a8a98da7-e2f8-41b3-adc9-3f7937f5750a
[2024-10-24T14:28:23.561+0000] {spark_submit.py:524} INFO - 24/10/24 14:28:23 INFO ShutdownHookManager: Deleting directory /tmp/spark-f1d428e9-604d-47c0-8d52-8a2e73223fba/pyspark-1252218b-3296-452f-9b8a-27c721fe723a
[2024-10-24T14:28:23.631+0000] {taskinstance.py:1398} INFO - Marking task as SUCCESS. dag_id=api_openbrewerydb_to_silver_gold, task_id=Gold, execution_date=20231031T080000, start_date=20241024T142818, end_date=20241024T142823
[2024-10-24T14:28:23.669+0000] {local_task_job_runner.py:228} INFO - Task exited with return code 0
[2024-10-24T14:28:23.684+0000] {taskinstance.py:2776} INFO - 0 downstream tasks scheduled from follow-on schedule check
