[2024-10-24T00:24:07.760+0000] {taskinstance.py:1157} INFO - Dependencies all met for dep_context=non-requeueable deps ti=<TaskInstance: Ingestion.Silver scheduled__2024-10-23T00:00:00+00:00 [queued]>
[2024-10-24T00:24:07.769+0000] {taskinstance.py:1157} INFO - Dependencies all met for dep_context=requeueable deps ti=<TaskInstance: Ingestion.Silver scheduled__2024-10-23T00:00:00+00:00 [queued]>
[2024-10-24T00:24:07.769+0000] {taskinstance.py:1359} INFO - Starting attempt 1 of 3
[2024-10-24T00:24:07.780+0000] {taskinstance.py:1380} INFO - Executing <Task(SparkSubmitOperator): Silver> on 2024-10-23 00:00:00+00:00
[2024-10-24T00:24:07.785+0000] {standard_task_runner.py:57} INFO - Started process 185 to run task
[2024-10-24T00:24:07.787+0000] {standard_task_runner.py:84} INFO - Running: ['***', 'tasks', 'run', 'Ingestion', 'Silver', 'scheduled__2024-10-23T00:00:00+00:00', '--job-id', '20', '--raw', '--subdir', 'DAGS_FOLDER/spark_ingestion.py', '--cfg-path', '/tmp/tmphqf9qf3t']
[2024-10-24T00:24:07.792+0000] {standard_task_runner.py:85} INFO - Job 20: Subtask Silver
[2024-10-24T00:24:07.840+0000] {task_command.py:415} INFO - Running <TaskInstance: Ingestion.Silver scheduled__2024-10-23T00:00:00+00:00 [running]> on host de5108c6da1d
[2024-10-24T00:24:07.915+0000] {taskinstance.py:1660} INFO - Exporting env vars: AIRFLOW_CTX_DAG_OWNER='Rodrigo Araujo' AIRFLOW_CTX_DAG_ID='Ingestion' AIRFLOW_CTX_TASK_ID='Silver' AIRFLOW_CTX_EXECUTION_DATE='2024-10-23T00:00:00+00:00' AIRFLOW_CTX_TRY_NUMBER='1' AIRFLOW_CTX_DAG_RUN_ID='scheduled__2024-10-23T00:00:00+00:00'
[2024-10-24T00:24:07.926+0000] {base.py:73} INFO - Using connection ID 'spark-conn' for task execution.
[2024-10-24T00:24:07.926+0000] {spark_submit.py:363} INFO - Spark-Submit cmd: spark-submit --master spark://spark-master:7077 --name arrow-spark --queue root.default jobs/silver/usuarios.py
[2024-10-24T00:24:11.240+0000] {spark_submit.py:524} INFO - 24/10/24 00:24:11 INFO SparkContext: Running Spark version 3.5.3
[2024-10-24T00:24:11.242+0000] {spark_submit.py:524} INFO - 24/10/24 00:24:11 INFO SparkContext: OS info Linux, 5.15.0-124-generic, amd64
[2024-10-24T00:24:11.243+0000] {spark_submit.py:524} INFO - 24/10/24 00:24:11 INFO SparkContext: Java version 11.0.25
[2024-10-24T00:24:11.307+0000] {spark_submit.py:524} INFO - 24/10/24 00:24:11 WARN NativeCodeLoader: Unable to load native-hadoop library for your platform... using builtin-java classes where applicable
[2024-10-24T00:24:11.395+0000] {spark_submit.py:524} INFO - 24/10/24 00:24:11 INFO ResourceUtils: ==============================================================
[2024-10-24T00:24:11.395+0000] {spark_submit.py:524} INFO - 24/10/24 00:24:11 INFO ResourceUtils: No custom resources configured for spark.driver.
[2024-10-24T00:24:11.395+0000] {spark_submit.py:524} INFO - 24/10/24 00:24:11 INFO ResourceUtils: ==============================================================
[2024-10-24T00:24:11.396+0000] {spark_submit.py:524} INFO - 24/10/24 00:24:11 INFO SparkContext: Submitted application: IngestaoSilver
[2024-10-24T00:24:11.416+0000] {spark_submit.py:524} INFO - 24/10/24 00:24:11 INFO ResourceProfile: Default ResourceProfile created, executor resources: Map(memory -> name: memory, amount: 1024, script: , vendor: , offHeap -> name: offHeap, amount: 0, script: , vendor: ), task resources: Map(cpus -> name: cpus, amount: 1.0)
[2024-10-24T00:24:11.429+0000] {spark_submit.py:524} INFO - 24/10/24 00:24:11 INFO ResourceProfile: Limiting resource is cpu
[2024-10-24T00:24:11.429+0000] {spark_submit.py:524} INFO - 24/10/24 00:24:11 INFO ResourceProfileManager: Added ResourceProfile id: 0
[2024-10-24T00:24:11.485+0000] {spark_submit.py:524} INFO - 24/10/24 00:24:11 INFO SecurityManager: Changing view acls to: ***
[2024-10-24T00:24:11.486+0000] {spark_submit.py:524} INFO - 24/10/24 00:24:11 INFO SecurityManager: Changing modify acls to: ***
[2024-10-24T00:24:11.486+0000] {spark_submit.py:524} INFO - 24/10/24 00:24:11 INFO SecurityManager: Changing view acls groups to:
[2024-10-24T00:24:11.486+0000] {spark_submit.py:524} INFO - 24/10/24 00:24:11 INFO SecurityManager: Changing modify acls groups to:
[2024-10-24T00:24:11.487+0000] {spark_submit.py:524} INFO - 24/10/24 00:24:11 INFO SecurityManager: SecurityManager: authentication disabled; ui acls disabled; users with view permissions: ***; groups with view permissions: EMPTY; users with modify permissions: ***; groups with modify permissions: EMPTY
[2024-10-24T00:24:11.726+0000] {spark_submit.py:524} INFO - 24/10/24 00:24:11 INFO Utils: Successfully started service 'sparkDriver' on port 43439.
[2024-10-24T00:24:11.756+0000] {spark_submit.py:524} INFO - 24/10/24 00:24:11 INFO SparkEnv: Registering MapOutputTracker
[2024-10-24T00:24:11.787+0000] {spark_submit.py:524} INFO - 24/10/24 00:24:11 INFO SparkEnv: Registering BlockManagerMaster
[2024-10-24T00:24:11.808+0000] {spark_submit.py:524} INFO - 24/10/24 00:24:11 INFO BlockManagerMasterEndpoint: Using org.apache.spark.storage.DefaultTopologyMapper for getting topology information
[2024-10-24T00:24:11.808+0000] {spark_submit.py:524} INFO - 24/10/24 00:24:11 INFO BlockManagerMasterEndpoint: BlockManagerMasterEndpoint up
[2024-10-24T00:24:11.812+0000] {spark_submit.py:524} INFO - 24/10/24 00:24:11 INFO SparkEnv: Registering BlockManagerMasterHeartbeat
[2024-10-24T00:24:11.835+0000] {spark_submit.py:524} INFO - 24/10/24 00:24:11 INFO DiskBlockManager: Created local directory at /tmp/blockmgr-a20d47d8-aed3-4d9b-bf77-2252ee51e236
[2024-10-24T00:24:11.850+0000] {spark_submit.py:524} INFO - 24/10/24 00:24:11 INFO MemoryStore: MemoryStore started with capacity 434.4 MiB
[2024-10-24T00:24:11.864+0000] {spark_submit.py:524} INFO - 24/10/24 00:24:11 INFO SparkEnv: Registering OutputCommitCoordinator
[2024-10-24T00:24:12.010+0000] {spark_submit.py:524} INFO - 24/10/24 00:24:12 INFO JettyUtils: Start Jetty 0.0.0.0:4040 for SparkUI
[2024-10-24T00:24:12.061+0000] {spark_submit.py:524} INFO - 24/10/24 00:24:12 INFO Utils: Successfully started service 'SparkUI' on port 4040.
[2024-10-24T00:24:12.165+0000] {spark_submit.py:524} INFO - 24/10/24 00:24:12 INFO StandaloneAppClient$ClientEndpoint: Connecting to master spark://spark-master:7077...
[2024-10-24T00:24:12.211+0000] {spark_submit.py:524} INFO - 24/10/24 00:24:12 INFO TransportClientFactory: Successfully created connection to spark-master/172.22.0.2:7077 after 27 ms (0 ms spent in bootstraps)
[2024-10-24T00:24:12.370+0000] {spark_submit.py:524} INFO - 24/10/24 00:24:12 INFO StandaloneSchedulerBackend: Connected to Spark cluster with app ID app-20241024002412-0000
[2024-10-24T00:24:12.384+0000] {spark_submit.py:524} INFO - 24/10/24 00:24:12 INFO Utils: Successfully started service 'org.apache.spark.network.netty.NettyBlockTransferService' on port 40733.
[2024-10-24T00:24:12.385+0000] {spark_submit.py:524} INFO - 24/10/24 00:24:12 INFO NettyBlockTransferService: Server created on de5108c6da1d:40733
[2024-10-24T00:24:12.388+0000] {spark_submit.py:524} INFO - 24/10/24 00:24:12 INFO BlockManager: Using org.apache.spark.storage.RandomBlockReplicationPolicy for block replication policy
[2024-10-24T00:24:12.402+0000] {spark_submit.py:524} INFO - 24/10/24 00:24:12 INFO BlockManagerMaster: Registering BlockManager BlockManagerId(driver, de5108c6da1d, 40733, None)
[2024-10-24T00:24:12.405+0000] {spark_submit.py:524} INFO - 24/10/24 00:24:12 INFO StandaloneAppClient$ClientEndpoint: Executor added: app-20241024002412-0000/0 on worker-20241024002354-172.22.0.4-34241 (172.22.0.4:34241) with 2 core(s)
[2024-10-24T00:24:12.407+0000] {spark_submit.py:524} INFO - 24/10/24 00:24:12 INFO BlockManagerMasterEndpoint: Registering block manager de5108c6da1d:40733 with 434.4 MiB RAM, BlockManagerId(driver, de5108c6da1d, 40733, None)
[2024-10-24T00:24:12.408+0000] {spark_submit.py:524} INFO - 24/10/24 00:24:12 INFO StandaloneSchedulerBackend: Granted executor ID app-20241024002412-0000/0 on hostPort 172.22.0.4:34241 with 2 core(s), 1024.0 MiB RAM
[2024-10-24T00:24:12.410+0000] {spark_submit.py:524} INFO - 24/10/24 00:24:12 INFO BlockManagerMaster: Registered BlockManager BlockManagerId(driver, de5108c6da1d, 40733, None)
[2024-10-24T00:24:12.412+0000] {spark_submit.py:524} INFO - 24/10/24 00:24:12 INFO BlockManager: Initialized BlockManager: BlockManagerId(driver, de5108c6da1d, 40733, None)
[2024-10-24T00:24:12.665+0000] {spark_submit.py:524} INFO - 24/10/24 00:24:12 INFO StandaloneAppClient$ClientEndpoint: Executor updated: app-20241024002412-0000/0 is now RUNNING
[2024-10-24T00:24:12.783+0000] {spark_submit.py:524} INFO - 24/10/24 00:24:12 INFO StandaloneSchedulerBackend: SchedulerBackend is ready for scheduling beginning after reached minRegisteredResourcesRatio: 0.0
[2024-10-24T00:24:13.048+0000] {spark_submit.py:524} INFO - Hello from Spark!
[2024-10-24T00:24:13.048+0000] {spark_submit.py:524} INFO - 24/10/24 00:24:13 INFO SparkContext: SparkContext is stopping with exitCode 0.
[2024-10-24T00:24:13.060+0000] {spark_submit.py:524} INFO - 24/10/24 00:24:13 INFO SparkUI: Stopped Spark web UI at http://de5108c6da1d:4040
[2024-10-24T00:24:13.064+0000] {spark_submit.py:524} INFO - 24/10/24 00:24:13 INFO StandaloneSchedulerBackend: Shutting down all executors
[2024-10-24T00:24:13.068+0000] {spark_submit.py:524} INFO - 24/10/24 00:24:13 INFO StandaloneSchedulerBackend$StandaloneDriverEndpoint: Asking each executor to shut down
[2024-10-24T00:24:13.088+0000] {spark_submit.py:524} INFO - 24/10/24 00:24:13 INFO MapOutputTrackerMasterEndpoint: MapOutputTrackerMasterEndpoint stopped!
[2024-10-24T00:24:13.126+0000] {spark_submit.py:524} INFO - 24/10/24 00:24:13 INFO MemoryStore: MemoryStore cleared
[2024-10-24T00:24:13.126+0000] {spark_submit.py:524} INFO - 24/10/24 00:24:13 INFO BlockManager: BlockManager stopped
[2024-10-24T00:24:13.135+0000] {spark_submit.py:524} INFO - 24/10/24 00:24:13 INFO BlockManagerMaster: BlockManagerMaster stopped
[2024-10-24T00:24:13.139+0000] {spark_submit.py:524} INFO - 24/10/24 00:24:13 INFO OutputCommitCoordinator$OutputCommitCoordinatorEndpoint: OutputCommitCoordinator stopped!
[2024-10-24T00:24:13.148+0000] {spark_submit.py:524} INFO - 24/10/24 00:24:13 INFO SparkContext: Successfully stopped SparkContext
[2024-10-24T00:24:13.425+0000] {spark_submit.py:524} INFO - 24/10/24 00:24:13 INFO ShutdownHookManager: Shutdown hook called
[2024-10-24T00:24:13.426+0000] {spark_submit.py:524} INFO - 24/10/24 00:24:13 INFO ShutdownHookManager: Deleting directory /tmp/spark-b63a5a96-f93c-415b-9fe3-81f646e188c7
[2024-10-24T00:24:13.429+0000] {spark_submit.py:524} INFO - 24/10/24 00:24:13 INFO ShutdownHookManager: Deleting directory /tmp/spark-cb32090a-cd38-4c52-bda9-f82f4f7eda83/pyspark-fa0cf48e-130b-49a2-b5c3-ac655303eeb8
[2024-10-24T00:24:13.432+0000] {spark_submit.py:524} INFO - 24/10/24 00:24:13 INFO ShutdownHookManager: Deleting directory /tmp/spark-cb32090a-cd38-4c52-bda9-f82f4f7eda83
[2024-10-24T00:24:13.491+0000] {taskinstance.py:1398} INFO - Marking task as SUCCESS. dag_id=Ingestion, task_id=Silver, execution_date=20241023T000000, start_date=20241024T002407, end_date=20241024T002413
[2024-10-24T00:24:13.512+0000] {local_task_job_runner.py:228} INFO - Task exited with return code 0
[2024-10-24T00:24:13.532+0000] {taskinstance.py:2776} INFO - 1 downstream tasks scheduled from follow-on schedule check
