[2024-10-24T17:17:13.403+0000] {taskinstance.py:1157} INFO - Dependencies all met for dep_context=non-requeueable deps ti=<TaskInstance: api_openbrewerydb_to_silver_gold.Gold manual__2024-10-24T17:16:55.469384+00:00 [queued]>
[2024-10-24T17:17:13.412+0000] {taskinstance.py:1157} INFO - Dependencies all met for dep_context=requeueable deps ti=<TaskInstance: api_openbrewerydb_to_silver_gold.Gold manual__2024-10-24T17:16:55.469384+00:00 [queued]>
[2024-10-24T17:17:13.413+0000] {taskinstance.py:1359} INFO - Starting attempt 1 of 2
[2024-10-24T17:17:13.424+0000] {taskinstance.py:1380} INFO - Executing <Task(SparkSubmitOperator): Gold> on 2024-10-24 17:16:55.469384+00:00
[2024-10-24T17:17:13.430+0000] {standard_task_runner.py:57} INFO - Started process 904 to run task
[2024-10-24T17:17:13.433+0000] {standard_task_runner.py:84} INFO - Running: ['***', 'tasks', 'run', 'api_openbrewerydb_to_silver_gold', 'Gold', 'manual__2024-10-24T17:16:55.469384+00:00', '--job-id', '160', '--raw', '--subdir', 'DAGS_FOLDER/api_openbrewerydb_to_silver.py', '--cfg-path', '/tmp/tmps4pk4qhh']
[2024-10-24T17:17:13.440+0000] {standard_task_runner.py:85} INFO - Job 160: Subtask Gold
[2024-10-24T17:17:13.501+0000] {task_command.py:415} INFO - Running <TaskInstance: api_openbrewerydb_to_silver_gold.Gold manual__2024-10-24T17:16:55.469384+00:00 [running]> on host e995fa603d7f
[2024-10-24T17:17:13.614+0000] {taskinstance.py:1660} INFO - Exporting env vars: AIRFLOW_CTX_DAG_OWNER='Rodrigo Araujo' AIRFLOW_CTX_DAG_ID='api_openbrewerydb_to_silver_gold' AIRFLOW_CTX_TASK_ID='Gold' AIRFLOW_CTX_EXECUTION_DATE='2024-10-24T17:16:55.469384+00:00' AIRFLOW_CTX_TRY_NUMBER='1' AIRFLOW_CTX_DAG_RUN_ID='manual__2024-10-24T17:16:55.469384+00:00'
[2024-10-24T17:17:13.629+0000] {base.py:73} INFO - Using connection ID 'spark-conn' for task execution.
[2024-10-24T17:17:13.629+0000] {spark_submit.py:363} INFO - Spark-Submit cmd: spark-submit --master spark://spark-master:7077 --name arrow-spark jobs/gold/api_openbrewerydb.py
[2024-10-24T17:17:16.970+0000] {spark_submit.py:524} INFO - 24/10/24 17:17:16 INFO SparkContext: Running Spark version 3.5.0
[2024-10-24T17:17:16.972+0000] {spark_submit.py:524} INFO - 24/10/24 17:17:16 INFO SparkContext: OS info Linux, 5.15.0-124-generic, amd64
[2024-10-24T17:17:16.972+0000] {spark_submit.py:524} INFO - 24/10/24 17:17:16 INFO SparkContext: Java version 17.0.13
[2024-10-24T17:17:17.028+0000] {spark_submit.py:524} INFO - 24/10/24 17:17:17 WARN NativeCodeLoader: Unable to load native-hadoop library for your platform... using builtin-java classes where applicable
[2024-10-24T17:17:17.133+0000] {spark_submit.py:524} INFO - 24/10/24 17:17:17 INFO ResourceUtils: ==============================================================
[2024-10-24T17:17:17.134+0000] {spark_submit.py:524} INFO - 24/10/24 17:17:17 INFO ResourceUtils: No custom resources configured for spark.driver.
[2024-10-24T17:17:17.135+0000] {spark_submit.py:524} INFO - 24/10/24 17:17:17 INFO ResourceUtils: ==============================================================
[2024-10-24T17:17:17.136+0000] {spark_submit.py:524} INFO - 24/10/24 17:17:17 INFO SparkContext: Submitted application: IngestaoSilver
[2024-10-24T17:17:17.163+0000] {spark_submit.py:524} INFO - 24/10/24 17:17:17 INFO ResourceProfile: Default ResourceProfile created, executor resources: Map(memory -> name: memory, amount: 1024, script: , vendor: , offHeap -> name: offHeap, amount: 0, script: , vendor: ), task resources: Map(cpus -> name: cpus, amount: 1.0)
[2024-10-24T17:17:17.173+0000] {spark_submit.py:524} INFO - 24/10/24 17:17:17 INFO ResourceProfile: Limiting resource is cpu
[2024-10-24T17:17:17.174+0000] {spark_submit.py:524} INFO - 24/10/24 17:17:17 INFO ResourceProfileManager: Added ResourceProfile id: 0
[2024-10-24T17:17:17.236+0000] {spark_submit.py:524} INFO - 24/10/24 17:17:17 INFO SecurityManager: Changing view acls to: ***
[2024-10-24T17:17:17.237+0000] {spark_submit.py:524} INFO - 24/10/24 17:17:17 INFO SecurityManager: Changing modify acls to: ***
[2024-10-24T17:17:17.238+0000] {spark_submit.py:524} INFO - 24/10/24 17:17:17 INFO SecurityManager: Changing view acls groups to:
[2024-10-24T17:17:17.239+0000] {spark_submit.py:524} INFO - 24/10/24 17:17:17 INFO SecurityManager: Changing modify acls groups to:
[2024-10-24T17:17:17.240+0000] {spark_submit.py:524} INFO - 24/10/24 17:17:17 INFO SecurityManager: SecurityManager: authentication disabled; ui acls disabled; users with view permissions: ***; groups with view permissions: EMPTY; users with modify permissions: ***; groups with modify permissions: EMPTY
[2024-10-24T17:17:17.518+0000] {spark_submit.py:524} INFO - 24/10/24 17:17:17 INFO Utils: Successfully started service 'sparkDriver' on port 39225.
[2024-10-24T17:17:17.543+0000] {spark_submit.py:524} INFO - 24/10/24 17:17:17 INFO SparkEnv: Registering MapOutputTracker
[2024-10-24T17:17:17.578+0000] {spark_submit.py:524} INFO - 24/10/24 17:17:17 INFO SparkEnv: Registering BlockManagerMaster
[2024-10-24T17:17:17.606+0000] {spark_submit.py:524} INFO - 24/10/24 17:17:17 INFO BlockManagerMasterEndpoint: Using org.apache.spark.storage.DefaultTopologyMapper for getting topology information
[2024-10-24T17:17:17.606+0000] {spark_submit.py:524} INFO - 24/10/24 17:17:17 INFO BlockManagerMasterEndpoint: BlockManagerMasterEndpoint up
[2024-10-24T17:17:17.610+0000] {spark_submit.py:524} INFO - 24/10/24 17:17:17 INFO SparkEnv: Registering BlockManagerMasterHeartbeat
[2024-10-24T17:17:17.628+0000] {spark_submit.py:524} INFO - 24/10/24 17:17:17 INFO DiskBlockManager: Created local directory at /tmp/blockmgr-eebb1a7e-ee5a-40c4-ac40-c007dc8c9730
[2024-10-24T17:17:17.647+0000] {spark_submit.py:524} INFO - 24/10/24 17:17:17 INFO MemoryStore: MemoryStore started with capacity 434.4 MiB
[2024-10-24T17:17:17.669+0000] {spark_submit.py:524} INFO - 24/10/24 17:17:17 INFO SparkEnv: Registering OutputCommitCoordinator
[2024-10-24T17:17:17.785+0000] {spark_submit.py:524} INFO - 24/10/24 17:17:17 INFO JettyUtils: Start Jetty 0.0.0.0:4040 for SparkUI
[2024-10-24T17:17:17.840+0000] {spark_submit.py:524} INFO - 24/10/24 17:17:17 INFO Utils: Successfully started service 'SparkUI' on port 4040.
[2024-10-24T17:17:17.995+0000] {spark_submit.py:524} INFO - 24/10/24 17:17:17 INFO StandaloneAppClient$ClientEndpoint: Connecting to master spark://spark-master:7077...
[2024-10-24T17:17:18.045+0000] {spark_submit.py:524} INFO - 24/10/24 17:17:18 INFO TransportClientFactory: Successfully created connection to spark-master/172.18.0.3:7077 after 29 ms (0 ms spent in bootstraps)
[2024-10-24T17:17:18.134+0000] {spark_submit.py:524} INFO - 24/10/24 17:17:18 INFO StandaloneSchedulerBackend: Connected to Spark cluster with app ID app-20241024171718-0003
[2024-10-24T17:17:18.137+0000] {spark_submit.py:524} INFO - 24/10/24 17:17:18 INFO StandaloneAppClient$ClientEndpoint: Executor added: app-20241024171718-0003/0 on worker-20241024170959-172.18.0.5-44329 (172.18.0.5:44329) with 2 core(s)
[2024-10-24T17:17:18.141+0000] {spark_submit.py:524} INFO - 24/10/24 17:17:18 INFO StandaloneSchedulerBackend: Granted executor ID app-20241024171718-0003/0 on hostPort 172.18.0.5:44329 with 2 core(s), 1024.0 MiB RAM
[2024-10-24T17:17:18.145+0000] {spark_submit.py:524} INFO - 24/10/24 17:17:18 INFO Utils: Successfully started service 'org.apache.spark.network.netty.NettyBlockTransferService' on port 43781.
[2024-10-24T17:17:18.145+0000] {spark_submit.py:524} INFO - 24/10/24 17:17:18 INFO NettyBlockTransferService: Server created on e995fa603d7f:43781
[2024-10-24T17:17:18.148+0000] {spark_submit.py:524} INFO - 24/10/24 17:17:18 INFO BlockManager: Using org.apache.spark.storage.RandomBlockReplicationPolicy for block replication policy
[2024-10-24T17:17:18.156+0000] {spark_submit.py:524} INFO - 24/10/24 17:17:18 INFO BlockManagerMaster: Registering BlockManager BlockManagerId(driver, e995fa603d7f, 43781, None)
[2024-10-24T17:17:18.160+0000] {spark_submit.py:524} INFO - 24/10/24 17:17:18 INFO BlockManagerMasterEndpoint: Registering block manager e995fa603d7f:43781 with 434.4 MiB RAM, BlockManagerId(driver, e995fa603d7f, 43781, None)
[2024-10-24T17:17:18.164+0000] {spark_submit.py:524} INFO - 24/10/24 17:17:18 INFO BlockManagerMaster: Registered BlockManager BlockManagerId(driver, e995fa603d7f, 43781, None)
[2024-10-24T17:17:18.166+0000] {spark_submit.py:524} INFO - 24/10/24 17:17:18 INFO BlockManager: Initialized BlockManager: BlockManagerId(driver, e995fa603d7f, 43781, None)
[2024-10-24T17:17:18.181+0000] {spark_submit.py:524} INFO - 24/10/24 17:17:18 INFO StandaloneAppClient$ClientEndpoint: Executor updated: app-20241024171718-0003/0 is now RUNNING
[2024-10-24T17:17:18.445+0000] {spark_submit.py:524} INFO - 24/10/24 17:17:18 INFO StandaloneSchedulerBackend: SchedulerBackend is ready for scheduling beginning after reached minRegisteredResourcesRatio: 0.0
[2024-10-24T17:17:18.671+0000] {spark_submit.py:524} INFO - Hello from Spark!
[2024-10-24T17:17:18.673+0000] {spark_submit.py:524} INFO - 24/10/24 17:17:18 INFO SparkContext: SparkContext is stopping with exitCode 0.
[2024-10-24T17:17:18.685+0000] {spark_submit.py:524} INFO - 24/10/24 17:17:18 INFO SparkUI: Stopped Spark web UI at http://e995fa603d7f:4040
[2024-10-24T17:17:18.691+0000] {spark_submit.py:524} INFO - 24/10/24 17:17:18 INFO StandaloneSchedulerBackend: Shutting down all executors
[2024-10-24T17:17:18.693+0000] {spark_submit.py:524} INFO - 24/10/24 17:17:18 INFO StandaloneSchedulerBackend$StandaloneDriverEndpoint: Asking each executor to shut down
[2024-10-24T17:17:18.714+0000] {spark_submit.py:524} INFO - 24/10/24 17:17:18 INFO MapOutputTrackerMasterEndpoint: MapOutputTrackerMasterEndpoint stopped!
[2024-10-24T17:17:18.738+0000] {spark_submit.py:524} INFO - 24/10/24 17:17:18 INFO MemoryStore: MemoryStore cleared
[2024-10-24T17:17:18.739+0000] {spark_submit.py:524} INFO - 24/10/24 17:17:18 INFO BlockManager: BlockManager stopped
[2024-10-24T17:17:18.745+0000] {spark_submit.py:524} INFO - 24/10/24 17:17:18 INFO BlockManagerMaster: BlockManagerMaster stopped
[2024-10-24T17:17:18.749+0000] {spark_submit.py:524} INFO - 24/10/24 17:17:18 INFO OutputCommitCoordinator$OutputCommitCoordinatorEndpoint: OutputCommitCoordinator stopped!
[2024-10-24T17:17:18.761+0000] {spark_submit.py:524} INFO - 24/10/24 17:17:18 INFO SparkContext: Successfully stopped SparkContext
[2024-10-24T17:17:19.116+0000] {spark_submit.py:524} INFO - 24/10/24 17:17:19 INFO ShutdownHookManager: Shutdown hook called
[2024-10-24T17:17:19.117+0000] {spark_submit.py:524} INFO - 24/10/24 17:17:19 INFO ShutdownHookManager: Deleting directory /tmp/spark-6be3b0e9-8b09-43ed-87e6-a5ab4965491a
[2024-10-24T17:17:19.121+0000] {spark_submit.py:524} INFO - 24/10/24 17:17:19 INFO ShutdownHookManager: Deleting directory /tmp/spark-6be3b0e9-8b09-43ed-87e6-a5ab4965491a/pyspark-f0708f91-98e0-4f6c-a833-5a39b223730d
[2024-10-24T17:17:19.125+0000] {spark_submit.py:524} INFO - 24/10/24 17:17:19 INFO ShutdownHookManager: Deleting directory /tmp/spark-4e8e0ed8-c971-423b-b624-5b1280845a94
[2024-10-24T17:17:19.184+0000] {taskinstance.py:1398} INFO - Marking task as SUCCESS. dag_id=api_openbrewerydb_to_silver_gold, task_id=Gold, execution_date=20241024T171655, start_date=20241024T171713, end_date=20241024T171719
[2024-10-24T17:17:19.238+0000] {local_task_job_runner.py:228} INFO - Task exited with return code 0
[2024-10-24T17:17:19.268+0000] {taskinstance.py:2776} INFO - 0 downstream tasks scheduled from follow-on schedule check
