[2024-10-24T01:22:10.465+0000] {taskinstance.py:1157} INFO - Dependencies all met for dep_context=non-requeueable deps ti=<TaskInstance: api_openbrewerydb_to_silver_gold.Gold scheduled__2023-11-23T08:00:00+00:00 [queued]>
[2024-10-24T01:22:10.480+0000] {taskinstance.py:1157} INFO - Dependencies all met for dep_context=requeueable deps ti=<TaskInstance: api_openbrewerydb_to_silver_gold.Gold scheduled__2023-11-23T08:00:00+00:00 [queued]>
[2024-10-24T01:22:10.480+0000] {taskinstance.py:1359} INFO - Starting attempt 1 of 3
[2024-10-24T01:22:10.500+0000] {taskinstance.py:1380} INFO - Executing <Task(SparkSubmitOperator): Gold> on 2023-11-23 08:00:00+00:00
[2024-10-24T01:22:10.507+0000] {standard_task_runner.py:57} INFO - Started process 7095 to run task
[2024-10-24T01:22:10.512+0000] {standard_task_runner.py:84} INFO - Running: ['***', 'tasks', 'run', 'api_openbrewerydb_to_silver_gold', 'Gold', 'scheduled__2023-11-23T08:00:00+00:00', '--job-id', '107', '--raw', '--subdir', 'DAGS_FOLDER/api_openbrewerydb_to_silver.py', '--cfg-path', '/tmp/tmp5zbuxvwl']
[2024-10-24T01:22:10.519+0000] {standard_task_runner.py:85} INFO - Job 107: Subtask Gold
[2024-10-24T01:22:10.616+0000] {task_command.py:415} INFO - Running <TaskInstance: api_openbrewerydb_to_silver_gold.Gold scheduled__2023-11-23T08:00:00+00:00 [running]> on host de5108c6da1d
[2024-10-24T01:22:10.793+0000] {taskinstance.py:1660} INFO - Exporting env vars: AIRFLOW_CTX_DAG_OWNER='Rodrigo Araujo' AIRFLOW_CTX_DAG_ID='api_openbrewerydb_to_silver_gold' AIRFLOW_CTX_TASK_ID='Gold' AIRFLOW_CTX_EXECUTION_DATE='2023-11-23T08:00:00+00:00' AIRFLOW_CTX_TRY_NUMBER='1' AIRFLOW_CTX_DAG_RUN_ID='scheduled__2023-11-23T08:00:00+00:00'
[2024-10-24T01:22:10.817+0000] {base.py:73} INFO - Using connection ID 'spark-conn' for task execution.
[2024-10-24T01:22:10.818+0000] {spark_submit.py:363} INFO - Spark-Submit cmd: spark-submit --master spark://spark-master:7077 --name arrow-spark --queue root.default jobs/gold/api_openbrewerydb.py
[2024-10-24T01:22:18.398+0000] {spark_submit.py:524} INFO - 24/10/24 01:22:18 INFO SparkContext: Running Spark version 3.5.3
[2024-10-24T01:22:18.404+0000] {spark_submit.py:524} INFO - 24/10/24 01:22:18 INFO SparkContext: OS info Linux, 5.15.0-124-generic, amd64
[2024-10-24T01:22:18.405+0000] {spark_submit.py:524} INFO - 24/10/24 01:22:18 INFO SparkContext: Java version 11.0.25
[2024-10-24T01:22:18.606+0000] {spark_submit.py:524} INFO - 24/10/24 01:22:18 WARN NativeCodeLoader: Unable to load native-hadoop library for your platform... using builtin-java classes where applicable
[2024-10-24T01:22:18.891+0000] {spark_submit.py:524} INFO - 24/10/24 01:22:18 INFO ResourceUtils: ==============================================================
[2024-10-24T01:22:18.893+0000] {spark_submit.py:524} INFO - 24/10/24 01:22:18 INFO ResourceUtils: No custom resources configured for spark.driver.
[2024-10-24T01:22:18.895+0000] {spark_submit.py:524} INFO - 24/10/24 01:22:18 INFO ResourceUtils: ==============================================================
[2024-10-24T01:22:18.896+0000] {spark_submit.py:524} INFO - 24/10/24 01:22:18 INFO SparkContext: Submitted application: IngestaoSilver
[2024-10-24T01:22:18.964+0000] {spark_submit.py:524} INFO - 24/10/24 01:22:18 INFO ResourceProfile: Default ResourceProfile created, executor resources: Map(memory -> name: memory, amount: 1024, script: , vendor: , offHeap -> name: offHeap, amount: 0, script: , vendor: ), task resources: Map(cpus -> name: cpus, amount: 1.0)
[2024-10-24T01:22:19.003+0000] {spark_submit.py:524} INFO - 24/10/24 01:22:19 INFO ResourceProfile: Limiting resource is cpu
[2024-10-24T01:22:19.004+0000] {spark_submit.py:524} INFO - 24/10/24 01:22:19 INFO ResourceProfileManager: Added ResourceProfile id: 0
[2024-10-24T01:22:19.144+0000] {spark_submit.py:524} INFO - 24/10/24 01:22:19 INFO SecurityManager: Changing view acls to: ***
[2024-10-24T01:22:19.147+0000] {spark_submit.py:524} INFO - 24/10/24 01:22:19 INFO SecurityManager: Changing modify acls to: ***
[2024-10-24T01:22:19.148+0000] {spark_submit.py:524} INFO - 24/10/24 01:22:19 INFO SecurityManager: Changing view acls groups to:
[2024-10-24T01:22:19.149+0000] {spark_submit.py:524} INFO - 24/10/24 01:22:19 INFO SecurityManager: Changing modify acls groups to:
[2024-10-24T01:22:19.151+0000] {spark_submit.py:524} INFO - 24/10/24 01:22:19 INFO SecurityManager: SecurityManager: authentication disabled; ui acls disabled; users with view permissions: ***; groups with view permissions: EMPTY; users with modify permissions: ***; groups with modify permissions: EMPTY
[2024-10-24T01:22:19.914+0000] {spark_submit.py:524} INFO - 24/10/24 01:22:19 INFO Utils: Successfully started service 'sparkDriver' on port 36111.
[2024-10-24T01:22:20.083+0000] {spark_submit.py:524} INFO - 24/10/24 01:22:20 INFO SparkEnv: Registering MapOutputTracker
[2024-10-24T01:22:20.311+0000] {spark_submit.py:524} INFO - 24/10/24 01:22:20 INFO SparkEnv: Registering BlockManagerMaster
[2024-10-24T01:22:20.572+0000] {spark_submit.py:524} INFO - 24/10/24 01:22:20 INFO BlockManagerMasterEndpoint: Using org.apache.spark.storage.DefaultTopologyMapper for getting topology information
[2024-10-24T01:22:20.577+0000] {spark_submit.py:524} INFO - 24/10/24 01:22:20 INFO BlockManagerMasterEndpoint: BlockManagerMasterEndpoint up
[2024-10-24T01:22:20.604+0000] {spark_submit.py:524} INFO - 24/10/24 01:22:20 INFO SparkEnv: Registering BlockManagerMasterHeartbeat
[2024-10-24T01:22:20.838+0000] {spark_submit.py:524} INFO - 24/10/24 01:22:20 INFO DiskBlockManager: Created local directory at /tmp/blockmgr-440b02ec-4d24-44fb-988f-6750b35d6d95
[2024-10-24T01:22:20.991+0000] {spark_submit.py:524} INFO - 24/10/24 01:22:20 INFO MemoryStore: MemoryStore started with capacity 434.4 MiB
[2024-10-24T01:22:21.146+0000] {spark_submit.py:524} INFO - 24/10/24 01:22:21 INFO SparkEnv: Registering OutputCommitCoordinator
[2024-10-24T01:22:21.914+0000] {spark_submit.py:524} INFO - 24/10/24 01:22:21 INFO JettyUtils: Start Jetty 0.0.0.0:4040 for SparkUI
[2024-10-24T01:22:22.402+0000] {spark_submit.py:524} INFO - 24/10/24 01:22:22 INFO Utils: Successfully started service 'SparkUI' on port 4040.
[2024-10-24T01:22:24.140+0000] {spark_submit.py:524} INFO - 24/10/24 01:22:24 INFO StandaloneAppClient$ClientEndpoint: Connecting to master spark://spark-master:7077...
[2024-10-24T01:22:25.072+0000] {spark_submit.py:524} INFO - 24/10/24 01:22:25 INFO TransportClientFactory: Successfully created connection to spark-master/172.22.0.3:7077 after 472 ms (0 ms spent in bootstraps)
[2024-10-24T01:22:25.791+0000] {spark_submit.py:524} INFO - 24/10/24 01:22:25 INFO StandaloneSchedulerBackend: Connected to Spark cluster with app ID app-20241024012225-0038
[2024-10-24T01:22:25.803+0000] {spark_submit.py:524} INFO - 24/10/24 01:22:25 INFO StandaloneAppClient$ClientEndpoint: Executor added: app-20241024012225-0038/0 on worker-20241024010948-172.22.0.4-41535 (172.22.0.4:41535) with 2 core(s)
[2024-10-24T01:22:25.841+0000] {spark_submit.py:524} INFO - 24/10/24 01:22:25 INFO StandaloneSchedulerBackend: Granted executor ID app-20241024012225-0038/0 on hostPort 172.22.0.4:41535 with 2 core(s), 1024.0 MiB RAM
[2024-10-24T01:22:25.987+0000] {spark_submit.py:524} INFO - 24/10/24 01:22:25 INFO Utils: Successfully started service 'org.apache.spark.network.netty.NettyBlockTransferService' on port 44895.
[2024-10-24T01:22:25.988+0000] {spark_submit.py:524} INFO - 24/10/24 01:22:25 INFO NettyBlockTransferService: Server created on de5108c6da1d:44895
[2024-10-24T01:22:25.994+0000] {spark_submit.py:524} INFO - 24/10/24 01:22:25 INFO BlockManager: Using org.apache.spark.storage.RandomBlockReplicationPolicy for block replication policy
[2024-10-24T01:22:26.065+0000] {spark_submit.py:524} INFO - 24/10/24 01:22:26 INFO StandaloneAppClient$ClientEndpoint: Executor updated: app-20241024012225-0038/0 is now RUNNING
[2024-10-24T01:22:26.108+0000] {spark_submit.py:524} INFO - 24/10/24 01:22:26 INFO BlockManagerMaster: Registering BlockManager BlockManagerId(driver, de5108c6da1d, 44895, None)
[2024-10-24T01:22:26.117+0000] {spark_submit.py:524} INFO - 24/10/24 01:22:26 INFO BlockManagerMasterEndpoint: Registering block manager de5108c6da1d:44895 with 434.4 MiB RAM, BlockManagerId(driver, de5108c6da1d, 44895, None)
[2024-10-24T01:22:26.140+0000] {spark_submit.py:524} INFO - 24/10/24 01:22:26 INFO BlockManagerMaster: Registered BlockManager BlockManagerId(driver, de5108c6da1d, 44895, None)
[2024-10-24T01:22:26.150+0000] {spark_submit.py:524} INFO - 24/10/24 01:22:26 INFO BlockManager: Initialized BlockManager: BlockManagerId(driver, de5108c6da1d, 44895, None)
[2024-10-24T01:22:29.759+0000] {spark_submit.py:524} INFO - 24/10/24 01:22:29 INFO StandaloneSchedulerBackend: SchedulerBackend is ready for scheduling beginning after reached minRegisteredResourcesRatio: 0.0
[2024-10-24T01:22:31.726+0000] {spark_submit.py:524} INFO - Hello from Spark!
[2024-10-24T01:22:31.731+0000] {spark_submit.py:524} INFO - 24/10/24 01:22:31 INFO SparkContext: SparkContext is stopping with exitCode 0.
[2024-10-24T01:22:31.895+0000] {spark_submit.py:524} INFO - 24/10/24 01:22:31 INFO SparkUI: Stopped Spark web UI at http://de5108c6da1d:4040
[2024-10-24T01:22:31.898+0000] {spark_submit.py:524} INFO - 24/10/24 01:22:31 INFO StandaloneSchedulerBackend: Shutting down all executors
[2024-10-24T01:22:31.962+0000] {spark_submit.py:524} INFO - 24/10/24 01:22:31 INFO StandaloneSchedulerBackend$StandaloneDriverEndpoint: Asking each executor to shut down
[2024-10-24T01:22:32.136+0000] {spark_submit.py:524} INFO - 24/10/24 01:22:32 INFO MapOutputTrackerMasterEndpoint: MapOutputTrackerMasterEndpoint stopped!
[2024-10-24T01:22:32.639+0000] {spark_submit.py:524} INFO - 24/10/24 01:22:32 INFO MemoryStore: MemoryStore cleared
[2024-10-24T01:22:32.641+0000] {spark_submit.py:524} INFO - 24/10/24 01:22:32 INFO BlockManager: BlockManager stopped
[2024-10-24T01:22:32.660+0000] {spark_submit.py:524} INFO - 24/10/24 01:22:32 INFO BlockManagerMaster: BlockManagerMaster stopped
[2024-10-24T01:22:32.717+0000] {spark_submit.py:524} INFO - 24/10/24 01:22:32 INFO OutputCommitCoordinator$OutputCommitCoordinatorEndpoint: OutputCommitCoordinator stopped!
[2024-10-24T01:22:32.985+0000] {spark_submit.py:524} INFO - 24/10/24 01:22:32 INFO SparkContext: Successfully stopped SparkContext
[2024-10-24T01:22:33.891+0000] {spark_submit.py:524} INFO - 24/10/24 01:22:33 INFO ShutdownHookManager: Shutdown hook called
[2024-10-24T01:22:33.899+0000] {spark_submit.py:524} INFO - 24/10/24 01:22:33 INFO ShutdownHookManager: Deleting directory /tmp/spark-e437ac96-b0da-4037-9d47-acaf4f3deeff
[2024-10-24T01:22:33.918+0000] {spark_submit.py:524} INFO - 24/10/24 01:22:33 INFO ShutdownHookManager: Deleting directory /tmp/spark-e437ac96-b0da-4037-9d47-acaf4f3deeff/pyspark-41c4dc67-6b16-43db-8818-1c898c90a402
[2024-10-24T01:22:34.017+0000] {spark_submit.py:524} INFO - 24/10/24 01:22:34 INFO ShutdownHookManager: Deleting directory /tmp/spark-a2eb18a8-1045-426a-b9ed-a07dbec9e6ce
[2024-10-24T01:22:34.444+0000] {taskinstance.py:1398} INFO - Marking task as SUCCESS. dag_id=api_openbrewerydb_to_silver_gold, task_id=Gold, execution_date=20231123T080000, start_date=20241024T012210, end_date=20241024T012234
[2024-10-24T01:22:34.687+0000] {local_task_job_runner.py:228} INFO - Task exited with return code 0
[2024-10-24T01:22:34.857+0000] {taskinstance.py:2776} INFO - 0 downstream tasks scheduled from follow-on schedule check
[2024-10-24T14:33:34.595+0000] {logging_mixin.py:151} INFO - Changing /opt/***/logs/dag_id=api_openbrewerydb_to_silver_gold/run_id=scheduled__2023-11-23T08:00:00+00:00/task_id=Gold permission to 509
[2024-10-24T14:33:34.597+0000] {logging_mixin.py:151} INFO - Failed to change /opt/***/logs/dag_id=api_openbrewerydb_to_silver_gold/run_id=scheduled__2023-11-23T08:00:00+00:00/task_id=Gold permission to 509: [Errno 1] Operation not permitted: '/opt/***/logs/dag_id=api_openbrewerydb_to_silver_gold/run_id=scheduled__2023-11-23T08:00:00+00:00/task_id=Gold'
[2024-10-24T14:33:34.624+0000] {logging_mixin.py:151} INFO - Changing /opt/***/logs/dag_id=api_openbrewerydb_to_silver_gold/run_id=scheduled__2023-11-23T08:00:00+00:00/task_id=Gold permission to 509
[2024-10-24T14:33:34.625+0000] {logging_mixin.py:151} INFO - Failed to change /opt/***/logs/dag_id=api_openbrewerydb_to_silver_gold/run_id=scheduled__2023-11-23T08:00:00+00:00/task_id=Gold permission to 509: [Errno 1] Operation not permitted: '/opt/***/logs/dag_id=api_openbrewerydb_to_silver_gold/run_id=scheduled__2023-11-23T08:00:00+00:00/task_id=Gold'
[2024-10-24T14:33:34.655+0000] {taskinstance.py:1157} INFO - Dependencies all met for dep_context=non-requeueable deps ti=<TaskInstance: api_openbrewerydb_to_silver_gold.Gold scheduled__2023-11-23T08:00:00+00:00 [queued]>
[2024-10-24T14:33:34.662+0000] {taskinstance.py:1157} INFO - Dependencies all met for dep_context=requeueable deps ti=<TaskInstance: api_openbrewerydb_to_silver_gold.Gold scheduled__2023-11-23T08:00:00+00:00 [queued]>
[2024-10-24T14:33:34.662+0000] {taskinstance.py:1359} INFO - Starting attempt 1 of 2
[2024-10-24T14:33:34.672+0000] {taskinstance.py:1380} INFO - Executing <Task(SparkSubmitOperator): Gold> on 2023-11-23 08:00:00+00:00
[2024-10-24T14:33:34.676+0000] {standard_task_runner.py:57} INFO - Started process 10906 to run task
[2024-10-24T14:33:34.678+0000] {standard_task_runner.py:84} INFO - Running: ['***', 'tasks', 'run', 'api_openbrewerydb_to_silver_gold', 'Gold', 'scheduled__2023-11-23T08:00:00+00:00', '--job-id', '72', '--raw', '--subdir', 'DAGS_FOLDER/api_openbrewerydb_to_silver.py', '--cfg-path', '/tmp/tmpc3ctudfe']
[2024-10-24T14:33:34.682+0000] {standard_task_runner.py:85} INFO - Job 72: Subtask Gold
[2024-10-24T14:33:34.725+0000] {logging_mixin.py:151} INFO - Changing /opt/***/logs/dag_id=api_openbrewerydb_to_silver_gold/run_id=scheduled__2023-11-23T08:00:00+00:00/task_id=Gold permission to 509
[2024-10-24T14:33:34.726+0000] {logging_mixin.py:151} INFO - Failed to change /opt/***/logs/dag_id=api_openbrewerydb_to_silver_gold/run_id=scheduled__2023-11-23T08:00:00+00:00/task_id=Gold permission to 509: [Errno 1] Operation not permitted: '/opt/***/logs/dag_id=api_openbrewerydb_to_silver_gold/run_id=scheduled__2023-11-23T08:00:00+00:00/task_id=Gold'
[2024-10-24T14:33:34.726+0000] {task_command.py:415} INFO - Running <TaskInstance: api_openbrewerydb_to_silver_gold.Gold scheduled__2023-11-23T08:00:00+00:00 [running]> on host 96f89615839b
[2024-10-24T14:33:34.805+0000] {taskinstance.py:1660} INFO - Exporting env vars: AIRFLOW_CTX_DAG_OWNER='Rodrigo Araujo' AIRFLOW_CTX_DAG_ID='api_openbrewerydb_to_silver_gold' AIRFLOW_CTX_TASK_ID='Gold' AIRFLOW_CTX_EXECUTION_DATE='2023-11-23T08:00:00+00:00' AIRFLOW_CTX_TRY_NUMBER='1' AIRFLOW_CTX_DAG_RUN_ID='scheduled__2023-11-23T08:00:00+00:00'
[2024-10-24T14:33:34.816+0000] {base.py:73} INFO - Using connection ID 'spark-conn' for task execution.
[2024-10-24T14:33:34.817+0000] {spark_submit.py:363} INFO - Spark-Submit cmd: spark-submit --master spark://spark-master:7077 --name arrow-spark jobs/gold/api_openbrewerydb.py
[2024-10-24T14:33:37.554+0000] {spark_submit.py:524} INFO - 24/10/24 14:33:37 INFO SparkContext: Running Spark version 3.5.3
[2024-10-24T14:33:37.556+0000] {spark_submit.py:524} INFO - 24/10/24 14:33:37 INFO SparkContext: OS info Linux, 5.15.0-124-generic, amd64
[2024-10-24T14:33:37.557+0000] {spark_submit.py:524} INFO - 24/10/24 14:33:37 INFO SparkContext: Java version 11.0.25
[2024-10-24T14:33:37.608+0000] {spark_submit.py:524} INFO - 24/10/24 14:33:37 WARN NativeCodeLoader: Unable to load native-hadoop library for your platform... using builtin-java classes where applicable
[2024-10-24T14:33:37.684+0000] {spark_submit.py:524} INFO - 24/10/24 14:33:37 INFO ResourceUtils: ==============================================================
[2024-10-24T14:33:37.685+0000] {spark_submit.py:524} INFO - 24/10/24 14:33:37 INFO ResourceUtils: No custom resources configured for spark.driver.
[2024-10-24T14:33:37.685+0000] {spark_submit.py:524} INFO - 24/10/24 14:33:37 INFO ResourceUtils: ==============================================================
[2024-10-24T14:33:37.685+0000] {spark_submit.py:524} INFO - 24/10/24 14:33:37 INFO SparkContext: Submitted application: IngestaoSilver
[2024-10-24T14:33:37.704+0000] {spark_submit.py:524} INFO - 24/10/24 14:33:37 INFO ResourceProfile: Default ResourceProfile created, executor resources: Map(memory -> name: memory, amount: 1024, script: , vendor: , offHeap -> name: offHeap, amount: 0, script: , vendor: ), task resources: Map(cpus -> name: cpus, amount: 1.0)
[2024-10-24T14:33:37.717+0000] {spark_submit.py:524} INFO - 24/10/24 14:33:37 INFO ResourceProfile: Limiting resource is cpu
[2024-10-24T14:33:37.718+0000] {spark_submit.py:524} INFO - 24/10/24 14:33:37 INFO ResourceProfileManager: Added ResourceProfile id: 0
[2024-10-24T14:33:37.764+0000] {spark_submit.py:524} INFO - 24/10/24 14:33:37 INFO SecurityManager: Changing view acls to: ***
[2024-10-24T14:33:37.765+0000] {spark_submit.py:524} INFO - 24/10/24 14:33:37 INFO SecurityManager: Changing modify acls to: ***
[2024-10-24T14:33:37.765+0000] {spark_submit.py:524} INFO - 24/10/24 14:33:37 INFO SecurityManager: Changing view acls groups to:
[2024-10-24T14:33:37.765+0000] {spark_submit.py:524} INFO - 24/10/24 14:33:37 INFO SecurityManager: Changing modify acls groups to:
[2024-10-24T14:33:37.766+0000] {spark_submit.py:524} INFO - 24/10/24 14:33:37 INFO SecurityManager: SecurityManager: authentication disabled; ui acls disabled; users with view permissions: ***; groups with view permissions: EMPTY; users with modify permissions: ***; groups with modify permissions: EMPTY
[2024-10-24T14:33:37.980+0000] {spark_submit.py:524} INFO - 24/10/24 14:33:37 INFO Utils: Successfully started service 'sparkDriver' on port 43337.
[2024-10-24T14:33:38.003+0000] {spark_submit.py:524} INFO - 24/10/24 14:33:38 INFO SparkEnv: Registering MapOutputTracker
[2024-10-24T14:33:38.030+0000] {spark_submit.py:524} INFO - 24/10/24 14:33:38 INFO SparkEnv: Registering BlockManagerMaster
[2024-10-24T14:33:38.049+0000] {spark_submit.py:524} INFO - 24/10/24 14:33:38 INFO BlockManagerMasterEndpoint: Using org.apache.spark.storage.DefaultTopologyMapper for getting topology information
[2024-10-24T14:33:38.049+0000] {spark_submit.py:524} INFO - 24/10/24 14:33:38 INFO BlockManagerMasterEndpoint: BlockManagerMasterEndpoint up
[2024-10-24T14:33:38.052+0000] {spark_submit.py:524} INFO - 24/10/24 14:33:38 INFO SparkEnv: Registering BlockManagerMasterHeartbeat
[2024-10-24T14:33:38.070+0000] {spark_submit.py:524} INFO - 24/10/24 14:33:38 INFO DiskBlockManager: Created local directory at /tmp/blockmgr-835cf8b2-8d2b-4703-bdd7-33816da276af
[2024-10-24T14:33:38.082+0000] {spark_submit.py:524} INFO - 24/10/24 14:33:38 INFO MemoryStore: MemoryStore started with capacity 434.4 MiB
[2024-10-24T14:33:38.097+0000] {spark_submit.py:524} INFO - 24/10/24 14:33:38 INFO SparkEnv: Registering OutputCommitCoordinator
[2024-10-24T14:33:38.233+0000] {spark_submit.py:524} INFO - 24/10/24 14:33:38 INFO JettyUtils: Start Jetty 0.0.0.0:4040 for SparkUI
[2024-10-24T14:33:38.293+0000] {spark_submit.py:524} INFO - 24/10/24 14:33:38 INFO Utils: Successfully started service 'SparkUI' on port 4040.
[2024-10-24T14:33:38.415+0000] {spark_submit.py:524} INFO - 24/10/24 14:33:38 INFO StandaloneAppClient$ClientEndpoint: Connecting to master spark://spark-master:7077...
[2024-10-24T14:33:38.464+0000] {spark_submit.py:524} INFO - 24/10/24 14:33:38 INFO TransportClientFactory: Successfully created connection to spark-master/172.18.0.2:7077 after 27 ms (0 ms spent in bootstraps)
[2024-10-24T14:33:38.546+0000] {spark_submit.py:524} INFO - 24/10/24 14:33:38 INFO StandaloneSchedulerBackend: Connected to Spark cluster with app ID app-20241024143338-0067
[2024-10-24T14:33:38.549+0000] {spark_submit.py:524} INFO - 24/10/24 14:33:38 INFO StandaloneAppClient$ClientEndpoint: Executor added: app-20241024143338-0067/0 on worker-20241024142308-172.18.0.5-43899 (172.18.0.5:43899) with 2 core(s)
[2024-10-24T14:33:38.552+0000] {spark_submit.py:524} INFO - 24/10/24 14:33:38 INFO StandaloneSchedulerBackend: Granted executor ID app-20241024143338-0067/0 on hostPort 172.18.0.5:43899 with 2 core(s), 1024.0 MiB RAM
[2024-10-24T14:33:38.560+0000] {spark_submit.py:524} INFO - 24/10/24 14:33:38 INFO Utils: Successfully started service 'org.apache.spark.network.netty.NettyBlockTransferService' on port 44835.
[2024-10-24T14:33:38.562+0000] {spark_submit.py:524} INFO - 24/10/24 14:33:38 INFO NettyBlockTransferService: Server created on 96f89615839b:44835
[2024-10-24T14:33:38.565+0000] {spark_submit.py:524} INFO - 24/10/24 14:33:38 INFO BlockManager: Using org.apache.spark.storage.RandomBlockReplicationPolicy for block replication policy
[2024-10-24T14:33:38.579+0000] {spark_submit.py:524} INFO - 24/10/24 14:33:38 INFO StandaloneAppClient$ClientEndpoint: Executor updated: app-20241024143338-0067/0 is now RUNNING
[2024-10-24T14:33:38.580+0000] {spark_submit.py:524} INFO - 24/10/24 14:33:38 INFO BlockManagerMaster: Registering BlockManager BlockManagerId(driver, 96f89615839b, 44835, None)
[2024-10-24T14:33:38.584+0000] {spark_submit.py:524} INFO - 24/10/24 14:33:38 INFO BlockManagerMasterEndpoint: Registering block manager 96f89615839b:44835 with 434.4 MiB RAM, BlockManagerId(driver, 96f89615839b, 44835, None)
[2024-10-24T14:33:38.587+0000] {spark_submit.py:524} INFO - 24/10/24 14:33:38 INFO BlockManagerMaster: Registered BlockManager BlockManagerId(driver, 96f89615839b, 44835, None)
[2024-10-24T14:33:38.588+0000] {spark_submit.py:524} INFO - 24/10/24 14:33:38 INFO BlockManager: Initialized BlockManager: BlockManagerId(driver, 96f89615839b, 44835, None)
[2024-10-24T14:33:38.912+0000] {spark_submit.py:524} INFO - 24/10/24 14:33:38 INFO StandaloneSchedulerBackend: SchedulerBackend is ready for scheduling beginning after reached minRegisteredResourcesRatio: 0.0
[2024-10-24T14:33:39.154+0000] {spark_submit.py:524} INFO - Hello from Spark!
[2024-10-24T14:33:39.155+0000] {spark_submit.py:524} INFO - 24/10/24 14:33:39 INFO SparkContext: SparkContext is stopping with exitCode 0.
[2024-10-24T14:33:39.166+0000] {spark_submit.py:524} INFO - 24/10/24 14:33:39 INFO SparkUI: Stopped Spark web UI at http://96f89615839b:4040
[2024-10-24T14:33:39.172+0000] {spark_submit.py:524} INFO - 24/10/24 14:33:39 INFO StandaloneSchedulerBackend: Shutting down all executors
[2024-10-24T14:33:39.176+0000] {spark_submit.py:524} INFO - 24/10/24 14:33:39 INFO StandaloneSchedulerBackend$StandaloneDriverEndpoint: Asking each executor to shut down
[2024-10-24T14:33:39.192+0000] {spark_submit.py:524} INFO - 24/10/24 14:33:39 INFO MapOutputTrackerMasterEndpoint: MapOutputTrackerMasterEndpoint stopped!
[2024-10-24T14:33:39.201+0000] {spark_submit.py:524} INFO - 24/10/24 14:33:39 INFO MemoryStore: MemoryStore cleared
[2024-10-24T14:33:39.201+0000] {spark_submit.py:524} INFO - 24/10/24 14:33:39 INFO BlockManager: BlockManager stopped
[2024-10-24T14:33:39.206+0000] {spark_submit.py:524} INFO - 24/10/24 14:33:39 INFO BlockManagerMaster: BlockManagerMaster stopped
[2024-10-24T14:33:39.209+0000] {spark_submit.py:524} INFO - 24/10/24 14:33:39 INFO OutputCommitCoordinator$OutputCommitCoordinatorEndpoint: OutputCommitCoordinator stopped!
[2024-10-24T14:33:39.224+0000] {spark_submit.py:524} INFO - 24/10/24 14:33:39 INFO SparkContext: Successfully stopped SparkContext
[2024-10-24T14:33:39.488+0000] {spark_submit.py:524} INFO - 24/10/24 14:33:39 INFO ShutdownHookManager: Shutdown hook called
[2024-10-24T14:33:39.488+0000] {spark_submit.py:524} INFO - 24/10/24 14:33:39 INFO ShutdownHookManager: Deleting directory /tmp/spark-cbe16d86-78aa-4831-9f54-b7a81a54afd2
[2024-10-24T14:33:39.491+0000] {spark_submit.py:524} INFO - 24/10/24 14:33:39 INFO ShutdownHookManager: Deleting directory /tmp/spark-83ccbf3f-33b2-4e19-984e-69b2a8e870b4
[2024-10-24T14:33:39.495+0000] {spark_submit.py:524} INFO - 24/10/24 14:33:39 INFO ShutdownHookManager: Deleting directory /tmp/spark-cbe16d86-78aa-4831-9f54-b7a81a54afd2/pyspark-3bed6251-a288-4180-9d65-7f8153899034
[2024-10-24T14:33:39.552+0000] {taskinstance.py:1398} INFO - Marking task as SUCCESS. dag_id=api_openbrewerydb_to_silver_gold, task_id=Gold, execution_date=20231123T080000, start_date=20241024T143334, end_date=20241024T143339
[2024-10-24T14:33:39.587+0000] {local_task_job_runner.py:228} INFO - Task exited with return code 0
[2024-10-24T14:33:39.613+0000] {taskinstance.py:2776} INFO - 0 downstream tasks scheduled from follow-on schedule check
