[2024-10-24T18:42:07.142+0000] {taskinstance.py:1157} INFO - Dependencies all met for dep_context=non-requeueable deps ti=<TaskInstance: api_openbrewerydb_to_silver_gold.Silver manual__2024-10-24T18:42:05.978344+00:00 [queued]>
[2024-10-24T18:42:07.150+0000] {taskinstance.py:1157} INFO - Dependencies all met for dep_context=requeueable deps ti=<TaskInstance: api_openbrewerydb_to_silver_gold.Silver manual__2024-10-24T18:42:05.978344+00:00 [queued]>
[2024-10-24T18:42:07.150+0000] {taskinstance.py:1359} INFO - Starting attempt 1 of 2
[2024-10-24T18:42:07.160+0000] {taskinstance.py:1380} INFO - Executing <Task(SparkSubmitOperator): Silver> on 2024-10-24 18:42:05.978344+00:00
[2024-10-24T18:42:07.165+0000] {standard_task_runner.py:57} INFO - Started process 1160 to run task
[2024-10-24T18:42:07.169+0000] {standard_task_runner.py:84} INFO - Running: ['***', 'tasks', 'run', 'api_openbrewerydb_to_silver_gold', 'Silver', 'manual__2024-10-24T18:42:05.978344+00:00', '--job-id', '194', '--raw', '--subdir', 'DAGS_FOLDER/api_openbrewerydb_to_silver_gold.py', '--cfg-path', '/tmp/tmp1l5i4rlz']
[2024-10-24T18:42:07.172+0000] {standard_task_runner.py:85} INFO - Job 194: Subtask Silver
[2024-10-24T18:42:07.236+0000] {task_command.py:415} INFO - Running <TaskInstance: api_openbrewerydb_to_silver_gold.Silver manual__2024-10-24T18:42:05.978344+00:00 [running]> on host f55139681ae8
[2024-10-24T18:42:07.331+0000] {taskinstance.py:1660} INFO - Exporting env vars: AIRFLOW_CTX_DAG_OWNER='Rodrigo Araujo' AIRFLOW_CTX_DAG_ID='api_openbrewerydb_to_silver_gold' AIRFLOW_CTX_TASK_ID='Silver' AIRFLOW_CTX_EXECUTION_DATE='2024-10-24T18:42:05.978344+00:00' AIRFLOW_CTX_TRY_NUMBER='1' AIRFLOW_CTX_DAG_RUN_ID='manual__2024-10-24T18:42:05.978344+00:00'
[2024-10-24T18:42:07.343+0000] {base.py:73} INFO - Using connection ID 'spark-conn' for task execution.
[2024-10-24T18:42:07.344+0000] {spark_submit.py:363} INFO - Spark-Submit cmd: spark-submit --master spark://spark-master:7077 --name arrow-spark jobs/silver/openbrewerydb/api_openbrewerydb.py
[2024-10-24T18:42:09.400+0000] {spark_submit.py:524} INFO - 24/10/24 18:42:09 INFO SparkContext: Running Spark version 3.5.0
[2024-10-24T18:42:09.402+0000] {spark_submit.py:524} INFO - 24/10/24 18:42:09 INFO SparkContext: OS info Linux, 5.15.0-124-generic, amd64
[2024-10-24T18:42:09.402+0000] {spark_submit.py:524} INFO - 24/10/24 18:42:09 INFO SparkContext: Java version 17.0.13
[2024-10-24T18:42:09.451+0000] {spark_submit.py:524} INFO - 24/10/24 18:42:09 WARN NativeCodeLoader: Unable to load native-hadoop library for your platform... using builtin-java classes where applicable
[2024-10-24T18:42:09.522+0000] {spark_submit.py:524} INFO - 24/10/24 18:42:09 INFO ResourceUtils: ==============================================================
[2024-10-24T18:42:09.522+0000] {spark_submit.py:524} INFO - 24/10/24 18:42:09 INFO ResourceUtils: No custom resources configured for spark.driver.
[2024-10-24T18:42:09.523+0000] {spark_submit.py:524} INFO - 24/10/24 18:42:09 INFO ResourceUtils: ==============================================================
[2024-10-24T18:42:09.523+0000] {spark_submit.py:524} INFO - 24/10/24 18:42:09 INFO SparkContext: Submitted application: openbrewerydb_silver
[2024-10-24T18:42:09.543+0000] {spark_submit.py:524} INFO - 24/10/24 18:42:09 INFO ResourceProfile: Default ResourceProfile created, executor resources: Map(memory -> name: memory, amount: 1024, script: , vendor: , offHeap -> name: offHeap, amount: 0, script: , vendor: ), task resources: Map(cpus -> name: cpus, amount: 1.0)
[2024-10-24T18:42:09.551+0000] {spark_submit.py:524} INFO - 24/10/24 18:42:09 INFO ResourceProfile: Limiting resource is cpu
[2024-10-24T18:42:09.552+0000] {spark_submit.py:524} INFO - 24/10/24 18:42:09 INFO ResourceProfileManager: Added ResourceProfile id: 0
[2024-10-24T18:42:09.593+0000] {spark_submit.py:524} INFO - 24/10/24 18:42:09 INFO SecurityManager: Changing view acls to: root
[2024-10-24T18:42:09.594+0000] {spark_submit.py:524} INFO - 24/10/24 18:42:09 INFO SecurityManager: Changing modify acls to: root
[2024-10-24T18:42:09.594+0000] {spark_submit.py:524} INFO - 24/10/24 18:42:09 INFO SecurityManager: Changing view acls groups to:
[2024-10-24T18:42:09.595+0000] {spark_submit.py:524} INFO - 24/10/24 18:42:09 INFO SecurityManager: Changing modify acls groups to:
[2024-10-24T18:42:09.595+0000] {spark_submit.py:524} INFO - 24/10/24 18:42:09 INFO SecurityManager: SecurityManager: authentication disabled; ui acls disabled; users with view permissions: root; groups with view permissions: EMPTY; users with modify permissions: root; groups with modify permissions: EMPTY
[2024-10-24T18:42:09.792+0000] {spark_submit.py:524} INFO - 24/10/24 18:42:09 INFO Utils: Successfully started service 'sparkDriver' on port 37069.
[2024-10-24T18:42:09.813+0000] {spark_submit.py:524} INFO - 24/10/24 18:42:09 INFO SparkEnv: Registering MapOutputTracker
[2024-10-24T18:42:09.841+0000] {spark_submit.py:524} INFO - 24/10/24 18:42:09 INFO SparkEnv: Registering BlockManagerMaster
[2024-10-24T18:42:09.857+0000] {spark_submit.py:524} INFO - 24/10/24 18:42:09 INFO BlockManagerMasterEndpoint: Using org.apache.spark.storage.DefaultTopologyMapper for getting topology information
[2024-10-24T18:42:09.858+0000] {spark_submit.py:524} INFO - 24/10/24 18:42:09 INFO BlockManagerMasterEndpoint: BlockManagerMasterEndpoint up
[2024-10-24T18:42:09.861+0000] {spark_submit.py:524} INFO - 24/10/24 18:42:09 INFO SparkEnv: Registering BlockManagerMasterHeartbeat
[2024-10-24T18:42:09.876+0000] {spark_submit.py:524} INFO - 24/10/24 18:42:09 INFO DiskBlockManager: Created local directory at /tmp/blockmgr-2cd6b323-9b7f-4537-a272-0d6c84b1f845
[2024-10-24T18:42:09.888+0000] {spark_submit.py:524} INFO - 24/10/24 18:42:09 INFO MemoryStore: MemoryStore started with capacity 434.4 MiB
[2024-10-24T18:42:09.902+0000] {spark_submit.py:524} INFO - 24/10/24 18:42:09 INFO SparkEnv: Registering OutputCommitCoordinator
[2024-10-24T18:42:10.000+0000] {spark_submit.py:524} INFO - 24/10/24 18:42:10 INFO JettyUtils: Start Jetty 0.0.0.0:4040 for SparkUI
[2024-10-24T18:42:10.044+0000] {spark_submit.py:524} INFO - 24/10/24 18:42:10 INFO Utils: Successfully started service 'SparkUI' on port 4040.
[2024-10-24T18:42:10.139+0000] {spark_submit.py:524} INFO - 24/10/24 18:42:10 INFO StandaloneAppClient$ClientEndpoint: Connecting to master spark://spark-master:7077...
[2024-10-24T18:42:10.181+0000] {spark_submit.py:524} INFO - 24/10/24 18:42:10 INFO TransportClientFactory: Successfully created connection to spark-master/172.18.0.3:7077 after 25 ms (0 ms spent in bootstraps)
[2024-10-24T18:42:10.254+0000] {spark_submit.py:524} INFO - 24/10/24 18:42:10 INFO StandaloneSchedulerBackend: Connected to Spark cluster with app ID app-20241024184210-0004
[2024-10-24T18:42:10.268+0000] {spark_submit.py:524} INFO - 24/10/24 18:42:10 INFO Utils: Successfully started service 'org.apache.spark.network.netty.NettyBlockTransferService' on port 38185.
[2024-10-24T18:42:10.270+0000] {spark_submit.py:524} INFO - 24/10/24 18:42:10 INFO NettyBlockTransferService: Server created on f55139681ae8:38185
[2024-10-24T18:42:10.274+0000] {spark_submit.py:524} INFO - 24/10/24 18:42:10 INFO StandaloneAppClient$ClientEndpoint: Executor added: app-20241024184210-0004/0 on worker-20241024183909-172.18.0.5-45197 (172.18.0.5:45197) with 2 core(s)
[2024-10-24T18:42:10.274+0000] {spark_submit.py:524} INFO - 24/10/24 18:42:10 INFO BlockManager: Using org.apache.spark.storage.RandomBlockReplicationPolicy for block replication policy
[2024-10-24T18:42:10.279+0000] {spark_submit.py:524} INFO - 24/10/24 18:42:10 INFO StandaloneSchedulerBackend: Granted executor ID app-20241024184210-0004/0 on hostPort 172.18.0.5:45197 with 2 core(s), 1024.0 MiB RAM
[2024-10-24T18:42:10.296+0000] {spark_submit.py:524} INFO - 24/10/24 18:42:10 INFO BlockManagerMaster: Registering BlockManager BlockManagerId(driver, f55139681ae8, 38185, None)
[2024-10-24T18:42:10.303+0000] {spark_submit.py:524} INFO - 24/10/24 18:42:10 INFO BlockManagerMasterEndpoint: Registering block manager f55139681ae8:38185 with 434.4 MiB RAM, BlockManagerId(driver, f55139681ae8, 38185, None)
[2024-10-24T18:42:10.307+0000] {spark_submit.py:524} INFO - 24/10/24 18:42:10 INFO BlockManagerMaster: Registered BlockManager BlockManagerId(driver, f55139681ae8, 38185, None)
[2024-10-24T18:42:10.309+0000] {spark_submit.py:524} INFO - 24/10/24 18:42:10 INFO BlockManager: Initialized BlockManager: BlockManagerId(driver, f55139681ae8, 38185, None)
[2024-10-24T18:42:10.318+0000] {spark_submit.py:524} INFO - 24/10/24 18:42:10 INFO StandaloneAppClient$ClientEndpoint: Executor updated: app-20241024184210-0004/0 is now RUNNING
[2024-10-24T18:42:10.546+0000] {spark_submit.py:524} INFO - 24/10/24 18:42:10 INFO StandaloneSchedulerBackend: SchedulerBackend is ready for scheduling beginning after reached minRegisteredResourcesRatio: 0.0
[2024-10-24T18:42:10.761+0000] {spark_submit.py:524} INFO - 24/10/24 18:42:10 INFO SharedState: Setting hive.metastore.warehouse.dir ('null') to the value of spark.sql.warehouse.dir.
[2024-10-24T18:42:10.767+0000] {spark_submit.py:524} INFO - 24/10/24 18:42:10 INFO SharedState: Warehouse path is 'file:/opt/***/spark-warehouse'.
[2024-10-24T18:42:11.679+0000] {spark_submit.py:524} INFO - 24/10/24 18:42:11 INFO InMemoryFileIndex: It took 52 ms to list leaf files for 1 paths.
[2024-10-24T18:42:11.765+0000] {spark_submit.py:524} INFO - 24/10/24 18:42:11 INFO InMemoryFileIndex: It took 3 ms to list leaf files for 1 paths.
[2024-10-24T18:42:13.172+0000] {spark_submit.py:524} INFO - 24/10/24 18:42:13 INFO StandaloneSchedulerBackend$StandaloneDriverEndpoint: Registered executor NettyRpcEndpointRef(spark-client://Executor) (172.18.0.5:36618) with ID 0,  ResourceProfileId 0
[2024-10-24T18:42:13.283+0000] {spark_submit.py:524} INFO - 24/10/24 18:42:13 INFO BlockManagerMasterEndpoint: Registering block manager 172.18.0.5:40311 with 434.4 MiB RAM, BlockManagerId(0, 172.18.0.5, 40311, None)
[2024-10-24T18:42:14.148+0000] {spark_submit.py:524} INFO - 24/10/24 18:42:14 INFO FileSourceStrategy: Pushed Filters:
[2024-10-24T18:42:14.159+0000] {spark_submit.py:524} INFO - 24/10/24 18:42:14 INFO FileSourceStrategy: Post-Scan Filters:
[2024-10-24T18:42:14.362+0000] {spark_submit.py:524} INFO - 24/10/24 18:42:14 INFO MemoryStore: Block broadcast_0 stored as values in memory (estimated size 199.2 KiB, free 434.2 MiB)
[2024-10-24T18:42:14.410+0000] {spark_submit.py:524} INFO - 24/10/24 18:42:14 INFO MemoryStore: Block broadcast_0_piece0 stored as bytes in memory (estimated size 34.2 KiB, free 434.2 MiB)
[2024-10-24T18:42:14.412+0000] {spark_submit.py:524} INFO - 24/10/24 18:42:14 INFO BlockManagerInfo: Added broadcast_0_piece0 in memory on f55139681ae8:38185 (size: 34.2 KiB, free: 434.4 MiB)
[2024-10-24T18:42:14.417+0000] {spark_submit.py:524} INFO - 24/10/24 18:42:14 INFO SparkContext: Created broadcast 0 from json at NativeMethodAccessorImpl.java:0
[2024-10-24T18:42:14.430+0000] {spark_submit.py:524} INFO - 24/10/24 18:42:14 INFO FileSourceScanExec: Planning scan with bin packing, max size: 4194304 bytes, open cost is considered as scanning 4194304 bytes.
[2024-10-24T18:42:14.538+0000] {spark_submit.py:524} INFO - 24/10/24 18:42:14 INFO SparkContext: Starting job: json at NativeMethodAccessorImpl.java:0
[2024-10-24T18:42:14.550+0000] {spark_submit.py:524} INFO - 24/10/24 18:42:14 INFO DAGScheduler: Got job 0 (json at NativeMethodAccessorImpl.java:0) with 1 output partitions
[2024-10-24T18:42:14.551+0000] {spark_submit.py:524} INFO - 24/10/24 18:42:14 INFO DAGScheduler: Final stage: ResultStage 0 (json at NativeMethodAccessorImpl.java:0)
[2024-10-24T18:42:14.551+0000] {spark_submit.py:524} INFO - 24/10/24 18:42:14 INFO DAGScheduler: Parents of final stage: List()
[2024-10-24T18:42:14.552+0000] {spark_submit.py:524} INFO - 24/10/24 18:42:14 INFO DAGScheduler: Missing parents: List()
[2024-10-24T18:42:14.555+0000] {spark_submit.py:524} INFO - 24/10/24 18:42:14 INFO DAGScheduler: Submitting ResultStage 0 (MapPartitionsRDD[3] at json at NativeMethodAccessorImpl.java:0), which has no missing parents
[2024-10-24T18:42:14.616+0000] {spark_submit.py:524} INFO - 24/10/24 18:42:14 INFO MemoryStore: Block broadcast_1 stored as values in memory (estimated size 16.0 KiB, free 434.2 MiB)
[2024-10-24T18:42:14.621+0000] {spark_submit.py:524} INFO - 24/10/24 18:42:14 INFO MemoryStore: Block broadcast_1_piece0 stored as bytes in memory (estimated size 7.5 KiB, free 434.1 MiB)
[2024-10-24T18:42:14.622+0000] {spark_submit.py:524} INFO - 24/10/24 18:42:14 INFO BlockManagerInfo: Added broadcast_1_piece0 in memory on f55139681ae8:38185 (size: 7.5 KiB, free: 434.4 MiB)
[2024-10-24T18:42:14.623+0000] {spark_submit.py:524} INFO - 24/10/24 18:42:14 INFO SparkContext: Created broadcast 1 from broadcast at DAGScheduler.scala:1580
[2024-10-24T18:42:14.634+0000] {spark_submit.py:524} INFO - 24/10/24 18:42:14 INFO DAGScheduler: Submitting 1 missing tasks from ResultStage 0 (MapPartitionsRDD[3] at json at NativeMethodAccessorImpl.java:0) (first 15 tasks are for partitions Vector(0))
[2024-10-24T18:42:14.635+0000] {spark_submit.py:524} INFO - 24/10/24 18:42:14 INFO TaskSchedulerImpl: Adding task set 0.0 with 1 tasks resource profile 0
[2024-10-24T18:42:14.660+0000] {spark_submit.py:524} INFO - 24/10/24 18:42:14 INFO TaskSetManager: Starting task 0.0 in stage 0.0 (TID 0) (172.18.0.5, executor 0, partition 0, PROCESS_LOCAL, 8252 bytes)
[2024-10-24T18:42:14.839+0000] {spark_submit.py:524} INFO - 24/10/24 18:42:14 INFO BlockManagerInfo: Added broadcast_1_piece0 in memory on 172.18.0.5:40311 (size: 7.5 KiB, free: 434.4 MiB)
[2024-10-24T18:42:15.472+0000] {spark_submit.py:524} INFO - 24/10/24 18:42:15 INFO BlockManagerInfo: Added broadcast_0_piece0 in memory on 172.18.0.5:40311 (size: 34.2 KiB, free: 434.4 MiB)
[2024-10-24T18:42:15.651+0000] {spark_submit.py:524} INFO - 24/10/24 18:42:15 INFO TaskSetManager: Finished task 0.0 in stage 0.0 (TID 0) in 1000 ms on 172.18.0.5 (executor 0) (1/1)
[2024-10-24T18:42:15.652+0000] {spark_submit.py:524} INFO - 24/10/24 18:42:15 INFO TaskSchedulerImpl: Removed TaskSet 0.0, whose tasks have all completed, from pool
[2024-10-24T18:42:15.655+0000] {spark_submit.py:524} INFO - 24/10/24 18:42:15 INFO DAGScheduler: ResultStage 0 (json at NativeMethodAccessorImpl.java:0) finished in 1.089 s
[2024-10-24T18:42:15.657+0000] {spark_submit.py:524} INFO - 24/10/24 18:42:15 INFO DAGScheduler: Job 0 is finished. Cancelling potential speculative or zombie tasks for this job
[2024-10-24T18:42:15.658+0000] {spark_submit.py:524} INFO - 24/10/24 18:42:15 INFO TaskSchedulerImpl: Killing all running tasks in stage 0: Stage finished
[2024-10-24T18:42:15.660+0000] {spark_submit.py:524} INFO - 24/10/24 18:42:15 INFO DAGScheduler: Job 0 finished: json at NativeMethodAccessorImpl.java:0, took 1.121078 s
[2024-10-24T18:42:15.678+0000] {spark_submit.py:524} INFO - Leitura realizada com sucesso!
[2024-10-24T18:42:15.768+0000] {spark_submit.py:524} INFO - 24/10/24 18:42:15 INFO FileSourceStrategy: Pushed Filters:
[2024-10-24T18:42:15.768+0000] {spark_submit.py:524} INFO - 24/10/24 18:42:15 INFO FileSourceStrategy: Post-Scan Filters:
[2024-10-24T18:42:15.972+0000] {spark_submit.py:524} INFO - 24/10/24 18:42:15 INFO BlockManagerInfo: Removed broadcast_1_piece0 on f55139681ae8:38185 in memory (size: 7.5 KiB, free: 434.4 MiB)
[2024-10-24T18:42:15.980+0000] {spark_submit.py:524} INFO - 24/10/24 18:42:15 INFO BlockManagerInfo: Removed broadcast_1_piece0 on 172.18.0.5:40311 in memory (size: 7.5 KiB, free: 434.4 MiB)
[2024-10-24T18:42:16.048+0000] {spark_submit.py:524} INFO - 24/10/24 18:42:16 INFO CodeGenerator: Code generated in 169.011514 ms
[2024-10-24T18:42:16.054+0000] {spark_submit.py:524} INFO - 24/10/24 18:42:16 INFO MemoryStore: Block broadcast_2 stored as values in memory (estimated size 199.1 KiB, free 434.0 MiB)
[2024-10-24T18:42:16.071+0000] {spark_submit.py:524} INFO - 24/10/24 18:42:16 INFO MemoryStore: Block broadcast_2_piece0 stored as bytes in memory (estimated size 34.1 KiB, free 433.9 MiB)
[2024-10-24T18:42:16.071+0000] {spark_submit.py:524} INFO - 24/10/24 18:42:16 INFO BlockManagerInfo: Added broadcast_2_piece0 in memory on f55139681ae8:38185 (size: 34.1 KiB, free: 434.3 MiB)
[2024-10-24T18:42:16.073+0000] {spark_submit.py:524} INFO - 24/10/24 18:42:16 INFO SparkContext: Created broadcast 2 from count at NativeMethodAccessorImpl.java:0
[2024-10-24T18:42:16.076+0000] {spark_submit.py:524} INFO - 24/10/24 18:42:16 INFO FileSourceScanExec: Planning scan with bin packing, max size: 4194304 bytes, open cost is considered as scanning 4194304 bytes.
[2024-10-24T18:42:16.109+0000] {spark_submit.py:524} INFO - 24/10/24 18:42:16 INFO DAGScheduler: Registering RDD 7 (count at NativeMethodAccessorImpl.java:0) as input to shuffle 0
[2024-10-24T18:42:16.113+0000] {spark_submit.py:524} INFO - 24/10/24 18:42:16 INFO DAGScheduler: Got map stage job 1 (count at NativeMethodAccessorImpl.java:0) with 1 output partitions
[2024-10-24T18:42:16.113+0000] {spark_submit.py:524} INFO - 24/10/24 18:42:16 INFO DAGScheduler: Final stage: ShuffleMapStage 1 (count at NativeMethodAccessorImpl.java:0)
[2024-10-24T18:42:16.113+0000] {spark_submit.py:524} INFO - 24/10/24 18:42:16 INFO DAGScheduler: Parents of final stage: List()
[2024-10-24T18:42:16.114+0000] {spark_submit.py:524} INFO - 24/10/24 18:42:16 INFO DAGScheduler: Missing parents: List()
[2024-10-24T18:42:16.114+0000] {spark_submit.py:524} INFO - 24/10/24 18:42:16 INFO DAGScheduler: Submitting ShuffleMapStage 1 (MapPartitionsRDD[7] at count at NativeMethodAccessorImpl.java:0), which has no missing parents
[2024-10-24T18:42:16.127+0000] {spark_submit.py:524} INFO - 24/10/24 18:42:16 INFO MemoryStore: Block broadcast_3 stored as values in memory (estimated size 17.0 KiB, free 433.9 MiB)
[2024-10-24T18:42:16.131+0000] {spark_submit.py:524} INFO - 24/10/24 18:42:16 INFO MemoryStore: Block broadcast_3_piece0 stored as bytes in memory (estimated size 8.3 KiB, free 433.9 MiB)
[2024-10-24T18:42:16.131+0000] {spark_submit.py:524} INFO - 24/10/24 18:42:16 INFO BlockManagerInfo: Added broadcast_3_piece0 in memory on f55139681ae8:38185 (size: 8.3 KiB, free: 434.3 MiB)
[2024-10-24T18:42:16.132+0000] {spark_submit.py:524} INFO - 24/10/24 18:42:16 INFO SparkContext: Created broadcast 3 from broadcast at DAGScheduler.scala:1580
[2024-10-24T18:42:16.133+0000] {spark_submit.py:524} INFO - 24/10/24 18:42:16 INFO DAGScheduler: Submitting 1 missing tasks from ShuffleMapStage 1 (MapPartitionsRDD[7] at count at NativeMethodAccessorImpl.java:0) (first 15 tasks are for partitions Vector(0))
[2024-10-24T18:42:16.134+0000] {spark_submit.py:524} INFO - 24/10/24 18:42:16 INFO TaskSchedulerImpl: Adding task set 1.0 with 1 tasks resource profile 0
[2024-10-24T18:42:16.136+0000] {spark_submit.py:524} INFO - 24/10/24 18:42:16 INFO TaskSetManager: Starting task 0.0 in stage 1.0 (TID 1) (172.18.0.5, executor 0, partition 0, PROCESS_LOCAL, 8241 bytes)
[2024-10-24T18:42:16.167+0000] {spark_submit.py:524} INFO - 24/10/24 18:42:16 INFO BlockManagerInfo: Removed broadcast_0_piece0 on f55139681ae8:38185 in memory (size: 34.2 KiB, free: 434.4 MiB)
[2024-10-24T18:42:16.170+0000] {spark_submit.py:524} INFO - 24/10/24 18:42:16 INFO BlockManagerInfo: Removed broadcast_0_piece0 on 172.18.0.5:40311 in memory (size: 34.2 KiB, free: 434.4 MiB)
[2024-10-24T18:42:16.171+0000] {spark_submit.py:524} INFO - 24/10/24 18:42:16 INFO BlockManagerInfo: Added broadcast_3_piece0 in memory on 172.18.0.5:40311 (size: 8.3 KiB, free: 434.4 MiB)
[2024-10-24T18:42:16.276+0000] {spark_submit.py:524} INFO - 24/10/24 18:42:16 INFO BlockManagerInfo: Added broadcast_2_piece0 in memory on 172.18.0.5:40311 (size: 34.1 KiB, free: 434.4 MiB)
[2024-10-24T18:42:16.341+0000] {spark_submit.py:524} INFO - 24/10/24 18:42:16 INFO TaskSetManager: Finished task 0.0 in stage 1.0 (TID 1) in 206 ms on 172.18.0.5 (executor 0) (1/1)
[2024-10-24T18:42:16.341+0000] {spark_submit.py:524} INFO - 24/10/24 18:42:16 INFO TaskSchedulerImpl: Removed TaskSet 1.0, whose tasks have all completed, from pool
[2024-10-24T18:42:16.343+0000] {spark_submit.py:524} INFO - 24/10/24 18:42:16 INFO DAGScheduler: ShuffleMapStage 1 (count at NativeMethodAccessorImpl.java:0) finished in 0.226 s
[2024-10-24T18:42:16.343+0000] {spark_submit.py:524} INFO - 24/10/24 18:42:16 INFO DAGScheduler: looking for newly runnable stages
[2024-10-24T18:42:16.343+0000] {spark_submit.py:524} INFO - 24/10/24 18:42:16 INFO DAGScheduler: running: Set()
[2024-10-24T18:42:16.344+0000] {spark_submit.py:524} INFO - 24/10/24 18:42:16 INFO DAGScheduler: waiting: Set()
[2024-10-24T18:42:16.344+0000] {spark_submit.py:524} INFO - 24/10/24 18:42:16 INFO DAGScheduler: failed: Set()
[2024-10-24T18:42:16.376+0000] {spark_submit.py:524} INFO - 24/10/24 18:42:16 INFO CodeGenerator: Code generated in 11.067335 ms
[2024-10-24T18:42:16.398+0000] {spark_submit.py:524} INFO - 24/10/24 18:42:16 INFO SparkContext: Starting job: count at NativeMethodAccessorImpl.java:0
[2024-10-24T18:42:16.400+0000] {spark_submit.py:524} INFO - 24/10/24 18:42:16 INFO DAGScheduler: Got job 2 (count at NativeMethodAccessorImpl.java:0) with 1 output partitions
[2024-10-24T18:42:16.400+0000] {spark_submit.py:524} INFO - 24/10/24 18:42:16 INFO DAGScheduler: Final stage: ResultStage 3 (count at NativeMethodAccessorImpl.java:0)
[2024-10-24T18:42:16.400+0000] {spark_submit.py:524} INFO - 24/10/24 18:42:16 INFO DAGScheduler: Parents of final stage: List(ShuffleMapStage 2)
[2024-10-24T18:42:16.400+0000] {spark_submit.py:524} INFO - 24/10/24 18:42:16 INFO DAGScheduler: Missing parents: List()
[2024-10-24T18:42:16.400+0000] {spark_submit.py:524} INFO - 24/10/24 18:42:16 INFO DAGScheduler: Submitting ResultStage 3 (MapPartitionsRDD[10] at count at NativeMethodAccessorImpl.java:0), which has no missing parents
[2024-10-24T18:42:16.407+0000] {spark_submit.py:524} INFO - 24/10/24 18:42:16 INFO MemoryStore: Block broadcast_4 stored as values in memory (estimated size 12.5 KiB, free 434.1 MiB)
[2024-10-24T18:42:16.412+0000] {spark_submit.py:524} INFO - 24/10/24 18:42:16 INFO MemoryStore: Block broadcast_4_piece0 stored as bytes in memory (estimated size 5.9 KiB, free 434.1 MiB)
[2024-10-24T18:42:16.413+0000] {spark_submit.py:524} INFO - 24/10/24 18:42:16 INFO BlockManagerInfo: Added broadcast_4_piece0 in memory on f55139681ae8:38185 (size: 5.9 KiB, free: 434.4 MiB)
[2024-10-24T18:42:16.414+0000] {spark_submit.py:524} INFO - 24/10/24 18:42:16 INFO SparkContext: Created broadcast 4 from broadcast at DAGScheduler.scala:1580
[2024-10-24T18:42:16.415+0000] {spark_submit.py:524} INFO - 24/10/24 18:42:16 INFO BlockManagerInfo: Removed broadcast_3_piece0 on f55139681ae8:38185 in memory (size: 8.3 KiB, free: 434.4 MiB)
[2024-10-24T18:42:16.415+0000] {spark_submit.py:524} INFO - 24/10/24 18:42:16 INFO DAGScheduler: Submitting 1 missing tasks from ResultStage 3 (MapPartitionsRDD[10] at count at NativeMethodAccessorImpl.java:0) (first 15 tasks are for partitions Vector(0))
[2024-10-24T18:42:16.416+0000] {spark_submit.py:524} INFO - 24/10/24 18:42:16 INFO TaskSchedulerImpl: Adding task set 3.0 with 1 tasks resource profile 0
[2024-10-24T18:42:16.416+0000] {spark_submit.py:524} INFO - 24/10/24 18:42:16 INFO BlockManagerInfo: Removed broadcast_3_piece0 on 172.18.0.5:40311 in memory (size: 8.3 KiB, free: 434.4 MiB)
[2024-10-24T18:42:16.421+0000] {spark_submit.py:524} INFO - 24/10/24 18:42:16 INFO TaskSetManager: Starting task 0.0 in stage 3.0 (TID 2) (172.18.0.5, executor 0, partition 0, NODE_LOCAL, 7619 bytes)
[2024-10-24T18:42:16.439+0000] {spark_submit.py:524} INFO - 24/10/24 18:42:16 INFO BlockManagerInfo: Added broadcast_4_piece0 in memory on 172.18.0.5:40311 (size: 5.9 KiB, free: 434.4 MiB)
[2024-10-24T18:42:16.462+0000] {spark_submit.py:524} INFO - 24/10/24 18:42:16 INFO MapOutputTrackerMasterEndpoint: Asked to send map output locations for shuffle 0 to 172.18.0.5:36618
[2024-10-24T18:42:16.582+0000] {spark_submit.py:524} INFO - 24/10/24 18:42:16 INFO TaskSetManager: Finished task 0.0 in stage 3.0 (TID 2) in 162 ms on 172.18.0.5 (executor 0) (1/1)
[2024-10-24T18:42:16.582+0000] {spark_submit.py:524} INFO - 24/10/24 18:42:16 INFO TaskSchedulerImpl: Removed TaskSet 3.0, whose tasks have all completed, from pool
[2024-10-24T18:42:16.584+0000] {spark_submit.py:524} INFO - 24/10/24 18:42:16 INFO DAGScheduler: ResultStage 3 (count at NativeMethodAccessorImpl.java:0) finished in 0.179 s
[2024-10-24T18:42:16.585+0000] {spark_submit.py:524} INFO - 24/10/24 18:42:16 INFO DAGScheduler: Job 2 is finished. Cancelling potential speculative or zombie tasks for this job
[2024-10-24T18:42:16.585+0000] {spark_submit.py:524} INFO - 24/10/24 18:42:16 INFO TaskSchedulerImpl: Killing all running tasks in stage 3: Stage finished
[2024-10-24T18:42:16.585+0000] {spark_submit.py:524} INFO - 24/10/24 18:42:16 INFO DAGScheduler: Job 2 finished: count at NativeMethodAccessorImpl.java:0, took 0.187215 s
[2024-10-24T18:42:16.620+0000] {spark_submit.py:524} INFO - 24/10/24 18:42:16 INFO FileSourceStrategy: Pushed Filters:
[2024-10-24T18:42:16.620+0000] {spark_submit.py:524} INFO - 24/10/24 18:42:16 INFO FileSourceStrategy: Post-Scan Filters:
[2024-10-24T18:42:16.640+0000] {spark_submit.py:524} INFO - 24/10/24 18:42:16 INFO MemoryStore: Block broadcast_5 stored as values in memory (estimated size 199.1 KiB, free 434.0 MiB)
[2024-10-24T18:42:16.649+0000] {spark_submit.py:524} INFO - 24/10/24 18:42:16 INFO BlockManagerInfo: Removed broadcast_4_piece0 on f55139681ae8:38185 in memory (size: 5.9 KiB, free: 434.4 MiB)
[2024-10-24T18:42:16.653+0000] {spark_submit.py:524} INFO - 24/10/24 18:42:16 INFO BlockManagerInfo: Removed broadcast_4_piece0 on 172.18.0.5:40311 in memory (size: 5.9 KiB, free: 434.4 MiB)
[2024-10-24T18:42:16.657+0000] {spark_submit.py:524} INFO - 24/10/24 18:42:16 INFO MemoryStore: Block broadcast_5_piece0 stored as bytes in memory (estimated size 34.1 KiB, free 433.9 MiB)
[2024-10-24T18:42:16.657+0000] {spark_submit.py:524} INFO - 24/10/24 18:42:16 INFO BlockManagerInfo: Added broadcast_5_piece0 in memory on f55139681ae8:38185 (size: 34.1 KiB, free: 434.3 MiB)
[2024-10-24T18:42:16.659+0000] {spark_submit.py:524} INFO - 24/10/24 18:42:16 INFO SparkContext: Created broadcast 5 from count at NativeMethodAccessorImpl.java:0
[2024-10-24T18:42:16.660+0000] {spark_submit.py:524} INFO - 24/10/24 18:42:16 INFO FileSourceScanExec: Planning scan with bin packing, max size: 4194304 bytes, open cost is considered as scanning 4194304 bytes.
[2024-10-24T18:42:16.668+0000] {spark_submit.py:524} INFO - 24/10/24 18:42:16 INFO DAGScheduler: Registering RDD 14 (count at NativeMethodAccessorImpl.java:0) as input to shuffle 1
[2024-10-24T18:42:16.669+0000] {spark_submit.py:524} INFO - 24/10/24 18:42:16 INFO DAGScheduler: Got map stage job 3 (count at NativeMethodAccessorImpl.java:0) with 1 output partitions
[2024-10-24T18:42:16.669+0000] {spark_submit.py:524} INFO - 24/10/24 18:42:16 INFO DAGScheduler: Final stage: ShuffleMapStage 4 (count at NativeMethodAccessorImpl.java:0)
[2024-10-24T18:42:16.669+0000] {spark_submit.py:524} INFO - 24/10/24 18:42:16 INFO DAGScheduler: Parents of final stage: List()
[2024-10-24T18:42:16.669+0000] {spark_submit.py:524} INFO - 24/10/24 18:42:16 INFO DAGScheduler: Missing parents: List()
[2024-10-24T18:42:16.670+0000] {spark_submit.py:524} INFO - 24/10/24 18:42:16 INFO DAGScheduler: Submitting ShuffleMapStage 4 (MapPartitionsRDD[14] at count at NativeMethodAccessorImpl.java:0), which has no missing parents
[2024-10-24T18:42:16.673+0000] {spark_submit.py:524} INFO - 24/10/24 18:42:16 INFO MemoryStore: Block broadcast_6 stored as values in memory (estimated size 17.0 KiB, free 433.9 MiB)
[2024-10-24T18:42:16.675+0000] {spark_submit.py:524} INFO - 24/10/24 18:42:16 INFO MemoryStore: Block broadcast_6_piece0 stored as bytes in memory (estimated size 8.3 KiB, free 433.9 MiB)
[2024-10-24T18:42:16.676+0000] {spark_submit.py:524} INFO - 24/10/24 18:42:16 INFO BlockManagerInfo: Added broadcast_6_piece0 in memory on f55139681ae8:38185 (size: 8.3 KiB, free: 434.3 MiB)
[2024-10-24T18:42:16.676+0000] {spark_submit.py:524} INFO - 24/10/24 18:42:16 INFO SparkContext: Created broadcast 6 from broadcast at DAGScheduler.scala:1580
[2024-10-24T18:42:16.677+0000] {spark_submit.py:524} INFO - 24/10/24 18:42:16 INFO DAGScheduler: Submitting 1 missing tasks from ShuffleMapStage 4 (MapPartitionsRDD[14] at count at NativeMethodAccessorImpl.java:0) (first 15 tasks are for partitions Vector(0))
[2024-10-24T18:42:16.678+0000] {spark_submit.py:524} INFO - 24/10/24 18:42:16 INFO TaskSchedulerImpl: Adding task set 4.0 with 1 tasks resource profile 0
[2024-10-24T18:42:16.679+0000] {spark_submit.py:524} INFO - 24/10/24 18:42:16 INFO TaskSetManager: Starting task 0.0 in stage 4.0 (TID 3) (172.18.0.5, executor 0, partition 0, PROCESS_LOCAL, 8241 bytes)
[2024-10-24T18:42:16.697+0000] {spark_submit.py:524} INFO - 24/10/24 18:42:16 INFO BlockManagerInfo: Added broadcast_6_piece0 in memory on 172.18.0.5:40311 (size: 8.3 KiB, free: 434.4 MiB)
[2024-10-24T18:42:16.715+0000] {spark_submit.py:524} INFO - 24/10/24 18:42:16 INFO BlockManagerInfo: Added broadcast_5_piece0 in memory on 172.18.0.5:40311 (size: 34.1 KiB, free: 434.3 MiB)
[2024-10-24T18:42:16.751+0000] {spark_submit.py:524} INFO - 24/10/24 18:42:16 INFO TaskSetManager: Finished task 0.0 in stage 4.0 (TID 3) in 71 ms on 172.18.0.5 (executor 0) (1/1)
[2024-10-24T18:42:16.751+0000] {spark_submit.py:524} INFO - 24/10/24 18:42:16 INFO TaskSchedulerImpl: Removed TaskSet 4.0, whose tasks have all completed, from pool
[2024-10-24T18:42:16.752+0000] {spark_submit.py:524} INFO - 24/10/24 18:42:16 INFO DAGScheduler: ShuffleMapStage 4 (count at NativeMethodAccessorImpl.java:0) finished in 0.080 s
[2024-10-24T18:42:16.752+0000] {spark_submit.py:524} INFO - 24/10/24 18:42:16 INFO DAGScheduler: looking for newly runnable stages
[2024-10-24T18:42:16.752+0000] {spark_submit.py:524} INFO - 24/10/24 18:42:16 INFO DAGScheduler: running: Set()
[2024-10-24T18:42:16.752+0000] {spark_submit.py:524} INFO - 24/10/24 18:42:16 INFO DAGScheduler: waiting: Set()
[2024-10-24T18:42:16.752+0000] {spark_submit.py:524} INFO - 24/10/24 18:42:16 INFO DAGScheduler: failed: Set()
[2024-10-24T18:42:16.776+0000] {spark_submit.py:524} INFO - 24/10/24 18:42:16 INFO SparkContext: Starting job: count at NativeMethodAccessorImpl.java:0
[2024-10-24T18:42:16.777+0000] {spark_submit.py:524} INFO - 24/10/24 18:42:16 INFO DAGScheduler: Got job 4 (count at NativeMethodAccessorImpl.java:0) with 1 output partitions
[2024-10-24T18:42:16.778+0000] {spark_submit.py:524} INFO - 24/10/24 18:42:16 INFO DAGScheduler: Final stage: ResultStage 6 (count at NativeMethodAccessorImpl.java:0)
[2024-10-24T18:42:16.778+0000] {spark_submit.py:524} INFO - 24/10/24 18:42:16 INFO DAGScheduler: Parents of final stage: List(ShuffleMapStage 5)
[2024-10-24T18:42:16.778+0000] {spark_submit.py:524} INFO - 24/10/24 18:42:16 INFO DAGScheduler: Missing parents: List()
[2024-10-24T18:42:16.778+0000] {spark_submit.py:524} INFO - 24/10/24 18:42:16 INFO DAGScheduler: Submitting ResultStage 6 (MapPartitionsRDD[17] at count at NativeMethodAccessorImpl.java:0), which has no missing parents
[2024-10-24T18:42:16.781+0000] {spark_submit.py:524} INFO - 24/10/24 18:42:16 INFO MemoryStore: Block broadcast_7 stored as values in memory (estimated size 12.5 KiB, free 433.9 MiB)
[2024-10-24T18:42:16.787+0000] {spark_submit.py:524} INFO - 24/10/24 18:42:16 INFO MemoryStore: Block broadcast_7_piece0 stored as bytes in memory (estimated size 5.9 KiB, free 433.9 MiB)
[2024-10-24T18:42:16.788+0000] {spark_submit.py:524} INFO - 24/10/24 18:42:16 INFO BlockManagerInfo: Added broadcast_7_piece0 in memory on f55139681ae8:38185 (size: 5.9 KiB, free: 434.3 MiB)
[2024-10-24T18:42:16.789+0000] {spark_submit.py:524} INFO - 24/10/24 18:42:16 INFO BlockManagerInfo: Removed broadcast_6_piece0 on f55139681ae8:38185 in memory (size: 8.3 KiB, free: 434.3 MiB)
[2024-10-24T18:42:16.791+0000] {spark_submit.py:524} INFO - 24/10/24 18:42:16 INFO BlockManagerInfo: Removed broadcast_6_piece0 on 172.18.0.5:40311 in memory (size: 8.3 KiB, free: 434.3 MiB)
[2024-10-24T18:42:16.792+0000] {spark_submit.py:524} INFO - 24/10/24 18:42:16 INFO SparkContext: Created broadcast 7 from broadcast at DAGScheduler.scala:1580
[2024-10-24T18:42:16.793+0000] {spark_submit.py:524} INFO - 24/10/24 18:42:16 INFO DAGScheduler: Submitting 1 missing tasks from ResultStage 6 (MapPartitionsRDD[17] at count at NativeMethodAccessorImpl.java:0) (first 15 tasks are for partitions Vector(0))
[2024-10-24T18:42:16.793+0000] {spark_submit.py:524} INFO - 24/10/24 18:42:16 INFO TaskSchedulerImpl: Adding task set 6.0 with 1 tasks resource profile 0
[2024-10-24T18:42:16.795+0000] {spark_submit.py:524} INFO - 24/10/24 18:42:16 INFO TaskSetManager: Starting task 0.0 in stage 6.0 (TID 4) (172.18.0.5, executor 0, partition 0, NODE_LOCAL, 7619 bytes)
[2024-10-24T18:42:16.812+0000] {spark_submit.py:524} INFO - 24/10/24 18:42:16 INFO BlockManagerInfo: Added broadcast_7_piece0 in memory on 172.18.0.5:40311 (size: 5.9 KiB, free: 434.3 MiB)
[2024-10-24T18:42:16.819+0000] {spark_submit.py:524} INFO - 24/10/24 18:42:16 INFO MapOutputTrackerMasterEndpoint: Asked to send map output locations for shuffle 1 to 172.18.0.5:36618
[2024-10-24T18:42:16.841+0000] {spark_submit.py:524} INFO - 24/10/24 18:42:16 INFO TaskSetManager: Finished task 0.0 in stage 6.0 (TID 4) in 47 ms on 172.18.0.5 (executor 0) (1/1)
[2024-10-24T18:42:16.842+0000] {spark_submit.py:524} INFO - 24/10/24 18:42:16 INFO TaskSchedulerImpl: Removed TaskSet 6.0, whose tasks have all completed, from pool
[2024-10-24T18:42:16.842+0000] {spark_submit.py:524} INFO - 24/10/24 18:42:16 INFO DAGScheduler: ResultStage 6 (count at NativeMethodAccessorImpl.java:0) finished in 0.063 s
[2024-10-24T18:42:16.843+0000] {spark_submit.py:524} INFO - 24/10/24 18:42:16 INFO DAGScheduler: Job 4 is finished. Cancelling potential speculative or zombie tasks for this job
[2024-10-24T18:42:16.843+0000] {spark_submit.py:524} INFO - 24/10/24 18:42:16 INFO TaskSchedulerImpl: Killing all running tasks in stage 6: Stage finished
[2024-10-24T18:42:16.843+0000] {spark_submit.py:524} INFO - 24/10/24 18:42:16 INFO DAGScheduler: Job 4 finished: count at NativeMethodAccessorImpl.java:0, took 0.067082 s
[2024-10-24T18:42:16.845+0000] {spark_submit.py:524} INFO - Quantidade:  50
[2024-10-24T18:42:16.942+0000] {spark_submit.py:524} INFO - 24/10/24 18:42:16 INFO FileSourceStrategy: Pushed Filters:
[2024-10-24T18:42:16.943+0000] {spark_submit.py:524} INFO - 24/10/24 18:42:16 INFO FileSourceStrategy: Post-Scan Filters:
[2024-10-24T18:42:16.996+0000] {spark_submit.py:524} INFO - 24/10/24 18:42:16 INFO ParquetUtils: Using default output committer for Parquet: org.apache.parquet.hadoop.ParquetOutputCommitter
[2024-10-24T18:42:17.021+0000] {spark_submit.py:524} INFO - 24/10/24 18:42:17 INFO FileOutputCommitter: File Output Committer Algorithm version is 1
[2024-10-24T18:42:17.022+0000] {spark_submit.py:524} INFO - 24/10/24 18:42:17 INFO FileOutputCommitter: FileOutputCommitter skip cleanup _temporary folders under output directory:false, ignore cleanup failures: false
[2024-10-24T18:42:17.023+0000] {spark_submit.py:524} INFO - 24/10/24 18:42:17 INFO SQLHadoopMapReduceCommitProtocol: Using user defined output committer class org.apache.parquet.hadoop.ParquetOutputCommitter
[2024-10-24T18:42:17.023+0000] {spark_submit.py:524} INFO - 24/10/24 18:42:17 INFO FileOutputCommitter: File Output Committer Algorithm version is 1
[2024-10-24T18:42:17.023+0000] {spark_submit.py:524} INFO - 24/10/24 18:42:17 INFO FileOutputCommitter: FileOutputCommitter skip cleanup _temporary folders under output directory:false, ignore cleanup failures: false
[2024-10-24T18:42:17.024+0000] {spark_submit.py:524} INFO - 24/10/24 18:42:17 INFO SQLHadoopMapReduceCommitProtocol: Using output committer class org.apache.parquet.hadoop.ParquetOutputCommitter
[2024-10-24T18:42:17.089+0000] {spark_submit.py:524} INFO - 24/10/24 18:42:17 INFO CodeGenerator: Code generated in 36.07524 ms
[2024-10-24T18:42:17.092+0000] {spark_submit.py:524} INFO - 24/10/24 18:42:17 INFO MemoryStore: Block broadcast_8 stored as values in memory (estimated size 199.1 KiB, free 433.7 MiB)
[2024-10-24T18:42:17.100+0000] {spark_submit.py:524} INFO - 24/10/24 18:42:17 INFO BlockManagerInfo: Removed broadcast_5_piece0 on f55139681ae8:38185 in memory (size: 34.1 KiB, free: 434.4 MiB)
[2024-10-24T18:42:17.103+0000] {spark_submit.py:524} INFO - 24/10/24 18:42:17 INFO BlockManagerInfo: Removed broadcast_5_piece0 on 172.18.0.5:40311 in memory (size: 34.1 KiB, free: 434.4 MiB)
[2024-10-24T18:42:17.109+0000] {spark_submit.py:524} INFO - 24/10/24 18:42:17 INFO MemoryStore: Block broadcast_8_piece0 stored as bytes in memory (estimated size 34.1 KiB, free 433.9 MiB)
[2024-10-24T18:42:17.112+0000] {spark_submit.py:524} INFO - 24/10/24 18:42:17 INFO BlockManagerInfo: Added broadcast_8_piece0 in memory on f55139681ae8:38185 (size: 34.1 KiB, free: 434.3 MiB)
[2024-10-24T18:42:17.113+0000] {spark_submit.py:524} INFO - 24/10/24 18:42:17 INFO SparkContext: Created broadcast 8 from save at NativeMethodAccessorImpl.java:0
[2024-10-24T18:42:17.115+0000] {spark_submit.py:524} INFO - 24/10/24 18:42:17 INFO FileSourceScanExec: Planning scan with bin packing, max size: 4194304 bytes, open cost is considered as scanning 4194304 bytes.
[2024-10-24T18:42:17.128+0000] {spark_submit.py:524} INFO - 24/10/24 18:42:17 INFO BlockManagerInfo: Removed broadcast_7_piece0 on f55139681ae8:38185 in memory (size: 5.9 KiB, free: 434.3 MiB)
[2024-10-24T18:42:17.129+0000] {spark_submit.py:524} INFO - 24/10/24 18:42:17 INFO BlockManagerInfo: Removed broadcast_7_piece0 on 172.18.0.5:40311 in memory (size: 5.9 KiB, free: 434.4 MiB)
[2024-10-24T18:42:17.153+0000] {spark_submit.py:524} INFO - 24/10/24 18:42:17 INFO SparkContext: Starting job: save at NativeMethodAccessorImpl.java:0
[2024-10-24T18:42:17.154+0000] {spark_submit.py:524} INFO - 24/10/24 18:42:17 INFO DAGScheduler: Got job 5 (save at NativeMethodAccessorImpl.java:0) with 1 output partitions
[2024-10-24T18:42:17.155+0000] {spark_submit.py:524} INFO - 24/10/24 18:42:17 INFO DAGScheduler: Final stage: ResultStage 7 (save at NativeMethodAccessorImpl.java:0)
[2024-10-24T18:42:17.155+0000] {spark_submit.py:524} INFO - 24/10/24 18:42:17 INFO DAGScheduler: Parents of final stage: List()
[2024-10-24T18:42:17.155+0000] {spark_submit.py:524} INFO - 24/10/24 18:42:17 INFO DAGScheduler: Missing parents: List()
[2024-10-24T18:42:17.156+0000] {spark_submit.py:524} INFO - 24/10/24 18:42:17 INFO DAGScheduler: Submitting ResultStage 7 (MapPartitionsRDD[21] at save at NativeMethodAccessorImpl.java:0), which has no missing parents
[2024-10-24T18:42:17.179+0000] {spark_submit.py:524} INFO - 24/10/24 18:42:17 INFO MemoryStore: Block broadcast_9 stored as values in memory (estimated size 236.8 KiB, free 433.7 MiB)
[2024-10-24T18:42:17.187+0000] {spark_submit.py:524} INFO - 24/10/24 18:42:17 INFO MemoryStore: Block broadcast_9_piece0 stored as bytes in memory (estimated size 85.9 KiB, free 433.6 MiB)
[2024-10-24T18:42:17.188+0000] {spark_submit.py:524} INFO - 24/10/24 18:42:17 INFO BlockManagerInfo: Added broadcast_9_piece0 in memory on f55139681ae8:38185 (size: 85.9 KiB, free: 434.2 MiB)
[2024-10-24T18:42:17.189+0000] {spark_submit.py:524} INFO - 24/10/24 18:42:17 INFO SparkContext: Created broadcast 9 from broadcast at DAGScheduler.scala:1580
[2024-10-24T18:42:17.189+0000] {spark_submit.py:524} INFO - 24/10/24 18:42:17 INFO DAGScheduler: Submitting 1 missing tasks from ResultStage 7 (MapPartitionsRDD[21] at save at NativeMethodAccessorImpl.java:0) (first 15 tasks are for partitions Vector(0))
[2024-10-24T18:42:17.190+0000] {spark_submit.py:524} INFO - 24/10/24 18:42:17 INFO TaskSchedulerImpl: Adding task set 7.0 with 1 tasks resource profile 0
[2024-10-24T18:42:17.191+0000] {spark_submit.py:524} INFO - 24/10/24 18:42:17 INFO TaskSetManager: Starting task 0.0 in stage 7.0 (TID 5) (172.18.0.5, executor 0, partition 0, PROCESS_LOCAL, 8252 bytes)
[2024-10-24T18:42:17.217+0000] {spark_submit.py:524} INFO - 24/10/24 18:42:17 INFO BlockManagerInfo: Added broadcast_9_piece0 in memory on 172.18.0.5:40311 (size: 85.9 KiB, free: 434.3 MiB)
[2024-10-24T18:42:17.501+0000] {spark_submit.py:524} INFO - 24/10/24 18:42:17 INFO BlockManagerInfo: Added broadcast_8_piece0 in memory on 172.18.0.5:40311 (size: 34.1 KiB, free: 434.2 MiB)
[2024-10-24T18:42:19.056+0000] {spark_submit.py:524} INFO - 24/10/24 18:42:19 INFO TaskSetManager: Finished task 0.0 in stage 7.0 (TID 5) in 1866 ms on 172.18.0.5 (executor 0) (1/1)
[2024-10-24T18:42:19.056+0000] {spark_submit.py:524} INFO - 24/10/24 18:42:19 INFO TaskSchedulerImpl: Removed TaskSet 7.0, whose tasks have all completed, from pool
[2024-10-24T18:42:19.057+0000] {spark_submit.py:524} INFO - 24/10/24 18:42:19 INFO DAGScheduler: ResultStage 7 (save at NativeMethodAccessorImpl.java:0) finished in 1.901 s
[2024-10-24T18:42:19.057+0000] {spark_submit.py:524} INFO - 24/10/24 18:42:19 INFO DAGScheduler: Job 5 is finished. Cancelling potential speculative or zombie tasks for this job
[2024-10-24T18:42:19.057+0000] {spark_submit.py:524} INFO - 24/10/24 18:42:19 INFO TaskSchedulerImpl: Killing all running tasks in stage 7: Stage finished
[2024-10-24T18:42:19.058+0000] {spark_submit.py:524} INFO - 24/10/24 18:42:19 INFO DAGScheduler: Job 5 finished: save at NativeMethodAccessorImpl.java:0, took 1.904856 s
[2024-10-24T18:42:19.060+0000] {spark_submit.py:524} INFO - 24/10/24 18:42:19 INFO FileFormatWriter: Start to commit write Job 3577abc3-7c3b-4933-abd9-1c69914ceb7d.
[2024-10-24T18:42:19.086+0000] {spark_submit.py:524} INFO - 24/10/24 18:42:19 INFO FileFormatWriter: Write Job 3577abc3-7c3b-4933-abd9-1c69914ceb7d committed. Elapsed time: 24 ms.
[2024-10-24T18:42:19.091+0000] {spark_submit.py:524} INFO - 24/10/24 18:42:19 INFO FileFormatWriter: Finished processing stats for write job 3577abc3-7c3b-4933-abd9-1c69914ceb7d.
[2024-10-24T18:42:19.099+0000] {spark_submit.py:524} INFO - Arquivos gerados com sucesso na camada Silver
[2024-10-24T18:42:19.100+0000] {spark_submit.py:524} INFO - 24/10/24 18:42:19 INFO SparkContext: SparkContext is stopping with exitCode 0.
[2024-10-24T18:42:19.109+0000] {spark_submit.py:524} INFO - 24/10/24 18:42:19 INFO SparkUI: Stopped Spark web UI at http://f55139681ae8:4040
[2024-10-24T18:42:19.112+0000] {spark_submit.py:524} INFO - 24/10/24 18:42:19 INFO StandaloneSchedulerBackend: Shutting down all executors
[2024-10-24T18:42:19.112+0000] {spark_submit.py:524} INFO - 24/10/24 18:42:19 INFO StandaloneSchedulerBackend$StandaloneDriverEndpoint: Asking each executor to shut down
[2024-10-24T18:42:19.134+0000] {spark_submit.py:524} INFO - 24/10/24 18:42:19 INFO MapOutputTrackerMasterEndpoint: MapOutputTrackerMasterEndpoint stopped!
[2024-10-24T18:42:19.162+0000] {spark_submit.py:524} INFO - 24/10/24 18:42:19 INFO MemoryStore: MemoryStore cleared
[2024-10-24T18:42:19.162+0000] {spark_submit.py:524} INFO - 24/10/24 18:42:19 INFO BlockManager: BlockManager stopped
[2024-10-24T18:42:19.166+0000] {spark_submit.py:524} INFO - 24/10/24 18:42:19 INFO BlockManagerMaster: BlockManagerMaster stopped
[2024-10-24T18:42:19.168+0000] {spark_submit.py:524} INFO - 24/10/24 18:42:19 INFO OutputCommitCoordinator$OutputCommitCoordinatorEndpoint: OutputCommitCoordinator stopped!
[2024-10-24T18:42:19.182+0000] {spark_submit.py:524} INFO - 24/10/24 18:42:19 INFO SparkContext: Successfully stopped SparkContext
[2024-10-24T18:42:19.668+0000] {spark_submit.py:524} INFO - 24/10/24 18:42:19 INFO ShutdownHookManager: Shutdown hook called
[2024-10-24T18:42:19.668+0000] {spark_submit.py:524} INFO - 24/10/24 18:42:19 INFO ShutdownHookManager: Deleting directory /tmp/spark-ce182204-1010-40a9-bb01-409299b8e577/pyspark-9cb22b17-5d56-4445-b171-22b734aae235
[2024-10-24T18:42:19.673+0000] {spark_submit.py:524} INFO - 24/10/24 18:42:19 INFO ShutdownHookManager: Deleting directory /tmp/spark-3ec9b3e5-68a9-4399-a4c7-78621d77c4a7
[2024-10-24T18:42:19.677+0000] {spark_submit.py:524} INFO - 24/10/24 18:42:19 INFO ShutdownHookManager: Deleting directory /tmp/spark-ce182204-1010-40a9-bb01-409299b8e577
[2024-10-24T18:42:19.739+0000] {taskinstance.py:1398} INFO - Marking task as SUCCESS. dag_id=api_openbrewerydb_to_silver_gold, task_id=Silver, execution_date=20241024T184205, start_date=20241024T184207, end_date=20241024T184219
[2024-10-24T18:42:19.769+0000] {local_task_job_runner.py:228} INFO - Task exited with return code 0
[2024-10-24T18:42:19.790+0000] {taskinstance.py:2776} INFO - 1 downstream tasks scheduled from follow-on schedule check
