[2024-10-24T01:38:01.051+0000] {taskinstance.py:1157} INFO - Dependencies all met for dep_context=non-requeueable deps ti=<TaskInstance: api_openbrewerydb_to_silver_gold.Gold scheduled__2023-12-16T08:00:00+00:00 [queued]>
[2024-10-24T01:38:01.063+0000] {taskinstance.py:1157} INFO - Dependencies all met for dep_context=requeueable deps ti=<TaskInstance: api_openbrewerydb_to_silver_gold.Gold scheduled__2023-12-16T08:00:00+00:00 [queued]>
[2024-10-24T01:38:01.063+0000] {taskinstance.py:1359} INFO - Starting attempt 1 of 2
[2024-10-24T01:38:01.083+0000] {taskinstance.py:1380} INFO - Executing <Task(SparkSubmitOperator): Gold> on 2023-12-16 08:00:00+00:00
[2024-10-24T01:38:01.090+0000] {standard_task_runner.py:57} INFO - Started process 1775 to run task
[2024-10-24T01:38:01.094+0000] {standard_task_runner.py:84} INFO - Running: ['***', 'tasks', 'run', 'api_openbrewerydb_to_silver_gold', 'Gold', 'scheduled__2023-12-16T08:00:00+00:00', '--job-id', '168', '--raw', '--subdir', 'DAGS_FOLDER/api_openbrewerydb_to_silver.py', '--cfg-path', '/tmp/tmplq0ltvs_']
[2024-10-24T01:38:01.102+0000] {standard_task_runner.py:85} INFO - Job 168: Subtask Gold
[2024-10-24T01:38:01.176+0000] {task_command.py:415} INFO - Running <TaskInstance: api_openbrewerydb_to_silver_gold.Gold scheduled__2023-12-16T08:00:00+00:00 [running]> on host de5108c6da1d
[2024-10-24T01:38:01.317+0000] {taskinstance.py:1660} INFO - Exporting env vars: AIRFLOW_CTX_DAG_OWNER='Rodrigo Araujo' AIRFLOW_CTX_DAG_ID='api_openbrewerydb_to_silver_gold' AIRFLOW_CTX_TASK_ID='Gold' AIRFLOW_CTX_EXECUTION_DATE='2023-12-16T08:00:00+00:00' AIRFLOW_CTX_TRY_NUMBER='1' AIRFLOW_CTX_DAG_RUN_ID='scheduled__2023-12-16T08:00:00+00:00'
[2024-10-24T01:38:01.336+0000] {base.py:73} INFO - Using connection ID 'spark-conn' for task execution.
[2024-10-24T01:38:01.338+0000] {spark_submit.py:363} INFO - Spark-Submit cmd: spark-submit --master spark://spark-master:7077 --name arrow-spark --queue root.default jobs/gold/api_openbrewerydb.py
[2024-10-24T01:38:07.415+0000] {spark_submit.py:524} INFO - 24/10/24 01:38:07 INFO SparkContext: Running Spark version 3.5.3
[2024-10-24T01:38:07.419+0000] {spark_submit.py:524} INFO - 24/10/24 01:38:07 INFO SparkContext: OS info Linux, 5.15.0-124-generic, amd64
[2024-10-24T01:38:07.420+0000] {spark_submit.py:524} INFO - 24/10/24 01:38:07 INFO SparkContext: Java version 11.0.25
[2024-10-24T01:38:07.552+0000] {spark_submit.py:524} INFO - 24/10/24 01:38:07 WARN NativeCodeLoader: Unable to load native-hadoop library for your platform... using builtin-java classes where applicable
[2024-10-24T01:38:07.723+0000] {spark_submit.py:524} INFO - 24/10/24 01:38:07 INFO ResourceUtils: ==============================================================
[2024-10-24T01:38:07.724+0000] {spark_submit.py:524} INFO - 24/10/24 01:38:07 INFO ResourceUtils: No custom resources configured for spark.driver.
[2024-10-24T01:38:07.724+0000] {spark_submit.py:524} INFO - 24/10/24 01:38:07 INFO ResourceUtils: ==============================================================
[2024-10-24T01:38:07.725+0000] {spark_submit.py:524} INFO - 24/10/24 01:38:07 INFO SparkContext: Submitted application: IngestaoSilver
[2024-10-24T01:38:07.761+0000] {spark_submit.py:524} INFO - 24/10/24 01:38:07 INFO ResourceProfile: Default ResourceProfile created, executor resources: Map(memory -> name: memory, amount: 1024, script: , vendor: , offHeap -> name: offHeap, amount: 0, script: , vendor: ), task resources: Map(cpus -> name: cpus, amount: 1.0)
[2024-10-24T01:38:07.788+0000] {spark_submit.py:524} INFO - 24/10/24 01:38:07 INFO ResourceProfile: Limiting resource is cpu
[2024-10-24T01:38:07.790+0000] {spark_submit.py:524} INFO - 24/10/24 01:38:07 INFO ResourceProfileManager: Added ResourceProfile id: 0
[2024-10-24T01:38:07.896+0000] {spark_submit.py:524} INFO - 24/10/24 01:38:07 INFO SecurityManager: Changing view acls to: ***
[2024-10-24T01:38:07.897+0000] {spark_submit.py:524} INFO - 24/10/24 01:38:07 INFO SecurityManager: Changing modify acls to: ***
[2024-10-24T01:38:07.898+0000] {spark_submit.py:524} INFO - 24/10/24 01:38:07 INFO SecurityManager: Changing view acls groups to:
[2024-10-24T01:38:07.900+0000] {spark_submit.py:524} INFO - 24/10/24 01:38:07 INFO SecurityManager: Changing modify acls groups to:
[2024-10-24T01:38:07.902+0000] {spark_submit.py:524} INFO - 24/10/24 01:38:07 INFO SecurityManager: SecurityManager: authentication disabled; ui acls disabled; users with view permissions: ***; groups with view permissions: EMPTY; users with modify permissions: ***; groups with modify permissions: EMPTY
[2024-10-24T01:38:08.377+0000] {spark_submit.py:524} INFO - 24/10/24 01:38:08 INFO Utils: Successfully started service 'sparkDriver' on port 43461.
[2024-10-24T01:38:08.416+0000] {spark_submit.py:524} INFO - 24/10/24 01:38:08 INFO SparkEnv: Registering MapOutputTracker
[2024-10-24T01:38:08.470+0000] {spark_submit.py:524} INFO - 24/10/24 01:38:08 INFO SparkEnv: Registering BlockManagerMaster
[2024-10-24T01:38:08.506+0000] {spark_submit.py:524} INFO - 24/10/24 01:38:08 INFO BlockManagerMasterEndpoint: Using org.apache.spark.storage.DefaultTopologyMapper for getting topology information
[2024-10-24T01:38:08.508+0000] {spark_submit.py:524} INFO - 24/10/24 01:38:08 INFO BlockManagerMasterEndpoint: BlockManagerMasterEndpoint up
[2024-10-24T01:38:08.514+0000] {spark_submit.py:524} INFO - 24/10/24 01:38:08 INFO SparkEnv: Registering BlockManagerMasterHeartbeat
[2024-10-24T01:38:08.548+0000] {spark_submit.py:524} INFO - 24/10/24 01:38:08 INFO DiskBlockManager: Created local directory at /tmp/blockmgr-cf971985-0d25-4ee1-abb9-dd6e787ecc8d
[2024-10-24T01:38:08.575+0000] {spark_submit.py:524} INFO - 24/10/24 01:38:08 INFO MemoryStore: MemoryStore started with capacity 434.4 MiB
[2024-10-24T01:38:08.599+0000] {spark_submit.py:524} INFO - 24/10/24 01:38:08 INFO SparkEnv: Registering OutputCommitCoordinator
[2024-10-24T01:38:08.853+0000] {spark_submit.py:524} INFO - 24/10/24 01:38:08 INFO JettyUtils: Start Jetty 0.0.0.0:4040 for SparkUI
[2024-10-24T01:38:08.921+0000] {spark_submit.py:524} INFO - 24/10/24 01:38:08 WARN Utils: Service 'SparkUI' could not bind on port 4040. Attempting port 4041.
[2024-10-24T01:38:08.932+0000] {spark_submit.py:524} INFO - 24/10/24 01:38:08 INFO Utils: Successfully started service 'SparkUI' on port 4041.
[2024-10-24T01:38:09.158+0000] {spark_submit.py:524} INFO - 24/10/24 01:38:09 INFO StandaloneAppClient$ClientEndpoint: Connecting to master spark://spark-master:7077...
[2024-10-24T01:38:09.290+0000] {spark_submit.py:524} INFO - 24/10/24 01:38:09 INFO TransportClientFactory: Successfully created connection to spark-master/172.22.0.2:7077 after 66 ms (0 ms spent in bootstraps)
[2024-10-24T01:38:09.487+0000] {spark_submit.py:524} INFO - 24/10/24 01:38:09 INFO StandaloneSchedulerBackend: Connected to Spark cluster with app ID app-20241024013809-0011
[2024-10-24T01:38:09.507+0000] {spark_submit.py:524} INFO - 24/10/24 01:38:09 INFO Utils: Successfully started service 'org.apache.spark.network.netty.NettyBlockTransferService' on port 44393.
[2024-10-24T01:38:09.508+0000] {spark_submit.py:524} INFO - 24/10/24 01:38:09 INFO NettyBlockTransferService: Server created on de5108c6da1d:44393
[2024-10-24T01:38:09.511+0000] {spark_submit.py:524} INFO - 24/10/24 01:38:09 INFO BlockManager: Using org.apache.spark.storage.RandomBlockReplicationPolicy for block replication policy
[2024-10-24T01:38:09.533+0000] {spark_submit.py:524} INFO - 24/10/24 01:38:09 INFO BlockManagerMaster: Registering BlockManager BlockManagerId(driver, de5108c6da1d, 44393, None)
[2024-10-24T01:38:09.543+0000] {spark_submit.py:524} INFO - 24/10/24 01:38:09 INFO BlockManagerMasterEndpoint: Registering block manager de5108c6da1d:44393 with 434.4 MiB RAM, BlockManagerId(driver, de5108c6da1d, 44393, None)
[2024-10-24T01:38:09.549+0000] {spark_submit.py:524} INFO - 24/10/24 01:38:09 INFO BlockManagerMaster: Registered BlockManager BlockManagerId(driver, de5108c6da1d, 44393, None)
[2024-10-24T01:38:09.552+0000] {spark_submit.py:524} INFO - 24/10/24 01:38:09 INFO BlockManager: Initialized BlockManager: BlockManagerId(driver, de5108c6da1d, 44393, None)
[2024-10-24T01:38:10.023+0000] {spark_submit.py:524} INFO - 24/10/24 01:38:10 INFO StandaloneSchedulerBackend: SchedulerBackend is ready for scheduling beginning after reached minRegisteredResourcesRatio: 0.0
[2024-10-24T01:38:10.409+0000] {spark_submit.py:524} INFO - Hello from Spark!
[2024-10-24T01:38:10.411+0000] {spark_submit.py:524} INFO - 24/10/24 01:38:10 INFO SparkContext: SparkContext is stopping with exitCode 0.
[2024-10-24T01:38:10.432+0000] {spark_submit.py:524} INFO - 24/10/24 01:38:10 INFO SparkUI: Stopped Spark web UI at http://de5108c6da1d:4041
[2024-10-24T01:38:10.468+0000] {spark_submit.py:524} INFO - 24/10/24 01:38:10 INFO StandaloneAppClient$ClientEndpoint: Executor added: app-20241024013809-0011/0 on worker-20241024013655-172.22.0.4-42143 (172.22.0.4:42143) with 2 core(s)
[2024-10-24T01:38:10.473+0000] {spark_submit.py:524} INFO - 24/10/24 01:38:10 INFO StandaloneSchedulerBackend: Granted executor ID app-20241024013809-0011/0 on hostPort 172.22.0.4:42143 with 2 core(s), 1024.0 MiB RAM
[2024-10-24T01:38:10.475+0000] {spark_submit.py:524} INFO - 24/10/24 01:38:10 INFO StandaloneSchedulerBackend: Shutting down all executors
[2024-10-24T01:38:10.483+0000] {spark_submit.py:524} INFO - 24/10/24 01:38:10 INFO StandaloneSchedulerBackend$StandaloneDriverEndpoint: Asking each executor to shut down
[2024-10-24T01:38:10.586+0000] {spark_submit.py:524} INFO - 24/10/24 01:38:10 INFO MapOutputTrackerMasterEndpoint: MapOutputTrackerMasterEndpoint stopped!
[2024-10-24T01:38:10.671+0000] {spark_submit.py:524} INFO - 24/10/24 01:38:10 WARN Dispatcher: Message RequestMessage(172.22.0.2:7077, NettyRpcEndpointRef(spark://AppClient@de5108c6da1d:43461), ExecutorUpdated(0,RUNNING,None,None,None)) dropped due to sparkEnv is stopped. Could not find AppClient.
[2024-10-24T01:38:10.691+0000] {spark_submit.py:524} INFO - 24/10/24 01:38:10 INFO MemoryStore: MemoryStore cleared
[2024-10-24T01:38:10.692+0000] {spark_submit.py:524} INFO - 24/10/24 01:38:10 INFO BlockManager: BlockManager stopped
[2024-10-24T01:38:10.703+0000] {spark_submit.py:524} INFO - 24/10/24 01:38:10 INFO BlockManagerMaster: BlockManagerMaster stopped
[2024-10-24T01:38:10.706+0000] {spark_submit.py:524} INFO - 24/10/24 01:38:10 INFO OutputCommitCoordinator$OutputCommitCoordinatorEndpoint: OutputCommitCoordinator stopped!
[2024-10-24T01:38:10.721+0000] {spark_submit.py:524} INFO - 24/10/24 01:38:10 INFO SparkContext: Successfully stopped SparkContext
[2024-10-24T01:38:11.139+0000] {spark_submit.py:524} INFO - 24/10/24 01:38:11 INFO ShutdownHookManager: Shutdown hook called
[2024-10-24T01:38:11.141+0000] {spark_submit.py:524} INFO - 24/10/24 01:38:11 INFO ShutdownHookManager: Deleting directory /tmp/spark-f92ea44d-861e-43fc-85c4-392f59f486d5
[2024-10-24T01:38:11.145+0000] {spark_submit.py:524} INFO - 24/10/24 01:38:11 INFO ShutdownHookManager: Deleting directory /tmp/spark-096bc74a-c934-49e9-8345-390b42fdb0ab
[2024-10-24T01:38:11.149+0000] {spark_submit.py:524} INFO - 24/10/24 01:38:11 INFO ShutdownHookManager: Deleting directory /tmp/spark-096bc74a-c934-49e9-8345-390b42fdb0ab/pyspark-5069d9d1-b81f-495e-bb2f-91e094dc17cf
[2024-10-24T01:38:11.228+0000] {taskinstance.py:1398} INFO - Marking task as SUCCESS. dag_id=api_openbrewerydb_to_silver_gold, task_id=Gold, execution_date=20231216T080000, start_date=20241024T013801, end_date=20241024T013811
[2024-10-24T01:38:11.276+0000] {local_task_job_runner.py:228} INFO - Task exited with return code 0
[2024-10-24T01:38:11.294+0000] {taskinstance.py:2776} INFO - 0 downstream tasks scheduled from follow-on schedule check
