[2024-10-24T01:20:24.628+0000] {taskinstance.py:1157} INFO - Dependencies all met for dep_context=non-requeueable deps ti=<TaskInstance: api_openbrewerydb_to_silver_gold.Silver scheduled__2023-11-17T08:00:00+00:00 [queued]>
[2024-10-24T01:20:24.641+0000] {taskinstance.py:1157} INFO - Dependencies all met for dep_context=requeueable deps ti=<TaskInstance: api_openbrewerydb_to_silver_gold.Silver scheduled__2023-11-17T08:00:00+00:00 [queued]>
[2024-10-24T01:20:24.641+0000] {taskinstance.py:1359} INFO - Starting attempt 1 of 3
[2024-10-24T01:20:24.668+0000] {taskinstance.py:1380} INFO - Executing <Task(SparkSubmitOperator): Silver> on 2023-11-17 08:00:00+00:00
[2024-10-24T01:20:24.675+0000] {standard_task_runner.py:57} INFO - Started process 4896 to run task
[2024-10-24T01:20:24.679+0000] {standard_task_runner.py:84} INFO - Running: ['***', 'tasks', 'run', 'api_openbrewerydb_to_silver_gold', 'Silver', 'scheduled__2023-11-17T08:00:00+00:00', '--job-id', '94', '--raw', '--subdir', 'DAGS_FOLDER/api_openbrewerydb_to_silver.py', '--cfg-path', '/tmp/tmpazmys0ec']
[2024-10-24T01:20:24.686+0000] {standard_task_runner.py:85} INFO - Job 94: Subtask Silver
[2024-10-24T01:20:24.784+0000] {task_command.py:415} INFO - Running <TaskInstance: api_openbrewerydb_to_silver_gold.Silver scheduled__2023-11-17T08:00:00+00:00 [running]> on host de5108c6da1d
[2024-10-24T01:20:25.007+0000] {taskinstance.py:1660} INFO - Exporting env vars: AIRFLOW_CTX_DAG_OWNER='Rodrigo Araujo' AIRFLOW_CTX_DAG_ID='api_openbrewerydb_to_silver_gold' AIRFLOW_CTX_TASK_ID='Silver' AIRFLOW_CTX_EXECUTION_DATE='2023-11-17T08:00:00+00:00' AIRFLOW_CTX_TRY_NUMBER='1' AIRFLOW_CTX_DAG_RUN_ID='scheduled__2023-11-17T08:00:00+00:00'
[2024-10-24T01:20:25.037+0000] {base.py:73} INFO - Using connection ID 'spark-conn' for task execution.
[2024-10-24T01:20:25.039+0000] {spark_submit.py:363} INFO - Spark-Submit cmd: spark-submit --master spark://spark-master:7077 --name arrow-spark --queue root.default jobs/silver/api_openbrewerydb.py
[2024-10-24T01:20:33.332+0000] {spark_submit.py:524} INFO - 24/10/24 01:20:33 INFO SparkContext: Running Spark version 3.5.3
[2024-10-24T01:20:33.336+0000] {spark_submit.py:524} INFO - 24/10/24 01:20:33 INFO SparkContext: OS info Linux, 5.15.0-124-generic, amd64
[2024-10-24T01:20:33.337+0000] {spark_submit.py:524} INFO - 24/10/24 01:20:33 INFO SparkContext: Java version 11.0.25
[2024-10-24T01:20:33.483+0000] {spark_submit.py:524} INFO - 24/10/24 01:20:33 WARN NativeCodeLoader: Unable to load native-hadoop library for your platform... using builtin-java classes where applicable
[2024-10-24T01:20:33.701+0000] {spark_submit.py:524} INFO - 24/10/24 01:20:33 INFO ResourceUtils: ==============================================================
[2024-10-24T01:20:33.702+0000] {spark_submit.py:524} INFO - 24/10/24 01:20:33 INFO ResourceUtils: No custom resources configured for spark.driver.
[2024-10-24T01:20:33.703+0000] {spark_submit.py:524} INFO - 24/10/24 01:20:33 INFO ResourceUtils: ==============================================================
[2024-10-24T01:20:33.705+0000] {spark_submit.py:524} INFO - 24/10/24 01:20:33 INFO SparkContext: Submitted application: IngestaoSilver
[2024-10-24T01:20:33.790+0000] {spark_submit.py:524} INFO - 24/10/24 01:20:33 INFO ResourceProfile: Default ResourceProfile created, executor resources: Map(memory -> name: memory, amount: 1024, script: , vendor: , offHeap -> name: offHeap, amount: 0, script: , vendor: ), task resources: Map(cpus -> name: cpus, amount: 1.0)
[2024-10-24T01:20:33.839+0000] {spark_submit.py:524} INFO - 24/10/24 01:20:33 INFO ResourceProfile: Limiting resource is cpu
[2024-10-24T01:20:33.841+0000] {spark_submit.py:524} INFO - 24/10/24 01:20:33 INFO ResourceProfileManager: Added ResourceProfile id: 0
[2024-10-24T01:20:33.990+0000] {spark_submit.py:524} INFO - 24/10/24 01:20:33 INFO SecurityManager: Changing view acls to: ***
[2024-10-24T01:20:33.992+0000] {spark_submit.py:524} INFO - 24/10/24 01:20:33 INFO SecurityManager: Changing modify acls to: ***
[2024-10-24T01:20:33.993+0000] {spark_submit.py:524} INFO - 24/10/24 01:20:33 INFO SecurityManager: Changing view acls groups to:
[2024-10-24T01:20:33.995+0000] {spark_submit.py:524} INFO - 24/10/24 01:20:33 INFO SecurityManager: Changing modify acls groups to:
[2024-10-24T01:20:33.996+0000] {spark_submit.py:524} INFO - 24/10/24 01:20:33 INFO SecurityManager: SecurityManager: authentication disabled; ui acls disabled; users with view permissions: ***; groups with view permissions: EMPTY; users with modify permissions: ***; groups with modify permissions: EMPTY
[2024-10-24T01:20:34.582+0000] {spark_submit.py:524} INFO - 24/10/24 01:20:34 INFO Utils: Successfully started service 'sparkDriver' on port 46511.
[2024-10-24T01:20:34.654+0000] {spark_submit.py:524} INFO - 24/10/24 01:20:34 INFO SparkEnv: Registering MapOutputTracker
[2024-10-24T01:20:34.739+0000] {spark_submit.py:524} INFO - 24/10/24 01:20:34 INFO SparkEnv: Registering BlockManagerMaster
[2024-10-24T01:20:34.801+0000] {spark_submit.py:524} INFO - 24/10/24 01:20:34 INFO BlockManagerMasterEndpoint: Using org.apache.spark.storage.DefaultTopologyMapper for getting topology information
[2024-10-24T01:20:34.803+0000] {spark_submit.py:524} INFO - 24/10/24 01:20:34 INFO BlockManagerMasterEndpoint: BlockManagerMasterEndpoint up
[2024-10-24T01:20:34.811+0000] {spark_submit.py:524} INFO - 24/10/24 01:20:34 INFO SparkEnv: Registering BlockManagerMasterHeartbeat
[2024-10-24T01:20:34.871+0000] {spark_submit.py:524} INFO - 24/10/24 01:20:34 INFO DiskBlockManager: Created local directory at /tmp/blockmgr-d9184047-83b3-447d-9f5c-a7536a0b74aa
[2024-10-24T01:20:34.910+0000] {spark_submit.py:524} INFO - 24/10/24 01:20:34 INFO MemoryStore: MemoryStore started with capacity 434.4 MiB
[2024-10-24T01:20:34.957+0000] {spark_submit.py:524} INFO - 24/10/24 01:20:34 INFO SparkEnv: Registering OutputCommitCoordinator
[2024-10-24T01:20:35.266+0000] {spark_submit.py:524} INFO - 24/10/24 01:20:35 INFO JettyUtils: Start Jetty 0.0.0.0:4040 for SparkUI
[2024-10-24T01:20:35.391+0000] {spark_submit.py:524} INFO - 24/10/24 01:20:35 INFO Utils: Successfully started service 'SparkUI' on port 4040.
[2024-10-24T01:20:35.628+0000] {spark_submit.py:524} INFO - 24/10/24 01:20:35 INFO StandaloneAppClient$ClientEndpoint: Connecting to master spark://spark-master:7077...
[2024-10-24T01:20:35.724+0000] {spark_submit.py:524} INFO - 24/10/24 01:20:35 INFO TransportClientFactory: Successfully created connection to spark-master/172.22.0.3:7077 after 54 ms (0 ms spent in bootstraps)
[2024-10-24T01:20:35.920+0000] {spark_submit.py:524} INFO - 24/10/24 01:20:35 INFO StandaloneSchedulerBackend: Connected to Spark cluster with app ID app-20241024012035-0025
[2024-10-24T01:20:35.930+0000] {spark_submit.py:524} INFO - 24/10/24 01:20:35 INFO StandaloneAppClient$ClientEndpoint: Executor added: app-20241024012035-0025/0 on worker-20241024010948-172.22.0.4-41535 (172.22.0.4:41535) with 2 core(s)
[2024-10-24T01:20:35.934+0000] {spark_submit.py:524} INFO - 24/10/24 01:20:35 INFO StandaloneSchedulerBackend: Granted executor ID app-20241024012035-0025/0 on hostPort 172.22.0.4:41535 with 2 core(s), 1024.0 MiB RAM
[2024-10-24T01:20:35.951+0000] {spark_submit.py:524} INFO - 24/10/24 01:20:35 INFO Utils: Successfully started service 'org.apache.spark.network.netty.NettyBlockTransferService' on port 34973.
[2024-10-24T01:20:35.952+0000] {spark_submit.py:524} INFO - 24/10/24 01:20:35 INFO NettyBlockTransferService: Server created on de5108c6da1d:34973
[2024-10-24T01:20:35.960+0000] {spark_submit.py:524} INFO - 24/10/24 01:20:35 INFO BlockManager: Using org.apache.spark.storage.RandomBlockReplicationPolicy for block replication policy
[2024-10-24T01:20:35.984+0000] {spark_submit.py:524} INFO - 24/10/24 01:20:35 INFO BlockManagerMaster: Registering BlockManager BlockManagerId(driver, de5108c6da1d, 34973, None)
[2024-10-24T01:20:35.992+0000] {spark_submit.py:524} INFO - 24/10/24 01:20:35 INFO BlockManagerMasterEndpoint: Registering block manager de5108c6da1d:34973 with 434.4 MiB RAM, BlockManagerId(driver, de5108c6da1d, 34973, None)
[2024-10-24T01:20:36.009+0000] {spark_submit.py:524} INFO - 24/10/24 01:20:36 INFO StandaloneAppClient$ClientEndpoint: Executor updated: app-20241024012035-0025/0 is now RUNNING
[2024-10-24T01:20:36.011+0000] {spark_submit.py:524} INFO - 24/10/24 01:20:36 INFO BlockManagerMaster: Registered BlockManager BlockManagerId(driver, de5108c6da1d, 34973, None)
[2024-10-24T01:20:36.013+0000] {spark_submit.py:524} INFO - 24/10/24 01:20:36 INFO BlockManager: Initialized BlockManager: BlockManagerId(driver, de5108c6da1d, 34973, None)
[2024-10-24T01:20:36.510+0000] {spark_submit.py:524} INFO - 24/10/24 01:20:36 INFO StandaloneSchedulerBackend: SchedulerBackend is ready for scheduling beginning after reached minRegisteredResourcesRatio: 0.0
[2024-10-24T01:20:37.017+0000] {spark_submit.py:524} INFO - Hello from Spark!
[2024-10-24T01:20:37.020+0000] {spark_submit.py:524} INFO - 24/10/24 01:20:37 INFO SparkContext: SparkContext is stopping with exitCode 0.
[2024-10-24T01:20:37.048+0000] {spark_submit.py:524} INFO - 24/10/24 01:20:37 INFO SparkUI: Stopped Spark web UI at http://de5108c6da1d:4040
[2024-10-24T01:20:37.064+0000] {spark_submit.py:524} INFO - 24/10/24 01:20:37 INFO StandaloneSchedulerBackend: Shutting down all executors
[2024-10-24T01:20:37.077+0000] {spark_submit.py:524} INFO - 24/10/24 01:20:37 INFO StandaloneSchedulerBackend$StandaloneDriverEndpoint: Asking each executor to shut down
[2024-10-24T01:20:37.141+0000] {spark_submit.py:524} INFO - 24/10/24 01:20:37 INFO MapOutputTrackerMasterEndpoint: MapOutputTrackerMasterEndpoint stopped!
[2024-10-24T01:20:37.195+0000] {spark_submit.py:524} INFO - 24/10/24 01:20:37 INFO MemoryStore: MemoryStore cleared
[2024-10-24T01:20:37.195+0000] {spark_submit.py:524} INFO - 24/10/24 01:20:37 INFO BlockManager: BlockManager stopped
[2024-10-24T01:20:37.217+0000] {spark_submit.py:524} INFO - 24/10/24 01:20:37 INFO BlockManagerMaster: BlockManagerMaster stopped
[2024-10-24T01:20:37.222+0000] {spark_submit.py:524} INFO - 24/10/24 01:20:37 INFO OutputCommitCoordinator$OutputCommitCoordinatorEndpoint: OutputCommitCoordinator stopped!
[2024-10-24T01:20:37.239+0000] {spark_submit.py:524} INFO - 24/10/24 01:20:37 INFO SparkContext: Successfully stopped SparkContext
[2024-10-24T01:20:37.738+0000] {spark_submit.py:524} INFO - 24/10/24 01:20:37 INFO ShutdownHookManager: Shutdown hook called
[2024-10-24T01:20:37.740+0000] {spark_submit.py:524} INFO - 24/10/24 01:20:37 INFO ShutdownHookManager: Deleting directory /tmp/spark-bdae1be5-2d6f-4429-878f-25a53f441d39
[2024-10-24T01:20:37.748+0000] {spark_submit.py:524} INFO - 24/10/24 01:20:37 INFO ShutdownHookManager: Deleting directory /tmp/spark-344ac090-c6c1-4739-92d5-18f65e7e25af
[2024-10-24T01:20:37.757+0000] {spark_submit.py:524} INFO - 24/10/24 01:20:37 INFO ShutdownHookManager: Deleting directory /tmp/spark-344ac090-c6c1-4739-92d5-18f65e7e25af/pyspark-b4257dc2-335f-4a0a-af58-84d392d9a11b
[2024-10-24T01:20:37.883+0000] {taskinstance.py:1398} INFO - Marking task as SUCCESS. dag_id=api_openbrewerydb_to_silver_gold, task_id=Silver, execution_date=20231117T080000, start_date=20241024T012024, end_date=20241024T012037
[2024-10-24T01:20:37.924+0000] {local_task_job_runner.py:228} INFO - Task exited with return code 0
[2024-10-24T01:20:37.961+0000] {taskinstance.py:2776} INFO - 1 downstream tasks scheduled from follow-on schedule check
[2024-10-24T14:32:05.270+0000] {logging_mixin.py:151} INFO - Changing /opt/***/logs/dag_id=api_openbrewerydb_to_silver_gold/run_id=scheduled__2023-11-17T08:00:00+00:00/task_id=Silver permission to 509
[2024-10-24T14:32:05.278+0000] {logging_mixin.py:151} INFO - Failed to change /opt/***/logs/dag_id=api_openbrewerydb_to_silver_gold/run_id=scheduled__2023-11-17T08:00:00+00:00/task_id=Silver permission to 509: [Errno 1] Operation not permitted: '/opt/***/logs/dag_id=api_openbrewerydb_to_silver_gold/run_id=scheduled__2023-11-17T08:00:00+00:00/task_id=Silver'
[2024-10-24T14:32:05.306+0000] {logging_mixin.py:151} INFO - Changing /opt/***/logs/dag_id=api_openbrewerydb_to_silver_gold/run_id=scheduled__2023-11-17T08:00:00+00:00/task_id=Silver permission to 509
[2024-10-24T14:32:05.307+0000] {logging_mixin.py:151} INFO - Failed to change /opt/***/logs/dag_id=api_openbrewerydb_to_silver_gold/run_id=scheduled__2023-11-17T08:00:00+00:00/task_id=Silver permission to 509: [Errno 1] Operation not permitted: '/opt/***/logs/dag_id=api_openbrewerydb_to_silver_gold/run_id=scheduled__2023-11-17T08:00:00+00:00/task_id=Silver'
[2024-10-24T14:32:05.336+0000] {taskinstance.py:1157} INFO - Dependencies all met for dep_context=non-requeueable deps ti=<TaskInstance: api_openbrewerydb_to_silver_gold.Silver scheduled__2023-11-17T08:00:00+00:00 [queued]>
[2024-10-24T14:32:05.342+0000] {taskinstance.py:1157} INFO - Dependencies all met for dep_context=requeueable deps ti=<TaskInstance: api_openbrewerydb_to_silver_gold.Silver scheduled__2023-11-17T08:00:00+00:00 [queued]>
[2024-10-24T14:32:05.342+0000] {taskinstance.py:1359} INFO - Starting attempt 1 of 2
[2024-10-24T14:32:05.352+0000] {taskinstance.py:1380} INFO - Executing <Task(SparkSubmitOperator): Silver> on 2023-11-17 08:00:00+00:00
[2024-10-24T14:32:05.357+0000] {standard_task_runner.py:57} INFO - Started process 8835 to run task
[2024-10-24T14:32:05.359+0000] {standard_task_runner.py:84} INFO - Running: ['***', 'tasks', 'run', 'api_openbrewerydb_to_silver_gold', 'Silver', 'scheduled__2023-11-17T08:00:00+00:00', '--job-id', '59', '--raw', '--subdir', 'DAGS_FOLDER/api_openbrewerydb_to_silver.py', '--cfg-path', '/tmp/tmpe9bbyn2p']
[2024-10-24T14:32:05.360+0000] {standard_task_runner.py:85} INFO - Job 59: Subtask Silver
[2024-10-24T14:32:05.407+0000] {logging_mixin.py:151} INFO - Changing /opt/***/logs/dag_id=api_openbrewerydb_to_silver_gold/run_id=scheduled__2023-11-17T08:00:00+00:00/task_id=Silver permission to 509
[2024-10-24T14:32:05.408+0000] {logging_mixin.py:151} INFO - Failed to change /opt/***/logs/dag_id=api_openbrewerydb_to_silver_gold/run_id=scheduled__2023-11-17T08:00:00+00:00/task_id=Silver permission to 509: [Errno 1] Operation not permitted: '/opt/***/logs/dag_id=api_openbrewerydb_to_silver_gold/run_id=scheduled__2023-11-17T08:00:00+00:00/task_id=Silver'
[2024-10-24T14:32:05.408+0000] {task_command.py:415} INFO - Running <TaskInstance: api_openbrewerydb_to_silver_gold.Silver scheduled__2023-11-17T08:00:00+00:00 [running]> on host 96f89615839b
[2024-10-24T14:32:05.486+0000] {taskinstance.py:1660} INFO - Exporting env vars: AIRFLOW_CTX_DAG_OWNER='Rodrigo Araujo' AIRFLOW_CTX_DAG_ID='api_openbrewerydb_to_silver_gold' AIRFLOW_CTX_TASK_ID='Silver' AIRFLOW_CTX_EXECUTION_DATE='2023-11-17T08:00:00+00:00' AIRFLOW_CTX_TRY_NUMBER='1' AIRFLOW_CTX_DAG_RUN_ID='scheduled__2023-11-17T08:00:00+00:00'
[2024-10-24T14:32:05.497+0000] {base.py:73} INFO - Using connection ID 'spark-conn' for task execution.
[2024-10-24T14:32:05.498+0000] {spark_submit.py:363} INFO - Spark-Submit cmd: spark-submit --master spark://spark-master:7077 --name arrow-spark jobs/silver/api_openbrewerydb.py
[2024-10-24T14:32:08.237+0000] {spark_submit.py:524} INFO - 24/10/24 14:32:08 INFO SparkContext: Running Spark version 3.5.3
[2024-10-24T14:32:08.239+0000] {spark_submit.py:524} INFO - 24/10/24 14:32:08 INFO SparkContext: OS info Linux, 5.15.0-124-generic, amd64
[2024-10-24T14:32:08.240+0000] {spark_submit.py:524} INFO - 24/10/24 14:32:08 INFO SparkContext: Java version 11.0.25
[2024-10-24T14:32:08.295+0000] {spark_submit.py:524} INFO - 24/10/24 14:32:08 WARN NativeCodeLoader: Unable to load native-hadoop library for your platform... using builtin-java classes where applicable
[2024-10-24T14:32:08.375+0000] {spark_submit.py:524} INFO - 24/10/24 14:32:08 INFO ResourceUtils: ==============================================================
[2024-10-24T14:32:08.376+0000] {spark_submit.py:524} INFO - 24/10/24 14:32:08 INFO ResourceUtils: No custom resources configured for spark.driver.
[2024-10-24T14:32:08.376+0000] {spark_submit.py:524} INFO - 24/10/24 14:32:08 INFO ResourceUtils: ==============================================================
[2024-10-24T14:32:08.376+0000] {spark_submit.py:524} INFO - 24/10/24 14:32:08 INFO SparkContext: Submitted application: IngestaoSilver
[2024-10-24T14:32:08.396+0000] {spark_submit.py:524} INFO - 24/10/24 14:32:08 INFO ResourceProfile: Default ResourceProfile created, executor resources: Map(memory -> name: memory, amount: 1024, script: , vendor: , offHeap -> name: offHeap, amount: 0, script: , vendor: ), task resources: Map(cpus -> name: cpus, amount: 1.0)
[2024-10-24T14:32:08.409+0000] {spark_submit.py:524} INFO - 24/10/24 14:32:08 INFO ResourceProfile: Limiting resource is cpu
[2024-10-24T14:32:08.410+0000] {spark_submit.py:524} INFO - 24/10/24 14:32:08 INFO ResourceProfileManager: Added ResourceProfile id: 0
[2024-10-24T14:32:08.454+0000] {spark_submit.py:524} INFO - 24/10/24 14:32:08 INFO SecurityManager: Changing view acls to: ***
[2024-10-24T14:32:08.454+0000] {spark_submit.py:524} INFO - 24/10/24 14:32:08 INFO SecurityManager: Changing modify acls to: ***
[2024-10-24T14:32:08.454+0000] {spark_submit.py:524} INFO - 24/10/24 14:32:08 INFO SecurityManager: Changing view acls groups to:
[2024-10-24T14:32:08.455+0000] {spark_submit.py:524} INFO - 24/10/24 14:32:08 INFO SecurityManager: Changing modify acls groups to:
[2024-10-24T14:32:08.455+0000] {spark_submit.py:524} INFO - 24/10/24 14:32:08 INFO SecurityManager: SecurityManager: authentication disabled; ui acls disabled; users with view permissions: ***; groups with view permissions: EMPTY; users with modify permissions: ***; groups with modify permissions: EMPTY
[2024-10-24T14:32:08.686+0000] {spark_submit.py:524} INFO - 24/10/24 14:32:08 INFO Utils: Successfully started service 'sparkDriver' on port 35455.
[2024-10-24T14:32:08.710+0000] {spark_submit.py:524} INFO - 24/10/24 14:32:08 INFO SparkEnv: Registering MapOutputTracker
[2024-10-24T14:32:08.737+0000] {spark_submit.py:524} INFO - 24/10/24 14:32:08 INFO SparkEnv: Registering BlockManagerMaster
[2024-10-24T14:32:08.756+0000] {spark_submit.py:524} INFO - 24/10/24 14:32:08 INFO BlockManagerMasterEndpoint: Using org.apache.spark.storage.DefaultTopologyMapper for getting topology information
[2024-10-24T14:32:08.757+0000] {spark_submit.py:524} INFO - 24/10/24 14:32:08 INFO BlockManagerMasterEndpoint: BlockManagerMasterEndpoint up
[2024-10-24T14:32:08.760+0000] {spark_submit.py:524} INFO - 24/10/24 14:32:08 INFO SparkEnv: Registering BlockManagerMasterHeartbeat
[2024-10-24T14:32:08.779+0000] {spark_submit.py:524} INFO - 24/10/24 14:32:08 INFO DiskBlockManager: Created local directory at /tmp/blockmgr-b6a91f6c-19be-4c18-a5a1-40beb9bb8c28
[2024-10-24T14:32:08.792+0000] {spark_submit.py:524} INFO - 24/10/24 14:32:08 INFO MemoryStore: MemoryStore started with capacity 434.4 MiB
[2024-10-24T14:32:08.805+0000] {spark_submit.py:524} INFO - 24/10/24 14:32:08 INFO SparkEnv: Registering OutputCommitCoordinator
[2024-10-24T14:32:08.939+0000] {spark_submit.py:524} INFO - 24/10/24 14:32:08 INFO JettyUtils: Start Jetty 0.0.0.0:4040 for SparkUI
[2024-10-24T14:32:08.987+0000] {spark_submit.py:524} INFO - 24/10/24 14:32:08 INFO Utils: Successfully started service 'SparkUI' on port 4040.
[2024-10-24T14:32:09.091+0000] {spark_submit.py:524} INFO - 24/10/24 14:32:09 INFO StandaloneAppClient$ClientEndpoint: Connecting to master spark://spark-master:7077...
[2024-10-24T14:32:09.137+0000] {spark_submit.py:524} INFO - 24/10/24 14:32:09 INFO TransportClientFactory: Successfully created connection to spark-master/172.18.0.2:7077 after 26 ms (0 ms spent in bootstraps)
[2024-10-24T14:32:09.232+0000] {spark_submit.py:524} INFO - 24/10/24 14:32:09 INFO StandaloneSchedulerBackend: Connected to Spark cluster with app ID app-20241024143209-0054
[2024-10-24T14:32:09.235+0000] {spark_submit.py:524} INFO - 24/10/24 14:32:09 INFO StandaloneAppClient$ClientEndpoint: Executor added: app-20241024143209-0054/0 on worker-20241024142308-172.18.0.5-43899 (172.18.0.5:43899) with 2 core(s)
[2024-10-24T14:32:09.237+0000] {spark_submit.py:524} INFO - 24/10/24 14:32:09 INFO StandaloneSchedulerBackend: Granted executor ID app-20241024143209-0054/0 on hostPort 172.18.0.5:43899 with 2 core(s), 1024.0 MiB RAM
[2024-10-24T14:32:09.249+0000] {spark_submit.py:524} INFO - 24/10/24 14:32:09 INFO Utils: Successfully started service 'org.apache.spark.network.netty.NettyBlockTransferService' on port 45837.
[2024-10-24T14:32:09.250+0000] {spark_submit.py:524} INFO - 24/10/24 14:32:09 INFO NettyBlockTransferService: Server created on 96f89615839b:45837
[2024-10-24T14:32:09.253+0000] {spark_submit.py:524} INFO - 24/10/24 14:32:09 INFO BlockManager: Using org.apache.spark.storage.RandomBlockReplicationPolicy for block replication policy
[2024-10-24T14:32:09.267+0000] {spark_submit.py:524} INFO - 24/10/24 14:32:09 INFO BlockManagerMaster: Registering BlockManager BlockManagerId(driver, 96f89615839b, 45837, None)
[2024-10-24T14:32:09.269+0000] {spark_submit.py:524} INFO - 24/10/24 14:32:09 INFO StandaloneAppClient$ClientEndpoint: Executor updated: app-20241024143209-0054/0 is now RUNNING
[2024-10-24T14:32:09.272+0000] {spark_submit.py:524} INFO - 24/10/24 14:32:09 INFO BlockManagerMasterEndpoint: Registering block manager 96f89615839b:45837 with 434.4 MiB RAM, BlockManagerId(driver, 96f89615839b, 45837, None)
[2024-10-24T14:32:09.276+0000] {spark_submit.py:524} INFO - 24/10/24 14:32:09 INFO BlockManagerMaster: Registered BlockManager BlockManagerId(driver, 96f89615839b, 45837, None)
[2024-10-24T14:32:09.278+0000] {spark_submit.py:524} INFO - 24/10/24 14:32:09 INFO BlockManager: Initialized BlockManager: BlockManagerId(driver, 96f89615839b, 45837, None)
[2024-10-24T14:32:09.607+0000] {spark_submit.py:524} INFO - 24/10/24 14:32:09 INFO StandaloneSchedulerBackend: SchedulerBackend is ready for scheduling beginning after reached minRegisteredResourcesRatio: 0.0
[2024-10-24T14:32:09.840+0000] {spark_submit.py:524} INFO - Hello from Spark!
[2024-10-24T14:32:09.841+0000] {spark_submit.py:524} INFO - 24/10/24 14:32:09 INFO SparkContext: SparkContext is stopping with exitCode 0.
[2024-10-24T14:32:09.852+0000] {spark_submit.py:524} INFO - 24/10/24 14:32:09 INFO SparkUI: Stopped Spark web UI at http://96f89615839b:4040
[2024-10-24T14:32:09.858+0000] {spark_submit.py:524} INFO - 24/10/24 14:32:09 INFO StandaloneSchedulerBackend: Shutting down all executors
[2024-10-24T14:32:09.863+0000] {spark_submit.py:524} INFO - 24/10/24 14:32:09 INFO StandaloneSchedulerBackend$StandaloneDriverEndpoint: Asking each executor to shut down
[2024-10-24T14:32:09.884+0000] {spark_submit.py:524} INFO - 24/10/24 14:32:09 INFO MapOutputTrackerMasterEndpoint: MapOutputTrackerMasterEndpoint stopped!
[2024-10-24T14:32:09.896+0000] {spark_submit.py:524} INFO - 24/10/24 14:32:09 INFO MemoryStore: MemoryStore cleared
[2024-10-24T14:32:09.896+0000] {spark_submit.py:524} INFO - 24/10/24 14:32:09 INFO BlockManager: BlockManager stopped
[2024-10-24T14:32:09.904+0000] {spark_submit.py:524} INFO - 24/10/24 14:32:09 INFO BlockManagerMaster: BlockManagerMaster stopped
[2024-10-24T14:32:09.906+0000] {spark_submit.py:524} INFO - 24/10/24 14:32:09 INFO OutputCommitCoordinator$OutputCommitCoordinatorEndpoint: OutputCommitCoordinator stopped!
[2024-10-24T14:32:09.916+0000] {spark_submit.py:524} INFO - 24/10/24 14:32:09 INFO SparkContext: Successfully stopped SparkContext
[2024-10-24T14:32:10.192+0000] {spark_submit.py:524} INFO - 24/10/24 14:32:10 INFO ShutdownHookManager: Shutdown hook called
[2024-10-24T14:32:10.193+0000] {spark_submit.py:524} INFO - 24/10/24 14:32:10 INFO ShutdownHookManager: Deleting directory /tmp/spark-961d416c-3cc8-4d49-8696-caaf04b08ece/pyspark-4d4094f5-329d-45b4-93c3-fc6dcddc622a
[2024-10-24T14:32:10.196+0000] {spark_submit.py:524} INFO - 24/10/24 14:32:10 INFO ShutdownHookManager: Deleting directory /tmp/spark-8b1ead4f-18a6-45a9-9c0c-a305ed478084
[2024-10-24T14:32:10.199+0000] {spark_submit.py:524} INFO - 24/10/24 14:32:10 INFO ShutdownHookManager: Deleting directory /tmp/spark-961d416c-3cc8-4d49-8696-caaf04b08ece
[2024-10-24T14:32:10.274+0000] {taskinstance.py:1398} INFO - Marking task as SUCCESS. dag_id=api_openbrewerydb_to_silver_gold, task_id=Silver, execution_date=20231117T080000, start_date=20241024T143205, end_date=20241024T143210
[2024-10-24T14:32:10.304+0000] {local_task_job_runner.py:228} INFO - Task exited with return code 0
[2024-10-24T14:32:10.341+0000] {taskinstance.py:2776} INFO - 1 downstream tasks scheduled from follow-on schedule check
