[2024-10-24T14:36:32.713+0000] {taskinstance.py:1157} INFO - Dependencies all met for dep_context=non-requeueable deps ti=<TaskInstance: api_openbrewerydb_to_silver_gold.Gold scheduled__2023-12-06T08:00:00+00:00 [queued]>
[2024-10-24T14:36:32.720+0000] {taskinstance.py:1157} INFO - Dependencies all met for dep_context=requeueable deps ti=<TaskInstance: api_openbrewerydb_to_silver_gold.Gold scheduled__2023-12-06T08:00:00+00:00 [queued]>
[2024-10-24T14:36:32.720+0000] {taskinstance.py:1359} INFO - Starting attempt 1 of 2
[2024-10-24T14:36:32.729+0000] {taskinstance.py:1380} INFO - Executing <Task(SparkSubmitOperator): Gold> on 2023-12-06 08:00:00+00:00
[2024-10-24T14:36:32.733+0000] {standard_task_runner.py:57} INFO - Started process 15045 to run task
[2024-10-24T14:36:32.735+0000] {standard_task_runner.py:84} INFO - Running: ['***', 'tasks', 'run', 'api_openbrewerydb_to_silver_gold', 'Gold', 'scheduled__2023-12-06T08:00:00+00:00', '--job-id', '98', '--raw', '--subdir', 'DAGS_FOLDER/api_openbrewerydb_to_silver.py', '--cfg-path', '/tmp/tmp8zwdc_wr']
[2024-10-24T14:36:32.739+0000] {standard_task_runner.py:85} INFO - Job 98: Subtask Gold
[2024-10-24T14:36:32.783+0000] {task_command.py:415} INFO - Running <TaskInstance: api_openbrewerydb_to_silver_gold.Gold scheduled__2023-12-06T08:00:00+00:00 [running]> on host 96f89615839b
[2024-10-24T14:36:32.862+0000] {taskinstance.py:1660} INFO - Exporting env vars: AIRFLOW_CTX_DAG_OWNER='Rodrigo Araujo' AIRFLOW_CTX_DAG_ID='api_openbrewerydb_to_silver_gold' AIRFLOW_CTX_TASK_ID='Gold' AIRFLOW_CTX_EXECUTION_DATE='2023-12-06T08:00:00+00:00' AIRFLOW_CTX_TRY_NUMBER='1' AIRFLOW_CTX_DAG_RUN_ID='scheduled__2023-12-06T08:00:00+00:00'
[2024-10-24T14:36:32.874+0000] {base.py:73} INFO - Using connection ID 'spark-conn' for task execution.
[2024-10-24T14:36:32.875+0000] {spark_submit.py:363} INFO - Spark-Submit cmd: spark-submit --master spark://spark-master:7077 --name arrow-spark jobs/gold/api_openbrewerydb.py
[2024-10-24T14:36:35.693+0000] {spark_submit.py:524} INFO - 24/10/24 14:36:35 INFO SparkContext: Running Spark version 3.5.3
[2024-10-24T14:36:35.694+0000] {spark_submit.py:524} INFO - 24/10/24 14:36:35 INFO SparkContext: OS info Linux, 5.15.0-124-generic, amd64
[2024-10-24T14:36:35.695+0000] {spark_submit.py:524} INFO - 24/10/24 14:36:35 INFO SparkContext: Java version 11.0.25
[2024-10-24T14:36:35.747+0000] {spark_submit.py:524} INFO - 24/10/24 14:36:35 WARN NativeCodeLoader: Unable to load native-hadoop library for your platform... using builtin-java classes where applicable
[2024-10-24T14:36:35.823+0000] {spark_submit.py:524} INFO - 24/10/24 14:36:35 INFO ResourceUtils: ==============================================================
[2024-10-24T14:36:35.823+0000] {spark_submit.py:524} INFO - 24/10/24 14:36:35 INFO ResourceUtils: No custom resources configured for spark.driver.
[2024-10-24T14:36:35.823+0000] {spark_submit.py:524} INFO - 24/10/24 14:36:35 INFO ResourceUtils: ==============================================================
[2024-10-24T14:36:35.824+0000] {spark_submit.py:524} INFO - 24/10/24 14:36:35 INFO SparkContext: Submitted application: IngestaoSilver
[2024-10-24T14:36:35.842+0000] {spark_submit.py:524} INFO - 24/10/24 14:36:35 INFO ResourceProfile: Default ResourceProfile created, executor resources: Map(memory -> name: memory, amount: 1024, script: , vendor: , offHeap -> name: offHeap, amount: 0, script: , vendor: ), task resources: Map(cpus -> name: cpus, amount: 1.0)
[2024-10-24T14:36:35.855+0000] {spark_submit.py:524} INFO - 24/10/24 14:36:35 INFO ResourceProfile: Limiting resource is cpu
[2024-10-24T14:36:35.855+0000] {spark_submit.py:524} INFO - 24/10/24 14:36:35 INFO ResourceProfileManager: Added ResourceProfile id: 0
[2024-10-24T14:36:35.901+0000] {spark_submit.py:524} INFO - 24/10/24 14:36:35 INFO SecurityManager: Changing view acls to: ***
[2024-10-24T14:36:35.901+0000] {spark_submit.py:524} INFO - 24/10/24 14:36:35 INFO SecurityManager: Changing modify acls to: ***
[2024-10-24T14:36:35.902+0000] {spark_submit.py:524} INFO - 24/10/24 14:36:35 INFO SecurityManager: Changing view acls groups to:
[2024-10-24T14:36:35.902+0000] {spark_submit.py:524} INFO - 24/10/24 14:36:35 INFO SecurityManager: Changing modify acls groups to:
[2024-10-24T14:36:35.903+0000] {spark_submit.py:524} INFO - 24/10/24 14:36:35 INFO SecurityManager: SecurityManager: authentication disabled; ui acls disabled; users with view permissions: ***; groups with view permissions: EMPTY; users with modify permissions: ***; groups with modify permissions: EMPTY
[2024-10-24T14:36:36.117+0000] {spark_submit.py:524} INFO - 24/10/24 14:36:36 INFO Utils: Successfully started service 'sparkDriver' on port 46379.
[2024-10-24T14:36:36.142+0000] {spark_submit.py:524} INFO - 24/10/24 14:36:36 INFO SparkEnv: Registering MapOutputTracker
[2024-10-24T14:36:36.171+0000] {spark_submit.py:524} INFO - 24/10/24 14:36:36 INFO SparkEnv: Registering BlockManagerMaster
[2024-10-24T14:36:36.190+0000] {spark_submit.py:524} INFO - 24/10/24 14:36:36 INFO BlockManagerMasterEndpoint: Using org.apache.spark.storage.DefaultTopologyMapper for getting topology information
[2024-10-24T14:36:36.190+0000] {spark_submit.py:524} INFO - 24/10/24 14:36:36 INFO BlockManagerMasterEndpoint: BlockManagerMasterEndpoint up
[2024-10-24T14:36:36.194+0000] {spark_submit.py:524} INFO - 24/10/24 14:36:36 INFO SparkEnv: Registering BlockManagerMasterHeartbeat
[2024-10-24T14:36:36.212+0000] {spark_submit.py:524} INFO - 24/10/24 14:36:36 INFO DiskBlockManager: Created local directory at /tmp/blockmgr-cb25fb93-c1ad-4568-92fa-45689e1ed997
[2024-10-24T14:36:36.225+0000] {spark_submit.py:524} INFO - 24/10/24 14:36:36 INFO MemoryStore: MemoryStore started with capacity 434.4 MiB
[2024-10-24T14:36:36.238+0000] {spark_submit.py:524} INFO - 24/10/24 14:36:36 INFO SparkEnv: Registering OutputCommitCoordinator
[2024-10-24T14:36:36.366+0000] {spark_submit.py:524} INFO - 24/10/24 14:36:36 INFO JettyUtils: Start Jetty 0.0.0.0:4040 for SparkUI
[2024-10-24T14:36:36.412+0000] {spark_submit.py:524} INFO - 24/10/24 14:36:36 INFO Utils: Successfully started service 'SparkUI' on port 4040.
[2024-10-24T14:36:36.515+0000] {spark_submit.py:524} INFO - 24/10/24 14:36:36 INFO StandaloneAppClient$ClientEndpoint: Connecting to master spark://spark-master:7077...
[2024-10-24T14:36:36.559+0000] {spark_submit.py:524} INFO - 24/10/24 14:36:36 INFO TransportClientFactory: Successfully created connection to spark-master/172.18.0.2:7077 after 26 ms (0 ms spent in bootstraps)
[2024-10-24T14:36:36.650+0000] {spark_submit.py:524} INFO - 24/10/24 14:36:36 INFO StandaloneSchedulerBackend: Connected to Spark cluster with app ID app-20241024143636-0093
[2024-10-24T14:36:36.653+0000] {spark_submit.py:524} INFO - 24/10/24 14:36:36 INFO StandaloneAppClient$ClientEndpoint: Executor added: app-20241024143636-0093/0 on worker-20241024142308-172.18.0.5-43899 (172.18.0.5:43899) with 2 core(s)
[2024-10-24T14:36:36.655+0000] {spark_submit.py:524} INFO - 24/10/24 14:36:36 INFO StandaloneSchedulerBackend: Granted executor ID app-20241024143636-0093/0 on hostPort 172.18.0.5:43899 with 2 core(s), 1024.0 MiB RAM
[2024-10-24T14:36:36.662+0000] {spark_submit.py:524} INFO - 24/10/24 14:36:36 INFO Utils: Successfully started service 'org.apache.spark.network.netty.NettyBlockTransferService' on port 40847.
[2024-10-24T14:36:36.662+0000] {spark_submit.py:524} INFO - 24/10/24 14:36:36 INFO NettyBlockTransferService: Server created on 96f89615839b:40847
[2024-10-24T14:36:36.665+0000] {spark_submit.py:524} INFO - 24/10/24 14:36:36 INFO BlockManager: Using org.apache.spark.storage.RandomBlockReplicationPolicy for block replication policy
[2024-10-24T14:36:36.675+0000] {spark_submit.py:524} INFO - 24/10/24 14:36:36 INFO BlockManagerMaster: Registering BlockManager BlockManagerId(driver, 96f89615839b, 40847, None)
[2024-10-24T14:36:36.679+0000] {spark_submit.py:524} INFO - 24/10/24 14:36:36 INFO BlockManagerMasterEndpoint: Registering block manager 96f89615839b:40847 with 434.4 MiB RAM, BlockManagerId(driver, 96f89615839b, 40847, None)
[2024-10-24T14:36:36.683+0000] {spark_submit.py:524} INFO - 24/10/24 14:36:36 INFO BlockManagerMaster: Registered BlockManager BlockManagerId(driver, 96f89615839b, 40847, None)
[2024-10-24T14:36:36.684+0000] {spark_submit.py:524} INFO - 24/10/24 14:36:36 INFO BlockManager: Initialized BlockManager: BlockManagerId(driver, 96f89615839b, 40847, None)
[2024-10-24T14:36:36.685+0000] {spark_submit.py:524} INFO - 24/10/24 14:36:36 INFO StandaloneAppClient$ClientEndpoint: Executor updated: app-20241024143636-0093/0 is now RUNNING
[2024-10-24T14:36:37.021+0000] {spark_submit.py:524} INFO - 24/10/24 14:36:37 INFO StandaloneSchedulerBackend: SchedulerBackend is ready for scheduling beginning after reached minRegisteredResourcesRatio: 0.0
[2024-10-24T14:36:37.250+0000] {spark_submit.py:524} INFO - Hello from Spark!
[2024-10-24T14:36:37.251+0000] {spark_submit.py:524} INFO - 24/10/24 14:36:37 INFO SparkContext: SparkContext is stopping with exitCode 0.
[2024-10-24T14:36:37.263+0000] {spark_submit.py:524} INFO - 24/10/24 14:36:37 INFO SparkUI: Stopped Spark web UI at http://96f89615839b:4040
[2024-10-24T14:36:37.270+0000] {spark_submit.py:524} INFO - 24/10/24 14:36:37 INFO StandaloneSchedulerBackend: Shutting down all executors
[2024-10-24T14:36:37.274+0000] {spark_submit.py:524} INFO - 24/10/24 14:36:37 INFO StandaloneSchedulerBackend$StandaloneDriverEndpoint: Asking each executor to shut down
[2024-10-24T14:36:37.291+0000] {spark_submit.py:524} INFO - 24/10/24 14:36:37 INFO MapOutputTrackerMasterEndpoint: MapOutputTrackerMasterEndpoint stopped!
[2024-10-24T14:36:37.300+0000] {spark_submit.py:524} INFO - 24/10/24 14:36:37 INFO MemoryStore: MemoryStore cleared
[2024-10-24T14:36:37.300+0000] {spark_submit.py:524} INFO - 24/10/24 14:36:37 INFO BlockManager: BlockManager stopped
[2024-10-24T14:36:37.305+0000] {spark_submit.py:524} INFO - 24/10/24 14:36:37 INFO BlockManagerMaster: BlockManagerMaster stopped
[2024-10-24T14:36:37.307+0000] {spark_submit.py:524} INFO - 24/10/24 14:36:37 INFO OutputCommitCoordinator$OutputCommitCoordinatorEndpoint: OutputCommitCoordinator stopped!
[2024-10-24T14:36:37.314+0000] {spark_submit.py:524} INFO - 24/10/24 14:36:37 INFO SparkContext: Successfully stopped SparkContext
[2024-10-24T14:36:37.639+0000] {spark_submit.py:524} INFO - 24/10/24 14:36:37 INFO ShutdownHookManager: Shutdown hook called
[2024-10-24T14:36:37.640+0000] {spark_submit.py:524} INFO - 24/10/24 14:36:37 INFO ShutdownHookManager: Deleting directory /tmp/spark-7274f44e-0ad5-42e4-a0f7-6fbbecc75b1c
[2024-10-24T14:36:37.643+0000] {spark_submit.py:524} INFO - 24/10/24 14:36:37 INFO ShutdownHookManager: Deleting directory /tmp/spark-c0088f9c-db99-487c-b155-ca3db3931d62/pyspark-c5743ec4-21ae-4ae1-8830-b1ca3179c323
[2024-10-24T14:36:37.646+0000] {spark_submit.py:524} INFO - 24/10/24 14:36:37 INFO ShutdownHookManager: Deleting directory /tmp/spark-c0088f9c-db99-487c-b155-ca3db3931d62
[2024-10-24T14:36:37.696+0000] {taskinstance.py:1398} INFO - Marking task as SUCCESS. dag_id=api_openbrewerydb_to_silver_gold, task_id=Gold, execution_date=20231206T080000, start_date=20241024T143632, end_date=20241024T143637
[2024-10-24T14:36:37.721+0000] {local_task_job_runner.py:228} INFO - Task exited with return code 0
[2024-10-24T14:36:37.742+0000] {taskinstance.py:2776} INFO - 0 downstream tasks scheduled from follow-on schedule check
