[2024-10-24T01:19:46.355+0000] {taskinstance.py:1157} INFO - Dependencies all met for dep_context=non-requeueable deps ti=<TaskInstance: api_openbrewerydb_to_silver_gold.Silver scheduled__2023-11-14T08:00:00+00:00 [queued]>
[2024-10-24T01:19:46.379+0000] {taskinstance.py:1157} INFO - Dependencies all met for dep_context=requeueable deps ti=<TaskInstance: api_openbrewerydb_to_silver_gold.Silver scheduled__2023-11-14T08:00:00+00:00 [queued]>
[2024-10-24T01:19:46.380+0000] {taskinstance.py:1359} INFO - Starting attempt 1 of 3
[2024-10-24T01:19:46.417+0000] {taskinstance.py:1380} INFO - Executing <Task(SparkSubmitOperator): Silver> on 2023-11-14 08:00:00+00:00
[2024-10-24T01:19:46.426+0000] {standard_task_runner.py:57} INFO - Started process 4170 to run task
[2024-10-24T01:19:46.433+0000] {standard_task_runner.py:84} INFO - Running: ['***', 'tasks', 'run', 'api_openbrewerydb_to_silver_gold', 'Silver', 'scheduled__2023-11-14T08:00:00+00:00', '--job-id', '89', '--raw', '--subdir', 'DAGS_FOLDER/api_openbrewerydb_to_silver.py', '--cfg-path', '/tmp/tmp_lb3zr1x']
[2024-10-24T01:19:46.446+0000] {standard_task_runner.py:85} INFO - Job 89: Subtask Silver
[2024-10-24T01:19:46.549+0000] {task_command.py:415} INFO - Running <TaskInstance: api_openbrewerydb_to_silver_gold.Silver scheduled__2023-11-14T08:00:00+00:00 [running]> on host de5108c6da1d
[2024-10-24T01:19:46.728+0000] {taskinstance.py:1660} INFO - Exporting env vars: AIRFLOW_CTX_DAG_OWNER='Rodrigo Araujo' AIRFLOW_CTX_DAG_ID='api_openbrewerydb_to_silver_gold' AIRFLOW_CTX_TASK_ID='Silver' AIRFLOW_CTX_EXECUTION_DATE='2023-11-14T08:00:00+00:00' AIRFLOW_CTX_TRY_NUMBER='1' AIRFLOW_CTX_DAG_RUN_ID='scheduled__2023-11-14T08:00:00+00:00'
[2024-10-24T01:19:46.753+0000] {base.py:73} INFO - Using connection ID 'spark-conn' for task execution.
[2024-10-24T01:19:46.755+0000] {spark_submit.py:363} INFO - Spark-Submit cmd: spark-submit --master spark://spark-master:7077 --name arrow-spark --queue root.default jobs/silver/api_openbrewerydb.py
[2024-10-24T01:19:53.921+0000] {spark_submit.py:524} INFO - 24/10/24 01:19:53 INFO SparkContext: Running Spark version 3.5.3
[2024-10-24T01:19:53.926+0000] {spark_submit.py:524} INFO - 24/10/24 01:19:53 INFO SparkContext: OS info Linux, 5.15.0-124-generic, amd64
[2024-10-24T01:19:53.926+0000] {spark_submit.py:524} INFO - 24/10/24 01:19:53 INFO SparkContext: Java version 11.0.25
[2024-10-24T01:19:54.082+0000] {spark_submit.py:524} INFO - 24/10/24 01:19:54 WARN NativeCodeLoader: Unable to load native-hadoop library for your platform... using builtin-java classes where applicable
[2024-10-24T01:19:54.333+0000] {spark_submit.py:524} INFO - 24/10/24 01:19:54 INFO ResourceUtils: ==============================================================
[2024-10-24T01:19:54.334+0000] {spark_submit.py:524} INFO - 24/10/24 01:19:54 INFO ResourceUtils: No custom resources configured for spark.driver.
[2024-10-24T01:19:54.335+0000] {spark_submit.py:524} INFO - 24/10/24 01:19:54 INFO ResourceUtils: ==============================================================
[2024-10-24T01:19:54.337+0000] {spark_submit.py:524} INFO - 24/10/24 01:19:54 INFO SparkContext: Submitted application: IngestaoSilver
[2024-10-24T01:19:54.391+0000] {spark_submit.py:524} INFO - 24/10/24 01:19:54 INFO ResourceProfile: Default ResourceProfile created, executor resources: Map(memory -> name: memory, amount: 1024, script: , vendor: , offHeap -> name: offHeap, amount: 0, script: , vendor: ), task resources: Map(cpus -> name: cpus, amount: 1.0)
[2024-10-24T01:19:54.433+0000] {spark_submit.py:524} INFO - 24/10/24 01:19:54 INFO ResourceProfile: Limiting resource is cpu
[2024-10-24T01:19:54.435+0000] {spark_submit.py:524} INFO - 24/10/24 01:19:54 INFO ResourceProfileManager: Added ResourceProfile id: 0
[2024-10-24T01:19:54.581+0000] {spark_submit.py:524} INFO - 24/10/24 01:19:54 INFO SecurityManager: Changing view acls to: ***
[2024-10-24T01:19:54.583+0000] {spark_submit.py:524} INFO - 24/10/24 01:19:54 INFO SecurityManager: Changing modify acls to: ***
[2024-10-24T01:19:54.591+0000] {spark_submit.py:524} INFO - 24/10/24 01:19:54 INFO SecurityManager: Changing view acls groups to:
[2024-10-24T01:19:54.593+0000] {spark_submit.py:524} INFO - 24/10/24 01:19:54 INFO SecurityManager: Changing modify acls groups to:
[2024-10-24T01:19:54.595+0000] {spark_submit.py:524} INFO - 24/10/24 01:19:54 INFO SecurityManager: SecurityManager: authentication disabled; ui acls disabled; users with view permissions: ***; groups with view permissions: EMPTY; users with modify permissions: ***; groups with modify permissions: EMPTY
[2024-10-24T01:19:55.434+0000] {spark_submit.py:524} INFO - 24/10/24 01:19:55 INFO Utils: Successfully started service 'sparkDriver' on port 37893.
[2024-10-24T01:19:55.522+0000] {spark_submit.py:524} INFO - 24/10/24 01:19:55 INFO SparkEnv: Registering MapOutputTracker
[2024-10-24T01:19:55.617+0000] {spark_submit.py:524} INFO - 24/10/24 01:19:55 INFO SparkEnv: Registering BlockManagerMaster
[2024-10-24T01:19:55.665+0000] {spark_submit.py:524} INFO - 24/10/24 01:19:55 INFO BlockManagerMasterEndpoint: Using org.apache.spark.storage.DefaultTopologyMapper for getting topology information
[2024-10-24T01:19:55.666+0000] {spark_submit.py:524} INFO - 24/10/24 01:19:55 INFO BlockManagerMasterEndpoint: BlockManagerMasterEndpoint up
[2024-10-24T01:19:55.673+0000] {spark_submit.py:524} INFO - 24/10/24 01:19:55 INFO SparkEnv: Registering BlockManagerMasterHeartbeat
[2024-10-24T01:19:55.729+0000] {spark_submit.py:524} INFO - 24/10/24 01:19:55 INFO DiskBlockManager: Created local directory at /tmp/blockmgr-61c39f7f-a1d3-4119-a511-72f1898e3725
[2024-10-24T01:19:55.768+0000] {spark_submit.py:524} INFO - 24/10/24 01:19:55 INFO MemoryStore: MemoryStore started with capacity 434.4 MiB
[2024-10-24T01:19:55.808+0000] {spark_submit.py:524} INFO - 24/10/24 01:19:55 INFO SparkEnv: Registering OutputCommitCoordinator
[2024-10-24T01:19:56.139+0000] {spark_submit.py:524} INFO - 24/10/24 01:19:56 INFO JettyUtils: Start Jetty 0.0.0.0:4040 for SparkUI
[2024-10-24T01:19:56.251+0000] {spark_submit.py:524} INFO - 24/10/24 01:19:56 INFO Utils: Successfully started service 'SparkUI' on port 4040.
[2024-10-24T01:19:56.562+0000] {spark_submit.py:524} INFO - 24/10/24 01:19:56 INFO StandaloneAppClient$ClientEndpoint: Connecting to master spark://spark-master:7077...
[2024-10-24T01:19:56.702+0000] {spark_submit.py:524} INFO - 24/10/24 01:19:56 INFO TransportClientFactory: Successfully created connection to spark-master/172.22.0.3:7077 after 75 ms (0 ms spent in bootstraps)
[2024-10-24T01:19:56.932+0000] {spark_submit.py:524} INFO - 24/10/24 01:19:56 INFO StandaloneSchedulerBackend: Connected to Spark cluster with app ID app-20241024011956-0020
[2024-10-24T01:19:56.959+0000] {spark_submit.py:524} INFO - 24/10/24 01:19:56 INFO StandaloneAppClient$ClientEndpoint: Executor added: app-20241024011956-0020/0 on worker-20241024010948-172.22.0.4-41535 (172.22.0.4:41535) with 2 core(s)
[2024-10-24T01:19:56.980+0000] {spark_submit.py:524} INFO - 24/10/24 01:19:56 INFO StandaloneSchedulerBackend: Granted executor ID app-20241024011956-0020/0 on hostPort 172.22.0.4:41535 with 2 core(s), 1024.0 MiB RAM
[2024-10-24T01:19:56.981+0000] {spark_submit.py:524} INFO - 24/10/24 01:19:56 INFO Utils: Successfully started service 'org.apache.spark.network.netty.NettyBlockTransferService' on port 37787.
[2024-10-24T01:19:56.981+0000] {spark_submit.py:524} INFO - 24/10/24 01:19:56 INFO NettyBlockTransferService: Server created on de5108c6da1d:37787
[2024-10-24T01:19:56.995+0000] {spark_submit.py:524} INFO - 24/10/24 01:19:56 INFO BlockManager: Using org.apache.spark.storage.RandomBlockReplicationPolicy for block replication policy
[2024-10-24T01:19:57.024+0000] {spark_submit.py:524} INFO - 24/10/24 01:19:57 INFO BlockManagerMaster: Registering BlockManager BlockManagerId(driver, de5108c6da1d, 37787, None)
[2024-10-24T01:19:57.033+0000] {spark_submit.py:524} INFO - 24/10/24 01:19:57 INFO StandaloneAppClient$ClientEndpoint: Executor updated: app-20241024011956-0020/0 is now RUNNING
[2024-10-24T01:19:57.035+0000] {spark_submit.py:524} INFO - 24/10/24 01:19:57 INFO BlockManagerMasterEndpoint: Registering block manager de5108c6da1d:37787 with 434.4 MiB RAM, BlockManagerId(driver, de5108c6da1d, 37787, None)
[2024-10-24T01:19:57.041+0000] {spark_submit.py:524} INFO - 24/10/24 01:19:57 INFO BlockManagerMaster: Registered BlockManager BlockManagerId(driver, de5108c6da1d, 37787, None)
[2024-10-24T01:19:57.045+0000] {spark_submit.py:524} INFO - 24/10/24 01:19:57 INFO BlockManager: Initialized BlockManager: BlockManagerId(driver, de5108c6da1d, 37787, None)
[2024-10-24T01:19:57.979+0000] {spark_submit.py:524} INFO - 24/10/24 01:19:57 INFO StandaloneSchedulerBackend: SchedulerBackend is ready for scheduling beginning after reached minRegisteredResourcesRatio: 0.0
[2024-10-24T01:19:58.624+0000] {spark_submit.py:524} INFO - Hello from Spark!
[2024-10-24T01:19:58.625+0000] {spark_submit.py:524} INFO - 24/10/24 01:19:58 INFO SparkContext: SparkContext is stopping with exitCode 0.
[2024-10-24T01:19:58.668+0000] {spark_submit.py:524} INFO - 24/10/24 01:19:58 INFO SparkUI: Stopped Spark web UI at http://de5108c6da1d:4040
[2024-10-24T01:19:58.699+0000] {spark_submit.py:524} INFO - 24/10/24 01:19:58 INFO StandaloneSchedulerBackend: Shutting down all executors
[2024-10-24T01:19:58.725+0000] {spark_submit.py:524} INFO - 24/10/24 01:19:58 INFO StandaloneSchedulerBackend$StandaloneDriverEndpoint: Asking each executor to shut down
[2024-10-24T01:19:58.827+0000] {spark_submit.py:524} INFO - 24/10/24 01:19:58 INFO MapOutputTrackerMasterEndpoint: MapOutputTrackerMasterEndpoint stopped!
[2024-10-24T01:19:58.887+0000] {spark_submit.py:524} INFO - 24/10/24 01:19:58 INFO MemoryStore: MemoryStore cleared
[2024-10-24T01:19:58.888+0000] {spark_submit.py:524} INFO - 24/10/24 01:19:58 INFO BlockManager: BlockManager stopped
[2024-10-24T01:19:58.910+0000] {spark_submit.py:524} INFO - 24/10/24 01:19:58 INFO BlockManagerMaster: BlockManagerMaster stopped
[2024-10-24T01:19:58.918+0000] {spark_submit.py:524} INFO - 24/10/24 01:19:58 INFO OutputCommitCoordinator$OutputCommitCoordinatorEndpoint: OutputCommitCoordinator stopped!
[2024-10-24T01:19:58.961+0000] {spark_submit.py:524} INFO - 24/10/24 01:19:58 INFO SparkContext: Successfully stopped SparkContext
[2024-10-24T01:19:59.273+0000] {spark_submit.py:524} INFO - 24/10/24 01:19:59 INFO ShutdownHookManager: Shutdown hook called
[2024-10-24T01:19:59.275+0000] {spark_submit.py:524} INFO - 24/10/24 01:19:59 INFO ShutdownHookManager: Deleting directory /tmp/spark-bb68f9da-89c2-4a0d-b4d6-b75743b71ee7/pyspark-4c247f22-fc95-4f60-806e-98e92a14aa89
[2024-10-24T01:19:59.295+0000] {spark_submit.py:524} INFO - 24/10/24 01:19:59 INFO ShutdownHookManager: Deleting directory /tmp/spark-a48291f8-cec3-44ac-870c-4b62d3ddd4f0
[2024-10-24T01:19:59.302+0000] {spark_submit.py:524} INFO - 24/10/24 01:19:59 INFO ShutdownHookManager: Deleting directory /tmp/spark-bb68f9da-89c2-4a0d-b4d6-b75743b71ee7
[2024-10-24T01:19:59.469+0000] {taskinstance.py:1398} INFO - Marking task as SUCCESS. dag_id=api_openbrewerydb_to_silver_gold, task_id=Silver, execution_date=20231114T080000, start_date=20241024T011946, end_date=20241024T011959
[2024-10-24T01:19:59.621+0000] {local_task_job_runner.py:228} INFO - Task exited with return code 0
[2024-10-24T01:19:59.668+0000] {taskinstance.py:2776} INFO - 1 downstream tasks scheduled from follow-on schedule check
[2024-10-24T14:31:20.634+0000] {logging_mixin.py:151} INFO - Changing /opt/***/logs/dag_id=api_openbrewerydb_to_silver_gold/run_id=scheduled__2023-11-14T08:00:00+00:00/task_id=Silver permission to 509
[2024-10-24T14:31:20.642+0000] {logging_mixin.py:151} INFO - Failed to change /opt/***/logs/dag_id=api_openbrewerydb_to_silver_gold/run_id=scheduled__2023-11-14T08:00:00+00:00/task_id=Silver permission to 509: [Errno 1] Operation not permitted: '/opt/***/logs/dag_id=api_openbrewerydb_to_silver_gold/run_id=scheduled__2023-11-14T08:00:00+00:00/task_id=Silver'
[2024-10-24T14:31:20.672+0000] {logging_mixin.py:151} INFO - Changing /opt/***/logs/dag_id=api_openbrewerydb_to_silver_gold/run_id=scheduled__2023-11-14T08:00:00+00:00/task_id=Silver permission to 509
[2024-10-24T14:31:20.672+0000] {logging_mixin.py:151} INFO - Failed to change /opt/***/logs/dag_id=api_openbrewerydb_to_silver_gold/run_id=scheduled__2023-11-14T08:00:00+00:00/task_id=Silver permission to 509: [Errno 1] Operation not permitted: '/opt/***/logs/dag_id=api_openbrewerydb_to_silver_gold/run_id=scheduled__2023-11-14T08:00:00+00:00/task_id=Silver'
[2024-10-24T14:31:20.701+0000] {taskinstance.py:1157} INFO - Dependencies all met for dep_context=non-requeueable deps ti=<TaskInstance: api_openbrewerydb_to_silver_gold.Silver scheduled__2023-11-14T08:00:00+00:00 [queued]>
[2024-10-24T14:31:20.707+0000] {taskinstance.py:1157} INFO - Dependencies all met for dep_context=requeueable deps ti=<TaskInstance: api_openbrewerydb_to_silver_gold.Silver scheduled__2023-11-14T08:00:00+00:00 [queued]>
[2024-10-24T14:31:20.708+0000] {taskinstance.py:1359} INFO - Starting attempt 1 of 2
[2024-10-24T14:31:20.717+0000] {taskinstance.py:1380} INFO - Executing <Task(SparkSubmitOperator): Silver> on 2023-11-14 08:00:00+00:00
[2024-10-24T14:31:20.721+0000] {standard_task_runner.py:57} INFO - Started process 7870 to run task
[2024-10-24T14:31:20.723+0000] {standard_task_runner.py:84} INFO - Running: ['***', 'tasks', 'run', 'api_openbrewerydb_to_silver_gold', 'Silver', 'scheduled__2023-11-14T08:00:00+00:00', '--job-id', '53', '--raw', '--subdir', 'DAGS_FOLDER/api_openbrewerydb_to_silver.py', '--cfg-path', '/tmp/tmp_e84ykvt']
[2024-10-24T14:31:20.725+0000] {standard_task_runner.py:85} INFO - Job 53: Subtask Silver
[2024-10-24T14:31:20.772+0000] {logging_mixin.py:151} INFO - Changing /opt/***/logs/dag_id=api_openbrewerydb_to_silver_gold/run_id=scheduled__2023-11-14T08:00:00+00:00/task_id=Silver permission to 509
[2024-10-24T14:31:20.772+0000] {logging_mixin.py:151} INFO - Failed to change /opt/***/logs/dag_id=api_openbrewerydb_to_silver_gold/run_id=scheduled__2023-11-14T08:00:00+00:00/task_id=Silver permission to 509: [Errno 1] Operation not permitted: '/opt/***/logs/dag_id=api_openbrewerydb_to_silver_gold/run_id=scheduled__2023-11-14T08:00:00+00:00/task_id=Silver'
[2024-10-24T14:31:20.773+0000] {task_command.py:415} INFO - Running <TaskInstance: api_openbrewerydb_to_silver_gold.Silver scheduled__2023-11-14T08:00:00+00:00 [running]> on host 96f89615839b
[2024-10-24T14:31:20.852+0000] {taskinstance.py:1660} INFO - Exporting env vars: AIRFLOW_CTX_DAG_OWNER='Rodrigo Araujo' AIRFLOW_CTX_DAG_ID='api_openbrewerydb_to_silver_gold' AIRFLOW_CTX_TASK_ID='Silver' AIRFLOW_CTX_EXECUTION_DATE='2023-11-14T08:00:00+00:00' AIRFLOW_CTX_TRY_NUMBER='1' AIRFLOW_CTX_DAG_RUN_ID='scheduled__2023-11-14T08:00:00+00:00'
[2024-10-24T14:31:20.863+0000] {base.py:73} INFO - Using connection ID 'spark-conn' for task execution.
[2024-10-24T14:31:20.863+0000] {spark_submit.py:363} INFO - Spark-Submit cmd: spark-submit --master spark://spark-master:7077 --name arrow-spark jobs/silver/api_openbrewerydb.py
[2024-10-24T14:31:23.885+0000] {spark_submit.py:524} INFO - 24/10/24 14:31:23 INFO SparkContext: Running Spark version 3.5.3
[2024-10-24T14:31:23.887+0000] {spark_submit.py:524} INFO - 24/10/24 14:31:23 INFO SparkContext: OS info Linux, 5.15.0-124-generic, amd64
[2024-10-24T14:31:23.887+0000] {spark_submit.py:524} INFO - 24/10/24 14:31:23 INFO SparkContext: Java version 11.0.25
[2024-10-24T14:31:23.943+0000] {spark_submit.py:524} INFO - 24/10/24 14:31:23 WARN NativeCodeLoader: Unable to load native-hadoop library for your platform... using builtin-java classes where applicable
[2024-10-24T14:31:24.025+0000] {spark_submit.py:524} INFO - 24/10/24 14:31:24 INFO ResourceUtils: ==============================================================
[2024-10-24T14:31:24.025+0000] {spark_submit.py:524} INFO - 24/10/24 14:31:24 INFO ResourceUtils: No custom resources configured for spark.driver.
[2024-10-24T14:31:24.025+0000] {spark_submit.py:524} INFO - 24/10/24 14:31:24 INFO ResourceUtils: ==============================================================
[2024-10-24T14:31:24.026+0000] {spark_submit.py:524} INFO - 24/10/24 14:31:24 INFO SparkContext: Submitted application: IngestaoSilver
[2024-10-24T14:31:24.046+0000] {spark_submit.py:524} INFO - 24/10/24 14:31:24 INFO ResourceProfile: Default ResourceProfile created, executor resources: Map(memory -> name: memory, amount: 1024, script: , vendor: , offHeap -> name: offHeap, amount: 0, script: , vendor: ), task resources: Map(cpus -> name: cpus, amount: 1.0)
[2024-10-24T14:31:24.059+0000] {spark_submit.py:524} INFO - 24/10/24 14:31:24 INFO ResourceProfile: Limiting resource is cpu
[2024-10-24T14:31:24.060+0000] {spark_submit.py:524} INFO - 24/10/24 14:31:24 INFO ResourceProfileManager: Added ResourceProfile id: 0
[2024-10-24T14:31:24.104+0000] {spark_submit.py:524} INFO - 24/10/24 14:31:24 INFO SecurityManager: Changing view acls to: ***
[2024-10-24T14:31:24.105+0000] {spark_submit.py:524} INFO - 24/10/24 14:31:24 INFO SecurityManager: Changing modify acls to: ***
[2024-10-24T14:31:24.105+0000] {spark_submit.py:524} INFO - 24/10/24 14:31:24 INFO SecurityManager: Changing view acls groups to:
[2024-10-24T14:31:24.106+0000] {spark_submit.py:524} INFO - 24/10/24 14:31:24 INFO SecurityManager: Changing modify acls groups to:
[2024-10-24T14:31:24.106+0000] {spark_submit.py:524} INFO - 24/10/24 14:31:24 INFO SecurityManager: SecurityManager: authentication disabled; ui acls disabled; users with view permissions: ***; groups with view permissions: EMPTY; users with modify permissions: ***; groups with modify permissions: EMPTY
[2024-10-24T14:31:24.343+0000] {spark_submit.py:524} INFO - 24/10/24 14:31:24 INFO Utils: Successfully started service 'sparkDriver' on port 32931.
[2024-10-24T14:31:24.368+0000] {spark_submit.py:524} INFO - 24/10/24 14:31:24 INFO SparkEnv: Registering MapOutputTracker
[2024-10-24T14:31:24.398+0000] {spark_submit.py:524} INFO - 24/10/24 14:31:24 INFO SparkEnv: Registering BlockManagerMaster
[2024-10-24T14:31:24.417+0000] {spark_submit.py:524} INFO - 24/10/24 14:31:24 INFO BlockManagerMasterEndpoint: Using org.apache.spark.storage.DefaultTopologyMapper for getting topology information
[2024-10-24T14:31:24.418+0000] {spark_submit.py:524} INFO - 24/10/24 14:31:24 INFO BlockManagerMasterEndpoint: BlockManagerMasterEndpoint up
[2024-10-24T14:31:24.421+0000] {spark_submit.py:524} INFO - 24/10/24 14:31:24 INFO SparkEnv: Registering BlockManagerMasterHeartbeat
[2024-10-24T14:31:24.439+0000] {spark_submit.py:524} INFO - 24/10/24 14:31:24 INFO DiskBlockManager: Created local directory at /tmp/blockmgr-4f4d0ecf-2775-4449-8a54-18c317de3115
[2024-10-24T14:31:24.451+0000] {spark_submit.py:524} INFO - 24/10/24 14:31:24 INFO MemoryStore: MemoryStore started with capacity 434.4 MiB
[2024-10-24T14:31:24.465+0000] {spark_submit.py:524} INFO - 24/10/24 14:31:24 INFO SparkEnv: Registering OutputCommitCoordinator
[2024-10-24T14:31:24.597+0000] {spark_submit.py:524} INFO - 24/10/24 14:31:24 INFO JettyUtils: Start Jetty 0.0.0.0:4040 for SparkUI
[2024-10-24T14:31:24.644+0000] {spark_submit.py:524} INFO - 24/10/24 14:31:24 INFO Utils: Successfully started service 'SparkUI' on port 4040.
[2024-10-24T14:31:24.755+0000] {spark_submit.py:524} INFO - 24/10/24 14:31:24 INFO StandaloneAppClient$ClientEndpoint: Connecting to master spark://spark-master:7077...
[2024-10-24T14:31:24.804+0000] {spark_submit.py:524} INFO - 24/10/24 14:31:24 INFO TransportClientFactory: Successfully created connection to spark-master/172.18.0.2:7077 after 27 ms (0 ms spent in bootstraps)
[2024-10-24T14:31:24.900+0000] {spark_submit.py:524} INFO - 24/10/24 14:31:24 INFO StandaloneSchedulerBackend: Connected to Spark cluster with app ID app-20241024143124-0048
[2024-10-24T14:31:24.904+0000] {spark_submit.py:524} INFO - 24/10/24 14:31:24 INFO StandaloneAppClient$ClientEndpoint: Executor added: app-20241024143124-0048/0 on worker-20241024142308-172.18.0.5-43899 (172.18.0.5:43899) with 2 core(s)
[2024-10-24T14:31:24.906+0000] {spark_submit.py:524} INFO - 24/10/24 14:31:24 INFO StandaloneSchedulerBackend: Granted executor ID app-20241024143124-0048/0 on hostPort 172.18.0.5:43899 with 2 core(s), 1024.0 MiB RAM
[2024-10-24T14:31:24.913+0000] {spark_submit.py:524} INFO - 24/10/24 14:31:24 INFO Utils: Successfully started service 'org.apache.spark.network.netty.NettyBlockTransferService' on port 39217.
[2024-10-24T14:31:24.914+0000] {spark_submit.py:524} INFO - 24/10/24 14:31:24 INFO NettyBlockTransferService: Server created on 96f89615839b:39217
[2024-10-24T14:31:24.916+0000] {spark_submit.py:524} INFO - 24/10/24 14:31:24 INFO BlockManager: Using org.apache.spark.storage.RandomBlockReplicationPolicy for block replication policy
[2024-10-24T14:31:24.928+0000] {spark_submit.py:524} INFO - 24/10/24 14:31:24 INFO BlockManagerMaster: Registering BlockManager BlockManagerId(driver, 96f89615839b, 39217, None)
[2024-10-24T14:31:24.933+0000] {spark_submit.py:524} INFO - 24/10/24 14:31:24 INFO BlockManagerMasterEndpoint: Registering block manager 96f89615839b:39217 with 434.4 MiB RAM, BlockManagerId(driver, 96f89615839b, 39217, None)
[2024-10-24T14:31:24.936+0000] {spark_submit.py:524} INFO - 24/10/24 14:31:24 INFO BlockManagerMaster: Registered BlockManager BlockManagerId(driver, 96f89615839b, 39217, None)
[2024-10-24T14:31:24.938+0000] {spark_submit.py:524} INFO - 24/10/24 14:31:24 INFO StandaloneAppClient$ClientEndpoint: Executor updated: app-20241024143124-0048/0 is now RUNNING
[2024-10-24T14:31:24.938+0000] {spark_submit.py:524} INFO - 24/10/24 14:31:24 INFO BlockManager: Initialized BlockManager: BlockManagerId(driver, 96f89615839b, 39217, None)
[2024-10-24T14:31:25.259+0000] {spark_submit.py:524} INFO - 24/10/24 14:31:25 INFO StandaloneSchedulerBackend: SchedulerBackend is ready for scheduling beginning after reached minRegisteredResourcesRatio: 0.0
[2024-10-24T14:31:25.483+0000] {spark_submit.py:524} INFO - Hello from Spark!
[2024-10-24T14:31:25.484+0000] {spark_submit.py:524} INFO - 24/10/24 14:31:25 INFO SparkContext: SparkContext is stopping with exitCode 0.
[2024-10-24T14:31:25.497+0000] {spark_submit.py:524} INFO - 24/10/24 14:31:25 INFO SparkUI: Stopped Spark web UI at http://96f89615839b:4040
[2024-10-24T14:31:25.504+0000] {spark_submit.py:524} INFO - 24/10/24 14:31:25 INFO StandaloneSchedulerBackend: Shutting down all executors
[2024-10-24T14:31:25.507+0000] {spark_submit.py:524} INFO - 24/10/24 14:31:25 INFO StandaloneSchedulerBackend$StandaloneDriverEndpoint: Asking each executor to shut down
[2024-10-24T14:31:25.533+0000] {spark_submit.py:524} INFO - 24/10/24 14:31:25 INFO MapOutputTrackerMasterEndpoint: MapOutputTrackerMasterEndpoint stopped!
[2024-10-24T14:31:25.543+0000] {spark_submit.py:524} INFO - 24/10/24 14:31:25 INFO MemoryStore: MemoryStore cleared
[2024-10-24T14:31:25.544+0000] {spark_submit.py:524} INFO - 24/10/24 14:31:25 INFO BlockManager: BlockManager stopped
[2024-10-24T14:31:25.551+0000] {spark_submit.py:524} INFO - 24/10/24 14:31:25 INFO BlockManagerMaster: BlockManagerMaster stopped
[2024-10-24T14:31:25.554+0000] {spark_submit.py:524} INFO - 24/10/24 14:31:25 INFO OutputCommitCoordinator$OutputCommitCoordinatorEndpoint: OutputCommitCoordinator stopped!
[2024-10-24T14:31:25.562+0000] {spark_submit.py:524} INFO - 24/10/24 14:31:25 INFO SparkContext: Successfully stopped SparkContext
[2024-10-24T14:31:25.836+0000] {spark_submit.py:524} INFO - 24/10/24 14:31:25 INFO ShutdownHookManager: Shutdown hook called
[2024-10-24T14:31:25.837+0000] {spark_submit.py:524} INFO - 24/10/24 14:31:25 INFO ShutdownHookManager: Deleting directory /tmp/spark-c6339692-307a-4790-a98c-ad551900ef08/pyspark-01d5fcd6-a360-49b2-ab34-536425d622a3
[2024-10-24T14:31:25.840+0000] {spark_submit.py:524} INFO - 24/10/24 14:31:25 INFO ShutdownHookManager: Deleting directory /tmp/spark-a3e23c66-a0b5-4b2b-9dc8-fe159cc58aa2
[2024-10-24T14:31:25.843+0000] {spark_submit.py:524} INFO - 24/10/24 14:31:25 INFO ShutdownHookManager: Deleting directory /tmp/spark-c6339692-307a-4790-a98c-ad551900ef08
[2024-10-24T14:31:25.898+0000] {taskinstance.py:1398} INFO - Marking task as SUCCESS. dag_id=api_openbrewerydb_to_silver_gold, task_id=Silver, execution_date=20231114T080000, start_date=20241024T143120, end_date=20241024T143125
[2024-10-24T14:31:25.913+0000] {local_task_job_runner.py:228} INFO - Task exited with return code 0
[2024-10-24T14:31:25.933+0000] {taskinstance.py:2776} INFO - 1 downstream tasks scheduled from follow-on schedule check
