[2024-10-23T00:00:14.683+0000] {processor.py:157} INFO - Started process (PID=257) to work on /opt/airflow/dags/spark_ingestion.py
[2024-10-23T00:00:14.684+0000] {processor.py:829} INFO - Processing file /opt/airflow/dags/spark_ingestion.py for tasks to queue
[2024-10-23T00:00:14.686+0000] {logging_mixin.py:151} INFO - [2024-10-23T00:00:14.686+0000] {dagbag.py:539} INFO - Filling up the DagBag from /opt/airflow/dags/spark_ingestion.py
[2024-10-23T00:00:14.710+0000] {processor.py:839} INFO - DAG(s) dict_keys(['Ingestion']) retrieved from /opt/airflow/dags/spark_ingestion.py
[2024-10-23T00:00:14.807+0000] {logging_mixin.py:151} INFO - [2024-10-23T00:00:14.806+0000] {security.py:708} INFO - Not syncing DAG-level permissions for DAG 'DAG:Ingestion' as access control is unset.
[2024-10-23T00:00:14.807+0000] {logging_mixin.py:151} INFO - [2024-10-23T00:00:14.807+0000] {dag.py:2915} INFO - Sync 1 DAGs
[2024-10-23T00:00:14.825+0000] {logging_mixin.py:151} INFO - [2024-10-23T00:00:14.825+0000] {dag.py:3696} INFO - Setting next_dagrun for Ingestion to 2024-10-22T00:00:00+00:00, run_after=2024-10-23T00:00:00+00:00
[2024-10-23T00:00:14.839+0000] {processor.py:179} INFO - Processing /opt/airflow/dags/spark_ingestion.py took 0.164 seconds
[2024-10-23T00:00:44.913+0000] {processor.py:157} INFO - Started process (PID=262) to work on /opt/airflow/dags/spark_ingestion.py
[2024-10-23T00:00:44.922+0000] {processor.py:829} INFO - Processing file /opt/airflow/dags/spark_ingestion.py for tasks to queue
[2024-10-23T00:00:44.924+0000] {logging_mixin.py:151} INFO - [2024-10-23T00:00:44.923+0000] {dagbag.py:539} INFO - Filling up the DagBag from /opt/airflow/dags/spark_ingestion.py
[2024-10-23T00:00:44.944+0000] {processor.py:839} INFO - DAG(s) dict_keys(['Ingestion']) retrieved from /opt/airflow/dags/spark_ingestion.py
[2024-10-23T00:00:44.979+0000] {logging_mixin.py:151} INFO - [2024-10-23T00:00:44.979+0000] {dag.py:2915} INFO - Sync 1 DAGs
[2024-10-23T00:00:45.003+0000] {logging_mixin.py:151} INFO - [2024-10-23T00:00:45.003+0000] {dag.py:3696} INFO - Setting next_dagrun for Ingestion to 2024-10-22T00:00:00+00:00, run_after=2024-10-23T00:00:00+00:00
[2024-10-23T00:00:45.020+0000] {processor.py:179} INFO - Processing /opt/airflow/dags/spark_ingestion.py took 0.117 seconds
[2024-10-23T00:01:15.222+0000] {processor.py:157} INFO - Started process (PID=267) to work on /opt/airflow/dags/spark_ingestion.py
[2024-10-23T00:01:15.222+0000] {processor.py:829} INFO - Processing file /opt/airflow/dags/spark_ingestion.py for tasks to queue
[2024-10-23T00:01:15.223+0000] {logging_mixin.py:151} INFO - [2024-10-23T00:01:15.223+0000] {dagbag.py:539} INFO - Filling up the DagBag from /opt/airflow/dags/spark_ingestion.py
[2024-10-23T00:01:15.235+0000] {processor.py:839} INFO - DAG(s) dict_keys(['Ingestion']) retrieved from /opt/airflow/dags/spark_ingestion.py
[2024-10-23T00:01:15.262+0000] {logging_mixin.py:151} INFO - [2024-10-23T00:01:15.261+0000] {dag.py:2915} INFO - Sync 1 DAGs
[2024-10-23T00:01:15.280+0000] {logging_mixin.py:151} INFO - [2024-10-23T00:01:15.280+0000] {dag.py:3696} INFO - Setting next_dagrun for Ingestion to 2024-10-22T00:00:00+00:00, run_after=2024-10-23T00:00:00+00:00
[2024-10-23T00:01:15.293+0000] {processor.py:179} INFO - Processing /opt/airflow/dags/spark_ingestion.py took 0.074 seconds
[2024-10-23T00:01:45.435+0000] {processor.py:157} INFO - Started process (PID=272) to work on /opt/airflow/dags/spark_ingestion.py
[2024-10-23T00:01:45.444+0000] {processor.py:829} INFO - Processing file /opt/airflow/dags/spark_ingestion.py for tasks to queue
[2024-10-23T00:01:45.446+0000] {logging_mixin.py:151} INFO - [2024-10-23T00:01:45.445+0000] {dagbag.py:539} INFO - Filling up the DagBag from /opt/airflow/dags/spark_ingestion.py
[2024-10-23T00:01:45.475+0000] {processor.py:839} INFO - DAG(s) dict_keys(['Ingestion']) retrieved from /opt/airflow/dags/spark_ingestion.py
[2024-10-23T00:01:45.507+0000] {logging_mixin.py:151} INFO - [2024-10-23T00:01:45.507+0000] {dag.py:2915} INFO - Sync 1 DAGs
[2024-10-23T00:01:45.527+0000] {logging_mixin.py:151} INFO - [2024-10-23T00:01:45.527+0000] {dag.py:3696} INFO - Setting next_dagrun for Ingestion to 2024-10-22T00:00:00+00:00, run_after=2024-10-23T00:00:00+00:00
[2024-10-23T00:01:45.542+0000] {processor.py:179} INFO - Processing /opt/airflow/dags/spark_ingestion.py took 0.109 seconds
[2024-10-23T00:02:15.705+0000] {processor.py:157} INFO - Started process (PID=277) to work on /opt/airflow/dags/spark_ingestion.py
[2024-10-23T00:02:15.713+0000] {processor.py:829} INFO - Processing file /opt/airflow/dags/spark_ingestion.py for tasks to queue
[2024-10-23T00:02:15.714+0000] {logging_mixin.py:151} INFO - [2024-10-23T00:02:15.713+0000] {dagbag.py:539} INFO - Filling up the DagBag from /opt/airflow/dags/spark_ingestion.py
[2024-10-23T00:02:15.729+0000] {processor.py:839} INFO - DAG(s) dict_keys(['Ingestion']) retrieved from /opt/airflow/dags/spark_ingestion.py
[2024-10-23T00:02:15.758+0000] {logging_mixin.py:151} INFO - [2024-10-23T00:02:15.757+0000] {dag.py:2915} INFO - Sync 1 DAGs
[2024-10-23T00:02:15.778+0000] {logging_mixin.py:151} INFO - [2024-10-23T00:02:15.778+0000] {dag.py:3696} INFO - Setting next_dagrun for Ingestion to 2024-10-22T00:00:00+00:00, run_after=2024-10-23T00:00:00+00:00
[2024-10-23T00:02:15.793+0000] {processor.py:179} INFO - Processing /opt/airflow/dags/spark_ingestion.py took 0.092 seconds
[2024-10-23T00:02:22.826+0000] {processor.py:157} INFO - Started process (PID=282) to work on /opt/airflow/dags/spark_ingestion.py
[2024-10-23T00:02:22.835+0000] {processor.py:829} INFO - Processing file /opt/airflow/dags/spark_ingestion.py for tasks to queue
[2024-10-23T00:02:22.837+0000] {logging_mixin.py:151} INFO - [2024-10-23T00:02:22.836+0000] {dagbag.py:539} INFO - Filling up the DagBag from /opt/airflow/dags/spark_ingestion.py
[2024-10-23T00:02:22.863+0000] {processor.py:839} INFO - DAG(s) dict_keys(['Ingestion']) retrieved from /opt/airflow/dags/spark_ingestion.py
[2024-10-23T00:02:22.893+0000] {logging_mixin.py:151} INFO - [2024-10-23T00:02:22.893+0000] {dag.py:2915} INFO - Sync 1 DAGs
[2024-10-23T00:02:22.915+0000] {logging_mixin.py:151} INFO - [2024-10-23T00:02:22.915+0000] {dag.py:3696} INFO - Setting next_dagrun for Ingestion to 2024-10-22T00:00:00+00:00, run_after=2024-10-23T00:00:00+00:00
[2024-10-23T00:02:22.930+0000] {processor.py:179} INFO - Processing /opt/airflow/dags/spark_ingestion.py took 0.112 seconds
[2024-10-23T00:02:32.022+0000] {processor.py:157} INFO - Started process (PID=287) to work on /opt/airflow/dags/spark_ingestion.py
[2024-10-23T00:02:32.024+0000] {processor.py:829} INFO - Processing file /opt/airflow/dags/spark_ingestion.py for tasks to queue
[2024-10-23T00:02:32.026+0000] {logging_mixin.py:151} INFO - [2024-10-23T00:02:32.026+0000] {dagbag.py:539} INFO - Filling up the DagBag from /opt/airflow/dags/spark_ingestion.py
[2024-10-23T00:02:32.046+0000] {processor.py:839} INFO - DAG(s) dict_keys(['Ingestion']) retrieved from /opt/airflow/dags/spark_ingestion.py
[2024-10-23T00:02:32.139+0000] {logging_mixin.py:151} INFO - [2024-10-23T00:02:32.139+0000] {security.py:708} INFO - Not syncing DAG-level permissions for DAG 'DAG:Ingestion' as access control is unset.
[2024-10-23T00:02:32.139+0000] {logging_mixin.py:151} INFO - [2024-10-23T00:02:32.139+0000] {dag.py:2915} INFO - Sync 1 DAGs
[2024-10-23T00:02:32.157+0000] {logging_mixin.py:151} INFO - [2024-10-23T00:02:32.157+0000] {dag.py:3696} INFO - Setting next_dagrun for Ingestion to 2024-10-22T00:00:00+00:00, run_after=2024-10-23T00:00:00+00:00
[2024-10-23T00:02:32.186+0000] {processor.py:179} INFO - Processing /opt/airflow/dags/spark_ingestion.py took 0.173 seconds
[2024-10-23T00:02:39.243+0000] {processor.py:157} INFO - Started process (PID=292) to work on /opt/airflow/dags/spark_ingestion.py
[2024-10-23T00:02:39.244+0000] {processor.py:829} INFO - Processing file /opt/airflow/dags/spark_ingestion.py for tasks to queue
[2024-10-23T00:02:39.245+0000] {logging_mixin.py:151} INFO - [2024-10-23T00:02:39.245+0000] {dagbag.py:539} INFO - Filling up the DagBag from /opt/airflow/dags/spark_ingestion.py
[2024-10-23T00:02:39.261+0000] {processor.py:839} INFO - DAG(s) dict_keys(['Ingestion']) retrieved from /opt/airflow/dags/spark_ingestion.py
[2024-10-23T00:02:39.280+0000] {logging_mixin.py:151} INFO - [2024-10-23T00:02:39.279+0000] {dag.py:2915} INFO - Sync 1 DAGs
[2024-10-23T00:02:39.300+0000] {logging_mixin.py:151} INFO - [2024-10-23T00:02:39.300+0000] {dag.py:3696} INFO - Setting next_dagrun for Ingestion to 2024-10-22T00:00:00+00:00, run_after=2024-10-23T00:00:00+00:00
[2024-10-23T00:02:39.314+0000] {processor.py:179} INFO - Processing /opt/airflow/dags/spark_ingestion.py took 0.074 seconds
[2024-10-23T00:02:47.311+0000] {processor.py:157} INFO - Started process (PID=297) to work on /opt/airflow/dags/spark_ingestion.py
[2024-10-23T00:02:47.320+0000] {processor.py:829} INFO - Processing file /opt/airflow/dags/spark_ingestion.py for tasks to queue
[2024-10-23T00:02:47.322+0000] {logging_mixin.py:151} INFO - [2024-10-23T00:02:47.321+0000] {dagbag.py:539} INFO - Filling up the DagBag from /opt/airflow/dags/spark_ingestion.py
[2024-10-23T00:02:47.354+0000] {processor.py:839} INFO - DAG(s) dict_keys(['Ingestion']) retrieved from /opt/airflow/dags/spark_ingestion.py
[2024-10-23T00:02:47.370+0000] {logging_mixin.py:151} INFO - [2024-10-23T00:02:47.370+0000] {dag.py:2915} INFO - Sync 1 DAGs
[2024-10-23T00:02:47.390+0000] {logging_mixin.py:151} INFO - [2024-10-23T00:02:47.390+0000] {dag.py:3696} INFO - Setting next_dagrun for Ingestion to 2024-10-22T00:00:00+00:00, run_after=2024-10-23T00:00:00+00:00
[2024-10-23T00:02:47.405+0000] {processor.py:179} INFO - Processing /opt/airflow/dags/spark_ingestion.py took 0.097 seconds
[2024-10-23T00:03:17.601+0000] {processor.py:157} INFO - Started process (PID=306) to work on /opt/airflow/dags/spark_ingestion.py
[2024-10-23T00:03:17.603+0000] {processor.py:829} INFO - Processing file /opt/airflow/dags/spark_ingestion.py for tasks to queue
[2024-10-23T00:03:17.604+0000] {logging_mixin.py:151} INFO - [2024-10-23T00:03:17.603+0000] {dagbag.py:539} INFO - Filling up the DagBag from /opt/airflow/dags/spark_ingestion.py
[2024-10-23T00:03:17.633+0000] {processor.py:839} INFO - DAG(s) dict_keys(['Ingestion']) retrieved from /opt/airflow/dags/spark_ingestion.py
[2024-10-23T00:03:17.836+0000] {logging_mixin.py:151} INFO - [2024-10-23T00:03:17.835+0000] {security.py:708} INFO - Not syncing DAG-level permissions for DAG 'DAG:Ingestion' as access control is unset.
[2024-10-23T00:03:17.836+0000] {logging_mixin.py:151} INFO - [2024-10-23T00:03:17.836+0000] {dag.py:2915} INFO - Sync 1 DAGs
[2024-10-23T00:03:17.864+0000] {logging_mixin.py:151} INFO - [2024-10-23T00:03:17.864+0000] {dag.py:3696} INFO - Setting next_dagrun for Ingestion to 2024-10-23T00:00:00+00:00, run_after=2024-10-24T00:00:00+00:00
[2024-10-23T00:03:17.893+0000] {processor.py:179} INFO - Processing /opt/airflow/dags/spark_ingestion.py took 0.299 seconds
[2024-10-23T00:03:48.092+0000] {processor.py:157} INFO - Started process (PID=356) to work on /opt/airflow/dags/spark_ingestion.py
[2024-10-23T00:03:48.092+0000] {processor.py:829} INFO - Processing file /opt/airflow/dags/spark_ingestion.py for tasks to queue
[2024-10-23T00:03:48.093+0000] {logging_mixin.py:151} INFO - [2024-10-23T00:03:48.093+0000] {dagbag.py:539} INFO - Filling up the DagBag from /opt/airflow/dags/spark_ingestion.py
[2024-10-23T00:03:48.115+0000] {processor.py:839} INFO - DAG(s) dict_keys(['Ingestion']) retrieved from /opt/airflow/dags/spark_ingestion.py
[2024-10-23T00:03:48.157+0000] {logging_mixin.py:151} INFO - [2024-10-23T00:03:48.157+0000] {dag.py:2915} INFO - Sync 1 DAGs
[2024-10-23T00:03:48.198+0000] {logging_mixin.py:151} INFO - [2024-10-23T00:03:48.198+0000] {dag.py:3696} INFO - Setting next_dagrun for Ingestion to 2024-10-23T00:00:00+00:00, run_after=2024-10-24T00:00:00+00:00
[2024-10-23T00:03:48.219+0000] {processor.py:179} INFO - Processing /opt/airflow/dags/spark_ingestion.py took 0.130 seconds
[2024-10-23T00:04:18.281+0000] {processor.py:157} INFO - Started process (PID=475) to work on /opt/airflow/dags/spark_ingestion.py
[2024-10-23T00:04:18.283+0000] {processor.py:829} INFO - Processing file /opt/airflow/dags/spark_ingestion.py for tasks to queue
[2024-10-23T00:04:18.284+0000] {logging_mixin.py:151} INFO - [2024-10-23T00:04:18.283+0000] {dagbag.py:539} INFO - Filling up the DagBag from /opt/airflow/dags/spark_ingestion.py
[2024-10-23T00:04:18.303+0000] {processor.py:839} INFO - DAG(s) dict_keys(['Ingestion']) retrieved from /opt/airflow/dags/spark_ingestion.py
[2024-10-23T00:04:18.347+0000] {logging_mixin.py:151} INFO - [2024-10-23T00:04:18.346+0000] {dag.py:2915} INFO - Sync 1 DAGs
[2024-10-23T00:04:18.378+0000] {logging_mixin.py:151} INFO - [2024-10-23T00:04:18.378+0000] {dag.py:3696} INFO - Setting next_dagrun for Ingestion to 2024-10-23T00:00:00+00:00, run_after=2024-10-24T00:00:00+00:00
[2024-10-23T00:04:18.396+0000] {processor.py:179} INFO - Processing /opt/airflow/dags/spark_ingestion.py took 0.119 seconds
[2024-10-23T00:04:48.619+0000] {processor.py:157} INFO - Started process (PID=480) to work on /opt/airflow/dags/spark_ingestion.py
[2024-10-23T00:04:48.619+0000] {processor.py:829} INFO - Processing file /opt/airflow/dags/spark_ingestion.py for tasks to queue
[2024-10-23T00:04:48.620+0000] {logging_mixin.py:151} INFO - [2024-10-23T00:04:48.620+0000] {dagbag.py:539} INFO - Filling up the DagBag from /opt/airflow/dags/spark_ingestion.py
[2024-10-23T00:04:48.633+0000] {processor.py:839} INFO - DAG(s) dict_keys(['Ingestion']) retrieved from /opt/airflow/dags/spark_ingestion.py
[2024-10-23T00:04:48.660+0000] {logging_mixin.py:151} INFO - [2024-10-23T00:04:48.660+0000] {dag.py:2915} INFO - Sync 1 DAGs
[2024-10-23T00:04:48.678+0000] {logging_mixin.py:151} INFO - [2024-10-23T00:04:48.678+0000] {dag.py:3696} INFO - Setting next_dagrun for Ingestion to 2024-10-23T00:00:00+00:00, run_after=2024-10-24T00:00:00+00:00
[2024-10-23T00:04:48.692+0000] {processor.py:179} INFO - Processing /opt/airflow/dags/spark_ingestion.py took 0.078 seconds
[2024-10-23T00:05:18.842+0000] {processor.py:157} INFO - Started process (PID=485) to work on /opt/airflow/dags/spark_ingestion.py
[2024-10-23T00:05:18.851+0000] {processor.py:829} INFO - Processing file /opt/airflow/dags/spark_ingestion.py for tasks to queue
[2024-10-23T00:05:18.853+0000] {logging_mixin.py:151} INFO - [2024-10-23T00:05:18.853+0000] {dagbag.py:539} INFO - Filling up the DagBag from /opt/airflow/dags/spark_ingestion.py
[2024-10-23T00:05:18.877+0000] {processor.py:839} INFO - DAG(s) dict_keys(['Ingestion']) retrieved from /opt/airflow/dags/spark_ingestion.py
[2024-10-23T00:05:18.904+0000] {logging_mixin.py:151} INFO - [2024-10-23T00:05:18.904+0000] {dag.py:2915} INFO - Sync 1 DAGs
[2024-10-23T00:05:18.924+0000] {logging_mixin.py:151} INFO - [2024-10-23T00:05:18.924+0000] {dag.py:3696} INFO - Setting next_dagrun for Ingestion to 2024-10-23T00:00:00+00:00, run_after=2024-10-24T00:00:00+00:00
[2024-10-23T00:05:18.938+0000] {processor.py:179} INFO - Processing /opt/airflow/dags/spark_ingestion.py took 0.105 seconds
[2024-10-23T00:05:49.098+0000] {processor.py:157} INFO - Started process (PID=490) to work on /opt/airflow/dags/spark_ingestion.py
[2024-10-23T00:05:49.107+0000] {processor.py:829} INFO - Processing file /opt/airflow/dags/spark_ingestion.py for tasks to queue
[2024-10-23T00:05:49.110+0000] {logging_mixin.py:151} INFO - [2024-10-23T00:05:49.108+0000] {dagbag.py:539} INFO - Filling up the DagBag from /opt/airflow/dags/spark_ingestion.py
[2024-10-23T00:05:49.145+0000] {processor.py:839} INFO - DAG(s) dict_keys(['Ingestion']) retrieved from /opt/airflow/dags/spark_ingestion.py
[2024-10-23T00:05:49.173+0000] {logging_mixin.py:151} INFO - [2024-10-23T00:05:49.173+0000] {dag.py:2915} INFO - Sync 1 DAGs
[2024-10-23T00:05:49.194+0000] {logging_mixin.py:151} INFO - [2024-10-23T00:05:49.193+0000] {dag.py:3696} INFO - Setting next_dagrun for Ingestion to 2024-10-23T00:00:00+00:00, run_after=2024-10-24T00:00:00+00:00
[2024-10-23T00:05:49.207+0000] {processor.py:179} INFO - Processing /opt/airflow/dags/spark_ingestion.py took 0.112 seconds
[2024-10-23T00:06:19.323+0000] {processor.py:157} INFO - Started process (PID=495) to work on /opt/airflow/dags/spark_ingestion.py
[2024-10-23T00:06:19.332+0000] {processor.py:829} INFO - Processing file /opt/airflow/dags/spark_ingestion.py for tasks to queue
[2024-10-23T00:06:19.333+0000] {logging_mixin.py:151} INFO - [2024-10-23T00:06:19.332+0000] {dagbag.py:539} INFO - Filling up the DagBag from /opt/airflow/dags/spark_ingestion.py
[2024-10-23T00:06:19.348+0000] {processor.py:839} INFO - DAG(s) dict_keys(['Ingestion']) retrieved from /opt/airflow/dags/spark_ingestion.py
[2024-10-23T00:06:19.383+0000] {logging_mixin.py:151} INFO - [2024-10-23T00:06:19.383+0000] {dag.py:2915} INFO - Sync 1 DAGs
[2024-10-23T00:06:19.402+0000] {logging_mixin.py:151} INFO - [2024-10-23T00:06:19.402+0000] {dag.py:3696} INFO - Setting next_dagrun for Ingestion to 2024-10-23T00:00:00+00:00, run_after=2024-10-24T00:00:00+00:00
[2024-10-23T00:06:19.416+0000] {processor.py:179} INFO - Processing /opt/airflow/dags/spark_ingestion.py took 0.095 seconds
[2024-10-23T00:06:49.596+0000] {processor.py:157} INFO - Started process (PID=500) to work on /opt/airflow/dags/spark_ingestion.py
[2024-10-23T00:06:49.596+0000] {processor.py:829} INFO - Processing file /opt/airflow/dags/spark_ingestion.py for tasks to queue
[2024-10-23T00:06:49.597+0000] {logging_mixin.py:151} INFO - [2024-10-23T00:06:49.597+0000] {dagbag.py:539} INFO - Filling up the DagBag from /opt/airflow/dags/spark_ingestion.py
[2024-10-23T00:06:49.613+0000] {processor.py:839} INFO - DAG(s) dict_keys(['Ingestion']) retrieved from /opt/airflow/dags/spark_ingestion.py
[2024-10-23T00:06:49.652+0000] {logging_mixin.py:151} INFO - [2024-10-23T00:06:49.652+0000] {dag.py:2915} INFO - Sync 1 DAGs
[2024-10-23T00:06:49.675+0000] {logging_mixin.py:151} INFO - [2024-10-23T00:06:49.674+0000] {dag.py:3696} INFO - Setting next_dagrun for Ingestion to 2024-10-23T00:00:00+00:00, run_after=2024-10-24T00:00:00+00:00
[2024-10-23T00:06:49.688+0000] {processor.py:179} INFO - Processing /opt/airflow/dags/spark_ingestion.py took 0.096 seconds
