[2024-10-24T14:26:27.289+0000] {taskinstance.py:1157} INFO - Dependencies all met for dep_context=non-requeueable deps ti=<TaskInstance: api_openbrewerydb_to_silver_gold.Gold scheduled__2023-10-23T08:00:00+00:00 [queued]>
[2024-10-24T14:26:27.295+0000] {taskinstance.py:1157} INFO - Dependencies all met for dep_context=requeueable deps ti=<TaskInstance: api_openbrewerydb_to_silver_gold.Gold scheduled__2023-10-23T08:00:00+00:00 [queued]>
[2024-10-24T14:26:27.296+0000] {taskinstance.py:1359} INFO - Starting attempt 1 of 2
[2024-10-24T14:26:27.305+0000] {taskinstance.py:1380} INFO - Executing <Task(SparkSubmitOperator): Gold> on 2023-10-23 08:00:00+00:00
[2024-10-24T14:26:27.308+0000] {standard_task_runner.py:57} INFO - Started process 1030 to run task
[2024-10-24T14:26:27.310+0000] {standard_task_runner.py:84} INFO - Running: ['***', 'tasks', 'run', 'api_openbrewerydb_to_silver_gold', 'Gold', 'scheduled__2023-10-23T08:00:00+00:00', '--job-id', '10', '--raw', '--subdir', 'DAGS_FOLDER/api_openbrewerydb_to_silver.py', '--cfg-path', '/tmp/tmpv2zd6twt']
[2024-10-24T14:26:27.314+0000] {standard_task_runner.py:85} INFO - Job 10: Subtask Gold
[2024-10-24T14:26:27.357+0000] {task_command.py:415} INFO - Running <TaskInstance: api_openbrewerydb_to_silver_gold.Gold scheduled__2023-10-23T08:00:00+00:00 [running]> on host 96f89615839b
[2024-10-24T14:26:27.432+0000] {taskinstance.py:1660} INFO - Exporting env vars: AIRFLOW_CTX_DAG_OWNER='Rodrigo Araujo' AIRFLOW_CTX_DAG_ID='api_openbrewerydb_to_silver_gold' AIRFLOW_CTX_TASK_ID='Gold' AIRFLOW_CTX_EXECUTION_DATE='2023-10-23T08:00:00+00:00' AIRFLOW_CTX_TRY_NUMBER='1' AIRFLOW_CTX_DAG_RUN_ID='scheduled__2023-10-23T08:00:00+00:00'
[2024-10-24T14:26:27.443+0000] {base.py:73} INFO - Using connection ID 'spark-conn' for task execution.
[2024-10-24T14:26:27.443+0000] {spark_submit.py:363} INFO - Spark-Submit cmd: spark-submit --master spark://spark-master:7077 --name arrow-spark jobs/gold/api_openbrewerydb.py
[2024-10-24T14:26:30.217+0000] {spark_submit.py:524} INFO - 24/10/24 14:26:30 INFO SparkContext: Running Spark version 3.5.3
[2024-10-24T14:26:30.219+0000] {spark_submit.py:524} INFO - 24/10/24 14:26:30 INFO SparkContext: OS info Linux, 5.15.0-124-generic, amd64
[2024-10-24T14:26:30.219+0000] {spark_submit.py:524} INFO - 24/10/24 14:26:30 INFO SparkContext: Java version 11.0.25
[2024-10-24T14:26:30.270+0000] {spark_submit.py:524} INFO - 24/10/24 14:26:30 WARN NativeCodeLoader: Unable to load native-hadoop library for your platform... using builtin-java classes where applicable
[2024-10-24T14:26:30.347+0000] {spark_submit.py:524} INFO - 24/10/24 14:26:30 INFO ResourceUtils: ==============================================================
[2024-10-24T14:26:30.347+0000] {spark_submit.py:524} INFO - 24/10/24 14:26:30 INFO ResourceUtils: No custom resources configured for spark.driver.
[2024-10-24T14:26:30.348+0000] {spark_submit.py:524} INFO - 24/10/24 14:26:30 INFO ResourceUtils: ==============================================================
[2024-10-24T14:26:30.348+0000] {spark_submit.py:524} INFO - 24/10/24 14:26:30 INFO SparkContext: Submitted application: IngestaoSilver
[2024-10-24T14:26:30.367+0000] {spark_submit.py:524} INFO - 24/10/24 14:26:30 INFO ResourceProfile: Default ResourceProfile created, executor resources: Map(memory -> name: memory, amount: 1024, script: , vendor: , offHeap -> name: offHeap, amount: 0, script: , vendor: ), task resources: Map(cpus -> name: cpus, amount: 1.0)
[2024-10-24T14:26:30.380+0000] {spark_submit.py:524} INFO - 24/10/24 14:26:30 INFO ResourceProfile: Limiting resource is cpu
[2024-10-24T14:26:30.380+0000] {spark_submit.py:524} INFO - 24/10/24 14:26:30 INFO ResourceProfileManager: Added ResourceProfile id: 0
[2024-10-24T14:26:30.424+0000] {spark_submit.py:524} INFO - 24/10/24 14:26:30 INFO SecurityManager: Changing view acls to: ***
[2024-10-24T14:26:30.424+0000] {spark_submit.py:524} INFO - 24/10/24 14:26:30 INFO SecurityManager: Changing modify acls to: ***
[2024-10-24T14:26:30.424+0000] {spark_submit.py:524} INFO - 24/10/24 14:26:30 INFO SecurityManager: Changing view acls groups to:
[2024-10-24T14:26:30.425+0000] {spark_submit.py:524} INFO - 24/10/24 14:26:30 INFO SecurityManager: Changing modify acls groups to:
[2024-10-24T14:26:30.425+0000] {spark_submit.py:524} INFO - 24/10/24 14:26:30 INFO SecurityManager: SecurityManager: authentication disabled; ui acls disabled; users with view permissions: ***; groups with view permissions: EMPTY; users with modify permissions: ***; groups with modify permissions: EMPTY
[2024-10-24T14:26:30.633+0000] {spark_submit.py:524} INFO - 24/10/24 14:26:30 INFO Utils: Successfully started service 'sparkDriver' on port 38561.
[2024-10-24T14:26:30.656+0000] {spark_submit.py:524} INFO - 24/10/24 14:26:30 INFO SparkEnv: Registering MapOutputTracker
[2024-10-24T14:26:30.687+0000] {spark_submit.py:524} INFO - 24/10/24 14:26:30 INFO SparkEnv: Registering BlockManagerMaster
[2024-10-24T14:26:30.707+0000] {spark_submit.py:524} INFO - 24/10/24 14:26:30 INFO BlockManagerMasterEndpoint: Using org.apache.spark.storage.DefaultTopologyMapper for getting topology information
[2024-10-24T14:26:30.707+0000] {spark_submit.py:524} INFO - 24/10/24 14:26:30 INFO BlockManagerMasterEndpoint: BlockManagerMasterEndpoint up
[2024-10-24T14:26:30.711+0000] {spark_submit.py:524} INFO - 24/10/24 14:26:30 INFO SparkEnv: Registering BlockManagerMasterHeartbeat
[2024-10-24T14:26:30.729+0000] {spark_submit.py:524} INFO - 24/10/24 14:26:30 INFO DiskBlockManager: Created local directory at /tmp/blockmgr-e4f15123-7ed6-42e1-b96e-8cb7bf3d5602
[2024-10-24T14:26:30.742+0000] {spark_submit.py:524} INFO - 24/10/24 14:26:30 INFO MemoryStore: MemoryStore started with capacity 434.4 MiB
[2024-10-24T14:26:30.756+0000] {spark_submit.py:524} INFO - 24/10/24 14:26:30 INFO SparkEnv: Registering OutputCommitCoordinator
[2024-10-24T14:26:30.885+0000] {spark_submit.py:524} INFO - 24/10/24 14:26:30 INFO JettyUtils: Start Jetty 0.0.0.0:4040 for SparkUI
[2024-10-24T14:26:30.932+0000] {spark_submit.py:524} INFO - 24/10/24 14:26:30 INFO Utils: Successfully started service 'SparkUI' on port 4040.
[2024-10-24T14:26:31.028+0000] {spark_submit.py:524} INFO - 24/10/24 14:26:31 INFO StandaloneAppClient$ClientEndpoint: Connecting to master spark://spark-master:7077...
[2024-10-24T14:26:31.072+0000] {spark_submit.py:524} INFO - 24/10/24 14:26:31 INFO TransportClientFactory: Successfully created connection to spark-master/172.18.0.2:7077 after 26 ms (0 ms spent in bootstraps)
[2024-10-24T14:26:31.151+0000] {spark_submit.py:524} INFO - 24/10/24 14:26:31 INFO StandaloneSchedulerBackend: Connected to Spark cluster with app ID app-20241024142631-0005
[2024-10-24T14:26:31.153+0000] {spark_submit.py:524} INFO - 24/10/24 14:26:31 INFO StandaloneAppClient$ClientEndpoint: Executor added: app-20241024142631-0005/0 on worker-20241024142308-172.18.0.5-43899 (172.18.0.5:43899) with 2 core(s)
[2024-10-24T14:26:31.159+0000] {spark_submit.py:524} INFO - 24/10/24 14:26:31 INFO StandaloneSchedulerBackend: Granted executor ID app-20241024142631-0005/0 on hostPort 172.18.0.5:43899 with 2 core(s), 1024.0 MiB RAM
[2024-10-24T14:26:31.164+0000] {spark_submit.py:524} INFO - 24/10/24 14:26:31 INFO Utils: Successfully started service 'org.apache.spark.network.netty.NettyBlockTransferService' on port 37771.
[2024-10-24T14:26:31.165+0000] {spark_submit.py:524} INFO - 24/10/24 14:26:31 INFO NettyBlockTransferService: Server created on 96f89615839b:37771
[2024-10-24T14:26:31.169+0000] {spark_submit.py:524} INFO - 24/10/24 14:26:31 INFO BlockManager: Using org.apache.spark.storage.RandomBlockReplicationPolicy for block replication policy
[2024-10-24T14:26:31.190+0000] {spark_submit.py:524} INFO - 24/10/24 14:26:31 INFO BlockManagerMaster: Registering BlockManager BlockManagerId(driver, 96f89615839b, 37771, None)
[2024-10-24T14:26:31.194+0000] {spark_submit.py:524} INFO - 24/10/24 14:26:31 INFO BlockManagerMasterEndpoint: Registering block manager 96f89615839b:37771 with 434.4 MiB RAM, BlockManagerId(driver, 96f89615839b, 37771, None)
[2024-10-24T14:26:31.197+0000] {spark_submit.py:524} INFO - 24/10/24 14:26:31 INFO BlockManagerMaster: Registered BlockManager BlockManagerId(driver, 96f89615839b, 37771, None)
[2024-10-24T14:26:31.200+0000] {spark_submit.py:524} INFO - 24/10/24 14:26:31 INFO BlockManager: Initialized BlockManager: BlockManagerId(driver, 96f89615839b, 37771, None)
[2024-10-24T14:26:31.202+0000] {spark_submit.py:524} INFO - 24/10/24 14:26:31 INFO StandaloneAppClient$ClientEndpoint: Executor updated: app-20241024142631-0005/0 is now RUNNING
[2024-10-24T14:26:31.462+0000] {spark_submit.py:524} INFO - 24/10/24 14:26:31 INFO StandaloneSchedulerBackend: SchedulerBackend is ready for scheduling beginning after reached minRegisteredResourcesRatio: 0.0
[2024-10-24T14:26:31.659+0000] {spark_submit.py:524} INFO - Hello from Spark!
[2024-10-24T14:26:31.659+0000] {spark_submit.py:524} INFO - 24/10/24 14:26:31 INFO SparkContext: SparkContext is stopping with exitCode 0.
[2024-10-24T14:26:31.668+0000] {spark_submit.py:524} INFO - 24/10/24 14:26:31 INFO SparkUI: Stopped Spark web UI at http://96f89615839b:4040
[2024-10-24T14:26:31.672+0000] {spark_submit.py:524} INFO - 24/10/24 14:26:31 INFO StandaloneSchedulerBackend: Shutting down all executors
[2024-10-24T14:26:31.676+0000] {spark_submit.py:524} INFO - 24/10/24 14:26:31 INFO StandaloneSchedulerBackend$StandaloneDriverEndpoint: Asking each executor to shut down
[2024-10-24T14:26:31.698+0000] {spark_submit.py:524} INFO - 24/10/24 14:26:31 INFO MapOutputTrackerMasterEndpoint: MapOutputTrackerMasterEndpoint stopped!
[2024-10-24T14:26:31.712+0000] {spark_submit.py:524} INFO - 24/10/24 14:26:31 INFO MemoryStore: MemoryStore cleared
[2024-10-24T14:26:31.712+0000] {spark_submit.py:524} INFO - 24/10/24 14:26:31 INFO BlockManager: BlockManager stopped
[2024-10-24T14:26:31.719+0000] {spark_submit.py:524} INFO - 24/10/24 14:26:31 INFO BlockManagerMaster: BlockManagerMaster stopped
[2024-10-24T14:26:31.722+0000] {spark_submit.py:524} INFO - 24/10/24 14:26:31 INFO OutputCommitCoordinator$OutputCommitCoordinatorEndpoint: OutputCommitCoordinator stopped!
[2024-10-24T14:26:31.729+0000] {spark_submit.py:524} INFO - 24/10/24 14:26:31 INFO SparkContext: Successfully stopped SparkContext
[2024-10-24T14:26:32.063+0000] {spark_submit.py:524} INFO - 24/10/24 14:26:32 INFO ShutdownHookManager: Shutdown hook called
[2024-10-24T14:26:32.063+0000] {spark_submit.py:524} INFO - 24/10/24 14:26:32 INFO ShutdownHookManager: Deleting directory /tmp/spark-2ec17929-18d2-42bd-9951-0434922310d2
[2024-10-24T14:26:32.066+0000] {spark_submit.py:524} INFO - 24/10/24 14:26:32 INFO ShutdownHookManager: Deleting directory /tmp/spark-2d6175cb-8706-4ebc-97fa-a61496fc8880
[2024-10-24T14:26:32.069+0000] {spark_submit.py:524} INFO - 24/10/24 14:26:32 INFO ShutdownHookManager: Deleting directory /tmp/spark-2d6175cb-8706-4ebc-97fa-a61496fc8880/pyspark-4450b3af-0f46-4e56-a8ee-ecdae129bebc
[2024-10-24T14:26:32.116+0000] {taskinstance.py:1398} INFO - Marking task as SUCCESS. dag_id=api_openbrewerydb_to_silver_gold, task_id=Gold, execution_date=20231023T080000, start_date=20241024T142627, end_date=20241024T142632
[2024-10-24T14:26:32.135+0000] {local_task_job_runner.py:228} INFO - Task exited with return code 0
[2024-10-24T14:26:32.152+0000] {taskinstance.py:2776} INFO - 0 downstream tasks scheduled from follow-on schedule check
