[2024-10-23T00:08:28.915+0000] {taskinstance.py:1157} INFO - Dependencies all met for dep_context=non-requeueable deps ti=<TaskInstance: Ingestion.Silver manual__2024-10-23T00:08:26.410601+00:00 [queued]>
[2024-10-23T00:08:28.922+0000] {taskinstance.py:1157} INFO - Dependencies all met for dep_context=requeueable deps ti=<TaskInstance: Ingestion.Silver manual__2024-10-23T00:08:26.410601+00:00 [queued]>
[2024-10-23T00:08:28.923+0000] {taskinstance.py:1359} INFO - Starting attempt 1 of 1
[2024-10-23T00:08:28.932+0000] {taskinstance.py:1380} INFO - Executing <Task(SparkSubmitOperator): Silver> on 2024-10-23 00:08:26.410601+00:00
[2024-10-23T00:08:28.936+0000] {standard_task_runner.py:57} INFO - Started process 523 to run task
[2024-10-23T00:08:28.938+0000] {standard_task_runner.py:84} INFO - Running: ['***', 'tasks', 'run', 'Ingestion', 'Silver', 'manual__2024-10-23T00:08:26.410601+00:00', '--job-id', '12', '--raw', '--subdir', 'DAGS_FOLDER/spark_ingestion.py', '--cfg-path', '/tmp/tmpa4ovyewr']
[2024-10-23T00:08:28.942+0000] {standard_task_runner.py:85} INFO - Job 12: Subtask Silver
[2024-10-23T00:08:28.984+0000] {task_command.py:415} INFO - Running <TaskInstance: Ingestion.Silver manual__2024-10-23T00:08:26.410601+00:00 [running]> on host de5108c6da1d
[2024-10-23T00:08:29.064+0000] {taskinstance.py:1660} INFO - Exporting env vars: AIRFLOW_CTX_DAG_OWNER='Rodrigo Araujo' AIRFLOW_CTX_DAG_ID='Ingestion' AIRFLOW_CTX_TASK_ID='Silver' AIRFLOW_CTX_EXECUTION_DATE='2024-10-23T00:08:26.410601+00:00' AIRFLOW_CTX_TRY_NUMBER='1' AIRFLOW_CTX_DAG_RUN_ID='manual__2024-10-23T00:08:26.410601+00:00'
[2024-10-23T00:08:29.076+0000] {base.py:73} INFO - Using connection ID 'spark-conn' for task execution.
[2024-10-23T00:08:29.077+0000] {spark_submit.py:363} INFO - Spark-Submit cmd: spark-submit --master spark://spark-master:7077 --name arrow-spark --queue root.default jobs/silver/usuarios.py
[2024-10-23T00:08:32.301+0000] {spark_submit.py:524} INFO - 24/10/23 00:08:32 INFO SparkContext: Running Spark version 3.5.3
[2024-10-23T00:08:32.302+0000] {spark_submit.py:524} INFO - 24/10/23 00:08:32 INFO SparkContext: OS info Linux, 5.15.0-124-generic, amd64
[2024-10-23T00:08:32.303+0000] {spark_submit.py:524} INFO - 24/10/23 00:08:32 INFO SparkContext: Java version 11.0.25
[2024-10-23T00:08:32.360+0000] {spark_submit.py:524} INFO - 24/10/23 00:08:32 WARN NativeCodeLoader: Unable to load native-hadoop library for your platform... using builtin-java classes where applicable
[2024-10-23T00:08:32.438+0000] {spark_submit.py:524} INFO - 24/10/23 00:08:32 INFO ResourceUtils: ==============================================================
[2024-10-23T00:08:32.439+0000] {spark_submit.py:524} INFO - 24/10/23 00:08:32 INFO ResourceUtils: No custom resources configured for spark.driver.
[2024-10-23T00:08:32.439+0000] {spark_submit.py:524} INFO - 24/10/23 00:08:32 INFO ResourceUtils: ==============================================================
[2024-10-23T00:08:32.439+0000] {spark_submit.py:524} INFO - 24/10/23 00:08:32 INFO SparkContext: Submitted application: PythonWordCount
[2024-10-23T00:08:32.463+0000] {spark_submit.py:524} INFO - 24/10/23 00:08:32 INFO ResourceProfile: Default ResourceProfile created, executor resources: Map(memory -> name: memory, amount: 1024, script: , vendor: , offHeap -> name: offHeap, amount: 0, script: , vendor: ), task resources: Map(cpus -> name: cpus, amount: 1.0)
[2024-10-23T00:08:32.478+0000] {spark_submit.py:524} INFO - 24/10/23 00:08:32 INFO ResourceProfile: Limiting resource is cpu
[2024-10-23T00:08:32.479+0000] {spark_submit.py:524} INFO - 24/10/23 00:08:32 INFO ResourceProfileManager: Added ResourceProfile id: 0
[2024-10-23T00:08:32.528+0000] {spark_submit.py:524} INFO - 24/10/23 00:08:32 INFO SecurityManager: Changing view acls to: ***
[2024-10-23T00:08:32.529+0000] {spark_submit.py:524} INFO - 24/10/23 00:08:32 INFO SecurityManager: Changing modify acls to: ***
[2024-10-23T00:08:32.529+0000] {spark_submit.py:524} INFO - 24/10/23 00:08:32 INFO SecurityManager: Changing view acls groups to:
[2024-10-23T00:08:32.530+0000] {spark_submit.py:524} INFO - 24/10/23 00:08:32 INFO SecurityManager: Changing modify acls groups to:
[2024-10-23T00:08:32.530+0000] {spark_submit.py:524} INFO - 24/10/23 00:08:32 INFO SecurityManager: SecurityManager: authentication disabled; ui acls disabled; users with view permissions: ***; groups with view permissions: EMPTY; users with modify permissions: ***; groups with modify permissions: EMPTY
[2024-10-23T00:08:32.758+0000] {spark_submit.py:524} INFO - 24/10/23 00:08:32 INFO Utils: Successfully started service 'sparkDriver' on port 37049.
[2024-10-23T00:08:32.786+0000] {spark_submit.py:524} INFO - 24/10/23 00:08:32 INFO SparkEnv: Registering MapOutputTracker
[2024-10-23T00:08:32.814+0000] {spark_submit.py:524} INFO - 24/10/23 00:08:32 INFO SparkEnv: Registering BlockManagerMaster
[2024-10-23T00:08:32.832+0000] {spark_submit.py:524} INFO - 24/10/23 00:08:32 INFO BlockManagerMasterEndpoint: Using org.apache.spark.storage.DefaultTopologyMapper for getting topology information
[2024-10-23T00:08:32.833+0000] {spark_submit.py:524} INFO - 24/10/23 00:08:32 INFO BlockManagerMasterEndpoint: BlockManagerMasterEndpoint up
[2024-10-23T00:08:32.836+0000] {spark_submit.py:524} INFO - 24/10/23 00:08:32 INFO SparkEnv: Registering BlockManagerMasterHeartbeat
[2024-10-23T00:08:32.854+0000] {spark_submit.py:524} INFO - 24/10/23 00:08:32 INFO DiskBlockManager: Created local directory at /tmp/blockmgr-118a2b32-4b4b-41ff-b95d-8f060994f1a7
[2024-10-23T00:08:32.867+0000] {spark_submit.py:524} INFO - 24/10/23 00:08:32 INFO MemoryStore: MemoryStore started with capacity 434.4 MiB
[2024-10-23T00:08:32.881+0000] {spark_submit.py:524} INFO - 24/10/23 00:08:32 INFO SparkEnv: Registering OutputCommitCoordinator
[2024-10-23T00:08:33.013+0000] {spark_submit.py:524} INFO - 24/10/23 00:08:33 INFO JettyUtils: Start Jetty 0.0.0.0:4040 for SparkUI
[2024-10-23T00:08:33.060+0000] {spark_submit.py:524} INFO - 24/10/23 00:08:33 INFO Utils: Successfully started service 'SparkUI' on port 4040.
[2024-10-23T00:08:33.168+0000] {spark_submit.py:524} INFO - 24/10/23 00:08:33 INFO StandaloneAppClient$ClientEndpoint: Connecting to master spark://spark-master:7077...
[2024-10-23T00:08:33.219+0000] {spark_submit.py:524} INFO - 24/10/23 00:08:33 INFO TransportClientFactory: Successfully created connection to spark-master/172.22.0.3:7077 after 33 ms (0 ms spent in bootstraps)
[2024-10-23T00:08:33.311+0000] {spark_submit.py:524} INFO - 24/10/23 00:08:33 INFO StandaloneSchedulerBackend: Connected to Spark cluster with app ID app-20241023000833-0001
[2024-10-23T00:08:33.312+0000] {spark_submit.py:524} INFO - 24/10/23 00:08:33 INFO StandaloneAppClient$ClientEndpoint: Executor added: app-20241023000833-0001/0 on worker-20241022235208-172.22.0.5-40659 (172.22.0.5:40659) with 2 core(s)
[2024-10-23T00:08:33.315+0000] {spark_submit.py:524} INFO - 24/10/23 00:08:33 INFO StandaloneSchedulerBackend: Granted executor ID app-20241023000833-0001/0 on hostPort 172.22.0.5:40659 with 2 core(s), 1024.0 MiB RAM
[2024-10-23T00:08:33.322+0000] {spark_submit.py:524} INFO - 24/10/23 00:08:33 INFO Utils: Successfully started service 'org.apache.spark.network.netty.NettyBlockTransferService' on port 37341.
[2024-10-23T00:08:33.322+0000] {spark_submit.py:524} INFO - 24/10/23 00:08:33 INFO NettyBlockTransferService: Server created on de5108c6da1d:37341
[2024-10-23T00:08:33.324+0000] {spark_submit.py:524} INFO - 24/10/23 00:08:33 INFO BlockManager: Using org.apache.spark.storage.RandomBlockReplicationPolicy for block replication policy
[2024-10-23T00:08:33.330+0000] {spark_submit.py:524} INFO - 24/10/23 00:08:33 INFO BlockManagerMaster: Registering BlockManager BlockManagerId(driver, de5108c6da1d, 37341, None)
[2024-10-23T00:08:33.334+0000] {spark_submit.py:524} INFO - 24/10/23 00:08:33 INFO BlockManagerMasterEndpoint: Registering block manager de5108c6da1d:37341 with 434.4 MiB RAM, BlockManagerId(driver, de5108c6da1d, 37341, None)
[2024-10-23T00:08:33.338+0000] {spark_submit.py:524} INFO - 24/10/23 00:08:33 INFO BlockManagerMaster: Registered BlockManager BlockManagerId(driver, de5108c6da1d, 37341, None)
[2024-10-23T00:08:33.340+0000] {spark_submit.py:524} INFO - 24/10/23 00:08:33 INFO BlockManager: Initialized BlockManager: BlockManagerId(driver, de5108c6da1d, 37341, None)
[2024-10-23T00:08:33.356+0000] {spark_submit.py:524} INFO - 24/10/23 00:08:33 INFO StandaloneAppClient$ClientEndpoint: Executor updated: app-20241023000833-0001/0 is now RUNNING
[2024-10-23T00:08:33.601+0000] {spark_submit.py:524} INFO - 24/10/23 00:08:33 INFO StandaloneSchedulerBackend: SchedulerBackend is ready for scheduling beginning after reached minRegisteredResourcesRatio: 0.0
[2024-10-23T00:08:33.804+0000] {spark_submit.py:524} INFO - Hello from Spark!
[2024-10-23T00:08:33.805+0000] {spark_submit.py:524} INFO - 24/10/23 00:08:33 INFO SparkContext: SparkContext is stopping with exitCode 0.
[2024-10-23T00:08:33.818+0000] {spark_submit.py:524} INFO - 24/10/23 00:08:33 INFO SparkUI: Stopped Spark web UI at http://de5108c6da1d:4040
[2024-10-23T00:08:33.825+0000] {spark_submit.py:524} INFO - 24/10/23 00:08:33 INFO StandaloneSchedulerBackend: Shutting down all executors
[2024-10-23T00:08:33.829+0000] {spark_submit.py:524} INFO - 24/10/23 00:08:33 INFO StandaloneSchedulerBackend$StandaloneDriverEndpoint: Asking each executor to shut down
[2024-10-23T00:08:33.845+0000] {spark_submit.py:524} INFO - 24/10/23 00:08:33 INFO MapOutputTrackerMasterEndpoint: MapOutputTrackerMasterEndpoint stopped!
[2024-10-23T00:08:33.857+0000] {spark_submit.py:524} INFO - 24/10/23 00:08:33 INFO MemoryStore: MemoryStore cleared
[2024-10-23T00:08:33.857+0000] {spark_submit.py:524} INFO - 24/10/23 00:08:33 INFO BlockManager: BlockManager stopped
[2024-10-23T00:08:33.867+0000] {spark_submit.py:524} INFO - 24/10/23 00:08:33 INFO BlockManagerMaster: BlockManagerMaster stopped
[2024-10-23T00:08:33.869+0000] {spark_submit.py:524} INFO - 24/10/23 00:08:33 INFO OutputCommitCoordinator$OutputCommitCoordinatorEndpoint: OutputCommitCoordinator stopped!
[2024-10-23T00:08:33.876+0000] {spark_submit.py:524} INFO - 24/10/23 00:08:33 INFO SparkContext: Successfully stopped SparkContext
[2024-10-23T00:08:34.227+0000] {spark_submit.py:524} INFO - 24/10/23 00:08:34 INFO ShutdownHookManager: Shutdown hook called
[2024-10-23T00:08:34.228+0000] {spark_submit.py:524} INFO - 24/10/23 00:08:34 INFO ShutdownHookManager: Deleting directory /tmp/spark-2791290e-cef3-4405-93cf-e086025a6630
[2024-10-23T00:08:34.232+0000] {spark_submit.py:524} INFO - 24/10/23 00:08:34 INFO ShutdownHookManager: Deleting directory /tmp/spark-29fa7212-f0f5-4b20-8847-559d695aaeb4/pyspark-d2c72178-ebca-465b-8521-dc106ab59363
[2024-10-23T00:08:34.236+0000] {spark_submit.py:524} INFO - 24/10/23 00:08:34 INFO ShutdownHookManager: Deleting directory /tmp/spark-29fa7212-f0f5-4b20-8847-559d695aaeb4
[2024-10-23T00:08:34.297+0000] {taskinstance.py:1398} INFO - Marking task as SUCCESS. dag_id=Ingestion, task_id=Silver, execution_date=20241023T000826, start_date=20241023T000828, end_date=20241023T000834
[2024-10-23T00:08:34.342+0000] {local_task_job_runner.py:228} INFO - Task exited with return code 0
[2024-10-23T00:08:34.384+0000] {taskinstance.py:2776} INFO - 1 downstream tasks scheduled from follow-on schedule check
