[2024-10-24T01:21:22.877+0000] {taskinstance.py:1157} INFO - Dependencies all met for dep_context=non-requeueable deps ti=<TaskInstance: api_openbrewerydb_to_silver_gold.Silver scheduled__2023-11-21T08:00:00+00:00 [queued]>
[2024-10-24T01:21:22.892+0000] {taskinstance.py:1157} INFO - Dependencies all met for dep_context=requeueable deps ti=<TaskInstance: api_openbrewerydb_to_silver_gold.Silver scheduled__2023-11-21T08:00:00+00:00 [queued]>
[2024-10-24T01:21:22.893+0000] {taskinstance.py:1359} INFO - Starting attempt 1 of 3
[2024-10-24T01:21:22.921+0000] {taskinstance.py:1380} INFO - Executing <Task(SparkSubmitOperator): Silver> on 2023-11-21 08:00:00+00:00
[2024-10-24T01:21:22.932+0000] {standard_task_runner.py:57} INFO - Started process 6152 to run task
[2024-10-24T01:21:22.937+0000] {standard_task_runner.py:84} INFO - Running: ['***', 'tasks', 'run', 'api_openbrewerydb_to_silver_gold', 'Silver', 'scheduled__2023-11-21T08:00:00+00:00', '--job-id', '102', '--raw', '--subdir', 'DAGS_FOLDER/api_openbrewerydb_to_silver.py', '--cfg-path', '/tmp/tmpvnh0x33w']
[2024-10-24T01:21:22.945+0000] {standard_task_runner.py:85} INFO - Job 102: Subtask Silver
[2024-10-24T01:21:23.072+0000] {task_command.py:415} INFO - Running <TaskInstance: api_openbrewerydb_to_silver_gold.Silver scheduled__2023-11-21T08:00:00+00:00 [running]> on host de5108c6da1d
[2024-10-24T01:21:23.269+0000] {taskinstance.py:1660} INFO - Exporting env vars: AIRFLOW_CTX_DAG_OWNER='Rodrigo Araujo' AIRFLOW_CTX_DAG_ID='api_openbrewerydb_to_silver_gold' AIRFLOW_CTX_TASK_ID='Silver' AIRFLOW_CTX_EXECUTION_DATE='2023-11-21T08:00:00+00:00' AIRFLOW_CTX_TRY_NUMBER='1' AIRFLOW_CTX_DAG_RUN_ID='scheduled__2023-11-21T08:00:00+00:00'
[2024-10-24T01:21:23.295+0000] {base.py:73} INFO - Using connection ID 'spark-conn' for task execution.
[2024-10-24T01:21:23.297+0000] {spark_submit.py:363} INFO - Spark-Submit cmd: spark-submit --master spark://spark-master:7077 --name arrow-spark --queue root.default jobs/silver/api_openbrewerydb.py
[2024-10-24T01:21:30.324+0000] {spark_submit.py:524} INFO - 24/10/24 01:21:30 INFO SparkContext: Running Spark version 3.5.3
[2024-10-24T01:21:30.329+0000] {spark_submit.py:524} INFO - 24/10/24 01:21:30 INFO SparkContext: OS info Linux, 5.15.0-124-generic, amd64
[2024-10-24T01:21:30.329+0000] {spark_submit.py:524} INFO - 24/10/24 01:21:30 INFO SparkContext: Java version 11.0.25
[2024-10-24T01:21:30.506+0000] {spark_submit.py:524} INFO - 24/10/24 01:21:30 WARN NativeCodeLoader: Unable to load native-hadoop library for your platform... using builtin-java classes where applicable
[2024-10-24T01:21:30.690+0000] {spark_submit.py:524} INFO - 24/10/24 01:21:30 INFO ResourceUtils: ==============================================================
[2024-10-24T01:21:30.690+0000] {spark_submit.py:524} INFO - 24/10/24 01:21:30 INFO ResourceUtils: No custom resources configured for spark.driver.
[2024-10-24T01:21:30.691+0000] {spark_submit.py:524} INFO - 24/10/24 01:21:30 INFO ResourceUtils: ==============================================================
[2024-10-24T01:21:30.692+0000] {spark_submit.py:524} INFO - 24/10/24 01:21:30 INFO SparkContext: Submitted application: IngestaoSilver
[2024-10-24T01:21:30.732+0000] {spark_submit.py:524} INFO - 24/10/24 01:21:30 INFO ResourceProfile: Default ResourceProfile created, executor resources: Map(memory -> name: memory, amount: 1024, script: , vendor: , offHeap -> name: offHeap, amount: 0, script: , vendor: ), task resources: Map(cpus -> name: cpus, amount: 1.0)
[2024-10-24T01:21:30.761+0000] {spark_submit.py:524} INFO - 24/10/24 01:21:30 INFO ResourceProfile: Limiting resource is cpu
[2024-10-24T01:21:30.763+0000] {spark_submit.py:524} INFO - 24/10/24 01:21:30 INFO ResourceProfileManager: Added ResourceProfile id: 0
[2024-10-24T01:21:30.877+0000] {spark_submit.py:524} INFO - 24/10/24 01:21:30 INFO SecurityManager: Changing view acls to: ***
[2024-10-24T01:21:30.878+0000] {spark_submit.py:524} INFO - 24/10/24 01:21:30 INFO SecurityManager: Changing modify acls to: ***
[2024-10-24T01:21:30.878+0000] {spark_submit.py:524} INFO - 24/10/24 01:21:30 INFO SecurityManager: Changing view acls groups to:
[2024-10-24T01:21:30.879+0000] {spark_submit.py:524} INFO - 24/10/24 01:21:30 INFO SecurityManager: Changing modify acls groups to:
[2024-10-24T01:21:30.880+0000] {spark_submit.py:524} INFO - 24/10/24 01:21:30 INFO SecurityManager: SecurityManager: authentication disabled; ui acls disabled; users with view permissions: ***; groups with view permissions: EMPTY; users with modify permissions: ***; groups with modify permissions: EMPTY
[2024-10-24T01:21:31.398+0000] {spark_submit.py:524} INFO - 24/10/24 01:21:31 INFO Utils: Successfully started service 'sparkDriver' on port 45743.
[2024-10-24T01:21:31.458+0000] {spark_submit.py:524} INFO - 24/10/24 01:21:31 INFO SparkEnv: Registering MapOutputTracker
[2024-10-24T01:21:31.530+0000] {spark_submit.py:524} INFO - 24/10/24 01:21:31 INFO SparkEnv: Registering BlockManagerMaster
[2024-10-24T01:21:31.579+0000] {spark_submit.py:524} INFO - 24/10/24 01:21:31 INFO BlockManagerMasterEndpoint: Using org.apache.spark.storage.DefaultTopologyMapper for getting topology information
[2024-10-24T01:21:31.581+0000] {spark_submit.py:524} INFO - 24/10/24 01:21:31 INFO BlockManagerMasterEndpoint: BlockManagerMasterEndpoint up
[2024-10-24T01:21:31.590+0000] {spark_submit.py:524} INFO - 24/10/24 01:21:31 INFO SparkEnv: Registering BlockManagerMasterHeartbeat
[2024-10-24T01:21:31.644+0000] {spark_submit.py:524} INFO - 24/10/24 01:21:31 INFO DiskBlockManager: Created local directory at /tmp/blockmgr-d43f1dbe-d0ed-474e-bac9-341f5795285d
[2024-10-24T01:21:31.682+0000] {spark_submit.py:524} INFO - 24/10/24 01:21:31 INFO MemoryStore: MemoryStore started with capacity 434.4 MiB
[2024-10-24T01:21:31.720+0000] {spark_submit.py:524} INFO - 24/10/24 01:21:31 INFO SparkEnv: Registering OutputCommitCoordinator
[2024-10-24T01:21:32.254+0000] {spark_submit.py:524} INFO - 24/10/24 01:21:32 INFO JettyUtils: Start Jetty 0.0.0.0:4040 for SparkUI
[2024-10-24T01:21:32.503+0000] {spark_submit.py:524} INFO - 24/10/24 01:21:32 WARN Utils: Service 'SparkUI' could not bind on port 4040. Attempting port 4041.
[2024-10-24T01:21:32.589+0000] {spark_submit.py:524} INFO - 24/10/24 01:21:32 INFO Utils: Successfully started service 'SparkUI' on port 4041.
[2024-10-24T01:21:33.463+0000] {spark_submit.py:524} INFO - 24/10/24 01:21:33 INFO StandaloneAppClient$ClientEndpoint: Connecting to master spark://spark-master:7077...
[2024-10-24T01:21:33.700+0000] {spark_submit.py:524} INFO - 24/10/24 01:21:33 INFO TransportClientFactory: Successfully created connection to spark-master/172.22.0.3:7077 after 161 ms (0 ms spent in bootstraps)
[2024-10-24T01:21:34.010+0000] {spark_submit.py:524} INFO - 24/10/24 01:21:34 INFO StandaloneSchedulerBackend: Connected to Spark cluster with app ID app-20241024012133-0033
[2024-10-24T01:21:34.062+0000] {spark_submit.py:524} INFO - 24/10/24 01:21:34 INFO StandaloneAppClient$ClientEndpoint: Executor added: app-20241024012133-0033/0 on worker-20241024010948-172.22.0.4-41535 (172.22.0.4:41535) with 2 core(s)
[2024-10-24T01:21:34.069+0000] {spark_submit.py:524} INFO - 24/10/24 01:21:34 INFO StandaloneSchedulerBackend: Granted executor ID app-20241024012133-0033/0 on hostPort 172.22.0.4:41535 with 2 core(s), 1024.0 MiB RAM
[2024-10-24T01:21:34.082+0000] {spark_submit.py:524} INFO - 24/10/24 01:21:34 INFO Utils: Successfully started service 'org.apache.spark.network.netty.NettyBlockTransferService' on port 44951.
[2024-10-24T01:21:34.084+0000] {spark_submit.py:524} INFO - 24/10/24 01:21:34 INFO NettyBlockTransferService: Server created on de5108c6da1d:44951
[2024-10-24T01:21:34.096+0000] {spark_submit.py:524} INFO - 24/10/24 01:21:34 INFO BlockManager: Using org.apache.spark.storage.RandomBlockReplicationPolicy for block replication policy
[2024-10-24T01:21:34.145+0000] {spark_submit.py:524} INFO - 24/10/24 01:21:34 INFO BlockManagerMaster: Registering BlockManager BlockManagerId(driver, de5108c6da1d, 44951, None)
[2024-10-24T01:21:34.162+0000] {spark_submit.py:524} INFO - 24/10/24 01:21:34 INFO StandaloneAppClient$ClientEndpoint: Executor updated: app-20241024012133-0033/0 is now RUNNING
[2024-10-24T01:21:34.180+0000] {spark_submit.py:524} INFO - 24/10/24 01:21:34 INFO BlockManagerMasterEndpoint: Registering block manager de5108c6da1d:44951 with 434.4 MiB RAM, BlockManagerId(driver, de5108c6da1d, 44951, None)
[2024-10-24T01:21:34.191+0000] {spark_submit.py:524} INFO - 24/10/24 01:21:34 INFO BlockManagerMaster: Registered BlockManager BlockManagerId(driver, de5108c6da1d, 44951, None)
[2024-10-24T01:21:34.198+0000] {spark_submit.py:524} INFO - 24/10/24 01:21:34 INFO BlockManager: Initialized BlockManager: BlockManagerId(driver, de5108c6da1d, 44951, None)
[2024-10-24T01:21:35.099+0000] {spark_submit.py:524} INFO - 24/10/24 01:21:35 INFO StandaloneSchedulerBackend: SchedulerBackend is ready for scheduling beginning after reached minRegisteredResourcesRatio: 0.0
[2024-10-24T01:21:35.597+0000] {spark_submit.py:524} INFO - Hello from Spark!
[2024-10-24T01:21:35.599+0000] {spark_submit.py:524} INFO - 24/10/24 01:21:35 INFO SparkContext: SparkContext is stopping with exitCode 0.
[2024-10-24T01:21:35.636+0000] {spark_submit.py:524} INFO - 24/10/24 01:21:35 INFO SparkUI: Stopped Spark web UI at http://de5108c6da1d:4041
[2024-10-24T01:21:35.640+0000] {spark_submit.py:524} INFO - 24/10/24 01:21:35 INFO StandaloneSchedulerBackend: Shutting down all executors
[2024-10-24T01:21:35.649+0000] {spark_submit.py:524} INFO - 24/10/24 01:21:35 INFO StandaloneSchedulerBackend$StandaloneDriverEndpoint: Asking each executor to shut down
[2024-10-24T01:21:35.717+0000] {spark_submit.py:524} INFO - 24/10/24 01:21:35 INFO MapOutputTrackerMasterEndpoint: MapOutputTrackerMasterEndpoint stopped!
[2024-10-24T01:21:35.765+0000] {spark_submit.py:524} INFO - 24/10/24 01:21:35 INFO MemoryStore: MemoryStore cleared
[2024-10-24T01:21:35.767+0000] {spark_submit.py:524} INFO - 24/10/24 01:21:35 INFO BlockManager: BlockManager stopped
[2024-10-24T01:21:35.783+0000] {spark_submit.py:524} INFO - 24/10/24 01:21:35 INFO BlockManagerMaster: BlockManagerMaster stopped
[2024-10-24T01:21:35.789+0000] {spark_submit.py:524} INFO - 24/10/24 01:21:35 INFO OutputCommitCoordinator$OutputCommitCoordinatorEndpoint: OutputCommitCoordinator stopped!
[2024-10-24T01:21:35.813+0000] {spark_submit.py:524} INFO - 24/10/24 01:21:35 INFO SparkContext: Successfully stopped SparkContext
[2024-10-24T01:21:36.232+0000] {spark_submit.py:524} INFO - 24/10/24 01:21:36 INFO ShutdownHookManager: Shutdown hook called
[2024-10-24T01:21:36.233+0000] {spark_submit.py:524} INFO - 24/10/24 01:21:36 INFO ShutdownHookManager: Deleting directory /tmp/spark-d6782e7a-7844-4ebc-bb21-016850f8ac9c
[2024-10-24T01:21:36.238+0000] {spark_submit.py:524} INFO - 24/10/24 01:21:36 INFO ShutdownHookManager: Deleting directory /tmp/spark-6095edb4-1d1d-41fb-8992-bbe3fd7d0db8/pyspark-05f7376c-3914-4ddb-a943-a0ae9728be52
[2024-10-24T01:21:36.245+0000] {spark_submit.py:524} INFO - 24/10/24 01:21:36 INFO ShutdownHookManager: Deleting directory /tmp/spark-6095edb4-1d1d-41fb-8992-bbe3fd7d0db8
[2024-10-24T01:21:36.341+0000] {taskinstance.py:1398} INFO - Marking task as SUCCESS. dag_id=api_openbrewerydb_to_silver_gold, task_id=Silver, execution_date=20231121T080000, start_date=20241024T012122, end_date=20241024T012136
[2024-10-24T01:21:36.392+0000] {local_task_job_runner.py:228} INFO - Task exited with return code 0
[2024-10-24T01:21:36.429+0000] {taskinstance.py:2776} INFO - 1 downstream tasks scheduled from follow-on schedule check
