[2024-10-24T01:37:15.260+0000] {taskinstance.py:1157} INFO - Dependencies all met for dep_context=non-requeueable deps ti=<TaskInstance: api_openbrewerydb_to_silver_gold.Gold scheduled__2023-12-12T08:00:00+00:00 [queued]>
[2024-10-24T01:37:15.267+0000] {taskinstance.py:1157} INFO - Dependencies all met for dep_context=requeueable deps ti=<TaskInstance: api_openbrewerydb_to_silver_gold.Gold scheduled__2023-12-12T08:00:00+00:00 [queued]>
[2024-10-24T01:37:15.268+0000] {taskinstance.py:1359} INFO - Starting attempt 1 of 3
[2024-10-24T01:37:15.278+0000] {taskinstance.py:1380} INFO - Executing <Task(SparkSubmitOperator): Gold> on 2023-12-12 08:00:00+00:00
[2024-10-24T01:37:15.282+0000] {standard_task_runner.py:57} INFO - Started process 508 to run task
[2024-10-24T01:37:15.284+0000] {standard_task_runner.py:84} INFO - Running: ['***', 'tasks', 'run', 'api_openbrewerydb_to_silver_gold', 'Gold', 'scheduled__2023-12-12T08:00:00+00:00', '--job-id', '160', '--raw', '--subdir', 'DAGS_FOLDER/api_openbrewerydb_to_silver.py', '--cfg-path', '/tmp/tmpgforzaui']
[2024-10-24T01:37:15.289+0000] {standard_task_runner.py:85} INFO - Job 160: Subtask Gold
[2024-10-24T01:37:15.344+0000] {task_command.py:415} INFO - Running <TaskInstance: api_openbrewerydb_to_silver_gold.Gold scheduled__2023-12-12T08:00:00+00:00 [running]> on host de5108c6da1d
[2024-10-24T01:37:15.429+0000] {taskinstance.py:1660} INFO - Exporting env vars: AIRFLOW_CTX_DAG_OWNER='Rodrigo Araujo' AIRFLOW_CTX_DAG_ID='api_openbrewerydb_to_silver_gold' AIRFLOW_CTX_TASK_ID='Gold' AIRFLOW_CTX_EXECUTION_DATE='2023-12-12T08:00:00+00:00' AIRFLOW_CTX_TRY_NUMBER='1' AIRFLOW_CTX_DAG_RUN_ID='scheduled__2023-12-12T08:00:00+00:00'
[2024-10-24T01:37:15.441+0000] {base.py:73} INFO - Using connection ID 'spark-conn' for task execution.
[2024-10-24T01:37:15.442+0000] {spark_submit.py:363} INFO - Spark-Submit cmd: spark-submit --master spark://spark-master:7077 --name arrow-spark --queue root.default jobs/gold/api_openbrewerydb.py
[2024-10-24T01:37:19.640+0000] {spark_submit.py:524} INFO - 24/10/24 01:37:19 INFO SparkContext: Running Spark version 3.5.3
[2024-10-24T01:37:19.643+0000] {spark_submit.py:524} INFO - 24/10/24 01:37:19 INFO SparkContext: OS info Linux, 5.15.0-124-generic, amd64
[2024-10-24T01:37:19.644+0000] {spark_submit.py:524} INFO - 24/10/24 01:37:19 INFO SparkContext: Java version 11.0.25
[2024-10-24T01:37:19.755+0000] {spark_submit.py:524} INFO - 24/10/24 01:37:19 WARN NativeCodeLoader: Unable to load native-hadoop library for your platform... using builtin-java classes where applicable
[2024-10-24T01:37:19.933+0000] {spark_submit.py:524} INFO - 24/10/24 01:37:19 INFO ResourceUtils: ==============================================================
[2024-10-24T01:37:19.935+0000] {spark_submit.py:524} INFO - 24/10/24 01:37:19 INFO ResourceUtils: No custom resources configured for spark.driver.
[2024-10-24T01:37:19.936+0000] {spark_submit.py:524} INFO - 24/10/24 01:37:19 INFO ResourceUtils: ==============================================================
[2024-10-24T01:37:19.937+0000] {spark_submit.py:524} INFO - 24/10/24 01:37:19 INFO SparkContext: Submitted application: IngestaoSilver
[2024-10-24T01:37:20.007+0000] {spark_submit.py:524} INFO - 24/10/24 01:37:20 INFO ResourceProfile: Default ResourceProfile created, executor resources: Map(memory -> name: memory, amount: 1024, script: , vendor: , offHeap -> name: offHeap, amount: 0, script: , vendor: ), task resources: Map(cpus -> name: cpus, amount: 1.0)
[2024-10-24T01:37:20.031+0000] {spark_submit.py:524} INFO - 24/10/24 01:37:20 INFO ResourceProfile: Limiting resource is cpu
[2024-10-24T01:37:20.032+0000] {spark_submit.py:524} INFO - 24/10/24 01:37:20 INFO ResourceProfileManager: Added ResourceProfile id: 0
[2024-10-24T01:37:20.128+0000] {spark_submit.py:524} INFO - 24/10/24 01:37:20 INFO SecurityManager: Changing view acls to: ***
[2024-10-24T01:37:20.129+0000] {spark_submit.py:524} INFO - 24/10/24 01:37:20 INFO SecurityManager: Changing modify acls to: ***
[2024-10-24T01:37:20.130+0000] {spark_submit.py:524} INFO - 24/10/24 01:37:20 INFO SecurityManager: Changing view acls groups to:
[2024-10-24T01:37:20.132+0000] {spark_submit.py:524} INFO - 24/10/24 01:37:20 INFO SecurityManager: Changing modify acls groups to:
[2024-10-24T01:37:20.133+0000] {spark_submit.py:524} INFO - 24/10/24 01:37:20 INFO SecurityManager: SecurityManager: authentication disabled; ui acls disabled; users with view permissions: ***; groups with view permissions: EMPTY; users with modify permissions: ***; groups with modify permissions: EMPTY
[2024-10-24T01:37:20.608+0000] {spark_submit.py:524} INFO - 24/10/24 01:37:20 INFO Utils: Successfully started service 'sparkDriver' on port 43659.
[2024-10-24T01:37:20.657+0000] {spark_submit.py:524} INFO - 24/10/24 01:37:20 INFO SparkEnv: Registering MapOutputTracker
[2024-10-24T01:37:20.706+0000] {spark_submit.py:524} INFO - 24/10/24 01:37:20 INFO SparkEnv: Registering BlockManagerMaster
[2024-10-24T01:37:20.746+0000] {spark_submit.py:524} INFO - 24/10/24 01:37:20 INFO BlockManagerMasterEndpoint: Using org.apache.spark.storage.DefaultTopologyMapper for getting topology information
[2024-10-24T01:37:20.748+0000] {spark_submit.py:524} INFO - 24/10/24 01:37:20 INFO BlockManagerMasterEndpoint: BlockManagerMasterEndpoint up
[2024-10-24T01:37:20.754+0000] {spark_submit.py:524} INFO - 24/10/24 01:37:20 INFO SparkEnv: Registering BlockManagerMasterHeartbeat
[2024-10-24T01:37:20.792+0000] {spark_submit.py:524} INFO - 24/10/24 01:37:20 INFO DiskBlockManager: Created local directory at /tmp/blockmgr-90b1de58-a589-4a00-bc0f-16c7818f5d1b
[2024-10-24T01:37:20.819+0000] {spark_submit.py:524} INFO - 24/10/24 01:37:20 INFO MemoryStore: MemoryStore started with capacity 434.4 MiB
[2024-10-24T01:37:20.848+0000] {spark_submit.py:524} INFO - 24/10/24 01:37:20 INFO SparkEnv: Registering OutputCommitCoordinator
[2024-10-24T01:37:21.133+0000] {spark_submit.py:524} INFO - 24/10/24 01:37:21 INFO JettyUtils: Start Jetty 0.0.0.0:4040 for SparkUI
[2024-10-24T01:37:21.206+0000] {spark_submit.py:524} INFO - 24/10/24 01:37:21 WARN Utils: Service 'SparkUI' could not bind on port 4040. Attempting port 4041.
[2024-10-24T01:37:21.217+0000] {spark_submit.py:524} INFO - 24/10/24 01:37:21 INFO Utils: Successfully started service 'SparkUI' on port 4041.
[2024-10-24T01:37:21.427+0000] {spark_submit.py:524} INFO - 24/10/24 01:37:21 INFO StandaloneAppClient$ClientEndpoint: Connecting to master spark://spark-master:7077...
[2024-10-24T01:37:21.496+0000] {spark_submit.py:524} INFO - 24/10/24 01:37:21 INFO TransportClientFactory: Successfully created connection to spark-master/172.22.0.2:7077 after 39 ms (0 ms spent in bootstraps)
[2024-10-24T01:37:21.695+0000] {spark_submit.py:524} INFO - 24/10/24 01:37:21 INFO StandaloneSchedulerBackend: Connected to Spark cluster with app ID app-20241024013721-0003
[2024-10-24T01:37:21.722+0000] {spark_submit.py:524} INFO - 24/10/24 01:37:21 INFO Utils: Successfully started service 'org.apache.spark.network.netty.NettyBlockTransferService' on port 42225.
[2024-10-24T01:37:21.724+0000] {spark_submit.py:524} INFO - 24/10/24 01:37:21 INFO NettyBlockTransferService: Server created on de5108c6da1d:42225
[2024-10-24T01:37:21.731+0000] {spark_submit.py:524} INFO - 24/10/24 01:37:21 INFO BlockManager: Using org.apache.spark.storage.RandomBlockReplicationPolicy for block replication policy
[2024-10-24T01:37:21.746+0000] {spark_submit.py:524} INFO - 24/10/24 01:37:21 INFO BlockManagerMaster: Registering BlockManager BlockManagerId(driver, de5108c6da1d, 42225, None)
[2024-10-24T01:37:21.763+0000] {spark_submit.py:524} INFO - 24/10/24 01:37:21 INFO BlockManagerMasterEndpoint: Registering block manager de5108c6da1d:42225 with 434.4 MiB RAM, BlockManagerId(driver, de5108c6da1d, 42225, None)
[2024-10-24T01:37:21.768+0000] {spark_submit.py:524} INFO - 24/10/24 01:37:21 INFO BlockManagerMaster: Registered BlockManager BlockManagerId(driver, de5108c6da1d, 42225, None)
[2024-10-24T01:37:21.770+0000] {spark_submit.py:524} INFO - 24/10/24 01:37:21 INFO BlockManager: Initialized BlockManager: BlockManagerId(driver, de5108c6da1d, 42225, None)
[2024-10-24T01:37:22.192+0000] {spark_submit.py:524} INFO - 24/10/24 01:37:22 INFO StandaloneSchedulerBackend: SchedulerBackend is ready for scheduling beginning after reached minRegisteredResourcesRatio: 0.0
[2024-10-24T01:37:22.558+0000] {spark_submit.py:524} INFO - 24/10/24 01:37:22 INFO StandaloneAppClient$ClientEndpoint: Executor added: app-20241024013721-0003/0 on worker-20241024013655-172.22.0.4-42143 (172.22.0.4:42143) with 2 core(s)
[2024-10-24T01:37:22.562+0000] {spark_submit.py:524} INFO - 24/10/24 01:37:22 INFO StandaloneSchedulerBackend: Granted executor ID app-20241024013721-0003/0 on hostPort 172.22.0.4:42143 with 2 core(s), 1024.0 MiB RAM
[2024-10-24T01:37:22.565+0000] {spark_submit.py:524} INFO - Hello from Spark!
[2024-10-24T01:37:22.567+0000] {spark_submit.py:524} INFO - 24/10/24 01:37:22 INFO SparkContext: SparkContext is stopping with exitCode 0.
[2024-10-24T01:37:22.592+0000] {spark_submit.py:524} INFO - 24/10/24 01:37:22 INFO SparkUI: Stopped Spark web UI at http://de5108c6da1d:4041
[2024-10-24T01:37:22.612+0000] {spark_submit.py:524} INFO - 24/10/24 01:37:22 INFO StandaloneSchedulerBackend: Shutting down all executors
[2024-10-24T01:37:22.620+0000] {spark_submit.py:524} INFO - 24/10/24 01:37:22 INFO StandaloneSchedulerBackend$StandaloneDriverEndpoint: Asking each executor to shut down
[2024-10-24T01:37:22.659+0000] {spark_submit.py:524} INFO - 24/10/24 01:37:22 INFO MapOutputTrackerMasterEndpoint: MapOutputTrackerMasterEndpoint stopped!
[2024-10-24T01:37:22.681+0000] {spark_submit.py:524} INFO - 24/10/24 01:37:22 INFO MemoryStore: MemoryStore cleared
[2024-10-24T01:37:22.682+0000] {spark_submit.py:524} INFO - 24/10/24 01:37:22 INFO BlockManager: BlockManager stopped
[2024-10-24T01:37:22.688+0000] {spark_submit.py:524} INFO - 24/10/24 01:37:22 INFO BlockManagerMaster: BlockManagerMaster stopped
[2024-10-24T01:37:22.692+0000] {spark_submit.py:524} INFO - 24/10/24 01:37:22 INFO OutputCommitCoordinator$OutputCommitCoordinatorEndpoint: OutputCommitCoordinator stopped!
[2024-10-24T01:37:22.702+0000] {spark_submit.py:524} INFO - 24/10/24 01:37:22 INFO SparkContext: Successfully stopped SparkContext
[2024-10-24T01:37:22.780+0000] {spark_submit.py:524} INFO - 24/10/24 01:37:22 INFO ShutdownHookManager: Shutdown hook called
[2024-10-24T01:37:22.781+0000] {spark_submit.py:524} INFO - 24/10/24 01:37:22 INFO ShutdownHookManager: Deleting directory /tmp/spark-d3072743-4453-455e-8e5e-15684070d7d4/pyspark-4a5fa88c-23c2-4d84-b0c8-65f48f09501a
[2024-10-24T01:37:22.784+0000] {spark_submit.py:524} INFO - 24/10/24 01:37:22 INFO ShutdownHookManager: Deleting directory /tmp/spark-9f2528d9-3768-46a7-bd81-aaf48aa2eb5f
[2024-10-24T01:37:22.787+0000] {spark_submit.py:524} INFO - 24/10/24 01:37:22 INFO ShutdownHookManager: Deleting directory /tmp/spark-d3072743-4453-455e-8e5e-15684070d7d4
[2024-10-24T01:37:22.829+0000] {taskinstance.py:1398} INFO - Marking task as SUCCESS. dag_id=api_openbrewerydb_to_silver_gold, task_id=Gold, execution_date=20231212T080000, start_date=20241024T013715, end_date=20241024T013722
[2024-10-24T01:37:22.877+0000] {local_task_job_runner.py:228} INFO - Task exited with return code 0
[2024-10-24T01:37:22.892+0000] {taskinstance.py:2776} INFO - 0 downstream tasks scheduled from follow-on schedule check
[2024-10-24T14:37:50.529+0000] {logging_mixin.py:151} INFO - Changing /opt/***/logs/dag_id=api_openbrewerydb_to_silver_gold/run_id=scheduled__2023-12-12T08:00:00+00:00/task_id=Gold permission to 509
[2024-10-24T14:37:50.537+0000] {logging_mixin.py:151} INFO - Failed to change /opt/***/logs/dag_id=api_openbrewerydb_to_silver_gold/run_id=scheduled__2023-12-12T08:00:00+00:00/task_id=Gold permission to 509: [Errno 1] Operation not permitted: '/opt/***/logs/dag_id=api_openbrewerydb_to_silver_gold/run_id=scheduled__2023-12-12T08:00:00+00:00/task_id=Gold'
[2024-10-24T14:37:50.569+0000] {logging_mixin.py:151} INFO - Changing /opt/***/logs/dag_id=api_openbrewerydb_to_silver_gold/run_id=scheduled__2023-12-12T08:00:00+00:00/task_id=Gold permission to 509
[2024-10-24T14:37:50.569+0000] {logging_mixin.py:151} INFO - Failed to change /opt/***/logs/dag_id=api_openbrewerydb_to_silver_gold/run_id=scheduled__2023-12-12T08:00:00+00:00/task_id=Gold permission to 509: [Errno 1] Operation not permitted: '/opt/***/logs/dag_id=api_openbrewerydb_to_silver_gold/run_id=scheduled__2023-12-12T08:00:00+00:00/task_id=Gold'
[2024-10-24T14:37:50.599+0000] {taskinstance.py:1157} INFO - Dependencies all met for dep_context=non-requeueable deps ti=<TaskInstance: api_openbrewerydb_to_silver_gold.Gold scheduled__2023-12-12T08:00:00+00:00 [queued]>
[2024-10-24T14:37:50.605+0000] {taskinstance.py:1157} INFO - Dependencies all met for dep_context=requeueable deps ti=<TaskInstance: api_openbrewerydb_to_silver_gold.Gold scheduled__2023-12-12T08:00:00+00:00 [queued]>
[2024-10-24T14:37:50.606+0000] {taskinstance.py:1359} INFO - Starting attempt 1 of 2
[2024-10-24T14:37:50.615+0000] {taskinstance.py:1380} INFO - Executing <Task(SparkSubmitOperator): Gold> on 2023-12-12 08:00:00+00:00
[2024-10-24T14:37:50.619+0000] {standard_task_runner.py:57} INFO - Started process 16948 to run task
[2024-10-24T14:37:50.622+0000] {standard_task_runner.py:84} INFO - Running: ['***', 'tasks', 'run', 'api_openbrewerydb_to_silver_gold', 'Gold', 'scheduled__2023-12-12T08:00:00+00:00', '--job-id', '110', '--raw', '--subdir', 'DAGS_FOLDER/api_openbrewerydb_to_silver.py', '--cfg-path', '/tmp/tmpv_c47p6k']
[2024-10-24T14:37:50.625+0000] {standard_task_runner.py:85} INFO - Job 110: Subtask Gold
[2024-10-24T14:37:50.734+0000] {logging_mixin.py:151} INFO - Changing /opt/***/logs/dag_id=api_openbrewerydb_to_silver_gold/run_id=scheduled__2023-12-12T08:00:00+00:00/task_id=Gold permission to 509
[2024-10-24T14:37:50.734+0000] {logging_mixin.py:151} INFO - Failed to change /opt/***/logs/dag_id=api_openbrewerydb_to_silver_gold/run_id=scheduled__2023-12-12T08:00:00+00:00/task_id=Gold permission to 509: [Errno 1] Operation not permitted: '/opt/***/logs/dag_id=api_openbrewerydb_to_silver_gold/run_id=scheduled__2023-12-12T08:00:00+00:00/task_id=Gold'
[2024-10-24T14:37:50.735+0000] {task_command.py:415} INFO - Running <TaskInstance: api_openbrewerydb_to_silver_gold.Gold scheduled__2023-12-12T08:00:00+00:00 [running]> on host 96f89615839b
[2024-10-24T14:37:50.814+0000] {taskinstance.py:1660} INFO - Exporting env vars: AIRFLOW_CTX_DAG_OWNER='Rodrigo Araujo' AIRFLOW_CTX_DAG_ID='api_openbrewerydb_to_silver_gold' AIRFLOW_CTX_TASK_ID='Gold' AIRFLOW_CTX_EXECUTION_DATE='2023-12-12T08:00:00+00:00' AIRFLOW_CTX_TRY_NUMBER='1' AIRFLOW_CTX_DAG_RUN_ID='scheduled__2023-12-12T08:00:00+00:00'
[2024-10-24T14:37:50.824+0000] {base.py:73} INFO - Using connection ID 'spark-conn' for task execution.
[2024-10-24T14:37:50.825+0000] {spark_submit.py:363} INFO - Spark-Submit cmd: spark-submit --master spark://spark-master:7077 --name arrow-spark jobs/gold/api_openbrewerydb.py
[2024-10-24T14:37:53.533+0000] {spark_submit.py:524} INFO - 24/10/24 14:37:53 INFO SparkContext: Running Spark version 3.5.3
[2024-10-24T14:37:53.535+0000] {spark_submit.py:524} INFO - 24/10/24 14:37:53 INFO SparkContext: OS info Linux, 5.15.0-124-generic, amd64
[2024-10-24T14:37:53.536+0000] {spark_submit.py:524} INFO - 24/10/24 14:37:53 INFO SparkContext: Java version 11.0.25
[2024-10-24T14:37:53.601+0000] {spark_submit.py:524} INFO - 24/10/24 14:37:53 WARN NativeCodeLoader: Unable to load native-hadoop library for your platform... using builtin-java classes where applicable
[2024-10-24T14:37:53.688+0000] {spark_submit.py:524} INFO - 24/10/24 14:37:53 INFO ResourceUtils: ==============================================================
[2024-10-24T14:37:53.688+0000] {spark_submit.py:524} INFO - 24/10/24 14:37:53 INFO ResourceUtils: No custom resources configured for spark.driver.
[2024-10-24T14:37:53.688+0000] {spark_submit.py:524} INFO - 24/10/24 14:37:53 INFO ResourceUtils: ==============================================================
[2024-10-24T14:37:53.689+0000] {spark_submit.py:524} INFO - 24/10/24 14:37:53 INFO SparkContext: Submitted application: IngestaoSilver
[2024-10-24T14:37:53.712+0000] {spark_submit.py:524} INFO - 24/10/24 14:37:53 INFO ResourceProfile: Default ResourceProfile created, executor resources: Map(memory -> name: memory, amount: 1024, script: , vendor: , offHeap -> name: offHeap, amount: 0, script: , vendor: ), task resources: Map(cpus -> name: cpus, amount: 1.0)
[2024-10-24T14:37:53.725+0000] {spark_submit.py:524} INFO - 24/10/24 14:37:53 INFO ResourceProfile: Limiting resource is cpu
[2024-10-24T14:37:53.726+0000] {spark_submit.py:524} INFO - 24/10/24 14:37:53 INFO ResourceProfileManager: Added ResourceProfile id: 0
[2024-10-24T14:37:53.771+0000] {spark_submit.py:524} INFO - 24/10/24 14:37:53 INFO SecurityManager: Changing view acls to: ***
[2024-10-24T14:37:53.772+0000] {spark_submit.py:524} INFO - 24/10/24 14:37:53 INFO SecurityManager: Changing modify acls to: ***
[2024-10-24T14:37:53.772+0000] {spark_submit.py:524} INFO - 24/10/24 14:37:53 INFO SecurityManager: Changing view acls groups to:
[2024-10-24T14:37:53.773+0000] {spark_submit.py:524} INFO - 24/10/24 14:37:53 INFO SecurityManager: Changing modify acls groups to:
[2024-10-24T14:37:53.774+0000] {spark_submit.py:524} INFO - 24/10/24 14:37:53 INFO SecurityManager: SecurityManager: authentication disabled; ui acls disabled; users with view permissions: ***; groups with view permissions: EMPTY; users with modify permissions: ***; groups with modify permissions: EMPTY
[2024-10-24T14:37:54.009+0000] {spark_submit.py:524} INFO - 24/10/24 14:37:54 INFO Utils: Successfully started service 'sparkDriver' on port 41403.
[2024-10-24T14:37:54.037+0000] {spark_submit.py:524} INFO - 24/10/24 14:37:54 INFO SparkEnv: Registering MapOutputTracker
[2024-10-24T14:37:54.070+0000] {spark_submit.py:524} INFO - 24/10/24 14:37:54 INFO SparkEnv: Registering BlockManagerMaster
[2024-10-24T14:37:54.089+0000] {spark_submit.py:524} INFO - 24/10/24 14:37:54 INFO BlockManagerMasterEndpoint: Using org.apache.spark.storage.DefaultTopologyMapper for getting topology information
[2024-10-24T14:37:54.090+0000] {spark_submit.py:524} INFO - 24/10/24 14:37:54 INFO BlockManagerMasterEndpoint: BlockManagerMasterEndpoint up
[2024-10-24T14:37:54.093+0000] {spark_submit.py:524} INFO - 24/10/24 14:37:54 INFO SparkEnv: Registering BlockManagerMasterHeartbeat
[2024-10-24T14:37:54.112+0000] {spark_submit.py:524} INFO - 24/10/24 14:37:54 INFO DiskBlockManager: Created local directory at /tmp/blockmgr-a4c4426a-b90f-490b-8677-125b3a3c9f2f
[2024-10-24T14:37:54.125+0000] {spark_submit.py:524} INFO - 24/10/24 14:37:54 INFO MemoryStore: MemoryStore started with capacity 434.4 MiB
[2024-10-24T14:37:54.139+0000] {spark_submit.py:524} INFO - 24/10/24 14:37:54 INFO SparkEnv: Registering OutputCommitCoordinator
[2024-10-24T14:37:54.275+0000] {spark_submit.py:524} INFO - 24/10/24 14:37:54 INFO JettyUtils: Start Jetty 0.0.0.0:4040 for SparkUI
[2024-10-24T14:37:54.330+0000] {spark_submit.py:524} INFO - 24/10/24 14:37:54 INFO Utils: Successfully started service 'SparkUI' on port 4040.
[2024-10-24T14:37:54.444+0000] {spark_submit.py:524} INFO - 24/10/24 14:37:54 INFO StandaloneAppClient$ClientEndpoint: Connecting to master spark://spark-master:7077...
[2024-10-24T14:37:54.493+0000] {spark_submit.py:524} INFO - 24/10/24 14:37:54 INFO TransportClientFactory: Successfully created connection to spark-master/172.18.0.2:7077 after 29 ms (0 ms spent in bootstraps)
[2024-10-24T14:37:54.575+0000] {spark_submit.py:524} INFO - 24/10/24 14:37:54 INFO StandaloneSchedulerBackend: Connected to Spark cluster with app ID app-20241024143754-0105
[2024-10-24T14:37:54.578+0000] {spark_submit.py:524} INFO - 24/10/24 14:37:54 INFO StandaloneAppClient$ClientEndpoint: Executor added: app-20241024143754-0105/0 on worker-20241024142308-172.18.0.5-43899 (172.18.0.5:43899) with 2 core(s)
[2024-10-24T14:37:54.580+0000] {spark_submit.py:524} INFO - 24/10/24 14:37:54 INFO StandaloneSchedulerBackend: Granted executor ID app-20241024143754-0105/0 on hostPort 172.18.0.5:43899 with 2 core(s), 1024.0 MiB RAM
[2024-10-24T14:37:54.590+0000] {spark_submit.py:524} INFO - 24/10/24 14:37:54 INFO Utils: Successfully started service 'org.apache.spark.network.netty.NettyBlockTransferService' on port 32893.
[2024-10-24T14:37:54.590+0000] {spark_submit.py:524} INFO - 24/10/24 14:37:54 INFO NettyBlockTransferService: Server created on 96f89615839b:32893
[2024-10-24T14:37:54.593+0000] {spark_submit.py:524} INFO - 24/10/24 14:37:54 INFO BlockManager: Using org.apache.spark.storage.RandomBlockReplicationPolicy for block replication policy
[2024-10-24T14:37:54.610+0000] {spark_submit.py:524} INFO - 24/10/24 14:37:54 INFO BlockManagerMaster: Registering BlockManager BlockManagerId(driver, 96f89615839b, 32893, None)
[2024-10-24T14:37:54.616+0000] {spark_submit.py:524} INFO - 24/10/24 14:37:54 INFO BlockManagerMasterEndpoint: Registering block manager 96f89615839b:32893 with 434.4 MiB RAM, BlockManagerId(driver, 96f89615839b, 32893, None)
[2024-10-24T14:37:54.626+0000] {spark_submit.py:524} INFO - 24/10/24 14:37:54 INFO StandaloneAppClient$ClientEndpoint: Executor updated: app-20241024143754-0105/0 is now RUNNING
[2024-10-24T14:37:54.626+0000] {spark_submit.py:524} INFO - 24/10/24 14:37:54 INFO BlockManagerMaster: Registered BlockManager BlockManagerId(driver, 96f89615839b, 32893, None)
[2024-10-24T14:37:54.631+0000] {spark_submit.py:524} INFO - 24/10/24 14:37:54 INFO BlockManager: Initialized BlockManager: BlockManagerId(driver, 96f89615839b, 32893, None)
[2024-10-24T14:37:54.972+0000] {spark_submit.py:524} INFO - 24/10/24 14:37:54 INFO StandaloneSchedulerBackend: SchedulerBackend is ready for scheduling beginning after reached minRegisteredResourcesRatio: 0.0
[2024-10-24T14:37:55.241+0000] {spark_submit.py:524} INFO - Hello from Spark!
[2024-10-24T14:37:55.242+0000] {spark_submit.py:524} INFO - 24/10/24 14:37:55 INFO SparkContext: SparkContext is stopping with exitCode 0.
[2024-10-24T14:37:55.256+0000] {spark_submit.py:524} INFO - 24/10/24 14:37:55 INFO SparkUI: Stopped Spark web UI at http://96f89615839b:4040
[2024-10-24T14:37:55.263+0000] {spark_submit.py:524} INFO - 24/10/24 14:37:55 INFO StandaloneSchedulerBackend: Shutting down all executors
[2024-10-24T14:37:55.268+0000] {spark_submit.py:524} INFO - 24/10/24 14:37:55 INFO StandaloneSchedulerBackend$StandaloneDriverEndpoint: Asking each executor to shut down
[2024-10-24T14:37:55.290+0000] {spark_submit.py:524} INFO - 24/10/24 14:37:55 INFO MapOutputTrackerMasterEndpoint: MapOutputTrackerMasterEndpoint stopped!
[2024-10-24T14:37:55.304+0000] {spark_submit.py:524} INFO - 24/10/24 14:37:55 INFO MemoryStore: MemoryStore cleared
[2024-10-24T14:37:55.305+0000] {spark_submit.py:524} INFO - 24/10/24 14:37:55 INFO BlockManager: BlockManager stopped
[2024-10-24T14:37:55.315+0000] {spark_submit.py:524} INFO - 24/10/24 14:37:55 INFO BlockManagerMaster: BlockManagerMaster stopped
[2024-10-24T14:37:55.317+0000] {spark_submit.py:524} INFO - 24/10/24 14:37:55 INFO OutputCommitCoordinator$OutputCommitCoordinatorEndpoint: OutputCommitCoordinator stopped!
[2024-10-24T14:37:55.326+0000] {spark_submit.py:524} INFO - 24/10/24 14:37:55 INFO SparkContext: Successfully stopped SparkContext
[2024-10-24T14:37:55.551+0000] {spark_submit.py:524} INFO - 24/10/24 14:37:55 INFO ShutdownHookManager: Shutdown hook called
[2024-10-24T14:37:55.551+0000] {spark_submit.py:524} INFO - 24/10/24 14:37:55 INFO ShutdownHookManager: Deleting directory /tmp/spark-32783451-677b-4078-b389-0216e09c2fa2/pyspark-4f526c17-97dc-414f-af85-70f7c487f9d0
[2024-10-24T14:37:55.554+0000] {spark_submit.py:524} INFO - 24/10/24 14:37:55 INFO ShutdownHookManager: Deleting directory /tmp/spark-b58ac98b-eecf-45e5-b053-b393650716e7
[2024-10-24T14:37:55.557+0000] {spark_submit.py:524} INFO - 24/10/24 14:37:55 INFO ShutdownHookManager: Deleting directory /tmp/spark-32783451-677b-4078-b389-0216e09c2fa2
[2024-10-24T14:37:55.638+0000] {taskinstance.py:1398} INFO - Marking task as SUCCESS. dag_id=api_openbrewerydb_to_silver_gold, task_id=Gold, execution_date=20231212T080000, start_date=20241024T143750, end_date=20241024T143755
[2024-10-24T14:37:55.686+0000] {local_task_job_runner.py:228} INFO - Task exited with return code 0
[2024-10-24T14:37:55.707+0000] {taskinstance.py:2776} INFO - 0 downstream tasks scheduled from follow-on schedule check
