[2024-10-24T01:38:38.582+0000] {taskinstance.py:1157} INFO - Dependencies all met for dep_context=non-requeueable deps ti=<TaskInstance: api_openbrewerydb_to_silver_gold.Silver scheduled__2023-12-20T08:00:00+00:00 [queued]>
[2024-10-24T01:38:38.599+0000] {taskinstance.py:1157} INFO - Dependencies all met for dep_context=requeueable deps ti=<TaskInstance: api_openbrewerydb_to_silver_gold.Silver scheduled__2023-12-20T08:00:00+00:00 [queued]>
[2024-10-24T01:38:38.599+0000] {taskinstance.py:1359} INFO - Starting attempt 1 of 2
[2024-10-24T01:38:38.619+0000] {taskinstance.py:1380} INFO - Executing <Task(SparkSubmitOperator): Silver> on 2023-12-20 08:00:00+00:00
[2024-10-24T01:38:38.629+0000] {standard_task_runner.py:57} INFO - Started process 2727 to run task
[2024-10-24T01:38:38.633+0000] {standard_task_runner.py:84} INFO - Running: ['***', 'tasks', 'run', 'api_openbrewerydb_to_silver_gold', 'Silver', 'scheduled__2023-12-20T08:00:00+00:00', '--job-id', '174', '--raw', '--subdir', 'DAGS_FOLDER/api_openbrewerydb_to_silver.py', '--cfg-path', '/tmp/tmpdugoic5x']
[2024-10-24T01:38:38.637+0000] {standard_task_runner.py:85} INFO - Job 174: Subtask Silver
[2024-10-24T01:38:38.709+0000] {task_command.py:415} INFO - Running <TaskInstance: api_openbrewerydb_to_silver_gold.Silver scheduled__2023-12-20T08:00:00+00:00 [running]> on host de5108c6da1d
[2024-10-24T01:38:38.815+0000] {taskinstance.py:1660} INFO - Exporting env vars: AIRFLOW_CTX_DAG_OWNER='Rodrigo Araujo' AIRFLOW_CTX_DAG_ID='api_openbrewerydb_to_silver_gold' AIRFLOW_CTX_TASK_ID='Silver' AIRFLOW_CTX_EXECUTION_DATE='2023-12-20T08:00:00+00:00' AIRFLOW_CTX_TRY_NUMBER='1' AIRFLOW_CTX_DAG_RUN_ID='scheduled__2023-12-20T08:00:00+00:00'
[2024-10-24T01:38:38.833+0000] {base.py:73} INFO - Using connection ID 'spark-conn' for task execution.
[2024-10-24T01:38:38.835+0000] {spark_submit.py:363} INFO - Spark-Submit cmd: spark-submit --master spark://spark-master:7077 --name arrow-spark --queue root.default jobs/silver/api_openbrewerydb.py
[2024-10-24T01:38:43.795+0000] {spark_submit.py:524} INFO - 24/10/24 01:38:43 INFO SparkContext: Running Spark version 3.5.3
[2024-10-24T01:38:43.797+0000] {spark_submit.py:524} INFO - 24/10/24 01:38:43 INFO SparkContext: OS info Linux, 5.15.0-124-generic, amd64
[2024-10-24T01:38:43.798+0000] {spark_submit.py:524} INFO - 24/10/24 01:38:43 INFO SparkContext: Java version 11.0.25
[2024-10-24T01:38:43.890+0000] {spark_submit.py:524} INFO - 24/10/24 01:38:43 WARN NativeCodeLoader: Unable to load native-hadoop library for your platform... using builtin-java classes where applicable
[2024-10-24T01:38:44.048+0000] {spark_submit.py:524} INFO - 24/10/24 01:38:44 INFO ResourceUtils: ==============================================================
[2024-10-24T01:38:44.050+0000] {spark_submit.py:524} INFO - 24/10/24 01:38:44 INFO ResourceUtils: No custom resources configured for spark.driver.
[2024-10-24T01:38:44.050+0000] {spark_submit.py:524} INFO - 24/10/24 01:38:44 INFO ResourceUtils: ==============================================================
[2024-10-24T01:38:44.051+0000] {spark_submit.py:524} INFO - 24/10/24 01:38:44 INFO SparkContext: Submitted application: IngestaoSilver
[2024-10-24T01:38:44.090+0000] {spark_submit.py:524} INFO - 24/10/24 01:38:44 INFO ResourceProfile: Default ResourceProfile created, executor resources: Map(memory -> name: memory, amount: 1024, script: , vendor: , offHeap -> name: offHeap, amount: 0, script: , vendor: ), task resources: Map(cpus -> name: cpus, amount: 1.0)
[2024-10-24T01:38:44.112+0000] {spark_submit.py:524} INFO - 24/10/24 01:38:44 INFO ResourceProfile: Limiting resource is cpu
[2024-10-24T01:38:44.113+0000] {spark_submit.py:524} INFO - 24/10/24 01:38:44 INFO ResourceProfileManager: Added ResourceProfile id: 0
[2024-10-24T01:38:44.198+0000] {spark_submit.py:524} INFO - 24/10/24 01:38:44 INFO SecurityManager: Changing view acls to: ***
[2024-10-24T01:38:44.199+0000] {spark_submit.py:524} INFO - 24/10/24 01:38:44 INFO SecurityManager: Changing modify acls to: ***
[2024-10-24T01:38:44.200+0000] {spark_submit.py:524} INFO - 24/10/24 01:38:44 INFO SecurityManager: Changing view acls groups to:
[2024-10-24T01:38:44.200+0000] {spark_submit.py:524} INFO - 24/10/24 01:38:44 INFO SecurityManager: Changing modify acls groups to:
[2024-10-24T01:38:44.201+0000] {spark_submit.py:524} INFO - 24/10/24 01:38:44 INFO SecurityManager: SecurityManager: authentication disabled; ui acls disabled; users with view permissions: ***; groups with view permissions: EMPTY; users with modify permissions: ***; groups with modify permissions: EMPTY
[2024-10-24T01:38:44.658+0000] {spark_submit.py:524} INFO - 24/10/24 01:38:44 INFO Utils: Successfully started service 'sparkDriver' on port 38341.
[2024-10-24T01:38:44.706+0000] {spark_submit.py:524} INFO - 24/10/24 01:38:44 INFO SparkEnv: Registering MapOutputTracker
[2024-10-24T01:38:44.769+0000] {spark_submit.py:524} INFO - 24/10/24 01:38:44 INFO SparkEnv: Registering BlockManagerMaster
[2024-10-24T01:38:44.813+0000] {spark_submit.py:524} INFO - 24/10/24 01:38:44 INFO BlockManagerMasterEndpoint: Using org.apache.spark.storage.DefaultTopologyMapper for getting topology information
[2024-10-24T01:38:44.814+0000] {spark_submit.py:524} INFO - 24/10/24 01:38:44 INFO BlockManagerMasterEndpoint: BlockManagerMasterEndpoint up
[2024-10-24T01:38:44.820+0000] {spark_submit.py:524} INFO - 24/10/24 01:38:44 INFO SparkEnv: Registering BlockManagerMasterHeartbeat
[2024-10-24T01:38:44.864+0000] {spark_submit.py:524} INFO - 24/10/24 01:38:44 INFO DiskBlockManager: Created local directory at /tmp/blockmgr-5785b69d-1c02-49f4-8685-dcd136285596
[2024-10-24T01:38:44.892+0000] {spark_submit.py:524} INFO - 24/10/24 01:38:44 INFO MemoryStore: MemoryStore started with capacity 434.4 MiB
[2024-10-24T01:38:44.921+0000] {spark_submit.py:524} INFO - 24/10/24 01:38:44 INFO SparkEnv: Registering OutputCommitCoordinator
[2024-10-24T01:38:45.219+0000] {spark_submit.py:524} INFO - 24/10/24 01:38:45 INFO JettyUtils: Start Jetty 0.0.0.0:4040 for SparkUI
[2024-10-24T01:38:45.310+0000] {spark_submit.py:524} INFO - 24/10/24 01:38:45 INFO Utils: Successfully started service 'SparkUI' on port 4040.
[2024-10-24T01:38:45.475+0000] {spark_submit.py:524} INFO - 24/10/24 01:38:45 INFO StandaloneAppClient$ClientEndpoint: Connecting to master spark://spark-master:7077...
[2024-10-24T01:38:45.584+0000] {spark_submit.py:524} INFO - 24/10/24 01:38:45 INFO TransportClientFactory: Successfully created connection to spark-master/172.22.0.2:7077 after 61 ms (0 ms spent in bootstraps)
[2024-10-24T01:38:45.787+0000] {spark_submit.py:524} INFO - 24/10/24 01:38:45 INFO StandaloneSchedulerBackend: Connected to Spark cluster with app ID app-20241024013845-0016
[2024-10-24T01:38:45.789+0000] {spark_submit.py:524} INFO - 24/10/24 01:38:45 INFO StandaloneAppClient$ClientEndpoint: Executor added: app-20241024013845-0016/0 on worker-20241024013655-172.22.0.4-42143 (172.22.0.4:42143) with 2 core(s)
[2024-10-24T01:38:45.798+0000] {spark_submit.py:524} INFO - 24/10/24 01:38:45 INFO StandaloneSchedulerBackend: Granted executor ID app-20241024013845-0016/0 on hostPort 172.22.0.4:42143 with 2 core(s), 1024.0 MiB RAM
[2024-10-24T01:38:45.826+0000] {spark_submit.py:524} INFO - 24/10/24 01:38:45 INFO Utils: Successfully started service 'org.apache.spark.network.netty.NettyBlockTransferService' on port 34547.
[2024-10-24T01:38:45.827+0000] {spark_submit.py:524} INFO - 24/10/24 01:38:45 INFO NettyBlockTransferService: Server created on de5108c6da1d:34547
[2024-10-24T01:38:45.837+0000] {spark_submit.py:524} INFO - 24/10/24 01:38:45 INFO BlockManager: Using org.apache.spark.storage.RandomBlockReplicationPolicy for block replication policy
[2024-10-24T01:38:45.862+0000] {spark_submit.py:524} INFO - 24/10/24 01:38:45 INFO BlockManagerMaster: Registering BlockManager BlockManagerId(driver, de5108c6da1d, 34547, None)
[2024-10-24T01:38:45.871+0000] {spark_submit.py:524} INFO - 24/10/24 01:38:45 INFO BlockManagerMasterEndpoint: Registering block manager de5108c6da1d:34547 with 434.4 MiB RAM, BlockManagerId(driver, de5108c6da1d, 34547, None)
[2024-10-24T01:38:45.877+0000] {spark_submit.py:524} INFO - 24/10/24 01:38:45 INFO BlockManagerMaster: Registered BlockManager BlockManagerId(driver, de5108c6da1d, 34547, None)
[2024-10-24T01:38:45.880+0000] {spark_submit.py:524} INFO - 24/10/24 01:38:45 INFO BlockManager: Initialized BlockManager: BlockManagerId(driver, de5108c6da1d, 34547, None)
[2024-10-24T01:38:45.906+0000] {spark_submit.py:524} INFO - 24/10/24 01:38:45 INFO StandaloneAppClient$ClientEndpoint: Executor updated: app-20241024013845-0016/0 is now RUNNING
[2024-10-24T01:38:46.555+0000] {spark_submit.py:524} INFO - 24/10/24 01:38:46 INFO StandaloneSchedulerBackend: SchedulerBackend is ready for scheduling beginning after reached minRegisteredResourcesRatio: 0.0
[2024-10-24T01:38:47.138+0000] {spark_submit.py:524} INFO - Hello from Spark!
[2024-10-24T01:38:47.141+0000] {spark_submit.py:524} INFO - 24/10/24 01:38:47 INFO SparkContext: SparkContext is stopping with exitCode 0.
[2024-10-24T01:38:47.194+0000] {spark_submit.py:524} INFO - 24/10/24 01:38:47 INFO SparkUI: Stopped Spark web UI at http://de5108c6da1d:4040
[2024-10-24T01:38:47.206+0000] {spark_submit.py:524} INFO - 24/10/24 01:38:47 INFO StandaloneSchedulerBackend: Shutting down all executors
[2024-10-24T01:38:47.216+0000] {spark_submit.py:524} INFO - 24/10/24 01:38:47 INFO StandaloneSchedulerBackend$StandaloneDriverEndpoint: Asking each executor to shut down
[2024-10-24T01:38:47.304+0000] {spark_submit.py:524} INFO - 24/10/24 01:38:47 INFO MapOutputTrackerMasterEndpoint: MapOutputTrackerMasterEndpoint stopped!
[2024-10-24T01:38:47.354+0000] {spark_submit.py:524} INFO - 24/10/24 01:38:47 INFO MemoryStore: MemoryStore cleared
[2024-10-24T01:38:47.355+0000] {spark_submit.py:524} INFO - 24/10/24 01:38:47 INFO BlockManager: BlockManager stopped
[2024-10-24T01:38:47.376+0000] {spark_submit.py:524} INFO - 24/10/24 01:38:47 INFO BlockManagerMaster: BlockManagerMaster stopped
[2024-10-24T01:38:47.383+0000] {spark_submit.py:524} INFO - 24/10/24 01:38:47 INFO OutputCommitCoordinator$OutputCommitCoordinatorEndpoint: OutputCommitCoordinator stopped!
[2024-10-24T01:38:47.410+0000] {spark_submit.py:524} INFO - 24/10/24 01:38:47 INFO SparkContext: Successfully stopped SparkContext
[2024-10-24T01:38:47.816+0000] {spark_submit.py:524} INFO - 24/10/24 01:38:47 INFO ShutdownHookManager: Shutdown hook called
[2024-10-24T01:38:47.819+0000] {spark_submit.py:524} INFO - 24/10/24 01:38:47 INFO ShutdownHookManager: Deleting directory /tmp/spark-79b8cf7e-e617-4731-928b-e44ab84c4ae2/pyspark-560fde02-6764-4993-8d85-0b73c3cf7909
[2024-10-24T01:38:47.827+0000] {spark_submit.py:524} INFO - 24/10/24 01:38:47 INFO ShutdownHookManager: Deleting directory /tmp/spark-a0e4fd58-0618-40ff-b229-49d56515d1ff
[2024-10-24T01:38:47.838+0000] {spark_submit.py:524} INFO - 24/10/24 01:38:47 INFO ShutdownHookManager: Deleting directory /tmp/spark-79b8cf7e-e617-4731-928b-e44ab84c4ae2
[2024-10-24T01:38:47.985+0000] {taskinstance.py:1398} INFO - Marking task as SUCCESS. dag_id=api_openbrewerydb_to_silver_gold, task_id=Silver, execution_date=20231220T080000, start_date=20241024T013838, end_date=20241024T013847
[2024-10-24T01:38:48.234+0000] {local_task_job_runner.py:228} INFO - Task exited with return code 0
[2024-10-24T01:38:48.276+0000] {taskinstance.py:2776} INFO - 1 downstream tasks scheduled from follow-on schedule check
