[2024-10-24T01:26:57.938+0000] {taskinstance.py:1157} INFO - Dependencies all met for dep_context=non-requeueable deps ti=<TaskInstance: api_openbrewerydb_to_silver_gold.Silver scheduled__2023-12-01T08:00:00+00:00 [queued]>
[2024-10-24T01:26:57.957+0000] {taskinstance.py:1157} INFO - Dependencies all met for dep_context=requeueable deps ti=<TaskInstance: api_openbrewerydb_to_silver_gold.Silver scheduled__2023-12-01T08:00:00+00:00 [queued]>
[2024-10-24T01:26:57.958+0000] {taskinstance.py:1359} INFO - Starting attempt 1 of 3
[2024-10-24T01:26:57.992+0000] {taskinstance.py:1380} INFO - Executing <Task(SparkSubmitOperator): Silver> on 2023-12-01 08:00:00+00:00
[2024-10-24T01:26:58.011+0000] {standard_task_runner.py:57} INFO - Started process 8838 to run task
[2024-10-24T01:26:58.022+0000] {standard_task_runner.py:84} INFO - Running: ['***', 'tasks', 'run', 'api_openbrewerydb_to_silver_gold', 'Silver', 'scheduled__2023-12-01T08:00:00+00:00', '--job-id', '140', '--raw', '--subdir', 'DAGS_FOLDER/api_openbrewerydb_to_silver.py', '--cfg-path', '/tmp/tmpoh9e1dya']
[2024-10-24T01:26:58.033+0000] {standard_task_runner.py:85} INFO - Job 140: Subtask Silver
[2024-10-24T01:26:58.231+0000] {task_command.py:415} INFO - Running <TaskInstance: api_openbrewerydb_to_silver_gold.Silver scheduled__2023-12-01T08:00:00+00:00 [running]> on host de5108c6da1d
[2024-10-24T01:26:58.632+0000] {taskinstance.py:1660} INFO - Exporting env vars: AIRFLOW_CTX_DAG_OWNER='Rodrigo Araujo' AIRFLOW_CTX_DAG_ID='api_openbrewerydb_to_silver_gold' AIRFLOW_CTX_TASK_ID='Silver' AIRFLOW_CTX_EXECUTION_DATE='2023-12-01T08:00:00+00:00' AIRFLOW_CTX_TRY_NUMBER='1' AIRFLOW_CTX_DAG_RUN_ID='scheduled__2023-12-01T08:00:00+00:00'
[2024-10-24T01:26:58.677+0000] {base.py:73} INFO - Using connection ID 'spark-conn' for task execution.
[2024-10-24T01:26:58.679+0000] {spark_submit.py:363} INFO - Spark-Submit cmd: spark-submit --master spark://spark-master:7077 --name arrow-spark --queue root.default jobs/silver/api_openbrewerydb.py
[2024-10-24T01:27:27.985+0000] {spark_submit.py:524} INFO - 24/10/24 01:27:27 INFO SparkContext: Running Spark version 3.5.3
[2024-10-24T01:27:27.991+0000] {spark_submit.py:524} INFO - 24/10/24 01:27:27 INFO SparkContext: OS info Linux, 5.15.0-124-generic, amd64
[2024-10-24T01:27:27.998+0000] {spark_submit.py:524} INFO - 24/10/24 01:27:27 INFO SparkContext: Java version 11.0.25
[2024-10-24T01:27:28.617+0000] {spark_submit.py:524} INFO - 24/10/24 01:27:28 WARN NativeCodeLoader: Unable to load native-hadoop library for your platform... using builtin-java classes where applicable
[2024-10-24T01:27:29.772+0000] {spark_submit.py:524} INFO - 24/10/24 01:27:29 INFO ResourceUtils: ==============================================================
[2024-10-24T01:27:29.774+0000] {spark_submit.py:524} INFO - 24/10/24 01:27:29 INFO ResourceUtils: No custom resources configured for spark.driver.
[2024-10-24T01:27:29.784+0000] {spark_submit.py:524} INFO - 24/10/24 01:27:29 INFO ResourceUtils: ==============================================================
[2024-10-24T01:27:29.786+0000] {spark_submit.py:524} INFO - 24/10/24 01:27:29 INFO SparkContext: Submitted application: IngestaoSilver
[2024-10-24T01:27:29.998+0000] {spark_submit.py:524} INFO - 24/10/24 01:27:29 INFO ResourceProfile: Default ResourceProfile created, executor resources: Map(memory -> name: memory, amount: 1024, script: , vendor: , offHeap -> name: offHeap, amount: 0, script: , vendor: ), task resources: Map(cpus -> name: cpus, amount: 1.0)
[2024-10-24T01:27:30.169+0000] {spark_submit.py:524} INFO - 24/10/24 01:27:30 INFO ResourceProfile: Limiting resource is cpu
[2024-10-24T01:27:30.171+0000] {spark_submit.py:524} INFO - 24/10/24 01:27:30 INFO ResourceProfileManager: Added ResourceProfile id: 0
[2024-10-24T01:27:30.741+0000] {spark_submit.py:524} INFO - 24/10/24 01:27:30 INFO SecurityManager: Changing view acls to: ***
[2024-10-24T01:27:30.756+0000] {spark_submit.py:524} INFO - 24/10/24 01:27:30 INFO SecurityManager: Changing modify acls to: ***
[2024-10-24T01:27:30.781+0000] {spark_submit.py:524} INFO - 24/10/24 01:27:30 INFO SecurityManager: Changing view acls groups to:
[2024-10-24T01:27:30.784+0000] {spark_submit.py:524} INFO - 24/10/24 01:27:30 INFO SecurityManager: Changing modify acls groups to:
[2024-10-24T01:27:30.793+0000] {spark_submit.py:524} INFO - 24/10/24 01:27:30 INFO SecurityManager: SecurityManager: authentication disabled; ui acls disabled; users with view permissions: ***; groups with view permissions: EMPTY; users with modify permissions: ***; groups with modify permissions: EMPTY
[2024-10-24T01:27:34.439+0000] {spark_submit.py:524} INFO - 24/10/24 01:27:34 INFO Utils: Successfully started service 'sparkDriver' on port 34701.
[2024-10-24T01:27:34.732+0000] {spark_submit.py:524} INFO - 24/10/24 01:27:34 INFO SparkEnv: Registering MapOutputTracker
[2024-10-24T01:27:35.067+0000] {spark_submit.py:524} INFO - 24/10/24 01:27:35 INFO SparkEnv: Registering BlockManagerMaster
[2024-10-24T01:27:35.277+0000] {spark_submit.py:524} INFO - 24/10/24 01:27:35 INFO BlockManagerMasterEndpoint: Using org.apache.spark.storage.DefaultTopologyMapper for getting topology information
[2024-10-24T01:27:35.278+0000] {spark_submit.py:524} INFO - 24/10/24 01:27:35 INFO BlockManagerMasterEndpoint: BlockManagerMasterEndpoint up
[2024-10-24T01:27:35.339+0000] {spark_submit.py:524} INFO - 24/10/24 01:27:35 INFO SparkEnv: Registering BlockManagerMasterHeartbeat
[2024-10-24T01:27:35.409+0000] {spark_submit.py:524} INFO - 24/10/24 01:27:35 INFO DiskBlockManager: Created local directory at /tmp/blockmgr-ca63eb74-76ca-40f7-a7eb-6bf518abea07
[2024-10-24T01:27:35.523+0000] {spark_submit.py:524} INFO - 24/10/24 01:27:35 INFO MemoryStore: MemoryStore started with capacity 434.4 MiB
[2024-10-24T01:27:35.683+0000] {spark_submit.py:524} INFO - 24/10/24 01:27:35 INFO SparkEnv: Registering OutputCommitCoordinator
[2024-10-24T01:27:37.756+0000] {spark_submit.py:524} INFO - 24/10/24 01:27:37 INFO JettyUtils: Start Jetty 0.0.0.0:4040 for SparkUI
[2024-10-24T01:27:38.367+0000] {spark_submit.py:524} INFO - 24/10/24 01:27:38 WARN Utils: Service 'SparkUI' could not bind on port 4040. Attempting port 4041.
[2024-10-24T01:27:38.385+0000] {spark_submit.py:524} INFO - 24/10/24 01:27:38 WARN Utils: Service 'SparkUI' could not bind on port 4041. Attempting port 4042.
[2024-10-24T01:27:38.386+0000] {spark_submit.py:524} INFO - 24/10/24 01:27:38 WARN Utils: Service 'SparkUI' could not bind on port 4042. Attempting port 4043.
[2024-10-24T01:27:38.400+0000] {spark_submit.py:524} INFO - 24/10/24 01:27:38 WARN Utils: Service 'SparkUI' could not bind on port 4043. Attempting port 4044.
[2024-10-24T01:27:38.401+0000] {spark_submit.py:524} INFO - 24/10/24 01:27:38 WARN Utils: Service 'SparkUI' could not bind on port 4044. Attempting port 4045.
[2024-10-24T01:27:38.494+0000] {spark_submit.py:524} INFO - 24/10/24 01:27:38 INFO Utils: Successfully started service 'SparkUI' on port 4045.
[2024-10-24T01:27:40.437+0000] {spark_submit.py:524} INFO - 24/10/24 01:27:40 INFO StandaloneAppClient$ClientEndpoint: Connecting to master spark://spark-master:7077...
[2024-10-24T01:27:41.637+0000] {spark_submit.py:524} INFO - 24/10/24 01:27:41 INFO TransportClientFactory: Successfully created connection to spark-master/172.22.0.3:7077 after 723 ms (0 ms spent in bootstraps)
[2024-10-24T01:27:43.924+0000] {spark_submit.py:524} INFO - 24/10/24 01:27:43 INFO StandaloneSchedulerBackend: Connected to Spark cluster with app ID app-20241024012743-0048
[2024-10-24T01:27:54.422+0000] {spark_submit.py:524} INFO - 24/10/24 01:27:54 INFO Utils: Successfully started service 'org.apache.spark.network.netty.NettyBlockTransferService' on port 32939.
[2024-10-24T01:27:54.651+0000] {spark_submit.py:524} INFO - 24/10/24 01:27:54 INFO NettyBlockTransferService: Server created on de5108c6da1d:32939
[2024-10-24T01:27:55.581+0000] {spark_submit.py:524} INFO - 24/10/24 01:27:55 INFO BlockManager: Using org.apache.spark.storage.RandomBlockReplicationPolicy for block replication policy
[2024-10-24T01:28:01.316+0000] {spark_submit.py:524} INFO - 24/10/24 01:28:00 INFO BlockManagerMaster: Registering BlockManager BlockManagerId(driver, de5108c6da1d, 32939, None)
[2024-10-24T01:28:04.959+0000] {spark_submit.py:524} INFO - 24/10/24 01:28:04 INFO BlockManagerMasterEndpoint: Registering block manager de5108c6da1d:32939 with 434.4 MiB RAM, BlockManagerId(driver, de5108c6da1d, 32939, None)
[2024-10-24T01:28:10.300+0000] {spark_submit.py:524} INFO - 24/10/24 01:28:09 INFO BlockManagerMaster: Registered BlockManager BlockManagerId(driver, de5108c6da1d, 32939, None)
[2024-10-24T01:28:14.517+0000] {spark_submit.py:524} INFO - 24/10/24 01:28:14 INFO BlockManager: Initialized BlockManager: BlockManagerId(driver, de5108c6da1d, 32939, None)
[2024-10-24T01:34:02.446+0000] {spark_submit.py:524} INFO - 24/10/24 01:34:02 INFO StandaloneSchedulerBackend: SchedulerBackend is ready for scheduling beginning after reached minRegisteredResourcesRatio: 0.0
[2024-10-24T01:35:24.701+0000] {local_task_job_runner.py:294} WARNING - State of this instance has been externally set to None. Terminating instance.
[2024-10-24T01:35:24.717+0000] {process_utils.py:131} INFO - Sending 15 to group 8838. PIDs of all processes in the group: [8886, 9547, 8838]
[2024-10-24T01:35:24.717+0000] {process_utils.py:86} INFO - Sending the signal 15 to group 8838
[2024-10-24T01:35:24.732+0000] {taskinstance.py:1630} ERROR - Received SIGTERM. Terminating subprocesses.
[2024-10-24T01:35:24.737+0000] {spark_submit.py:654} INFO - Sending kill signal to spark-submit
[2024-10-24T01:35:25.132+0000] {process_utils.py:79} INFO - Process psutil.Process(pid=9547, status='terminated', started='01:27:18') (9547) terminated with exit code None
[2024-10-24T01:35:25.183+0000] {taskinstance.py:1935} ERROR - Task failed with exception
Traceback (most recent call last):
  File "/home/airflow/.local/lib/python3.11/site-packages/airflow/providers/apache/spark/operators/spark_submit.py", line 183, in execute
    self._hook.submit(self._application)
  File "/home/airflow/.local/lib/python3.11/site-packages/airflow/providers/apache/spark/hooks/spark_submit.py", line 438, in submit
    self._process_spark_submit_log(iter(self._submit_sp.stdout))  # type: ignore
    ^^^^^^^^^^^^^^^^^^^^^^^^^^^^^^^^^^^^^^^^^^^^^^^^^^^^^^^^^^^^
  File "/home/airflow/.local/lib/python3.11/site-packages/airflow/providers/apache/spark/hooks/spark_submit.py", line 492, in _process_spark_submit_log
    for line in itr:
  File "/home/airflow/.local/lib/python3.11/site-packages/airflow/models/taskinstance.py", line 1632, in signal_handler
    raise AirflowException("Task received SIGTERM signal")
airflow.exceptions.AirflowException: Task received SIGTERM signal
[2024-10-24T01:35:25.269+0000] {taskinstance.py:1398} INFO - Marking task as UP_FOR_RETRY. dag_id=api_openbrewerydb_to_silver_gold, task_id=Silver, execution_date=20231201T080000, start_date=20241024T012657, end_date=20241024T013525
[2024-10-24T01:35:25.365+0000] {standard_task_runner.py:104} ERROR - Failed to execute job 140 for task Silver (Task received SIGTERM signal; 8838)
[2024-10-24T01:35:25.487+0000] {process_utils.py:79} INFO - Process psutil.Process(pid=8838, status='terminated', exitcode=1, started='01:26:57') (8838) terminated with exit code 1
[2024-10-24T01:35:25.499+0000] {process_utils.py:79} INFO - Process psutil.Process(pid=8886, status='terminated', started='01:26:58') (8886) terminated with exit code None
