[2024-10-24T01:12:21.770+0000] {taskinstance.py:1157} INFO - Dependencies all met for dep_context=non-requeueable deps ti=<TaskInstance: api_openbrewerydb_to_silver_gold.Silver scheduled__2023-10-23T08:00:00+00:00 [queued]>
[2024-10-24T01:12:21.788+0000] {taskinstance.py:1157} INFO - Dependencies all met for dep_context=requeueable deps ti=<TaskInstance: api_openbrewerydb_to_silver_gold.Silver scheduled__2023-10-23T08:00:00+00:00 [queued]>
[2024-10-24T01:12:21.788+0000] {taskinstance.py:1359} INFO - Starting attempt 1 of 3
[2024-10-24T01:12:21.889+0000] {taskinstance.py:1380} INFO - Executing <Task(SparkSubmitOperator): Silver> on 2023-10-23 08:00:00+00:00
[2024-10-24T01:12:21.899+0000] {standard_task_runner.py:57} INFO - Started process 238 to run task
[2024-10-24T01:12:21.906+0000] {standard_task_runner.py:84} INFO - Running: ['***', 'tasks', 'run', 'api_openbrewerydb_to_silver_gold', 'Silver', 'scheduled__2023-10-23T08:00:00+00:00', '--job-id', '41', '--raw', '--subdir', 'DAGS_FOLDER/api_openbrewerydb_to_silver.py', '--cfg-path', '/tmp/tmpg5ewt_56']
[2024-10-24T01:12:21.910+0000] {standard_task_runner.py:85} INFO - Job 41: Subtask Silver
[2024-10-24T01:12:22.074+0000] {task_command.py:415} INFO - Running <TaskInstance: api_openbrewerydb_to_silver_gold.Silver scheduled__2023-10-23T08:00:00+00:00 [running]> on host de5108c6da1d
[2024-10-24T01:12:22.473+0000] {taskinstance.py:1660} INFO - Exporting env vars: AIRFLOW_CTX_DAG_OWNER='Rodrigo Araujo' AIRFLOW_CTX_DAG_ID='api_openbrewerydb_to_silver_gold' AIRFLOW_CTX_TASK_ID='Silver' AIRFLOW_CTX_EXECUTION_DATE='2023-10-23T08:00:00+00:00' AIRFLOW_CTX_TRY_NUMBER='1' AIRFLOW_CTX_DAG_RUN_ID='scheduled__2023-10-23T08:00:00+00:00'
[2024-10-24T01:12:22.497+0000] {base.py:73} INFO - Using connection ID 'spark-conn' for task execution.
[2024-10-24T01:12:22.499+0000] {spark_submit.py:363} INFO - Spark-Submit cmd: spark-submit --master spark://spark-master:7077 --name arrow-spark --queue root.default jobs/silver/api_openbrewerydb.py
[2024-10-24T01:17:19.391+0000] {local_task_job_runner.py:294} WARNING - State of this instance has been externally set to queued. Terminating instance.
[2024-10-24T01:17:19.418+0000] {process_utils.py:131} INFO - Sending 15 to group 238. PIDs of all processes in the group: [243, 238]
[2024-10-24T01:17:19.419+0000] {process_utils.py:86} INFO - Sending the signal 15 to group 238
[2024-10-24T01:17:19.419+0000] {taskinstance.py:1630} ERROR - Received SIGTERM. Terminating subprocesses.
[2024-10-24T01:17:19.420+0000] {spark_submit.py:654} INFO - Sending kill signal to spark-submit
[2024-10-24T01:17:19.546+0000] {taskinstance.py:1935} ERROR - Task failed with exception
Traceback (most recent call last):
  File "/home/airflow/.local/lib/python3.11/site-packages/airflow/providers/apache/spark/operators/spark_submit.py", line 183, in execute
    self._hook.submit(self._application)
  File "/home/airflow/.local/lib/python3.11/site-packages/airflow/providers/apache/spark/hooks/spark_submit.py", line 438, in submit
    self._process_spark_submit_log(iter(self._submit_sp.stdout))  # type: ignore
    ^^^^^^^^^^^^^^^^^^^^^^^^^^^^^^^^^^^^^^^^^^^^^^^^^^^^^^^^^^^^
  File "/home/airflow/.local/lib/python3.11/site-packages/airflow/providers/apache/spark/hooks/spark_submit.py", line 492, in _process_spark_submit_log
    for line in itr:
  File "/home/airflow/.local/lib/python3.11/site-packages/airflow/models/taskinstance.py", line 1632, in signal_handler
    raise AirflowException("Task received SIGTERM signal")
airflow.exceptions.AirflowException: Task received SIGTERM signal
[2024-10-24T01:17:19.609+0000] {taskinstance.py:1398} INFO - Marking task as UP_FOR_RETRY. dag_id=api_openbrewerydb_to_silver_gold, task_id=Silver, execution_date=20231023T080000, start_date=20241024T011221, end_date=20241024T011719
[2024-10-24T01:17:19.790+0000] {standard_task_runner.py:104} ERROR - Failed to execute job 41 for task Silver (Task received SIGTERM signal; 238)
[2024-10-24T01:17:19.975+0000] {process_utils.py:79} INFO - Process psutil.Process(pid=238, status='terminated', exitcode=1, started='01:12:21') (238) terminated with exit code 1
[2024-10-24T01:17:19.976+0000] {process_utils.py:79} INFO - Process psutil.Process(pid=243, status='terminated', started='01:12:21') (243) terminated with exit code None
