[2024-10-24T15:42:27.128+0000] {taskinstance.py:1157} INFO - Dependencies all met for dep_context=non-requeueable deps ti=<TaskInstance: api_openbrewerydb_to_silver_gold.Gold manual__2024-10-24T15:42:12.216440+00:00 [queued]>
[2024-10-24T15:42:27.136+0000] {taskinstance.py:1157} INFO - Dependencies all met for dep_context=requeueable deps ti=<TaskInstance: api_openbrewerydb_to_silver_gold.Gold manual__2024-10-24T15:42:12.216440+00:00 [queued]>
[2024-10-24T15:42:27.137+0000] {taskinstance.py:1359} INFO - Starting attempt 1 of 2
[2024-10-24T15:42:27.148+0000] {taskinstance.py:1380} INFO - Executing <Task(SparkSubmitOperator): Gold> on 2024-10-24 15:42:12.216440+00:00
[2024-10-24T15:42:27.154+0000] {standard_task_runner.py:57} INFO - Started process 2546 to run task
[2024-10-24T15:42:27.156+0000] {standard_task_runner.py:84} INFO - Running: ['***', 'tasks', 'run', 'api_openbrewerydb_to_silver_gold', 'Gold', 'manual__2024-10-24T15:42:12.216440+00:00', '--job-id', '146', '--raw', '--subdir', 'DAGS_FOLDER/api_openbrewerydb_to_silver.py', '--cfg-path', '/tmp/tmpa7n68jh2']
[2024-10-24T15:42:27.162+0000] {standard_task_runner.py:85} INFO - Job 146: Subtask Gold
[2024-10-24T15:42:27.209+0000] {task_command.py:415} INFO - Running <TaskInstance: api_openbrewerydb_to_silver_gold.Gold manual__2024-10-24T15:42:12.216440+00:00 [running]> on host e995fa603d7f
[2024-10-24T15:42:27.299+0000] {taskinstance.py:1660} INFO - Exporting env vars: AIRFLOW_CTX_DAG_OWNER='Rodrigo Araujo' AIRFLOW_CTX_DAG_ID='api_openbrewerydb_to_silver_gold' AIRFLOW_CTX_TASK_ID='Gold' AIRFLOW_CTX_EXECUTION_DATE='2024-10-24T15:42:12.216440+00:00' AIRFLOW_CTX_TRY_NUMBER='1' AIRFLOW_CTX_DAG_RUN_ID='manual__2024-10-24T15:42:12.216440+00:00'
[2024-10-24T15:42:27.310+0000] {base.py:73} INFO - Using connection ID 'spark-conn' for task execution.
[2024-10-24T15:42:27.311+0000] {spark_submit.py:363} INFO - Spark-Submit cmd: spark-submit --master spark://spark-master:7077 --name arrow-spark jobs/gold/api_openbrewerydb.py
[2024-10-24T15:42:30.366+0000] {spark_submit.py:524} INFO - 24/10/24 15:42:30 INFO SparkContext: Running Spark version 3.5.0
[2024-10-24T15:42:30.368+0000] {spark_submit.py:524} INFO - 24/10/24 15:42:30 INFO SparkContext: OS info Linux, 5.15.0-124-generic, amd64
[2024-10-24T15:42:30.368+0000] {spark_submit.py:524} INFO - 24/10/24 15:42:30 INFO SparkContext: Java version 17.0.13
[2024-10-24T15:42:30.415+0000] {spark_submit.py:524} INFO - 24/10/24 15:42:30 WARN NativeCodeLoader: Unable to load native-hadoop library for your platform... using builtin-java classes where applicable
[2024-10-24T15:42:30.490+0000] {spark_submit.py:524} INFO - 24/10/24 15:42:30 INFO ResourceUtils: ==============================================================
[2024-10-24T15:42:30.491+0000] {spark_submit.py:524} INFO - 24/10/24 15:42:30 INFO ResourceUtils: No custom resources configured for spark.driver.
[2024-10-24T15:42:30.491+0000] {spark_submit.py:524} INFO - 24/10/24 15:42:30 INFO ResourceUtils: ==============================================================
[2024-10-24T15:42:30.492+0000] {spark_submit.py:524} INFO - 24/10/24 15:42:30 INFO SparkContext: Submitted application: IngestaoSilver
[2024-10-24T15:42:30.509+0000] {spark_submit.py:524} INFO - 24/10/24 15:42:30 INFO ResourceProfile: Default ResourceProfile created, executor resources: Map(memory -> name: memory, amount: 1024, script: , vendor: , offHeap -> name: offHeap, amount: 0, script: , vendor: ), task resources: Map(cpus -> name: cpus, amount: 1.0)
[2024-10-24T15:42:30.517+0000] {spark_submit.py:524} INFO - 24/10/24 15:42:30 INFO ResourceProfile: Limiting resource is cpu
[2024-10-24T15:42:30.517+0000] {spark_submit.py:524} INFO - 24/10/24 15:42:30 INFO ResourceProfileManager: Added ResourceProfile id: 0
[2024-10-24T15:42:30.590+0000] {spark_submit.py:524} INFO - 24/10/24 15:42:30 INFO SecurityManager: Changing view acls to: ***
[2024-10-24T15:42:30.590+0000] {spark_submit.py:524} INFO - 24/10/24 15:42:30 INFO SecurityManager: Changing modify acls to: ***
[2024-10-24T15:42:30.591+0000] {spark_submit.py:524} INFO - 24/10/24 15:42:30 INFO SecurityManager: Changing view acls groups to:
[2024-10-24T15:42:30.592+0000] {spark_submit.py:524} INFO - 24/10/24 15:42:30 INFO SecurityManager: Changing modify acls groups to:
[2024-10-24T15:42:30.592+0000] {spark_submit.py:524} INFO - 24/10/24 15:42:30 INFO SecurityManager: SecurityManager: authentication disabled; ui acls disabled; users with view permissions: ***; groups with view permissions: EMPTY; users with modify permissions: ***; groups with modify permissions: EMPTY
[2024-10-24T15:42:30.858+0000] {spark_submit.py:524} INFO - 24/10/24 15:42:30 INFO Utils: Successfully started service 'sparkDriver' on port 35339.
[2024-10-24T15:42:30.883+0000] {spark_submit.py:524} INFO - 24/10/24 15:42:30 INFO SparkEnv: Registering MapOutputTracker
[2024-10-24T15:42:30.922+0000] {spark_submit.py:524} INFO - 24/10/24 15:42:30 INFO SparkEnv: Registering BlockManagerMaster
[2024-10-24T15:42:30.940+0000] {spark_submit.py:524} INFO - 24/10/24 15:42:30 INFO BlockManagerMasterEndpoint: Using org.apache.spark.storage.DefaultTopologyMapper for getting topology information
[2024-10-24T15:42:30.941+0000] {spark_submit.py:524} INFO - 24/10/24 15:42:30 INFO BlockManagerMasterEndpoint: BlockManagerMasterEndpoint up
[2024-10-24T15:42:30.944+0000] {spark_submit.py:524} INFO - 24/10/24 15:42:30 INFO SparkEnv: Registering BlockManagerMasterHeartbeat
[2024-10-24T15:42:30.964+0000] {spark_submit.py:524} INFO - 24/10/24 15:42:30 INFO DiskBlockManager: Created local directory at /tmp/blockmgr-f95614b8-ff4b-47a2-8585-e9c80bb2ad4c
[2024-10-24T15:42:30.978+0000] {spark_submit.py:524} INFO - 24/10/24 15:42:30 INFO MemoryStore: MemoryStore started with capacity 434.4 MiB
[2024-10-24T15:42:30.995+0000] {spark_submit.py:524} INFO - 24/10/24 15:42:30 INFO SparkEnv: Registering OutputCommitCoordinator
[2024-10-24T15:42:31.110+0000] {spark_submit.py:524} INFO - 24/10/24 15:42:31 INFO JettyUtils: Start Jetty 0.0.0.0:4040 for SparkUI
[2024-10-24T15:42:31.158+0000] {spark_submit.py:524} INFO - 24/10/24 15:42:31 INFO Utils: Successfully started service 'SparkUI' on port 4040.
[2024-10-24T15:42:31.277+0000] {spark_submit.py:524} INFO - 24/10/24 15:42:31 INFO StandaloneAppClient$ClientEndpoint: Connecting to master spark://spark-master:7077...
[2024-10-24T15:42:31.341+0000] {spark_submit.py:524} INFO - 24/10/24 15:42:31 INFO TransportClientFactory: Successfully created connection to spark-master/172.18.0.3:7077 after 34 ms (0 ms spent in bootstraps)
[2024-10-24T15:42:31.461+0000] {spark_submit.py:524} INFO - 24/10/24 15:42:31 INFO StandaloneSchedulerBackend: Connected to Spark cluster with app ID app-20241024154231-0011
[2024-10-24T15:42:31.471+0000] {spark_submit.py:524} INFO - 24/10/24 15:42:31 INFO StandaloneAppClient$ClientEndpoint: Executor added: app-20241024154231-0011/0 on worker-20241024152407-172.18.0.5-37749 (172.18.0.5:37749) with 2 core(s)
[2024-10-24T15:42:31.474+0000] {spark_submit.py:524} INFO - 24/10/24 15:42:31 INFO StandaloneSchedulerBackend: Granted executor ID app-20241024154231-0011/0 on hostPort 172.18.0.5:37749 with 2 core(s), 1024.0 MiB RAM
[2024-10-24T15:42:31.499+0000] {spark_submit.py:524} INFO - 24/10/24 15:42:31 INFO Utils: Successfully started service 'org.apache.spark.network.netty.NettyBlockTransferService' on port 34105.
[2024-10-24T15:42:31.500+0000] {spark_submit.py:524} INFO - 24/10/24 15:42:31 INFO NettyBlockTransferService: Server created on e995fa603d7f:34105
[2024-10-24T15:42:31.519+0000] {spark_submit.py:524} INFO - 24/10/24 15:42:31 INFO BlockManager: Using org.apache.spark.storage.RandomBlockReplicationPolicy for block replication policy
[2024-10-24T15:42:31.527+0000] {spark_submit.py:524} INFO - 24/10/24 15:42:31 INFO BlockManagerMaster: Registering BlockManager BlockManagerId(driver, e995fa603d7f, 34105, None)
[2024-10-24T15:42:31.535+0000] {spark_submit.py:524} INFO - 24/10/24 15:42:31 INFO BlockManagerMasterEndpoint: Registering block manager e995fa603d7f:34105 with 434.4 MiB RAM, BlockManagerId(driver, e995fa603d7f, 34105, None)
[2024-10-24T15:42:31.536+0000] {spark_submit.py:524} INFO - 24/10/24 15:42:31 INFO BlockManagerMaster: Registered BlockManager BlockManagerId(driver, e995fa603d7f, 34105, None)
[2024-10-24T15:42:31.537+0000] {spark_submit.py:524} INFO - 24/10/24 15:42:31 INFO BlockManager: Initialized BlockManager: BlockManagerId(driver, e995fa603d7f, 34105, None)
[2024-10-24T15:42:31.539+0000] {spark_submit.py:524} INFO - 24/10/24 15:42:31 INFO StandaloneAppClient$ClientEndpoint: Executor updated: app-20241024154231-0011/0 is now RUNNING
[2024-10-24T15:42:31.853+0000] {spark_submit.py:524} INFO - 24/10/24 15:42:31 INFO StandaloneSchedulerBackend: SchedulerBackend is ready for scheduling beginning after reached minRegisteredResourcesRatio: 0.0
[2024-10-24T15:42:32.152+0000] {spark_submit.py:524} INFO - Hello from Spark!
[2024-10-24T15:42:32.153+0000] {spark_submit.py:524} INFO - 24/10/24 15:42:32 INFO SparkContext: SparkContext is stopping with exitCode 0.
[2024-10-24T15:42:32.170+0000] {spark_submit.py:524} INFO - 24/10/24 15:42:32 INFO SparkUI: Stopped Spark web UI at http://e995fa603d7f:4040
[2024-10-24T15:42:32.176+0000] {spark_submit.py:524} INFO - 24/10/24 15:42:32 INFO StandaloneSchedulerBackend: Shutting down all executors
[2024-10-24T15:42:32.182+0000] {spark_submit.py:524} INFO - 24/10/24 15:42:32 INFO StandaloneSchedulerBackend$StandaloneDriverEndpoint: Asking each executor to shut down
[2024-10-24T15:42:32.208+0000] {spark_submit.py:524} INFO - 24/10/24 15:42:32 INFO MapOutputTrackerMasterEndpoint: MapOutputTrackerMasterEndpoint stopped!
[2024-10-24T15:42:32.236+0000] {spark_submit.py:524} INFO - 24/10/24 15:42:32 INFO MemoryStore: MemoryStore cleared
[2024-10-24T15:42:32.237+0000] {spark_submit.py:524} INFO - 24/10/24 15:42:32 INFO BlockManager: BlockManager stopped
[2024-10-24T15:42:32.241+0000] {spark_submit.py:524} INFO - 24/10/24 15:42:32 INFO BlockManagerMaster: BlockManagerMaster stopped
[2024-10-24T15:42:32.243+0000] {spark_submit.py:524} INFO - 24/10/24 15:42:32 INFO OutputCommitCoordinator$OutputCommitCoordinatorEndpoint: OutputCommitCoordinator stopped!
[2024-10-24T15:42:32.253+0000] {spark_submit.py:524} INFO - 24/10/24 15:42:32 INFO SparkContext: Successfully stopped SparkContext
[2024-10-24T15:42:32.468+0000] {spark_submit.py:524} INFO - 24/10/24 15:42:32 INFO ShutdownHookManager: Shutdown hook called
[2024-10-24T15:42:32.469+0000] {spark_submit.py:524} INFO - 24/10/24 15:42:32 INFO ShutdownHookManager: Deleting directory /tmp/spark-a5913e7e-daa4-4a9b-ada5-f2702253c23d/pyspark-0ffd152f-e07f-4bbb-9acc-065035059a63
[2024-10-24T15:42:32.476+0000] {spark_submit.py:524} INFO - 24/10/24 15:42:32 INFO ShutdownHookManager: Deleting directory /tmp/spark-a5913e7e-daa4-4a9b-ada5-f2702253c23d
[2024-10-24T15:42:32.488+0000] {spark_submit.py:524} INFO - 24/10/24 15:42:32 INFO ShutdownHookManager: Deleting directory /tmp/spark-c615e5de-2408-47f0-8ca7-1c017c818d36
[2024-10-24T15:42:32.596+0000] {taskinstance.py:1398} INFO - Marking task as SUCCESS. dag_id=api_openbrewerydb_to_silver_gold, task_id=Gold, execution_date=20241024T154212, start_date=20241024T154227, end_date=20241024T154232
[2024-10-24T15:42:32.649+0000] {local_task_job_runner.py:228} INFO - Task exited with return code 0
[2024-10-24T15:42:32.685+0000] {taskinstance.py:2776} INFO - 0 downstream tasks scheduled from follow-on schedule check
