[2024-10-24T01:20:55.572+0000] {taskinstance.py:1157} INFO - Dependencies all met for dep_context=non-requeueable deps ti=<TaskInstance: api_openbrewerydb_to_silver_gold.Silver scheduled__2023-11-19T08:00:00+00:00 [queued]>
[2024-10-24T01:20:55.586+0000] {taskinstance.py:1157} INFO - Dependencies all met for dep_context=requeueable deps ti=<TaskInstance: api_openbrewerydb_to_silver_gold.Silver scheduled__2023-11-19T08:00:00+00:00 [queued]>
[2024-10-24T01:20:55.586+0000] {taskinstance.py:1359} INFO - Starting attempt 1 of 3
[2024-10-24T01:20:55.615+0000] {taskinstance.py:1380} INFO - Executing <Task(SparkSubmitOperator): Silver> on 2023-11-19 08:00:00+00:00
[2024-10-24T01:20:55.621+0000] {standard_task_runner.py:57} INFO - Started process 5534 to run task
[2024-10-24T01:20:55.626+0000] {standard_task_runner.py:84} INFO - Running: ['***', 'tasks', 'run', 'api_openbrewerydb_to_silver_gold', 'Silver', 'scheduled__2023-11-19T08:00:00+00:00', '--job-id', '98', '--raw', '--subdir', 'DAGS_FOLDER/api_openbrewerydb_to_silver.py', '--cfg-path', '/tmp/tmphsht6eow']
[2024-10-24T01:20:55.633+0000] {standard_task_runner.py:85} INFO - Job 98: Subtask Silver
[2024-10-24T01:20:55.734+0000] {task_command.py:415} INFO - Running <TaskInstance: api_openbrewerydb_to_silver_gold.Silver scheduled__2023-11-19T08:00:00+00:00 [running]> on host de5108c6da1d
[2024-10-24T01:20:55.894+0000] {taskinstance.py:1660} INFO - Exporting env vars: AIRFLOW_CTX_DAG_OWNER='Rodrigo Araujo' AIRFLOW_CTX_DAG_ID='api_openbrewerydb_to_silver_gold' AIRFLOW_CTX_TASK_ID='Silver' AIRFLOW_CTX_EXECUTION_DATE='2023-11-19T08:00:00+00:00' AIRFLOW_CTX_TRY_NUMBER='1' AIRFLOW_CTX_DAG_RUN_ID='scheduled__2023-11-19T08:00:00+00:00'
[2024-10-24T01:20:55.916+0000] {base.py:73} INFO - Using connection ID 'spark-conn' for task execution.
[2024-10-24T01:20:55.918+0000] {spark_submit.py:363} INFO - Spark-Submit cmd: spark-submit --master spark://spark-master:7077 --name arrow-spark --queue root.default jobs/silver/api_openbrewerydb.py
[2024-10-24T01:21:03.105+0000] {spark_submit.py:524} INFO - 24/10/24 01:21:03 INFO SparkContext: Running Spark version 3.5.3
[2024-10-24T01:21:03.116+0000] {spark_submit.py:524} INFO - 24/10/24 01:21:03 INFO SparkContext: OS info Linux, 5.15.0-124-generic, amd64
[2024-10-24T01:21:03.118+0000] {spark_submit.py:524} INFO - 24/10/24 01:21:03 INFO SparkContext: Java version 11.0.25
[2024-10-24T01:21:03.268+0000] {spark_submit.py:524} INFO - 24/10/24 01:21:03 WARN NativeCodeLoader: Unable to load native-hadoop library for your platform... using builtin-java classes where applicable
[2024-10-24T01:21:03.445+0000] {spark_submit.py:524} INFO - 24/10/24 01:21:03 INFO ResourceUtils: ==============================================================
[2024-10-24T01:21:03.445+0000] {spark_submit.py:524} INFO - 24/10/24 01:21:03 INFO ResourceUtils: No custom resources configured for spark.driver.
[2024-10-24T01:21:03.446+0000] {spark_submit.py:524} INFO - 24/10/24 01:21:03 INFO ResourceUtils: ==============================================================
[2024-10-24T01:21:03.447+0000] {spark_submit.py:524} INFO - 24/10/24 01:21:03 INFO SparkContext: Submitted application: IngestaoSilver
[2024-10-24T01:21:03.498+0000] {spark_submit.py:524} INFO - 24/10/24 01:21:03 INFO ResourceProfile: Default ResourceProfile created, executor resources: Map(memory -> name: memory, amount: 1024, script: , vendor: , offHeap -> name: offHeap, amount: 0, script: , vendor: ), task resources: Map(cpus -> name: cpus, amount: 1.0)
[2024-10-24T01:21:03.528+0000] {spark_submit.py:524} INFO - 24/10/24 01:21:03 INFO ResourceProfile: Limiting resource is cpu
[2024-10-24T01:21:03.530+0000] {spark_submit.py:524} INFO - 24/10/24 01:21:03 INFO ResourceProfileManager: Added ResourceProfile id: 0
[2024-10-24T01:21:03.628+0000] {spark_submit.py:524} INFO - 24/10/24 01:21:03 INFO SecurityManager: Changing view acls to: ***
[2024-10-24T01:21:03.629+0000] {spark_submit.py:524} INFO - 24/10/24 01:21:03 INFO SecurityManager: Changing modify acls to: ***
[2024-10-24T01:21:03.630+0000] {spark_submit.py:524} INFO - 24/10/24 01:21:03 INFO SecurityManager: Changing view acls groups to:
[2024-10-24T01:21:03.631+0000] {spark_submit.py:524} INFO - 24/10/24 01:21:03 INFO SecurityManager: Changing modify acls groups to:
[2024-10-24T01:21:03.632+0000] {spark_submit.py:524} INFO - 24/10/24 01:21:03 INFO SecurityManager: SecurityManager: authentication disabled; ui acls disabled; users with view permissions: ***; groups with view permissions: EMPTY; users with modify permissions: ***; groups with modify permissions: EMPTY
[2024-10-24T01:21:04.132+0000] {spark_submit.py:524} INFO - 24/10/24 01:21:04 INFO Utils: Successfully started service 'sparkDriver' on port 39081.
[2024-10-24T01:21:04.183+0000] {spark_submit.py:524} INFO - 24/10/24 01:21:04 INFO SparkEnv: Registering MapOutputTracker
[2024-10-24T01:21:04.255+0000] {spark_submit.py:524} INFO - 24/10/24 01:21:04 INFO SparkEnv: Registering BlockManagerMaster
[2024-10-24T01:21:04.298+0000] {spark_submit.py:524} INFO - 24/10/24 01:21:04 INFO BlockManagerMasterEndpoint: Using org.apache.spark.storage.DefaultTopologyMapper for getting topology information
[2024-10-24T01:21:04.299+0000] {spark_submit.py:524} INFO - 24/10/24 01:21:04 INFO BlockManagerMasterEndpoint: BlockManagerMasterEndpoint up
[2024-10-24T01:21:04.307+0000] {spark_submit.py:524} INFO - 24/10/24 01:21:04 INFO SparkEnv: Registering BlockManagerMasterHeartbeat
[2024-10-24T01:21:04.342+0000] {spark_submit.py:524} INFO - 24/10/24 01:21:04 INFO DiskBlockManager: Created local directory at /tmp/blockmgr-452456d4-f98c-4cfd-837d-e4df0e8a001e
[2024-10-24T01:21:04.370+0000] {spark_submit.py:524} INFO - 24/10/24 01:21:04 INFO MemoryStore: MemoryStore started with capacity 434.4 MiB
[2024-10-24T01:21:04.400+0000] {spark_submit.py:524} INFO - 24/10/24 01:21:04 INFO SparkEnv: Registering OutputCommitCoordinator
[2024-10-24T01:21:04.859+0000] {spark_submit.py:524} INFO - 24/10/24 01:21:04 INFO JettyUtils: Start Jetty 0.0.0.0:4040 for SparkUI
[2024-10-24T01:21:04.992+0000] {spark_submit.py:524} INFO - 24/10/24 01:21:04 INFO Utils: Successfully started service 'SparkUI' on port 4040.
[2024-10-24T01:21:05.241+0000] {spark_submit.py:524} INFO - 24/10/24 01:21:05 INFO StandaloneAppClient$ClientEndpoint: Connecting to master spark://spark-master:7077...
[2024-10-24T01:21:05.351+0000] {spark_submit.py:524} INFO - 24/10/24 01:21:05 INFO TransportClientFactory: Successfully created connection to spark-master/172.22.0.3:7077 after 63 ms (0 ms spent in bootstraps)
[2024-10-24T01:21:05.535+0000] {spark_submit.py:524} INFO - 24/10/24 01:21:05 INFO StandaloneSchedulerBackend: Connected to Spark cluster with app ID app-20241024012105-0029
[2024-10-24T01:21:05.547+0000] {spark_submit.py:524} INFO - 24/10/24 01:21:05 INFO StandaloneAppClient$ClientEndpoint: Executor added: app-20241024012105-0029/0 on worker-20241024010948-172.22.0.4-41535 (172.22.0.4:41535) with 2 core(s)
[2024-10-24T01:21:05.551+0000] {spark_submit.py:524} INFO - 24/10/24 01:21:05 INFO StandaloneSchedulerBackend: Granted executor ID app-20241024012105-0029/0 on hostPort 172.22.0.4:41535 with 2 core(s), 1024.0 MiB RAM
[2024-10-24T01:21:05.563+0000] {spark_submit.py:524} INFO - 24/10/24 01:21:05 INFO Utils: Successfully started service 'org.apache.spark.network.netty.NettyBlockTransferService' on port 38051.
[2024-10-24T01:21:05.564+0000] {spark_submit.py:524} INFO - 24/10/24 01:21:05 INFO NettyBlockTransferService: Server created on de5108c6da1d:38051
[2024-10-24T01:21:05.568+0000] {spark_submit.py:524} INFO - 24/10/24 01:21:05 INFO BlockManager: Using org.apache.spark.storage.RandomBlockReplicationPolicy for block replication policy
[2024-10-24T01:21:05.603+0000] {spark_submit.py:524} INFO - 24/10/24 01:21:05 INFO BlockManagerMaster: Registering BlockManager BlockManagerId(driver, de5108c6da1d, 38051, None)
[2024-10-24T01:21:05.616+0000] {spark_submit.py:524} INFO - 24/10/24 01:21:05 INFO BlockManagerMasterEndpoint: Registering block manager de5108c6da1d:38051 with 434.4 MiB RAM, BlockManagerId(driver, de5108c6da1d, 38051, None)
[2024-10-24T01:21:05.628+0000] {spark_submit.py:524} INFO - 24/10/24 01:21:05 INFO BlockManagerMaster: Registered BlockManager BlockManagerId(driver, de5108c6da1d, 38051, None)
[2024-10-24T01:21:05.631+0000] {spark_submit.py:524} INFO - 24/10/24 01:21:05 INFO BlockManager: Initialized BlockManager: BlockManagerId(driver, de5108c6da1d, 38051, None)
[2024-10-24T01:21:05.658+0000] {spark_submit.py:524} INFO - 24/10/24 01:21:05 INFO StandaloneAppClient$ClientEndpoint: Executor updated: app-20241024012105-0029/0 is now RUNNING
[2024-10-24T01:21:06.307+0000] {spark_submit.py:524} INFO - 24/10/24 01:21:06 INFO StandaloneSchedulerBackend: SchedulerBackend is ready for scheduling beginning after reached minRegisteredResourcesRatio: 0.0
[2024-10-24T01:21:06.690+0000] {spark_submit.py:524} INFO - Hello from Spark!
[2024-10-24T01:21:06.691+0000] {spark_submit.py:524} INFO - 24/10/24 01:21:06 INFO SparkContext: SparkContext is stopping with exitCode 0.
[2024-10-24T01:21:06.714+0000] {spark_submit.py:524} INFO - 24/10/24 01:21:06 INFO SparkUI: Stopped Spark web UI at http://de5108c6da1d:4040
[2024-10-24T01:21:06.724+0000] {spark_submit.py:524} INFO - 24/10/24 01:21:06 INFO StandaloneSchedulerBackend: Shutting down all executors
[2024-10-24T01:21:06.734+0000] {spark_submit.py:524} INFO - 24/10/24 01:21:06 INFO StandaloneSchedulerBackend$StandaloneDriverEndpoint: Asking each executor to shut down
[2024-10-24T01:21:06.785+0000] {spark_submit.py:524} INFO - 24/10/24 01:21:06 INFO MapOutputTrackerMasterEndpoint: MapOutputTrackerMasterEndpoint stopped!
[2024-10-24T01:21:06.811+0000] {spark_submit.py:524} INFO - 24/10/24 01:21:06 INFO MemoryStore: MemoryStore cleared
[2024-10-24T01:21:06.813+0000] {spark_submit.py:524} INFO - 24/10/24 01:21:06 INFO BlockManager: BlockManager stopped
[2024-10-24T01:21:06.831+0000] {spark_submit.py:524} INFO - 24/10/24 01:21:06 INFO BlockManagerMaster: BlockManagerMaster stopped
[2024-10-24T01:21:06.836+0000] {spark_submit.py:524} INFO - 24/10/24 01:21:06 INFO OutputCommitCoordinator$OutputCommitCoordinatorEndpoint: OutputCommitCoordinator stopped!
[2024-10-24T01:21:06.859+0000] {spark_submit.py:524} INFO - 24/10/24 01:21:06 INFO SparkContext: Successfully stopped SparkContext
[2024-10-24T01:21:07.475+0000] {spark_submit.py:524} INFO - 24/10/24 01:21:07 INFO ShutdownHookManager: Shutdown hook called
[2024-10-24T01:21:07.476+0000] {spark_submit.py:524} INFO - 24/10/24 01:21:07 INFO ShutdownHookManager: Deleting directory /tmp/spark-6ae1d3c2-2c29-422f-90a2-46d134728fcc/pyspark-5e0f4ea8-1b4a-45c8-92d5-a6bf3f09b875
[2024-10-24T01:21:07.483+0000] {spark_submit.py:524} INFO - 24/10/24 01:21:07 INFO ShutdownHookManager: Deleting directory /tmp/spark-cecb3c88-c1ee-47b0-8c59-db413d230b2f
[2024-10-24T01:21:07.489+0000] {spark_submit.py:524} INFO - 24/10/24 01:21:07 INFO ShutdownHookManager: Deleting directory /tmp/spark-6ae1d3c2-2c29-422f-90a2-46d134728fcc
[2024-10-24T01:21:07.587+0000] {taskinstance.py:1398} INFO - Marking task as SUCCESS. dag_id=api_openbrewerydb_to_silver_gold, task_id=Silver, execution_date=20231119T080000, start_date=20241024T012055, end_date=20241024T012107
[2024-10-24T01:21:07.637+0000] {local_task_job_runner.py:228} INFO - Task exited with return code 0
[2024-10-24T01:21:07.676+0000] {taskinstance.py:2776} INFO - 1 downstream tasks scheduled from follow-on schedule check
