[2024-10-24T15:28:47.560+0000] {taskinstance.py:1157} INFO - Dependencies all met for dep_context=non-requeueable deps ti=<TaskInstance: api_openbrewerydb_to_silver_gold.Gold manual__2024-10-24T15:28:33.676630+00:00 [queued]>
[2024-10-24T15:28:47.584+0000] {taskinstance.py:1157} INFO - Dependencies all met for dep_context=requeueable deps ti=<TaskInstance: api_openbrewerydb_to_silver_gold.Gold manual__2024-10-24T15:28:33.676630+00:00 [queued]>
[2024-10-24T15:28:47.585+0000] {taskinstance.py:1359} INFO - Starting attempt 1 of 2
[2024-10-24T15:28:47.621+0000] {taskinstance.py:1380} INFO - Executing <Task(SparkSubmitOperator): Gold> on 2024-10-24 15:28:33.676630+00:00
[2024-10-24T15:28:47.633+0000] {standard_task_runner.py:57} INFO - Started process 1096 to run task
[2024-10-24T15:28:47.640+0000] {standard_task_runner.py:84} INFO - Running: ['***', 'tasks', 'run', 'api_openbrewerydb_to_silver_gold', 'Gold', 'manual__2024-10-24T15:28:33.676630+00:00', '--job-id', '139', '--raw', '--subdir', 'DAGS_FOLDER/api_openbrewerydb_to_silver.py', '--cfg-path', '/tmp/tmpr1m8ux2u']
[2024-10-24T15:28:47.654+0000] {standard_task_runner.py:85} INFO - Job 139: Subtask Gold
[2024-10-24T15:28:47.821+0000] {task_command.py:415} INFO - Running <TaskInstance: api_openbrewerydb_to_silver_gold.Gold manual__2024-10-24T15:28:33.676630+00:00 [running]> on host e995fa603d7f
[2024-10-24T15:28:48.010+0000] {taskinstance.py:1660} INFO - Exporting env vars: AIRFLOW_CTX_DAG_OWNER='Rodrigo Araujo' AIRFLOW_CTX_DAG_ID='api_openbrewerydb_to_silver_gold' AIRFLOW_CTX_TASK_ID='Gold' AIRFLOW_CTX_EXECUTION_DATE='2024-10-24T15:28:33.676630+00:00' AIRFLOW_CTX_TRY_NUMBER='1' AIRFLOW_CTX_DAG_RUN_ID='manual__2024-10-24T15:28:33.676630+00:00'
[2024-10-24T15:28:48.035+0000] {base.py:73} INFO - Using connection ID 'spark-conn' for task execution.
[2024-10-24T15:28:48.036+0000] {spark_submit.py:363} INFO - Spark-Submit cmd: spark-submit --master spark://spark-master:7077 --name arrow-spark jobs/gold/api_openbrewerydb.py
[2024-10-24T15:28:51.516+0000] {spark_submit.py:524} INFO - 24/10/24 15:28:51 INFO SparkContext: Running Spark version 3.5.0
[2024-10-24T15:28:51.518+0000] {spark_submit.py:524} INFO - 24/10/24 15:28:51 INFO SparkContext: OS info Linux, 5.15.0-124-generic, amd64
[2024-10-24T15:28:51.518+0000] {spark_submit.py:524} INFO - 24/10/24 15:28:51 INFO SparkContext: Java version 17.0.13
[2024-10-24T15:28:51.565+0000] {spark_submit.py:524} INFO - 24/10/24 15:28:51 WARN NativeCodeLoader: Unable to load native-hadoop library for your platform... using builtin-java classes where applicable
[2024-10-24T15:28:51.642+0000] {spark_submit.py:524} INFO - 24/10/24 15:28:51 INFO ResourceUtils: ==============================================================
[2024-10-24T15:28:51.642+0000] {spark_submit.py:524} INFO - 24/10/24 15:28:51 INFO ResourceUtils: No custom resources configured for spark.driver.
[2024-10-24T15:28:51.642+0000] {spark_submit.py:524} INFO - 24/10/24 15:28:51 INFO ResourceUtils: ==============================================================
[2024-10-24T15:28:51.643+0000] {spark_submit.py:524} INFO - 24/10/24 15:28:51 INFO SparkContext: Submitted application: IngestaoSilver
[2024-10-24T15:28:51.661+0000] {spark_submit.py:524} INFO - 24/10/24 15:28:51 INFO ResourceProfile: Default ResourceProfile created, executor resources: Map(memory -> name: memory, amount: 1024, script: , vendor: , offHeap -> name: offHeap, amount: 0, script: , vendor: ), task resources: Map(cpus -> name: cpus, amount: 1.0)
[2024-10-24T15:28:51.669+0000] {spark_submit.py:524} INFO - 24/10/24 15:28:51 INFO ResourceProfile: Limiting resource is cpu
[2024-10-24T15:28:51.670+0000] {spark_submit.py:524} INFO - 24/10/24 15:28:51 INFO ResourceProfileManager: Added ResourceProfile id: 0
[2024-10-24T15:28:51.712+0000] {spark_submit.py:524} INFO - 24/10/24 15:28:51 INFO SecurityManager: Changing view acls to: ***
[2024-10-24T15:28:51.713+0000] {spark_submit.py:524} INFO - 24/10/24 15:28:51 INFO SecurityManager: Changing modify acls to: ***
[2024-10-24T15:28:51.714+0000] {spark_submit.py:524} INFO - 24/10/24 15:28:51 INFO SecurityManager: Changing view acls groups to:
[2024-10-24T15:28:51.715+0000] {spark_submit.py:524} INFO - 24/10/24 15:28:51 INFO SecurityManager: Changing modify acls groups to:
[2024-10-24T15:28:51.715+0000] {spark_submit.py:524} INFO - 24/10/24 15:28:51 INFO SecurityManager: SecurityManager: authentication disabled; ui acls disabled; users with view permissions: ***; groups with view permissions: EMPTY; users with modify permissions: ***; groups with modify permissions: EMPTY
[2024-10-24T15:28:52.056+0000] {spark_submit.py:524} INFO - 24/10/24 15:28:52 INFO Utils: Successfully started service 'sparkDriver' on port 39145.
[2024-10-24T15:28:52.141+0000] {spark_submit.py:524} INFO - 24/10/24 15:28:52 INFO SparkEnv: Registering MapOutputTracker
[2024-10-24T15:28:52.246+0000] {spark_submit.py:524} INFO - 24/10/24 15:28:52 INFO SparkEnv: Registering BlockManagerMaster
[2024-10-24T15:28:52.311+0000] {spark_submit.py:524} INFO - 24/10/24 15:28:52 INFO BlockManagerMasterEndpoint: Using org.apache.spark.storage.DefaultTopologyMapper for getting topology information
[2024-10-24T15:28:52.313+0000] {spark_submit.py:524} INFO - 24/10/24 15:28:52 INFO BlockManagerMasterEndpoint: BlockManagerMasterEndpoint up
[2024-10-24T15:28:52.325+0000] {spark_submit.py:524} INFO - 24/10/24 15:28:52 INFO SparkEnv: Registering BlockManagerMasterHeartbeat
[2024-10-24T15:28:52.364+0000] {spark_submit.py:524} INFO - 24/10/24 15:28:52 INFO DiskBlockManager: Created local directory at /tmp/blockmgr-c5cbed03-4dd8-4241-b814-41de78c13384
[2024-10-24T15:28:52.401+0000] {spark_submit.py:524} INFO - 24/10/24 15:28:52 INFO MemoryStore: MemoryStore started with capacity 434.4 MiB
[2024-10-24T15:28:52.449+0000] {spark_submit.py:524} INFO - 24/10/24 15:28:52 INFO SparkEnv: Registering OutputCommitCoordinator
[2024-10-24T15:28:52.701+0000] {spark_submit.py:524} INFO - 24/10/24 15:28:52 INFO JettyUtils: Start Jetty 0.0.0.0:4040 for SparkUI
[2024-10-24T15:28:52.782+0000] {spark_submit.py:524} INFO - 24/10/24 15:28:52 INFO Utils: Successfully started service 'SparkUI' on port 4040.
[2024-10-24T15:28:52.905+0000] {spark_submit.py:524} INFO - 24/10/24 15:28:52 INFO StandaloneAppClient$ClientEndpoint: Connecting to master spark://spark-master:7077...
[2024-10-24T15:28:52.965+0000] {spark_submit.py:524} INFO - 24/10/24 15:28:52 INFO TransportClientFactory: Successfully created connection to spark-master/172.18.0.3:7077 after 30 ms (0 ms spent in bootstraps)
[2024-10-24T15:28:53.070+0000] {spark_submit.py:524} INFO - 24/10/24 15:28:53 INFO StandaloneSchedulerBackend: Connected to Spark cluster with app ID app-20241024152853-0005
[2024-10-24T15:28:53.079+0000] {spark_submit.py:524} INFO - 24/10/24 15:28:53 INFO StandaloneAppClient$ClientEndpoint: Executor added: app-20241024152853-0005/0 on worker-20241024152407-172.18.0.5-37749 (172.18.0.5:37749) with 2 core(s)
[2024-10-24T15:28:53.087+0000] {spark_submit.py:524} INFO - 24/10/24 15:28:53 INFO StandaloneSchedulerBackend: Granted executor ID app-20241024152853-0005/0 on hostPort 172.18.0.5:37749 with 2 core(s), 1024.0 MiB RAM
[2024-10-24T15:28:53.097+0000] {spark_submit.py:524} INFO - 24/10/24 15:28:53 INFO Utils: Successfully started service 'org.apache.spark.network.netty.NettyBlockTransferService' on port 38545.
[2024-10-24T15:28:53.098+0000] {spark_submit.py:524} INFO - 24/10/24 15:28:53 INFO NettyBlockTransferService: Server created on e995fa603d7f:38545
[2024-10-24T15:28:53.103+0000] {spark_submit.py:524} INFO - 24/10/24 15:28:53 INFO BlockManager: Using org.apache.spark.storage.RandomBlockReplicationPolicy for block replication policy
[2024-10-24T15:28:53.138+0000] {spark_submit.py:524} INFO - 24/10/24 15:28:53 INFO BlockManagerMaster: Registering BlockManager BlockManagerId(driver, e995fa603d7f, 38545, None)
[2024-10-24T15:28:53.147+0000] {spark_submit.py:524} INFO - 24/10/24 15:28:53 INFO BlockManagerMasterEndpoint: Registering block manager e995fa603d7f:38545 with 434.4 MiB RAM, BlockManagerId(driver, e995fa603d7f, 38545, None)
[2024-10-24T15:28:53.156+0000] {spark_submit.py:524} INFO - 24/10/24 15:28:53 INFO BlockManagerMaster: Registered BlockManager BlockManagerId(driver, e995fa603d7f, 38545, None)
[2024-10-24T15:28:53.156+0000] {spark_submit.py:524} INFO - 24/10/24 15:28:53 INFO StandaloneAppClient$ClientEndpoint: Executor updated: app-20241024152853-0005/0 is now RUNNING
[2024-10-24T15:28:53.157+0000] {spark_submit.py:524} INFO - 24/10/24 15:28:53 INFO BlockManager: Initialized BlockManager: BlockManagerId(driver, e995fa603d7f, 38545, None)
[2024-10-24T15:28:53.427+0000] {spark_submit.py:524} INFO - 24/10/24 15:28:53 INFO StandaloneSchedulerBackend: SchedulerBackend is ready for scheduling beginning after reached minRegisteredResourcesRatio: 0.0
[2024-10-24T15:28:53.660+0000] {spark_submit.py:524} INFO - Hello from Spark!
[2024-10-24T15:28:53.661+0000] {spark_submit.py:524} INFO - 24/10/24 15:28:53 INFO SparkContext: SparkContext is stopping with exitCode 0.
[2024-10-24T15:28:53.672+0000] {spark_submit.py:524} INFO - 24/10/24 15:28:53 INFO SparkUI: Stopped Spark web UI at http://e995fa603d7f:4040
[2024-10-24T15:28:53.676+0000] {spark_submit.py:524} INFO - 24/10/24 15:28:53 INFO StandaloneSchedulerBackend: Shutting down all executors
[2024-10-24T15:28:53.679+0000] {spark_submit.py:524} INFO - 24/10/24 15:28:53 INFO StandaloneSchedulerBackend$StandaloneDriverEndpoint: Asking each executor to shut down
[2024-10-24T15:28:53.693+0000] {spark_submit.py:524} INFO - 24/10/24 15:28:53 INFO MapOutputTrackerMasterEndpoint: MapOutputTrackerMasterEndpoint stopped!
[2024-10-24T15:28:53.711+0000] {spark_submit.py:524} INFO - 24/10/24 15:28:53 INFO MemoryStore: MemoryStore cleared
[2024-10-24T15:28:53.713+0000] {spark_submit.py:524} INFO - 24/10/24 15:28:53 INFO BlockManager: BlockManager stopped
[2024-10-24T15:28:53.721+0000] {spark_submit.py:524} INFO - 24/10/24 15:28:53 INFO BlockManagerMaster: BlockManagerMaster stopped
[2024-10-24T15:28:53.723+0000] {spark_submit.py:524} INFO - 24/10/24 15:28:53 INFO OutputCommitCoordinator$OutputCommitCoordinatorEndpoint: OutputCommitCoordinator stopped!
[2024-10-24T15:28:53.732+0000] {spark_submit.py:524} INFO - 24/10/24 15:28:53 INFO SparkContext: Successfully stopped SparkContext
[2024-10-24T15:28:54.076+0000] {spark_submit.py:524} INFO - 24/10/24 15:28:54 INFO ShutdownHookManager: Shutdown hook called
[2024-10-24T15:28:54.077+0000] {spark_submit.py:524} INFO - 24/10/24 15:28:54 INFO ShutdownHookManager: Deleting directory /tmp/spark-1e964cec-d2cb-4509-b4e4-bd3f2baf7155/pyspark-29a865b5-b52c-4391-a196-6cd8003df1ec
[2024-10-24T15:28:54.081+0000] {spark_submit.py:524} INFO - 24/10/24 15:28:54 INFO ShutdownHookManager: Deleting directory /tmp/spark-bdefb5a6-d0ca-49c0-a11a-bb6fc67cbaae
[2024-10-24T15:28:54.085+0000] {spark_submit.py:524} INFO - 24/10/24 15:28:54 INFO ShutdownHookManager: Deleting directory /tmp/spark-1e964cec-d2cb-4509-b4e4-bd3f2baf7155
[2024-10-24T15:28:54.157+0000] {taskinstance.py:1398} INFO - Marking task as SUCCESS. dag_id=api_openbrewerydb_to_silver_gold, task_id=Gold, execution_date=20241024T152833, start_date=20241024T152847, end_date=20241024T152854
[2024-10-24T15:28:54.179+0000] {local_task_job_runner.py:228} INFO - Task exited with return code 0
[2024-10-24T15:28:54.195+0000] {taskinstance.py:2776} INFO - 0 downstream tasks scheduled from follow-on schedule check
