[2024-10-24T15:04:49.485+0000] {taskinstance.py:1157} INFO - Dependencies all met for dep_context=non-requeueable deps ti=<TaskInstance: api_openbrewerydb_to_silver_gold.Silver scheduled__2024-10-23T08:00:00+00:00 [queued]>
[2024-10-24T15:04:49.493+0000] {taskinstance.py:1157} INFO - Dependencies all met for dep_context=requeueable deps ti=<TaskInstance: api_openbrewerydb_to_silver_gold.Silver scheduled__2024-10-23T08:00:00+00:00 [queued]>
[2024-10-24T15:04:49.494+0000] {taskinstance.py:1359} INFO - Starting attempt 1 of 2
[2024-10-24T15:04:49.504+0000] {taskinstance.py:1380} INFO - Executing <Task(SparkSubmitOperator): Silver> on 2024-10-23 08:00:00+00:00
[2024-10-24T15:04:49.508+0000] {standard_task_runner.py:57} INFO - Started process 515 to run task
[2024-10-24T15:04:49.511+0000] {standard_task_runner.py:84} INFO - Running: ['***', 'tasks', 'run', 'api_openbrewerydb_to_silver_gold', 'Silver', 'scheduled__2024-10-23T08:00:00+00:00', '--job-id', '122', '--raw', '--subdir', 'DAGS_FOLDER/api_openbrewerydb_to_silver.py', '--cfg-path', '/tmp/tmpgrrb0b1g']
[2024-10-24T15:04:49.513+0000] {standard_task_runner.py:85} INFO - Job 122: Subtask Silver
[2024-10-24T15:04:49.562+0000] {task_command.py:415} INFO - Running <TaskInstance: api_openbrewerydb_to_silver_gold.Silver scheduled__2024-10-23T08:00:00+00:00 [running]> on host 96f89615839b
[2024-10-24T15:04:49.643+0000] {taskinstance.py:1660} INFO - Exporting env vars: AIRFLOW_CTX_DAG_OWNER='Rodrigo Araujo' AIRFLOW_CTX_DAG_ID='api_openbrewerydb_to_silver_gold' AIRFLOW_CTX_TASK_ID='Silver' AIRFLOW_CTX_EXECUTION_DATE='2024-10-23T08:00:00+00:00' AIRFLOW_CTX_TRY_NUMBER='1' AIRFLOW_CTX_DAG_RUN_ID='scheduled__2024-10-23T08:00:00+00:00'
[2024-10-24T15:04:49.654+0000] {base.py:73} INFO - Using connection ID 'spark-conn' for task execution.
[2024-10-24T15:04:49.655+0000] {spark_submit.py:363} INFO - Spark-Submit cmd: spark-submit --master spark://spark-master:7077 --name arrow-spark jobs/silver/api_openbrewerydb.py
[2024-10-24T15:04:53.320+0000] {spark_submit.py:524} INFO - 24/10/24 15:04:53 INFO SparkContext: Running Spark version 3.5.3
[2024-10-24T15:04:53.323+0000] {spark_submit.py:524} INFO - 24/10/24 15:04:53 INFO SparkContext: OS info Linux, 5.15.0-124-generic, amd64
[2024-10-24T15:04:53.324+0000] {spark_submit.py:524} INFO - 24/10/24 15:04:53 INFO SparkContext: Java version 11.0.25
[2024-10-24T15:04:53.385+0000] {spark_submit.py:524} INFO - 24/10/24 15:04:53 WARN NativeCodeLoader: Unable to load native-hadoop library for your platform... using builtin-java classes where applicable
[2024-10-24T15:04:53.483+0000] {spark_submit.py:524} INFO - 24/10/24 15:04:53 INFO ResourceUtils: ==============================================================
[2024-10-24T15:04:53.483+0000] {spark_submit.py:524} INFO - 24/10/24 15:04:53 INFO ResourceUtils: No custom resources configured for spark.driver.
[2024-10-24T15:04:53.484+0000] {spark_submit.py:524} INFO - 24/10/24 15:04:53 INFO ResourceUtils: ==============================================================
[2024-10-24T15:04:53.484+0000] {spark_submit.py:524} INFO - 24/10/24 15:04:53 INFO SparkContext: Submitted application: IngestaoSilver
[2024-10-24T15:04:53.505+0000] {spark_submit.py:524} INFO - 24/10/24 15:04:53 INFO ResourceProfile: Default ResourceProfile created, executor resources: Map(memory -> name: memory, amount: 1024, script: , vendor: , offHeap -> name: offHeap, amount: 0, script: , vendor: ), task resources: Map(cpus -> name: cpus, amount: 1.0)
[2024-10-24T15:04:53.518+0000] {spark_submit.py:524} INFO - 24/10/24 15:04:53 INFO ResourceProfile: Limiting resource is cpu
[2024-10-24T15:04:53.519+0000] {spark_submit.py:524} INFO - 24/10/24 15:04:53 INFO ResourceProfileManager: Added ResourceProfile id: 0
[2024-10-24T15:04:53.575+0000] {spark_submit.py:524} INFO - 24/10/24 15:04:53 INFO SecurityManager: Changing view acls to: ***
[2024-10-24T15:04:53.576+0000] {spark_submit.py:524} INFO - 24/10/24 15:04:53 INFO SecurityManager: Changing modify acls to: ***
[2024-10-24T15:04:53.576+0000] {spark_submit.py:524} INFO - 24/10/24 15:04:53 INFO SecurityManager: Changing view acls groups to:
[2024-10-24T15:04:53.577+0000] {spark_submit.py:524} INFO - 24/10/24 15:04:53 INFO SecurityManager: Changing modify acls groups to:
[2024-10-24T15:04:53.577+0000] {spark_submit.py:524} INFO - 24/10/24 15:04:53 INFO SecurityManager: SecurityManager: authentication disabled; ui acls disabled; users with view permissions: ***; groups with view permissions: EMPTY; users with modify permissions: ***; groups with modify permissions: EMPTY
[2024-10-24T15:04:53.796+0000] {spark_submit.py:524} INFO - 24/10/24 15:04:53 INFO Utils: Successfully started service 'sparkDriver' on port 38733.
[2024-10-24T15:04:53.826+0000] {spark_submit.py:524} INFO - 24/10/24 15:04:53 INFO SparkEnv: Registering MapOutputTracker
[2024-10-24T15:04:53.861+0000] {spark_submit.py:524} INFO - 24/10/24 15:04:53 INFO SparkEnv: Registering BlockManagerMaster
[2024-10-24T15:04:53.881+0000] {spark_submit.py:524} INFO - 24/10/24 15:04:53 INFO BlockManagerMasterEndpoint: Using org.apache.spark.storage.DefaultTopologyMapper for getting topology information
[2024-10-24T15:04:53.881+0000] {spark_submit.py:524} INFO - 24/10/24 15:04:53 INFO BlockManagerMasterEndpoint: BlockManagerMasterEndpoint up
[2024-10-24T15:04:53.884+0000] {spark_submit.py:524} INFO - 24/10/24 15:04:53 INFO SparkEnv: Registering BlockManagerMasterHeartbeat
[2024-10-24T15:04:53.903+0000] {spark_submit.py:524} INFO - 24/10/24 15:04:53 INFO DiskBlockManager: Created local directory at /tmp/blockmgr-83d72592-5569-4391-a700-470911961f42
[2024-10-24T15:04:53.916+0000] {spark_submit.py:524} INFO - 24/10/24 15:04:53 INFO MemoryStore: MemoryStore started with capacity 434.4 MiB
[2024-10-24T15:04:53.929+0000] {spark_submit.py:524} INFO - 24/10/24 15:04:53 INFO SparkEnv: Registering OutputCommitCoordinator
[2024-10-24T15:04:54.067+0000] {spark_submit.py:524} INFO - 24/10/24 15:04:54 INFO JettyUtils: Start Jetty 0.0.0.0:4040 for SparkUI
[2024-10-24T15:04:54.110+0000] {spark_submit.py:524} INFO - 24/10/24 15:04:54 INFO Utils: Successfully started service 'SparkUI' on port 4040.
[2024-10-24T15:04:54.208+0000] {spark_submit.py:524} INFO - 24/10/24 15:04:54 INFO StandaloneAppClient$ClientEndpoint: Connecting to master spark://spark-master:7077...
[2024-10-24T15:04:54.257+0000] {spark_submit.py:524} INFO - 24/10/24 15:04:54 INFO TransportClientFactory: Successfully created connection to spark-master/172.18.0.3:7077 after 29 ms (0 ms spent in bootstraps)
[2024-10-24T15:04:54.353+0000] {spark_submit.py:524} INFO - 24/10/24 15:04:54 INFO StandaloneSchedulerBackend: Connected to Spark cluster with app ID app-20241024150454-0002
[2024-10-24T15:04:54.356+0000] {spark_submit.py:524} INFO - 24/10/24 15:04:54 INFO StandaloneAppClient$ClientEndpoint: Executor added: app-20241024150454-0002/0 on worker-20241024150342-172.18.0.5-40617 (172.18.0.5:40617) with 2 core(s)
[2024-10-24T15:04:54.358+0000] {spark_submit.py:524} INFO - 24/10/24 15:04:54 INFO StandaloneSchedulerBackend: Granted executor ID app-20241024150454-0002/0 on hostPort 172.18.0.5:40617 with 2 core(s), 1024.0 MiB RAM
[2024-10-24T15:04:54.367+0000] {spark_submit.py:524} INFO - 24/10/24 15:04:54 INFO Utils: Successfully started service 'org.apache.spark.network.netty.NettyBlockTransferService' on port 35531.
[2024-10-24T15:04:54.367+0000] {spark_submit.py:524} INFO - 24/10/24 15:04:54 INFO NettyBlockTransferService: Server created on 96f89615839b:35531
[2024-10-24T15:04:54.370+0000] {spark_submit.py:524} INFO - 24/10/24 15:04:54 INFO BlockManager: Using org.apache.spark.storage.RandomBlockReplicationPolicy for block replication policy
[2024-10-24T15:04:54.387+0000] {spark_submit.py:524} INFO - 24/10/24 15:04:54 INFO BlockManagerMaster: Registering BlockManager BlockManagerId(driver, 96f89615839b, 35531, None)
[2024-10-24T15:04:54.398+0000] {spark_submit.py:524} INFO - 24/10/24 15:04:54 INFO BlockManagerMasterEndpoint: Registering block manager 96f89615839b:35531 with 434.4 MiB RAM, BlockManagerId(driver, 96f89615839b, 35531, None)
[2024-10-24T15:04:54.403+0000] {spark_submit.py:524} INFO - 24/10/24 15:04:54 INFO BlockManagerMaster: Registered BlockManager BlockManagerId(driver, 96f89615839b, 35531, None)
[2024-10-24T15:04:54.406+0000] {spark_submit.py:524} INFO - 24/10/24 15:04:54 INFO BlockManager: Initialized BlockManager: BlockManagerId(driver, 96f89615839b, 35531, None)
[2024-10-24T15:04:54.418+0000] {spark_submit.py:524} INFO - 24/10/24 15:04:54 INFO StandaloneAppClient$ClientEndpoint: Executor updated: app-20241024150454-0002/0 is now RUNNING
[2024-10-24T15:04:54.719+0000] {spark_submit.py:524} INFO - 24/10/24 15:04:54 INFO StandaloneSchedulerBackend: SchedulerBackend is ready for scheduling beginning after reached minRegisteredResourcesRatio: 0.0
[2024-10-24T15:04:54.914+0000] {spark_submit.py:524} INFO - Hello from Spark!
[2024-10-24T15:04:54.915+0000] {spark_submit.py:524} INFO - 24/10/24 15:04:54 INFO SparkContext: SparkContext is stopping with exitCode 0.
[2024-10-24T15:04:54.931+0000] {spark_submit.py:524} INFO - 24/10/24 15:04:54 INFO SparkUI: Stopped Spark web UI at http://96f89615839b:4040
[2024-10-24T15:04:54.936+0000] {spark_submit.py:524} INFO - 24/10/24 15:04:54 INFO StandaloneSchedulerBackend: Shutting down all executors
[2024-10-24T15:04:54.941+0000] {spark_submit.py:524} INFO - 24/10/24 15:04:54 INFO StandaloneSchedulerBackend$StandaloneDriverEndpoint: Asking each executor to shut down
[2024-10-24T15:04:54.969+0000] {spark_submit.py:524} INFO - 24/10/24 15:04:54 INFO MapOutputTrackerMasterEndpoint: MapOutputTrackerMasterEndpoint stopped!
[2024-10-24T15:04:54.986+0000] {spark_submit.py:524} INFO - 24/10/24 15:04:54 INFO MemoryStore: MemoryStore cleared
[2024-10-24T15:04:54.986+0000] {spark_submit.py:524} INFO - 24/10/24 15:04:54 INFO BlockManager: BlockManager stopped
[2024-10-24T15:04:55.003+0000] {spark_submit.py:524} INFO - 24/10/24 15:04:55 INFO BlockManagerMaster: BlockManagerMaster stopped
[2024-10-24T15:04:55.010+0000] {spark_submit.py:524} INFO - 24/10/24 15:04:55 INFO OutputCommitCoordinator$OutputCommitCoordinatorEndpoint: OutputCommitCoordinator stopped!
[2024-10-24T15:04:55.020+0000] {spark_submit.py:524} INFO - 24/10/24 15:04:55 INFO SparkContext: Successfully stopped SparkContext
[2024-10-24T15:04:55.366+0000] {spark_submit.py:524} INFO - 24/10/24 15:04:55 INFO ShutdownHookManager: Shutdown hook called
[2024-10-24T15:04:55.367+0000] {spark_submit.py:524} INFO - 24/10/24 15:04:55 INFO ShutdownHookManager: Deleting directory /tmp/spark-cf02c4ca-1343-44fd-b98f-387610c743ed
[2024-10-24T15:04:55.370+0000] {spark_submit.py:524} INFO - 24/10/24 15:04:55 INFO ShutdownHookManager: Deleting directory /tmp/spark-ca7b06b6-0f2d-44d7-a35a-cccc933c3ff1
[2024-10-24T15:04:55.374+0000] {spark_submit.py:524} INFO - 24/10/24 15:04:55 INFO ShutdownHookManager: Deleting directory /tmp/spark-cf02c4ca-1343-44fd-b98f-387610c743ed/pyspark-d371eebf-d285-42e1-8f6f-2cb39a1d94c6
[2024-10-24T15:04:55.439+0000] {taskinstance.py:1398} INFO - Marking task as SUCCESS. dag_id=api_openbrewerydb_to_silver_gold, task_id=Silver, execution_date=20241023T080000, start_date=20241024T150449, end_date=20241024T150455
[2024-10-24T15:04:55.492+0000] {local_task_job_runner.py:228} INFO - Task exited with return code 0
[2024-10-24T15:04:55.520+0000] {taskinstance.py:2776} INFO - 1 downstream tasks scheduled from follow-on schedule check
[2024-10-24T18:40:50.998+0000] {taskinstance.py:1157} INFO - Dependencies all met for dep_context=non-requeueable deps ti=<TaskInstance: api_openbrewerydb_to_silver_gold.Silver scheduled__2024-10-23T08:00:00+00:00 [queued]>
[2024-10-24T18:40:51.005+0000] {taskinstance.py:1157} INFO - Dependencies all met for dep_context=requeueable deps ti=<TaskInstance: api_openbrewerydb_to_silver_gold.Silver scheduled__2024-10-23T08:00:00+00:00 [queued]>
[2024-10-24T18:40:51.005+0000] {taskinstance.py:1359} INFO - Starting attempt 1 of 2
[2024-10-24T18:40:51.015+0000] {taskinstance.py:1380} INFO - Executing <Task(SparkSubmitOperator): Silver> on 2024-10-23 08:00:00+00:00
[2024-10-24T18:40:51.019+0000] {standard_task_runner.py:57} INFO - Started process 685 to run task
[2024-10-24T18:40:51.021+0000] {standard_task_runner.py:84} INFO - Running: ['***', 'tasks', 'run', 'api_openbrewerydb_to_silver_gold', 'Silver', 'scheduled__2024-10-23T08:00:00+00:00', '--job-id', '191', '--raw', '--subdir', 'DAGS_FOLDER/api_openbrewerydb_to_silver_gold.py', '--cfg-path', '/tmp/tmp_pq_kp87']
[2024-10-24T18:40:51.023+0000] {standard_task_runner.py:85} INFO - Job 191: Subtask Silver
[2024-10-24T18:40:51.067+0000] {task_command.py:415} INFO - Running <TaskInstance: api_openbrewerydb_to_silver_gold.Silver scheduled__2024-10-23T08:00:00+00:00 [running]> on host f55139681ae8
[2024-10-24T18:40:51.145+0000] {taskinstance.py:1660} INFO - Exporting env vars: AIRFLOW_CTX_DAG_OWNER='Rodrigo Araujo' AIRFLOW_CTX_DAG_ID='api_openbrewerydb_to_silver_gold' AIRFLOW_CTX_TASK_ID='Silver' AIRFLOW_CTX_EXECUTION_DATE='2024-10-23T08:00:00+00:00' AIRFLOW_CTX_TRY_NUMBER='1' AIRFLOW_CTX_DAG_RUN_ID='scheduled__2024-10-23T08:00:00+00:00'
[2024-10-24T18:40:51.156+0000] {base.py:73} INFO - Using connection ID 'spark-conn' for task execution.
[2024-10-24T18:40:51.156+0000] {spark_submit.py:363} INFO - Spark-Submit cmd: spark-submit --master spark://spark-master:7077 --name arrow-spark jobs/silver/openbrewerydb/api_openbrewerydb.py
[2024-10-24T18:40:53.212+0000] {spark_submit.py:524} INFO - 24/10/24 18:40:53 INFO SparkContext: Running Spark version 3.5.0
[2024-10-24T18:40:53.214+0000] {spark_submit.py:524} INFO - 24/10/24 18:40:53 INFO SparkContext: OS info Linux, 5.15.0-124-generic, amd64
[2024-10-24T18:40:53.214+0000] {spark_submit.py:524} INFO - 24/10/24 18:40:53 INFO SparkContext: Java version 17.0.13
[2024-10-24T18:40:53.262+0000] {spark_submit.py:524} INFO - 24/10/24 18:40:53 WARN NativeCodeLoader: Unable to load native-hadoop library for your platform... using builtin-java classes where applicable
[2024-10-24T18:40:53.367+0000] {spark_submit.py:524} INFO - 24/10/24 18:40:53 INFO ResourceUtils: ==============================================================
[2024-10-24T18:40:53.368+0000] {spark_submit.py:524} INFO - 24/10/24 18:40:53 INFO ResourceUtils: No custom resources configured for spark.driver.
[2024-10-24T18:40:53.368+0000] {spark_submit.py:524} INFO - 24/10/24 18:40:53 INFO ResourceUtils: ==============================================================
[2024-10-24T18:40:53.369+0000] {spark_submit.py:524} INFO - 24/10/24 18:40:53 INFO SparkContext: Submitted application: openbrewerydb_silver
[2024-10-24T18:40:53.396+0000] {spark_submit.py:524} INFO - 24/10/24 18:40:53 INFO ResourceProfile: Default ResourceProfile created, executor resources: Map(memory -> name: memory, amount: 1024, script: , vendor: , offHeap -> name: offHeap, amount: 0, script: , vendor: ), task resources: Map(cpus -> name: cpus, amount: 1.0)
[2024-10-24T18:40:53.407+0000] {spark_submit.py:524} INFO - 24/10/24 18:40:53 INFO ResourceProfile: Limiting resource is cpu
[2024-10-24T18:40:53.408+0000] {spark_submit.py:524} INFO - 24/10/24 18:40:53 INFO ResourceProfileManager: Added ResourceProfile id: 0
[2024-10-24T18:40:53.469+0000] {spark_submit.py:524} INFO - 24/10/24 18:40:53 INFO SecurityManager: Changing view acls to: root
[2024-10-24T18:40:53.469+0000] {spark_submit.py:524} INFO - 24/10/24 18:40:53 INFO SecurityManager: Changing modify acls to: root
[2024-10-24T18:40:53.471+0000] {spark_submit.py:524} INFO - 24/10/24 18:40:53 INFO SecurityManager: Changing view acls groups to:
[2024-10-24T18:40:53.471+0000] {spark_submit.py:524} INFO - 24/10/24 18:40:53 INFO SecurityManager: Changing modify acls groups to:
[2024-10-24T18:40:53.472+0000] {spark_submit.py:524} INFO - 24/10/24 18:40:53 INFO SecurityManager: SecurityManager: authentication disabled; ui acls disabled; users with view permissions: root; groups with view permissions: EMPTY; users with modify permissions: root; groups with modify permissions: EMPTY
[2024-10-24T18:40:53.875+0000] {spark_submit.py:524} INFO - 24/10/24 18:40:53 INFO Utils: Successfully started service 'sparkDriver' on port 43511.
[2024-10-24T18:40:53.918+0000] {spark_submit.py:524} INFO - 24/10/24 18:40:53 INFO SparkEnv: Registering MapOutputTracker
[2024-10-24T18:40:53.960+0000] {spark_submit.py:524} INFO - 24/10/24 18:40:53 INFO SparkEnv: Registering BlockManagerMaster
[2024-10-24T18:40:53.983+0000] {spark_submit.py:524} INFO - 24/10/24 18:40:53 INFO BlockManagerMasterEndpoint: Using org.apache.spark.storage.DefaultTopologyMapper for getting topology information
[2024-10-24T18:40:53.984+0000] {spark_submit.py:524} INFO - 24/10/24 18:40:53 INFO BlockManagerMasterEndpoint: BlockManagerMasterEndpoint up
[2024-10-24T18:40:53.989+0000] {spark_submit.py:524} INFO - 24/10/24 18:40:53 INFO SparkEnv: Registering BlockManagerMasterHeartbeat
[2024-10-24T18:40:54.009+0000] {spark_submit.py:524} INFO - 24/10/24 18:40:54 INFO DiskBlockManager: Created local directory at /tmp/blockmgr-8f32353d-4589-457b-b7b1-944d42ed3c56
[2024-10-24T18:40:54.025+0000] {spark_submit.py:524} INFO - 24/10/24 18:40:54 INFO MemoryStore: MemoryStore started with capacity 434.4 MiB
[2024-10-24T18:40:54.043+0000] {spark_submit.py:524} INFO - 24/10/24 18:40:54 INFO SparkEnv: Registering OutputCommitCoordinator
[2024-10-24T18:40:54.160+0000] {spark_submit.py:524} INFO - 24/10/24 18:40:54 INFO JettyUtils: Start Jetty 0.0.0.0:4040 for SparkUI
[2024-10-24T18:40:54.211+0000] {spark_submit.py:524} INFO - 24/10/24 18:40:54 INFO Utils: Successfully started service 'SparkUI' on port 4040.
[2024-10-24T18:40:54.353+0000] {spark_submit.py:524} INFO - 24/10/24 18:40:54 INFO StandaloneAppClient$ClientEndpoint: Connecting to master spark://spark-master:7077...
[2024-10-24T18:40:54.409+0000] {spark_submit.py:524} INFO - 24/10/24 18:40:54 INFO TransportClientFactory: Successfully created connection to spark-master/172.18.0.3:7077 after 34 ms (0 ms spent in bootstraps)
[2024-10-24T18:40:54.538+0000] {spark_submit.py:524} INFO - 24/10/24 18:40:54 INFO StandaloneSchedulerBackend: Connected to Spark cluster with app ID app-20241024184054-0002
[2024-10-24T18:40:54.549+0000] {spark_submit.py:524} INFO - 24/10/24 18:40:54 INFO StandaloneAppClient$ClientEndpoint: Executor added: app-20241024184054-0002/0 on worker-20241024183909-172.18.0.5-45197 (172.18.0.5:45197) with 2 core(s)
[2024-10-24T18:40:54.554+0000] {spark_submit.py:524} INFO - 24/10/24 18:40:54 INFO StandaloneSchedulerBackend: Granted executor ID app-20241024184054-0002/0 on hostPort 172.18.0.5:45197 with 2 core(s), 1024.0 MiB RAM
[2024-10-24T18:40:54.560+0000] {spark_submit.py:524} INFO - 24/10/24 18:40:54 INFO Utils: Successfully started service 'org.apache.spark.network.netty.NettyBlockTransferService' on port 45511.
[2024-10-24T18:40:54.561+0000] {spark_submit.py:524} INFO - 24/10/24 18:40:54 INFO NettyBlockTransferService: Server created on f55139681ae8:45511
[2024-10-24T18:40:54.565+0000] {spark_submit.py:524} INFO - 24/10/24 18:40:54 INFO BlockManager: Using org.apache.spark.storage.RandomBlockReplicationPolicy for block replication policy
[2024-10-24T18:40:54.581+0000] {spark_submit.py:524} INFO - 24/10/24 18:40:54 INFO BlockManagerMaster: Registering BlockManager BlockManagerId(driver, f55139681ae8, 45511, None)
[2024-10-24T18:40:54.588+0000] {spark_submit.py:524} INFO - 24/10/24 18:40:54 INFO BlockManagerMasterEndpoint: Registering block manager f55139681ae8:45511 with 434.4 MiB RAM, BlockManagerId(driver, f55139681ae8, 45511, None)
[2024-10-24T18:40:54.592+0000] {spark_submit.py:524} INFO - 24/10/24 18:40:54 INFO BlockManagerMaster: Registered BlockManager BlockManagerId(driver, f55139681ae8, 45511, None)
[2024-10-24T18:40:54.595+0000] {spark_submit.py:524} INFO - 24/10/24 18:40:54 INFO BlockManager: Initialized BlockManager: BlockManagerId(driver, f55139681ae8, 45511, None)
[2024-10-24T18:40:54.624+0000] {spark_submit.py:524} INFO - 24/10/24 18:40:54 INFO StandaloneAppClient$ClientEndpoint: Executor updated: app-20241024184054-0002/0 is now RUNNING
[2024-10-24T18:40:54.934+0000] {spark_submit.py:524} INFO - 24/10/24 18:40:54 INFO StandaloneSchedulerBackend: SchedulerBackend is ready for scheduling beginning after reached minRegisteredResourcesRatio: 0.0
[2024-10-24T18:40:55.309+0000] {spark_submit.py:524} INFO - 24/10/24 18:40:55 INFO SharedState: Setting hive.metastore.warehouse.dir ('null') to the value of spark.sql.warehouse.dir.
[2024-10-24T18:40:55.323+0000] {spark_submit.py:524} INFO - 24/10/24 18:40:55 INFO SharedState: Warehouse path is 'file:/opt/***/spark-warehouse'.
[2024-10-24T18:40:56.715+0000] {spark_submit.py:524} INFO - 24/10/24 18:40:56 INFO InMemoryFileIndex: It took 63 ms to list leaf files for 1 paths.
[2024-10-24T18:40:56.829+0000] {spark_submit.py:524} INFO - 24/10/24 18:40:56 INFO InMemoryFileIndex: It took 6 ms to list leaf files for 1 paths.
[2024-10-24T18:40:58.161+0000] {spark_submit.py:524} INFO - 24/10/24 18:40:58 INFO StandaloneSchedulerBackend$StandaloneDriverEndpoint: Registered executor NettyRpcEndpointRef(spark-client://Executor) (172.18.0.5:59002) with ID 0,  ResourceProfileId 0
[2024-10-24T18:40:58.248+0000] {spark_submit.py:524} INFO - 24/10/24 18:40:58 INFO BlockManagerMasterEndpoint: Registering block manager 172.18.0.5:33969 with 434.4 MiB RAM, BlockManagerId(0, 172.18.0.5, 33969, None)
[2024-10-24T18:40:59.158+0000] {spark_submit.py:524} INFO - 24/10/24 18:40:59 INFO FileSourceStrategy: Pushed Filters:
[2024-10-24T18:40:59.168+0000] {spark_submit.py:524} INFO - 24/10/24 18:40:59 INFO FileSourceStrategy: Post-Scan Filters:
[2024-10-24T18:40:59.366+0000] {spark_submit.py:524} INFO - 24/10/24 18:40:59 INFO MemoryStore: Block broadcast_0 stored as values in memory (estimated size 199.2 KiB, free 434.2 MiB)
[2024-10-24T18:40:59.410+0000] {spark_submit.py:524} INFO - 24/10/24 18:40:59 INFO MemoryStore: Block broadcast_0_piece0 stored as bytes in memory (estimated size 34.2 KiB, free 434.2 MiB)
[2024-10-24T18:40:59.418+0000] {spark_submit.py:524} INFO - 24/10/24 18:40:59 INFO BlockManagerInfo: Added broadcast_0_piece0 in memory on f55139681ae8:45511 (size: 34.2 KiB, free: 434.4 MiB)
[2024-10-24T18:40:59.422+0000] {spark_submit.py:524} INFO - 24/10/24 18:40:59 INFO SparkContext: Created broadcast 0 from json at NativeMethodAccessorImpl.java:0
[2024-10-24T18:40:59.431+0000] {spark_submit.py:524} INFO - 24/10/24 18:40:59 INFO FileSourceScanExec: Planning scan with bin packing, max size: 4194304 bytes, open cost is considered as scanning 4194304 bytes.
[2024-10-24T18:40:59.548+0000] {spark_submit.py:524} INFO - 24/10/24 18:40:59 INFO SparkContext: Starting job: json at NativeMethodAccessorImpl.java:0
[2024-10-24T18:40:59.592+0000] {spark_submit.py:524} INFO - 24/10/24 18:40:59 INFO DAGScheduler: Got job 0 (json at NativeMethodAccessorImpl.java:0) with 1 output partitions
[2024-10-24T18:40:59.592+0000] {spark_submit.py:524} INFO - 24/10/24 18:40:59 INFO DAGScheduler: Final stage: ResultStage 0 (json at NativeMethodAccessorImpl.java:0)
[2024-10-24T18:40:59.593+0000] {spark_submit.py:524} INFO - 24/10/24 18:40:59 INFO DAGScheduler: Parents of final stage: List()
[2024-10-24T18:40:59.595+0000] {spark_submit.py:524} INFO - 24/10/24 18:40:59 INFO DAGScheduler: Missing parents: List()
[2024-10-24T18:40:59.617+0000] {spark_submit.py:524} INFO - 24/10/24 18:40:59 INFO DAGScheduler: Submitting ResultStage 0 (MapPartitionsRDD[3] at json at NativeMethodAccessorImpl.java:0), which has no missing parents
[2024-10-24T18:40:59.720+0000] {spark_submit.py:524} INFO - 24/10/24 18:40:59 INFO MemoryStore: Block broadcast_1 stored as values in memory (estimated size 16.0 KiB, free 434.2 MiB)
[2024-10-24T18:40:59.726+0000] {spark_submit.py:524} INFO - 24/10/24 18:40:59 INFO MemoryStore: Block broadcast_1_piece0 stored as bytes in memory (estimated size 7.5 KiB, free 434.1 MiB)
[2024-10-24T18:40:59.726+0000] {spark_submit.py:524} INFO - 24/10/24 18:40:59 INFO BlockManagerInfo: Added broadcast_1_piece0 in memory on f55139681ae8:45511 (size: 7.5 KiB, free: 434.4 MiB)
[2024-10-24T18:40:59.727+0000] {spark_submit.py:524} INFO - 24/10/24 18:40:59 INFO SparkContext: Created broadcast 1 from broadcast at DAGScheduler.scala:1580
[2024-10-24T18:40:59.745+0000] {spark_submit.py:524} INFO - 24/10/24 18:40:59 INFO DAGScheduler: Submitting 1 missing tasks from ResultStage 0 (MapPartitionsRDD[3] at json at NativeMethodAccessorImpl.java:0) (first 15 tasks are for partitions Vector(0))
[2024-10-24T18:40:59.747+0000] {spark_submit.py:524} INFO - 24/10/24 18:40:59 INFO TaskSchedulerImpl: Adding task set 0.0 with 1 tasks resource profile 0
[2024-10-24T18:40:59.791+0000] {spark_submit.py:524} INFO - 24/10/24 18:40:59 INFO TaskSetManager: Starting task 0.0 in stage 0.0 (TID 0) (172.18.0.5, executor 0, partition 0, PROCESS_LOCAL, 8252 bytes)
[2024-10-24T18:41:00.026+0000] {spark_submit.py:524} INFO - 24/10/24 18:41:00 INFO BlockManagerInfo: Added broadcast_1_piece0 in memory on 172.18.0.5:33969 (size: 7.5 KiB, free: 434.4 MiB)
[2024-10-24T18:41:00.894+0000] {spark_submit.py:524} INFO - 24/10/24 18:41:00 INFO BlockManagerInfo: Added broadcast_0_piece0 in memory on 172.18.0.5:33969 (size: 34.2 KiB, free: 434.4 MiB)
[2024-10-24T18:41:01.130+0000] {spark_submit.py:524} INFO - 24/10/24 18:41:01 INFO TaskSetManager: Finished task 0.0 in stage 0.0 (TID 0) in 1354 ms on 172.18.0.5 (executor 0) (1/1)
[2024-10-24T18:41:01.133+0000] {spark_submit.py:524} INFO - 24/10/24 18:41:01 INFO TaskSchedulerImpl: Removed TaskSet 0.0, whose tasks have all completed, from pool
[2024-10-24T18:41:01.138+0000] {spark_submit.py:524} INFO - 24/10/24 18:41:01 INFO DAGScheduler: ResultStage 0 (json at NativeMethodAccessorImpl.java:0) finished in 1.499 s
[2024-10-24T18:41:01.143+0000] {spark_submit.py:524} INFO - 24/10/24 18:41:01 INFO DAGScheduler: Job 0 is finished. Cancelling potential speculative or zombie tasks for this job
[2024-10-24T18:41:01.143+0000] {spark_submit.py:524} INFO - 24/10/24 18:41:01 INFO TaskSchedulerImpl: Killing all running tasks in stage 0: Stage finished
[2024-10-24T18:41:01.151+0000] {spark_submit.py:524} INFO - 24/10/24 18:41:01 INFO DAGScheduler: Job 0 finished: json at NativeMethodAccessorImpl.java:0, took 1.600157 s
[2024-10-24T18:41:01.183+0000] {spark_submit.py:524} INFO - Leitura realizada com sucesso!
[2024-10-24T18:41:01.294+0000] {spark_submit.py:524} INFO - 24/10/24 18:41:01 INFO FileSourceStrategy: Pushed Filters:
[2024-10-24T18:41:01.294+0000] {spark_submit.py:524} INFO - 24/10/24 18:41:01 INFO FileSourceStrategy: Post-Scan Filters:
[2024-10-24T18:41:01.618+0000] {spark_submit.py:524} INFO - 24/10/24 18:41:01 INFO CodeGenerator: Code generated in 195.458065 ms
[2024-10-24T18:41:01.621+0000] {spark_submit.py:524} INFO - 24/10/24 18:41:01 INFO BlockManagerInfo: Removed broadcast_1_piece0 on f55139681ae8:45511 in memory (size: 7.5 KiB, free: 434.4 MiB)
[2024-10-24T18:41:01.626+0000] {spark_submit.py:524} INFO - 24/10/24 18:41:01 INFO MemoryStore: Block broadcast_2 stored as values in memory (estimated size 199.1 KiB, free 434.0 MiB)
[2024-10-24T18:41:01.628+0000] {spark_submit.py:524} INFO - 24/10/24 18:41:01 INFO BlockManagerInfo: Removed broadcast_1_piece0 on 172.18.0.5:33969 in memory (size: 7.5 KiB, free: 434.4 MiB)
[2024-10-24T18:41:01.646+0000] {spark_submit.py:524} INFO - 24/10/24 18:41:01 INFO MemoryStore: Block broadcast_2_piece0 stored as bytes in memory (estimated size 34.1 KiB, free 433.9 MiB)
[2024-10-24T18:41:01.646+0000] {spark_submit.py:524} INFO - 24/10/24 18:41:01 INFO BlockManagerInfo: Added broadcast_2_piece0 in memory on f55139681ae8:45511 (size: 34.1 KiB, free: 434.3 MiB)
[2024-10-24T18:41:01.648+0000] {spark_submit.py:524} INFO - 24/10/24 18:41:01 INFO SparkContext: Created broadcast 2 from count at NativeMethodAccessorImpl.java:0
[2024-10-24T18:41:01.651+0000] {spark_submit.py:524} INFO - 24/10/24 18:41:01 INFO FileSourceScanExec: Planning scan with bin packing, max size: 4194304 bytes, open cost is considered as scanning 4194304 bytes.
[2024-10-24T18:41:01.691+0000] {spark_submit.py:524} INFO - 24/10/24 18:41:01 INFO DAGScheduler: Registering RDD 7 (count at NativeMethodAccessorImpl.java:0) as input to shuffle 0
[2024-10-24T18:41:01.698+0000] {spark_submit.py:524} INFO - 24/10/24 18:41:01 INFO DAGScheduler: Got map stage job 1 (count at NativeMethodAccessorImpl.java:0) with 1 output partitions
[2024-10-24T18:41:01.698+0000] {spark_submit.py:524} INFO - 24/10/24 18:41:01 INFO DAGScheduler: Final stage: ShuffleMapStage 1 (count at NativeMethodAccessorImpl.java:0)
[2024-10-24T18:41:01.699+0000] {spark_submit.py:524} INFO - 24/10/24 18:41:01 INFO DAGScheduler: Parents of final stage: List()
[2024-10-24T18:41:01.700+0000] {spark_submit.py:524} INFO - 24/10/24 18:41:01 INFO DAGScheduler: Missing parents: List()
[2024-10-24T18:41:01.701+0000] {spark_submit.py:524} INFO - 24/10/24 18:41:01 INFO DAGScheduler: Submitting ShuffleMapStage 1 (MapPartitionsRDD[7] at count at NativeMethodAccessorImpl.java:0), which has no missing parents
[2024-10-24T18:41:01.718+0000] {spark_submit.py:524} INFO - 24/10/24 18:41:01 INFO MemoryStore: Block broadcast_3 stored as values in memory (estimated size 17.0 KiB, free 433.9 MiB)
[2024-10-24T18:41:01.723+0000] {spark_submit.py:524} INFO - 24/10/24 18:41:01 INFO MemoryStore: Block broadcast_3_piece0 stored as bytes in memory (estimated size 8.3 KiB, free 433.9 MiB)
[2024-10-24T18:41:01.723+0000] {spark_submit.py:524} INFO - 24/10/24 18:41:01 INFO BlockManagerInfo: Added broadcast_3_piece0 in memory on f55139681ae8:45511 (size: 8.3 KiB, free: 434.3 MiB)
[2024-10-24T18:41:01.724+0000] {spark_submit.py:524} INFO - 24/10/24 18:41:01 INFO SparkContext: Created broadcast 3 from broadcast at DAGScheduler.scala:1580
[2024-10-24T18:41:01.727+0000] {spark_submit.py:524} INFO - 24/10/24 18:41:01 INFO DAGScheduler: Submitting 1 missing tasks from ShuffleMapStage 1 (MapPartitionsRDD[7] at count at NativeMethodAccessorImpl.java:0) (first 15 tasks are for partitions Vector(0))
[2024-10-24T18:41:01.727+0000] {spark_submit.py:524} INFO - 24/10/24 18:41:01 INFO TaskSchedulerImpl: Adding task set 1.0 with 1 tasks resource profile 0
[2024-10-24T18:41:01.730+0000] {spark_submit.py:524} INFO - 24/10/24 18:41:01 INFO TaskSetManager: Starting task 0.0 in stage 1.0 (TID 1) (172.18.0.5, executor 0, partition 0, PROCESS_LOCAL, 8241 bytes)
[2024-10-24T18:41:01.761+0000] {spark_submit.py:524} INFO - 24/10/24 18:41:01 INFO BlockManagerInfo: Removed broadcast_0_piece0 on f55139681ae8:45511 in memory (size: 34.2 KiB, free: 434.4 MiB)
[2024-10-24T18:41:01.767+0000] {spark_submit.py:524} INFO - 24/10/24 18:41:01 INFO BlockManagerInfo: Removed broadcast_0_piece0 on 172.18.0.5:33969 in memory (size: 34.2 KiB, free: 434.4 MiB)
[2024-10-24T18:41:01.776+0000] {spark_submit.py:524} INFO - 24/10/24 18:41:01 INFO BlockManagerInfo: Added broadcast_3_piece0 in memory on 172.18.0.5:33969 (size: 8.3 KiB, free: 434.4 MiB)
[2024-10-24T18:41:01.885+0000] {spark_submit.py:524} INFO - 24/10/24 18:41:01 INFO BlockManagerInfo: Added broadcast_2_piece0 in memory on 172.18.0.5:33969 (size: 34.1 KiB, free: 434.4 MiB)
[2024-10-24T18:41:01.957+0000] {spark_submit.py:524} INFO - 24/10/24 18:41:01 INFO TaskSetManager: Finished task 0.0 in stage 1.0 (TID 1) in 228 ms on 172.18.0.5 (executor 0) (1/1)
[2024-10-24T18:41:01.957+0000] {spark_submit.py:524} INFO - 24/10/24 18:41:01 INFO TaskSchedulerImpl: Removed TaskSet 1.0, whose tasks have all completed, from pool
[2024-10-24T18:41:01.960+0000] {spark_submit.py:524} INFO - 24/10/24 18:41:01 INFO DAGScheduler: ShuffleMapStage 1 (count at NativeMethodAccessorImpl.java:0) finished in 0.255 s
[2024-10-24T18:41:01.960+0000] {spark_submit.py:524} INFO - 24/10/24 18:41:01 INFO DAGScheduler: looking for newly runnable stages
[2024-10-24T18:41:01.961+0000] {spark_submit.py:524} INFO - 24/10/24 18:41:01 INFO DAGScheduler: running: Set()
[2024-10-24T18:41:01.961+0000] {spark_submit.py:524} INFO - 24/10/24 18:41:01 INFO DAGScheduler: waiting: Set()
[2024-10-24T18:41:01.962+0000] {spark_submit.py:524} INFO - 24/10/24 18:41:01 INFO DAGScheduler: failed: Set()
[2024-10-24T18:41:01.998+0000] {spark_submit.py:524} INFO - 24/10/24 18:41:01 INFO CodeGenerator: Code generated in 12.766902 ms
[2024-10-24T18:41:02.021+0000] {spark_submit.py:524} INFO - 24/10/24 18:41:02 INFO SparkContext: Starting job: count at NativeMethodAccessorImpl.java:0
[2024-10-24T18:41:02.023+0000] {spark_submit.py:524} INFO - 24/10/24 18:41:02 INFO DAGScheduler: Got job 2 (count at NativeMethodAccessorImpl.java:0) with 1 output partitions
[2024-10-24T18:41:02.023+0000] {spark_submit.py:524} INFO - 24/10/24 18:41:02 INFO DAGScheduler: Final stage: ResultStage 3 (count at NativeMethodAccessorImpl.java:0)
[2024-10-24T18:41:02.023+0000] {spark_submit.py:524} INFO - 24/10/24 18:41:02 INFO DAGScheduler: Parents of final stage: List(ShuffleMapStage 2)
[2024-10-24T18:41:02.023+0000] {spark_submit.py:524} INFO - 24/10/24 18:41:02 INFO DAGScheduler: Missing parents: List()
[2024-10-24T18:41:02.024+0000] {spark_submit.py:524} INFO - 24/10/24 18:41:02 INFO DAGScheduler: Submitting ResultStage 3 (MapPartitionsRDD[10] at count at NativeMethodAccessorImpl.java:0), which has no missing parents
[2024-10-24T18:41:02.031+0000] {spark_submit.py:524} INFO - 24/10/24 18:41:02 INFO MemoryStore: Block broadcast_4 stored as values in memory (estimated size 12.5 KiB, free 434.1 MiB)
[2024-10-24T18:41:02.037+0000] {spark_submit.py:524} INFO - 24/10/24 18:41:02 INFO MemoryStore: Block broadcast_4_piece0 stored as bytes in memory (estimated size 5.9 KiB, free 434.1 MiB)
[2024-10-24T18:41:02.039+0000] {spark_submit.py:524} INFO - 24/10/24 18:41:02 INFO BlockManagerInfo: Added broadcast_4_piece0 in memory on f55139681ae8:45511 (size: 5.9 KiB, free: 434.4 MiB)
[2024-10-24T18:41:02.039+0000] {spark_submit.py:524} INFO - 24/10/24 18:41:02 INFO BlockManagerInfo: Removed broadcast_3_piece0 on f55139681ae8:45511 in memory (size: 8.3 KiB, free: 434.4 MiB)
[2024-10-24T18:41:02.040+0000] {spark_submit.py:524} INFO - 24/10/24 18:41:02 INFO SparkContext: Created broadcast 4 from broadcast at DAGScheduler.scala:1580
[2024-10-24T18:41:02.041+0000] {spark_submit.py:524} INFO - 24/10/24 18:41:02 INFO DAGScheduler: Submitting 1 missing tasks from ResultStage 3 (MapPartitionsRDD[10] at count at NativeMethodAccessorImpl.java:0) (first 15 tasks are for partitions Vector(0))
[2024-10-24T18:41:02.042+0000] {spark_submit.py:524} INFO - 24/10/24 18:41:02 INFO TaskSchedulerImpl: Adding task set 3.0 with 1 tasks resource profile 0
[2024-10-24T18:41:02.042+0000] {spark_submit.py:524} INFO - 24/10/24 18:41:02 INFO BlockManagerInfo: Removed broadcast_3_piece0 on 172.18.0.5:33969 in memory (size: 8.3 KiB, free: 434.4 MiB)
[2024-10-24T18:41:02.048+0000] {spark_submit.py:524} INFO - 24/10/24 18:41:02 INFO TaskSetManager: Starting task 0.0 in stage 3.0 (TID 2) (172.18.0.5, executor 0, partition 0, NODE_LOCAL, 7619 bytes)
[2024-10-24T18:41:02.071+0000] {spark_submit.py:524} INFO - 24/10/24 18:41:02 INFO BlockManagerInfo: Added broadcast_4_piece0 in memory on 172.18.0.5:33969 (size: 5.9 KiB, free: 434.4 MiB)
[2024-10-24T18:41:02.108+0000] {spark_submit.py:524} INFO - 24/10/24 18:41:02 INFO MapOutputTrackerMasterEndpoint: Asked to send map output locations for shuffle 0 to 172.18.0.5:59002
[2024-10-24T18:41:02.292+0000] {spark_submit.py:524} INFO - 24/10/24 18:41:02 INFO TaskSetManager: Finished task 0.0 in stage 3.0 (TID 2) in 246 ms on 172.18.0.5 (executor 0) (1/1)
[2024-10-24T18:41:02.296+0000] {spark_submit.py:524} INFO - 24/10/24 18:41:02 INFO DAGScheduler: ResultStage 3 (count at NativeMethodAccessorImpl.java:0) finished in 0.265 s
[2024-10-24T18:41:02.296+0000] {spark_submit.py:524} INFO - 24/10/24 18:41:02 INFO DAGScheduler: Job 2 is finished. Cancelling potential speculative or zombie tasks for this job
[2024-10-24T18:41:02.297+0000] {spark_submit.py:524} INFO - 24/10/24 18:41:02 INFO TaskSchedulerImpl: Removed TaskSet 3.0, whose tasks have all completed, from pool
[2024-10-24T18:41:02.297+0000] {spark_submit.py:524} INFO - 24/10/24 18:41:02 INFO TaskSchedulerImpl: Killing all running tasks in stage 3: Stage finished
[2024-10-24T18:41:02.300+0000] {spark_submit.py:524} INFO - 24/10/24 18:41:02 INFO DAGScheduler: Job 2 finished: count at NativeMethodAccessorImpl.java:0, took 0.276394 s
[2024-10-24T18:41:02.351+0000] {spark_submit.py:524} INFO - 24/10/24 18:41:02 INFO FileSourceStrategy: Pushed Filters:
[2024-10-24T18:41:02.351+0000] {spark_submit.py:524} INFO - 24/10/24 18:41:02 INFO FileSourceStrategy: Post-Scan Filters:
[2024-10-24T18:41:02.379+0000] {spark_submit.py:524} INFO - 24/10/24 18:41:02 INFO MemoryStore: Block broadcast_5 stored as values in memory (estimated size 199.1 KiB, free 434.0 MiB)
[2024-10-24T18:41:02.394+0000] {spark_submit.py:524} INFO - 24/10/24 18:41:02 INFO BlockManagerInfo: Removed broadcast_4_piece0 on f55139681ae8:45511 in memory (size: 5.9 KiB, free: 434.4 MiB)
[2024-10-24T18:41:02.398+0000] {spark_submit.py:524} INFO - 24/10/24 18:41:02 INFO BlockManagerInfo: Removed broadcast_4_piece0 on 172.18.0.5:33969 in memory (size: 5.9 KiB, free: 434.4 MiB)
[2024-10-24T18:41:02.407+0000] {spark_submit.py:524} INFO - 24/10/24 18:41:02 INFO MemoryStore: Block broadcast_5_piece0 stored as bytes in memory (estimated size 34.1 KiB, free 433.9 MiB)
[2024-10-24T18:41:02.408+0000] {spark_submit.py:524} INFO - 24/10/24 18:41:02 INFO BlockManagerInfo: Added broadcast_5_piece0 in memory on f55139681ae8:45511 (size: 34.1 KiB, free: 434.3 MiB)
[2024-10-24T18:41:02.410+0000] {spark_submit.py:524} INFO - 24/10/24 18:41:02 INFO SparkContext: Created broadcast 5 from count at NativeMethodAccessorImpl.java:0
[2024-10-24T18:41:02.412+0000] {spark_submit.py:524} INFO - 24/10/24 18:41:02 INFO FileSourceScanExec: Planning scan with bin packing, max size: 4194304 bytes, open cost is considered as scanning 4194304 bytes.
[2024-10-24T18:41:02.424+0000] {spark_submit.py:524} INFO - 24/10/24 18:41:02 INFO DAGScheduler: Registering RDD 14 (count at NativeMethodAccessorImpl.java:0) as input to shuffle 1
[2024-10-24T18:41:02.425+0000] {spark_submit.py:524} INFO - 24/10/24 18:41:02 INFO DAGScheduler: Got map stage job 3 (count at NativeMethodAccessorImpl.java:0) with 1 output partitions
[2024-10-24T18:41:02.425+0000] {spark_submit.py:524} INFO - 24/10/24 18:41:02 INFO DAGScheduler: Final stage: ShuffleMapStage 4 (count at NativeMethodAccessorImpl.java:0)
[2024-10-24T18:41:02.425+0000] {spark_submit.py:524} INFO - 24/10/24 18:41:02 INFO DAGScheduler: Parents of final stage: List()
[2024-10-24T18:41:02.426+0000] {spark_submit.py:524} INFO - 24/10/24 18:41:02 INFO DAGScheduler: Missing parents: List()
[2024-10-24T18:41:02.426+0000] {spark_submit.py:524} INFO - 24/10/24 18:41:02 INFO DAGScheduler: Submitting ShuffleMapStage 4 (MapPartitionsRDD[14] at count at NativeMethodAccessorImpl.java:0), which has no missing parents
[2024-10-24T18:41:02.431+0000] {spark_submit.py:524} INFO - 24/10/24 18:41:02 INFO MemoryStore: Block broadcast_6 stored as values in memory (estimated size 17.0 KiB, free 433.9 MiB)
[2024-10-24T18:41:02.433+0000] {spark_submit.py:524} INFO - 24/10/24 18:41:02 INFO MemoryStore: Block broadcast_6_piece0 stored as bytes in memory (estimated size 8.3 KiB, free 433.9 MiB)
[2024-10-24T18:41:02.434+0000] {spark_submit.py:524} INFO - 24/10/24 18:41:02 INFO BlockManagerInfo: Added broadcast_6_piece0 in memory on f55139681ae8:45511 (size: 8.3 KiB, free: 434.3 MiB)
[2024-10-24T18:41:02.434+0000] {spark_submit.py:524} INFO - 24/10/24 18:41:02 INFO SparkContext: Created broadcast 6 from broadcast at DAGScheduler.scala:1580
[2024-10-24T18:41:02.436+0000] {spark_submit.py:524} INFO - 24/10/24 18:41:02 INFO DAGScheduler: Submitting 1 missing tasks from ShuffleMapStage 4 (MapPartitionsRDD[14] at count at NativeMethodAccessorImpl.java:0) (first 15 tasks are for partitions Vector(0))
[2024-10-24T18:41:02.436+0000] {spark_submit.py:524} INFO - 24/10/24 18:41:02 INFO TaskSchedulerImpl: Adding task set 4.0 with 1 tasks resource profile 0
[2024-10-24T18:41:02.438+0000] {spark_submit.py:524} INFO - 24/10/24 18:41:02 INFO TaskSetManager: Starting task 0.0 in stage 4.0 (TID 3) (172.18.0.5, executor 0, partition 0, PROCESS_LOCAL, 8241 bytes)
[2024-10-24T18:41:02.473+0000] {spark_submit.py:524} INFO - 24/10/24 18:41:02 INFO BlockManagerInfo: Added broadcast_6_piece0 in memory on 172.18.0.5:33969 (size: 8.3 KiB, free: 434.4 MiB)
[2024-10-24T18:41:02.501+0000] {spark_submit.py:524} INFO - 24/10/24 18:41:02 INFO BlockManagerInfo: Added broadcast_5_piece0 in memory on 172.18.0.5:33969 (size: 34.1 KiB, free: 434.3 MiB)
[2024-10-24T18:41:02.568+0000] {spark_submit.py:524} INFO - 24/10/24 18:41:02 INFO TaskSetManager: Finished task 0.0 in stage 4.0 (TID 3) in 130 ms on 172.18.0.5 (executor 0) (1/1)
[2024-10-24T18:41:02.569+0000] {spark_submit.py:524} INFO - 24/10/24 18:41:02 INFO TaskSchedulerImpl: Removed TaskSet 4.0, whose tasks have all completed, from pool
[2024-10-24T18:41:02.571+0000] {spark_submit.py:524} INFO - 24/10/24 18:41:02 INFO DAGScheduler: ShuffleMapStage 4 (count at NativeMethodAccessorImpl.java:0) finished in 0.142 s
[2024-10-24T18:41:02.572+0000] {spark_submit.py:524} INFO - 24/10/24 18:41:02 INFO DAGScheduler: looking for newly runnable stages
[2024-10-24T18:41:02.572+0000] {spark_submit.py:524} INFO - 24/10/24 18:41:02 INFO DAGScheduler: running: Set()
[2024-10-24T18:41:02.572+0000] {spark_submit.py:524} INFO - 24/10/24 18:41:02 INFO DAGScheduler: waiting: Set()
[2024-10-24T18:41:02.572+0000] {spark_submit.py:524} INFO - 24/10/24 18:41:02 INFO DAGScheduler: failed: Set()
[2024-10-24T18:41:02.614+0000] {spark_submit.py:524} INFO - 24/10/24 18:41:02 INFO SparkContext: Starting job: count at NativeMethodAccessorImpl.java:0
[2024-10-24T18:41:02.616+0000] {spark_submit.py:524} INFO - 24/10/24 18:41:02 INFO DAGScheduler: Got job 4 (count at NativeMethodAccessorImpl.java:0) with 1 output partitions
[2024-10-24T18:41:02.616+0000] {spark_submit.py:524} INFO - 24/10/24 18:41:02 INFO DAGScheduler: Final stage: ResultStage 6 (count at NativeMethodAccessorImpl.java:0)
[2024-10-24T18:41:02.617+0000] {spark_submit.py:524} INFO - 24/10/24 18:41:02 INFO DAGScheduler: Parents of final stage: List(ShuffleMapStage 5)
[2024-10-24T18:41:02.617+0000] {spark_submit.py:524} INFO - 24/10/24 18:41:02 INFO DAGScheduler: Missing parents: List()
[2024-10-24T18:41:02.617+0000] {spark_submit.py:524} INFO - 24/10/24 18:41:02 INFO DAGScheduler: Submitting ResultStage 6 (MapPartitionsRDD[17] at count at NativeMethodAccessorImpl.java:0), which has no missing parents
[2024-10-24T18:41:02.621+0000] {spark_submit.py:524} INFO - 24/10/24 18:41:02 INFO MemoryStore: Block broadcast_7 stored as values in memory (estimated size 12.5 KiB, free 433.9 MiB)
[2024-10-24T18:41:02.627+0000] {spark_submit.py:524} INFO - 24/10/24 18:41:02 INFO MemoryStore: Block broadcast_7_piece0 stored as bytes in memory (estimated size 5.9 KiB, free 433.9 MiB)
[2024-10-24T18:41:02.637+0000] {spark_submit.py:524} INFO - 24/10/24 18:41:02 INFO BlockManagerInfo: Added broadcast_7_piece0 in memory on f55139681ae8:45511 (size: 5.9 KiB, free: 434.3 MiB)
[2024-10-24T18:41:02.637+0000] {spark_submit.py:524} INFO - 24/10/24 18:41:02 INFO SparkContext: Created broadcast 7 from broadcast at DAGScheduler.scala:1580
[2024-10-24T18:41:02.638+0000] {spark_submit.py:524} INFO - 24/10/24 18:41:02 INFO BlockManagerInfo: Removed broadcast_6_piece0 on f55139681ae8:45511 in memory (size: 8.3 KiB, free: 434.3 MiB)
[2024-10-24T18:41:02.638+0000] {spark_submit.py:524} INFO - 24/10/24 18:41:02 INFO BlockManagerInfo: Removed broadcast_6_piece0 on 172.18.0.5:33969 in memory (size: 8.3 KiB, free: 434.3 MiB)
[2024-10-24T18:41:02.638+0000] {spark_submit.py:524} INFO - 24/10/24 18:41:02 INFO DAGScheduler: Submitting 1 missing tasks from ResultStage 6 (MapPartitionsRDD[17] at count at NativeMethodAccessorImpl.java:0) (first 15 tasks are for partitions Vector(0))
[2024-10-24T18:41:02.638+0000] {spark_submit.py:524} INFO - 24/10/24 18:41:02 INFO TaskSchedulerImpl: Adding task set 6.0 with 1 tasks resource profile 0
[2024-10-24T18:41:02.641+0000] {spark_submit.py:524} INFO - 24/10/24 18:41:02 INFO TaskSetManager: Starting task 0.0 in stage 6.0 (TID 4) (172.18.0.5, executor 0, partition 0, NODE_LOCAL, 7619 bytes)
[2024-10-24T18:41:02.665+0000] {spark_submit.py:524} INFO - 24/10/24 18:41:02 INFO BlockManagerInfo: Added broadcast_7_piece0 in memory on 172.18.0.5:33969 (size: 5.9 KiB, free: 434.3 MiB)
[2024-10-24T18:41:02.688+0000] {spark_submit.py:524} INFO - 24/10/24 18:41:02 INFO MapOutputTrackerMasterEndpoint: Asked to send map output locations for shuffle 1 to 172.18.0.5:59002
[2024-10-24T18:41:02.719+0000] {spark_submit.py:524} INFO - 24/10/24 18:41:02 INFO TaskSetManager: Finished task 0.0 in stage 6.0 (TID 4) in 79 ms on 172.18.0.5 (executor 0) (1/1)
[2024-10-24T18:41:02.719+0000] {spark_submit.py:524} INFO - 24/10/24 18:41:02 INFO TaskSchedulerImpl: Removed TaskSet 6.0, whose tasks have all completed, from pool
[2024-10-24T18:41:02.721+0000] {spark_submit.py:524} INFO - 24/10/24 18:41:02 INFO DAGScheduler: ResultStage 6 (count at NativeMethodAccessorImpl.java:0) finished in 0.102 s
[2024-10-24T18:41:02.728+0000] {spark_submit.py:524} INFO - 24/10/24 18:41:02 INFO DAGScheduler: Job 4 is finished. Cancelling potential speculative or zombie tasks for this job
[2024-10-24T18:41:02.730+0000] {spark_submit.py:524} INFO - 24/10/24 18:41:02 INFO TaskSchedulerImpl: Killing all running tasks in stage 6: Stage finished
[2024-10-24T18:41:02.731+0000] {spark_submit.py:524} INFO - 24/10/24 18:41:02 INFO DAGScheduler: Job 4 finished: count at NativeMethodAccessorImpl.java:0, took 0.110664 s
[2024-10-24T18:41:02.736+0000] {spark_submit.py:524} INFO - Quantidade:  50
[2024-10-24T18:41:02.838+0000] {spark_submit.py:524} INFO - 24/10/24 18:41:02 INFO FileSourceStrategy: Pushed Filters:
[2024-10-24T18:41:02.838+0000] {spark_submit.py:524} INFO - 24/10/24 18:41:02 INFO FileSourceStrategy: Post-Scan Filters:
[2024-10-24T18:41:02.899+0000] {spark_submit.py:524} INFO - 24/10/24 18:41:02 INFO ParquetUtils: Using default output committer for Parquet: org.apache.parquet.hadoop.ParquetOutputCommitter
[2024-10-24T18:41:02.919+0000] {spark_submit.py:524} INFO - 24/10/24 18:41:02 INFO FileOutputCommitter: File Output Committer Algorithm version is 1
[2024-10-24T18:41:02.919+0000] {spark_submit.py:524} INFO - 24/10/24 18:41:02 INFO FileOutputCommitter: FileOutputCommitter skip cleanup _temporary folders under output directory:false, ignore cleanup failures: false
[2024-10-24T18:41:02.920+0000] {spark_submit.py:524} INFO - 24/10/24 18:41:02 INFO SQLHadoopMapReduceCommitProtocol: Using user defined output committer class org.apache.parquet.hadoop.ParquetOutputCommitter
[2024-10-24T18:41:02.920+0000] {spark_submit.py:524} INFO - 24/10/24 18:41:02 INFO FileOutputCommitter: File Output Committer Algorithm version is 1
[2024-10-24T18:41:02.921+0000] {spark_submit.py:524} INFO - 24/10/24 18:41:02 INFO FileOutputCommitter: FileOutputCommitter skip cleanup _temporary folders under output directory:false, ignore cleanup failures: false
[2024-10-24T18:41:02.921+0000] {spark_submit.py:524} INFO - 24/10/24 18:41:02 INFO SQLHadoopMapReduceCommitProtocol: Using output committer class org.apache.parquet.hadoop.ParquetOutputCommitter
[2024-10-24T18:41:02.994+0000] {spark_submit.py:524} INFO - 24/10/24 18:41:02 INFO CodeGenerator: Code generated in 43.777002 ms
[2024-10-24T18:41:02.998+0000] {spark_submit.py:524} INFO - 24/10/24 18:41:02 INFO MemoryStore: Block broadcast_8 stored as values in memory (estimated size 199.1 KiB, free 433.7 MiB)
[2024-10-24T18:41:03.008+0000] {spark_submit.py:524} INFO - 24/10/24 18:41:03 INFO BlockManagerInfo: Removed broadcast_5_piece0 on f55139681ae8:45511 in memory (size: 34.1 KiB, free: 434.4 MiB)
[2024-10-24T18:41:03.012+0000] {spark_submit.py:524} INFO - 24/10/24 18:41:03 INFO BlockManagerInfo: Removed broadcast_5_piece0 on 172.18.0.5:33969 in memory (size: 34.1 KiB, free: 434.4 MiB)
[2024-10-24T18:41:03.015+0000] {spark_submit.py:524} INFO - 24/10/24 18:41:03 INFO MemoryStore: Block broadcast_8_piece0 stored as bytes in memory (estimated size 34.1 KiB, free 433.9 MiB)
[2024-10-24T18:41:03.016+0000] {spark_submit.py:524} INFO - 24/10/24 18:41:03 INFO BlockManagerInfo: Added broadcast_8_piece0 in memory on f55139681ae8:45511 (size: 34.1 KiB, free: 434.3 MiB)
[2024-10-24T18:41:03.017+0000] {spark_submit.py:524} INFO - 24/10/24 18:41:03 INFO SparkContext: Created broadcast 8 from save at NativeMethodAccessorImpl.java:0
[2024-10-24T18:41:03.019+0000] {spark_submit.py:524} INFO - 24/10/24 18:41:03 INFO FileSourceScanExec: Planning scan with bin packing, max size: 4194304 bytes, open cost is considered as scanning 4194304 bytes.
[2024-10-24T18:41:03.031+0000] {spark_submit.py:524} INFO - 24/10/24 18:41:03 INFO BlockManagerInfo: Removed broadcast_7_piece0 on 172.18.0.5:33969 in memory (size: 5.9 KiB, free: 434.4 MiB)
[2024-10-24T18:41:03.037+0000] {spark_submit.py:524} INFO - 24/10/24 18:41:03 INFO BlockManagerInfo: Removed broadcast_7_piece0 on f55139681ae8:45511 in memory (size: 5.9 KiB, free: 434.3 MiB)
[2024-10-24T18:41:03.058+0000] {spark_submit.py:524} INFO - 24/10/24 18:41:03 INFO SparkContext: Starting job: save at NativeMethodAccessorImpl.java:0
[2024-10-24T18:41:03.060+0000] {spark_submit.py:524} INFO - 24/10/24 18:41:03 INFO DAGScheduler: Got job 5 (save at NativeMethodAccessorImpl.java:0) with 1 output partitions
[2024-10-24T18:41:03.060+0000] {spark_submit.py:524} INFO - 24/10/24 18:41:03 INFO DAGScheduler: Final stage: ResultStage 7 (save at NativeMethodAccessorImpl.java:0)
[2024-10-24T18:41:03.060+0000] {spark_submit.py:524} INFO - 24/10/24 18:41:03 INFO DAGScheduler: Parents of final stage: List()
[2024-10-24T18:41:03.060+0000] {spark_submit.py:524} INFO - 24/10/24 18:41:03 INFO DAGScheduler: Missing parents: List()
[2024-10-24T18:41:03.062+0000] {spark_submit.py:524} INFO - 24/10/24 18:41:03 INFO DAGScheduler: Submitting ResultStage 7 (MapPartitionsRDD[21] at save at NativeMethodAccessorImpl.java:0), which has no missing parents
[2024-10-24T18:41:03.099+0000] {spark_submit.py:524} INFO - 24/10/24 18:41:03 INFO MemoryStore: Block broadcast_9 stored as values in memory (estimated size 236.8 KiB, free 433.7 MiB)
[2024-10-24T18:41:03.105+0000] {spark_submit.py:524} INFO - 24/10/24 18:41:03 INFO MemoryStore: Block broadcast_9_piece0 stored as bytes in memory (estimated size 85.9 KiB, free 433.6 MiB)
[2024-10-24T18:41:03.105+0000] {spark_submit.py:524} INFO - 24/10/24 18:41:03 INFO BlockManagerInfo: Added broadcast_9_piece0 in memory on f55139681ae8:45511 (size: 85.9 KiB, free: 434.2 MiB)
[2024-10-24T18:41:03.106+0000] {spark_submit.py:524} INFO - 24/10/24 18:41:03 INFO SparkContext: Created broadcast 9 from broadcast at DAGScheduler.scala:1580
[2024-10-24T18:41:03.106+0000] {spark_submit.py:524} INFO - 24/10/24 18:41:03 INFO DAGScheduler: Submitting 1 missing tasks from ResultStage 7 (MapPartitionsRDD[21] at save at NativeMethodAccessorImpl.java:0) (first 15 tasks are for partitions Vector(0))
[2024-10-24T18:41:03.107+0000] {spark_submit.py:524} INFO - 24/10/24 18:41:03 INFO TaskSchedulerImpl: Adding task set 7.0 with 1 tasks resource profile 0
[2024-10-24T18:41:03.108+0000] {spark_submit.py:524} INFO - 24/10/24 18:41:03 INFO TaskSetManager: Starting task 0.0 in stage 7.0 (TID 5) (172.18.0.5, executor 0, partition 0, PROCESS_LOCAL, 8252 bytes)
[2024-10-24T18:41:03.145+0000] {spark_submit.py:524} INFO - 24/10/24 18:41:03 INFO BlockManagerInfo: Added broadcast_9_piece0 in memory on 172.18.0.5:33969 (size: 85.9 KiB, free: 434.3 MiB)
[2024-10-24T18:41:03.562+0000] {spark_submit.py:524} INFO - 24/10/24 18:41:03 INFO BlockManagerInfo: Added broadcast_8_piece0 in memory on 172.18.0.5:33969 (size: 34.1 KiB, free: 434.2 MiB)
[2024-10-24T18:41:05.451+0000] {spark_submit.py:524} INFO - 24/10/24 18:41:05 INFO TaskSetManager: Finished task 0.0 in stage 7.0 (TID 5) in 2342 ms on 172.18.0.5 (executor 0) (1/1)
[2024-10-24T18:41:05.451+0000] {spark_submit.py:524} INFO - 24/10/24 18:41:05 INFO TaskSchedulerImpl: Removed TaskSet 7.0, whose tasks have all completed, from pool
[2024-10-24T18:41:05.453+0000] {spark_submit.py:524} INFO - 24/10/24 18:41:05 INFO DAGScheduler: ResultStage 7 (save at NativeMethodAccessorImpl.java:0) finished in 2.390 s
[2024-10-24T18:41:05.453+0000] {spark_submit.py:524} INFO - 24/10/24 18:41:05 INFO DAGScheduler: Job 5 is finished. Cancelling potential speculative or zombie tasks for this job
[2024-10-24T18:41:05.453+0000] {spark_submit.py:524} INFO - 24/10/24 18:41:05 INFO TaskSchedulerImpl: Killing all running tasks in stage 7: Stage finished
[2024-10-24T18:41:05.455+0000] {spark_submit.py:524} INFO - 24/10/24 18:41:05 INFO DAGScheduler: Job 5 finished: save at NativeMethodAccessorImpl.java:0, took 2.395571 s
[2024-10-24T18:41:05.457+0000] {spark_submit.py:524} INFO - 24/10/24 18:41:05 INFO FileFormatWriter: Start to commit write Job 3c830a2c-1cec-4d53-b13a-83094f6b6cd2.
[2024-10-24T18:41:05.488+0000] {spark_submit.py:524} INFO - 24/10/24 18:41:05 INFO FileFormatWriter: Write Job 3c830a2c-1cec-4d53-b13a-83094f6b6cd2 committed. Elapsed time: 30 ms.
[2024-10-24T18:41:05.493+0000] {spark_submit.py:524} INFO - 24/10/24 18:41:05 INFO FileFormatWriter: Finished processing stats for write job 3c830a2c-1cec-4d53-b13a-83094f6b6cd2.
[2024-10-24T18:41:05.505+0000] {spark_submit.py:524} INFO - Arquivos gerados com sucesso na camada Silver
[2024-10-24T18:41:05.506+0000] {spark_submit.py:524} INFO - 24/10/24 18:41:05 INFO SparkContext: SparkContext is stopping with exitCode 0.
[2024-10-24T18:41:05.516+0000] {spark_submit.py:524} INFO - 24/10/24 18:41:05 INFO SparkUI: Stopped Spark web UI at http://f55139681ae8:4040
[2024-10-24T18:41:05.520+0000] {spark_submit.py:524} INFO - 24/10/24 18:41:05 INFO StandaloneSchedulerBackend: Shutting down all executors
[2024-10-24T18:41:05.520+0000] {spark_submit.py:524} INFO - 24/10/24 18:41:05 INFO StandaloneSchedulerBackend$StandaloneDriverEndpoint: Asking each executor to shut down
[2024-10-24T18:41:05.537+0000] {spark_submit.py:524} INFO - 24/10/24 18:41:05 INFO MapOutputTrackerMasterEndpoint: MapOutputTrackerMasterEndpoint stopped!
[2024-10-24T18:41:05.580+0000] {spark_submit.py:524} INFO - 24/10/24 18:41:05 INFO MemoryStore: MemoryStore cleared
[2024-10-24T18:41:05.581+0000] {spark_submit.py:524} INFO - 24/10/24 18:41:05 INFO BlockManager: BlockManager stopped
[2024-10-24T18:41:05.605+0000] {spark_submit.py:524} INFO - 24/10/24 18:41:05 INFO BlockManagerMaster: BlockManagerMaster stopped
[2024-10-24T18:41:05.613+0000] {spark_submit.py:524} INFO - 24/10/24 18:41:05 INFO OutputCommitCoordinator$OutputCommitCoordinatorEndpoint: OutputCommitCoordinator stopped!
[2024-10-24T18:41:05.665+0000] {spark_submit.py:524} INFO - 24/10/24 18:41:05 INFO SparkContext: Successfully stopped SparkContext
[2024-10-24T18:41:06.164+0000] {spark_submit.py:524} INFO - 24/10/24 18:41:06 INFO ShutdownHookManager: Shutdown hook called
[2024-10-24T18:41:06.174+0000] {spark_submit.py:524} INFO - 24/10/24 18:41:06 INFO ShutdownHookManager: Deleting directory /tmp/spark-3c93cb24-a21f-44e3-8561-2fa9e61cdd49
[2024-10-24T18:41:06.189+0000] {spark_submit.py:524} INFO - 24/10/24 18:41:06 INFO ShutdownHookManager: Deleting directory /tmp/spark-1cad3fce-e600-44fa-9e4b-0c67715a95c0
[2024-10-24T18:41:06.205+0000] {spark_submit.py:524} INFO - 24/10/24 18:41:06 INFO ShutdownHookManager: Deleting directory /tmp/spark-1cad3fce-e600-44fa-9e4b-0c67715a95c0/pyspark-87befda8-481c-43d9-b967-416b26502c55
[2024-10-24T18:41:06.400+0000] {taskinstance.py:1398} INFO - Marking task as SUCCESS. dag_id=api_openbrewerydb_to_silver_gold, task_id=Silver, execution_date=20241023T080000, start_date=20241024T184050, end_date=20241024T184106
[2024-10-24T18:41:06.457+0000] {local_task_job_runner.py:228} INFO - Task exited with return code 0
[2024-10-24T18:41:06.526+0000] {taskinstance.py:2776} INFO - 1 downstream tasks scheduled from follow-on schedule check
