[2024-10-24T01:37:37.816+0000] {taskinstance.py:1157} INFO - Dependencies all met for dep_context=non-requeueable deps ti=<TaskInstance: api_openbrewerydb_to_silver_gold.Gold scheduled__2023-12-14T08:00:00+00:00 [queued]>
[2024-10-24T01:37:37.827+0000] {taskinstance.py:1157} INFO - Dependencies all met for dep_context=requeueable deps ti=<TaskInstance: api_openbrewerydb_to_silver_gold.Gold scheduled__2023-12-14T08:00:00+00:00 [queued]>
[2024-10-24T01:37:37.828+0000] {taskinstance.py:1359} INFO - Starting attempt 1 of 2
[2024-10-24T01:37:37.842+0000] {taskinstance.py:1380} INFO - Executing <Task(SparkSubmitOperator): Gold> on 2023-12-14 08:00:00+00:00
[2024-10-24T01:37:37.848+0000] {standard_task_runner.py:57} INFO - Started process 1154 to run task
[2024-10-24T01:37:37.851+0000] {standard_task_runner.py:84} INFO - Running: ['***', 'tasks', 'run', 'api_openbrewerydb_to_silver_gold', 'Gold', 'scheduled__2023-12-14T08:00:00+00:00', '--job-id', '165', '--raw', '--subdir', 'DAGS_FOLDER/api_openbrewerydb_to_silver.py', '--cfg-path', '/tmp/tmp2czqx4au']
[2024-10-24T01:37:37.857+0000] {standard_task_runner.py:85} INFO - Job 165: Subtask Gold
[2024-10-24T01:37:37.916+0000] {task_command.py:415} INFO - Running <TaskInstance: api_openbrewerydb_to_silver_gold.Gold scheduled__2023-12-14T08:00:00+00:00 [running]> on host de5108c6da1d
[2024-10-24T01:37:38.017+0000] {taskinstance.py:1660} INFO - Exporting env vars: AIRFLOW_CTX_DAG_OWNER='Rodrigo Araujo' AIRFLOW_CTX_DAG_ID='api_openbrewerydb_to_silver_gold' AIRFLOW_CTX_TASK_ID='Gold' AIRFLOW_CTX_EXECUTION_DATE='2023-12-14T08:00:00+00:00' AIRFLOW_CTX_TRY_NUMBER='1' AIRFLOW_CTX_DAG_RUN_ID='scheduled__2023-12-14T08:00:00+00:00'
[2024-10-24T01:37:38.031+0000] {base.py:73} INFO - Using connection ID 'spark-conn' for task execution.
[2024-10-24T01:37:38.032+0000] {spark_submit.py:363} INFO - Spark-Submit cmd: spark-submit --master spark://spark-master:7077 --name arrow-spark --queue root.default jobs/gold/api_openbrewerydb.py
[2024-10-24T01:37:42.957+0000] {spark_submit.py:524} INFO - 24/10/24 01:37:42 INFO SparkContext: Running Spark version 3.5.3
[2024-10-24T01:37:42.960+0000] {spark_submit.py:524} INFO - 24/10/24 01:37:42 INFO SparkContext: OS info Linux, 5.15.0-124-generic, amd64
[2024-10-24T01:37:42.961+0000] {spark_submit.py:524} INFO - 24/10/24 01:37:42 INFO SparkContext: Java version 11.0.25
[2024-10-24T01:37:43.056+0000] {spark_submit.py:524} INFO - 24/10/24 01:37:43 WARN NativeCodeLoader: Unable to load native-hadoop library for your platform... using builtin-java classes where applicable
[2024-10-24T01:37:43.182+0000] {spark_submit.py:524} INFO - 24/10/24 01:37:43 INFO ResourceUtils: ==============================================================
[2024-10-24T01:37:43.183+0000] {spark_submit.py:524} INFO - 24/10/24 01:37:43 INFO ResourceUtils: No custom resources configured for spark.driver.
[2024-10-24T01:37:43.183+0000] {spark_submit.py:524} INFO - 24/10/24 01:37:43 INFO ResourceUtils: ==============================================================
[2024-10-24T01:37:43.184+0000] {spark_submit.py:524} INFO - 24/10/24 01:37:43 INFO SparkContext: Submitted application: IngestaoSilver
[2024-10-24T01:37:43.217+0000] {spark_submit.py:524} INFO - 24/10/24 01:37:43 INFO ResourceProfile: Default ResourceProfile created, executor resources: Map(memory -> name: memory, amount: 1024, script: , vendor: , offHeap -> name: offHeap, amount: 0, script: , vendor: ), task resources: Map(cpus -> name: cpus, amount: 1.0)
[2024-10-24T01:37:43.235+0000] {spark_submit.py:524} INFO - 24/10/24 01:37:43 INFO ResourceProfile: Limiting resource is cpu
[2024-10-24T01:37:43.236+0000] {spark_submit.py:524} INFO - 24/10/24 01:37:43 INFO ResourceProfileManager: Added ResourceProfile id: 0
[2024-10-24T01:37:43.315+0000] {spark_submit.py:524} INFO - 24/10/24 01:37:43 INFO SecurityManager: Changing view acls to: ***
[2024-10-24T01:37:43.316+0000] {spark_submit.py:524} INFO - 24/10/24 01:37:43 INFO SecurityManager: Changing modify acls to: ***
[2024-10-24T01:37:43.317+0000] {spark_submit.py:524} INFO - 24/10/24 01:37:43 INFO SecurityManager: Changing view acls groups to:
[2024-10-24T01:37:43.318+0000] {spark_submit.py:524} INFO - 24/10/24 01:37:43 INFO SecurityManager: Changing modify acls groups to:
[2024-10-24T01:37:43.319+0000] {spark_submit.py:524} INFO - 24/10/24 01:37:43 INFO SecurityManager: SecurityManager: authentication disabled; ui acls disabled; users with view permissions: ***; groups with view permissions: EMPTY; users with modify permissions: ***; groups with modify permissions: EMPTY
[2024-10-24T01:37:43.834+0000] {spark_submit.py:524} INFO - 24/10/24 01:37:43 INFO Utils: Successfully started service 'sparkDriver' on port 34405.
[2024-10-24T01:37:43.886+0000] {spark_submit.py:524} INFO - 24/10/24 01:37:43 INFO SparkEnv: Registering MapOutputTracker
[2024-10-24T01:37:43.946+0000] {spark_submit.py:524} INFO - 24/10/24 01:37:43 INFO SparkEnv: Registering BlockManagerMaster
[2024-10-24T01:37:43.985+0000] {spark_submit.py:524} INFO - 24/10/24 01:37:43 INFO BlockManagerMasterEndpoint: Using org.apache.spark.storage.DefaultTopologyMapper for getting topology information
[2024-10-24T01:37:43.986+0000] {spark_submit.py:524} INFO - 24/10/24 01:37:43 INFO BlockManagerMasterEndpoint: BlockManagerMasterEndpoint up
[2024-10-24T01:37:43.991+0000] {spark_submit.py:524} INFO - 24/10/24 01:37:43 INFO SparkEnv: Registering BlockManagerMasterHeartbeat
[2024-10-24T01:37:44.022+0000] {spark_submit.py:524} INFO - 24/10/24 01:37:44 INFO DiskBlockManager: Created local directory at /tmp/blockmgr-fe6fd5c2-6e33-4d06-ad21-a56b1ba02c3e
[2024-10-24T01:37:44.047+0000] {spark_submit.py:524} INFO - 24/10/24 01:37:44 INFO MemoryStore: MemoryStore started with capacity 434.4 MiB
[2024-10-24T01:37:44.072+0000] {spark_submit.py:524} INFO - 24/10/24 01:37:44 INFO SparkEnv: Registering OutputCommitCoordinator
[2024-10-24T01:37:44.282+0000] {spark_submit.py:524} INFO - 24/10/24 01:37:44 INFO JettyUtils: Start Jetty 0.0.0.0:4040 for SparkUI
[2024-10-24T01:37:44.345+0000] {spark_submit.py:524} INFO - 24/10/24 01:37:44 INFO Utils: Successfully started service 'SparkUI' on port 4040.
[2024-10-24T01:37:44.534+0000] {spark_submit.py:524} INFO - 24/10/24 01:37:44 INFO StandaloneAppClient$ClientEndpoint: Connecting to master spark://spark-master:7077...
[2024-10-24T01:37:44.601+0000] {spark_submit.py:524} INFO - 24/10/24 01:37:44 INFO TransportClientFactory: Successfully created connection to spark-master/172.22.0.2:7077 after 40 ms (0 ms spent in bootstraps)
[2024-10-24T01:37:44.746+0000] {spark_submit.py:524} INFO - 24/10/24 01:37:44 INFO StandaloneSchedulerBackend: Connected to Spark cluster with app ID app-20241024013744-0006
[2024-10-24T01:37:44.750+0000] {spark_submit.py:524} INFO - 24/10/24 01:37:44 INFO StandaloneAppClient$ClientEndpoint: Executor added: app-20241024013744-0006/0 on worker-20241024013655-172.22.0.4-42143 (172.22.0.4:42143) with 2 core(s)
[2024-10-24T01:37:44.764+0000] {spark_submit.py:524} INFO - 24/10/24 01:37:44 INFO StandaloneSchedulerBackend: Granted executor ID app-20241024013744-0006/0 on hostPort 172.22.0.4:42143 with 2 core(s), 1024.0 MiB RAM
[2024-10-24T01:37:44.778+0000] {spark_submit.py:524} INFO - 24/10/24 01:37:44 INFO Utils: Successfully started service 'org.apache.spark.network.netty.NettyBlockTransferService' on port 35841.
[2024-10-24T01:37:44.778+0000] {spark_submit.py:524} INFO - 24/10/24 01:37:44 INFO NettyBlockTransferService: Server created on de5108c6da1d:35841
[2024-10-24T01:37:44.782+0000] {spark_submit.py:524} INFO - 24/10/24 01:37:44 INFO BlockManager: Using org.apache.spark.storage.RandomBlockReplicationPolicy for block replication policy
[2024-10-24T01:37:44.800+0000] {spark_submit.py:524} INFO - 24/10/24 01:37:44 INFO BlockManagerMaster: Registering BlockManager BlockManagerId(driver, de5108c6da1d, 35841, None)
[2024-10-24T01:37:44.808+0000] {spark_submit.py:524} INFO - 24/10/24 01:37:44 INFO BlockManagerMasterEndpoint: Registering block manager de5108c6da1d:35841 with 434.4 MiB RAM, BlockManagerId(driver, de5108c6da1d, 35841, None)
[2024-10-24T01:37:44.823+0000] {spark_submit.py:524} INFO - 24/10/24 01:37:44 INFO BlockManagerMaster: Registered BlockManager BlockManagerId(driver, de5108c6da1d, 35841, None)
[2024-10-24T01:37:44.829+0000] {spark_submit.py:524} INFO - 24/10/24 01:37:44 INFO BlockManager: Initialized BlockManager: BlockManagerId(driver, de5108c6da1d, 35841, None)
[2024-10-24T01:37:44.852+0000] {spark_submit.py:524} INFO - 24/10/24 01:37:44 INFO StandaloneAppClient$ClientEndpoint: Executor updated: app-20241024013744-0006/0 is now RUNNING
[2024-10-24T01:37:45.319+0000] {spark_submit.py:524} INFO - 24/10/24 01:37:45 INFO StandaloneSchedulerBackend: SchedulerBackend is ready for scheduling beginning after reached minRegisteredResourcesRatio: 0.0
[2024-10-24T01:37:45.694+0000] {spark_submit.py:524} INFO - Hello from Spark!
[2024-10-24T01:37:45.696+0000] {spark_submit.py:524} INFO - 24/10/24 01:37:45 INFO SparkContext: SparkContext is stopping with exitCode 0.
[2024-10-24T01:37:45.719+0000] {spark_submit.py:524} INFO - 24/10/24 01:37:45 INFO SparkUI: Stopped Spark web UI at http://de5108c6da1d:4040
[2024-10-24T01:37:45.727+0000] {spark_submit.py:524} INFO - 24/10/24 01:37:45 INFO StandaloneSchedulerBackend: Shutting down all executors
[2024-10-24T01:37:45.733+0000] {spark_submit.py:524} INFO - 24/10/24 01:37:45 INFO StandaloneSchedulerBackend$StandaloneDriverEndpoint: Asking each executor to shut down
[2024-10-24T01:37:45.773+0000] {spark_submit.py:524} INFO - 24/10/24 01:37:45 INFO MapOutputTrackerMasterEndpoint: MapOutputTrackerMasterEndpoint stopped!
[2024-10-24T01:37:45.812+0000] {spark_submit.py:524} INFO - 24/10/24 01:37:45 INFO MemoryStore: MemoryStore cleared
[2024-10-24T01:37:45.813+0000] {spark_submit.py:524} INFO - 24/10/24 01:37:45 INFO BlockManager: BlockManager stopped
[2024-10-24T01:37:45.831+0000] {spark_submit.py:524} INFO - 24/10/24 01:37:45 INFO BlockManagerMaster: BlockManagerMaster stopped
[2024-10-24T01:37:45.835+0000] {spark_submit.py:524} INFO - 24/10/24 01:37:45 INFO OutputCommitCoordinator$OutputCommitCoordinatorEndpoint: OutputCommitCoordinator stopped!
[2024-10-24T01:37:45.874+0000] {spark_submit.py:524} INFO - 24/10/24 01:37:45 INFO SparkContext: Successfully stopped SparkContext
[2024-10-24T01:37:46.433+0000] {spark_submit.py:524} INFO - 24/10/24 01:37:46 INFO ShutdownHookManager: Shutdown hook called
[2024-10-24T01:37:46.433+0000] {spark_submit.py:524} INFO - 24/10/24 01:37:46 INFO ShutdownHookManager: Deleting directory /tmp/spark-9efc94d1-855c-4430-92c1-a35f7696c822
[2024-10-24T01:37:46.437+0000] {spark_submit.py:524} INFO - 24/10/24 01:37:46 INFO ShutdownHookManager: Deleting directory /tmp/spark-c1e7ffc4-8ad2-43a7-acce-e40cbc658f88
[2024-10-24T01:37:46.440+0000] {spark_submit.py:524} INFO - 24/10/24 01:37:46 INFO ShutdownHookManager: Deleting directory /tmp/spark-9efc94d1-855c-4430-92c1-a35f7696c822/pyspark-73ee3c86-5727-410c-b66c-c1e9c61680da
[2024-10-24T01:37:46.507+0000] {taskinstance.py:1398} INFO - Marking task as SUCCESS. dag_id=api_openbrewerydb_to_silver_gold, task_id=Gold, execution_date=20231214T080000, start_date=20241024T013737, end_date=20241024T013746
[2024-10-24T01:37:46.548+0000] {local_task_job_runner.py:228} INFO - Task exited with return code 0
[2024-10-24T01:37:46.585+0000] {taskinstance.py:2776} INFO - 0 downstream tasks scheduled from follow-on schedule check
