[2024-10-24T01:19:03.364+0000] {taskinstance.py:1157} INFO - Dependencies all met for dep_context=non-requeueable deps ti=<TaskInstance: api_openbrewerydb_to_silver_gold.Gold scheduled__2023-11-11T08:00:00+00:00 [queued]>
[2024-10-24T01:19:03.375+0000] {taskinstance.py:1157} INFO - Dependencies all met for dep_context=requeueable deps ti=<TaskInstance: api_openbrewerydb_to_silver_gold.Gold scheduled__2023-11-11T08:00:00+00:00 [queued]>
[2024-10-24T01:19:03.375+0000] {taskinstance.py:1359} INFO - Starting attempt 1 of 3
[2024-10-24T01:19:03.393+0000] {taskinstance.py:1380} INFO - Executing <Task(SparkSubmitOperator): Gold> on 2023-11-11 08:00:00+00:00
[2024-10-24T01:19:03.399+0000] {standard_task_runner.py:57} INFO - Started process 3283 to run task
[2024-10-24T01:19:03.402+0000] {standard_task_runner.py:84} INFO - Running: ['***', 'tasks', 'run', 'api_openbrewerydb_to_silver_gold', 'Gold', 'scheduled__2023-11-11T08:00:00+00:00', '--job-id', '84', '--raw', '--subdir', 'DAGS_FOLDER/api_openbrewerydb_to_silver.py', '--cfg-path', '/tmp/tmp8121l64u']
[2024-10-24T01:19:03.409+0000] {standard_task_runner.py:85} INFO - Job 84: Subtask Gold
[2024-10-24T01:19:03.482+0000] {task_command.py:415} INFO - Running <TaskInstance: api_openbrewerydb_to_silver_gold.Gold scheduled__2023-11-11T08:00:00+00:00 [running]> on host de5108c6da1d
[2024-10-24T01:19:03.589+0000] {taskinstance.py:1660} INFO - Exporting env vars: AIRFLOW_CTX_DAG_OWNER='Rodrigo Araujo' AIRFLOW_CTX_DAG_ID='api_openbrewerydb_to_silver_gold' AIRFLOW_CTX_TASK_ID='Gold' AIRFLOW_CTX_EXECUTION_DATE='2023-11-11T08:00:00+00:00' AIRFLOW_CTX_TRY_NUMBER='1' AIRFLOW_CTX_DAG_RUN_ID='scheduled__2023-11-11T08:00:00+00:00'
[2024-10-24T01:19:03.603+0000] {base.py:73} INFO - Using connection ID 'spark-conn' for task execution.
[2024-10-24T01:19:03.604+0000] {spark_submit.py:363} INFO - Spark-Submit cmd: spark-submit --master spark://spark-master:7077 --name arrow-spark --queue root.default jobs/gold/api_openbrewerydb.py
[2024-10-24T01:19:09.884+0000] {spark_submit.py:524} INFO - 24/10/24 01:19:09 INFO SparkContext: Running Spark version 3.5.3
[2024-10-24T01:19:09.888+0000] {spark_submit.py:524} INFO - 24/10/24 01:19:09 INFO SparkContext: OS info Linux, 5.15.0-124-generic, amd64
[2024-10-24T01:19:09.889+0000] {spark_submit.py:524} INFO - 24/10/24 01:19:09 INFO SparkContext: Java version 11.0.25
[2024-10-24T01:19:10.023+0000] {spark_submit.py:524} INFO - 24/10/24 01:19:10 WARN NativeCodeLoader: Unable to load native-hadoop library for your platform... using builtin-java classes where applicable
[2024-10-24T01:19:10.190+0000] {spark_submit.py:524} INFO - 24/10/24 01:19:10 INFO ResourceUtils: ==============================================================
[2024-10-24T01:19:10.190+0000] {spark_submit.py:524} INFO - 24/10/24 01:19:10 INFO ResourceUtils: No custom resources configured for spark.driver.
[2024-10-24T01:19:10.190+0000] {spark_submit.py:524} INFO - 24/10/24 01:19:10 INFO ResourceUtils: ==============================================================
[2024-10-24T01:19:10.191+0000] {spark_submit.py:524} INFO - 24/10/24 01:19:10 INFO SparkContext: Submitted application: IngestaoSilver
[2024-10-24T01:19:10.220+0000] {spark_submit.py:524} INFO - 24/10/24 01:19:10 INFO ResourceProfile: Default ResourceProfile created, executor resources: Map(memory -> name: memory, amount: 1024, script: , vendor: , offHeap -> name: offHeap, amount: 0, script: , vendor: ), task resources: Map(cpus -> name: cpus, amount: 1.0)
[2024-10-24T01:19:10.240+0000] {spark_submit.py:524} INFO - 24/10/24 01:19:10 INFO ResourceProfile: Limiting resource is cpu
[2024-10-24T01:19:10.242+0000] {spark_submit.py:524} INFO - 24/10/24 01:19:10 INFO ResourceProfileManager: Added ResourceProfile id: 0
[2024-10-24T01:19:10.299+0000] {spark_submit.py:524} INFO - 24/10/24 01:19:10 INFO SecurityManager: Changing view acls to: ***
[2024-10-24T01:19:10.299+0000] {spark_submit.py:524} INFO - 24/10/24 01:19:10 INFO SecurityManager: Changing modify acls to: ***
[2024-10-24T01:19:10.300+0000] {spark_submit.py:524} INFO - 24/10/24 01:19:10 INFO SecurityManager: Changing view acls groups to:
[2024-10-24T01:19:10.301+0000] {spark_submit.py:524} INFO - 24/10/24 01:19:10 INFO SecurityManager: Changing modify acls groups to:
[2024-10-24T01:19:10.302+0000] {spark_submit.py:524} INFO - 24/10/24 01:19:10 INFO SecurityManager: SecurityManager: authentication disabled; ui acls disabled; users with view permissions: ***; groups with view permissions: EMPTY; users with modify permissions: ***; groups with modify permissions: EMPTY
[2024-10-24T01:19:10.610+0000] {spark_submit.py:524} INFO - 24/10/24 01:19:10 INFO Utils: Successfully started service 'sparkDriver' on port 41291.
[2024-10-24T01:19:10.648+0000] {spark_submit.py:524} INFO - 24/10/24 01:19:10 INFO SparkEnv: Registering MapOutputTracker
[2024-10-24T01:19:10.687+0000] {spark_submit.py:524} INFO - 24/10/24 01:19:10 INFO SparkEnv: Registering BlockManagerMaster
[2024-10-24T01:19:10.715+0000] {spark_submit.py:524} INFO - 24/10/24 01:19:10 INFO BlockManagerMasterEndpoint: Using org.apache.spark.storage.DefaultTopologyMapper for getting topology information
[2024-10-24T01:19:10.716+0000] {spark_submit.py:524} INFO - 24/10/24 01:19:10 INFO BlockManagerMasterEndpoint: BlockManagerMasterEndpoint up
[2024-10-24T01:19:10.720+0000] {spark_submit.py:524} INFO - 24/10/24 01:19:10 INFO SparkEnv: Registering BlockManagerMasterHeartbeat
[2024-10-24T01:19:10.746+0000] {spark_submit.py:524} INFO - 24/10/24 01:19:10 INFO DiskBlockManager: Created local directory at /tmp/blockmgr-503ab923-2b5b-4167-a8d9-3f57a4f314e2
[2024-10-24T01:19:10.763+0000] {spark_submit.py:524} INFO - 24/10/24 01:19:10 INFO MemoryStore: MemoryStore started with capacity 434.4 MiB
[2024-10-24T01:19:10.782+0000] {spark_submit.py:524} INFO - 24/10/24 01:19:10 INFO SparkEnv: Registering OutputCommitCoordinator
[2024-10-24T01:19:11.020+0000] {spark_submit.py:524} INFO - 24/10/24 01:19:11 INFO JettyUtils: Start Jetty 0.0.0.0:4040 for SparkUI
[2024-10-24T01:19:11.114+0000] {spark_submit.py:524} INFO - 24/10/24 01:19:11 INFO Utils: Successfully started service 'SparkUI' on port 4040.
[2024-10-24T01:19:11.300+0000] {spark_submit.py:524} INFO - 24/10/24 01:19:11 INFO StandaloneAppClient$ClientEndpoint: Connecting to master spark://spark-master:7077...
[2024-10-24T01:19:11.370+0000] {spark_submit.py:524} INFO - 24/10/24 01:19:11 INFO TransportClientFactory: Successfully created connection to spark-master/172.22.0.3:7077 after 39 ms (0 ms spent in bootstraps)
[2024-10-24T01:19:11.498+0000] {spark_submit.py:524} INFO - 24/10/24 01:19:11 INFO StandaloneSchedulerBackend: Connected to Spark cluster with app ID app-20241024011911-0015
[2024-10-24T01:19:11.509+0000] {spark_submit.py:524} INFO - 24/10/24 01:19:11 INFO Utils: Successfully started service 'org.apache.spark.network.netty.NettyBlockTransferService' on port 34945.
[2024-10-24T01:19:11.510+0000] {spark_submit.py:524} INFO - 24/10/24 01:19:11 INFO NettyBlockTransferService: Server created on de5108c6da1d:34945
[2024-10-24T01:19:11.512+0000] {spark_submit.py:524} INFO - 24/10/24 01:19:11 INFO BlockManager: Using org.apache.spark.storage.RandomBlockReplicationPolicy for block replication policy
[2024-10-24T01:19:11.523+0000] {spark_submit.py:524} INFO - 24/10/24 01:19:11 INFO StandaloneAppClient$ClientEndpoint: Executor added: app-20241024011911-0015/0 on worker-20241024010948-172.22.0.4-41535 (172.22.0.4:41535) with 2 core(s)
[2024-10-24T01:19:11.523+0000] {spark_submit.py:524} INFO - 24/10/24 01:19:11 INFO StandaloneSchedulerBackend: Granted executor ID app-20241024011911-0015/0 on hostPort 172.22.0.4:41535 with 2 core(s), 1024.0 MiB RAM
[2024-10-24T01:19:11.529+0000] {spark_submit.py:524} INFO - 24/10/24 01:19:11 INFO BlockManagerMaster: Registering BlockManager BlockManagerId(driver, de5108c6da1d, 34945, None)
[2024-10-24T01:19:11.535+0000] {spark_submit.py:524} INFO - 24/10/24 01:19:11 INFO BlockManagerMasterEndpoint: Registering block manager de5108c6da1d:34945 with 434.4 MiB RAM, BlockManagerId(driver, de5108c6da1d, 34945, None)
[2024-10-24T01:19:11.541+0000] {spark_submit.py:524} INFO - 24/10/24 01:19:11 INFO BlockManagerMaster: Registered BlockManager BlockManagerId(driver, de5108c6da1d, 34945, None)
[2024-10-24T01:19:11.544+0000] {spark_submit.py:524} INFO - 24/10/24 01:19:11 INFO BlockManager: Initialized BlockManager: BlockManagerId(driver, de5108c6da1d, 34945, None)
[2024-10-24T01:19:11.594+0000] {spark_submit.py:524} INFO - 24/10/24 01:19:11 INFO StandaloneAppClient$ClientEndpoint: Executor updated: app-20241024011911-0015/0 is now RUNNING
[2024-10-24T01:19:11.953+0000] {spark_submit.py:524} INFO - 24/10/24 01:19:11 INFO StandaloneSchedulerBackend: SchedulerBackend is ready for scheduling beginning after reached minRegisteredResourcesRatio: 0.0
[2024-10-24T01:19:12.193+0000] {spark_submit.py:524} INFO - Hello from Spark!
[2024-10-24T01:19:12.194+0000] {spark_submit.py:524} INFO - 24/10/24 01:19:12 INFO SparkContext: SparkContext is stopping with exitCode 0.
[2024-10-24T01:19:12.209+0000] {spark_submit.py:524} INFO - 24/10/24 01:19:12 INFO SparkUI: Stopped Spark web UI at http://de5108c6da1d:4040
[2024-10-24T01:19:12.217+0000] {spark_submit.py:524} INFO - 24/10/24 01:19:12 INFO StandaloneSchedulerBackend: Shutting down all executors
[2024-10-24T01:19:12.221+0000] {spark_submit.py:524} INFO - 24/10/24 01:19:12 INFO StandaloneSchedulerBackend$StandaloneDriverEndpoint: Asking each executor to shut down
[2024-10-24T01:19:12.239+0000] {spark_submit.py:524} INFO - 24/10/24 01:19:12 INFO MapOutputTrackerMasterEndpoint: MapOutputTrackerMasterEndpoint stopped!
[2024-10-24T01:19:12.257+0000] {spark_submit.py:524} INFO - 24/10/24 01:19:12 INFO MemoryStore: MemoryStore cleared
[2024-10-24T01:19:12.258+0000] {spark_submit.py:524} INFO - 24/10/24 01:19:12 INFO BlockManager: BlockManager stopped
[2024-10-24T01:19:12.266+0000] {spark_submit.py:524} INFO - 24/10/24 01:19:12 INFO BlockManagerMaster: BlockManagerMaster stopped
[2024-10-24T01:19:12.269+0000] {spark_submit.py:524} INFO - 24/10/24 01:19:12 INFO OutputCommitCoordinator$OutputCommitCoordinatorEndpoint: OutputCommitCoordinator stopped!
[2024-10-24T01:19:12.283+0000] {spark_submit.py:524} INFO - 24/10/24 01:19:12 INFO SparkContext: Successfully stopped SparkContext
[2024-10-24T01:19:12.552+0000] {spark_submit.py:524} INFO - 24/10/24 01:19:12 INFO ShutdownHookManager: Shutdown hook called
[2024-10-24T01:19:12.553+0000] {spark_submit.py:524} INFO - 24/10/24 01:19:12 INFO ShutdownHookManager: Deleting directory /tmp/spark-6db89207-f9c1-4f6e-aa5f-46997571fccf
[2024-10-24T01:19:12.558+0000] {spark_submit.py:524} INFO - 24/10/24 01:19:12 INFO ShutdownHookManager: Deleting directory /tmp/spark-21794908-68e7-4535-a43f-b8300eb484bf/pyspark-fde61994-742a-4f0e-9594-ad26420b32eb
[2024-10-24T01:19:12.562+0000] {spark_submit.py:524} INFO - 24/10/24 01:19:12 INFO ShutdownHookManager: Deleting directory /tmp/spark-21794908-68e7-4535-a43f-b8300eb484bf
[2024-10-24T01:19:12.643+0000] {taskinstance.py:1398} INFO - Marking task as SUCCESS. dag_id=api_openbrewerydb_to_silver_gold, task_id=Gold, execution_date=20231111T080000, start_date=20241024T011903, end_date=20241024T011912
[2024-10-24T01:19:12.745+0000] {local_task_job_runner.py:228} INFO - Task exited with return code 0
[2024-10-24T01:19:12.786+0000] {taskinstance.py:2776} INFO - 0 downstream tasks scheduled from follow-on schedule check
