[2024-10-23T23:11:54.341+0000] {taskinstance.py:1157} INFO - Dependencies all met for dep_context=non-requeueable deps ti=<TaskInstance: Ingestion.Silver manual__2024-10-23T23:11:51.235494+00:00 [queued]>
[2024-10-23T23:11:54.352+0000] {taskinstance.py:1157} INFO - Dependencies all met for dep_context=requeueable deps ti=<TaskInstance: Ingestion.Silver manual__2024-10-23T23:11:51.235494+00:00 [queued]>
[2024-10-23T23:11:54.352+0000] {taskinstance.py:1359} INFO - Starting attempt 1 of 1
[2024-10-23T23:11:54.363+0000] {taskinstance.py:1380} INFO - Executing <Task(SparkSubmitOperator): Silver> on 2024-10-23 23:11:51.235494+00:00
[2024-10-23T23:11:54.367+0000] {standard_task_runner.py:57} INFO - Started process 185 to run task
[2024-10-23T23:11:54.369+0000] {standard_task_runner.py:84} INFO - Running: ['***', 'tasks', 'run', 'Ingestion', 'Silver', 'manual__2024-10-23T23:11:51.235494+00:00', '--job-id', '16', '--raw', '--subdir', 'DAGS_FOLDER/spark_ingestion.py', '--cfg-path', '/tmp/tmp882u4w8a']
[2024-10-23T23:11:54.374+0000] {standard_task_runner.py:85} INFO - Job 16: Subtask Silver
[2024-10-23T23:11:54.428+0000] {task_command.py:415} INFO - Running <TaskInstance: Ingestion.Silver manual__2024-10-23T23:11:51.235494+00:00 [running]> on host de5108c6da1d
[2024-10-23T23:11:54.517+0000] {taskinstance.py:1660} INFO - Exporting env vars: AIRFLOW_CTX_DAG_OWNER='Rodrigo Araujo' AIRFLOW_CTX_DAG_ID='Ingestion' AIRFLOW_CTX_TASK_ID='Silver' AIRFLOW_CTX_EXECUTION_DATE='2024-10-23T23:11:51.235494+00:00' AIRFLOW_CTX_TRY_NUMBER='1' AIRFLOW_CTX_DAG_RUN_ID='manual__2024-10-23T23:11:51.235494+00:00'
[2024-10-23T23:11:54.529+0000] {base.py:73} INFO - Using connection ID 'spark-conn' for task execution.
[2024-10-23T23:11:54.530+0000] {spark_submit.py:363} INFO - Spark-Submit cmd: spark-submit --master spark://spark-master:7077 --name arrow-spark --queue root.default jobs/silver/usuarios.py
[2024-10-23T23:11:59.721+0000] {spark_submit.py:524} INFO - 24/10/23 23:11:59 INFO SparkContext: Running Spark version 3.5.3
[2024-10-23T23:11:59.724+0000] {spark_submit.py:524} INFO - 24/10/23 23:11:59 INFO SparkContext: OS info Linux, 5.15.0-124-generic, amd64
[2024-10-23T23:11:59.724+0000] {spark_submit.py:524} INFO - 24/10/23 23:11:59 INFO SparkContext: Java version 11.0.25
[2024-10-23T23:11:59.826+0000] {spark_submit.py:524} INFO - 24/10/23 23:11:59 WARN NativeCodeLoader: Unable to load native-hadoop library for your platform... using builtin-java classes where applicable
[2024-10-23T23:11:59.983+0000] {spark_submit.py:524} INFO - 24/10/23 23:11:59 INFO ResourceUtils: ==============================================================
[2024-10-23T23:11:59.984+0000] {spark_submit.py:524} INFO - 24/10/23 23:11:59 INFO ResourceUtils: No custom resources configured for spark.driver.
[2024-10-23T23:11:59.984+0000] {spark_submit.py:524} INFO - 24/10/23 23:11:59 INFO ResourceUtils: ==============================================================
[2024-10-23T23:11:59.985+0000] {spark_submit.py:524} INFO - 24/10/23 23:11:59 INFO SparkContext: Submitted application: IngestaoSilver
[2024-10-23T23:12:00.020+0000] {spark_submit.py:524} INFO - 24/10/23 23:12:00 INFO ResourceProfile: Default ResourceProfile created, executor resources: Map(memory -> name: memory, amount: 1024, script: , vendor: , offHeap -> name: offHeap, amount: 0, script: , vendor: ), task resources: Map(cpus -> name: cpus, amount: 1.0)
[2024-10-23T23:12:00.034+0000] {spark_submit.py:524} INFO - 24/10/23 23:12:00 INFO ResourceProfile: Limiting resource is cpu
[2024-10-23T23:12:00.035+0000] {spark_submit.py:524} INFO - 24/10/23 23:12:00 INFO ResourceProfileManager: Added ResourceProfile id: 0
[2024-10-23T23:12:00.122+0000] {spark_submit.py:524} INFO - 24/10/23 23:12:00 INFO SecurityManager: Changing view acls to: ***
[2024-10-23T23:12:00.122+0000] {spark_submit.py:524} INFO - 24/10/23 23:12:00 INFO SecurityManager: Changing modify acls to: ***
[2024-10-23T23:12:00.123+0000] {spark_submit.py:524} INFO - 24/10/23 23:12:00 INFO SecurityManager: Changing view acls groups to:
[2024-10-23T23:12:00.124+0000] {spark_submit.py:524} INFO - 24/10/23 23:12:00 INFO SecurityManager: Changing modify acls groups to:
[2024-10-23T23:12:00.125+0000] {spark_submit.py:524} INFO - 24/10/23 23:12:00 INFO SecurityManager: SecurityManager: authentication disabled; ui acls disabled; users with view permissions: ***; groups with view permissions: EMPTY; users with modify permissions: ***; groups with modify permissions: EMPTY
[2024-10-23T23:12:00.488+0000] {spark_submit.py:524} INFO - 24/10/23 23:12:00 INFO Utils: Successfully started service 'sparkDriver' on port 46001.
[2024-10-23T23:12:00.525+0000] {spark_submit.py:524} INFO - 24/10/23 23:12:00 INFO SparkEnv: Registering MapOutputTracker
[2024-10-23T23:12:00.560+0000] {spark_submit.py:524} INFO - 24/10/23 23:12:00 INFO SparkEnv: Registering BlockManagerMaster
[2024-10-23T23:12:00.583+0000] {spark_submit.py:524} INFO - 24/10/23 23:12:00 INFO BlockManagerMasterEndpoint: Using org.apache.spark.storage.DefaultTopologyMapper for getting topology information
[2024-10-23T23:12:00.583+0000] {spark_submit.py:524} INFO - 24/10/23 23:12:00 INFO BlockManagerMasterEndpoint: BlockManagerMasterEndpoint up
[2024-10-23T23:12:00.587+0000] {spark_submit.py:524} INFO - 24/10/23 23:12:00 INFO SparkEnv: Registering BlockManagerMasterHeartbeat
[2024-10-23T23:12:00.618+0000] {spark_submit.py:524} INFO - 24/10/23 23:12:00 INFO DiskBlockManager: Created local directory at /tmp/blockmgr-7a42bda7-85fc-4f68-83ca-b59715d2ea44
[2024-10-23T23:12:00.635+0000] {spark_submit.py:524} INFO - 24/10/23 23:12:00 INFO MemoryStore: MemoryStore started with capacity 434.4 MiB
[2024-10-23T23:12:00.650+0000] {spark_submit.py:524} INFO - 24/10/23 23:12:00 INFO SparkEnv: Registering OutputCommitCoordinator
[2024-10-23T23:12:00.817+0000] {spark_submit.py:524} INFO - 24/10/23 23:12:00 INFO JettyUtils: Start Jetty 0.0.0.0:4040 for SparkUI
[2024-10-23T23:12:00.893+0000] {spark_submit.py:524} INFO - 24/10/23 23:12:00 INFO Utils: Successfully started service 'SparkUI' on port 4040.
[2024-10-23T23:12:01.037+0000] {spark_submit.py:524} INFO - 24/10/23 23:12:01 INFO StandaloneAppClient$ClientEndpoint: Connecting to master spark://spark-master:7077...
[2024-10-23T23:12:01.098+0000] {spark_submit.py:524} INFO - 24/10/23 23:12:01 INFO TransportClientFactory: Successfully created connection to spark-master/172.22.0.2:7077 after 35 ms (0 ms spent in bootstraps)
[2024-10-23T23:12:01.254+0000] {spark_submit.py:524} INFO - 24/10/23 23:12:01 INFO StandaloneSchedulerBackend: Connected to Spark cluster with app ID app-20241023231201-0000
[2024-10-23T23:12:01.282+0000] {spark_submit.py:524} INFO - 24/10/23 23:12:01 INFO Utils: Successfully started service 'org.apache.spark.network.netty.NettyBlockTransferService' on port 46827.
[2024-10-23T23:12:01.283+0000] {spark_submit.py:524} INFO - 24/10/23 23:12:01 INFO NettyBlockTransferService: Server created on de5108c6da1d:46827
[2024-10-23T23:12:01.288+0000] {spark_submit.py:524} INFO - 24/10/23 23:12:01 INFO BlockManager: Using org.apache.spark.storage.RandomBlockReplicationPolicy for block replication policy
[2024-10-23T23:12:01.306+0000] {spark_submit.py:524} INFO - 24/10/23 23:12:01 INFO StandaloneAppClient$ClientEndpoint: Executor added: app-20241023231201-0000/0 on worker-20241023231044-172.22.0.4-43505 (172.22.0.4:43505) with 2 core(s)
[2024-10-23T23:12:01.310+0000] {spark_submit.py:524} INFO - 24/10/23 23:12:01 INFO StandaloneSchedulerBackend: Granted executor ID app-20241023231201-0000/0 on hostPort 172.22.0.4:43505 with 2 core(s), 1024.0 MiB RAM
[2024-10-23T23:12:01.331+0000] {spark_submit.py:524} INFO - 24/10/23 23:12:01 INFO BlockManagerMaster: Registering BlockManager BlockManagerId(driver, de5108c6da1d, 46827, None)
[2024-10-23T23:12:01.339+0000] {spark_submit.py:524} INFO - 24/10/23 23:12:01 INFO BlockManagerMasterEndpoint: Registering block manager de5108c6da1d:46827 with 434.4 MiB RAM, BlockManagerId(driver, de5108c6da1d, 46827, None)
[2024-10-23T23:12:01.346+0000] {spark_submit.py:524} INFO - 24/10/23 23:12:01 INFO BlockManagerMaster: Registered BlockManager BlockManagerId(driver, de5108c6da1d, 46827, None)
[2024-10-23T23:12:01.350+0000] {spark_submit.py:524} INFO - 24/10/23 23:12:01 INFO BlockManager: Initialized BlockManager: BlockManagerId(driver, de5108c6da1d, 46827, None)
[2024-10-23T23:12:01.570+0000] {spark_submit.py:524} INFO - 24/10/23 23:12:01 INFO StandaloneAppClient$ClientEndpoint: Executor updated: app-20241023231201-0000/0 is now RUNNING
[2024-10-23T23:12:01.712+0000] {spark_submit.py:524} INFO - 24/10/23 23:12:01 INFO StandaloneSchedulerBackend: SchedulerBackend is ready for scheduling beginning after reached minRegisteredResourcesRatio: 0.0
[2024-10-23T23:12:02.001+0000] {spark_submit.py:524} INFO - Hello from Spark!
[2024-10-23T23:12:02.002+0000] {spark_submit.py:524} INFO - 24/10/23 23:12:02 INFO SparkContext: SparkContext is stopping with exitCode 0.
[2024-10-23T23:12:02.018+0000] {spark_submit.py:524} INFO - 24/10/23 23:12:02 INFO SparkUI: Stopped Spark web UI at http://de5108c6da1d:4040
[2024-10-23T23:12:02.028+0000] {spark_submit.py:524} INFO - 24/10/23 23:12:02 INFO StandaloneSchedulerBackend: Shutting down all executors
[2024-10-23T23:12:02.033+0000] {spark_submit.py:524} INFO - 24/10/23 23:12:02 INFO StandaloneSchedulerBackend$StandaloneDriverEndpoint: Asking each executor to shut down
[2024-10-23T23:12:02.081+0000] {spark_submit.py:524} INFO - 24/10/23 23:12:02 INFO MapOutputTrackerMasterEndpoint: MapOutputTrackerMasterEndpoint stopped!
[2024-10-23T23:12:02.164+0000] {spark_submit.py:524} INFO - 24/10/23 23:12:02 INFO MemoryStore: MemoryStore cleared
[2024-10-23T23:12:02.165+0000] {spark_submit.py:524} INFO - 24/10/23 23:12:02 INFO BlockManager: BlockManager stopped
[2024-10-23T23:12:02.177+0000] {spark_submit.py:524} INFO - 24/10/23 23:12:02 INFO BlockManagerMaster: BlockManagerMaster stopped
[2024-10-23T23:12:02.190+0000] {spark_submit.py:524} INFO - 24/10/23 23:12:02 INFO OutputCommitCoordinator$OutputCommitCoordinatorEndpoint: OutputCommitCoordinator stopped!
[2024-10-23T23:12:02.217+0000] {spark_submit.py:524} INFO - 24/10/23 23:12:02 INFO SparkContext: Successfully stopped SparkContext
[2024-10-23T23:12:02.315+0000] {spark_submit.py:524} INFO - 24/10/23 23:12:02 INFO ShutdownHookManager: Shutdown hook called
[2024-10-23T23:12:02.316+0000] {spark_submit.py:524} INFO - 24/10/23 23:12:02 INFO ShutdownHookManager: Deleting directory /tmp/spark-bec8627f-ee68-4f1d-8186-fee554bb63c8
[2024-10-23T23:12:02.319+0000] {spark_submit.py:524} INFO - 24/10/23 23:12:02 INFO ShutdownHookManager: Deleting directory /tmp/spark-df4dd25e-7bef-4d91-a9da-186f3ae38676
[2024-10-23T23:12:02.322+0000] {spark_submit.py:524} INFO - 24/10/23 23:12:02 INFO ShutdownHookManager: Deleting directory /tmp/spark-df4dd25e-7bef-4d91-a9da-186f3ae38676/pyspark-e88a56c5-019b-4be6-8600-e6ac7ef9634d
[2024-10-23T23:12:02.374+0000] {taskinstance.py:1398} INFO - Marking task as SUCCESS. dag_id=Ingestion, task_id=Silver, execution_date=20241023T231151, start_date=20241023T231154, end_date=20241023T231202
[2024-10-23T23:12:02.420+0000] {local_task_job_runner.py:228} INFO - Task exited with return code 0
[2024-10-23T23:12:02.441+0000] {taskinstance.py:2776} INFO - 1 downstream tasks scheduled from follow-on schedule check
