[2024-10-24T01:18:00.766+0000] {taskinstance.py:1157} INFO - Dependencies all met for dep_context=non-requeueable deps ti=<TaskInstance: api_openbrewerydb_to_silver_gold.Silver scheduled__2023-11-07T08:00:00+00:00 [queued]>
[2024-10-24T01:18:00.780+0000] {taskinstance.py:1157} INFO - Dependencies all met for dep_context=requeueable deps ti=<TaskInstance: api_openbrewerydb_to_silver_gold.Silver scheduled__2023-11-07T08:00:00+00:00 [queued]>
[2024-10-24T01:18:00.781+0000] {taskinstance.py:1359} INFO - Starting attempt 1 of 3
[2024-10-24T01:18:00.800+0000] {taskinstance.py:1380} INFO - Executing <Task(SparkSubmitOperator): Silver> on 2023-11-07 08:00:00+00:00
[2024-10-24T01:18:00.806+0000] {standard_task_runner.py:57} INFO - Started process 1649 to run task
[2024-10-24T01:18:00.810+0000] {standard_task_runner.py:84} INFO - Running: ['***', 'tasks', 'run', 'api_openbrewerydb_to_silver_gold', 'Silver', 'scheduled__2023-11-07T08:00:00+00:00', '--job-id', '74', '--raw', '--subdir', 'DAGS_FOLDER/api_openbrewerydb_to_silver.py', '--cfg-path', '/tmp/tmp80_0rm1s']
[2024-10-24T01:18:00.819+0000] {standard_task_runner.py:85} INFO - Job 74: Subtask Silver
[2024-10-24T01:18:00.891+0000] {task_command.py:415} INFO - Running <TaskInstance: api_openbrewerydb_to_silver_gold.Silver scheduled__2023-11-07T08:00:00+00:00 [running]> on host de5108c6da1d
[2024-10-24T01:18:01.035+0000] {taskinstance.py:1660} INFO - Exporting env vars: AIRFLOW_CTX_DAG_OWNER='Rodrigo Araujo' AIRFLOW_CTX_DAG_ID='api_openbrewerydb_to_silver_gold' AIRFLOW_CTX_TASK_ID='Silver' AIRFLOW_CTX_EXECUTION_DATE='2023-11-07T08:00:00+00:00' AIRFLOW_CTX_TRY_NUMBER='1' AIRFLOW_CTX_DAG_RUN_ID='scheduled__2023-11-07T08:00:00+00:00'
[2024-10-24T01:18:01.053+0000] {base.py:73} INFO - Using connection ID 'spark-conn' for task execution.
[2024-10-24T01:18:01.054+0000] {spark_submit.py:363} INFO - Spark-Submit cmd: spark-submit --master spark://spark-master:7077 --name arrow-spark --queue root.default jobs/silver/api_openbrewerydb.py
[2024-10-24T01:18:07.238+0000] {spark_submit.py:524} INFO - 24/10/24 01:18:07 INFO SparkContext: Running Spark version 3.5.3
[2024-10-24T01:18:07.242+0000] {spark_submit.py:524} INFO - 24/10/24 01:18:07 INFO SparkContext: OS info Linux, 5.15.0-124-generic, amd64
[2024-10-24T01:18:07.243+0000] {spark_submit.py:524} INFO - 24/10/24 01:18:07 INFO SparkContext: Java version 11.0.25
[2024-10-24T01:18:07.384+0000] {spark_submit.py:524} INFO - 24/10/24 01:18:07 WARN NativeCodeLoader: Unable to load native-hadoop library for your platform... using builtin-java classes where applicable
[2024-10-24T01:18:07.548+0000] {spark_submit.py:524} INFO - 24/10/24 01:18:07 INFO ResourceUtils: ==============================================================
[2024-10-24T01:18:07.548+0000] {spark_submit.py:524} INFO - 24/10/24 01:18:07 INFO ResourceUtils: No custom resources configured for spark.driver.
[2024-10-24T01:18:07.549+0000] {spark_submit.py:524} INFO - 24/10/24 01:18:07 INFO ResourceUtils: ==============================================================
[2024-10-24T01:18:07.549+0000] {spark_submit.py:524} INFO - 24/10/24 01:18:07 INFO SparkContext: Submitted application: IngestaoSilver
[2024-10-24T01:18:07.578+0000] {spark_submit.py:524} INFO - 24/10/24 01:18:07 INFO ResourceProfile: Default ResourceProfile created, executor resources: Map(memory -> name: memory, amount: 1024, script: , vendor: , offHeap -> name: offHeap, amount: 0, script: , vendor: ), task resources: Map(cpus -> name: cpus, amount: 1.0)
[2024-10-24T01:18:07.598+0000] {spark_submit.py:524} INFO - 24/10/24 01:18:07 INFO ResourceProfile: Limiting resource is cpu
[2024-10-24T01:18:07.599+0000] {spark_submit.py:524} INFO - 24/10/24 01:18:07 INFO ResourceProfileManager: Added ResourceProfile id: 0
[2024-10-24T01:18:07.689+0000] {spark_submit.py:524} INFO - 24/10/24 01:18:07 INFO SecurityManager: Changing view acls to: ***
[2024-10-24T01:18:07.690+0000] {spark_submit.py:524} INFO - 24/10/24 01:18:07 INFO SecurityManager: Changing modify acls to: ***
[2024-10-24T01:18:07.691+0000] {spark_submit.py:524} INFO - 24/10/24 01:18:07 INFO SecurityManager: Changing view acls groups to:
[2024-10-24T01:18:07.692+0000] {spark_submit.py:524} INFO - 24/10/24 01:18:07 INFO SecurityManager: Changing modify acls groups to:
[2024-10-24T01:18:07.692+0000] {spark_submit.py:524} INFO - 24/10/24 01:18:07 INFO SecurityManager: SecurityManager: authentication disabled; ui acls disabled; users with view permissions: ***; groups with view permissions: EMPTY; users with modify permissions: ***; groups with modify permissions: EMPTY
[2024-10-24T01:18:08.043+0000] {spark_submit.py:524} INFO - 24/10/24 01:18:08 INFO Utils: Successfully started service 'sparkDriver' on port 37181.
[2024-10-24T01:18:08.092+0000] {spark_submit.py:524} INFO - 24/10/24 01:18:08 INFO SparkEnv: Registering MapOutputTracker
[2024-10-24T01:18:08.145+0000] {spark_submit.py:524} INFO - 24/10/24 01:18:08 INFO SparkEnv: Registering BlockManagerMaster
[2024-10-24T01:18:08.185+0000] {spark_submit.py:524} INFO - 24/10/24 01:18:08 INFO BlockManagerMasterEndpoint: Using org.apache.spark.storage.DefaultTopologyMapper for getting topology information
[2024-10-24T01:18:08.185+0000] {spark_submit.py:524} INFO - 24/10/24 01:18:08 INFO BlockManagerMasterEndpoint: BlockManagerMasterEndpoint up
[2024-10-24T01:18:08.190+0000] {spark_submit.py:524} INFO - 24/10/24 01:18:08 INFO SparkEnv: Registering BlockManagerMasterHeartbeat
[2024-10-24T01:18:08.219+0000] {spark_submit.py:524} INFO - 24/10/24 01:18:08 INFO DiskBlockManager: Created local directory at /tmp/blockmgr-95a04254-6434-44c4-acb5-71b87b3cd3b8
[2024-10-24T01:18:08.243+0000] {spark_submit.py:524} INFO - 24/10/24 01:18:08 INFO MemoryStore: MemoryStore started with capacity 434.4 MiB
[2024-10-24T01:18:08.272+0000] {spark_submit.py:524} INFO - 24/10/24 01:18:08 INFO SparkEnv: Registering OutputCommitCoordinator
[2024-10-24T01:18:08.539+0000] {spark_submit.py:524} INFO - 24/10/24 01:18:08 INFO JettyUtils: Start Jetty 0.0.0.0:4040 for SparkUI
[2024-10-24T01:18:08.619+0000] {spark_submit.py:524} INFO - 24/10/24 01:18:08 WARN Utils: Service 'SparkUI' could not bind on port 4040. Attempting port 4041.
[2024-10-24T01:18:08.631+0000] {spark_submit.py:524} INFO - 24/10/24 01:18:08 INFO Utils: Successfully started service 'SparkUI' on port 4041.
[2024-10-24T01:18:08.814+0000] {spark_submit.py:524} INFO - 24/10/24 01:18:08 INFO StandaloneAppClient$ClientEndpoint: Connecting to master spark://spark-master:7077...
[2024-10-24T01:18:08.880+0000] {spark_submit.py:524} INFO - 24/10/24 01:18:08 INFO TransportClientFactory: Successfully created connection to spark-master/172.22.0.3:7077 after 39 ms (0 ms spent in bootstraps)
[2024-10-24T01:18:09.050+0000] {spark_submit.py:524} INFO - 24/10/24 01:18:09 INFO StandaloneSchedulerBackend: Connected to Spark cluster with app ID app-20241024011809-0005
[2024-10-24T01:18:09.065+0000] {spark_submit.py:524} INFO - 24/10/24 01:18:09 INFO Utils: Successfully started service 'org.apache.spark.network.netty.NettyBlockTransferService' on port 33141.
[2024-10-24T01:18:09.066+0000] {spark_submit.py:524} INFO - 24/10/24 01:18:09 INFO NettyBlockTransferService: Server created on de5108c6da1d:33141
[2024-10-24T01:18:09.070+0000] {spark_submit.py:524} INFO - 24/10/24 01:18:09 INFO BlockManager: Using org.apache.spark.storage.RandomBlockReplicationPolicy for block replication policy
[2024-10-24T01:18:09.086+0000] {spark_submit.py:524} INFO - 24/10/24 01:18:09 INFO BlockManagerMaster: Registering BlockManager BlockManagerId(driver, de5108c6da1d, 33141, None)
[2024-10-24T01:18:09.094+0000] {spark_submit.py:524} INFO - 24/10/24 01:18:09 INFO BlockManagerMasterEndpoint: Registering block manager de5108c6da1d:33141 with 434.4 MiB RAM, BlockManagerId(driver, de5108c6da1d, 33141, None)
[2024-10-24T01:18:09.104+0000] {spark_submit.py:524} INFO - 24/10/24 01:18:09 INFO BlockManagerMaster: Registered BlockManager BlockManagerId(driver, de5108c6da1d, 33141, None)
[2024-10-24T01:18:09.110+0000] {spark_submit.py:524} INFO - 24/10/24 01:18:09 INFO BlockManager: Initialized BlockManager: BlockManagerId(driver, de5108c6da1d, 33141, None)
[2024-10-24T01:18:09.568+0000] {spark_submit.py:524} INFO - 24/10/24 01:18:09 INFO StandaloneSchedulerBackend: SchedulerBackend is ready for scheduling beginning after reached minRegisteredResourcesRatio: 0.0
[2024-10-24T01:18:10.169+0000] {spark_submit.py:524} INFO - 24/10/24 01:18:10 INFO StandaloneAppClient$ClientEndpoint: Executor added: app-20241024011809-0005/0 on worker-20241024010948-172.22.0.4-41535 (172.22.0.4:41535) with 2 core(s)
[2024-10-24T01:18:10.173+0000] {spark_submit.py:524} INFO - 24/10/24 01:18:10 INFO StandaloneSchedulerBackend: Granted executor ID app-20241024011809-0005/0 on hostPort 172.22.0.4:41535 with 2 core(s), 1024.0 MiB RAM
[2024-10-24T01:18:10.263+0000] {spark_submit.py:524} INFO - Hello from Spark!
[2024-10-24T01:18:10.266+0000] {spark_submit.py:524} INFO - 24/10/24 01:18:10 INFO SparkContext: SparkContext is stopping with exitCode 0.
[2024-10-24T01:18:10.305+0000] {spark_submit.py:524} INFO - 24/10/24 01:18:10 INFO StandaloneAppClient$ClientEndpoint: Executor updated: app-20241024011809-0005/0 is now RUNNING
[2024-10-24T01:18:10.306+0000] {spark_submit.py:524} INFO - 24/10/24 01:18:10 INFO SparkUI: Stopped Spark web UI at http://de5108c6da1d:4041
[2024-10-24T01:18:10.321+0000] {spark_submit.py:524} INFO - 24/10/24 01:18:10 INFO StandaloneSchedulerBackend: Shutting down all executors
[2024-10-24T01:18:10.335+0000] {spark_submit.py:524} INFO - 24/10/24 01:18:10 INFO StandaloneSchedulerBackend$StandaloneDriverEndpoint: Asking each executor to shut down
[2024-10-24T01:18:10.389+0000] {spark_submit.py:524} INFO - 24/10/24 01:18:10 INFO MapOutputTrackerMasterEndpoint: MapOutputTrackerMasterEndpoint stopped!
[2024-10-24T01:18:10.419+0000] {spark_submit.py:524} INFO - 24/10/24 01:18:10 INFO MemoryStore: MemoryStore cleared
[2024-10-24T01:18:10.420+0000] {spark_submit.py:524} INFO - 24/10/24 01:18:10 INFO BlockManager: BlockManager stopped
[2024-10-24T01:18:10.431+0000] {spark_submit.py:524} INFO - 24/10/24 01:18:10 INFO BlockManagerMaster: BlockManagerMaster stopped
[2024-10-24T01:18:10.435+0000] {spark_submit.py:524} INFO - 24/10/24 01:18:10 INFO OutputCommitCoordinator$OutputCommitCoordinatorEndpoint: OutputCommitCoordinator stopped!
[2024-10-24T01:18:10.451+0000] {spark_submit.py:524} INFO - 24/10/24 01:18:10 INFO SparkContext: Successfully stopped SparkContext
[2024-10-24T01:18:10.715+0000] {spark_submit.py:524} INFO - 24/10/24 01:18:10 INFO ShutdownHookManager: Shutdown hook called
[2024-10-24T01:18:10.716+0000] {spark_submit.py:524} INFO - 24/10/24 01:18:10 INFO ShutdownHookManager: Deleting directory /tmp/spark-b33f4a43-fde7-4099-b7c5-7acd22043cab
[2024-10-24T01:18:10.719+0000] {spark_submit.py:524} INFO - 24/10/24 01:18:10 INFO ShutdownHookManager: Deleting directory /tmp/spark-76b0aebc-5a93-4ec1-9b04-67f741a828ff/pyspark-dc6016d5-f77f-4ebe-8404-703a86ae66a9
[2024-10-24T01:18:10.722+0000] {spark_submit.py:524} INFO - 24/10/24 01:18:10 INFO ShutdownHookManager: Deleting directory /tmp/spark-76b0aebc-5a93-4ec1-9b04-67f741a828ff
[2024-10-24T01:18:10.789+0000] {taskinstance.py:1398} INFO - Marking task as SUCCESS. dag_id=api_openbrewerydb_to_silver_gold, task_id=Silver, execution_date=20231107T080000, start_date=20241024T011800, end_date=20241024T011810
[2024-10-24T01:18:10.818+0000] {local_task_job_runner.py:228} INFO - Task exited with return code 0
[2024-10-24T01:18:10.840+0000] {taskinstance.py:2776} INFO - 1 downstream tasks scheduled from follow-on schedule check
[2024-10-24T14:29:48.708+0000] {logging_mixin.py:151} INFO - Changing /opt/***/logs/dag_id=api_openbrewerydb_to_silver_gold/run_id=scheduled__2023-11-07T08:00:00+00:00/task_id=Silver permission to 509
[2024-10-24T14:29:48.716+0000] {logging_mixin.py:151} INFO - Failed to change /opt/***/logs/dag_id=api_openbrewerydb_to_silver_gold/run_id=scheduled__2023-11-07T08:00:00+00:00/task_id=Silver permission to 509: [Errno 1] Operation not permitted: '/opt/***/logs/dag_id=api_openbrewerydb_to_silver_gold/run_id=scheduled__2023-11-07T08:00:00+00:00/task_id=Silver'
[2024-10-24T14:29:48.745+0000] {logging_mixin.py:151} INFO - Changing /opt/***/logs/dag_id=api_openbrewerydb_to_silver_gold/run_id=scheduled__2023-11-07T08:00:00+00:00/task_id=Silver permission to 509
[2024-10-24T14:29:48.745+0000] {logging_mixin.py:151} INFO - Failed to change /opt/***/logs/dag_id=api_openbrewerydb_to_silver_gold/run_id=scheduled__2023-11-07T08:00:00+00:00/task_id=Silver permission to 509: [Errno 1] Operation not permitted: '/opt/***/logs/dag_id=api_openbrewerydb_to_silver_gold/run_id=scheduled__2023-11-07T08:00:00+00:00/task_id=Silver'
[2024-10-24T14:29:48.774+0000] {taskinstance.py:1157} INFO - Dependencies all met for dep_context=non-requeueable deps ti=<TaskInstance: api_openbrewerydb_to_silver_gold.Silver scheduled__2023-11-07T08:00:00+00:00 [queued]>
[2024-10-24T14:29:48.781+0000] {taskinstance.py:1157} INFO - Dependencies all met for dep_context=requeueable deps ti=<TaskInstance: api_openbrewerydb_to_silver_gold.Silver scheduled__2023-11-07T08:00:00+00:00 [queued]>
[2024-10-24T14:29:48.781+0000] {taskinstance.py:1359} INFO - Starting attempt 1 of 2
[2024-10-24T14:29:48.790+0000] {taskinstance.py:1380} INFO - Executing <Task(SparkSubmitOperator): Silver> on 2023-11-07 08:00:00+00:00
[2024-10-24T14:29:48.795+0000] {standard_task_runner.py:57} INFO - Started process 5642 to run task
[2024-10-24T14:29:48.797+0000] {standard_task_runner.py:84} INFO - Running: ['***', 'tasks', 'run', 'api_openbrewerydb_to_silver_gold', 'Silver', 'scheduled__2023-11-07T08:00:00+00:00', '--job-id', '39', '--raw', '--subdir', 'DAGS_FOLDER/api_openbrewerydb_to_silver.py', '--cfg-path', '/tmp/tmpyh4vgz9g']
[2024-10-24T14:29:48.799+0000] {standard_task_runner.py:85} INFO - Job 39: Subtask Silver
[2024-10-24T14:29:48.844+0000] {logging_mixin.py:151} INFO - Changing /opt/***/logs/dag_id=api_openbrewerydb_to_silver_gold/run_id=scheduled__2023-11-07T08:00:00+00:00/task_id=Silver permission to 509
[2024-10-24T14:29:48.845+0000] {logging_mixin.py:151} INFO - Failed to change /opt/***/logs/dag_id=api_openbrewerydb_to_silver_gold/run_id=scheduled__2023-11-07T08:00:00+00:00/task_id=Silver permission to 509: [Errno 1] Operation not permitted: '/opt/***/logs/dag_id=api_openbrewerydb_to_silver_gold/run_id=scheduled__2023-11-07T08:00:00+00:00/task_id=Silver'
[2024-10-24T14:29:48.845+0000] {task_command.py:415} INFO - Running <TaskInstance: api_openbrewerydb_to_silver_gold.Silver scheduled__2023-11-07T08:00:00+00:00 [running]> on host 96f89615839b
[2024-10-24T14:29:48.922+0000] {taskinstance.py:1660} INFO - Exporting env vars: AIRFLOW_CTX_DAG_OWNER='Rodrigo Araujo' AIRFLOW_CTX_DAG_ID='api_openbrewerydb_to_silver_gold' AIRFLOW_CTX_TASK_ID='Silver' AIRFLOW_CTX_EXECUTION_DATE='2023-11-07T08:00:00+00:00' AIRFLOW_CTX_TRY_NUMBER='1' AIRFLOW_CTX_DAG_RUN_ID='scheduled__2023-11-07T08:00:00+00:00'
[2024-10-24T14:29:48.933+0000] {base.py:73} INFO - Using connection ID 'spark-conn' for task execution.
[2024-10-24T14:29:48.933+0000] {spark_submit.py:363} INFO - Spark-Submit cmd: spark-submit --master spark://spark-master:7077 --name arrow-spark jobs/silver/api_openbrewerydb.py
[2024-10-24T14:29:51.655+0000] {spark_submit.py:524} INFO - 24/10/24 14:29:51 INFO SparkContext: Running Spark version 3.5.3
[2024-10-24T14:29:51.657+0000] {spark_submit.py:524} INFO - 24/10/24 14:29:51 INFO SparkContext: OS info Linux, 5.15.0-124-generic, amd64
[2024-10-24T14:29:51.663+0000] {spark_submit.py:524} INFO - 24/10/24 14:29:51 INFO SparkContext: Java version 11.0.25
[2024-10-24T14:29:51.711+0000] {spark_submit.py:524} INFO - 24/10/24 14:29:51 WARN NativeCodeLoader: Unable to load native-hadoop library for your platform... using builtin-java classes where applicable
[2024-10-24T14:29:51.790+0000] {spark_submit.py:524} INFO - 24/10/24 14:29:51 INFO ResourceUtils: ==============================================================
[2024-10-24T14:29:51.790+0000] {spark_submit.py:524} INFO - 24/10/24 14:29:51 INFO ResourceUtils: No custom resources configured for spark.driver.
[2024-10-24T14:29:51.791+0000] {spark_submit.py:524} INFO - 24/10/24 14:29:51 INFO ResourceUtils: ==============================================================
[2024-10-24T14:29:51.791+0000] {spark_submit.py:524} INFO - 24/10/24 14:29:51 INFO SparkContext: Submitted application: IngestaoSilver
[2024-10-24T14:29:51.811+0000] {spark_submit.py:524} INFO - 24/10/24 14:29:51 INFO ResourceProfile: Default ResourceProfile created, executor resources: Map(memory -> name: memory, amount: 1024, script: , vendor: , offHeap -> name: offHeap, amount: 0, script: , vendor: ), task resources: Map(cpus -> name: cpus, amount: 1.0)
[2024-10-24T14:29:51.823+0000] {spark_submit.py:524} INFO - 24/10/24 14:29:51 INFO ResourceProfile: Limiting resource is cpu
[2024-10-24T14:29:51.824+0000] {spark_submit.py:524} INFO - 24/10/24 14:29:51 INFO ResourceProfileManager: Added ResourceProfile id: 0
[2024-10-24T14:29:51.881+0000] {spark_submit.py:524} INFO - 24/10/24 14:29:51 INFO SecurityManager: Changing view acls to: ***
[2024-10-24T14:29:51.882+0000] {spark_submit.py:524} INFO - 24/10/24 14:29:51 INFO SecurityManager: Changing modify acls to: ***
[2024-10-24T14:29:51.882+0000] {spark_submit.py:524} INFO - 24/10/24 14:29:51 INFO SecurityManager: Changing view acls groups to:
[2024-10-24T14:29:51.883+0000] {spark_submit.py:524} INFO - 24/10/24 14:29:51 INFO SecurityManager: Changing modify acls groups to:
[2024-10-24T14:29:51.884+0000] {spark_submit.py:524} INFO - 24/10/24 14:29:51 INFO SecurityManager: SecurityManager: authentication disabled; ui acls disabled; users with view permissions: ***; groups with view permissions: EMPTY; users with modify permissions: ***; groups with modify permissions: EMPTY
[2024-10-24T14:29:52.145+0000] {spark_submit.py:524} INFO - 24/10/24 14:29:52 INFO Utils: Successfully started service 'sparkDriver' on port 37183.
[2024-10-24T14:29:52.167+0000] {spark_submit.py:524} INFO - 24/10/24 14:29:52 INFO SparkEnv: Registering MapOutputTracker
[2024-10-24T14:29:52.196+0000] {spark_submit.py:524} INFO - 24/10/24 14:29:52 INFO SparkEnv: Registering BlockManagerMaster
[2024-10-24T14:29:52.216+0000] {spark_submit.py:524} INFO - 24/10/24 14:29:52 INFO BlockManagerMasterEndpoint: Using org.apache.spark.storage.DefaultTopologyMapper for getting topology information
[2024-10-24T14:29:52.216+0000] {spark_submit.py:524} INFO - 24/10/24 14:29:52 INFO BlockManagerMasterEndpoint: BlockManagerMasterEndpoint up
[2024-10-24T14:29:52.220+0000] {spark_submit.py:524} INFO - 24/10/24 14:29:52 INFO SparkEnv: Registering BlockManagerMasterHeartbeat
[2024-10-24T14:29:52.238+0000] {spark_submit.py:524} INFO - 24/10/24 14:29:52 INFO DiskBlockManager: Created local directory at /tmp/blockmgr-f476cb36-8a53-4a0b-842a-9dd8c9d006f5
[2024-10-24T14:29:52.251+0000] {spark_submit.py:524} INFO - 24/10/24 14:29:52 INFO MemoryStore: MemoryStore started with capacity 434.4 MiB
[2024-10-24T14:29:52.265+0000] {spark_submit.py:524} INFO - 24/10/24 14:29:52 INFO SparkEnv: Registering OutputCommitCoordinator
[2024-10-24T14:29:52.409+0000] {spark_submit.py:524} INFO - 24/10/24 14:29:52 INFO JettyUtils: Start Jetty 0.0.0.0:4040 for SparkUI
[2024-10-24T14:29:52.457+0000] {spark_submit.py:524} INFO - 24/10/24 14:29:52 INFO Utils: Successfully started service 'SparkUI' on port 4040.
[2024-10-24T14:29:52.566+0000] {spark_submit.py:524} INFO - 24/10/24 14:29:52 INFO StandaloneAppClient$ClientEndpoint: Connecting to master spark://spark-master:7077...
[2024-10-24T14:29:52.615+0000] {spark_submit.py:524} INFO - 24/10/24 14:29:52 INFO TransportClientFactory: Successfully created connection to spark-master/172.18.0.2:7077 after 30 ms (0 ms spent in bootstraps)
[2024-10-24T14:29:52.700+0000] {spark_submit.py:524} INFO - 24/10/24 14:29:52 INFO StandaloneSchedulerBackend: Connected to Spark cluster with app ID app-20241024142952-0034
[2024-10-24T14:29:52.704+0000] {spark_submit.py:524} INFO - 24/10/24 14:29:52 INFO StandaloneAppClient$ClientEndpoint: Executor added: app-20241024142952-0034/0 on worker-20241024142308-172.18.0.5-43899 (172.18.0.5:43899) with 2 core(s)
[2024-10-24T14:29:52.706+0000] {spark_submit.py:524} INFO - 24/10/24 14:29:52 INFO StandaloneSchedulerBackend: Granted executor ID app-20241024142952-0034/0 on hostPort 172.18.0.5:43899 with 2 core(s), 1024.0 MiB RAM
[2024-10-24T14:29:52.718+0000] {spark_submit.py:524} INFO - 24/10/24 14:29:52 INFO Utils: Successfully started service 'org.apache.spark.network.netty.NettyBlockTransferService' on port 44521.
[2024-10-24T14:29:52.719+0000] {spark_submit.py:524} INFO - 24/10/24 14:29:52 INFO NettyBlockTransferService: Server created on 96f89615839b:44521
[2024-10-24T14:29:52.722+0000] {spark_submit.py:524} INFO - 24/10/24 14:29:52 INFO BlockManager: Using org.apache.spark.storage.RandomBlockReplicationPolicy for block replication policy
[2024-10-24T14:29:52.740+0000] {spark_submit.py:524} INFO - 24/10/24 14:29:52 INFO BlockManagerMaster: Registering BlockManager BlockManagerId(driver, 96f89615839b, 44521, None)
[2024-10-24T14:29:52.748+0000] {spark_submit.py:524} INFO - 24/10/24 14:29:52 INFO BlockManagerMasterEndpoint: Registering block manager 96f89615839b:44521 with 434.4 MiB RAM, BlockManagerId(driver, 96f89615839b, 44521, None)
[2024-10-24T14:29:52.749+0000] {spark_submit.py:524} INFO - 24/10/24 14:29:52 INFO StandaloneAppClient$ClientEndpoint: Executor updated: app-20241024142952-0034/0 is now RUNNING
[2024-10-24T14:29:52.756+0000] {spark_submit.py:524} INFO - 24/10/24 14:29:52 INFO BlockManagerMaster: Registered BlockManager BlockManagerId(driver, 96f89615839b, 44521, None)
[2024-10-24T14:29:52.758+0000] {spark_submit.py:524} INFO - 24/10/24 14:29:52 INFO BlockManager: Initialized BlockManager: BlockManagerId(driver, 96f89615839b, 44521, None)
[2024-10-24T14:29:53.092+0000] {spark_submit.py:524} INFO - 24/10/24 14:29:53 INFO StandaloneSchedulerBackend: SchedulerBackend is ready for scheduling beginning after reached minRegisteredResourcesRatio: 0.0
[2024-10-24T14:29:53.332+0000] {spark_submit.py:524} INFO - Hello from Spark!
[2024-10-24T14:29:53.333+0000] {spark_submit.py:524} INFO - 24/10/24 14:29:53 INFO SparkContext: SparkContext is stopping with exitCode 0.
[2024-10-24T14:29:53.346+0000] {spark_submit.py:524} INFO - 24/10/24 14:29:53 INFO SparkUI: Stopped Spark web UI at http://96f89615839b:4040
[2024-10-24T14:29:53.351+0000] {spark_submit.py:524} INFO - 24/10/24 14:29:53 INFO StandaloneSchedulerBackend: Shutting down all executors
[2024-10-24T14:29:53.355+0000] {spark_submit.py:524} INFO - 24/10/24 14:29:53 INFO StandaloneSchedulerBackend$StandaloneDriverEndpoint: Asking each executor to shut down
[2024-10-24T14:29:53.373+0000] {spark_submit.py:524} INFO - 24/10/24 14:29:53 INFO MapOutputTrackerMasterEndpoint: MapOutputTrackerMasterEndpoint stopped!
[2024-10-24T14:29:53.384+0000] {spark_submit.py:524} INFO - 24/10/24 14:29:53 INFO MemoryStore: MemoryStore cleared
[2024-10-24T14:29:53.385+0000] {spark_submit.py:524} INFO - 24/10/24 14:29:53 INFO BlockManager: BlockManager stopped
[2024-10-24T14:29:53.396+0000] {spark_submit.py:524} INFO - 24/10/24 14:29:53 INFO BlockManagerMaster: BlockManagerMaster stopped
[2024-10-24T14:29:53.400+0000] {spark_submit.py:524} INFO - 24/10/24 14:29:53 INFO OutputCommitCoordinator$OutputCommitCoordinatorEndpoint: OutputCommitCoordinator stopped!
[2024-10-24T14:29:53.412+0000] {spark_submit.py:524} INFO - 24/10/24 14:29:53 INFO SparkContext: Successfully stopped SparkContext
[2024-10-24T14:29:53.667+0000] {spark_submit.py:524} INFO - 24/10/24 14:29:53 INFO ShutdownHookManager: Shutdown hook called
[2024-10-24T14:29:53.667+0000] {spark_submit.py:524} INFO - 24/10/24 14:29:53 INFO ShutdownHookManager: Deleting directory /tmp/spark-8083ce8e-b66e-4615-9bb3-947597d03d71/pyspark-72a82231-d1da-4326-96d5-cdfbefa464e4
[2024-10-24T14:29:53.670+0000] {spark_submit.py:524} INFO - 24/10/24 14:29:53 INFO ShutdownHookManager: Deleting directory /tmp/spark-8083ce8e-b66e-4615-9bb3-947597d03d71
[2024-10-24T14:29:53.672+0000] {spark_submit.py:524} INFO - 24/10/24 14:29:53 INFO ShutdownHookManager: Deleting directory /tmp/spark-3286f235-6534-445c-9514-e31fe85227cd
[2024-10-24T14:29:53.749+0000] {taskinstance.py:1398} INFO - Marking task as SUCCESS. dag_id=api_openbrewerydb_to_silver_gold, task_id=Silver, execution_date=20231107T080000, start_date=20241024T142948, end_date=20241024T142953
[2024-10-24T14:29:53.781+0000] {local_task_job_runner.py:228} INFO - Task exited with return code 0
[2024-10-24T14:29:53.813+0000] {taskinstance.py:2776} INFO - 1 downstream tasks scheduled from follow-on schedule check
