[2024-10-24T17:16:56.551+0000] {taskinstance.py:1157} INFO - Dependencies all met for dep_context=non-requeueable deps ti=<TaskInstance: api_openbrewerydb_to_silver_gold.Silver manual__2024-10-24T17:16:55.469384+00:00 [queued]>
[2024-10-24T17:16:56.558+0000] {taskinstance.py:1157} INFO - Dependencies all met for dep_context=requeueable deps ti=<TaskInstance: api_openbrewerydb_to_silver_gold.Silver manual__2024-10-24T17:16:55.469384+00:00 [queued]>
[2024-10-24T17:16:56.558+0000] {taskinstance.py:1359} INFO - Starting attempt 1 of 2
[2024-10-24T17:16:56.569+0000] {taskinstance.py:1380} INFO - Executing <Task(SparkSubmitOperator): Silver> on 2024-10-24 17:16:55.469384+00:00
[2024-10-24T17:16:56.574+0000] {standard_task_runner.py:57} INFO - Started process 678 to run task
[2024-10-24T17:16:56.576+0000] {standard_task_runner.py:84} INFO - Running: ['***', 'tasks', 'run', 'api_openbrewerydb_to_silver_gold', 'Silver', 'manual__2024-10-24T17:16:55.469384+00:00', '--job-id', '159', '--raw', '--subdir', 'DAGS_FOLDER/api_openbrewerydb_to_silver.py', '--cfg-path', '/tmp/tmpkk4fmx3y']
[2024-10-24T17:16:56.580+0000] {standard_task_runner.py:85} INFO - Job 159: Subtask Silver
[2024-10-24T17:16:56.626+0000] {task_command.py:415} INFO - Running <TaskInstance: api_openbrewerydb_to_silver_gold.Silver manual__2024-10-24T17:16:55.469384+00:00 [running]> on host e995fa603d7f
[2024-10-24T17:16:56.733+0000] {taskinstance.py:1660} INFO - Exporting env vars: AIRFLOW_CTX_DAG_OWNER='Rodrigo Araujo' AIRFLOW_CTX_DAG_ID='api_openbrewerydb_to_silver_gold' AIRFLOW_CTX_TASK_ID='Silver' AIRFLOW_CTX_EXECUTION_DATE='2024-10-24T17:16:55.469384+00:00' AIRFLOW_CTX_TRY_NUMBER='1' AIRFLOW_CTX_DAG_RUN_ID='manual__2024-10-24T17:16:55.469384+00:00'
[2024-10-24T17:16:56.744+0000] {base.py:73} INFO - Using connection ID 'spark-conn' for task execution.
[2024-10-24T17:16:56.745+0000] {spark_submit.py:363} INFO - Spark-Submit cmd: spark-submit --master spark://spark-master:7077 --name arrow-spark jobs/silver/api_openbrewerydb.py
[2024-10-24T17:16:59.256+0000] {spark_submit.py:524} INFO - 24/10/24 17:16:59 INFO SparkContext: Running Spark version 3.5.0
[2024-10-24T17:16:59.258+0000] {spark_submit.py:524} INFO - 24/10/24 17:16:59 INFO SparkContext: OS info Linux, 5.15.0-124-generic, amd64
[2024-10-24T17:16:59.258+0000] {spark_submit.py:524} INFO - 24/10/24 17:16:59 INFO SparkContext: Java version 17.0.13
[2024-10-24T17:16:59.303+0000] {spark_submit.py:524} INFO - 24/10/24 17:16:59 WARN NativeCodeLoader: Unable to load native-hadoop library for your platform... using builtin-java classes where applicable
[2024-10-24T17:16:59.382+0000] {spark_submit.py:524} INFO - 24/10/24 17:16:59 INFO ResourceUtils: ==============================================================
[2024-10-24T17:16:59.382+0000] {spark_submit.py:524} INFO - 24/10/24 17:16:59 INFO ResourceUtils: No custom resources configured for spark.driver.
[2024-10-24T17:16:59.383+0000] {spark_submit.py:524} INFO - 24/10/24 17:16:59 INFO ResourceUtils: ==============================================================
[2024-10-24T17:16:59.383+0000] {spark_submit.py:524} INFO - 24/10/24 17:16:59 INFO SparkContext: Submitted application: IngestaoSilver
[2024-10-24T17:16:59.401+0000] {spark_submit.py:524} INFO - 24/10/24 17:16:59 INFO ResourceProfile: Default ResourceProfile created, executor resources: Map(memory -> name: memory, amount: 1024, script: , vendor: , offHeap -> name: offHeap, amount: 0, script: , vendor: ), task resources: Map(cpus -> name: cpus, amount: 1.0)
[2024-10-24T17:16:59.408+0000] {spark_submit.py:524} INFO - 24/10/24 17:16:59 INFO ResourceProfile: Limiting resource is cpu
[2024-10-24T17:16:59.409+0000] {spark_submit.py:524} INFO - 24/10/24 17:16:59 INFO ResourceProfileManager: Added ResourceProfile id: 0
[2024-10-24T17:16:59.448+0000] {spark_submit.py:524} INFO - 24/10/24 17:16:59 INFO SecurityManager: Changing view acls to: ***
[2024-10-24T17:16:59.449+0000] {spark_submit.py:524} INFO - 24/10/24 17:16:59 INFO SecurityManager: Changing modify acls to: ***
[2024-10-24T17:16:59.449+0000] {spark_submit.py:524} INFO - 24/10/24 17:16:59 INFO SecurityManager: Changing view acls groups to:
[2024-10-24T17:16:59.449+0000] {spark_submit.py:524} INFO - 24/10/24 17:16:59 INFO SecurityManager: Changing modify acls groups to:
[2024-10-24T17:16:59.450+0000] {spark_submit.py:524} INFO - 24/10/24 17:16:59 INFO SecurityManager: SecurityManager: authentication disabled; ui acls disabled; users with view permissions: ***; groups with view permissions: EMPTY; users with modify permissions: ***; groups with modify permissions: EMPTY
[2024-10-24T17:16:59.663+0000] {spark_submit.py:524} INFO - 24/10/24 17:16:59 INFO Utils: Successfully started service 'sparkDriver' on port 43997.
[2024-10-24T17:16:59.690+0000] {spark_submit.py:524} INFO - 24/10/24 17:16:59 INFO SparkEnv: Registering MapOutputTracker
[2024-10-24T17:16:59.723+0000] {spark_submit.py:524} INFO - 24/10/24 17:16:59 INFO SparkEnv: Registering BlockManagerMaster
[2024-10-24T17:16:59.741+0000] {spark_submit.py:524} INFO - 24/10/24 17:16:59 INFO BlockManagerMasterEndpoint: Using org.apache.spark.storage.DefaultTopologyMapper for getting topology information
[2024-10-24T17:16:59.741+0000] {spark_submit.py:524} INFO - 24/10/24 17:16:59 INFO BlockManagerMasterEndpoint: BlockManagerMasterEndpoint up
[2024-10-24T17:16:59.744+0000] {spark_submit.py:524} INFO - 24/10/24 17:16:59 INFO SparkEnv: Registering BlockManagerMasterHeartbeat
[2024-10-24T17:16:59.761+0000] {spark_submit.py:524} INFO - 24/10/24 17:16:59 INFO DiskBlockManager: Created local directory at /tmp/blockmgr-82e3e771-85aa-4e4d-a90d-7b8d0e8d17f9
[2024-10-24T17:16:59.774+0000] {spark_submit.py:524} INFO - 24/10/24 17:16:59 INFO MemoryStore: MemoryStore started with capacity 434.4 MiB
[2024-10-24T17:16:59.789+0000] {spark_submit.py:524} INFO - 24/10/24 17:16:59 INFO SparkEnv: Registering OutputCommitCoordinator
[2024-10-24T17:16:59.903+0000] {spark_submit.py:524} INFO - 24/10/24 17:16:59 INFO JettyUtils: Start Jetty 0.0.0.0:4040 for SparkUI
[2024-10-24T17:16:59.960+0000] {spark_submit.py:524} INFO - 24/10/24 17:16:59 INFO Utils: Successfully started service 'SparkUI' on port 4040.
[2024-10-24T17:17:00.092+0000] {spark_submit.py:524} INFO - 24/10/24 17:17:00 INFO StandaloneAppClient$ClientEndpoint: Connecting to master spark://spark-master:7077...
[2024-10-24T17:17:00.139+0000] {spark_submit.py:524} INFO - 24/10/24 17:17:00 INFO TransportClientFactory: Successfully created connection to spark-master/172.18.0.3:7077 after 25 ms (0 ms spent in bootstraps)
[2024-10-24T17:17:00.226+0000] {spark_submit.py:524} INFO - 24/10/24 17:17:00 INFO StandaloneSchedulerBackend: Connected to Spark cluster with app ID app-20241024171700-0002
[2024-10-24T17:17:00.230+0000] {spark_submit.py:524} INFO - 24/10/24 17:17:00 INFO StandaloneAppClient$ClientEndpoint: Executor added: app-20241024171700-0002/0 on worker-20241024170959-172.18.0.5-44329 (172.18.0.5:44329) with 2 core(s)
[2024-10-24T17:17:00.232+0000] {spark_submit.py:524} INFO - 24/10/24 17:17:00 INFO StandaloneSchedulerBackend: Granted executor ID app-20241024171700-0002/0 on hostPort 172.18.0.5:44329 with 2 core(s), 1024.0 MiB RAM
[2024-10-24T17:17:00.240+0000] {spark_submit.py:524} INFO - 24/10/24 17:17:00 INFO Utils: Successfully started service 'org.apache.spark.network.netty.NettyBlockTransferService' on port 35555.
[2024-10-24T17:17:00.241+0000] {spark_submit.py:524} INFO - 24/10/24 17:17:00 INFO NettyBlockTransferService: Server created on e995fa603d7f:35555
[2024-10-24T17:17:00.243+0000] {spark_submit.py:524} INFO - 24/10/24 17:17:00 INFO BlockManager: Using org.apache.spark.storage.RandomBlockReplicationPolicy for block replication policy
[2024-10-24T17:17:00.262+0000] {spark_submit.py:524} INFO - 24/10/24 17:17:00 INFO BlockManagerMaster: Registering BlockManager BlockManagerId(driver, e995fa603d7f, 35555, None)
[2024-10-24T17:17:00.271+0000] {spark_submit.py:524} INFO - 24/10/24 17:17:00 INFO BlockManagerMasterEndpoint: Registering block manager e995fa603d7f:35555 with 434.4 MiB RAM, BlockManagerId(driver, e995fa603d7f, 35555, None)
[2024-10-24T17:17:00.276+0000] {spark_submit.py:524} INFO - 24/10/24 17:17:00 INFO StandaloneAppClient$ClientEndpoint: Executor updated: app-20241024171700-0002/0 is now RUNNING
[2024-10-24T17:17:00.276+0000] {spark_submit.py:524} INFO - 24/10/24 17:17:00 INFO BlockManagerMaster: Registered BlockManager BlockManagerId(driver, e995fa603d7f, 35555, None)
[2024-10-24T17:17:00.278+0000] {spark_submit.py:524} INFO - 24/10/24 17:17:00 INFO BlockManager: Initialized BlockManager: BlockManagerId(driver, e995fa603d7f, 35555, None)
[2024-10-24T17:17:00.578+0000] {spark_submit.py:524} INFO - 24/10/24 17:17:00 INFO StandaloneSchedulerBackend: SchedulerBackend is ready for scheduling beginning after reached minRegisteredResourcesRatio: 0.0
[2024-10-24T17:17:01.097+0000] {spark_submit.py:524} INFO - 24/10/24 17:17:01 INFO SharedState: Setting hive.metastore.warehouse.dir ('null') to the value of spark.sql.warehouse.dir.
[2024-10-24T17:17:01.108+0000] {spark_submit.py:524} INFO - 24/10/24 17:17:01 INFO SharedState: Warehouse path is 'file:/opt/***/spark-warehouse'.
[2024-10-24T17:17:02.292+0000] {spark_submit.py:524} INFO - 24/10/24 17:17:02 INFO InMemoryFileIndex: It took 63 ms to list leaf files for 1 paths.
[2024-10-24T17:17:02.358+0000] {spark_submit.py:524} INFO - 24/10/24 17:17:02 INFO InMemoryFileIndex: It took 2 ms to list leaf files for 1 paths.
[2024-10-24T17:17:04.053+0000] {spark_submit.py:524} INFO - 24/10/24 17:17:04 INFO StandaloneSchedulerBackend$StandaloneDriverEndpoint: Registered executor NettyRpcEndpointRef(spark-client://Executor) (172.18.0.5:33784) with ID 0,  ResourceProfileId 0
[2024-10-24T17:17:04.193+0000] {spark_submit.py:524} INFO - 24/10/24 17:17:04 INFO BlockManagerMasterEndpoint: Registering block manager 172.18.0.5:40235 with 434.4 MiB RAM, BlockManagerId(0, 172.18.0.5, 40235, None)
[2024-10-24T17:17:05.192+0000] {spark_submit.py:524} INFO - 24/10/24 17:17:05 INFO FileSourceStrategy: Pushed Filters:
[2024-10-24T17:17:05.203+0000] {spark_submit.py:524} INFO - 24/10/24 17:17:05 INFO FileSourceStrategy: Post-Scan Filters:
[2024-10-24T17:17:05.420+0000] {spark_submit.py:524} INFO - 24/10/24 17:17:05 INFO MemoryStore: Block broadcast_0 stored as values in memory (estimated size 199.2 KiB, free 434.2 MiB)
[2024-10-24T17:17:05.484+0000] {spark_submit.py:524} INFO - 24/10/24 17:17:05 INFO MemoryStore: Block broadcast_0_piece0 stored as bytes in memory (estimated size 34.1 KiB, free 434.2 MiB)
[2024-10-24T17:17:05.487+0000] {spark_submit.py:524} INFO - 24/10/24 17:17:05 INFO BlockManagerInfo: Added broadcast_0_piece0 in memory on e995fa603d7f:35555 (size: 34.1 KiB, free: 434.4 MiB)
[2024-10-24T17:17:05.492+0000] {spark_submit.py:524} INFO - 24/10/24 17:17:05 INFO SparkContext: Created broadcast 0 from json at NativeMethodAccessorImpl.java:0
[2024-10-24T17:17:05.511+0000] {spark_submit.py:524} INFO - 24/10/24 17:17:05 INFO FileSourceScanExec: Planning scan with bin packing, max size: 4194304 bytes, open cost is considered as scanning 4194304 bytes.
[2024-10-24T17:17:05.709+0000] {spark_submit.py:524} INFO - 24/10/24 17:17:05 INFO SparkContext: Starting job: json at NativeMethodAccessorImpl.java:0
[2024-10-24T17:17:05.740+0000] {spark_submit.py:524} INFO - 24/10/24 17:17:05 INFO DAGScheduler: Got job 0 (json at NativeMethodAccessorImpl.java:0) with 1 output partitions
[2024-10-24T17:17:05.741+0000] {spark_submit.py:524} INFO - 24/10/24 17:17:05 INFO DAGScheduler: Final stage: ResultStage 0 (json at NativeMethodAccessorImpl.java:0)
[2024-10-24T17:17:05.741+0000] {spark_submit.py:524} INFO - 24/10/24 17:17:05 INFO DAGScheduler: Parents of final stage: List()
[2024-10-24T17:17:05.743+0000] {spark_submit.py:524} INFO - 24/10/24 17:17:05 INFO DAGScheduler: Missing parents: List()
[2024-10-24T17:17:05.747+0000] {spark_submit.py:524} INFO - 24/10/24 17:17:05 INFO DAGScheduler: Submitting ResultStage 0 (MapPartitionsRDD[3] at json at NativeMethodAccessorImpl.java:0), which has no missing parents
[2024-10-24T17:17:05.849+0000] {spark_submit.py:524} INFO - 24/10/24 17:17:05 INFO MemoryStore: Block broadcast_1 stored as values in memory (estimated size 16.0 KiB, free 434.2 MiB)
[2024-10-24T17:17:05.857+0000] {spark_submit.py:524} INFO - 24/10/24 17:17:05 INFO MemoryStore: Block broadcast_1_piece0 stored as bytes in memory (estimated size 7.5 KiB, free 434.1 MiB)
[2024-10-24T17:17:05.858+0000] {spark_submit.py:524} INFO - 24/10/24 17:17:05 INFO BlockManagerInfo: Added broadcast_1_piece0 in memory on e995fa603d7f:35555 (size: 7.5 KiB, free: 434.4 MiB)
[2024-10-24T17:17:05.859+0000] {spark_submit.py:524} INFO - 24/10/24 17:17:05 INFO SparkContext: Created broadcast 1 from broadcast at DAGScheduler.scala:1580
[2024-10-24T17:17:05.881+0000] {spark_submit.py:524} INFO - 24/10/24 17:17:05 INFO DAGScheduler: Submitting 1 missing tasks from ResultStage 0 (MapPartitionsRDD[3] at json at NativeMethodAccessorImpl.java:0) (first 15 tasks are for partitions Vector(0))
[2024-10-24T17:17:05.884+0000] {spark_submit.py:524} INFO - 24/10/24 17:17:05 INFO TaskSchedulerImpl: Adding task set 0.0 with 1 tasks resource profile 0
[2024-10-24T17:17:05.926+0000] {spark_submit.py:524} INFO - 24/10/24 17:17:05 INFO TaskSetManager: Starting task 0.0 in stage 0.0 (TID 0) (172.18.0.5, executor 0, partition 0, PROCESS_LOCAL, 8252 bytes)
[2024-10-24T17:17:06.240+0000] {spark_submit.py:524} INFO - 24/10/24 17:17:06 INFO BlockManagerInfo: Added broadcast_1_piece0 in memory on 172.18.0.5:40235 (size: 7.5 KiB, free: 434.4 MiB)
[2024-10-24T17:17:07.322+0000] {spark_submit.py:524} INFO - 24/10/24 17:17:07 INFO BlockManagerInfo: Added broadcast_0_piece0 in memory on 172.18.0.5:40235 (size: 34.1 KiB, free: 434.4 MiB)
[2024-10-24T17:17:07.560+0000] {spark_submit.py:524} INFO - 24/10/24 17:17:07 INFO TaskSetManager: Finished task 0.0 in stage 0.0 (TID 0) in 1648 ms on 172.18.0.5 (executor 0) (1/1)
[2024-10-24T17:17:07.562+0000] {spark_submit.py:524} INFO - 24/10/24 17:17:07 INFO TaskSchedulerImpl: Removed TaskSet 0.0, whose tasks have all completed, from pool
[2024-10-24T17:17:07.569+0000] {spark_submit.py:524} INFO - 24/10/24 17:17:07 INFO DAGScheduler: ResultStage 0 (json at NativeMethodAccessorImpl.java:0) finished in 1.806 s
[2024-10-24T17:17:07.572+0000] {spark_submit.py:524} INFO - 24/10/24 17:17:07 INFO DAGScheduler: Job 0 is finished. Cancelling potential speculative or zombie tasks for this job
[2024-10-24T17:17:07.573+0000] {spark_submit.py:524} INFO - 24/10/24 17:17:07 INFO TaskSchedulerImpl: Killing all running tasks in stage 0: Stage finished
[2024-10-24T17:17:07.576+0000] {spark_submit.py:524} INFO - 24/10/24 17:17:07 INFO DAGScheduler: Job 0 finished: json at NativeMethodAccessorImpl.java:0, took 1.865919 s
[2024-10-24T17:17:07.611+0000] {spark_submit.py:524} INFO - Leitura realizada com sucesso!
[2024-10-24T17:17:07.753+0000] {spark_submit.py:524} INFO - 24/10/24 17:17:07 INFO FileSourceStrategy: Pushed Filters:
[2024-10-24T17:17:07.754+0000] {spark_submit.py:524} INFO - 24/10/24 17:17:07 INFO FileSourceStrategy: Post-Scan Filters:
[2024-10-24T17:17:08.097+0000] {spark_submit.py:524} INFO - 24/10/24 17:17:08 INFO BlockManagerInfo: Removed broadcast_1_piece0 on e995fa603d7f:35555 in memory (size: 7.5 KiB, free: 434.4 MiB)
[2024-10-24T17:17:08.109+0000] {spark_submit.py:524} INFO - 24/10/24 17:17:08 INFO BlockManagerInfo: Removed broadcast_1_piece0 on 172.18.0.5:40235 in memory (size: 7.5 KiB, free: 434.4 MiB)
[2024-10-24T17:17:08.179+0000] {spark_submit.py:524} INFO - 24/10/24 17:17:08 INFO CodeGenerator: Code generated in 238.600496 ms
[2024-10-24T17:17:08.186+0000] {spark_submit.py:524} INFO - 24/10/24 17:17:08 INFO MemoryStore: Block broadcast_2 stored as values in memory (estimated size 199.1 KiB, free 434.0 MiB)
[2024-10-24T17:17:08.203+0000] {spark_submit.py:524} INFO - 24/10/24 17:17:08 INFO MemoryStore: Block broadcast_2_piece0 stored as bytes in memory (estimated size 34.1 KiB, free 433.9 MiB)
[2024-10-24T17:17:08.204+0000] {spark_submit.py:524} INFO - 24/10/24 17:17:08 INFO BlockManagerInfo: Added broadcast_2_piece0 in memory on e995fa603d7f:35555 (size: 34.1 KiB, free: 434.3 MiB)
[2024-10-24T17:17:08.206+0000] {spark_submit.py:524} INFO - 24/10/24 17:17:08 INFO SparkContext: Created broadcast 2 from count at NativeMethodAccessorImpl.java:0
[2024-10-24T17:17:08.210+0000] {spark_submit.py:524} INFO - 24/10/24 17:17:08 INFO FileSourceScanExec: Planning scan with bin packing, max size: 4194304 bytes, open cost is considered as scanning 4194304 bytes.
[2024-10-24T17:17:08.249+0000] {spark_submit.py:524} INFO - 24/10/24 17:17:08 INFO DAGScheduler: Registering RDD 7 (count at NativeMethodAccessorImpl.java:0) as input to shuffle 0
[2024-10-24T17:17:08.255+0000] {spark_submit.py:524} INFO - 24/10/24 17:17:08 INFO DAGScheduler: Got map stage job 1 (count at NativeMethodAccessorImpl.java:0) with 1 output partitions
[2024-10-24T17:17:08.255+0000] {spark_submit.py:524} INFO - 24/10/24 17:17:08 INFO DAGScheduler: Final stage: ShuffleMapStage 1 (count at NativeMethodAccessorImpl.java:0)
[2024-10-24T17:17:08.256+0000] {spark_submit.py:524} INFO - 24/10/24 17:17:08 INFO DAGScheduler: Parents of final stage: List()
[2024-10-24T17:17:08.256+0000] {spark_submit.py:524} INFO - 24/10/24 17:17:08 INFO DAGScheduler: Missing parents: List()
[2024-10-24T17:17:08.258+0000] {spark_submit.py:524} INFO - 24/10/24 17:17:08 INFO DAGScheduler: Submitting ShuffleMapStage 1 (MapPartitionsRDD[7] at count at NativeMethodAccessorImpl.java:0), which has no missing parents
[2024-10-24T17:17:08.278+0000] {spark_submit.py:524} INFO - 24/10/24 17:17:08 INFO MemoryStore: Block broadcast_3 stored as values in memory (estimated size 17.0 KiB, free 433.9 MiB)
[2024-10-24T17:17:08.286+0000] {spark_submit.py:524} INFO - 24/10/24 17:17:08 INFO MemoryStore: Block broadcast_3_piece0 stored as bytes in memory (estimated size 8.3 KiB, free 433.9 MiB)
[2024-10-24T17:17:08.287+0000] {spark_submit.py:524} INFO - 24/10/24 17:17:08 INFO BlockManagerInfo: Added broadcast_3_piece0 in memory on e995fa603d7f:35555 (size: 8.3 KiB, free: 434.3 MiB)
[2024-10-24T17:17:08.287+0000] {spark_submit.py:524} INFO - 24/10/24 17:17:08 INFO SparkContext: Created broadcast 3 from broadcast at DAGScheduler.scala:1580
[2024-10-24T17:17:08.290+0000] {spark_submit.py:524} INFO - 24/10/24 17:17:08 INFO DAGScheduler: Submitting 1 missing tasks from ShuffleMapStage 1 (MapPartitionsRDD[7] at count at NativeMethodAccessorImpl.java:0) (first 15 tasks are for partitions Vector(0))
[2024-10-24T17:17:08.290+0000] {spark_submit.py:524} INFO - 24/10/24 17:17:08 INFO TaskSchedulerImpl: Adding task set 1.0 with 1 tasks resource profile 0
[2024-10-24T17:17:08.293+0000] {spark_submit.py:524} INFO - 24/10/24 17:17:08 INFO TaskSetManager: Starting task 0.0 in stage 1.0 (TID 1) (172.18.0.5, executor 0, partition 0, PROCESS_LOCAL, 8241 bytes)
[2024-10-24T17:17:08.325+0000] {spark_submit.py:524} INFO - 24/10/24 17:17:08 INFO BlockManagerInfo: Removed broadcast_0_piece0 on e995fa603d7f:35555 in memory (size: 34.1 KiB, free: 434.4 MiB)
[2024-10-24T17:17:08.335+0000] {spark_submit.py:524} INFO - 24/10/24 17:17:08 INFO BlockManagerInfo: Removed broadcast_0_piece0 on 172.18.0.5:40235 in memory (size: 34.1 KiB, free: 434.4 MiB)
[2024-10-24T17:17:08.345+0000] {spark_submit.py:524} INFO - 24/10/24 17:17:08 INFO BlockManagerInfo: Added broadcast_3_piece0 in memory on 172.18.0.5:40235 (size: 8.3 KiB, free: 434.4 MiB)
[2024-10-24T17:17:08.510+0000] {spark_submit.py:524} INFO - 24/10/24 17:17:08 INFO BlockManagerInfo: Added broadcast_2_piece0 in memory on 172.18.0.5:40235 (size: 34.1 KiB, free: 434.4 MiB)
[2024-10-24T17:17:08.588+0000] {spark_submit.py:524} INFO - 24/10/24 17:17:08 INFO TaskSetManager: Finished task 0.0 in stage 1.0 (TID 1) in 296 ms on 172.18.0.5 (executor 0) (1/1)
[2024-10-24T17:17:08.588+0000] {spark_submit.py:524} INFO - 24/10/24 17:17:08 INFO TaskSchedulerImpl: Removed TaskSet 1.0, whose tasks have all completed, from pool
[2024-10-24T17:17:08.590+0000] {spark_submit.py:524} INFO - 24/10/24 17:17:08 INFO DAGScheduler: ShuffleMapStage 1 (count at NativeMethodAccessorImpl.java:0) finished in 0.329 s
[2024-10-24T17:17:08.591+0000] {spark_submit.py:524} INFO - 24/10/24 17:17:08 INFO DAGScheduler: looking for newly runnable stages
[2024-10-24T17:17:08.591+0000] {spark_submit.py:524} INFO - 24/10/24 17:17:08 INFO DAGScheduler: running: Set()
[2024-10-24T17:17:08.592+0000] {spark_submit.py:524} INFO - 24/10/24 17:17:08 INFO DAGScheduler: waiting: Set()
[2024-10-24T17:17:08.592+0000] {spark_submit.py:524} INFO - 24/10/24 17:17:08 INFO DAGScheduler: failed: Set()
[2024-10-24T17:17:08.638+0000] {spark_submit.py:524} INFO - 24/10/24 17:17:08 INFO CodeGenerator: Code generated in 14.890962 ms
[2024-10-24T17:17:08.660+0000] {spark_submit.py:524} INFO - 24/10/24 17:17:08 INFO SparkContext: Starting job: count at NativeMethodAccessorImpl.java:0
[2024-10-24T17:17:08.662+0000] {spark_submit.py:524} INFO - 24/10/24 17:17:08 INFO DAGScheduler: Got job 2 (count at NativeMethodAccessorImpl.java:0) with 1 output partitions
[2024-10-24T17:17:08.662+0000] {spark_submit.py:524} INFO - 24/10/24 17:17:08 INFO DAGScheduler: Final stage: ResultStage 3 (count at NativeMethodAccessorImpl.java:0)
[2024-10-24T17:17:08.662+0000] {spark_submit.py:524} INFO - 24/10/24 17:17:08 INFO DAGScheduler: Parents of final stage: List(ShuffleMapStage 2)
[2024-10-24T17:17:08.662+0000] {spark_submit.py:524} INFO - 24/10/24 17:17:08 INFO DAGScheduler: Missing parents: List()
[2024-10-24T17:17:08.663+0000] {spark_submit.py:524} INFO - 24/10/24 17:17:08 INFO DAGScheduler: Submitting ResultStage 3 (MapPartitionsRDD[10] at count at NativeMethodAccessorImpl.java:0), which has no missing parents
[2024-10-24T17:17:08.677+0000] {spark_submit.py:524} INFO - 24/10/24 17:17:08 INFO MemoryStore: Block broadcast_4 stored as values in memory (estimated size 12.5 KiB, free 434.1 MiB)
[2024-10-24T17:17:08.683+0000] {spark_submit.py:524} INFO - 24/10/24 17:17:08 INFO MemoryStore: Block broadcast_4_piece0 stored as bytes in memory (estimated size 5.9 KiB, free 434.1 MiB)
[2024-10-24T17:17:08.687+0000] {spark_submit.py:524} INFO - 24/10/24 17:17:08 INFO BlockManagerInfo: Added broadcast_4_piece0 in memory on e995fa603d7f:35555 (size: 5.9 KiB, free: 434.4 MiB)
[2024-10-24T17:17:08.688+0000] {spark_submit.py:524} INFO - 24/10/24 17:17:08 INFO BlockManagerInfo: Removed broadcast_3_piece0 on e995fa603d7f:35555 in memory (size: 8.3 KiB, free: 434.4 MiB)
[2024-10-24T17:17:08.688+0000] {spark_submit.py:524} INFO - 24/10/24 17:17:08 INFO SparkContext: Created broadcast 4 from broadcast at DAGScheduler.scala:1580
[2024-10-24T17:17:08.691+0000] {spark_submit.py:524} INFO - 24/10/24 17:17:08 INFO BlockManagerInfo: Removed broadcast_3_piece0 on 172.18.0.5:40235 in memory (size: 8.3 KiB, free: 434.4 MiB)
[2024-10-24T17:17:08.697+0000] {spark_submit.py:524} INFO - 24/10/24 17:17:08 INFO DAGScheduler: Submitting 1 missing tasks from ResultStage 3 (MapPartitionsRDD[10] at count at NativeMethodAccessorImpl.java:0) (first 15 tasks are for partitions Vector(0))
[2024-10-24T17:17:08.700+0000] {spark_submit.py:524} INFO - 24/10/24 17:17:08 INFO TaskSchedulerImpl: Adding task set 3.0 with 1 tasks resource profile 0
[2024-10-24T17:17:08.707+0000] {spark_submit.py:524} INFO - 24/10/24 17:17:08 INFO TaskSetManager: Starting task 0.0 in stage 3.0 (TID 2) (172.18.0.5, executor 0, partition 0, NODE_LOCAL, 7619 bytes)
[2024-10-24T17:17:08.743+0000] {spark_submit.py:524} INFO - 24/10/24 17:17:08 INFO BlockManagerInfo: Added broadcast_4_piece0 in memory on 172.18.0.5:40235 (size: 5.9 KiB, free: 434.4 MiB)
[2024-10-24T17:17:08.771+0000] {spark_submit.py:524} INFO - 24/10/24 17:17:08 INFO MapOutputTrackerMasterEndpoint: Asked to send map output locations for shuffle 0 to 172.18.0.5:33784
[2024-10-24T17:17:08.890+0000] {spark_submit.py:524} INFO - 24/10/24 17:17:08 INFO TaskSetManager: Finished task 0.0 in stage 3.0 (TID 2) in 185 ms on 172.18.0.5 (executor 0) (1/1)
[2024-10-24T17:17:08.890+0000] {spark_submit.py:524} INFO - 24/10/24 17:17:08 INFO TaskSchedulerImpl: Removed TaskSet 3.0, whose tasks have all completed, from pool
[2024-10-24T17:17:08.892+0000] {spark_submit.py:524} INFO - 24/10/24 17:17:08 INFO DAGScheduler: ResultStage 3 (count at NativeMethodAccessorImpl.java:0) finished in 0.217 s
[2024-10-24T17:17:08.892+0000] {spark_submit.py:524} INFO - 24/10/24 17:17:08 INFO DAGScheduler: Job 2 is finished. Cancelling potential speculative or zombie tasks for this job
[2024-10-24T17:17:08.892+0000] {spark_submit.py:524} INFO - 24/10/24 17:17:08 INFO TaskSchedulerImpl: Killing all running tasks in stage 3: Stage finished
[2024-10-24T17:17:08.892+0000] {spark_submit.py:524} INFO - 24/10/24 17:17:08 INFO DAGScheduler: Job 2 finished: count at NativeMethodAccessorImpl.java:0, took 0.232061 s
[2024-10-24T17:17:08.938+0000] {spark_submit.py:524} INFO - 24/10/24 17:17:08 INFO FileSourceStrategy: Pushed Filters:
[2024-10-24T17:17:08.938+0000] {spark_submit.py:524} INFO - 24/10/24 17:17:08 INFO FileSourceStrategy: Post-Scan Filters:
[2024-10-24T17:17:08.961+0000] {spark_submit.py:524} INFO - 24/10/24 17:17:08 INFO MemoryStore: Block broadcast_5 stored as values in memory (estimated size 199.1 KiB, free 434.0 MiB)
[2024-10-24T17:17:08.973+0000] {spark_submit.py:524} INFO - 24/10/24 17:17:08 INFO BlockManagerInfo: Removed broadcast_4_piece0 on e995fa603d7f:35555 in memory (size: 5.9 KiB, free: 434.4 MiB)
[2024-10-24T17:17:08.977+0000] {spark_submit.py:524} INFO - 24/10/24 17:17:08 INFO BlockManagerInfo: Removed broadcast_4_piece0 on 172.18.0.5:40235 in memory (size: 5.9 KiB, free: 434.4 MiB)
[2024-10-24T17:17:08.980+0000] {spark_submit.py:524} INFO - 24/10/24 17:17:08 INFO MemoryStore: Block broadcast_5_piece0 stored as bytes in memory (estimated size 34.1 KiB, free 433.9 MiB)
[2024-10-24T17:17:08.984+0000] {spark_submit.py:524} INFO - 24/10/24 17:17:08 INFO BlockManagerInfo: Added broadcast_5_piece0 in memory on e995fa603d7f:35555 (size: 34.1 KiB, free: 434.3 MiB)
[2024-10-24T17:17:08.986+0000] {spark_submit.py:524} INFO - 24/10/24 17:17:08 INFO SparkContext: Created broadcast 5 from count at NativeMethodAccessorImpl.java:0
[2024-10-24T17:17:08.989+0000] {spark_submit.py:524} INFO - 24/10/24 17:17:08 INFO FileSourceScanExec: Planning scan with bin packing, max size: 4194304 bytes, open cost is considered as scanning 4194304 bytes.
[2024-10-24T17:17:08.995+0000] {spark_submit.py:524} INFO - 24/10/24 17:17:08 INFO DAGScheduler: Registering RDD 14 (count at NativeMethodAccessorImpl.java:0) as input to shuffle 1
[2024-10-24T17:17:09.000+0000] {spark_submit.py:524} INFO - 24/10/24 17:17:08 INFO DAGScheduler: Got map stage job 3 (count at NativeMethodAccessorImpl.java:0) with 1 output partitions
[2024-10-24T17:17:09.000+0000] {spark_submit.py:524} INFO - 24/10/24 17:17:08 INFO DAGScheduler: Final stage: ShuffleMapStage 4 (count at NativeMethodAccessorImpl.java:0)
[2024-10-24T17:17:09.003+0000] {spark_submit.py:524} INFO - 24/10/24 17:17:08 INFO DAGScheduler: Parents of final stage: List()
[2024-10-24T17:17:09.004+0000] {spark_submit.py:524} INFO - 24/10/24 17:17:08 INFO DAGScheduler: Missing parents: List()
[2024-10-24T17:17:09.004+0000] {spark_submit.py:524} INFO - 24/10/24 17:17:09 INFO DAGScheduler: Submitting ShuffleMapStage 4 (MapPartitionsRDD[14] at count at NativeMethodAccessorImpl.java:0), which has no missing parents
[2024-10-24T17:17:09.005+0000] {spark_submit.py:524} INFO - 24/10/24 17:17:09 INFO MemoryStore: Block broadcast_6 stored as values in memory (estimated size 17.0 KiB, free 433.9 MiB)
[2024-10-24T17:17:09.007+0000] {spark_submit.py:524} INFO - 24/10/24 17:17:09 INFO MemoryStore: Block broadcast_6_piece0 stored as bytes in memory (estimated size 8.3 KiB, free 433.9 MiB)
[2024-10-24T17:17:09.007+0000] {spark_submit.py:524} INFO - 24/10/24 17:17:09 INFO BlockManagerInfo: Added broadcast_6_piece0 in memory on e995fa603d7f:35555 (size: 8.3 KiB, free: 434.3 MiB)
[2024-10-24T17:17:09.008+0000] {spark_submit.py:524} INFO - 24/10/24 17:17:09 INFO SparkContext: Created broadcast 6 from broadcast at DAGScheduler.scala:1580
[2024-10-24T17:17:09.009+0000] {spark_submit.py:524} INFO - 24/10/24 17:17:09 INFO DAGScheduler: Submitting 1 missing tasks from ShuffleMapStage 4 (MapPartitionsRDD[14] at count at NativeMethodAccessorImpl.java:0) (first 15 tasks are for partitions Vector(0))
[2024-10-24T17:17:09.009+0000] {spark_submit.py:524} INFO - 24/10/24 17:17:09 INFO TaskSchedulerImpl: Adding task set 4.0 with 1 tasks resource profile 0
[2024-10-24T17:17:09.010+0000] {spark_submit.py:524} INFO - 24/10/24 17:17:09 INFO TaskSetManager: Starting task 0.0 in stage 4.0 (TID 3) (172.18.0.5, executor 0, partition 0, PROCESS_LOCAL, 8241 bytes)
[2024-10-24T17:17:09.036+0000] {spark_submit.py:524} INFO - 24/10/24 17:17:09 INFO BlockManagerInfo: Added broadcast_6_piece0 in memory on 172.18.0.5:40235 (size: 8.3 KiB, free: 434.4 MiB)
[2024-10-24T17:17:09.059+0000] {spark_submit.py:524} INFO - 24/10/24 17:17:09 INFO BlockManagerInfo: Added broadcast_5_piece0 in memory on 172.18.0.5:40235 (size: 34.1 KiB, free: 434.3 MiB)
[2024-10-24T17:17:09.105+0000] {spark_submit.py:524} INFO - 24/10/24 17:17:09 INFO TaskSetManager: Finished task 0.0 in stage 4.0 (TID 3) in 94 ms on 172.18.0.5 (executor 0) (1/1)
[2024-10-24T17:17:09.105+0000] {spark_submit.py:524} INFO - 24/10/24 17:17:09 INFO TaskSchedulerImpl: Removed TaskSet 4.0, whose tasks have all completed, from pool
[2024-10-24T17:17:09.106+0000] {spark_submit.py:524} INFO - 24/10/24 17:17:09 INFO DAGScheduler: ShuffleMapStage 4 (count at NativeMethodAccessorImpl.java:0) finished in 0.103 s
[2024-10-24T17:17:09.106+0000] {spark_submit.py:524} INFO - 24/10/24 17:17:09 INFO DAGScheduler: looking for newly runnable stages
[2024-10-24T17:17:09.106+0000] {spark_submit.py:524} INFO - 24/10/24 17:17:09 INFO DAGScheduler: running: Set()
[2024-10-24T17:17:09.106+0000] {spark_submit.py:524} INFO - 24/10/24 17:17:09 INFO DAGScheduler: waiting: Set()
[2024-10-24T17:17:09.106+0000] {spark_submit.py:524} INFO - 24/10/24 17:17:09 INFO DAGScheduler: failed: Set()
[2024-10-24T17:17:09.133+0000] {spark_submit.py:524} INFO - 24/10/24 17:17:09 INFO SparkContext: Starting job: count at NativeMethodAccessorImpl.java:0
[2024-10-24T17:17:09.135+0000] {spark_submit.py:524} INFO - 24/10/24 17:17:09 INFO DAGScheduler: Got job 4 (count at NativeMethodAccessorImpl.java:0) with 1 output partitions
[2024-10-24T17:17:09.136+0000] {spark_submit.py:524} INFO - 24/10/24 17:17:09 INFO DAGScheduler: Final stage: ResultStage 6 (count at NativeMethodAccessorImpl.java:0)
[2024-10-24T17:17:09.136+0000] {spark_submit.py:524} INFO - 24/10/24 17:17:09 INFO DAGScheduler: Parents of final stage: List(ShuffleMapStage 5)
[2024-10-24T17:17:09.136+0000] {spark_submit.py:524} INFO - 24/10/24 17:17:09 INFO DAGScheduler: Missing parents: List()
[2024-10-24T17:17:09.137+0000] {spark_submit.py:524} INFO - 24/10/24 17:17:09 INFO DAGScheduler: Submitting ResultStage 6 (MapPartitionsRDD[17] at count at NativeMethodAccessorImpl.java:0), which has no missing parents
[2024-10-24T17:17:09.139+0000] {spark_submit.py:524} INFO - 24/10/24 17:17:09 INFO MemoryStore: Block broadcast_7 stored as values in memory (estimated size 12.5 KiB, free 433.9 MiB)
[2024-10-24T17:17:09.144+0000] {spark_submit.py:524} INFO - 24/10/24 17:17:09 INFO MemoryStore: Block broadcast_7_piece0 stored as bytes in memory (estimated size 5.9 KiB, free 433.9 MiB)
[2024-10-24T17:17:09.145+0000] {spark_submit.py:524} INFO - 24/10/24 17:17:09 INFO BlockManagerInfo: Added broadcast_7_piece0 in memory on e995fa603d7f:35555 (size: 5.9 KiB, free: 434.3 MiB)
[2024-10-24T17:17:09.146+0000] {spark_submit.py:524} INFO - 24/10/24 17:17:09 INFO BlockManagerInfo: Removed broadcast_6_piece0 on e995fa603d7f:35555 in memory (size: 8.3 KiB, free: 434.3 MiB)
[2024-10-24T17:17:09.146+0000] {spark_submit.py:524} INFO - 24/10/24 17:17:09 INFO SparkContext: Created broadcast 7 from broadcast at DAGScheduler.scala:1580
[2024-10-24T17:17:09.148+0000] {spark_submit.py:524} INFO - 24/10/24 17:17:09 INFO DAGScheduler: Submitting 1 missing tasks from ResultStage 6 (MapPartitionsRDD[17] at count at NativeMethodAccessorImpl.java:0) (first 15 tasks are for partitions Vector(0))
[2024-10-24T17:17:09.151+0000] {spark_submit.py:524} INFO - 24/10/24 17:17:09 INFO TaskSchedulerImpl: Adding task set 6.0 with 1 tasks resource profile 0
[2024-10-24T17:17:09.151+0000] {spark_submit.py:524} INFO - 24/10/24 17:17:09 INFO BlockManagerInfo: Removed broadcast_6_piece0 on 172.18.0.5:40235 in memory (size: 8.3 KiB, free: 434.3 MiB)
[2024-10-24T17:17:09.152+0000] {spark_submit.py:524} INFO - 24/10/24 17:17:09 INFO TaskSetManager: Starting task 0.0 in stage 6.0 (TID 4) (172.18.0.5, executor 0, partition 0, NODE_LOCAL, 7619 bytes)
[2024-10-24T17:17:09.177+0000] {spark_submit.py:524} INFO - 24/10/24 17:17:09 INFO BlockManagerInfo: Added broadcast_7_piece0 in memory on 172.18.0.5:40235 (size: 5.9 KiB, free: 434.3 MiB)
[2024-10-24T17:17:09.189+0000] {spark_submit.py:524} INFO - 24/10/24 17:17:09 INFO MapOutputTrackerMasterEndpoint: Asked to send map output locations for shuffle 1 to 172.18.0.5:33784
[2024-10-24T17:17:09.214+0000] {spark_submit.py:524} INFO - 24/10/24 17:17:09 INFO TaskSetManager: Finished task 0.0 in stage 6.0 (TID 4) in 63 ms on 172.18.0.5 (executor 0) (1/1)
[2024-10-24T17:17:09.214+0000] {spark_submit.py:524} INFO - 24/10/24 17:17:09 INFO TaskSchedulerImpl: Removed TaskSet 6.0, whose tasks have all completed, from pool
[2024-10-24T17:17:09.218+0000] {spark_submit.py:524} INFO - 24/10/24 17:17:09 INFO DAGScheduler: ResultStage 6 (count at NativeMethodAccessorImpl.java:0) finished in 0.079 s
[2024-10-24T17:17:09.218+0000] {spark_submit.py:524} INFO - 24/10/24 17:17:09 INFO DAGScheduler: Job 4 is finished. Cancelling potential speculative or zombie tasks for this job
[2024-10-24T17:17:09.219+0000] {spark_submit.py:524} INFO - 24/10/24 17:17:09 INFO TaskSchedulerImpl: Killing all running tasks in stage 6: Stage finished
[2024-10-24T17:17:09.219+0000] {spark_submit.py:524} INFO - 24/10/24 17:17:09 INFO DAGScheduler: Job 4 finished: count at NativeMethodAccessorImpl.java:0, took 0.085368 s
[2024-10-24T17:17:09.222+0000] {spark_submit.py:524} INFO - Quantidade:  50
[2024-10-24T17:17:09.345+0000] {spark_submit.py:524} INFO - 24/10/24 17:17:09 INFO FileSourceStrategy: Pushed Filters:
[2024-10-24T17:17:09.345+0000] {spark_submit.py:524} INFO - 24/10/24 17:17:09 INFO FileSourceStrategy: Post-Scan Filters:
[2024-10-24T17:17:09.407+0000] {spark_submit.py:524} INFO - 24/10/24 17:17:09 INFO ParquetUtils: Using default output committer for Parquet: org.apache.parquet.hadoop.ParquetOutputCommitter
[2024-10-24T17:17:09.438+0000] {spark_submit.py:524} INFO - 24/10/24 17:17:09 INFO FileOutputCommitter: File Output Committer Algorithm version is 1
[2024-10-24T17:17:09.439+0000] {spark_submit.py:524} INFO - 24/10/24 17:17:09 INFO FileOutputCommitter: FileOutputCommitter skip cleanup _temporary folders under output directory:false, ignore cleanup failures: false
[2024-10-24T17:17:09.440+0000] {spark_submit.py:524} INFO - 24/10/24 17:17:09 INFO SQLHadoopMapReduceCommitProtocol: Using user defined output committer class org.apache.parquet.hadoop.ParquetOutputCommitter
[2024-10-24T17:17:09.441+0000] {spark_submit.py:524} INFO - 24/10/24 17:17:09 INFO FileOutputCommitter: File Output Committer Algorithm version is 1
[2024-10-24T17:17:09.441+0000] {spark_submit.py:524} INFO - 24/10/24 17:17:09 INFO FileOutputCommitter: FileOutputCommitter skip cleanup _temporary folders under output directory:false, ignore cleanup failures: false
[2024-10-24T17:17:09.442+0000] {spark_submit.py:524} INFO - 24/10/24 17:17:09 INFO SQLHadoopMapReduceCommitProtocol: Using output committer class org.apache.parquet.hadoop.ParquetOutputCommitter
[2024-10-24T17:17:09.517+0000] {spark_submit.py:524} INFO - 24/10/24 17:17:09 INFO CodeGenerator: Code generated in 49.3532 ms
[2024-10-24T17:17:09.521+0000] {spark_submit.py:524} INFO - 24/10/24 17:17:09 INFO MemoryStore: Block broadcast_8 stored as values in memory (estimated size 199.1 KiB, free 433.7 MiB)
[2024-10-24T17:17:09.532+0000] {spark_submit.py:524} INFO - 24/10/24 17:17:09 INFO BlockManagerInfo: Removed broadcast_7_piece0 on e995fa603d7f:35555 in memory (size: 5.9 KiB, free: 434.3 MiB)
[2024-10-24T17:17:09.536+0000] {spark_submit.py:524} INFO - 24/10/24 17:17:09 INFO BlockManagerInfo: Removed broadcast_7_piece0 on 172.18.0.5:40235 in memory (size: 5.9 KiB, free: 434.3 MiB)
[2024-10-24T17:17:09.542+0000] {spark_submit.py:524} INFO - 24/10/24 17:17:09 INFO MemoryStore: Block broadcast_8_piece0 stored as bytes in memory (estimated size 34.1 KiB, free 433.7 MiB)
[2024-10-24T17:17:09.542+0000] {spark_submit.py:524} INFO - 24/10/24 17:17:09 INFO BlockManagerInfo: Added broadcast_8_piece0 in memory on e995fa603d7f:35555 (size: 34.1 KiB, free: 434.3 MiB)
[2024-10-24T17:17:09.542+0000] {spark_submit.py:524} INFO - 24/10/24 17:17:09 INFO SparkContext: Created broadcast 8 from save at NativeMethodAccessorImpl.java:0
[2024-10-24T17:17:09.543+0000] {spark_submit.py:524} INFO - 24/10/24 17:17:09 INFO FileSourceScanExec: Planning scan with bin packing, max size: 4194304 bytes, open cost is considered as scanning 4194304 bytes.
[2024-10-24T17:17:09.547+0000] {spark_submit.py:524} INFO - 24/10/24 17:17:09 INFO BlockManagerInfo: Removed broadcast_5_piece0 on e995fa603d7f:35555 in memory (size: 34.1 KiB, free: 434.3 MiB)
[2024-10-24T17:17:09.555+0000] {spark_submit.py:524} INFO - 24/10/24 17:17:09 INFO BlockManagerInfo: Removed broadcast_5_piece0 on 172.18.0.5:40235 in memory (size: 34.1 KiB, free: 434.4 MiB)
[2024-10-24T17:17:09.593+0000] {spark_submit.py:524} INFO - 24/10/24 17:17:09 INFO SparkContext: Starting job: save at NativeMethodAccessorImpl.java:0
[2024-10-24T17:17:09.594+0000] {spark_submit.py:524} INFO - 24/10/24 17:17:09 INFO DAGScheduler: Got job 5 (save at NativeMethodAccessorImpl.java:0) with 1 output partitions
[2024-10-24T17:17:09.595+0000] {spark_submit.py:524} INFO - 24/10/24 17:17:09 INFO DAGScheduler: Final stage: ResultStage 7 (save at NativeMethodAccessorImpl.java:0)
[2024-10-24T17:17:09.595+0000] {spark_submit.py:524} INFO - 24/10/24 17:17:09 INFO DAGScheduler: Parents of final stage: List()
[2024-10-24T17:17:09.595+0000] {spark_submit.py:524} INFO - 24/10/24 17:17:09 INFO DAGScheduler: Missing parents: List()
[2024-10-24T17:17:09.595+0000] {spark_submit.py:524} INFO - 24/10/24 17:17:09 INFO DAGScheduler: Submitting ResultStage 7 (MapPartitionsRDD[21] at save at NativeMethodAccessorImpl.java:0), which has no missing parents
[2024-10-24T17:17:09.623+0000] {spark_submit.py:524} INFO - 24/10/24 17:17:09 INFO MemoryStore: Block broadcast_9 stored as values in memory (estimated size 236.4 KiB, free 433.7 MiB)
[2024-10-24T17:17:09.628+0000] {spark_submit.py:524} INFO - 24/10/24 17:17:09 INFO MemoryStore: Block broadcast_9_piece0 stored as bytes in memory (estimated size 85.6 KiB, free 433.6 MiB)
[2024-10-24T17:17:09.629+0000] {spark_submit.py:524} INFO - 24/10/24 17:17:09 INFO BlockManagerInfo: Added broadcast_9_piece0 in memory on e995fa603d7f:35555 (size: 85.6 KiB, free: 434.2 MiB)
[2024-10-24T17:17:09.631+0000] {spark_submit.py:524} INFO - 24/10/24 17:17:09 INFO SparkContext: Created broadcast 9 from broadcast at DAGScheduler.scala:1580
[2024-10-24T17:17:09.633+0000] {spark_submit.py:524} INFO - 24/10/24 17:17:09 INFO DAGScheduler: Submitting 1 missing tasks from ResultStage 7 (MapPartitionsRDD[21] at save at NativeMethodAccessorImpl.java:0) (first 15 tasks are for partitions Vector(0))
[2024-10-24T17:17:09.633+0000] {spark_submit.py:524} INFO - 24/10/24 17:17:09 INFO TaskSchedulerImpl: Adding task set 7.0 with 1 tasks resource profile 0
[2024-10-24T17:17:09.635+0000] {spark_submit.py:524} INFO - 24/10/24 17:17:09 INFO TaskSetManager: Starting task 0.0 in stage 7.0 (TID 5) (172.18.0.5, executor 0, partition 0, PROCESS_LOCAL, 8252 bytes)
[2024-10-24T17:17:09.654+0000] {spark_submit.py:524} INFO - 24/10/24 17:17:09 INFO BlockManagerInfo: Added broadcast_9_piece0 in memory on 172.18.0.5:40235 (size: 85.6 KiB, free: 434.3 MiB)
[2024-10-24T17:17:10.011+0000] {spark_submit.py:524} INFO - 24/10/24 17:17:10 INFO BlockManagerInfo: Added broadcast_8_piece0 in memory on 172.18.0.5:40235 (size: 34.1 KiB, free: 434.2 MiB)
[2024-10-24T17:17:11.563+0000] {spark_submit.py:524} INFO - 24/10/24 17:17:11 INFO TaskSetManager: Finished task 0.0 in stage 7.0 (TID 5) in 1927 ms on 172.18.0.5 (executor 0) (1/1)
[2024-10-24T17:17:11.564+0000] {spark_submit.py:524} INFO - 24/10/24 17:17:11 INFO TaskSchedulerImpl: Removed TaskSet 7.0, whose tasks have all completed, from pool
[2024-10-24T17:17:11.568+0000] {spark_submit.py:524} INFO - 24/10/24 17:17:11 INFO DAGScheduler: ResultStage 7 (save at NativeMethodAccessorImpl.java:0) finished in 1.971 s
[2024-10-24T17:17:11.568+0000] {spark_submit.py:524} INFO - 24/10/24 17:17:11 INFO DAGScheduler: Job 5 is finished. Cancelling potential speculative or zombie tasks for this job
[2024-10-24T17:17:11.569+0000] {spark_submit.py:524} INFO - 24/10/24 17:17:11 INFO TaskSchedulerImpl: Killing all running tasks in stage 7: Stage finished
[2024-10-24T17:17:11.570+0000] {spark_submit.py:524} INFO - 24/10/24 17:17:11 INFO DAGScheduler: Job 5 finished: save at NativeMethodAccessorImpl.java:0, took 1.976522 s
[2024-10-24T17:17:11.572+0000] {spark_submit.py:524} INFO - 24/10/24 17:17:11 INFO FileFormatWriter: Start to commit write Job 06114b77-3216-42b6-9679-1f1ae6e81169.
[2024-10-24T17:17:11.628+0000] {spark_submit.py:524} INFO - 24/10/24 17:17:11 ERROR FileFormatWriter: Aborting job 06114b77-3216-42b6-9679-1f1ae6e81169.
[2024-10-24T17:17:11.628+0000] {spark_submit.py:524} INFO - java.io.IOException: Failed to rename DeprecatedRawLocalFileStatus{path=file:/opt/***/data-lake/silver/openbrewerydb/_temporary/0/task_202410241717093272551090340367923_0007_m_000000/country=United States/state=Virginia/part-00000-293127b4-653b-4b2b-b6ec-77a71618c0d6.c000.snappy.parquet; isDirectory=false; length=4125; replication=1; blocksize=33554432; modification_time=1729790231458; access_time=1729790231450; owner=; group=; permission=rw-rw-rw-; isSymlink=false; hasAcl=false; isEncrypted=false; isErasureCoded=false} to file:/opt/***/data-lake/silver/openbrewerydb/country=United States/state=Virginia/part-00000-293127b4-653b-4b2b-b6ec-77a71618c0d6.c000.snappy.parquet
[2024-10-24T17:17:11.628+0000] {spark_submit.py:524} INFO - at org.apache.hadoop.mapreduce.lib.output.FileOutputCommitter.mergePaths(FileOutputCommitter.java:477)
[2024-10-24T17:17:11.628+0000] {spark_submit.py:524} INFO - at org.apache.hadoop.mapreduce.lib.output.FileOutputCommitter.mergePaths(FileOutputCommitter.java:490)
[2024-10-24T17:17:11.629+0000] {spark_submit.py:524} INFO - at org.apache.hadoop.mapreduce.lib.output.FileOutputCommitter.mergePaths(FileOutputCommitter.java:490)
[2024-10-24T17:17:11.629+0000] {spark_submit.py:524} INFO - at org.apache.hadoop.mapreduce.lib.output.FileOutputCommitter.mergePaths(FileOutputCommitter.java:490)
[2024-10-24T17:17:11.629+0000] {spark_submit.py:524} INFO - at org.apache.hadoop.mapreduce.lib.output.FileOutputCommitter.commitJobInternal(FileOutputCommitter.java:405)
[2024-10-24T17:17:11.629+0000] {spark_submit.py:524} INFO - at org.apache.hadoop.mapreduce.lib.output.FileOutputCommitter.commitJob(FileOutputCommitter.java:377)
[2024-10-24T17:17:11.629+0000] {spark_submit.py:524} INFO - at org.apache.parquet.hadoop.ParquetOutputCommitter.commitJob(ParquetOutputCommitter.java:48)
[2024-10-24T17:17:11.629+0000] {spark_submit.py:524} INFO - at org.apache.spark.internal.io.HadoopMapReduceCommitProtocol.commitJob(HadoopMapReduceCommitProtocol.scala:192)
[2024-10-24T17:17:11.629+0000] {spark_submit.py:524} INFO - at org.apache.spark.sql.execution.datasources.FileFormatWriter$.$anonfun$writeAndCommit$3(FileFormatWriter.scala:275)
[2024-10-24T17:17:11.629+0000] {spark_submit.py:524} INFO - at scala.runtime.java8.JFunction0$mcV$sp.apply(JFunction0$mcV$sp.java:23)
[2024-10-24T17:17:11.630+0000] {spark_submit.py:524} INFO - at org.apache.spark.util.Utils$.timeTakenMs(Utils.scala:552)
[2024-10-24T17:17:11.630+0000] {spark_submit.py:524} INFO - at org.apache.spark.sql.execution.datasources.FileFormatWriter$.writeAndCommit(FileFormatWriter.scala:275)
[2024-10-24T17:17:11.630+0000] {spark_submit.py:524} INFO - at org.apache.spark.sql.execution.datasources.FileFormatWriter$.executeWrite(FileFormatWriter.scala:304)
[2024-10-24T17:17:11.630+0000] {spark_submit.py:524} INFO - at org.apache.spark.sql.execution.datasources.FileFormatWriter$.write(FileFormatWriter.scala:190)
[2024-10-24T17:17:11.630+0000] {spark_submit.py:524} INFO - at org.apache.spark.sql.execution.datasources.InsertIntoHadoopFsRelationCommand.run(InsertIntoHadoopFsRelationCommand.scala:190)
[2024-10-24T17:17:11.631+0000] {spark_submit.py:524} INFO - at org.apache.spark.sql.execution.command.DataWritingCommandExec.sideEffectResult$lzycompute(commands.scala:113)
[2024-10-24T17:17:11.631+0000] {spark_submit.py:524} INFO - at org.apache.spark.sql.execution.command.DataWritingCommandExec.sideEffectResult(commands.scala:111)
[2024-10-24T17:17:11.631+0000] {spark_submit.py:524} INFO - at org.apache.spark.sql.execution.command.DataWritingCommandExec.executeCollect(commands.scala:125)
[2024-10-24T17:17:11.631+0000] {spark_submit.py:524} INFO - at org.apache.spark.sql.execution.QueryExecution$$anonfun$eagerlyExecuteCommands$1.$anonfun$applyOrElse$1(QueryExecution.scala:107)
[2024-10-24T17:17:11.631+0000] {spark_submit.py:524} INFO - at org.apache.spark.sql.execution.SQLExecution$.$anonfun$withNewExecutionId$6(SQLExecution.scala:125)
[2024-10-24T17:17:11.631+0000] {spark_submit.py:524} INFO - at org.apache.spark.sql.execution.SQLExecution$.withSQLConfPropagated(SQLExecution.scala:201)
[2024-10-24T17:17:11.631+0000] {spark_submit.py:524} INFO - at org.apache.spark.sql.execution.SQLExecution$.$anonfun$withNewExecutionId$1(SQLExecution.scala:108)
[2024-10-24T17:17:11.631+0000] {spark_submit.py:524} INFO - at org.apache.spark.sql.SparkSession.withActive(SparkSession.scala:900)
[2024-10-24T17:17:11.632+0000] {spark_submit.py:524} INFO - at org.apache.spark.sql.execution.SQLExecution$.withNewExecutionId(SQLExecution.scala:66)
[2024-10-24T17:17:11.632+0000] {spark_submit.py:524} INFO - at org.apache.spark.sql.execution.QueryExecution$$anonfun$eagerlyExecuteCommands$1.applyOrElse(QueryExecution.scala:107)
[2024-10-24T17:17:11.632+0000] {spark_submit.py:524} INFO - at org.apache.spark.sql.execution.QueryExecution$$anonfun$eagerlyExecuteCommands$1.applyOrElse(QueryExecution.scala:98)
[2024-10-24T17:17:11.632+0000] {spark_submit.py:524} INFO - at org.apache.spark.sql.catalyst.trees.TreeNode.$anonfun$transformDownWithPruning$1(TreeNode.scala:461)
[2024-10-24T17:17:11.632+0000] {spark_submit.py:524} INFO - at org.apache.spark.sql.catalyst.trees.CurrentOrigin$.withOrigin(origin.scala:76)
[2024-10-24T17:17:11.632+0000] {spark_submit.py:524} INFO - at org.apache.spark.sql.catalyst.trees.TreeNode.transformDownWithPruning(TreeNode.scala:461)
[2024-10-24T17:17:11.632+0000] {spark_submit.py:524} INFO - at org.apache.spark.sql.catalyst.plans.logical.LogicalPlan.org$apache$spark$sql$catalyst$plans$logical$AnalysisHelper$$super$transformDownWithPruning(LogicalPlan.scala:32)
[2024-10-24T17:17:11.633+0000] {spark_submit.py:524} INFO - at org.apache.spark.sql.catalyst.plans.logical.AnalysisHelper.transformDownWithPruning(AnalysisHelper.scala:267)
[2024-10-24T17:17:11.633+0000] {spark_submit.py:524} INFO - at org.apache.spark.sql.catalyst.plans.logical.AnalysisHelper.transformDownWithPruning$(AnalysisHelper.scala:263)
[2024-10-24T17:17:11.633+0000] {spark_submit.py:524} INFO - at org.apache.spark.sql.catalyst.plans.logical.LogicalPlan.transformDownWithPruning(LogicalPlan.scala:32)
[2024-10-24T17:17:11.633+0000] {spark_submit.py:524} INFO - at org.apache.spark.sql.catalyst.plans.logical.LogicalPlan.transformDownWithPruning(LogicalPlan.scala:32)
[2024-10-24T17:17:11.633+0000] {spark_submit.py:524} INFO - at org.apache.spark.sql.catalyst.trees.TreeNode.transformDown(TreeNode.scala:437)
[2024-10-24T17:17:11.633+0000] {spark_submit.py:524} INFO - at org.apache.spark.sql.execution.QueryExecution.eagerlyExecuteCommands(QueryExecution.scala:98)
[2024-10-24T17:17:11.633+0000] {spark_submit.py:524} INFO - at org.apache.spark.sql.execution.QueryExecution.commandExecuted$lzycompute(QueryExecution.scala:85)
[2024-10-24T17:17:11.633+0000] {spark_submit.py:524} INFO - at org.apache.spark.sql.execution.QueryExecution.commandExecuted(QueryExecution.scala:83)
[2024-10-24T17:17:11.634+0000] {spark_submit.py:524} INFO - at org.apache.spark.sql.execution.QueryExecution.assertCommandExecuted(QueryExecution.scala:142)
[2024-10-24T17:17:11.634+0000] {spark_submit.py:524} INFO - at org.apache.spark.sql.DataFrameWriter.runCommand(DataFrameWriter.scala:859)
[2024-10-24T17:17:11.634+0000] {spark_submit.py:524} INFO - at org.apache.spark.sql.DataFrameWriter.saveToV1Source(DataFrameWriter.scala:388)
[2024-10-24T17:17:11.634+0000] {spark_submit.py:524} INFO - at org.apache.spark.sql.DataFrameWriter.saveInternal(DataFrameWriter.scala:361)
[2024-10-24T17:17:11.634+0000] {spark_submit.py:524} INFO - at org.apache.spark.sql.DataFrameWriter.save(DataFrameWriter.scala:240)
[2024-10-24T17:17:11.634+0000] {spark_submit.py:524} INFO - at java.base/jdk.internal.reflect.NativeMethodAccessorImpl.invoke0(Native Method)
[2024-10-24T17:17:11.634+0000] {spark_submit.py:524} INFO - at java.base/jdk.internal.reflect.NativeMethodAccessorImpl.invoke(NativeMethodAccessorImpl.java:77)
[2024-10-24T17:17:11.635+0000] {spark_submit.py:524} INFO - at java.base/jdk.internal.reflect.DelegatingMethodAccessorImpl.invoke(DelegatingMethodAccessorImpl.java:43)
[2024-10-24T17:17:11.635+0000] {spark_submit.py:524} INFO - at java.base/java.lang.reflect.Method.invoke(Method.java:569)
[2024-10-24T17:17:11.635+0000] {spark_submit.py:524} INFO - at py4j.reflection.MethodInvoker.invoke(MethodInvoker.java:244)
[2024-10-24T17:17:11.635+0000] {spark_submit.py:524} INFO - at py4j.reflection.ReflectionEngine.invoke(ReflectionEngine.java:374)
[2024-10-24T17:17:11.635+0000] {spark_submit.py:524} INFO - at py4j.Gateway.invoke(Gateway.java:282)
[2024-10-24T17:17:11.635+0000] {spark_submit.py:524} INFO - at py4j.commands.AbstractCommand.invokeMethod(AbstractCommand.java:132)
[2024-10-24T17:17:11.635+0000] {spark_submit.py:524} INFO - at py4j.commands.CallCommand.execute(CallCommand.java:79)
[2024-10-24T17:17:11.635+0000] {spark_submit.py:524} INFO - at py4j.ClientServerConnection.waitForCommands(ClientServerConnection.java:182)
[2024-10-24T17:17:11.636+0000] {spark_submit.py:524} INFO - at py4j.ClientServerConnection.run(ClientServerConnection.java:106)
[2024-10-24T17:17:11.636+0000] {spark_submit.py:524} INFO - at java.base/java.lang.Thread.run(Thread.java:840)
[2024-10-24T17:17:11.636+0000] {spark_submit.py:524} INFO - 24/10/24 17:17:11 WARN FileUtil: Failed to delete file or dir [/opt/***/data-lake/silver/openbrewerydb/_temporary/0/task_202410241717093272551090340367923_0007_m_000000/country=United States/state=Virginia/part-00000-293127b4-653b-4b2b-b6ec-77a71618c0d6.c000.snappy.parquet]: it still exists.
[2024-10-24T17:17:11.636+0000] {spark_submit.py:524} INFO - 24/10/24 17:17:11 WARN FileUtil: Failed to delete file or dir [/opt/***/data-lake/silver/openbrewerydb/_temporary/0/task_202410241717093272551090340367923_0007_m_000000/country=United States/state=Virginia/.part-00000-293127b4-653b-4b2b-b6ec-77a71618c0d6.c000.snappy.parquet.crc]: it still exists.
[2024-10-24T17:17:11.636+0000] {spark_submit.py:524} INFO - 24/10/24 17:17:11 WARN FileUtil: Failed to delete file or dir [/opt/***/data-lake/silver/openbrewerydb/_temporary/0/task_202410241717093272551090340367923_0007_m_000000/country=United States/state=Illinois/part-00000-293127b4-653b-4b2b-b6ec-77a71618c0d6.c000.snappy.parquet]: it still exists.
[2024-10-24T17:17:11.636+0000] {spark_submit.py:524} INFO - 24/10/24 17:17:11 WARN FileUtil: Failed to delete file or dir [/opt/***/data-lake/silver/openbrewerydb/_temporary/0/task_202410241717093272551090340367923_0007_m_000000/country=United States/state=Illinois/.part-00000-293127b4-653b-4b2b-b6ec-77a71618c0d6.c000.snappy.parquet.crc]: it still exists.
[2024-10-24T17:17:11.636+0000] {spark_submit.py:524} INFO - 24/10/24 17:17:11 WARN FileUtil: Failed to delete file or dir [/opt/***/data-lake/silver/openbrewerydb/_temporary/0/task_202410241717093272551090340367923_0007_m_000000/country=United States/state=Vermont/part-00000-293127b4-653b-4b2b-b6ec-77a71618c0d6.c000.snappy.parquet]: it still exists.
[2024-10-24T17:17:11.637+0000] {spark_submit.py:524} INFO - 24/10/24 17:17:11 WARN FileUtil: Failed to delete file or dir [/opt/***/data-lake/silver/openbrewerydb/_temporary/0/task_202410241717093272551090340367923_0007_m_000000/country=United States/state=Vermont/.part-00000-293127b4-653b-4b2b-b6ec-77a71618c0d6.c000.snappy.parquet.crc]: it still exists.
[2024-10-24T17:17:11.637+0000] {spark_submit.py:524} INFO - 24/10/24 17:17:11 WARN FileUtil: Failed to delete file or dir [/opt/***/data-lake/silver/openbrewerydb/_temporary/0/task_202410241717093272551090340367923_0007_m_000000/country=United States/state=New York/part-00000-293127b4-653b-4b2b-b6ec-77a71618c0d6.c000.snappy.parquet]: it still exists.
[2024-10-24T17:17:11.637+0000] {spark_submit.py:524} INFO - 24/10/24 17:17:11 WARN FileUtil: Failed to delete file or dir [/opt/***/data-lake/silver/openbrewerydb/_temporary/0/task_202410241717093272551090340367923_0007_m_000000/country=United States/state=New York/.part-00000-293127b4-653b-4b2b-b6ec-77a71618c0d6.c000.snappy.parquet.crc]: it still exists.
[2024-10-24T17:17:11.637+0000] {spark_submit.py:524} INFO - 24/10/24 17:17:11 WARN FileUtil: Failed to delete file or dir [/opt/***/data-lake/silver/openbrewerydb/_temporary/0/task_202410241717093272551090340367923_0007_m_000000/country=United States/state=California/part-00000-293127b4-653b-4b2b-b6ec-77a71618c0d6.c000.snappy.parquet]: it still exists.
[2024-10-24T17:17:11.637+0000] {spark_submit.py:524} INFO - 24/10/24 17:17:11 WARN FileUtil: Failed to delete file or dir [/opt/***/data-lake/silver/openbrewerydb/_temporary/0/task_202410241717093272551090340367923_0007_m_000000/country=United States/state=California/.part-00000-293127b4-653b-4b2b-b6ec-77a71618c0d6.c000.snappy.parquet.crc]: it still exists.
[2024-10-24T17:17:11.637+0000] {spark_submit.py:524} INFO - 24/10/24 17:17:11 WARN FileUtil: Failed to delete file or dir [/opt/***/data-lake/silver/openbrewerydb/_temporary/0/task_202410241717093272551090340367923_0007_m_000000/country=United States/state=Michigan/part-00000-293127b4-653b-4b2b-b6ec-77a71618c0d6.c000.snappy.parquet]: it still exists.
[2024-10-24T17:17:11.637+0000] {spark_submit.py:524} INFO - 24/10/24 17:17:11 WARN FileUtil: Failed to delete file or dir [/opt/***/data-lake/silver/openbrewerydb/_temporary/0/task_202410241717093272551090340367923_0007_m_000000/country=United States/state=Michigan/.part-00000-293127b4-653b-4b2b-b6ec-77a71618c0d6.c000.snappy.parquet.crc]: it still exists.
[2024-10-24T17:17:11.638+0000] {spark_submit.py:524} INFO - 24/10/24 17:17:11 WARN FileUtil: Failed to delete file or dir [/opt/***/data-lake/silver/openbrewerydb/_temporary/0/task_202410241717093272551090340367923_0007_m_000000/country=United States/state=Colorado/part-00000-293127b4-653b-4b2b-b6ec-77a71618c0d6.c000.snappy.parquet]: it still exists.
[2024-10-24T17:17:11.638+0000] {spark_submit.py:524} INFO - 24/10/24 17:17:11 WARN FileUtil: Failed to delete file or dir [/opt/***/data-lake/silver/openbrewerydb/_temporary/0/task_202410241717093272551090340367923_0007_m_000000/country=United States/state=Colorado/.part-00000-293127b4-653b-4b2b-b6ec-77a71618c0d6.c000.snappy.parquet.crc]: it still exists.
[2024-10-24T17:17:11.638+0000] {spark_submit.py:524} INFO - 24/10/24 17:17:11 WARN FileUtil: Failed to delete file or dir [/opt/***/data-lake/silver/openbrewerydb/_temporary/0/task_202410241717093272551090340367923_0007_m_000000/country=United States/state=Maryland/part-00000-293127b4-653b-4b2b-b6ec-77a71618c0d6.c000.snappy.parquet]: it still exists.
[2024-10-24T17:17:11.638+0000] {spark_submit.py:524} INFO - 24/10/24 17:17:11 WARN FileUtil: Failed to delete file or dir [/opt/***/data-lake/silver/openbrewerydb/_temporary/0/task_202410241717093272551090340367923_0007_m_000000/country=United States/state=Maryland/.part-00000-293127b4-653b-4b2b-b6ec-77a71618c0d6.c000.snappy.parquet.crc]: it still exists.
[2024-10-24T17:17:11.638+0000] {spark_submit.py:524} INFO - 24/10/24 17:17:11 WARN FileUtil: Failed to delete file or dir [/opt/***/data-lake/silver/openbrewerydb/_temporary/0/task_202410241717093272551090340367923_0007_m_000000/country=United States/state=Pennsylvania/part-00000-293127b4-653b-4b2b-b6ec-77a71618c0d6.c000.snappy.parquet]: it still exists.
[2024-10-24T17:17:11.638+0000] {spark_submit.py:524} INFO - 24/10/24 17:17:11 WARN FileUtil: Failed to delete file or dir [/opt/***/data-lake/silver/openbrewerydb/_temporary/0/task_202410241717093272551090340367923_0007_m_000000/country=United States/state=Pennsylvania/.part-00000-293127b4-653b-4b2b-b6ec-77a71618c0d6.c000.snappy.parquet.crc]: it still exists.
[2024-10-24T17:17:11.639+0000] {spark_submit.py:524} INFO - 24/10/24 17:17:11 WARN FileUtil: Failed to delete file or dir [/opt/***/data-lake/silver/openbrewerydb/_temporary/0/task_202410241717093272551090340367923_0007_m_000000/country=United States/state=Mississippi/part-00000-293127b4-653b-4b2b-b6ec-77a71618c0d6.c000.snappy.parquet]: it still exists.
[2024-10-24T17:17:11.639+0000] {spark_submit.py:524} INFO - 24/10/24 17:17:11 WARN FileUtil: Failed to delete file or dir [/opt/***/data-lake/silver/openbrewerydb/_temporary/0/task_202410241717093272551090340367923_0007_m_000000/country=United States/state=Mississippi/.part-00000-293127b4-653b-4b2b-b6ec-77a71618c0d6.c000.snappy.parquet.crc]: it still exists.
[2024-10-24T17:17:11.639+0000] {spark_submit.py:524} INFO - 24/10/24 17:17:11 WARN FileUtil: Failed to delete file or dir [/opt/***/data-lake/silver/openbrewerydb/_temporary/0/task_202410241717093272551090340367923_0007_m_000000/country=United States/state=Indiana/part-00000-293127b4-653b-4b2b-b6ec-77a71618c0d6.c000.snappy.parquet]: it still exists.
[2024-10-24T17:17:11.639+0000] {spark_submit.py:524} INFO - 24/10/24 17:17:11 WARN FileUtil: Failed to delete file or dir [/opt/***/data-lake/silver/openbrewerydb/_temporary/0/task_202410241717093272551090340367923_0007_m_000000/country=United States/state=Indiana/.part-00000-293127b4-653b-4b2b-b6ec-77a71618c0d6.c000.snappy.parquet.crc]: it still exists.
[2024-10-24T17:17:11.639+0000] {spark_submit.py:524} INFO - 24/10/24 17:17:11 WARN FileUtil: Failed to delete file or dir [/opt/***/data-lake/silver/openbrewerydb/_temporary/0/task_202410241717093272551090340367923_0007_m_000000/country=United States/state=Idaho/part-00000-293127b4-653b-4b2b-b6ec-77a71618c0d6.c000.snappy.parquet]: it still exists.
[2024-10-24T17:17:11.639+0000] {spark_submit.py:524} INFO - 24/10/24 17:17:11 WARN FileUtil: Failed to delete file or dir [/opt/***/data-lake/silver/openbrewerydb/_temporary/0/task_202410241717093272551090340367923_0007_m_000000/country=United States/state=Idaho/.part-00000-293127b4-653b-4b2b-b6ec-77a71618c0d6.c000.snappy.parquet.crc]: it still exists.
[2024-10-24T17:17:11.640+0000] {spark_submit.py:524} INFO - 24/10/24 17:17:11 WARN FileUtil: Failed to delete file or dir [/opt/***/data-lake/silver/openbrewerydb/_temporary/0/task_202410241717093272551090340367923_0007_m_000000/country=United States/state=Ohio/part-00000-293127b4-653b-4b2b-b6ec-77a71618c0d6.c000.snappy.parquet]: it still exists.
[2024-10-24T17:17:11.640+0000] {spark_submit.py:524} INFO - 24/10/24 17:17:11 WARN FileUtil: Failed to delete file or dir [/opt/***/data-lake/silver/openbrewerydb/_temporary/0/task_202410241717093272551090340367923_0007_m_000000/country=United States/state=Ohio/.part-00000-293127b4-653b-4b2b-b6ec-77a71618c0d6.c000.snappy.parquet.crc]: it still exists.
[2024-10-24T17:17:11.640+0000] {spark_submit.py:524} INFO - 24/10/24 17:17:11 WARN FileUtil: Failed to delete file or dir [/opt/***/data-lake/silver/openbrewerydb/_temporary/0/task_202410241717093272551090340367923_0007_m_000000/country=United States/state=Oklahoma/part-00000-293127b4-653b-4b2b-b6ec-77a71618c0d6.c000.snappy.parquet]: it still exists.
[2024-10-24T17:17:11.640+0000] {spark_submit.py:524} INFO - 24/10/24 17:17:11 WARN FileUtil: Failed to delete file or dir [/opt/***/data-lake/silver/openbrewerydb/_temporary/0/task_202410241717093272551090340367923_0007_m_000000/country=United States/state=Oklahoma/.part-00000-293127b4-653b-4b2b-b6ec-77a71618c0d6.c000.snappy.parquet.crc]: it still exists.
[2024-10-24T17:17:11.640+0000] {spark_submit.py:524} INFO - 24/10/24 17:17:11 WARN FileUtil: Failed to delete file or dir [/opt/***/data-lake/silver/openbrewerydb/_temporary/0/task_202410241717093272551090340367923_0007_m_000000/country=United States/state=Delaware/part-00000-293127b4-653b-4b2b-b6ec-77a71618c0d6.c000.snappy.parquet]: it still exists.
[2024-10-24T17:17:11.640+0000] {spark_submit.py:524} INFO - 24/10/24 17:17:11 WARN FileUtil: Failed to delete file or dir [/opt/***/data-lake/silver/openbrewerydb/_temporary/0/task_202410241717093272551090340367923_0007_m_000000/country=United States/state=Delaware/.part-00000-293127b4-653b-4b2b-b6ec-77a71618c0d6.c000.snappy.parquet.crc]: it still exists.
[2024-10-24T17:17:11.640+0000] {spark_submit.py:524} INFO - 24/10/24 17:17:11 WARN FileUtil: Failed to delete file or dir [/opt/***/data-lake/silver/openbrewerydb/_temporary/0/task_202410241717093272551090340367923_0007_m_000000/country=United States/state=Arizona/part-00000-293127b4-653b-4b2b-b6ec-77a71618c0d6.c000.snappy.parquet]: it still exists.
[2024-10-24T17:17:11.641+0000] {spark_submit.py:524} INFO - 24/10/24 17:17:11 WARN FileUtil: Failed to delete file or dir [/opt/***/data-lake/silver/openbrewerydb/_temporary/0/task_202410241717093272551090340367923_0007_m_000000/country=United States/state=Arizona/.part-00000-293127b4-653b-4b2b-b6ec-77a71618c0d6.c000.snappy.parquet.crc]: it still exists.
[2024-10-24T17:17:11.641+0000] {spark_submit.py:524} INFO - 24/10/24 17:17:11 WARN FileUtil: Failed to delete file or dir [/opt/***/data-lake/silver/openbrewerydb/_temporary/0/task_202410241717093272551090340367923_0007_m_000000/country=United States/state=Texas/part-00000-293127b4-653b-4b2b-b6ec-77a71618c0d6.c000.snappy.parquet]: it still exists.
[2024-10-24T17:17:11.641+0000] {spark_submit.py:524} INFO - 24/10/24 17:17:11 WARN FileUtil: Failed to delete file or dir [/opt/***/data-lake/silver/openbrewerydb/_temporary/0/task_202410241717093272551090340367923_0007_m_000000/country=United States/state=Texas/.part-00000-293127b4-653b-4b2b-b6ec-77a71618c0d6.c000.snappy.parquet.crc]: it still exists.
[2024-10-24T17:17:11.641+0000] {spark_submit.py:524} INFO - 24/10/24 17:17:11 WARN FileUtil: Failed to delete file or dir [/opt/***/data-lake/silver/openbrewerydb/_temporary/0/task_202410241717093272551090340367923_0007_m_000000/country=United States/state=North Carolina/part-00000-293127b4-653b-4b2b-b6ec-77a71618c0d6.c000.snappy.parquet]: it still exists.
[2024-10-24T17:17:11.641+0000] {spark_submit.py:524} INFO - 24/10/24 17:17:11 WARN FileUtil: Failed to delete file or dir [/opt/***/data-lake/silver/openbrewerydb/_temporary/0/task_202410241717093272551090340367923_0007_m_000000/country=United States/state=North Carolina/.part-00000-293127b4-653b-4b2b-b6ec-77a71618c0d6.c000.snappy.parquet.crc]: it still exists.
[2024-10-24T17:17:11.641+0000] {spark_submit.py:524} INFO - 24/10/24 17:17:11 WARN FileUtil: Failed to delete file or dir [/opt/***/data-lake/silver/openbrewerydb/_temporary/0/task_202410241717093272551090340367923_0007_m_000000/country=United States/state=Massachusetts/part-00000-293127b4-653b-4b2b-b6ec-77a71618c0d6.c000.snappy.parquet]: it still exists.
[2024-10-24T17:17:11.642+0000] {spark_submit.py:524} INFO - 24/10/24 17:17:11 WARN FileUtil: Failed to delete file or dir [/opt/***/data-lake/silver/openbrewerydb/_temporary/0/task_202410241717093272551090340367923_0007_m_000000/country=United States/state=Massachusetts/.part-00000-293127b4-653b-4b2b-b6ec-77a71618c0d6.c000.snappy.parquet.crc]: it still exists.
[2024-10-24T17:17:11.642+0000] {spark_submit.py:524} INFO - 24/10/24 17:17:11 WARN FileUtil: Failed to delete file or dir [/opt/***/data-lake/silver/openbrewerydb/_temporary/0/task_202410241717093272551090340367923_0007_m_000000/country=United States/state=Oregon/part-00000-293127b4-653b-4b2b-b6ec-77a71618c0d6.c000.snappy.parquet]: it still exists.
[2024-10-24T17:17:11.642+0000] {spark_submit.py:524} INFO - 24/10/24 17:17:11 WARN FileUtil: Failed to delete file or dir [/opt/***/data-lake/silver/openbrewerydb/_temporary/0/task_202410241717093272551090340367923_0007_m_000000/country=United States/state=Oregon/.part-00000-293127b4-653b-4b2b-b6ec-77a71618c0d6.c000.snappy.parquet.crc]: it still exists.
[2024-10-24T17:17:11.642+0000] {spark_submit.py:524} INFO - 24/10/24 17:17:11 WARN FileUtil: Failed to delete file or dir [/opt/***/data-lake/silver/openbrewerydb/_temporary/0/task_202410241717093272551090340367923_0007_m_000000/country=United States/state=Nevada/part-00000-293127b4-653b-4b2b-b6ec-77a71618c0d6.c000.snappy.parquet]: it still exists.
[2024-10-24T17:17:11.642+0000] {spark_submit.py:524} INFO - 24/10/24 17:17:11 WARN FileUtil: Failed to delete file or dir [/opt/***/data-lake/silver/openbrewerydb/_temporary/0/task_202410241717093272551090340367923_0007_m_000000/country=United States/state=Nevada/.part-00000-293127b4-653b-4b2b-b6ec-77a71618c0d6.c000.snappy.parquet.crc]: it still exists.
[2024-10-24T17:17:11.642+0000] {spark_submit.py:524} INFO - 24/10/24 17:17:11 WARN FileUtil: Failed to delete file or dir [/opt/***/data-lake/silver/openbrewerydb/_temporary/0/task_202410241717093272551090340367923_0007_m_000000/country=United States/state=Wisconsin/part-00000-293127b4-653b-4b2b-b6ec-77a71618c0d6.c000.snappy.parquet]: it still exists.
[2024-10-24T17:17:11.643+0000] {spark_submit.py:524} INFO - 24/10/24 17:17:11 WARN FileUtil: Failed to delete file or dir [/opt/***/data-lake/silver/openbrewerydb/_temporary/0/task_202410241717093272551090340367923_0007_m_000000/country=United States/state=Wisconsin/.part-00000-293127b4-653b-4b2b-b6ec-77a71618c0d6.c000.snappy.parquet.crc]: it still exists.
[2024-10-24T17:17:11.643+0000] {spark_submit.py:524} INFO - 24/10/24 17:17:11 WARN FileUtil: Failed to delete file or dir [/opt/***/data-lake/silver/openbrewerydb/_temporary/0/task_202410241717093272551090340367923_0007_m_000000/country=United States/state=Washington/part-00000-293127b4-653b-4b2b-b6ec-77a71618c0d6.c000.snappy.parquet]: it still exists.
[2024-10-24T17:17:11.643+0000] {spark_submit.py:524} INFO - 24/10/24 17:17:11 WARN FileUtil: Failed to delete file or dir [/opt/***/data-lake/silver/openbrewerydb/_temporary/0/task_202410241717093272551090340367923_0007_m_000000/country=United States/state=Washington/.part-00000-293127b4-653b-4b2b-b6ec-77a71618c0d6.c000.snappy.parquet.crc]: it still exists.
[2024-10-24T17:17:11.643+0000] {spark_submit.py:524} INFO - 24/10/24 17:17:11 WARN FileUtil: Failed to delete file or dir [/opt/***/data-lake/silver/openbrewerydb/_temporary/0/task_202410241717093272551090340367923_0007_m_000000/country=United States/state=South Carolina/part-00000-293127b4-653b-4b2b-b6ec-77a71618c0d6.c000.snappy.parquet]: it still exists.
[2024-10-24T17:17:11.643+0000] {spark_submit.py:524} INFO - 24/10/24 17:17:11 WARN FileUtil: Failed to delete file or dir [/opt/***/data-lake/silver/openbrewerydb/_temporary/0/task_202410241717093272551090340367923_0007_m_000000/country=United States/state=South Carolina/.part-00000-293127b4-653b-4b2b-b6ec-77a71618c0d6.c000.snappy.parquet.crc]: it still exists.
[2024-10-24T17:17:11.643+0000] {spark_submit.py:524} INFO - 24/10/24 17:17:11 WARN FileUtil: Failed to delete file or dir [/opt/***/data-lake/silver/openbrewerydb/_temporary/0/task_202410241717093272551090340367923_0007_m_000000/country=United States/state=Minnesota/part-00000-293127b4-653b-4b2b-b6ec-77a71618c0d6.c000.snappy.parquet]: it still exists.
[2024-10-24T17:17:11.643+0000] {spark_submit.py:524} INFO - 24/10/24 17:17:11 WARN FileUtil: Failed to delete file or dir [/opt/***/data-lake/silver/openbrewerydb/_temporary/0/task_202410241717093272551090340367923_0007_m_000000/country=United States/state=Minnesota/.part-00000-293127b4-653b-4b2b-b6ec-77a71618c0d6.c000.snappy.parquet.crc]: it still exists.
[2024-10-24T17:17:11.643+0000] {spark_submit.py:524} INFO - 24/10/24 17:17:11 WARN FileUtil: Failed to delete file or dir [/opt/***/data-lake/silver/openbrewerydb/_temporary/0/task_202410241717093272551090340367923_0007_m_000000/country=United States/state=Iowa/part-00000-293127b4-653b-4b2b-b6ec-77a71618c0d6.c000.snappy.parquet]: it still exists.
[2024-10-24T17:17:11.644+0000] {spark_submit.py:524} INFO - 24/10/24 17:17:11 WARN FileUtil: Failed to delete file or dir [/opt/***/data-lake/silver/openbrewerydb/_temporary/0/task_202410241717093272551090340367923_0007_m_000000/country=United States/state=Iowa/.part-00000-293127b4-653b-4b2b-b6ec-77a71618c0d6.c000.snappy.parquet.crc]: it still exists.
[2024-10-24T17:17:11.644+0000] {spark_submit.py:524} INFO - 24/10/24 17:17:11 WARN FileUtil: Failed to delete file or dir [/opt/***/data-lake/silver/openbrewerydb/_temporary/0/task_202410241717093272551090340367923_0007_m_000000/country=Ireland/state=Laois/part-00000-293127b4-653b-4b2b-b6ec-77a71618c0d6.c000.snappy.parquet]: it still exists.
[2024-10-24T17:17:11.644+0000] {spark_submit.py:524} INFO - 24/10/24 17:17:11 WARN FileUtil: Failed to delete file or dir [/opt/***/data-lake/silver/openbrewerydb/_temporary/0/task_202410241717093272551090340367923_0007_m_000000/country=Ireland/state=Laois/.part-00000-293127b4-653b-4b2b-b6ec-77a71618c0d6.c000.snappy.parquet.crc]: it still exists.
[2024-10-24T17:17:11.672+0000] {spark_submit.py:524} INFO - Uma exceo ocorreu durante a leitura dos dados da camada bronze: An error occurred while calling o33.save.
[2024-10-24T17:17:11.672+0000] {spark_submit.py:524} INFO - : java.io.IOException: Failed to rename DeprecatedRawLocalFileStatus{path=file:/opt/***/data-lake/silver/openbrewerydb/_temporary/0/task_202410241717093272551090340367923_0007_m_000000/country=United States/state=Virginia/part-00000-293127b4-653b-4b2b-b6ec-77a71618c0d6.c000.snappy.parquet; isDirectory=false; length=4125; replication=1; blocksize=33554432; modification_time=1729790231458; access_time=1729790231450; owner=; group=; permission=rw-rw-rw-; isSymlink=false; hasAcl=false; isEncrypted=false; isErasureCoded=false} to file:/opt/***/data-lake/silver/openbrewerydb/country=United States/state=Virginia/part-00000-293127b4-653b-4b2b-b6ec-77a71618c0d6.c000.snappy.parquet
[2024-10-24T17:17:11.673+0000] {spark_submit.py:524} INFO - at org.apache.hadoop.mapreduce.lib.output.FileOutputCommitter.mergePaths(FileOutputCommitter.java:477)
[2024-10-24T17:17:11.673+0000] {spark_submit.py:524} INFO - at org.apache.hadoop.mapreduce.lib.output.FileOutputCommitter.mergePaths(FileOutputCommitter.java:490)
[2024-10-24T17:17:11.673+0000] {spark_submit.py:524} INFO - at org.apache.hadoop.mapreduce.lib.output.FileOutputCommitter.mergePaths(FileOutputCommitter.java:490)
[2024-10-24T17:17:11.673+0000] {spark_submit.py:524} INFO - at org.apache.hadoop.mapreduce.lib.output.FileOutputCommitter.mergePaths(FileOutputCommitter.java:490)
[2024-10-24T17:17:11.673+0000] {spark_submit.py:524} INFO - at org.apache.hadoop.mapreduce.lib.output.FileOutputCommitter.commitJobInternal(FileOutputCommitter.java:405)
[2024-10-24T17:17:11.673+0000] {spark_submit.py:524} INFO - at org.apache.hadoop.mapreduce.lib.output.FileOutputCommitter.commitJob(FileOutputCommitter.java:377)
[2024-10-24T17:17:11.673+0000] {spark_submit.py:524} INFO - at org.apache.parquet.hadoop.ParquetOutputCommitter.commitJob(ParquetOutputCommitter.java:48)
[2024-10-24T17:17:11.673+0000] {spark_submit.py:524} INFO - at org.apache.spark.internal.io.HadoopMapReduceCommitProtocol.commitJob(HadoopMapReduceCommitProtocol.scala:192)
[2024-10-24T17:17:11.673+0000] {spark_submit.py:524} INFO - at org.apache.spark.sql.execution.datasources.FileFormatWriter$.$anonfun$writeAndCommit$3(FileFormatWriter.scala:275)
[2024-10-24T17:17:11.673+0000] {spark_submit.py:524} INFO - at scala.runtime.java8.JFunction0$mcV$sp.apply(JFunction0$mcV$sp.java:23)
[2024-10-24T17:17:11.674+0000] {spark_submit.py:524} INFO - at org.apache.spark.util.Utils$.timeTakenMs(Utils.scala:552)
[2024-10-24T17:17:11.674+0000] {spark_submit.py:524} INFO - at org.apache.spark.sql.execution.datasources.FileFormatWriter$.writeAndCommit(FileFormatWriter.scala:275)
[2024-10-24T17:17:11.674+0000] {spark_submit.py:524} INFO - at org.apache.spark.sql.execution.datasources.FileFormatWriter$.executeWrite(FileFormatWriter.scala:304)
[2024-10-24T17:17:11.674+0000] {spark_submit.py:524} INFO - at org.apache.spark.sql.execution.datasources.FileFormatWriter$.write(FileFormatWriter.scala:190)
[2024-10-24T17:17:11.674+0000] {spark_submit.py:524} INFO - at org.apache.spark.sql.execution.datasources.InsertIntoHadoopFsRelationCommand.run(InsertIntoHadoopFsRelationCommand.scala:190)
[2024-10-24T17:17:11.674+0000] {spark_submit.py:524} INFO - at org.apache.spark.sql.execution.command.DataWritingCommandExec.sideEffectResult$lzycompute(commands.scala:113)
[2024-10-24T17:17:11.674+0000] {spark_submit.py:524} INFO - at org.apache.spark.sql.execution.command.DataWritingCommandExec.sideEffectResult(commands.scala:111)
[2024-10-24T17:17:11.674+0000] {spark_submit.py:524} INFO - at org.apache.spark.sql.execution.command.DataWritingCommandExec.executeCollect(commands.scala:125)
[2024-10-24T17:17:11.674+0000] {spark_submit.py:524} INFO - at org.apache.spark.sql.execution.QueryExecution$$anonfun$eagerlyExecuteCommands$1.$anonfun$applyOrElse$1(QueryExecution.scala:107)
[2024-10-24T17:17:11.674+0000] {spark_submit.py:524} INFO - at org.apache.spark.sql.execution.SQLExecution$.$anonfun$withNewExecutionId$6(SQLExecution.scala:125)
[2024-10-24T17:17:11.674+0000] {spark_submit.py:524} INFO - at org.apache.spark.sql.execution.SQLExecution$.withSQLConfPropagated(SQLExecution.scala:201)
[2024-10-24T17:17:11.674+0000] {spark_submit.py:524} INFO - at org.apache.spark.sql.execution.SQLExecution$.$anonfun$withNewExecutionId$1(SQLExecution.scala:108)
[2024-10-24T17:17:11.675+0000] {spark_submit.py:524} INFO - at org.apache.spark.sql.SparkSession.withActive(SparkSession.scala:900)
[2024-10-24T17:17:11.675+0000] {spark_submit.py:524} INFO - at org.apache.spark.sql.execution.SQLExecution$.withNewExecutionId(SQLExecution.scala:66)
[2024-10-24T17:17:11.675+0000] {spark_submit.py:524} INFO - at org.apache.spark.sql.execution.QueryExecution$$anonfun$eagerlyExecuteCommands$1.applyOrElse(QueryExecution.scala:107)
[2024-10-24T17:17:11.675+0000] {spark_submit.py:524} INFO - at org.apache.spark.sql.execution.QueryExecution$$anonfun$eagerlyExecuteCommands$1.applyOrElse(QueryExecution.scala:98)
[2024-10-24T17:17:11.675+0000] {spark_submit.py:524} INFO - at org.apache.spark.sql.catalyst.trees.TreeNode.$anonfun$transformDownWithPruning$1(TreeNode.scala:461)
[2024-10-24T17:17:11.675+0000] {spark_submit.py:524} INFO - at org.apache.spark.sql.catalyst.trees.CurrentOrigin$.withOrigin(origin.scala:76)
[2024-10-24T17:17:11.675+0000] {spark_submit.py:524} INFO - at org.apache.spark.sql.catalyst.trees.TreeNode.transformDownWithPruning(TreeNode.scala:461)
[2024-10-24T17:17:11.675+0000] {spark_submit.py:524} INFO - at org.apache.spark.sql.catalyst.plans.logical.LogicalPlan.org$apache$spark$sql$catalyst$plans$logical$AnalysisHelper$$super$transformDownWithPruning(LogicalPlan.scala:32)
[2024-10-24T17:17:11.675+0000] {spark_submit.py:524} INFO - at org.apache.spark.sql.catalyst.plans.logical.AnalysisHelper.transformDownWithPruning(AnalysisHelper.scala:267)
[2024-10-24T17:17:11.675+0000] {spark_submit.py:524} INFO - at org.apache.spark.sql.catalyst.plans.logical.AnalysisHelper.transformDownWithPruning$(AnalysisHelper.scala:263)
[2024-10-24T17:17:11.676+0000] {spark_submit.py:524} INFO - at org.apache.spark.sql.catalyst.plans.logical.LogicalPlan.transformDownWithPruning(LogicalPlan.scala:32)
[2024-10-24T17:17:11.676+0000] {spark_submit.py:524} INFO - at org.apache.spark.sql.catalyst.plans.logical.LogicalPlan.transformDownWithPruning(LogicalPlan.scala:32)
[2024-10-24T17:17:11.676+0000] {spark_submit.py:524} INFO - at org.apache.spark.sql.catalyst.trees.TreeNode.transformDown(TreeNode.scala:437)
[2024-10-24T17:17:11.676+0000] {spark_submit.py:524} INFO - at org.apache.spark.sql.execution.QueryExecution.eagerlyExecuteCommands(QueryExecution.scala:98)
[2024-10-24T17:17:11.676+0000] {spark_submit.py:524} INFO - at org.apache.spark.sql.execution.QueryExecution.commandExecuted$lzycompute(QueryExecution.scala:85)
[2024-10-24T17:17:11.676+0000] {spark_submit.py:524} INFO - at org.apache.spark.sql.execution.QueryExecution.commandExecuted(QueryExecution.scala:83)
[2024-10-24T17:17:11.676+0000] {spark_submit.py:524} INFO - at org.apache.spark.sql.execution.QueryExecution.assertCommandExecuted(QueryExecution.scala:142)
[2024-10-24T17:17:11.676+0000] {spark_submit.py:524} INFO - at org.apache.spark.sql.DataFrameWriter.runCommand(DataFrameWriter.scala:859)
[2024-10-24T17:17:11.676+0000] {spark_submit.py:524} INFO - at org.apache.spark.sql.DataFrameWriter.saveToV1Source(DataFrameWriter.scala:388)
[2024-10-24T17:17:11.676+0000] {spark_submit.py:524} INFO - at org.apache.spark.sql.DataFrameWriter.saveInternal(DataFrameWriter.scala:361)
[2024-10-24T17:17:11.677+0000] {spark_submit.py:524} INFO - at org.apache.spark.sql.DataFrameWriter.save(DataFrameWriter.scala:240)
[2024-10-24T17:17:11.677+0000] {spark_submit.py:524} INFO - at java.base/jdk.internal.reflect.NativeMethodAccessorImpl.invoke0(Native Method)
[2024-10-24T17:17:11.677+0000] {spark_submit.py:524} INFO - at java.base/jdk.internal.reflect.NativeMethodAccessorImpl.invoke(NativeMethodAccessorImpl.java:77)
[2024-10-24T17:17:11.677+0000] {spark_submit.py:524} INFO - at java.base/jdk.internal.reflect.DelegatingMethodAccessorImpl.invoke(DelegatingMethodAccessorImpl.java:43)
[2024-10-24T17:17:11.677+0000] {spark_submit.py:524} INFO - at java.base/java.lang.reflect.Method.invoke(Method.java:569)
[2024-10-24T17:17:11.677+0000] {spark_submit.py:524} INFO - at py4j.reflection.MethodInvoker.invoke(MethodInvoker.java:244)
[2024-10-24T17:17:11.677+0000] {spark_submit.py:524} INFO - at py4j.reflection.ReflectionEngine.invoke(ReflectionEngine.java:374)
[2024-10-24T17:17:11.678+0000] {spark_submit.py:524} INFO - at py4j.Gateway.invoke(Gateway.java:282)
[2024-10-24T17:17:11.678+0000] {spark_submit.py:524} INFO - at py4j.commands.AbstractCommand.invokeMethod(AbstractCommand.java:132)
[2024-10-24T17:17:11.678+0000] {spark_submit.py:524} INFO - at py4j.commands.CallCommand.execute(CallCommand.java:79)
[2024-10-24T17:17:11.678+0000] {spark_submit.py:524} INFO - at py4j.ClientServerConnection.waitForCommands(ClientServerConnection.java:182)
[2024-10-24T17:17:11.678+0000] {spark_submit.py:524} INFO - at py4j.ClientServerConnection.run(ClientServerConnection.java:106)
[2024-10-24T17:17:11.678+0000] {spark_submit.py:524} INFO - at java.base/java.lang.Thread.run(Thread.java:840)
[2024-10-24T17:17:11.678+0000] {spark_submit.py:524} INFO - 
[2024-10-24T17:17:11.678+0000] {spark_submit.py:524} INFO - 24/10/24 17:17:11 INFO SparkContext: SparkContext is stopping with exitCode 0.
[2024-10-24T17:17:11.683+0000] {spark_submit.py:524} INFO - 24/10/24 17:17:11 INFO SparkUI: Stopped Spark web UI at http://e995fa603d7f:4040
[2024-10-24T17:17:11.687+0000] {spark_submit.py:524} INFO - 24/10/24 17:17:11 INFO StandaloneSchedulerBackend: Shutting down all executors
[2024-10-24T17:17:11.688+0000] {spark_submit.py:524} INFO - 24/10/24 17:17:11 INFO StandaloneSchedulerBackend$StandaloneDriverEndpoint: Asking each executor to shut down
[2024-10-24T17:17:11.716+0000] {spark_submit.py:524} INFO - 24/10/24 17:17:11 INFO MapOutputTrackerMasterEndpoint: MapOutputTrackerMasterEndpoint stopped!
[2024-10-24T17:17:11.737+0000] {spark_submit.py:524} INFO - 24/10/24 17:17:11 INFO MemoryStore: MemoryStore cleared
[2024-10-24T17:17:11.737+0000] {spark_submit.py:524} INFO - 24/10/24 17:17:11 INFO BlockManager: BlockManager stopped
[2024-10-24T17:17:11.740+0000] {spark_submit.py:524} INFO - 24/10/24 17:17:11 INFO BlockManagerMaster: BlockManagerMaster stopped
[2024-10-24T17:17:11.744+0000] {spark_submit.py:524} INFO - 24/10/24 17:17:11 INFO OutputCommitCoordinator$OutputCommitCoordinatorEndpoint: OutputCommitCoordinator stopped!
[2024-10-24T17:17:11.758+0000] {spark_submit.py:524} INFO - 24/10/24 17:17:11 INFO SparkContext: Successfully stopped SparkContext
[2024-10-24T17:17:12.243+0000] {spark_submit.py:524} INFO - 24/10/24 17:17:12 INFO ShutdownHookManager: Shutdown hook called
[2024-10-24T17:17:12.244+0000] {spark_submit.py:524} INFO - 24/10/24 17:17:12 INFO ShutdownHookManager: Deleting directory /tmp/spark-e5e688f3-2df8-420b-a04a-29a76dec7225/pyspark-10327cf6-fa03-4c6d-beef-96d0de18dd93
[2024-10-24T17:17:12.250+0000] {spark_submit.py:524} INFO - 24/10/24 17:17:12 INFO ShutdownHookManager: Deleting directory /tmp/spark-1f2b3aa1-4b91-451b-b25b-f770c6a7cf07
[2024-10-24T17:17:12.257+0000] {spark_submit.py:524} INFO - 24/10/24 17:17:12 INFO ShutdownHookManager: Deleting directory /tmp/spark-e5e688f3-2df8-420b-a04a-29a76dec7225
[2024-10-24T17:17:12.327+0000] {taskinstance.py:1398} INFO - Marking task as SUCCESS. dag_id=api_openbrewerydb_to_silver_gold, task_id=Silver, execution_date=20241024T171655, start_date=20241024T171656, end_date=20241024T171712
[2024-10-24T17:17:12.381+0000] {local_task_job_runner.py:228} INFO - Task exited with return code 0
[2024-10-24T17:17:12.427+0000] {taskinstance.py:2776} INFO - 1 downstream tasks scheduled from follow-on schedule check
