[2024-10-24T18:25:23.119+0000] {taskinstance.py:1157} INFO - Dependencies all met for dep_context=non-requeueable deps ti=<TaskInstance: api_openbrewerydb_to_silver_gold.Silver manual__2024-10-24T18:25:22.150954+00:00 [queued]>
[2024-10-24T18:25:23.127+0000] {taskinstance.py:1157} INFO - Dependencies all met for dep_context=requeueable deps ti=<TaskInstance: api_openbrewerydb_to_silver_gold.Silver manual__2024-10-24T18:25:22.150954+00:00 [queued]>
[2024-10-24T18:25:23.127+0000] {taskinstance.py:1359} INFO - Starting attempt 1 of 2
[2024-10-24T18:25:23.138+0000] {taskinstance.py:1380} INFO - Executing <Task(SparkSubmitOperator): Silver> on 2024-10-24 18:25:22.150954+00:00
[2024-10-24T18:25:23.142+0000] {standard_task_runner.py:57} INFO - Started process 1606 to run task
[2024-10-24T18:25:23.145+0000] {standard_task_runner.py:84} INFO - Running: ['***', 'tasks', 'run', 'api_openbrewerydb_to_silver_gold', 'Silver', 'manual__2024-10-24T18:25:22.150954+00:00', '--job-id', '180', '--raw', '--subdir', 'DAGS_FOLDER/api_openbrewerydb_to_silver_gold.py', '--cfg-path', '/tmp/tmp6yzspv_n']
[2024-10-24T18:25:23.147+0000] {standard_task_runner.py:85} INFO - Job 180: Subtask Silver
[2024-10-24T18:25:23.194+0000] {task_command.py:415} INFO - Running <TaskInstance: api_openbrewerydb_to_silver_gold.Silver manual__2024-10-24T18:25:22.150954+00:00 [running]> on host f55139681ae8
[2024-10-24T18:25:23.280+0000] {taskinstance.py:1660} INFO - Exporting env vars: AIRFLOW_CTX_DAG_OWNER='Rodrigo Araujo' AIRFLOW_CTX_DAG_ID='api_openbrewerydb_to_silver_gold' AIRFLOW_CTX_TASK_ID='Silver' AIRFLOW_CTX_EXECUTION_DATE='2024-10-24T18:25:22.150954+00:00' AIRFLOW_CTX_TRY_NUMBER='1' AIRFLOW_CTX_DAG_RUN_ID='manual__2024-10-24T18:25:22.150954+00:00'
[2024-10-24T18:25:23.292+0000] {base.py:73} INFO - Using connection ID 'spark-conn' for task execution.
[2024-10-24T18:25:23.292+0000] {spark_submit.py:363} INFO - Spark-Submit cmd: spark-submit --master spark://spark-master:7077 --name arrow-spark jobs/silver/api_openbrewerydb.py
[2024-10-24T18:25:25.403+0000] {spark_submit.py:524} INFO - 24/10/24 18:25:25 INFO SparkContext: Running Spark version 3.5.0
[2024-10-24T18:25:25.405+0000] {spark_submit.py:524} INFO - 24/10/24 18:25:25 INFO SparkContext: OS info Linux, 5.15.0-124-generic, amd64
[2024-10-24T18:25:25.405+0000] {spark_submit.py:524} INFO - 24/10/24 18:25:25 INFO SparkContext: Java version 17.0.13
[2024-10-24T18:25:25.451+0000] {spark_submit.py:524} INFO - 24/10/24 18:25:25 WARN NativeCodeLoader: Unable to load native-hadoop library for your platform... using builtin-java classes where applicable
[2024-10-24T18:25:25.523+0000] {spark_submit.py:524} INFO - 24/10/24 18:25:25 INFO ResourceUtils: ==============================================================
[2024-10-24T18:25:25.524+0000] {spark_submit.py:524} INFO - 24/10/24 18:25:25 INFO ResourceUtils: No custom resources configured for spark.driver.
[2024-10-24T18:25:25.524+0000] {spark_submit.py:524} INFO - 24/10/24 18:25:25 INFO ResourceUtils: ==============================================================
[2024-10-24T18:25:25.525+0000] {spark_submit.py:524} INFO - 24/10/24 18:25:25 INFO SparkContext: Submitted application: IngestaoSilver
[2024-10-24T18:25:25.543+0000] {spark_submit.py:524} INFO - 24/10/24 18:25:25 INFO ResourceProfile: Default ResourceProfile created, executor resources: Map(memory -> name: memory, amount: 1024, script: , vendor: , offHeap -> name: offHeap, amount: 0, script: , vendor: ), task resources: Map(cpus -> name: cpus, amount: 1.0)
[2024-10-24T18:25:25.551+0000] {spark_submit.py:524} INFO - 24/10/24 18:25:25 INFO ResourceProfile: Limiting resource is cpu
[2024-10-24T18:25:25.552+0000] {spark_submit.py:524} INFO - 24/10/24 18:25:25 INFO ResourceProfileManager: Added ResourceProfile id: 0
[2024-10-24T18:25:25.603+0000] {spark_submit.py:524} INFO - 24/10/24 18:25:25 INFO SecurityManager: Changing view acls to: root
[2024-10-24T18:25:25.603+0000] {spark_submit.py:524} INFO - 24/10/24 18:25:25 INFO SecurityManager: Changing modify acls to: root
[2024-10-24T18:25:25.604+0000] {spark_submit.py:524} INFO - 24/10/24 18:25:25 INFO SecurityManager: Changing view acls groups to:
[2024-10-24T18:25:25.605+0000] {spark_submit.py:524} INFO - 24/10/24 18:25:25 INFO SecurityManager: Changing modify acls groups to:
[2024-10-24T18:25:25.605+0000] {spark_submit.py:524} INFO - 24/10/24 18:25:25 INFO SecurityManager: SecurityManager: authentication disabled; ui acls disabled; users with view permissions: root; groups with view permissions: EMPTY; users with modify permissions: root; groups with modify permissions: EMPTY
[2024-10-24T18:25:25.820+0000] {spark_submit.py:524} INFO - 24/10/24 18:25:25 INFO Utils: Successfully started service 'sparkDriver' on port 33425.
[2024-10-24T18:25:25.844+0000] {spark_submit.py:524} INFO - 24/10/24 18:25:25 INFO SparkEnv: Registering MapOutputTracker
[2024-10-24T18:25:25.876+0000] {spark_submit.py:524} INFO - 24/10/24 18:25:25 INFO SparkEnv: Registering BlockManagerMaster
[2024-10-24T18:25:25.893+0000] {spark_submit.py:524} INFO - 24/10/24 18:25:25 INFO BlockManagerMasterEndpoint: Using org.apache.spark.storage.DefaultTopologyMapper for getting topology information
[2024-10-24T18:25:25.894+0000] {spark_submit.py:524} INFO - 24/10/24 18:25:25 INFO BlockManagerMasterEndpoint: BlockManagerMasterEndpoint up
[2024-10-24T18:25:25.898+0000] {spark_submit.py:524} INFO - 24/10/24 18:25:25 INFO SparkEnv: Registering BlockManagerMasterHeartbeat
[2024-10-24T18:25:25.914+0000] {spark_submit.py:524} INFO - 24/10/24 18:25:25 INFO DiskBlockManager: Created local directory at /tmp/blockmgr-a762df9b-c808-4877-9c1e-b0edb84c011c
[2024-10-24T18:25:25.926+0000] {spark_submit.py:524} INFO - 24/10/24 18:25:25 INFO MemoryStore: MemoryStore started with capacity 434.4 MiB
[2024-10-24T18:25:25.940+0000] {spark_submit.py:524} INFO - 24/10/24 18:25:25 INFO SparkEnv: Registering OutputCommitCoordinator
[2024-10-24T18:25:26.073+0000] {spark_submit.py:524} INFO - 24/10/24 18:25:26 INFO JettyUtils: Start Jetty 0.0.0.0:4040 for SparkUI
[2024-10-24T18:25:26.124+0000] {spark_submit.py:524} INFO - 24/10/24 18:25:26 INFO Utils: Successfully started service 'SparkUI' on port 4040.
[2024-10-24T18:25:26.233+0000] {spark_submit.py:524} INFO - 24/10/24 18:25:26 INFO StandaloneAppClient$ClientEndpoint: Connecting to master spark://spark-master:7077...
[2024-10-24T18:25:26.272+0000] {spark_submit.py:524} INFO - 24/10/24 18:25:26 INFO TransportClientFactory: Successfully created connection to spark-master/172.18.0.3:7077 after 22 ms (0 ms spent in bootstraps)
[2024-10-24T18:25:26.346+0000] {spark_submit.py:524} INFO - 24/10/24 18:25:26 INFO StandaloneSchedulerBackend: Connected to Spark cluster with app ID app-20241024182526-0006
[2024-10-24T18:25:26.350+0000] {spark_submit.py:524} INFO - 24/10/24 18:25:26 INFO StandaloneAppClient$ClientEndpoint: Executor added: app-20241024182526-0006/0 on worker-20241024181336-172.18.0.5-36873 (172.18.0.5:36873) with 2 core(s)
[2024-10-24T18:25:26.359+0000] {spark_submit.py:524} INFO - 24/10/24 18:25:26 INFO StandaloneSchedulerBackend: Granted executor ID app-20241024182526-0006/0 on hostPort 172.18.0.5:36873 with 2 core(s), 1024.0 MiB RAM
[2024-10-24T18:25:26.367+0000] {spark_submit.py:524} INFO - 24/10/24 18:25:26 INFO Utils: Successfully started service 'org.apache.spark.network.netty.NettyBlockTransferService' on port 46567.
[2024-10-24T18:25:26.367+0000] {spark_submit.py:524} INFO - 24/10/24 18:25:26 INFO NettyBlockTransferService: Server created on f55139681ae8:46567
[2024-10-24T18:25:26.369+0000] {spark_submit.py:524} INFO - 24/10/24 18:25:26 INFO BlockManager: Using org.apache.spark.storage.RandomBlockReplicationPolicy for block replication policy
[2024-10-24T18:25:26.388+0000] {spark_submit.py:524} INFO - 24/10/24 18:25:26 INFO BlockManagerMaster: Registering BlockManager BlockManagerId(driver, f55139681ae8, 46567, None)
[2024-10-24T18:25:26.395+0000] {spark_submit.py:524} INFO - 24/10/24 18:25:26 INFO BlockManagerMasterEndpoint: Registering block manager f55139681ae8:46567 with 434.4 MiB RAM, BlockManagerId(driver, f55139681ae8, 46567, None)
[2024-10-24T18:25:26.402+0000] {spark_submit.py:524} INFO - 24/10/24 18:25:26 INFO BlockManagerMaster: Registered BlockManager BlockManagerId(driver, f55139681ae8, 46567, None)
[2024-10-24T18:25:26.405+0000] {spark_submit.py:524} INFO - 24/10/24 18:25:26 INFO BlockManager: Initialized BlockManager: BlockManagerId(driver, f55139681ae8, 46567, None)
[2024-10-24T18:25:26.421+0000] {spark_submit.py:524} INFO - 24/10/24 18:25:26 INFO StandaloneAppClient$ClientEndpoint: Executor updated: app-20241024182526-0006/0 is now RUNNING
[2024-10-24T18:25:26.614+0000] {spark_submit.py:524} INFO - 24/10/24 18:25:26 INFO StandaloneSchedulerBackend: SchedulerBackend is ready for scheduling beginning after reached minRegisteredResourcesRatio: 0.0
[2024-10-24T18:25:26.865+0000] {spark_submit.py:524} INFO - 24/10/24 18:25:26 INFO SharedState: Setting hive.metastore.warehouse.dir ('null') to the value of spark.sql.warehouse.dir.
[2024-10-24T18:25:26.875+0000] {spark_submit.py:524} INFO - 24/10/24 18:25:26 INFO SharedState: Warehouse path is 'file:/opt/***/spark-warehouse'.
[2024-10-24T18:25:27.911+0000] {spark_submit.py:524} INFO - 24/10/24 18:25:27 INFO InMemoryFileIndex: It took 47 ms to list leaf files for 1 paths.
[2024-10-24T18:25:28.002+0000] {spark_submit.py:524} INFO - 24/10/24 18:25:28 INFO InMemoryFileIndex: It took 3 ms to list leaf files for 1 paths.
[2024-10-24T18:25:29.536+0000] {spark_submit.py:524} INFO - 24/10/24 18:25:29 INFO StandaloneSchedulerBackend$StandaloneDriverEndpoint: Registered executor NettyRpcEndpointRef(spark-client://Executor) (172.18.0.5:34014) with ID 0,  ResourceProfileId 0
[2024-10-24T18:25:29.663+0000] {spark_submit.py:524} INFO - 24/10/24 18:25:29 INFO BlockManagerMasterEndpoint: Registering block manager 172.18.0.5:35057 with 434.4 MiB RAM, BlockManagerId(0, 172.18.0.5, 35057, None)
[2024-10-24T18:25:30.686+0000] {spark_submit.py:524} INFO - 24/10/24 18:25:30 INFO FileSourceStrategy: Pushed Filters:
[2024-10-24T18:25:30.696+0000] {spark_submit.py:524} INFO - 24/10/24 18:25:30 INFO FileSourceStrategy: Post-Scan Filters:
[2024-10-24T18:25:30.879+0000] {spark_submit.py:524} INFO - 24/10/24 18:25:30 INFO MemoryStore: Block broadcast_0 stored as values in memory (estimated size 199.2 KiB, free 434.2 MiB)
[2024-10-24T18:25:30.948+0000] {spark_submit.py:524} INFO - 24/10/24 18:25:30 INFO MemoryStore: Block broadcast_0_piece0 stored as bytes in memory (estimated size 34.1 KiB, free 434.2 MiB)
[2024-10-24T18:25:30.950+0000] {spark_submit.py:524} INFO - 24/10/24 18:25:30 INFO BlockManagerInfo: Added broadcast_0_piece0 in memory on f55139681ae8:46567 (size: 34.1 KiB, free: 434.4 MiB)
[2024-10-24T18:25:30.955+0000] {spark_submit.py:524} INFO - 24/10/24 18:25:30 INFO SparkContext: Created broadcast 0 from json at NativeMethodAccessorImpl.java:0
[2024-10-24T18:25:30.972+0000] {spark_submit.py:524} INFO - 24/10/24 18:25:30 INFO FileSourceScanExec: Planning scan with bin packing, max size: 4194304 bytes, open cost is considered as scanning 4194304 bytes.
[2024-10-24T18:25:31.100+0000] {spark_submit.py:524} INFO - 24/10/24 18:25:31 INFO SparkContext: Starting job: json at NativeMethodAccessorImpl.java:0
[2024-10-24T18:25:31.118+0000] {spark_submit.py:524} INFO - 24/10/24 18:25:31 INFO DAGScheduler: Got job 0 (json at NativeMethodAccessorImpl.java:0) with 1 output partitions
[2024-10-24T18:25:31.118+0000] {spark_submit.py:524} INFO - 24/10/24 18:25:31 INFO DAGScheduler: Final stage: ResultStage 0 (json at NativeMethodAccessorImpl.java:0)
[2024-10-24T18:25:31.118+0000] {spark_submit.py:524} INFO - 24/10/24 18:25:31 INFO DAGScheduler: Parents of final stage: List()
[2024-10-24T18:25:31.120+0000] {spark_submit.py:524} INFO - 24/10/24 18:25:31 INFO DAGScheduler: Missing parents: List()
[2024-10-24T18:25:31.123+0000] {spark_submit.py:524} INFO - 24/10/24 18:25:31 INFO DAGScheduler: Submitting ResultStage 0 (MapPartitionsRDD[3] at json at NativeMethodAccessorImpl.java:0), which has no missing parents
[2024-10-24T18:25:31.202+0000] {spark_submit.py:524} INFO - 24/10/24 18:25:31 INFO MemoryStore: Block broadcast_1 stored as values in memory (estimated size 16.0 KiB, free 434.2 MiB)
[2024-10-24T18:25:31.206+0000] {spark_submit.py:524} INFO - 24/10/24 18:25:31 INFO MemoryStore: Block broadcast_1_piece0 stored as bytes in memory (estimated size 7.5 KiB, free 434.1 MiB)
[2024-10-24T18:25:31.207+0000] {spark_submit.py:524} INFO - 24/10/24 18:25:31 INFO BlockManagerInfo: Added broadcast_1_piece0 in memory on f55139681ae8:46567 (size: 7.5 KiB, free: 434.4 MiB)
[2024-10-24T18:25:31.210+0000] {spark_submit.py:524} INFO - 24/10/24 18:25:31 INFO SparkContext: Created broadcast 1 from broadcast at DAGScheduler.scala:1580
[2024-10-24T18:25:31.226+0000] {spark_submit.py:524} INFO - 24/10/24 18:25:31 INFO DAGScheduler: Submitting 1 missing tasks from ResultStage 0 (MapPartitionsRDD[3] at json at NativeMethodAccessorImpl.java:0) (first 15 tasks are for partitions Vector(0))
[2024-10-24T18:25:31.228+0000] {spark_submit.py:524} INFO - 24/10/24 18:25:31 INFO TaskSchedulerImpl: Adding task set 0.0 with 1 tasks resource profile 0
[2024-10-24T18:25:31.258+0000] {spark_submit.py:524} INFO - 24/10/24 18:25:31 INFO TaskSetManager: Starting task 0.0 in stage 0.0 (TID 0) (172.18.0.5, executor 0, partition 0, PROCESS_LOCAL, 8252 bytes)
[2024-10-24T18:25:31.610+0000] {spark_submit.py:524} INFO - 24/10/24 18:25:31 INFO BlockManagerInfo: Added broadcast_1_piece0 in memory on 172.18.0.5:35057 (size: 7.5 KiB, free: 434.4 MiB)
[2024-10-24T18:25:32.605+0000] {spark_submit.py:524} INFO - 24/10/24 18:25:32 INFO BlockManagerInfo: Added broadcast_0_piece0 in memory on 172.18.0.5:35057 (size: 34.1 KiB, free: 434.4 MiB)
[2024-10-24T18:25:32.836+0000] {spark_submit.py:524} INFO - 24/10/24 18:25:32 INFO TaskSetManager: Finished task 0.0 in stage 0.0 (TID 0) in 1587 ms on 172.18.0.5 (executor 0) (1/1)
[2024-10-24T18:25:32.837+0000] {spark_submit.py:524} INFO - 24/10/24 18:25:32 INFO TaskSchedulerImpl: Removed TaskSet 0.0, whose tasks have all completed, from pool
[2024-10-24T18:25:32.843+0000] {spark_submit.py:524} INFO - 24/10/24 18:25:32 INFO DAGScheduler: ResultStage 0 (json at NativeMethodAccessorImpl.java:0) finished in 1.706 s
[2024-10-24T18:25:32.846+0000] {spark_submit.py:524} INFO - 24/10/24 18:25:32 INFO DAGScheduler: Job 0 is finished. Cancelling potential speculative or zombie tasks for this job
[2024-10-24T18:25:32.846+0000] {spark_submit.py:524} INFO - 24/10/24 18:25:32 INFO TaskSchedulerImpl: Killing all running tasks in stage 0: Stage finished
[2024-10-24T18:25:32.849+0000] {spark_submit.py:524} INFO - 24/10/24 18:25:32 INFO DAGScheduler: Job 0 finished: json at NativeMethodAccessorImpl.java:0, took 1.748363 s
[2024-10-24T18:25:32.871+0000] {spark_submit.py:524} INFO - Leitura realizada com sucesso!
[2024-10-24T18:25:32.974+0000] {spark_submit.py:524} INFO - 24/10/24 18:25:32 INFO FileSourceStrategy: Pushed Filters:
[2024-10-24T18:25:32.975+0000] {spark_submit.py:524} INFO - 24/10/24 18:25:32 INFO FileSourceStrategy: Post-Scan Filters:
[2024-10-24T18:25:33.215+0000] {spark_submit.py:524} INFO - 24/10/24 18:25:33 INFO BlockManagerInfo: Removed broadcast_1_piece0 on f55139681ae8:46567 in memory (size: 7.5 KiB, free: 434.4 MiB)
[2024-10-24T18:25:33.224+0000] {spark_submit.py:524} INFO - 24/10/24 18:25:33 INFO BlockManagerInfo: Removed broadcast_1_piece0 on 172.18.0.5:35057 in memory (size: 7.5 KiB, free: 434.4 MiB)
[2024-10-24T18:25:33.317+0000] {spark_submit.py:524} INFO - 24/10/24 18:25:33 INFO CodeGenerator: Code generated in 218.166068 ms
[2024-10-24T18:25:33.322+0000] {spark_submit.py:524} INFO - 24/10/24 18:25:33 INFO MemoryStore: Block broadcast_2 stored as values in memory (estimated size 199.1 KiB, free 434.0 MiB)
[2024-10-24T18:25:33.338+0000] {spark_submit.py:524} INFO - 24/10/24 18:25:33 INFO MemoryStore: Block broadcast_2_piece0 stored as bytes in memory (estimated size 34.1 KiB, free 433.9 MiB)
[2024-10-24T18:25:33.339+0000] {spark_submit.py:524} INFO - 24/10/24 18:25:33 INFO BlockManagerInfo: Added broadcast_2_piece0 in memory on f55139681ae8:46567 (size: 34.1 KiB, free: 434.3 MiB)
[2024-10-24T18:25:33.340+0000] {spark_submit.py:524} INFO - 24/10/24 18:25:33 INFO SparkContext: Created broadcast 2 from count at NativeMethodAccessorImpl.java:0
[2024-10-24T18:25:33.344+0000] {spark_submit.py:524} INFO - 24/10/24 18:25:33 INFO FileSourceScanExec: Planning scan with bin packing, max size: 4194304 bytes, open cost is considered as scanning 4194304 bytes.
[2024-10-24T18:25:33.380+0000] {spark_submit.py:524} INFO - 24/10/24 18:25:33 INFO DAGScheduler: Registering RDD 7 (count at NativeMethodAccessorImpl.java:0) as input to shuffle 0
[2024-10-24T18:25:33.384+0000] {spark_submit.py:524} INFO - 24/10/24 18:25:33 INFO DAGScheduler: Got map stage job 1 (count at NativeMethodAccessorImpl.java:0) with 1 output partitions
[2024-10-24T18:25:33.385+0000] {spark_submit.py:524} INFO - 24/10/24 18:25:33 INFO DAGScheduler: Final stage: ShuffleMapStage 1 (count at NativeMethodAccessorImpl.java:0)
[2024-10-24T18:25:33.385+0000] {spark_submit.py:524} INFO - 24/10/24 18:25:33 INFO DAGScheduler: Parents of final stage: List()
[2024-10-24T18:25:33.386+0000] {spark_submit.py:524} INFO - 24/10/24 18:25:33 INFO DAGScheduler: Missing parents: List()
[2024-10-24T18:25:33.387+0000] {spark_submit.py:524} INFO - 24/10/24 18:25:33 INFO DAGScheduler: Submitting ShuffleMapStage 1 (MapPartitionsRDD[7] at count at NativeMethodAccessorImpl.java:0), which has no missing parents
[2024-10-24T18:25:33.400+0000] {spark_submit.py:524} INFO - 24/10/24 18:25:33 INFO MemoryStore: Block broadcast_3 stored as values in memory (estimated size 17.0 KiB, free 433.9 MiB)
[2024-10-24T18:25:33.404+0000] {spark_submit.py:524} INFO - 24/10/24 18:25:33 INFO MemoryStore: Block broadcast_3_piece0 stored as bytes in memory (estimated size 8.3 KiB, free 433.9 MiB)
[2024-10-24T18:25:33.405+0000] {spark_submit.py:524} INFO - 24/10/24 18:25:33 INFO BlockManagerInfo: Added broadcast_3_piece0 in memory on f55139681ae8:46567 (size: 8.3 KiB, free: 434.3 MiB)
[2024-10-24T18:25:33.406+0000] {spark_submit.py:524} INFO - 24/10/24 18:25:33 INFO SparkContext: Created broadcast 3 from broadcast at DAGScheduler.scala:1580
[2024-10-24T18:25:33.408+0000] {spark_submit.py:524} INFO - 24/10/24 18:25:33 INFO DAGScheduler: Submitting 1 missing tasks from ShuffleMapStage 1 (MapPartitionsRDD[7] at count at NativeMethodAccessorImpl.java:0) (first 15 tasks are for partitions Vector(0))
[2024-10-24T18:25:33.408+0000] {spark_submit.py:524} INFO - 24/10/24 18:25:33 INFO TaskSchedulerImpl: Adding task set 1.0 with 1 tasks resource profile 0
[2024-10-24T18:25:33.410+0000] {spark_submit.py:524} INFO - 24/10/24 18:25:33 INFO TaskSetManager: Starting task 0.0 in stage 1.0 (TID 1) (172.18.0.5, executor 0, partition 0, PROCESS_LOCAL, 8241 bytes)
[2024-10-24T18:25:33.437+0000] {spark_submit.py:524} INFO - 24/10/24 18:25:33 INFO BlockManagerInfo: Added broadcast_3_piece0 in memory on 172.18.0.5:35057 (size: 8.3 KiB, free: 434.4 MiB)
[2024-10-24T18:25:33.444+0000] {spark_submit.py:524} INFO - 24/10/24 18:25:33 INFO BlockManagerInfo: Removed broadcast_0_piece0 on f55139681ae8:46567 in memory (size: 34.1 KiB, free: 434.4 MiB)
[2024-10-24T18:25:33.447+0000] {spark_submit.py:524} INFO - 24/10/24 18:25:33 INFO BlockManagerInfo: Removed broadcast_0_piece0 on 172.18.0.5:35057 in memory (size: 34.1 KiB, free: 434.4 MiB)
[2024-10-24T18:25:33.536+0000] {spark_submit.py:524} INFO - 24/10/24 18:25:33 INFO BlockManagerInfo: Added broadcast_2_piece0 in memory on 172.18.0.5:35057 (size: 34.1 KiB, free: 434.4 MiB)
[2024-10-24T18:25:33.620+0000] {spark_submit.py:524} INFO - 24/10/24 18:25:33 INFO TaskSetManager: Finished task 0.0 in stage 1.0 (TID 1) in 211 ms on 172.18.0.5 (executor 0) (1/1)
[2024-10-24T18:25:33.620+0000] {spark_submit.py:524} INFO - 24/10/24 18:25:33 INFO TaskSchedulerImpl: Removed TaskSet 1.0, whose tasks have all completed, from pool
[2024-10-24T18:25:33.623+0000] {spark_submit.py:524} INFO - 24/10/24 18:25:33 INFO DAGScheduler: ShuffleMapStage 1 (count at NativeMethodAccessorImpl.java:0) finished in 0.233 s
[2024-10-24T18:25:33.623+0000] {spark_submit.py:524} INFO - 24/10/24 18:25:33 INFO DAGScheduler: looking for newly runnable stages
[2024-10-24T18:25:33.624+0000] {spark_submit.py:524} INFO - 24/10/24 18:25:33 INFO DAGScheduler: running: Set()
[2024-10-24T18:25:33.624+0000] {spark_submit.py:524} INFO - 24/10/24 18:25:33 INFO DAGScheduler: waiting: Set()
[2024-10-24T18:25:33.624+0000] {spark_submit.py:524} INFO - 24/10/24 18:25:33 INFO DAGScheduler: failed: Set()
[2024-10-24T18:25:33.660+0000] {spark_submit.py:524} INFO - 24/10/24 18:25:33 INFO CodeGenerator: Code generated in 11.439461 ms
[2024-10-24T18:25:33.682+0000] {spark_submit.py:524} INFO - 24/10/24 18:25:33 INFO SparkContext: Starting job: count at NativeMethodAccessorImpl.java:0
[2024-10-24T18:25:33.683+0000] {spark_submit.py:524} INFO - 24/10/24 18:25:33 INFO DAGScheduler: Got job 2 (count at NativeMethodAccessorImpl.java:0) with 1 output partitions
[2024-10-24T18:25:33.684+0000] {spark_submit.py:524} INFO - 24/10/24 18:25:33 INFO DAGScheduler: Final stage: ResultStage 3 (count at NativeMethodAccessorImpl.java:0)
[2024-10-24T18:25:33.684+0000] {spark_submit.py:524} INFO - 24/10/24 18:25:33 INFO DAGScheduler: Parents of final stage: List(ShuffleMapStage 2)
[2024-10-24T18:25:33.684+0000] {spark_submit.py:524} INFO - 24/10/24 18:25:33 INFO DAGScheduler: Missing parents: List()
[2024-10-24T18:25:33.684+0000] {spark_submit.py:524} INFO - 24/10/24 18:25:33 INFO DAGScheduler: Submitting ResultStage 3 (MapPartitionsRDD[10] at count at NativeMethodAccessorImpl.java:0), which has no missing parents
[2024-10-24T18:25:33.691+0000] {spark_submit.py:524} INFO - 24/10/24 18:25:33 INFO MemoryStore: Block broadcast_4 stored as values in memory (estimated size 12.5 KiB, free 434.1 MiB)
[2024-10-24T18:25:33.695+0000] {spark_submit.py:524} INFO - 24/10/24 18:25:33 INFO MemoryStore: Block broadcast_4_piece0 stored as bytes in memory (estimated size 5.9 KiB, free 434.1 MiB)
[2024-10-24T18:25:33.696+0000] {spark_submit.py:524} INFO - 24/10/24 18:25:33 INFO BlockManagerInfo: Added broadcast_4_piece0 in memory on f55139681ae8:46567 (size: 5.9 KiB, free: 434.4 MiB)
[2024-10-24T18:25:33.696+0000] {spark_submit.py:524} INFO - 24/10/24 18:25:33 INFO BlockManagerInfo: Removed broadcast_3_piece0 on f55139681ae8:46567 in memory (size: 8.3 KiB, free: 434.4 MiB)
[2024-10-24T18:25:33.697+0000] {spark_submit.py:524} INFO - 24/10/24 18:25:33 INFO SparkContext: Created broadcast 4 from broadcast at DAGScheduler.scala:1580
[2024-10-24T18:25:33.698+0000] {spark_submit.py:524} INFO - 24/10/24 18:25:33 INFO DAGScheduler: Submitting 1 missing tasks from ResultStage 3 (MapPartitionsRDD[10] at count at NativeMethodAccessorImpl.java:0) (first 15 tasks are for partitions Vector(0))
[2024-10-24T18:25:33.698+0000] {spark_submit.py:524} INFO - 24/10/24 18:25:33 INFO TaskSchedulerImpl: Adding task set 3.0 with 1 tasks resource profile 0
[2024-10-24T18:25:33.699+0000] {spark_submit.py:524} INFO - 24/10/24 18:25:33 INFO BlockManagerInfo: Removed broadcast_3_piece0 on 172.18.0.5:35057 in memory (size: 8.3 KiB, free: 434.4 MiB)
[2024-10-24T18:25:33.704+0000] {spark_submit.py:524} INFO - 24/10/24 18:25:33 INFO TaskSetManager: Starting task 0.0 in stage 3.0 (TID 2) (172.18.0.5, executor 0, partition 0, NODE_LOCAL, 7619 bytes)
[2024-10-24T18:25:33.737+0000] {spark_submit.py:524} INFO - 24/10/24 18:25:33 INFO BlockManagerInfo: Added broadcast_4_piece0 in memory on 172.18.0.5:35057 (size: 5.9 KiB, free: 434.4 MiB)
[2024-10-24T18:25:33.765+0000] {spark_submit.py:524} INFO - 24/10/24 18:25:33 INFO MapOutputTrackerMasterEndpoint: Asked to send map output locations for shuffle 0 to 172.18.0.5:34014
[2024-10-24T18:25:33.888+0000] {spark_submit.py:524} INFO - 24/10/24 18:25:33 INFO TaskSetManager: Finished task 0.0 in stage 3.0 (TID 2) in 185 ms on 172.18.0.5 (executor 0) (1/1)
[2024-10-24T18:25:33.888+0000] {spark_submit.py:524} INFO - 24/10/24 18:25:33 INFO TaskSchedulerImpl: Removed TaskSet 3.0, whose tasks have all completed, from pool
[2024-10-24T18:25:33.889+0000] {spark_submit.py:524} INFO - 24/10/24 18:25:33 INFO DAGScheduler: ResultStage 3 (count at NativeMethodAccessorImpl.java:0) finished in 0.200 s
[2024-10-24T18:25:33.890+0000] {spark_submit.py:524} INFO - 24/10/24 18:25:33 INFO DAGScheduler: Job 2 is finished. Cancelling potential speculative or zombie tasks for this job
[2024-10-24T18:25:33.890+0000] {spark_submit.py:524} INFO - 24/10/24 18:25:33 INFO TaskSchedulerImpl: Killing all running tasks in stage 3: Stage finished
[2024-10-24T18:25:33.890+0000] {spark_submit.py:524} INFO - 24/10/24 18:25:33 INFO DAGScheduler: Job 2 finished: count at NativeMethodAccessorImpl.java:0, took 0.208435 s
[2024-10-24T18:25:33.925+0000] {spark_submit.py:524} INFO - 24/10/24 18:25:33 INFO FileSourceStrategy: Pushed Filters:
[2024-10-24T18:25:33.925+0000] {spark_submit.py:524} INFO - 24/10/24 18:25:33 INFO FileSourceStrategy: Post-Scan Filters:
[2024-10-24T18:25:33.946+0000] {spark_submit.py:524} INFO - 24/10/24 18:25:33 INFO MemoryStore: Block broadcast_5 stored as values in memory (estimated size 199.1 KiB, free 434.0 MiB)
[2024-10-24T18:25:33.954+0000] {spark_submit.py:524} INFO - 24/10/24 18:25:33 INFO BlockManagerInfo: Removed broadcast_4_piece0 on f55139681ae8:46567 in memory (size: 5.9 KiB, free: 434.4 MiB)
[2024-10-24T18:25:33.958+0000] {spark_submit.py:524} INFO - 24/10/24 18:25:33 INFO BlockManagerInfo: Removed broadcast_4_piece0 on 172.18.0.5:35057 in memory (size: 5.9 KiB, free: 434.4 MiB)
[2024-10-24T18:25:33.962+0000] {spark_submit.py:524} INFO - 24/10/24 18:25:33 INFO MemoryStore: Block broadcast_5_piece0 stored as bytes in memory (estimated size 34.1 KiB, free 433.9 MiB)
[2024-10-24T18:25:33.963+0000] {spark_submit.py:524} INFO - 24/10/24 18:25:33 INFO BlockManagerInfo: Added broadcast_5_piece0 in memory on f55139681ae8:46567 (size: 34.1 KiB, free: 434.3 MiB)
[2024-10-24T18:25:33.964+0000] {spark_submit.py:524} INFO - 24/10/24 18:25:33 INFO SparkContext: Created broadcast 5 from count at NativeMethodAccessorImpl.java:0
[2024-10-24T18:25:33.965+0000] {spark_submit.py:524} INFO - 24/10/24 18:25:33 INFO FileSourceScanExec: Planning scan with bin packing, max size: 4194304 bytes, open cost is considered as scanning 4194304 bytes.
[2024-10-24T18:25:33.973+0000] {spark_submit.py:524} INFO - 24/10/24 18:25:33 INFO DAGScheduler: Registering RDD 14 (count at NativeMethodAccessorImpl.java:0) as input to shuffle 1
[2024-10-24T18:25:33.973+0000] {spark_submit.py:524} INFO - 24/10/24 18:25:33 INFO DAGScheduler: Got map stage job 3 (count at NativeMethodAccessorImpl.java:0) with 1 output partitions
[2024-10-24T18:25:33.974+0000] {spark_submit.py:524} INFO - 24/10/24 18:25:33 INFO DAGScheduler: Final stage: ShuffleMapStage 4 (count at NativeMethodAccessorImpl.java:0)
[2024-10-24T18:25:33.974+0000] {spark_submit.py:524} INFO - 24/10/24 18:25:33 INFO DAGScheduler: Parents of final stage: List()
[2024-10-24T18:25:33.974+0000] {spark_submit.py:524} INFO - 24/10/24 18:25:33 INFO DAGScheduler: Missing parents: List()
[2024-10-24T18:25:33.975+0000] {spark_submit.py:524} INFO - 24/10/24 18:25:33 INFO DAGScheduler: Submitting ShuffleMapStage 4 (MapPartitionsRDD[14] at count at NativeMethodAccessorImpl.java:0), which has no missing parents
[2024-10-24T18:25:33.978+0000] {spark_submit.py:524} INFO - 24/10/24 18:25:33 INFO MemoryStore: Block broadcast_6 stored as values in memory (estimated size 17.0 KiB, free 433.9 MiB)
[2024-10-24T18:25:33.980+0000] {spark_submit.py:524} INFO - 24/10/24 18:25:33 INFO MemoryStore: Block broadcast_6_piece0 stored as bytes in memory (estimated size 8.3 KiB, free 433.9 MiB)
[2024-10-24T18:25:33.980+0000] {spark_submit.py:524} INFO - 24/10/24 18:25:33 INFO BlockManagerInfo: Added broadcast_6_piece0 in memory on f55139681ae8:46567 (size: 8.3 KiB, free: 434.3 MiB)
[2024-10-24T18:25:33.981+0000] {spark_submit.py:524} INFO - 24/10/24 18:25:33 INFO SparkContext: Created broadcast 6 from broadcast at DAGScheduler.scala:1580
[2024-10-24T18:25:33.982+0000] {spark_submit.py:524} INFO - 24/10/24 18:25:33 INFO DAGScheduler: Submitting 1 missing tasks from ShuffleMapStage 4 (MapPartitionsRDD[14] at count at NativeMethodAccessorImpl.java:0) (first 15 tasks are for partitions Vector(0))
[2024-10-24T18:25:33.982+0000] {spark_submit.py:524} INFO - 24/10/24 18:25:33 INFO TaskSchedulerImpl: Adding task set 4.0 with 1 tasks resource profile 0
[2024-10-24T18:25:33.984+0000] {spark_submit.py:524} INFO - 24/10/24 18:25:33 INFO TaskSetManager: Starting task 0.0 in stage 4.0 (TID 3) (172.18.0.5, executor 0, partition 0, PROCESS_LOCAL, 8241 bytes)
[2024-10-24T18:25:34.003+0000] {spark_submit.py:524} INFO - 24/10/24 18:25:34 INFO BlockManagerInfo: Added broadcast_6_piece0 in memory on 172.18.0.5:35057 (size: 8.3 KiB, free: 434.4 MiB)
[2024-10-24T18:25:34.025+0000] {spark_submit.py:524} INFO - 24/10/24 18:25:34 INFO BlockManagerInfo: Added broadcast_5_piece0 in memory on 172.18.0.5:35057 (size: 34.1 KiB, free: 434.3 MiB)
[2024-10-24T18:25:34.067+0000] {spark_submit.py:524} INFO - 24/10/24 18:25:34 INFO TaskSetManager: Finished task 0.0 in stage 4.0 (TID 3) in 84 ms on 172.18.0.5 (executor 0) (1/1)
[2024-10-24T18:25:34.067+0000] {spark_submit.py:524} INFO - 24/10/24 18:25:34 INFO TaskSchedulerImpl: Removed TaskSet 4.0, whose tasks have all completed, from pool
[2024-10-24T18:25:34.068+0000] {spark_submit.py:524} INFO - 24/10/24 18:25:34 INFO DAGScheduler: ShuffleMapStage 4 (count at NativeMethodAccessorImpl.java:0) finished in 0.092 s
[2024-10-24T18:25:34.069+0000] {spark_submit.py:524} INFO - 24/10/24 18:25:34 INFO DAGScheduler: looking for newly runnable stages
[2024-10-24T18:25:34.069+0000] {spark_submit.py:524} INFO - 24/10/24 18:25:34 INFO DAGScheduler: running: Set()
[2024-10-24T18:25:34.069+0000] {spark_submit.py:524} INFO - 24/10/24 18:25:34 INFO DAGScheduler: waiting: Set()
[2024-10-24T18:25:34.069+0000] {spark_submit.py:524} INFO - 24/10/24 18:25:34 INFO DAGScheduler: failed: Set()
[2024-10-24T18:25:34.093+0000] {spark_submit.py:524} INFO - 24/10/24 18:25:34 INFO SparkContext: Starting job: count at NativeMethodAccessorImpl.java:0
[2024-10-24T18:25:34.094+0000] {spark_submit.py:524} INFO - 24/10/24 18:25:34 INFO DAGScheduler: Got job 4 (count at NativeMethodAccessorImpl.java:0) with 1 output partitions
[2024-10-24T18:25:34.094+0000] {spark_submit.py:524} INFO - 24/10/24 18:25:34 INFO DAGScheduler: Final stage: ResultStage 6 (count at NativeMethodAccessorImpl.java:0)
[2024-10-24T18:25:34.094+0000] {spark_submit.py:524} INFO - 24/10/24 18:25:34 INFO DAGScheduler: Parents of final stage: List(ShuffleMapStage 5)
[2024-10-24T18:25:34.094+0000] {spark_submit.py:524} INFO - 24/10/24 18:25:34 INFO DAGScheduler: Missing parents: List()
[2024-10-24T18:25:34.095+0000] {spark_submit.py:524} INFO - 24/10/24 18:25:34 INFO DAGScheduler: Submitting ResultStage 6 (MapPartitionsRDD[17] at count at NativeMethodAccessorImpl.java:0), which has no missing parents
[2024-10-24T18:25:34.097+0000] {spark_submit.py:524} INFO - 24/10/24 18:25:34 INFO MemoryStore: Block broadcast_7 stored as values in memory (estimated size 12.5 KiB, free 433.9 MiB)
[2024-10-24T18:25:34.102+0000] {spark_submit.py:524} INFO - 24/10/24 18:25:34 INFO MemoryStore: Block broadcast_7_piece0 stored as bytes in memory (estimated size 5.9 KiB, free 433.9 MiB)
[2024-10-24T18:25:34.103+0000] {spark_submit.py:524} INFO - 24/10/24 18:25:34 INFO BlockManagerInfo: Added broadcast_7_piece0 in memory on f55139681ae8:46567 (size: 5.9 KiB, free: 434.3 MiB)
[2024-10-24T18:25:34.105+0000] {spark_submit.py:524} INFO - 24/10/24 18:25:34 INFO BlockManagerInfo: Removed broadcast_6_piece0 on f55139681ae8:46567 in memory (size: 8.3 KiB, free: 434.3 MiB)
[2024-10-24T18:25:34.105+0000] {spark_submit.py:524} INFO - 24/10/24 18:25:34 INFO SparkContext: Created broadcast 7 from broadcast at DAGScheduler.scala:1580
[2024-10-24T18:25:34.106+0000] {spark_submit.py:524} INFO - 24/10/24 18:25:34 INFO DAGScheduler: Submitting 1 missing tasks from ResultStage 6 (MapPartitionsRDD[17] at count at NativeMethodAccessorImpl.java:0) (first 15 tasks are for partitions Vector(0))
[2024-10-24T18:25:34.106+0000] {spark_submit.py:524} INFO - 24/10/24 18:25:34 INFO TaskSchedulerImpl: Adding task set 6.0 with 1 tasks resource profile 0
[2024-10-24T18:25:34.108+0000] {spark_submit.py:524} INFO - 24/10/24 18:25:34 INFO TaskSetManager: Starting task 0.0 in stage 6.0 (TID 4) (172.18.0.5, executor 0, partition 0, NODE_LOCAL, 7619 bytes)
[2024-10-24T18:25:34.108+0000] {spark_submit.py:524} INFO - 24/10/24 18:25:34 INFO BlockManagerInfo: Removed broadcast_6_piece0 on 172.18.0.5:35057 in memory (size: 8.3 KiB, free: 434.3 MiB)
[2024-10-24T18:25:34.125+0000] {spark_submit.py:524} INFO - 24/10/24 18:25:34 INFO BlockManagerInfo: Added broadcast_7_piece0 in memory on 172.18.0.5:35057 (size: 5.9 KiB, free: 434.3 MiB)
[2024-10-24T18:25:34.134+0000] {spark_submit.py:524} INFO - 24/10/24 18:25:34 INFO MapOutputTrackerMasterEndpoint: Asked to send map output locations for shuffle 1 to 172.18.0.5:34014
[2024-10-24T18:25:34.156+0000] {spark_submit.py:524} INFO - 24/10/24 18:25:34 INFO TaskSetManager: Finished task 0.0 in stage 6.0 (TID 4) in 48 ms on 172.18.0.5 (executor 0) (1/1)
[2024-10-24T18:25:34.157+0000] {spark_submit.py:524} INFO - 24/10/24 18:25:34 INFO TaskSchedulerImpl: Removed TaskSet 6.0, whose tasks have all completed, from pool
[2024-10-24T18:25:34.157+0000] {spark_submit.py:524} INFO - 24/10/24 18:25:34 INFO DAGScheduler: ResultStage 6 (count at NativeMethodAccessorImpl.java:0) finished in 0.061 s
[2024-10-24T18:25:34.159+0000] {spark_submit.py:524} INFO - 24/10/24 18:25:34 INFO DAGScheduler: Job 4 is finished. Cancelling potential speculative or zombie tasks for this job
[2024-10-24T18:25:34.159+0000] {spark_submit.py:524} INFO - 24/10/24 18:25:34 INFO TaskSchedulerImpl: Killing all running tasks in stage 6: Stage finished
[2024-10-24T18:25:34.160+0000] {spark_submit.py:524} INFO - 24/10/24 18:25:34 INFO DAGScheduler: Job 4 finished: count at NativeMethodAccessorImpl.java:0, took 0.065104 s
[2024-10-24T18:25:34.161+0000] {spark_submit.py:524} INFO - Quantidade:  50
[2024-10-24T18:25:34.252+0000] {spark_submit.py:524} INFO - 24/10/24 18:25:34 INFO FileSourceStrategy: Pushed Filters:
[2024-10-24T18:25:34.252+0000] {spark_submit.py:524} INFO - 24/10/24 18:25:34 INFO FileSourceStrategy: Post-Scan Filters:
[2024-10-24T18:25:34.303+0000] {spark_submit.py:524} INFO - 24/10/24 18:25:34 INFO ParquetUtils: Using default output committer for Parquet: org.apache.parquet.hadoop.ParquetOutputCommitter
[2024-10-24T18:25:34.320+0000] {spark_submit.py:524} INFO - 24/10/24 18:25:34 INFO FileOutputCommitter: File Output Committer Algorithm version is 1
[2024-10-24T18:25:34.320+0000] {spark_submit.py:524} INFO - 24/10/24 18:25:34 INFO FileOutputCommitter: FileOutputCommitter skip cleanup _temporary folders under output directory:false, ignore cleanup failures: false
[2024-10-24T18:25:34.320+0000] {spark_submit.py:524} INFO - 24/10/24 18:25:34 INFO SQLHadoopMapReduceCommitProtocol: Using user defined output committer class org.apache.parquet.hadoop.ParquetOutputCommitter
[2024-10-24T18:25:34.321+0000] {spark_submit.py:524} INFO - 24/10/24 18:25:34 INFO FileOutputCommitter: File Output Committer Algorithm version is 1
[2024-10-24T18:25:34.321+0000] {spark_submit.py:524} INFO - 24/10/24 18:25:34 INFO FileOutputCommitter: FileOutputCommitter skip cleanup _temporary folders under output directory:false, ignore cleanup failures: false
[2024-10-24T18:25:34.321+0000] {spark_submit.py:524} INFO - 24/10/24 18:25:34 INFO SQLHadoopMapReduceCommitProtocol: Using output committer class org.apache.parquet.hadoop.ParquetOutputCommitter
[2024-10-24T18:25:34.394+0000] {spark_submit.py:524} INFO - 24/10/24 18:25:34 INFO CodeGenerator: Code generated in 36.842349 ms
[2024-10-24T18:25:34.397+0000] {spark_submit.py:524} INFO - 24/10/24 18:25:34 INFO MemoryStore: Block broadcast_8 stored as values in memory (estimated size 199.1 KiB, free 433.7 MiB)
[2024-10-24T18:25:34.405+0000] {spark_submit.py:524} INFO - 24/10/24 18:25:34 INFO BlockManagerInfo: Removed broadcast_5_piece0 on f55139681ae8:46567 in memory (size: 34.1 KiB, free: 434.4 MiB)
[2024-10-24T18:25:34.408+0000] {spark_submit.py:524} INFO - 24/10/24 18:25:34 INFO BlockManagerInfo: Removed broadcast_5_piece0 on 172.18.0.5:35057 in memory (size: 34.1 KiB, free: 434.4 MiB)
[2024-10-24T18:25:34.412+0000] {spark_submit.py:524} INFO - 24/10/24 18:25:34 INFO MemoryStore: Block broadcast_8_piece0 stored as bytes in memory (estimated size 34.1 KiB, free 433.9 MiB)
[2024-10-24T18:25:34.412+0000] {spark_submit.py:524} INFO - 24/10/24 18:25:34 INFO BlockManagerInfo: Added broadcast_8_piece0 in memory on f55139681ae8:46567 (size: 34.1 KiB, free: 434.3 MiB)
[2024-10-24T18:25:34.414+0000] {spark_submit.py:524} INFO - 24/10/24 18:25:34 INFO SparkContext: Created broadcast 8 from save at NativeMethodAccessorImpl.java:0
[2024-10-24T18:25:34.416+0000] {spark_submit.py:524} INFO - 24/10/24 18:25:34 INFO FileSourceScanExec: Planning scan with bin packing, max size: 4194304 bytes, open cost is considered as scanning 4194304 bytes.
[2024-10-24T18:25:34.429+0000] {spark_submit.py:524} INFO - 24/10/24 18:25:34 INFO BlockManagerInfo: Removed broadcast_7_piece0 on f55139681ae8:46567 in memory (size: 5.9 KiB, free: 434.3 MiB)
[2024-10-24T18:25:34.435+0000] {spark_submit.py:524} INFO - 24/10/24 18:25:34 INFO BlockManagerInfo: Removed broadcast_7_piece0 on 172.18.0.5:35057 in memory (size: 5.9 KiB, free: 434.4 MiB)
[2024-10-24T18:25:34.451+0000] {spark_submit.py:524} INFO - 24/10/24 18:25:34 INFO SparkContext: Starting job: save at NativeMethodAccessorImpl.java:0
[2024-10-24T18:25:34.452+0000] {spark_submit.py:524} INFO - 24/10/24 18:25:34 INFO DAGScheduler: Got job 5 (save at NativeMethodAccessorImpl.java:0) with 1 output partitions
[2024-10-24T18:25:34.453+0000] {spark_submit.py:524} INFO - 24/10/24 18:25:34 INFO DAGScheduler: Final stage: ResultStage 7 (save at NativeMethodAccessorImpl.java:0)
[2024-10-24T18:25:34.453+0000] {spark_submit.py:524} INFO - 24/10/24 18:25:34 INFO DAGScheduler: Parents of final stage: List()
[2024-10-24T18:25:34.453+0000] {spark_submit.py:524} INFO - 24/10/24 18:25:34 INFO DAGScheduler: Missing parents: List()
[2024-10-24T18:25:34.453+0000] {spark_submit.py:524} INFO - 24/10/24 18:25:34 INFO DAGScheduler: Submitting ResultStage 7 (MapPartitionsRDD[21] at save at NativeMethodAccessorImpl.java:0), which has no missing parents
[2024-10-24T18:25:34.488+0000] {spark_submit.py:524} INFO - 24/10/24 18:25:34 INFO MemoryStore: Block broadcast_9 stored as values in memory (estimated size 236.8 KiB, free 433.7 MiB)
[2024-10-24T18:25:34.493+0000] {spark_submit.py:524} INFO - 24/10/24 18:25:34 INFO MemoryStore: Block broadcast_9_piece0 stored as bytes in memory (estimated size 85.9 KiB, free 433.6 MiB)
[2024-10-24T18:25:34.494+0000] {spark_submit.py:524} INFO - 24/10/24 18:25:34 INFO BlockManagerInfo: Added broadcast_9_piece0 in memory on f55139681ae8:46567 (size: 85.9 KiB, free: 434.2 MiB)
[2024-10-24T18:25:34.495+0000] {spark_submit.py:524} INFO - 24/10/24 18:25:34 INFO SparkContext: Created broadcast 9 from broadcast at DAGScheduler.scala:1580
[2024-10-24T18:25:34.495+0000] {spark_submit.py:524} INFO - 24/10/24 18:25:34 INFO DAGScheduler: Submitting 1 missing tasks from ResultStage 7 (MapPartitionsRDD[21] at save at NativeMethodAccessorImpl.java:0) (first 15 tasks are for partitions Vector(0))
[2024-10-24T18:25:34.496+0000] {spark_submit.py:524} INFO - 24/10/24 18:25:34 INFO TaskSchedulerImpl: Adding task set 7.0 with 1 tasks resource profile 0
[2024-10-24T18:25:34.497+0000] {spark_submit.py:524} INFO - 24/10/24 18:25:34 INFO TaskSetManager: Starting task 0.0 in stage 7.0 (TID 5) (172.18.0.5, executor 0, partition 0, PROCESS_LOCAL, 8252 bytes)
[2024-10-24T18:25:34.511+0000] {spark_submit.py:524} INFO - 24/10/24 18:25:34 INFO BlockManagerInfo: Added broadcast_9_piece0 in memory on 172.18.0.5:35057 (size: 85.9 KiB, free: 434.3 MiB)
[2024-10-24T18:25:34.851+0000] {spark_submit.py:524} INFO - 24/10/24 18:25:34 INFO BlockManagerInfo: Added broadcast_8_piece0 in memory on 172.18.0.5:35057 (size: 34.1 KiB, free: 434.2 MiB)
[2024-10-24T18:25:36.470+0000] {spark_submit.py:524} INFO - 24/10/24 18:25:36 INFO TaskSetManager: Finished task 0.0 in stage 7.0 (TID 5) in 1972 ms on 172.18.0.5 (executor 0) (1/1)
[2024-10-24T18:25:36.470+0000] {spark_submit.py:524} INFO - 24/10/24 18:25:36 INFO TaskSchedulerImpl: Removed TaskSet 7.0, whose tasks have all completed, from pool
[2024-10-24T18:25:36.471+0000] {spark_submit.py:524} INFO - 24/10/24 18:25:36 INFO DAGScheduler: ResultStage 7 (save at NativeMethodAccessorImpl.java:0) finished in 2.016 s
[2024-10-24T18:25:36.471+0000] {spark_submit.py:524} INFO - 24/10/24 18:25:36 INFO DAGScheduler: Job 5 is finished. Cancelling potential speculative or zombie tasks for this job
[2024-10-24T18:25:36.471+0000] {spark_submit.py:524} INFO - 24/10/24 18:25:36 INFO TaskSchedulerImpl: Killing all running tasks in stage 7: Stage finished
[2024-10-24T18:25:36.472+0000] {spark_submit.py:524} INFO - 24/10/24 18:25:36 INFO DAGScheduler: Job 5 finished: save at NativeMethodAccessorImpl.java:0, took 2.020209 s
[2024-10-24T18:25:36.473+0000] {spark_submit.py:524} INFO - 24/10/24 18:25:36 INFO FileFormatWriter: Start to commit write Job 00d4137f-4795-40e0-9c61-6f27ca9ba039.
[2024-10-24T18:25:36.503+0000] {spark_submit.py:524} INFO - 24/10/24 18:25:36 INFO FileFormatWriter: Write Job 00d4137f-4795-40e0-9c61-6f27ca9ba039 committed. Elapsed time: 29 ms.
[2024-10-24T18:25:36.508+0000] {spark_submit.py:524} INFO - 24/10/24 18:25:36 INFO FileFormatWriter: Finished processing stats for write job 00d4137f-4795-40e0-9c61-6f27ca9ba039.
[2024-10-24T18:25:36.521+0000] {spark_submit.py:524} INFO - Arquivos gerados com sucesso na camada Silver
[2024-10-24T18:25:36.522+0000] {spark_submit.py:524} INFO - 24/10/24 18:25:36 INFO SparkContext: SparkContext is stopping with exitCode 0.
[2024-10-24T18:25:36.536+0000] {spark_submit.py:524} INFO - 24/10/24 18:25:36 INFO SparkUI: Stopped Spark web UI at http://f55139681ae8:4040
[2024-10-24T18:25:36.540+0000] {spark_submit.py:524} INFO - 24/10/24 18:25:36 INFO StandaloneSchedulerBackend: Shutting down all executors
[2024-10-24T18:25:36.540+0000] {spark_submit.py:524} INFO - 24/10/24 18:25:36 INFO StandaloneSchedulerBackend$StandaloneDriverEndpoint: Asking each executor to shut down
[2024-10-24T18:25:36.569+0000] {spark_submit.py:524} INFO - 24/10/24 18:25:36 INFO MapOutputTrackerMasterEndpoint: MapOutputTrackerMasterEndpoint stopped!
[2024-10-24T18:25:36.592+0000] {spark_submit.py:524} INFO - 24/10/24 18:25:36 INFO MemoryStore: MemoryStore cleared
[2024-10-24T18:25:36.593+0000] {spark_submit.py:524} INFO - 24/10/24 18:25:36 INFO BlockManager: BlockManager stopped
[2024-10-24T18:25:36.598+0000] {spark_submit.py:524} INFO - 24/10/24 18:25:36 INFO BlockManagerMaster: BlockManagerMaster stopped
[2024-10-24T18:25:36.601+0000] {spark_submit.py:524} INFO - 24/10/24 18:25:36 INFO OutputCommitCoordinator$OutputCommitCoordinatorEndpoint: OutputCommitCoordinator stopped!
[2024-10-24T18:25:36.609+0000] {spark_submit.py:524} INFO - 24/10/24 18:25:36 INFO SparkContext: Successfully stopped SparkContext
[2024-10-24T18:25:36.715+0000] {spark_submit.py:524} INFO - 24/10/24 18:25:36 INFO ShutdownHookManager: Shutdown hook called
[2024-10-24T18:25:36.716+0000] {spark_submit.py:524} INFO - 24/10/24 18:25:36 INFO ShutdownHookManager: Deleting directory /tmp/spark-b231bd61-4a41-47f7-91a2-aefebbe1dd6b/pyspark-9dae1241-2fa0-45f7-92db-f2a7c8a23cd9
[2024-10-24T18:25:36.720+0000] {spark_submit.py:524} INFO - 24/10/24 18:25:36 INFO ShutdownHookManager: Deleting directory /tmp/spark-b231bd61-4a41-47f7-91a2-aefebbe1dd6b
[2024-10-24T18:25:36.725+0000] {spark_submit.py:524} INFO - 24/10/24 18:25:36 INFO ShutdownHookManager: Deleting directory /tmp/spark-687937e1-fe29-4ed8-8695-12a2a04f9fb6
[2024-10-24T18:25:36.804+0000] {taskinstance.py:1398} INFO - Marking task as SUCCESS. dag_id=api_openbrewerydb_to_silver_gold, task_id=Silver, execution_date=20241024T182522, start_date=20241024T182523, end_date=20241024T182536
[2024-10-24T18:25:36.859+0000] {local_task_job_runner.py:228} INFO - Task exited with return code 0
[2024-10-24T18:25:36.908+0000] {taskinstance.py:2776} INFO - 1 downstream tasks scheduled from follow-on schedule check
