[2024-10-24T01:12:29.220+0000] {taskinstance.py:1157} INFO - Dependencies all met for dep_context=non-requeueable deps ti=<TaskInstance: api_openbrewerydb_to_silver_gold.Silver scheduled__2023-11-04T08:00:00+00:00 [queued]>
[2024-10-24T01:12:29.296+0000] {taskinstance.py:1157} INFO - Dependencies all met for dep_context=requeueable deps ti=<TaskInstance: api_openbrewerydb_to_silver_gold.Silver scheduled__2023-11-04T08:00:00+00:00 [queued]>
[2024-10-24T01:12:29.296+0000] {taskinstance.py:1359} INFO - Starting attempt 1 of 3
[2024-10-24T01:12:29.532+0000] {taskinstance.py:1380} INFO - Executing <Task(SparkSubmitOperator): Silver> on 2023-11-04 08:00:00+00:00
[2024-10-24T01:12:29.568+0000] {standard_task_runner.py:84} INFO - Running: ['***', 'tasks', 'run', 'api_openbrewerydb_to_silver_gold', 'Silver', 'scheduled__2023-11-04T08:00:00+00:00', '--job-id', '53', '--raw', '--subdir', 'DAGS_FOLDER/api_openbrewerydb_to_silver.py', '--cfg-path', '/tmp/tmpezihf2i9']
[2024-10-24T01:12:29.578+0000] {standard_task_runner.py:85} INFO - Job 53: Subtask Silver
[2024-10-24T01:12:29.633+0000] {standard_task_runner.py:57} INFO - Started process 770 to run task
[2024-10-24T01:12:30.022+0000] {task_command.py:415} INFO - Running <TaskInstance: api_openbrewerydb_to_silver_gold.Silver scheduled__2023-11-04T08:00:00+00:00 [running]> on host de5108c6da1d
[2024-10-24T01:12:30.410+0000] {taskinstance.py:1660} INFO - Exporting env vars: AIRFLOW_CTX_DAG_OWNER='Rodrigo Araujo' AIRFLOW_CTX_DAG_ID='api_openbrewerydb_to_silver_gold' AIRFLOW_CTX_TASK_ID='Silver' AIRFLOW_CTX_EXECUTION_DATE='2023-11-04T08:00:00+00:00' AIRFLOW_CTX_TRY_NUMBER='1' AIRFLOW_CTX_DAG_RUN_ID='scheduled__2023-11-04T08:00:00+00:00'
[2024-10-24T01:12:30.448+0000] {base.py:73} INFO - Using connection ID 'spark-conn' for task execution.
[2024-10-24T01:12:30.449+0000] {spark_submit.py:363} INFO - Spark-Submit cmd: spark-submit --master spark://spark-master:7077 --name arrow-spark --queue root.default jobs/silver/api_openbrewerydb.py
[2024-10-24T01:17:19.300+0000] {local_task_job_runner.py:294} WARNING - State of this instance has been externally set to scheduled. Terminating instance.
[2024-10-24T01:17:19.325+0000] {process_utils.py:131} INFO - Sending 15 to group 770. PIDs of all processes in the group: [788, 770]
[2024-10-24T01:17:19.326+0000] {process_utils.py:86} INFO - Sending the signal 15 to group 770
[2024-10-24T01:17:19.326+0000] {taskinstance.py:1630} ERROR - Received SIGTERM. Terminating subprocesses.
[2024-10-24T01:17:19.327+0000] {spark_submit.py:654} INFO - Sending kill signal to spark-submit
[2024-10-24T01:17:19.627+0000] {taskinstance.py:1935} ERROR - Task failed with exception
Traceback (most recent call last):
  File "/home/airflow/.local/lib/python3.11/site-packages/airflow/providers/apache/spark/operators/spark_submit.py", line 183, in execute
    self._hook.submit(self._application)
  File "/home/airflow/.local/lib/python3.11/site-packages/airflow/providers/apache/spark/hooks/spark_submit.py", line 438, in submit
    self._process_spark_submit_log(iter(self._submit_sp.stdout))  # type: ignore
    ^^^^^^^^^^^^^^^^^^^^^^^^^^^^^^^^^^^^^^^^^^^^^^^^^^^^^^^^^^^^
  File "/home/airflow/.local/lib/python3.11/site-packages/airflow/providers/apache/spark/hooks/spark_submit.py", line 492, in _process_spark_submit_log
    for line in itr:
  File "/home/airflow/.local/lib/python3.11/site-packages/airflow/models/taskinstance.py", line 1632, in signal_handler
    raise AirflowException("Task received SIGTERM signal")
airflow.exceptions.AirflowException: Task received SIGTERM signal
[2024-10-24T01:17:19.693+0000] {taskinstance.py:1398} INFO - Marking task as UP_FOR_RETRY. dag_id=api_openbrewerydb_to_silver_gold, task_id=Silver, execution_date=20231104T080000, start_date=20241024T011229, end_date=20241024T011719
[2024-10-24T01:17:19.854+0000] {standard_task_runner.py:104} ERROR - Failed to execute job 53 for task Silver (Task received SIGTERM signal; 770)
[2024-10-24T01:17:19.925+0000] {process_utils.py:79} INFO - Process psutil.Process(pid=770, status='terminated', exitcode=1, started='01:12:28') (770) terminated with exit code 1
[2024-10-24T01:17:19.927+0000] {process_utils.py:79} INFO - Process psutil.Process(pid=788, status='terminated', started='01:12:29') (788) terminated with exit code None
