[2024-10-24T15:29:40.586+0000] {taskinstance.py:1157} INFO - Dependencies all met for dep_context=non-requeueable deps ti=<TaskInstance: api_openbrewerydb_to_silver_gold.Gold manual__2024-10-24T15:29:26.512583+00:00 [queued]>
[2024-10-24T15:29:40.593+0000] {taskinstance.py:1157} INFO - Dependencies all met for dep_context=requeueable deps ti=<TaskInstance: api_openbrewerydb_to_silver_gold.Gold manual__2024-10-24T15:29:26.512583+00:00 [queued]>
[2024-10-24T15:29:40.593+0000] {taskinstance.py:1359} INFO - Starting attempt 1 of 2
[2024-10-24T15:29:40.604+0000] {taskinstance.py:1380} INFO - Executing <Task(SparkSubmitOperator): Gold> on 2024-10-24 15:29:26.512583+00:00
[2024-10-24T15:29:40.609+0000] {standard_task_runner.py:57} INFO - Started process 1478 to run task
[2024-10-24T15:29:40.611+0000] {standard_task_runner.py:84} INFO - Running: ['***', 'tasks', 'run', 'api_openbrewerydb_to_silver_gold', 'Gold', 'manual__2024-10-24T15:29:26.512583+00:00', '--job-id', '141', '--raw', '--subdir', 'DAGS_FOLDER/api_openbrewerydb_to_silver.py', '--cfg-path', '/tmp/tmpdtuwp74_']
[2024-10-24T15:29:40.616+0000] {standard_task_runner.py:85} INFO - Job 141: Subtask Gold
[2024-10-24T15:29:40.662+0000] {task_command.py:415} INFO - Running <TaskInstance: api_openbrewerydb_to_silver_gold.Gold manual__2024-10-24T15:29:26.512583+00:00 [running]> on host e995fa603d7f
[2024-10-24T15:29:40.745+0000] {taskinstance.py:1660} INFO - Exporting env vars: AIRFLOW_CTX_DAG_OWNER='Rodrigo Araujo' AIRFLOW_CTX_DAG_ID='api_openbrewerydb_to_silver_gold' AIRFLOW_CTX_TASK_ID='Gold' AIRFLOW_CTX_EXECUTION_DATE='2024-10-24T15:29:26.512583+00:00' AIRFLOW_CTX_TRY_NUMBER='1' AIRFLOW_CTX_DAG_RUN_ID='manual__2024-10-24T15:29:26.512583+00:00'
[2024-10-24T15:29:40.756+0000] {base.py:73} INFO - Using connection ID 'spark-conn' for task execution.
[2024-10-24T15:29:40.757+0000] {spark_submit.py:363} INFO - Spark-Submit cmd: spark-submit --master spark://spark-master:7077 --name arrow-spark jobs/gold/api_openbrewerydb.py
[2024-10-24T15:29:43.458+0000] {spark_submit.py:524} INFO - 24/10/24 15:29:43 INFO SparkContext: Running Spark version 3.5.0
[2024-10-24T15:29:43.460+0000] {spark_submit.py:524} INFO - 24/10/24 15:29:43 INFO SparkContext: OS info Linux, 5.15.0-124-generic, amd64
[2024-10-24T15:29:43.460+0000] {spark_submit.py:524} INFO - 24/10/24 15:29:43 INFO SparkContext: Java version 17.0.13
[2024-10-24T15:29:43.550+0000] {spark_submit.py:524} INFO - 24/10/24 15:29:43 WARN NativeCodeLoader: Unable to load native-hadoop library for your platform... using builtin-java classes where applicable
[2024-10-24T15:29:43.687+0000] {spark_submit.py:524} INFO - 24/10/24 15:29:43 INFO ResourceUtils: ==============================================================
[2024-10-24T15:29:43.688+0000] {spark_submit.py:524} INFO - 24/10/24 15:29:43 INFO ResourceUtils: No custom resources configured for spark.driver.
[2024-10-24T15:29:43.691+0000] {spark_submit.py:524} INFO - 24/10/24 15:29:43 INFO ResourceUtils: ==============================================================
[2024-10-24T15:29:43.692+0000] {spark_submit.py:524} INFO - 24/10/24 15:29:43 INFO SparkContext: Submitted application: IngestaoSilver
[2024-10-24T15:29:43.721+0000] {spark_submit.py:524} INFO - 24/10/24 15:29:43 INFO ResourceProfile: Default ResourceProfile created, executor resources: Map(memory -> name: memory, amount: 1024, script: , vendor: , offHeap -> name: offHeap, amount: 0, script: , vendor: ), task resources: Map(cpus -> name: cpus, amount: 1.0)
[2024-10-24T15:29:43.733+0000] {spark_submit.py:524} INFO - 24/10/24 15:29:43 INFO ResourceProfile: Limiting resource is cpu
[2024-10-24T15:29:43.734+0000] {spark_submit.py:524} INFO - 24/10/24 15:29:43 INFO ResourceProfileManager: Added ResourceProfile id: 0
[2024-10-24T15:29:43.786+0000] {spark_submit.py:524} INFO - 24/10/24 15:29:43 INFO SecurityManager: Changing view acls to: ***
[2024-10-24T15:29:43.787+0000] {spark_submit.py:524} INFO - 24/10/24 15:29:43 INFO SecurityManager: Changing modify acls to: ***
[2024-10-24T15:29:43.787+0000] {spark_submit.py:524} INFO - 24/10/24 15:29:43 INFO SecurityManager: Changing view acls groups to:
[2024-10-24T15:29:43.788+0000] {spark_submit.py:524} INFO - 24/10/24 15:29:43 INFO SecurityManager: Changing modify acls groups to:
[2024-10-24T15:29:43.788+0000] {spark_submit.py:524} INFO - 24/10/24 15:29:43 INFO SecurityManager: SecurityManager: authentication disabled; ui acls disabled; users with view permissions: ***; groups with view permissions: EMPTY; users with modify permissions: ***; groups with modify permissions: EMPTY
[2024-10-24T15:29:44.091+0000] {spark_submit.py:524} INFO - 24/10/24 15:29:44 INFO Utils: Successfully started service 'sparkDriver' on port 44575.
[2024-10-24T15:29:44.123+0000] {spark_submit.py:524} INFO - 24/10/24 15:29:44 INFO SparkEnv: Registering MapOutputTracker
[2024-10-24T15:29:44.157+0000] {spark_submit.py:524} INFO - 24/10/24 15:29:44 INFO SparkEnv: Registering BlockManagerMaster
[2024-10-24T15:29:44.174+0000] {spark_submit.py:524} INFO - 24/10/24 15:29:44 INFO BlockManagerMasterEndpoint: Using org.apache.spark.storage.DefaultTopologyMapper for getting topology information
[2024-10-24T15:29:44.174+0000] {spark_submit.py:524} INFO - 24/10/24 15:29:44 INFO BlockManagerMasterEndpoint: BlockManagerMasterEndpoint up
[2024-10-24T15:29:44.178+0000] {spark_submit.py:524} INFO - 24/10/24 15:29:44 INFO SparkEnv: Registering BlockManagerMasterHeartbeat
[2024-10-24T15:29:44.193+0000] {spark_submit.py:524} INFO - 24/10/24 15:29:44 INFO DiskBlockManager: Created local directory at /tmp/blockmgr-ab467e6a-3bc2-4cf2-8d3b-f5e4487957bf
[2024-10-24T15:29:44.205+0000] {spark_submit.py:524} INFO - 24/10/24 15:29:44 INFO MemoryStore: MemoryStore started with capacity 434.4 MiB
[2024-10-24T15:29:44.221+0000] {spark_submit.py:524} INFO - 24/10/24 15:29:44 INFO SparkEnv: Registering OutputCommitCoordinator
[2024-10-24T15:29:44.358+0000] {spark_submit.py:524} INFO - 24/10/24 15:29:44 INFO JettyUtils: Start Jetty 0.0.0.0:4040 for SparkUI
[2024-10-24T15:29:44.405+0000] {spark_submit.py:524} INFO - 24/10/24 15:29:44 INFO Utils: Successfully started service 'SparkUI' on port 4040.
[2024-10-24T15:29:44.525+0000] {spark_submit.py:524} INFO - 24/10/24 15:29:44 INFO StandaloneAppClient$ClientEndpoint: Connecting to master spark://spark-master:7077...
[2024-10-24T15:29:44.574+0000] {spark_submit.py:524} INFO - 24/10/24 15:29:44 INFO TransportClientFactory: Successfully created connection to spark-master/172.18.0.3:7077 after 28 ms (0 ms spent in bootstraps)
[2024-10-24T15:29:44.650+0000] {spark_submit.py:524} INFO - 24/10/24 15:29:44 INFO StandaloneSchedulerBackend: Connected to Spark cluster with app ID app-20241024152944-0007
[2024-10-24T15:29:44.659+0000] {spark_submit.py:524} INFO - 24/10/24 15:29:44 INFO StandaloneAppClient$ClientEndpoint: Executor added: app-20241024152944-0007/0 on worker-20241024152407-172.18.0.5-37749 (172.18.0.5:37749) with 2 core(s)
[2024-10-24T15:29:44.662+0000] {spark_submit.py:524} INFO - 24/10/24 15:29:44 INFO StandaloneSchedulerBackend: Granted executor ID app-20241024152944-0007/0 on hostPort 172.18.0.5:37749 with 2 core(s), 1024.0 MiB RAM
[2024-10-24T15:29:44.664+0000] {spark_submit.py:524} INFO - 24/10/24 15:29:44 INFO Utils: Successfully started service 'org.apache.spark.network.netty.NettyBlockTransferService' on port 36981.
[2024-10-24T15:29:44.664+0000] {spark_submit.py:524} INFO - 24/10/24 15:29:44 INFO NettyBlockTransferService: Server created on e995fa603d7f:36981
[2024-10-24T15:29:44.666+0000] {spark_submit.py:524} INFO - 24/10/24 15:29:44 INFO BlockManager: Using org.apache.spark.storage.RandomBlockReplicationPolicy for block replication policy
[2024-10-24T15:29:44.677+0000] {spark_submit.py:524} INFO - 24/10/24 15:29:44 INFO BlockManagerMaster: Registering BlockManager BlockManagerId(driver, e995fa603d7f, 36981, None)
[2024-10-24T15:29:44.685+0000] {spark_submit.py:524} INFO - 24/10/24 15:29:44 INFO BlockManagerMasterEndpoint: Registering block manager e995fa603d7f:36981 with 434.4 MiB RAM, BlockManagerId(driver, e995fa603d7f, 36981, None)
[2024-10-24T15:29:44.689+0000] {spark_submit.py:524} INFO - 24/10/24 15:29:44 INFO BlockManagerMaster: Registered BlockManager BlockManagerId(driver, e995fa603d7f, 36981, None)
[2024-10-24T15:29:44.692+0000] {spark_submit.py:524} INFO - 24/10/24 15:29:44 INFO BlockManager: Initialized BlockManager: BlockManagerId(driver, e995fa603d7f, 36981, None)
[2024-10-24T15:29:44.711+0000] {spark_submit.py:524} INFO - 24/10/24 15:29:44 INFO StandaloneAppClient$ClientEndpoint: Executor updated: app-20241024152944-0007/0 is now RUNNING
[2024-10-24T15:29:45.091+0000] {spark_submit.py:524} INFO - 24/10/24 15:29:45 INFO StandaloneSchedulerBackend: SchedulerBackend is ready for scheduling beginning after reached minRegisteredResourcesRatio: 0.0
[2024-10-24T15:29:45.365+0000] {spark_submit.py:524} INFO - Hello from Spark!
[2024-10-24T15:29:45.366+0000] {spark_submit.py:524} INFO - 24/10/24 15:29:45 INFO SparkContext: SparkContext is stopping with exitCode 0.
[2024-10-24T15:29:45.384+0000] {spark_submit.py:524} INFO - 24/10/24 15:29:45 INFO SparkUI: Stopped Spark web UI at http://e995fa603d7f:4040
[2024-10-24T15:29:45.389+0000] {spark_submit.py:524} INFO - 24/10/24 15:29:45 INFO StandaloneSchedulerBackend: Shutting down all executors
[2024-10-24T15:29:45.392+0000] {spark_submit.py:524} INFO - 24/10/24 15:29:45 INFO StandaloneSchedulerBackend$StandaloneDriverEndpoint: Asking each executor to shut down
[2024-10-24T15:29:45.415+0000] {spark_submit.py:524} INFO - 24/10/24 15:29:45 INFO MapOutputTrackerMasterEndpoint: MapOutputTrackerMasterEndpoint stopped!
[2024-10-24T15:29:45.435+0000] {spark_submit.py:524} INFO - 24/10/24 15:29:45 INFO MemoryStore: MemoryStore cleared
[2024-10-24T15:29:45.437+0000] {spark_submit.py:524} INFO - 24/10/24 15:29:45 INFO BlockManager: BlockManager stopped
[2024-10-24T15:29:45.446+0000] {spark_submit.py:524} INFO - 24/10/24 15:29:45 INFO BlockManagerMaster: BlockManagerMaster stopped
[2024-10-24T15:29:45.448+0000] {spark_submit.py:524} INFO - 24/10/24 15:29:45 INFO OutputCommitCoordinator$OutputCommitCoordinatorEndpoint: OutputCommitCoordinator stopped!
[2024-10-24T15:29:45.463+0000] {spark_submit.py:524} INFO - 24/10/24 15:29:45 INFO SparkContext: Successfully stopped SparkContext
[2024-10-24T15:29:45.840+0000] {spark_submit.py:524} INFO - 24/10/24 15:29:45 INFO ShutdownHookManager: Shutdown hook called
[2024-10-24T15:29:45.844+0000] {spark_submit.py:524} INFO - 24/10/24 15:29:45 INFO ShutdownHookManager: Deleting directory /tmp/spark-69eb5921-aa1d-4694-925e-333e0334fbfa
[2024-10-24T15:29:45.871+0000] {spark_submit.py:524} INFO - 24/10/24 15:29:45 INFO ShutdownHookManager: Deleting directory /tmp/spark-69eb5921-aa1d-4694-925e-333e0334fbfa/pyspark-a713da63-68a3-4402-98c1-2a5b1114fd7a
[2024-10-24T15:29:45.880+0000] {spark_submit.py:524} INFO - 24/10/24 15:29:45 INFO ShutdownHookManager: Deleting directory /tmp/spark-6f483421-b634-490f-b281-8af478260b28
[2024-10-24T15:29:46.016+0000] {taskinstance.py:1398} INFO - Marking task as SUCCESS. dag_id=api_openbrewerydb_to_silver_gold, task_id=Gold, execution_date=20241024T152926, start_date=20241024T152940, end_date=20241024T152946
[2024-10-24T15:29:46.093+0000] {local_task_job_runner.py:228} INFO - Task exited with return code 0
[2024-10-24T15:29:46.124+0000] {taskinstance.py:2776} INFO - 0 downstream tasks scheduled from follow-on schedule check
