[2024-10-24T01:22:10.510+0000] {taskinstance.py:1157} INFO - Dependencies all met for dep_context=non-requeueable deps ti=<TaskInstance: api_openbrewerydb_to_silver_gold.Gold scheduled__2023-11-22T08:00:00+00:00 [queued]>
[2024-10-24T01:22:10.527+0000] {taskinstance.py:1157} INFO - Dependencies all met for dep_context=requeueable deps ti=<TaskInstance: api_openbrewerydb_to_silver_gold.Gold scheduled__2023-11-22T08:00:00+00:00 [queued]>
[2024-10-24T01:22:10.527+0000] {taskinstance.py:1359} INFO - Starting attempt 1 of 3
[2024-10-24T01:22:10.549+0000] {taskinstance.py:1380} INFO - Executing <Task(SparkSubmitOperator): Gold> on 2023-11-22 08:00:00+00:00
[2024-10-24T01:22:10.555+0000] {standard_task_runner.py:57} INFO - Started process 7096 to run task
[2024-10-24T01:22:10.559+0000] {standard_task_runner.py:84} INFO - Running: ['***', 'tasks', 'run', 'api_openbrewerydb_to_silver_gold', 'Gold', 'scheduled__2023-11-22T08:00:00+00:00', '--job-id', '108', '--raw', '--subdir', 'DAGS_FOLDER/api_openbrewerydb_to_silver.py', '--cfg-path', '/tmp/tmpj7rb8fhw']
[2024-10-24T01:22:10.567+0000] {standard_task_runner.py:85} INFO - Job 108: Subtask Gold
[2024-10-24T01:22:10.663+0000] {task_command.py:415} INFO - Running <TaskInstance: api_openbrewerydb_to_silver_gold.Gold scheduled__2023-11-22T08:00:00+00:00 [running]> on host de5108c6da1d
[2024-10-24T01:22:10.835+0000] {taskinstance.py:1660} INFO - Exporting env vars: AIRFLOW_CTX_DAG_OWNER='Rodrigo Araujo' AIRFLOW_CTX_DAG_ID='api_openbrewerydb_to_silver_gold' AIRFLOW_CTX_TASK_ID='Gold' AIRFLOW_CTX_EXECUTION_DATE='2023-11-22T08:00:00+00:00' AIRFLOW_CTX_TRY_NUMBER='1' AIRFLOW_CTX_DAG_RUN_ID='scheduled__2023-11-22T08:00:00+00:00'
[2024-10-24T01:22:10.869+0000] {base.py:73} INFO - Using connection ID 'spark-conn' for task execution.
[2024-10-24T01:22:10.871+0000] {spark_submit.py:363} INFO - Spark-Submit cmd: spark-submit --master spark://spark-master:7077 --name arrow-spark --queue root.default jobs/gold/api_openbrewerydb.py
[2024-10-24T01:22:18.317+0000] {spark_submit.py:524} INFO - 24/10/24 01:22:18 INFO SparkContext: Running Spark version 3.5.3
[2024-10-24T01:22:18.322+0000] {spark_submit.py:524} INFO - 24/10/24 01:22:18 INFO SparkContext: OS info Linux, 5.15.0-124-generic, amd64
[2024-10-24T01:22:18.327+0000] {spark_submit.py:524} INFO - 24/10/24 01:22:18 INFO SparkContext: Java version 11.0.25
[2024-10-24T01:22:18.493+0000] {spark_submit.py:524} INFO - 24/10/24 01:22:18 WARN NativeCodeLoader: Unable to load native-hadoop library for your platform... using builtin-java classes where applicable
[2024-10-24T01:22:18.765+0000] {spark_submit.py:524} INFO - 24/10/24 01:22:18 INFO ResourceUtils: ==============================================================
[2024-10-24T01:22:18.766+0000] {spark_submit.py:524} INFO - 24/10/24 01:22:18 INFO ResourceUtils: No custom resources configured for spark.driver.
[2024-10-24T01:22:18.767+0000] {spark_submit.py:524} INFO - 24/10/24 01:22:18 INFO ResourceUtils: ==============================================================
[2024-10-24T01:22:18.768+0000] {spark_submit.py:524} INFO - 24/10/24 01:22:18 INFO SparkContext: Submitted application: IngestaoSilver
[2024-10-24T01:22:18.832+0000] {spark_submit.py:524} INFO - 24/10/24 01:22:18 INFO ResourceProfile: Default ResourceProfile created, executor resources: Map(memory -> name: memory, amount: 1024, script: , vendor: , offHeap -> name: offHeap, amount: 0, script: , vendor: ), task resources: Map(cpus -> name: cpus, amount: 1.0)
[2024-10-24T01:22:18.870+0000] {spark_submit.py:524} INFO - 24/10/24 01:22:18 INFO ResourceProfile: Limiting resource is cpu
[2024-10-24T01:22:18.872+0000] {spark_submit.py:524} INFO - 24/10/24 01:22:18 INFO ResourceProfileManager: Added ResourceProfile id: 0
[2024-10-24T01:22:19.027+0000] {spark_submit.py:524} INFO - 24/10/24 01:22:19 INFO SecurityManager: Changing view acls to: ***
[2024-10-24T01:22:19.030+0000] {spark_submit.py:524} INFO - 24/10/24 01:22:19 INFO SecurityManager: Changing modify acls to: ***
[2024-10-24T01:22:19.032+0000] {spark_submit.py:524} INFO - 24/10/24 01:22:19 INFO SecurityManager: Changing view acls groups to:
[2024-10-24T01:22:19.034+0000] {spark_submit.py:524} INFO - 24/10/24 01:22:19 INFO SecurityManager: Changing modify acls groups to:
[2024-10-24T01:22:19.036+0000] {spark_submit.py:524} INFO - 24/10/24 01:22:19 INFO SecurityManager: SecurityManager: authentication disabled; ui acls disabled; users with view permissions: ***; groups with view permissions: EMPTY; users with modify permissions: ***; groups with modify permissions: EMPTY
[2024-10-24T01:22:19.729+0000] {spark_submit.py:524} INFO - 24/10/24 01:22:19 INFO Utils: Successfully started service 'sparkDriver' on port 44719.
[2024-10-24T01:22:19.843+0000] {spark_submit.py:524} INFO - 24/10/24 01:22:19 INFO SparkEnv: Registering MapOutputTracker
[2024-10-24T01:22:19.999+0000] {spark_submit.py:524} INFO - 24/10/24 01:22:19 INFO SparkEnv: Registering BlockManagerMaster
[2024-10-24T01:22:20.093+0000] {spark_submit.py:524} INFO - 24/10/24 01:22:20 INFO BlockManagerMasterEndpoint: Using org.apache.spark.storage.DefaultTopologyMapper for getting topology information
[2024-10-24T01:22:20.111+0000] {spark_submit.py:524} INFO - 24/10/24 01:22:20 INFO BlockManagerMasterEndpoint: BlockManagerMasterEndpoint up
[2024-10-24T01:22:20.137+0000] {spark_submit.py:524} INFO - 24/10/24 01:22:20 INFO SparkEnv: Registering BlockManagerMasterHeartbeat
[2024-10-24T01:22:20.294+0000] {spark_submit.py:524} INFO - 24/10/24 01:22:20 INFO DiskBlockManager: Created local directory at /tmp/blockmgr-4f815133-d963-440c-abea-993c309cb5d9
[2024-10-24T01:22:20.561+0000] {spark_submit.py:524} INFO - 24/10/24 01:22:20 INFO MemoryStore: MemoryStore started with capacity 434.4 MiB
[2024-10-24T01:22:20.729+0000] {spark_submit.py:524} INFO - 24/10/24 01:22:20 INFO SparkEnv: Registering OutputCommitCoordinator
[2024-10-24T01:22:22.298+0000] {spark_submit.py:524} INFO - 24/10/24 01:22:22 INFO JettyUtils: Start Jetty 0.0.0.0:4040 for SparkUI
[2024-10-24T01:22:22.849+0000] {spark_submit.py:524} INFO - 24/10/24 01:22:22 WARN Utils: Service 'SparkUI' could not bind on port 4040. Attempting port 4041.
[2024-10-24T01:22:23.015+0000] {spark_submit.py:524} INFO - 24/10/24 01:22:23 INFO Utils: Successfully started service 'SparkUI' on port 4041.
[2024-10-24T01:22:24.825+0000] {spark_submit.py:524} INFO - 24/10/24 01:22:24 INFO StandaloneAppClient$ClientEndpoint: Connecting to master spark://spark-master:7077...
[2024-10-24T01:22:25.583+0000] {spark_submit.py:524} INFO - 24/10/24 01:22:25 INFO TransportClientFactory: Successfully created connection to spark-master/172.22.0.3:7077 after 403 ms (0 ms spent in bootstraps)
[2024-10-24T01:22:26.521+0000] {spark_submit.py:524} INFO - 24/10/24 01:22:26 INFO StandaloneSchedulerBackend: Connected to Spark cluster with app ID app-20241024012226-0039
[2024-10-24T01:22:26.771+0000] {spark_submit.py:524} INFO - 24/10/24 01:22:26 INFO Utils: Successfully started service 'org.apache.spark.network.netty.NettyBlockTransferService' on port 40191.
[2024-10-24T01:22:26.772+0000] {spark_submit.py:524} INFO - 24/10/24 01:22:26 INFO NettyBlockTransferService: Server created on de5108c6da1d:40191
[2024-10-24T01:22:26.776+0000] {spark_submit.py:524} INFO - 24/10/24 01:22:26 INFO BlockManager: Using org.apache.spark.storage.RandomBlockReplicationPolicy for block replication policy
[2024-10-24T01:22:26.811+0000] {spark_submit.py:524} INFO - 24/10/24 01:22:26 INFO BlockManagerMaster: Registering BlockManager BlockManagerId(driver, de5108c6da1d, 40191, None)
[2024-10-24T01:22:26.830+0000] {spark_submit.py:524} INFO - 24/10/24 01:22:26 INFO BlockManagerMasterEndpoint: Registering block manager de5108c6da1d:40191 with 434.4 MiB RAM, BlockManagerId(driver, de5108c6da1d, 40191, None)
[2024-10-24T01:22:26.855+0000] {spark_submit.py:524} INFO - 24/10/24 01:22:26 INFO BlockManagerMaster: Registered BlockManager BlockManagerId(driver, de5108c6da1d, 40191, None)
[2024-10-24T01:22:26.857+0000] {spark_submit.py:524} INFO - 24/10/24 01:22:26 INFO BlockManager: Initialized BlockManager: BlockManagerId(driver, de5108c6da1d, 40191, None)
[2024-10-24T01:22:29.695+0000] {spark_submit.py:524} INFO - 24/10/24 01:22:29 INFO StandaloneSchedulerBackend: SchedulerBackend is ready for scheduling beginning after reached minRegisteredResourcesRatio: 0.0
[2024-10-24T01:22:31.458+0000] {spark_submit.py:524} INFO - Hello from Spark!
[2024-10-24T01:22:31.468+0000] {spark_submit.py:524} INFO - 24/10/24 01:22:31 INFO SparkContext: SparkContext is stopping with exitCode 0.
[2024-10-24T01:22:31.694+0000] {spark_submit.py:524} INFO - 24/10/24 01:22:31 INFO SparkUI: Stopped Spark web UI at http://de5108c6da1d:4041
[2024-10-24T01:22:31.866+0000] {spark_submit.py:524} INFO - 24/10/24 01:22:31 INFO StandaloneSchedulerBackend: Shutting down all executors
[2024-10-24T01:22:31.897+0000] {spark_submit.py:524} INFO - 24/10/24 01:22:31 INFO StandaloneSchedulerBackend$StandaloneDriverEndpoint: Asking each executor to shut down
[2024-10-24T01:22:32.055+0000] {spark_submit.py:524} INFO - 24/10/24 01:22:32 INFO StandaloneAppClient$ClientEndpoint: Executor added: app-20241024012226-0039/0 on worker-20241024010948-172.22.0.4-41535 (172.22.0.4:41535) with 2 core(s)
[2024-10-24T01:22:32.072+0000] {spark_submit.py:524} INFO - 24/10/24 01:22:32 INFO StandaloneSchedulerBackend: Granted executor ID app-20241024012226-0039/0 on hostPort 172.22.0.4:41535 with 2 core(s), 1024.0 MiB RAM
[2024-10-24T01:22:32.248+0000] {spark_submit.py:524} INFO - 24/10/24 01:22:32 INFO MapOutputTrackerMasterEndpoint: MapOutputTrackerMasterEndpoint stopped!
[2024-10-24T01:22:32.661+0000] {spark_submit.py:524} INFO - 24/10/24 01:22:32 INFO MemoryStore: MemoryStore cleared
[2024-10-24T01:22:32.663+0000] {spark_submit.py:524} INFO - 24/10/24 01:22:32 INFO BlockManager: BlockManager stopped
[2024-10-24T01:22:32.685+0000] {spark_submit.py:524} INFO - 24/10/24 01:22:32 INFO BlockManagerMaster: BlockManagerMaster stopped
[2024-10-24T01:22:32.698+0000] {spark_submit.py:524} INFO - 24/10/24 01:22:32 INFO OutputCommitCoordinator$OutputCommitCoordinatorEndpoint: OutputCommitCoordinator stopped!
[2024-10-24T01:22:32.867+0000] {spark_submit.py:524} INFO - 24/10/24 01:22:32 INFO SparkContext: Successfully stopped SparkContext
[2024-10-24T01:22:33.767+0000] {spark_submit.py:524} INFO - 24/10/24 01:22:33 INFO ShutdownHookManager: Shutdown hook called
[2024-10-24T01:22:33.771+0000] {spark_submit.py:524} INFO - 24/10/24 01:22:33 INFO ShutdownHookManager: Deleting directory /tmp/spark-2e2c1a5b-8a8a-48e2-88ec-72de6ffc1316/pyspark-63cc8fac-4ea7-4615-96dd-9642980aeab8
[2024-10-24T01:22:33.872+0000] {spark_submit.py:524} INFO - 24/10/24 01:22:33 INFO ShutdownHookManager: Deleting directory /tmp/spark-93c0ae7b-b5c1-42a0-85a5-58d1412225f2
[2024-10-24T01:22:33.909+0000] {spark_submit.py:524} INFO - 24/10/24 01:22:33 INFO ShutdownHookManager: Deleting directory /tmp/spark-2e2c1a5b-8a8a-48e2-88ec-72de6ffc1316
[2024-10-24T01:22:34.202+0000] {taskinstance.py:1398} INFO - Marking task as SUCCESS. dag_id=api_openbrewerydb_to_silver_gold, task_id=Gold, execution_date=20231122T080000, start_date=20241024T012210, end_date=20241024T012234
[2024-10-24T01:22:34.583+0000] {local_task_job_runner.py:228} INFO - Task exited with return code 0
[2024-10-24T01:22:34.835+0000] {taskinstance.py:2776} INFO - 0 downstream tasks scheduled from follow-on schedule check
