[2024-10-24T14:25:39.973+0000] {taskinstance.py:1157} INFO - Dependencies all met for dep_context=non-requeueable deps ti=<TaskInstance: api_openbrewerydb_to_silver_gold.Silver manual__2024-10-24T14:25:25.126568+00:00 [queued]>
[2024-10-24T14:25:39.980+0000] {taskinstance.py:1157} INFO - Dependencies all met for dep_context=requeueable deps ti=<TaskInstance: api_openbrewerydb_to_silver_gold.Silver manual__2024-10-24T14:25:25.126568+00:00 [queued]>
[2024-10-24T14:25:39.980+0000] {taskinstance.py:1359} INFO - Starting attempt 1 of 2
[2024-10-24T14:25:39.992+0000] {taskinstance.py:1380} INFO - Executing <Task(SparkSubmitOperator): Silver> on 2024-10-24 14:25:25.126568+00:00
[2024-10-24T14:25:39.997+0000] {standard_task_runner.py:57} INFO - Started process 540 to run task
[2024-10-24T14:25:39.999+0000] {standard_task_runner.py:84} INFO - Running: ['***', 'tasks', 'run', 'api_openbrewerydb_to_silver_gold', 'Silver', 'manual__2024-10-24T14:25:25.126568+00:00', '--job-id', '7', '--raw', '--subdir', 'DAGS_FOLDER/api_openbrewerydb_to_silver.py', '--cfg-path', '/tmp/tmp00jyb8on']
[2024-10-24T14:25:40.005+0000] {standard_task_runner.py:85} INFO - Job 7: Subtask Silver
[2024-10-24T14:25:40.053+0000] {task_command.py:415} INFO - Running <TaskInstance: api_openbrewerydb_to_silver_gold.Silver manual__2024-10-24T14:25:25.126568+00:00 [running]> on host 96f89615839b
[2024-10-24T14:25:40.128+0000] {taskinstance.py:1660} INFO - Exporting env vars: AIRFLOW_CTX_DAG_OWNER='Rodrigo Araujo' AIRFLOW_CTX_DAG_ID='api_openbrewerydb_to_silver_gold' AIRFLOW_CTX_TASK_ID='Silver' AIRFLOW_CTX_EXECUTION_DATE='2024-10-24T14:25:25.126568+00:00' AIRFLOW_CTX_TRY_NUMBER='1' AIRFLOW_CTX_DAG_RUN_ID='manual__2024-10-24T14:25:25.126568+00:00'
[2024-10-24T14:25:40.138+0000] {base.py:73} INFO - Using connection ID 'spark-conn' for task execution.
[2024-10-24T14:25:40.139+0000] {spark_submit.py:363} INFO - Spark-Submit cmd: spark-submit --master spark://spark-master:7077 --name arrow-spark jobs/silver/api_openbrewerydb.py
[2024-10-24T14:25:43.601+0000] {spark_submit.py:524} INFO - 24/10/24 14:25:43 INFO SparkContext: Running Spark version 3.5.3
[2024-10-24T14:25:43.602+0000] {spark_submit.py:524} INFO - 24/10/24 14:25:43 INFO SparkContext: OS info Linux, 5.15.0-124-generic, amd64
[2024-10-24T14:25:43.603+0000] {spark_submit.py:524} INFO - 24/10/24 14:25:43 INFO SparkContext: Java version 11.0.25
[2024-10-24T14:25:43.657+0000] {spark_submit.py:524} INFO - 24/10/24 14:25:43 WARN NativeCodeLoader: Unable to load native-hadoop library for your platform... using builtin-java classes where applicable
[2024-10-24T14:25:43.734+0000] {spark_submit.py:524} INFO - 24/10/24 14:25:43 INFO ResourceUtils: ==============================================================
[2024-10-24T14:25:43.735+0000] {spark_submit.py:524} INFO - 24/10/24 14:25:43 INFO ResourceUtils: No custom resources configured for spark.driver.
[2024-10-24T14:25:43.735+0000] {spark_submit.py:524} INFO - 24/10/24 14:25:43 INFO ResourceUtils: ==============================================================
[2024-10-24T14:25:43.735+0000] {spark_submit.py:524} INFO - 24/10/24 14:25:43 INFO SparkContext: Submitted application: IngestaoSilver
[2024-10-24T14:25:43.759+0000] {spark_submit.py:524} INFO - 24/10/24 14:25:43 INFO ResourceProfile: Default ResourceProfile created, executor resources: Map(memory -> name: memory, amount: 1024, script: , vendor: , offHeap -> name: offHeap, amount: 0, script: , vendor: ), task resources: Map(cpus -> name: cpus, amount: 1.0)
[2024-10-24T14:25:43.774+0000] {spark_submit.py:524} INFO - 24/10/24 14:25:43 INFO ResourceProfile: Limiting resource is cpu
[2024-10-24T14:25:43.775+0000] {spark_submit.py:524} INFO - 24/10/24 14:25:43 INFO ResourceProfileManager: Added ResourceProfile id: 0
[2024-10-24T14:25:43.826+0000] {spark_submit.py:524} INFO - 24/10/24 14:25:43 INFO SecurityManager: Changing view acls to: ***
[2024-10-24T14:25:43.827+0000] {spark_submit.py:524} INFO - 24/10/24 14:25:43 INFO SecurityManager: Changing modify acls to: ***
[2024-10-24T14:25:43.827+0000] {spark_submit.py:524} INFO - 24/10/24 14:25:43 INFO SecurityManager: Changing view acls groups to:
[2024-10-24T14:25:43.828+0000] {spark_submit.py:524} INFO - 24/10/24 14:25:43 INFO SecurityManager: Changing modify acls groups to:
[2024-10-24T14:25:43.828+0000] {spark_submit.py:524} INFO - 24/10/24 14:25:43 INFO SecurityManager: SecurityManager: authentication disabled; ui acls disabled; users with view permissions: ***; groups with view permissions: EMPTY; users with modify permissions: ***; groups with modify permissions: EMPTY
[2024-10-24T14:25:44.096+0000] {spark_submit.py:524} INFO - 24/10/24 14:25:44 INFO Utils: Successfully started service 'sparkDriver' on port 38425.
[2024-10-24T14:25:44.125+0000] {spark_submit.py:524} INFO - 24/10/24 14:25:44 INFO SparkEnv: Registering MapOutputTracker
[2024-10-24T14:25:44.165+0000] {spark_submit.py:524} INFO - 24/10/24 14:25:44 INFO SparkEnv: Registering BlockManagerMaster
[2024-10-24T14:25:44.189+0000] {spark_submit.py:524} INFO - 24/10/24 14:25:44 INFO BlockManagerMasterEndpoint: Using org.apache.spark.storage.DefaultTopologyMapper for getting topology information
[2024-10-24T14:25:44.190+0000] {spark_submit.py:524} INFO - 24/10/24 14:25:44 INFO BlockManagerMasterEndpoint: BlockManagerMasterEndpoint up
[2024-10-24T14:25:44.193+0000] {spark_submit.py:524} INFO - 24/10/24 14:25:44 INFO SparkEnv: Registering BlockManagerMasterHeartbeat
[2024-10-24T14:25:44.213+0000] {spark_submit.py:524} INFO - 24/10/24 14:25:44 INFO DiskBlockManager: Created local directory at /tmp/blockmgr-c3cd429f-2077-4ed6-bd33-e085995a6eb5
[2024-10-24T14:25:44.230+0000] {spark_submit.py:524} INFO - 24/10/24 14:25:44 INFO MemoryStore: MemoryStore started with capacity 434.4 MiB
[2024-10-24T14:25:44.245+0000] {spark_submit.py:524} INFO - 24/10/24 14:25:44 INFO SparkEnv: Registering OutputCommitCoordinator
[2024-10-24T14:25:44.417+0000] {spark_submit.py:524} INFO - 24/10/24 14:25:44 INFO JettyUtils: Start Jetty 0.0.0.0:4040 for SparkUI
[2024-10-24T14:25:44.492+0000] {spark_submit.py:524} INFO - 24/10/24 14:25:44 INFO Utils: Successfully started service 'SparkUI' on port 4040.
[2024-10-24T14:25:44.642+0000] {spark_submit.py:524} INFO - 24/10/24 14:25:44 INFO StandaloneAppClient$ClientEndpoint: Connecting to master spark://spark-master:7077...
[2024-10-24T14:25:44.704+0000] {spark_submit.py:524} INFO - 24/10/24 14:25:44 INFO TransportClientFactory: Successfully created connection to spark-master/172.18.0.2:7077 after 36 ms (0 ms spent in bootstraps)
[2024-10-24T14:25:44.825+0000] {spark_submit.py:524} INFO - 24/10/24 14:25:44 INFO StandaloneSchedulerBackend: Connected to Spark cluster with app ID app-20241024142544-0002
[2024-10-24T14:25:44.831+0000] {spark_submit.py:524} INFO - 24/10/24 14:25:44 INFO StandaloneAppClient$ClientEndpoint: Executor added: app-20241024142544-0002/0 on worker-20241024142308-172.18.0.5-43899 (172.18.0.5:43899) with 2 core(s)
[2024-10-24T14:25:44.834+0000] {spark_submit.py:524} INFO - 24/10/24 14:25:44 INFO StandaloneSchedulerBackend: Granted executor ID app-20241024142544-0002/0 on hostPort 172.18.0.5:43899 with 2 core(s), 1024.0 MiB RAM
[2024-10-24T14:25:44.847+0000] {spark_submit.py:524} INFO - 24/10/24 14:25:44 INFO Utils: Successfully started service 'org.apache.spark.network.netty.NettyBlockTransferService' on port 39181.
[2024-10-24T14:25:44.847+0000] {spark_submit.py:524} INFO - 24/10/24 14:25:44 INFO NettyBlockTransferService: Server created on 96f89615839b:39181
[2024-10-24T14:25:44.851+0000] {spark_submit.py:524} INFO - 24/10/24 14:25:44 INFO BlockManager: Using org.apache.spark.storage.RandomBlockReplicationPolicy for block replication policy
[2024-10-24T14:25:44.876+0000] {spark_submit.py:524} INFO - 24/10/24 14:25:44 INFO BlockManagerMaster: Registering BlockManager BlockManagerId(driver, 96f89615839b, 39181, None)
[2024-10-24T14:25:44.885+0000] {spark_submit.py:524} INFO - 24/10/24 14:25:44 INFO BlockManagerMasterEndpoint: Registering block manager 96f89615839b:39181 with 434.4 MiB RAM, BlockManagerId(driver, 96f89615839b, 39181, None)
[2024-10-24T14:25:44.890+0000] {spark_submit.py:524} INFO - 24/10/24 14:25:44 INFO BlockManagerMaster: Registered BlockManager BlockManagerId(driver, 96f89615839b, 39181, None)
[2024-10-24T14:25:44.893+0000] {spark_submit.py:524} INFO - 24/10/24 14:25:44 INFO BlockManager: Initialized BlockManager: BlockManagerId(driver, 96f89615839b, 39181, None)
[2024-10-24T14:25:44.897+0000] {spark_submit.py:524} INFO - 24/10/24 14:25:44 INFO StandaloneAppClient$ClientEndpoint: Executor updated: app-20241024142544-0002/0 is now RUNNING
[2024-10-24T14:25:45.316+0000] {spark_submit.py:524} INFO - 24/10/24 14:25:45 INFO StandaloneSchedulerBackend: SchedulerBackend is ready for scheduling beginning after reached minRegisteredResourcesRatio: 0.0
[2024-10-24T14:25:45.556+0000] {spark_submit.py:524} INFO - Hello from Spark!
[2024-10-24T14:25:45.556+0000] {spark_submit.py:524} INFO - 24/10/24 14:25:45 INFO SparkContext: SparkContext is stopping with exitCode 0.
[2024-10-24T14:25:45.569+0000] {spark_submit.py:524} INFO - 24/10/24 14:25:45 INFO SparkUI: Stopped Spark web UI at http://96f89615839b:4040
[2024-10-24T14:25:45.574+0000] {spark_submit.py:524} INFO - 24/10/24 14:25:45 INFO StandaloneSchedulerBackend: Shutting down all executors
[2024-10-24T14:25:45.579+0000] {spark_submit.py:524} INFO - 24/10/24 14:25:45 INFO StandaloneSchedulerBackend$StandaloneDriverEndpoint: Asking each executor to shut down
[2024-10-24T14:25:45.604+0000] {spark_submit.py:524} INFO - 24/10/24 14:25:45 INFO MapOutputTrackerMasterEndpoint: MapOutputTrackerMasterEndpoint stopped!
[2024-10-24T14:25:45.628+0000] {spark_submit.py:524} INFO - 24/10/24 14:25:45 INFO MemoryStore: MemoryStore cleared
[2024-10-24T14:25:45.629+0000] {spark_submit.py:524} INFO - 24/10/24 14:25:45 INFO BlockManager: BlockManager stopped
[2024-10-24T14:25:45.638+0000] {spark_submit.py:524} INFO - 24/10/24 14:25:45 INFO BlockManagerMaster: BlockManagerMaster stopped
[2024-10-24T14:25:45.647+0000] {spark_submit.py:524} INFO - 24/10/24 14:25:45 INFO OutputCommitCoordinator$OutputCommitCoordinatorEndpoint: OutputCommitCoordinator stopped!
[2024-10-24T14:25:45.661+0000] {spark_submit.py:524} INFO - 24/10/24 14:25:45 INFO SparkContext: Successfully stopped SparkContext
[2024-10-24T14:25:45.909+0000] {spark_submit.py:524} INFO - 24/10/24 14:25:45 INFO ShutdownHookManager: Shutdown hook called
[2024-10-24T14:25:45.910+0000] {spark_submit.py:524} INFO - 24/10/24 14:25:45 INFO ShutdownHookManager: Deleting directory /tmp/spark-fde358fe-29b0-4165-a08d-3f7311cdcc53
[2024-10-24T14:25:45.913+0000] {spark_submit.py:524} INFO - 24/10/24 14:25:45 INFO ShutdownHookManager: Deleting directory /tmp/spark-fde358fe-29b0-4165-a08d-3f7311cdcc53/pyspark-0dfd9039-36ff-4c0b-abd5-acbcbd49daae
[2024-10-24T14:25:45.916+0000] {spark_submit.py:524} INFO - 24/10/24 14:25:45 INFO ShutdownHookManager: Deleting directory /tmp/spark-4af0560e-7ab0-4751-b745-c3863b832960
[2024-10-24T14:25:45.964+0000] {taskinstance.py:1398} INFO - Marking task as SUCCESS. dag_id=api_openbrewerydb_to_silver_gold, task_id=Silver, execution_date=20241024T142525, start_date=20241024T142539, end_date=20241024T142545
[2024-10-24T14:25:45.991+0000] {local_task_job_runner.py:228} INFO - Task exited with return code 0
[2024-10-24T14:25:46.047+0000] {taskinstance.py:2776} INFO - 1 downstream tasks scheduled from follow-on schedule check
