[2024-10-24T14:34:32.092+0000] {taskinstance.py:1157} INFO - Dependencies all met for dep_context=non-requeueable deps ti=<TaskInstance: api_openbrewerydb_to_silver_gold.Gold scheduled__2023-11-27T08:00:00+00:00 [queued]>
[2024-10-24T14:34:32.099+0000] {taskinstance.py:1157} INFO - Dependencies all met for dep_context=requeueable deps ti=<TaskInstance: api_openbrewerydb_to_silver_gold.Gold scheduled__2023-11-27T08:00:00+00:00 [queued]>
[2024-10-24T14:34:32.099+0000] {taskinstance.py:1359} INFO - Starting attempt 1 of 2
[2024-10-24T14:34:32.109+0000] {taskinstance.py:1380} INFO - Executing <Task(SparkSubmitOperator): Gold> on 2023-11-27 08:00:00+00:00
[2024-10-24T14:34:32.113+0000] {standard_task_runner.py:57} INFO - Started process 12181 to run task
[2024-10-24T14:34:32.115+0000] {standard_task_runner.py:84} INFO - Running: ['***', 'tasks', 'run', 'api_openbrewerydb_to_silver_gold', 'Gold', 'scheduled__2023-11-27T08:00:00+00:00', '--job-id', '80', '--raw', '--subdir', 'DAGS_FOLDER/api_openbrewerydb_to_silver.py', '--cfg-path', '/tmp/tmp9zoos7as']
[2024-10-24T14:34:32.119+0000] {standard_task_runner.py:85} INFO - Job 80: Subtask Gold
[2024-10-24T14:34:32.168+0000] {task_command.py:415} INFO - Running <TaskInstance: api_openbrewerydb_to_silver_gold.Gold scheduled__2023-11-27T08:00:00+00:00 [running]> on host 96f89615839b
[2024-10-24T14:34:32.258+0000] {taskinstance.py:1660} INFO - Exporting env vars: AIRFLOW_CTX_DAG_OWNER='Rodrigo Araujo' AIRFLOW_CTX_DAG_ID='api_openbrewerydb_to_silver_gold' AIRFLOW_CTX_TASK_ID='Gold' AIRFLOW_CTX_EXECUTION_DATE='2023-11-27T08:00:00+00:00' AIRFLOW_CTX_TRY_NUMBER='1' AIRFLOW_CTX_DAG_RUN_ID='scheduled__2023-11-27T08:00:00+00:00'
[2024-10-24T14:34:32.269+0000] {base.py:73} INFO - Using connection ID 'spark-conn' for task execution.
[2024-10-24T14:34:32.270+0000] {spark_submit.py:363} INFO - Spark-Submit cmd: spark-submit --master spark://spark-master:7077 --name arrow-spark jobs/gold/api_openbrewerydb.py
[2024-10-24T14:34:35.106+0000] {spark_submit.py:524} INFO - 24/10/24 14:34:35 INFO SparkContext: Running Spark version 3.5.3
[2024-10-24T14:34:35.108+0000] {spark_submit.py:524} INFO - 24/10/24 14:34:35 INFO SparkContext: OS info Linux, 5.15.0-124-generic, amd64
[2024-10-24T14:34:35.109+0000] {spark_submit.py:524} INFO - 24/10/24 14:34:35 INFO SparkContext: Java version 11.0.25
[2024-10-24T14:34:35.163+0000] {spark_submit.py:524} INFO - 24/10/24 14:34:35 WARN NativeCodeLoader: Unable to load native-hadoop library for your platform... using builtin-java classes where applicable
[2024-10-24T14:34:35.245+0000] {spark_submit.py:524} INFO - 24/10/24 14:34:35 INFO ResourceUtils: ==============================================================
[2024-10-24T14:34:35.246+0000] {spark_submit.py:524} INFO - 24/10/24 14:34:35 INFO ResourceUtils: No custom resources configured for spark.driver.
[2024-10-24T14:34:35.246+0000] {spark_submit.py:524} INFO - 24/10/24 14:34:35 INFO ResourceUtils: ==============================================================
[2024-10-24T14:34:35.246+0000] {spark_submit.py:524} INFO - 24/10/24 14:34:35 INFO SparkContext: Submitted application: IngestaoSilver
[2024-10-24T14:34:35.265+0000] {spark_submit.py:524} INFO - 24/10/24 14:34:35 INFO ResourceProfile: Default ResourceProfile created, executor resources: Map(memory -> name: memory, amount: 1024, script: , vendor: , offHeap -> name: offHeap, amount: 0, script: , vendor: ), task resources: Map(cpus -> name: cpus, amount: 1.0)
[2024-10-24T14:34:35.279+0000] {spark_submit.py:524} INFO - 24/10/24 14:34:35 INFO ResourceProfile: Limiting resource is cpu
[2024-10-24T14:34:35.279+0000] {spark_submit.py:524} INFO - 24/10/24 14:34:35 INFO ResourceProfileManager: Added ResourceProfile id: 0
[2024-10-24T14:34:35.328+0000] {spark_submit.py:524} INFO - 24/10/24 14:34:35 INFO SecurityManager: Changing view acls to: ***
[2024-10-24T14:34:35.328+0000] {spark_submit.py:524} INFO - 24/10/24 14:34:35 INFO SecurityManager: Changing modify acls to: ***
[2024-10-24T14:34:35.329+0000] {spark_submit.py:524} INFO - 24/10/24 14:34:35 INFO SecurityManager: Changing view acls groups to:
[2024-10-24T14:34:35.329+0000] {spark_submit.py:524} INFO - 24/10/24 14:34:35 INFO SecurityManager: Changing modify acls groups to:
[2024-10-24T14:34:35.330+0000] {spark_submit.py:524} INFO - 24/10/24 14:34:35 INFO SecurityManager: SecurityManager: authentication disabled; ui acls disabled; users with view permissions: ***; groups with view permissions: EMPTY; users with modify permissions: ***; groups with modify permissions: EMPTY
[2024-10-24T14:34:35.568+0000] {spark_submit.py:524} INFO - 24/10/24 14:34:35 INFO Utils: Successfully started service 'sparkDriver' on port 43129.
[2024-10-24T14:34:35.592+0000] {spark_submit.py:524} INFO - 24/10/24 14:34:35 INFO SparkEnv: Registering MapOutputTracker
[2024-10-24T14:34:35.621+0000] {spark_submit.py:524} INFO - 24/10/24 14:34:35 INFO SparkEnv: Registering BlockManagerMaster
[2024-10-24T14:34:35.638+0000] {spark_submit.py:524} INFO - 24/10/24 14:34:35 INFO BlockManagerMasterEndpoint: Using org.apache.spark.storage.DefaultTopologyMapper for getting topology information
[2024-10-24T14:34:35.639+0000] {spark_submit.py:524} INFO - 24/10/24 14:34:35 INFO BlockManagerMasterEndpoint: BlockManagerMasterEndpoint up
[2024-10-24T14:34:35.642+0000] {spark_submit.py:524} INFO - 24/10/24 14:34:35 INFO SparkEnv: Registering BlockManagerMasterHeartbeat
[2024-10-24T14:34:35.660+0000] {spark_submit.py:524} INFO - 24/10/24 14:34:35 INFO DiskBlockManager: Created local directory at /tmp/blockmgr-d5fc6ca0-4eb6-4afa-acbf-b3e809a66cde
[2024-10-24T14:34:35.673+0000] {spark_submit.py:524} INFO - 24/10/24 14:34:35 INFO MemoryStore: MemoryStore started with capacity 434.4 MiB
[2024-10-24T14:34:35.686+0000] {spark_submit.py:524} INFO - 24/10/24 14:34:35 INFO SparkEnv: Registering OutputCommitCoordinator
[2024-10-24T14:34:35.831+0000] {spark_submit.py:524} INFO - 24/10/24 14:34:35 INFO JettyUtils: Start Jetty 0.0.0.0:4040 for SparkUI
[2024-10-24T14:34:35.879+0000] {spark_submit.py:524} INFO - 24/10/24 14:34:35 INFO Utils: Successfully started service 'SparkUI' on port 4040.
[2024-10-24T14:34:35.987+0000] {spark_submit.py:524} INFO - 24/10/24 14:34:35 INFO StandaloneAppClient$ClientEndpoint: Connecting to master spark://spark-master:7077...
[2024-10-24T14:34:36.035+0000] {spark_submit.py:524} INFO - 24/10/24 14:34:36 INFO TransportClientFactory: Successfully created connection to spark-master/172.18.0.2:7077 after 28 ms (0 ms spent in bootstraps)
[2024-10-24T14:34:36.119+0000] {spark_submit.py:524} INFO - 24/10/24 14:34:36 INFO StandaloneSchedulerBackend: Connected to Spark cluster with app ID app-20241024143436-0075
[2024-10-24T14:34:36.122+0000] {spark_submit.py:524} INFO - 24/10/24 14:34:36 INFO StandaloneAppClient$ClientEndpoint: Executor added: app-20241024143436-0075/0 on worker-20241024142308-172.18.0.5-43899 (172.18.0.5:43899) with 2 core(s)
[2024-10-24T14:34:36.124+0000] {spark_submit.py:524} INFO - 24/10/24 14:34:36 INFO StandaloneSchedulerBackend: Granted executor ID app-20241024143436-0075/0 on hostPort 172.18.0.5:43899 with 2 core(s), 1024.0 MiB RAM
[2024-10-24T14:34:36.130+0000] {spark_submit.py:524} INFO - 24/10/24 14:34:36 INFO Utils: Successfully started service 'org.apache.spark.network.netty.NettyBlockTransferService' on port 42569.
[2024-10-24T14:34:36.131+0000] {spark_submit.py:524} INFO - 24/10/24 14:34:36 INFO NettyBlockTransferService: Server created on 96f89615839b:42569
[2024-10-24T14:34:36.133+0000] {spark_submit.py:524} INFO - 24/10/24 14:34:36 INFO BlockManager: Using org.apache.spark.storage.RandomBlockReplicationPolicy for block replication policy
[2024-10-24T14:34:36.144+0000] {spark_submit.py:524} INFO - 24/10/24 14:34:36 INFO BlockManagerMaster: Registering BlockManager BlockManagerId(driver, 96f89615839b, 42569, None)
[2024-10-24T14:34:36.149+0000] {spark_submit.py:524} INFO - 24/10/24 14:34:36 INFO BlockManagerMasterEndpoint: Registering block manager 96f89615839b:42569 with 434.4 MiB RAM, BlockManagerId(driver, 96f89615839b, 42569, None)
[2024-10-24T14:34:36.150+0000] {spark_submit.py:524} INFO - 24/10/24 14:34:36 INFO StandaloneAppClient$ClientEndpoint: Executor updated: app-20241024143436-0075/0 is now RUNNING
[2024-10-24T14:34:36.153+0000] {spark_submit.py:524} INFO - 24/10/24 14:34:36 INFO BlockManagerMaster: Registered BlockManager BlockManagerId(driver, 96f89615839b, 42569, None)
[2024-10-24T14:34:36.154+0000] {spark_submit.py:524} INFO - 24/10/24 14:34:36 INFO BlockManager: Initialized BlockManager: BlockManagerId(driver, 96f89615839b, 42569, None)
[2024-10-24T14:34:36.471+0000] {spark_submit.py:524} INFO - 24/10/24 14:34:36 INFO StandaloneSchedulerBackend: SchedulerBackend is ready for scheduling beginning after reached minRegisteredResourcesRatio: 0.0
[2024-10-24T14:34:36.690+0000] {spark_submit.py:524} INFO - Hello from Spark!
[2024-10-24T14:34:36.691+0000] {spark_submit.py:524} INFO - 24/10/24 14:34:36 INFO SparkContext: SparkContext is stopping with exitCode 0.
[2024-10-24T14:34:36.705+0000] {spark_submit.py:524} INFO - 24/10/24 14:34:36 INFO SparkUI: Stopped Spark web UI at http://96f89615839b:4040
[2024-10-24T14:34:36.712+0000] {spark_submit.py:524} INFO - 24/10/24 14:34:36 INFO StandaloneSchedulerBackend: Shutting down all executors
[2024-10-24T14:34:36.716+0000] {spark_submit.py:524} INFO - 24/10/24 14:34:36 INFO StandaloneSchedulerBackend$StandaloneDriverEndpoint: Asking each executor to shut down
[2024-10-24T14:34:36.733+0000] {spark_submit.py:524} INFO - 24/10/24 14:34:36 INFO MapOutputTrackerMasterEndpoint: MapOutputTrackerMasterEndpoint stopped!
[2024-10-24T14:34:36.744+0000] {spark_submit.py:524} INFO - 24/10/24 14:34:36 INFO MemoryStore: MemoryStore cleared
[2024-10-24T14:34:36.745+0000] {spark_submit.py:524} INFO - 24/10/24 14:34:36 INFO BlockManager: BlockManager stopped
[2024-10-24T14:34:36.752+0000] {spark_submit.py:524} INFO - 24/10/24 14:34:36 INFO BlockManagerMaster: BlockManagerMaster stopped
[2024-10-24T14:34:36.754+0000] {spark_submit.py:524} INFO - 24/10/24 14:34:36 INFO OutputCommitCoordinator$OutputCommitCoordinatorEndpoint: OutputCommitCoordinator stopped!
[2024-10-24T14:34:36.762+0000] {spark_submit.py:524} INFO - 24/10/24 14:34:36 INFO SparkContext: Successfully stopped SparkContext
[2024-10-24T14:34:37.052+0000] {spark_submit.py:524} INFO - 24/10/24 14:34:37 INFO ShutdownHookManager: Shutdown hook called
[2024-10-24T14:34:37.053+0000] {spark_submit.py:524} INFO - 24/10/24 14:34:37 INFO ShutdownHookManager: Deleting directory /tmp/spark-ff5c518c-48e7-47d7-a91c-838a5d1c40ff
[2024-10-24T14:34:37.056+0000] {spark_submit.py:524} INFO - 24/10/24 14:34:37 INFO ShutdownHookManager: Deleting directory /tmp/spark-8eb2801d-24ad-4c6b-9450-00130d364e22
[2024-10-24T14:34:37.059+0000] {spark_submit.py:524} INFO - 24/10/24 14:34:37 INFO ShutdownHookManager: Deleting directory /tmp/spark-8eb2801d-24ad-4c6b-9450-00130d364e22/pyspark-58d1ccca-e15d-4a0d-a44a-ebab83d2bddf
[2024-10-24T14:34:37.116+0000] {taskinstance.py:1398} INFO - Marking task as SUCCESS. dag_id=api_openbrewerydb_to_silver_gold, task_id=Gold, execution_date=20231127T080000, start_date=20241024T143432, end_date=20241024T143437
[2024-10-24T14:34:37.140+0000] {local_task_job_runner.py:228} INFO - Task exited with return code 0
[2024-10-24T14:34:37.159+0000] {taskinstance.py:2776} INFO - 0 downstream tasks scheduled from follow-on schedule check
