[2024-10-24T01:12:21.746+0000] {taskinstance.py:1157} INFO - Dependencies all met for dep_context=non-requeueable deps ti=<TaskInstance: api_openbrewerydb_to_silver_gold.Silver scheduled__2023-10-22T08:00:00+00:00 [queued]>
[2024-10-24T01:12:21.764+0000] {taskinstance.py:1157} INFO - Dependencies all met for dep_context=requeueable deps ti=<TaskInstance: api_openbrewerydb_to_silver_gold.Silver scheduled__2023-10-22T08:00:00+00:00 [queued]>
[2024-10-24T01:12:21.765+0000] {taskinstance.py:1359} INFO - Starting attempt 1 of 3
[2024-10-24T01:12:21.881+0000] {taskinstance.py:1380} INFO - Executing <Task(SparkSubmitOperator): Silver> on 2023-10-22 08:00:00+00:00
[2024-10-24T01:12:21.896+0000] {standard_task_runner.py:57} INFO - Started process 236 to run task
[2024-10-24T01:12:21.924+0000] {standard_task_runner.py:84} INFO - Running: ['***', 'tasks', 'run', 'api_openbrewerydb_to_silver_gold', 'Silver', 'scheduled__2023-10-22T08:00:00+00:00', '--job-id', '40', '--raw', '--subdir', 'DAGS_FOLDER/api_openbrewerydb_to_silver.py', '--cfg-path', '/tmp/tmp_n3tm7sr']
[2024-10-24T01:12:21.931+0000] {standard_task_runner.py:85} INFO - Job 40: Subtask Silver
[2024-10-24T01:12:22.172+0000] {task_command.py:415} INFO - Running <TaskInstance: api_openbrewerydb_to_silver_gold.Silver scheduled__2023-10-22T08:00:00+00:00 [running]> on host de5108c6da1d
[2024-10-24T01:12:22.491+0000] {taskinstance.py:1660} INFO - Exporting env vars: AIRFLOW_CTX_DAG_OWNER='Rodrigo Araujo' AIRFLOW_CTX_DAG_ID='api_openbrewerydb_to_silver_gold' AIRFLOW_CTX_TASK_ID='Silver' AIRFLOW_CTX_EXECUTION_DATE='2023-10-22T08:00:00+00:00' AIRFLOW_CTX_TRY_NUMBER='1' AIRFLOW_CTX_DAG_RUN_ID='scheduled__2023-10-22T08:00:00+00:00'
[2024-10-24T01:12:22.531+0000] {base.py:73} INFO - Using connection ID 'spark-conn' for task execution.
[2024-10-24T01:12:22.532+0000] {spark_submit.py:363} INFO - Spark-Submit cmd: spark-submit --master spark://spark-master:7077 --name arrow-spark --queue root.default jobs/silver/api_openbrewerydb.py
[2024-10-24T01:17:19.376+0000] {local_task_job_runner.py:294} WARNING - State of this instance has been externally set to scheduled. Terminating instance.
[2024-10-24T01:17:19.423+0000] {process_utils.py:131} INFO - Sending 15 to group 236. PIDs of all processes in the group: [248, 236]
[2024-10-24T01:17:19.429+0000] {process_utils.py:86} INFO - Sending the signal 15 to group 236
[2024-10-24T01:17:19.430+0000] {taskinstance.py:1630} ERROR - Received SIGTERM. Terminating subprocesses.
[2024-10-24T01:17:19.431+0000] {spark_submit.py:654} INFO - Sending kill signal to spark-submit
[2024-10-24T01:17:19.535+0000] {taskinstance.py:1935} ERROR - Task failed with exception
Traceback (most recent call last):
  File "/home/airflow/.local/lib/python3.11/site-packages/airflow/providers/apache/spark/operators/spark_submit.py", line 183, in execute
    self._hook.submit(self._application)
  File "/home/airflow/.local/lib/python3.11/site-packages/airflow/providers/apache/spark/hooks/spark_submit.py", line 438, in submit
    self._process_spark_submit_log(iter(self._submit_sp.stdout))  # type: ignore
    ^^^^^^^^^^^^^^^^^^^^^^^^^^^^^^^^^^^^^^^^^^^^^^^^^^^^^^^^^^^^
  File "/home/airflow/.local/lib/python3.11/site-packages/airflow/providers/apache/spark/hooks/spark_submit.py", line 492, in _process_spark_submit_log
    for line in itr:
  File "/home/airflow/.local/lib/python3.11/site-packages/airflow/models/taskinstance.py", line 1632, in signal_handler
    raise AirflowException("Task received SIGTERM signal")
airflow.exceptions.AirflowException: Task received SIGTERM signal
[2024-10-24T01:17:19.619+0000] {taskinstance.py:1398} INFO - Marking task as UP_FOR_RETRY. dag_id=api_openbrewerydb_to_silver_gold, task_id=Silver, execution_date=20231022T080000, start_date=20241024T011221, end_date=20241024T011719
[2024-10-24T01:17:19.704+0000] {standard_task_runner.py:104} ERROR - Failed to execute job 40 for task Silver (Task received SIGTERM signal; 236)
[2024-10-24T01:17:19.788+0000] {process_utils.py:79} INFO - Process psutil.Process(pid=236, status='terminated', exitcode=1, started='01:12:21') (236) terminated with exit code 1
[2024-10-24T01:17:19.789+0000] {process_utils.py:79} INFO - Process psutil.Process(pid=248, status='terminated', started='01:12:21') (248) terminated with exit code None
[2024-10-24T14:25:26.466+0000] {logging_mixin.py:151} INFO - Changing /opt/***/logs/dag_id=api_openbrewerydb_to_silver_gold/run_id=scheduled__2023-10-22T08:00:00+00:00/task_id=Silver permission to 509
[2024-10-24T14:25:26.475+0000] {logging_mixin.py:151} INFO - Failed to change /opt/***/logs/dag_id=api_openbrewerydb_to_silver_gold/run_id=scheduled__2023-10-22T08:00:00+00:00/task_id=Silver permission to 509: [Errno 1] Operation not permitted: '/opt/***/logs/dag_id=api_openbrewerydb_to_silver_gold/run_id=scheduled__2023-10-22T08:00:00+00:00/task_id=Silver'
[2024-10-24T14:25:26.513+0000] {logging_mixin.py:151} INFO - Changing /opt/***/logs/dag_id=api_openbrewerydb_to_silver_gold/run_id=scheduled__2023-10-22T08:00:00+00:00/task_id=Silver permission to 509
[2024-10-24T14:25:26.513+0000] {logging_mixin.py:151} INFO - Failed to change /opt/***/logs/dag_id=api_openbrewerydb_to_silver_gold/run_id=scheduled__2023-10-22T08:00:00+00:00/task_id=Silver permission to 509: [Errno 1] Operation not permitted: '/opt/***/logs/dag_id=api_openbrewerydb_to_silver_gold/run_id=scheduled__2023-10-22T08:00:00+00:00/task_id=Silver'
[2024-10-24T14:25:26.546+0000] {taskinstance.py:1157} INFO - Dependencies all met for dep_context=non-requeueable deps ti=<TaskInstance: api_openbrewerydb_to_silver_gold.Silver scheduled__2023-10-22T08:00:00+00:00 [queued]>
[2024-10-24T14:25:26.554+0000] {taskinstance.py:1157} INFO - Dependencies all met for dep_context=requeueable deps ti=<TaskInstance: api_openbrewerydb_to_silver_gold.Silver scheduled__2023-10-22T08:00:00+00:00 [queued]>
[2024-10-24T14:25:26.555+0000] {taskinstance.py:1359} INFO - Starting attempt 1 of 2
[2024-10-24T14:25:26.564+0000] {taskinstance.py:1380} INFO - Executing <Task(SparkSubmitOperator): Silver> on 2023-10-22 08:00:00+00:00
[2024-10-24T14:25:26.570+0000] {standard_task_runner.py:57} INFO - Started process 228 to run task
[2024-10-24T14:25:26.572+0000] {standard_task_runner.py:84} INFO - Running: ['***', 'tasks', 'run', 'api_openbrewerydb_to_silver_gold', 'Silver', 'scheduled__2023-10-22T08:00:00+00:00', '--job-id', '5', '--raw', '--subdir', 'DAGS_FOLDER/api_openbrewerydb_to_silver.py', '--cfg-path', '/tmp/tmprns9yhyt']
[2024-10-24T14:25:26.573+0000] {standard_task_runner.py:85} INFO - Job 5: Subtask Silver
[2024-10-24T14:25:26.624+0000] {logging_mixin.py:151} INFO - Changing /opt/***/logs/dag_id=api_openbrewerydb_to_silver_gold/run_id=scheduled__2023-10-22T08:00:00+00:00/task_id=Silver permission to 509
[2024-10-24T14:25:26.624+0000] {logging_mixin.py:151} INFO - Failed to change /opt/***/logs/dag_id=api_openbrewerydb_to_silver_gold/run_id=scheduled__2023-10-22T08:00:00+00:00/task_id=Silver permission to 509: [Errno 1] Operation not permitted: '/opt/***/logs/dag_id=api_openbrewerydb_to_silver_gold/run_id=scheduled__2023-10-22T08:00:00+00:00/task_id=Silver'
[2024-10-24T14:25:26.624+0000] {task_command.py:415} INFO - Running <TaskInstance: api_openbrewerydb_to_silver_gold.Silver scheduled__2023-10-22T08:00:00+00:00 [running]> on host 96f89615839b
[2024-10-24T14:25:26.702+0000] {taskinstance.py:1660} INFO - Exporting env vars: AIRFLOW_CTX_DAG_OWNER='Rodrigo Araujo' AIRFLOW_CTX_DAG_ID='api_openbrewerydb_to_silver_gold' AIRFLOW_CTX_TASK_ID='Silver' AIRFLOW_CTX_EXECUTION_DATE='2023-10-22T08:00:00+00:00' AIRFLOW_CTX_TRY_NUMBER='1' AIRFLOW_CTX_DAG_RUN_ID='scheduled__2023-10-22T08:00:00+00:00'
[2024-10-24T14:25:26.713+0000] {base.py:73} INFO - Using connection ID 'spark-conn' for task execution.
[2024-10-24T14:25:26.714+0000] {spark_submit.py:363} INFO - Spark-Submit cmd: spark-submit --master spark://spark-master:7077 --name arrow-spark jobs/silver/api_openbrewerydb.py
[2024-10-24T14:25:29.729+0000] {spark_submit.py:524} INFO - 24/10/24 14:25:29 INFO SparkContext: Running Spark version 3.5.3
[2024-10-24T14:25:29.731+0000] {spark_submit.py:524} INFO - 24/10/24 14:25:29 INFO SparkContext: OS info Linux, 5.15.0-124-generic, amd64
[2024-10-24T14:25:29.731+0000] {spark_submit.py:524} INFO - 24/10/24 14:25:29 INFO SparkContext: Java version 11.0.25
[2024-10-24T14:25:29.790+0000] {spark_submit.py:524} INFO - 24/10/24 14:25:29 WARN NativeCodeLoader: Unable to load native-hadoop library for your platform... using builtin-java classes where applicable
[2024-10-24T14:25:29.873+0000] {spark_submit.py:524} INFO - 24/10/24 14:25:29 INFO ResourceUtils: ==============================================================
[2024-10-24T14:25:29.873+0000] {spark_submit.py:524} INFO - 24/10/24 14:25:29 INFO ResourceUtils: No custom resources configured for spark.driver.
[2024-10-24T14:25:29.874+0000] {spark_submit.py:524} INFO - 24/10/24 14:25:29 INFO ResourceUtils: ==============================================================
[2024-10-24T14:25:29.874+0000] {spark_submit.py:524} INFO - 24/10/24 14:25:29 INFO SparkContext: Submitted application: IngestaoSilver
[2024-10-24T14:25:29.894+0000] {spark_submit.py:524} INFO - 24/10/24 14:25:29 INFO ResourceProfile: Default ResourceProfile created, executor resources: Map(memory -> name: memory, amount: 1024, script: , vendor: , offHeap -> name: offHeap, amount: 0, script: , vendor: ), task resources: Map(cpus -> name: cpus, amount: 1.0)
[2024-10-24T14:25:29.907+0000] {spark_submit.py:524} INFO - 24/10/24 14:25:29 INFO ResourceProfile: Limiting resource is cpu
[2024-10-24T14:25:29.908+0000] {spark_submit.py:524} INFO - 24/10/24 14:25:29 INFO ResourceProfileManager: Added ResourceProfile id: 0
[2024-10-24T14:25:29.952+0000] {spark_submit.py:524} INFO - 24/10/24 14:25:29 INFO SecurityManager: Changing view acls to: ***
[2024-10-24T14:25:29.952+0000] {spark_submit.py:524} INFO - 24/10/24 14:25:29 INFO SecurityManager: Changing modify acls to: ***
[2024-10-24T14:25:29.953+0000] {spark_submit.py:524} INFO - 24/10/24 14:25:29 INFO SecurityManager: Changing view acls groups to:
[2024-10-24T14:25:29.953+0000] {spark_submit.py:524} INFO - 24/10/24 14:25:29 INFO SecurityManager: Changing modify acls groups to:
[2024-10-24T14:25:29.954+0000] {spark_submit.py:524} INFO - 24/10/24 14:25:29 INFO SecurityManager: SecurityManager: authentication disabled; ui acls disabled; users with view permissions: ***; groups with view permissions: EMPTY; users with modify permissions: ***; groups with modify permissions: EMPTY
[2024-10-24T14:25:30.190+0000] {spark_submit.py:524} INFO - 24/10/24 14:25:30 INFO Utils: Successfully started service 'sparkDriver' on port 36283.
[2024-10-24T14:25:30.217+0000] {spark_submit.py:524} INFO - 24/10/24 14:25:30 INFO SparkEnv: Registering MapOutputTracker
[2024-10-24T14:25:30.246+0000] {spark_submit.py:524} INFO - 24/10/24 14:25:30 INFO SparkEnv: Registering BlockManagerMaster
[2024-10-24T14:25:30.265+0000] {spark_submit.py:524} INFO - 24/10/24 14:25:30 INFO BlockManagerMasterEndpoint: Using org.apache.spark.storage.DefaultTopologyMapper for getting topology information
[2024-10-24T14:25:30.265+0000] {spark_submit.py:524} INFO - 24/10/24 14:25:30 INFO BlockManagerMasterEndpoint: BlockManagerMasterEndpoint up
[2024-10-24T14:25:30.269+0000] {spark_submit.py:524} INFO - 24/10/24 14:25:30 INFO SparkEnv: Registering BlockManagerMasterHeartbeat
[2024-10-24T14:25:30.287+0000] {spark_submit.py:524} INFO - 24/10/24 14:25:30 INFO DiskBlockManager: Created local directory at /tmp/blockmgr-8f944fb9-5870-4521-8892-69db8852ef5c
[2024-10-24T14:25:30.300+0000] {spark_submit.py:524} INFO - 24/10/24 14:25:30 INFO MemoryStore: MemoryStore started with capacity 434.4 MiB
[2024-10-24T14:25:30.313+0000] {spark_submit.py:524} INFO - 24/10/24 14:25:30 INFO SparkEnv: Registering OutputCommitCoordinator
[2024-10-24T14:25:30.452+0000] {spark_submit.py:524} INFO - 24/10/24 14:25:30 INFO JettyUtils: Start Jetty 0.0.0.0:4040 for SparkUI
[2024-10-24T14:25:30.501+0000] {spark_submit.py:524} INFO - 24/10/24 14:25:30 INFO Utils: Successfully started service 'SparkUI' on port 4040.
[2024-10-24T14:25:30.598+0000] {spark_submit.py:524} INFO - 24/10/24 14:25:30 INFO StandaloneAppClient$ClientEndpoint: Connecting to master spark://spark-master:7077...
[2024-10-24T14:25:30.642+0000] {spark_submit.py:524} INFO - 24/10/24 14:25:30 INFO TransportClientFactory: Successfully created connection to spark-master/172.18.0.2:7077 after 26 ms (0 ms spent in bootstraps)
[2024-10-24T14:25:30.789+0000] {spark_submit.py:524} INFO - 24/10/24 14:25:30 INFO StandaloneSchedulerBackend: Connected to Spark cluster with app ID app-20241024142530-0000
[2024-10-24T14:25:30.806+0000] {spark_submit.py:524} INFO - 24/10/24 14:25:30 INFO Utils: Successfully started service 'org.apache.spark.network.netty.NettyBlockTransferService' on port 41717.
[2024-10-24T14:25:30.807+0000] {spark_submit.py:524} INFO - 24/10/24 14:25:30 INFO NettyBlockTransferService: Server created on 96f89615839b:41717
[2024-10-24T14:25:30.810+0000] {spark_submit.py:524} INFO - 24/10/24 14:25:30 INFO BlockManager: Using org.apache.spark.storage.RandomBlockReplicationPolicy for block replication policy
[2024-10-24T14:25:30.823+0000] {spark_submit.py:524} INFO - 24/10/24 14:25:30 INFO BlockManagerMaster: Registering BlockManager BlockManagerId(driver, 96f89615839b, 41717, None)
[2024-10-24T14:25:30.829+0000] {spark_submit.py:524} INFO - 24/10/24 14:25:30 INFO BlockManagerMasterEndpoint: Registering block manager 96f89615839b:41717 with 434.4 MiB RAM, BlockManagerId(driver, 96f89615839b, 41717, None)
[2024-10-24T14:25:30.832+0000] {spark_submit.py:524} INFO - 24/10/24 14:25:30 INFO BlockManagerMaster: Registered BlockManager BlockManagerId(driver, 96f89615839b, 41717, None)
[2024-10-24T14:25:30.833+0000] {spark_submit.py:524} INFO - 24/10/24 14:25:30 INFO StandaloneAppClient$ClientEndpoint: Executor added: app-20241024142530-0000/0 on worker-20241024142308-172.18.0.5-43899 (172.18.0.5:43899) with 2 core(s)
[2024-10-24T14:25:30.834+0000] {spark_submit.py:524} INFO - 24/10/24 14:25:30 INFO BlockManager: Initialized BlockManager: BlockManagerId(driver, 96f89615839b, 41717, None)
[2024-10-24T14:25:30.835+0000] {spark_submit.py:524} INFO - 24/10/24 14:25:30 INFO StandaloneSchedulerBackend: Granted executor ID app-20241024142530-0000/0 on hostPort 172.18.0.5:43899 with 2 core(s), 1024.0 MiB RAM
[2024-10-24T14:25:31.033+0000] {spark_submit.py:524} INFO - 24/10/24 14:25:31 INFO StandaloneAppClient$ClientEndpoint: Executor updated: app-20241024142530-0000/0 is now RUNNING
[2024-10-24T14:25:31.148+0000] {spark_submit.py:524} INFO - 24/10/24 14:25:31 INFO StandaloneSchedulerBackend: SchedulerBackend is ready for scheduling beginning after reached minRegisteredResourcesRatio: 0.0
[2024-10-24T14:25:31.356+0000] {spark_submit.py:524} INFO - Hello from Spark!
[2024-10-24T14:25:31.356+0000] {spark_submit.py:524} INFO - 24/10/24 14:25:31 INFO SparkContext: SparkContext is stopping with exitCode 0.
[2024-10-24T14:25:31.366+0000] {spark_submit.py:524} INFO - 24/10/24 14:25:31 INFO SparkUI: Stopped Spark web UI at http://96f89615839b:4040
[2024-10-24T14:25:31.372+0000] {spark_submit.py:524} INFO - 24/10/24 14:25:31 INFO StandaloneSchedulerBackend: Shutting down all executors
[2024-10-24T14:25:31.375+0000] {spark_submit.py:524} INFO - 24/10/24 14:25:31 INFO StandaloneSchedulerBackend$StandaloneDriverEndpoint: Asking each executor to shut down
[2024-10-24T14:25:31.392+0000] {spark_submit.py:524} INFO - 24/10/24 14:25:31 INFO MapOutputTrackerMasterEndpoint: MapOutputTrackerMasterEndpoint stopped!
[2024-10-24T14:25:31.427+0000] {spark_submit.py:524} INFO - 24/10/24 14:25:31 INFO MemoryStore: MemoryStore cleared
[2024-10-24T14:25:31.427+0000] {spark_submit.py:524} INFO - 24/10/24 14:25:31 INFO BlockManager: BlockManager stopped
[2024-10-24T14:25:31.433+0000] {spark_submit.py:524} INFO - 24/10/24 14:25:31 INFO BlockManagerMaster: BlockManagerMaster stopped
[2024-10-24T14:25:31.438+0000] {spark_submit.py:524} INFO - 24/10/24 14:25:31 INFO OutputCommitCoordinator$OutputCommitCoordinatorEndpoint: OutputCommitCoordinator stopped!
[2024-10-24T14:25:31.460+0000] {spark_submit.py:524} INFO - 24/10/24 14:25:31 INFO SparkContext: Successfully stopped SparkContext
[2024-10-24T14:25:31.801+0000] {spark_submit.py:524} INFO - 24/10/24 14:25:31 INFO ShutdownHookManager: Shutdown hook called
[2024-10-24T14:25:31.802+0000] {spark_submit.py:524} INFO - 24/10/24 14:25:31 INFO ShutdownHookManager: Deleting directory /tmp/spark-b416728f-3fee-43bb-89a4-62d6b9208e4c
[2024-10-24T14:25:31.806+0000] {spark_submit.py:524} INFO - 24/10/24 14:25:31 INFO ShutdownHookManager: Deleting directory /tmp/spark-b416728f-3fee-43bb-89a4-62d6b9208e4c/pyspark-8efb6e1a-2d0c-4f20-b192-65bc1e6ac442
[2024-10-24T14:25:31.809+0000] {spark_submit.py:524} INFO - 24/10/24 14:25:31 INFO ShutdownHookManager: Deleting directory /tmp/spark-c262cc7b-af58-4630-8398-8f28d6ecab79
[2024-10-24T14:25:31.862+0000] {taskinstance.py:1398} INFO - Marking task as SUCCESS. dag_id=api_openbrewerydb_to_silver_gold, task_id=Silver, execution_date=20231022T080000, start_date=20241024T142526, end_date=20241024T142531
[2024-10-24T14:25:31.883+0000] {local_task_job_runner.py:228} INFO - Task exited with return code 0
[2024-10-24T14:25:31.920+0000] {taskinstance.py:2776} INFO - 1 downstream tasks scheduled from follow-on schedule check
