[2024-10-24T01:18:27.337+0000] {taskinstance.py:1157} INFO - Dependencies all met for dep_context=non-requeueable deps ti=<TaskInstance: api_openbrewerydb_to_silver_gold.Silver scheduled__2023-11-09T08:00:00+00:00 [queued]>
[2024-10-24T01:18:27.347+0000] {taskinstance.py:1157} INFO - Dependencies all met for dep_context=requeueable deps ti=<TaskInstance: api_openbrewerydb_to_silver_gold.Silver scheduled__2023-11-09T08:00:00+00:00 [queued]>
[2024-10-24T01:18:27.347+0000] {taskinstance.py:1359} INFO - Starting attempt 1 of 3
[2024-10-24T01:18:27.362+0000] {taskinstance.py:1380} INFO - Executing <Task(SparkSubmitOperator): Silver> on 2023-11-09 08:00:00+00:00
[2024-10-24T01:18:27.369+0000] {standard_task_runner.py:57} INFO - Started process 2325 to run task
[2024-10-24T01:18:27.372+0000] {standard_task_runner.py:84} INFO - Running: ['***', 'tasks', 'run', 'api_openbrewerydb_to_silver_gold', 'Silver', 'scheduled__2023-11-09T08:00:00+00:00', '--job-id', '78', '--raw', '--subdir', 'DAGS_FOLDER/api_openbrewerydb_to_silver.py', '--cfg-path', '/tmp/tmpt6ghfuvq']
[2024-10-24T01:18:27.379+0000] {standard_task_runner.py:85} INFO - Job 78: Subtask Silver
[2024-10-24T01:18:27.456+0000] {task_command.py:415} INFO - Running <TaskInstance: api_openbrewerydb_to_silver_gold.Silver scheduled__2023-11-09T08:00:00+00:00 [running]> on host de5108c6da1d
[2024-10-24T01:18:27.568+0000] {taskinstance.py:1660} INFO - Exporting env vars: AIRFLOW_CTX_DAG_OWNER='Rodrigo Araujo' AIRFLOW_CTX_DAG_ID='api_openbrewerydb_to_silver_gold' AIRFLOW_CTX_TASK_ID='Silver' AIRFLOW_CTX_EXECUTION_DATE='2023-11-09T08:00:00+00:00' AIRFLOW_CTX_TRY_NUMBER='1' AIRFLOW_CTX_DAG_RUN_ID='scheduled__2023-11-09T08:00:00+00:00'
[2024-10-24T01:18:27.586+0000] {base.py:73} INFO - Using connection ID 'spark-conn' for task execution.
[2024-10-24T01:18:27.587+0000] {spark_submit.py:363} INFO - Spark-Submit cmd: spark-submit --master spark://spark-master:7077 --name arrow-spark --queue root.default jobs/silver/api_openbrewerydb.py
[2024-10-24T01:18:33.434+0000] {spark_submit.py:524} INFO - 24/10/24 01:18:33 INFO SparkContext: Running Spark version 3.5.3
[2024-10-24T01:18:33.436+0000] {spark_submit.py:524} INFO - 24/10/24 01:18:33 INFO SparkContext: OS info Linux, 5.15.0-124-generic, amd64
[2024-10-24T01:18:33.437+0000] {spark_submit.py:524} INFO - 24/10/24 01:18:33 INFO SparkContext: Java version 11.0.25
[2024-10-24T01:18:33.512+0000] {spark_submit.py:524} INFO - 24/10/24 01:18:33 WARN NativeCodeLoader: Unable to load native-hadoop library for your platform... using builtin-java classes where applicable
[2024-10-24T01:18:33.609+0000] {spark_submit.py:524} INFO - 24/10/24 01:18:33 INFO ResourceUtils: ==============================================================
[2024-10-24T01:18:33.609+0000] {spark_submit.py:524} INFO - 24/10/24 01:18:33 INFO ResourceUtils: No custom resources configured for spark.driver.
[2024-10-24T01:18:33.610+0000] {spark_submit.py:524} INFO - 24/10/24 01:18:33 INFO ResourceUtils: ==============================================================
[2024-10-24T01:18:33.610+0000] {spark_submit.py:524} INFO - 24/10/24 01:18:33 INFO SparkContext: Submitted application: IngestaoSilver
[2024-10-24T01:18:33.634+0000] {spark_submit.py:524} INFO - 24/10/24 01:18:33 INFO ResourceProfile: Default ResourceProfile created, executor resources: Map(memory -> name: memory, amount: 1024, script: , vendor: , offHeap -> name: offHeap, amount: 0, script: , vendor: ), task resources: Map(cpus -> name: cpus, amount: 1.0)
[2024-10-24T01:18:33.652+0000] {spark_submit.py:524} INFO - 24/10/24 01:18:33 INFO ResourceProfile: Limiting resource is cpu
[2024-10-24T01:18:33.653+0000] {spark_submit.py:524} INFO - 24/10/24 01:18:33 INFO ResourceProfileManager: Added ResourceProfile id: 0
[2024-10-24T01:18:33.710+0000] {spark_submit.py:524} INFO - 24/10/24 01:18:33 INFO SecurityManager: Changing view acls to: ***
[2024-10-24T01:18:33.711+0000] {spark_submit.py:524} INFO - 24/10/24 01:18:33 INFO SecurityManager: Changing modify acls to: ***
[2024-10-24T01:18:33.712+0000] {spark_submit.py:524} INFO - 24/10/24 01:18:33 INFO SecurityManager: Changing view acls groups to:
[2024-10-24T01:18:33.712+0000] {spark_submit.py:524} INFO - 24/10/24 01:18:33 INFO SecurityManager: Changing modify acls groups to:
[2024-10-24T01:18:33.713+0000] {spark_submit.py:524} INFO - 24/10/24 01:18:33 INFO SecurityManager: SecurityManager: authentication disabled; ui acls disabled; users with view permissions: ***; groups with view permissions: EMPTY; users with modify permissions: ***; groups with modify permissions: EMPTY
[2024-10-24T01:18:34.075+0000] {spark_submit.py:524} INFO - 24/10/24 01:18:34 INFO Utils: Successfully started service 'sparkDriver' on port 43753.
[2024-10-24T01:18:34.113+0000] {spark_submit.py:524} INFO - 24/10/24 01:18:34 INFO SparkEnv: Registering MapOutputTracker
[2024-10-24T01:18:34.182+0000] {spark_submit.py:524} INFO - 24/10/24 01:18:34 INFO SparkEnv: Registering BlockManagerMaster
[2024-10-24T01:18:34.236+0000] {spark_submit.py:524} INFO - 24/10/24 01:18:34 INFO BlockManagerMasterEndpoint: Using org.apache.spark.storage.DefaultTopologyMapper for getting topology information
[2024-10-24T01:18:34.237+0000] {spark_submit.py:524} INFO - 24/10/24 01:18:34 INFO BlockManagerMasterEndpoint: BlockManagerMasterEndpoint up
[2024-10-24T01:18:34.242+0000] {spark_submit.py:524} INFO - 24/10/24 01:18:34 INFO SparkEnv: Registering BlockManagerMasterHeartbeat
[2024-10-24T01:18:34.281+0000] {spark_submit.py:524} INFO - 24/10/24 01:18:34 INFO DiskBlockManager: Created local directory at /tmp/blockmgr-9091b997-247f-4d93-a125-31ece7dbcdff
[2024-10-24T01:18:34.310+0000] {spark_submit.py:524} INFO - 24/10/24 01:18:34 INFO MemoryStore: MemoryStore started with capacity 434.4 MiB
[2024-10-24T01:18:34.346+0000] {spark_submit.py:524} INFO - 24/10/24 01:18:34 INFO SparkEnv: Registering OutputCommitCoordinator
[2024-10-24T01:18:34.853+0000] {spark_submit.py:524} INFO - 24/10/24 01:18:34 INFO JettyUtils: Start Jetty 0.0.0.0:4040 for SparkUI
[2024-10-24T01:18:35.020+0000] {spark_submit.py:524} INFO - 24/10/24 01:18:35 INFO Utils: Successfully started service 'SparkUI' on port 4040.
[2024-10-24T01:18:35.256+0000] {spark_submit.py:524} INFO - 24/10/24 01:18:35 INFO StandaloneAppClient$ClientEndpoint: Connecting to master spark://spark-master:7077...
[2024-10-24T01:18:35.334+0000] {spark_submit.py:524} INFO - 24/10/24 01:18:35 INFO TransportClientFactory: Successfully created connection to spark-master/172.22.0.3:7077 after 46 ms (0 ms spent in bootstraps)
[2024-10-24T01:18:35.463+0000] {spark_submit.py:524} INFO - 24/10/24 01:18:35 INFO StandaloneSchedulerBackend: Connected to Spark cluster with app ID app-20241024011835-0009
[2024-10-24T01:18:35.464+0000] {spark_submit.py:524} INFO - 24/10/24 01:18:35 INFO StandaloneAppClient$ClientEndpoint: Executor added: app-20241024011835-0009/0 on worker-20241024010948-172.22.0.4-41535 (172.22.0.4:41535) with 2 core(s)
[2024-10-24T01:18:35.466+0000] {spark_submit.py:524} INFO - 24/10/24 01:18:35 INFO StandaloneSchedulerBackend: Granted executor ID app-20241024011835-0009/0 on hostPort 172.22.0.4:41535 with 2 core(s), 1024.0 MiB RAM
[2024-10-24T01:18:35.493+0000] {spark_submit.py:524} INFO - 24/10/24 01:18:35 INFO Utils: Successfully started service 'org.apache.spark.network.netty.NettyBlockTransferService' on port 40999.
[2024-10-24T01:18:35.493+0000] {spark_submit.py:524} INFO - 24/10/24 01:18:35 INFO NettyBlockTransferService: Server created on de5108c6da1d:40999
[2024-10-24T01:18:35.494+0000] {spark_submit.py:524} INFO - 24/10/24 01:18:35 INFO BlockManager: Using org.apache.spark.storage.RandomBlockReplicationPolicy for block replication policy
[2024-10-24T01:18:35.509+0000] {spark_submit.py:524} INFO - 24/10/24 01:18:35 INFO BlockManagerMaster: Registering BlockManager BlockManagerId(driver, de5108c6da1d, 40999, None)
[2024-10-24T01:18:35.515+0000] {spark_submit.py:524} INFO - 24/10/24 01:18:35 INFO BlockManagerMasterEndpoint: Registering block manager de5108c6da1d:40999 with 434.4 MiB RAM, BlockManagerId(driver, de5108c6da1d, 40999, None)
[2024-10-24T01:18:35.520+0000] {spark_submit.py:524} INFO - 24/10/24 01:18:35 INFO BlockManagerMaster: Registered BlockManager BlockManagerId(driver, de5108c6da1d, 40999, None)
[2024-10-24T01:18:35.523+0000] {spark_submit.py:524} INFO - 24/10/24 01:18:35 INFO BlockManager: Initialized BlockManager: BlockManagerId(driver, de5108c6da1d, 40999, None)
[2024-10-24T01:18:35.552+0000] {spark_submit.py:524} INFO - 24/10/24 01:18:35 INFO StandaloneAppClient$ClientEndpoint: Executor updated: app-20241024011835-0009/0 is now RUNNING
[2024-10-24T01:18:35.978+0000] {spark_submit.py:524} INFO - 24/10/24 01:18:35 INFO StandaloneSchedulerBackend: SchedulerBackend is ready for scheduling beginning after reached minRegisteredResourcesRatio: 0.0
[2024-10-24T01:18:36.332+0000] {spark_submit.py:524} INFO - Hello from Spark!
[2024-10-24T01:18:36.333+0000] {spark_submit.py:524} INFO - 24/10/24 01:18:36 INFO SparkContext: SparkContext is stopping with exitCode 0.
[2024-10-24T01:18:36.363+0000] {spark_submit.py:524} INFO - 24/10/24 01:18:36 INFO SparkUI: Stopped Spark web UI at http://de5108c6da1d:4040
[2024-10-24T01:18:36.386+0000] {spark_submit.py:524} INFO - 24/10/24 01:18:36 INFO StandaloneSchedulerBackend: Shutting down all executors
[2024-10-24T01:18:36.397+0000] {spark_submit.py:524} INFO - 24/10/24 01:18:36 INFO StandaloneSchedulerBackend$StandaloneDriverEndpoint: Asking each executor to shut down
[2024-10-24T01:18:36.453+0000] {spark_submit.py:524} INFO - 24/10/24 01:18:36 INFO MapOutputTrackerMasterEndpoint: MapOutputTrackerMasterEndpoint stopped!
[2024-10-24T01:18:36.475+0000] {spark_submit.py:524} INFO - 24/10/24 01:18:36 INFO MemoryStore: MemoryStore cleared
[2024-10-24T01:18:36.477+0000] {spark_submit.py:524} INFO - 24/10/24 01:18:36 INFO BlockManager: BlockManager stopped
[2024-10-24T01:18:36.492+0000] {spark_submit.py:524} INFO - 24/10/24 01:18:36 INFO BlockManagerMaster: BlockManagerMaster stopped
[2024-10-24T01:18:36.496+0000] {spark_submit.py:524} INFO - 24/10/24 01:18:36 INFO OutputCommitCoordinator$OutputCommitCoordinatorEndpoint: OutputCommitCoordinator stopped!
[2024-10-24T01:18:36.509+0000] {spark_submit.py:524} INFO - 24/10/24 01:18:36 INFO SparkContext: Successfully stopped SparkContext
[2024-10-24T01:18:37.085+0000] {spark_submit.py:524} INFO - 24/10/24 01:18:37 INFO ShutdownHookManager: Shutdown hook called
[2024-10-24T01:18:37.086+0000] {spark_submit.py:524} INFO - 24/10/24 01:18:37 INFO ShutdownHookManager: Deleting directory /tmp/spark-70c0a20b-1eb7-4f99-afbd-4bbb6a48885b/pyspark-d8dfa697-ae64-4d30-a041-68b5d7303757
[2024-10-24T01:18:37.092+0000] {spark_submit.py:524} INFO - 24/10/24 01:18:37 INFO ShutdownHookManager: Deleting directory /tmp/spark-b9b739df-4bc4-4d3b-96ca-9e4212b1522b
[2024-10-24T01:18:37.096+0000] {spark_submit.py:524} INFO - 24/10/24 01:18:37 INFO ShutdownHookManager: Deleting directory /tmp/spark-70c0a20b-1eb7-4f99-afbd-4bbb6a48885b
[2024-10-24T01:18:37.183+0000] {taskinstance.py:1398} INFO - Marking task as SUCCESS. dag_id=api_openbrewerydb_to_silver_gold, task_id=Silver, execution_date=20231109T080000, start_date=20241024T011827, end_date=20241024T011837
[2024-10-24T01:18:37.340+0000] {local_task_job_runner.py:228} INFO - Task exited with return code 0
[2024-10-24T01:18:37.368+0000] {taskinstance.py:2776} INFO - 1 downstream tasks scheduled from follow-on schedule check
[2024-10-24T14:30:14.058+0000] {logging_mixin.py:151} INFO - Changing /opt/***/logs/dag_id=api_openbrewerydb_to_silver_gold/run_id=scheduled__2023-11-09T08:00:00+00:00/task_id=Silver permission to 509
[2024-10-24T14:30:14.066+0000] {logging_mixin.py:151} INFO - Failed to change /opt/***/logs/dag_id=api_openbrewerydb_to_silver_gold/run_id=scheduled__2023-11-09T08:00:00+00:00/task_id=Silver permission to 509: [Errno 1] Operation not permitted: '/opt/***/logs/dag_id=api_openbrewerydb_to_silver_gold/run_id=scheduled__2023-11-09T08:00:00+00:00/task_id=Silver'
[2024-10-24T14:30:14.094+0000] {logging_mixin.py:151} INFO - Changing /opt/***/logs/dag_id=api_openbrewerydb_to_silver_gold/run_id=scheduled__2023-11-09T08:00:00+00:00/task_id=Silver permission to 509
[2024-10-24T14:30:14.094+0000] {logging_mixin.py:151} INFO - Failed to change /opt/***/logs/dag_id=api_openbrewerydb_to_silver_gold/run_id=scheduled__2023-11-09T08:00:00+00:00/task_id=Silver permission to 509: [Errno 1] Operation not permitted: '/opt/***/logs/dag_id=api_openbrewerydb_to_silver_gold/run_id=scheduled__2023-11-09T08:00:00+00:00/task_id=Silver'
[2024-10-24T14:30:14.123+0000] {taskinstance.py:1157} INFO - Dependencies all met for dep_context=non-requeueable deps ti=<TaskInstance: api_openbrewerydb_to_silver_gold.Silver scheduled__2023-11-09T08:00:00+00:00 [queued]>
[2024-10-24T14:30:14.129+0000] {taskinstance.py:1157} INFO - Dependencies all met for dep_context=requeueable deps ti=<TaskInstance: api_openbrewerydb_to_silver_gold.Silver scheduled__2023-11-09T08:00:00+00:00 [queued]>
[2024-10-24T14:30:14.129+0000] {taskinstance.py:1359} INFO - Starting attempt 1 of 2
[2024-10-24T14:30:14.139+0000] {taskinstance.py:1380} INFO - Executing <Task(SparkSubmitOperator): Silver> on 2023-11-09 08:00:00+00:00
[2024-10-24T14:30:14.143+0000] {standard_task_runner.py:57} INFO - Started process 6280 to run task
[2024-10-24T14:30:14.145+0000] {standard_task_runner.py:84} INFO - Running: ['***', 'tasks', 'run', 'api_openbrewerydb_to_silver_gold', 'Silver', 'scheduled__2023-11-09T08:00:00+00:00', '--job-id', '43', '--raw', '--subdir', 'DAGS_FOLDER/api_openbrewerydb_to_silver.py', '--cfg-path', '/tmp/tmp50o85d12']
[2024-10-24T14:30:14.147+0000] {standard_task_runner.py:85} INFO - Job 43: Subtask Silver
[2024-10-24T14:30:14.192+0000] {logging_mixin.py:151} INFO - Changing /opt/***/logs/dag_id=api_openbrewerydb_to_silver_gold/run_id=scheduled__2023-11-09T08:00:00+00:00/task_id=Silver permission to 509
[2024-10-24T14:30:14.192+0000] {logging_mixin.py:151} INFO - Failed to change /opt/***/logs/dag_id=api_openbrewerydb_to_silver_gold/run_id=scheduled__2023-11-09T08:00:00+00:00/task_id=Silver permission to 509: [Errno 1] Operation not permitted: '/opt/***/logs/dag_id=api_openbrewerydb_to_silver_gold/run_id=scheduled__2023-11-09T08:00:00+00:00/task_id=Silver'
[2024-10-24T14:30:14.192+0000] {task_command.py:415} INFO - Running <TaskInstance: api_openbrewerydb_to_silver_gold.Silver scheduled__2023-11-09T08:00:00+00:00 [running]> on host 96f89615839b
[2024-10-24T14:30:14.268+0000] {taskinstance.py:1660} INFO - Exporting env vars: AIRFLOW_CTX_DAG_OWNER='Rodrigo Araujo' AIRFLOW_CTX_DAG_ID='api_openbrewerydb_to_silver_gold' AIRFLOW_CTX_TASK_ID='Silver' AIRFLOW_CTX_EXECUTION_DATE='2023-11-09T08:00:00+00:00' AIRFLOW_CTX_TRY_NUMBER='1' AIRFLOW_CTX_DAG_RUN_ID='scheduled__2023-11-09T08:00:00+00:00'
[2024-10-24T14:30:14.278+0000] {base.py:73} INFO - Using connection ID 'spark-conn' for task execution.
[2024-10-24T14:30:14.279+0000] {spark_submit.py:363} INFO - Spark-Submit cmd: spark-submit --master spark://spark-master:7077 --name arrow-spark jobs/silver/api_openbrewerydb.py
[2024-10-24T14:30:16.947+0000] {spark_submit.py:524} INFO - 24/10/24 14:30:16 INFO SparkContext: Running Spark version 3.5.3
[2024-10-24T14:30:16.949+0000] {spark_submit.py:524} INFO - 24/10/24 14:30:16 INFO SparkContext: OS info Linux, 5.15.0-124-generic, amd64
[2024-10-24T14:30:16.949+0000] {spark_submit.py:524} INFO - 24/10/24 14:30:16 INFO SparkContext: Java version 11.0.25
[2024-10-24T14:30:17.002+0000] {spark_submit.py:524} INFO - 24/10/24 14:30:17 WARN NativeCodeLoader: Unable to load native-hadoop library for your platform... using builtin-java classes where applicable
[2024-10-24T14:30:17.077+0000] {spark_submit.py:524} INFO - 24/10/24 14:30:17 INFO ResourceUtils: ==============================================================
[2024-10-24T14:30:17.077+0000] {spark_submit.py:524} INFO - 24/10/24 14:30:17 INFO ResourceUtils: No custom resources configured for spark.driver.
[2024-10-24T14:30:17.077+0000] {spark_submit.py:524} INFO - 24/10/24 14:30:17 INFO ResourceUtils: ==============================================================
[2024-10-24T14:30:17.078+0000] {spark_submit.py:524} INFO - 24/10/24 14:30:17 INFO SparkContext: Submitted application: IngestaoSilver
[2024-10-24T14:30:17.098+0000] {spark_submit.py:524} INFO - 24/10/24 14:30:17 INFO ResourceProfile: Default ResourceProfile created, executor resources: Map(memory -> name: memory, amount: 1024, script: , vendor: , offHeap -> name: offHeap, amount: 0, script: , vendor: ), task resources: Map(cpus -> name: cpus, amount: 1.0)
[2024-10-24T14:30:17.112+0000] {spark_submit.py:524} INFO - 24/10/24 14:30:17 INFO ResourceProfile: Limiting resource is cpu
[2024-10-24T14:30:17.112+0000] {spark_submit.py:524} INFO - 24/10/24 14:30:17 INFO ResourceProfileManager: Added ResourceProfile id: 0
[2024-10-24T14:30:17.159+0000] {spark_submit.py:524} INFO - 24/10/24 14:30:17 INFO SecurityManager: Changing view acls to: ***
[2024-10-24T14:30:17.159+0000] {spark_submit.py:524} INFO - 24/10/24 14:30:17 INFO SecurityManager: Changing modify acls to: ***
[2024-10-24T14:30:17.159+0000] {spark_submit.py:524} INFO - 24/10/24 14:30:17 INFO SecurityManager: Changing view acls groups to:
[2024-10-24T14:30:17.160+0000] {spark_submit.py:524} INFO - 24/10/24 14:30:17 INFO SecurityManager: Changing modify acls groups to:
[2024-10-24T14:30:17.160+0000] {spark_submit.py:524} INFO - 24/10/24 14:30:17 INFO SecurityManager: SecurityManager: authentication disabled; ui acls disabled; users with view permissions: ***; groups with view permissions: EMPTY; users with modify permissions: ***; groups with modify permissions: EMPTY
[2024-10-24T14:30:17.388+0000] {spark_submit.py:524} INFO - 24/10/24 14:30:17 INFO Utils: Successfully started service 'sparkDriver' on port 39093.
[2024-10-24T14:30:17.412+0000] {spark_submit.py:524} INFO - 24/10/24 14:30:17 INFO SparkEnv: Registering MapOutputTracker
[2024-10-24T14:30:17.440+0000] {spark_submit.py:524} INFO - 24/10/24 14:30:17 INFO SparkEnv: Registering BlockManagerMaster
[2024-10-24T14:30:17.458+0000] {spark_submit.py:524} INFO - 24/10/24 14:30:17 INFO BlockManagerMasterEndpoint: Using org.apache.spark.storage.DefaultTopologyMapper for getting topology information
[2024-10-24T14:30:17.458+0000] {spark_submit.py:524} INFO - 24/10/24 14:30:17 INFO BlockManagerMasterEndpoint: BlockManagerMasterEndpoint up
[2024-10-24T14:30:17.462+0000] {spark_submit.py:524} INFO - 24/10/24 14:30:17 INFO SparkEnv: Registering BlockManagerMasterHeartbeat
[2024-10-24T14:30:17.479+0000] {spark_submit.py:524} INFO - 24/10/24 14:30:17 INFO DiskBlockManager: Created local directory at /tmp/blockmgr-4d492375-1729-4e27-8aca-684a5a7b7f4b
[2024-10-24T14:30:17.492+0000] {spark_submit.py:524} INFO - 24/10/24 14:30:17 INFO MemoryStore: MemoryStore started with capacity 434.4 MiB
[2024-10-24T14:30:17.505+0000] {spark_submit.py:524} INFO - 24/10/24 14:30:17 INFO SparkEnv: Registering OutputCommitCoordinator
[2024-10-24T14:30:17.640+0000] {spark_submit.py:524} INFO - 24/10/24 14:30:17 INFO JettyUtils: Start Jetty 0.0.0.0:4040 for SparkUI
[2024-10-24T14:30:17.688+0000] {spark_submit.py:524} INFO - 24/10/24 14:30:17 INFO Utils: Successfully started service 'SparkUI' on port 4040.
[2024-10-24T14:30:17.806+0000] {spark_submit.py:524} INFO - 24/10/24 14:30:17 INFO StandaloneAppClient$ClientEndpoint: Connecting to master spark://spark-master:7077...
[2024-10-24T14:30:17.857+0000] {spark_submit.py:524} INFO - 24/10/24 14:30:17 INFO TransportClientFactory: Successfully created connection to spark-master/172.18.0.2:7077 after 28 ms (0 ms spent in bootstraps)
[2024-10-24T14:30:17.943+0000] {spark_submit.py:524} INFO - 24/10/24 14:30:17 INFO StandaloneSchedulerBackend: Connected to Spark cluster with app ID app-20241024143017-0038
[2024-10-24T14:30:17.951+0000] {spark_submit.py:524} INFO - 24/10/24 14:30:17 INFO StandaloneAppClient$ClientEndpoint: Executor added: app-20241024143017-0038/0 on worker-20241024142308-172.18.0.5-43899 (172.18.0.5:43899) with 2 core(s)
[2024-10-24T14:30:17.954+0000] {spark_submit.py:524} INFO - 24/10/24 14:30:17 INFO StandaloneSchedulerBackend: Granted executor ID app-20241024143017-0038/0 on hostPort 172.18.0.5:43899 with 2 core(s), 1024.0 MiB RAM
[2024-10-24T14:30:17.968+0000] {spark_submit.py:524} INFO - 24/10/24 14:30:17 INFO Utils: Successfully started service 'org.apache.spark.network.netty.NettyBlockTransferService' on port 42047.
[2024-10-24T14:30:17.969+0000] {spark_submit.py:524} INFO - 24/10/24 14:30:17 INFO NettyBlockTransferService: Server created on 96f89615839b:42047
[2024-10-24T14:30:17.975+0000] {spark_submit.py:524} INFO - 24/10/24 14:30:17 INFO BlockManager: Using org.apache.spark.storage.RandomBlockReplicationPolicy for block replication policy
[2024-10-24T14:30:17.997+0000] {spark_submit.py:524} INFO - 24/10/24 14:30:17 INFO BlockManagerMaster: Registering BlockManager BlockManagerId(driver, 96f89615839b, 42047, None)
[2024-10-24T14:30:18.004+0000] {spark_submit.py:524} INFO - 24/10/24 14:30:18 INFO StandaloneAppClient$ClientEndpoint: Executor updated: app-20241024143017-0038/0 is now RUNNING
[2024-10-24T14:30:18.006+0000] {spark_submit.py:524} INFO - 24/10/24 14:30:18 INFO BlockManagerMasterEndpoint: Registering block manager 96f89615839b:42047 with 434.4 MiB RAM, BlockManagerId(driver, 96f89615839b, 42047, None)
[2024-10-24T14:30:18.012+0000] {spark_submit.py:524} INFO - 24/10/24 14:30:18 INFO BlockManagerMaster: Registered BlockManager BlockManagerId(driver, 96f89615839b, 42047, None)
[2024-10-24T14:30:18.015+0000] {spark_submit.py:524} INFO - 24/10/24 14:30:18 INFO BlockManager: Initialized BlockManager: BlockManagerId(driver, 96f89615839b, 42047, None)
[2024-10-24T14:30:18.328+0000] {spark_submit.py:524} INFO - 24/10/24 14:30:18 INFO StandaloneSchedulerBackend: SchedulerBackend is ready for scheduling beginning after reached minRegisteredResourcesRatio: 0.0
[2024-10-24T14:30:18.556+0000] {spark_submit.py:524} INFO - Hello from Spark!
[2024-10-24T14:30:18.557+0000] {spark_submit.py:524} INFO - 24/10/24 14:30:18 INFO SparkContext: SparkContext is stopping with exitCode 0.
[2024-10-24T14:30:18.571+0000] {spark_submit.py:524} INFO - 24/10/24 14:30:18 INFO SparkUI: Stopped Spark web UI at http://96f89615839b:4040
[2024-10-24T14:30:18.578+0000] {spark_submit.py:524} INFO - 24/10/24 14:30:18 INFO StandaloneSchedulerBackend: Shutting down all executors
[2024-10-24T14:30:18.582+0000] {spark_submit.py:524} INFO - 24/10/24 14:30:18 INFO StandaloneSchedulerBackend$StandaloneDriverEndpoint: Asking each executor to shut down
[2024-10-24T14:30:18.600+0000] {spark_submit.py:524} INFO - 24/10/24 14:30:18 INFO MapOutputTrackerMasterEndpoint: MapOutputTrackerMasterEndpoint stopped!
[2024-10-24T14:30:18.609+0000] {spark_submit.py:524} INFO - 24/10/24 14:30:18 INFO MemoryStore: MemoryStore cleared
[2024-10-24T14:30:18.610+0000] {spark_submit.py:524} INFO - 24/10/24 14:30:18 INFO BlockManager: BlockManager stopped
[2024-10-24T14:30:18.618+0000] {spark_submit.py:524} INFO - 24/10/24 14:30:18 INFO BlockManagerMaster: BlockManagerMaster stopped
[2024-10-24T14:30:18.620+0000] {spark_submit.py:524} INFO - 24/10/24 14:30:18 INFO OutputCommitCoordinator$OutputCommitCoordinatorEndpoint: OutputCommitCoordinator stopped!
[2024-10-24T14:30:18.636+0000] {spark_submit.py:524} INFO - 24/10/24 14:30:18 INFO SparkContext: Successfully stopped SparkContext
[2024-10-24T14:30:18.968+0000] {spark_submit.py:524} INFO - 24/10/24 14:30:18 INFO ShutdownHookManager: Shutdown hook called
[2024-10-24T14:30:18.969+0000] {spark_submit.py:524} INFO - 24/10/24 14:30:18 INFO ShutdownHookManager: Deleting directory /tmp/spark-e8a8da4d-8cd3-4a0c-b7fe-f2dd1ae3540c/pyspark-3119c003-d027-46d4-980d-ac15bf65ddc5
[2024-10-24T14:30:18.972+0000] {spark_submit.py:524} INFO - 24/10/24 14:30:18 INFO ShutdownHookManager: Deleting directory /tmp/spark-e8a8da4d-8cd3-4a0c-b7fe-f2dd1ae3540c
[2024-10-24T14:30:18.975+0000] {spark_submit.py:524} INFO - 24/10/24 14:30:18 INFO ShutdownHookManager: Deleting directory /tmp/spark-2a75aa52-8640-4bb1-9ac3-5cd90e1185d6
[2024-10-24T14:30:19.034+0000] {taskinstance.py:1398} INFO - Marking task as SUCCESS. dag_id=api_openbrewerydb_to_silver_gold, task_id=Silver, execution_date=20231109T080000, start_date=20241024T143014, end_date=20241024T143019
[2024-10-24T14:30:19.050+0000] {local_task_job_runner.py:228} INFO - Task exited with return code 0
[2024-10-24T14:30:19.072+0000] {taskinstance.py:2776} INFO - 1 downstream tasks scheduled from follow-on schedule check
