[2024-10-24T14:36:19.497+0000] {taskinstance.py:1157} INFO - Dependencies all met for dep_context=non-requeueable deps ti=<TaskInstance: api_openbrewerydb_to_silver_gold.Gold scheduled__2023-12-05T08:00:00+00:00 [queued]>
[2024-10-24T14:36:19.504+0000] {taskinstance.py:1157} INFO - Dependencies all met for dep_context=requeueable deps ti=<TaskInstance: api_openbrewerydb_to_silver_gold.Gold scheduled__2023-12-05T08:00:00+00:00 [queued]>
[2024-10-24T14:36:19.504+0000] {taskinstance.py:1359} INFO - Starting attempt 1 of 2
[2024-10-24T14:36:19.514+0000] {taskinstance.py:1380} INFO - Executing <Task(SparkSubmitOperator): Gold> on 2023-12-05 08:00:00+00:00
[2024-10-24T14:36:19.518+0000] {standard_task_runner.py:57} INFO - Started process 14721 to run task
[2024-10-24T14:36:19.520+0000] {standard_task_runner.py:84} INFO - Running: ['***', 'tasks', 'run', 'api_openbrewerydb_to_silver_gold', 'Gold', 'scheduled__2023-12-05T08:00:00+00:00', '--job-id', '96', '--raw', '--subdir', 'DAGS_FOLDER/api_openbrewerydb_to_silver.py', '--cfg-path', '/tmp/tmpws_0vtzf']
[2024-10-24T14:36:19.524+0000] {standard_task_runner.py:85} INFO - Job 96: Subtask Gold
[2024-10-24T14:36:19.568+0000] {task_command.py:415} INFO - Running <TaskInstance: api_openbrewerydb_to_silver_gold.Gold scheduled__2023-12-05T08:00:00+00:00 [running]> on host 96f89615839b
[2024-10-24T14:36:19.648+0000] {taskinstance.py:1660} INFO - Exporting env vars: AIRFLOW_CTX_DAG_OWNER='Rodrigo Araujo' AIRFLOW_CTX_DAG_ID='api_openbrewerydb_to_silver_gold' AIRFLOW_CTX_TASK_ID='Gold' AIRFLOW_CTX_EXECUTION_DATE='2023-12-05T08:00:00+00:00' AIRFLOW_CTX_TRY_NUMBER='1' AIRFLOW_CTX_DAG_RUN_ID='scheduled__2023-12-05T08:00:00+00:00'
[2024-10-24T14:36:19.658+0000] {base.py:73} INFO - Using connection ID 'spark-conn' for task execution.
[2024-10-24T14:36:19.659+0000] {spark_submit.py:363} INFO - Spark-Submit cmd: spark-submit --master spark://spark-master:7077 --name arrow-spark jobs/gold/api_openbrewerydb.py
[2024-10-24T14:36:22.374+0000] {spark_submit.py:524} INFO - 24/10/24 14:36:22 INFO SparkContext: Running Spark version 3.5.3
[2024-10-24T14:36:22.376+0000] {spark_submit.py:524} INFO - 24/10/24 14:36:22 INFO SparkContext: OS info Linux, 5.15.0-124-generic, amd64
[2024-10-24T14:36:22.376+0000] {spark_submit.py:524} INFO - 24/10/24 14:36:22 INFO SparkContext: Java version 11.0.25
[2024-10-24T14:36:22.432+0000] {spark_submit.py:524} INFO - 24/10/24 14:36:22 WARN NativeCodeLoader: Unable to load native-hadoop library for your platform... using builtin-java classes where applicable
[2024-10-24T14:36:22.527+0000] {spark_submit.py:524} INFO - 24/10/24 14:36:22 INFO ResourceUtils: ==============================================================
[2024-10-24T14:36:22.528+0000] {spark_submit.py:524} INFO - 24/10/24 14:36:22 INFO ResourceUtils: No custom resources configured for spark.driver.
[2024-10-24T14:36:22.528+0000] {spark_submit.py:524} INFO - 24/10/24 14:36:22 INFO ResourceUtils: ==============================================================
[2024-10-24T14:36:22.529+0000] {spark_submit.py:524} INFO - 24/10/24 14:36:22 INFO SparkContext: Submitted application: IngestaoSilver
[2024-10-24T14:36:22.554+0000] {spark_submit.py:524} INFO - 24/10/24 14:36:22 INFO ResourceProfile: Default ResourceProfile created, executor resources: Map(memory -> name: memory, amount: 1024, script: , vendor: , offHeap -> name: offHeap, amount: 0, script: , vendor: ), task resources: Map(cpus -> name: cpus, amount: 1.0)
[2024-10-24T14:36:22.569+0000] {spark_submit.py:524} INFO - 24/10/24 14:36:22 INFO ResourceProfile: Limiting resource is cpu
[2024-10-24T14:36:22.569+0000] {spark_submit.py:524} INFO - 24/10/24 14:36:22 INFO ResourceProfileManager: Added ResourceProfile id: 0
[2024-10-24T14:36:22.619+0000] {spark_submit.py:524} INFO - 24/10/24 14:36:22 INFO SecurityManager: Changing view acls to: ***
[2024-10-24T14:36:22.619+0000] {spark_submit.py:524} INFO - 24/10/24 14:36:22 INFO SecurityManager: Changing modify acls to: ***
[2024-10-24T14:36:22.620+0000] {spark_submit.py:524} INFO - 24/10/24 14:36:22 INFO SecurityManager: Changing view acls groups to:
[2024-10-24T14:36:22.621+0000] {spark_submit.py:524} INFO - 24/10/24 14:36:22 INFO SecurityManager: Changing modify acls groups to:
[2024-10-24T14:36:22.621+0000] {spark_submit.py:524} INFO - 24/10/24 14:36:22 INFO SecurityManager: SecurityManager: authentication disabled; ui acls disabled; users with view permissions: ***; groups with view permissions: EMPTY; users with modify permissions: ***; groups with modify permissions: EMPTY
[2024-10-24T14:36:22.877+0000] {spark_submit.py:524} INFO - 24/10/24 14:36:22 INFO Utils: Successfully started service 'sparkDriver' on port 44231.
[2024-10-24T14:36:22.908+0000] {spark_submit.py:524} INFO - 24/10/24 14:36:22 INFO SparkEnv: Registering MapOutputTracker
[2024-10-24T14:36:22.946+0000] {spark_submit.py:524} INFO - 24/10/24 14:36:22 INFO SparkEnv: Registering BlockManagerMaster
[2024-10-24T14:36:22.973+0000] {spark_submit.py:524} INFO - 24/10/24 14:36:22 INFO BlockManagerMasterEndpoint: Using org.apache.spark.storage.DefaultTopologyMapper for getting topology information
[2024-10-24T14:36:22.974+0000] {spark_submit.py:524} INFO - 24/10/24 14:36:22 INFO BlockManagerMasterEndpoint: BlockManagerMasterEndpoint up
[2024-10-24T14:36:22.978+0000] {spark_submit.py:524} INFO - 24/10/24 14:36:22 INFO SparkEnv: Registering BlockManagerMasterHeartbeat
[2024-10-24T14:36:23.000+0000] {spark_submit.py:524} INFO - 24/10/24 14:36:23 INFO DiskBlockManager: Created local directory at /tmp/blockmgr-60cf3771-8f01-47c1-a7c3-97adce66a371
[2024-10-24T14:36:23.015+0000] {spark_submit.py:524} INFO - 24/10/24 14:36:23 INFO MemoryStore: MemoryStore started with capacity 434.4 MiB
[2024-10-24T14:36:23.032+0000] {spark_submit.py:524} INFO - 24/10/24 14:36:23 INFO SparkEnv: Registering OutputCommitCoordinator
[2024-10-24T14:36:23.167+0000] {spark_submit.py:524} INFO - 24/10/24 14:36:23 INFO JettyUtils: Start Jetty 0.0.0.0:4040 for SparkUI
[2024-10-24T14:36:23.216+0000] {spark_submit.py:524} INFO - 24/10/24 14:36:23 INFO Utils: Successfully started service 'SparkUI' on port 4040.
[2024-10-24T14:36:23.330+0000] {spark_submit.py:524} INFO - 24/10/24 14:36:23 INFO StandaloneAppClient$ClientEndpoint: Connecting to master spark://spark-master:7077...
[2024-10-24T14:36:23.388+0000] {spark_submit.py:524} INFO - 24/10/24 14:36:23 INFO TransportClientFactory: Successfully created connection to spark-master/172.18.0.2:7077 after 36 ms (0 ms spent in bootstraps)
[2024-10-24T14:36:23.501+0000] {spark_submit.py:524} INFO - 24/10/24 14:36:23 INFO StandaloneSchedulerBackend: Connected to Spark cluster with app ID app-20241024143623-0091
[2024-10-24T14:36:23.505+0000] {spark_submit.py:524} INFO - 24/10/24 14:36:23 INFO StandaloneAppClient$ClientEndpoint: Executor added: app-20241024143623-0091/0 on worker-20241024142308-172.18.0.5-43899 (172.18.0.5:43899) with 2 core(s)
[2024-10-24T14:36:23.508+0000] {spark_submit.py:524} INFO - 24/10/24 14:36:23 INFO StandaloneSchedulerBackend: Granted executor ID app-20241024143623-0091/0 on hostPort 172.18.0.5:43899 with 2 core(s), 1024.0 MiB RAM
[2024-10-24T14:36:23.518+0000] {spark_submit.py:524} INFO - 24/10/24 14:36:23 INFO Utils: Successfully started service 'org.apache.spark.network.netty.NettyBlockTransferService' on port 34479.
[2024-10-24T14:36:23.519+0000] {spark_submit.py:524} INFO - 24/10/24 14:36:23 INFO NettyBlockTransferService: Server created on 96f89615839b:34479
[2024-10-24T14:36:23.521+0000] {spark_submit.py:524} INFO - 24/10/24 14:36:23 INFO BlockManager: Using org.apache.spark.storage.RandomBlockReplicationPolicy for block replication policy
[2024-10-24T14:36:23.534+0000] {spark_submit.py:524} INFO - 24/10/24 14:36:23 INFO BlockManagerMaster: Registering BlockManager BlockManagerId(driver, 96f89615839b, 34479, None)
[2024-10-24T14:36:23.541+0000] {spark_submit.py:524} INFO - 24/10/24 14:36:23 INFO BlockManagerMasterEndpoint: Registering block manager 96f89615839b:34479 with 434.4 MiB RAM, BlockManagerId(driver, 96f89615839b, 34479, None)
[2024-10-24T14:36:23.542+0000] {spark_submit.py:524} INFO - 24/10/24 14:36:23 INFO StandaloneAppClient$ClientEndpoint: Executor updated: app-20241024143623-0091/0 is now RUNNING
[2024-10-24T14:36:23.545+0000] {spark_submit.py:524} INFO - 24/10/24 14:36:23 INFO BlockManagerMaster: Registered BlockManager BlockManagerId(driver, 96f89615839b, 34479, None)
[2024-10-24T14:36:23.547+0000] {spark_submit.py:524} INFO - 24/10/24 14:36:23 INFO BlockManager: Initialized BlockManager: BlockManagerId(driver, 96f89615839b, 34479, None)
[2024-10-24T14:36:23.926+0000] {spark_submit.py:524} INFO - 24/10/24 14:36:23 INFO StandaloneSchedulerBackend: SchedulerBackend is ready for scheduling beginning after reached minRegisteredResourcesRatio: 0.0
[2024-10-24T14:36:24.177+0000] {spark_submit.py:524} INFO - Hello from Spark!
[2024-10-24T14:36:24.178+0000] {spark_submit.py:524} INFO - 24/10/24 14:36:24 INFO SparkContext: SparkContext is stopping with exitCode 0.
[2024-10-24T14:36:24.195+0000] {spark_submit.py:524} INFO - 24/10/24 14:36:24 INFO SparkUI: Stopped Spark web UI at http://96f89615839b:4040
[2024-10-24T14:36:24.202+0000] {spark_submit.py:524} INFO - 24/10/24 14:36:24 INFO StandaloneSchedulerBackend: Shutting down all executors
[2024-10-24T14:36:24.206+0000] {spark_submit.py:524} INFO - 24/10/24 14:36:24 INFO StandaloneSchedulerBackend$StandaloneDriverEndpoint: Asking each executor to shut down
[2024-10-24T14:36:24.233+0000] {spark_submit.py:524} INFO - 24/10/24 14:36:24 INFO MapOutputTrackerMasterEndpoint: MapOutputTrackerMasterEndpoint stopped!
[2024-10-24T14:36:24.247+0000] {spark_submit.py:524} INFO - 24/10/24 14:36:24 INFO MemoryStore: MemoryStore cleared
[2024-10-24T14:36:24.247+0000] {spark_submit.py:524} INFO - 24/10/24 14:36:24 INFO BlockManager: BlockManager stopped
[2024-10-24T14:36:24.253+0000] {spark_submit.py:524} INFO - 24/10/24 14:36:24 INFO BlockManagerMaster: BlockManagerMaster stopped
[2024-10-24T14:36:24.256+0000] {spark_submit.py:524} INFO - 24/10/24 14:36:24 INFO OutputCommitCoordinator$OutputCommitCoordinatorEndpoint: OutputCommitCoordinator stopped!
[2024-10-24T14:36:24.269+0000] {spark_submit.py:524} INFO - 24/10/24 14:36:24 INFO SparkContext: Successfully stopped SparkContext
[2024-10-24T14:36:24.528+0000] {spark_submit.py:524} INFO - 24/10/24 14:36:24 INFO ShutdownHookManager: Shutdown hook called
[2024-10-24T14:36:24.529+0000] {spark_submit.py:524} INFO - 24/10/24 14:36:24 INFO ShutdownHookManager: Deleting directory /tmp/spark-b4d22e71-c39b-48c6-a26b-f0623e5fc209/pyspark-894d12d9-e2e9-4184-96dc-12695621cc67
[2024-10-24T14:36:24.532+0000] {spark_submit.py:524} INFO - 24/10/24 14:36:24 INFO ShutdownHookManager: Deleting directory /tmp/spark-3985281f-8edf-4761-9d0b-5f5a79c4a9fb
[2024-10-24T14:36:24.534+0000] {spark_submit.py:524} INFO - 24/10/24 14:36:24 INFO ShutdownHookManager: Deleting directory /tmp/spark-b4d22e71-c39b-48c6-a26b-f0623e5fc209
[2024-10-24T14:36:24.583+0000] {taskinstance.py:1398} INFO - Marking task as SUCCESS. dag_id=api_openbrewerydb_to_silver_gold, task_id=Gold, execution_date=20231205T080000, start_date=20241024T143619, end_date=20241024T143624
[2024-10-24T14:36:24.622+0000] {local_task_job_runner.py:228} INFO - Task exited with return code 0
[2024-10-24T14:36:24.639+0000] {taskinstance.py:2776} INFO - 0 downstream tasks scheduled from follow-on schedule check
