[2024-10-24T14:36:45.849+0000] {taskinstance.py:1157} INFO - Dependencies all met for dep_context=non-requeueable deps ti=<TaskInstance: api_openbrewerydb_to_silver_gold.Gold scheduled__2023-12-07T08:00:00+00:00 [queued]>
[2024-10-24T14:36:45.855+0000] {taskinstance.py:1157} INFO - Dependencies all met for dep_context=requeueable deps ti=<TaskInstance: api_openbrewerydb_to_silver_gold.Gold scheduled__2023-12-07T08:00:00+00:00 [queued]>
[2024-10-24T14:36:45.856+0000] {taskinstance.py:1359} INFO - Starting attempt 1 of 2
[2024-10-24T14:36:45.865+0000] {taskinstance.py:1380} INFO - Executing <Task(SparkSubmitOperator): Gold> on 2023-12-07 08:00:00+00:00
[2024-10-24T14:36:45.870+0000] {standard_task_runner.py:57} INFO - Started process 15357 to run task
[2024-10-24T14:36:45.872+0000] {standard_task_runner.py:84} INFO - Running: ['***', 'tasks', 'run', 'api_openbrewerydb_to_silver_gold', 'Gold', 'scheduled__2023-12-07T08:00:00+00:00', '--job-id', '100', '--raw', '--subdir', 'DAGS_FOLDER/api_openbrewerydb_to_silver.py', '--cfg-path', '/tmp/tmpn3cy9uhu']
[2024-10-24T14:36:45.876+0000] {standard_task_runner.py:85} INFO - Job 100: Subtask Gold
[2024-10-24T14:36:45.920+0000] {task_command.py:415} INFO - Running <TaskInstance: api_openbrewerydb_to_silver_gold.Gold scheduled__2023-12-07T08:00:00+00:00 [running]> on host 96f89615839b
[2024-10-24T14:36:45.999+0000] {taskinstance.py:1660} INFO - Exporting env vars: AIRFLOW_CTX_DAG_OWNER='Rodrigo Araujo' AIRFLOW_CTX_DAG_ID='api_openbrewerydb_to_silver_gold' AIRFLOW_CTX_TASK_ID='Gold' AIRFLOW_CTX_EXECUTION_DATE='2023-12-07T08:00:00+00:00' AIRFLOW_CTX_TRY_NUMBER='1' AIRFLOW_CTX_DAG_RUN_ID='scheduled__2023-12-07T08:00:00+00:00'
[2024-10-24T14:36:46.010+0000] {base.py:73} INFO - Using connection ID 'spark-conn' for task execution.
[2024-10-24T14:36:46.010+0000] {spark_submit.py:363} INFO - Spark-Submit cmd: spark-submit --master spark://spark-master:7077 --name arrow-spark jobs/gold/api_openbrewerydb.py
[2024-10-24T14:36:48.846+0000] {spark_submit.py:524} INFO - 24/10/24 14:36:48 INFO SparkContext: Running Spark version 3.5.3
[2024-10-24T14:36:48.848+0000] {spark_submit.py:524} INFO - 24/10/24 14:36:48 INFO SparkContext: OS info Linux, 5.15.0-124-generic, amd64
[2024-10-24T14:36:48.848+0000] {spark_submit.py:524} INFO - 24/10/24 14:36:48 INFO SparkContext: Java version 11.0.25
[2024-10-24T14:36:48.901+0000] {spark_submit.py:524} INFO - 24/10/24 14:36:48 WARN NativeCodeLoader: Unable to load native-hadoop library for your platform... using builtin-java classes where applicable
[2024-10-24T14:36:48.976+0000] {spark_submit.py:524} INFO - 24/10/24 14:36:48 INFO ResourceUtils: ==============================================================
[2024-10-24T14:36:48.976+0000] {spark_submit.py:524} INFO - 24/10/24 14:36:48 INFO ResourceUtils: No custom resources configured for spark.driver.
[2024-10-24T14:36:48.976+0000] {spark_submit.py:524} INFO - 24/10/24 14:36:48 INFO ResourceUtils: ==============================================================
[2024-10-24T14:36:48.977+0000] {spark_submit.py:524} INFO - 24/10/24 14:36:48 INFO SparkContext: Submitted application: IngestaoSilver
[2024-10-24T14:36:48.996+0000] {spark_submit.py:524} INFO - 24/10/24 14:36:48 INFO ResourceProfile: Default ResourceProfile created, executor resources: Map(memory -> name: memory, amount: 1024, script: , vendor: , offHeap -> name: offHeap, amount: 0, script: , vendor: ), task resources: Map(cpus -> name: cpus, amount: 1.0)
[2024-10-24T14:36:49.008+0000] {spark_submit.py:524} INFO - 24/10/24 14:36:49 INFO ResourceProfile: Limiting resource is cpu
[2024-10-24T14:36:49.009+0000] {spark_submit.py:524} INFO - 24/10/24 14:36:49 INFO ResourceProfileManager: Added ResourceProfile id: 0
[2024-10-24T14:36:49.053+0000] {spark_submit.py:524} INFO - 24/10/24 14:36:49 INFO SecurityManager: Changing view acls to: ***
[2024-10-24T14:36:49.054+0000] {spark_submit.py:524} INFO - 24/10/24 14:36:49 INFO SecurityManager: Changing modify acls to: ***
[2024-10-24T14:36:49.054+0000] {spark_submit.py:524} INFO - 24/10/24 14:36:49 INFO SecurityManager: Changing view acls groups to:
[2024-10-24T14:36:49.055+0000] {spark_submit.py:524} INFO - 24/10/24 14:36:49 INFO SecurityManager: Changing modify acls groups to:
[2024-10-24T14:36:49.055+0000] {spark_submit.py:524} INFO - 24/10/24 14:36:49 INFO SecurityManager: SecurityManager: authentication disabled; ui acls disabled; users with view permissions: ***; groups with view permissions: EMPTY; users with modify permissions: ***; groups with modify permissions: EMPTY
[2024-10-24T14:36:49.282+0000] {spark_submit.py:524} INFO - 24/10/24 14:36:49 INFO Utils: Successfully started service 'sparkDriver' on port 38117.
[2024-10-24T14:36:49.305+0000] {spark_submit.py:524} INFO - 24/10/24 14:36:49 INFO SparkEnv: Registering MapOutputTracker
[2024-10-24T14:36:49.334+0000] {spark_submit.py:524} INFO - 24/10/24 14:36:49 INFO SparkEnv: Registering BlockManagerMaster
[2024-10-24T14:36:49.352+0000] {spark_submit.py:524} INFO - 24/10/24 14:36:49 INFO BlockManagerMasterEndpoint: Using org.apache.spark.storage.DefaultTopologyMapper for getting topology information
[2024-10-24T14:36:49.352+0000] {spark_submit.py:524} INFO - 24/10/24 14:36:49 INFO BlockManagerMasterEndpoint: BlockManagerMasterEndpoint up
[2024-10-24T14:36:49.355+0000] {spark_submit.py:524} INFO - 24/10/24 14:36:49 INFO SparkEnv: Registering BlockManagerMasterHeartbeat
[2024-10-24T14:36:49.373+0000] {spark_submit.py:524} INFO - 24/10/24 14:36:49 INFO DiskBlockManager: Created local directory at /tmp/blockmgr-623525a1-1de7-45fd-a490-4848d9b8a973
[2024-10-24T14:36:49.385+0000] {spark_submit.py:524} INFO - 24/10/24 14:36:49 INFO MemoryStore: MemoryStore started with capacity 434.4 MiB
[2024-10-24T14:36:49.398+0000] {spark_submit.py:524} INFO - 24/10/24 14:36:49 INFO SparkEnv: Registering OutputCommitCoordinator
[2024-10-24T14:36:49.524+0000] {spark_submit.py:524} INFO - 24/10/24 14:36:49 INFO JettyUtils: Start Jetty 0.0.0.0:4040 for SparkUI
[2024-10-24T14:36:49.571+0000] {spark_submit.py:524} INFO - 24/10/24 14:36:49 INFO Utils: Successfully started service 'SparkUI' on port 4040.
[2024-10-24T14:36:49.677+0000] {spark_submit.py:524} INFO - 24/10/24 14:36:49 INFO StandaloneAppClient$ClientEndpoint: Connecting to master spark://spark-master:7077...
[2024-10-24T14:36:49.729+0000] {spark_submit.py:524} INFO - 24/10/24 14:36:49 INFO TransportClientFactory: Successfully created connection to spark-master/172.18.0.2:7077 after 31 ms (0 ms spent in bootstraps)
[2024-10-24T14:36:49.808+0000] {spark_submit.py:524} INFO - 24/10/24 14:36:49 INFO StandaloneSchedulerBackend: Connected to Spark cluster with app ID app-20241024143649-0095
[2024-10-24T14:36:49.810+0000] {spark_submit.py:524} INFO - 24/10/24 14:36:49 INFO StandaloneAppClient$ClientEndpoint: Executor added: app-20241024143649-0095/0 on worker-20241024142308-172.18.0.5-43899 (172.18.0.5:43899) with 2 core(s)
[2024-10-24T14:36:49.814+0000] {spark_submit.py:524} INFO - 24/10/24 14:36:49 INFO StandaloneSchedulerBackend: Granted executor ID app-20241024143649-0095/0 on hostPort 172.18.0.5:43899 with 2 core(s), 1024.0 MiB RAM
[2024-10-24T14:36:49.821+0000] {spark_submit.py:524} INFO - 24/10/24 14:36:49 INFO Utils: Successfully started service 'org.apache.spark.network.netty.NettyBlockTransferService' on port 44685.
[2024-10-24T14:36:49.821+0000] {spark_submit.py:524} INFO - 24/10/24 14:36:49 INFO NettyBlockTransferService: Server created on 96f89615839b:44685
[2024-10-24T14:36:49.825+0000] {spark_submit.py:524} INFO - 24/10/24 14:36:49 INFO BlockManager: Using org.apache.spark.storage.RandomBlockReplicationPolicy for block replication policy
[2024-10-24T14:36:49.836+0000] {spark_submit.py:524} INFO - 24/10/24 14:36:49 INFO BlockManagerMaster: Registering BlockManager BlockManagerId(driver, 96f89615839b, 44685, None)
[2024-10-24T14:36:49.838+0000] {spark_submit.py:524} INFO - 24/10/24 14:36:49 INFO StandaloneAppClient$ClientEndpoint: Executor updated: app-20241024143649-0095/0 is now RUNNING
[2024-10-24T14:36:49.840+0000] {spark_submit.py:524} INFO - 24/10/24 14:36:49 INFO BlockManagerMasterEndpoint: Registering block manager 96f89615839b:44685 with 434.4 MiB RAM, BlockManagerId(driver, 96f89615839b, 44685, None)
[2024-10-24T14:36:49.842+0000] {spark_submit.py:524} INFO - 24/10/24 14:36:49 INFO BlockManagerMaster: Registered BlockManager BlockManagerId(driver, 96f89615839b, 44685, None)
[2024-10-24T14:36:49.844+0000] {spark_submit.py:524} INFO - 24/10/24 14:36:49 INFO BlockManager: Initialized BlockManager: BlockManagerId(driver, 96f89615839b, 44685, None)
[2024-10-24T14:36:50.153+0000] {spark_submit.py:524} INFO - 24/10/24 14:36:50 INFO StandaloneSchedulerBackend: SchedulerBackend is ready for scheduling beginning after reached minRegisteredResourcesRatio: 0.0
[2024-10-24T14:36:50.378+0000] {spark_submit.py:524} INFO - Hello from Spark!
[2024-10-24T14:36:50.379+0000] {spark_submit.py:524} INFO - 24/10/24 14:36:50 INFO SparkContext: SparkContext is stopping with exitCode 0.
[2024-10-24T14:36:50.390+0000] {spark_submit.py:524} INFO - 24/10/24 14:36:50 INFO SparkUI: Stopped Spark web UI at http://96f89615839b:4040
[2024-10-24T14:36:50.397+0000] {spark_submit.py:524} INFO - 24/10/24 14:36:50 INFO StandaloneSchedulerBackend: Shutting down all executors
[2024-10-24T14:36:50.401+0000] {spark_submit.py:524} INFO - 24/10/24 14:36:50 INFO StandaloneSchedulerBackend$StandaloneDriverEndpoint: Asking each executor to shut down
[2024-10-24T14:36:50.420+0000] {spark_submit.py:524} INFO - 24/10/24 14:36:50 INFO MapOutputTrackerMasterEndpoint: MapOutputTrackerMasterEndpoint stopped!
[2024-10-24T14:36:50.429+0000] {spark_submit.py:524} INFO - 24/10/24 14:36:50 INFO MemoryStore: MemoryStore cleared
[2024-10-24T14:36:50.430+0000] {spark_submit.py:524} INFO - 24/10/24 14:36:50 INFO BlockManager: BlockManager stopped
[2024-10-24T14:36:50.435+0000] {spark_submit.py:524} INFO - 24/10/24 14:36:50 INFO BlockManagerMaster: BlockManagerMaster stopped
[2024-10-24T14:36:50.437+0000] {spark_submit.py:524} INFO - 24/10/24 14:36:50 INFO OutputCommitCoordinator$OutputCommitCoordinatorEndpoint: OutputCommitCoordinator stopped!
[2024-10-24T14:36:50.448+0000] {spark_submit.py:524} INFO - 24/10/24 14:36:50 INFO SparkContext: Successfully stopped SparkContext
[2024-10-24T14:36:50.726+0000] {spark_submit.py:524} INFO - 24/10/24 14:36:50 INFO ShutdownHookManager: Shutdown hook called
[2024-10-24T14:36:50.727+0000] {spark_submit.py:524} INFO - 24/10/24 14:36:50 INFO ShutdownHookManager: Deleting directory /tmp/spark-22ce31af-9fc1-417e-84c1-761549b647d8
[2024-10-24T14:36:50.730+0000] {spark_submit.py:524} INFO - 24/10/24 14:36:50 INFO ShutdownHookManager: Deleting directory /tmp/spark-daea37bd-96d3-4031-ba64-b59a765b6a20
[2024-10-24T14:36:50.733+0000] {spark_submit.py:524} INFO - 24/10/24 14:36:50 INFO ShutdownHookManager: Deleting directory /tmp/spark-22ce31af-9fc1-417e-84c1-761549b647d8/pyspark-267802f5-9dc5-432f-8d77-53980b075e28
[2024-10-24T14:36:50.785+0000] {taskinstance.py:1398} INFO - Marking task as SUCCESS. dag_id=api_openbrewerydb_to_silver_gold, task_id=Gold, execution_date=20231207T080000, start_date=20241024T143645, end_date=20241024T143650
[2024-10-24T14:36:50.817+0000] {local_task_job_runner.py:228} INFO - Task exited with return code 0
[2024-10-24T14:36:50.836+0000] {taskinstance.py:2776} INFO - 0 downstream tasks scheduled from follow-on schedule check
