[2024-10-24T14:25:46.744+0000] {taskinstance.py:1157} INFO - Dependencies all met for dep_context=non-requeueable deps ti=<TaskInstance: api_openbrewerydb_to_silver_gold.Gold manual__2024-10-24T14:25:25.126568+00:00 [queued]>
[2024-10-24T14:25:46.751+0000] {taskinstance.py:1157} INFO - Dependencies all met for dep_context=requeueable deps ti=<TaskInstance: api_openbrewerydb_to_silver_gold.Gold manual__2024-10-24T14:25:25.126568+00:00 [queued]>
[2024-10-24T14:25:46.751+0000] {taskinstance.py:1359} INFO - Starting attempt 1 of 2
[2024-10-24T14:25:46.760+0000] {taskinstance.py:1380} INFO - Executing <Task(SparkSubmitOperator): Gold> on 2024-10-24 14:25:25.126568+00:00
[2024-10-24T14:25:46.764+0000] {standard_task_runner.py:57} INFO - Started process 696 to run task
[2024-10-24T14:25:46.766+0000] {standard_task_runner.py:84} INFO - Running: ['***', 'tasks', 'run', 'api_openbrewerydb_to_silver_gold', 'Gold', 'manual__2024-10-24T14:25:25.126568+00:00', '--job-id', '8', '--raw', '--subdir', 'DAGS_FOLDER/api_openbrewerydb_to_silver.py', '--cfg-path', '/tmp/tmpey1uli9b']
[2024-10-24T14:25:46.770+0000] {standard_task_runner.py:85} INFO - Job 8: Subtask Gold
[2024-10-24T14:25:46.816+0000] {task_command.py:415} INFO - Running <TaskInstance: api_openbrewerydb_to_silver_gold.Gold manual__2024-10-24T14:25:25.126568+00:00 [running]> on host 96f89615839b
[2024-10-24T14:25:46.943+0000] {taskinstance.py:1660} INFO - Exporting env vars: AIRFLOW_CTX_DAG_OWNER='Rodrigo Araujo' AIRFLOW_CTX_DAG_ID='api_openbrewerydb_to_silver_gold' AIRFLOW_CTX_TASK_ID='Gold' AIRFLOW_CTX_EXECUTION_DATE='2024-10-24T14:25:25.126568+00:00' AIRFLOW_CTX_TRY_NUMBER='1' AIRFLOW_CTX_DAG_RUN_ID='manual__2024-10-24T14:25:25.126568+00:00'
[2024-10-24T14:25:46.969+0000] {base.py:73} INFO - Using connection ID 'spark-conn' for task execution.
[2024-10-24T14:25:46.970+0000] {spark_submit.py:363} INFO - Spark-Submit cmd: spark-submit --master spark://spark-master:7077 --name arrow-spark jobs/gold/api_openbrewerydb.py
[2024-10-24T14:25:50.206+0000] {spark_submit.py:524} INFO - 24/10/24 14:25:50 INFO SparkContext: Running Spark version 3.5.3
[2024-10-24T14:25:50.208+0000] {spark_submit.py:524} INFO - 24/10/24 14:25:50 INFO SparkContext: OS info Linux, 5.15.0-124-generic, amd64
[2024-10-24T14:25:50.209+0000] {spark_submit.py:524} INFO - 24/10/24 14:25:50 INFO SparkContext: Java version 11.0.25
[2024-10-24T14:25:50.279+0000] {spark_submit.py:524} INFO - 24/10/24 14:25:50 WARN NativeCodeLoader: Unable to load native-hadoop library for your platform... using builtin-java classes where applicable
[2024-10-24T14:25:50.380+0000] {spark_submit.py:524} INFO - 24/10/24 14:25:50 INFO ResourceUtils: ==============================================================
[2024-10-24T14:25:50.381+0000] {spark_submit.py:524} INFO - 24/10/24 14:25:50 INFO ResourceUtils: No custom resources configured for spark.driver.
[2024-10-24T14:25:50.381+0000] {spark_submit.py:524} INFO - 24/10/24 14:25:50 INFO ResourceUtils: ==============================================================
[2024-10-24T14:25:50.381+0000] {spark_submit.py:524} INFO - 24/10/24 14:25:50 INFO SparkContext: Submitted application: IngestaoSilver
[2024-10-24T14:25:50.408+0000] {spark_submit.py:524} INFO - 24/10/24 14:25:50 INFO ResourceProfile: Default ResourceProfile created, executor resources: Map(memory -> name: memory, amount: 1024, script: , vendor: , offHeap -> name: offHeap, amount: 0, script: , vendor: ), task resources: Map(cpus -> name: cpus, amount: 1.0)
[2024-10-24T14:25:50.425+0000] {spark_submit.py:524} INFO - 24/10/24 14:25:50 INFO ResourceProfile: Limiting resource is cpu
[2024-10-24T14:25:50.426+0000] {spark_submit.py:524} INFO - 24/10/24 14:25:50 INFO ResourceProfileManager: Added ResourceProfile id: 0
[2024-10-24T14:25:50.480+0000] {spark_submit.py:524} INFO - 24/10/24 14:25:50 INFO SecurityManager: Changing view acls to: ***
[2024-10-24T14:25:50.480+0000] {spark_submit.py:524} INFO - 24/10/24 14:25:50 INFO SecurityManager: Changing modify acls to: ***
[2024-10-24T14:25:50.481+0000] {spark_submit.py:524} INFO - 24/10/24 14:25:50 INFO SecurityManager: Changing view acls groups to:
[2024-10-24T14:25:50.481+0000] {spark_submit.py:524} INFO - 24/10/24 14:25:50 INFO SecurityManager: Changing modify acls groups to:
[2024-10-24T14:25:50.482+0000] {spark_submit.py:524} INFO - 24/10/24 14:25:50 INFO SecurityManager: SecurityManager: authentication disabled; ui acls disabled; users with view permissions: ***; groups with view permissions: EMPTY; users with modify permissions: ***; groups with modify permissions: EMPTY
[2024-10-24T14:25:50.718+0000] {spark_submit.py:524} INFO - 24/10/24 14:25:50 INFO Utils: Successfully started service 'sparkDriver' on port 41143.
[2024-10-24T14:25:50.741+0000] {spark_submit.py:524} INFO - 24/10/24 14:25:50 INFO SparkEnv: Registering MapOutputTracker
[2024-10-24T14:25:50.769+0000] {spark_submit.py:524} INFO - 24/10/24 14:25:50 INFO SparkEnv: Registering BlockManagerMaster
[2024-10-24T14:25:50.788+0000] {spark_submit.py:524} INFO - 24/10/24 14:25:50 INFO BlockManagerMasterEndpoint: Using org.apache.spark.storage.DefaultTopologyMapper for getting topology information
[2024-10-24T14:25:50.788+0000] {spark_submit.py:524} INFO - 24/10/24 14:25:50 INFO BlockManagerMasterEndpoint: BlockManagerMasterEndpoint up
[2024-10-24T14:25:50.792+0000] {spark_submit.py:524} INFO - 24/10/24 14:25:50 INFO SparkEnv: Registering BlockManagerMasterHeartbeat
[2024-10-24T14:25:50.810+0000] {spark_submit.py:524} INFO - 24/10/24 14:25:50 INFO DiskBlockManager: Created local directory at /tmp/blockmgr-1270514f-d4c4-4e73-be90-a185987b202f
[2024-10-24T14:25:50.824+0000] {spark_submit.py:524} INFO - 24/10/24 14:25:50 INFO MemoryStore: MemoryStore started with capacity 434.4 MiB
[2024-10-24T14:25:50.839+0000] {spark_submit.py:524} INFO - 24/10/24 14:25:50 INFO SparkEnv: Registering OutputCommitCoordinator
[2024-10-24T14:25:50.993+0000] {spark_submit.py:524} INFO - 24/10/24 14:25:50 INFO JettyUtils: Start Jetty 0.0.0.0:4040 for SparkUI
[2024-10-24T14:25:51.045+0000] {spark_submit.py:524} INFO - 24/10/24 14:25:51 INFO Utils: Successfully started service 'SparkUI' on port 4040.
[2024-10-24T14:25:51.177+0000] {spark_submit.py:524} INFO - 24/10/24 14:25:51 INFO StandaloneAppClient$ClientEndpoint: Connecting to master spark://spark-master:7077...
[2024-10-24T14:25:51.238+0000] {spark_submit.py:524} INFO - 24/10/24 14:25:51 INFO TransportClientFactory: Successfully created connection to spark-master/172.18.0.2:7077 after 35 ms (0 ms spent in bootstraps)
[2024-10-24T14:25:51.347+0000] {spark_submit.py:524} INFO - 24/10/24 14:25:51 INFO StandaloneSchedulerBackend: Connected to Spark cluster with app ID app-20241024142551-0003
[2024-10-24T14:25:51.350+0000] {spark_submit.py:524} INFO - 24/10/24 14:25:51 INFO StandaloneAppClient$ClientEndpoint: Executor added: app-20241024142551-0003/0 on worker-20241024142308-172.18.0.5-43899 (172.18.0.5:43899) with 2 core(s)
[2024-10-24T14:25:51.352+0000] {spark_submit.py:524} INFO - 24/10/24 14:25:51 INFO StandaloneSchedulerBackend: Granted executor ID app-20241024142551-0003/0 on hostPort 172.18.0.5:43899 with 2 core(s), 1024.0 MiB RAM
[2024-10-24T14:25:51.372+0000] {spark_submit.py:524} INFO - 24/10/24 14:25:51 INFO Utils: Successfully started service 'org.apache.spark.network.netty.NettyBlockTransferService' on port 32815.
[2024-10-24T14:25:51.373+0000] {spark_submit.py:524} INFO - 24/10/24 14:25:51 INFO NettyBlockTransferService: Server created on 96f89615839b:32815
[2024-10-24T14:25:51.377+0000] {spark_submit.py:524} INFO - 24/10/24 14:25:51 INFO BlockManager: Using org.apache.spark.storage.RandomBlockReplicationPolicy for block replication policy
[2024-10-24T14:25:51.397+0000] {spark_submit.py:524} INFO - 24/10/24 14:25:51 INFO BlockManagerMaster: Registering BlockManager BlockManagerId(driver, 96f89615839b, 32815, None)
[2024-10-24T14:25:51.404+0000] {spark_submit.py:524} INFO - 24/10/24 14:25:51 INFO BlockManagerMasterEndpoint: Registering block manager 96f89615839b:32815 with 434.4 MiB RAM, BlockManagerId(driver, 96f89615839b, 32815, None)
[2024-10-24T14:25:51.405+0000] {spark_submit.py:524} INFO - 24/10/24 14:25:51 INFO StandaloneAppClient$ClientEndpoint: Executor updated: app-20241024142551-0003/0 is now RUNNING
[2024-10-24T14:25:51.410+0000] {spark_submit.py:524} INFO - 24/10/24 14:25:51 INFO BlockManagerMaster: Registered BlockManager BlockManagerId(driver, 96f89615839b, 32815, None)
[2024-10-24T14:25:51.412+0000] {spark_submit.py:524} INFO - 24/10/24 14:25:51 INFO BlockManager: Initialized BlockManager: BlockManagerId(driver, 96f89615839b, 32815, None)
[2024-10-24T14:25:51.749+0000] {spark_submit.py:524} INFO - 24/10/24 14:25:51 INFO StandaloneSchedulerBackend: SchedulerBackend is ready for scheduling beginning after reached minRegisteredResourcesRatio: 0.0
[2024-10-24T14:25:52.020+0000] {spark_submit.py:524} INFO - Hello from Spark!
[2024-10-24T14:25:52.021+0000] {spark_submit.py:524} INFO - 24/10/24 14:25:52 INFO SparkContext: SparkContext is stopping with exitCode 0.
[2024-10-24T14:25:52.034+0000] {spark_submit.py:524} INFO - 24/10/24 14:25:52 INFO SparkUI: Stopped Spark web UI at http://96f89615839b:4040
[2024-10-24T14:25:52.040+0000] {spark_submit.py:524} INFO - 24/10/24 14:25:52 INFO StandaloneSchedulerBackend: Shutting down all executors
[2024-10-24T14:25:52.045+0000] {spark_submit.py:524} INFO - 24/10/24 14:25:52 INFO StandaloneSchedulerBackend$StandaloneDriverEndpoint: Asking each executor to shut down
[2024-10-24T14:25:52.067+0000] {spark_submit.py:524} INFO - 24/10/24 14:25:52 INFO MapOutputTrackerMasterEndpoint: MapOutputTrackerMasterEndpoint stopped!
[2024-10-24T14:25:52.080+0000] {spark_submit.py:524} INFO - 24/10/24 14:25:52 INFO MemoryStore: MemoryStore cleared
[2024-10-24T14:25:52.080+0000] {spark_submit.py:524} INFO - 24/10/24 14:25:52 INFO BlockManager: BlockManager stopped
[2024-10-24T14:25:52.088+0000] {spark_submit.py:524} INFO - 24/10/24 14:25:52 INFO BlockManagerMaster: BlockManagerMaster stopped
[2024-10-24T14:25:52.093+0000] {spark_submit.py:524} INFO - 24/10/24 14:25:52 INFO OutputCommitCoordinator$OutputCommitCoordinatorEndpoint: OutputCommitCoordinator stopped!
[2024-10-24T14:25:52.114+0000] {spark_submit.py:524} INFO - 24/10/24 14:25:52 INFO SparkContext: Successfully stopped SparkContext
[2024-10-24T14:25:52.344+0000] {spark_submit.py:524} INFO - 24/10/24 14:25:52 INFO ShutdownHookManager: Shutdown hook called
[2024-10-24T14:25:52.346+0000] {spark_submit.py:524} INFO - 24/10/24 14:25:52 INFO ShutdownHookManager: Deleting directory /tmp/spark-26d9fc09-6cac-4c83-893d-98977a417642
[2024-10-24T14:25:52.353+0000] {spark_submit.py:524} INFO - 24/10/24 14:25:52 INFO ShutdownHookManager: Deleting directory /tmp/spark-26d9fc09-6cac-4c83-893d-98977a417642/pyspark-7652f1c7-4a7e-4d4e-b8dd-cdefd3c557a8
[2024-10-24T14:25:52.361+0000] {spark_submit.py:524} INFO - 24/10/24 14:25:52 INFO ShutdownHookManager: Deleting directory /tmp/spark-e11a72fc-7df0-4482-90b3-2dabcb211141
[2024-10-24T14:25:52.436+0000] {taskinstance.py:1398} INFO - Marking task as SUCCESS. dag_id=api_openbrewerydb_to_silver_gold, task_id=Gold, execution_date=20241024T142525, start_date=20241024T142546, end_date=20241024T142552
[2024-10-24T14:25:52.457+0000] {local_task_job_runner.py:228} INFO - Task exited with return code 0
[2024-10-24T14:25:52.474+0000] {taskinstance.py:2776} INFO - 0 downstream tasks scheduled from follow-on schedule check
