[2024-10-24T18:25:37.759+0000] {taskinstance.py:1157} INFO - Dependencies all met for dep_context=non-requeueable deps ti=<TaskInstance: api_openbrewerydb_to_silver_gold.Gold manual__2024-10-24T18:25:22.150954+00:00 [queued]>
[2024-10-24T18:25:37.768+0000] {taskinstance.py:1157} INFO - Dependencies all met for dep_context=requeueable deps ti=<TaskInstance: api_openbrewerydb_to_silver_gold.Gold manual__2024-10-24T18:25:22.150954+00:00 [queued]>
[2024-10-24T18:25:37.768+0000] {taskinstance.py:1359} INFO - Starting attempt 1 of 2
[2024-10-24T18:25:37.781+0000] {taskinstance.py:1380} INFO - Executing <Task(SparkSubmitOperator): Gold> on 2024-10-24 18:25:22.150954+00:00
[2024-10-24T18:25:37.787+0000] {standard_task_runner.py:57} INFO - Started process 1843 to run task
[2024-10-24T18:25:37.790+0000] {standard_task_runner.py:84} INFO - Running: ['***', 'tasks', 'run', 'api_openbrewerydb_to_silver_gold', 'Gold', 'manual__2024-10-24T18:25:22.150954+00:00', '--job-id', '181', '--raw', '--subdir', 'DAGS_FOLDER/api_openbrewerydb_to_silver_gold.py', '--cfg-path', '/tmp/tmp2dytjydu']
[2024-10-24T18:25:37.792+0000] {standard_task_runner.py:85} INFO - Job 181: Subtask Gold
[2024-10-24T18:25:37.845+0000] {task_command.py:415} INFO - Running <TaskInstance: api_openbrewerydb_to_silver_gold.Gold manual__2024-10-24T18:25:22.150954+00:00 [running]> on host f55139681ae8
[2024-10-24T18:25:37.934+0000] {taskinstance.py:1660} INFO - Exporting env vars: AIRFLOW_CTX_DAG_OWNER='Rodrigo Araujo' AIRFLOW_CTX_DAG_ID='api_openbrewerydb_to_silver_gold' AIRFLOW_CTX_TASK_ID='Gold' AIRFLOW_CTX_EXECUTION_DATE='2024-10-24T18:25:22.150954+00:00' AIRFLOW_CTX_TRY_NUMBER='1' AIRFLOW_CTX_DAG_RUN_ID='manual__2024-10-24T18:25:22.150954+00:00'
[2024-10-24T18:25:37.947+0000] {base.py:73} INFO - Using connection ID 'spark-conn' for task execution.
[2024-10-24T18:25:37.947+0000] {spark_submit.py:363} INFO - Spark-Submit cmd: spark-submit --master spark://spark-master:7077 --name arrow-spark jobs/gold/api_openbrewerydb.py
[2024-10-24T18:25:40.285+0000] {spark_submit.py:524} INFO - 24/10/24 18:25:40 INFO SparkContext: Running Spark version 3.5.0
[2024-10-24T18:25:40.288+0000] {spark_submit.py:524} INFO - 24/10/24 18:25:40 INFO SparkContext: OS info Linux, 5.15.0-124-generic, amd64
[2024-10-24T18:25:40.289+0000] {spark_submit.py:524} INFO - 24/10/24 18:25:40 INFO SparkContext: Java version 17.0.13
[2024-10-24T18:25:40.382+0000] {spark_submit.py:524} INFO - 24/10/24 18:25:40 WARN NativeCodeLoader: Unable to load native-hadoop library for your platform... using builtin-java classes where applicable
[2024-10-24T18:25:40.506+0000] {spark_submit.py:524} INFO - 24/10/24 18:25:40 INFO ResourceUtils: ==============================================================
[2024-10-24T18:25:40.507+0000] {spark_submit.py:524} INFO - 24/10/24 18:25:40 INFO ResourceUtils: No custom resources configured for spark.driver.
[2024-10-24T18:25:40.507+0000] {spark_submit.py:524} INFO - 24/10/24 18:25:40 INFO ResourceUtils: ==============================================================
[2024-10-24T18:25:40.508+0000] {spark_submit.py:524} INFO - 24/10/24 18:25:40 INFO SparkContext: Submitted application: IngestaoSilver
[2024-10-24T18:25:40.540+0000] {spark_submit.py:524} INFO - 24/10/24 18:25:40 INFO ResourceProfile: Default ResourceProfile created, executor resources: Map(memory -> name: memory, amount: 1024, script: , vendor: , offHeap -> name: offHeap, amount: 0, script: , vendor: ), task resources: Map(cpus -> name: cpus, amount: 1.0)
[2024-10-24T18:25:40.553+0000] {spark_submit.py:524} INFO - 24/10/24 18:25:40 INFO ResourceProfile: Limiting resource is cpu
[2024-10-24T18:25:40.554+0000] {spark_submit.py:524} INFO - 24/10/24 18:25:40 INFO ResourceProfileManager: Added ResourceProfile id: 0
[2024-10-24T18:25:40.692+0000] {spark_submit.py:524} INFO - 24/10/24 18:25:40 INFO SecurityManager: Changing view acls to: root
[2024-10-24T18:25:40.704+0000] {spark_submit.py:524} INFO - 24/10/24 18:25:40 INFO SecurityManager: Changing modify acls to: root
[2024-10-24T18:25:40.707+0000] {spark_submit.py:524} INFO - 24/10/24 18:25:40 INFO SecurityManager: Changing view acls groups to:
[2024-10-24T18:25:40.717+0000] {spark_submit.py:524} INFO - 24/10/24 18:25:40 INFO SecurityManager: Changing modify acls groups to:
[2024-10-24T18:25:40.721+0000] {spark_submit.py:524} INFO - 24/10/24 18:25:40 INFO SecurityManager: SecurityManager: authentication disabled; ui acls disabled; users with view permissions: root; groups with view permissions: EMPTY; users with modify permissions: root; groups with modify permissions: EMPTY
[2024-10-24T18:25:41.268+0000] {spark_submit.py:524} INFO - 24/10/24 18:25:41 INFO Utils: Successfully started service 'sparkDriver' on port 32957.
[2024-10-24T18:25:41.309+0000] {spark_submit.py:524} INFO - 24/10/24 18:25:41 INFO SparkEnv: Registering MapOutputTracker
[2024-10-24T18:25:41.367+0000] {spark_submit.py:524} INFO - 24/10/24 18:25:41 INFO SparkEnv: Registering BlockManagerMaster
[2024-10-24T18:25:41.406+0000] {spark_submit.py:524} INFO - 24/10/24 18:25:41 INFO BlockManagerMasterEndpoint: Using org.apache.spark.storage.DefaultTopologyMapper for getting topology information
[2024-10-24T18:25:41.407+0000] {spark_submit.py:524} INFO - 24/10/24 18:25:41 INFO BlockManagerMasterEndpoint: BlockManagerMasterEndpoint up
[2024-10-24T18:25:41.412+0000] {spark_submit.py:524} INFO - 24/10/24 18:25:41 INFO SparkEnv: Registering BlockManagerMasterHeartbeat
[2024-10-24T18:25:41.444+0000] {spark_submit.py:524} INFO - 24/10/24 18:25:41 INFO DiskBlockManager: Created local directory at /tmp/blockmgr-365e05c8-a543-4b05-80e1-50380558ad18
[2024-10-24T18:25:41.465+0000] {spark_submit.py:524} INFO - 24/10/24 18:25:41 INFO MemoryStore: MemoryStore started with capacity 434.4 MiB
[2024-10-24T18:25:41.488+0000] {spark_submit.py:524} INFO - 24/10/24 18:25:41 INFO SparkEnv: Registering OutputCommitCoordinator
[2024-10-24T18:25:41.649+0000] {spark_submit.py:524} INFO - 24/10/24 18:25:41 INFO JettyUtils: Start Jetty 0.0.0.0:4040 for SparkUI
[2024-10-24T18:25:41.712+0000] {spark_submit.py:524} INFO - 24/10/24 18:25:41 INFO Utils: Successfully started service 'SparkUI' on port 4040.
[2024-10-24T18:25:41.840+0000] {spark_submit.py:524} INFO - 24/10/24 18:25:41 INFO StandaloneAppClient$ClientEndpoint: Connecting to master spark://spark-master:7077...
[2024-10-24T18:25:41.899+0000] {spark_submit.py:524} INFO - 24/10/24 18:25:41 INFO TransportClientFactory: Successfully created connection to spark-master/172.18.0.3:7077 after 30 ms (0 ms spent in bootstraps)
[2024-10-24T18:25:41.995+0000] {spark_submit.py:524} INFO - 24/10/24 18:25:41 INFO StandaloneSchedulerBackend: Connected to Spark cluster with app ID app-20241024182541-0007
[2024-10-24T18:25:41.997+0000] {spark_submit.py:524} INFO - 24/10/24 18:25:41 INFO StandaloneAppClient$ClientEndpoint: Executor added: app-20241024182541-0007/0 on worker-20241024181336-172.18.0.5-36873 (172.18.0.5:36873) with 2 core(s)
[2024-10-24T18:25:42.001+0000] {spark_submit.py:524} INFO - 24/10/24 18:25:42 INFO StandaloneSchedulerBackend: Granted executor ID app-20241024182541-0007/0 on hostPort 172.18.0.5:36873 with 2 core(s), 1024.0 MiB RAM
[2024-10-24T18:25:42.007+0000] {spark_submit.py:524} INFO - 24/10/24 18:25:42 INFO Utils: Successfully started service 'org.apache.spark.network.netty.NettyBlockTransferService' on port 37879.
[2024-10-24T18:25:42.007+0000] {spark_submit.py:524} INFO - 24/10/24 18:25:42 INFO NettyBlockTransferService: Server created on f55139681ae8:37879
[2024-10-24T18:25:42.010+0000] {spark_submit.py:524} INFO - 24/10/24 18:25:42 INFO BlockManager: Using org.apache.spark.storage.RandomBlockReplicationPolicy for block replication policy
[2024-10-24T18:25:42.025+0000] {spark_submit.py:524} INFO - 24/10/24 18:25:42 INFO BlockManagerMaster: Registering BlockManager BlockManagerId(driver, f55139681ae8, 37879, None)
[2024-10-24T18:25:42.038+0000] {spark_submit.py:524} INFO - 24/10/24 18:25:42 INFO BlockManagerMasterEndpoint: Registering block manager f55139681ae8:37879 with 434.4 MiB RAM, BlockManagerId(driver, f55139681ae8, 37879, None)
[2024-10-24T18:25:42.042+0000] {spark_submit.py:524} INFO - 24/10/24 18:25:42 INFO BlockManagerMaster: Registered BlockManager BlockManagerId(driver, f55139681ae8, 37879, None)
[2024-10-24T18:25:42.051+0000] {spark_submit.py:524} INFO - 24/10/24 18:25:42 INFO BlockManager: Initialized BlockManager: BlockManagerId(driver, f55139681ae8, 37879, None)
[2024-10-24T18:25:42.082+0000] {spark_submit.py:524} INFO - 24/10/24 18:25:42 INFO StandaloneAppClient$ClientEndpoint: Executor updated: app-20241024182541-0007/0 is now RUNNING
[2024-10-24T18:25:42.312+0000] {spark_submit.py:524} INFO - 24/10/24 18:25:42 INFO StandaloneSchedulerBackend: SchedulerBackend is ready for scheduling beginning after reached minRegisteredResourcesRatio: 0.0
[2024-10-24T18:25:42.983+0000] {spark_submit.py:524} INFO - 24/10/24 18:25:42 INFO SharedState: Setting hive.metastore.warehouse.dir ('null') to the value of spark.sql.warehouse.dir.
[2024-10-24T18:25:43.035+0000] {spark_submit.py:524} INFO - 24/10/24 18:25:43 INFO SharedState: Warehouse path is 'file:/opt/***/spark-warehouse'.
[2024-10-24T18:25:44.751+0000] {spark_submit.py:524} INFO - 24/10/24 18:25:44 INFO InMemoryFileIndex: It took 159 ms to list leaf files for 1 paths.
[2024-10-24T18:25:45.387+0000] {spark_submit.py:524} INFO - 24/10/24 18:25:45 INFO SparkContext: Starting job: parquet at NativeMethodAccessorImpl.java:0
[2024-10-24T18:25:45.409+0000] {spark_submit.py:524} INFO - 24/10/24 18:25:45 INFO DAGScheduler: Got job 0 (parquet at NativeMethodAccessorImpl.java:0) with 1 output partitions
[2024-10-24T18:25:45.410+0000] {spark_submit.py:524} INFO - 24/10/24 18:25:45 INFO DAGScheduler: Final stage: ResultStage 0 (parquet at NativeMethodAccessorImpl.java:0)
[2024-10-24T18:25:45.411+0000] {spark_submit.py:524} INFO - 24/10/24 18:25:45 INFO DAGScheduler: Parents of final stage: List()
[2024-10-24T18:25:45.413+0000] {spark_submit.py:524} INFO - 24/10/24 18:25:45 INFO DAGScheduler: Missing parents: List()
[2024-10-24T18:25:45.420+0000] {spark_submit.py:524} INFO - 24/10/24 18:25:45 INFO DAGScheduler: Submitting ResultStage 0 (MapPartitionsRDD[1] at parquet at NativeMethodAccessorImpl.java:0), which has no missing parents
[2024-10-24T18:25:45.490+0000] {spark_submit.py:524} INFO - 24/10/24 18:25:45 INFO MemoryStore: Block broadcast_0 stored as values in memory (estimated size 103.1 KiB, free 434.3 MiB)
[2024-10-24T18:25:45.536+0000] {spark_submit.py:524} INFO - 24/10/24 18:25:45 INFO MemoryStore: Block broadcast_0_piece0 stored as bytes in memory (estimated size 37.1 KiB, free 434.3 MiB)
[2024-10-24T18:25:45.539+0000] {spark_submit.py:524} INFO - 24/10/24 18:25:45 INFO BlockManagerInfo: Added broadcast_0_piece0 in memory on f55139681ae8:37879 (size: 37.1 KiB, free: 434.4 MiB)
[2024-10-24T18:25:45.544+0000] {spark_submit.py:524} INFO - 24/10/24 18:25:45 INFO SparkContext: Created broadcast 0 from broadcast at DAGScheduler.scala:1580
[2024-10-24T18:25:45.572+0000] {spark_submit.py:524} INFO - 24/10/24 18:25:45 INFO DAGScheduler: Submitting 1 missing tasks from ResultStage 0 (MapPartitionsRDD[1] at parquet at NativeMethodAccessorImpl.java:0) (first 15 tasks are for partitions Vector(0))
[2024-10-24T18:25:45.573+0000] {spark_submit.py:524} INFO - 24/10/24 18:25:45 INFO TaskSchedulerImpl: Adding task set 0.0 with 1 tasks resource profile 0
[2024-10-24T18:25:46.052+0000] {spark_submit.py:524} INFO - 24/10/24 18:25:46 INFO StandaloneSchedulerBackend$StandaloneDriverEndpoint: Registered executor NettyRpcEndpointRef(spark-client://Executor) (172.18.0.5:55516) with ID 0,  ResourceProfileId 0
[2024-10-24T18:25:46.124+0000] {spark_submit.py:524} INFO - 24/10/24 18:25:46 INFO BlockManagerMasterEndpoint: Registering block manager 172.18.0.5:38687 with 434.4 MiB RAM, BlockManagerId(0, 172.18.0.5, 38687, None)
[2024-10-24T18:25:46.185+0000] {spark_submit.py:524} INFO - 24/10/24 18:25:46 INFO TaskSetManager: Starting task 0.0 in stage 0.0 (TID 0) (172.18.0.5, executor 0, partition 0, PROCESS_LOCAL, 7873 bytes)
[2024-10-24T18:25:46.435+0000] {spark_submit.py:524} INFO - 24/10/24 18:25:46 INFO BlockManagerInfo: Added broadcast_0_piece0 in memory on 172.18.0.5:38687 (size: 37.1 KiB, free: 434.4 MiB)
[2024-10-24T18:25:47.208+0000] {spark_submit.py:524} INFO - 24/10/24 18:25:47 INFO TaskSetManager: Finished task 0.0 in stage 0.0 (TID 0) in 1037 ms on 172.18.0.5 (executor 0) (1/1)
[2024-10-24T18:25:47.210+0000] {spark_submit.py:524} INFO - 24/10/24 18:25:47 INFO TaskSchedulerImpl: Removed TaskSet 0.0, whose tasks have all completed, from pool
[2024-10-24T18:25:47.216+0000] {spark_submit.py:524} INFO - 24/10/24 18:25:47 INFO DAGScheduler: ResultStage 0 (parquet at NativeMethodAccessorImpl.java:0) finished in 1.779 s
[2024-10-24T18:25:47.219+0000] {spark_submit.py:524} INFO - 24/10/24 18:25:47 INFO DAGScheduler: Job 0 is finished. Cancelling potential speculative or zombie tasks for this job
[2024-10-24T18:25:47.220+0000] {spark_submit.py:524} INFO - 24/10/24 18:25:47 INFO TaskSchedulerImpl: Killing all running tasks in stage 0: Stage finished
[2024-10-24T18:25:47.222+0000] {spark_submit.py:524} INFO - 24/10/24 18:25:47 INFO DAGScheduler: Job 0 finished: parquet at NativeMethodAccessorImpl.java:0, took 1.833910 s
[2024-10-24T18:25:47.491+0000] {spark_submit.py:524} INFO - 24/10/24 18:25:47 INFO BlockManagerInfo: Removed broadcast_0_piece0 on f55139681ae8:37879 in memory (size: 37.1 KiB, free: 434.4 MiB)
[2024-10-24T18:25:47.504+0000] {spark_submit.py:524} INFO - 24/10/24 18:25:47 INFO BlockManagerInfo: Removed broadcast_0_piece0 on 172.18.0.5:38687 in memory (size: 37.1 KiB, free: 434.4 MiB)
[2024-10-24T18:25:48.393+0000] {spark_submit.py:524} INFO - 24/10/24 18:25:48 INFO DataSourceStrategy: Pruning directories with:
[2024-10-24T18:25:48.396+0000] {spark_submit.py:524} INFO - 24/10/24 18:25:48 INFO FileSourceStrategy: Pushed Filters:
[2024-10-24T18:25:48.398+0000] {spark_submit.py:524} INFO - 24/10/24 18:25:48 INFO FileSourceStrategy: Post-Scan Filters:
[2024-10-24T18:25:48.838+0000] {spark_submit.py:524} INFO - 24/10/24 18:25:48 INFO CodeGenerator: Code generated in 216.459293 ms
[2024-10-24T18:25:48.865+0000] {spark_submit.py:524} INFO - 24/10/24 18:25:48 INFO MemoryStore: Block broadcast_1 stored as values in memory (estimated size 200.6 KiB, free 434.2 MiB)
[2024-10-24T18:25:48.880+0000] {spark_submit.py:524} INFO - 24/10/24 18:25:48 INFO MemoryStore: Block broadcast_1_piece0 stored as bytes in memory (estimated size 34.7 KiB, free 434.2 MiB)
[2024-10-24T18:25:48.881+0000] {spark_submit.py:524} INFO - 24/10/24 18:25:48 INFO BlockManagerInfo: Added broadcast_1_piece0 in memory on f55139681ae8:37879 (size: 34.7 KiB, free: 434.4 MiB)
[2024-10-24T18:25:48.883+0000] {spark_submit.py:524} INFO - 24/10/24 18:25:48 INFO SparkContext: Created broadcast 1 from count at NativeMethodAccessorImpl.java:0
[2024-10-24T18:25:48.901+0000] {spark_submit.py:524} INFO - 24/10/24 18:25:48 INFO FileSourceScanExec: Planning scan with bin packing, max size: 96564390 bytes, open cost is considered as scanning 4194304 bytes.
[2024-10-24T18:25:48.951+0000] {spark_submit.py:524} INFO - 24/10/24 18:25:48 INFO DAGScheduler: Registering RDD 5 (count at NativeMethodAccessorImpl.java:0) as input to shuffle 0
[2024-10-24T18:25:48.955+0000] {spark_submit.py:524} INFO - 24/10/24 18:25:48 INFO DAGScheduler: Got map stage job 1 (count at NativeMethodAccessorImpl.java:0) with 2 output partitions
[2024-10-24T18:25:48.956+0000] {spark_submit.py:524} INFO - 24/10/24 18:25:48 INFO DAGScheduler: Final stage: ShuffleMapStage 1 (count at NativeMethodAccessorImpl.java:0)
[2024-10-24T18:25:48.956+0000] {spark_submit.py:524} INFO - 24/10/24 18:25:48 INFO DAGScheduler: Parents of final stage: List()
[2024-10-24T18:25:48.957+0000] {spark_submit.py:524} INFO - 24/10/24 18:25:48 INFO DAGScheduler: Missing parents: List()
[2024-10-24T18:25:48.958+0000] {spark_submit.py:524} INFO - 24/10/24 18:25:48 INFO DAGScheduler: Submitting ShuffleMapStage 1 (MapPartitionsRDD[5] at count at NativeMethodAccessorImpl.java:0), which has no missing parents
[2024-10-24T18:25:48.995+0000] {spark_submit.py:524} INFO - 24/10/24 18:25:48 INFO MemoryStore: Block broadcast_2 stored as values in memory (estimated size 17.9 KiB, free 434.2 MiB)
[2024-10-24T18:25:49.001+0000] {spark_submit.py:524} INFO - 24/10/24 18:25:49 INFO MemoryStore: Block broadcast_2_piece0 stored as bytes in memory (estimated size 8.0 KiB, free 434.1 MiB)
[2024-10-24T18:25:49.002+0000] {spark_submit.py:524} INFO - 24/10/24 18:25:49 INFO BlockManagerInfo: Added broadcast_2_piece0 in memory on f55139681ae8:37879 (size: 8.0 KiB, free: 434.4 MiB)
[2024-10-24T18:25:49.002+0000] {spark_submit.py:524} INFO - 24/10/24 18:25:49 INFO SparkContext: Created broadcast 2 from broadcast at DAGScheduler.scala:1580
[2024-10-24T18:25:49.004+0000] {spark_submit.py:524} INFO - 24/10/24 18:25:49 INFO DAGScheduler: Submitting 2 missing tasks from ShuffleMapStage 1 (MapPartitionsRDD[5] at count at NativeMethodAccessorImpl.java:0) (first 15 tasks are for partitions Vector(0, 1))
[2024-10-24T18:25:49.005+0000] {spark_submit.py:524} INFO - 24/10/24 18:25:49 INFO TaskSchedulerImpl: Adding task set 1.0 with 2 tasks resource profile 0
[2024-10-24T18:25:49.011+0000] {spark_submit.py:524} INFO - 24/10/24 18:25:49 INFO TaskSetManager: Starting task 0.0 in stage 1.0 (TID 1) (172.18.0.5, executor 0, partition 0, PROCESS_LOCAL, 15287 bytes)
[2024-10-24T18:25:49.015+0000] {spark_submit.py:524} INFO - 24/10/24 18:25:49 INFO TaskSetManager: Starting task 1.0 in stage 1.0 (TID 2) (172.18.0.5, executor 0, partition 1, PROCESS_LOCAL, 15205 bytes)
[2024-10-24T18:25:49.075+0000] {spark_submit.py:524} INFO - 24/10/24 18:25:49 INFO BlockManagerInfo: Added broadcast_2_piece0 in memory on 172.18.0.5:38687 (size: 8.0 KiB, free: 434.4 MiB)
[2024-10-24T18:25:49.786+0000] {spark_submit.py:524} INFO - 24/10/24 18:25:49 INFO BlockManagerInfo: Added broadcast_1_piece0 in memory on 172.18.0.5:38687 (size: 34.7 KiB, free: 434.4 MiB)
[2024-10-24T18:25:50.239+0000] {spark_submit.py:524} INFO - 24/10/24 18:25:50 INFO TaskSetManager: Finished task 1.0 in stage 1.0 (TID 2) in 1226 ms on 172.18.0.5 (executor 0) (1/2)
[2024-10-24T18:25:50.240+0000] {spark_submit.py:524} INFO - 24/10/24 18:25:50 INFO TaskSetManager: Finished task 0.0 in stage 1.0 (TID 1) in 1233 ms on 172.18.0.5 (executor 0) (2/2)
[2024-10-24T18:25:50.240+0000] {spark_submit.py:524} INFO - 24/10/24 18:25:50 INFO TaskSchedulerImpl: Removed TaskSet 1.0, whose tasks have all completed, from pool
[2024-10-24T18:25:50.247+0000] {spark_submit.py:524} INFO - 24/10/24 18:25:50 INFO DAGScheduler: ShuffleMapStage 1 (count at NativeMethodAccessorImpl.java:0) finished in 1.284 s
[2024-10-24T18:25:50.248+0000] {spark_submit.py:524} INFO - 24/10/24 18:25:50 INFO DAGScheduler: looking for newly runnable stages
[2024-10-24T18:25:50.248+0000] {spark_submit.py:524} INFO - 24/10/24 18:25:50 INFO DAGScheduler: running: Set()
[2024-10-24T18:25:50.249+0000] {spark_submit.py:524} INFO - 24/10/24 18:25:50 INFO DAGScheduler: waiting: Set()
[2024-10-24T18:25:50.249+0000] {spark_submit.py:524} INFO - 24/10/24 18:25:50 INFO DAGScheduler: failed: Set()
[2024-10-24T18:25:50.297+0000] {spark_submit.py:524} INFO - 24/10/24 18:25:50 INFO CodeGenerator: Code generated in 12.465581 ms
[2024-10-24T18:25:50.324+0000] {spark_submit.py:524} INFO - 24/10/24 18:25:50 INFO SparkContext: Starting job: count at NativeMethodAccessorImpl.java:0
[2024-10-24T18:25:50.327+0000] {spark_submit.py:524} INFO - 24/10/24 18:25:50 INFO DAGScheduler: Got job 2 (count at NativeMethodAccessorImpl.java:0) with 1 output partitions
[2024-10-24T18:25:50.328+0000] {spark_submit.py:524} INFO - 24/10/24 18:25:50 INFO DAGScheduler: Final stage: ResultStage 3 (count at NativeMethodAccessorImpl.java:0)
[2024-10-24T18:25:50.328+0000] {spark_submit.py:524} INFO - 24/10/24 18:25:50 INFO DAGScheduler: Parents of final stage: List(ShuffleMapStage 2)
[2024-10-24T18:25:50.328+0000] {spark_submit.py:524} INFO - 24/10/24 18:25:50 INFO DAGScheduler: Missing parents: List()
[2024-10-24T18:25:50.329+0000] {spark_submit.py:524} INFO - 24/10/24 18:25:50 INFO DAGScheduler: Submitting ResultStage 3 (MapPartitionsRDD[8] at count at NativeMethodAccessorImpl.java:0), which has no missing parents
[2024-10-24T18:25:50.340+0000] {spark_submit.py:524} INFO - 24/10/24 18:25:50 INFO MemoryStore: Block broadcast_3 stored as values in memory (estimated size 12.5 KiB, free 434.1 MiB)
[2024-10-24T18:25:50.347+0000] {spark_submit.py:524} INFO - 24/10/24 18:25:50 INFO MemoryStore: Block broadcast_3_piece0 stored as bytes in memory (estimated size 5.9 KiB, free 434.1 MiB)
[2024-10-24T18:25:50.349+0000] {spark_submit.py:524} INFO - 24/10/24 18:25:50 INFO BlockManagerInfo: Removed broadcast_2_piece0 on f55139681ae8:37879 in memory (size: 8.0 KiB, free: 434.4 MiB)
[2024-10-24T18:25:50.352+0000] {spark_submit.py:524} INFO - 24/10/24 18:25:50 INFO BlockManagerInfo: Added broadcast_3_piece0 in memory on f55139681ae8:37879 (size: 5.9 KiB, free: 434.4 MiB)
[2024-10-24T18:25:50.353+0000] {spark_submit.py:524} INFO - 24/10/24 18:25:50 INFO SparkContext: Created broadcast 3 from broadcast at DAGScheduler.scala:1580
[2024-10-24T18:25:50.354+0000] {spark_submit.py:524} INFO - 24/10/24 18:25:50 INFO BlockManagerInfo: Removed broadcast_2_piece0 on 172.18.0.5:38687 in memory (size: 8.0 KiB, free: 434.4 MiB)
[2024-10-24T18:25:50.355+0000] {spark_submit.py:524} INFO - 24/10/24 18:25:50 INFO DAGScheduler: Submitting 1 missing tasks from ResultStage 3 (MapPartitionsRDD[8] at count at NativeMethodAccessorImpl.java:0) (first 15 tasks are for partitions Vector(0))
[2024-10-24T18:25:50.356+0000] {spark_submit.py:524} INFO - 24/10/24 18:25:50 INFO TaskSchedulerImpl: Adding task set 3.0 with 1 tasks resource profile 0
[2024-10-24T18:25:50.367+0000] {spark_submit.py:524} INFO - 24/10/24 18:25:50 INFO TaskSetManager: Starting task 0.0 in stage 3.0 (TID 3) (172.18.0.5, executor 0, partition 0, NODE_LOCAL, 7619 bytes)
[2024-10-24T18:25:50.390+0000] {spark_submit.py:524} INFO - 24/10/24 18:25:50 INFO BlockManagerInfo: Added broadcast_3_piece0 in memory on 172.18.0.5:38687 (size: 5.9 KiB, free: 434.4 MiB)
[2024-10-24T18:25:50.418+0000] {spark_submit.py:524} INFO - 24/10/24 18:25:50 INFO MapOutputTrackerMasterEndpoint: Asked to send map output locations for shuffle 0 to 172.18.0.5:55516
[2024-10-24T18:25:50.539+0000] {spark_submit.py:524} INFO - 24/10/24 18:25:50 INFO TaskSetManager: Finished task 0.0 in stage 3.0 (TID 3) in 180 ms on 172.18.0.5 (executor 0) (1/1)
[2024-10-24T18:25:50.540+0000] {spark_submit.py:524} INFO - 24/10/24 18:25:50 INFO TaskSchedulerImpl: Removed TaskSet 3.0, whose tasks have all completed, from pool
[2024-10-24T18:25:50.541+0000] {spark_submit.py:524} INFO - 24/10/24 18:25:50 INFO DAGScheduler: ResultStage 3 (count at NativeMethodAccessorImpl.java:0) finished in 0.202 s
[2024-10-24T18:25:50.542+0000] {spark_submit.py:524} INFO - 24/10/24 18:25:50 INFO DAGScheduler: Job 2 is finished. Cancelling potential speculative or zombie tasks for this job
[2024-10-24T18:25:50.542+0000] {spark_submit.py:524} INFO - 24/10/24 18:25:50 INFO TaskSchedulerImpl: Killing all running tasks in stage 3: Stage finished
[2024-10-24T18:25:50.542+0000] {spark_submit.py:524} INFO - 24/10/24 18:25:50 INFO DAGScheduler: Job 2 finished: count at NativeMethodAccessorImpl.java:0, took 0.217547 s
[2024-10-24T18:25:50.551+0000] {spark_submit.py:524} INFO - Quantidade total registos:  50
[2024-10-24T18:25:50.551+0000] {spark_submit.py:524} INFO - 24/10/24 18:25:50 INFO SparkContext: SparkContext is stopping with exitCode 0.
[2024-10-24T18:25:50.567+0000] {spark_submit.py:524} INFO - 24/10/24 18:25:50 INFO SparkUI: Stopped Spark web UI at http://f55139681ae8:4040
[2024-10-24T18:25:50.572+0000] {spark_submit.py:524} INFO - 24/10/24 18:25:50 INFO StandaloneSchedulerBackend: Shutting down all executors
[2024-10-24T18:25:50.572+0000] {spark_submit.py:524} INFO - 24/10/24 18:25:50 INFO StandaloneSchedulerBackend$StandaloneDriverEndpoint: Asking each executor to shut down
[2024-10-24T18:25:50.599+0000] {spark_submit.py:524} INFO - 24/10/24 18:25:50 INFO MapOutputTrackerMasterEndpoint: MapOutputTrackerMasterEndpoint stopped!
[2024-10-24T18:25:50.618+0000] {spark_submit.py:524} INFO - 24/10/24 18:25:50 INFO MemoryStore: MemoryStore cleared
[2024-10-24T18:25:50.619+0000] {spark_submit.py:524} INFO - 24/10/24 18:25:50 INFO BlockManager: BlockManager stopped
[2024-10-24T18:25:50.628+0000] {spark_submit.py:524} INFO - 24/10/24 18:25:50 INFO BlockManagerMaster: BlockManagerMaster stopped
[2024-10-24T18:25:50.633+0000] {spark_submit.py:524} INFO - 24/10/24 18:25:50 INFO OutputCommitCoordinator$OutputCommitCoordinatorEndpoint: OutputCommitCoordinator stopped!
[2024-10-24T18:25:50.650+0000] {spark_submit.py:524} INFO - 24/10/24 18:25:50 INFO SparkContext: Successfully stopped SparkContext
[2024-10-24T18:25:51.000+0000] {spark_submit.py:524} INFO - 24/10/24 18:25:51 INFO ShutdownHookManager: Shutdown hook called
[2024-10-24T18:25:51.001+0000] {spark_submit.py:524} INFO - 24/10/24 18:25:51 INFO ShutdownHookManager: Deleting directory /tmp/spark-66c27c34-cb85-476d-ad53-6520a0e878b2
[2024-10-24T18:25:51.005+0000] {spark_submit.py:524} INFO - 24/10/24 18:25:51 INFO ShutdownHookManager: Deleting directory /tmp/spark-e5d38b53-dc0f-4e06-b10a-bf74100e18c8
[2024-10-24T18:25:51.010+0000] {spark_submit.py:524} INFO - 24/10/24 18:25:51 INFO ShutdownHookManager: Deleting directory /tmp/spark-e5d38b53-dc0f-4e06-b10a-bf74100e18c8/pyspark-167feda8-e212-42bd-b5ad-8971168e749b
[2024-10-24T18:25:51.087+0000] {taskinstance.py:1398} INFO - Marking task as SUCCESS. dag_id=api_openbrewerydb_to_silver_gold, task_id=Gold, execution_date=20241024T182522, start_date=20241024T182537, end_date=20241024T182551
[2024-10-24T18:25:51.131+0000] {local_task_job_runner.py:228} INFO - Task exited with return code 0
[2024-10-24T18:25:51.170+0000] {taskinstance.py:2776} INFO - 0 downstream tasks scheduled from follow-on schedule check
