[2024-10-24T01:21:21.806+0000] {taskinstance.py:1157} INFO - Dependencies all met for dep_context=non-requeueable deps ti=<TaskInstance: api_openbrewerydb_to_silver_gold.Silver scheduled__2023-11-20T08:00:00+00:00 [queued]>
[2024-10-24T01:21:21.826+0000] {taskinstance.py:1157} INFO - Dependencies all met for dep_context=requeueable deps ti=<TaskInstance: api_openbrewerydb_to_silver_gold.Silver scheduled__2023-11-20T08:00:00+00:00 [queued]>
[2024-10-24T01:21:21.827+0000] {taskinstance.py:1359} INFO - Starting attempt 1 of 3
[2024-10-24T01:21:21.954+0000] {taskinstance.py:1380} INFO - Executing <Task(SparkSubmitOperator): Silver> on 2023-11-20 08:00:00+00:00
[2024-10-24T01:21:21.964+0000] {standard_task_runner.py:57} INFO - Started process 6127 to run task
[2024-10-24T01:21:21.969+0000] {standard_task_runner.py:84} INFO - Running: ['***', 'tasks', 'run', 'api_openbrewerydb_to_silver_gold', 'Silver', 'scheduled__2023-11-20T08:00:00+00:00', '--job-id', '101', '--raw', '--subdir', 'DAGS_FOLDER/api_openbrewerydb_to_silver.py', '--cfg-path', '/tmp/tmp9hw61knf']
[2024-10-24T01:21:21.980+0000] {standard_task_runner.py:85} INFO - Job 101: Subtask Silver
[2024-10-24T01:21:22.093+0000] {task_command.py:415} INFO - Running <TaskInstance: api_openbrewerydb_to_silver_gold.Silver scheduled__2023-11-20T08:00:00+00:00 [running]> on host de5108c6da1d
[2024-10-24T01:21:22.282+0000] {taskinstance.py:1660} INFO - Exporting env vars: AIRFLOW_CTX_DAG_OWNER='Rodrigo Araujo' AIRFLOW_CTX_DAG_ID='api_openbrewerydb_to_silver_gold' AIRFLOW_CTX_TASK_ID='Silver' AIRFLOW_CTX_EXECUTION_DATE='2023-11-20T08:00:00+00:00' AIRFLOW_CTX_TRY_NUMBER='1' AIRFLOW_CTX_DAG_RUN_ID='scheduled__2023-11-20T08:00:00+00:00'
[2024-10-24T01:21:22.307+0000] {base.py:73} INFO - Using connection ID 'spark-conn' for task execution.
[2024-10-24T01:21:22.309+0000] {spark_submit.py:363} INFO - Spark-Submit cmd: spark-submit --master spark://spark-master:7077 --name arrow-spark --queue root.default jobs/silver/api_openbrewerydb.py
[2024-10-24T01:21:29.453+0000] {spark_submit.py:524} INFO - 24/10/24 01:21:29 INFO SparkContext: Running Spark version 3.5.3
[2024-10-24T01:21:29.456+0000] {spark_submit.py:524} INFO - 24/10/24 01:21:29 INFO SparkContext: OS info Linux, 5.15.0-124-generic, amd64
[2024-10-24T01:21:29.457+0000] {spark_submit.py:524} INFO - 24/10/24 01:21:29 INFO SparkContext: Java version 11.0.25
[2024-10-24T01:21:29.572+0000] {spark_submit.py:524} INFO - 24/10/24 01:21:29 WARN NativeCodeLoader: Unable to load native-hadoop library for your platform... using builtin-java classes where applicable
[2024-10-24T01:21:29.751+0000] {spark_submit.py:524} INFO - 24/10/24 01:21:29 INFO ResourceUtils: ==============================================================
[2024-10-24T01:21:29.752+0000] {spark_submit.py:524} INFO - 24/10/24 01:21:29 INFO ResourceUtils: No custom resources configured for spark.driver.
[2024-10-24T01:21:29.752+0000] {spark_submit.py:524} INFO - 24/10/24 01:21:29 INFO ResourceUtils: ==============================================================
[2024-10-24T01:21:29.753+0000] {spark_submit.py:524} INFO - 24/10/24 01:21:29 INFO SparkContext: Submitted application: IngestaoSilver
[2024-10-24T01:21:29.800+0000] {spark_submit.py:524} INFO - 24/10/24 01:21:29 INFO ResourceProfile: Default ResourceProfile created, executor resources: Map(memory -> name: memory, amount: 1024, script: , vendor: , offHeap -> name: offHeap, amount: 0, script: , vendor: ), task resources: Map(cpus -> name: cpus, amount: 1.0)
[2024-10-24T01:21:29.829+0000] {spark_submit.py:524} INFO - 24/10/24 01:21:29 INFO ResourceProfile: Limiting resource is cpu
[2024-10-24T01:21:29.830+0000] {spark_submit.py:524} INFO - 24/10/24 01:21:29 INFO ResourceProfileManager: Added ResourceProfile id: 0
[2024-10-24T01:21:29.936+0000] {spark_submit.py:524} INFO - 24/10/24 01:21:29 INFO SecurityManager: Changing view acls to: ***
[2024-10-24T01:21:29.937+0000] {spark_submit.py:524} INFO - 24/10/24 01:21:29 INFO SecurityManager: Changing modify acls to: ***
[2024-10-24T01:21:29.938+0000] {spark_submit.py:524} INFO - 24/10/24 01:21:29 INFO SecurityManager: Changing view acls groups to:
[2024-10-24T01:21:29.940+0000] {spark_submit.py:524} INFO - 24/10/24 01:21:29 INFO SecurityManager: Changing modify acls groups to:
[2024-10-24T01:21:29.941+0000] {spark_submit.py:524} INFO - 24/10/24 01:21:29 INFO SecurityManager: SecurityManager: authentication disabled; ui acls disabled; users with view permissions: ***; groups with view permissions: EMPTY; users with modify permissions: ***; groups with modify permissions: EMPTY
[2024-10-24T01:21:30.469+0000] {spark_submit.py:524} INFO - 24/10/24 01:21:30 INFO Utils: Successfully started service 'sparkDriver' on port 38935.
[2024-10-24T01:21:30.522+0000] {spark_submit.py:524} INFO - 24/10/24 01:21:30 INFO SparkEnv: Registering MapOutputTracker
[2024-10-24T01:21:30.588+0000] {spark_submit.py:524} INFO - 24/10/24 01:21:30 INFO SparkEnv: Registering BlockManagerMaster
[2024-10-24T01:21:30.628+0000] {spark_submit.py:524} INFO - 24/10/24 01:21:30 INFO BlockManagerMasterEndpoint: Using org.apache.spark.storage.DefaultTopologyMapper for getting topology information
[2024-10-24T01:21:30.629+0000] {spark_submit.py:524} INFO - 24/10/24 01:21:30 INFO BlockManagerMasterEndpoint: BlockManagerMasterEndpoint up
[2024-10-24T01:21:30.635+0000] {spark_submit.py:524} INFO - 24/10/24 01:21:30 INFO SparkEnv: Registering BlockManagerMasterHeartbeat
[2024-10-24T01:21:30.674+0000] {spark_submit.py:524} INFO - 24/10/24 01:21:30 INFO DiskBlockManager: Created local directory at /tmp/blockmgr-1b85f598-5c95-454f-b031-37dfd91f660e
[2024-10-24T01:21:30.701+0000] {spark_submit.py:524} INFO - 24/10/24 01:21:30 INFO MemoryStore: MemoryStore started with capacity 434.4 MiB
[2024-10-24T01:21:30.735+0000] {spark_submit.py:524} INFO - 24/10/24 01:21:30 INFO SparkEnv: Registering OutputCommitCoordinator
[2024-10-24T01:21:31.066+0000] {spark_submit.py:524} INFO - 24/10/24 01:21:31 INFO JettyUtils: Start Jetty 0.0.0.0:4040 for SparkUI
[2024-10-24T01:21:31.184+0000] {spark_submit.py:524} INFO - 24/10/24 01:21:31 INFO Utils: Successfully started service 'SparkUI' on port 4040.
[2024-10-24T01:21:31.472+0000] {spark_submit.py:524} INFO - 24/10/24 01:21:31 INFO StandaloneAppClient$ClientEndpoint: Connecting to master spark://spark-master:7077...
[2024-10-24T01:21:31.587+0000] {spark_submit.py:524} INFO - 24/10/24 01:21:31 INFO TransportClientFactory: Successfully created connection to spark-master/172.22.0.3:7077 after 65 ms (0 ms spent in bootstraps)
[2024-10-24T01:21:31.830+0000] {spark_submit.py:524} INFO - 24/10/24 01:21:31 INFO StandaloneSchedulerBackend: Connected to Spark cluster with app ID app-20241024012131-0032
[2024-10-24T01:21:31.857+0000] {spark_submit.py:524} INFO - 24/10/24 01:21:31 INFO StandaloneAppClient$ClientEndpoint: Executor added: app-20241024012131-0032/0 on worker-20241024010948-172.22.0.4-41535 (172.22.0.4:41535) with 2 core(s)
[2024-10-24T01:21:31.870+0000] {spark_submit.py:524} INFO - 24/10/24 01:21:31 INFO StandaloneSchedulerBackend: Granted executor ID app-20241024012131-0032/0 on hostPort 172.22.0.4:41535 with 2 core(s), 1024.0 MiB RAM
[2024-10-24T01:21:31.897+0000] {spark_submit.py:524} INFO - 24/10/24 01:21:31 INFO Utils: Successfully started service 'org.apache.spark.network.netty.NettyBlockTransferService' on port 33387.
[2024-10-24T01:21:31.898+0000] {spark_submit.py:524} INFO - 24/10/24 01:21:31 INFO NettyBlockTransferService: Server created on de5108c6da1d:33387
[2024-10-24T01:21:31.906+0000] {spark_submit.py:524} INFO - 24/10/24 01:21:31 INFO BlockManager: Using org.apache.spark.storage.RandomBlockReplicationPolicy for block replication policy
[2024-10-24T01:21:31.951+0000] {spark_submit.py:524} INFO - 24/10/24 01:21:31 INFO BlockManagerMaster: Registering BlockManager BlockManagerId(driver, de5108c6da1d, 33387, None)
[2024-10-24T01:21:31.955+0000] {spark_submit.py:524} INFO - 24/10/24 01:21:31 INFO StandaloneAppClient$ClientEndpoint: Executor updated: app-20241024012131-0032/0 is now RUNNING
[2024-10-24T01:21:31.960+0000] {spark_submit.py:524} INFO - 24/10/24 01:21:31 INFO BlockManagerMasterEndpoint: Registering block manager de5108c6da1d:33387 with 434.4 MiB RAM, BlockManagerId(driver, de5108c6da1d, 33387, None)
[2024-10-24T01:21:31.968+0000] {spark_submit.py:524} INFO - 24/10/24 01:21:31 INFO BlockManagerMaster: Registered BlockManager BlockManagerId(driver, de5108c6da1d, 33387, None)
[2024-10-24T01:21:31.976+0000] {spark_submit.py:524} INFO - 24/10/24 01:21:31 INFO BlockManager: Initialized BlockManager: BlockManagerId(driver, de5108c6da1d, 33387, None)
[2024-10-24T01:21:33.073+0000] {spark_submit.py:524} INFO - 24/10/24 01:21:33 INFO StandaloneSchedulerBackend: SchedulerBackend is ready for scheduling beginning after reached minRegisteredResourcesRatio: 0.0
[2024-10-24T01:21:33.837+0000] {spark_submit.py:524} INFO - Hello from Spark!
[2024-10-24T01:21:33.845+0000] {spark_submit.py:524} INFO - 24/10/24 01:21:33 INFO SparkContext: SparkContext is stopping with exitCode 0.
[2024-10-24T01:21:33.879+0000] {spark_submit.py:524} INFO - 24/10/24 01:21:33 INFO SparkUI: Stopped Spark web UI at http://de5108c6da1d:4040
[2024-10-24T01:21:33.896+0000] {spark_submit.py:524} INFO - 24/10/24 01:21:33 INFO StandaloneSchedulerBackend: Shutting down all executors
[2024-10-24T01:21:33.902+0000] {spark_submit.py:524} INFO - 24/10/24 01:21:33 INFO StandaloneSchedulerBackend$StandaloneDriverEndpoint: Asking each executor to shut down
[2024-10-24T01:21:33.982+0000] {spark_submit.py:524} INFO - 24/10/24 01:21:33 INFO MapOutputTrackerMasterEndpoint: MapOutputTrackerMasterEndpoint stopped!
[2024-10-24T01:21:34.064+0000] {spark_submit.py:524} INFO - 24/10/24 01:21:34 INFO MemoryStore: MemoryStore cleared
[2024-10-24T01:21:34.066+0000] {spark_submit.py:524} INFO - 24/10/24 01:21:34 INFO BlockManager: BlockManager stopped
[2024-10-24T01:21:34.107+0000] {spark_submit.py:524} INFO - 24/10/24 01:21:34 INFO BlockManagerMaster: BlockManagerMaster stopped
[2024-10-24T01:21:34.128+0000] {spark_submit.py:524} INFO - 24/10/24 01:21:34 INFO OutputCommitCoordinator$OutputCommitCoordinatorEndpoint: OutputCommitCoordinator stopped!
[2024-10-24T01:21:34.248+0000] {spark_submit.py:524} INFO - 24/10/24 01:21:34 INFO SparkContext: Successfully stopped SparkContext
[2024-10-24T01:21:34.939+0000] {spark_submit.py:524} INFO - 24/10/24 01:21:34 INFO ShutdownHookManager: Shutdown hook called
[2024-10-24T01:21:34.941+0000] {spark_submit.py:524} INFO - 24/10/24 01:21:34 INFO ShutdownHookManager: Deleting directory /tmp/spark-62060d38-4882-4596-983a-f84ee69448e8/pyspark-96a01d4a-9f9c-4d39-8949-3d92d4c432f9
[2024-10-24T01:21:34.989+0000] {spark_submit.py:524} INFO - 24/10/24 01:21:34 INFO ShutdownHookManager: Deleting directory /tmp/spark-62060d38-4882-4596-983a-f84ee69448e8
[2024-10-24T01:21:35.004+0000] {spark_submit.py:524} INFO - 24/10/24 01:21:35 INFO ShutdownHookManager: Deleting directory /tmp/spark-7f13bff2-711c-4153-96aa-ac4e59e68f69
[2024-10-24T01:21:35.132+0000] {taskinstance.py:1398} INFO - Marking task as SUCCESS. dag_id=api_openbrewerydb_to_silver_gold, task_id=Silver, execution_date=20231120T080000, start_date=20241024T012121, end_date=20241024T012135
[2024-10-24T01:21:35.200+0000] {local_task_job_runner.py:228} INFO - Task exited with return code 0
[2024-10-24T01:21:35.240+0000] {taskinstance.py:2776} INFO - 1 downstream tasks scheduled from follow-on schedule check
