[2024-10-24T01:20:02.367+0000] {taskinstance.py:1157} INFO - Dependencies all met for dep_context=non-requeueable deps ti=<TaskInstance: api_openbrewerydb_to_silver_gold.Gold scheduled__2023-11-14T08:00:00+00:00 [queued]>
[2024-10-24T01:20:02.389+0000] {taskinstance.py:1157} INFO - Dependencies all met for dep_context=requeueable deps ti=<TaskInstance: api_openbrewerydb_to_silver_gold.Gold scheduled__2023-11-14T08:00:00+00:00 [queued]>
[2024-10-24T01:20:02.389+0000] {taskinstance.py:1359} INFO - Starting attempt 1 of 3
[2024-10-24T01:20:02.421+0000] {taskinstance.py:1380} INFO - Executing <Task(SparkSubmitOperator): Gold> on 2023-11-14 08:00:00+00:00
[2024-10-24T01:20:02.430+0000] {standard_task_runner.py:57} INFO - Started process 4427 to run task
[2024-10-24T01:20:02.437+0000] {standard_task_runner.py:84} INFO - Running: ['***', 'tasks', 'run', 'api_openbrewerydb_to_silver_gold', 'Gold', 'scheduled__2023-11-14T08:00:00+00:00', '--job-id', '91', '--raw', '--subdir', 'DAGS_FOLDER/api_openbrewerydb_to_silver.py', '--cfg-path', '/tmp/tmp04vq88cm']
[2024-10-24T01:20:02.446+0000] {standard_task_runner.py:85} INFO - Job 91: Subtask Gold
[2024-10-24T01:20:02.575+0000] {task_command.py:415} INFO - Running <TaskInstance: api_openbrewerydb_to_silver_gold.Gold scheduled__2023-11-14T08:00:00+00:00 [running]> on host de5108c6da1d
[2024-10-24T01:20:02.769+0000] {taskinstance.py:1660} INFO - Exporting env vars: AIRFLOW_CTX_DAG_OWNER='Rodrigo Araujo' AIRFLOW_CTX_DAG_ID='api_openbrewerydb_to_silver_gold' AIRFLOW_CTX_TASK_ID='Gold' AIRFLOW_CTX_EXECUTION_DATE='2023-11-14T08:00:00+00:00' AIRFLOW_CTX_TRY_NUMBER='1' AIRFLOW_CTX_DAG_RUN_ID='scheduled__2023-11-14T08:00:00+00:00'
[2024-10-24T01:20:02.800+0000] {base.py:73} INFO - Using connection ID 'spark-conn' for task execution.
[2024-10-24T01:20:02.802+0000] {spark_submit.py:363} INFO - Spark-Submit cmd: spark-submit --master spark://spark-master:7077 --name arrow-spark --queue root.default jobs/gold/api_openbrewerydb.py
[2024-10-24T01:20:10.550+0000] {spark_submit.py:524} INFO - 24/10/24 01:20:10 INFO SparkContext: Running Spark version 3.5.3
[2024-10-24T01:20:10.558+0000] {spark_submit.py:524} INFO - 24/10/24 01:20:10 INFO SparkContext: OS info Linux, 5.15.0-124-generic, amd64
[2024-10-24T01:20:10.561+0000] {spark_submit.py:524} INFO - 24/10/24 01:20:10 INFO SparkContext: Java version 11.0.25
[2024-10-24T01:20:10.757+0000] {spark_submit.py:524} INFO - 24/10/24 01:20:10 WARN NativeCodeLoader: Unable to load native-hadoop library for your platform... using builtin-java classes where applicable
[2024-10-24T01:20:11.019+0000] {spark_submit.py:524} INFO - 24/10/24 01:20:11 INFO ResourceUtils: ==============================================================
[2024-10-24T01:20:11.022+0000] {spark_submit.py:524} INFO - 24/10/24 01:20:11 INFO ResourceUtils: No custom resources configured for spark.driver.
[2024-10-24T01:20:11.024+0000] {spark_submit.py:524} INFO - 24/10/24 01:20:11 INFO ResourceUtils: ==============================================================
[2024-10-24T01:20:11.025+0000] {spark_submit.py:524} INFO - 24/10/24 01:20:11 INFO SparkContext: Submitted application: IngestaoSilver
[2024-10-24T01:20:11.085+0000] {spark_submit.py:524} INFO - 24/10/24 01:20:11 INFO ResourceProfile: Default ResourceProfile created, executor resources: Map(memory -> name: memory, amount: 1024, script: , vendor: , offHeap -> name: offHeap, amount: 0, script: , vendor: ), task resources: Map(cpus -> name: cpus, amount: 1.0)
[2024-10-24T01:20:11.123+0000] {spark_submit.py:524} INFO - 24/10/24 01:20:11 INFO ResourceProfile: Limiting resource is cpu
[2024-10-24T01:20:11.125+0000] {spark_submit.py:524} INFO - 24/10/24 01:20:11 INFO ResourceProfileManager: Added ResourceProfile id: 0
[2024-10-24T01:20:11.270+0000] {spark_submit.py:524} INFO - 24/10/24 01:20:11 INFO SecurityManager: Changing view acls to: ***
[2024-10-24T01:20:11.276+0000] {spark_submit.py:524} INFO - 24/10/24 01:20:11 INFO SecurityManager: Changing modify acls to: ***
[2024-10-24T01:20:11.278+0000] {spark_submit.py:524} INFO - 24/10/24 01:20:11 INFO SecurityManager: Changing view acls groups to:
[2024-10-24T01:20:11.280+0000] {spark_submit.py:524} INFO - 24/10/24 01:20:11 INFO SecurityManager: Changing modify acls groups to:
[2024-10-24T01:20:11.282+0000] {spark_submit.py:524} INFO - 24/10/24 01:20:11 INFO SecurityManager: SecurityManager: authentication disabled; ui acls disabled; users with view permissions: ***; groups with view permissions: EMPTY; users with modify permissions: ***; groups with modify permissions: EMPTY
[2024-10-24T01:20:11.999+0000] {spark_submit.py:524} INFO - 24/10/24 01:20:11 INFO Utils: Successfully started service 'sparkDriver' on port 38117.
[2024-10-24T01:20:12.064+0000] {spark_submit.py:524} INFO - 24/10/24 01:20:12 INFO SparkEnv: Registering MapOutputTracker
[2024-10-24T01:20:12.141+0000] {spark_submit.py:524} INFO - 24/10/24 01:20:12 INFO SparkEnv: Registering BlockManagerMaster
[2024-10-24T01:20:12.196+0000] {spark_submit.py:524} INFO - 24/10/24 01:20:12 INFO BlockManagerMasterEndpoint: Using org.apache.spark.storage.DefaultTopologyMapper for getting topology information
[2024-10-24T01:20:12.197+0000] {spark_submit.py:524} INFO - 24/10/24 01:20:12 INFO BlockManagerMasterEndpoint: BlockManagerMasterEndpoint up
[2024-10-24T01:20:12.206+0000] {spark_submit.py:524} INFO - 24/10/24 01:20:12 INFO SparkEnv: Registering BlockManagerMasterHeartbeat
[2024-10-24T01:20:12.258+0000] {spark_submit.py:524} INFO - 24/10/24 01:20:12 INFO DiskBlockManager: Created local directory at /tmp/blockmgr-362248ff-81a3-47ee-8064-8b69fc973aa3
[2024-10-24T01:20:12.297+0000] {spark_submit.py:524} INFO - 24/10/24 01:20:12 INFO MemoryStore: MemoryStore started with capacity 434.4 MiB
[2024-10-24T01:20:12.340+0000] {spark_submit.py:524} INFO - 24/10/24 01:20:12 INFO SparkEnv: Registering OutputCommitCoordinator
[2024-10-24T01:20:12.745+0000] {spark_submit.py:524} INFO - 24/10/24 01:20:12 INFO JettyUtils: Start Jetty 0.0.0.0:4040 for SparkUI
[2024-10-24T01:20:12.866+0000] {spark_submit.py:524} INFO - 24/10/24 01:20:12 INFO Utils: Successfully started service 'SparkUI' on port 4040.
[2024-10-24T01:20:13.193+0000] {spark_submit.py:524} INFO - 24/10/24 01:20:13 INFO StandaloneAppClient$ClientEndpoint: Connecting to master spark://spark-master:7077...
[2024-10-24T01:20:13.292+0000] {spark_submit.py:524} INFO - 24/10/24 01:20:13 INFO TransportClientFactory: Successfully created connection to spark-master/172.22.0.3:7077 after 59 ms (0 ms spent in bootstraps)
[2024-10-24T01:20:13.504+0000] {spark_submit.py:524} INFO - 24/10/24 01:20:13 INFO StandaloneSchedulerBackend: Connected to Spark cluster with app ID app-20241024012013-0022
[2024-10-24T01:20:13.514+0000] {spark_submit.py:524} INFO - 24/10/24 01:20:13 INFO StandaloneAppClient$ClientEndpoint: Executor added: app-20241024012013-0022/0 on worker-20241024010948-172.22.0.4-41535 (172.22.0.4:41535) with 2 core(s)
[2024-10-24T01:20:13.521+0000] {spark_submit.py:524} INFO - 24/10/24 01:20:13 INFO StandaloneSchedulerBackend: Granted executor ID app-20241024012013-0022/0 on hostPort 172.22.0.4:41535 with 2 core(s), 1024.0 MiB RAM
[2024-10-24T01:20:13.541+0000] {spark_submit.py:524} INFO - 24/10/24 01:20:13 INFO Utils: Successfully started service 'org.apache.spark.network.netty.NettyBlockTransferService' on port 43255.
[2024-10-24T01:20:13.541+0000] {spark_submit.py:524} INFO - 24/10/24 01:20:13 INFO NettyBlockTransferService: Server created on de5108c6da1d:43255
[2024-10-24T01:20:13.546+0000] {spark_submit.py:524} INFO - 24/10/24 01:20:13 INFO BlockManager: Using org.apache.spark.storage.RandomBlockReplicationPolicy for block replication policy
[2024-10-24T01:20:13.581+0000] {spark_submit.py:524} INFO - 24/10/24 01:20:13 INFO BlockManagerMaster: Registering BlockManager BlockManagerId(driver, de5108c6da1d, 43255, None)
[2024-10-24T01:20:13.607+0000] {spark_submit.py:524} INFO - 24/10/24 01:20:13 INFO BlockManagerMasterEndpoint: Registering block manager de5108c6da1d:43255 with 434.4 MiB RAM, BlockManagerId(driver, de5108c6da1d, 43255, None)
[2024-10-24T01:20:13.614+0000] {spark_submit.py:524} INFO - 24/10/24 01:20:13 INFO BlockManagerMaster: Registered BlockManager BlockManagerId(driver, de5108c6da1d, 43255, None)
[2024-10-24T01:20:13.627+0000] {spark_submit.py:524} INFO - 24/10/24 01:20:13 INFO BlockManager: Initialized BlockManager: BlockManagerId(driver, de5108c6da1d, 43255, None)
[2024-10-24T01:20:13.660+0000] {spark_submit.py:524} INFO - 24/10/24 01:20:13 INFO StandaloneAppClient$ClientEndpoint: Executor updated: app-20241024012013-0022/0 is now RUNNING
[2024-10-24T01:20:14.192+0000] {spark_submit.py:524} INFO - 24/10/24 01:20:14 INFO StandaloneSchedulerBackend: SchedulerBackend is ready for scheduling beginning after reached minRegisteredResourcesRatio: 0.0
[2024-10-24T01:20:14.703+0000] {spark_submit.py:524} INFO - Hello from Spark!
[2024-10-24T01:20:14.704+0000] {spark_submit.py:524} INFO - 24/10/24 01:20:14 INFO SparkContext: SparkContext is stopping with exitCode 0.
[2024-10-24T01:20:14.725+0000] {spark_submit.py:524} INFO - 24/10/24 01:20:14 INFO SparkUI: Stopped Spark web UI at http://de5108c6da1d:4040
[2024-10-24T01:20:14.737+0000] {spark_submit.py:524} INFO - 24/10/24 01:20:14 INFO StandaloneSchedulerBackend: Shutting down all executors
[2024-10-24T01:20:14.745+0000] {spark_submit.py:524} INFO - 24/10/24 01:20:14 INFO StandaloneSchedulerBackend$StandaloneDriverEndpoint: Asking each executor to shut down
[2024-10-24T01:20:14.781+0000] {spark_submit.py:524} INFO - 24/10/24 01:20:14 INFO MapOutputTrackerMasterEndpoint: MapOutputTrackerMasterEndpoint stopped!
[2024-10-24T01:20:14.807+0000] {spark_submit.py:524} INFO - 24/10/24 01:20:14 INFO MemoryStore: MemoryStore cleared
[2024-10-24T01:20:14.809+0000] {spark_submit.py:524} INFO - 24/10/24 01:20:14 INFO BlockManager: BlockManager stopped
[2024-10-24T01:20:14.825+0000] {spark_submit.py:524} INFO - 24/10/24 01:20:14 INFO BlockManagerMaster: BlockManagerMaster stopped
[2024-10-24T01:20:14.831+0000] {spark_submit.py:524} INFO - 24/10/24 01:20:14 INFO OutputCommitCoordinator$OutputCommitCoordinatorEndpoint: OutputCommitCoordinator stopped!
[2024-10-24T01:20:14.861+0000] {spark_submit.py:524} INFO - 24/10/24 01:20:14 INFO SparkContext: Successfully stopped SparkContext
[2024-10-24T01:20:15.418+0000] {spark_submit.py:524} INFO - 24/10/24 01:20:15 INFO ShutdownHookManager: Shutdown hook called
[2024-10-24T01:20:15.420+0000] {spark_submit.py:524} INFO - 24/10/24 01:20:15 INFO ShutdownHookManager: Deleting directory /tmp/spark-c82376ed-fb6a-48cd-9075-65a6be6fde75
[2024-10-24T01:20:15.426+0000] {spark_submit.py:524} INFO - 24/10/24 01:20:15 INFO ShutdownHookManager: Deleting directory /tmp/spark-c82376ed-fb6a-48cd-9075-65a6be6fde75/pyspark-023a0b23-8d21-4fa8-a738-f7a7e0a598d8
[2024-10-24T01:20:15.432+0000] {spark_submit.py:524} INFO - 24/10/24 01:20:15 INFO ShutdownHookManager: Deleting directory /tmp/spark-c90b54bc-6cd0-431d-9896-73e6ae8e4da5
[2024-10-24T01:20:15.514+0000] {taskinstance.py:1398} INFO - Marking task as SUCCESS. dag_id=api_openbrewerydb_to_silver_gold, task_id=Gold, execution_date=20231114T080000, start_date=20241024T012002, end_date=20241024T012015
[2024-10-24T01:20:15.738+0000] {local_task_job_runner.py:228} INFO - Task exited with return code 0
[2024-10-24T01:20:15.769+0000] {taskinstance.py:2776} INFO - 0 downstream tasks scheduled from follow-on schedule check
[2024-10-24T14:31:26.990+0000] {logging_mixin.py:151} INFO - Changing /opt/***/logs/dag_id=api_openbrewerydb_to_silver_gold/run_id=scheduled__2023-11-14T08:00:00+00:00/task_id=Gold permission to 509
[2024-10-24T14:31:26.998+0000] {logging_mixin.py:151} INFO - Failed to change /opt/***/logs/dag_id=api_openbrewerydb_to_silver_gold/run_id=scheduled__2023-11-14T08:00:00+00:00/task_id=Gold permission to 509: [Errno 1] Operation not permitted: '/opt/***/logs/dag_id=api_openbrewerydb_to_silver_gold/run_id=scheduled__2023-11-14T08:00:00+00:00/task_id=Gold'
[2024-10-24T14:31:27.055+0000] {logging_mixin.py:151} INFO - Changing /opt/***/logs/dag_id=api_openbrewerydb_to_silver_gold/run_id=scheduled__2023-11-14T08:00:00+00:00/task_id=Gold permission to 509
[2024-10-24T14:31:27.056+0000] {logging_mixin.py:151} INFO - Failed to change /opt/***/logs/dag_id=api_openbrewerydb_to_silver_gold/run_id=scheduled__2023-11-14T08:00:00+00:00/task_id=Gold permission to 509: [Errno 1] Operation not permitted: '/opt/***/logs/dag_id=api_openbrewerydb_to_silver_gold/run_id=scheduled__2023-11-14T08:00:00+00:00/task_id=Gold'
[2024-10-24T14:31:27.086+0000] {taskinstance.py:1157} INFO - Dependencies all met for dep_context=non-requeueable deps ti=<TaskInstance: api_openbrewerydb_to_silver_gold.Gold scheduled__2023-11-14T08:00:00+00:00 [queued]>
[2024-10-24T14:31:27.093+0000] {taskinstance.py:1157} INFO - Dependencies all met for dep_context=requeueable deps ti=<TaskInstance: api_openbrewerydb_to_silver_gold.Gold scheduled__2023-11-14T08:00:00+00:00 [queued]>
[2024-10-24T14:31:27.093+0000] {taskinstance.py:1359} INFO - Starting attempt 1 of 2
[2024-10-24T14:31:27.103+0000] {taskinstance.py:1380} INFO - Executing <Task(SparkSubmitOperator): Gold> on 2023-11-14 08:00:00+00:00
[2024-10-24T14:31:27.107+0000] {standard_task_runner.py:57} INFO - Started process 8037 to run task
[2024-10-24T14:31:27.109+0000] {standard_task_runner.py:84} INFO - Running: ['***', 'tasks', 'run', 'api_openbrewerydb_to_silver_gold', 'Gold', 'scheduled__2023-11-14T08:00:00+00:00', '--job-id', '54', '--raw', '--subdir', 'DAGS_FOLDER/api_openbrewerydb_to_silver.py', '--cfg-path', '/tmp/tmph75x4km5']
[2024-10-24T14:31:27.113+0000] {standard_task_runner.py:85} INFO - Job 54: Subtask Gold
[2024-10-24T14:31:27.156+0000] {logging_mixin.py:151} INFO - Changing /opt/***/logs/dag_id=api_openbrewerydb_to_silver_gold/run_id=scheduled__2023-11-14T08:00:00+00:00/task_id=Gold permission to 509
[2024-10-24T14:31:27.157+0000] {logging_mixin.py:151} INFO - Failed to change /opt/***/logs/dag_id=api_openbrewerydb_to_silver_gold/run_id=scheduled__2023-11-14T08:00:00+00:00/task_id=Gold permission to 509: [Errno 1] Operation not permitted: '/opt/***/logs/dag_id=api_openbrewerydb_to_silver_gold/run_id=scheduled__2023-11-14T08:00:00+00:00/task_id=Gold'
[2024-10-24T14:31:27.157+0000] {task_command.py:415} INFO - Running <TaskInstance: api_openbrewerydb_to_silver_gold.Gold scheduled__2023-11-14T08:00:00+00:00 [running]> on host 96f89615839b
[2024-10-24T14:31:27.237+0000] {taskinstance.py:1660} INFO - Exporting env vars: AIRFLOW_CTX_DAG_OWNER='Rodrigo Araujo' AIRFLOW_CTX_DAG_ID='api_openbrewerydb_to_silver_gold' AIRFLOW_CTX_TASK_ID='Gold' AIRFLOW_CTX_EXECUTION_DATE='2023-11-14T08:00:00+00:00' AIRFLOW_CTX_TRY_NUMBER='1' AIRFLOW_CTX_DAG_RUN_ID='scheduled__2023-11-14T08:00:00+00:00'
[2024-10-24T14:31:27.248+0000] {base.py:73} INFO - Using connection ID 'spark-conn' for task execution.
[2024-10-24T14:31:27.249+0000] {spark_submit.py:363} INFO - Spark-Submit cmd: spark-submit --master spark://spark-master:7077 --name arrow-spark jobs/gold/api_openbrewerydb.py
[2024-10-24T14:31:30.082+0000] {spark_submit.py:524} INFO - 24/10/24 14:31:30 INFO SparkContext: Running Spark version 3.5.3
[2024-10-24T14:31:30.084+0000] {spark_submit.py:524} INFO - 24/10/24 14:31:30 INFO SparkContext: OS info Linux, 5.15.0-124-generic, amd64
[2024-10-24T14:31:30.085+0000] {spark_submit.py:524} INFO - 24/10/24 14:31:30 INFO SparkContext: Java version 11.0.25
[2024-10-24T14:31:30.140+0000] {spark_submit.py:524} INFO - 24/10/24 14:31:30 WARN NativeCodeLoader: Unable to load native-hadoop library for your platform... using builtin-java classes where applicable
[2024-10-24T14:31:30.231+0000] {spark_submit.py:524} INFO - 24/10/24 14:31:30 INFO ResourceUtils: ==============================================================
[2024-10-24T14:31:30.232+0000] {spark_submit.py:524} INFO - 24/10/24 14:31:30 INFO ResourceUtils: No custom resources configured for spark.driver.
[2024-10-24T14:31:30.232+0000] {spark_submit.py:524} INFO - 24/10/24 14:31:30 INFO ResourceUtils: ==============================================================
[2024-10-24T14:31:30.233+0000] {spark_submit.py:524} INFO - 24/10/24 14:31:30 INFO SparkContext: Submitted application: IngestaoSilver
[2024-10-24T14:31:30.256+0000] {spark_submit.py:524} INFO - 24/10/24 14:31:30 INFO ResourceProfile: Default ResourceProfile created, executor resources: Map(memory -> name: memory, amount: 1024, script: , vendor: , offHeap -> name: offHeap, amount: 0, script: , vendor: ), task resources: Map(cpus -> name: cpus, amount: 1.0)
[2024-10-24T14:31:30.272+0000] {spark_submit.py:524} INFO - 24/10/24 14:31:30 INFO ResourceProfile: Limiting resource is cpu
[2024-10-24T14:31:30.272+0000] {spark_submit.py:524} INFO - 24/10/24 14:31:30 INFO ResourceProfileManager: Added ResourceProfile id: 0
[2024-10-24T14:31:30.327+0000] {spark_submit.py:524} INFO - 24/10/24 14:31:30 INFO SecurityManager: Changing view acls to: ***
[2024-10-24T14:31:30.328+0000] {spark_submit.py:524} INFO - 24/10/24 14:31:30 INFO SecurityManager: Changing modify acls to: ***
[2024-10-24T14:31:30.335+0000] {spark_submit.py:524} INFO - 24/10/24 14:31:30 INFO SecurityManager: Changing view acls groups to:
[2024-10-24T14:31:30.335+0000] {spark_submit.py:524} INFO - 24/10/24 14:31:30 INFO SecurityManager: Changing modify acls groups to:
[2024-10-24T14:31:30.336+0000] {spark_submit.py:524} INFO - 24/10/24 14:31:30 INFO SecurityManager: SecurityManager: authentication disabled; ui acls disabled; users with view permissions: ***; groups with view permissions: EMPTY; users with modify permissions: ***; groups with modify permissions: EMPTY
[2024-10-24T14:31:30.586+0000] {spark_submit.py:524} INFO - 24/10/24 14:31:30 INFO Utils: Successfully started service 'sparkDriver' on port 45341.
[2024-10-24T14:31:30.612+0000] {spark_submit.py:524} INFO - 24/10/24 14:31:30 INFO SparkEnv: Registering MapOutputTracker
[2024-10-24T14:31:30.643+0000] {spark_submit.py:524} INFO - 24/10/24 14:31:30 INFO SparkEnv: Registering BlockManagerMaster
[2024-10-24T14:31:30.661+0000] {spark_submit.py:524} INFO - 24/10/24 14:31:30 INFO BlockManagerMasterEndpoint: Using org.apache.spark.storage.DefaultTopologyMapper for getting topology information
[2024-10-24T14:31:30.661+0000] {spark_submit.py:524} INFO - 24/10/24 14:31:30 INFO BlockManagerMasterEndpoint: BlockManagerMasterEndpoint up
[2024-10-24T14:31:30.665+0000] {spark_submit.py:524} INFO - 24/10/24 14:31:30 INFO SparkEnv: Registering BlockManagerMasterHeartbeat
[2024-10-24T14:31:30.682+0000] {spark_submit.py:524} INFO - 24/10/24 14:31:30 INFO DiskBlockManager: Created local directory at /tmp/blockmgr-15217d78-2bb9-4775-b1d2-73dd817983a2
[2024-10-24T14:31:30.696+0000] {spark_submit.py:524} INFO - 24/10/24 14:31:30 INFO MemoryStore: MemoryStore started with capacity 434.4 MiB
[2024-10-24T14:31:30.712+0000] {spark_submit.py:524} INFO - 24/10/24 14:31:30 INFO SparkEnv: Registering OutputCommitCoordinator
[2024-10-24T14:31:30.862+0000] {spark_submit.py:524} INFO - 24/10/24 14:31:30 INFO JettyUtils: Start Jetty 0.0.0.0:4040 for SparkUI
[2024-10-24T14:31:30.914+0000] {spark_submit.py:524} INFO - 24/10/24 14:31:30 INFO Utils: Successfully started service 'SparkUI' on port 4040.
[2024-10-24T14:31:31.050+0000] {spark_submit.py:524} INFO - 24/10/24 14:31:31 INFO StandaloneAppClient$ClientEndpoint: Connecting to master spark://spark-master:7077...
[2024-10-24T14:31:31.096+0000] {spark_submit.py:524} INFO - 24/10/24 14:31:31 INFO TransportClientFactory: Successfully created connection to spark-master/172.18.0.2:7077 after 26 ms (0 ms spent in bootstraps)
[2024-10-24T14:31:31.172+0000] {spark_submit.py:524} INFO - 24/10/24 14:31:31 INFO StandaloneSchedulerBackend: Connected to Spark cluster with app ID app-20241024143131-0049
[2024-10-24T14:31:31.175+0000] {spark_submit.py:524} INFO - 24/10/24 14:31:31 INFO StandaloneAppClient$ClientEndpoint: Executor added: app-20241024143131-0049/0 on worker-20241024142308-172.18.0.5-43899 (172.18.0.5:43899) with 2 core(s)
[2024-10-24T14:31:31.177+0000] {spark_submit.py:524} INFO - 24/10/24 14:31:31 INFO StandaloneSchedulerBackend: Granted executor ID app-20241024143131-0049/0 on hostPort 172.18.0.5:43899 with 2 core(s), 1024.0 MiB RAM
[2024-10-24T14:31:31.183+0000] {spark_submit.py:524} INFO - 24/10/24 14:31:31 INFO Utils: Successfully started service 'org.apache.spark.network.netty.NettyBlockTransferService' on port 35213.
[2024-10-24T14:31:31.183+0000] {spark_submit.py:524} INFO - 24/10/24 14:31:31 INFO NettyBlockTransferService: Server created on 96f89615839b:35213
[2024-10-24T14:31:31.186+0000] {spark_submit.py:524} INFO - 24/10/24 14:31:31 INFO BlockManager: Using org.apache.spark.storage.RandomBlockReplicationPolicy for block replication policy
[2024-10-24T14:31:31.198+0000] {spark_submit.py:524} INFO - 24/10/24 14:31:31 INFO BlockManagerMaster: Registering BlockManager BlockManagerId(driver, 96f89615839b, 35213, None)
[2024-10-24T14:31:31.203+0000] {spark_submit.py:524} INFO - 24/10/24 14:31:31 INFO BlockManagerMasterEndpoint: Registering block manager 96f89615839b:35213 with 434.4 MiB RAM, BlockManagerId(driver, 96f89615839b, 35213, None)
[2024-10-24T14:31:31.207+0000] {spark_submit.py:524} INFO - 24/10/24 14:31:31 INFO BlockManagerMaster: Registered BlockManager BlockManagerId(driver, 96f89615839b, 35213, None)
[2024-10-24T14:31:31.209+0000] {spark_submit.py:524} INFO - 24/10/24 14:31:31 INFO StandaloneAppClient$ClientEndpoint: Executor updated: app-20241024143131-0049/0 is now RUNNING
[2024-10-24T14:31:31.211+0000] {spark_submit.py:524} INFO - 24/10/24 14:31:31 INFO BlockManager: Initialized BlockManager: BlockManagerId(driver, 96f89615839b, 35213, None)
[2024-10-24T14:31:31.515+0000] {spark_submit.py:524} INFO - 24/10/24 14:31:31 INFO StandaloneSchedulerBackend: SchedulerBackend is ready for scheduling beginning after reached minRegisteredResourcesRatio: 0.0
[2024-10-24T14:31:31.699+0000] {spark_submit.py:524} INFO - Hello from Spark!
[2024-10-24T14:31:31.700+0000] {spark_submit.py:524} INFO - 24/10/24 14:31:31 INFO SparkContext: SparkContext is stopping with exitCode 0.
[2024-10-24T14:31:31.712+0000] {spark_submit.py:524} INFO - 24/10/24 14:31:31 INFO SparkUI: Stopped Spark web UI at http://96f89615839b:4040
[2024-10-24T14:31:31.719+0000] {spark_submit.py:524} INFO - 24/10/24 14:31:31 INFO StandaloneSchedulerBackend: Shutting down all executors
[2024-10-24T14:31:31.724+0000] {spark_submit.py:524} INFO - 24/10/24 14:31:31 INFO StandaloneSchedulerBackend$StandaloneDriverEndpoint: Asking each executor to shut down
[2024-10-24T14:31:31.741+0000] {spark_submit.py:524} INFO - 24/10/24 14:31:31 INFO MapOutputTrackerMasterEndpoint: MapOutputTrackerMasterEndpoint stopped!
[2024-10-24T14:31:31.751+0000] {spark_submit.py:524} INFO - 24/10/24 14:31:31 INFO MemoryStore: MemoryStore cleared
[2024-10-24T14:31:31.751+0000] {spark_submit.py:524} INFO - 24/10/24 14:31:31 INFO BlockManager: BlockManager stopped
[2024-10-24T14:31:31.758+0000] {spark_submit.py:524} INFO - 24/10/24 14:31:31 INFO BlockManagerMaster: BlockManagerMaster stopped
[2024-10-24T14:31:31.760+0000] {spark_submit.py:524} INFO - 24/10/24 14:31:31 INFO OutputCommitCoordinator$OutputCommitCoordinatorEndpoint: OutputCommitCoordinator stopped!
[2024-10-24T14:31:31.767+0000] {spark_submit.py:524} INFO - 24/10/24 14:31:31 INFO SparkContext: Successfully stopped SparkContext
[2024-10-24T14:31:32.135+0000] {spark_submit.py:524} INFO - 24/10/24 14:31:32 INFO ShutdownHookManager: Shutdown hook called
[2024-10-24T14:31:32.136+0000] {spark_submit.py:524} INFO - 24/10/24 14:31:32 INFO ShutdownHookManager: Deleting directory /tmp/spark-ac972755-c3ea-4298-8e26-08f172326960/pyspark-31121792-00e7-47aa-8953-73f332261ee2
[2024-10-24T14:31:32.139+0000] {spark_submit.py:524} INFO - 24/10/24 14:31:32 INFO ShutdownHookManager: Deleting directory /tmp/spark-ac972755-c3ea-4298-8e26-08f172326960
[2024-10-24T14:31:32.142+0000] {spark_submit.py:524} INFO - 24/10/24 14:31:32 INFO ShutdownHookManager: Deleting directory /tmp/spark-a43db857-c18c-4881-872d-e0b445e78522
[2024-10-24T14:31:32.194+0000] {taskinstance.py:1398} INFO - Marking task as SUCCESS. dag_id=api_openbrewerydb_to_silver_gold, task_id=Gold, execution_date=20231114T080000, start_date=20241024T143127, end_date=20241024T143132
[2024-10-24T14:31:32.255+0000] {local_task_job_runner.py:228} INFO - Task exited with return code 0
[2024-10-24T14:31:32.272+0000] {taskinstance.py:2776} INFO - 0 downstream tasks scheduled from follow-on schedule check
