[2024-10-24T01:20:35.166+0000] {taskinstance.py:1157} INFO - Dependencies all met for dep_context=non-requeueable deps ti=<TaskInstance: api_openbrewerydb_to_silver_gold.Gold scheduled__2023-11-16T08:00:00+00:00 [queued]>
[2024-10-24T01:20:35.183+0000] {taskinstance.py:1157} INFO - Dependencies all met for dep_context=requeueable deps ti=<TaskInstance: api_openbrewerydb_to_silver_gold.Gold scheduled__2023-11-16T08:00:00+00:00 [queued]>
[2024-10-24T01:20:35.184+0000] {taskinstance.py:1359} INFO - Starting attempt 1 of 3
[2024-10-24T01:20:35.215+0000] {taskinstance.py:1380} INFO - Executing <Task(SparkSubmitOperator): Gold> on 2023-11-16 08:00:00+00:00
[2024-10-24T01:20:35.224+0000] {standard_task_runner.py:57} INFO - Started process 5092 to run task
[2024-10-24T01:20:35.228+0000] {standard_task_runner.py:84} INFO - Running: ['***', 'tasks', 'run', 'api_openbrewerydb_to_silver_gold', 'Gold', 'scheduled__2023-11-16T08:00:00+00:00', '--job-id', '95', '--raw', '--subdir', 'DAGS_FOLDER/api_openbrewerydb_to_silver.py', '--cfg-path', '/tmp/tmp_y4uvcoq']
[2024-10-24T01:20:35.237+0000] {standard_task_runner.py:85} INFO - Job 95: Subtask Gold
[2024-10-24T01:20:35.345+0000] {task_command.py:415} INFO - Running <TaskInstance: api_openbrewerydb_to_silver_gold.Gold scheduled__2023-11-16T08:00:00+00:00 [running]> on host de5108c6da1d
[2024-10-24T01:20:35.537+0000] {taskinstance.py:1660} INFO - Exporting env vars: AIRFLOW_CTX_DAG_OWNER='Rodrigo Araujo' AIRFLOW_CTX_DAG_ID='api_openbrewerydb_to_silver_gold' AIRFLOW_CTX_TASK_ID='Gold' AIRFLOW_CTX_EXECUTION_DATE='2023-11-16T08:00:00+00:00' AIRFLOW_CTX_TRY_NUMBER='1' AIRFLOW_CTX_DAG_RUN_ID='scheduled__2023-11-16T08:00:00+00:00'
[2024-10-24T01:20:35.565+0000] {base.py:73} INFO - Using connection ID 'spark-conn' for task execution.
[2024-10-24T01:20:35.567+0000] {spark_submit.py:363} INFO - Spark-Submit cmd: spark-submit --master spark://spark-master:7077 --name arrow-spark --queue root.default jobs/gold/api_openbrewerydb.py
[2024-10-24T01:20:42.495+0000] {spark_submit.py:524} INFO - 24/10/24 01:20:42 INFO SparkContext: Running Spark version 3.5.3
[2024-10-24T01:20:42.500+0000] {spark_submit.py:524} INFO - 24/10/24 01:20:42 INFO SparkContext: OS info Linux, 5.15.0-124-generic, amd64
[2024-10-24T01:20:42.502+0000] {spark_submit.py:524} INFO - 24/10/24 01:20:42 INFO SparkContext: Java version 11.0.25
[2024-10-24T01:20:42.657+0000] {spark_submit.py:524} INFO - 24/10/24 01:20:42 WARN NativeCodeLoader: Unable to load native-hadoop library for your platform... using builtin-java classes where applicable
[2024-10-24T01:20:42.886+0000] {spark_submit.py:524} INFO - 24/10/24 01:20:42 INFO ResourceUtils: ==============================================================
[2024-10-24T01:20:42.887+0000] {spark_submit.py:524} INFO - 24/10/24 01:20:42 INFO ResourceUtils: No custom resources configured for spark.driver.
[2024-10-24T01:20:42.888+0000] {spark_submit.py:524} INFO - 24/10/24 01:20:42 INFO ResourceUtils: ==============================================================
[2024-10-24T01:20:42.889+0000] {spark_submit.py:524} INFO - 24/10/24 01:20:42 INFO SparkContext: Submitted application: IngestaoSilver
[2024-10-24T01:20:42.948+0000] {spark_submit.py:524} INFO - 24/10/24 01:20:42 INFO ResourceProfile: Default ResourceProfile created, executor resources: Map(memory -> name: memory, amount: 1024, script: , vendor: , offHeap -> name: offHeap, amount: 0, script: , vendor: ), task resources: Map(cpus -> name: cpus, amount: 1.0)
[2024-10-24T01:20:42.988+0000] {spark_submit.py:524} INFO - 24/10/24 01:20:42 INFO ResourceProfile: Limiting resource is cpu
[2024-10-24T01:20:42.991+0000] {spark_submit.py:524} INFO - 24/10/24 01:20:42 INFO ResourceProfileManager: Added ResourceProfile id: 0
[2024-10-24T01:20:43.152+0000] {spark_submit.py:524} INFO - 24/10/24 01:20:43 INFO SecurityManager: Changing view acls to: ***
[2024-10-24T01:20:43.157+0000] {spark_submit.py:524} INFO - 24/10/24 01:20:43 INFO SecurityManager: Changing modify acls to: ***
[2024-10-24T01:20:43.159+0000] {spark_submit.py:524} INFO - 24/10/24 01:20:43 INFO SecurityManager: Changing view acls groups to:
[2024-10-24T01:20:43.160+0000] {spark_submit.py:524} INFO - 24/10/24 01:20:43 INFO SecurityManager: Changing modify acls groups to:
[2024-10-24T01:20:43.163+0000] {spark_submit.py:524} INFO - 24/10/24 01:20:43 INFO SecurityManager: SecurityManager: authentication disabled; ui acls disabled; users with view permissions: ***; groups with view permissions: EMPTY; users with modify permissions: ***; groups with modify permissions: EMPTY
[2024-10-24T01:20:43.935+0000] {spark_submit.py:524} INFO - 24/10/24 01:20:43 INFO Utils: Successfully started service 'sparkDriver' on port 40397.
[2024-10-24T01:20:44.021+0000] {spark_submit.py:524} INFO - 24/10/24 01:20:44 INFO SparkEnv: Registering MapOutputTracker
[2024-10-24T01:20:44.164+0000] {spark_submit.py:524} INFO - 24/10/24 01:20:44 INFO SparkEnv: Registering BlockManagerMaster
[2024-10-24T01:20:44.217+0000] {spark_submit.py:524} INFO - 24/10/24 01:20:44 INFO BlockManagerMasterEndpoint: Using org.apache.spark.storage.DefaultTopologyMapper for getting topology information
[2024-10-24T01:20:44.219+0000] {spark_submit.py:524} INFO - 24/10/24 01:20:44 INFO BlockManagerMasterEndpoint: BlockManagerMasterEndpoint up
[2024-10-24T01:20:44.229+0000] {spark_submit.py:524} INFO - 24/10/24 01:20:44 INFO SparkEnv: Registering BlockManagerMasterHeartbeat
[2024-10-24T01:20:44.276+0000] {spark_submit.py:524} INFO - 24/10/24 01:20:44 INFO DiskBlockManager: Created local directory at /tmp/blockmgr-e624ec67-c905-4924-8fa1-1558157f9472
[2024-10-24T01:20:44.308+0000] {spark_submit.py:524} INFO - 24/10/24 01:20:44 INFO MemoryStore: MemoryStore started with capacity 434.4 MiB
[2024-10-24T01:20:44.350+0000] {spark_submit.py:524} INFO - 24/10/24 01:20:44 INFO SparkEnv: Registering OutputCommitCoordinator
[2024-10-24T01:20:44.790+0000] {spark_submit.py:524} INFO - 24/10/24 01:20:44 INFO JettyUtils: Start Jetty 0.0.0.0:4040 for SparkUI
[2024-10-24T01:20:44.924+0000] {spark_submit.py:524} INFO - 24/10/24 01:20:44 INFO Utils: Successfully started service 'SparkUI' on port 4040.
[2024-10-24T01:20:45.186+0000] {spark_submit.py:524} INFO - 24/10/24 01:20:45 INFO StandaloneAppClient$ClientEndpoint: Connecting to master spark://spark-master:7077...
[2024-10-24T01:20:45.311+0000] {spark_submit.py:524} INFO - 24/10/24 01:20:45 INFO TransportClientFactory: Successfully created connection to spark-master/172.22.0.3:7077 after 78 ms (0 ms spent in bootstraps)
[2024-10-24T01:20:45.493+0000] {spark_submit.py:524} INFO - 24/10/24 01:20:45 INFO StandaloneSchedulerBackend: Connected to Spark cluster with app ID app-20241024012045-0026
[2024-10-24T01:20:45.495+0000] {spark_submit.py:524} INFO - 24/10/24 01:20:45 INFO StandaloneAppClient$ClientEndpoint: Executor added: app-20241024012045-0026/0 on worker-20241024010948-172.22.0.4-41535 (172.22.0.4:41535) with 2 core(s)
[2024-10-24T01:20:45.500+0000] {spark_submit.py:524} INFO - 24/10/24 01:20:45 INFO StandaloneSchedulerBackend: Granted executor ID app-20241024012045-0026/0 on hostPort 172.22.0.4:41535 with 2 core(s), 1024.0 MiB RAM
[2024-10-24T01:20:45.527+0000] {spark_submit.py:524} INFO - 24/10/24 01:20:45 INFO Utils: Successfully started service 'org.apache.spark.network.netty.NettyBlockTransferService' on port 36031.
[2024-10-24T01:20:45.527+0000] {spark_submit.py:524} INFO - 24/10/24 01:20:45 INFO NettyBlockTransferService: Server created on de5108c6da1d:36031
[2024-10-24T01:20:45.528+0000] {spark_submit.py:524} INFO - 24/10/24 01:20:45 INFO BlockManager: Using org.apache.spark.storage.RandomBlockReplicationPolicy for block replication policy
[2024-10-24T01:20:45.554+0000] {spark_submit.py:524} INFO - 24/10/24 01:20:45 INFO BlockManagerMaster: Registering BlockManager BlockManagerId(driver, de5108c6da1d, 36031, None)
[2024-10-24T01:20:45.562+0000] {spark_submit.py:524} INFO - 24/10/24 01:20:45 INFO BlockManagerMasterEndpoint: Registering block manager de5108c6da1d:36031 with 434.4 MiB RAM, BlockManagerId(driver, de5108c6da1d, 36031, None)
[2024-10-24T01:20:45.567+0000] {spark_submit.py:524} INFO - 24/10/24 01:20:45 INFO BlockManagerMaster: Registered BlockManager BlockManagerId(driver, de5108c6da1d, 36031, None)
[2024-10-24T01:20:45.575+0000] {spark_submit.py:524} INFO - 24/10/24 01:20:45 INFO BlockManager: Initialized BlockManager: BlockManagerId(driver, de5108c6da1d, 36031, None)
[2024-10-24T01:20:45.576+0000] {spark_submit.py:524} INFO - 24/10/24 01:20:45 INFO StandaloneAppClient$ClientEndpoint: Executor updated: app-20241024012045-0026/0 is now RUNNING
[2024-10-24T01:20:46.129+0000] {spark_submit.py:524} INFO - 24/10/24 01:20:46 INFO StandaloneSchedulerBackend: SchedulerBackend is ready for scheduling beginning after reached minRegisteredResourcesRatio: 0.0
[2024-10-24T01:20:46.542+0000] {spark_submit.py:524} INFO - Hello from Spark!
[2024-10-24T01:20:46.543+0000] {spark_submit.py:524} INFO - 24/10/24 01:20:46 INFO SparkContext: SparkContext is stopping with exitCode 0.
[2024-10-24T01:20:46.571+0000] {spark_submit.py:524} INFO - 24/10/24 01:20:46 INFO SparkUI: Stopped Spark web UI at http://de5108c6da1d:4040
[2024-10-24T01:20:46.579+0000] {spark_submit.py:524} INFO - 24/10/24 01:20:46 INFO StandaloneSchedulerBackend: Shutting down all executors
[2024-10-24T01:20:46.587+0000] {spark_submit.py:524} INFO - 24/10/24 01:20:46 INFO StandaloneSchedulerBackend$StandaloneDriverEndpoint: Asking each executor to shut down
[2024-10-24T01:20:46.634+0000] {spark_submit.py:524} INFO - 24/10/24 01:20:46 INFO MapOutputTrackerMasterEndpoint: MapOutputTrackerMasterEndpoint stopped!
[2024-10-24T01:20:46.688+0000] {spark_submit.py:524} INFO - 24/10/24 01:20:46 INFO MemoryStore: MemoryStore cleared
[2024-10-24T01:20:46.703+0000] {spark_submit.py:524} INFO - 24/10/24 01:20:46 INFO BlockManager: BlockManager stopped
[2024-10-24T01:20:46.729+0000] {spark_submit.py:524} INFO - 24/10/24 01:20:46 INFO BlockManagerMaster: BlockManagerMaster stopped
[2024-10-24T01:20:46.737+0000] {spark_submit.py:524} INFO - 24/10/24 01:20:46 INFO OutputCommitCoordinator$OutputCommitCoordinatorEndpoint: OutputCommitCoordinator stopped!
[2024-10-24T01:20:46.781+0000] {spark_submit.py:524} INFO - 24/10/24 01:20:46 INFO SparkContext: Successfully stopped SparkContext
[2024-10-24T01:20:47.277+0000] {spark_submit.py:524} INFO - 24/10/24 01:20:47 INFO ShutdownHookManager: Shutdown hook called
[2024-10-24T01:20:47.278+0000] {spark_submit.py:524} INFO - 24/10/24 01:20:47 INFO ShutdownHookManager: Deleting directory /tmp/spark-5ea82e68-aa69-4f89-b454-84497dba5dca
[2024-10-24T01:20:47.284+0000] {spark_submit.py:524} INFO - 24/10/24 01:20:47 INFO ShutdownHookManager: Deleting directory /tmp/spark-4ddab44e-0c81-4ec3-84f9-de8cdffc5e46
[2024-10-24T01:20:47.290+0000] {spark_submit.py:524} INFO - 24/10/24 01:20:47 INFO ShutdownHookManager: Deleting directory /tmp/spark-4ddab44e-0c81-4ec3-84f9-de8cdffc5e46/pyspark-110463c9-6ece-4efb-96c6-5a43977c3f3e
[2024-10-24T01:20:47.391+0000] {taskinstance.py:1398} INFO - Marking task as SUCCESS. dag_id=api_openbrewerydb_to_silver_gold, task_id=Gold, execution_date=20231116T080000, start_date=20241024T012035, end_date=20241024T012047
[2024-10-24T01:20:47.441+0000] {local_task_job_runner.py:228} INFO - Task exited with return code 0
[2024-10-24T01:20:47.478+0000] {taskinstance.py:2776} INFO - 0 downstream tasks scheduled from follow-on schedule check
[2024-10-24T14:31:59.429+0000] {logging_mixin.py:151} INFO - Changing /opt/***/logs/dag_id=api_openbrewerydb_to_silver_gold/run_id=scheduled__2023-11-16T08:00:00+00:00/task_id=Gold permission to 509
[2024-10-24T14:31:59.437+0000] {logging_mixin.py:151} INFO - Failed to change /opt/***/logs/dag_id=api_openbrewerydb_to_silver_gold/run_id=scheduled__2023-11-16T08:00:00+00:00/task_id=Gold permission to 509: [Errno 1] Operation not permitted: '/opt/***/logs/dag_id=api_openbrewerydb_to_silver_gold/run_id=scheduled__2023-11-16T08:00:00+00:00/task_id=Gold'
[2024-10-24T14:31:59.467+0000] {logging_mixin.py:151} INFO - Changing /opt/***/logs/dag_id=api_openbrewerydb_to_silver_gold/run_id=scheduled__2023-11-16T08:00:00+00:00/task_id=Gold permission to 509
[2024-10-24T14:31:59.468+0000] {logging_mixin.py:151} INFO - Failed to change /opt/***/logs/dag_id=api_openbrewerydb_to_silver_gold/run_id=scheduled__2023-11-16T08:00:00+00:00/task_id=Gold permission to 509: [Errno 1] Operation not permitted: '/opt/***/logs/dag_id=api_openbrewerydb_to_silver_gold/run_id=scheduled__2023-11-16T08:00:00+00:00/task_id=Gold'
[2024-10-24T14:31:59.498+0000] {taskinstance.py:1157} INFO - Dependencies all met for dep_context=non-requeueable deps ti=<TaskInstance: api_openbrewerydb_to_silver_gold.Gold scheduled__2023-11-16T08:00:00+00:00 [queued]>
[2024-10-24T14:31:59.506+0000] {taskinstance.py:1157} INFO - Dependencies all met for dep_context=requeueable deps ti=<TaskInstance: api_openbrewerydb_to_silver_gold.Gold scheduled__2023-11-16T08:00:00+00:00 [queued]>
[2024-10-24T14:31:59.506+0000] {taskinstance.py:1359} INFO - Starting attempt 1 of 2
[2024-10-24T14:31:59.517+0000] {taskinstance.py:1380} INFO - Executing <Task(SparkSubmitOperator): Gold> on 2023-11-16 08:00:00+00:00
[2024-10-24T14:31:59.521+0000] {standard_task_runner.py:57} INFO - Started process 8677 to run task
[2024-10-24T14:31:59.523+0000] {standard_task_runner.py:84} INFO - Running: ['***', 'tasks', 'run', 'api_openbrewerydb_to_silver_gold', 'Gold', 'scheduled__2023-11-16T08:00:00+00:00', '--job-id', '58', '--raw', '--subdir', 'DAGS_FOLDER/api_openbrewerydb_to_silver.py', '--cfg-path', '/tmp/tmp_qu5xzco']
[2024-10-24T14:31:59.527+0000] {standard_task_runner.py:85} INFO - Job 58: Subtask Gold
[2024-10-24T14:31:59.571+0000] {logging_mixin.py:151} INFO - Changing /opt/***/logs/dag_id=api_openbrewerydb_to_silver_gold/run_id=scheduled__2023-11-16T08:00:00+00:00/task_id=Gold permission to 509
[2024-10-24T14:31:59.571+0000] {logging_mixin.py:151} INFO - Failed to change /opt/***/logs/dag_id=api_openbrewerydb_to_silver_gold/run_id=scheduled__2023-11-16T08:00:00+00:00/task_id=Gold permission to 509: [Errno 1] Operation not permitted: '/opt/***/logs/dag_id=api_openbrewerydb_to_silver_gold/run_id=scheduled__2023-11-16T08:00:00+00:00/task_id=Gold'
[2024-10-24T14:31:59.571+0000] {task_command.py:415} INFO - Running <TaskInstance: api_openbrewerydb_to_silver_gold.Gold scheduled__2023-11-16T08:00:00+00:00 [running]> on host 96f89615839b
[2024-10-24T14:31:59.649+0000] {taskinstance.py:1660} INFO - Exporting env vars: AIRFLOW_CTX_DAG_OWNER='Rodrigo Araujo' AIRFLOW_CTX_DAG_ID='api_openbrewerydb_to_silver_gold' AIRFLOW_CTX_TASK_ID='Gold' AIRFLOW_CTX_EXECUTION_DATE='2023-11-16T08:00:00+00:00' AIRFLOW_CTX_TRY_NUMBER='1' AIRFLOW_CTX_DAG_RUN_ID='scheduled__2023-11-16T08:00:00+00:00'
[2024-10-24T14:31:59.660+0000] {base.py:73} INFO - Using connection ID 'spark-conn' for task execution.
[2024-10-24T14:31:59.661+0000] {spark_submit.py:363} INFO - Spark-Submit cmd: spark-submit --master spark://spark-master:7077 --name arrow-spark jobs/gold/api_openbrewerydb.py
[2024-10-24T14:32:02.405+0000] {spark_submit.py:524} INFO - 24/10/24 14:32:02 INFO SparkContext: Running Spark version 3.5.3
[2024-10-24T14:32:02.407+0000] {spark_submit.py:524} INFO - 24/10/24 14:32:02 INFO SparkContext: OS info Linux, 5.15.0-124-generic, amd64
[2024-10-24T14:32:02.407+0000] {spark_submit.py:524} INFO - 24/10/24 14:32:02 INFO SparkContext: Java version 11.0.25
[2024-10-24T14:32:02.461+0000] {spark_submit.py:524} INFO - 24/10/24 14:32:02 WARN NativeCodeLoader: Unable to load native-hadoop library for your platform... using builtin-java classes where applicable
[2024-10-24T14:32:02.543+0000] {spark_submit.py:524} INFO - 24/10/24 14:32:02 INFO ResourceUtils: ==============================================================
[2024-10-24T14:32:02.544+0000] {spark_submit.py:524} INFO - 24/10/24 14:32:02 INFO ResourceUtils: No custom resources configured for spark.driver.
[2024-10-24T14:32:02.544+0000] {spark_submit.py:524} INFO - 24/10/24 14:32:02 INFO ResourceUtils: ==============================================================
[2024-10-24T14:32:02.545+0000] {spark_submit.py:524} INFO - 24/10/24 14:32:02 INFO SparkContext: Submitted application: IngestaoSilver
[2024-10-24T14:32:02.566+0000] {spark_submit.py:524} INFO - 24/10/24 14:32:02 INFO ResourceProfile: Default ResourceProfile created, executor resources: Map(memory -> name: memory, amount: 1024, script: , vendor: , offHeap -> name: offHeap, amount: 0, script: , vendor: ), task resources: Map(cpus -> name: cpus, amount: 1.0)
[2024-10-24T14:32:02.579+0000] {spark_submit.py:524} INFO - 24/10/24 14:32:02 INFO ResourceProfile: Limiting resource is cpu
[2024-10-24T14:32:02.580+0000] {spark_submit.py:524} INFO - 24/10/24 14:32:02 INFO ResourceProfileManager: Added ResourceProfile id: 0
[2024-10-24T14:32:02.626+0000] {spark_submit.py:524} INFO - 24/10/24 14:32:02 INFO SecurityManager: Changing view acls to: ***
[2024-10-24T14:32:02.627+0000] {spark_submit.py:524} INFO - 24/10/24 14:32:02 INFO SecurityManager: Changing modify acls to: ***
[2024-10-24T14:32:02.627+0000] {spark_submit.py:524} INFO - 24/10/24 14:32:02 INFO SecurityManager: Changing view acls groups to:
[2024-10-24T14:32:02.628+0000] {spark_submit.py:524} INFO - 24/10/24 14:32:02 INFO SecurityManager: Changing modify acls groups to:
[2024-10-24T14:32:02.628+0000] {spark_submit.py:524} INFO - 24/10/24 14:32:02 INFO SecurityManager: SecurityManager: authentication disabled; ui acls disabled; users with view permissions: ***; groups with view permissions: EMPTY; users with modify permissions: ***; groups with modify permissions: EMPTY
[2024-10-24T14:32:02.843+0000] {spark_submit.py:524} INFO - 24/10/24 14:32:02 INFO Utils: Successfully started service 'sparkDriver' on port 34777.
[2024-10-24T14:32:02.866+0000] {spark_submit.py:524} INFO - 24/10/24 14:32:02 INFO SparkEnv: Registering MapOutputTracker
[2024-10-24T14:32:02.895+0000] {spark_submit.py:524} INFO - 24/10/24 14:32:02 INFO SparkEnv: Registering BlockManagerMaster
[2024-10-24T14:32:02.913+0000] {spark_submit.py:524} INFO - 24/10/24 14:32:02 INFO BlockManagerMasterEndpoint: Using org.apache.spark.storage.DefaultTopologyMapper for getting topology information
[2024-10-24T14:32:02.914+0000] {spark_submit.py:524} INFO - 24/10/24 14:32:02 INFO BlockManagerMasterEndpoint: BlockManagerMasterEndpoint up
[2024-10-24T14:32:02.917+0000] {spark_submit.py:524} INFO - 24/10/24 14:32:02 INFO SparkEnv: Registering BlockManagerMasterHeartbeat
[2024-10-24T14:32:02.935+0000] {spark_submit.py:524} INFO - 24/10/24 14:32:02 INFO DiskBlockManager: Created local directory at /tmp/blockmgr-d69eb6c7-33a7-4c7e-b0d3-33e565745352
[2024-10-24T14:32:02.950+0000] {spark_submit.py:524} INFO - 24/10/24 14:32:02 INFO MemoryStore: MemoryStore started with capacity 434.4 MiB
[2024-10-24T14:32:02.968+0000] {spark_submit.py:524} INFO - 24/10/24 14:32:02 INFO SparkEnv: Registering OutputCommitCoordinator
[2024-10-24T14:32:03.106+0000] {spark_submit.py:524} INFO - 24/10/24 14:32:03 INFO JettyUtils: Start Jetty 0.0.0.0:4040 for SparkUI
[2024-10-24T14:32:03.155+0000] {spark_submit.py:524} INFO - 24/10/24 14:32:03 INFO Utils: Successfully started service 'SparkUI' on port 4040.
[2024-10-24T14:32:03.257+0000] {spark_submit.py:524} INFO - 24/10/24 14:32:03 INFO StandaloneAppClient$ClientEndpoint: Connecting to master spark://spark-master:7077...
[2024-10-24T14:32:03.300+0000] {spark_submit.py:524} INFO - 24/10/24 14:32:03 INFO TransportClientFactory: Successfully created connection to spark-master/172.18.0.2:7077 after 26 ms (0 ms spent in bootstraps)
[2024-10-24T14:32:03.380+0000] {spark_submit.py:524} INFO - 24/10/24 14:32:03 INFO StandaloneSchedulerBackend: Connected to Spark cluster with app ID app-20241024143203-0053
[2024-10-24T14:32:03.383+0000] {spark_submit.py:524} INFO - 24/10/24 14:32:03 INFO StandaloneAppClient$ClientEndpoint: Executor added: app-20241024143203-0053/0 on worker-20241024142308-172.18.0.5-43899 (172.18.0.5:43899) with 2 core(s)
[2024-10-24T14:32:03.384+0000] {spark_submit.py:524} INFO - 24/10/24 14:32:03 INFO StandaloneSchedulerBackend: Granted executor ID app-20241024143203-0053/0 on hostPort 172.18.0.5:43899 with 2 core(s), 1024.0 MiB RAM
[2024-10-24T14:32:03.388+0000] {spark_submit.py:524} INFO - 24/10/24 14:32:03 INFO Utils: Successfully started service 'org.apache.spark.network.netty.NettyBlockTransferService' on port 42475.
[2024-10-24T14:32:03.389+0000] {spark_submit.py:524} INFO - 24/10/24 14:32:03 INFO NettyBlockTransferService: Server created on 96f89615839b:42475
[2024-10-24T14:32:03.391+0000] {spark_submit.py:524} INFO - 24/10/24 14:32:03 INFO BlockManager: Using org.apache.spark.storage.RandomBlockReplicationPolicy for block replication policy
[2024-10-24T14:32:03.402+0000] {spark_submit.py:524} INFO - 24/10/24 14:32:03 INFO BlockManagerMaster: Registering BlockManager BlockManagerId(driver, 96f89615839b, 42475, None)
[2024-10-24T14:32:03.406+0000] {spark_submit.py:524} INFO - 24/10/24 14:32:03 INFO BlockManagerMasterEndpoint: Registering block manager 96f89615839b:42475 with 434.4 MiB RAM, BlockManagerId(driver, 96f89615839b, 42475, None)
[2024-10-24T14:32:03.407+0000] {spark_submit.py:524} INFO - 24/10/24 14:32:03 INFO StandaloneAppClient$ClientEndpoint: Executor updated: app-20241024143203-0053/0 is now RUNNING
[2024-10-24T14:32:03.409+0000] {spark_submit.py:524} INFO - 24/10/24 14:32:03 INFO BlockManagerMaster: Registered BlockManager BlockManagerId(driver, 96f89615839b, 42475, None)
[2024-10-24T14:32:03.411+0000] {spark_submit.py:524} INFO - 24/10/24 14:32:03 INFO BlockManager: Initialized BlockManager: BlockManagerId(driver, 96f89615839b, 42475, None)
[2024-10-24T14:32:03.691+0000] {spark_submit.py:524} INFO - 24/10/24 14:32:03 INFO StandaloneSchedulerBackend: SchedulerBackend is ready for scheduling beginning after reached minRegisteredResourcesRatio: 0.0
[2024-10-24T14:32:03.905+0000] {spark_submit.py:524} INFO - Hello from Spark!
[2024-10-24T14:32:03.906+0000] {spark_submit.py:524} INFO - 24/10/24 14:32:03 INFO SparkContext: SparkContext is stopping with exitCode 0.
[2024-10-24T14:32:03.919+0000] {spark_submit.py:524} INFO - 24/10/24 14:32:03 INFO SparkUI: Stopped Spark web UI at http://96f89615839b:4040
[2024-10-24T14:32:03.925+0000] {spark_submit.py:524} INFO - 24/10/24 14:32:03 INFO StandaloneSchedulerBackend: Shutting down all executors
[2024-10-24T14:32:03.930+0000] {spark_submit.py:524} INFO - 24/10/24 14:32:03 INFO StandaloneSchedulerBackend$StandaloneDriverEndpoint: Asking each executor to shut down
[2024-10-24T14:32:03.948+0000] {spark_submit.py:524} INFO - 24/10/24 14:32:03 INFO MapOutputTrackerMasterEndpoint: MapOutputTrackerMasterEndpoint stopped!
[2024-10-24T14:32:03.957+0000] {spark_submit.py:524} INFO - 24/10/24 14:32:03 INFO MemoryStore: MemoryStore cleared
[2024-10-24T14:32:03.957+0000] {spark_submit.py:524} INFO - 24/10/24 14:32:03 INFO BlockManager: BlockManager stopped
[2024-10-24T14:32:03.962+0000] {spark_submit.py:524} INFO - 24/10/24 14:32:03 INFO BlockManagerMaster: BlockManagerMaster stopped
[2024-10-24T14:32:03.963+0000] {spark_submit.py:524} INFO - 24/10/24 14:32:03 INFO OutputCommitCoordinator$OutputCommitCoordinatorEndpoint: OutputCommitCoordinator stopped!
[2024-10-24T14:32:03.970+0000] {spark_submit.py:524} INFO - 24/10/24 14:32:03 INFO SparkContext: Successfully stopped SparkContext
[2024-10-24T14:32:04.305+0000] {spark_submit.py:524} INFO - 24/10/24 14:32:04 INFO ShutdownHookManager: Shutdown hook called
[2024-10-24T14:32:04.306+0000] {spark_submit.py:524} INFO - 24/10/24 14:32:04 INFO ShutdownHookManager: Deleting directory /tmp/spark-de717c69-2d8f-451e-b2ef-2ec924cc9e65
[2024-10-24T14:32:04.309+0000] {spark_submit.py:524} INFO - 24/10/24 14:32:04 INFO ShutdownHookManager: Deleting directory /tmp/spark-de717c69-2d8f-451e-b2ef-2ec924cc9e65/pyspark-2501fd6b-4ba2-42a8-ab1e-cb7af28b345e
[2024-10-24T14:32:04.312+0000] {spark_submit.py:524} INFO - 24/10/24 14:32:04 INFO ShutdownHookManager: Deleting directory /tmp/spark-4bbe65fe-d368-4f9d-a95c-60cd44b2daf4
[2024-10-24T14:32:04.389+0000] {taskinstance.py:1398} INFO - Marking task as SUCCESS. dag_id=api_openbrewerydb_to_silver_gold, task_id=Gold, execution_date=20231116T080000, start_date=20241024T143159, end_date=20241024T143204
[2024-10-24T14:32:04.429+0000] {local_task_job_runner.py:228} INFO - Task exited with return code 0
[2024-10-24T14:32:04.465+0000] {taskinstance.py:2776} INFO - 0 downstream tasks scheduled from follow-on schedule check
