[2024-10-22T23:49:32.996+0000] {manager.py:487} INFO - Processing files using up to 2 processes at a time 
[2024-10-22T23:49:32.996+0000] {manager.py:488} INFO - Process each file at most once every 30 seconds
[2024-10-22T23:49:32.996+0000] {manager.py:489} INFO - Checking for new files in /opt/airflow/dags every 300 seconds
[2024-10-22T23:49:32.996+0000] {manager.py:759} INFO - Searching for files in /opt/airflow/dags
[2024-10-22T23:49:32.997+0000] {manager.py:762} INFO - There are 1 files in /opt/airflow/dags
[2024-10-22T23:49:33.071+0000] {manager.py:893} INFO - 
================================================================================
DAG File Processing Stats

File Path                               PID  Runtime      # DAGs    # Errors  Last Runtime    Last Run
------------------------------------  -----  ---------  --------  ----------  --------------  ----------
/opt/airflow/dags/spark_ingestion.py    173  0.02s             0           0
================================================================================
[2024-10-22T23:50:03.279+0000] {manager.py:893} INFO - 
================================================================================
DAG File Processing Stats

File Path                               PID  Runtime      # DAGs    # Errors  Last Runtime    Last Run
------------------------------------  -----  ---------  --------  ----------  --------------  -------------------
/opt/airflow/dags/spark_ingestion.py    178  0.01s             1           0  0.17s           2024-10-22T23:49:33
================================================================================
[2024-10-22T23:50:33.600+0000] {manager.py:893} INFO - 
================================================================================
DAG File Processing Stats

File Path                               PID  Runtime      # DAGs    # Errors  Last Runtime    Last Run
------------------------------------  -----  ---------  --------  ----------  --------------  -------------------
/opt/airflow/dags/spark_ingestion.py    183  0.01s             1           0  0.16s           2024-10-22T23:50:03
================================================================================
[2024-10-22T23:51:03.824+0000] {manager.py:893} INFO - 
================================================================================
DAG File Processing Stats

File Path                               PID  Runtime      # DAGs    # Errors  Last Runtime    Last Run
------------------------------------  -----  ---------  --------  ----------  --------------  -------------------
/opt/airflow/dags/spark_ingestion.py    188  0.01s             1           0  0.13s           2024-10-22T23:50:33
================================================================================
[2024-10-22T23:51:32.171+0000] {manager.py:469} INFO - Exiting gracefully upon receiving signal 15
[2024-10-22T23:52:17.576+0000] {manager.py:487} INFO - Processing files using up to 2 processes at a time 
[2024-10-22T23:52:17.576+0000] {manager.py:488} INFO - Process each file at most once every 30 seconds
[2024-10-22T23:52:17.577+0000] {manager.py:489} INFO - Checking for new files in /opt/airflow/dags every 300 seconds
[2024-10-22T23:52:17.577+0000] {manager.py:759} INFO - Searching for files in /opt/airflow/dags
[2024-10-22T23:52:17.578+0000] {manager.py:762} INFO - There are 1 files in /opt/airflow/dags
[2024-10-22T23:52:17.661+0000] {manager.py:893} INFO - 
================================================================================
DAG File Processing Stats

File Path                               PID  Runtime      # DAGs    # Errors  Last Runtime    Last Run
------------------------------------  -----  ---------  --------  ----------  --------------  ----------
/opt/airflow/dags/spark_ingestion.py    172  0.03s             0           0
================================================================================
[2024-10-22T23:52:47.825+0000] {manager.py:893} INFO - 
================================================================================
DAG File Processing Stats

File Path                               PID  Runtime      # DAGs    # Errors  Last Runtime    Last Run
------------------------------------  -----  ---------  --------  ----------  --------------  -------------------
/opt/airflow/dags/spark_ingestion.py    178  0.01s             1           0  0.10s           2024-10-22T23:52:17
================================================================================
[2024-10-22T23:53:18.085+0000] {manager.py:893} INFO - 
================================================================================
DAG File Processing Stats

File Path                               PID  Runtime      # DAGs    # Errors  Last Runtime    Last Run
------------------------------------  -----  ---------  --------  ----------  --------------  -------------------
/opt/airflow/dags/spark_ingestion.py    183  0.01s             1           0  0.13s           2024-10-22T23:52:47
================================================================================
[2024-10-22T23:53:48.347+0000] {manager.py:893} INFO - 
================================================================================
DAG File Processing Stats

File Path                               PID  Runtime      # DAGs    # Errors  Last Runtime    Last Run
------------------------------------  -----  ---------  --------  ----------  --------------  -------------------
/opt/airflow/dags/spark_ingestion.py    188  0.00s             1           0  0.12s           2024-10-22T23:53:18
================================================================================
[2024-10-22T23:54:18.599+0000] {manager.py:893} INFO - 
================================================================================
DAG File Processing Stats

File Path                               PID  Runtime      # DAGs    # Errors  Last Runtime    Last Run
------------------------------------  -----  ---------  --------  ----------  --------------  -------------------
/opt/airflow/dags/spark_ingestion.py    193  0.01s             1           0  0.13s           2024-10-22T23:53:48
================================================================================
[2024-10-22T23:54:48.843+0000] {manager.py:893} INFO - 
================================================================================
DAG File Processing Stats

File Path                               PID  Runtime      # DAGs    # Errors  Last Runtime    Last Run
------------------------------------  -----  ---------  --------  ----------  --------------  -------------------
/opt/airflow/dags/spark_ingestion.py    198  0.00s             1           0  0.12s           2024-10-22T23:54:18
================================================================================
[2024-10-22T23:55:19.126+0000] {manager.py:893} INFO - 
================================================================================
DAG File Processing Stats

File Path                               PID  Runtime      # DAGs    # Errors  Last Runtime    Last Run
------------------------------------  -----  ---------  --------  ----------  --------------  -------------------
/opt/airflow/dags/spark_ingestion.py    203  0.01s             1           0  0.19s           2024-10-22T23:54:49
================================================================================
[2024-10-22T23:55:49.414+0000] {manager.py:893} INFO - 
================================================================================
DAG File Processing Stats

File Path                               PID  Runtime      # DAGs    # Errors  Last Runtime    Last Run
------------------------------------  -----  ---------  --------  ----------  --------------  -------------------
/opt/airflow/dags/spark_ingestion.py    208  0.01s             1           0  0.14s           2024-10-22T23:55:19
================================================================================
[2024-10-22T23:56:19.640+0000] {manager.py:893} INFO - 
================================================================================
DAG File Processing Stats

File Path                               PID  Runtime      # DAGs    # Errors  Last Runtime    Last Run
------------------------------------  -----  ---------  --------  ----------  --------------  -------------------
/opt/airflow/dags/spark_ingestion.py    213  0.01s             1           0  0.11s           2024-10-22T23:55:49
================================================================================
[2024-10-22T23:56:49.897+0000] {manager.py:893} INFO - 
================================================================================
DAG File Processing Stats

File Path                               PID  Runtime      # DAGs    # Errors  Last Runtime    Last Run
------------------------------------  -----  ---------  --------  ----------  --------------  -------------------
/opt/airflow/dags/spark_ingestion.py    218  0.01s             1           0  0.12s           2024-10-22T23:56:19
================================================================================
[2024-10-22T23:57:18.120+0000] {manager.py:759} INFO - Searching for files in /opt/airflow/dags
[2024-10-22T23:57:18.122+0000] {manager.py:762} INFO - There are 1 files in /opt/airflow/dags
[2024-10-22T23:57:20.166+0000] {manager.py:893} INFO - 
================================================================================
DAG File Processing Stats

File Path                               PID  Runtime      # DAGs    # Errors  Last Runtime    Last Run
------------------------------------  -----  ---------  --------  ----------  --------------  -------------------
/opt/airflow/dags/spark_ingestion.py    223  0.00s             1           0  0.12s           2024-10-22T23:56:50
================================================================================
[2024-10-22T23:57:50.390+0000] {manager.py:893} INFO - 
================================================================================
DAG File Processing Stats

File Path                               PID  Runtime      # DAGs    # Errors  Last Runtime    Last Run
------------------------------------  -----  ---------  --------  ----------  --------------  -------------------
/opt/airflow/dags/spark_ingestion.py    228  0.01s             1           0  0.09s           2024-10-22T23:57:20
================================================================================
[2024-10-22T23:58:20.657+0000] {manager.py:893} INFO - 
================================================================================
DAG File Processing Stats

File Path                               PID  Runtime      # DAGs    # Errors  Last Runtime    Last Run
------------------------------------  -----  ---------  --------  ----------  --------------  -------------------
/opt/airflow/dags/spark_ingestion.py    233  0.01s             1           0  0.12s           2024-10-22T23:57:50
================================================================================
[2024-10-22T23:58:50.910+0000] {manager.py:893} INFO - 
================================================================================
DAG File Processing Stats

File Path                               PID  Runtime      # DAGs    # Errors  Last Runtime    Last Run
------------------------------------  -----  ---------  --------  ----------  --------------  -------------------
/opt/airflow/dags/spark_ingestion.py    242  0.01s             1           0  0.13s           2024-10-22T23:58:20
================================================================================
[2024-10-22T23:59:21.205+0000] {manager.py:893} INFO - 
================================================================================
DAG File Processing Stats

File Path                             PID    Runtime      # DAGs    # Errors  Last Runtime    Last Run
------------------------------------  -----  ---------  --------  ----------  --------------  -------------------
/opt/airflow/dags/spark_ingestion.py                           1           0  0.14s           2024-10-22T23:59:14
================================================================================
[2024-10-22T23:59:51.482+0000] {manager.py:893} INFO - 
================================================================================
DAG File Processing Stats

File Path                             PID    Runtime      # DAGs    # Errors  Last Runtime    Last Run
------------------------------------  -----  ---------  --------  ----------  --------------  -------------------
/opt/airflow/dags/spark_ingestion.py                           1           0  0.12s           2024-10-22T23:59:44
================================================================================
[2024-10-23T00:00:21.723+0000] {manager.py:893} INFO - 
================================================================================
DAG File Processing Stats

File Path                             PID    Runtime      # DAGs    # Errors  Last Runtime    Last Run
------------------------------------  -----  ---------  --------  ----------  --------------  -------------------
/opt/airflow/dags/spark_ingestion.py                           1           0  0.19s           2024-10-23T00:00:14
================================================================================
[2024-10-23T00:00:52.059+0000] {manager.py:893} INFO - 
================================================================================
DAG File Processing Stats

File Path                             PID    Runtime      # DAGs    # Errors  Last Runtime    Last Run
------------------------------------  -----  ---------  --------  ----------  --------------  -------------------
/opt/airflow/dags/spark_ingestion.py                           1           0  0.15s           2024-10-23T00:00:45
================================================================================
[2024-10-23T00:01:22.276+0000] {manager.py:893} INFO - 
================================================================================
DAG File Processing Stats

File Path                             PID    Runtime      # DAGs    # Errors  Last Runtime    Last Run
------------------------------------  -----  ---------  --------  ----------  --------------  -------------------
/opt/airflow/dags/spark_ingestion.py                           1           0  0.09s           2024-10-23T00:01:15
================================================================================
[2024-10-23T00:01:52.524+0000] {manager.py:893} INFO - 
================================================================================
DAG File Processing Stats

File Path                             PID    Runtime      # DAGs    # Errors  Last Runtime    Last Run
------------------------------------  -----  ---------  --------  ----------  --------------  -------------------
/opt/airflow/dags/spark_ingestion.py                           1           0  0.12s           2024-10-23T00:01:45
================================================================================
[2024-10-23T00:02:18.736+0000] {manager.py:759} INFO - Searching for files in /opt/airflow/dags
[2024-10-23T00:02:18.739+0000] {manager.py:762} INFO - There are 1 files in /opt/airflow/dags
[2024-10-23T00:02:22.809+0000] {manager.py:893} INFO - 
================================================================================
DAG File Processing Stats

File Path                               PID  Runtime      # DAGs    # Errors  Last Runtime    Last Run
------------------------------------  -----  ---------  --------  ----------  --------------  -------------------
/opt/airflow/dags/spark_ingestion.py    282  0.01s             1           0  0.11s           2024-10-23T00:02:15
================================================================================
[2024-10-23T00:02:53.413+0000] {manager.py:893} INFO - 
================================================================================
DAG File Processing Stats

File Path                             PID    Runtime      # DAGs    # Errors  Last Runtime    Last Run
------------------------------------  -----  ---------  --------  ----------  --------------  -------------------
/opt/airflow/dags/spark_ingestion.py                           1           0  0.11s           2024-10-23T00:02:47
================================================================================
[2024-10-23T00:03:23.637+0000] {manager.py:893} INFO - 
================================================================================
DAG File Processing Stats

File Path                             PID    Runtime      # DAGs    # Errors  Last Runtime    Last Run
------------------------------------  -----  ---------  --------  ----------  --------------  -------------------
/opt/airflow/dags/spark_ingestion.py                           1           0  0.32s           2024-10-23T00:03:17
================================================================================
[2024-10-23T00:03:54.110+0000] {manager.py:893} INFO - 
================================================================================
DAG File Processing Stats

File Path                             PID    Runtime      # DAGs    # Errors  Last Runtime    Last Run
------------------------------------  -----  ---------  --------  ----------  --------------  -------------------
/opt/airflow/dags/spark_ingestion.py                           1           0  0.15s           2024-10-23T00:03:48
================================================================================
[2024-10-23T00:04:24.435+0000] {manager.py:893} INFO - 
================================================================================
DAG File Processing Stats

File Path                             PID    Runtime      # DAGs    # Errors  Last Runtime    Last Run
------------------------------------  -----  ---------  --------  ----------  --------------  -------------------
/opt/airflow/dags/spark_ingestion.py                           1           0  0.14s           2024-10-23T00:04:18
================================================================================
[2024-10-23T00:04:54.650+0000] {manager.py:893} INFO - 
================================================================================
DAG File Processing Stats

File Path                             PID    Runtime      # DAGs    # Errors  Last Runtime    Last Run
------------------------------------  -----  ---------  --------  ----------  --------------  -------------------
/opt/airflow/dags/spark_ingestion.py                           1           0  0.10s           2024-10-23T00:04:48
================================================================================
[2024-10-23T00:05:24.928+0000] {manager.py:893} INFO - 
================================================================================
DAG File Processing Stats

File Path                             PID    Runtime      # DAGs    # Errors  Last Runtime    Last Run
------------------------------------  -----  ---------  --------  ----------  --------------  -------------------
/opt/airflow/dags/spark_ingestion.py                           1           0  0.13s           2024-10-23T00:05:18
================================================================================
[2024-10-23T00:05:55.158+0000] {manager.py:893} INFO - 
================================================================================
DAG File Processing Stats

File Path                             PID    Runtime      # DAGs    # Errors  Last Runtime    Last Run
------------------------------------  -----  ---------  --------  ----------  --------------  -------------------
/opt/airflow/dags/spark_ingestion.py                           1           0  0.13s           2024-10-23T00:05:49
================================================================================
[2024-10-23T00:06:25.431+0000] {manager.py:893} INFO - 
================================================================================
DAG File Processing Stats

File Path                             PID    Runtime      # DAGs    # Errors  Last Runtime    Last Run
------------------------------------  -----  ---------  --------  ----------  --------------  -------------------
/opt/airflow/dags/spark_ingestion.py                           1           0  0.11s           2024-10-23T00:06:19
================================================================================
[2024-10-23T00:06:55.625+0000] {manager.py:893} INFO - 
================================================================================
DAG File Processing Stats

File Path                             PID    Runtime      # DAGs    # Errors  Last Runtime    Last Run
------------------------------------  -----  ---------  --------  ----------  --------------  -------------------
/opt/airflow/dags/spark_ingestion.py                           1           0  0.11s           2024-10-23T00:06:49
================================================================================
[2024-10-23T00:07:18.778+0000] {manager.py:759} INFO - Searching for files in /opt/airflow/dags
[2024-10-23T00:07:18.779+0000] {manager.py:762} INFO - There are 1 files in /opt/airflow/dags
[2024-10-23T00:07:25.912+0000] {manager.py:893} INFO - 
================================================================================
DAG File Processing Stats

File Path                             PID    Runtime      # DAGs    # Errors  Last Runtime    Last Run
------------------------------------  -----  ---------  --------  ----------  --------------  -------------------
/opt/airflow/dags/spark_ingestion.py                           1           0  0.09s           2024-10-23T00:07:19
================================================================================
[2024-10-23T00:07:56.152+0000] {manager.py:893} INFO - 
================================================================================
DAG File Processing Stats

File Path                             PID    Runtime      # DAGs    # Errors  Last Runtime    Last Run
------------------------------------  -----  ---------  --------  ----------  --------------  -------------------
/opt/airflow/dags/spark_ingestion.py                           1           0  0.14s           2024-10-23T00:07:50
================================================================================
[2024-10-23T00:08:26.450+0000] {manager.py:893} INFO - 
================================================================================
DAG File Processing Stats

File Path                             PID    Runtime      # DAGs    # Errors  Last Runtime    Last Run
------------------------------------  -----  ---------  --------  ----------  --------------  -------------------
/opt/airflow/dags/spark_ingestion.py                           1           0  0.13s           2024-10-23T00:08:20
================================================================================
[2024-10-23T00:08:56.653+0000] {manager.py:893} INFO - 
================================================================================
DAG File Processing Stats

File Path                             PID    Runtime      # DAGs    # Errors  Last Runtime    Last Run
------------------------------------  -----  ---------  --------  ----------  --------------  -------------------
/opt/airflow/dags/spark_ingestion.py                           1           0  0.13s           2024-10-23T00:08:50
================================================================================
[2024-10-23T00:09:26.939+0000] {manager.py:893} INFO - 
================================================================================
DAG File Processing Stats

File Path                             PID    Runtime      # DAGs    # Errors  Last Runtime    Last Run
------------------------------------  -----  ---------  --------  ----------  --------------  -------------------
/opt/airflow/dags/spark_ingestion.py                           1           0  0.12s           2024-10-23T00:09:20
================================================================================
[2024-10-23T00:09:57.155+0000] {manager.py:893} INFO - 
================================================================================
DAG File Processing Stats

File Path                             PID    Runtime      # DAGs    # Errors  Last Runtime    Last Run
------------------------------------  -----  ---------  --------  ----------  --------------  -------------------
/opt/airflow/dags/spark_ingestion.py                           1           0  0.14s           2024-10-23T00:09:51
================================================================================
[2024-10-23T00:10:27.457+0000] {manager.py:893} INFO - 
================================================================================
DAG File Processing Stats

File Path                             PID    Runtime      # DAGs    # Errors  Last Runtime    Last Run
------------------------------------  -----  ---------  --------  ----------  --------------  -------------------
/opt/airflow/dags/spark_ingestion.py                           1           0  0.14s           2024-10-23T00:10:21
================================================================================
[2024-10-23T00:10:57.681+0000] {manager.py:893} INFO - 
================================================================================
DAG File Processing Stats

File Path                             PID    Runtime      # DAGs    # Errors  Last Runtime    Last Run
------------------------------------  -----  ---------  --------  ----------  --------------  -------------------
/opt/airflow/dags/spark_ingestion.py                           1           0  0.13s           2024-10-23T00:10:51
================================================================================
[2024-10-23T00:11:27.854+0000] {manager.py:893} INFO - 
================================================================================
DAG File Processing Stats

File Path                             PID    Runtime      # DAGs    # Errors  Last Runtime    Last Run
------------------------------------  -----  ---------  --------  ----------  --------------  -------------------
/opt/airflow/dags/spark_ingestion.py                           1           0  0.09s           2024-10-23T00:11:21
================================================================================
[2024-10-23T00:11:58.002+0000] {manager.py:893} INFO - 
================================================================================
DAG File Processing Stats

File Path                             PID    Runtime      # DAGs    # Errors  Last Runtime    Last Run
------------------------------------  -----  ---------  --------  ----------  --------------  -------------------
/opt/airflow/dags/spark_ingestion.py                           1           0  0.17s           2024-10-23T00:11:52
================================================================================
[2024-10-23T00:12:19.085+0000] {manager.py:759} INFO - Searching for files in /opt/airflow/dags
[2024-10-23T00:12:19.086+0000] {manager.py:762} INFO - There are 1 files in /opt/airflow/dags
[2024-10-23T00:12:28.253+0000] {manager.py:893} INFO - 
================================================================================
DAG File Processing Stats

File Path                             PID    Runtime      # DAGs    # Errors  Last Runtime    Last Run
------------------------------------  -----  ---------  --------  ----------  --------------  -------------------
/opt/airflow/dags/spark_ingestion.py                           1           0  0.11s           2024-10-23T00:12:22
================================================================================
[2024-10-23T00:12:58.439+0000] {manager.py:893} INFO - 
================================================================================
DAG File Processing Stats

File Path                             PID    Runtime      # DAGs    # Errors  Last Runtime    Last Run
------------------------------------  -----  ---------  --------  ----------  --------------  -------------------
/opt/airflow/dags/spark_ingestion.py                           1           0  0.09s           2024-10-23T00:12:52
================================================================================
[2024-10-23T00:13:28.577+0000] {manager.py:893} INFO - 
================================================================================
DAG File Processing Stats

File Path                             PID    Runtime      # DAGs    # Errors  Last Runtime    Last Run
------------------------------------  -----  ---------  --------  ----------  --------------  -------------------
/opt/airflow/dags/spark_ingestion.py                           1           0  0.09s           2024-10-23T00:13:22
================================================================================
[2024-10-23T00:13:58.749+0000] {manager.py:893} INFO - 
================================================================================
DAG File Processing Stats

File Path                             PID    Runtime      # DAGs    # Errors  Last Runtime    Last Run
------------------------------------  -----  ---------  --------  ----------  --------------  -------------------
/opt/airflow/dags/spark_ingestion.py                           1           0  0.13s           2024-10-23T00:13:52
================================================================================
[2024-10-23T00:14:28.914+0000] {manager.py:893} INFO - 
================================================================================
DAG File Processing Stats

File Path                             PID    Runtime      # DAGs    # Errors  Last Runtime    Last Run
------------------------------------  -----  ---------  --------  ----------  --------------  -------------------
/opt/airflow/dags/spark_ingestion.py                           1           0  0.13s           2024-10-23T00:14:22
================================================================================
[2024-10-23T00:14:59.067+0000] {manager.py:893} INFO - 
================================================================================
DAG File Processing Stats

File Path                             PID    Runtime      # DAGs    # Errors  Last Runtime    Last Run
------------------------------------  -----  ---------  --------  ----------  --------------  -------------------
/opt/airflow/dags/spark_ingestion.py                           1           0  0.13s           2024-10-23T00:14:53
================================================================================
[2024-10-23T00:15:29.237+0000] {manager.py:893} INFO - 
================================================================================
DAG File Processing Stats

File Path                             PID    Runtime      # DAGs    # Errors  Last Runtime    Last Run
------------------------------------  -----  ---------  --------  ----------  --------------  -------------------
/opt/airflow/dags/spark_ingestion.py                           1           0  0.18s           2024-10-23T00:15:23
================================================================================
[2024-10-23T00:15:59.481+0000] {manager.py:893} INFO - 
================================================================================
DAG File Processing Stats

File Path                             PID    Runtime      # DAGs    # Errors  Last Runtime    Last Run
------------------------------------  -----  ---------  --------  ----------  --------------  -------------------
/opt/airflow/dags/spark_ingestion.py                           1           0  0.13s           2024-10-23T00:15:53
================================================================================
[2024-10-23T00:16:29.689+0000] {manager.py:893} INFO - 
================================================================================
DAG File Processing Stats

File Path                             PID    Runtime      # DAGs    # Errors  Last Runtime    Last Run
------------------------------------  -----  ---------  --------  ----------  --------------  -------------------
/opt/airflow/dags/spark_ingestion.py                           1           0  0.11s           2024-10-23T00:16:23
================================================================================
[2024-10-23T00:16:59.956+0000] {manager.py:893} INFO - 
================================================================================
DAG File Processing Stats

File Path                             PID    Runtime      # DAGs    # Errors  Last Runtime    Last Run
------------------------------------  -----  ---------  --------  ----------  --------------  -------------------
/opt/airflow/dags/spark_ingestion.py                           1           0  0.11s           2024-10-23T00:16:53
================================================================================
[2024-10-23T00:17:19.092+0000] {manager.py:759} INFO - Searching for files in /opt/airflow/dags
[2024-10-23T00:17:19.095+0000] {manager.py:762} INFO - There are 1 files in /opt/airflow/dags
[2024-10-23T00:17:30.197+0000] {manager.py:893} INFO - 
================================================================================
DAG File Processing Stats

File Path                             PID    Runtime      # DAGs    # Errors  Last Runtime    Last Run
------------------------------------  -----  ---------  --------  ----------  --------------  -------------------
/opt/airflow/dags/spark_ingestion.py                           1           0  0.10s           2024-10-23T00:17:24
================================================================================
[2024-10-23T00:18:00.482+0000] {manager.py:893} INFO - 
================================================================================
DAG File Processing Stats

File Path                             PID    Runtime      # DAGs    # Errors  Last Runtime    Last Run
------------------------------------  -----  ---------  --------  ----------  --------------  -------------------
/opt/airflow/dags/spark_ingestion.py                           1           0  0.09s           2024-10-23T00:17:54
================================================================================
[2024-10-23T00:18:30.724+0000] {manager.py:893} INFO - 
================================================================================
DAG File Processing Stats

File Path                             PID    Runtime      # DAGs    # Errors  Last Runtime    Last Run
------------------------------------  -----  ---------  --------  ----------  --------------  -------------------
/opt/airflow/dags/spark_ingestion.py                           1           0  0.12s           2024-10-23T00:18:24
================================================================================
[2024-10-23T00:19:00.999+0000] {manager.py:893} INFO - 
================================================================================
DAG File Processing Stats

File Path                             PID    Runtime      # DAGs    # Errors  Last Runtime    Last Run
------------------------------------  -----  ---------  --------  ----------  --------------  -------------------
/opt/airflow/dags/spark_ingestion.py                           1           0  0.14s           2024-10-23T00:18:55
================================================================================
[2024-10-23T00:19:31.253+0000] {manager.py:893} INFO - 
================================================================================
DAG File Processing Stats

File Path                             PID    Runtime      # DAGs    # Errors  Last Runtime    Last Run
------------------------------------  -----  ---------  --------  ----------  --------------  -------------------
/opt/airflow/dags/spark_ingestion.py                           1           0  0.10s           2024-10-23T00:19:25
================================================================================
[2024-10-23T00:20:01.502+0000] {manager.py:893} INFO - 
================================================================================
DAG File Processing Stats

File Path                             PID    Runtime      # DAGs    # Errors  Last Runtime    Last Run
------------------------------------  -----  ---------  --------  ----------  --------------  -------------------
/opt/airflow/dags/spark_ingestion.py                           1           0  0.14s           2024-10-23T00:19:55
================================================================================
[2024-10-23T00:20:31.783+0000] {manager.py:893} INFO - 
================================================================================
DAG File Processing Stats

File Path                             PID    Runtime      # DAGs    # Errors  Last Runtime    Last Run
------------------------------------  -----  ---------  --------  ----------  --------------  -------------------
/opt/airflow/dags/spark_ingestion.py                           1           0  0.10s           2024-10-23T00:20:25
================================================================================
[2024-10-23T00:21:02.011+0000] {manager.py:893} INFO - 
================================================================================
DAG File Processing Stats

File Path                             PID    Runtime      # DAGs    # Errors  Last Runtime    Last Run
------------------------------------  -----  ---------  --------  ----------  --------------  -------------------
/opt/airflow/dags/spark_ingestion.py                           1           0  0.13s           2024-10-23T00:20:56
================================================================================
[2024-10-23T00:21:25.738+0000] {manager.py:469} INFO - Exiting gracefully upon receiving signal 15
[2024-10-23T23:11:02.222+0000] {manager.py:487} INFO - Processing files using up to 2 processes at a time 
[2024-10-23T23:11:02.223+0000] {manager.py:488} INFO - Process each file at most once every 30 seconds
[2024-10-23T23:11:02.224+0000] {manager.py:489} INFO - Checking for new files in /opt/airflow/dags every 300 seconds
[2024-10-23T23:11:02.224+0000] {manager.py:759} INFO - Searching for files in /opt/airflow/dags
[2024-10-23T23:11:02.226+0000] {manager.py:762} INFO - There are 1 files in /opt/airflow/dags
[2024-10-23T23:11:02.348+0000] {manager.py:893} INFO - 
================================================================================
DAG File Processing Stats

File Path                               PID  Runtime      # DAGs    # Errors  Last Runtime    Last Run
------------------------------------  -----  ---------  --------  ----------  --------------  ----------
/opt/airflow/dags/spark_ingestion.py    171  0.05s             0           0
================================================================================
[2024-10-23T23:11:32.460+0000] {manager.py:893} INFO - 
================================================================================
DAG File Processing Stats

File Path                             PID    Runtime      # DAGs    # Errors  Last Runtime    Last Run
------------------------------------  -----  ---------  --------  ----------  --------------  -------------------
/opt/airflow/dags/spark_ingestion.py                           1           0  0.17s           2024-10-23T23:11:02
================================================================================
[2024-10-23T23:12:02.691+0000] {manager.py:893} INFO - 
================================================================================
DAG File Processing Stats

File Path                             PID    Runtime      # DAGs    # Errors  Last Runtime    Last Run
------------------------------------  -----  ---------  --------  ----------  --------------  -------------------
/opt/airflow/dags/spark_ingestion.py                           1           0  0.24s           2024-10-23T23:11:32
================================================================================
[2024-10-23T23:12:33.030+0000] {manager.py:893} INFO - 
================================================================================
DAG File Processing Stats

File Path                             PID    Runtime      # DAGs    # Errors  Last Runtime    Last Run
------------------------------------  -----  ---------  --------  ----------  --------------  -------------------
/opt/airflow/dags/spark_ingestion.py                           1           0  0.13s           2024-10-23T23:12:03
================================================================================
[2024-10-23T23:13:03.240+0000] {manager.py:893} INFO - 
================================================================================
DAG File Processing Stats

File Path                             PID    Runtime      # DAGs    # Errors  Last Runtime    Last Run
------------------------------------  -----  ---------  --------  ----------  --------------  -------------------
/opt/airflow/dags/spark_ingestion.py                           1           0  0.12s           2024-10-23T23:12:33
================================================================================
[2024-10-23T23:13:33.445+0000] {manager.py:893} INFO - 
================================================================================
DAG File Processing Stats

File Path                             PID    Runtime      # DAGs    # Errors  Last Runtime    Last Run
------------------------------------  -----  ---------  --------  ----------  --------------  -------------------
/opt/airflow/dags/spark_ingestion.py                           1           0  0.22s           2024-10-23T23:13:03
================================================================================
[2024-10-23T23:14:03.766+0000] {manager.py:893} INFO - 
================================================================================
DAG File Processing Stats

File Path                             PID    Runtime      # DAGs    # Errors  Last Runtime    Last Run
------------------------------------  -----  ---------  --------  ----------  --------------  -------------------
/opt/airflow/dags/spark_ingestion.py                           1           0  0.16s           2024-10-23T23:13:33
================================================================================
[2024-10-23T23:14:34.011+0000] {manager.py:893} INFO - 
================================================================================
DAG File Processing Stats

File Path                               PID  Runtime      # DAGs    # Errors  Last Runtime    Last Run
------------------------------------  -----  ---------  --------  ----------  --------------  -------------------
/opt/airflow/dags/spark_ingestion.py    366  0.00s             1           0  0.09s           2024-10-23T23:14:03
================================================================================
[2024-10-23T23:15:04.184+0000] {manager.py:893} INFO - 
================================================================================
DAG File Processing Stats

File Path                               PID  Runtime      # DAGs    # Errors  Last Runtime    Last Run
------------------------------------  -----  ---------  --------  ----------  --------------  -------------------
/opt/airflow/dags/spark_ingestion.py    371  0.00s             1           0  0.13s           2024-10-23T23:14:34
================================================================================
[2024-10-23T23:15:34.322+0000] {manager.py:893} INFO - 
================================================================================
DAG File Processing Stats

File Path                             PID    Runtime      # DAGs    # Errors  Last Runtime    Last Run
------------------------------------  -----  ---------  --------  ----------  --------------  -------------------
/opt/airflow/dags/spark_ingestion.py                           1           0  0.14s           2024-10-23T23:15:04
================================================================================
[2024-10-23T23:16:02.514+0000] {manager.py:759} INFO - Searching for files in /opt/airflow/dags
[2024-10-23T23:16:02.516+0000] {manager.py:762} INFO - There are 1 files in /opt/airflow/dags
[2024-10-23T23:16:04.550+0000] {manager.py:893} INFO - 
================================================================================
DAG File Processing Stats

File Path                               PID  Runtime      # DAGs    # Errors  Last Runtime    Last Run
------------------------------------  -----  ---------  --------  ----------  --------------  -------------------
/opt/airflow/dags/spark_ingestion.py    381  0.00s             1           0  0.12s           2024-10-23T23:15:34
================================================================================
[2024-10-23T23:16:34.736+0000] {manager.py:893} INFO - 
================================================================================
DAG File Processing Stats

File Path                               PID  Runtime      # DAGs    # Errors  Last Runtime    Last Run
------------------------------------  -----  ---------  --------  ----------  --------------  -------------------
/opt/airflow/dags/spark_ingestion.py    386  0.00s             1           0  0.13s           2024-10-23T23:16:04
================================================================================
[2024-10-23T23:17:04.877+0000] {manager.py:893} INFO - 
================================================================================
DAG File Processing Stats

File Path                               PID  Runtime      # DAGs    # Errors  Last Runtime    Last Run
------------------------------------  -----  ---------  --------  ----------  --------------  -------------------
/opt/airflow/dags/spark_ingestion.py    391  0.00s             1           0  0.13s           2024-10-23T23:16:34
================================================================================
[2024-10-23T23:17:35.054+0000] {manager.py:893} INFO - 
================================================================================
DAG File Processing Stats

File Path                               PID  Runtime      # DAGs    # Errors  Last Runtime    Last Run
------------------------------------  -----  ---------  --------  ----------  --------------  -------------------
/opt/airflow/dags/spark_ingestion.py    396  0.00s             1           0  0.14s           2024-10-23T23:17:05
================================================================================
[2024-10-23T23:18:05.208+0000] {manager.py:893} INFO - 
================================================================================
DAG File Processing Stats

File Path                               PID  Runtime      # DAGs    # Errors  Last Runtime    Last Run
------------------------------------  -----  ---------  --------  ----------  --------------  -------------------
/opt/airflow/dags/spark_ingestion.py    401  0.00s             1           0  0.13s           2024-10-23T23:17:35
================================================================================
[2024-10-23T23:18:35.379+0000] {manager.py:893} INFO - 
================================================================================
DAG File Processing Stats

File Path                               PID  Runtime      # DAGs    # Errors  Last Runtime    Last Run
------------------------------------  -----  ---------  --------  ----------  --------------  -------------------
/opt/airflow/dags/spark_ingestion.py    406  0.00s             1           0  0.13s           2024-10-23T23:18:05
================================================================================
[2024-10-23T23:18:58.502+0000] {manager.py:469} INFO - Exiting gracefully upon receiving signal 15
[2024-10-24T00:24:05.796+0000] {manager.py:487} INFO - Processing files using up to 2 processes at a time 
[2024-10-24T00:24:05.798+0000] {manager.py:488} INFO - Process each file at most once every 30 seconds
[2024-10-24T00:24:05.798+0000] {manager.py:489} INFO - Checking for new files in /opt/airflow/dags every 300 seconds
[2024-10-24T00:24:05.798+0000] {manager.py:759} INFO - Searching for files in /opt/airflow/dags
[2024-10-24T00:24:05.800+0000] {manager.py:762} INFO - There are 2 files in /opt/airflow/dags
[2024-10-24T00:24:05.914+0000] {manager.py:893} INFO - 
================================================================================
DAG File Processing Stats

File Path                                 PID  Runtime      # DAGs    # Errors  Last Runtime    Last Run
--------------------------------------  -----  ---------  --------  ----------  --------------  -------------------
/opt/airflow/dags/spark_ingestion.py      174  0.05s             0           0
/opt/airflow/dags/api_openbrewerydb.py                           0           1  0.07s           2024-10-24T00:24:05
================================================================================
[2024-10-24T00:24:36.109+0000] {manager.py:893} INFO - 
================================================================================
DAG File Processing Stats

File Path                                 PID  Runtime      # DAGs    # Errors  Last Runtime    Last Run
--------------------------------------  -----  ---------  --------  ----------  --------------  -------------------
/opt/airflow/dags/api_openbrewerydb.py    341  0.02s             0           1  0.07s           2024-10-24T00:24:05
/opt/airflow/dags/spark_ingestion.py      344  0.01s             1           0  0.14s           2024-10-24T00:24:06
================================================================================
[2024-10-24T00:25:06.375+0000] {manager.py:893} INFO - 
================================================================================
DAG File Processing Stats

File Path                                 PID  Runtime      # DAGs    # Errors  Last Runtime    Last Run
--------------------------------------  -----  ---------  --------  ----------  --------------  -------------------
/opt/airflow/dags/api_openbrewerydb.py    351  0.03s             0           1  0.06s           2024-10-24T00:24:36
/opt/airflow/dags/spark_ingestion.py      354  0.01s             1           0  0.18s           2024-10-24T00:24:36
================================================================================
[2024-10-24T00:25:36.654+0000] {manager.py:893} INFO - 
================================================================================
DAG File Processing Stats

File Path                                 PID  Runtime      # DAGs    # Errors  Last Runtime    Last Run
--------------------------------------  -----  ---------  --------  ----------  --------------  -------------------
/opt/airflow/dags/spark_ingestion.py      366  0.01s             1           0  0.12s           2024-10-24T00:25:06
/opt/airflow/dags/api_openbrewerydb.py                           1           0  0.18s           2024-10-24T00:25:28
================================================================================
[2024-10-24T00:26:06.962+0000] {manager.py:893} INFO - 
================================================================================
DAG File Processing Stats

File Path                                 PID  Runtime      # DAGs    # Errors  Last Runtime    Last Run
--------------------------------------  -----  ---------  --------  ----------  --------------  -------------------
/opt/airflow/dags/spark_ingestion.py      380  0.01s             1           0  0.10s           2024-10-24T00:25:36
/opt/airflow/dags/api_openbrewerydb.py                           1           0  0.11s           2024-10-24T00:25:46
================================================================================
[2024-10-24T00:26:37.257+0000] {manager.py:893} INFO - 
================================================================================
DAG File Processing Stats

File Path                                 PID  Runtime      # DAGs    # Errors  Last Runtime    Last Run
--------------------------------------  -----  ---------  --------  ----------  --------------  -------------------
/opt/airflow/dags/spark_ingestion.py      390  0.01s             1           0  0.10s           2024-10-24T00:26:07
/opt/airflow/dags/api_openbrewerydb.py                           1           0  0.21s           2024-10-24T00:26:17
================================================================================
[2024-10-24T00:27:07.484+0000] {manager.py:893} INFO - 
================================================================================
DAG File Processing Stats

File Path                                 PID  Runtime      # DAGs    # Errors  Last Runtime    Last Run
--------------------------------------  -----  ---------  --------  ----------  --------------  -------------------
/opt/airflow/dags/spark_ingestion.py      400  0.01s             1           0  0.12s           2024-10-24T00:26:37
/opt/airflow/dags/api_openbrewerydb.py                           1           0  0.09s           2024-10-24T00:26:47
================================================================================
[2024-10-24T00:27:37.787+0000] {manager.py:893} INFO - 
================================================================================
DAG File Processing Stats

File Path                                 PID  Runtime      # DAGs    # Errors  Last Runtime    Last Run
--------------------------------------  -----  ---------  --------  ----------  --------------  -------------------
/opt/airflow/dags/spark_ingestion.py      410  0.01s             1           0  0.12s           2024-10-24T00:27:07
/opt/airflow/dags/api_openbrewerydb.py                           1           0  0.14s           2024-10-24T00:27:17
================================================================================
[2024-10-24T00:28:08.075+0000] {manager.py:893} INFO - 
================================================================================
DAG File Processing Stats

File Path                                 PID  Runtime      # DAGs    # Errors  Last Runtime    Last Run
--------------------------------------  -----  ---------  --------  ----------  --------------  -------------------
/opt/airflow/dags/spark_ingestion.py      420  0.01s             1           0  0.10s           2024-10-24T00:27:37
/opt/airflow/dags/api_openbrewerydb.py                           1           0  0.11s           2024-10-24T00:27:48
================================================================================
[2024-10-24T00:28:38.382+0000] {manager.py:893} INFO - 
================================================================================
DAG File Processing Stats

File Path                                 PID  Runtime      # DAGs    # Errors  Last Runtime    Last Run
--------------------------------------  -----  ---------  --------  ----------  --------------  -------------------
/opt/airflow/dags/spark_ingestion.py      430  0.01s             1           0  0.12s           2024-10-24T00:28:08
/opt/airflow/dags/api_openbrewerydb.py                           1           0  0.14s           2024-10-24T00:28:18
================================================================================
[2024-10-24T00:29:06.663+0000] {manager.py:759} INFO - Searching for files in /opt/airflow/dags
[2024-10-24T00:29:06.664+0000] {manager.py:762} INFO - There are 2 files in /opt/airflow/dags
[2024-10-24T00:29:08.710+0000] {manager.py:893} INFO - 
================================================================================
DAG File Processing Stats

File Path                                 PID  Runtime      # DAGs    # Errors  Last Runtime    Last Run
--------------------------------------  -----  ---------  --------  ----------  --------------  -------------------
/opt/airflow/dags/spark_ingestion.py      440  0.01s             1           0  0.10s           2024-10-24T00:28:38
/opt/airflow/dags/api_openbrewerydb.py                           1           0  0.13s           2024-10-24T00:28:48
================================================================================
[2024-10-24T00:29:39.037+0000] {manager.py:893} INFO - 
================================================================================
DAG File Processing Stats

File Path                                 PID  Runtime      # DAGs    # Errors  Last Runtime    Last Run
--------------------------------------  -----  ---------  --------  ----------  --------------  -------------------
/opt/airflow/dags/spark_ingestion.py      450  0.01s             1           0  0.13s           2024-10-24T00:29:08
/opt/airflow/dags/api_openbrewerydb.py                           1           0  0.16s           2024-10-24T00:29:18
================================================================================
[2024-10-24T00:30:09.372+0000] {manager.py:893} INFO - 
================================================================================
DAG File Processing Stats

File Path                                 PID  Runtime      # DAGs    # Errors  Last Runtime    Last Run
--------------------------------------  -----  ---------  --------  ----------  --------------  -------------------
/opt/airflow/dags/spark_ingestion.py      460  0.01s             1           0  0.13s           2024-10-24T00:29:39
/opt/airflow/dags/api_openbrewerydb.py                           1           0  0.14s           2024-10-24T00:29:49
================================================================================
[2024-10-24T00:30:39.706+0000] {manager.py:893} INFO - 
================================================================================
DAG File Processing Stats

File Path                                 PID  Runtime      # DAGs    # Errors  Last Runtime    Last Run
--------------------------------------  -----  ---------  --------  ----------  --------------  -------------------
/opt/airflow/dags/spark_ingestion.py      470  0.01s             1           0  0.14s           2024-10-24T00:30:09
/opt/airflow/dags/api_openbrewerydb.py                           1           0  0.10s           2024-10-24T00:30:19
================================================================================
[2024-10-24T00:31:10.022+0000] {manager.py:893} INFO - 
================================================================================
DAG File Processing Stats

File Path                                 PID  Runtime      # DAGs    # Errors  Last Runtime    Last Run
--------------------------------------  -----  ---------  --------  ----------  --------------  -------------------
/opt/airflow/dags/spark_ingestion.py      480  0.01s             1           0  0.10s           2024-10-24T00:30:39
/opt/airflow/dags/api_openbrewerydb.py                           1           0  0.12s           2024-10-24T00:30:49
================================================================================
[2024-10-24T00:31:40.362+0000] {manager.py:893} INFO - 
================================================================================
DAG File Processing Stats

File Path                                 PID  Runtime      # DAGs    # Errors  Last Runtime    Last Run
--------------------------------------  -----  ---------  --------  ----------  --------------  -------------------
/opt/airflow/dags/spark_ingestion.py      490  0.01s             1           0  0.13s           2024-10-24T00:31:10
/opt/airflow/dags/api_openbrewerydb.py                           1           0  0.14s           2024-10-24T00:31:20
================================================================================
[2024-10-24T00:32:10.679+0000] {manager.py:893} INFO - 
================================================================================
DAG File Processing Stats

File Path                                 PID  Runtime      # DAGs    # Errors  Last Runtime    Last Run
--------------------------------------  -----  ---------  --------  ----------  --------------  -------------------
/opt/airflow/dags/spark_ingestion.py      500  0.01s             1           0  0.12s           2024-10-24T00:31:40
/opt/airflow/dags/api_openbrewerydb.py                           1           0  0.12s           2024-10-24T00:31:50
================================================================================
[2024-10-24T00:32:40.994+0000] {manager.py:893} INFO - 
================================================================================
DAG File Processing Stats

File Path                                 PID  Runtime      # DAGs    # Errors  Last Runtime    Last Run
--------------------------------------  -----  ---------  --------  ----------  --------------  -------------------
/opt/airflow/dags/spark_ingestion.py      510  0.01s             1           0  0.11s           2024-10-24T00:32:10
/opt/airflow/dags/api_openbrewerydb.py                           1           0  0.10s           2024-10-24T00:32:20
================================================================================
[2024-10-24T00:33:11.274+0000] {manager.py:893} INFO - 
================================================================================
DAG File Processing Stats

File Path                                 PID  Runtime      # DAGs    # Errors  Last Runtime    Last Run
--------------------------------------  -----  ---------  --------  ----------  --------------  -------------------
/opt/airflow/dags/spark_ingestion.py      520  0.01s             1           0  0.12s           2024-10-24T00:32:41
/opt/airflow/dags/api_openbrewerydb.py                           1           0  0.13s           2024-10-24T00:32:51
================================================================================
[2024-10-24T00:33:41.595+0000] {manager.py:893} INFO - 
================================================================================
DAG File Processing Stats

File Path                                 PID  Runtime      # DAGs    # Errors  Last Runtime    Last Run
--------------------------------------  -----  ---------  --------  ----------  --------------  -------------------
/opt/airflow/dags/spark_ingestion.py      530  0.01s             1           0  0.12s           2024-10-24T00:33:11
/opt/airflow/dags/api_openbrewerydb.py                           1           0  0.14s           2024-10-24T00:33:21
================================================================================
[2024-10-24T00:34:06.853+0000] {manager.py:759} INFO - Searching for files in /opt/airflow/dags
[2024-10-24T00:34:06.856+0000] {manager.py:762} INFO - There are 2 files in /opt/airflow/dags
[2024-10-24T00:34:11.936+0000] {manager.py:893} INFO - 
================================================================================
DAG File Processing Stats

File Path                                 PID  Runtime      # DAGs    # Errors  Last Runtime    Last Run
--------------------------------------  -----  ---------  --------  ----------  --------------  -------------------
/opt/airflow/dags/spark_ingestion.py      540  0.01s             1           0  0.11s           2024-10-24T00:33:41
/opt/airflow/dags/api_openbrewerydb.py                           1           0  0.09s           2024-10-24T00:33:51
================================================================================
[2024-10-24T00:34:42.270+0000] {manager.py:893} INFO - 
================================================================================
DAG File Processing Stats

File Path                                 PID  Runtime      # DAGs    # Errors  Last Runtime    Last Run
--------------------------------------  -----  ---------  --------  ----------  --------------  -------------------
/opt/airflow/dags/spark_ingestion.py      550  0.01s             1           0  0.13s           2024-10-24T00:34:12
/opt/airflow/dags/api_openbrewerydb.py                           1           0  0.12s           2024-10-24T00:34:22
================================================================================
[2024-10-24T00:35:12.592+0000] {manager.py:893} INFO - 
================================================================================
DAG File Processing Stats

File Path                                 PID  Runtime      # DAGs    # Errors  Last Runtime    Last Run
--------------------------------------  -----  ---------  --------  ----------  --------------  -------------------
/opt/airflow/dags/spark_ingestion.py      560  0.01s             1           0  0.13s           2024-10-24T00:34:42
/opt/airflow/dags/api_openbrewerydb.py                           1           0  0.10s           2024-10-24T00:34:52
================================================================================
[2024-10-24T00:35:42.901+0000] {manager.py:893} INFO - 
================================================================================
DAG File Processing Stats

File Path                                 PID  Runtime      # DAGs    # Errors  Last Runtime    Last Run
--------------------------------------  -----  ---------  --------  ----------  --------------  -------------------
/opt/airflow/dags/spark_ingestion.py      570  0.01s             1           0  0.10s           2024-10-24T00:35:12
/opt/airflow/dags/api_openbrewerydb.py                           1           0  0.10s           2024-10-24T00:35:22
================================================================================
[2024-10-24T00:36:13.220+0000] {manager.py:893} INFO - 
================================================================================
DAG File Processing Stats

File Path                                 PID  Runtime      # DAGs    # Errors  Last Runtime    Last Run
--------------------------------------  -----  ---------  --------  ----------  --------------  -------------------
/opt/airflow/dags/spark_ingestion.py      580  0.01s             1           0  0.11s           2024-10-24T00:35:43
/opt/airflow/dags/api_openbrewerydb.py                           1           0  0.13s           2024-10-24T00:35:53
================================================================================
[2024-10-24T00:36:43.539+0000] {manager.py:893} INFO - 
================================================================================
DAG File Processing Stats

File Path                                 PID  Runtime      # DAGs    # Errors  Last Runtime    Last Run
--------------------------------------  -----  ---------  --------  ----------  --------------  -------------------
/opt/airflow/dags/spark_ingestion.py      590  0.01s             1           0  0.11s           2024-10-24T00:36:13
/opt/airflow/dags/api_openbrewerydb.py                           1           0  0.12s           2024-10-24T00:36:23
================================================================================
[2024-10-24T00:37:13.840+0000] {manager.py:893} INFO - 
================================================================================
DAG File Processing Stats

File Path                                 PID  Runtime      # DAGs    # Errors  Last Runtime    Last Run
--------------------------------------  -----  ---------  --------  ----------  --------------  -------------------
/opt/airflow/dags/spark_ingestion.py      600  0.01s             1           0  0.12s           2024-10-24T00:36:43
/opt/airflow/dags/api_openbrewerydb.py                           1           0  0.11s           2024-10-24T00:36:53
================================================================================
[2024-10-24T00:37:44.150+0000] {manager.py:893} INFO - 
================================================================================
DAG File Processing Stats

File Path                                 PID  Runtime      # DAGs    # Errors  Last Runtime    Last Run
--------------------------------------  -----  ---------  --------  ----------  --------------  -------------------
/opt/airflow/dags/spark_ingestion.py      610  0.01s             1           0  0.12s           2024-10-24T00:37:13
/opt/airflow/dags/api_openbrewerydb.py                           1           0  0.12s           2024-10-24T00:37:24
================================================================================
[2024-10-24T00:38:14.452+0000] {manager.py:893} INFO - 
================================================================================
DAG File Processing Stats

File Path                                 PID  Runtime      # DAGs    # Errors  Last Runtime    Last Run
--------------------------------------  -----  ---------  --------  ----------  --------------  -------------------
/opt/airflow/dags/spark_ingestion.py      620  0.01s             1           0  0.11s           2024-10-24T00:37:44
/opt/airflow/dags/api_openbrewerydb.py                           1           0  0.12s           2024-10-24T00:37:54
================================================================================
[2024-10-24T00:38:44.741+0000] {manager.py:893} INFO - 
================================================================================
DAG File Processing Stats

File Path                                 PID  Runtime      # DAGs    # Errors  Last Runtime    Last Run
--------------------------------------  -----  ---------  --------  ----------  --------------  -------------------
/opt/airflow/dags/spark_ingestion.py      630  0.01s             1           0  0.10s           2024-10-24T00:38:14
/opt/airflow/dags/api_openbrewerydb.py                           1           0  0.12s           2024-10-24T00:38:24
================================================================================
[2024-10-24T00:39:06.967+0000] {manager.py:759} INFO - Searching for files in /opt/airflow/dags
[2024-10-24T00:39:06.968+0000] {manager.py:762} INFO - There are 2 files in /opt/airflow/dags
[2024-10-24T00:39:15.054+0000] {manager.py:893} INFO - 
================================================================================
DAG File Processing Stats

File Path                                 PID  Runtime      # DAGs    # Errors  Last Runtime    Last Run
--------------------------------------  -----  ---------  --------  ----------  --------------  -------------------
/opt/airflow/dags/spark_ingestion.py      640  0.01s             1           0  0.10s           2024-10-24T00:38:44
/opt/airflow/dags/api_openbrewerydb.py                           1           0  0.12s           2024-10-24T00:38:54
================================================================================
[2024-10-24T00:39:45.383+0000] {manager.py:893} INFO - 
================================================================================
DAG File Processing Stats

File Path                                 PID  Runtime      # DAGs    # Errors  Last Runtime    Last Run
--------------------------------------  -----  ---------  --------  ----------  --------------  -------------------
/opt/airflow/dags/spark_ingestion.py      650  0.01s             1           0  0.12s           2024-10-24T00:39:15
/opt/airflow/dags/api_openbrewerydb.py                           1           0  0.13s           2024-10-24T00:39:25
================================================================================
[2024-10-24T00:40:15.669+0000] {manager.py:893} INFO - 
================================================================================
DAG File Processing Stats

File Path                                 PID  Runtime      # DAGs    # Errors  Last Runtime    Last Run
--------------------------------------  -----  ---------  --------  ----------  --------------  -------------------
/opt/airflow/dags/spark_ingestion.py      660  0.00s             1           0  0.11s           2024-10-24T00:39:45
/opt/airflow/dags/api_openbrewerydb.py                           1           0  0.13s           2024-10-24T00:39:55
================================================================================
[2024-10-24T00:40:45.949+0000] {manager.py:893} INFO - 
================================================================================
DAG File Processing Stats

File Path                                 PID  Runtime      # DAGs    # Errors  Last Runtime    Last Run
--------------------------------------  -----  ---------  --------  ----------  --------------  -------------------
/opt/airflow/dags/spark_ingestion.py      670  0.01s             1           0  0.11s           2024-10-24T00:40:15
/opt/airflow/dags/api_openbrewerydb.py                           1           0  0.12s           2024-10-24T00:40:25
================================================================================
[2024-10-24T00:41:16.341+0000] {manager.py:893} INFO - 
================================================================================
DAG File Processing Stats

File Path                                 PID  Runtime      # DAGs    # Errors  Last Runtime    Last Run
--------------------------------------  -----  ---------  --------  ----------  --------------  -------------------
/opt/airflow/dags/spark_ingestion.py      682  0.01s             1           0  0.20s           2024-10-24T00:40:46
/opt/airflow/dags/api_openbrewerydb.py                           1           0  0.13s           2024-10-24T00:40:56
================================================================================
[2024-10-24T00:41:46.662+0000] {manager.py:893} INFO - 
================================================================================
DAG File Processing Stats

File Path                                 PID  Runtime      # DAGs    # Errors  Last Runtime    Last Run
--------------------------------------  -----  ---------  --------  ----------  --------------  -------------------
/opt/airflow/dags/spark_ingestion.py      692  0.01s             1           0  0.14s           2024-10-24T00:41:16
/opt/airflow/dags/api_openbrewerydb.py                           1           0  0.12s           2024-10-24T00:41:26
================================================================================
[2024-10-24T00:42:16.978+0000] {manager.py:893} INFO - 
================================================================================
DAG File Processing Stats

File Path                                 PID  Runtime      # DAGs    # Errors  Last Runtime    Last Run
--------------------------------------  -----  ---------  --------  ----------  --------------  -------------------
/opt/airflow/dags/spark_ingestion.py      702  0.01s             1           0  0.10s           2024-10-24T00:41:46
/opt/airflow/dags/api_openbrewerydb.py                           1           0  0.14s           2024-10-24T00:41:56
================================================================================
[2024-10-24T00:42:53.386+0000] {manager.py:893} INFO - 
================================================================================
DAG File Processing Stats

File Path                                 PID  Runtime      # DAGs    # Errors  Last Runtime    Last Run
--------------------------------------  -----  ---------  --------  ----------  --------------  -------------------
/opt/airflow/dags/spark_ingestion.py      712  0.01s             1           0  0.16s           2024-10-24T00:42:17
/opt/airflow/dags/api_openbrewerydb.py                           1           0  0.13s           2024-10-24T00:42:27
================================================================================
[2024-10-24T00:42:55.279+0000] {manager.py:469} INFO - Exiting gracefully upon receiving signal 15
[2024-10-24T00:43:49.026+0000] {manager.py:487} INFO - Processing files using up to 2 processes at a time 
[2024-10-24T00:43:49.027+0000] {manager.py:488} INFO - Process each file at most once every 30 seconds
[2024-10-24T00:43:49.028+0000] {manager.py:489} INFO - Checking for new files in /opt/airflow/dags every 300 seconds
[2024-10-24T00:43:49.028+0000] {manager.py:759} INFO - Searching for files in /opt/airflow/dags
[2024-10-24T00:43:49.029+0000] {manager.py:762} INFO - There are 2 files in /opt/airflow/dags
[2024-10-24T00:43:49.143+0000] {manager.py:893} INFO - 
================================================================================
DAG File Processing Stats

File Path                                 PID  Runtime      # DAGs    # Errors  Last Runtime    Last Run
--------------------------------------  -----  ---------  --------  ----------  --------------  ----------
/opt/airflow/dags/spark_ingestion.py      175  0.05s             0           0
/opt/airflow/dags/api_openbrewerydb.py    172  0.07s             0           0
================================================================================
[2024-10-24T00:44:19.326+0000] {manager.py:893} INFO - 
================================================================================
DAG File Processing Stats

File Path                                 PID  Runtime      # DAGs    # Errors  Last Runtime    Last Run
--------------------------------------  -----  ---------  --------  ----------  --------------  -------------------
/opt/airflow/dags/spark_ingestion.py      186  0.00s             1           0  0.14s           2024-10-24T00:43:49
/opt/airflow/dags/api_openbrewerydb.py    183  0.01s             1           0  0.15s           2024-10-24T00:43:49
================================================================================
[2024-10-24T00:44:37.618+0000] {manager.py:469} INFO - Exiting gracefully upon receiving signal 15
[2024-10-24T00:45:29.831+0000] {manager.py:487} INFO - Processing files using up to 2 processes at a time 
[2024-10-24T00:45:29.831+0000] {manager.py:488} INFO - Process each file at most once every 30 seconds
[2024-10-24T00:45:29.831+0000] {manager.py:489} INFO - Checking for new files in /opt/airflow/dags every 300 seconds
[2024-10-24T00:45:29.832+0000] {manager.py:759} INFO - Searching for files in /opt/airflow/dags
[2024-10-24T00:45:29.833+0000] {manager.py:762} INFO - There are 2 files in /opt/airflow/dags
[2024-10-24T00:45:29.961+0000] {manager.py:893} INFO - 
================================================================================
DAG File Processing Stats

File Path                                 PID  Runtime      # DAGs    # Errors  Last Runtime    Last Run
--------------------------------------  -----  ---------  --------  ----------  --------------  ----------
/opt/airflow/dags/spark_ingestion.py      175  0.05s             0           0
/opt/airflow/dags/api_openbrewerydb.py    172  0.08s             0           0
================================================================================
[2024-10-24T00:46:00.333+0000] {manager.py:893} INFO - 
================================================================================
DAG File Processing Stats

File Path                                 PID  Runtime      # DAGs    # Errors  Last Runtime    Last Run
--------------------------------------  -----  ---------  --------  ----------  --------------  -------------------
/opt/airflow/dags/spark_ingestion.py      186  0.01s             1           0  0.21s           2024-10-24T00:45:30
/opt/airflow/dags/api_openbrewerydb.py    183  0.02s             1           0  0.22s           2024-10-24T00:45:30
================================================================================
[2024-10-24T00:46:30.665+0000] {manager.py:893} INFO - 
================================================================================
DAG File Processing Stats

File Path                                 PID  Runtime      # DAGs    # Errors  Last Runtime    Last Run
--------------------------------------  -----  ---------  --------  ----------  --------------  -------------------
/opt/airflow/dags/spark_ingestion.py      198  0.01s             1           0  0.09s           2024-10-24T00:46:00
/opt/airflow/dags/api_openbrewerydb.py    195  0.03s             1           0  0.10s           2024-10-24T00:46:00
================================================================================
[2024-10-24T00:47:00.994+0000] {manager.py:893} INFO - 
================================================================================
DAG File Processing Stats

File Path                                 PID  Runtime      # DAGs    # Errors  Last Runtime    Last Run
--------------------------------------  -----  ---------  --------  ----------  --------------  -------------------
/opt/airflow/dags/spark_ingestion.py      208  0.01s             1           0  0.10s           2024-10-24T00:46:30
/opt/airflow/dags/api_openbrewerydb.py    205  0.03s             1           0  0.12s           2024-10-24T00:46:30
================================================================================
[2024-10-24T00:47:31.238+0000] {manager.py:893} INFO - 
================================================================================
DAG File Processing Stats

File Path                                 PID  Runtime      # DAGs    # Errors  Last Runtime    Last Run
--------------------------------------  -----  ---------  --------  ----------  --------------  -------------------
/opt/airflow/dags/spark_ingestion.py      218  0.01s             1           0  0.12s           2024-10-24T00:47:01
/opt/airflow/dags/api_openbrewerydb.py    215  0.02s             1           0  0.13s           2024-10-24T00:47:01
================================================================================
[2024-10-24T00:48:01.564+0000] {manager.py:893} INFO - 
================================================================================
DAG File Processing Stats

File Path                                 PID  Runtime      # DAGs    # Errors  Last Runtime    Last Run
--------------------------------------  -----  ---------  --------  ----------  --------------  -------------------
/opt/airflow/dags/spark_ingestion.py      230  0.00s             1           0  0.12s           2024-10-24T00:47:31
/opt/airflow/dags/api_openbrewerydb.py                           1           0  0.12s           2024-10-24T00:47:51
================================================================================
[2024-10-24T00:48:31.900+0000] {manager.py:893} INFO - 
================================================================================
DAG File Processing Stats

File Path                                 PID  Runtime      # DAGs    # Errors  Last Runtime    Last Run
--------------------------------------  -----  ---------  --------  ----------  --------------  -------------------
/opt/airflow/dags/spark_ingestion.py      242  0.01s             1           0  0.13s           2024-10-24T00:48:01
/opt/airflow/dags/api_openbrewerydb.py                           1           0  0.13s           2024-10-24T00:48:21
================================================================================
[2024-10-24T00:49:02.231+0000] {manager.py:893} INFO - 
================================================================================
DAG File Processing Stats

File Path                                 PID  Runtime      # DAGs    # Errors  Last Runtime    Last Run
--------------------------------------  -----  ---------  --------  ----------  --------------  -------------------
/opt/airflow/dags/spark_ingestion.py      252  0.01s             1           0  0.12s           2024-10-24T00:48:32
/opt/airflow/dags/api_openbrewerydb.py                           1           0  0.09s           2024-10-24T00:48:52
================================================================================
[2024-10-24T00:49:32.539+0000] {manager.py:893} INFO - 
================================================================================
DAG File Processing Stats

File Path                                 PID  Runtime      # DAGs    # Errors  Last Runtime    Last Run
--------------------------------------  -----  ---------  --------  ----------  --------------  -------------------
/opt/airflow/dags/spark_ingestion.py      262  0.01s             1           0  0.12s           2024-10-24T00:49:02
/opt/airflow/dags/api_openbrewerydb.py                           1           0  0.12s           2024-10-24T00:49:22
================================================================================
[2024-10-24T00:50:03.005+0000] {manager.py:893} INFO - 
================================================================================
DAG File Processing Stats

File Path                                 PID  Runtime      # DAGs    # Errors  Last Runtime    Last Run
--------------------------------------  -----  ---------  --------  ----------  --------------  -------------------
/opt/airflow/dags/spark_ingestion.py      277  0.01s             1           0  0.10s           2024-10-24T00:49:32
/opt/airflow/dags/api_openbrewerydb.py                           1           0  0.10s           2024-10-24T00:50:02
================================================================================
[2024-10-24T00:50:30.224+0000] {manager.py:759} INFO - Searching for files in /opt/airflow/dags
[2024-10-24T00:50:30.228+0000] {manager.py:762} INFO - There are 2 files in /opt/airflow/dags
[2024-10-24T00:50:33.303+0000] {manager.py:893} INFO - 
================================================================================
DAG File Processing Stats

File Path                                 PID  Runtime      # DAGs    # Errors  Last Runtime    Last Run
--------------------------------------  -----  ---------  --------  ----------  --------------  -------------------
/opt/airflow/dags/spark_ingestion.py      291  0.00s             1           0  0.14s           2024-10-24T00:50:03
/opt/airflow/dags/api_openbrewerydb.py                           1           0  0.12s           2024-10-24T00:50:32
================================================================================
[2024-10-24T00:50:51.505+0000] {manager.py:1145} WARNING - Skipping processing of missing file: /opt/airflow/dags/api_openbrewerydb.py
[2024-10-24T00:51:03.592+0000] {manager.py:893} INFO - 
================================================================================
DAG File Processing Stats

File Path                               PID  Runtime      # DAGs    # Errors  Last Runtime    Last Run
------------------------------------  -----  ---------  --------  ----------  --------------  -------------------
/opt/airflow/dags/spark_ingestion.py    296  0.01s             1           0  0.11s           2024-10-24T00:50:33
================================================================================
[2024-10-24T00:51:33.896+0000] {manager.py:893} INFO - 
================================================================================
DAG File Processing Stats

File Path                               PID  Runtime      # DAGs    # Errors  Last Runtime    Last Run
------------------------------------  -----  ---------  --------  ----------  --------------  -------------------
/opt/airflow/dags/spark_ingestion.py    301  0.00s             1           0  0.14s           2024-10-24T00:51:03
================================================================================
[2024-10-24T00:52:04.048+0000] {manager.py:893} INFO - 
================================================================================
DAG File Processing Stats

File Path                               PID  Runtime      # DAGs    # Errors  Last Runtime    Last Run
------------------------------------  -----  ---------  --------  ----------  --------------  -------------------
/opt/airflow/dags/spark_ingestion.py    306  0.01s             1           0  0.13s           2024-10-24T00:51:34
================================================================================
[2024-10-24T00:52:34.237+0000] {manager.py:893} INFO - 
================================================================================
DAG File Processing Stats

File Path                               PID  Runtime      # DAGs    # Errors  Last Runtime    Last Run
------------------------------------  -----  ---------  --------  ----------  --------------  -------------------
/opt/airflow/dags/spark_ingestion.py    311  0.01s             1           0  0.18s           2024-10-24T00:52:04
================================================================================
[2024-10-24T00:53:04.427+0000] {manager.py:893} INFO - 
================================================================================
DAG File Processing Stats

File Path                               PID  Runtime      # DAGs    # Errors  Last Runtime    Last Run
------------------------------------  -----  ---------  --------  ----------  --------------  -------------------
/opt/airflow/dags/spark_ingestion.py    316  0.00s             1           0  0.16s           2024-10-24T00:52:34
================================================================================
[2024-10-24T00:53:29.769+0000] {manager.py:469} INFO - Exiting gracefully upon receiving signal 15
[2024-10-24T00:54:00.703+0000] {manager.py:487} INFO - Processing files using up to 2 processes at a time 
[2024-10-24T00:54:00.704+0000] {manager.py:488} INFO - Process each file at most once every 30 seconds
[2024-10-24T00:54:00.704+0000] {manager.py:489} INFO - Checking for new files in /opt/airflow/dags every 300 seconds
[2024-10-24T00:54:00.704+0000] {manager.py:759} INFO - Searching for files in /opt/airflow/dags
[2024-10-24T00:54:00.706+0000] {manager.py:762} INFO - There are 2 files in /opt/airflow/dags
[2024-10-24T00:54:00.817+0000] {manager.py:893} INFO - 
================================================================================
DAG File Processing Stats

File Path                                   PID  Runtime      # DAGs    # Errors  Last Runtime    Last Run
----------------------------------------  -----  ---------  --------  ----------  --------------  ----------
/opt/airflow/dags/spark_ingestion.py        175  0.05s             0           0
/opt/airflow/dags/consume_brewery_api.py    172  0.07s             0           0
================================================================================
[2024-10-24T00:54:31.088+0000] {manager.py:893} INFO - 
================================================================================
DAG File Processing Stats

File Path                                   PID  Runtime      # DAGs    # Errors  Last Runtime    Last Run
----------------------------------------  -----  ---------  --------  ----------  --------------  -------------------
/opt/airflow/dags/spark_ingestion.py        188  0.00s             1           0  0.13s           2024-10-24T00:54:00
/opt/airflow/dags/consume_brewery_api.py    185  0.01s             1           0  0.15s           2024-10-24T00:54:00
================================================================================
[2024-10-24T00:55:01.412+0000] {manager.py:893} INFO - 
================================================================================
DAG File Processing Stats

File Path                                   PID  Runtime      # DAGs    # Errors  Last Runtime    Last Run
----------------------------------------  -----  ---------  --------  ----------  --------------  -------------------
/opt/airflow/dags/spark_ingestion.py        198  0.01s             1           0  0.10s           2024-10-24T00:54:31
/opt/airflow/dags/consume_brewery_api.py    195  0.02s             1           0  0.10s           2024-10-24T00:54:31
================================================================================
[2024-10-24T00:55:31.629+0000] {manager.py:893} INFO - 
================================================================================
DAG File Processing Stats

File Path                                   PID  Runtime      # DAGs    # Errors  Last Runtime    Last Run
----------------------------------------  -----  ---------  --------  ----------  --------------  -------------------
/opt/airflow/dags/spark_ingestion.py        208  0.01s             1           0  0.12s           2024-10-24T00:55:01
/opt/airflow/dags/consume_brewery_api.py    205  0.02s             1           0  0.14s           2024-10-24T00:55:01
================================================================================
[2024-10-24T00:55:44.185+0000] {manager.py:469} INFO - Exiting gracefully upon receiving signal 15
