[2024-10-24T01:38:25.677+0000] {taskinstance.py:1157} INFO - Dependencies all met for dep_context=non-requeueable deps ti=<TaskInstance: api_openbrewerydb_to_silver_gold.Gold scheduled__2023-12-19T08:00:00+00:00 [queued]>
[2024-10-24T01:38:25.687+0000] {taskinstance.py:1157} INFO - Dependencies all met for dep_context=requeueable deps ti=<TaskInstance: api_openbrewerydb_to_silver_gold.Gold scheduled__2023-12-19T08:00:00+00:00 [queued]>
[2024-10-24T01:38:25.687+0000] {taskinstance.py:1359} INFO - Starting attempt 1 of 2
[2024-10-24T01:38:25.699+0000] {taskinstance.py:1380} INFO - Executing <Task(SparkSubmitOperator): Gold> on 2023-12-19 08:00:00+00:00
[2024-10-24T01:38:25.704+0000] {standard_task_runner.py:57} INFO - Started process 2404 to run task
[2024-10-24T01:38:25.707+0000] {standard_task_runner.py:84} INFO - Running: ['***', 'tasks', 'run', 'api_openbrewerydb_to_silver_gold', 'Gold', 'scheduled__2023-12-19T08:00:00+00:00', '--job-id', '173', '--raw', '--subdir', 'DAGS_FOLDER/api_openbrewerydb_to_silver.py', '--cfg-path', '/tmp/tmpvk2gj1za']
[2024-10-24T01:38:25.713+0000] {standard_task_runner.py:85} INFO - Job 173: Subtask Gold
[2024-10-24T01:38:25.781+0000] {task_command.py:415} INFO - Running <TaskInstance: api_openbrewerydb_to_silver_gold.Gold scheduled__2023-12-19T08:00:00+00:00 [running]> on host de5108c6da1d
[2024-10-24T01:38:25.890+0000] {taskinstance.py:1660} INFO - Exporting env vars: AIRFLOW_CTX_DAG_OWNER='Rodrigo Araujo' AIRFLOW_CTX_DAG_ID='api_openbrewerydb_to_silver_gold' AIRFLOW_CTX_TASK_ID='Gold' AIRFLOW_CTX_EXECUTION_DATE='2023-12-19T08:00:00+00:00' AIRFLOW_CTX_TRY_NUMBER='1' AIRFLOW_CTX_DAG_RUN_ID='scheduled__2023-12-19T08:00:00+00:00'
[2024-10-24T01:38:25.904+0000] {base.py:73} INFO - Using connection ID 'spark-conn' for task execution.
[2024-10-24T01:38:25.905+0000] {spark_submit.py:363} INFO - Spark-Submit cmd: spark-submit --master spark://spark-master:7077 --name arrow-spark --queue root.default jobs/gold/api_openbrewerydb.py
[2024-10-24T01:38:31.054+0000] {spark_submit.py:524} INFO - 24/10/24 01:38:31 INFO SparkContext: Running Spark version 3.5.3
[2024-10-24T01:38:31.057+0000] {spark_submit.py:524} INFO - 24/10/24 01:38:31 INFO SparkContext: OS info Linux, 5.15.0-124-generic, amd64
[2024-10-24T01:38:31.058+0000] {spark_submit.py:524} INFO - 24/10/24 01:38:31 INFO SparkContext: Java version 11.0.25
[2024-10-24T01:38:31.162+0000] {spark_submit.py:524} INFO - 24/10/24 01:38:31 WARN NativeCodeLoader: Unable to load native-hadoop library for your platform... using builtin-java classes where applicable
[2024-10-24T01:38:31.329+0000] {spark_submit.py:524} INFO - 24/10/24 01:38:31 INFO ResourceUtils: ==============================================================
[2024-10-24T01:38:31.330+0000] {spark_submit.py:524} INFO - 24/10/24 01:38:31 INFO ResourceUtils: No custom resources configured for spark.driver.
[2024-10-24T01:38:31.332+0000] {spark_submit.py:524} INFO - 24/10/24 01:38:31 INFO ResourceUtils: ==============================================================
[2024-10-24T01:38:31.334+0000] {spark_submit.py:524} INFO - 24/10/24 01:38:31 INFO SparkContext: Submitted application: IngestaoSilver
[2024-10-24T01:38:31.395+0000] {spark_submit.py:524} INFO - 24/10/24 01:38:31 INFO ResourceProfile: Default ResourceProfile created, executor resources: Map(memory -> name: memory, amount: 1024, script: , vendor: , offHeap -> name: offHeap, amount: 0, script: , vendor: ), task resources: Map(cpus -> name: cpus, amount: 1.0)
[2024-10-24T01:38:31.422+0000] {spark_submit.py:524} INFO - 24/10/24 01:38:31 INFO ResourceProfile: Limiting resource is cpu
[2024-10-24T01:38:31.424+0000] {spark_submit.py:524} INFO - 24/10/24 01:38:31 INFO ResourceProfileManager: Added ResourceProfile id: 0
[2024-10-24T01:38:31.518+0000] {spark_submit.py:524} INFO - 24/10/24 01:38:31 INFO SecurityManager: Changing view acls to: ***
[2024-10-24T01:38:31.520+0000] {spark_submit.py:524} INFO - 24/10/24 01:38:31 INFO SecurityManager: Changing modify acls to: ***
[2024-10-24T01:38:31.521+0000] {spark_submit.py:524} INFO - 24/10/24 01:38:31 INFO SecurityManager: Changing view acls groups to:
[2024-10-24T01:38:31.522+0000] {spark_submit.py:524} INFO - 24/10/24 01:38:31 INFO SecurityManager: Changing modify acls groups to:
[2024-10-24T01:38:31.524+0000] {spark_submit.py:524} INFO - 24/10/24 01:38:31 INFO SecurityManager: SecurityManager: authentication disabled; ui acls disabled; users with view permissions: ***; groups with view permissions: EMPTY; users with modify permissions: ***; groups with modify permissions: EMPTY
[2024-10-24T01:38:31.967+0000] {spark_submit.py:524} INFO - 24/10/24 01:38:31 INFO Utils: Successfully started service 'sparkDriver' on port 34863.
[2024-10-24T01:38:32.003+0000] {spark_submit.py:524} INFO - 24/10/24 01:38:32 INFO SparkEnv: Registering MapOutputTracker
[2024-10-24T01:38:32.062+0000] {spark_submit.py:524} INFO - 24/10/24 01:38:32 INFO SparkEnv: Registering BlockManagerMaster
[2024-10-24T01:38:32.100+0000] {spark_submit.py:524} INFO - 24/10/24 01:38:32 INFO BlockManagerMasterEndpoint: Using org.apache.spark.storage.DefaultTopologyMapper for getting topology information
[2024-10-24T01:38:32.101+0000] {spark_submit.py:524} INFO - 24/10/24 01:38:32 INFO BlockManagerMasterEndpoint: BlockManagerMasterEndpoint up
[2024-10-24T01:38:32.107+0000] {spark_submit.py:524} INFO - 24/10/24 01:38:32 INFO SparkEnv: Registering BlockManagerMasterHeartbeat
[2024-10-24T01:38:32.147+0000] {spark_submit.py:524} INFO - 24/10/24 01:38:32 INFO DiskBlockManager: Created local directory at /tmp/blockmgr-c4ab3172-ca57-4d81-9d7c-858e6a45e897
[2024-10-24T01:38:32.173+0000] {spark_submit.py:524} INFO - 24/10/24 01:38:32 INFO MemoryStore: MemoryStore started with capacity 434.4 MiB
[2024-10-24T01:38:32.200+0000] {spark_submit.py:524} INFO - 24/10/24 01:38:32 INFO SparkEnv: Registering OutputCommitCoordinator
[2024-10-24T01:38:32.586+0000] {spark_submit.py:524} INFO - 24/10/24 01:38:32 INFO JettyUtils: Start Jetty 0.0.0.0:4040 for SparkUI
[2024-10-24T01:38:32.715+0000] {spark_submit.py:524} INFO - 24/10/24 01:38:32 INFO Utils: Successfully started service 'SparkUI' on port 4040.
[2024-10-24T01:38:32.935+0000] {spark_submit.py:524} INFO - 24/10/24 01:38:32 INFO StandaloneAppClient$ClientEndpoint: Connecting to master spark://spark-master:7077...
[2024-10-24T01:38:33.039+0000] {spark_submit.py:524} INFO - 24/10/24 01:38:33 INFO TransportClientFactory: Successfully created connection to spark-master/172.22.0.2:7077 after 62 ms (0 ms spent in bootstraps)
[2024-10-24T01:38:33.203+0000] {spark_submit.py:524} INFO - 24/10/24 01:38:33 INFO StandaloneSchedulerBackend: Connected to Spark cluster with app ID app-20241024013833-0014
[2024-10-24T01:38:33.208+0000] {spark_submit.py:524} INFO - 24/10/24 01:38:33 INFO StandaloneAppClient$ClientEndpoint: Executor added: app-20241024013833-0014/0 on worker-20241024013655-172.22.0.4-42143 (172.22.0.4:42143) with 2 core(s)
[2024-10-24T01:38:33.222+0000] {spark_submit.py:524} INFO - 24/10/24 01:38:33 INFO StandaloneSchedulerBackend: Granted executor ID app-20241024013833-0014/0 on hostPort 172.22.0.4:42143 with 2 core(s), 1024.0 MiB RAM
[2024-10-24T01:38:33.234+0000] {spark_submit.py:524} INFO - 24/10/24 01:38:33 INFO Utils: Successfully started service 'org.apache.spark.network.netty.NettyBlockTransferService' on port 37899.
[2024-10-24T01:38:33.235+0000] {spark_submit.py:524} INFO - 24/10/24 01:38:33 INFO NettyBlockTransferService: Server created on de5108c6da1d:37899
[2024-10-24T01:38:33.240+0000] {spark_submit.py:524} INFO - 24/10/24 01:38:33 INFO BlockManager: Using org.apache.spark.storage.RandomBlockReplicationPolicy for block replication policy
[2024-10-24T01:38:33.284+0000] {spark_submit.py:524} INFO - 24/10/24 01:38:33 INFO BlockManagerMaster: Registering BlockManager BlockManagerId(driver, de5108c6da1d, 37899, None)
[2024-10-24T01:38:33.295+0000] {spark_submit.py:524} INFO - 24/10/24 01:38:33 INFO BlockManagerMasterEndpoint: Registering block manager de5108c6da1d:37899 with 434.4 MiB RAM, BlockManagerId(driver, de5108c6da1d, 37899, None)
[2024-10-24T01:38:33.302+0000] {spark_submit.py:524} INFO - 24/10/24 01:38:33 INFO StandaloneAppClient$ClientEndpoint: Executor updated: app-20241024013833-0014/0 is now RUNNING
[2024-10-24T01:38:33.308+0000] {spark_submit.py:524} INFO - 24/10/24 01:38:33 INFO BlockManagerMaster: Registered BlockManager BlockManagerId(driver, de5108c6da1d, 37899, None)
[2024-10-24T01:38:33.309+0000] {spark_submit.py:524} INFO - 24/10/24 01:38:33 INFO BlockManager: Initialized BlockManager: BlockManagerId(driver, de5108c6da1d, 37899, None)
[2024-10-24T01:38:34.069+0000] {spark_submit.py:524} INFO - 24/10/24 01:38:34 INFO StandaloneSchedulerBackend: SchedulerBackend is ready for scheduling beginning after reached minRegisteredResourcesRatio: 0.0
[2024-10-24T01:38:34.665+0000] {spark_submit.py:524} INFO - Hello from Spark!
[2024-10-24T01:38:34.668+0000] {spark_submit.py:524} INFO - 24/10/24 01:38:34 INFO SparkContext: SparkContext is stopping with exitCode 0.
[2024-10-24T01:38:34.766+0000] {spark_submit.py:524} INFO - 24/10/24 01:38:34 INFO SparkUI: Stopped Spark web UI at http://de5108c6da1d:4040
[2024-10-24T01:38:34.828+0000] {spark_submit.py:524} INFO - 24/10/24 01:38:34 INFO StandaloneSchedulerBackend: Shutting down all executors
[2024-10-24T01:38:34.845+0000] {spark_submit.py:524} INFO - 24/10/24 01:38:34 INFO StandaloneSchedulerBackend$StandaloneDriverEndpoint: Asking each executor to shut down
[2024-10-24T01:38:34.935+0000] {spark_submit.py:524} INFO - 24/10/24 01:38:34 INFO MapOutputTrackerMasterEndpoint: MapOutputTrackerMasterEndpoint stopped!
[2024-10-24T01:38:35.131+0000] {spark_submit.py:524} INFO - 24/10/24 01:38:35 INFO MemoryStore: MemoryStore cleared
[2024-10-24T01:38:35.133+0000] {spark_submit.py:524} INFO - 24/10/24 01:38:35 INFO BlockManager: BlockManager stopped
[2024-10-24T01:38:35.154+0000] {spark_submit.py:524} INFO - 24/10/24 01:38:35 INFO BlockManagerMaster: BlockManagerMaster stopped
[2024-10-24T01:38:35.159+0000] {spark_submit.py:524} INFO - 24/10/24 01:38:35 INFO OutputCommitCoordinator$OutputCommitCoordinatorEndpoint: OutputCommitCoordinator stopped!
[2024-10-24T01:38:35.202+0000] {spark_submit.py:524} INFO - 24/10/24 01:38:35 INFO SparkContext: Successfully stopped SparkContext
[2024-10-24T01:38:35.720+0000] {spark_submit.py:524} INFO - 24/10/24 01:38:35 INFO ShutdownHookManager: Shutdown hook called
[2024-10-24T01:38:35.721+0000] {spark_submit.py:524} INFO - 24/10/24 01:38:35 INFO ShutdownHookManager: Deleting directory /tmp/spark-c33e4fe9-220c-43d6-8728-5d0d4622dac2
[2024-10-24T01:38:35.728+0000] {spark_submit.py:524} INFO - 24/10/24 01:38:35 INFO ShutdownHookManager: Deleting directory /tmp/spark-4f9bdaff-7e87-4893-bc3f-7fa0c3438cdd
[2024-10-24T01:38:35.736+0000] {spark_submit.py:524} INFO - 24/10/24 01:38:35 INFO ShutdownHookManager: Deleting directory /tmp/spark-4f9bdaff-7e87-4893-bc3f-7fa0c3438cdd/pyspark-15539761-e5c5-4b77-bd1d-5760ffb59c14
[2024-10-24T01:38:35.814+0000] {taskinstance.py:1398} INFO - Marking task as SUCCESS. dag_id=api_openbrewerydb_to_silver_gold, task_id=Gold, execution_date=20231219T080000, start_date=20241024T013825, end_date=20241024T013835
[2024-10-24T01:38:35.851+0000] {local_task_job_runner.py:228} INFO - Task exited with return code 0
[2024-10-24T01:38:35.876+0000] {taskinstance.py:2776} INFO - 0 downstream tasks scheduled from follow-on schedule check
