[2024-10-24T15:18:32.606+0000] {taskinstance.py:1157} INFO - Dependencies all met for dep_context=non-requeueable deps ti=<TaskInstance: api_openbrewerydb_to_silver_gold.Silver manual__2024-10-24T15:18:31.635251+00:00 [queued]>
[2024-10-24T15:18:32.614+0000] {taskinstance.py:1157} INFO - Dependencies all met for dep_context=requeueable deps ti=<TaskInstance: api_openbrewerydb_to_silver_gold.Silver manual__2024-10-24T15:18:31.635251+00:00 [queued]>
[2024-10-24T15:18:32.615+0000] {taskinstance.py:1359} INFO - Starting attempt 1 of 2
[2024-10-24T15:18:32.625+0000] {taskinstance.py:1380} INFO - Executing <Task(SparkSubmitOperator): Silver> on 2024-10-24 15:18:31.635251+00:00
[2024-10-24T15:18:32.630+0000] {standard_task_runner.py:57} INFO - Started process 664 to run task
[2024-10-24T15:18:32.633+0000] {standard_task_runner.py:84} INFO - Running: ['***', 'tasks', 'run', 'api_openbrewerydb_to_silver_gold', 'Silver', 'manual__2024-10-24T15:18:31.635251+00:00', '--job-id', '132', '--raw', '--subdir', 'DAGS_FOLDER/api_openbrewerydb_to_silver.py', '--cfg-path', '/tmp/tmp_bxngtap']
[2024-10-24T15:18:32.637+0000] {standard_task_runner.py:85} INFO - Job 132: Subtask Silver
[2024-10-24T15:18:32.687+0000] {task_command.py:415} INFO - Running <TaskInstance: api_openbrewerydb_to_silver_gold.Silver manual__2024-10-24T15:18:31.635251+00:00 [running]> on host 707d0314e7cf
[2024-10-24T15:18:32.772+0000] {taskinstance.py:1660} INFO - Exporting env vars: AIRFLOW_CTX_DAG_OWNER='Rodrigo Araujo' AIRFLOW_CTX_DAG_ID='api_openbrewerydb_to_silver_gold' AIRFLOW_CTX_TASK_ID='Silver' AIRFLOW_CTX_EXECUTION_DATE='2024-10-24T15:18:31.635251+00:00' AIRFLOW_CTX_TRY_NUMBER='1' AIRFLOW_CTX_DAG_RUN_ID='manual__2024-10-24T15:18:31.635251+00:00'
[2024-10-24T15:18:32.784+0000] {base.py:73} INFO - Using connection ID 'spark-conn' for task execution.
[2024-10-24T15:18:32.785+0000] {spark_submit.py:363} INFO - Spark-Submit cmd: spark-submit --master spark://spark-master:7077 --name arrow-spark jobs/silver/api_openbrewerydb.py
[2024-10-24T15:18:36.179+0000] {spark_submit.py:524} INFO - 24/10/24 15:18:36 INFO SparkContext: Running Spark version 3.5.3
[2024-10-24T15:18:36.184+0000] {spark_submit.py:524} INFO - 24/10/24 15:18:36 INFO SparkContext: OS info Linux, 5.15.0-124-generic, amd64
[2024-10-24T15:18:36.185+0000] {spark_submit.py:524} INFO - 24/10/24 15:18:36 INFO SparkContext: Java version 17.0.13
[2024-10-24T15:18:36.267+0000] {spark_submit.py:524} INFO - 24/10/24 15:18:36 WARN NativeCodeLoader: Unable to load native-hadoop library for your platform... using builtin-java classes where applicable
[2024-10-24T15:18:36.398+0000] {spark_submit.py:524} INFO - 24/10/24 15:18:36 INFO ResourceUtils: ==============================================================
[2024-10-24T15:18:36.399+0000] {spark_submit.py:524} INFO - 24/10/24 15:18:36 INFO ResourceUtils: No custom resources configured for spark.driver.
[2024-10-24T15:18:36.400+0000] {spark_submit.py:524} INFO - 24/10/24 15:18:36 INFO ResourceUtils: ==============================================================
[2024-10-24T15:18:36.401+0000] {spark_submit.py:524} INFO - 24/10/24 15:18:36 INFO SparkContext: Submitted application: IngestaoSilver
[2024-10-24T15:18:36.424+0000] {spark_submit.py:524} INFO - 24/10/24 15:18:36 INFO ResourceProfile: Default ResourceProfile created, executor resources: Map(memory -> name: memory, amount: 1024, script: , vendor: , offHeap -> name: offHeap, amount: 0, script: , vendor: ), task resources: Map(cpus -> name: cpus, amount: 1.0)
[2024-10-24T15:18:36.435+0000] {spark_submit.py:524} INFO - 24/10/24 15:18:36 INFO ResourceProfile: Limiting resource is cpu
[2024-10-24T15:18:36.436+0000] {spark_submit.py:524} INFO - 24/10/24 15:18:36 INFO ResourceProfileManager: Added ResourceProfile id: 0
[2024-10-24T15:18:36.500+0000] {spark_submit.py:524} INFO - 24/10/24 15:18:36 INFO SecurityManager: Changing view acls to: ***
[2024-10-24T15:18:36.500+0000] {spark_submit.py:524} INFO - 24/10/24 15:18:36 INFO SecurityManager: Changing modify acls to: ***
[2024-10-24T15:18:36.501+0000] {spark_submit.py:524} INFO - 24/10/24 15:18:36 INFO SecurityManager: Changing view acls groups to:
[2024-10-24T15:18:36.502+0000] {spark_submit.py:524} INFO - 24/10/24 15:18:36 INFO SecurityManager: Changing modify acls groups to:
[2024-10-24T15:18:36.503+0000] {spark_submit.py:524} INFO - 24/10/24 15:18:36 INFO SecurityManager: SecurityManager: authentication disabled; ui acls disabled; users with view permissions: ***; groups with view permissions: EMPTY; users with modify permissions: ***; groups with modify permissions: EMPTY
[2024-10-24T15:18:36.751+0000] {spark_submit.py:524} INFO - 24/10/24 15:18:36 INFO Utils: Successfully started service 'sparkDriver' on port 38223.
[2024-10-24T15:18:36.790+0000] {spark_submit.py:524} INFO - 24/10/24 15:18:36 INFO SparkEnv: Registering MapOutputTracker
[2024-10-24T15:18:36.831+0000] {spark_submit.py:524} INFO - 24/10/24 15:18:36 INFO SparkEnv: Registering BlockManagerMaster
[2024-10-24T15:18:36.852+0000] {spark_submit.py:524} INFO - 24/10/24 15:18:36 INFO BlockManagerMasterEndpoint: Using org.apache.spark.storage.DefaultTopologyMapper for getting topology information
[2024-10-24T15:18:36.852+0000] {spark_submit.py:524} INFO - 24/10/24 15:18:36 INFO BlockManagerMasterEndpoint: BlockManagerMasterEndpoint up
[2024-10-24T15:18:36.856+0000] {spark_submit.py:524} INFO - 24/10/24 15:18:36 INFO SparkEnv: Registering BlockManagerMasterHeartbeat
[2024-10-24T15:18:36.877+0000] {spark_submit.py:524} INFO - 24/10/24 15:18:36 INFO DiskBlockManager: Created local directory at /tmp/blockmgr-a51fdb97-d5d2-434d-a294-dc0674e5f6e0
[2024-10-24T15:18:36.896+0000] {spark_submit.py:524} INFO - 24/10/24 15:18:36 INFO MemoryStore: MemoryStore started with capacity 434.4 MiB
[2024-10-24T15:18:36.914+0000] {spark_submit.py:524} INFO - 24/10/24 15:18:36 INFO SparkEnv: Registering OutputCommitCoordinator
[2024-10-24T15:18:37.051+0000] {spark_submit.py:524} INFO - 24/10/24 15:18:37 INFO JettyUtils: Start Jetty 0.0.0.0:4040 for SparkUI
[2024-10-24T15:18:37.117+0000] {spark_submit.py:524} INFO - 24/10/24 15:18:37 INFO Utils: Successfully started service 'SparkUI' on port 4040.
[2024-10-24T15:18:37.270+0000] {spark_submit.py:524} INFO - 24/10/24 15:18:37 INFO StandaloneAppClient$ClientEndpoint: Connecting to master spark://spark-master:7077...
[2024-10-24T15:18:37.372+0000] {spark_submit.py:524} INFO - 24/10/24 15:18:37 INFO TransportClientFactory: Successfully created connection to spark-master/172.18.0.3:7077 after 54 ms (0 ms spent in bootstraps)
[2024-10-24T15:18:37.490+0000] {spark_submit.py:524} INFO - 24/10/24 15:18:37 INFO StandaloneSchedulerBackend: Connected to Spark cluster with app ID app-20241024151837-0002
[2024-10-24T15:18:37.492+0000] {spark_submit.py:524} INFO - 24/10/24 15:18:37 INFO StandaloneAppClient$ClientEndpoint: Executor added: app-20241024151837-0002/0 on worker-20241024151017-172.18.0.5-38001 (172.18.0.5:38001) with 2 core(s)
[2024-10-24T15:18:37.495+0000] {spark_submit.py:524} INFO - 24/10/24 15:18:37 INFO StandaloneSchedulerBackend: Granted executor ID app-20241024151837-0002/0 on hostPort 172.18.0.5:38001 with 2 core(s), 1024.0 MiB RAM
[2024-10-24T15:18:37.519+0000] {spark_submit.py:524} INFO - 24/10/24 15:18:37 INFO Utils: Successfully started service 'org.apache.spark.network.netty.NettyBlockTransferService' on port 38981.
[2024-10-24T15:18:37.520+0000] {spark_submit.py:524} INFO - 24/10/24 15:18:37 INFO NettyBlockTransferService: Server created on 707d0314e7cf:38981
[2024-10-24T15:18:37.523+0000] {spark_submit.py:524} INFO - 24/10/24 15:18:37 INFO BlockManager: Using org.apache.spark.storage.RandomBlockReplicationPolicy for block replication policy
[2024-10-24T15:18:37.543+0000] {spark_submit.py:524} INFO - 24/10/24 15:18:37 INFO BlockManagerMaster: Registering BlockManager BlockManagerId(driver, 707d0314e7cf, 38981, None)
[2024-10-24T15:18:37.558+0000] {spark_submit.py:524} INFO - 24/10/24 15:18:37 INFO BlockManagerMasterEndpoint: Registering block manager 707d0314e7cf:38981 with 434.4 MiB RAM, BlockManagerId(driver, 707d0314e7cf, 38981, None)
[2024-10-24T15:18:37.564+0000] {spark_submit.py:524} INFO - 24/10/24 15:18:37 INFO BlockManagerMaster: Registered BlockManager BlockManagerId(driver, 707d0314e7cf, 38981, None)
[2024-10-24T15:18:37.567+0000] {spark_submit.py:524} INFO - 24/10/24 15:18:37 INFO StandaloneAppClient$ClientEndpoint: Executor updated: app-20241024151837-0002/0 is now RUNNING
[2024-10-24T15:18:37.570+0000] {spark_submit.py:524} INFO - 24/10/24 15:18:37 INFO BlockManager: Initialized BlockManager: BlockManagerId(driver, 707d0314e7cf, 38981, None)
[2024-10-24T15:18:37.955+0000] {spark_submit.py:524} INFO - 24/10/24 15:18:37 INFO StandaloneSchedulerBackend: SchedulerBackend is ready for scheduling beginning after reached minRegisteredResourcesRatio: 0.0
[2024-10-24T15:18:38.239+0000] {spark_submit.py:524} INFO - Hello from Spark!
[2024-10-24T15:18:38.317+0000] {spark_submit.py:524} INFO - 24/10/24 15:18:38 INFO SharedState: Setting hive.metastore.warehouse.dir ('null') to the value of spark.sql.warehouse.dir.
[2024-10-24T15:18:38.324+0000] {spark_submit.py:524} INFO - 24/10/24 15:18:38 INFO SharedState: Warehouse path is 'file:/opt/***/spark-warehouse'.
[2024-10-24T15:18:39.730+0000] {spark_submit.py:524} INFO - 24/10/24 15:18:39 INFO InMemoryFileIndex: It took 76 ms to list leaf files for 1 paths.
[2024-10-24T15:18:39.843+0000] {spark_submit.py:524} INFO - 24/10/24 15:18:39 INFO InMemoryFileIndex: It took 3 ms to list leaf files for 1 paths.
[2024-10-24T15:18:41.106+0000] {spark_submit.py:524} INFO - 24/10/24 15:18:41 INFO StandaloneSchedulerBackend$StandaloneDriverEndpoint: Registered executor NettyRpcEndpointRef(spark-client://Executor) (172.18.0.5:44898) with ID 0,  ResourceProfileId 0
[2024-10-24T15:18:41.195+0000] {spark_submit.py:524} INFO - 24/10/24 15:18:41 INFO BlockManagerMasterEndpoint: Registering block manager 172.18.0.5:42151 with 434.4 MiB RAM, BlockManagerId(0, 172.18.0.5, 42151, None)
[2024-10-24T15:18:42.290+0000] {spark_submit.py:524} INFO - 24/10/24 15:18:42 INFO FileSourceStrategy: Pushed Filters:
[2024-10-24T15:18:42.291+0000] {spark_submit.py:524} INFO - 24/10/24 15:18:42 INFO FileSourceStrategy: Post-Scan Filters:
[2024-10-24T15:18:42.551+0000] {spark_submit.py:524} INFO - 24/10/24 15:18:42 INFO MemoryStore: Block broadcast_0 stored as values in memory (estimated size 199.3 KiB, free 434.2 MiB)
[2024-10-24T15:18:42.604+0000] {spark_submit.py:524} INFO - 24/10/24 15:18:42 INFO MemoryStore: Block broadcast_0_piece0 stored as bytes in memory (estimated size 34.2 KiB, free 434.2 MiB)
[2024-10-24T15:18:42.606+0000] {spark_submit.py:524} INFO - 24/10/24 15:18:42 INFO BlockManagerInfo: Added broadcast_0_piece0 in memory on 707d0314e7cf:38981 (size: 34.2 KiB, free: 434.4 MiB)
[2024-10-24T15:18:42.611+0000] {spark_submit.py:524} INFO - 24/10/24 15:18:42 INFO SparkContext: Created broadcast 0 from json at NativeMethodAccessorImpl.java:0
[2024-10-24T15:18:42.621+0000] {spark_submit.py:524} INFO - 24/10/24 15:18:42 INFO FileSourceScanExec: Planning scan with bin packing, max size: 4194304 bytes, open cost is considered as scanning 4194304 bytes.
[2024-10-24T15:18:42.737+0000] {spark_submit.py:524} INFO - 24/10/24 15:18:42 INFO SparkContext: Starting job: json at NativeMethodAccessorImpl.java:0
[2024-10-24T15:18:42.754+0000] {spark_submit.py:524} INFO - 24/10/24 15:18:42 INFO DAGScheduler: Got job 0 (json at NativeMethodAccessorImpl.java:0) with 1 output partitions
[2024-10-24T15:18:42.754+0000] {spark_submit.py:524} INFO - 24/10/24 15:18:42 INFO DAGScheduler: Final stage: ResultStage 0 (json at NativeMethodAccessorImpl.java:0)
[2024-10-24T15:18:42.755+0000] {spark_submit.py:524} INFO - 24/10/24 15:18:42 INFO DAGScheduler: Parents of final stage: List()
[2024-10-24T15:18:42.756+0000] {spark_submit.py:524} INFO - 24/10/24 15:18:42 INFO DAGScheduler: Missing parents: List()
[2024-10-24T15:18:42.761+0000] {spark_submit.py:524} INFO - 24/10/24 15:18:42 INFO DAGScheduler: Submitting ResultStage 0 (MapPartitionsRDD[3] at json at NativeMethodAccessorImpl.java:0), which has no missing parents
[2024-10-24T15:18:42.839+0000] {spark_submit.py:524} INFO - 24/10/24 15:18:42 INFO MemoryStore: Block broadcast_1 stored as values in memory (estimated size 16.1 KiB, free 434.2 MiB)
[2024-10-24T15:18:42.840+0000] {spark_submit.py:524} INFO - 24/10/24 15:18:42 INFO MemoryStore: Block broadcast_1_piece0 stored as bytes in memory (estimated size 7.6 KiB, free 434.1 MiB)
[2024-10-24T15:18:42.840+0000] {spark_submit.py:524} INFO - 24/10/24 15:18:42 INFO BlockManagerInfo: Added broadcast_1_piece0 in memory on 707d0314e7cf:38981 (size: 7.6 KiB, free: 434.4 MiB)
[2024-10-24T15:18:42.841+0000] {spark_submit.py:524} INFO - 24/10/24 15:18:42 INFO SparkContext: Created broadcast 1 from broadcast at DAGScheduler.scala:1585
[2024-10-24T15:18:42.856+0000] {spark_submit.py:524} INFO - 24/10/24 15:18:42 INFO DAGScheduler: Submitting 1 missing tasks from ResultStage 0 (MapPartitionsRDD[3] at json at NativeMethodAccessorImpl.java:0) (first 15 tasks are for partitions Vector(0))
[2024-10-24T15:18:42.856+0000] {spark_submit.py:524} INFO - 24/10/24 15:18:42 INFO TaskSchedulerImpl: Adding task set 0.0 with 1 tasks resource profile 0
[2024-10-24T15:18:42.882+0000] {spark_submit.py:524} INFO - 24/10/24 15:18:42 INFO TaskSetManager: Starting task 0.0 in stage 0.0 (TID 0) (172.18.0.5, executor 0, partition 0, PROCESS_LOCAL, 9622 bytes)
[2024-10-24T15:18:42.967+0000] {spark_submit.py:524} INFO - 24/10/24 15:18:42 WARN TaskSetManager: Lost task 0.0 in stage 0.0 (TID 0) (172.18.0.5 executor 0): java.io.InvalidClassException: org.apache.spark.scheduler.Task; local class incompatible: stream classdesc serialVersionUID = -6188971942555435033, local class serialVersionUID = 553100815431272095
[2024-10-24T15:18:42.967+0000] {spark_submit.py:524} INFO - at java.base/java.io.ObjectStreamClass.initNonProxy(ObjectStreamClass.java:597)
[2024-10-24T15:18:42.967+0000] {spark_submit.py:524} INFO - at java.base/java.io.ObjectInputStream.readNonProxyDesc(ObjectInputStream.java:2051)
[2024-10-24T15:18:42.967+0000] {spark_submit.py:524} INFO - at java.base/java.io.ObjectInputStream.readClassDesc(ObjectInputStream.java:1898)
[2024-10-24T15:18:42.967+0000] {spark_submit.py:524} INFO - at java.base/java.io.ObjectInputStream.readNonProxyDesc(ObjectInputStream.java:2051)
[2024-10-24T15:18:42.967+0000] {spark_submit.py:524} INFO - at java.base/java.io.ObjectInputStream.readClassDesc(ObjectInputStream.java:1898)
[2024-10-24T15:18:42.968+0000] {spark_submit.py:524} INFO - at java.base/java.io.ObjectInputStream.readOrdinaryObject(ObjectInputStream.java:2224)
[2024-10-24T15:18:42.968+0000] {spark_submit.py:524} INFO - at java.base/java.io.ObjectInputStream.readObject0(ObjectInputStream.java:1733)
[2024-10-24T15:18:42.968+0000] {spark_submit.py:524} INFO - at java.base/java.io.ObjectInputStream.readObject(ObjectInputStream.java:509)
[2024-10-24T15:18:42.968+0000] {spark_submit.py:524} INFO - at java.base/java.io.ObjectInputStream.readObject(ObjectInputStream.java:467)
[2024-10-24T15:18:42.968+0000] {spark_submit.py:524} INFO - at org.apache.spark.serializer.JavaDeserializationStream.readObject(JavaSerializer.scala:87)
[2024-10-24T15:18:42.968+0000] {spark_submit.py:524} INFO - at org.apache.spark.serializer.JavaSerializerInstance.deserialize(JavaSerializer.scala:129)
[2024-10-24T15:18:42.968+0000] {spark_submit.py:524} INFO - at org.apache.spark.executor.Executor$TaskRunner.run(Executor.scala:579)
[2024-10-24T15:18:42.968+0000] {spark_submit.py:524} INFO - at java.base/java.util.concurrent.ThreadPoolExecutor.runWorker(ThreadPoolExecutor.java:1136)
[2024-10-24T15:18:42.969+0000] {spark_submit.py:524} INFO - at java.base/java.util.concurrent.ThreadPoolExecutor$Worker.run(ThreadPoolExecutor.java:635)
[2024-10-24T15:18:42.969+0000] {spark_submit.py:524} INFO - at java.base/java.lang.Thread.run(Thread.java:840)
[2024-10-24T15:18:42.969+0000] {spark_submit.py:524} INFO - 
[2024-10-24T15:18:42.969+0000] {spark_submit.py:524} INFO - 24/10/24 15:18:42 INFO TaskSetManager: Starting task 0.1 in stage 0.0 (TID 1) (172.18.0.5, executor 0, partition 0, PROCESS_LOCAL, 9622 bytes)
[2024-10-24T15:18:42.984+0000] {spark_submit.py:524} INFO - 24/10/24 15:18:42 INFO TaskSetManager: Lost task 0.1 in stage 0.0 (TID 1) on 172.18.0.5, executor 0: java.io.InvalidClassException (org.apache.spark.scheduler.Task; local class incompatible: stream classdesc serialVersionUID = -6188971942555435033, local class serialVersionUID = 553100815431272095) [duplicate 1]
[2024-10-24T15:18:42.985+0000] {spark_submit.py:524} INFO - 24/10/24 15:18:42 INFO TaskSetManager: Starting task 0.2 in stage 0.0 (TID 2) (172.18.0.5, executor 0, partition 0, PROCESS_LOCAL, 9622 bytes)
[2024-10-24T15:18:42.996+0000] {spark_submit.py:524} INFO - 24/10/24 15:18:42 INFO TaskSetManager: Lost task 0.2 in stage 0.0 (TID 2) on 172.18.0.5, executor 0: java.io.InvalidClassException (org.apache.spark.scheduler.Task; local class incompatible: stream classdesc serialVersionUID = -6188971942555435033, local class serialVersionUID = 553100815431272095) [duplicate 2]
[2024-10-24T15:18:42.997+0000] {spark_submit.py:524} INFO - 24/10/24 15:18:42 INFO TaskSetManager: Starting task 0.3 in stage 0.0 (TID 3) (172.18.0.5, executor 0, partition 0, PROCESS_LOCAL, 9622 bytes)
[2024-10-24T15:18:43.008+0000] {spark_submit.py:524} INFO - 24/10/24 15:18:43 INFO TaskSetManager: Lost task 0.3 in stage 0.0 (TID 3) on 172.18.0.5, executor 0: java.io.InvalidClassException (org.apache.spark.scheduler.Task; local class incompatible: stream classdesc serialVersionUID = -6188971942555435033, local class serialVersionUID = 553100815431272095) [duplicate 3]
[2024-10-24T15:18:43.009+0000] {spark_submit.py:524} INFO - 24/10/24 15:18:43 ERROR TaskSetManager: Task 0 in stage 0.0 failed 4 times; aborting job
[2024-10-24T15:18:43.011+0000] {spark_submit.py:524} INFO - 24/10/24 15:18:43 INFO TaskSchedulerImpl: Removed TaskSet 0.0, whose tasks have all completed, from pool
[2024-10-24T15:18:43.014+0000] {spark_submit.py:524} INFO - 24/10/24 15:18:43 INFO TaskSchedulerImpl: Cancelling stage 0
[2024-10-24T15:18:43.014+0000] {spark_submit.py:524} INFO - 24/10/24 15:18:43 INFO TaskSchedulerImpl: Killing all running tasks in stage 0: Stage cancelled: Job aborted due to stage failure: Task 0 in stage 0.0 failed 4 times, most recent failure: Lost task 0.3 in stage 0.0 (TID 3) (172.18.0.5 executor 0): java.io.InvalidClassException: org.apache.spark.scheduler.Task; local class incompatible: stream classdesc serialVersionUID = -6188971942555435033, local class serialVersionUID = 553100815431272095
[2024-10-24T15:18:43.014+0000] {spark_submit.py:524} INFO - at java.base/java.io.ObjectStreamClass.initNonProxy(ObjectStreamClass.java:597)
[2024-10-24T15:18:43.014+0000] {spark_submit.py:524} INFO - at java.base/java.io.ObjectInputStream.readNonProxyDesc(ObjectInputStream.java:2051)
[2024-10-24T15:18:43.015+0000] {spark_submit.py:524} INFO - at java.base/java.io.ObjectInputStream.readClassDesc(ObjectInputStream.java:1898)
[2024-10-24T15:18:43.015+0000] {spark_submit.py:524} INFO - at java.base/java.io.ObjectInputStream.readNonProxyDesc(ObjectInputStream.java:2051)
[2024-10-24T15:18:43.015+0000] {spark_submit.py:524} INFO - at java.base/java.io.ObjectInputStream.readClassDesc(ObjectInputStream.java:1898)
[2024-10-24T15:18:43.015+0000] {spark_submit.py:524} INFO - at java.base/java.io.ObjectInputStream.readOrdinaryObject(ObjectInputStream.java:2224)
[2024-10-24T15:18:43.015+0000] {spark_submit.py:524} INFO - at java.base/java.io.ObjectInputStream.readObject0(ObjectInputStream.java:1733)
[2024-10-24T15:18:43.015+0000] {spark_submit.py:524} INFO - at java.base/java.io.ObjectInputStream.readObject(ObjectInputStream.java:509)
[2024-10-24T15:18:43.016+0000] {spark_submit.py:524} INFO - at java.base/java.io.ObjectInputStream.readObject(ObjectInputStream.java:467)
[2024-10-24T15:18:43.016+0000] {spark_submit.py:524} INFO - at org.apache.spark.serializer.JavaDeserializationStream.readObject(JavaSerializer.scala:87)
[2024-10-24T15:18:43.016+0000] {spark_submit.py:524} INFO - at org.apache.spark.serializer.JavaSerializerInstance.deserialize(JavaSerializer.scala:129)
[2024-10-24T15:18:43.016+0000] {spark_submit.py:524} INFO - at org.apache.spark.executor.Executor$TaskRunner.run(Executor.scala:579)
[2024-10-24T15:18:43.016+0000] {spark_submit.py:524} INFO - at java.base/java.util.concurrent.ThreadPoolExecutor.runWorker(ThreadPoolExecutor.java:1136)
[2024-10-24T15:18:43.016+0000] {spark_submit.py:524} INFO - at java.base/java.util.concurrent.ThreadPoolExecutor$Worker.run(ThreadPoolExecutor.java:635)
[2024-10-24T15:18:43.016+0000] {spark_submit.py:524} INFO - at java.base/java.lang.Thread.run(Thread.java:840)
[2024-10-24T15:18:43.017+0000] {spark_submit.py:524} INFO - 
[2024-10-24T15:18:43.017+0000] {spark_submit.py:524} INFO - Driver stacktrace:
[2024-10-24T15:18:43.017+0000] {spark_submit.py:524} INFO - 24/10/24 15:18:43 INFO DAGScheduler: ResultStage 0 (json at NativeMethodAccessorImpl.java:0) failed in 0.240 s due to Job aborted due to stage failure: Task 0 in stage 0.0 failed 4 times, most recent failure: Lost task 0.3 in stage 0.0 (TID 3) (172.18.0.5 executor 0): java.io.InvalidClassException: org.apache.spark.scheduler.Task; local class incompatible: stream classdesc serialVersionUID = -6188971942555435033, local class serialVersionUID = 553100815431272095
[2024-10-24T15:18:43.017+0000] {spark_submit.py:524} INFO - at java.base/java.io.ObjectStreamClass.initNonProxy(ObjectStreamClass.java:597)
[2024-10-24T15:18:43.018+0000] {spark_submit.py:524} INFO - at java.base/java.io.ObjectInputStream.readNonProxyDesc(ObjectInputStream.java:2051)
[2024-10-24T15:18:43.018+0000] {spark_submit.py:524} INFO - at java.base/java.io.ObjectInputStream.readClassDesc(ObjectInputStream.java:1898)
[2024-10-24T15:18:43.018+0000] {spark_submit.py:524} INFO - at java.base/java.io.ObjectInputStream.readNonProxyDesc(ObjectInputStream.java:2051)
[2024-10-24T15:18:43.018+0000] {spark_submit.py:524} INFO - at java.base/java.io.ObjectInputStream.readClassDesc(ObjectInputStream.java:1898)
[2024-10-24T15:18:43.018+0000] {spark_submit.py:524} INFO - at java.base/java.io.ObjectInputStream.readOrdinaryObject(ObjectInputStream.java:2224)
[2024-10-24T15:18:43.018+0000] {spark_submit.py:524} INFO - at java.base/java.io.ObjectInputStream.readObject0(ObjectInputStream.java:1733)
[2024-10-24T15:18:43.018+0000] {spark_submit.py:524} INFO - at java.base/java.io.ObjectInputStream.readObject(ObjectInputStream.java:509)
[2024-10-24T15:18:43.019+0000] {spark_submit.py:524} INFO - at java.base/java.io.ObjectInputStream.readObject(ObjectInputStream.java:467)
[2024-10-24T15:18:43.019+0000] {spark_submit.py:524} INFO - at org.apache.spark.serializer.JavaDeserializationStream.readObject(JavaSerializer.scala:87)
[2024-10-24T15:18:43.019+0000] {spark_submit.py:524} INFO - at org.apache.spark.serializer.JavaSerializerInstance.deserialize(JavaSerializer.scala:129)
[2024-10-24T15:18:43.019+0000] {spark_submit.py:524} INFO - at org.apache.spark.executor.Executor$TaskRunner.run(Executor.scala:579)
[2024-10-24T15:18:43.019+0000] {spark_submit.py:524} INFO - at java.base/java.util.concurrent.ThreadPoolExecutor.runWorker(ThreadPoolExecutor.java:1136)
[2024-10-24T15:18:43.019+0000] {spark_submit.py:524} INFO - at java.base/java.util.concurrent.ThreadPoolExecutor$Worker.run(ThreadPoolExecutor.java:635)
[2024-10-24T15:18:43.019+0000] {spark_submit.py:524} INFO - at java.base/java.lang.Thread.run(Thread.java:840)
[2024-10-24T15:18:43.020+0000] {spark_submit.py:524} INFO - 
[2024-10-24T15:18:43.020+0000] {spark_submit.py:524} INFO - Driver stacktrace:
[2024-10-24T15:18:43.022+0000] {spark_submit.py:524} INFO - 24/10/24 15:18:43 INFO DAGScheduler: Job 0 failed: json at NativeMethodAccessorImpl.java:0, took 0.284302 s
[2024-10-24T15:18:43.074+0000] {spark_submit.py:524} INFO - Traceback (most recent call last):
[2024-10-24T15:18:43.074+0000] {spark_submit.py:524} INFO - File "/opt/***/jobs/silver/api_openbrewerydb.py", line 12, in <module>
[2024-10-24T15:18:43.075+0000] {spark_submit.py:524} INFO - df = spark.read.json(f"{path_bronze}/{formatted_date}/dados.json")
[2024-10-24T15:18:43.075+0000] {spark_submit.py:524} INFO - ^^^^^^^^^^^^^^^^^^^^^^^^^^^^^^^^^^^^^^^^^^^^^^^^^^^^^^^^^^^^^
[2024-10-24T15:18:43.075+0000] {spark_submit.py:524} INFO - File "/home/***/.local/lib/python3.11/site-packages/pyspark/python/lib/pyspark.zip/pyspark/sql/readwriter.py", line 425, in json
[2024-10-24T15:18:43.075+0000] {spark_submit.py:524} INFO - File "/home/***/.local/lib/python3.11/site-packages/pyspark/python/lib/py4j-0.10.9.7-src.zip/py4j/java_gateway.py", line 1322, in __call__
[2024-10-24T15:18:43.075+0000] {spark_submit.py:524} INFO - File "/home/***/.local/lib/python3.11/site-packages/pyspark/python/lib/pyspark.zip/pyspark/errors/exceptions/captured.py", line 179, in deco
[2024-10-24T15:18:43.075+0000] {spark_submit.py:524} INFO - File "/home/***/.local/lib/python3.11/site-packages/pyspark/python/lib/py4j-0.10.9.7-src.zip/py4j/protocol.py", line 326, in get_return_value
[2024-10-24T15:18:43.075+0000] {spark_submit.py:524} INFO - py4j.protocol.Py4JJavaError: An error occurred while calling o24.json.
[2024-10-24T15:18:43.076+0000] {spark_submit.py:524} INFO - : org.apache.spark.SparkException: Job aborted due to stage failure: Task 0 in stage 0.0 failed 4 times, most recent failure: Lost task 0.3 in stage 0.0 (TID 3) (172.18.0.5 executor 0): java.io.InvalidClassException: org.apache.spark.scheduler.Task; local class incompatible: stream classdesc serialVersionUID = -6188971942555435033, local class serialVersionUID = 553100815431272095
[2024-10-24T15:18:43.076+0000] {spark_submit.py:524} INFO - at java.base/java.io.ObjectStreamClass.initNonProxy(ObjectStreamClass.java:597)
[2024-10-24T15:18:43.076+0000] {spark_submit.py:524} INFO - at java.base/java.io.ObjectInputStream.readNonProxyDesc(ObjectInputStream.java:2051)
[2024-10-24T15:18:43.076+0000] {spark_submit.py:524} INFO - at java.base/java.io.ObjectInputStream.readClassDesc(ObjectInputStream.java:1898)
[2024-10-24T15:18:43.076+0000] {spark_submit.py:524} INFO - at java.base/java.io.ObjectInputStream.readNonProxyDesc(ObjectInputStream.java:2051)
[2024-10-24T15:18:43.076+0000] {spark_submit.py:524} INFO - at java.base/java.io.ObjectInputStream.readClassDesc(ObjectInputStream.java:1898)
[2024-10-24T15:18:43.076+0000] {spark_submit.py:524} INFO - at java.base/java.io.ObjectInputStream.readOrdinaryObject(ObjectInputStream.java:2224)
[2024-10-24T15:18:43.076+0000] {spark_submit.py:524} INFO - at java.base/java.io.ObjectInputStream.readObject0(ObjectInputStream.java:1733)
[2024-10-24T15:18:43.077+0000] {spark_submit.py:524} INFO - at java.base/java.io.ObjectInputStream.readObject(ObjectInputStream.java:509)
[2024-10-24T15:18:43.077+0000] {spark_submit.py:524} INFO - at java.base/java.io.ObjectInputStream.readObject(ObjectInputStream.java:467)
[2024-10-24T15:18:43.077+0000] {spark_submit.py:524} INFO - at org.apache.spark.serializer.JavaDeserializationStream.readObject(JavaSerializer.scala:87)
[2024-10-24T15:18:43.077+0000] {spark_submit.py:524} INFO - at org.apache.spark.serializer.JavaSerializerInstance.deserialize(JavaSerializer.scala:129)
[2024-10-24T15:18:43.077+0000] {spark_submit.py:524} INFO - at org.apache.spark.executor.Executor$TaskRunner.run(Executor.scala:579)
[2024-10-24T15:18:43.077+0000] {spark_submit.py:524} INFO - at java.base/java.util.concurrent.ThreadPoolExecutor.runWorker(ThreadPoolExecutor.java:1136)
[2024-10-24T15:18:43.077+0000] {spark_submit.py:524} INFO - at java.base/java.util.concurrent.ThreadPoolExecutor$Worker.run(ThreadPoolExecutor.java:635)
[2024-10-24T15:18:43.077+0000] {spark_submit.py:524} INFO - at java.base/java.lang.Thread.run(Thread.java:840)
[2024-10-24T15:18:43.077+0000] {spark_submit.py:524} INFO - 
[2024-10-24T15:18:43.078+0000] {spark_submit.py:524} INFO - Driver stacktrace:
[2024-10-24T15:18:43.078+0000] {spark_submit.py:524} INFO - at org.apache.spark.scheduler.DAGScheduler.failJobAndIndependentStages(DAGScheduler.scala:2856)
[2024-10-24T15:18:43.078+0000] {spark_submit.py:524} INFO - at org.apache.spark.scheduler.DAGScheduler.$anonfun$abortStage$2(DAGScheduler.scala:2792)
[2024-10-24T15:18:43.078+0000] {spark_submit.py:524} INFO - at org.apache.spark.scheduler.DAGScheduler.$anonfun$abortStage$2$adapted(DAGScheduler.scala:2791)
[2024-10-24T15:18:43.078+0000] {spark_submit.py:524} INFO - at scala.collection.mutable.ResizableArray.foreach(ResizableArray.scala:62)
[2024-10-24T15:18:43.078+0000] {spark_submit.py:524} INFO - at scala.collection.mutable.ResizableArray.foreach$(ResizableArray.scala:55)
[2024-10-24T15:18:43.078+0000] {spark_submit.py:524} INFO - at scala.collection.mutable.ArrayBuffer.foreach(ArrayBuffer.scala:49)
[2024-10-24T15:18:43.078+0000] {spark_submit.py:524} INFO - at org.apache.spark.scheduler.DAGScheduler.abortStage(DAGScheduler.scala:2791)
[2024-10-24T15:18:43.078+0000] {spark_submit.py:524} INFO - at org.apache.spark.scheduler.DAGScheduler.$anonfun$handleTaskSetFailed$1(DAGScheduler.scala:1247)
[2024-10-24T15:18:43.078+0000] {spark_submit.py:524} INFO - at org.apache.spark.scheduler.DAGScheduler.$anonfun$handleTaskSetFailed$1$adapted(DAGScheduler.scala:1247)
[2024-10-24T15:18:43.079+0000] {spark_submit.py:524} INFO - at scala.Option.foreach(Option.scala:407)
[2024-10-24T15:18:43.079+0000] {spark_submit.py:524} INFO - at org.apache.spark.scheduler.DAGScheduler.handleTaskSetFailed(DAGScheduler.scala:1247)
[2024-10-24T15:18:43.079+0000] {spark_submit.py:524} INFO - at org.apache.spark.scheduler.DAGSchedulerEventProcessLoop.doOnReceive(DAGScheduler.scala:3060)
[2024-10-24T15:18:43.079+0000] {spark_submit.py:524} INFO - at org.apache.spark.scheduler.DAGSchedulerEventProcessLoop.onReceive(DAGScheduler.scala:2994)
[2024-10-24T15:18:43.079+0000] {spark_submit.py:524} INFO - at org.apache.spark.scheduler.DAGSchedulerEventProcessLoop.onReceive(DAGScheduler.scala:2983)
[2024-10-24T15:18:43.079+0000] {spark_submit.py:524} INFO - at org.apache.spark.util.EventLoop$$anon$1.run(EventLoop.scala:49)
[2024-10-24T15:18:43.079+0000] {spark_submit.py:524} INFO - at org.apache.spark.scheduler.DAGScheduler.runJob(DAGScheduler.scala:989)
[2024-10-24T15:18:43.079+0000] {spark_submit.py:524} INFO - at org.apache.spark.SparkContext.runJob(SparkContext.scala:2393)
[2024-10-24T15:18:43.079+0000] {spark_submit.py:524} INFO - at org.apache.spark.SparkContext.runJob(SparkContext.scala:2488)
[2024-10-24T15:18:43.080+0000] {spark_submit.py:524} INFO - at org.apache.spark.sql.catalyst.json.JsonInferSchema.infer(JsonInferSchema.scala:120)
[2024-10-24T15:18:43.080+0000] {spark_submit.py:524} INFO - at org.apache.spark.sql.execution.datasources.json.TextInputJsonDataSource$.$anonfun$inferFromDataset$5(JsonDataSource.scala:109)
[2024-10-24T15:18:43.080+0000] {spark_submit.py:524} INFO - at org.apache.spark.sql.execution.SQLExecution$.withSQLConfPropagated(SQLExecution.scala:201)
[2024-10-24T15:18:43.080+0000] {spark_submit.py:524} INFO - at org.apache.spark.sql.execution.datasources.json.TextInputJsonDataSource$.inferFromDataset(JsonDataSource.scala:109)
[2024-10-24T15:18:43.080+0000] {spark_submit.py:524} INFO - at org.apache.spark.sql.execution.datasources.json.TextInputJsonDataSource$.infer(JsonDataSource.scala:98)
[2024-10-24T15:18:43.080+0000] {spark_submit.py:524} INFO - at org.apache.spark.sql.execution.datasources.json.JsonDataSource.inferSchema(JsonDataSource.scala:64)
[2024-10-24T15:18:43.080+0000] {spark_submit.py:524} INFO - at org.apache.spark.sql.execution.datasources.json.JsonFileFormat.inferSchema(JsonFileFormat.scala:59)
[2024-10-24T15:18:43.080+0000] {spark_submit.py:524} INFO - at org.apache.spark.sql.execution.datasources.DataSource.$anonfun$getOrInferFileFormatSchema$11(DataSource.scala:208)
[2024-10-24T15:18:43.080+0000] {spark_submit.py:524} INFO - at scala.Option.orElse(Option.scala:447)
[2024-10-24T15:18:43.080+0000] {spark_submit.py:524} INFO - at org.apache.spark.sql.execution.datasources.DataSource.getOrInferFileFormatSchema(DataSource.scala:205)
[2024-10-24T15:18:43.080+0000] {spark_submit.py:524} INFO - at org.apache.spark.sql.execution.datasources.DataSource.resolveRelation(DataSource.scala:407)
[2024-10-24T15:18:43.080+0000] {spark_submit.py:524} INFO - at org.apache.spark.sql.DataFrameReader.loadV1Source(DataFrameReader.scala:229)
[2024-10-24T15:18:43.080+0000] {spark_submit.py:524} INFO - at org.apache.spark.sql.DataFrameReader.$anonfun$load$2(DataFrameReader.scala:211)
[2024-10-24T15:18:43.080+0000] {spark_submit.py:524} INFO - at scala.Option.getOrElse(Option.scala:189)
[2024-10-24T15:18:43.081+0000] {spark_submit.py:524} INFO - at org.apache.spark.sql.DataFrameReader.load(DataFrameReader.scala:211)
[2024-10-24T15:18:43.081+0000] {spark_submit.py:524} INFO - at org.apache.spark.sql.DataFrameReader.json(DataFrameReader.scala:362)
[2024-10-24T15:18:43.081+0000] {spark_submit.py:524} INFO - at java.base/jdk.internal.reflect.NativeMethodAccessorImpl.invoke0(Native Method)
[2024-10-24T15:18:43.081+0000] {spark_submit.py:524} INFO - at java.base/jdk.internal.reflect.NativeMethodAccessorImpl.invoke(NativeMethodAccessorImpl.java:77)
[2024-10-24T15:18:43.081+0000] {spark_submit.py:524} INFO - at java.base/jdk.internal.reflect.DelegatingMethodAccessorImpl.invoke(DelegatingMethodAccessorImpl.java:43)
[2024-10-24T15:18:43.081+0000] {spark_submit.py:524} INFO - at java.base/java.lang.reflect.Method.invoke(Method.java:569)
[2024-10-24T15:18:43.081+0000] {spark_submit.py:524} INFO - at py4j.reflection.MethodInvoker.invoke(MethodInvoker.java:244)
[2024-10-24T15:18:43.081+0000] {spark_submit.py:524} INFO - at py4j.reflection.ReflectionEngine.invoke(ReflectionEngine.java:374)
[2024-10-24T15:18:43.081+0000] {spark_submit.py:524} INFO - at py4j.Gateway.invoke(Gateway.java:282)
[2024-10-24T15:18:43.081+0000] {spark_submit.py:524} INFO - at py4j.commands.AbstractCommand.invokeMethod(AbstractCommand.java:132)
[2024-10-24T15:18:43.081+0000] {spark_submit.py:524} INFO - at py4j.commands.CallCommand.execute(CallCommand.java:79)
[2024-10-24T15:18:43.081+0000] {spark_submit.py:524} INFO - at py4j.ClientServerConnection.waitForCommands(ClientServerConnection.java:182)
[2024-10-24T15:18:43.081+0000] {spark_submit.py:524} INFO - at py4j.ClientServerConnection.run(ClientServerConnection.java:106)
[2024-10-24T15:18:43.082+0000] {spark_submit.py:524} INFO - at java.base/java.lang.Thread.run(Thread.java:840)
[2024-10-24T15:18:43.082+0000] {spark_submit.py:524} INFO - Caused by: java.io.InvalidClassException: org.apache.spark.scheduler.Task; local class incompatible: stream classdesc serialVersionUID = -6188971942555435033, local class serialVersionUID = 553100815431272095
[2024-10-24T15:18:43.082+0000] {spark_submit.py:524} INFO - at java.base/java.io.ObjectStreamClass.initNonProxy(ObjectStreamClass.java:597)
[2024-10-24T15:18:43.082+0000] {spark_submit.py:524} INFO - at java.base/java.io.ObjectInputStream.readNonProxyDesc(ObjectInputStream.java:2051)
[2024-10-24T15:18:43.082+0000] {spark_submit.py:524} INFO - at java.base/java.io.ObjectInputStream.readClassDesc(ObjectInputStream.java:1898)
[2024-10-24T15:18:43.082+0000] {spark_submit.py:524} INFO - at java.base/java.io.ObjectInputStream.readNonProxyDesc(ObjectInputStream.java:2051)
[2024-10-24T15:18:43.082+0000] {spark_submit.py:524} INFO - at java.base/java.io.ObjectInputStream.readClassDesc(ObjectInputStream.java:1898)
[2024-10-24T15:18:43.082+0000] {spark_submit.py:524} INFO - at java.base/java.io.ObjectInputStream.readOrdinaryObject(ObjectInputStream.java:2224)
[2024-10-24T15:18:43.082+0000] {spark_submit.py:524} INFO - at java.base/java.io.ObjectInputStream.readObject0(ObjectInputStream.java:1733)
[2024-10-24T15:18:43.082+0000] {spark_submit.py:524} INFO - at java.base/java.io.ObjectInputStream.readObject(ObjectInputStream.java:509)
[2024-10-24T15:18:43.082+0000] {spark_submit.py:524} INFO - at java.base/java.io.ObjectInputStream.readObject(ObjectInputStream.java:467)
[2024-10-24T15:18:43.082+0000] {spark_submit.py:524} INFO - at org.apache.spark.serializer.JavaDeserializationStream.readObject(JavaSerializer.scala:87)
[2024-10-24T15:18:43.082+0000] {spark_submit.py:524} INFO - at org.apache.spark.serializer.JavaSerializerInstance.deserialize(JavaSerializer.scala:129)
[2024-10-24T15:18:43.083+0000] {spark_submit.py:524} INFO - at org.apache.spark.executor.Executor$TaskRunner.run(Executor.scala:579)
[2024-10-24T15:18:43.083+0000] {spark_submit.py:524} INFO - at java.base/java.util.concurrent.ThreadPoolExecutor.runWorker(ThreadPoolExecutor.java:1136)
[2024-10-24T15:18:43.083+0000] {spark_submit.py:524} INFO - at java.base/java.util.concurrent.ThreadPoolExecutor$Worker.run(ThreadPoolExecutor.java:635)
[2024-10-24T15:18:43.083+0000] {spark_submit.py:524} INFO - at java.base/java.lang.Thread.run(Thread.java:840)
[2024-10-24T15:18:43.083+0000] {spark_submit.py:524} INFO - 
[2024-10-24T15:18:43.140+0000] {spark_submit.py:524} INFO - 24/10/24 15:18:43 INFO SparkContext: Invoking stop() from shutdown hook
[2024-10-24T15:18:43.140+0000] {spark_submit.py:524} INFO - 24/10/24 15:18:43 INFO SparkContext: SparkContext is stopping with exitCode 0.
[2024-10-24T15:18:43.151+0000] {spark_submit.py:524} INFO - 24/10/24 15:18:43 INFO SparkUI: Stopped Spark web UI at http://707d0314e7cf:4040
[2024-10-24T15:18:43.155+0000] {spark_submit.py:524} INFO - 24/10/24 15:18:43 INFO StandaloneSchedulerBackend: Shutting down all executors
[2024-10-24T15:18:43.155+0000] {spark_submit.py:524} INFO - 24/10/24 15:18:43 INFO StandaloneSchedulerBackend$StandaloneDriverEndpoint: Asking each executor to shut down
[2024-10-24T15:18:43.196+0000] {spark_submit.py:524} INFO - 24/10/24 15:18:43 INFO MapOutputTrackerMasterEndpoint: MapOutputTrackerMasterEndpoint stopped!
[2024-10-24T15:18:43.214+0000] {spark_submit.py:524} INFO - 24/10/24 15:18:43 INFO MemoryStore: MemoryStore cleared
[2024-10-24T15:18:43.215+0000] {spark_submit.py:524} INFO - 24/10/24 15:18:43 INFO BlockManager: BlockManager stopped
[2024-10-24T15:18:43.230+0000] {spark_submit.py:524} INFO - 24/10/24 15:18:43 INFO BlockManagerMaster: BlockManagerMaster stopped
[2024-10-24T15:18:43.233+0000] {spark_submit.py:524} INFO - 24/10/24 15:18:43 INFO OutputCommitCoordinator$OutputCommitCoordinatorEndpoint: OutputCommitCoordinator stopped!
[2024-10-24T15:18:43.242+0000] {spark_submit.py:524} INFO - 24/10/24 15:18:43 INFO SparkContext: Successfully stopped SparkContext
[2024-10-24T15:18:43.244+0000] {spark_submit.py:524} INFO - 24/10/24 15:18:43 INFO ShutdownHookManager: Shutdown hook called
[2024-10-24T15:18:43.247+0000] {spark_submit.py:524} INFO - 24/10/24 15:18:43 INFO ShutdownHookManager: Deleting directory /tmp/spark-35b3b560-4b37-45b3-b049-c1dd22e8c5fa
[2024-10-24T15:18:43.253+0000] {spark_submit.py:524} INFO - 24/10/24 15:18:43 INFO ShutdownHookManager: Deleting directory /tmp/spark-35b3b560-4b37-45b3-b049-c1dd22e8c5fa/pyspark-4a957c6d-dc65-4102-9967-ea4fd9931f63
[2024-10-24T15:18:43.258+0000] {spark_submit.py:524} INFO - 24/10/24 15:18:43 INFO ShutdownHookManager: Deleting directory /tmp/spark-35ccc262-c976-4051-a375-b12e96171609
[2024-10-24T15:18:43.330+0000] {taskinstance.py:1935} ERROR - Task failed with exception
Traceback (most recent call last):
  File "/home/airflow/.local/lib/python3.11/site-packages/airflow/providers/apache/spark/operators/spark_submit.py", line 183, in execute
    self._hook.submit(self._application)
  File "/home/airflow/.local/lib/python3.11/site-packages/airflow/providers/apache/spark/hooks/spark_submit.py", line 451, in submit
    raise AirflowException(
airflow.exceptions.AirflowException: Cannot execute: spark-submit --master spark://spark-master:7077 --name arrow-spark jobs/silver/api_openbrewerydb.py. Error code is: 1.
[2024-10-24T15:18:43.334+0000] {taskinstance.py:1398} INFO - Marking task as UP_FOR_RETRY. dag_id=api_openbrewerydb_to_silver_gold, task_id=Silver, execution_date=20241024T151831, start_date=20241024T151832, end_date=20241024T151843
[2024-10-24T15:18:43.346+0000] {standard_task_runner.py:104} ERROR - Failed to execute job 132 for task Silver (Cannot execute: spark-submit --master spark://spark-master:7077 --name arrow-spark jobs/silver/api_openbrewerydb.py. Error code is: 1.; 664)
[2024-10-24T15:18:43.373+0000] {local_task_job_runner.py:228} INFO - Task exited with return code 1
[2024-10-24T15:18:43.402+0000] {taskinstance.py:2776} INFO - 0 downstream tasks scheduled from follow-on schedule check
