[2024-10-24T15:24:24.139+0000] {taskinstance.py:1157} INFO - Dependencies all met for dep_context=non-requeueable deps ti=<TaskInstance: api_openbrewerydb_to_silver_gold.Silver manual__2024-10-24T15:18:31.635251+00:00 [queued]>
[2024-10-24T15:24:24.147+0000] {taskinstance.py:1157} INFO - Dependencies all met for dep_context=requeueable deps ti=<TaskInstance: api_openbrewerydb_to_silver_gold.Silver manual__2024-10-24T15:18:31.635251+00:00 [queued]>
[2024-10-24T15:24:24.147+0000] {taskinstance.py:1359} INFO - Starting attempt 2 of 2
[2024-10-24T15:24:24.157+0000] {taskinstance.py:1380} INFO - Executing <Task(SparkSubmitOperator): Silver> on 2024-10-24 15:18:31.635251+00:00
[2024-10-24T15:24:24.162+0000] {standard_task_runner.py:57} INFO - Started process 184 to run task
[2024-10-24T15:24:24.165+0000] {standard_task_runner.py:84} INFO - Running: ['***', 'tasks', 'run', 'api_openbrewerydb_to_silver_gold', 'Silver', 'manual__2024-10-24T15:18:31.635251+00:00', '--job-id', '134', '--raw', '--subdir', 'DAGS_FOLDER/api_openbrewerydb_to_silver.py', '--cfg-path', '/tmp/tmpgndwouz1']
[2024-10-24T15:24:24.167+0000] {standard_task_runner.py:85} INFO - Job 134: Subtask Silver
[2024-10-24T15:24:24.219+0000] {task_command.py:415} INFO - Running <TaskInstance: api_openbrewerydb_to_silver_gold.Silver manual__2024-10-24T15:18:31.635251+00:00 [running]> on host e995fa603d7f
[2024-10-24T15:24:24.311+0000] {taskinstance.py:1660} INFO - Exporting env vars: AIRFLOW_CTX_DAG_OWNER='Rodrigo Araujo' AIRFLOW_CTX_DAG_ID='api_openbrewerydb_to_silver_gold' AIRFLOW_CTX_TASK_ID='Silver' AIRFLOW_CTX_EXECUTION_DATE='2024-10-24T15:18:31.635251+00:00' AIRFLOW_CTX_TRY_NUMBER='2' AIRFLOW_CTX_DAG_RUN_ID='manual__2024-10-24T15:18:31.635251+00:00'
[2024-10-24T15:24:24.322+0000] {base.py:73} INFO - Using connection ID 'spark-conn' for task execution.
[2024-10-24T15:24:24.323+0000] {spark_submit.py:363} INFO - Spark-Submit cmd: spark-submit --master spark://spark-master:7077 --name arrow-spark jobs/silver/api_openbrewerydb.py
[2024-10-24T15:24:27.619+0000] {spark_submit.py:524} INFO - 24/10/24 15:24:27 INFO SparkContext: Running Spark version 3.5.0
[2024-10-24T15:24:27.621+0000] {spark_submit.py:524} INFO - 24/10/24 15:24:27 INFO SparkContext: OS info Linux, 5.15.0-124-generic, amd64
[2024-10-24T15:24:27.621+0000] {spark_submit.py:524} INFO - 24/10/24 15:24:27 INFO SparkContext: Java version 17.0.13
[2024-10-24T15:24:27.702+0000] {spark_submit.py:524} INFO - 24/10/24 15:24:27 WARN NativeCodeLoader: Unable to load native-hadoop library for your platform... using builtin-java classes where applicable
[2024-10-24T15:24:27.807+0000] {spark_submit.py:524} INFO - 24/10/24 15:24:27 INFO ResourceUtils: ==============================================================
[2024-10-24T15:24:27.808+0000] {spark_submit.py:524} INFO - 24/10/24 15:24:27 INFO ResourceUtils: No custom resources configured for spark.driver.
[2024-10-24T15:24:27.808+0000] {spark_submit.py:524} INFO - 24/10/24 15:24:27 INFO ResourceUtils: ==============================================================
[2024-10-24T15:24:27.809+0000] {spark_submit.py:524} INFO - 24/10/24 15:24:27 INFO SparkContext: Submitted application: IngestaoSilver
[2024-10-24T15:24:27.833+0000] {spark_submit.py:524} INFO - 24/10/24 15:24:27 INFO ResourceProfile: Default ResourceProfile created, executor resources: Map(memory -> name: memory, amount: 1024, script: , vendor: , offHeap -> name: offHeap, amount: 0, script: , vendor: ), task resources: Map(cpus -> name: cpus, amount: 1.0)
[2024-10-24T15:24:27.843+0000] {spark_submit.py:524} INFO - 24/10/24 15:24:27 INFO ResourceProfile: Limiting resource is cpu
[2024-10-24T15:24:27.844+0000] {spark_submit.py:524} INFO - 24/10/24 15:24:27 INFO ResourceProfileManager: Added ResourceProfile id: 0
[2024-10-24T15:24:27.895+0000] {spark_submit.py:524} INFO - 24/10/24 15:24:27 INFO SecurityManager: Changing view acls to: ***
[2024-10-24T15:24:27.895+0000] {spark_submit.py:524} INFO - 24/10/24 15:24:27 INFO SecurityManager: Changing modify acls to: ***
[2024-10-24T15:24:27.896+0000] {spark_submit.py:524} INFO - 24/10/24 15:24:27 INFO SecurityManager: Changing view acls groups to:
[2024-10-24T15:24:27.896+0000] {spark_submit.py:524} INFO - 24/10/24 15:24:27 INFO SecurityManager: Changing modify acls groups to:
[2024-10-24T15:24:27.897+0000] {spark_submit.py:524} INFO - 24/10/24 15:24:27 INFO SecurityManager: SecurityManager: authentication disabled; ui acls disabled; users with view permissions: ***; groups with view permissions: EMPTY; users with modify permissions: ***; groups with modify permissions: EMPTY
[2024-10-24T15:24:28.121+0000] {spark_submit.py:524} INFO - 24/10/24 15:24:28 INFO Utils: Successfully started service 'sparkDriver' on port 43667.
[2024-10-24T15:24:28.145+0000] {spark_submit.py:524} INFO - 24/10/24 15:24:28 INFO SparkEnv: Registering MapOutputTracker
[2024-10-24T15:24:28.177+0000] {spark_submit.py:524} INFO - 24/10/24 15:24:28 INFO SparkEnv: Registering BlockManagerMaster
[2024-10-24T15:24:28.195+0000] {spark_submit.py:524} INFO - 24/10/24 15:24:28 INFO BlockManagerMasterEndpoint: Using org.apache.spark.storage.DefaultTopologyMapper for getting topology information
[2024-10-24T15:24:28.195+0000] {spark_submit.py:524} INFO - 24/10/24 15:24:28 INFO BlockManagerMasterEndpoint: BlockManagerMasterEndpoint up
[2024-10-24T15:24:28.199+0000] {spark_submit.py:524} INFO - 24/10/24 15:24:28 INFO SparkEnv: Registering BlockManagerMasterHeartbeat
[2024-10-24T15:24:28.220+0000] {spark_submit.py:524} INFO - 24/10/24 15:24:28 INFO DiskBlockManager: Created local directory at /tmp/blockmgr-f9a2851a-7dc6-4595-bfe5-e4405445a766
[2024-10-24T15:24:28.235+0000] {spark_submit.py:524} INFO - 24/10/24 15:24:28 INFO MemoryStore: MemoryStore started with capacity 434.4 MiB
[2024-10-24T15:24:28.250+0000] {spark_submit.py:524} INFO - 24/10/24 15:24:28 INFO SparkEnv: Registering OutputCommitCoordinator
[2024-10-24T15:24:28.378+0000] {spark_submit.py:524} INFO - 24/10/24 15:24:28 INFO JettyUtils: Start Jetty 0.0.0.0:4040 for SparkUI
[2024-10-24T15:24:28.445+0000] {spark_submit.py:524} INFO - 24/10/24 15:24:28 INFO Utils: Successfully started service 'SparkUI' on port 4040.
[2024-10-24T15:24:28.575+0000] {spark_submit.py:524} INFO - 24/10/24 15:24:28 INFO StandaloneAppClient$ClientEndpoint: Connecting to master spark://spark-master:7077...
[2024-10-24T15:24:28.626+0000] {spark_submit.py:524} INFO - 24/10/24 15:24:28 INFO TransportClientFactory: Successfully created connection to spark-master/172.18.0.3:7077 after 29 ms (0 ms spent in bootstraps)
[2024-10-24T15:24:28.825+0000] {spark_submit.py:524} INFO - 24/10/24 15:24:28 INFO StandaloneSchedulerBackend: Connected to Spark cluster with app ID app-20241024152428-0000
[2024-10-24T15:24:28.844+0000] {spark_submit.py:524} INFO - 24/10/24 15:24:28 INFO Utils: Successfully started service 'org.apache.spark.network.netty.NettyBlockTransferService' on port 32945.
[2024-10-24T15:24:28.846+0000] {spark_submit.py:524} INFO - 24/10/24 15:24:28 INFO NettyBlockTransferService: Server created on e995fa603d7f:32945
[2024-10-24T15:24:28.851+0000] {spark_submit.py:524} INFO - 24/10/24 15:24:28 INFO BlockManager: Using org.apache.spark.storage.RandomBlockReplicationPolicy for block replication policy
[2024-10-24T15:24:28.867+0000] {spark_submit.py:524} INFO - 24/10/24 15:24:28 INFO BlockManagerMaster: Registering BlockManager BlockManagerId(driver, e995fa603d7f, 32945, None)
[2024-10-24T15:24:28.874+0000] {spark_submit.py:524} INFO - 24/10/24 15:24:28 INFO BlockManagerMasterEndpoint: Registering block manager e995fa603d7f:32945 with 434.4 MiB RAM, BlockManagerId(driver, e995fa603d7f, 32945, None)
[2024-10-24T15:24:28.879+0000] {spark_submit.py:524} INFO - 24/10/24 15:24:28 INFO BlockManagerMaster: Registered BlockManager BlockManagerId(driver, e995fa603d7f, 32945, None)
[2024-10-24T15:24:28.882+0000] {spark_submit.py:524} INFO - 24/10/24 15:24:28 INFO BlockManager: Initialized BlockManager: BlockManagerId(driver, e995fa603d7f, 32945, None)
[2024-10-24T15:24:28.893+0000] {spark_submit.py:524} INFO - 24/10/24 15:24:28 INFO StandaloneAppClient$ClientEndpoint: Executor added: app-20241024152428-0000/0 on worker-20241024152407-172.18.0.5-37749 (172.18.0.5:37749) with 2 core(s)
[2024-10-24T15:24:28.910+0000] {spark_submit.py:524} INFO - 24/10/24 15:24:28 INFO StandaloneSchedulerBackend: Granted executor ID app-20241024152428-0000/0 on hostPort 172.18.0.5:37749 with 2 core(s), 1024.0 MiB RAM
[2024-10-24T15:24:29.169+0000] {spark_submit.py:524} INFO - 24/10/24 15:24:29 INFO StandaloneAppClient$ClientEndpoint: Executor updated: app-20241024152428-0000/0 is now RUNNING
[2024-10-24T15:24:29.266+0000] {spark_submit.py:524} INFO - 24/10/24 15:24:29 INFO StandaloneSchedulerBackend: SchedulerBackend is ready for scheduling beginning after reached minRegisteredResourcesRatio: 0.0
[2024-10-24T15:24:29.552+0000] {spark_submit.py:524} INFO - Hello from Spark!
[2024-10-24T15:24:29.651+0000] {spark_submit.py:524} INFO - 24/10/24 15:24:29 INFO SharedState: Setting hive.metastore.warehouse.dir ('null') to the value of spark.sql.warehouse.dir.
[2024-10-24T15:24:29.661+0000] {spark_submit.py:524} INFO - 24/10/24 15:24:29 INFO SharedState: Warehouse path is 'file:/opt/***/spark-warehouse'.
[2024-10-24T15:24:30.946+0000] {spark_submit.py:524} INFO - 24/10/24 15:24:30 INFO InMemoryFileIndex: It took 58 ms to list leaf files for 1 paths.
[2024-10-24T15:24:31.040+0000] {spark_submit.py:524} INFO - 24/10/24 15:24:31 INFO InMemoryFileIndex: It took 4 ms to list leaf files for 1 paths.
[2024-10-24T15:24:33.045+0000] {spark_submit.py:524} INFO - 24/10/24 15:24:33 INFO StandaloneSchedulerBackend$StandaloneDriverEndpoint: Registered executor NettyRpcEndpointRef(spark-client://Executor) (172.18.0.5:57234) with ID 0,  ResourceProfileId 0
[2024-10-24T15:24:33.170+0000] {spark_submit.py:524} INFO - 24/10/24 15:24:33 INFO BlockManagerMasterEndpoint: Registering block manager 172.18.0.5:42079 with 434.4 MiB RAM, BlockManagerId(0, 172.18.0.5, 42079, None)
[2024-10-24T15:24:33.786+0000] {spark_submit.py:524} INFO - 24/10/24 15:24:33 INFO FileSourceStrategy: Pushed Filters:
[2024-10-24T15:24:33.797+0000] {spark_submit.py:524} INFO - 24/10/24 15:24:33 INFO FileSourceStrategy: Post-Scan Filters:
[2024-10-24T15:24:34.004+0000] {spark_submit.py:524} INFO - 24/10/24 15:24:34 INFO MemoryStore: Block broadcast_0 stored as values in memory (estimated size 199.2 KiB, free 434.2 MiB)
[2024-10-24T15:24:34.070+0000] {spark_submit.py:524} INFO - 24/10/24 15:24:34 INFO MemoryStore: Block broadcast_0_piece0 stored as bytes in memory (estimated size 34.1 KiB, free 434.2 MiB)
[2024-10-24T15:24:34.073+0000] {spark_submit.py:524} INFO - 24/10/24 15:24:34 INFO BlockManagerInfo: Added broadcast_0_piece0 in memory on e995fa603d7f:32945 (size: 34.1 KiB, free: 434.4 MiB)
[2024-10-24T15:24:34.083+0000] {spark_submit.py:524} INFO - 24/10/24 15:24:34 INFO SparkContext: Created broadcast 0 from json at NativeMethodAccessorImpl.java:0
[2024-10-24T15:24:34.097+0000] {spark_submit.py:524} INFO - 24/10/24 15:24:34 INFO FileSourceScanExec: Planning scan with bin packing, max size: 4194304 bytes, open cost is considered as scanning 4194304 bytes.
[2024-10-24T15:24:34.217+0000] {spark_submit.py:524} INFO - 24/10/24 15:24:34 INFO SparkContext: Starting job: json at NativeMethodAccessorImpl.java:0
[2024-10-24T15:24:34.231+0000] {spark_submit.py:524} INFO - 24/10/24 15:24:34 INFO DAGScheduler: Got job 0 (json at NativeMethodAccessorImpl.java:0) with 1 output partitions
[2024-10-24T15:24:34.231+0000] {spark_submit.py:524} INFO - 24/10/24 15:24:34 INFO DAGScheduler: Final stage: ResultStage 0 (json at NativeMethodAccessorImpl.java:0)
[2024-10-24T15:24:34.232+0000] {spark_submit.py:524} INFO - 24/10/24 15:24:34 INFO DAGScheduler: Parents of final stage: List()
[2024-10-24T15:24:34.233+0000] {spark_submit.py:524} INFO - 24/10/24 15:24:34 INFO DAGScheduler: Missing parents: List()
[2024-10-24T15:24:34.236+0000] {spark_submit.py:524} INFO - 24/10/24 15:24:34 INFO DAGScheduler: Submitting ResultStage 0 (MapPartitionsRDD[3] at json at NativeMethodAccessorImpl.java:0), which has no missing parents
[2024-10-24T15:24:34.316+0000] {spark_submit.py:524} INFO - 24/10/24 15:24:34 INFO MemoryStore: Block broadcast_1 stored as values in memory (estimated size 16.0 KiB, free 434.2 MiB)
[2024-10-24T15:24:34.322+0000] {spark_submit.py:524} INFO - 24/10/24 15:24:34 INFO MemoryStore: Block broadcast_1_piece0 stored as bytes in memory (estimated size 7.5 KiB, free 434.1 MiB)
[2024-10-24T15:24:34.323+0000] {spark_submit.py:524} INFO - 24/10/24 15:24:34 INFO BlockManagerInfo: Added broadcast_1_piece0 in memory on e995fa603d7f:32945 (size: 7.5 KiB, free: 434.4 MiB)
[2024-10-24T15:24:34.324+0000] {spark_submit.py:524} INFO - 24/10/24 15:24:34 INFO SparkContext: Created broadcast 1 from broadcast at DAGScheduler.scala:1580
[2024-10-24T15:24:34.343+0000] {spark_submit.py:524} INFO - 24/10/24 15:24:34 INFO DAGScheduler: Submitting 1 missing tasks from ResultStage 0 (MapPartitionsRDD[3] at json at NativeMethodAccessorImpl.java:0) (first 15 tasks are for partitions Vector(0))
[2024-10-24T15:24:34.345+0000] {spark_submit.py:524} INFO - 24/10/24 15:24:34 INFO TaskSchedulerImpl: Adding task set 0.0 with 1 tasks resource profile 0
[2024-10-24T15:24:34.381+0000] {spark_submit.py:524} INFO - 24/10/24 15:24:34 INFO TaskSetManager: Starting task 0.0 in stage 0.0 (TID 0) (172.18.0.5, executor 0, partition 0, PROCESS_LOCAL, 8238 bytes)
[2024-10-24T15:24:34.646+0000] {spark_submit.py:524} INFO - 24/10/24 15:24:34 INFO BlockManagerInfo: Added broadcast_1_piece0 in memory on 172.18.0.5:42079 (size: 7.5 KiB, free: 434.4 MiB)
[2024-10-24T15:24:35.518+0000] {spark_submit.py:524} INFO - 24/10/24 15:24:35 INFO BlockManagerInfo: Added broadcast_0_piece0 in memory on 172.18.0.5:42079 (size: 34.1 KiB, free: 434.4 MiB)
[2024-10-24T15:24:35.789+0000] {spark_submit.py:524} INFO - 24/10/24 15:24:35 INFO TaskSetManager: Finished task 0.0 in stage 0.0 (TID 0) in 1419 ms on 172.18.0.5 (executor 0) (1/1)
[2024-10-24T15:24:35.791+0000] {spark_submit.py:524} INFO - 24/10/24 15:24:35 INFO TaskSchedulerImpl: Removed TaskSet 0.0, whose tasks have all completed, from pool
[2024-10-24T15:24:35.802+0000] {spark_submit.py:524} INFO - 24/10/24 15:24:35 INFO DAGScheduler: ResultStage 0 (json at NativeMethodAccessorImpl.java:0) finished in 1.552 s
[2024-10-24T15:24:35.805+0000] {spark_submit.py:524} INFO - 24/10/24 15:24:35 INFO DAGScheduler: Job 0 is finished. Cancelling potential speculative or zombie tasks for this job
[2024-10-24T15:24:35.806+0000] {spark_submit.py:524} INFO - 24/10/24 15:24:35 INFO TaskSchedulerImpl: Killing all running tasks in stage 0: Stage finished
[2024-10-24T15:24:35.814+0000] {spark_submit.py:524} INFO - 24/10/24 15:24:35 INFO DAGScheduler: Job 0 finished: json at NativeMethodAccessorImpl.java:0, took 1.595545 s
[2024-10-24T15:24:35.860+0000] {spark_submit.py:524} INFO - 24/10/24 15:24:35 INFO SparkContext: SparkContext is stopping with exitCode 0.
[2024-10-24T15:24:35.872+0000] {spark_submit.py:524} INFO - 24/10/24 15:24:35 INFO SparkUI: Stopped Spark web UI at http://e995fa603d7f:4040
[2024-10-24T15:24:35.876+0000] {spark_submit.py:524} INFO - 24/10/24 15:24:35 INFO StandaloneSchedulerBackend: Shutting down all executors
[2024-10-24T15:24:35.877+0000] {spark_submit.py:524} INFO - 24/10/24 15:24:35 INFO StandaloneSchedulerBackend$StandaloneDriverEndpoint: Asking each executor to shut down
[2024-10-24T15:24:35.898+0000] {spark_submit.py:524} INFO - 24/10/24 15:24:35 INFO MapOutputTrackerMasterEndpoint: MapOutputTrackerMasterEndpoint stopped!
[2024-10-24T15:24:35.958+0000] {spark_submit.py:524} INFO - 24/10/24 15:24:35 INFO MemoryStore: MemoryStore cleared
[2024-10-24T15:24:35.958+0000] {spark_submit.py:524} INFO - 24/10/24 15:24:35 INFO BlockManager: BlockManager stopped
[2024-10-24T15:24:35.967+0000] {spark_submit.py:524} INFO - 24/10/24 15:24:35 INFO BlockManagerMaster: BlockManagerMaster stopped
[2024-10-24T15:24:35.971+0000] {spark_submit.py:524} INFO - 24/10/24 15:24:35 INFO OutputCommitCoordinator$OutputCommitCoordinatorEndpoint: OutputCommitCoordinator stopped!
[2024-10-24T15:24:36.003+0000] {spark_submit.py:524} INFO - 24/10/24 15:24:36 INFO SparkContext: Successfully stopped SparkContext
[2024-10-24T15:24:36.506+0000] {spark_submit.py:524} INFO - 24/10/24 15:24:36 INFO ShutdownHookManager: Shutdown hook called
[2024-10-24T15:24:36.508+0000] {spark_submit.py:524} INFO - 24/10/24 15:24:36 INFO ShutdownHookManager: Deleting directory /tmp/spark-18babf13-34e6-4957-bad6-9fb6edb9b8de
[2024-10-24T15:24:36.523+0000] {spark_submit.py:524} INFO - 24/10/24 15:24:36 INFO ShutdownHookManager: Deleting directory /tmp/spark-7b22a368-cfea-4984-9223-abf13ee9953b
[2024-10-24T15:24:36.536+0000] {spark_submit.py:524} INFO - 24/10/24 15:24:36 INFO ShutdownHookManager: Deleting directory /tmp/spark-7b22a368-cfea-4984-9223-abf13ee9953b/pyspark-0534eba5-f620-4ca1-b454-9bd7863ba6ff
[2024-10-24T15:24:36.653+0000] {taskinstance.py:1398} INFO - Marking task as SUCCESS. dag_id=api_openbrewerydb_to_silver_gold, task_id=Silver, execution_date=20241024T151831, start_date=20241024T152424, end_date=20241024T152436
[2024-10-24T15:24:36.696+0000] {local_task_job_runner.py:228} INFO - Task exited with return code 0
[2024-10-24T15:24:36.725+0000] {taskinstance.py:2776} INFO - 1 downstream tasks scheduled from follow-on schedule check
