[2024-10-24T14:28:45.000+0000] {taskinstance.py:1157} INFO - Dependencies all met for dep_context=non-requeueable deps ti=<TaskInstance: api_openbrewerydb_to_silver_gold.Gold scheduled__2023-11-02T08:00:00+00:00 [queued]>
[2024-10-24T14:28:45.007+0000] {taskinstance.py:1157} INFO - Dependencies all met for dep_context=requeueable deps ti=<TaskInstance: api_openbrewerydb_to_silver_gold.Gold scheduled__2023-11-02T08:00:00+00:00 [queued]>
[2024-10-24T14:28:45.007+0000] {taskinstance.py:1359} INFO - Starting attempt 1 of 2
[2024-10-24T14:28:45.016+0000] {taskinstance.py:1380} INFO - Executing <Task(SparkSubmitOperator): Gold> on 2023-11-02 08:00:00+00:00
[2024-10-24T14:28:45.020+0000] {standard_task_runner.py:57} INFO - Started process 4209 to run task
[2024-10-24T14:28:45.022+0000] {standard_task_runner.py:84} INFO - Running: ['***', 'tasks', 'run', 'api_openbrewerydb_to_silver_gold', 'Gold', 'scheduled__2023-11-02T08:00:00+00:00', '--job-id', '30', '--raw', '--subdir', 'DAGS_FOLDER/api_openbrewerydb_to_silver.py', '--cfg-path', '/tmp/tmph6xmt0d2']
[2024-10-24T14:28:45.026+0000] {standard_task_runner.py:85} INFO - Job 30: Subtask Gold
[2024-10-24T14:28:45.070+0000] {task_command.py:415} INFO - Running <TaskInstance: api_openbrewerydb_to_silver_gold.Gold scheduled__2023-11-02T08:00:00+00:00 [running]> on host 96f89615839b
[2024-10-24T14:28:45.146+0000] {taskinstance.py:1660} INFO - Exporting env vars: AIRFLOW_CTX_DAG_OWNER='Rodrigo Araujo' AIRFLOW_CTX_DAG_ID='api_openbrewerydb_to_silver_gold' AIRFLOW_CTX_TASK_ID='Gold' AIRFLOW_CTX_EXECUTION_DATE='2023-11-02T08:00:00+00:00' AIRFLOW_CTX_TRY_NUMBER='1' AIRFLOW_CTX_DAG_RUN_ID='scheduled__2023-11-02T08:00:00+00:00'
[2024-10-24T14:28:45.156+0000] {base.py:73} INFO - Using connection ID 'spark-conn' for task execution.
[2024-10-24T14:28:45.157+0000] {spark_submit.py:363} INFO - Spark-Submit cmd: spark-submit --master spark://spark-master:7077 --name arrow-spark jobs/gold/api_openbrewerydb.py
[2024-10-24T14:28:47.970+0000] {spark_submit.py:524} INFO - 24/10/24 14:28:47 INFO SparkContext: Running Spark version 3.5.3
[2024-10-24T14:28:47.972+0000] {spark_submit.py:524} INFO - 24/10/24 14:28:47 INFO SparkContext: OS info Linux, 5.15.0-124-generic, amd64
[2024-10-24T14:28:47.972+0000] {spark_submit.py:524} INFO - 24/10/24 14:28:47 INFO SparkContext: Java version 11.0.25
[2024-10-24T14:28:48.030+0000] {spark_submit.py:524} INFO - 24/10/24 14:28:48 WARN NativeCodeLoader: Unable to load native-hadoop library for your platform... using builtin-java classes where applicable
[2024-10-24T14:28:48.122+0000] {spark_submit.py:524} INFO - 24/10/24 14:28:48 INFO ResourceUtils: ==============================================================
[2024-10-24T14:28:48.122+0000] {spark_submit.py:524} INFO - 24/10/24 14:28:48 INFO ResourceUtils: No custom resources configured for spark.driver.
[2024-10-24T14:28:48.122+0000] {spark_submit.py:524} INFO - 24/10/24 14:28:48 INFO ResourceUtils: ==============================================================
[2024-10-24T14:28:48.123+0000] {spark_submit.py:524} INFO - 24/10/24 14:28:48 INFO SparkContext: Submitted application: IngestaoSilver
[2024-10-24T14:28:48.144+0000] {spark_submit.py:524} INFO - 24/10/24 14:28:48 INFO ResourceProfile: Default ResourceProfile created, executor resources: Map(memory -> name: memory, amount: 1024, script: , vendor: , offHeap -> name: offHeap, amount: 0, script: , vendor: ), task resources: Map(cpus -> name: cpus, amount: 1.0)
[2024-10-24T14:28:48.157+0000] {spark_submit.py:524} INFO - 24/10/24 14:28:48 INFO ResourceProfile: Limiting resource is cpu
[2024-10-24T14:28:48.158+0000] {spark_submit.py:524} INFO - 24/10/24 14:28:48 INFO ResourceProfileManager: Added ResourceProfile id: 0
[2024-10-24T14:28:48.203+0000] {spark_submit.py:524} INFO - 24/10/24 14:28:48 INFO SecurityManager: Changing view acls to: ***
[2024-10-24T14:28:48.204+0000] {spark_submit.py:524} INFO - 24/10/24 14:28:48 INFO SecurityManager: Changing modify acls to: ***
[2024-10-24T14:28:48.204+0000] {spark_submit.py:524} INFO - 24/10/24 14:28:48 INFO SecurityManager: Changing view acls groups to:
[2024-10-24T14:28:48.205+0000] {spark_submit.py:524} INFO - 24/10/24 14:28:48 INFO SecurityManager: Changing modify acls groups to:
[2024-10-24T14:28:48.205+0000] {spark_submit.py:524} INFO - 24/10/24 14:28:48 INFO SecurityManager: SecurityManager: authentication disabled; ui acls disabled; users with view permissions: ***; groups with view permissions: EMPTY; users with modify permissions: ***; groups with modify permissions: EMPTY
[2024-10-24T14:28:48.478+0000] {spark_submit.py:524} INFO - 24/10/24 14:28:48 INFO Utils: Successfully started service 'sparkDriver' on port 37491.
[2024-10-24T14:28:48.519+0000] {spark_submit.py:524} INFO - 24/10/24 14:28:48 INFO SparkEnv: Registering MapOutputTracker
[2024-10-24T14:28:48.563+0000] {spark_submit.py:524} INFO - 24/10/24 14:28:48 INFO SparkEnv: Registering BlockManagerMaster
[2024-10-24T14:28:48.591+0000] {spark_submit.py:524} INFO - 24/10/24 14:28:48 INFO BlockManagerMasterEndpoint: Using org.apache.spark.storage.DefaultTopologyMapper for getting topology information
[2024-10-24T14:28:48.592+0000] {spark_submit.py:524} INFO - 24/10/24 14:28:48 INFO BlockManagerMasterEndpoint: BlockManagerMasterEndpoint up
[2024-10-24T14:28:48.596+0000] {spark_submit.py:524} INFO - 24/10/24 14:28:48 INFO SparkEnv: Registering BlockManagerMasterHeartbeat
[2024-10-24T14:28:48.623+0000] {spark_submit.py:524} INFO - 24/10/24 14:28:48 INFO DiskBlockManager: Created local directory at /tmp/blockmgr-553abe34-c6c9-4bb8-85fd-771e47a1989a
[2024-10-24T14:28:48.641+0000] {spark_submit.py:524} INFO - 24/10/24 14:28:48 INFO MemoryStore: MemoryStore started with capacity 434.4 MiB
[2024-10-24T14:28:48.661+0000] {spark_submit.py:524} INFO - 24/10/24 14:28:48 INFO SparkEnv: Registering OutputCommitCoordinator
[2024-10-24T14:28:48.829+0000] {spark_submit.py:524} INFO - 24/10/24 14:28:48 INFO JettyUtils: Start Jetty 0.0.0.0:4040 for SparkUI
[2024-10-24T14:28:48.885+0000] {spark_submit.py:524} INFO - 24/10/24 14:28:48 INFO Utils: Successfully started service 'SparkUI' on port 4040.
[2024-10-24T14:28:49.025+0000] {spark_submit.py:524} INFO - 24/10/24 14:28:49 INFO StandaloneAppClient$ClientEndpoint: Connecting to master spark://spark-master:7077...
[2024-10-24T14:28:49.090+0000] {spark_submit.py:524} INFO - 24/10/24 14:28:49 INFO TransportClientFactory: Successfully created connection to spark-master/172.18.0.2:7077 after 38 ms (0 ms spent in bootstraps)
[2024-10-24T14:28:49.213+0000] {spark_submit.py:524} INFO - 24/10/24 14:28:49 INFO StandaloneSchedulerBackend: Connected to Spark cluster with app ID app-20241024142849-0025
[2024-10-24T14:28:49.220+0000] {spark_submit.py:524} INFO - 24/10/24 14:28:49 INFO StandaloneAppClient$ClientEndpoint: Executor added: app-20241024142849-0025/0 on worker-20241024142308-172.18.0.5-43899 (172.18.0.5:43899) with 2 core(s)
[2024-10-24T14:28:49.223+0000] {spark_submit.py:524} INFO - 24/10/24 14:28:49 INFO StandaloneSchedulerBackend: Granted executor ID app-20241024142849-0025/0 on hostPort 172.18.0.5:43899 with 2 core(s), 1024.0 MiB RAM
[2024-10-24T14:28:49.234+0000] {spark_submit.py:524} INFO - 24/10/24 14:28:49 INFO Utils: Successfully started service 'org.apache.spark.network.netty.NettyBlockTransferService' on port 40591.
[2024-10-24T14:28:49.234+0000] {spark_submit.py:524} INFO - 24/10/24 14:28:49 INFO NettyBlockTransferService: Server created on 96f89615839b:40591
[2024-10-24T14:28:49.239+0000] {spark_submit.py:524} INFO - 24/10/24 14:28:49 INFO BlockManager: Using org.apache.spark.storage.RandomBlockReplicationPolicy for block replication policy
[2024-10-24T14:28:49.263+0000] {spark_submit.py:524} INFO - 24/10/24 14:28:49 INFO BlockManagerMaster: Registering BlockManager BlockManagerId(driver, 96f89615839b, 40591, None)
[2024-10-24T14:28:49.271+0000] {spark_submit.py:524} INFO - 24/10/24 14:28:49 INFO BlockManagerMasterEndpoint: Registering block manager 96f89615839b:40591 with 434.4 MiB RAM, BlockManagerId(driver, 96f89615839b, 40591, None)
[2024-10-24T14:28:49.282+0000] {spark_submit.py:524} INFO - 24/10/24 14:28:49 INFO BlockManagerMaster: Registered BlockManager BlockManagerId(driver, 96f89615839b, 40591, None)
[2024-10-24T14:28:49.286+0000] {spark_submit.py:524} INFO - 24/10/24 14:28:49 INFO BlockManager: Initialized BlockManager: BlockManagerId(driver, 96f89615839b, 40591, None)
[2024-10-24T14:28:49.287+0000] {spark_submit.py:524} INFO - 24/10/24 14:28:49 INFO StandaloneAppClient$ClientEndpoint: Executor updated: app-20241024142849-0025/0 is now RUNNING
[2024-10-24T14:28:49.673+0000] {spark_submit.py:524} INFO - 24/10/24 14:28:49 INFO StandaloneSchedulerBackend: SchedulerBackend is ready for scheduling beginning after reached minRegisteredResourcesRatio: 0.0
[2024-10-24T14:28:49.893+0000] {spark_submit.py:524} INFO - Hello from Spark!
[2024-10-24T14:28:49.894+0000] {spark_submit.py:524} INFO - 24/10/24 14:28:49 INFO SparkContext: SparkContext is stopping with exitCode 0.
[2024-10-24T14:28:49.904+0000] {spark_submit.py:524} INFO - 24/10/24 14:28:49 INFO SparkUI: Stopped Spark web UI at http://96f89615839b:4040
[2024-10-24T14:28:49.910+0000] {spark_submit.py:524} INFO - 24/10/24 14:28:49 INFO StandaloneSchedulerBackend: Shutting down all executors
[2024-10-24T14:28:49.915+0000] {spark_submit.py:524} INFO - 24/10/24 14:28:49 INFO StandaloneSchedulerBackend$StandaloneDriverEndpoint: Asking each executor to shut down
[2024-10-24T14:28:49.934+0000] {spark_submit.py:524} INFO - 24/10/24 14:28:49 INFO MapOutputTrackerMasterEndpoint: MapOutputTrackerMasterEndpoint stopped!
[2024-10-24T14:28:49.946+0000] {spark_submit.py:524} INFO - 24/10/24 14:28:49 INFO MemoryStore: MemoryStore cleared
[2024-10-24T14:28:49.947+0000] {spark_submit.py:524} INFO - 24/10/24 14:28:49 INFO BlockManager: BlockManager stopped
[2024-10-24T14:28:49.953+0000] {spark_submit.py:524} INFO - 24/10/24 14:28:49 INFO BlockManagerMaster: BlockManagerMaster stopped
[2024-10-24T14:28:49.955+0000] {spark_submit.py:524} INFO - 24/10/24 14:28:49 INFO OutputCommitCoordinator$OutputCommitCoordinatorEndpoint: OutputCommitCoordinator stopped!
[2024-10-24T14:28:49.975+0000] {spark_submit.py:524} INFO - 24/10/24 14:28:49 INFO SparkContext: Successfully stopped SparkContext
[2024-10-24T14:28:50.284+0000] {spark_submit.py:524} INFO - 24/10/24 14:28:50 INFO ShutdownHookManager: Shutdown hook called
[2024-10-24T14:28:50.285+0000] {spark_submit.py:524} INFO - 24/10/24 14:28:50 INFO ShutdownHookManager: Deleting directory /tmp/spark-939b7040-0fcf-4c29-84d7-627ec4e04e7e
[2024-10-24T14:28:50.288+0000] {spark_submit.py:524} INFO - 24/10/24 14:28:50 INFO ShutdownHookManager: Deleting directory /tmp/spark-5e0735bc-9f31-421d-9aa6-8d03ee5203c7
[2024-10-24T14:28:50.291+0000] {spark_submit.py:524} INFO - 24/10/24 14:28:50 INFO ShutdownHookManager: Deleting directory /tmp/spark-939b7040-0fcf-4c29-84d7-627ec4e04e7e/pyspark-d1c06f49-11e1-405b-b40d-198af13d0554
[2024-10-24T14:28:50.380+0000] {taskinstance.py:1398} INFO - Marking task as SUCCESS. dag_id=api_openbrewerydb_to_silver_gold, task_id=Gold, execution_date=20231102T080000, start_date=20241024T142845, end_date=20241024T142850
[2024-10-24T14:28:50.405+0000] {local_task_job_runner.py:228} INFO - Task exited with return code 0
[2024-10-24T14:28:50.421+0000] {taskinstance.py:2776} INFO - 0 downstream tasks scheduled from follow-on schedule check
