[2024-10-24T01:21:55.479+0000] {taskinstance.py:1157} INFO - Dependencies all met for dep_context=non-requeueable deps ti=<TaskInstance: api_openbrewerydb_to_silver_gold.Silver scheduled__2023-11-23T08:00:00+00:00 [queued]>
[2024-10-24T01:21:55.496+0000] {taskinstance.py:1157} INFO - Dependencies all met for dep_context=requeueable deps ti=<TaskInstance: api_openbrewerydb_to_silver_gold.Silver scheduled__2023-11-23T08:00:00+00:00 [queued]>
[2024-10-24T01:21:55.496+0000] {taskinstance.py:1359} INFO - Starting attempt 1 of 3
[2024-10-24T01:21:55.518+0000] {taskinstance.py:1380} INFO - Executing <Task(SparkSubmitOperator): Silver> on 2023-11-23 08:00:00+00:00
[2024-10-24T01:21:55.527+0000] {standard_task_runner.py:57} INFO - Started process 6778 to run task
[2024-10-24T01:21:55.531+0000] {standard_task_runner.py:84} INFO - Running: ['***', 'tasks', 'run', 'api_openbrewerydb_to_silver_gold', 'Silver', 'scheduled__2023-11-23T08:00:00+00:00', '--job-id', '106', '--raw', '--subdir', 'DAGS_FOLDER/api_openbrewerydb_to_silver.py', '--cfg-path', '/tmp/tmpn6sx3ji3']
[2024-10-24T01:21:55.539+0000] {standard_task_runner.py:85} INFO - Job 106: Subtask Silver
[2024-10-24T01:21:55.637+0000] {task_command.py:415} INFO - Running <TaskInstance: api_openbrewerydb_to_silver_gold.Silver scheduled__2023-11-23T08:00:00+00:00 [running]> on host de5108c6da1d
[2024-10-24T01:21:55.826+0000] {taskinstance.py:1660} INFO - Exporting env vars: AIRFLOW_CTX_DAG_OWNER='Rodrigo Araujo' AIRFLOW_CTX_DAG_ID='api_openbrewerydb_to_silver_gold' AIRFLOW_CTX_TASK_ID='Silver' AIRFLOW_CTX_EXECUTION_DATE='2023-11-23T08:00:00+00:00' AIRFLOW_CTX_TRY_NUMBER='1' AIRFLOW_CTX_DAG_RUN_ID='scheduled__2023-11-23T08:00:00+00:00'
[2024-10-24T01:21:55.853+0000] {base.py:73} INFO - Using connection ID 'spark-conn' for task execution.
[2024-10-24T01:21:55.855+0000] {spark_submit.py:363} INFO - Spark-Submit cmd: spark-submit --master spark://spark-master:7077 --name arrow-spark --queue root.default jobs/silver/api_openbrewerydb.py
[2024-10-24T01:22:03.420+0000] {spark_submit.py:524} INFO - 24/10/24 01:22:03 INFO SparkContext: Running Spark version 3.5.3
[2024-10-24T01:22:03.428+0000] {spark_submit.py:524} INFO - 24/10/24 01:22:03 INFO SparkContext: OS info Linux, 5.15.0-124-generic, amd64
[2024-10-24T01:22:03.430+0000] {spark_submit.py:524} INFO - 24/10/24 01:22:03 INFO SparkContext: Java version 11.0.25
[2024-10-24T01:22:03.608+0000] {spark_submit.py:524} INFO - 24/10/24 01:22:03 WARN NativeCodeLoader: Unable to load native-hadoop library for your platform... using builtin-java classes where applicable
[2024-10-24T01:22:03.855+0000] {spark_submit.py:524} INFO - 24/10/24 01:22:03 INFO ResourceUtils: ==============================================================
[2024-10-24T01:22:03.857+0000] {spark_submit.py:524} INFO - 24/10/24 01:22:03 INFO ResourceUtils: No custom resources configured for spark.driver.
[2024-10-24T01:22:03.859+0000] {spark_submit.py:524} INFO - 24/10/24 01:22:03 INFO ResourceUtils: ==============================================================
[2024-10-24T01:22:03.861+0000] {spark_submit.py:524} INFO - 24/10/24 01:22:03 INFO SparkContext: Submitted application: IngestaoSilver
[2024-10-24T01:22:03.929+0000] {spark_submit.py:524} INFO - 24/10/24 01:22:03 INFO ResourceProfile: Default ResourceProfile created, executor resources: Map(memory -> name: memory, amount: 1024, script: , vendor: , offHeap -> name: offHeap, amount: 0, script: , vendor: ), task resources: Map(cpus -> name: cpus, amount: 1.0)
[2024-10-24T01:22:03.970+0000] {spark_submit.py:524} INFO - 24/10/24 01:22:03 INFO ResourceProfile: Limiting resource is cpu
[2024-10-24T01:22:03.972+0000] {spark_submit.py:524} INFO - 24/10/24 01:22:03 INFO ResourceProfileManager: Added ResourceProfile id: 0
[2024-10-24T01:22:04.118+0000] {spark_submit.py:524} INFO - 24/10/24 01:22:04 INFO SecurityManager: Changing view acls to: ***
[2024-10-24T01:22:04.120+0000] {spark_submit.py:524} INFO - 24/10/24 01:22:04 INFO SecurityManager: Changing modify acls to: ***
[2024-10-24T01:22:04.122+0000] {spark_submit.py:524} INFO - 24/10/24 01:22:04 INFO SecurityManager: Changing view acls groups to:
[2024-10-24T01:22:04.124+0000] {spark_submit.py:524} INFO - 24/10/24 01:22:04 INFO SecurityManager: Changing modify acls groups to:
[2024-10-24T01:22:04.125+0000] {spark_submit.py:524} INFO - 24/10/24 01:22:04 INFO SecurityManager: SecurityManager: authentication disabled; ui acls disabled; users with view permissions: ***; groups with view permissions: EMPTY; users with modify permissions: ***; groups with modify permissions: EMPTY
[2024-10-24T01:22:04.826+0000] {spark_submit.py:524} INFO - 24/10/24 01:22:04 INFO Utils: Successfully started service 'sparkDriver' on port 39797.
[2024-10-24T01:22:04.885+0000] {spark_submit.py:524} INFO - 24/10/24 01:22:04 INFO SparkEnv: Registering MapOutputTracker
[2024-10-24T01:22:04.955+0000] {spark_submit.py:524} INFO - 24/10/24 01:22:04 INFO SparkEnv: Registering BlockManagerMaster
[2024-10-24T01:22:05.019+0000] {spark_submit.py:524} INFO - 24/10/24 01:22:05 INFO BlockManagerMasterEndpoint: Using org.apache.spark.storage.DefaultTopologyMapper for getting topology information
[2024-10-24T01:22:05.021+0000] {spark_submit.py:524} INFO - 24/10/24 01:22:05 INFO BlockManagerMasterEndpoint: BlockManagerMasterEndpoint up
[2024-10-24T01:22:05.030+0000] {spark_submit.py:524} INFO - 24/10/24 01:22:05 INFO SparkEnv: Registering BlockManagerMasterHeartbeat
[2024-10-24T01:22:05.092+0000] {spark_submit.py:524} INFO - 24/10/24 01:22:05 INFO DiskBlockManager: Created local directory at /tmp/blockmgr-002c6305-5c1d-49cb-8650-45f3d0c1c786
[2024-10-24T01:22:05.133+0000] {spark_submit.py:524} INFO - 24/10/24 01:22:05 INFO MemoryStore: MemoryStore started with capacity 434.4 MiB
[2024-10-24T01:22:05.169+0000] {spark_submit.py:524} INFO - 24/10/24 01:22:05 INFO SparkEnv: Registering OutputCommitCoordinator
[2024-10-24T01:22:05.537+0000] {spark_submit.py:524} INFO - 24/10/24 01:22:05 INFO JettyUtils: Start Jetty 0.0.0.0:4040 for SparkUI
[2024-10-24T01:22:05.689+0000] {spark_submit.py:524} INFO - 24/10/24 01:22:05 WARN Utils: Service 'SparkUI' could not bind on port 4040. Attempting port 4041.
[2024-10-24T01:22:05.720+0000] {spark_submit.py:524} INFO - 24/10/24 01:22:05 INFO Utils: Successfully started service 'SparkUI' on port 4041.
[2024-10-24T01:22:06.183+0000] {spark_submit.py:524} INFO - 24/10/24 01:22:06 INFO StandaloneAppClient$ClientEndpoint: Connecting to master spark://spark-master:7077...
[2024-10-24T01:22:06.388+0000] {spark_submit.py:524} INFO - 24/10/24 01:22:06 INFO TransportClientFactory: Successfully created connection to spark-master/172.22.0.3:7077 after 99 ms (0 ms spent in bootstraps)
[2024-10-24T01:22:06.714+0000] {spark_submit.py:524} INFO - 24/10/24 01:22:06 INFO StandaloneSchedulerBackend: Connected to Spark cluster with app ID app-20241024012206-0037
[2024-10-24T01:22:06.740+0000] {spark_submit.py:524} INFO - 24/10/24 01:22:06 INFO Utils: Successfully started service 'org.apache.spark.network.netty.NettyBlockTransferService' on port 36167.
[2024-10-24T01:22:06.743+0000] {spark_submit.py:524} INFO - 24/10/24 01:22:06 INFO NettyBlockTransferService: Server created on de5108c6da1d:36167
[2024-10-24T01:22:06.751+0000] {spark_submit.py:524} INFO - 24/10/24 01:22:06 INFO BlockManager: Using org.apache.spark.storage.RandomBlockReplicationPolicy for block replication policy
[2024-10-24T01:22:06.773+0000] {spark_submit.py:524} INFO - 24/10/24 01:22:06 INFO BlockManagerMaster: Registering BlockManager BlockManagerId(driver, de5108c6da1d, 36167, None)
[2024-10-24T01:22:06.783+0000] {spark_submit.py:524} INFO - 24/10/24 01:22:06 INFO BlockManagerMasterEndpoint: Registering block manager de5108c6da1d:36167 with 434.4 MiB RAM, BlockManagerId(driver, de5108c6da1d, 36167, None)
[2024-10-24T01:22:06.790+0000] {spark_submit.py:524} INFO - 24/10/24 01:22:06 INFO BlockManagerMaster: Registered BlockManager BlockManagerId(driver, de5108c6da1d, 36167, None)
[2024-10-24T01:22:06.794+0000] {spark_submit.py:524} INFO - 24/10/24 01:22:06 INFO BlockManager: Initialized BlockManager: BlockManagerId(driver, de5108c6da1d, 36167, None)
[2024-10-24T01:22:07.375+0000] {spark_submit.py:524} INFO - 24/10/24 01:22:07 INFO StandaloneAppClient$ClientEndpoint: Executor added: app-20241024012206-0037/0 on worker-20241024010948-172.22.0.4-41535 (172.22.0.4:41535) with 2 core(s)
[2024-10-24T01:22:07.380+0000] {spark_submit.py:524} INFO - 24/10/24 01:22:07 INFO StandaloneSchedulerBackend: Granted executor ID app-20241024012206-0037/0 on hostPort 172.22.0.4:41535 with 2 core(s), 1024.0 MiB RAM
[2024-10-24T01:22:07.435+0000] {spark_submit.py:524} INFO - 24/10/24 01:22:07 INFO StandaloneAppClient$ClientEndpoint: Executor updated: app-20241024012206-0037/0 is now RUNNING
[2024-10-24T01:22:07.503+0000] {spark_submit.py:524} INFO - 24/10/24 01:22:07 INFO StandaloneSchedulerBackend: SchedulerBackend is ready for scheduling beginning after reached minRegisteredResourcesRatio: 0.0
[2024-10-24T01:22:08.098+0000] {spark_submit.py:524} INFO - Hello from Spark!
[2024-10-24T01:22:08.100+0000] {spark_submit.py:524} INFO - 24/10/24 01:22:08 INFO SparkContext: SparkContext is stopping with exitCode 0.
[2024-10-24T01:22:08.119+0000] {spark_submit.py:524} INFO - 24/10/24 01:22:08 INFO SparkUI: Stopped Spark web UI at http://de5108c6da1d:4041
[2024-10-24T01:22:08.135+0000] {spark_submit.py:524} INFO - 24/10/24 01:22:08 INFO StandaloneSchedulerBackend: Shutting down all executors
[2024-10-24T01:22:08.143+0000] {spark_submit.py:524} INFO - 24/10/24 01:22:08 INFO StandaloneSchedulerBackend$StandaloneDriverEndpoint: Asking each executor to shut down
[2024-10-24T01:22:08.218+0000] {spark_submit.py:524} INFO - 24/10/24 01:22:08 INFO MapOutputTrackerMasterEndpoint: MapOutputTrackerMasterEndpoint stopped!
[2024-10-24T01:22:08.254+0000] {spark_submit.py:524} INFO - 24/10/24 01:22:08 INFO MemoryStore: MemoryStore cleared
[2024-10-24T01:22:08.255+0000] {spark_submit.py:524} INFO - 24/10/24 01:22:08 INFO BlockManager: BlockManager stopped
[2024-10-24T01:22:08.272+0000] {spark_submit.py:524} INFO - 24/10/24 01:22:08 INFO BlockManagerMaster: BlockManagerMaster stopped
[2024-10-24T01:22:08.281+0000] {spark_submit.py:524} INFO - 24/10/24 01:22:08 INFO OutputCommitCoordinator$OutputCommitCoordinatorEndpoint: OutputCommitCoordinator stopped!
[2024-10-24T01:22:08.301+0000] {spark_submit.py:524} INFO - 24/10/24 01:22:08 INFO SparkContext: Successfully stopped SparkContext
[2024-10-24T01:22:08.676+0000] {spark_submit.py:524} INFO - 24/10/24 01:22:08 INFO ShutdownHookManager: Shutdown hook called
[2024-10-24T01:22:08.678+0000] {spark_submit.py:524} INFO - 24/10/24 01:22:08 INFO ShutdownHookManager: Deleting directory /tmp/spark-2a002058-5480-4e3e-85e1-2b1984c3074e
[2024-10-24T01:22:08.683+0000] {spark_submit.py:524} INFO - 24/10/24 01:22:08 INFO ShutdownHookManager: Deleting directory /tmp/spark-0e427bc1-1ccc-4471-a504-480563726e92
[2024-10-24T01:22:08.689+0000] {spark_submit.py:524} INFO - 24/10/24 01:22:08 INFO ShutdownHookManager: Deleting directory /tmp/spark-0e427bc1-1ccc-4471-a504-480563726e92/pyspark-5fc69b67-f237-46b5-9020-0398300ffbcd
[2024-10-24T01:22:08.809+0000] {taskinstance.py:1398} INFO - Marking task as SUCCESS. dag_id=api_openbrewerydb_to_silver_gold, task_id=Silver, execution_date=20231123T080000, start_date=20241024T012155, end_date=20241024T012208
[2024-10-24T01:22:08.877+0000] {local_task_job_runner.py:228} INFO - Task exited with return code 0
[2024-10-24T01:22:08.945+0000] {taskinstance.py:2776} INFO - 1 downstream tasks scheduled from follow-on schedule check
