[2024-10-24T01:18:12.326+0000] {taskinstance.py:1157} INFO - Dependencies all met for dep_context=non-requeueable deps ti=<TaskInstance: api_openbrewerydb_to_silver_gold.Gold scheduled__2023-11-07T08:00:00+00:00 [queued]>
[2024-10-24T01:18:12.337+0000] {taskinstance.py:1157} INFO - Dependencies all met for dep_context=requeueable deps ti=<TaskInstance: api_openbrewerydb_to_silver_gold.Gold scheduled__2023-11-07T08:00:00+00:00 [queued]>
[2024-10-24T01:18:12.337+0000] {taskinstance.py:1359} INFO - Starting attempt 1 of 3
[2024-10-24T01:18:12.353+0000] {taskinstance.py:1380} INFO - Executing <Task(SparkSubmitOperator): Gold> on 2023-11-07 08:00:00+00:00
[2024-10-24T01:18:12.360+0000] {standard_task_runner.py:57} INFO - Started process 1959 to run task
[2024-10-24T01:18:12.362+0000] {standard_task_runner.py:84} INFO - Running: ['***', 'tasks', 'run', 'api_openbrewerydb_to_silver_gold', 'Gold', 'scheduled__2023-11-07T08:00:00+00:00', '--job-id', '76', '--raw', '--subdir', 'DAGS_FOLDER/api_openbrewerydb_to_silver.py', '--cfg-path', '/tmp/tmpe7_teaqz']
[2024-10-24T01:18:12.367+0000] {standard_task_runner.py:85} INFO - Job 76: Subtask Gold
[2024-10-24T01:18:12.425+0000] {task_command.py:415} INFO - Running <TaskInstance: api_openbrewerydb_to_silver_gold.Gold scheduled__2023-11-07T08:00:00+00:00 [running]> on host de5108c6da1d
[2024-10-24T01:18:12.528+0000] {taskinstance.py:1660} INFO - Exporting env vars: AIRFLOW_CTX_DAG_OWNER='Rodrigo Araujo' AIRFLOW_CTX_DAG_ID='api_openbrewerydb_to_silver_gold' AIRFLOW_CTX_TASK_ID='Gold' AIRFLOW_CTX_EXECUTION_DATE='2023-11-07T08:00:00+00:00' AIRFLOW_CTX_TRY_NUMBER='1' AIRFLOW_CTX_DAG_RUN_ID='scheduled__2023-11-07T08:00:00+00:00'
[2024-10-24T01:18:12.543+0000] {base.py:73} INFO - Using connection ID 'spark-conn' for task execution.
[2024-10-24T01:18:12.544+0000] {spark_submit.py:363} INFO - Spark-Submit cmd: spark-submit --master spark://spark-master:7077 --name arrow-spark --queue root.default jobs/gold/api_openbrewerydb.py
[2024-10-24T01:18:18.468+0000] {spark_submit.py:524} INFO - 24/10/24 01:18:18 INFO SparkContext: Running Spark version 3.5.3
[2024-10-24T01:18:18.471+0000] {spark_submit.py:524} INFO - 24/10/24 01:18:18 INFO SparkContext: OS info Linux, 5.15.0-124-generic, amd64
[2024-10-24T01:18:18.472+0000] {spark_submit.py:524} INFO - 24/10/24 01:18:18 INFO SparkContext: Java version 11.0.25
[2024-10-24T01:18:18.549+0000] {spark_submit.py:524} INFO - 24/10/24 01:18:18 WARN NativeCodeLoader: Unable to load native-hadoop library for your platform... using builtin-java classes where applicable
[2024-10-24T01:18:18.689+0000] {spark_submit.py:524} INFO - 24/10/24 01:18:18 INFO ResourceUtils: ==============================================================
[2024-10-24T01:18:18.690+0000] {spark_submit.py:524} INFO - 24/10/24 01:18:18 INFO ResourceUtils: No custom resources configured for spark.driver.
[2024-10-24T01:18:18.691+0000] {spark_submit.py:524} INFO - 24/10/24 01:18:18 INFO ResourceUtils: ==============================================================
[2024-10-24T01:18:18.692+0000] {spark_submit.py:524} INFO - 24/10/24 01:18:18 INFO SparkContext: Submitted application: IngestaoSilver
[2024-10-24T01:18:18.731+0000] {spark_submit.py:524} INFO - 24/10/24 01:18:18 INFO ResourceProfile: Default ResourceProfile created, executor resources: Map(memory -> name: memory, amount: 1024, script: , vendor: , offHeap -> name: offHeap, amount: 0, script: , vendor: ), task resources: Map(cpus -> name: cpus, amount: 1.0)
[2024-10-24T01:18:18.752+0000] {spark_submit.py:524} INFO - 24/10/24 01:18:18 INFO ResourceProfile: Limiting resource is cpu
[2024-10-24T01:18:18.753+0000] {spark_submit.py:524} INFO - 24/10/24 01:18:18 INFO ResourceProfileManager: Added ResourceProfile id: 0
[2024-10-24T01:18:18.837+0000] {spark_submit.py:524} INFO - 24/10/24 01:18:18 INFO SecurityManager: Changing view acls to: ***
[2024-10-24T01:18:18.838+0000] {spark_submit.py:524} INFO - 24/10/24 01:18:18 INFO SecurityManager: Changing modify acls to: ***
[2024-10-24T01:18:18.839+0000] {spark_submit.py:524} INFO - 24/10/24 01:18:18 INFO SecurityManager: Changing view acls groups to:
[2024-10-24T01:18:18.840+0000] {spark_submit.py:524} INFO - 24/10/24 01:18:18 INFO SecurityManager: Changing modify acls groups to:
[2024-10-24T01:18:18.841+0000] {spark_submit.py:524} INFO - 24/10/24 01:18:18 INFO SecurityManager: SecurityManager: authentication disabled; ui acls disabled; users with view permissions: ***; groups with view permissions: EMPTY; users with modify permissions: ***; groups with modify permissions: EMPTY
[2024-10-24T01:18:19.276+0000] {spark_submit.py:524} INFO - 24/10/24 01:18:19 INFO Utils: Successfully started service 'sparkDriver' on port 42045.
[2024-10-24T01:18:19.321+0000] {spark_submit.py:524} INFO - 24/10/24 01:18:19 INFO SparkEnv: Registering MapOutputTracker
[2024-10-24T01:18:19.364+0000] {spark_submit.py:524} INFO - 24/10/24 01:18:19 INFO SparkEnv: Registering BlockManagerMaster
[2024-10-24T01:18:19.391+0000] {spark_submit.py:524} INFO - 24/10/24 01:18:19 INFO BlockManagerMasterEndpoint: Using org.apache.spark.storage.DefaultTopologyMapper for getting topology information
[2024-10-24T01:18:19.392+0000] {spark_submit.py:524} INFO - 24/10/24 01:18:19 INFO BlockManagerMasterEndpoint: BlockManagerMasterEndpoint up
[2024-10-24T01:18:19.396+0000] {spark_submit.py:524} INFO - 24/10/24 01:18:19 INFO SparkEnv: Registering BlockManagerMasterHeartbeat
[2024-10-24T01:18:19.427+0000] {spark_submit.py:524} INFO - 24/10/24 01:18:19 INFO DiskBlockManager: Created local directory at /tmp/blockmgr-82998a5d-426f-4a1e-a7c5-57964cbb3d7d
[2024-10-24T01:18:19.448+0000] {spark_submit.py:524} INFO - 24/10/24 01:18:19 INFO MemoryStore: MemoryStore started with capacity 434.4 MiB
[2024-10-24T01:18:19.468+0000] {spark_submit.py:524} INFO - 24/10/24 01:18:19 INFO SparkEnv: Registering OutputCommitCoordinator
[2024-10-24T01:18:19.786+0000] {spark_submit.py:524} INFO - 24/10/24 01:18:19 INFO JettyUtils: Start Jetty 0.0.0.0:4040 for SparkUI
[2024-10-24T01:18:19.908+0000] {spark_submit.py:524} INFO - 24/10/24 01:18:19 INFO Utils: Successfully started service 'SparkUI' on port 4040.
[2024-10-24T01:18:20.133+0000] {spark_submit.py:524} INFO - 24/10/24 01:18:20 INFO StandaloneAppClient$ClientEndpoint: Connecting to master spark://spark-master:7077...
[2024-10-24T01:18:20.219+0000] {spark_submit.py:524} INFO - 24/10/24 01:18:20 INFO TransportClientFactory: Successfully created connection to spark-master/172.22.0.3:7077 after 55 ms (0 ms spent in bootstraps)
[2024-10-24T01:18:20.354+0000] {spark_submit.py:524} INFO - 24/10/24 01:18:20 INFO StandaloneSchedulerBackend: Connected to Spark cluster with app ID app-20241024011820-0006
[2024-10-24T01:18:20.367+0000] {spark_submit.py:524} INFO - 24/10/24 01:18:20 INFO StandaloneAppClient$ClientEndpoint: Executor added: app-20241024011820-0006/0 on worker-20241024010948-172.22.0.4-41535 (172.22.0.4:41535) with 2 core(s)
[2024-10-24T01:18:20.371+0000] {spark_submit.py:524} INFO - 24/10/24 01:18:20 INFO StandaloneSchedulerBackend: Granted executor ID app-20241024011820-0006/0 on hostPort 172.22.0.4:41535 with 2 core(s), 1024.0 MiB RAM
[2024-10-24T01:18:20.382+0000] {spark_submit.py:524} INFO - 24/10/24 01:18:20 INFO Utils: Successfully started service 'org.apache.spark.network.netty.NettyBlockTransferService' on port 43749.
[2024-10-24T01:18:20.383+0000] {spark_submit.py:524} INFO - 24/10/24 01:18:20 INFO NettyBlockTransferService: Server created on de5108c6da1d:43749
[2024-10-24T01:18:20.387+0000] {spark_submit.py:524} INFO - 24/10/24 01:18:20 INFO BlockManager: Using org.apache.spark.storage.RandomBlockReplicationPolicy for block replication policy
[2024-10-24T01:18:20.418+0000] {spark_submit.py:524} INFO - 24/10/24 01:18:20 INFO BlockManagerMaster: Registering BlockManager BlockManagerId(driver, de5108c6da1d, 43749, None)
[2024-10-24T01:18:20.429+0000] {spark_submit.py:524} INFO - 24/10/24 01:18:20 INFO BlockManagerMasterEndpoint: Registering block manager de5108c6da1d:43749 with 434.4 MiB RAM, BlockManagerId(driver, de5108c6da1d, 43749, None)
[2024-10-24T01:18:20.446+0000] {spark_submit.py:524} INFO - 24/10/24 01:18:20 INFO BlockManagerMaster: Registered BlockManager BlockManagerId(driver, de5108c6da1d, 43749, None)
[2024-10-24T01:18:20.463+0000] {spark_submit.py:524} INFO - 24/10/24 01:18:20 INFO BlockManager: Initialized BlockManager: BlockManagerId(driver, de5108c6da1d, 43749, None)
[2024-10-24T01:18:20.509+0000] {spark_submit.py:524} INFO - 24/10/24 01:18:20 INFO StandaloneAppClient$ClientEndpoint: Executor updated: app-20241024011820-0006/0 is now RUNNING
[2024-10-24T01:18:21.098+0000] {spark_submit.py:524} INFO - 24/10/24 01:18:21 INFO StandaloneSchedulerBackend: SchedulerBackend is ready for scheduling beginning after reached minRegisteredResourcesRatio: 0.0
[2024-10-24T01:18:21.662+0000] {spark_submit.py:524} INFO - Hello from Spark!
[2024-10-24T01:18:21.664+0000] {spark_submit.py:524} INFO - 24/10/24 01:18:21 INFO SparkContext: SparkContext is stopping with exitCode 0.
[2024-10-24T01:18:21.698+0000] {spark_submit.py:524} INFO - 24/10/24 01:18:21 INFO SparkUI: Stopped Spark web UI at http://de5108c6da1d:4040
[2024-10-24T01:18:21.719+0000] {spark_submit.py:524} INFO - 24/10/24 01:18:21 INFO StandaloneSchedulerBackend: Shutting down all executors
[2024-10-24T01:18:21.731+0000] {spark_submit.py:524} INFO - 24/10/24 01:18:21 INFO StandaloneSchedulerBackend$StandaloneDriverEndpoint: Asking each executor to shut down
[2024-10-24T01:18:21.791+0000] {spark_submit.py:524} INFO - 24/10/24 01:18:21 INFO MapOutputTrackerMasterEndpoint: MapOutputTrackerMasterEndpoint stopped!
[2024-10-24T01:18:21.842+0000] {spark_submit.py:524} INFO - 24/10/24 01:18:21 INFO MemoryStore: MemoryStore cleared
[2024-10-24T01:18:21.845+0000] {spark_submit.py:524} INFO - 24/10/24 01:18:21 INFO BlockManager: BlockManager stopped
[2024-10-24T01:18:21.863+0000] {spark_submit.py:524} INFO - 24/10/24 01:18:21 INFO BlockManagerMaster: BlockManagerMaster stopped
[2024-10-24T01:18:21.868+0000] {spark_submit.py:524} INFO - 24/10/24 01:18:21 INFO OutputCommitCoordinator$OutputCommitCoordinatorEndpoint: OutputCommitCoordinator stopped!
[2024-10-24T01:18:21.914+0000] {spark_submit.py:524} INFO - 24/10/24 01:18:21 INFO SparkContext: Successfully stopped SparkContext
[2024-10-24T01:18:22.305+0000] {spark_submit.py:524} INFO - 24/10/24 01:18:22 INFO ShutdownHookManager: Shutdown hook called
[2024-10-24T01:18:22.308+0000] {spark_submit.py:524} INFO - 24/10/24 01:18:22 INFO ShutdownHookManager: Deleting directory /tmp/spark-8921367f-724a-426f-8d5f-ff16cc1c26ff
[2024-10-24T01:18:22.318+0000] {spark_submit.py:524} INFO - 24/10/24 01:18:22 INFO ShutdownHookManager: Deleting directory /tmp/spark-d4d88e5f-3cf9-4c2a-934c-87d2432b3802
[2024-10-24T01:18:22.326+0000] {spark_submit.py:524} INFO - 24/10/24 01:18:22 INFO ShutdownHookManager: Deleting directory /tmp/spark-d4d88e5f-3cf9-4c2a-934c-87d2432b3802/pyspark-65fe88b6-e3c9-4049-a4ac-60a8bc9c4631
[2024-10-24T01:18:22.442+0000] {taskinstance.py:1398} INFO - Marking task as SUCCESS. dag_id=api_openbrewerydb_to_silver_gold, task_id=Gold, execution_date=20231107T080000, start_date=20241024T011812, end_date=20241024T011822
[2024-10-24T01:18:22.463+0000] {local_task_job_runner.py:228} INFO - Task exited with return code 0
[2024-10-24T01:18:22.479+0000] {taskinstance.py:2776} INFO - 0 downstream tasks scheduled from follow-on schedule check
[2024-10-24T14:29:54.888+0000] {logging_mixin.py:151} INFO - Changing /opt/***/logs/dag_id=api_openbrewerydb_to_silver_gold/run_id=scheduled__2023-11-07T08:00:00+00:00/task_id=Gold permission to 509
[2024-10-24T14:29:54.895+0000] {logging_mixin.py:151} INFO - Failed to change /opt/***/logs/dag_id=api_openbrewerydb_to_silver_gold/run_id=scheduled__2023-11-07T08:00:00+00:00/task_id=Gold permission to 509: [Errno 1] Operation not permitted: '/opt/***/logs/dag_id=api_openbrewerydb_to_silver_gold/run_id=scheduled__2023-11-07T08:00:00+00:00/task_id=Gold'
[2024-10-24T14:29:54.925+0000] {logging_mixin.py:151} INFO - Changing /opt/***/logs/dag_id=api_openbrewerydb_to_silver_gold/run_id=scheduled__2023-11-07T08:00:00+00:00/task_id=Gold permission to 509
[2024-10-24T14:29:54.925+0000] {logging_mixin.py:151} INFO - Failed to change /opt/***/logs/dag_id=api_openbrewerydb_to_silver_gold/run_id=scheduled__2023-11-07T08:00:00+00:00/task_id=Gold permission to 509: [Errno 1] Operation not permitted: '/opt/***/logs/dag_id=api_openbrewerydb_to_silver_gold/run_id=scheduled__2023-11-07T08:00:00+00:00/task_id=Gold'
[2024-10-24T14:29:54.955+0000] {taskinstance.py:1157} INFO - Dependencies all met for dep_context=non-requeueable deps ti=<TaskInstance: api_openbrewerydb_to_silver_gold.Gold scheduled__2023-11-07T08:00:00+00:00 [queued]>
[2024-10-24T14:29:54.962+0000] {taskinstance.py:1157} INFO - Dependencies all met for dep_context=requeueable deps ti=<TaskInstance: api_openbrewerydb_to_silver_gold.Gold scheduled__2023-11-07T08:00:00+00:00 [queued]>
[2024-10-24T14:29:54.962+0000] {taskinstance.py:1359} INFO - Starting attempt 1 of 2
[2024-10-24T14:29:54.971+0000] {taskinstance.py:1380} INFO - Executing <Task(SparkSubmitOperator): Gold> on 2023-11-07 08:00:00+00:00
[2024-10-24T14:29:54.975+0000] {standard_task_runner.py:57} INFO - Started process 5809 to run task
[2024-10-24T14:29:54.977+0000] {standard_task_runner.py:84} INFO - Running: ['***', 'tasks', 'run', 'api_openbrewerydb_to_silver_gold', 'Gold', 'scheduled__2023-11-07T08:00:00+00:00', '--job-id', '40', '--raw', '--subdir', 'DAGS_FOLDER/api_openbrewerydb_to_silver.py', '--cfg-path', '/tmp/tmpca3v0kmi']
[2024-10-24T14:29:54.981+0000] {standard_task_runner.py:85} INFO - Job 40: Subtask Gold
[2024-10-24T14:29:55.024+0000] {logging_mixin.py:151} INFO - Changing /opt/***/logs/dag_id=api_openbrewerydb_to_silver_gold/run_id=scheduled__2023-11-07T08:00:00+00:00/task_id=Gold permission to 509
[2024-10-24T14:29:55.024+0000] {logging_mixin.py:151} INFO - Failed to change /opt/***/logs/dag_id=api_openbrewerydb_to_silver_gold/run_id=scheduled__2023-11-07T08:00:00+00:00/task_id=Gold permission to 509: [Errno 1] Operation not permitted: '/opt/***/logs/dag_id=api_openbrewerydb_to_silver_gold/run_id=scheduled__2023-11-07T08:00:00+00:00/task_id=Gold'
[2024-10-24T14:29:55.025+0000] {task_command.py:415} INFO - Running <TaskInstance: api_openbrewerydb_to_silver_gold.Gold scheduled__2023-11-07T08:00:00+00:00 [running]> on host 96f89615839b
[2024-10-24T14:29:55.115+0000] {taskinstance.py:1660} INFO - Exporting env vars: AIRFLOW_CTX_DAG_OWNER='Rodrigo Araujo' AIRFLOW_CTX_DAG_ID='api_openbrewerydb_to_silver_gold' AIRFLOW_CTX_TASK_ID='Gold' AIRFLOW_CTX_EXECUTION_DATE='2023-11-07T08:00:00+00:00' AIRFLOW_CTX_TRY_NUMBER='1' AIRFLOW_CTX_DAG_RUN_ID='scheduled__2023-11-07T08:00:00+00:00'
[2024-10-24T14:29:55.126+0000] {base.py:73} INFO - Using connection ID 'spark-conn' for task execution.
[2024-10-24T14:29:55.126+0000] {spark_submit.py:363} INFO - Spark-Submit cmd: spark-submit --master spark://spark-master:7077 --name arrow-spark jobs/gold/api_openbrewerydb.py
[2024-10-24T14:29:58.040+0000] {spark_submit.py:524} INFO - 24/10/24 14:29:58 INFO SparkContext: Running Spark version 3.5.3
[2024-10-24T14:29:58.042+0000] {spark_submit.py:524} INFO - 24/10/24 14:29:58 INFO SparkContext: OS info Linux, 5.15.0-124-generic, amd64
[2024-10-24T14:29:58.042+0000] {spark_submit.py:524} INFO - 24/10/24 14:29:58 INFO SparkContext: Java version 11.0.25
[2024-10-24T14:29:58.103+0000] {spark_submit.py:524} INFO - 24/10/24 14:29:58 WARN NativeCodeLoader: Unable to load native-hadoop library for your platform... using builtin-java classes where applicable
[2024-10-24T14:29:58.197+0000] {spark_submit.py:524} INFO - 24/10/24 14:29:58 INFO ResourceUtils: ==============================================================
[2024-10-24T14:29:58.197+0000] {spark_submit.py:524} INFO - 24/10/24 14:29:58 INFO ResourceUtils: No custom resources configured for spark.driver.
[2024-10-24T14:29:58.198+0000] {spark_submit.py:524} INFO - 24/10/24 14:29:58 INFO ResourceUtils: ==============================================================
[2024-10-24T14:29:58.198+0000] {spark_submit.py:524} INFO - 24/10/24 14:29:58 INFO SparkContext: Submitted application: IngestaoSilver
[2024-10-24T14:29:58.223+0000] {spark_submit.py:524} INFO - 24/10/24 14:29:58 INFO ResourceProfile: Default ResourceProfile created, executor resources: Map(memory -> name: memory, amount: 1024, script: , vendor: , offHeap -> name: offHeap, amount: 0, script: , vendor: ), task resources: Map(cpus -> name: cpus, amount: 1.0)
[2024-10-24T14:29:58.237+0000] {spark_submit.py:524} INFO - 24/10/24 14:29:58 INFO ResourceProfile: Limiting resource is cpu
[2024-10-24T14:29:58.238+0000] {spark_submit.py:524} INFO - 24/10/24 14:29:58 INFO ResourceProfileManager: Added ResourceProfile id: 0
[2024-10-24T14:29:58.284+0000] {spark_submit.py:524} INFO - 24/10/24 14:29:58 INFO SecurityManager: Changing view acls to: ***
[2024-10-24T14:29:58.285+0000] {spark_submit.py:524} INFO - 24/10/24 14:29:58 INFO SecurityManager: Changing modify acls to: ***
[2024-10-24T14:29:58.287+0000] {spark_submit.py:524} INFO - 24/10/24 14:29:58 INFO SecurityManager: Changing view acls groups to:
[2024-10-24T14:29:58.287+0000] {spark_submit.py:524} INFO - 24/10/24 14:29:58 INFO SecurityManager: Changing modify acls groups to:
[2024-10-24T14:29:58.287+0000] {spark_submit.py:524} INFO - 24/10/24 14:29:58 INFO SecurityManager: SecurityManager: authentication disabled; ui acls disabled; users with view permissions: ***; groups with view permissions: EMPTY; users with modify permissions: ***; groups with modify permissions: EMPTY
[2024-10-24T14:29:58.565+0000] {spark_submit.py:524} INFO - 24/10/24 14:29:58 INFO Utils: Successfully started service 'sparkDriver' on port 40975.
[2024-10-24T14:29:58.593+0000] {spark_submit.py:524} INFO - 24/10/24 14:29:58 INFO SparkEnv: Registering MapOutputTracker
[2024-10-24T14:29:58.627+0000] {spark_submit.py:524} INFO - 24/10/24 14:29:58 INFO SparkEnv: Registering BlockManagerMaster
[2024-10-24T14:29:58.648+0000] {spark_submit.py:524} INFO - 24/10/24 14:29:58 INFO BlockManagerMasterEndpoint: Using org.apache.spark.storage.DefaultTopologyMapper for getting topology information
[2024-10-24T14:29:58.649+0000] {spark_submit.py:524} INFO - 24/10/24 14:29:58 INFO BlockManagerMasterEndpoint: BlockManagerMasterEndpoint up
[2024-10-24T14:29:58.652+0000] {spark_submit.py:524} INFO - 24/10/24 14:29:58 INFO SparkEnv: Registering BlockManagerMasterHeartbeat
[2024-10-24T14:29:58.673+0000] {spark_submit.py:524} INFO - 24/10/24 14:29:58 INFO DiskBlockManager: Created local directory at /tmp/blockmgr-6bfa114a-209c-4d5e-a658-b9a264b141b8
[2024-10-24T14:29:58.687+0000] {spark_submit.py:524} INFO - 24/10/24 14:29:58 INFO MemoryStore: MemoryStore started with capacity 434.4 MiB
[2024-10-24T14:29:58.702+0000] {spark_submit.py:524} INFO - 24/10/24 14:29:58 INFO SparkEnv: Registering OutputCommitCoordinator
[2024-10-24T14:29:58.841+0000] {spark_submit.py:524} INFO - 24/10/24 14:29:58 INFO JettyUtils: Start Jetty 0.0.0.0:4040 for SparkUI
[2024-10-24T14:29:58.887+0000] {spark_submit.py:524} INFO - 24/10/24 14:29:58 INFO Utils: Successfully started service 'SparkUI' on port 4040.
[2024-10-24T14:29:59.017+0000] {spark_submit.py:524} INFO - 24/10/24 14:29:59 INFO StandaloneAppClient$ClientEndpoint: Connecting to master spark://spark-master:7077...
[2024-10-24T14:29:59.068+0000] {spark_submit.py:524} INFO - 24/10/24 14:29:59 INFO TransportClientFactory: Successfully created connection to spark-master/172.18.0.2:7077 after 29 ms (0 ms spent in bootstraps)
[2024-10-24T14:29:59.152+0000] {spark_submit.py:524} INFO - 24/10/24 14:29:59 INFO StandaloneSchedulerBackend: Connected to Spark cluster with app ID app-20241024142959-0035
[2024-10-24T14:29:59.156+0000] {spark_submit.py:524} INFO - 24/10/24 14:29:59 INFO StandaloneAppClient$ClientEndpoint: Executor added: app-20241024142959-0035/0 on worker-20241024142308-172.18.0.5-43899 (172.18.0.5:43899) with 2 core(s)
[2024-10-24T14:29:59.159+0000] {spark_submit.py:524} INFO - 24/10/24 14:29:59 INFO StandaloneSchedulerBackend: Granted executor ID app-20241024142959-0035/0 on hostPort 172.18.0.5:43899 with 2 core(s), 1024.0 MiB RAM
[2024-10-24T14:29:59.168+0000] {spark_submit.py:524} INFO - 24/10/24 14:29:59 INFO Utils: Successfully started service 'org.apache.spark.network.netty.NettyBlockTransferService' on port 43195.
[2024-10-24T14:29:59.170+0000] {spark_submit.py:524} INFO - 24/10/24 14:29:59 INFO NettyBlockTransferService: Server created on 96f89615839b:43195
[2024-10-24T14:29:59.174+0000] {spark_submit.py:524} INFO - 24/10/24 14:29:59 INFO BlockManager: Using org.apache.spark.storage.RandomBlockReplicationPolicy for block replication policy
[2024-10-24T14:29:59.193+0000] {spark_submit.py:524} INFO - 24/10/24 14:29:59 INFO BlockManagerMaster: Registering BlockManager BlockManagerId(driver, 96f89615839b, 43195, None)
[2024-10-24T14:29:59.201+0000] {spark_submit.py:524} INFO - 24/10/24 14:29:59 INFO BlockManagerMasterEndpoint: Registering block manager 96f89615839b:43195 with 434.4 MiB RAM, BlockManagerId(driver, 96f89615839b, 43195, None)
[2024-10-24T14:29:59.205+0000] {spark_submit.py:524} INFO - 24/10/24 14:29:59 INFO BlockManagerMaster: Registered BlockManager BlockManagerId(driver, 96f89615839b, 43195, None)
[2024-10-24T14:29:59.208+0000] {spark_submit.py:524} INFO - 24/10/24 14:29:59 INFO BlockManager: Initialized BlockManager: BlockManagerId(driver, 96f89615839b, 43195, None)
[2024-10-24T14:29:59.208+0000] {spark_submit.py:524} INFO - 24/10/24 14:29:59 INFO StandaloneAppClient$ClientEndpoint: Executor updated: app-20241024142959-0035/0 is now RUNNING
[2024-10-24T14:29:59.522+0000] {spark_submit.py:524} INFO - 24/10/24 14:29:59 INFO StandaloneSchedulerBackend: SchedulerBackend is ready for scheduling beginning after reached minRegisteredResourcesRatio: 0.0
[2024-10-24T14:29:59.724+0000] {spark_submit.py:524} INFO - Hello from Spark!
[2024-10-24T14:29:59.725+0000] {spark_submit.py:524} INFO - 24/10/24 14:29:59 INFO SparkContext: SparkContext is stopping with exitCode 0.
[2024-10-24T14:29:59.735+0000] {spark_submit.py:524} INFO - 24/10/24 14:29:59 INFO SparkUI: Stopped Spark web UI at http://96f89615839b:4040
[2024-10-24T14:29:59.739+0000] {spark_submit.py:524} INFO - 24/10/24 14:29:59 INFO StandaloneSchedulerBackend: Shutting down all executors
[2024-10-24T14:29:59.743+0000] {spark_submit.py:524} INFO - 24/10/24 14:29:59 INFO StandaloneSchedulerBackend$StandaloneDriverEndpoint: Asking each executor to shut down
[2024-10-24T14:29:59.759+0000] {spark_submit.py:524} INFO - 24/10/24 14:29:59 INFO MapOutputTrackerMasterEndpoint: MapOutputTrackerMasterEndpoint stopped!
[2024-10-24T14:29:59.770+0000] {spark_submit.py:524} INFO - 24/10/24 14:29:59 INFO MemoryStore: MemoryStore cleared
[2024-10-24T14:29:59.771+0000] {spark_submit.py:524} INFO - 24/10/24 14:29:59 INFO BlockManager: BlockManager stopped
[2024-10-24T14:29:59.775+0000] {spark_submit.py:524} INFO - 24/10/24 14:29:59 INFO BlockManagerMaster: BlockManagerMaster stopped
[2024-10-24T14:29:59.778+0000] {spark_submit.py:524} INFO - 24/10/24 14:29:59 INFO OutputCommitCoordinator$OutputCommitCoordinatorEndpoint: OutputCommitCoordinator stopped!
[2024-10-24T14:29:59.790+0000] {spark_submit.py:524} INFO - 24/10/24 14:29:59 INFO SparkContext: Successfully stopped SparkContext
[2024-10-24T14:30:00.102+0000] {spark_submit.py:524} INFO - 24/10/24 14:30:00 INFO ShutdownHookManager: Shutdown hook called
[2024-10-24T14:30:00.103+0000] {spark_submit.py:524} INFO - 24/10/24 14:30:00 INFO ShutdownHookManager: Deleting directory /tmp/spark-df0b2d04-6a26-4c98-bece-515f30e20270
[2024-10-24T14:30:00.106+0000] {spark_submit.py:524} INFO - 24/10/24 14:30:00 INFO ShutdownHookManager: Deleting directory /tmp/spark-1a7a2666-308c-40d5-9ab0-608c32b77eba
[2024-10-24T14:30:00.109+0000] {spark_submit.py:524} INFO - 24/10/24 14:30:00 INFO ShutdownHookManager: Deleting directory /tmp/spark-df0b2d04-6a26-4c98-bece-515f30e20270/pyspark-8d6c610e-e556-46a3-aef5-80d0e51e4013
[2024-10-24T14:30:00.155+0000] {taskinstance.py:1398} INFO - Marking task as SUCCESS. dag_id=api_openbrewerydb_to_silver_gold, task_id=Gold, execution_date=20231107T080000, start_date=20241024T142954, end_date=20241024T143000
[2024-10-24T14:30:00.203+0000] {local_task_job_runner.py:228} INFO - Task exited with return code 0
[2024-10-24T14:30:00.239+0000] {taskinstance.py:2776} INFO - 0 downstream tasks scheduled from follow-on schedule check
