[2024-10-24T01:38:15.633+0000] {taskinstance.py:1157} INFO - Dependencies all met for dep_context=non-requeueable deps ti=<TaskInstance: api_openbrewerydb_to_silver_gold.Silver scheduled__2023-12-19T08:00:00+00:00 [queued]>
[2024-10-24T01:38:15.641+0000] {taskinstance.py:1157} INFO - Dependencies all met for dep_context=requeueable deps ti=<TaskInstance: api_openbrewerydb_to_silver_gold.Silver scheduled__2023-12-19T08:00:00+00:00 [queued]>
[2024-10-24T01:38:15.641+0000] {taskinstance.py:1359} INFO - Starting attempt 1 of 2
[2024-10-24T01:38:15.652+0000] {taskinstance.py:1380} INFO - Executing <Task(SparkSubmitOperator): Silver> on 2023-12-19 08:00:00+00:00
[2024-10-24T01:38:15.658+0000] {standard_task_runner.py:57} INFO - Started process 2095 to run task
[2024-10-24T01:38:15.661+0000] {standard_task_runner.py:84} INFO - Running: ['***', 'tasks', 'run', 'api_openbrewerydb_to_silver_gold', 'Silver', 'scheduled__2023-12-19T08:00:00+00:00', '--job-id', '171', '--raw', '--subdir', 'DAGS_FOLDER/api_openbrewerydb_to_silver.py', '--cfg-path', '/tmp/tmpihxrpmbc']
[2024-10-24T01:38:15.664+0000] {standard_task_runner.py:85} INFO - Job 171: Subtask Silver
[2024-10-24T01:38:15.735+0000] {task_command.py:415} INFO - Running <TaskInstance: api_openbrewerydb_to_silver_gold.Silver scheduled__2023-12-19T08:00:00+00:00 [running]> on host de5108c6da1d
[2024-10-24T01:38:15.832+0000] {taskinstance.py:1660} INFO - Exporting env vars: AIRFLOW_CTX_DAG_OWNER='Rodrigo Araujo' AIRFLOW_CTX_DAG_ID='api_openbrewerydb_to_silver_gold' AIRFLOW_CTX_TASK_ID='Silver' AIRFLOW_CTX_EXECUTION_DATE='2023-12-19T08:00:00+00:00' AIRFLOW_CTX_TRY_NUMBER='1' AIRFLOW_CTX_DAG_RUN_ID='scheduled__2023-12-19T08:00:00+00:00'
[2024-10-24T01:38:15.847+0000] {base.py:73} INFO - Using connection ID 'spark-conn' for task execution.
[2024-10-24T01:38:15.848+0000] {spark_submit.py:363} INFO - Spark-Submit cmd: spark-submit --master spark://spark-master:7077 --name arrow-spark --queue root.default jobs/silver/api_openbrewerydb.py
[2024-10-24T01:38:20.391+0000] {spark_submit.py:524} INFO - 24/10/24 01:38:20 INFO SparkContext: Running Spark version 3.5.3
[2024-10-24T01:38:20.398+0000] {spark_submit.py:524} INFO - 24/10/24 01:38:20 INFO SparkContext: OS info Linux, 5.15.0-124-generic, amd64
[2024-10-24T01:38:20.399+0000] {spark_submit.py:524} INFO - 24/10/24 01:38:20 INFO SparkContext: Java version 11.0.25
[2024-10-24T01:38:20.527+0000] {spark_submit.py:524} INFO - 24/10/24 01:38:20 WARN NativeCodeLoader: Unable to load native-hadoop library for your platform... using builtin-java classes where applicable
[2024-10-24T01:38:20.699+0000] {spark_submit.py:524} INFO - 24/10/24 01:38:20 INFO ResourceUtils: ==============================================================
[2024-10-24T01:38:20.701+0000] {spark_submit.py:524} INFO - 24/10/24 01:38:20 INFO ResourceUtils: No custom resources configured for spark.driver.
[2024-10-24T01:38:20.702+0000] {spark_submit.py:524} INFO - 24/10/24 01:38:20 INFO ResourceUtils: ==============================================================
[2024-10-24T01:38:20.704+0000] {spark_submit.py:524} INFO - 24/10/24 01:38:20 INFO SparkContext: Submitted application: IngestaoSilver
[2024-10-24T01:38:20.779+0000] {spark_submit.py:524} INFO - 24/10/24 01:38:20 INFO ResourceProfile: Default ResourceProfile created, executor resources: Map(memory -> name: memory, amount: 1024, script: , vendor: , offHeap -> name: offHeap, amount: 0, script: , vendor: ), task resources: Map(cpus -> name: cpus, amount: 1.0)
[2024-10-24T01:38:20.805+0000] {spark_submit.py:524} INFO - 24/10/24 01:38:20 INFO ResourceProfile: Limiting resource is cpu
[2024-10-24T01:38:20.807+0000] {spark_submit.py:524} INFO - 24/10/24 01:38:20 INFO ResourceProfileManager: Added ResourceProfile id: 0
[2024-10-24T01:38:20.913+0000] {spark_submit.py:524} INFO - 24/10/24 01:38:20 INFO SecurityManager: Changing view acls to: ***
[2024-10-24T01:38:20.915+0000] {spark_submit.py:524} INFO - 24/10/24 01:38:20 INFO SecurityManager: Changing modify acls to: ***
[2024-10-24T01:38:20.917+0000] {spark_submit.py:524} INFO - 24/10/24 01:38:20 INFO SecurityManager: Changing view acls groups to:
[2024-10-24T01:38:20.918+0000] {spark_submit.py:524} INFO - 24/10/24 01:38:20 INFO SecurityManager: Changing modify acls groups to:
[2024-10-24T01:38:20.919+0000] {spark_submit.py:524} INFO - 24/10/24 01:38:20 INFO SecurityManager: SecurityManager: authentication disabled; ui acls disabled; users with view permissions: ***; groups with view permissions: EMPTY; users with modify permissions: ***; groups with modify permissions: EMPTY
[2024-10-24T01:38:21.381+0000] {spark_submit.py:524} INFO - 24/10/24 01:38:21 INFO Utils: Successfully started service 'sparkDriver' on port 44657.
[2024-10-24T01:38:21.429+0000] {spark_submit.py:524} INFO - 24/10/24 01:38:21 INFO SparkEnv: Registering MapOutputTracker
[2024-10-24T01:38:21.479+0000] {spark_submit.py:524} INFO - 24/10/24 01:38:21 INFO SparkEnv: Registering BlockManagerMaster
[2024-10-24T01:38:21.512+0000] {spark_submit.py:524} INFO - 24/10/24 01:38:21 INFO BlockManagerMasterEndpoint: Using org.apache.spark.storage.DefaultTopologyMapper for getting topology information
[2024-10-24T01:38:21.514+0000] {spark_submit.py:524} INFO - 24/10/24 01:38:21 INFO BlockManagerMasterEndpoint: BlockManagerMasterEndpoint up
[2024-10-24T01:38:21.519+0000] {spark_submit.py:524} INFO - 24/10/24 01:38:21 INFO SparkEnv: Registering BlockManagerMasterHeartbeat
[2024-10-24T01:38:21.553+0000] {spark_submit.py:524} INFO - 24/10/24 01:38:21 INFO DiskBlockManager: Created local directory at /tmp/blockmgr-02c9aba1-d992-49bf-9826-5cf38d1b0cf2
[2024-10-24T01:38:21.578+0000] {spark_submit.py:524} INFO - 24/10/24 01:38:21 INFO MemoryStore: MemoryStore started with capacity 434.4 MiB
[2024-10-24T01:38:21.601+0000] {spark_submit.py:524} INFO - 24/10/24 01:38:21 INFO SparkEnv: Registering OutputCommitCoordinator
[2024-10-24T01:38:21.879+0000] {spark_submit.py:524} INFO - 24/10/24 01:38:21 INFO JettyUtils: Start Jetty 0.0.0.0:4040 for SparkUI
[2024-10-24T01:38:21.986+0000] {spark_submit.py:524} INFO - 24/10/24 01:38:21 INFO Utils: Successfully started service 'SparkUI' on port 4040.
[2024-10-24T01:38:22.194+0000] {spark_submit.py:524} INFO - 24/10/24 01:38:22 INFO StandaloneAppClient$ClientEndpoint: Connecting to master spark://spark-master:7077...
[2024-10-24T01:38:22.292+0000] {spark_submit.py:524} INFO - 24/10/24 01:38:22 INFO TransportClientFactory: Successfully created connection to spark-master/172.22.0.2:7077 after 56 ms (0 ms spent in bootstraps)
[2024-10-24T01:38:22.423+0000] {spark_submit.py:524} INFO - 24/10/24 01:38:22 INFO StandaloneSchedulerBackend: Connected to Spark cluster with app ID app-20241024013822-0012
[2024-10-24T01:38:22.442+0000] {spark_submit.py:524} INFO - 24/10/24 01:38:22 INFO StandaloneAppClient$ClientEndpoint: Executor added: app-20241024013822-0012/0 on worker-20241024013655-172.22.0.4-42143 (172.22.0.4:42143) with 2 core(s)
[2024-10-24T01:38:22.449+0000] {spark_submit.py:524} INFO - 24/10/24 01:38:22 INFO StandaloneSchedulerBackend: Granted executor ID app-20241024013822-0012/0 on hostPort 172.22.0.4:42143 with 2 core(s), 1024.0 MiB RAM
[2024-10-24T01:38:22.500+0000] {spark_submit.py:524} INFO - 24/10/24 01:38:22 INFO Utils: Successfully started service 'org.apache.spark.network.netty.NettyBlockTransferService' on port 39447.
[2024-10-24T01:38:22.503+0000] {spark_submit.py:524} INFO - 24/10/24 01:38:22 INFO NettyBlockTransferService: Server created on de5108c6da1d:39447
[2024-10-24T01:38:22.508+0000] {spark_submit.py:524} INFO - 24/10/24 01:38:22 INFO BlockManager: Using org.apache.spark.storage.RandomBlockReplicationPolicy for block replication policy
[2024-10-24T01:38:22.513+0000] {spark_submit.py:524} INFO - 24/10/24 01:38:22 INFO StandaloneAppClient$ClientEndpoint: Executor updated: app-20241024013822-0012/0 is now RUNNING
[2024-10-24T01:38:22.527+0000] {spark_submit.py:524} INFO - 24/10/24 01:38:22 INFO BlockManagerMaster: Registering BlockManager BlockManagerId(driver, de5108c6da1d, 39447, None)
[2024-10-24T01:38:22.533+0000] {spark_submit.py:524} INFO - 24/10/24 01:38:22 INFO BlockManagerMasterEndpoint: Registering block manager de5108c6da1d:39447 with 434.4 MiB RAM, BlockManagerId(driver, de5108c6da1d, 39447, None)
[2024-10-24T01:38:22.537+0000] {spark_submit.py:524} INFO - 24/10/24 01:38:22 INFO BlockManagerMaster: Registered BlockManager BlockManagerId(driver, de5108c6da1d, 39447, None)
[2024-10-24T01:38:22.539+0000] {spark_submit.py:524} INFO - 24/10/24 01:38:22 INFO BlockManager: Initialized BlockManager: BlockManagerId(driver, de5108c6da1d, 39447, None)
[2024-10-24T01:38:23.148+0000] {spark_submit.py:524} INFO - 24/10/24 01:38:23 INFO StandaloneSchedulerBackend: SchedulerBackend is ready for scheduling beginning after reached minRegisteredResourcesRatio: 0.0
[2024-10-24T01:38:23.527+0000] {spark_submit.py:524} INFO - Hello from Spark!
[2024-10-24T01:38:23.529+0000] {spark_submit.py:524} INFO - 24/10/24 01:38:23 INFO SparkContext: SparkContext is stopping with exitCode 0.
[2024-10-24T01:38:23.570+0000] {spark_submit.py:524} INFO - 24/10/24 01:38:23 INFO SparkUI: Stopped Spark web UI at http://de5108c6da1d:4040
[2024-10-24T01:38:23.583+0000] {spark_submit.py:524} INFO - 24/10/24 01:38:23 INFO StandaloneSchedulerBackend: Shutting down all executors
[2024-10-24T01:38:23.593+0000] {spark_submit.py:524} INFO - 24/10/24 01:38:23 INFO StandaloneSchedulerBackend$StandaloneDriverEndpoint: Asking each executor to shut down
[2024-10-24T01:38:23.694+0000] {spark_submit.py:524} INFO - 24/10/24 01:38:23 INFO MapOutputTrackerMasterEndpoint: MapOutputTrackerMasterEndpoint stopped!
[2024-10-24T01:38:23.747+0000] {spark_submit.py:524} INFO - 24/10/24 01:38:23 INFO MemoryStore: MemoryStore cleared
[2024-10-24T01:38:23.747+0000] {spark_submit.py:524} INFO - 24/10/24 01:38:23 INFO BlockManager: BlockManager stopped
[2024-10-24T01:38:23.759+0000] {spark_submit.py:524} INFO - 24/10/24 01:38:23 INFO BlockManagerMaster: BlockManagerMaster stopped
[2024-10-24T01:38:23.762+0000] {spark_submit.py:524} INFO - 24/10/24 01:38:23 INFO OutputCommitCoordinator$OutputCommitCoordinatorEndpoint: OutputCommitCoordinator stopped!
[2024-10-24T01:38:23.777+0000] {spark_submit.py:524} INFO - 24/10/24 01:38:23 INFO SparkContext: Successfully stopped SparkContext
[2024-10-24T01:38:24.259+0000] {spark_submit.py:524} INFO - 24/10/24 01:38:24 INFO ShutdownHookManager: Shutdown hook called
[2024-10-24T01:38:24.260+0000] {spark_submit.py:524} INFO - 24/10/24 01:38:24 INFO ShutdownHookManager: Deleting directory /tmp/spark-557ca3d6-03e8-483d-bcdc-039c0cd09d91
[2024-10-24T01:38:24.264+0000] {spark_submit.py:524} INFO - 24/10/24 01:38:24 INFO ShutdownHookManager: Deleting directory /tmp/spark-270d0008-e97a-469d-bda4-bd03ed4f2e6c/pyspark-90c9a4e5-cd49-47c2-b711-4245c5c5568c
[2024-10-24T01:38:24.268+0000] {spark_submit.py:524} INFO - 24/10/24 01:38:24 INFO ShutdownHookManager: Deleting directory /tmp/spark-270d0008-e97a-469d-bda4-bd03ed4f2e6c
[2024-10-24T01:38:24.336+0000] {taskinstance.py:1398} INFO - Marking task as SUCCESS. dag_id=api_openbrewerydb_to_silver_gold, task_id=Silver, execution_date=20231219T080000, start_date=20241024T013815, end_date=20241024T013824
[2024-10-24T01:38:24.363+0000] {local_task_job_runner.py:228} INFO - Task exited with return code 0
[2024-10-24T01:38:24.381+0000] {taskinstance.py:2776} INFO - 1 downstream tasks scheduled from follow-on schedule check
