[2024-10-24T14:29:17.517+0000] {taskinstance.py:1157} INFO - Dependencies all met for dep_context=non-requeueable deps ti=<TaskInstance: api_openbrewerydb_to_silver_gold.Gold scheduled__2023-11-04T08:00:00+00:00 [queued]>
[2024-10-24T14:29:17.524+0000] {taskinstance.py:1157} INFO - Dependencies all met for dep_context=requeueable deps ti=<TaskInstance: api_openbrewerydb_to_silver_gold.Gold scheduled__2023-11-04T08:00:00+00:00 [queued]>
[2024-10-24T14:29:17.524+0000] {taskinstance.py:1359} INFO - Starting attempt 1 of 2
[2024-10-24T14:29:17.534+0000] {taskinstance.py:1380} INFO - Executing <Task(SparkSubmitOperator): Gold> on 2023-11-04 08:00:00+00:00
[2024-10-24T14:29:17.538+0000] {standard_task_runner.py:57} INFO - Started process 4848 to run task
[2024-10-24T14:29:17.540+0000] {standard_task_runner.py:84} INFO - Running: ['***', 'tasks', 'run', 'api_openbrewerydb_to_silver_gold', 'Gold', 'scheduled__2023-11-04T08:00:00+00:00', '--job-id', '34', '--raw', '--subdir', 'DAGS_FOLDER/api_openbrewerydb_to_silver.py', '--cfg-path', '/tmp/tmpne_ukz4e']
[2024-10-24T14:29:17.543+0000] {standard_task_runner.py:85} INFO - Job 34: Subtask Gold
[2024-10-24T14:29:17.587+0000] {task_command.py:415} INFO - Running <TaskInstance: api_openbrewerydb_to_silver_gold.Gold scheduled__2023-11-04T08:00:00+00:00 [running]> on host 96f89615839b
[2024-10-24T14:29:17.663+0000] {taskinstance.py:1660} INFO - Exporting env vars: AIRFLOW_CTX_DAG_OWNER='Rodrigo Araujo' AIRFLOW_CTX_DAG_ID='api_openbrewerydb_to_silver_gold' AIRFLOW_CTX_TASK_ID='Gold' AIRFLOW_CTX_EXECUTION_DATE='2023-11-04T08:00:00+00:00' AIRFLOW_CTX_TRY_NUMBER='1' AIRFLOW_CTX_DAG_RUN_ID='scheduled__2023-11-04T08:00:00+00:00'
[2024-10-24T14:29:17.674+0000] {base.py:73} INFO - Using connection ID 'spark-conn' for task execution.
[2024-10-24T14:29:17.674+0000] {spark_submit.py:363} INFO - Spark-Submit cmd: spark-submit --master spark://spark-master:7077 --name arrow-spark jobs/gold/api_openbrewerydb.py
[2024-10-24T14:29:20.379+0000] {spark_submit.py:524} INFO - 24/10/24 14:29:20 INFO SparkContext: Running Spark version 3.5.3
[2024-10-24T14:29:20.381+0000] {spark_submit.py:524} INFO - 24/10/24 14:29:20 INFO SparkContext: OS info Linux, 5.15.0-124-generic, amd64
[2024-10-24T14:29:20.381+0000] {spark_submit.py:524} INFO - 24/10/24 14:29:20 INFO SparkContext: Java version 11.0.25
[2024-10-24T14:29:20.434+0000] {spark_submit.py:524} INFO - 24/10/24 14:29:20 WARN NativeCodeLoader: Unable to load native-hadoop library for your platform... using builtin-java classes where applicable
[2024-10-24T14:29:20.511+0000] {spark_submit.py:524} INFO - 24/10/24 14:29:20 INFO ResourceUtils: ==============================================================
[2024-10-24T14:29:20.511+0000] {spark_submit.py:524} INFO - 24/10/24 14:29:20 INFO ResourceUtils: No custom resources configured for spark.driver.
[2024-10-24T14:29:20.511+0000] {spark_submit.py:524} INFO - 24/10/24 14:29:20 INFO ResourceUtils: ==============================================================
[2024-10-24T14:29:20.512+0000] {spark_submit.py:524} INFO - 24/10/24 14:29:20 INFO SparkContext: Submitted application: IngestaoSilver
[2024-10-24T14:29:20.531+0000] {spark_submit.py:524} INFO - 24/10/24 14:29:20 INFO ResourceProfile: Default ResourceProfile created, executor resources: Map(memory -> name: memory, amount: 1024, script: , vendor: , offHeap -> name: offHeap, amount: 0, script: , vendor: ), task resources: Map(cpus -> name: cpus, amount: 1.0)
[2024-10-24T14:29:20.543+0000] {spark_submit.py:524} INFO - 24/10/24 14:29:20 INFO ResourceProfile: Limiting resource is cpu
[2024-10-24T14:29:20.544+0000] {spark_submit.py:524} INFO - 24/10/24 14:29:20 INFO ResourceProfileManager: Added ResourceProfile id: 0
[2024-10-24T14:29:20.590+0000] {spark_submit.py:524} INFO - 24/10/24 14:29:20 INFO SecurityManager: Changing view acls to: ***
[2024-10-24T14:29:20.590+0000] {spark_submit.py:524} INFO - 24/10/24 14:29:20 INFO SecurityManager: Changing modify acls to: ***
[2024-10-24T14:29:20.591+0000] {spark_submit.py:524} INFO - 24/10/24 14:29:20 INFO SecurityManager: Changing view acls groups to:
[2024-10-24T14:29:20.591+0000] {spark_submit.py:524} INFO - 24/10/24 14:29:20 INFO SecurityManager: Changing modify acls groups to:
[2024-10-24T14:29:20.591+0000] {spark_submit.py:524} INFO - 24/10/24 14:29:20 INFO SecurityManager: SecurityManager: authentication disabled; ui acls disabled; users with view permissions: ***; groups with view permissions: EMPTY; users with modify permissions: ***; groups with modify permissions: EMPTY
[2024-10-24T14:29:20.807+0000] {spark_submit.py:524} INFO - 24/10/24 14:29:20 INFO Utils: Successfully started service 'sparkDriver' on port 43315.
[2024-10-24T14:29:20.831+0000] {spark_submit.py:524} INFO - 24/10/24 14:29:20 INFO SparkEnv: Registering MapOutputTracker
[2024-10-24T14:29:20.860+0000] {spark_submit.py:524} INFO - 24/10/24 14:29:20 INFO SparkEnv: Registering BlockManagerMaster
[2024-10-24T14:29:20.882+0000] {spark_submit.py:524} INFO - 24/10/24 14:29:20 INFO BlockManagerMasterEndpoint: Using org.apache.spark.storage.DefaultTopologyMapper for getting topology information
[2024-10-24T14:29:20.882+0000] {spark_submit.py:524} INFO - 24/10/24 14:29:20 INFO BlockManagerMasterEndpoint: BlockManagerMasterEndpoint up
[2024-10-24T14:29:20.886+0000] {spark_submit.py:524} INFO - 24/10/24 14:29:20 INFO SparkEnv: Registering BlockManagerMasterHeartbeat
[2024-10-24T14:29:20.904+0000] {spark_submit.py:524} INFO - 24/10/24 14:29:20 INFO DiskBlockManager: Created local directory at /tmp/blockmgr-4091a6d4-be6d-4673-a424-90f687dce8c5
[2024-10-24T14:29:20.917+0000] {spark_submit.py:524} INFO - 24/10/24 14:29:20 INFO MemoryStore: MemoryStore started with capacity 434.4 MiB
[2024-10-24T14:29:20.930+0000] {spark_submit.py:524} INFO - 24/10/24 14:29:20 INFO SparkEnv: Registering OutputCommitCoordinator
[2024-10-24T14:29:21.065+0000] {spark_submit.py:524} INFO - 24/10/24 14:29:21 INFO JettyUtils: Start Jetty 0.0.0.0:4040 for SparkUI
[2024-10-24T14:29:21.109+0000] {spark_submit.py:524} INFO - 24/10/24 14:29:21 INFO Utils: Successfully started service 'SparkUI' on port 4040.
[2024-10-24T14:29:21.222+0000] {spark_submit.py:524} INFO - 24/10/24 14:29:21 INFO StandaloneAppClient$ClientEndpoint: Connecting to master spark://spark-master:7077...
[2024-10-24T14:29:21.271+0000] {spark_submit.py:524} INFO - 24/10/24 14:29:21 INFO TransportClientFactory: Successfully created connection to spark-master/172.18.0.2:7077 after 27 ms (0 ms spent in bootstraps)
[2024-10-24T14:29:21.363+0000] {spark_submit.py:524} INFO - 24/10/24 14:29:21 INFO StandaloneSchedulerBackend: Connected to Spark cluster with app ID app-20241024142921-0029
[2024-10-24T14:29:21.366+0000] {spark_submit.py:524} INFO - 24/10/24 14:29:21 INFO StandaloneAppClient$ClientEndpoint: Executor added: app-20241024142921-0029/0 on worker-20241024142308-172.18.0.5-43899 (172.18.0.5:43899) with 2 core(s)
[2024-10-24T14:29:21.369+0000] {spark_submit.py:524} INFO - 24/10/24 14:29:21 INFO StandaloneSchedulerBackend: Granted executor ID app-20241024142921-0029/0 on hostPort 172.18.0.5:43899 with 2 core(s), 1024.0 MiB RAM
[2024-10-24T14:29:21.378+0000] {spark_submit.py:524} INFO - 24/10/24 14:29:21 INFO Utils: Successfully started service 'org.apache.spark.network.netty.NettyBlockTransferService' on port 42829.
[2024-10-24T14:29:21.378+0000] {spark_submit.py:524} INFO - 24/10/24 14:29:21 INFO NettyBlockTransferService: Server created on 96f89615839b:42829
[2024-10-24T14:29:21.383+0000] {spark_submit.py:524} INFO - 24/10/24 14:29:21 INFO BlockManager: Using org.apache.spark.storage.RandomBlockReplicationPolicy for block replication policy
[2024-10-24T14:29:21.400+0000] {spark_submit.py:524} INFO - 24/10/24 14:29:21 INFO BlockManagerMaster: Registering BlockManager BlockManagerId(driver, 96f89615839b, 42829, None)
[2024-10-24T14:29:21.407+0000] {spark_submit.py:524} INFO - 24/10/24 14:29:21 INFO BlockManagerMasterEndpoint: Registering block manager 96f89615839b:42829 with 434.4 MiB RAM, BlockManagerId(driver, 96f89615839b, 42829, None)
[2024-10-24T14:29:21.410+0000] {spark_submit.py:524} INFO - 24/10/24 14:29:21 INFO StandaloneAppClient$ClientEndpoint: Executor updated: app-20241024142921-0029/0 is now RUNNING
[2024-10-24T14:29:21.410+0000] {spark_submit.py:524} INFO - 24/10/24 14:29:21 INFO BlockManagerMaster: Registered BlockManager BlockManagerId(driver, 96f89615839b, 42829, None)
[2024-10-24T14:29:21.412+0000] {spark_submit.py:524} INFO - 24/10/24 14:29:21 INFO BlockManager: Initialized BlockManager: BlockManagerId(driver, 96f89615839b, 42829, None)
[2024-10-24T14:29:21.799+0000] {spark_submit.py:524} INFO - 24/10/24 14:29:21 INFO StandaloneSchedulerBackend: SchedulerBackend is ready for scheduling beginning after reached minRegisteredResourcesRatio: 0.0
[2024-10-24T14:29:22.066+0000] {spark_submit.py:524} INFO - Hello from Spark!
[2024-10-24T14:29:22.066+0000] {spark_submit.py:524} INFO - 24/10/24 14:29:22 INFO SparkContext: SparkContext is stopping with exitCode 0.
[2024-10-24T14:29:22.079+0000] {spark_submit.py:524} INFO - 24/10/24 14:29:22 INFO SparkUI: Stopped Spark web UI at http://96f89615839b:4040
[2024-10-24T14:29:22.084+0000] {spark_submit.py:524} INFO - 24/10/24 14:29:22 INFO StandaloneSchedulerBackend: Shutting down all executors
[2024-10-24T14:29:22.087+0000] {spark_submit.py:524} INFO - 24/10/24 14:29:22 INFO StandaloneSchedulerBackend$StandaloneDriverEndpoint: Asking each executor to shut down
[2024-10-24T14:29:22.106+0000] {spark_submit.py:524} INFO - 24/10/24 14:29:22 INFO MapOutputTrackerMasterEndpoint: MapOutputTrackerMasterEndpoint stopped!
[2024-10-24T14:29:22.121+0000] {spark_submit.py:524} INFO - 24/10/24 14:29:22 INFO MemoryStore: MemoryStore cleared
[2024-10-24T14:29:22.121+0000] {spark_submit.py:524} INFO - 24/10/24 14:29:22 INFO BlockManager: BlockManager stopped
[2024-10-24T14:29:22.132+0000] {spark_submit.py:524} INFO - 24/10/24 14:29:22 INFO BlockManagerMaster: BlockManagerMaster stopped
[2024-10-24T14:29:22.135+0000] {spark_submit.py:524} INFO - 24/10/24 14:29:22 INFO OutputCommitCoordinator$OutputCommitCoordinatorEndpoint: OutputCommitCoordinator stopped!
[2024-10-24T14:29:22.143+0000] {spark_submit.py:524} INFO - 24/10/24 14:29:22 INFO SparkContext: Successfully stopped SparkContext
[2024-10-24T14:29:22.420+0000] {spark_submit.py:524} INFO - 24/10/24 14:29:22 INFO ShutdownHookManager: Shutdown hook called
[2024-10-24T14:29:22.421+0000] {spark_submit.py:524} INFO - 24/10/24 14:29:22 INFO ShutdownHookManager: Deleting directory /tmp/spark-a05222e3-c17d-4c9a-8436-9cd049562a8f
[2024-10-24T14:29:22.424+0000] {spark_submit.py:524} INFO - 24/10/24 14:29:22 INFO ShutdownHookManager: Deleting directory /tmp/spark-3ea25c20-cb84-4ef8-b3b9-4063f70d27ce
[2024-10-24T14:29:22.427+0000] {spark_submit.py:524} INFO - 24/10/24 14:29:22 INFO ShutdownHookManager: Deleting directory /tmp/spark-a05222e3-c17d-4c9a-8436-9cd049562a8f/pyspark-73a1ea66-abb9-4015-b4e8-bb2503bfb29e
[2024-10-24T14:29:22.499+0000] {taskinstance.py:1398} INFO - Marking task as SUCCESS. dag_id=api_openbrewerydb_to_silver_gold, task_id=Gold, execution_date=20231104T080000, start_date=20241024T142917, end_date=20241024T142922
[2024-10-24T14:29:22.566+0000] {local_task_job_runner.py:228} INFO - Task exited with return code 0
[2024-10-24T14:29:22.614+0000] {taskinstance.py:2776} INFO - 0 downstream tasks scheduled from follow-on schedule check
