[2024-10-24T18:31:00.130+0000] {taskinstance.py:1157} INFO - Dependencies all met for dep_context=non-requeueable deps ti=<TaskInstance: api_openbrewerydb_to_silver_gold.Silver manual__2024-10-24T18:30:59.078058+00:00 [queued]>
[2024-10-24T18:31:00.138+0000] {taskinstance.py:1157} INFO - Dependencies all met for dep_context=requeueable deps ti=<TaskInstance: api_openbrewerydb_to_silver_gold.Silver manual__2024-10-24T18:30:59.078058+00:00 [queued]>
[2024-10-24T18:31:00.138+0000] {taskinstance.py:1359} INFO - Starting attempt 1 of 2
[2024-10-24T18:31:00.149+0000] {taskinstance.py:1380} INFO - Executing <Task(SparkSubmitOperator): Silver> on 2024-10-24 18:30:59.078058+00:00
[2024-10-24T18:31:00.154+0000] {standard_task_runner.py:57} INFO - Started process 2139 to run task
[2024-10-24T18:31:00.156+0000] {standard_task_runner.py:84} INFO - Running: ['***', 'tasks', 'run', 'api_openbrewerydb_to_silver_gold', 'Silver', 'manual__2024-10-24T18:30:59.078058+00:00', '--job-id', '182', '--raw', '--subdir', 'DAGS_FOLDER/api_openbrewerydb_to_silver_gold.py', '--cfg-path', '/tmp/tmp6yje599t']
[2024-10-24T18:31:00.158+0000] {standard_task_runner.py:85} INFO - Job 182: Subtask Silver
[2024-10-24T18:31:00.206+0000] {task_command.py:415} INFO - Running <TaskInstance: api_openbrewerydb_to_silver_gold.Silver manual__2024-10-24T18:30:59.078058+00:00 [running]> on host f55139681ae8
[2024-10-24T18:31:00.293+0000] {taskinstance.py:1660} INFO - Exporting env vars: AIRFLOW_CTX_DAG_OWNER='Rodrigo Araujo' AIRFLOW_CTX_DAG_ID='api_openbrewerydb_to_silver_gold' AIRFLOW_CTX_TASK_ID='Silver' AIRFLOW_CTX_EXECUTION_DATE='2024-10-24T18:30:59.078058+00:00' AIRFLOW_CTX_TRY_NUMBER='1' AIRFLOW_CTX_DAG_RUN_ID='manual__2024-10-24T18:30:59.078058+00:00'
[2024-10-24T18:31:00.305+0000] {base.py:73} INFO - Using connection ID 'spark-conn' for task execution.
[2024-10-24T18:31:00.306+0000] {spark_submit.py:363} INFO - Spark-Submit cmd: spark-submit --master spark://spark-master:7077 --name arrow-spark jobs/silver/api_openbrewerydb.py
[2024-10-24T18:31:02.382+0000] {spark_submit.py:524} INFO - 24/10/24 18:31:02 INFO SparkContext: Running Spark version 3.5.0
[2024-10-24T18:31:02.383+0000] {spark_submit.py:524} INFO - 24/10/24 18:31:02 INFO SparkContext: OS info Linux, 5.15.0-124-generic, amd64
[2024-10-24T18:31:02.384+0000] {spark_submit.py:524} INFO - 24/10/24 18:31:02 INFO SparkContext: Java version 17.0.13
[2024-10-24T18:31:02.428+0000] {spark_submit.py:524} INFO - 24/10/24 18:31:02 WARN NativeCodeLoader: Unable to load native-hadoop library for your platform... using builtin-java classes where applicable
[2024-10-24T18:31:02.497+0000] {spark_submit.py:524} INFO - 24/10/24 18:31:02 INFO ResourceUtils: ==============================================================
[2024-10-24T18:31:02.497+0000] {spark_submit.py:524} INFO - 24/10/24 18:31:02 INFO ResourceUtils: No custom resources configured for spark.driver.
[2024-10-24T18:31:02.497+0000] {spark_submit.py:524} INFO - 24/10/24 18:31:02 INFO ResourceUtils: ==============================================================
[2024-10-24T18:31:02.498+0000] {spark_submit.py:524} INFO - 24/10/24 18:31:02 INFO SparkContext: Submitted application: openbrewerydb_silver
[2024-10-24T18:31:02.514+0000] {spark_submit.py:524} INFO - 24/10/24 18:31:02 INFO ResourceProfile: Default ResourceProfile created, executor resources: Map(memory -> name: memory, amount: 1024, script: , vendor: , offHeap -> name: offHeap, amount: 0, script: , vendor: ), task resources: Map(cpus -> name: cpus, amount: 1.0)
[2024-10-24T18:31:02.521+0000] {spark_submit.py:524} INFO - 24/10/24 18:31:02 INFO ResourceProfile: Limiting resource is cpu
[2024-10-24T18:31:02.522+0000] {spark_submit.py:524} INFO - 24/10/24 18:31:02 INFO ResourceProfileManager: Added ResourceProfile id: 0
[2024-10-24T18:31:02.559+0000] {spark_submit.py:524} INFO - 24/10/24 18:31:02 INFO SecurityManager: Changing view acls to: root
[2024-10-24T18:31:02.560+0000] {spark_submit.py:524} INFO - 24/10/24 18:31:02 INFO SecurityManager: Changing modify acls to: root
[2024-10-24T18:31:02.560+0000] {spark_submit.py:524} INFO - 24/10/24 18:31:02 INFO SecurityManager: Changing view acls groups to:
[2024-10-24T18:31:02.561+0000] {spark_submit.py:524} INFO - 24/10/24 18:31:02 INFO SecurityManager: Changing modify acls groups to:
[2024-10-24T18:31:02.561+0000] {spark_submit.py:524} INFO - 24/10/24 18:31:02 INFO SecurityManager: SecurityManager: authentication disabled; ui acls disabled; users with view permissions: root; groups with view permissions: EMPTY; users with modify permissions: root; groups with modify permissions: EMPTY
[2024-10-24T18:31:02.737+0000] {spark_submit.py:524} INFO - 24/10/24 18:31:02 INFO Utils: Successfully started service 'sparkDriver' on port 42943.
[2024-10-24T18:31:02.757+0000] {spark_submit.py:524} INFO - 24/10/24 18:31:02 INFO SparkEnv: Registering MapOutputTracker
[2024-10-24T18:31:02.782+0000] {spark_submit.py:524} INFO - 24/10/24 18:31:02 INFO SparkEnv: Registering BlockManagerMaster
[2024-10-24T18:31:02.797+0000] {spark_submit.py:524} INFO - 24/10/24 18:31:02 INFO BlockManagerMasterEndpoint: Using org.apache.spark.storage.DefaultTopologyMapper for getting topology information
[2024-10-24T18:31:02.798+0000] {spark_submit.py:524} INFO - 24/10/24 18:31:02 INFO BlockManagerMasterEndpoint: BlockManagerMasterEndpoint up
[2024-10-24T18:31:02.801+0000] {spark_submit.py:524} INFO - 24/10/24 18:31:02 INFO SparkEnv: Registering BlockManagerMasterHeartbeat
[2024-10-24T18:31:02.823+0000] {spark_submit.py:524} INFO - 24/10/24 18:31:02 INFO DiskBlockManager: Created local directory at /tmp/blockmgr-69be9fd2-76f8-4056-8739-fa62d2625fe3
[2024-10-24T18:31:02.834+0000] {spark_submit.py:524} INFO - 24/10/24 18:31:02 INFO MemoryStore: MemoryStore started with capacity 434.4 MiB
[2024-10-24T18:31:02.846+0000] {spark_submit.py:524} INFO - 24/10/24 18:31:02 INFO SparkEnv: Registering OutputCommitCoordinator
[2024-10-24T18:31:02.941+0000] {spark_submit.py:524} INFO - 24/10/24 18:31:02 INFO JettyUtils: Start Jetty 0.0.0.0:4040 for SparkUI
[2024-10-24T18:31:02.986+0000] {spark_submit.py:524} INFO - 24/10/24 18:31:02 INFO Utils: Successfully started service 'SparkUI' on port 4040.
[2024-10-24T18:31:03.078+0000] {spark_submit.py:524} INFO - 24/10/24 18:31:03 INFO StandaloneAppClient$ClientEndpoint: Connecting to master spark://spark-master:7077...
[2024-10-24T18:31:03.122+0000] {spark_submit.py:524} INFO - 24/10/24 18:31:03 INFO TransportClientFactory: Successfully created connection to spark-master/172.18.0.3:7077 after 21 ms (0 ms spent in bootstraps)
[2024-10-24T18:31:03.187+0000] {spark_submit.py:524} INFO - 24/10/24 18:31:03 INFO StandaloneSchedulerBackend: Connected to Spark cluster with app ID app-20241024183103-0008
[2024-10-24T18:31:03.193+0000] {spark_submit.py:524} INFO - 24/10/24 18:31:03 INFO StandaloneAppClient$ClientEndpoint: Executor added: app-20241024183103-0008/0 on worker-20241024181336-172.18.0.5-36873 (172.18.0.5:36873) with 2 core(s)
[2024-10-24T18:31:03.195+0000] {spark_submit.py:524} INFO - 24/10/24 18:31:03 INFO StandaloneSchedulerBackend: Granted executor ID app-20241024183103-0008/0 on hostPort 172.18.0.5:36873 with 2 core(s), 1024.0 MiB RAM
[2024-10-24T18:31:03.201+0000] {spark_submit.py:524} INFO - 24/10/24 18:31:03 INFO Utils: Successfully started service 'org.apache.spark.network.netty.NettyBlockTransferService' on port 33299.
[2024-10-24T18:31:03.201+0000] {spark_submit.py:524} INFO - 24/10/24 18:31:03 INFO NettyBlockTransferService: Server created on f55139681ae8:33299
[2024-10-24T18:31:03.203+0000] {spark_submit.py:524} INFO - 24/10/24 18:31:03 INFO BlockManager: Using org.apache.spark.storage.RandomBlockReplicationPolicy for block replication policy
[2024-10-24T18:31:03.218+0000] {spark_submit.py:524} INFO - 24/10/24 18:31:03 INFO BlockManagerMaster: Registering BlockManager BlockManagerId(driver, f55139681ae8, 33299, None)
[2024-10-24T18:31:03.224+0000] {spark_submit.py:524} INFO - 24/10/24 18:31:03 INFO BlockManagerMasterEndpoint: Registering block manager f55139681ae8:33299 with 434.4 MiB RAM, BlockManagerId(driver, f55139681ae8, 33299, None)
[2024-10-24T18:31:03.231+0000] {spark_submit.py:524} INFO - 24/10/24 18:31:03 INFO BlockManagerMaster: Registered BlockManager BlockManagerId(driver, f55139681ae8, 33299, None)
[2024-10-24T18:31:03.233+0000] {spark_submit.py:524} INFO - 24/10/24 18:31:03 INFO BlockManager: Initialized BlockManager: BlockManagerId(driver, f55139681ae8, 33299, None)
[2024-10-24T18:31:03.237+0000] {spark_submit.py:524} INFO - 24/10/24 18:31:03 INFO StandaloneAppClient$ClientEndpoint: Executor updated: app-20241024183103-0008/0 is now RUNNING
[2024-10-24T18:31:03.456+0000] {spark_submit.py:524} INFO - 24/10/24 18:31:03 INFO StandaloneSchedulerBackend: SchedulerBackend is ready for scheduling beginning after reached minRegisteredResourcesRatio: 0.0
[2024-10-24T18:31:03.683+0000] {spark_submit.py:524} INFO - 24/10/24 18:31:03 INFO SharedState: Setting hive.metastore.warehouse.dir ('null') to the value of spark.sql.warehouse.dir.
[2024-10-24T18:31:03.689+0000] {spark_submit.py:524} INFO - 24/10/24 18:31:03 INFO SharedState: Warehouse path is 'file:/opt/***/spark-warehouse'.
[2024-10-24T18:31:04.529+0000] {spark_submit.py:524} INFO - 24/10/24 18:31:04 INFO InMemoryFileIndex: It took 46 ms to list leaf files for 1 paths.
[2024-10-24T18:31:04.599+0000] {spark_submit.py:524} INFO - 24/10/24 18:31:04 INFO InMemoryFileIndex: It took 3 ms to list leaf files for 1 paths.
[2024-10-24T18:31:05.865+0000] {spark_submit.py:524} INFO - 24/10/24 18:31:05 INFO StandaloneSchedulerBackend$StandaloneDriverEndpoint: Registered executor NettyRpcEndpointRef(spark-client://Executor) (172.18.0.5:33846) with ID 0,  ResourceProfileId 0
[2024-10-24T18:31:05.974+0000] {spark_submit.py:524} INFO - 24/10/24 18:31:05 INFO BlockManagerMasterEndpoint: Registering block manager 172.18.0.5:38669 with 434.4 MiB RAM, BlockManagerId(0, 172.18.0.5, 38669, None)
[2024-10-24T18:31:06.803+0000] {spark_submit.py:524} INFO - 24/10/24 18:31:06 INFO FileSourceStrategy: Pushed Filters:
[2024-10-24T18:31:06.815+0000] {spark_submit.py:524} INFO - 24/10/24 18:31:06 INFO FileSourceStrategy: Post-Scan Filters:
[2024-10-24T18:31:07.017+0000] {spark_submit.py:524} INFO - 24/10/24 18:31:07 INFO MemoryStore: Block broadcast_0 stored as values in memory (estimated size 199.2 KiB, free 434.2 MiB)
[2024-10-24T18:31:07.068+0000] {spark_submit.py:524} INFO - 24/10/24 18:31:07 INFO MemoryStore: Block broadcast_0_piece0 stored as bytes in memory (estimated size 34.2 KiB, free 434.2 MiB)
[2024-10-24T18:31:07.071+0000] {spark_submit.py:524} INFO - 24/10/24 18:31:07 INFO BlockManagerInfo: Added broadcast_0_piece0 in memory on f55139681ae8:33299 (size: 34.2 KiB, free: 434.4 MiB)
[2024-10-24T18:31:07.078+0000] {spark_submit.py:524} INFO - 24/10/24 18:31:07 INFO SparkContext: Created broadcast 0 from json at NativeMethodAccessorImpl.java:0
[2024-10-24T18:31:07.091+0000] {spark_submit.py:524} INFO - 24/10/24 18:31:07 INFO FileSourceScanExec: Planning scan with bin packing, max size: 4194304 bytes, open cost is considered as scanning 4194304 bytes.
[2024-10-24T18:31:07.217+0000] {spark_submit.py:524} INFO - 24/10/24 18:31:07 INFO SparkContext: Starting job: json at NativeMethodAccessorImpl.java:0
[2024-10-24T18:31:07.231+0000] {spark_submit.py:524} INFO - 24/10/24 18:31:07 INFO DAGScheduler: Got job 0 (json at NativeMethodAccessorImpl.java:0) with 1 output partitions
[2024-10-24T18:31:07.232+0000] {spark_submit.py:524} INFO - 24/10/24 18:31:07 INFO DAGScheduler: Final stage: ResultStage 0 (json at NativeMethodAccessorImpl.java:0)
[2024-10-24T18:31:07.232+0000] {spark_submit.py:524} INFO - 24/10/24 18:31:07 INFO DAGScheduler: Parents of final stage: List()
[2024-10-24T18:31:07.233+0000] {spark_submit.py:524} INFO - 24/10/24 18:31:07 INFO DAGScheduler: Missing parents: List()
[2024-10-24T18:31:07.236+0000] {spark_submit.py:524} INFO - 24/10/24 18:31:07 INFO DAGScheduler: Submitting ResultStage 0 (MapPartitionsRDD[3] at json at NativeMethodAccessorImpl.java:0), which has no missing parents
[2024-10-24T18:31:07.315+0000] {spark_submit.py:524} INFO - 24/10/24 18:31:07 INFO MemoryStore: Block broadcast_1 stored as values in memory (estimated size 16.0 KiB, free 434.2 MiB)
[2024-10-24T18:31:07.319+0000] {spark_submit.py:524} INFO - 24/10/24 18:31:07 INFO MemoryStore: Block broadcast_1_piece0 stored as bytes in memory (estimated size 7.5 KiB, free 434.1 MiB)
[2024-10-24T18:31:07.320+0000] {spark_submit.py:524} INFO - 24/10/24 18:31:07 INFO BlockManagerInfo: Added broadcast_1_piece0 in memory on f55139681ae8:33299 (size: 7.5 KiB, free: 434.4 MiB)
[2024-10-24T18:31:07.321+0000] {spark_submit.py:524} INFO - 24/10/24 18:31:07 INFO SparkContext: Created broadcast 1 from broadcast at DAGScheduler.scala:1580
[2024-10-24T18:31:07.336+0000] {spark_submit.py:524} INFO - 24/10/24 18:31:07 INFO DAGScheduler: Submitting 1 missing tasks from ResultStage 0 (MapPartitionsRDD[3] at json at NativeMethodAccessorImpl.java:0) (first 15 tasks are for partitions Vector(0))
[2024-10-24T18:31:07.338+0000] {spark_submit.py:524} INFO - 24/10/24 18:31:07 INFO TaskSchedulerImpl: Adding task set 0.0 with 1 tasks resource profile 0
[2024-10-24T18:31:07.373+0000] {spark_submit.py:524} INFO - 24/10/24 18:31:07 INFO TaskSetManager: Starting task 0.0 in stage 0.0 (TID 0) (172.18.0.5, executor 0, partition 0, PROCESS_LOCAL, 8252 bytes)
[2024-10-24T18:31:07.582+0000] {spark_submit.py:524} INFO - 24/10/24 18:31:07 INFO BlockManagerInfo: Added broadcast_1_piece0 in memory on 172.18.0.5:38669 (size: 7.5 KiB, free: 434.4 MiB)
[2024-10-24T18:31:08.254+0000] {spark_submit.py:524} INFO - 24/10/24 18:31:08 INFO BlockManagerInfo: Added broadcast_0_piece0 in memory on 172.18.0.5:38669 (size: 34.2 KiB, free: 434.4 MiB)
[2024-10-24T18:31:08.446+0000] {spark_submit.py:524} INFO - 24/10/24 18:31:08 INFO TaskSetManager: Finished task 0.0 in stage 0.0 (TID 0) in 1084 ms on 172.18.0.5 (executor 0) (1/1)
[2024-10-24T18:31:08.448+0000] {spark_submit.py:524} INFO - 24/10/24 18:31:08 INFO TaskSchedulerImpl: Removed TaskSet 0.0, whose tasks have all completed, from pool
[2024-10-24T18:31:08.451+0000] {spark_submit.py:524} INFO - 24/10/24 18:31:08 INFO DAGScheduler: ResultStage 0 (json at NativeMethodAccessorImpl.java:0) finished in 1.202 s
[2024-10-24T18:31:08.454+0000] {spark_submit.py:524} INFO - 24/10/24 18:31:08 INFO DAGScheduler: Job 0 is finished. Cancelling potential speculative or zombie tasks for this job
[2024-10-24T18:31:08.455+0000] {spark_submit.py:524} INFO - 24/10/24 18:31:08 INFO TaskSchedulerImpl: Killing all running tasks in stage 0: Stage finished
[2024-10-24T18:31:08.457+0000] {spark_submit.py:524} INFO - 24/10/24 18:31:08 INFO DAGScheduler: Job 0 finished: json at NativeMethodAccessorImpl.java:0, took 1.240094 s
[2024-10-24T18:31:08.476+0000] {spark_submit.py:524} INFO - Leitura realizada com sucesso!
[2024-10-24T18:31:08.581+0000] {spark_submit.py:524} INFO - 24/10/24 18:31:08 INFO FileSourceStrategy: Pushed Filters:
[2024-10-24T18:31:08.582+0000] {spark_submit.py:524} INFO - 24/10/24 18:31:08 INFO FileSourceStrategy: Post-Scan Filters:
[2024-10-24T18:31:08.889+0000] {spark_submit.py:524} INFO - 24/10/24 18:31:08 INFO BlockManagerInfo: Removed broadcast_1_piece0 on f55139681ae8:33299 in memory (size: 7.5 KiB, free: 434.4 MiB)
[2024-10-24T18:31:08.897+0000] {spark_submit.py:524} INFO - 24/10/24 18:31:08 INFO BlockManagerInfo: Removed broadcast_1_piece0 on 172.18.0.5:38669 in memory (size: 7.5 KiB, free: 434.4 MiB)
[2024-10-24T18:31:08.911+0000] {spark_submit.py:524} INFO - 24/10/24 18:31:08 INFO CodeGenerator: Code generated in 195.184515 ms
[2024-10-24T18:31:08.916+0000] {spark_submit.py:524} INFO - 24/10/24 18:31:08 INFO MemoryStore: Block broadcast_2 stored as values in memory (estimated size 199.1 KiB, free 434.0 MiB)
[2024-10-24T18:31:08.931+0000] {spark_submit.py:524} INFO - 24/10/24 18:31:08 INFO MemoryStore: Block broadcast_2_piece0 stored as bytes in memory (estimated size 34.1 KiB, free 433.9 MiB)
[2024-10-24T18:31:08.931+0000] {spark_submit.py:524} INFO - 24/10/24 18:31:08 INFO BlockManagerInfo: Added broadcast_2_piece0 in memory on f55139681ae8:33299 (size: 34.1 KiB, free: 434.3 MiB)
[2024-10-24T18:31:08.932+0000] {spark_submit.py:524} INFO - 24/10/24 18:31:08 INFO SparkContext: Created broadcast 2 from count at NativeMethodAccessorImpl.java:0
[2024-10-24T18:31:08.935+0000] {spark_submit.py:524} INFO - 24/10/24 18:31:08 INFO FileSourceScanExec: Planning scan with bin packing, max size: 4194304 bytes, open cost is considered as scanning 4194304 bytes.
[2024-10-24T18:31:08.963+0000] {spark_submit.py:524} INFO - 24/10/24 18:31:08 INFO DAGScheduler: Registering RDD 7 (count at NativeMethodAccessorImpl.java:0) as input to shuffle 0
[2024-10-24T18:31:08.967+0000] {spark_submit.py:524} INFO - 24/10/24 18:31:08 INFO DAGScheduler: Got map stage job 1 (count at NativeMethodAccessorImpl.java:0) with 1 output partitions
[2024-10-24T18:31:08.967+0000] {spark_submit.py:524} INFO - 24/10/24 18:31:08 INFO DAGScheduler: Final stage: ShuffleMapStage 1 (count at NativeMethodAccessorImpl.java:0)
[2024-10-24T18:31:08.968+0000] {spark_submit.py:524} INFO - 24/10/24 18:31:08 INFO DAGScheduler: Parents of final stage: List()
[2024-10-24T18:31:08.969+0000] {spark_submit.py:524} INFO - 24/10/24 18:31:08 INFO DAGScheduler: Missing parents: List()
[2024-10-24T18:31:08.970+0000] {spark_submit.py:524} INFO - 24/10/24 18:31:08 INFO DAGScheduler: Submitting ShuffleMapStage 1 (MapPartitionsRDD[7] at count at NativeMethodAccessorImpl.java:0), which has no missing parents
[2024-10-24T18:31:08.985+0000] {spark_submit.py:524} INFO - 24/10/24 18:31:08 INFO MemoryStore: Block broadcast_3 stored as values in memory (estimated size 17.0 KiB, free 433.9 MiB)
[2024-10-24T18:31:08.989+0000] {spark_submit.py:524} INFO - 24/10/24 18:31:08 INFO MemoryStore: Block broadcast_3_piece0 stored as bytes in memory (estimated size 8.3 KiB, free 433.9 MiB)
[2024-10-24T18:31:08.990+0000] {spark_submit.py:524} INFO - 24/10/24 18:31:08 INFO BlockManagerInfo: Added broadcast_3_piece0 in memory on f55139681ae8:33299 (size: 8.3 KiB, free: 434.3 MiB)
[2024-10-24T18:31:08.990+0000] {spark_submit.py:524} INFO - 24/10/24 18:31:08 INFO SparkContext: Created broadcast 3 from broadcast at DAGScheduler.scala:1580
[2024-10-24T18:31:08.992+0000] {spark_submit.py:524} INFO - 24/10/24 18:31:08 INFO DAGScheduler: Submitting 1 missing tasks from ShuffleMapStage 1 (MapPartitionsRDD[7] at count at NativeMethodAccessorImpl.java:0) (first 15 tasks are for partitions Vector(0))
[2024-10-24T18:31:08.992+0000] {spark_submit.py:524} INFO - 24/10/24 18:31:08 INFO TaskSchedulerImpl: Adding task set 1.0 with 1 tasks resource profile 0
[2024-10-24T18:31:08.994+0000] {spark_submit.py:524} INFO - 24/10/24 18:31:08 INFO TaskSetManager: Starting task 0.0 in stage 1.0 (TID 1) (172.18.0.5, executor 0, partition 0, PROCESS_LOCAL, 8241 bytes)
[2024-10-24T18:31:09.027+0000] {spark_submit.py:524} INFO - 24/10/24 18:31:09 INFO BlockManagerInfo: Removed broadcast_0_piece0 on f55139681ae8:33299 in memory (size: 34.2 KiB, free: 434.4 MiB)
[2024-10-24T18:31:09.029+0000] {spark_submit.py:524} INFO - 24/10/24 18:31:09 INFO BlockManagerInfo: Removed broadcast_0_piece0 on 172.18.0.5:38669 in memory (size: 34.2 KiB, free: 434.4 MiB)
[2024-10-24T18:31:09.031+0000] {spark_submit.py:524} INFO - 24/10/24 18:31:09 INFO BlockManagerInfo: Added broadcast_3_piece0 in memory on 172.18.0.5:38669 (size: 8.3 KiB, free: 434.4 MiB)
[2024-10-24T18:31:09.128+0000] {spark_submit.py:524} INFO - 24/10/24 18:31:09 INFO BlockManagerInfo: Added broadcast_2_piece0 in memory on 172.18.0.5:38669 (size: 34.1 KiB, free: 434.4 MiB)
[2024-10-24T18:31:09.195+0000] {spark_submit.py:524} INFO - 24/10/24 18:31:09 INFO TaskSetManager: Finished task 0.0 in stage 1.0 (TID 1) in 201 ms on 172.18.0.5 (executor 0) (1/1)
[2024-10-24T18:31:09.195+0000] {spark_submit.py:524} INFO - 24/10/24 18:31:09 INFO TaskSchedulerImpl: Removed TaskSet 1.0, whose tasks have all completed, from pool
[2024-10-24T18:31:09.197+0000] {spark_submit.py:524} INFO - 24/10/24 18:31:09 INFO DAGScheduler: ShuffleMapStage 1 (count at NativeMethodAccessorImpl.java:0) finished in 0.224 s
[2024-10-24T18:31:09.198+0000] {spark_submit.py:524} INFO - 24/10/24 18:31:09 INFO DAGScheduler: looking for newly runnable stages
[2024-10-24T18:31:09.198+0000] {spark_submit.py:524} INFO - 24/10/24 18:31:09 INFO DAGScheduler: running: Set()
[2024-10-24T18:31:09.198+0000] {spark_submit.py:524} INFO - 24/10/24 18:31:09 INFO DAGScheduler: waiting: Set()
[2024-10-24T18:31:09.199+0000] {spark_submit.py:524} INFO - 24/10/24 18:31:09 INFO DAGScheduler: failed: Set()
[2024-10-24T18:31:09.240+0000] {spark_submit.py:524} INFO - 24/10/24 18:31:09 INFO CodeGenerator: Code generated in 14.158478 ms
[2024-10-24T18:31:09.271+0000] {spark_submit.py:524} INFO - 24/10/24 18:31:09 INFO SparkContext: Starting job: count at NativeMethodAccessorImpl.java:0
[2024-10-24T18:31:09.272+0000] {spark_submit.py:524} INFO - 24/10/24 18:31:09 INFO DAGScheduler: Got job 2 (count at NativeMethodAccessorImpl.java:0) with 1 output partitions
[2024-10-24T18:31:09.273+0000] {spark_submit.py:524} INFO - 24/10/24 18:31:09 INFO DAGScheduler: Final stage: ResultStage 3 (count at NativeMethodAccessorImpl.java:0)
[2024-10-24T18:31:09.273+0000] {spark_submit.py:524} INFO - 24/10/24 18:31:09 INFO DAGScheduler: Parents of final stage: List(ShuffleMapStage 2)
[2024-10-24T18:31:09.273+0000] {spark_submit.py:524} INFO - 24/10/24 18:31:09 INFO DAGScheduler: Missing parents: List()
[2024-10-24T18:31:09.273+0000] {spark_submit.py:524} INFO - 24/10/24 18:31:09 INFO DAGScheduler: Submitting ResultStage 3 (MapPartitionsRDD[10] at count at NativeMethodAccessorImpl.java:0), which has no missing parents
[2024-10-24T18:31:09.280+0000] {spark_submit.py:524} INFO - 24/10/24 18:31:09 INFO MemoryStore: Block broadcast_4 stored as values in memory (estimated size 12.5 KiB, free 434.1 MiB)
[2024-10-24T18:31:09.284+0000] {spark_submit.py:524} INFO - 24/10/24 18:31:09 INFO MemoryStore: Block broadcast_4_piece0 stored as bytes in memory (estimated size 5.9 KiB, free 434.1 MiB)
[2024-10-24T18:31:09.285+0000] {spark_submit.py:524} INFO - 24/10/24 18:31:09 INFO BlockManagerInfo: Added broadcast_4_piece0 in memory on f55139681ae8:33299 (size: 5.9 KiB, free: 434.4 MiB)
[2024-10-24T18:31:09.285+0000] {spark_submit.py:524} INFO - 24/10/24 18:31:09 INFO SparkContext: Created broadcast 4 from broadcast at DAGScheduler.scala:1580
[2024-10-24T18:31:09.286+0000] {spark_submit.py:524} INFO - 24/10/24 18:31:09 INFO BlockManagerInfo: Removed broadcast_3_piece0 on f55139681ae8:33299 in memory (size: 8.3 KiB, free: 434.4 MiB)
[2024-10-24T18:31:09.287+0000] {spark_submit.py:524} INFO - 24/10/24 18:31:09 INFO DAGScheduler: Submitting 1 missing tasks from ResultStage 3 (MapPartitionsRDD[10] at count at NativeMethodAccessorImpl.java:0) (first 15 tasks are for partitions Vector(0))
[2024-10-24T18:31:09.288+0000] {spark_submit.py:524} INFO - 24/10/24 18:31:09 INFO TaskSchedulerImpl: Adding task set 3.0 with 1 tasks resource profile 0
[2024-10-24T18:31:09.288+0000] {spark_submit.py:524} INFO - 24/10/24 18:31:09 INFO BlockManagerInfo: Removed broadcast_3_piece0 on 172.18.0.5:38669 in memory (size: 8.3 KiB, free: 434.4 MiB)
[2024-10-24T18:31:09.292+0000] {spark_submit.py:524} INFO - 24/10/24 18:31:09 INFO TaskSetManager: Starting task 0.0 in stage 3.0 (TID 2) (172.18.0.5, executor 0, partition 0, NODE_LOCAL, 7619 bytes)
[2024-10-24T18:31:09.315+0000] {spark_submit.py:524} INFO - 24/10/24 18:31:09 INFO BlockManagerInfo: Added broadcast_4_piece0 in memory on 172.18.0.5:38669 (size: 5.9 KiB, free: 434.4 MiB)
[2024-10-24T18:31:09.343+0000] {spark_submit.py:524} INFO - 24/10/24 18:31:09 INFO MapOutputTrackerMasterEndpoint: Asked to send map output locations for shuffle 0 to 172.18.0.5:33846
[2024-10-24T18:31:09.468+0000] {spark_submit.py:524} INFO - 24/10/24 18:31:09 INFO TaskSetManager: Finished task 0.0 in stage 3.0 (TID 2) in 177 ms on 172.18.0.5 (executor 0) (1/1)
[2024-10-24T18:31:09.468+0000] {spark_submit.py:524} INFO - 24/10/24 18:31:09 INFO TaskSchedulerImpl: Removed TaskSet 3.0, whose tasks have all completed, from pool
[2024-10-24T18:31:09.469+0000] {spark_submit.py:524} INFO - 24/10/24 18:31:09 INFO DAGScheduler: ResultStage 3 (count at NativeMethodAccessorImpl.java:0) finished in 0.191 s
[2024-10-24T18:31:09.470+0000] {spark_submit.py:524} INFO - 24/10/24 18:31:09 INFO DAGScheduler: Job 2 is finished. Cancelling potential speculative or zombie tasks for this job
[2024-10-24T18:31:09.470+0000] {spark_submit.py:524} INFO - 24/10/24 18:31:09 INFO TaskSchedulerImpl: Killing all running tasks in stage 3: Stage finished
[2024-10-24T18:31:09.470+0000] {spark_submit.py:524} INFO - 24/10/24 18:31:09 INFO DAGScheduler: Job 2 finished: count at NativeMethodAccessorImpl.java:0, took 0.199144 s
[2024-10-24T18:31:09.507+0000] {spark_submit.py:524} INFO - 24/10/24 18:31:09 INFO FileSourceStrategy: Pushed Filters:
[2024-10-24T18:31:09.507+0000] {spark_submit.py:524} INFO - 24/10/24 18:31:09 INFO FileSourceStrategy: Post-Scan Filters:
[2024-10-24T18:31:09.529+0000] {spark_submit.py:524} INFO - 24/10/24 18:31:09 INFO MemoryStore: Block broadcast_5 stored as values in memory (estimated size 199.1 KiB, free 434.0 MiB)
[2024-10-24T18:31:09.537+0000] {spark_submit.py:524} INFO - 24/10/24 18:31:09 INFO BlockManagerInfo: Removed broadcast_4_piece0 on f55139681ae8:33299 in memory (size: 5.9 KiB, free: 434.4 MiB)
[2024-10-24T18:31:09.540+0000] {spark_submit.py:524} INFO - 24/10/24 18:31:09 INFO BlockManagerInfo: Removed broadcast_4_piece0 on 172.18.0.5:38669 in memory (size: 5.9 KiB, free: 434.4 MiB)
[2024-10-24T18:31:09.543+0000] {spark_submit.py:524} INFO - 24/10/24 18:31:09 INFO MemoryStore: Block broadcast_5_piece0 stored as bytes in memory (estimated size 34.1 KiB, free 433.9 MiB)
[2024-10-24T18:31:09.544+0000] {spark_submit.py:524} INFO - 24/10/24 18:31:09 INFO BlockManagerInfo: Added broadcast_5_piece0 in memory on f55139681ae8:33299 (size: 34.1 KiB, free: 434.3 MiB)
[2024-10-24T18:31:09.546+0000] {spark_submit.py:524} INFO - 24/10/24 18:31:09 INFO SparkContext: Created broadcast 5 from count at NativeMethodAccessorImpl.java:0
[2024-10-24T18:31:09.547+0000] {spark_submit.py:524} INFO - 24/10/24 18:31:09 INFO FileSourceScanExec: Planning scan with bin packing, max size: 4194304 bytes, open cost is considered as scanning 4194304 bytes.
[2024-10-24T18:31:09.553+0000] {spark_submit.py:524} INFO - 24/10/24 18:31:09 INFO DAGScheduler: Registering RDD 14 (count at NativeMethodAccessorImpl.java:0) as input to shuffle 1
[2024-10-24T18:31:09.553+0000] {spark_submit.py:524} INFO - 24/10/24 18:31:09 INFO DAGScheduler: Got map stage job 3 (count at NativeMethodAccessorImpl.java:0) with 1 output partitions
[2024-10-24T18:31:09.553+0000] {spark_submit.py:524} INFO - 24/10/24 18:31:09 INFO DAGScheduler: Final stage: ShuffleMapStage 4 (count at NativeMethodAccessorImpl.java:0)
[2024-10-24T18:31:09.553+0000] {spark_submit.py:524} INFO - 24/10/24 18:31:09 INFO DAGScheduler: Parents of final stage: List()
[2024-10-24T18:31:09.554+0000] {spark_submit.py:524} INFO - 24/10/24 18:31:09 INFO DAGScheduler: Missing parents: List()
[2024-10-24T18:31:09.554+0000] {spark_submit.py:524} INFO - 24/10/24 18:31:09 INFO DAGScheduler: Submitting ShuffleMapStage 4 (MapPartitionsRDD[14] at count at NativeMethodAccessorImpl.java:0), which has no missing parents
[2024-10-24T18:31:09.557+0000] {spark_submit.py:524} INFO - 24/10/24 18:31:09 INFO MemoryStore: Block broadcast_6 stored as values in memory (estimated size 17.0 KiB, free 433.9 MiB)
[2024-10-24T18:31:09.559+0000] {spark_submit.py:524} INFO - 24/10/24 18:31:09 INFO MemoryStore: Block broadcast_6_piece0 stored as bytes in memory (estimated size 8.3 KiB, free 433.9 MiB)
[2024-10-24T18:31:09.560+0000] {spark_submit.py:524} INFO - 24/10/24 18:31:09 INFO BlockManagerInfo: Added broadcast_6_piece0 in memory on f55139681ae8:33299 (size: 8.3 KiB, free: 434.3 MiB)
[2024-10-24T18:31:09.561+0000] {spark_submit.py:524} INFO - 24/10/24 18:31:09 INFO SparkContext: Created broadcast 6 from broadcast at DAGScheduler.scala:1580
[2024-10-24T18:31:09.561+0000] {spark_submit.py:524} INFO - 24/10/24 18:31:09 INFO DAGScheduler: Submitting 1 missing tasks from ShuffleMapStage 4 (MapPartitionsRDD[14] at count at NativeMethodAccessorImpl.java:0) (first 15 tasks are for partitions Vector(0))
[2024-10-24T18:31:09.562+0000] {spark_submit.py:524} INFO - 24/10/24 18:31:09 INFO TaskSchedulerImpl: Adding task set 4.0 with 1 tasks resource profile 0
[2024-10-24T18:31:09.563+0000] {spark_submit.py:524} INFO - 24/10/24 18:31:09 INFO TaskSetManager: Starting task 0.0 in stage 4.0 (TID 3) (172.18.0.5, executor 0, partition 0, PROCESS_LOCAL, 8241 bytes)
[2024-10-24T18:31:09.582+0000] {spark_submit.py:524} INFO - 24/10/24 18:31:09 INFO BlockManagerInfo: Added broadcast_6_piece0 in memory on 172.18.0.5:38669 (size: 8.3 KiB, free: 434.4 MiB)
[2024-10-24T18:31:09.599+0000] {spark_submit.py:524} INFO - 24/10/24 18:31:09 INFO BlockManagerInfo: Added broadcast_5_piece0 in memory on 172.18.0.5:38669 (size: 34.1 KiB, free: 434.3 MiB)
[2024-10-24T18:31:09.633+0000] {spark_submit.py:524} INFO - 24/10/24 18:31:09 INFO TaskSetManager: Finished task 0.0 in stage 4.0 (TID 3) in 70 ms on 172.18.0.5 (executor 0) (1/1)
[2024-10-24T18:31:09.633+0000] {spark_submit.py:524} INFO - 24/10/24 18:31:09 INFO TaskSchedulerImpl: Removed TaskSet 4.0, whose tasks have all completed, from pool
[2024-10-24T18:31:09.634+0000] {spark_submit.py:524} INFO - 24/10/24 18:31:09 INFO DAGScheduler: ShuffleMapStage 4 (count at NativeMethodAccessorImpl.java:0) finished in 0.079 s
[2024-10-24T18:31:09.634+0000] {spark_submit.py:524} INFO - 24/10/24 18:31:09 INFO DAGScheduler: looking for newly runnable stages
[2024-10-24T18:31:09.635+0000] {spark_submit.py:524} INFO - 24/10/24 18:31:09 INFO DAGScheduler: running: Set()
[2024-10-24T18:31:09.635+0000] {spark_submit.py:524} INFO - 24/10/24 18:31:09 INFO DAGScheduler: waiting: Set()
[2024-10-24T18:31:09.635+0000] {spark_submit.py:524} INFO - 24/10/24 18:31:09 INFO DAGScheduler: failed: Set()
[2024-10-24T18:31:09.662+0000] {spark_submit.py:524} INFO - 24/10/24 18:31:09 INFO SparkContext: Starting job: count at NativeMethodAccessorImpl.java:0
[2024-10-24T18:31:09.663+0000] {spark_submit.py:524} INFO - 24/10/24 18:31:09 INFO DAGScheduler: Got job 4 (count at NativeMethodAccessorImpl.java:0) with 1 output partitions
[2024-10-24T18:31:09.664+0000] {spark_submit.py:524} INFO - 24/10/24 18:31:09 INFO DAGScheduler: Final stage: ResultStage 6 (count at NativeMethodAccessorImpl.java:0)
[2024-10-24T18:31:09.664+0000] {spark_submit.py:524} INFO - 24/10/24 18:31:09 INFO DAGScheduler: Parents of final stage: List(ShuffleMapStage 5)
[2024-10-24T18:31:09.664+0000] {spark_submit.py:524} INFO - 24/10/24 18:31:09 INFO DAGScheduler: Missing parents: List()
[2024-10-24T18:31:09.664+0000] {spark_submit.py:524} INFO - 24/10/24 18:31:09 INFO DAGScheduler: Submitting ResultStage 6 (MapPartitionsRDD[17] at count at NativeMethodAccessorImpl.java:0), which has no missing parents
[2024-10-24T18:31:09.667+0000] {spark_submit.py:524} INFO - 24/10/24 18:31:09 INFO MemoryStore: Block broadcast_7 stored as values in memory (estimated size 12.5 KiB, free 433.9 MiB)
[2024-10-24T18:31:09.672+0000] {spark_submit.py:524} INFO - 24/10/24 18:31:09 INFO MemoryStore: Block broadcast_7_piece0 stored as bytes in memory (estimated size 5.9 KiB, free 433.9 MiB)
[2024-10-24T18:31:09.674+0000] {spark_submit.py:524} INFO - 24/10/24 18:31:09 INFO BlockManagerInfo: Added broadcast_7_piece0 in memory on f55139681ae8:33299 (size: 5.9 KiB, free: 434.3 MiB)
[2024-10-24T18:31:09.675+0000] {spark_submit.py:524} INFO - 24/10/24 18:31:09 INFO BlockManagerInfo: Removed broadcast_6_piece0 on f55139681ae8:33299 in memory (size: 8.3 KiB, free: 434.3 MiB)
[2024-10-24T18:31:09.675+0000] {spark_submit.py:524} INFO - 24/10/24 18:31:09 INFO SparkContext: Created broadcast 7 from broadcast at DAGScheduler.scala:1580
[2024-10-24T18:31:09.676+0000] {spark_submit.py:524} INFO - 24/10/24 18:31:09 INFO DAGScheduler: Submitting 1 missing tasks from ResultStage 6 (MapPartitionsRDD[17] at count at NativeMethodAccessorImpl.java:0) (first 15 tasks are for partitions Vector(0))
[2024-10-24T18:31:09.676+0000] {spark_submit.py:524} INFO - 24/10/24 18:31:09 INFO TaskSchedulerImpl: Adding task set 6.0 with 1 tasks resource profile 0
[2024-10-24T18:31:09.677+0000] {spark_submit.py:524} INFO - 24/10/24 18:31:09 INFO BlockManagerInfo: Removed broadcast_6_piece0 on 172.18.0.5:38669 in memory (size: 8.3 KiB, free: 434.3 MiB)
[2024-10-24T18:31:09.678+0000] {spark_submit.py:524} INFO - 24/10/24 18:31:09 INFO TaskSetManager: Starting task 0.0 in stage 6.0 (TID 4) (172.18.0.5, executor 0, partition 0, NODE_LOCAL, 7619 bytes)
[2024-10-24T18:31:09.695+0000] {spark_submit.py:524} INFO - 24/10/24 18:31:09 INFO BlockManagerInfo: Added broadcast_7_piece0 in memory on 172.18.0.5:38669 (size: 5.9 KiB, free: 434.3 MiB)
[2024-10-24T18:31:09.703+0000] {spark_submit.py:524} INFO - 24/10/24 18:31:09 INFO MapOutputTrackerMasterEndpoint: Asked to send map output locations for shuffle 1 to 172.18.0.5:33846
[2024-10-24T18:31:09.723+0000] {spark_submit.py:524} INFO - 24/10/24 18:31:09 INFO TaskSetManager: Finished task 0.0 in stage 6.0 (TID 4) in 45 ms on 172.18.0.5 (executor 0) (1/1)
[2024-10-24T18:31:09.723+0000] {spark_submit.py:524} INFO - 24/10/24 18:31:09 INFO TaskSchedulerImpl: Removed TaskSet 6.0, whose tasks have all completed, from pool
[2024-10-24T18:31:09.724+0000] {spark_submit.py:524} INFO - 24/10/24 18:31:09 INFO DAGScheduler: ResultStage 6 (count at NativeMethodAccessorImpl.java:0) finished in 0.059 s
[2024-10-24T18:31:09.725+0000] {spark_submit.py:524} INFO - 24/10/24 18:31:09 INFO DAGScheduler: Job 4 is finished. Cancelling potential speculative or zombie tasks for this job
[2024-10-24T18:31:09.725+0000] {spark_submit.py:524} INFO - 24/10/24 18:31:09 INFO TaskSchedulerImpl: Killing all running tasks in stage 6: Stage finished
[2024-10-24T18:31:09.725+0000] {spark_submit.py:524} INFO - 24/10/24 18:31:09 INFO DAGScheduler: Job 4 finished: count at NativeMethodAccessorImpl.java:0, took 0.062658 s
[2024-10-24T18:31:09.727+0000] {spark_submit.py:524} INFO - Quantidade:  50
[2024-10-24T18:31:09.822+0000] {spark_submit.py:524} INFO - 24/10/24 18:31:09 INFO FileSourceStrategy: Pushed Filters:
[2024-10-24T18:31:09.822+0000] {spark_submit.py:524} INFO - 24/10/24 18:31:09 INFO FileSourceStrategy: Post-Scan Filters:
[2024-10-24T18:31:09.883+0000] {spark_submit.py:524} INFO - 24/10/24 18:31:09 INFO ParquetUtils: Using default output committer for Parquet: org.apache.parquet.hadoop.ParquetOutputCommitter
[2024-10-24T18:31:09.903+0000] {spark_submit.py:524} INFO - 24/10/24 18:31:09 INFO FileOutputCommitter: File Output Committer Algorithm version is 1
[2024-10-24T18:31:09.903+0000] {spark_submit.py:524} INFO - 24/10/24 18:31:09 INFO FileOutputCommitter: FileOutputCommitter skip cleanup _temporary folders under output directory:false, ignore cleanup failures: false
[2024-10-24T18:31:09.904+0000] {spark_submit.py:524} INFO - 24/10/24 18:31:09 INFO SQLHadoopMapReduceCommitProtocol: Using user defined output committer class org.apache.parquet.hadoop.ParquetOutputCommitter
[2024-10-24T18:31:09.904+0000] {spark_submit.py:524} INFO - 24/10/24 18:31:09 INFO FileOutputCommitter: File Output Committer Algorithm version is 1
[2024-10-24T18:31:09.904+0000] {spark_submit.py:524} INFO - 24/10/24 18:31:09 INFO FileOutputCommitter: FileOutputCommitter skip cleanup _temporary folders under output directory:false, ignore cleanup failures: false
[2024-10-24T18:31:09.905+0000] {spark_submit.py:524} INFO - 24/10/24 18:31:09 INFO SQLHadoopMapReduceCommitProtocol: Using output committer class org.apache.parquet.hadoop.ParquetOutputCommitter
[2024-10-24T18:31:09.983+0000] {spark_submit.py:524} INFO - 24/10/24 18:31:09 INFO CodeGenerator: Code generated in 39.244583 ms
[2024-10-24T18:31:09.986+0000] {spark_submit.py:524} INFO - 24/10/24 18:31:09 INFO MemoryStore: Block broadcast_8 stored as values in memory (estimated size 199.1 KiB, free 433.7 MiB)
[2024-10-24T18:31:09.993+0000] {spark_submit.py:524} INFO - 24/10/24 18:31:09 INFO BlockManagerInfo: Removed broadcast_5_piece0 on f55139681ae8:33299 in memory (size: 34.1 KiB, free: 434.4 MiB)
[2024-10-24T18:31:09.996+0000] {spark_submit.py:524} INFO - 24/10/24 18:31:09 INFO BlockManagerInfo: Removed broadcast_5_piece0 on 172.18.0.5:38669 in memory (size: 34.1 KiB, free: 434.4 MiB)
[2024-10-24T18:31:10.001+0000] {spark_submit.py:524} INFO - 24/10/24 18:31:10 INFO MemoryStore: Block broadcast_8_piece0 stored as bytes in memory (estimated size 34.1 KiB, free 433.9 MiB)
[2024-10-24T18:31:10.002+0000] {spark_submit.py:524} INFO - 24/10/24 18:31:10 INFO BlockManagerInfo: Added broadcast_8_piece0 in memory on f55139681ae8:33299 (size: 34.1 KiB, free: 434.3 MiB)
[2024-10-24T18:31:10.003+0000] {spark_submit.py:524} INFO - 24/10/24 18:31:10 INFO SparkContext: Created broadcast 8 from save at NativeMethodAccessorImpl.java:0
[2024-10-24T18:31:10.005+0000] {spark_submit.py:524} INFO - 24/10/24 18:31:10 INFO FileSourceScanExec: Planning scan with bin packing, max size: 4194304 bytes, open cost is considered as scanning 4194304 bytes.
[2024-10-24T18:31:10.012+0000] {spark_submit.py:524} INFO - 24/10/24 18:31:10 INFO BlockManagerInfo: Removed broadcast_7_piece0 on f55139681ae8:33299 in memory (size: 5.9 KiB, free: 434.3 MiB)
[2024-10-24T18:31:10.021+0000] {spark_submit.py:524} INFO - 24/10/24 18:31:10 INFO BlockManagerInfo: Removed broadcast_7_piece0 on 172.18.0.5:38669 in memory (size: 5.9 KiB, free: 434.4 MiB)
[2024-10-24T18:31:10.041+0000] {spark_submit.py:524} INFO - 24/10/24 18:31:10 INFO SparkContext: Starting job: save at NativeMethodAccessorImpl.java:0
[2024-10-24T18:31:10.042+0000] {spark_submit.py:524} INFO - 24/10/24 18:31:10 INFO DAGScheduler: Got job 5 (save at NativeMethodAccessorImpl.java:0) with 1 output partitions
[2024-10-24T18:31:10.042+0000] {spark_submit.py:524} INFO - 24/10/24 18:31:10 INFO DAGScheduler: Final stage: ResultStage 7 (save at NativeMethodAccessorImpl.java:0)
[2024-10-24T18:31:10.042+0000] {spark_submit.py:524} INFO - 24/10/24 18:31:10 INFO DAGScheduler: Parents of final stage: List()
[2024-10-24T18:31:10.042+0000] {spark_submit.py:524} INFO - 24/10/24 18:31:10 INFO DAGScheduler: Missing parents: List()
[2024-10-24T18:31:10.043+0000] {spark_submit.py:524} INFO - 24/10/24 18:31:10 INFO DAGScheduler: Submitting ResultStage 7 (MapPartitionsRDD[21] at save at NativeMethodAccessorImpl.java:0), which has no missing parents
[2024-10-24T18:31:10.077+0000] {spark_submit.py:524} INFO - 24/10/24 18:31:10 INFO MemoryStore: Block broadcast_9 stored as values in memory (estimated size 236.8 KiB, free 433.7 MiB)
[2024-10-24T18:31:10.082+0000] {spark_submit.py:524} INFO - 24/10/24 18:31:10 INFO MemoryStore: Block broadcast_9_piece0 stored as bytes in memory (estimated size 85.9 KiB, free 433.6 MiB)
[2024-10-24T18:31:10.083+0000] {spark_submit.py:524} INFO - 24/10/24 18:31:10 INFO BlockManagerInfo: Added broadcast_9_piece0 in memory on f55139681ae8:33299 (size: 85.9 KiB, free: 434.2 MiB)
[2024-10-24T18:31:10.083+0000] {spark_submit.py:524} INFO - 24/10/24 18:31:10 INFO SparkContext: Created broadcast 9 from broadcast at DAGScheduler.scala:1580
[2024-10-24T18:31:10.084+0000] {spark_submit.py:524} INFO - 24/10/24 18:31:10 INFO DAGScheduler: Submitting 1 missing tasks from ResultStage 7 (MapPartitionsRDD[21] at save at NativeMethodAccessorImpl.java:0) (first 15 tasks are for partitions Vector(0))
[2024-10-24T18:31:10.084+0000] {spark_submit.py:524} INFO - 24/10/24 18:31:10 INFO TaskSchedulerImpl: Adding task set 7.0 with 1 tasks resource profile 0
[2024-10-24T18:31:10.086+0000] {spark_submit.py:524} INFO - 24/10/24 18:31:10 INFO TaskSetManager: Starting task 0.0 in stage 7.0 (TID 5) (172.18.0.5, executor 0, partition 0, PROCESS_LOCAL, 8252 bytes)
[2024-10-24T18:31:10.104+0000] {spark_submit.py:524} INFO - 24/10/24 18:31:10 INFO BlockManagerInfo: Added broadcast_9_piece0 in memory on 172.18.0.5:38669 (size: 85.9 KiB, free: 434.3 MiB)
[2024-10-24T18:31:10.386+0000] {spark_submit.py:524} INFO - 24/10/24 18:31:10 INFO BlockManagerInfo: Added broadcast_8_piece0 in memory on 172.18.0.5:38669 (size: 34.1 KiB, free: 434.2 MiB)
[2024-10-24T18:31:11.808+0000] {spark_submit.py:524} INFO - 24/10/24 18:31:11 INFO TaskSetManager: Finished task 0.0 in stage 7.0 (TID 5) in 1723 ms on 172.18.0.5 (executor 0) (1/1)
[2024-10-24T18:31:11.809+0000] {spark_submit.py:524} INFO - 24/10/24 18:31:11 INFO TaskSchedulerImpl: Removed TaskSet 7.0, whose tasks have all completed, from pool
[2024-10-24T18:31:11.809+0000] {spark_submit.py:524} INFO - 24/10/24 18:31:11 INFO DAGScheduler: ResultStage 7 (save at NativeMethodAccessorImpl.java:0) finished in 1.765 s
[2024-10-24T18:31:11.809+0000] {spark_submit.py:524} INFO - 24/10/24 18:31:11 INFO DAGScheduler: Job 5 is finished. Cancelling potential speculative or zombie tasks for this job
[2024-10-24T18:31:11.809+0000] {spark_submit.py:524} INFO - 24/10/24 18:31:11 INFO TaskSchedulerImpl: Killing all running tasks in stage 7: Stage finished
[2024-10-24T18:31:11.810+0000] {spark_submit.py:524} INFO - 24/10/24 18:31:11 INFO DAGScheduler: Job 5 finished: save at NativeMethodAccessorImpl.java:0, took 1.769317 s
[2024-10-24T18:31:11.811+0000] {spark_submit.py:524} INFO - 24/10/24 18:31:11 INFO FileFormatWriter: Start to commit write Job 8f1fbe16-993f-4855-851f-6982ae0b7e98.
[2024-10-24T18:31:11.836+0000] {spark_submit.py:524} INFO - 24/10/24 18:31:11 INFO FileFormatWriter: Write Job 8f1fbe16-993f-4855-851f-6982ae0b7e98 committed. Elapsed time: 23 ms.
[2024-10-24T18:31:11.840+0000] {spark_submit.py:524} INFO - 24/10/24 18:31:11 INFO FileFormatWriter: Finished processing stats for write job 8f1fbe16-993f-4855-851f-6982ae0b7e98.
[2024-10-24T18:31:11.848+0000] {spark_submit.py:524} INFO - Arquivos gerados com sucesso na camada Silver
[2024-10-24T18:31:11.849+0000] {spark_submit.py:524} INFO - 24/10/24 18:31:11 INFO SparkContext: SparkContext is stopping with exitCode 0.
[2024-10-24T18:31:11.859+0000] {spark_submit.py:524} INFO - 24/10/24 18:31:11 INFO SparkUI: Stopped Spark web UI at http://f55139681ae8:4040
[2024-10-24T18:31:11.862+0000] {spark_submit.py:524} INFO - 24/10/24 18:31:11 INFO StandaloneSchedulerBackend: Shutting down all executors
[2024-10-24T18:31:11.863+0000] {spark_submit.py:524} INFO - 24/10/24 18:31:11 INFO StandaloneSchedulerBackend$StandaloneDriverEndpoint: Asking each executor to shut down
[2024-10-24T18:31:11.884+0000] {spark_submit.py:524} INFO - 24/10/24 18:31:11 INFO MapOutputTrackerMasterEndpoint: MapOutputTrackerMasterEndpoint stopped!
[2024-10-24T18:31:11.925+0000] {spark_submit.py:524} INFO - 24/10/24 18:31:11 INFO MemoryStore: MemoryStore cleared
[2024-10-24T18:31:11.925+0000] {spark_submit.py:524} INFO - 24/10/24 18:31:11 INFO BlockManager: BlockManager stopped
[2024-10-24T18:31:11.934+0000] {spark_submit.py:524} INFO - 24/10/24 18:31:11 INFO BlockManagerMaster: BlockManagerMaster stopped
[2024-10-24T18:31:11.939+0000] {spark_submit.py:524} INFO - 24/10/24 18:31:11 INFO OutputCommitCoordinator$OutputCommitCoordinatorEndpoint: OutputCommitCoordinator stopped!
[2024-10-24T18:31:11.954+0000] {spark_submit.py:524} INFO - 24/10/24 18:31:11 INFO SparkContext: Successfully stopped SparkContext
[2024-10-24T18:31:12.075+0000] {spark_submit.py:524} INFO - 24/10/24 18:31:12 INFO ShutdownHookManager: Shutdown hook called
[2024-10-24T18:31:12.075+0000] {spark_submit.py:524} INFO - 24/10/24 18:31:12 INFO ShutdownHookManager: Deleting directory /tmp/spark-deca3050-5c03-48da-a277-7307d9cbcdd5
[2024-10-24T18:31:12.079+0000] {spark_submit.py:524} INFO - 24/10/24 18:31:12 INFO ShutdownHookManager: Deleting directory /tmp/spark-373aed73-b9f2-4da4-b0b4-996a117bfe66/pyspark-6f6cd08a-a67c-4554-9556-219969a0aad5
[2024-10-24T18:31:12.083+0000] {spark_submit.py:524} INFO - 24/10/24 18:31:12 INFO ShutdownHookManager: Deleting directory /tmp/spark-373aed73-b9f2-4da4-b0b4-996a117bfe66
[2024-10-24T18:31:12.153+0000] {taskinstance.py:1398} INFO - Marking task as SUCCESS. dag_id=api_openbrewerydb_to_silver_gold, task_id=Silver, execution_date=20241024T183059, start_date=20241024T183100, end_date=20241024T183112
[2024-10-24T18:31:12.177+0000] {local_task_job_runner.py:228} INFO - Task exited with return code 0
[2024-10-24T18:31:12.197+0000] {taskinstance.py:2776} INFO - 1 downstream tasks scheduled from follow-on schedule check
