[2024-10-24T14:28:04.524+0000] {taskinstance.py:1157} INFO - Dependencies all met for dep_context=non-requeueable deps ti=<TaskInstance: api_openbrewerydb_to_silver_gold.Gold scheduled__2023-10-30T08:00:00+00:00 [queued]>
[2024-10-24T14:28:04.531+0000] {taskinstance.py:1157} INFO - Dependencies all met for dep_context=requeueable deps ti=<TaskInstance: api_openbrewerydb_to_silver_gold.Gold scheduled__2023-10-30T08:00:00+00:00 [queued]>
[2024-10-24T14:28:04.531+0000] {taskinstance.py:1359} INFO - Starting attempt 1 of 2
[2024-10-24T14:28:04.541+0000] {taskinstance.py:1380} INFO - Executing <Task(SparkSubmitOperator): Gold> on 2023-10-30 08:00:00+00:00
[2024-10-24T14:28:04.545+0000] {standard_task_runner.py:57} INFO - Started process 3257 to run task
[2024-10-24T14:28:04.547+0000] {standard_task_runner.py:84} INFO - Running: ['***', 'tasks', 'run', 'api_openbrewerydb_to_silver_gold', 'Gold', 'scheduled__2023-10-30T08:00:00+00:00', '--job-id', '24', '--raw', '--subdir', 'DAGS_FOLDER/api_openbrewerydb_to_silver.py', '--cfg-path', '/tmp/tmpf1ppc1jr']
[2024-10-24T14:28:04.552+0000] {standard_task_runner.py:85} INFO - Job 24: Subtask Gold
[2024-10-24T14:28:04.595+0000] {task_command.py:415} INFO - Running <TaskInstance: api_openbrewerydb_to_silver_gold.Gold scheduled__2023-10-30T08:00:00+00:00 [running]> on host 96f89615839b
[2024-10-24T14:28:04.671+0000] {taskinstance.py:1660} INFO - Exporting env vars: AIRFLOW_CTX_DAG_OWNER='Rodrigo Araujo' AIRFLOW_CTX_DAG_ID='api_openbrewerydb_to_silver_gold' AIRFLOW_CTX_TASK_ID='Gold' AIRFLOW_CTX_EXECUTION_DATE='2023-10-30T08:00:00+00:00' AIRFLOW_CTX_TRY_NUMBER='1' AIRFLOW_CTX_DAG_RUN_ID='scheduled__2023-10-30T08:00:00+00:00'
[2024-10-24T14:28:04.681+0000] {base.py:73} INFO - Using connection ID 'spark-conn' for task execution.
[2024-10-24T14:28:04.682+0000] {spark_submit.py:363} INFO - Spark-Submit cmd: spark-submit --master spark://spark-master:7077 --name arrow-spark jobs/gold/api_openbrewerydb.py
[2024-10-24T14:28:07.441+0000] {spark_submit.py:524} INFO - 24/10/24 14:28:07 INFO SparkContext: Running Spark version 3.5.3
[2024-10-24T14:28:07.444+0000] {spark_submit.py:524} INFO - 24/10/24 14:28:07 INFO SparkContext: OS info Linux, 5.15.0-124-generic, amd64
[2024-10-24T14:28:07.444+0000] {spark_submit.py:524} INFO - 24/10/24 14:28:07 INFO SparkContext: Java version 11.0.25
[2024-10-24T14:28:07.504+0000] {spark_submit.py:524} INFO - 24/10/24 14:28:07 WARN NativeCodeLoader: Unable to load native-hadoop library for your platform... using builtin-java classes where applicable
[2024-10-24T14:28:07.604+0000] {spark_submit.py:524} INFO - 24/10/24 14:28:07 INFO ResourceUtils: ==============================================================
[2024-10-24T14:28:07.605+0000] {spark_submit.py:524} INFO - 24/10/24 14:28:07 INFO ResourceUtils: No custom resources configured for spark.driver.
[2024-10-24T14:28:07.605+0000] {spark_submit.py:524} INFO - 24/10/24 14:28:07 INFO ResourceUtils: ==============================================================
[2024-10-24T14:28:07.605+0000] {spark_submit.py:524} INFO - 24/10/24 14:28:07 INFO SparkContext: Submitted application: IngestaoSilver
[2024-10-24T14:28:07.632+0000] {spark_submit.py:524} INFO - 24/10/24 14:28:07 INFO ResourceProfile: Default ResourceProfile created, executor resources: Map(memory -> name: memory, amount: 1024, script: , vendor: , offHeap -> name: offHeap, amount: 0, script: , vendor: ), task resources: Map(cpus -> name: cpus, amount: 1.0)
[2024-10-24T14:28:07.648+0000] {spark_submit.py:524} INFO - 24/10/24 14:28:07 INFO ResourceProfile: Limiting resource is cpu
[2024-10-24T14:28:07.649+0000] {spark_submit.py:524} INFO - 24/10/24 14:28:07 INFO ResourceProfileManager: Added ResourceProfile id: 0
[2024-10-24T14:28:07.705+0000] {spark_submit.py:524} INFO - 24/10/24 14:28:07 INFO SecurityManager: Changing view acls to: ***
[2024-10-24T14:28:07.705+0000] {spark_submit.py:524} INFO - 24/10/24 14:28:07 INFO SecurityManager: Changing modify acls to: ***
[2024-10-24T14:28:07.706+0000] {spark_submit.py:524} INFO - 24/10/24 14:28:07 INFO SecurityManager: Changing view acls groups to:
[2024-10-24T14:28:07.707+0000] {spark_submit.py:524} INFO - 24/10/24 14:28:07 INFO SecurityManager: Changing modify acls groups to:
[2024-10-24T14:28:07.707+0000] {spark_submit.py:524} INFO - 24/10/24 14:28:07 INFO SecurityManager: SecurityManager: authentication disabled; ui acls disabled; users with view permissions: ***; groups with view permissions: EMPTY; users with modify permissions: ***; groups with modify permissions: EMPTY
[2024-10-24T14:28:07.993+0000] {spark_submit.py:524} INFO - 24/10/24 14:28:07 INFO Utils: Successfully started service 'sparkDriver' on port 35691.
[2024-10-24T14:28:08.021+0000] {spark_submit.py:524} INFO - 24/10/24 14:28:08 INFO SparkEnv: Registering MapOutputTracker
[2024-10-24T14:28:08.055+0000] {spark_submit.py:524} INFO - 24/10/24 14:28:08 INFO SparkEnv: Registering BlockManagerMaster
[2024-10-24T14:28:08.077+0000] {spark_submit.py:524} INFO - 24/10/24 14:28:08 INFO BlockManagerMasterEndpoint: Using org.apache.spark.storage.DefaultTopologyMapper for getting topology information
[2024-10-24T14:28:08.077+0000] {spark_submit.py:524} INFO - 24/10/24 14:28:08 INFO BlockManagerMasterEndpoint: BlockManagerMasterEndpoint up
[2024-10-24T14:28:08.081+0000] {spark_submit.py:524} INFO - 24/10/24 14:28:08 INFO SparkEnv: Registering BlockManagerMasterHeartbeat
[2024-10-24T14:28:08.103+0000] {spark_submit.py:524} INFO - 24/10/24 14:28:08 INFO DiskBlockManager: Created local directory at /tmp/blockmgr-3b33ccbf-041d-43a8-b3b6-a7ec5b9beb91
[2024-10-24T14:28:08.118+0000] {spark_submit.py:524} INFO - 24/10/24 14:28:08 INFO MemoryStore: MemoryStore started with capacity 434.4 MiB
[2024-10-24T14:28:08.133+0000] {spark_submit.py:524} INFO - 24/10/24 14:28:08 INFO SparkEnv: Registering OutputCommitCoordinator
[2024-10-24T14:28:08.306+0000] {spark_submit.py:524} INFO - 24/10/24 14:28:08 INFO JettyUtils: Start Jetty 0.0.0.0:4040 for SparkUI
[2024-10-24T14:28:08.362+0000] {spark_submit.py:524} INFO - 24/10/24 14:28:08 INFO Utils: Successfully started service 'SparkUI' on port 4040.
[2024-10-24T14:28:08.514+0000] {spark_submit.py:524} INFO - 24/10/24 14:28:08 INFO StandaloneAppClient$ClientEndpoint: Connecting to master spark://spark-master:7077...
[2024-10-24T14:28:08.567+0000] {spark_submit.py:524} INFO - 24/10/24 14:28:08 INFO TransportClientFactory: Successfully created connection to spark-master/172.18.0.2:7077 after 30 ms (0 ms spent in bootstraps)
[2024-10-24T14:28:08.675+0000] {spark_submit.py:524} INFO - 24/10/24 14:28:08 INFO StandaloneSchedulerBackend: Connected to Spark cluster with app ID app-20241024142808-0019
[2024-10-24T14:28:08.678+0000] {spark_submit.py:524} INFO - 24/10/24 14:28:08 INFO StandaloneAppClient$ClientEndpoint: Executor added: app-20241024142808-0019/0 on worker-20241024142308-172.18.0.5-43899 (172.18.0.5:43899) with 2 core(s)
[2024-10-24T14:28:08.683+0000] {spark_submit.py:524} INFO - 24/10/24 14:28:08 INFO StandaloneSchedulerBackend: Granted executor ID app-20241024142808-0019/0 on hostPort 172.18.0.5:43899 with 2 core(s), 1024.0 MiB RAM
[2024-10-24T14:28:08.700+0000] {spark_submit.py:524} INFO - 24/10/24 14:28:08 INFO Utils: Successfully started service 'org.apache.spark.network.netty.NettyBlockTransferService' on port 37621.
[2024-10-24T14:28:08.701+0000] {spark_submit.py:524} INFO - 24/10/24 14:28:08 INFO NettyBlockTransferService: Server created on 96f89615839b:37621
[2024-10-24T14:28:08.705+0000] {spark_submit.py:524} INFO - 24/10/24 14:28:08 INFO BlockManager: Using org.apache.spark.storage.RandomBlockReplicationPolicy for block replication policy
[2024-10-24T14:28:08.730+0000] {spark_submit.py:524} INFO - 24/10/24 14:28:08 INFO BlockManagerMaster: Registering BlockManager BlockManagerId(driver, 96f89615839b, 37621, None)
[2024-10-24T14:28:08.741+0000] {spark_submit.py:524} INFO - 24/10/24 14:28:08 INFO BlockManagerMasterEndpoint: Registering block manager 96f89615839b:37621 with 434.4 MiB RAM, BlockManagerId(driver, 96f89615839b, 37621, None)
[2024-10-24T14:28:08.746+0000] {spark_submit.py:524} INFO - 24/10/24 14:28:08 INFO StandaloneAppClient$ClientEndpoint: Executor updated: app-20241024142808-0019/0 is now RUNNING
[2024-10-24T14:28:08.748+0000] {spark_submit.py:524} INFO - 24/10/24 14:28:08 INFO BlockManagerMaster: Registered BlockManager BlockManagerId(driver, 96f89615839b, 37621, None)
[2024-10-24T14:28:08.751+0000] {spark_submit.py:524} INFO - 24/10/24 14:28:08 INFO BlockManager: Initialized BlockManager: BlockManagerId(driver, 96f89615839b, 37621, None)
[2024-10-24T14:28:09.165+0000] {spark_submit.py:524} INFO - 24/10/24 14:28:09 INFO StandaloneSchedulerBackend: SchedulerBackend is ready for scheduling beginning after reached minRegisteredResourcesRatio: 0.0
[2024-10-24T14:28:09.379+0000] {spark_submit.py:524} INFO - Hello from Spark!
[2024-10-24T14:28:09.380+0000] {spark_submit.py:524} INFO - 24/10/24 14:28:09 INFO SparkContext: SparkContext is stopping with exitCode 0.
[2024-10-24T14:28:09.390+0000] {spark_submit.py:524} INFO - 24/10/24 14:28:09 INFO SparkUI: Stopped Spark web UI at http://96f89615839b:4040
[2024-10-24T14:28:09.395+0000] {spark_submit.py:524} INFO - 24/10/24 14:28:09 INFO StandaloneSchedulerBackend: Shutting down all executors
[2024-10-24T14:28:09.399+0000] {spark_submit.py:524} INFO - 24/10/24 14:28:09 INFO StandaloneSchedulerBackend$StandaloneDriverEndpoint: Asking each executor to shut down
[2024-10-24T14:28:09.418+0000] {spark_submit.py:524} INFO - 24/10/24 14:28:09 INFO MapOutputTrackerMasterEndpoint: MapOutputTrackerMasterEndpoint stopped!
[2024-10-24T14:28:09.432+0000] {spark_submit.py:524} INFO - 24/10/24 14:28:09 INFO MemoryStore: MemoryStore cleared
[2024-10-24T14:28:09.432+0000] {spark_submit.py:524} INFO - 24/10/24 14:28:09 INFO BlockManager: BlockManager stopped
[2024-10-24T14:28:09.438+0000] {spark_submit.py:524} INFO - 24/10/24 14:28:09 INFO BlockManagerMaster: BlockManagerMaster stopped
[2024-10-24T14:28:09.441+0000] {spark_submit.py:524} INFO - 24/10/24 14:28:09 INFO OutputCommitCoordinator$OutputCommitCoordinatorEndpoint: OutputCommitCoordinator stopped!
[2024-10-24T14:28:09.455+0000] {spark_submit.py:524} INFO - 24/10/24 14:28:09 INFO SparkContext: Successfully stopped SparkContext
[2024-10-24T14:28:09.775+0000] {spark_submit.py:524} INFO - 24/10/24 14:28:09 INFO ShutdownHookManager: Shutdown hook called
[2024-10-24T14:28:09.775+0000] {spark_submit.py:524} INFO - 24/10/24 14:28:09 INFO ShutdownHookManager: Deleting directory /tmp/spark-c4ad37b4-5e59-41c8-a1c2-af92d10d7218
[2024-10-24T14:28:09.779+0000] {spark_submit.py:524} INFO - 24/10/24 14:28:09 INFO ShutdownHookManager: Deleting directory /tmp/spark-3dbb3a8e-06d7-46ff-a3e9-c9389ab49af2
[2024-10-24T14:28:09.782+0000] {spark_submit.py:524} INFO - 24/10/24 14:28:09 INFO ShutdownHookManager: Deleting directory /tmp/spark-c4ad37b4-5e59-41c8-a1c2-af92d10d7218/pyspark-8a0c9169-6011-444c-9a8d-6cb9df518528
[2024-10-24T14:28:09.834+0000] {taskinstance.py:1398} INFO - Marking task as SUCCESS. dag_id=api_openbrewerydb_to_silver_gold, task_id=Gold, execution_date=20231030T080000, start_date=20241024T142804, end_date=20241024T142809
[2024-10-24T14:28:09.852+0000] {local_task_job_runner.py:228} INFO - Task exited with return code 0
[2024-10-24T14:28:09.868+0000] {taskinstance.py:2776} INFO - 0 downstream tasks scheduled from follow-on schedule check
