[2024-10-24T01:19:17.953+0000] {taskinstance.py:1157} INFO - Dependencies all met for dep_context=non-requeueable deps ti=<TaskInstance: api_openbrewerydb_to_silver_gold.Silver scheduled__2023-11-13T08:00:00+00:00 [queued]>
[2024-10-24T01:19:17.974+0000] {taskinstance.py:1157} INFO - Dependencies all met for dep_context=requeueable deps ti=<TaskInstance: api_openbrewerydb_to_silver_gold.Silver scheduled__2023-11-13T08:00:00+00:00 [queued]>
[2024-10-24T01:19:17.975+0000] {taskinstance.py:1359} INFO - Starting attempt 1 of 3
[2024-10-24T01:19:18.011+0000] {taskinstance.py:1380} INFO - Executing <Task(SparkSubmitOperator): Silver> on 2023-11-13 08:00:00+00:00
[2024-10-24T01:19:18.020+0000] {standard_task_runner.py:57} INFO - Started process 3600 to run task
[2024-10-24T01:19:18.025+0000] {standard_task_runner.py:84} INFO - Running: ['***', 'tasks', 'run', 'api_openbrewerydb_to_silver_gold', 'Silver', 'scheduled__2023-11-13T08:00:00+00:00', '--job-id', '86', '--raw', '--subdir', 'DAGS_FOLDER/api_openbrewerydb_to_silver.py', '--cfg-path', '/tmp/tmpclnvk0y6']
[2024-10-24T01:19:18.036+0000] {standard_task_runner.py:85} INFO - Job 86: Subtask Silver
[2024-10-24T01:19:18.157+0000] {task_command.py:415} INFO - Running <TaskInstance: api_openbrewerydb_to_silver_gold.Silver scheduled__2023-11-13T08:00:00+00:00 [running]> on host de5108c6da1d
[2024-10-24T01:19:18.332+0000] {taskinstance.py:1660} INFO - Exporting env vars: AIRFLOW_CTX_DAG_OWNER='Rodrigo Araujo' AIRFLOW_CTX_DAG_ID='api_openbrewerydb_to_silver_gold' AIRFLOW_CTX_TASK_ID='Silver' AIRFLOW_CTX_EXECUTION_DATE='2023-11-13T08:00:00+00:00' AIRFLOW_CTX_TRY_NUMBER='1' AIRFLOW_CTX_DAG_RUN_ID='scheduled__2023-11-13T08:00:00+00:00'
[2024-10-24T01:19:18.356+0000] {base.py:73} INFO - Using connection ID 'spark-conn' for task execution.
[2024-10-24T01:19:18.358+0000] {spark_submit.py:363} INFO - Spark-Submit cmd: spark-submit --master spark://spark-master:7077 --name arrow-spark --queue root.default jobs/silver/api_openbrewerydb.py
[2024-10-24T01:19:25.810+0000] {spark_submit.py:524} INFO - 24/10/24 01:19:25 INFO SparkContext: Running Spark version 3.5.3
[2024-10-24T01:19:25.816+0000] {spark_submit.py:524} INFO - 24/10/24 01:19:25 INFO SparkContext: OS info Linux, 5.15.0-124-generic, amd64
[2024-10-24T01:19:25.817+0000] {spark_submit.py:524} INFO - 24/10/24 01:19:25 INFO SparkContext: Java version 11.0.25
[2024-10-24T01:19:26.001+0000] {spark_submit.py:524} INFO - 24/10/24 01:19:26 WARN NativeCodeLoader: Unable to load native-hadoop library for your platform... using builtin-java classes where applicable
[2024-10-24T01:19:26.250+0000] {spark_submit.py:524} INFO - 24/10/24 01:19:26 INFO ResourceUtils: ==============================================================
[2024-10-24T01:19:26.252+0000] {spark_submit.py:524} INFO - 24/10/24 01:19:26 INFO ResourceUtils: No custom resources configured for spark.driver.
[2024-10-24T01:19:26.254+0000] {spark_submit.py:524} INFO - 24/10/24 01:19:26 INFO ResourceUtils: ==============================================================
[2024-10-24T01:19:26.257+0000] {spark_submit.py:524} INFO - 24/10/24 01:19:26 INFO SparkContext: Submitted application: IngestaoSilver
[2024-10-24T01:19:26.347+0000] {spark_submit.py:524} INFO - 24/10/24 01:19:26 INFO ResourceProfile: Default ResourceProfile created, executor resources: Map(memory -> name: memory, amount: 1024, script: , vendor: , offHeap -> name: offHeap, amount: 0, script: , vendor: ), task resources: Map(cpus -> name: cpus, amount: 1.0)
[2024-10-24T01:19:26.399+0000] {spark_submit.py:524} INFO - 24/10/24 01:19:26 INFO ResourceProfile: Limiting resource is cpu
[2024-10-24T01:19:26.401+0000] {spark_submit.py:524} INFO - 24/10/24 01:19:26 INFO ResourceProfileManager: Added ResourceProfile id: 0
[2024-10-24T01:19:26.560+0000] {spark_submit.py:524} INFO - 24/10/24 01:19:26 INFO SecurityManager: Changing view acls to: ***
[2024-10-24T01:19:26.561+0000] {spark_submit.py:524} INFO - 24/10/24 01:19:26 INFO SecurityManager: Changing modify acls to: ***
[2024-10-24T01:19:26.563+0000] {spark_submit.py:524} INFO - 24/10/24 01:19:26 INFO SecurityManager: Changing view acls groups to:
[2024-10-24T01:19:26.565+0000] {spark_submit.py:524} INFO - 24/10/24 01:19:26 INFO SecurityManager: Changing modify acls groups to:
[2024-10-24T01:19:26.566+0000] {spark_submit.py:524} INFO - 24/10/24 01:19:26 INFO SecurityManager: SecurityManager: authentication disabled; ui acls disabled; users with view permissions: ***; groups with view permissions: EMPTY; users with modify permissions: ***; groups with modify permissions: EMPTY
[2024-10-24T01:19:27.260+0000] {spark_submit.py:524} INFO - 24/10/24 01:19:27 INFO Utils: Successfully started service 'sparkDriver' on port 34065.
[2024-10-24T01:19:27.332+0000] {spark_submit.py:524} INFO - 24/10/24 01:19:27 INFO SparkEnv: Registering MapOutputTracker
[2024-10-24T01:19:27.428+0000] {spark_submit.py:524} INFO - 24/10/24 01:19:27 INFO SparkEnv: Registering BlockManagerMaster
[2024-10-24T01:19:27.499+0000] {spark_submit.py:524} INFO - 24/10/24 01:19:27 INFO BlockManagerMasterEndpoint: Using org.apache.spark.storage.DefaultTopologyMapper for getting topology information
[2024-10-24T01:19:27.501+0000] {spark_submit.py:524} INFO - 24/10/24 01:19:27 INFO BlockManagerMasterEndpoint: BlockManagerMasterEndpoint up
[2024-10-24T01:19:27.513+0000] {spark_submit.py:524} INFO - 24/10/24 01:19:27 INFO SparkEnv: Registering BlockManagerMasterHeartbeat
[2024-10-24T01:19:27.567+0000] {spark_submit.py:524} INFO - 24/10/24 01:19:27 INFO DiskBlockManager: Created local directory at /tmp/blockmgr-bb12ac1d-4c2f-46c0-acf1-9c10045b230a
[2024-10-24T01:19:27.608+0000] {spark_submit.py:524} INFO - 24/10/24 01:19:27 INFO MemoryStore: MemoryStore started with capacity 434.4 MiB
[2024-10-24T01:19:27.650+0000] {spark_submit.py:524} INFO - 24/10/24 01:19:27 INFO SparkEnv: Registering OutputCommitCoordinator
[2024-10-24T01:19:28.007+0000] {spark_submit.py:524} INFO - 24/10/24 01:19:28 INFO JettyUtils: Start Jetty 0.0.0.0:4040 for SparkUI
[2024-10-24T01:19:28.224+0000] {spark_submit.py:524} INFO - 24/10/24 01:19:28 INFO Utils: Successfully started service 'SparkUI' on port 4040.
[2024-10-24T01:19:28.635+0000] {spark_submit.py:524} INFO - 24/10/24 01:19:28 INFO StandaloneAppClient$ClientEndpoint: Connecting to master spark://spark-master:7077...
[2024-10-24T01:19:28.762+0000] {spark_submit.py:524} INFO - 24/10/24 01:19:28 INFO TransportClientFactory: Successfully created connection to spark-master/172.22.0.3:7077 after 76 ms (0 ms spent in bootstraps)
[2024-10-24T01:19:29.015+0000] {spark_submit.py:524} INFO - 24/10/24 01:19:29 INFO StandaloneSchedulerBackend: Connected to Spark cluster with app ID app-20241024011928-0017
[2024-10-24T01:19:29.041+0000] {spark_submit.py:524} INFO - 24/10/24 01:19:29 INFO Utils: Successfully started service 'org.apache.spark.network.netty.NettyBlockTransferService' on port 44767.
[2024-10-24T01:19:29.042+0000] {spark_submit.py:524} INFO - 24/10/24 01:19:29 INFO NettyBlockTransferService: Server created on de5108c6da1d:44767
[2024-10-24T01:19:29.048+0000] {spark_submit.py:524} INFO - 24/10/24 01:19:29 INFO BlockManager: Using org.apache.spark.storage.RandomBlockReplicationPolicy for block replication policy
[2024-10-24T01:19:29.057+0000] {spark_submit.py:524} INFO - 24/10/24 01:19:29 INFO StandaloneAppClient$ClientEndpoint: Executor added: app-20241024011928-0017/0 on worker-20241024010948-172.22.0.4-41535 (172.22.0.4:41535) with 2 core(s)
[2024-10-24T01:19:29.067+0000] {spark_submit.py:524} INFO - 24/10/24 01:19:29 INFO StandaloneSchedulerBackend: Granted executor ID app-20241024011928-0017/0 on hostPort 172.22.0.4:41535 with 2 core(s), 1024.0 MiB RAM
[2024-10-24T01:19:29.097+0000] {spark_submit.py:524} INFO - 24/10/24 01:19:29 INFO BlockManagerMaster: Registering BlockManager BlockManagerId(driver, de5108c6da1d, 44767, None)
[2024-10-24T01:19:29.114+0000] {spark_submit.py:524} INFO - 24/10/24 01:19:29 INFO BlockManagerMasterEndpoint: Registering block manager de5108c6da1d:44767 with 434.4 MiB RAM, BlockManagerId(driver, de5108c6da1d, 44767, None)
[2024-10-24T01:19:29.127+0000] {spark_submit.py:524} INFO - 24/10/24 01:19:29 INFO BlockManagerMaster: Registered BlockManager BlockManagerId(driver, de5108c6da1d, 44767, None)
[2024-10-24T01:19:29.142+0000] {spark_submit.py:524} INFO - 24/10/24 01:19:29 INFO BlockManager: Initialized BlockManager: BlockManagerId(driver, de5108c6da1d, 44767, None)
[2024-10-24T01:19:29.215+0000] {spark_submit.py:524} INFO - 24/10/24 01:19:29 INFO StandaloneAppClient$ClientEndpoint: Executor updated: app-20241024011928-0017/0 is now RUNNING
[2024-10-24T01:19:29.853+0000] {spark_submit.py:524} INFO - 24/10/24 01:19:29 INFO StandaloneSchedulerBackend: SchedulerBackend is ready for scheduling beginning after reached minRegisteredResourcesRatio: 0.0
[2024-10-24T01:19:30.279+0000] {spark_submit.py:524} INFO - Hello from Spark!
[2024-10-24T01:19:30.280+0000] {spark_submit.py:524} INFO - 24/10/24 01:19:30 INFO SparkContext: SparkContext is stopping with exitCode 0.
[2024-10-24T01:19:30.303+0000] {spark_submit.py:524} INFO - 24/10/24 01:19:30 INFO SparkUI: Stopped Spark web UI at http://de5108c6da1d:4040
[2024-10-24T01:19:30.318+0000] {spark_submit.py:524} INFO - 24/10/24 01:19:30 INFO StandaloneSchedulerBackend: Shutting down all executors
[2024-10-24T01:19:30.328+0000] {spark_submit.py:524} INFO - 24/10/24 01:19:30 INFO StandaloneSchedulerBackend$StandaloneDriverEndpoint: Asking each executor to shut down
[2024-10-24T01:19:30.379+0000] {spark_submit.py:524} INFO - 24/10/24 01:19:30 INFO MapOutputTrackerMasterEndpoint: MapOutputTrackerMasterEndpoint stopped!
[2024-10-24T01:19:30.402+0000] {spark_submit.py:524} INFO - 24/10/24 01:19:30 INFO MemoryStore: MemoryStore cleared
[2024-10-24T01:19:30.403+0000] {spark_submit.py:524} INFO - 24/10/24 01:19:30 INFO BlockManager: BlockManager stopped
[2024-10-24T01:19:30.421+0000] {spark_submit.py:524} INFO - 24/10/24 01:19:30 INFO BlockManagerMaster: BlockManagerMaster stopped
[2024-10-24T01:19:30.431+0000] {spark_submit.py:524} INFO - 24/10/24 01:19:30 INFO OutputCommitCoordinator$OutputCommitCoordinatorEndpoint: OutputCommitCoordinator stopped!
[2024-10-24T01:19:30.470+0000] {spark_submit.py:524} INFO - 24/10/24 01:19:30 INFO SparkContext: Successfully stopped SparkContext
[2024-10-24T01:19:31.031+0000] {spark_submit.py:524} INFO - 24/10/24 01:19:31 INFO ShutdownHookManager: Shutdown hook called
[2024-10-24T01:19:31.032+0000] {spark_submit.py:524} INFO - 24/10/24 01:19:31 INFO ShutdownHookManager: Deleting directory /tmp/spark-d806ad33-96cc-4226-9227-5cf3e57fffdb
[2024-10-24T01:19:31.038+0000] {spark_submit.py:524} INFO - 24/10/24 01:19:31 INFO ShutdownHookManager: Deleting directory /tmp/spark-d806ad33-96cc-4226-9227-5cf3e57fffdb/pyspark-11a79871-685f-4574-8e51-6a6828f9afd8
[2024-10-24T01:19:31.044+0000] {spark_submit.py:524} INFO - 24/10/24 01:19:31 INFO ShutdownHookManager: Deleting directory /tmp/spark-ad738b68-b277-45ec-b490-7ea871d8e971
[2024-10-24T01:19:31.150+0000] {taskinstance.py:1398} INFO - Marking task as SUCCESS. dag_id=api_openbrewerydb_to_silver_gold, task_id=Silver, execution_date=20231113T080000, start_date=20241024T011917, end_date=20241024T011931
[2024-10-24T01:19:31.428+0000] {local_task_job_runner.py:228} INFO - Task exited with return code 0
[2024-10-24T01:19:31.491+0000] {taskinstance.py:2776} INFO - 1 downstream tasks scheduled from follow-on schedule check
