[2024-10-24T14:35:52.739+0000] {taskinstance.py:1157} INFO - Dependencies all met for dep_context=non-requeueable deps ti=<TaskInstance: api_openbrewerydb_to_silver_gold.Gold scheduled__2023-12-03T08:00:00+00:00 [queued]>
[2024-10-24T14:35:52.747+0000] {taskinstance.py:1157} INFO - Dependencies all met for dep_context=requeueable deps ti=<TaskInstance: api_openbrewerydb_to_silver_gold.Gold scheduled__2023-12-03T08:00:00+00:00 [queued]>
[2024-10-24T14:35:52.747+0000] {taskinstance.py:1359} INFO - Starting attempt 1 of 2
[2024-10-24T14:35:52.757+0000] {taskinstance.py:1380} INFO - Executing <Task(SparkSubmitOperator): Gold> on 2023-12-03 08:00:00+00:00
[2024-10-24T14:35:52.762+0000] {standard_task_runner.py:57} INFO - Started process 14083 to run task
[2024-10-24T14:35:52.764+0000] {standard_task_runner.py:84} INFO - Running: ['***', 'tasks', 'run', 'api_openbrewerydb_to_silver_gold', 'Gold', 'scheduled__2023-12-03T08:00:00+00:00', '--job-id', '92', '--raw', '--subdir', 'DAGS_FOLDER/api_openbrewerydb_to_silver.py', '--cfg-path', '/tmp/tmpnortiqhh']
[2024-10-24T14:35:52.768+0000] {standard_task_runner.py:85} INFO - Job 92: Subtask Gold
[2024-10-24T14:35:52.813+0000] {task_command.py:415} INFO - Running <TaskInstance: api_openbrewerydb_to_silver_gold.Gold scheduled__2023-12-03T08:00:00+00:00 [running]> on host 96f89615839b
[2024-10-24T14:35:52.892+0000] {taskinstance.py:1660} INFO - Exporting env vars: AIRFLOW_CTX_DAG_OWNER='Rodrigo Araujo' AIRFLOW_CTX_DAG_ID='api_openbrewerydb_to_silver_gold' AIRFLOW_CTX_TASK_ID='Gold' AIRFLOW_CTX_EXECUTION_DATE='2023-12-03T08:00:00+00:00' AIRFLOW_CTX_TRY_NUMBER='1' AIRFLOW_CTX_DAG_RUN_ID='scheduled__2023-12-03T08:00:00+00:00'
[2024-10-24T14:35:52.903+0000] {base.py:73} INFO - Using connection ID 'spark-conn' for task execution.
[2024-10-24T14:35:52.904+0000] {spark_submit.py:363} INFO - Spark-Submit cmd: spark-submit --master spark://spark-master:7077 --name arrow-spark jobs/gold/api_openbrewerydb.py
[2024-10-24T14:35:55.675+0000] {spark_submit.py:524} INFO - 24/10/24 14:35:55 INFO SparkContext: Running Spark version 3.5.3
[2024-10-24T14:35:55.677+0000] {spark_submit.py:524} INFO - 24/10/24 14:35:55 INFO SparkContext: OS info Linux, 5.15.0-124-generic, amd64
[2024-10-24T14:35:55.678+0000] {spark_submit.py:524} INFO - 24/10/24 14:35:55 INFO SparkContext: Java version 11.0.25
[2024-10-24T14:35:55.733+0000] {spark_submit.py:524} INFO - 24/10/24 14:35:55 WARN NativeCodeLoader: Unable to load native-hadoop library for your platform... using builtin-java classes where applicable
[2024-10-24T14:35:55.813+0000] {spark_submit.py:524} INFO - 24/10/24 14:35:55 INFO ResourceUtils: ==============================================================
[2024-10-24T14:35:55.814+0000] {spark_submit.py:524} INFO - 24/10/24 14:35:55 INFO ResourceUtils: No custom resources configured for spark.driver.
[2024-10-24T14:35:55.814+0000] {spark_submit.py:524} INFO - 24/10/24 14:35:55 INFO ResourceUtils: ==============================================================
[2024-10-24T14:35:55.814+0000] {spark_submit.py:524} INFO - 24/10/24 14:35:55 INFO SparkContext: Submitted application: IngestaoSilver
[2024-10-24T14:35:55.835+0000] {spark_submit.py:524} INFO - 24/10/24 14:35:55 INFO ResourceProfile: Default ResourceProfile created, executor resources: Map(memory -> name: memory, amount: 1024, script: , vendor: , offHeap -> name: offHeap, amount: 0, script: , vendor: ), task resources: Map(cpus -> name: cpus, amount: 1.0)
[2024-10-24T14:35:55.848+0000] {spark_submit.py:524} INFO - 24/10/24 14:35:55 INFO ResourceProfile: Limiting resource is cpu
[2024-10-24T14:35:55.849+0000] {spark_submit.py:524} INFO - 24/10/24 14:35:55 INFO ResourceProfileManager: Added ResourceProfile id: 0
[2024-10-24T14:35:55.903+0000] {spark_submit.py:524} INFO - 24/10/24 14:35:55 INFO SecurityManager: Changing view acls to: ***
[2024-10-24T14:35:55.903+0000] {spark_submit.py:524} INFO - 24/10/24 14:35:55 INFO SecurityManager: Changing modify acls to: ***
[2024-10-24T14:35:55.903+0000] {spark_submit.py:524} INFO - 24/10/24 14:35:55 INFO SecurityManager: Changing view acls groups to:
[2024-10-24T14:35:55.904+0000] {spark_submit.py:524} INFO - 24/10/24 14:35:55 INFO SecurityManager: Changing modify acls groups to:
[2024-10-24T14:35:55.904+0000] {spark_submit.py:524} INFO - 24/10/24 14:35:55 INFO SecurityManager: SecurityManager: authentication disabled; ui acls disabled; users with view permissions: ***; groups with view permissions: EMPTY; users with modify permissions: ***; groups with modify permissions: EMPTY
[2024-10-24T14:35:56.140+0000] {spark_submit.py:524} INFO - 24/10/24 14:35:56 INFO Utils: Successfully started service 'sparkDriver' on port 41899.
[2024-10-24T14:35:56.164+0000] {spark_submit.py:524} INFO - 24/10/24 14:35:56 INFO SparkEnv: Registering MapOutputTracker
[2024-10-24T14:35:56.192+0000] {spark_submit.py:524} INFO - 24/10/24 14:35:56 INFO SparkEnv: Registering BlockManagerMaster
[2024-10-24T14:35:56.215+0000] {spark_submit.py:524} INFO - 24/10/24 14:35:56 INFO BlockManagerMasterEndpoint: Using org.apache.spark.storage.DefaultTopologyMapper for getting topology information
[2024-10-24T14:35:56.215+0000] {spark_submit.py:524} INFO - 24/10/24 14:35:56 INFO BlockManagerMasterEndpoint: BlockManagerMasterEndpoint up
[2024-10-24T14:35:56.219+0000] {spark_submit.py:524} INFO - 24/10/24 14:35:56 INFO SparkEnv: Registering BlockManagerMasterHeartbeat
[2024-10-24T14:35:56.237+0000] {spark_submit.py:524} INFO - 24/10/24 14:35:56 INFO DiskBlockManager: Created local directory at /tmp/blockmgr-8375e1b4-b716-4d54-8e9a-75a72d094837
[2024-10-24T14:35:56.250+0000] {spark_submit.py:524} INFO - 24/10/24 14:35:56 INFO MemoryStore: MemoryStore started with capacity 434.4 MiB
[2024-10-24T14:35:56.264+0000] {spark_submit.py:524} INFO - 24/10/24 14:35:56 INFO SparkEnv: Registering OutputCommitCoordinator
[2024-10-24T14:35:56.395+0000] {spark_submit.py:524} INFO - 24/10/24 14:35:56 INFO JettyUtils: Start Jetty 0.0.0.0:4040 for SparkUI
[2024-10-24T14:35:56.442+0000] {spark_submit.py:524} INFO - 24/10/24 14:35:56 INFO Utils: Successfully started service 'SparkUI' on port 4040.
[2024-10-24T14:35:56.543+0000] {spark_submit.py:524} INFO - 24/10/24 14:35:56 INFO StandaloneAppClient$ClientEndpoint: Connecting to master spark://spark-master:7077...
[2024-10-24T14:35:56.587+0000] {spark_submit.py:524} INFO - 24/10/24 14:35:56 INFO TransportClientFactory: Successfully created connection to spark-master/172.18.0.2:7077 after 25 ms (0 ms spent in bootstraps)
[2024-10-24T14:35:56.661+0000] {spark_submit.py:524} INFO - 24/10/24 14:35:56 INFO StandaloneSchedulerBackend: Connected to Spark cluster with app ID app-20241024143556-0087
[2024-10-24T14:35:56.663+0000] {spark_submit.py:524} INFO - 24/10/24 14:35:56 INFO StandaloneAppClient$ClientEndpoint: Executor added: app-20241024143556-0087/0 on worker-20241024142308-172.18.0.5-43899 (172.18.0.5:43899) with 2 core(s)
[2024-10-24T14:35:56.666+0000] {spark_submit.py:524} INFO - 24/10/24 14:35:56 INFO StandaloneSchedulerBackend: Granted executor ID app-20241024143556-0087/0 on hostPort 172.18.0.5:43899 with 2 core(s), 1024.0 MiB RAM
[2024-10-24T14:35:56.672+0000] {spark_submit.py:524} INFO - 24/10/24 14:35:56 INFO Utils: Successfully started service 'org.apache.spark.network.netty.NettyBlockTransferService' on port 44831.
[2024-10-24T14:35:56.673+0000] {spark_submit.py:524} INFO - 24/10/24 14:35:56 INFO NettyBlockTransferService: Server created on 96f89615839b:44831
[2024-10-24T14:35:56.675+0000] {spark_submit.py:524} INFO - 24/10/24 14:35:56 INFO BlockManager: Using org.apache.spark.storage.RandomBlockReplicationPolicy for block replication policy
[2024-10-24T14:35:56.688+0000] {spark_submit.py:524} INFO - 24/10/24 14:35:56 INFO BlockManagerMaster: Registering BlockManager BlockManagerId(driver, 96f89615839b, 44831, None)
[2024-10-24T14:35:56.692+0000] {spark_submit.py:524} INFO - 24/10/24 14:35:56 INFO BlockManagerMasterEndpoint: Registering block manager 96f89615839b:44831 with 434.4 MiB RAM, BlockManagerId(driver, 96f89615839b, 44831, None)
[2024-10-24T14:35:56.694+0000] {spark_submit.py:524} INFO - 24/10/24 14:35:56 INFO StandaloneAppClient$ClientEndpoint: Executor updated: app-20241024143556-0087/0 is now RUNNING
[2024-10-24T14:35:56.695+0000] {spark_submit.py:524} INFO - 24/10/24 14:35:56 INFO BlockManagerMaster: Registered BlockManager BlockManagerId(driver, 96f89615839b, 44831, None)
[2024-10-24T14:35:56.697+0000] {spark_submit.py:524} INFO - 24/10/24 14:35:56 INFO BlockManager: Initialized BlockManager: BlockManagerId(driver, 96f89615839b, 44831, None)
[2024-10-24T14:35:57.013+0000] {spark_submit.py:524} INFO - 24/10/24 14:35:57 INFO StandaloneSchedulerBackend: SchedulerBackend is ready for scheduling beginning after reached minRegisteredResourcesRatio: 0.0
[2024-10-24T14:35:57.216+0000] {spark_submit.py:524} INFO - Hello from Spark!
[2024-10-24T14:35:57.217+0000] {spark_submit.py:524} INFO - 24/10/24 14:35:57 INFO SparkContext: SparkContext is stopping with exitCode 0.
[2024-10-24T14:35:57.228+0000] {spark_submit.py:524} INFO - 24/10/24 14:35:57 INFO SparkUI: Stopped Spark web UI at http://96f89615839b:4040
[2024-10-24T14:35:57.233+0000] {spark_submit.py:524} INFO - 24/10/24 14:35:57 INFO StandaloneSchedulerBackend: Shutting down all executors
[2024-10-24T14:35:57.237+0000] {spark_submit.py:524} INFO - 24/10/24 14:35:57 INFO StandaloneSchedulerBackend$StandaloneDriverEndpoint: Asking each executor to shut down
[2024-10-24T14:35:57.256+0000] {spark_submit.py:524} INFO - 24/10/24 14:35:57 INFO MapOutputTrackerMasterEndpoint: MapOutputTrackerMasterEndpoint stopped!
[2024-10-24T14:35:57.267+0000] {spark_submit.py:524} INFO - 24/10/24 14:35:57 INFO MemoryStore: MemoryStore cleared
[2024-10-24T14:35:57.268+0000] {spark_submit.py:524} INFO - 24/10/24 14:35:57 INFO BlockManager: BlockManager stopped
[2024-10-24T14:35:57.274+0000] {spark_submit.py:524} INFO - 24/10/24 14:35:57 INFO BlockManagerMaster: BlockManagerMaster stopped
[2024-10-24T14:35:57.276+0000] {spark_submit.py:524} INFO - 24/10/24 14:35:57 INFO OutputCommitCoordinator$OutputCommitCoordinatorEndpoint: OutputCommitCoordinator stopped!
[2024-10-24T14:35:57.283+0000] {spark_submit.py:524} INFO - 24/10/24 14:35:57 INFO SparkContext: Successfully stopped SparkContext
[2024-10-24T14:35:57.643+0000] {spark_submit.py:524} INFO - 24/10/24 14:35:57 INFO ShutdownHookManager: Shutdown hook called
[2024-10-24T14:35:57.644+0000] {spark_submit.py:524} INFO - 24/10/24 14:35:57 INFO ShutdownHookManager: Deleting directory /tmp/spark-e609a8c8-5c7b-4680-9b95-e1e9cf0454b5/pyspark-68d223c6-bce3-4dc1-9b74-9f1c2a0239c1
[2024-10-24T14:35:57.647+0000] {spark_submit.py:524} INFO - 24/10/24 14:35:57 INFO ShutdownHookManager: Deleting directory /tmp/spark-b88758f8-0d2e-4f22-a8d7-341649c434ed
[2024-10-24T14:35:57.650+0000] {spark_submit.py:524} INFO - 24/10/24 14:35:57 INFO ShutdownHookManager: Deleting directory /tmp/spark-e609a8c8-5c7b-4680-9b95-e1e9cf0454b5
[2024-10-24T14:35:57.701+0000] {taskinstance.py:1398} INFO - Marking task as SUCCESS. dag_id=api_openbrewerydb_to_silver_gold, task_id=Gold, execution_date=20231203T080000, start_date=20241024T143552, end_date=20241024T143557
[2024-10-24T14:35:57.753+0000] {local_task_job_runner.py:228} INFO - Task exited with return code 0
[2024-10-24T14:35:57.803+0000] {taskinstance.py:2776} INFO - 0 downstream tasks scheduled from follow-on schedule check
