[2024-10-24T15:29:28.152+0000] {taskinstance.py:1157} INFO - Dependencies all met for dep_context=non-requeueable deps ti=<TaskInstance: api_openbrewerydb_to_silver_gold.Silver manual__2024-10-24T15:29:26.512583+00:00 [queued]>
[2024-10-24T15:29:28.159+0000] {taskinstance.py:1157} INFO - Dependencies all met for dep_context=requeueable deps ti=<TaskInstance: api_openbrewerydb_to_silver_gold.Silver manual__2024-10-24T15:29:26.512583+00:00 [queued]>
[2024-10-24T15:29:28.159+0000] {taskinstance.py:1359} INFO - Starting attempt 1 of 2
[2024-10-24T15:29:28.170+0000] {taskinstance.py:1380} INFO - Executing <Task(SparkSubmitOperator): Silver> on 2024-10-24 15:29:26.512583+00:00
[2024-10-24T15:29:28.174+0000] {standard_task_runner.py:57} INFO - Started process 1280 to run task
[2024-10-24T15:29:28.176+0000] {standard_task_runner.py:84} INFO - Running: ['***', 'tasks', 'run', 'api_openbrewerydb_to_silver_gold', 'Silver', 'manual__2024-10-24T15:29:26.512583+00:00', '--job-id', '140', '--raw', '--subdir', 'DAGS_FOLDER/api_openbrewerydb_to_silver.py', '--cfg-path', '/tmp/tmpdh1zksc3']
[2024-10-24T15:29:28.180+0000] {standard_task_runner.py:85} INFO - Job 140: Subtask Silver
[2024-10-24T15:29:28.226+0000] {task_command.py:415} INFO - Running <TaskInstance: api_openbrewerydb_to_silver_gold.Silver manual__2024-10-24T15:29:26.512583+00:00 [running]> on host e995fa603d7f
[2024-10-24T15:29:28.303+0000] {taskinstance.py:1660} INFO - Exporting env vars: AIRFLOW_CTX_DAG_OWNER='Rodrigo Araujo' AIRFLOW_CTX_DAG_ID='api_openbrewerydb_to_silver_gold' AIRFLOW_CTX_TASK_ID='Silver' AIRFLOW_CTX_EXECUTION_DATE='2024-10-24T15:29:26.512583+00:00' AIRFLOW_CTX_TRY_NUMBER='1' AIRFLOW_CTX_DAG_RUN_ID='manual__2024-10-24T15:29:26.512583+00:00'
[2024-10-24T15:29:28.313+0000] {base.py:73} INFO - Using connection ID 'spark-conn' for task execution.
[2024-10-24T15:29:28.314+0000] {spark_submit.py:363} INFO - Spark-Submit cmd: spark-submit --master spark://spark-master:7077 --name arrow-spark jobs/silver/api_openbrewerydb.py
[2024-10-24T15:29:30.708+0000] {spark_submit.py:524} INFO - 24/10/24 15:29:30 INFO SparkContext: Running Spark version 3.5.0
[2024-10-24T15:29:30.710+0000] {spark_submit.py:524} INFO - 24/10/24 15:29:30 INFO SparkContext: OS info Linux, 5.15.0-124-generic, amd64
[2024-10-24T15:29:30.711+0000] {spark_submit.py:524} INFO - 24/10/24 15:29:30 INFO SparkContext: Java version 17.0.13
[2024-10-24T15:29:30.761+0000] {spark_submit.py:524} INFO - 24/10/24 15:29:30 WARN NativeCodeLoader: Unable to load native-hadoop library for your platform... using builtin-java classes where applicable
[2024-10-24T15:29:30.840+0000] {spark_submit.py:524} INFO - 24/10/24 15:29:30 INFO ResourceUtils: ==============================================================
[2024-10-24T15:29:30.840+0000] {spark_submit.py:524} INFO - 24/10/24 15:29:30 INFO ResourceUtils: No custom resources configured for spark.driver.
[2024-10-24T15:29:30.841+0000] {spark_submit.py:524} INFO - 24/10/24 15:29:30 INFO ResourceUtils: ==============================================================
[2024-10-24T15:29:30.842+0000] {spark_submit.py:524} INFO - 24/10/24 15:29:30 INFO SparkContext: Submitted application: IngestaoSilver
[2024-10-24T15:29:30.861+0000] {spark_submit.py:524} INFO - 24/10/24 15:29:30 INFO ResourceProfile: Default ResourceProfile created, executor resources: Map(memory -> name: memory, amount: 1024, script: , vendor: , offHeap -> name: offHeap, amount: 0, script: , vendor: ), task resources: Map(cpus -> name: cpus, amount: 1.0)
[2024-10-24T15:29:30.868+0000] {spark_submit.py:524} INFO - 24/10/24 15:29:30 INFO ResourceProfile: Limiting resource is cpu
[2024-10-24T15:29:30.869+0000] {spark_submit.py:524} INFO - 24/10/24 15:29:30 INFO ResourceProfileManager: Added ResourceProfile id: 0
[2024-10-24T15:29:30.912+0000] {spark_submit.py:524} INFO - 24/10/24 15:29:30 INFO SecurityManager: Changing view acls to: ***
[2024-10-24T15:29:30.913+0000] {spark_submit.py:524} INFO - 24/10/24 15:29:30 INFO SecurityManager: Changing modify acls to: ***
[2024-10-24T15:29:30.914+0000] {spark_submit.py:524} INFO - 24/10/24 15:29:30 INFO SecurityManager: Changing view acls groups to:
[2024-10-24T15:29:30.914+0000] {spark_submit.py:524} INFO - 24/10/24 15:29:30 INFO SecurityManager: Changing modify acls groups to:
[2024-10-24T15:29:30.915+0000] {spark_submit.py:524} INFO - 24/10/24 15:29:30 INFO SecurityManager: SecurityManager: authentication disabled; ui acls disabled; users with view permissions: ***; groups with view permissions: EMPTY; users with modify permissions: ***; groups with modify permissions: EMPTY
[2024-10-24T15:29:31.121+0000] {spark_submit.py:524} INFO - 24/10/24 15:29:31 INFO Utils: Successfully started service 'sparkDriver' on port 41955.
[2024-10-24T15:29:31.150+0000] {spark_submit.py:524} INFO - 24/10/24 15:29:31 INFO SparkEnv: Registering MapOutputTracker
[2024-10-24T15:29:31.185+0000] {spark_submit.py:524} INFO - 24/10/24 15:29:31 INFO SparkEnv: Registering BlockManagerMaster
[2024-10-24T15:29:31.204+0000] {spark_submit.py:524} INFO - 24/10/24 15:29:31 INFO BlockManagerMasterEndpoint: Using org.apache.spark.storage.DefaultTopologyMapper for getting topology information
[2024-10-24T15:29:31.205+0000] {spark_submit.py:524} INFO - 24/10/24 15:29:31 INFO BlockManagerMasterEndpoint: BlockManagerMasterEndpoint up
[2024-10-24T15:29:31.209+0000] {spark_submit.py:524} INFO - 24/10/24 15:29:31 INFO SparkEnv: Registering BlockManagerMasterHeartbeat
[2024-10-24T15:29:31.225+0000] {spark_submit.py:524} INFO - 24/10/24 15:29:31 INFO DiskBlockManager: Created local directory at /tmp/blockmgr-d9b9b23c-5b9e-4ceb-948c-6fc8c8c0227a
[2024-10-24T15:29:31.236+0000] {spark_submit.py:524} INFO - 24/10/24 15:29:31 INFO MemoryStore: MemoryStore started with capacity 434.4 MiB
[2024-10-24T15:29:31.249+0000] {spark_submit.py:524} INFO - 24/10/24 15:29:31 INFO SparkEnv: Registering OutputCommitCoordinator
[2024-10-24T15:29:31.348+0000] {spark_submit.py:524} INFO - 24/10/24 15:29:31 INFO JettyUtils: Start Jetty 0.0.0.0:4040 for SparkUI
[2024-10-24T15:29:31.397+0000] {spark_submit.py:524} INFO - 24/10/24 15:29:31 INFO Utils: Successfully started service 'SparkUI' on port 4040.
[2024-10-24T15:29:31.499+0000] {spark_submit.py:524} INFO - 24/10/24 15:29:31 INFO StandaloneAppClient$ClientEndpoint: Connecting to master spark://spark-master:7077...
[2024-10-24T15:29:31.542+0000] {spark_submit.py:524} INFO - 24/10/24 15:29:31 INFO TransportClientFactory: Successfully created connection to spark-master/172.18.0.3:7077 after 23 ms (0 ms spent in bootstraps)
[2024-10-24T15:29:31.617+0000] {spark_submit.py:524} INFO - 24/10/24 15:29:31 INFO StandaloneSchedulerBackend: Connected to Spark cluster with app ID app-20241024152931-0006
[2024-10-24T15:29:31.618+0000] {spark_submit.py:524} INFO - 24/10/24 15:29:31 INFO StandaloneAppClient$ClientEndpoint: Executor added: app-20241024152931-0006/0 on worker-20241024152407-172.18.0.5-37749 (172.18.0.5:37749) with 2 core(s)
[2024-10-24T15:29:31.625+0000] {spark_submit.py:524} INFO - 24/10/24 15:29:31 INFO StandaloneSchedulerBackend: Granted executor ID app-20241024152931-0006/0 on hostPort 172.18.0.5:37749 with 2 core(s), 1024.0 MiB RAM
[2024-10-24T15:29:31.631+0000] {spark_submit.py:524} INFO - 24/10/24 15:29:31 INFO Utils: Successfully started service 'org.apache.spark.network.netty.NettyBlockTransferService' on port 40247.
[2024-10-24T15:29:31.632+0000] {spark_submit.py:524} INFO - 24/10/24 15:29:31 INFO NettyBlockTransferService: Server created on e995fa603d7f:40247
[2024-10-24T15:29:31.634+0000] {spark_submit.py:524} INFO - 24/10/24 15:29:31 INFO BlockManager: Using org.apache.spark.storage.RandomBlockReplicationPolicy for block replication policy
[2024-10-24T15:29:31.649+0000] {spark_submit.py:524} INFO - 24/10/24 15:29:31 INFO BlockManagerMaster: Registering BlockManager BlockManagerId(driver, e995fa603d7f, 40247, None)
[2024-10-24T15:29:31.654+0000] {spark_submit.py:524} INFO - 24/10/24 15:29:31 INFO BlockManagerMasterEndpoint: Registering block manager e995fa603d7f:40247 with 434.4 MiB RAM, BlockManagerId(driver, e995fa603d7f, 40247, None)
[2024-10-24T15:29:31.657+0000] {spark_submit.py:524} INFO - 24/10/24 15:29:31 INFO BlockManagerMaster: Registered BlockManager BlockManagerId(driver, e995fa603d7f, 40247, None)
[2024-10-24T15:29:31.659+0000] {spark_submit.py:524} INFO - 24/10/24 15:29:31 INFO BlockManager: Initialized BlockManager: BlockManagerId(driver, e995fa603d7f, 40247, None)
[2024-10-24T15:29:31.682+0000] {spark_submit.py:524} INFO - 24/10/24 15:29:31 INFO StandaloneAppClient$ClientEndpoint: Executor updated: app-20241024152931-0006/0 is now RUNNING
[2024-10-24T15:29:31.880+0000] {spark_submit.py:524} INFO - 24/10/24 15:29:31 INFO StandaloneSchedulerBackend: SchedulerBackend is ready for scheduling beginning after reached minRegisteredResourcesRatio: 0.0
[2024-10-24T15:29:32.107+0000] {spark_submit.py:524} INFO - 24/10/24 15:29:32 INFO SharedState: Setting hive.metastore.warehouse.dir ('null') to the value of spark.sql.warehouse.dir.
[2024-10-24T15:29:32.117+0000] {spark_submit.py:524} INFO - 24/10/24 15:29:32 INFO SharedState: Warehouse path is 'file:/opt/***/spark-warehouse'.
[2024-10-24T15:29:33.113+0000] {spark_submit.py:524} INFO - 24/10/24 15:29:33 INFO InMemoryFileIndex: It took 86 ms to list leaf files for 1 paths.
[2024-10-24T15:29:33.214+0000] {spark_submit.py:524} INFO - 24/10/24 15:29:33 INFO InMemoryFileIndex: It took 5 ms to list leaf files for 1 paths.
[2024-10-24T15:29:34.599+0000] {spark_submit.py:524} INFO - 24/10/24 15:29:34 INFO StandaloneSchedulerBackend$StandaloneDriverEndpoint: Registered executor NettyRpcEndpointRef(spark-client://Executor) (172.18.0.5:36102) with ID 0,  ResourceProfileId 0
[2024-10-24T15:29:34.686+0000] {spark_submit.py:524} INFO - 24/10/24 15:29:34 INFO BlockManagerMasterEndpoint: Registering block manager 172.18.0.5:32847 with 434.4 MiB RAM, BlockManagerId(0, 172.18.0.5, 32847, None)
[2024-10-24T15:29:35.506+0000] {spark_submit.py:524} INFO - 24/10/24 15:29:35 INFO FileSourceStrategy: Pushed Filters:
[2024-10-24T15:29:35.515+0000] {spark_submit.py:524} INFO - 24/10/24 15:29:35 INFO FileSourceStrategy: Post-Scan Filters:
[2024-10-24T15:29:35.698+0000] {spark_submit.py:524} INFO - 24/10/24 15:29:35 INFO MemoryStore: Block broadcast_0 stored as values in memory (estimated size 199.2 KiB, free 434.2 MiB)
[2024-10-24T15:29:35.754+0000] {spark_submit.py:524} INFO - 24/10/24 15:29:35 INFO MemoryStore: Block broadcast_0_piece0 stored as bytes in memory (estimated size 34.1 KiB, free 434.2 MiB)
[2024-10-24T15:29:35.756+0000] {spark_submit.py:524} INFO - 24/10/24 15:29:35 INFO BlockManagerInfo: Added broadcast_0_piece0 in memory on e995fa603d7f:40247 (size: 34.1 KiB, free: 434.4 MiB)
[2024-10-24T15:29:35.759+0000] {spark_submit.py:524} INFO - 24/10/24 15:29:35 INFO SparkContext: Created broadcast 0 from json at NativeMethodAccessorImpl.java:0
[2024-10-24T15:29:35.767+0000] {spark_submit.py:524} INFO - 24/10/24 15:29:35 INFO FileSourceScanExec: Planning scan with bin packing, max size: 4194304 bytes, open cost is considered as scanning 4194304 bytes.
[2024-10-24T15:29:35.875+0000] {spark_submit.py:524} INFO - 24/10/24 15:29:35 INFO SparkContext: Starting job: json at NativeMethodAccessorImpl.java:0
[2024-10-24T15:29:35.889+0000] {spark_submit.py:524} INFO - 24/10/24 15:29:35 INFO DAGScheduler: Got job 0 (json at NativeMethodAccessorImpl.java:0) with 1 output partitions
[2024-10-24T15:29:35.889+0000] {spark_submit.py:524} INFO - 24/10/24 15:29:35 INFO DAGScheduler: Final stage: ResultStage 0 (json at NativeMethodAccessorImpl.java:0)
[2024-10-24T15:29:35.889+0000] {spark_submit.py:524} INFO - 24/10/24 15:29:35 INFO DAGScheduler: Parents of final stage: List()
[2024-10-24T15:29:35.890+0000] {spark_submit.py:524} INFO - 24/10/24 15:29:35 INFO DAGScheduler: Missing parents: List()
[2024-10-24T15:29:35.893+0000] {spark_submit.py:524} INFO - 24/10/24 15:29:35 INFO DAGScheduler: Submitting ResultStage 0 (MapPartitionsRDD[3] at json at NativeMethodAccessorImpl.java:0), which has no missing parents
[2024-10-24T15:29:35.947+0000] {spark_submit.py:524} INFO - 24/10/24 15:29:35 INFO MemoryStore: Block broadcast_1 stored as values in memory (estimated size 16.0 KiB, free 434.2 MiB)
[2024-10-24T15:29:35.959+0000] {spark_submit.py:524} INFO - 24/10/24 15:29:35 INFO MemoryStore: Block broadcast_1_piece0 stored as bytes in memory (estimated size 7.5 KiB, free 434.1 MiB)
[2024-10-24T15:29:35.960+0000] {spark_submit.py:524} INFO - 24/10/24 15:29:35 INFO BlockManagerInfo: Added broadcast_1_piece0 in memory on e995fa603d7f:40247 (size: 7.5 KiB, free: 434.4 MiB)
[2024-10-24T15:29:35.961+0000] {spark_submit.py:524} INFO - 24/10/24 15:29:35 INFO SparkContext: Created broadcast 1 from broadcast at DAGScheduler.scala:1580
[2024-10-24T15:29:35.972+0000] {spark_submit.py:524} INFO - 24/10/24 15:29:35 INFO DAGScheduler: Submitting 1 missing tasks from ResultStage 0 (MapPartitionsRDD[3] at json at NativeMethodAccessorImpl.java:0) (first 15 tasks are for partitions Vector(0))
[2024-10-24T15:29:35.973+0000] {spark_submit.py:524} INFO - 24/10/24 15:29:35 INFO TaskSchedulerImpl: Adding task set 0.0 with 1 tasks resource profile 0
[2024-10-24T15:29:36.000+0000] {spark_submit.py:524} INFO - 24/10/24 15:29:36 INFO TaskSetManager: Starting task 0.0 in stage 0.0 (TID 0) (172.18.0.5, executor 0, partition 0, PROCESS_LOCAL, 8238 bytes)
[2024-10-24T15:29:36.191+0000] {spark_submit.py:524} INFO - 24/10/24 15:29:36 INFO BlockManagerInfo: Added broadcast_1_piece0 in memory on 172.18.0.5:32847 (size: 7.5 KiB, free: 434.4 MiB)
[2024-10-24T15:29:36.931+0000] {spark_submit.py:524} INFO - 24/10/24 15:29:36 INFO BlockManagerInfo: Added broadcast_0_piece0 in memory on 172.18.0.5:32847 (size: 34.1 KiB, free: 434.4 MiB)
[2024-10-24T15:29:37.113+0000] {spark_submit.py:524} INFO - 24/10/24 15:29:37 INFO TaskSetManager: Finished task 0.0 in stage 0.0 (TID 0) in 1122 ms on 172.18.0.5 (executor 0) (1/1)
[2024-10-24T15:29:37.115+0000] {spark_submit.py:524} INFO - 24/10/24 15:29:37 INFO TaskSchedulerImpl: Removed TaskSet 0.0, whose tasks have all completed, from pool
[2024-10-24T15:29:37.121+0000] {spark_submit.py:524} INFO - 24/10/24 15:29:37 INFO DAGScheduler: ResultStage 0 (json at NativeMethodAccessorImpl.java:0) finished in 1.218 s
[2024-10-24T15:29:37.124+0000] {spark_submit.py:524} INFO - 24/10/24 15:29:37 INFO DAGScheduler: Job 0 is finished. Cancelling potential speculative or zombie tasks for this job
[2024-10-24T15:29:37.125+0000] {spark_submit.py:524} INFO - 24/10/24 15:29:37 INFO TaskSchedulerImpl: Killing all running tasks in stage 0: Stage finished
[2024-10-24T15:29:37.128+0000] {spark_submit.py:524} INFO - 24/10/24 15:29:37 INFO DAGScheduler: Job 0 finished: json at NativeMethodAccessorImpl.java:0, took 1.252383 s
[2024-10-24T15:29:37.151+0000] {spark_submit.py:524} INFO - Leitura realizada com sucesso!
[2024-10-24T15:29:37.256+0000] {spark_submit.py:524} INFO - 24/10/24 15:29:37 INFO FileSourceStrategy: Pushed Filters:
[2024-10-24T15:29:37.256+0000] {spark_submit.py:524} INFO - 24/10/24 15:29:37 INFO FileSourceStrategy: Post-Scan Filters:
[2024-10-24T15:29:37.568+0000] {spark_submit.py:524} INFO - 24/10/24 15:29:37 INFO CodeGenerator: Code generated in 186.631878 ms
[2024-10-24T15:29:37.571+0000] {spark_submit.py:524} INFO - 24/10/24 15:29:37 INFO BlockManagerInfo: Removed broadcast_1_piece0 on e995fa603d7f:40247 in memory (size: 7.5 KiB, free: 434.4 MiB)
[2024-10-24T15:29:37.577+0000] {spark_submit.py:524} INFO - 24/10/24 15:29:37 INFO MemoryStore: Block broadcast_2 stored as values in memory (estimated size 199.1 KiB, free 434.0 MiB)
[2024-10-24T15:29:37.580+0000] {spark_submit.py:524} INFO - 24/10/24 15:29:37 INFO BlockManagerInfo: Removed broadcast_1_piece0 on 172.18.0.5:32847 in memory (size: 7.5 KiB, free: 434.4 MiB)
[2024-10-24T15:29:37.603+0000] {spark_submit.py:524} INFO - 24/10/24 15:29:37 INFO MemoryStore: Block broadcast_2_piece0 stored as bytes in memory (estimated size 34.1 KiB, free 433.9 MiB)
[2024-10-24T15:29:37.604+0000] {spark_submit.py:524} INFO - 24/10/24 15:29:37 INFO BlockManagerInfo: Added broadcast_2_piece0 in memory on e995fa603d7f:40247 (size: 34.1 KiB, free: 434.3 MiB)
[2024-10-24T15:29:37.605+0000] {spark_submit.py:524} INFO - 24/10/24 15:29:37 INFO SparkContext: Created broadcast 2 from count at NativeMethodAccessorImpl.java:0
[2024-10-24T15:29:37.609+0000] {spark_submit.py:524} INFO - 24/10/24 15:29:37 INFO FileSourceScanExec: Planning scan with bin packing, max size: 4194304 bytes, open cost is considered as scanning 4194304 bytes.
[2024-10-24T15:29:37.639+0000] {spark_submit.py:524} INFO - 24/10/24 15:29:37 INFO DAGScheduler: Registering RDD 7 (count at NativeMethodAccessorImpl.java:0) as input to shuffle 0
[2024-10-24T15:29:37.644+0000] {spark_submit.py:524} INFO - 24/10/24 15:29:37 INFO DAGScheduler: Got map stage job 1 (count at NativeMethodAccessorImpl.java:0) with 1 output partitions
[2024-10-24T15:29:37.645+0000] {spark_submit.py:524} INFO - 24/10/24 15:29:37 INFO DAGScheduler: Final stage: ShuffleMapStage 1 (count at NativeMethodAccessorImpl.java:0)
[2024-10-24T15:29:37.645+0000] {spark_submit.py:524} INFO - 24/10/24 15:29:37 INFO DAGScheduler: Parents of final stage: List()
[2024-10-24T15:29:37.646+0000] {spark_submit.py:524} INFO - 24/10/24 15:29:37 INFO DAGScheduler: Missing parents: List()
[2024-10-24T15:29:37.647+0000] {spark_submit.py:524} INFO - 24/10/24 15:29:37 INFO DAGScheduler: Submitting ShuffleMapStage 1 (MapPartitionsRDD[7] at count at NativeMethodAccessorImpl.java:0), which has no missing parents
[2024-10-24T15:29:37.661+0000] {spark_submit.py:524} INFO - 24/10/24 15:29:37 INFO MemoryStore: Block broadcast_3 stored as values in memory (estimated size 17.0 KiB, free 433.9 MiB)
[2024-10-24T15:29:37.666+0000] {spark_submit.py:524} INFO - 24/10/24 15:29:37 INFO MemoryStore: Block broadcast_3_piece0 stored as bytes in memory (estimated size 8.3 KiB, free 433.9 MiB)
[2024-10-24T15:29:37.666+0000] {spark_submit.py:524} INFO - 24/10/24 15:29:37 INFO BlockManagerInfo: Added broadcast_3_piece0 in memory on e995fa603d7f:40247 (size: 8.3 KiB, free: 434.3 MiB)
[2024-10-24T15:29:37.667+0000] {spark_submit.py:524} INFO - 24/10/24 15:29:37 INFO SparkContext: Created broadcast 3 from broadcast at DAGScheduler.scala:1580
[2024-10-24T15:29:37.669+0000] {spark_submit.py:524} INFO - 24/10/24 15:29:37 INFO DAGScheduler: Submitting 1 missing tasks from ShuffleMapStage 1 (MapPartitionsRDD[7] at count at NativeMethodAccessorImpl.java:0) (first 15 tasks are for partitions Vector(0))
[2024-10-24T15:29:37.669+0000] {spark_submit.py:524} INFO - 24/10/24 15:29:37 INFO TaskSchedulerImpl: Adding task set 1.0 with 1 tasks resource profile 0
[2024-10-24T15:29:37.672+0000] {spark_submit.py:524} INFO - 24/10/24 15:29:37 INFO TaskSetManager: Starting task 0.0 in stage 1.0 (TID 1) (172.18.0.5, executor 0, partition 0, PROCESS_LOCAL, 8227 bytes)
[2024-10-24T15:29:37.702+0000] {spark_submit.py:524} INFO - 24/10/24 15:29:37 INFO BlockManagerInfo: Removed broadcast_0_piece0 on e995fa603d7f:40247 in memory (size: 34.1 KiB, free: 434.4 MiB)
[2024-10-24T15:29:37.704+0000] {spark_submit.py:524} INFO - 24/10/24 15:29:37 INFO BlockManagerInfo: Removed broadcast_0_piece0 on 172.18.0.5:32847 in memory (size: 34.1 KiB, free: 434.4 MiB)
[2024-10-24T15:29:37.709+0000] {spark_submit.py:524} INFO - 24/10/24 15:29:37 INFO BlockManagerInfo: Added broadcast_3_piece0 in memory on 172.18.0.5:32847 (size: 8.3 KiB, free: 434.4 MiB)
[2024-10-24T15:29:37.818+0000] {spark_submit.py:524} INFO - 24/10/24 15:29:37 INFO BlockManagerInfo: Added broadcast_2_piece0 in memory on 172.18.0.5:32847 (size: 34.1 KiB, free: 434.4 MiB)
[2024-10-24T15:29:37.885+0000] {spark_submit.py:524} INFO - 24/10/24 15:29:37 INFO TaskSetManager: Finished task 0.0 in stage 1.0 (TID 1) in 213 ms on 172.18.0.5 (executor 0) (1/1)
[2024-10-24T15:29:37.885+0000] {spark_submit.py:524} INFO - 24/10/24 15:29:37 INFO TaskSchedulerImpl: Removed TaskSet 1.0, whose tasks have all completed, from pool
[2024-10-24T15:29:37.887+0000] {spark_submit.py:524} INFO - 24/10/24 15:29:37 INFO DAGScheduler: ShuffleMapStage 1 (count at NativeMethodAccessorImpl.java:0) finished in 0.238 s
[2024-10-24T15:29:37.888+0000] {spark_submit.py:524} INFO - 24/10/24 15:29:37 INFO DAGScheduler: looking for newly runnable stages
[2024-10-24T15:29:37.888+0000] {spark_submit.py:524} INFO - 24/10/24 15:29:37 INFO DAGScheduler: running: Set()
[2024-10-24T15:29:37.889+0000] {spark_submit.py:524} INFO - 24/10/24 15:29:37 INFO DAGScheduler: waiting: Set()
[2024-10-24T15:29:37.889+0000] {spark_submit.py:524} INFO - 24/10/24 15:29:37 INFO DAGScheduler: failed: Set()
[2024-10-24T15:29:37.924+0000] {spark_submit.py:524} INFO - 24/10/24 15:29:37 INFO CodeGenerator: Code generated in 11.266406 ms
[2024-10-24T15:29:37.944+0000] {spark_submit.py:524} INFO - 24/10/24 15:29:37 INFO SparkContext: Starting job: count at NativeMethodAccessorImpl.java:0
[2024-10-24T15:29:37.946+0000] {spark_submit.py:524} INFO - 24/10/24 15:29:37 INFO DAGScheduler: Got job 2 (count at NativeMethodAccessorImpl.java:0) with 1 output partitions
[2024-10-24T15:29:37.946+0000] {spark_submit.py:524} INFO - 24/10/24 15:29:37 INFO DAGScheduler: Final stage: ResultStage 3 (count at NativeMethodAccessorImpl.java:0)
[2024-10-24T15:29:37.946+0000] {spark_submit.py:524} INFO - 24/10/24 15:29:37 INFO DAGScheduler: Parents of final stage: List(ShuffleMapStage 2)
[2024-10-24T15:29:37.947+0000] {spark_submit.py:524} INFO - 24/10/24 15:29:37 INFO DAGScheduler: Missing parents: List()
[2024-10-24T15:29:37.947+0000] {spark_submit.py:524} INFO - 24/10/24 15:29:37 INFO DAGScheduler: Submitting ResultStage 3 (MapPartitionsRDD[10] at count at NativeMethodAccessorImpl.java:0), which has no missing parents
[2024-10-24T15:29:37.953+0000] {spark_submit.py:524} INFO - 24/10/24 15:29:37 INFO MemoryStore: Block broadcast_4 stored as values in memory (estimated size 12.5 KiB, free 434.1 MiB)
[2024-10-24T15:29:37.957+0000] {spark_submit.py:524} INFO - 24/10/24 15:29:37 INFO MemoryStore: Block broadcast_4_piece0 stored as bytes in memory (estimated size 5.9 KiB, free 434.1 MiB)
[2024-10-24T15:29:37.958+0000] {spark_submit.py:524} INFO - 24/10/24 15:29:37 INFO BlockManagerInfo: Added broadcast_4_piece0 in memory on e995fa603d7f:40247 (size: 5.9 KiB, free: 434.4 MiB)
[2024-10-24T15:29:37.959+0000] {spark_submit.py:524} INFO - 24/10/24 15:29:37 INFO BlockManagerInfo: Removed broadcast_3_piece0 on e995fa603d7f:40247 in memory (size: 8.3 KiB, free: 434.4 MiB)
[2024-10-24T15:29:37.959+0000] {spark_submit.py:524} INFO - 24/10/24 15:29:37 INFO SparkContext: Created broadcast 4 from broadcast at DAGScheduler.scala:1580
[2024-10-24T15:29:37.960+0000] {spark_submit.py:524} INFO - 24/10/24 15:29:37 INFO DAGScheduler: Submitting 1 missing tasks from ResultStage 3 (MapPartitionsRDD[10] at count at NativeMethodAccessorImpl.java:0) (first 15 tasks are for partitions Vector(0))
[2024-10-24T15:29:37.960+0000] {spark_submit.py:524} INFO - 24/10/24 15:29:37 INFO TaskSchedulerImpl: Adding task set 3.0 with 1 tasks resource profile 0
[2024-10-24T15:29:37.962+0000] {spark_submit.py:524} INFO - 24/10/24 15:29:37 INFO BlockManagerInfo: Removed broadcast_3_piece0 on 172.18.0.5:32847 in memory (size: 8.3 KiB, free: 434.4 MiB)
[2024-10-24T15:29:37.966+0000] {spark_submit.py:524} INFO - 24/10/24 15:29:37 INFO TaskSetManager: Starting task 0.0 in stage 3.0 (TID 2) (172.18.0.5, executor 0, partition 0, NODE_LOCAL, 7619 bytes)
[2024-10-24T15:29:37.987+0000] {spark_submit.py:524} INFO - 24/10/24 15:29:37 INFO BlockManagerInfo: Added broadcast_4_piece0 in memory on 172.18.0.5:32847 (size: 5.9 KiB, free: 434.4 MiB)
[2024-10-24T15:29:38.014+0000] {spark_submit.py:524} INFO - 24/10/24 15:29:38 INFO MapOutputTrackerMasterEndpoint: Asked to send map output locations for shuffle 0 to 172.18.0.5:36102
[2024-10-24T15:29:38.131+0000] {spark_submit.py:524} INFO - 24/10/24 15:29:38 INFO TaskSetManager: Finished task 0.0 in stage 3.0 (TID 2) in 166 ms on 172.18.0.5 (executor 0) (1/1)
[2024-10-24T15:29:38.131+0000] {spark_submit.py:524} INFO - 24/10/24 15:29:38 INFO TaskSchedulerImpl: Removed TaskSet 3.0, whose tasks have all completed, from pool
[2024-10-24T15:29:38.132+0000] {spark_submit.py:524} INFO - 24/10/24 15:29:38 INFO DAGScheduler: ResultStage 3 (count at NativeMethodAccessorImpl.java:0) finished in 0.180 s
[2024-10-24T15:29:38.132+0000] {spark_submit.py:524} INFO - 24/10/24 15:29:38 INFO DAGScheduler: Job 2 is finished. Cancelling potential speculative or zombie tasks for this job
[2024-10-24T15:29:38.133+0000] {spark_submit.py:524} INFO - 24/10/24 15:29:38 INFO TaskSchedulerImpl: Killing all running tasks in stage 3: Stage finished
[2024-10-24T15:29:38.133+0000] {spark_submit.py:524} INFO - 24/10/24 15:29:38 INFO DAGScheduler: Job 2 finished: count at NativeMethodAccessorImpl.java:0, took 0.188055 s
[2024-10-24T15:29:38.138+0000] {spark_submit.py:524} INFO - Quantidade:  50
[2024-10-24T15:29:38.198+0000] {spark_submit.py:524} INFO - 24/10/24 15:29:38 INFO FileSourceStrategy: Pushed Filters:
[2024-10-24T15:29:38.198+0000] {spark_submit.py:524} INFO - 24/10/24 15:29:38 INFO FileSourceStrategy: Post-Scan Filters:
[2024-10-24T15:29:38.273+0000] {spark_submit.py:524} INFO - 24/10/24 15:29:38 INFO CodeGenerator: Code generated in 33.786779 ms
[2024-10-24T15:29:38.277+0000] {spark_submit.py:524} INFO - 24/10/24 15:29:38 INFO MemoryStore: Block broadcast_5 stored as values in memory (estimated size 199.1 KiB, free 434.0 MiB)
[2024-10-24T15:29:38.285+0000] {spark_submit.py:524} INFO - 24/10/24 15:29:38 INFO BlockManagerInfo: Removed broadcast_4_piece0 on e995fa603d7f:40247 in memory (size: 5.9 KiB, free: 434.4 MiB)
[2024-10-24T15:29:38.288+0000] {spark_submit.py:524} INFO - 24/10/24 15:29:38 INFO BlockManagerInfo: Removed broadcast_4_piece0 on 172.18.0.5:32847 in memory (size: 5.9 KiB, free: 434.4 MiB)
[2024-10-24T15:29:38.290+0000] {spark_submit.py:524} INFO - 24/10/24 15:29:38 INFO MemoryStore: Block broadcast_5_piece0 stored as bytes in memory (estimated size 34.1 KiB, free 433.9 MiB)
[2024-10-24T15:29:38.291+0000] {spark_submit.py:524} INFO - 24/10/24 15:29:38 INFO BlockManagerInfo: Added broadcast_5_piece0 in memory on e995fa603d7f:40247 (size: 34.1 KiB, free: 434.3 MiB)
[2024-10-24T15:29:38.292+0000] {spark_submit.py:524} INFO - 24/10/24 15:29:38 INFO SparkContext: Created broadcast 5 from showString at NativeMethodAccessorImpl.java:0
[2024-10-24T15:29:38.296+0000] {spark_submit.py:524} INFO - 24/10/24 15:29:38 INFO FileSourceScanExec: Planning scan with bin packing, max size: 4194304 bytes, open cost is considered as scanning 4194304 bytes.
[2024-10-24T15:29:38.309+0000] {spark_submit.py:524} INFO - 24/10/24 15:29:38 INFO SparkContext: Starting job: showString at NativeMethodAccessorImpl.java:0
[2024-10-24T15:29:38.310+0000] {spark_submit.py:524} INFO - 24/10/24 15:29:38 INFO DAGScheduler: Got job 3 (showString at NativeMethodAccessorImpl.java:0) with 1 output partitions
[2024-10-24T15:29:38.311+0000] {spark_submit.py:524} INFO - 24/10/24 15:29:38 INFO DAGScheduler: Final stage: ResultStage 4 (showString at NativeMethodAccessorImpl.java:0)
[2024-10-24T15:29:38.311+0000] {spark_submit.py:524} INFO - 24/10/24 15:29:38 INFO DAGScheduler: Parents of final stage: List()
[2024-10-24T15:29:38.311+0000] {spark_submit.py:524} INFO - 24/10/24 15:29:38 INFO DAGScheduler: Missing parents: List()
[2024-10-24T15:29:38.311+0000] {spark_submit.py:524} INFO - 24/10/24 15:29:38 INFO DAGScheduler: Submitting ResultStage 4 (MapPartitionsRDD[14] at showString at NativeMethodAccessorImpl.java:0), which has no missing parents
[2024-10-24T15:29:38.314+0000] {spark_submit.py:524} INFO - 24/10/24 15:29:38 INFO MemoryStore: Block broadcast_6 stored as values in memory (estimated size 21.2 KiB, free 433.9 MiB)
[2024-10-24T15:29:38.315+0000] {spark_submit.py:524} INFO - 24/10/24 15:29:38 INFO MemoryStore: Block broadcast_6_piece0 stored as bytes in memory (estimated size 8.3 KiB, free 433.9 MiB)
[2024-10-24T15:29:38.316+0000] {spark_submit.py:524} INFO - 24/10/24 15:29:38 INFO BlockManagerInfo: Added broadcast_6_piece0 in memory on e995fa603d7f:40247 (size: 8.3 KiB, free: 434.3 MiB)
[2024-10-24T15:29:38.317+0000] {spark_submit.py:524} INFO - 24/10/24 15:29:38 INFO SparkContext: Created broadcast 6 from broadcast at DAGScheduler.scala:1580
[2024-10-24T15:29:38.318+0000] {spark_submit.py:524} INFO - 24/10/24 15:29:38 INFO DAGScheduler: Submitting 1 missing tasks from ResultStage 4 (MapPartitionsRDD[14] at showString at NativeMethodAccessorImpl.java:0) (first 15 tasks are for partitions Vector(0))
[2024-10-24T15:29:38.318+0000] {spark_submit.py:524} INFO - 24/10/24 15:29:38 INFO TaskSchedulerImpl: Adding task set 4.0 with 1 tasks resource profile 0
[2024-10-24T15:29:38.322+0000] {spark_submit.py:524} INFO - 24/10/24 15:29:38 INFO TaskSetManager: Starting task 0.0 in stage 4.0 (TID 3) (172.18.0.5, executor 0, partition 0, PROCESS_LOCAL, 8238 bytes)
[2024-10-24T15:29:38.341+0000] {spark_submit.py:524} INFO - 24/10/24 15:29:38 INFO BlockManagerInfo: Added broadcast_6_piece0 in memory on 172.18.0.5:32847 (size: 8.3 KiB, free: 434.4 MiB)
[2024-10-24T15:29:38.437+0000] {spark_submit.py:524} INFO - 24/10/24 15:29:38 INFO BlockManagerInfo: Added broadcast_5_piece0 in memory on 172.18.0.5:32847 (size: 34.1 KiB, free: 434.3 MiB)
[2024-10-24T15:29:38.484+0000] {spark_submit.py:524} INFO - 24/10/24 15:29:38 INFO TaskSetManager: Finished task 0.0 in stage 4.0 (TID 3) in 162 ms on 172.18.0.5 (executor 0) (1/1)
[2024-10-24T15:29:38.484+0000] {spark_submit.py:524} INFO - 24/10/24 15:29:38 INFO TaskSchedulerImpl: Removed TaskSet 4.0, whose tasks have all completed, from pool
[2024-10-24T15:29:38.485+0000] {spark_submit.py:524} INFO - 24/10/24 15:29:38 INFO DAGScheduler: ResultStage 4 (showString at NativeMethodAccessorImpl.java:0) finished in 0.172 s
[2024-10-24T15:29:38.485+0000] {spark_submit.py:524} INFO - 24/10/24 15:29:38 INFO DAGScheduler: Job 3 is finished. Cancelling potential speculative or zombie tasks for this job
[2024-10-24T15:29:38.486+0000] {spark_submit.py:524} INFO - 24/10/24 15:29:38 INFO TaskSchedulerImpl: Killing all running tasks in stage 4: Stage finished
[2024-10-24T15:29:38.486+0000] {spark_submit.py:524} INFO - 24/10/24 15:29:38 INFO DAGScheduler: Job 3 finished: showString at NativeMethodAccessorImpl.java:0, took 0.176512 s
[2024-10-24T15:29:38.531+0000] {spark_submit.py:524} INFO - 24/10/24 15:29:38 INFO CodeGenerator: Code generated in 25.966011 ms
[2024-10-24T15:29:38.545+0000] {spark_submit.py:524} INFO - +--------------------+---------+---------+------------+--------------+-------------+--------------------+-----------------+------------------+--------------------+------------+-----------+-------------+--------------+--------------------+--------------------+
[2024-10-24T15:29:38.545+0000] {spark_submit.py:524} INFO - |           address_1|address_2|address_3|brewery_type|          city|      country|                  id|         latitude|         longitude|                name|       phone|postal_code|        state|state_province|              street|         website_url|
[2024-10-24T15:29:38.545+0000] {spark_submit.py:524} INFO - +--------------------+---------+---------+------------+--------------+-------------+--------------------+-----------------+------------------+--------------------+------------+-----------+-------------+--------------+--------------------+--------------------+
[2024-10-24T15:29:38.545+0000] {spark_submit.py:524} INFO - |      1716 Topeka St|     NULL|     NULL|       micro|        Norman|United States|5128df48-79fc-4f0...|      35.25738891|      -97.46818222|    (405) Brewing Co|  4058160490| 73069-8224|     Oklahoma|      Oklahoma|      1716 Topeka St|http://www.405bre...|
[2024-10-24T15:29:38.545+0000] {spark_submit.py:524} INFO - |407 Radam Ln Ste ...|     NULL|     NULL|       micro|        Austin|United States|9c5a66c8-cc13-416...|             NULL|              NULL|    (512) Brewing Co|  5129211545| 78745-1197|        Texas|         Texas|407 Radam Ln Ste ...|http://www.512bre...|
[2024-10-24T15:29:38.545+0000] {spark_submit.py:524} INFO - | 8100 Washington Ave|     NULL|     NULL|       micro|Mount Pleasant|United States|34e8c68b-6146-453...|42.72010826899558|-87.88336350209435|1 of Us Brewing C...|  2624847553| 53406-3920|    Wisconsin|     Wisconsin| 8100 Washington Ave|https://www.1ofus...|
[2024-10-24T15:29:38.546+0000] {spark_submit.py:524} INFO - |           1501 E St|     NULL|     NULL|       large|     San Diego|United States|ef970757-fe42-416...|        32.714813|       -117.129593|10 Barrel Brewing Co|  6195782311| 92101-6618|   California|    California|           1501 E St| http://10barrel.com|
[2024-10-24T15:29:38.546+0000] {spark_submit.py:524} INFO - |       62970 18th St|     NULL|     NULL|       large|          Bend|United States|6d14b220-8926-452...|      44.08683531|       -121.281706|10 Barrel Brewing Co|  5415851007| 97701-9847|       Oregon|        Oregon|       62970 18th St|http://www.10barr...|
[2024-10-24T15:29:38.546+0000] {spark_submit.py:524} INFO - |1135 NW Galveston...|     NULL|     NULL|       large|          Bend|United States|e2e78bd8-80ff-4a6...|       44.0575649|      -121.3288021|10 Barrel Brewing Co|  5415851007| 97703-2465|       Oregon|        Oregon|1135 NW Galveston...|                NULL|
[2024-10-24T15:29:38.546+0000] {spark_submit.py:524} INFO - | 1411 NW Flanders St|     NULL|     NULL|       large|      Portland|United States|e432899b-7f58-455...|       45.5259786|      -122.6855056|10 Barrel Brewing Co|  5032241700| 97209-2620|       Oregon|        Oregon| 1411 NW Flanders St|http://www.10barr...|
[2024-10-24T15:29:38.546+0000] {spark_submit.py:524} INFO - |    62950 NE 18th St|     NULL|     NULL|       large|          Bend|United States|9f1852da-c312-42d...|       44.0912109|      -121.2809536|10 Barrel Brewing...|  5415851007|      97701|       Oregon|        Oregon|    62950 NE 18th St|                NULL|
[2024-10-24T15:29:38.546+0000] {spark_submit.py:524} INFO - |    826 W Bannock St|     NULL|     NULL|       large|         Boise|United States|ea4f30c0-bce6-416...|        43.618516|       -116.202929|10 Barrel Brewing...|  2083445870| 83702-5857|        Idaho|         Idaho|    826 W Bannock St|http://www.10barr...|
[2024-10-24T15:29:38.546+0000] {spark_submit.py:524} INFO - |      2620 Walnut St|     NULL|     NULL|       large|        Denver|United States|1988eb86-f0a2-467...|       39.7592508|      -104.9853655|10 Barrel Brewing...|  7205738992| 80205-2231|     Colorado|      Colorado|      2620 Walnut St|                NULL|
[2024-10-24T15:29:38.546+0000] {spark_submit.py:524} INFO - |         490 Mill St|     NULL|     NULL|       micro|          Reno|United States|1ecc330f-6275-42a...|       39.5171702|      -119.7732015|10 Torr Distillin...|  7755307014|      89502|       Nevada|        Nevada|         490 Mill St|http://www.10torr...|
[2024-10-24T15:29:38.547+0000] {spark_submit.py:524} INFO - |       400 Brown Cir|     NULL|     NULL|       micro|          Knox|United States|7531dbd8-afc9-4b5...|        41.289715|        -86.627954|10-56 Brewing Com...|  6308165790|      46534|      Indiana|       Indiana|       400 Brown Cir|                NULL|
[2024-10-24T15:29:38.547+0000] {spark_submit.py:524} INFO - |294793 US Highway...|     NULL|     NULL|     brewpub|      Quilcene|United States|03118499-a3d0-4c2...|      47.82347577|      -122.8755823|         101 Brewery|  3607656485| 98376-9000|   Washington|    Washington|294793 US Highway...|http://www.101bre...|
[2024-10-24T15:29:38.547+0000] {spark_submit.py:524} INFO - | 1304 Scott St Ste D|     NULL|     NULL|      closed|      Petaluma|United States|5ae467af-66dc-4d7...|      38.27029381|       -122.665055|101 North Brewing...|  7077534934| 94954-7100|   California|    California| 1304 Scott St Ste D|http://www.101nor...|
[2024-10-24T15:29:38.547+0000] {spark_submit.py:524} INFO - |        1043 Park St|     NULL|     NULL|       micro|   Castle Rock|United States|4ffda196-dd59-44a...|      39.38269495|      -104.8667206| 105 West Brewing Co|  3033257321| 80109-1585|     Colorado|      Colorado|        1043 Park St|http://www.105wes...|
[2024-10-24T15:29:38.547+0000] {spark_submit.py:524} INFO - |        2005 2nd Ave|     NULL|     NULL|       micro|         Anoka|United States|42aa37d5-8384-4ff...|      45.19812039|      -93.38952559|         10K Brewing|  7633924753| 55303-2243|    Minnesota|     Minnesota|        2005 2nd Ave|  http://10KBrew.com|
[2024-10-24T15:29:38.547+0000] {spark_submit.py:524} INFO - |   491 Washington St|     NULL|     NULL|       micro|      Abington|United States|232e8f62-9afc-45f...|      42.10591754|      -70.94594149|10th District Bre...|  7813071554| 02351-2419|Massachusetts| Massachusetts|   491 Washington St|http://www.10thdi...|
[2024-10-24T15:29:38.547+0000] {spark_submit.py:524} INFO - |   6820 Bourgeois Rd|     NULL|     NULL|       micro|       Houston|United States|08f78223-24f8-4b7...|       29.9515464|       -95.5186591|11 Below Brewing ...|  2814442337| 77066-3107|        Texas|         Texas|   6820 Bourgeois Rd|http://www.11belo...|
[2024-10-24T15:29:38.547+0000] {spark_submit.py:524} INFO - |       141 E Main St|     NULL|     NULL|     brewpub|      John Day|United States|58293321-14ae-49d...|       44.4146563|      -118.9218754|     1188 Brewing Co|  5415751188| 97845-1210|       Oregon|        Oregon|       141 E Main St|http://www.1188br...|
[2024-10-24T15:29:38.548+0000] {spark_submit.py:524} INFO - |      Unnamed Street| Clonmore|     NULL|       micro|     Killeshin|      Ireland|e5f3e72a-fee2-481...|      52.84930763|      -6.979343891|12 Acres Brewing ...|353599107299|   R93 X3X8|        Laois|         Laois|      Unnamed Street|https://12acresbr...|
[2024-10-24T15:29:38.548+0000] {spark_submit.py:524} INFO - +--------------------+---------+---------+------------+--------------+-------------+--------------------+-----------------+------------------+--------------------+------------+-----------+-------------+--------------+--------------------+--------------------+
[2024-10-24T15:29:38.548+0000] {spark_submit.py:524} INFO - only showing top 20 rows
[2024-10-24T15:29:38.548+0000] {spark_submit.py:524} INFO - 
[2024-10-24T15:29:38.548+0000] {spark_submit.py:524} INFO - 24/10/24 15:29:38 INFO SparkContext: SparkContext is stopping with exitCode 0.
[2024-10-24T15:29:38.554+0000] {spark_submit.py:524} INFO - 24/10/24 15:29:38 INFO SparkUI: Stopped Spark web UI at http://e995fa603d7f:4040
[2024-10-24T15:29:38.556+0000] {spark_submit.py:524} INFO - 24/10/24 15:29:38 INFO StandaloneSchedulerBackend: Shutting down all executors
[2024-10-24T15:29:38.557+0000] {spark_submit.py:524} INFO - 24/10/24 15:29:38 INFO StandaloneSchedulerBackend$StandaloneDriverEndpoint: Asking each executor to shut down
[2024-10-24T15:29:38.574+0000] {spark_submit.py:524} INFO - 24/10/24 15:29:38 INFO MapOutputTrackerMasterEndpoint: MapOutputTrackerMasterEndpoint stopped!
[2024-10-24T15:29:38.593+0000] {spark_submit.py:524} INFO - 24/10/24 15:29:38 INFO MemoryStore: MemoryStore cleared
[2024-10-24T15:29:38.593+0000] {spark_submit.py:524} INFO - 24/10/24 15:29:38 INFO BlockManager: BlockManager stopped
[2024-10-24T15:29:38.597+0000] {spark_submit.py:524} INFO - 24/10/24 15:29:38 INFO BlockManagerMaster: BlockManagerMaster stopped
[2024-10-24T15:29:38.600+0000] {spark_submit.py:524} INFO - 24/10/24 15:29:38 INFO OutputCommitCoordinator$OutputCommitCoordinatorEndpoint: OutputCommitCoordinator stopped!
[2024-10-24T15:29:38.609+0000] {spark_submit.py:524} INFO - 24/10/24 15:29:38 INFO SparkContext: Successfully stopped SparkContext
[2024-10-24T15:29:38.970+0000] {spark_submit.py:524} INFO - 24/10/24 15:29:38 INFO ShutdownHookManager: Shutdown hook called
[2024-10-24T15:29:38.971+0000] {spark_submit.py:524} INFO - 24/10/24 15:29:38 INFO ShutdownHookManager: Deleting directory /tmp/spark-5be6014f-fda4-4c61-b6a4-586a8798aff6
[2024-10-24T15:29:38.976+0000] {spark_submit.py:524} INFO - 24/10/24 15:29:38 INFO ShutdownHookManager: Deleting directory /tmp/spark-1dcf18b9-55df-467e-aed0-fadb6b3bbeb7
[2024-10-24T15:29:38.984+0000] {spark_submit.py:524} INFO - 24/10/24 15:29:38 INFO ShutdownHookManager: Deleting directory /tmp/spark-1dcf18b9-55df-467e-aed0-fadb6b3bbeb7/pyspark-74fd4fd5-5740-4a6a-b001-a79c12489568
[2024-10-24T15:29:39.053+0000] {taskinstance.py:1398} INFO - Marking task as SUCCESS. dag_id=api_openbrewerydb_to_silver_gold, task_id=Silver, execution_date=20241024T152926, start_date=20241024T152928, end_date=20241024T152939
[2024-10-24T15:29:39.093+0000] {local_task_job_runner.py:228} INFO - Task exited with return code 0
[2024-10-24T15:29:39.115+0000] {taskinstance.py:2776} INFO - 1 downstream tasks scheduled from follow-on schedule check
