[2024-10-24T14:37:12.197+0000] {taskinstance.py:1157} INFO - Dependencies all met for dep_context=non-requeueable deps ti=<TaskInstance: api_openbrewerydb_to_silver_gold.Gold scheduled__2023-12-09T08:00:00+00:00 [queued]>
[2024-10-24T14:37:12.204+0000] {taskinstance.py:1157} INFO - Dependencies all met for dep_context=requeueable deps ti=<TaskInstance: api_openbrewerydb_to_silver_gold.Gold scheduled__2023-12-09T08:00:00+00:00 [queued]>
[2024-10-24T14:37:12.204+0000] {taskinstance.py:1359} INFO - Starting attempt 1 of 2
[2024-10-24T14:37:12.218+0000] {taskinstance.py:1380} INFO - Executing <Task(SparkSubmitOperator): Gold> on 2023-12-09 08:00:00+00:00
[2024-10-24T14:37:12.223+0000] {standard_task_runner.py:57} INFO - Started process 15995 to run task
[2024-10-24T14:37:12.225+0000] {standard_task_runner.py:84} INFO - Running: ['***', 'tasks', 'run', 'api_openbrewerydb_to_silver_gold', 'Gold', 'scheduled__2023-12-09T08:00:00+00:00', '--job-id', '104', '--raw', '--subdir', 'DAGS_FOLDER/api_openbrewerydb_to_silver.py', '--cfg-path', '/tmp/tmpjdwr3skk']
[2024-10-24T14:37:12.229+0000] {standard_task_runner.py:85} INFO - Job 104: Subtask Gold
[2024-10-24T14:37:12.273+0000] {task_command.py:415} INFO - Running <TaskInstance: api_openbrewerydb_to_silver_gold.Gold scheduled__2023-12-09T08:00:00+00:00 [running]> on host 96f89615839b
[2024-10-24T14:37:12.351+0000] {taskinstance.py:1660} INFO - Exporting env vars: AIRFLOW_CTX_DAG_OWNER='Rodrigo Araujo' AIRFLOW_CTX_DAG_ID='api_openbrewerydb_to_silver_gold' AIRFLOW_CTX_TASK_ID='Gold' AIRFLOW_CTX_EXECUTION_DATE='2023-12-09T08:00:00+00:00' AIRFLOW_CTX_TRY_NUMBER='1' AIRFLOW_CTX_DAG_RUN_ID='scheduled__2023-12-09T08:00:00+00:00'
[2024-10-24T14:37:12.362+0000] {base.py:73} INFO - Using connection ID 'spark-conn' for task execution.
[2024-10-24T14:37:12.363+0000] {spark_submit.py:363} INFO - Spark-Submit cmd: spark-submit --master spark://spark-master:7077 --name arrow-spark jobs/gold/api_openbrewerydb.py
[2024-10-24T14:37:15.188+0000] {spark_submit.py:524} INFO - 24/10/24 14:37:15 INFO SparkContext: Running Spark version 3.5.3
[2024-10-24T14:37:15.190+0000] {spark_submit.py:524} INFO - 24/10/24 14:37:15 INFO SparkContext: OS info Linux, 5.15.0-124-generic, amd64
[2024-10-24T14:37:15.190+0000] {spark_submit.py:524} INFO - 24/10/24 14:37:15 INFO SparkContext: Java version 11.0.25
[2024-10-24T14:37:15.259+0000] {spark_submit.py:524} INFO - 24/10/24 14:37:15 WARN NativeCodeLoader: Unable to load native-hadoop library for your platform... using builtin-java classes where applicable
[2024-10-24T14:37:15.349+0000] {spark_submit.py:524} INFO - 24/10/24 14:37:15 INFO ResourceUtils: ==============================================================
[2024-10-24T14:37:15.349+0000] {spark_submit.py:524} INFO - 24/10/24 14:37:15 INFO ResourceUtils: No custom resources configured for spark.driver.
[2024-10-24T14:37:15.350+0000] {spark_submit.py:524} INFO - 24/10/24 14:37:15 INFO ResourceUtils: ==============================================================
[2024-10-24T14:37:15.350+0000] {spark_submit.py:524} INFO - 24/10/24 14:37:15 INFO SparkContext: Submitted application: IngestaoSilver
[2024-10-24T14:37:15.376+0000] {spark_submit.py:524} INFO - 24/10/24 14:37:15 INFO ResourceProfile: Default ResourceProfile created, executor resources: Map(memory -> name: memory, amount: 1024, script: , vendor: , offHeap -> name: offHeap, amount: 0, script: , vendor: ), task resources: Map(cpus -> name: cpus, amount: 1.0)
[2024-10-24T14:37:15.392+0000] {spark_submit.py:524} INFO - 24/10/24 14:37:15 INFO ResourceProfile: Limiting resource is cpu
[2024-10-24T14:37:15.392+0000] {spark_submit.py:524} INFO - 24/10/24 14:37:15 INFO ResourceProfileManager: Added ResourceProfile id: 0
[2024-10-24T14:37:15.446+0000] {spark_submit.py:524} INFO - 24/10/24 14:37:15 INFO SecurityManager: Changing view acls to: ***
[2024-10-24T14:37:15.447+0000] {spark_submit.py:524} INFO - 24/10/24 14:37:15 INFO SecurityManager: Changing modify acls to: ***
[2024-10-24T14:37:15.447+0000] {spark_submit.py:524} INFO - 24/10/24 14:37:15 INFO SecurityManager: Changing view acls groups to:
[2024-10-24T14:37:15.448+0000] {spark_submit.py:524} INFO - 24/10/24 14:37:15 INFO SecurityManager: Changing modify acls groups to:
[2024-10-24T14:37:15.448+0000] {spark_submit.py:524} INFO - 24/10/24 14:37:15 INFO SecurityManager: SecurityManager: authentication disabled; ui acls disabled; users with view permissions: ***; groups with view permissions: EMPTY; users with modify permissions: ***; groups with modify permissions: EMPTY
[2024-10-24T14:37:15.715+0000] {spark_submit.py:524} INFO - 24/10/24 14:37:15 INFO Utils: Successfully started service 'sparkDriver' on port 36983.
[2024-10-24T14:37:15.745+0000] {spark_submit.py:524} INFO - 24/10/24 14:37:15 INFO SparkEnv: Registering MapOutputTracker
[2024-10-24T14:37:15.794+0000] {spark_submit.py:524} INFO - 24/10/24 14:37:15 INFO SparkEnv: Registering BlockManagerMaster
[2024-10-24T14:37:15.822+0000] {spark_submit.py:524} INFO - 24/10/24 14:37:15 INFO BlockManagerMasterEndpoint: Using org.apache.spark.storage.DefaultTopologyMapper for getting topology information
[2024-10-24T14:37:15.823+0000] {spark_submit.py:524} INFO - 24/10/24 14:37:15 INFO BlockManagerMasterEndpoint: BlockManagerMasterEndpoint up
[2024-10-24T14:37:15.828+0000] {spark_submit.py:524} INFO - 24/10/24 14:37:15 INFO SparkEnv: Registering BlockManagerMasterHeartbeat
[2024-10-24T14:37:15.853+0000] {spark_submit.py:524} INFO - 24/10/24 14:37:15 INFO DiskBlockManager: Created local directory at /tmp/blockmgr-497e86db-cdfc-4bdc-92e2-ed266e6e3da3
[2024-10-24T14:37:15.872+0000] {spark_submit.py:524} INFO - 24/10/24 14:37:15 INFO MemoryStore: MemoryStore started with capacity 434.4 MiB
[2024-10-24T14:37:15.894+0000] {spark_submit.py:524} INFO - 24/10/24 14:37:15 INFO SparkEnv: Registering OutputCommitCoordinator
[2024-10-24T14:37:16.079+0000] {spark_submit.py:524} INFO - 24/10/24 14:37:16 INFO JettyUtils: Start Jetty 0.0.0.0:4040 for SparkUI
[2024-10-24T14:37:16.131+0000] {spark_submit.py:524} INFO - 24/10/24 14:37:16 INFO Utils: Successfully started service 'SparkUI' on port 4040.
[2024-10-24T14:37:16.276+0000] {spark_submit.py:524} INFO - 24/10/24 14:37:16 INFO StandaloneAppClient$ClientEndpoint: Connecting to master spark://spark-master:7077...
[2024-10-24T14:37:16.332+0000] {spark_submit.py:524} INFO - 24/10/24 14:37:16 INFO TransportClientFactory: Successfully created connection to spark-master/172.18.0.2:7077 after 31 ms (0 ms spent in bootstraps)
[2024-10-24T14:37:16.434+0000] {spark_submit.py:524} INFO - 24/10/24 14:37:16 INFO StandaloneSchedulerBackend: Connected to Spark cluster with app ID app-20241024143716-0099
[2024-10-24T14:37:16.438+0000] {spark_submit.py:524} INFO - 24/10/24 14:37:16 INFO StandaloneAppClient$ClientEndpoint: Executor added: app-20241024143716-0099/0 on worker-20241024142308-172.18.0.5-43899 (172.18.0.5:43899) with 2 core(s)
[2024-10-24T14:37:16.441+0000] {spark_submit.py:524} INFO - 24/10/24 14:37:16 INFO StandaloneSchedulerBackend: Granted executor ID app-20241024143716-0099/0 on hostPort 172.18.0.5:43899 with 2 core(s), 1024.0 MiB RAM
[2024-10-24T14:37:16.451+0000] {spark_submit.py:524} INFO - 24/10/24 14:37:16 INFO Utils: Successfully started service 'org.apache.spark.network.netty.NettyBlockTransferService' on port 38219.
[2024-10-24T14:37:16.451+0000] {spark_submit.py:524} INFO - 24/10/24 14:37:16 INFO NettyBlockTransferService: Server created on 96f89615839b:38219
[2024-10-24T14:37:16.454+0000] {spark_submit.py:524} INFO - 24/10/24 14:37:16 INFO BlockManager: Using org.apache.spark.storage.RandomBlockReplicationPolicy for block replication policy
[2024-10-24T14:37:16.470+0000] {spark_submit.py:524} INFO - 24/10/24 14:37:16 INFO BlockManagerMaster: Registering BlockManager BlockManagerId(driver, 96f89615839b, 38219, None)
[2024-10-24T14:37:16.475+0000] {spark_submit.py:524} INFO - 24/10/24 14:37:16 INFO BlockManagerMasterEndpoint: Registering block manager 96f89615839b:38219 with 434.4 MiB RAM, BlockManagerId(driver, 96f89615839b, 38219, None)
[2024-10-24T14:37:16.479+0000] {spark_submit.py:524} INFO - 24/10/24 14:37:16 INFO BlockManagerMaster: Registered BlockManager BlockManagerId(driver, 96f89615839b, 38219, None)
[2024-10-24T14:37:16.482+0000] {spark_submit.py:524} INFO - 24/10/24 14:37:16 INFO BlockManager: Initialized BlockManager: BlockManagerId(driver, 96f89615839b, 38219, None)
[2024-10-24T14:37:16.482+0000] {spark_submit.py:524} INFO - 24/10/24 14:37:16 INFO StandaloneAppClient$ClientEndpoint: Executor updated: app-20241024143716-0099/0 is now RUNNING
[2024-10-24T14:37:16.856+0000] {spark_submit.py:524} INFO - 24/10/24 14:37:16 INFO StandaloneSchedulerBackend: SchedulerBackend is ready for scheduling beginning after reached minRegisteredResourcesRatio: 0.0
[2024-10-24T14:37:17.068+0000] {spark_submit.py:524} INFO - Hello from Spark!
[2024-10-24T14:37:17.069+0000] {spark_submit.py:524} INFO - 24/10/24 14:37:17 INFO SparkContext: SparkContext is stopping with exitCode 0.
[2024-10-24T14:37:17.082+0000] {spark_submit.py:524} INFO - 24/10/24 14:37:17 INFO SparkUI: Stopped Spark web UI at http://96f89615839b:4040
[2024-10-24T14:37:17.089+0000] {spark_submit.py:524} INFO - 24/10/24 14:37:17 INFO StandaloneSchedulerBackend: Shutting down all executors
[2024-10-24T14:37:17.093+0000] {spark_submit.py:524} INFO - 24/10/24 14:37:17 INFO StandaloneSchedulerBackend$StandaloneDriverEndpoint: Asking each executor to shut down
[2024-10-24T14:37:17.111+0000] {spark_submit.py:524} INFO - 24/10/24 14:37:17 INFO MapOutputTrackerMasterEndpoint: MapOutputTrackerMasterEndpoint stopped!
[2024-10-24T14:37:17.121+0000] {spark_submit.py:524} INFO - 24/10/24 14:37:17 INFO MemoryStore: MemoryStore cleared
[2024-10-24T14:37:17.121+0000] {spark_submit.py:524} INFO - 24/10/24 14:37:17 INFO BlockManager: BlockManager stopped
[2024-10-24T14:37:17.128+0000] {spark_submit.py:524} INFO - 24/10/24 14:37:17 INFO BlockManagerMaster: BlockManagerMaster stopped
[2024-10-24T14:37:17.129+0000] {spark_submit.py:524} INFO - 24/10/24 14:37:17 INFO OutputCommitCoordinator$OutputCommitCoordinatorEndpoint: OutputCommitCoordinator stopped!
[2024-10-24T14:37:17.136+0000] {spark_submit.py:524} INFO - 24/10/24 14:37:17 INFO SparkContext: Successfully stopped SparkContext
[2024-10-24T14:37:17.456+0000] {spark_submit.py:524} INFO - 24/10/24 14:37:17 INFO ShutdownHookManager: Shutdown hook called
[2024-10-24T14:37:17.457+0000] {spark_submit.py:524} INFO - 24/10/24 14:37:17 INFO ShutdownHookManager: Deleting directory /tmp/spark-f4cb8704-bf08-49f2-95b5-5c8dc9317da6/pyspark-264fd184-52fa-431a-acff-6fd8db4d49d3
[2024-10-24T14:37:17.460+0000] {spark_submit.py:524} INFO - 24/10/24 14:37:17 INFO ShutdownHookManager: Deleting directory /tmp/spark-f4cb8704-bf08-49f2-95b5-5c8dc9317da6
[2024-10-24T14:37:17.463+0000] {spark_submit.py:524} INFO - 24/10/24 14:37:17 INFO ShutdownHookManager: Deleting directory /tmp/spark-8277f256-ec9d-4fff-a298-10900aafac20
[2024-10-24T14:37:17.541+0000] {taskinstance.py:1398} INFO - Marking task as SUCCESS. dag_id=api_openbrewerydb_to_silver_gold, task_id=Gold, execution_date=20231209T080000, start_date=20241024T143712, end_date=20241024T143717
[2024-10-24T14:37:17.565+0000] {local_task_job_runner.py:228} INFO - Task exited with return code 0
[2024-10-24T14:37:17.584+0000] {taskinstance.py:2776} INFO - 0 downstream tasks scheduled from follow-on schedule check
