[2024-10-24T01:38:38.786+0000] {taskinstance.py:1157} INFO - Dependencies all met for dep_context=non-requeueable deps ti=<TaskInstance: api_openbrewerydb_to_silver_gold.Silver scheduled__2023-12-21T08:00:00+00:00 [queued]>
[2024-10-24T01:38:38.795+0000] {taskinstance.py:1157} INFO - Dependencies all met for dep_context=requeueable deps ti=<TaskInstance: api_openbrewerydb_to_silver_gold.Silver scheduled__2023-12-21T08:00:00+00:00 [queued]>
[2024-10-24T01:38:38.796+0000] {taskinstance.py:1359} INFO - Starting attempt 1 of 2
[2024-10-24T01:38:38.809+0000] {taskinstance.py:1380} INFO - Executing <Task(SparkSubmitOperator): Silver> on 2023-12-21 08:00:00+00:00
[2024-10-24T01:38:38.815+0000] {standard_task_runner.py:57} INFO - Started process 2728 to run task
[2024-10-24T01:38:38.818+0000] {standard_task_runner.py:84} INFO - Running: ['***', 'tasks', 'run', 'api_openbrewerydb_to_silver_gold', 'Silver', 'scheduled__2023-12-21T08:00:00+00:00', '--job-id', '175', '--raw', '--subdir', 'DAGS_FOLDER/api_openbrewerydb_to_silver.py', '--cfg-path', '/tmp/tmp1np0eelm']
[2024-10-24T01:38:38.820+0000] {standard_task_runner.py:85} INFO - Job 175: Subtask Silver
[2024-10-24T01:38:38.881+0000] {task_command.py:415} INFO - Running <TaskInstance: api_openbrewerydb_to_silver_gold.Silver scheduled__2023-12-21T08:00:00+00:00 [running]> on host de5108c6da1d
[2024-10-24T01:38:38.992+0000] {taskinstance.py:1660} INFO - Exporting env vars: AIRFLOW_CTX_DAG_OWNER='Rodrigo Araujo' AIRFLOW_CTX_DAG_ID='api_openbrewerydb_to_silver_gold' AIRFLOW_CTX_TASK_ID='Silver' AIRFLOW_CTX_EXECUTION_DATE='2023-12-21T08:00:00+00:00' AIRFLOW_CTX_TRY_NUMBER='1' AIRFLOW_CTX_DAG_RUN_ID='scheduled__2023-12-21T08:00:00+00:00'
[2024-10-24T01:38:39.007+0000] {base.py:73} INFO - Using connection ID 'spark-conn' for task execution.
[2024-10-24T01:38:39.008+0000] {spark_submit.py:363} INFO - Spark-Submit cmd: spark-submit --master spark://spark-master:7077 --name arrow-spark --queue root.default jobs/silver/api_openbrewerydb.py
[2024-10-24T01:38:43.940+0000] {spark_submit.py:524} INFO - 24/10/24 01:38:43 INFO SparkContext: Running Spark version 3.5.3
[2024-10-24T01:38:43.944+0000] {spark_submit.py:524} INFO - 24/10/24 01:38:43 INFO SparkContext: OS info Linux, 5.15.0-124-generic, amd64
[2024-10-24T01:38:43.945+0000] {spark_submit.py:524} INFO - 24/10/24 01:38:43 INFO SparkContext: Java version 11.0.25
[2024-10-24T01:38:44.043+0000] {spark_submit.py:524} INFO - 24/10/24 01:38:44 WARN NativeCodeLoader: Unable to load native-hadoop library for your platform... using builtin-java classes where applicable
[2024-10-24T01:38:44.202+0000] {spark_submit.py:524} INFO - 24/10/24 01:38:44 INFO ResourceUtils: ==============================================================
[2024-10-24T01:38:44.203+0000] {spark_submit.py:524} INFO - 24/10/24 01:38:44 INFO ResourceUtils: No custom resources configured for spark.driver.
[2024-10-24T01:38:44.204+0000] {spark_submit.py:524} INFO - 24/10/24 01:38:44 INFO ResourceUtils: ==============================================================
[2024-10-24T01:38:44.205+0000] {spark_submit.py:524} INFO - 24/10/24 01:38:44 INFO SparkContext: Submitted application: IngestaoSilver
[2024-10-24T01:38:44.249+0000] {spark_submit.py:524} INFO - 24/10/24 01:38:44 INFO ResourceProfile: Default ResourceProfile created, executor resources: Map(memory -> name: memory, amount: 1024, script: , vendor: , offHeap -> name: offHeap, amount: 0, script: , vendor: ), task resources: Map(cpus -> name: cpus, amount: 1.0)
[2024-10-24T01:38:44.275+0000] {spark_submit.py:524} INFO - 24/10/24 01:38:44 INFO ResourceProfile: Limiting resource is cpu
[2024-10-24T01:38:44.276+0000] {spark_submit.py:524} INFO - 24/10/24 01:38:44 INFO ResourceProfileManager: Added ResourceProfile id: 0
[2024-10-24T01:38:44.378+0000] {spark_submit.py:524} INFO - 24/10/24 01:38:44 INFO SecurityManager: Changing view acls to: ***
[2024-10-24T01:38:44.384+0000] {spark_submit.py:524} INFO - 24/10/24 01:38:44 INFO SecurityManager: Changing modify acls to: ***
[2024-10-24T01:38:44.386+0000] {spark_submit.py:524} INFO - 24/10/24 01:38:44 INFO SecurityManager: Changing view acls groups to:
[2024-10-24T01:38:44.388+0000] {spark_submit.py:524} INFO - 24/10/24 01:38:44 INFO SecurityManager: Changing modify acls groups to:
[2024-10-24T01:38:44.390+0000] {spark_submit.py:524} INFO - 24/10/24 01:38:44 INFO SecurityManager: SecurityManager: authentication disabled; ui acls disabled; users with view permissions: ***; groups with view permissions: EMPTY; users with modify permissions: ***; groups with modify permissions: EMPTY
[2024-10-24T01:38:44.810+0000] {spark_submit.py:524} INFO - 24/10/24 01:38:44 INFO Utils: Successfully started service 'sparkDriver' on port 44569.
[2024-10-24T01:38:44.852+0000] {spark_submit.py:524} INFO - 24/10/24 01:38:44 INFO SparkEnv: Registering MapOutputTracker
[2024-10-24T01:38:44.898+0000] {spark_submit.py:524} INFO - 24/10/24 01:38:44 INFO SparkEnv: Registering BlockManagerMaster
[2024-10-24T01:38:44.938+0000] {spark_submit.py:524} INFO - 24/10/24 01:38:44 INFO BlockManagerMasterEndpoint: Using org.apache.spark.storage.DefaultTopologyMapper for getting topology information
[2024-10-24T01:38:44.939+0000] {spark_submit.py:524} INFO - 24/10/24 01:38:44 INFO BlockManagerMasterEndpoint: BlockManagerMasterEndpoint up
[2024-10-24T01:38:44.945+0000] {spark_submit.py:524} INFO - 24/10/24 01:38:44 INFO SparkEnv: Registering BlockManagerMasterHeartbeat
[2024-10-24T01:38:44.975+0000] {spark_submit.py:524} INFO - 24/10/24 01:38:44 INFO DiskBlockManager: Created local directory at /tmp/blockmgr-3908a6f9-5958-4d90-8d41-d67613fa6999
[2024-10-24T01:38:44.996+0000] {spark_submit.py:524} INFO - 24/10/24 01:38:44 INFO MemoryStore: MemoryStore started with capacity 434.4 MiB
[2024-10-24T01:38:45.019+0000] {spark_submit.py:524} INFO - 24/10/24 01:38:45 INFO SparkEnv: Registering OutputCommitCoordinator
[2024-10-24T01:38:45.285+0000] {spark_submit.py:524} INFO - 24/10/24 01:38:45 INFO JettyUtils: Start Jetty 0.0.0.0:4040 for SparkUI
[2024-10-24T01:38:45.366+0000] {spark_submit.py:524} INFO - 24/10/24 01:38:45 WARN Utils: Service 'SparkUI' could not bind on port 4040. Attempting port 4041.
[2024-10-24T01:38:45.377+0000] {spark_submit.py:524} INFO - 24/10/24 01:38:45 INFO Utils: Successfully started service 'SparkUI' on port 4041.
[2024-10-24T01:38:45.583+0000] {spark_submit.py:524} INFO - 24/10/24 01:38:45 INFO StandaloneAppClient$ClientEndpoint: Connecting to master spark://spark-master:7077...
[2024-10-24T01:38:45.690+0000] {spark_submit.py:524} INFO - 24/10/24 01:38:45 INFO TransportClientFactory: Successfully created connection to spark-master/172.22.0.2:7077 after 62 ms (0 ms spent in bootstraps)
[2024-10-24T01:38:45.938+0000] {spark_submit.py:524} INFO - 24/10/24 01:38:45 INFO StandaloneSchedulerBackend: Connected to Spark cluster with app ID app-20241024013845-0017
[2024-10-24T01:38:45.967+0000] {spark_submit.py:524} INFO - 24/10/24 01:38:45 INFO Utils: Successfully started service 'org.apache.spark.network.netty.NettyBlockTransferService' on port 40311.
[2024-10-24T01:38:45.968+0000] {spark_submit.py:524} INFO - 24/10/24 01:38:45 INFO NettyBlockTransferService: Server created on de5108c6da1d:40311
[2024-10-24T01:38:45.972+0000] {spark_submit.py:524} INFO - 24/10/24 01:38:45 INFO BlockManager: Using org.apache.spark.storage.RandomBlockReplicationPolicy for block replication policy
[2024-10-24T01:38:45.992+0000] {spark_submit.py:524} INFO - 24/10/24 01:38:45 INFO BlockManagerMaster: Registering BlockManager BlockManagerId(driver, de5108c6da1d, 40311, None)
[2024-10-24T01:38:45.999+0000] {spark_submit.py:524} INFO - 24/10/24 01:38:45 INFO BlockManagerMasterEndpoint: Registering block manager de5108c6da1d:40311 with 434.4 MiB RAM, BlockManagerId(driver, de5108c6da1d, 40311, None)
[2024-10-24T01:38:46.003+0000] {spark_submit.py:524} INFO - 24/10/24 01:38:46 INFO BlockManagerMaster: Registered BlockManager BlockManagerId(driver, de5108c6da1d, 40311, None)
[2024-10-24T01:38:46.006+0000] {spark_submit.py:524} INFO - 24/10/24 01:38:46 INFO BlockManager: Initialized BlockManager: BlockManagerId(driver, de5108c6da1d, 40311, None)
[2024-10-24T01:38:46.679+0000] {spark_submit.py:524} INFO - 24/10/24 01:38:46 INFO StandaloneSchedulerBackend: SchedulerBackend is ready for scheduling beginning after reached minRegisteredResourcesRatio: 0.0
[2024-10-24T01:38:47.250+0000] {spark_submit.py:524} INFO - 24/10/24 01:38:47 INFO StandaloneAppClient$ClientEndpoint: Executor added: app-20241024013845-0017/0 on worker-20241024013655-172.22.0.4-42143 (172.22.0.4:42143) with 2 core(s)
[2024-10-24T01:38:47.254+0000] {spark_submit.py:524} INFO - 24/10/24 01:38:47 INFO StandaloneSchedulerBackend: Granted executor ID app-20241024013845-0017/0 on hostPort 172.22.0.4:42143 with 2 core(s), 1024.0 MiB RAM
[2024-10-24T01:38:47.383+0000] {spark_submit.py:524} INFO - 24/10/24 01:38:47 INFO StandaloneAppClient$ClientEndpoint: Executor updated: app-20241024013845-0017/0 is now RUNNING
[2024-10-24T01:38:47.443+0000] {spark_submit.py:524} INFO - Hello from Spark!
[2024-10-24T01:38:47.445+0000] {spark_submit.py:524} INFO - 24/10/24 01:38:47 INFO SparkContext: SparkContext is stopping with exitCode 0.
[2024-10-24T01:38:47.465+0000] {spark_submit.py:524} INFO - 24/10/24 01:38:47 INFO SparkUI: Stopped Spark web UI at http://de5108c6da1d:4041
[2024-10-24T01:38:47.476+0000] {spark_submit.py:524} INFO - 24/10/24 01:38:47 INFO StandaloneSchedulerBackend: Shutting down all executors
[2024-10-24T01:38:47.482+0000] {spark_submit.py:524} INFO - 24/10/24 01:38:47 INFO StandaloneSchedulerBackend$StandaloneDriverEndpoint: Asking each executor to shut down
[2024-10-24T01:38:47.538+0000] {spark_submit.py:524} INFO - 24/10/24 01:38:47 INFO MapOutputTrackerMasterEndpoint: MapOutputTrackerMasterEndpoint stopped!
[2024-10-24T01:38:47.580+0000] {spark_submit.py:524} INFO - 24/10/24 01:38:47 INFO MemoryStore: MemoryStore cleared
[2024-10-24T01:38:47.581+0000] {spark_submit.py:524} INFO - 24/10/24 01:38:47 INFO BlockManager: BlockManager stopped
[2024-10-24T01:38:47.593+0000] {spark_submit.py:524} INFO - 24/10/24 01:38:47 INFO BlockManagerMaster: BlockManagerMaster stopped
[2024-10-24T01:38:47.599+0000] {spark_submit.py:524} INFO - 24/10/24 01:38:47 INFO OutputCommitCoordinator$OutputCommitCoordinatorEndpoint: OutputCommitCoordinator stopped!
[2024-10-24T01:38:47.618+0000] {spark_submit.py:524} INFO - 24/10/24 01:38:47 INFO SparkContext: Successfully stopped SparkContext
[2024-10-24T01:38:47.989+0000] {spark_submit.py:524} INFO - 24/10/24 01:38:47 INFO ShutdownHookManager: Shutdown hook called
[2024-10-24T01:38:47.992+0000] {spark_submit.py:524} INFO - 24/10/24 01:38:47 INFO ShutdownHookManager: Deleting directory /tmp/spark-ed2c83d3-275d-4847-9939-3d6bdf76c8c8/pyspark-2c81f956-0a10-4eb1-b70b-3b60460034ea
[2024-10-24T01:38:47.998+0000] {spark_submit.py:524} INFO - 24/10/24 01:38:47 INFO ShutdownHookManager: Deleting directory /tmp/spark-00394be4-2a0a-4afd-8e86-be210f9903c7
[2024-10-24T01:38:48.006+0000] {spark_submit.py:524} INFO - 24/10/24 01:38:48 INFO ShutdownHookManager: Deleting directory /tmp/spark-ed2c83d3-275d-4847-9939-3d6bdf76c8c8
[2024-10-24T01:38:48.119+0000] {taskinstance.py:1398} INFO - Marking task as SUCCESS. dag_id=api_openbrewerydb_to_silver_gold, task_id=Silver, execution_date=20231221T080000, start_date=20241024T013838, end_date=20241024T013848
[2024-10-24T01:38:48.234+0000] {local_task_job_runner.py:228} INFO - Task exited with return code 0
[2024-10-24T01:38:48.275+0000] {taskinstance.py:2776} INFO - 1 downstream tasks scheduled from follow-on schedule check
