[2024-10-24T01:17:23.493+0000] {taskinstance.py:1157} INFO - Dependencies all met for dep_context=non-requeueable deps ti=<TaskInstance: api_openbrewerydb_to_silver_gold.Silver scheduled__2023-10-27T08:00:00+00:00 [queued]>
[2024-10-24T01:17:23.516+0000] {taskinstance.py:1157} INFO - Dependencies all met for dep_context=requeueable deps ti=<TaskInstance: api_openbrewerydb_to_silver_gold.Silver scheduled__2023-10-27T08:00:00+00:00 [queued]>
[2024-10-24T01:17:23.516+0000] {taskinstance.py:1359} INFO - Starting attempt 2 of 3
[2024-10-24T01:17:23.577+0000] {taskinstance.py:1380} INFO - Executing <Task(SparkSubmitOperator): Silver> on 2023-10-27 08:00:00+00:00
[2024-10-24T01:17:23.588+0000] {standard_task_runner.py:57} INFO - Started process 972 to run task
[2024-10-24T01:17:23.609+0000] {standard_task_runner.py:84} INFO - Running: ['***', 'tasks', 'run', 'api_openbrewerydb_to_silver_gold', 'Silver', 'scheduled__2023-10-27T08:00:00+00:00', '--job-id', '61', '--raw', '--subdir', 'DAGS_FOLDER/api_openbrewerydb_to_silver.py', '--cfg-path', '/tmp/tmpb__jyb3z']
[2024-10-24T01:17:23.618+0000] {standard_task_runner.py:85} INFO - Job 61: Subtask Silver
[2024-10-24T01:17:23.815+0000] {task_command.py:415} INFO - Running <TaskInstance: api_openbrewerydb_to_silver_gold.Silver scheduled__2023-10-27T08:00:00+00:00 [running]> on host de5108c6da1d
[2024-10-24T01:17:23.977+0000] {taskinstance.py:1660} INFO - Exporting env vars: AIRFLOW_CTX_DAG_OWNER='Rodrigo Araujo' AIRFLOW_CTX_DAG_ID='api_openbrewerydb_to_silver_gold' AIRFLOW_CTX_TASK_ID='Silver' AIRFLOW_CTX_EXECUTION_DATE='2023-10-27T08:00:00+00:00' AIRFLOW_CTX_TRY_NUMBER='2' AIRFLOW_CTX_DAG_RUN_ID='scheduled__2023-10-27T08:00:00+00:00'
[2024-10-24T01:17:24.000+0000] {base.py:73} INFO - Using connection ID 'spark-conn' for task execution.
[2024-10-24T01:17:24.001+0000] {spark_submit.py:363} INFO - Spark-Submit cmd: spark-submit --master spark://spark-master:7077 --name arrow-spark --queue root.default jobs/silver/api_openbrewerydb.py
[2024-10-24T01:17:29.965+0000] {spark_submit.py:524} INFO - 24/10/24 01:17:29 INFO SparkContext: Running Spark version 3.5.3
[2024-10-24T01:17:29.967+0000] {spark_submit.py:524} INFO - 24/10/24 01:17:29 INFO SparkContext: OS info Linux, 5.15.0-124-generic, amd64
[2024-10-24T01:17:29.968+0000] {spark_submit.py:524} INFO - 24/10/24 01:17:29 INFO SparkContext: Java version 11.0.25
[2024-10-24T01:17:30.068+0000] {spark_submit.py:524} INFO - 24/10/24 01:17:30 WARN NativeCodeLoader: Unable to load native-hadoop library for your platform... using builtin-java classes where applicable
[2024-10-24T01:17:30.257+0000] {spark_submit.py:524} INFO - 24/10/24 01:17:30 INFO ResourceUtils: ==============================================================
[2024-10-24T01:17:30.258+0000] {spark_submit.py:524} INFO - 24/10/24 01:17:30 INFO ResourceUtils: No custom resources configured for spark.driver.
[2024-10-24T01:17:30.259+0000] {spark_submit.py:524} INFO - 24/10/24 01:17:30 INFO ResourceUtils: ==============================================================
[2024-10-24T01:17:30.260+0000] {spark_submit.py:524} INFO - 24/10/24 01:17:30 INFO SparkContext: Submitted application: IngestaoSilver
[2024-10-24T01:17:30.302+0000] {spark_submit.py:524} INFO - 24/10/24 01:17:30 INFO ResourceProfile: Default ResourceProfile created, executor resources: Map(memory -> name: memory, amount: 1024, script: , vendor: , offHeap -> name: offHeap, amount: 0, script: , vendor: ), task resources: Map(cpus -> name: cpus, amount: 1.0)
[2024-10-24T01:17:30.323+0000] {spark_submit.py:524} INFO - 24/10/24 01:17:30 INFO ResourceProfile: Limiting resource is cpu
[2024-10-24T01:17:30.325+0000] {spark_submit.py:524} INFO - 24/10/24 01:17:30 INFO ResourceProfileManager: Added ResourceProfile id: 0
[2024-10-24T01:17:30.431+0000] {spark_submit.py:524} INFO - 24/10/24 01:17:30 INFO SecurityManager: Changing view acls to: ***
[2024-10-24T01:17:30.432+0000] {spark_submit.py:524} INFO - 24/10/24 01:17:30 INFO SecurityManager: Changing modify acls to: ***
[2024-10-24T01:17:30.433+0000] {spark_submit.py:524} INFO - 24/10/24 01:17:30 INFO SecurityManager: Changing view acls groups to:
[2024-10-24T01:17:30.435+0000] {spark_submit.py:524} INFO - 24/10/24 01:17:30 INFO SecurityManager: Changing modify acls groups to:
[2024-10-24T01:17:30.436+0000] {spark_submit.py:524} INFO - 24/10/24 01:17:30 INFO SecurityManager: SecurityManager: authentication disabled; ui acls disabled; users with view permissions: ***; groups with view permissions: EMPTY; users with modify permissions: ***; groups with modify permissions: EMPTY
[2024-10-24T01:17:31.009+0000] {spark_submit.py:524} INFO - 24/10/24 01:17:31 INFO Utils: Successfully started service 'sparkDriver' on port 46131.
[2024-10-24T01:17:31.070+0000] {spark_submit.py:524} INFO - 24/10/24 01:17:31 INFO SparkEnv: Registering MapOutputTracker
[2024-10-24T01:17:31.135+0000] {spark_submit.py:524} INFO - 24/10/24 01:17:31 INFO SparkEnv: Registering BlockManagerMaster
[2024-10-24T01:17:31.181+0000] {spark_submit.py:524} INFO - 24/10/24 01:17:31 INFO BlockManagerMasterEndpoint: Using org.apache.spark.storage.DefaultTopologyMapper for getting topology information
[2024-10-24T01:17:31.182+0000] {spark_submit.py:524} INFO - 24/10/24 01:17:31 INFO BlockManagerMasterEndpoint: BlockManagerMasterEndpoint up
[2024-10-24T01:17:31.189+0000] {spark_submit.py:524} INFO - 24/10/24 01:17:31 INFO SparkEnv: Registering BlockManagerMasterHeartbeat
[2024-10-24T01:17:31.240+0000] {spark_submit.py:524} INFO - 24/10/24 01:17:31 INFO DiskBlockManager: Created local directory at /tmp/blockmgr-0a75d975-6954-49ab-afe7-11572f36ae42
[2024-10-24T01:17:31.277+0000] {spark_submit.py:524} INFO - 24/10/24 01:17:31 INFO MemoryStore: MemoryStore started with capacity 434.4 MiB
[2024-10-24T01:17:31.322+0000] {spark_submit.py:524} INFO - 24/10/24 01:17:31 INFO SparkEnv: Registering OutputCommitCoordinator
[2024-10-24T01:17:31.557+0000] {spark_submit.py:524} INFO - 24/10/24 01:17:31 INFO JettyUtils: Start Jetty 0.0.0.0:4040 for SparkUI
[2024-10-24T01:17:31.621+0000] {spark_submit.py:524} INFO - 24/10/24 01:17:31 WARN Utils: Service 'SparkUI' could not bind on port 4040. Attempting port 4041.
[2024-10-24T01:17:31.631+0000] {spark_submit.py:524} INFO - 24/10/24 01:17:31 INFO Utils: Successfully started service 'SparkUI' on port 4041.
[2024-10-24T01:17:31.815+0000] {spark_submit.py:524} INFO - 24/10/24 01:17:31 INFO StandaloneAppClient$ClientEndpoint: Connecting to master spark://spark-master:7077...
[2024-10-24T01:17:31.882+0000] {spark_submit.py:524} INFO - 24/10/24 01:17:31 INFO TransportClientFactory: Successfully created connection to spark-master/172.22.0.3:7077 after 37 ms (0 ms spent in bootstraps)
[2024-10-24T01:17:32.131+0000] {spark_submit.py:524} INFO - 24/10/24 01:17:32 INFO StandaloneSchedulerBackend: Connected to Spark cluster with app ID app-20241024011732-0000
[2024-10-24T01:17:32.153+0000] {spark_submit.py:524} INFO - 24/10/24 01:17:32 INFO Utils: Successfully started service 'org.apache.spark.network.netty.NettyBlockTransferService' on port 35519.
[2024-10-24T01:17:32.154+0000] {spark_submit.py:524} INFO - 24/10/24 01:17:32 INFO NettyBlockTransferService: Server created on de5108c6da1d:35519
[2024-10-24T01:17:32.157+0000] {spark_submit.py:524} INFO - 24/10/24 01:17:32 INFO BlockManager: Using org.apache.spark.storage.RandomBlockReplicationPolicy for block replication policy
[2024-10-24T01:17:32.172+0000] {spark_submit.py:524} INFO - 24/10/24 01:17:32 INFO BlockManagerMaster: Registering BlockManager BlockManagerId(driver, de5108c6da1d, 35519, None)
[2024-10-24T01:17:32.180+0000] {spark_submit.py:524} INFO - 24/10/24 01:17:32 INFO BlockManagerMasterEndpoint: Registering block manager de5108c6da1d:35519 with 434.4 MiB RAM, BlockManagerId(driver, de5108c6da1d, 35519, None)
[2024-10-24T01:17:32.187+0000] {spark_submit.py:524} INFO - 24/10/24 01:17:32 INFO BlockManagerMaster: Registered BlockManager BlockManagerId(driver, de5108c6da1d, 35519, None)
[2024-10-24T01:17:32.190+0000] {spark_submit.py:524} INFO - 24/10/24 01:17:32 INFO BlockManager: Initialized BlockManager: BlockManagerId(driver, de5108c6da1d, 35519, None)
[2024-10-24T01:17:32.229+0000] {spark_submit.py:524} INFO - 24/10/24 01:17:32 INFO StandaloneAppClient$ClientEndpoint: Executor added: app-20241024011732-0000/0 on worker-20241024010948-172.22.0.4-41535 (172.22.0.4:41535) with 2 core(s)
[2024-10-24T01:17:32.233+0000] {spark_submit.py:524} INFO - 24/10/24 01:17:32 INFO StandaloneSchedulerBackend: Granted executor ID app-20241024011732-0000/0 on hostPort 172.22.0.4:41535 with 2 core(s), 1024.0 MiB RAM
[2024-10-24T01:17:32.508+0000] {spark_submit.py:524} INFO - 24/10/24 01:17:32 INFO StandaloneAppClient$ClientEndpoint: Executor updated: app-20241024011732-0000/0 is now RUNNING
[2024-10-24T01:17:32.675+0000] {spark_submit.py:524} INFO - 24/10/24 01:17:32 INFO StandaloneSchedulerBackend: SchedulerBackend is ready for scheduling beginning after reached minRegisteredResourcesRatio: 0.0
[2024-10-24T01:17:33.005+0000] {spark_submit.py:524} INFO - Hello from Spark!
[2024-10-24T01:17:33.006+0000] {spark_submit.py:524} INFO - 24/10/24 01:17:33 INFO SparkContext: SparkContext is stopping with exitCode 0.
[2024-10-24T01:17:33.020+0000] {spark_submit.py:524} INFO - 24/10/24 01:17:33 INFO SparkUI: Stopped Spark web UI at http://de5108c6da1d:4041
[2024-10-24T01:17:33.028+0000] {spark_submit.py:524} INFO - 24/10/24 01:17:33 INFO StandaloneSchedulerBackend: Shutting down all executors
[2024-10-24T01:17:33.034+0000] {spark_submit.py:524} INFO - 24/10/24 01:17:33 INFO StandaloneSchedulerBackend$StandaloneDriverEndpoint: Asking each executor to shut down
[2024-10-24T01:17:33.088+0000] {spark_submit.py:524} INFO - 24/10/24 01:17:33 INFO MapOutputTrackerMasterEndpoint: MapOutputTrackerMasterEndpoint stopped!
[2024-10-24T01:17:33.115+0000] {spark_submit.py:524} INFO - 24/10/24 01:17:33 INFO MemoryStore: MemoryStore cleared
[2024-10-24T01:17:33.115+0000] {spark_submit.py:524} INFO - 24/10/24 01:17:33 INFO BlockManager: BlockManager stopped
[2024-10-24T01:17:33.122+0000] {spark_submit.py:524} INFO - 24/10/24 01:17:33 INFO BlockManagerMaster: BlockManagerMaster stopped
[2024-10-24T01:17:33.127+0000] {spark_submit.py:524} INFO - 24/10/24 01:17:33 INFO OutputCommitCoordinator$OutputCommitCoordinatorEndpoint: OutputCommitCoordinator stopped!
[2024-10-24T01:17:33.158+0000] {spark_submit.py:524} INFO - 24/10/24 01:17:33 INFO SparkContext: Successfully stopped SparkContext
[2024-10-24T01:17:33.283+0000] {spark_submit.py:524} INFO - 24/10/24 01:17:33 INFO ShutdownHookManager: Shutdown hook called
[2024-10-24T01:17:33.284+0000] {spark_submit.py:524} INFO - 24/10/24 01:17:33 INFO ShutdownHookManager: Deleting directory /tmp/spark-88763a48-784f-429d-aac3-eed996b84eff
[2024-10-24T01:17:33.288+0000] {spark_submit.py:524} INFO - 24/10/24 01:17:33 INFO ShutdownHookManager: Deleting directory /tmp/spark-3d1988e9-39c7-4270-a8b3-24bae07a9531/pyspark-b49d4a97-2f74-4d50-b557-fd9befa6d07c
[2024-10-24T01:17:33.292+0000] {spark_submit.py:524} INFO - 24/10/24 01:17:33 INFO ShutdownHookManager: Deleting directory /tmp/spark-3d1988e9-39c7-4270-a8b3-24bae07a9531
[2024-10-24T01:17:33.359+0000] {taskinstance.py:1398} INFO - Marking task as SUCCESS. dag_id=api_openbrewerydb_to_silver_gold, task_id=Silver, execution_date=20231027T080000, start_date=20241024T011723, end_date=20241024T011733
[2024-10-24T01:17:33.391+0000] {local_task_job_runner.py:228} INFO - Task exited with return code 0
[2024-10-24T01:17:33.417+0000] {taskinstance.py:2776} INFO - 1 downstream tasks scheduled from follow-on schedule check
