[2024-10-24T15:46:44.040+0000] {taskinstance.py:1157} INFO - Dependencies all met for dep_context=non-requeueable deps ti=<TaskInstance: api_openbrewerydb_to_silver_gold.Gold manual__2024-10-24T15:46:24.728182+00:00 [queued]>
[2024-10-24T15:46:44.048+0000] {taskinstance.py:1157} INFO - Dependencies all met for dep_context=requeueable deps ti=<TaskInstance: api_openbrewerydb_to_silver_gold.Gold manual__2024-10-24T15:46:24.728182+00:00 [queued]>
[2024-10-24T15:46:44.049+0000] {taskinstance.py:1359} INFO - Starting attempt 1 of 2
[2024-10-24T15:46:44.059+0000] {taskinstance.py:1380} INFO - Executing <Task(SparkSubmitOperator): Gold> on 2024-10-24 15:46:24.728182+00:00
[2024-10-24T15:46:44.064+0000] {standard_task_runner.py:57} INFO - Started process 3042 to run task
[2024-10-24T15:46:44.067+0000] {standard_task_runner.py:84} INFO - Running: ['***', 'tasks', 'run', 'api_openbrewerydb_to_silver_gold', 'Gold', 'manual__2024-10-24T15:46:24.728182+00:00', '--job-id', '148', '--raw', '--subdir', 'DAGS_FOLDER/api_openbrewerydb_to_silver.py', '--cfg-path', '/tmp/tmpjrwjadls']
[2024-10-24T15:46:44.071+0000] {standard_task_runner.py:85} INFO - Job 148: Subtask Gold
[2024-10-24T15:46:44.119+0000] {task_command.py:415} INFO - Running <TaskInstance: api_openbrewerydb_to_silver_gold.Gold manual__2024-10-24T15:46:24.728182+00:00 [running]> on host e995fa603d7f
[2024-10-24T15:46:44.203+0000] {taskinstance.py:1660} INFO - Exporting env vars: AIRFLOW_CTX_DAG_OWNER='Rodrigo Araujo' AIRFLOW_CTX_DAG_ID='api_openbrewerydb_to_silver_gold' AIRFLOW_CTX_TASK_ID='Gold' AIRFLOW_CTX_EXECUTION_DATE='2024-10-24T15:46:24.728182+00:00' AIRFLOW_CTX_TRY_NUMBER='1' AIRFLOW_CTX_DAG_RUN_ID='manual__2024-10-24T15:46:24.728182+00:00'
[2024-10-24T15:46:44.216+0000] {base.py:73} INFO - Using connection ID 'spark-conn' for task execution.
[2024-10-24T15:46:44.217+0000] {spark_submit.py:363} INFO - Spark-Submit cmd: spark-submit --master spark://spark-master:7077 --name arrow-spark jobs/gold/api_openbrewerydb.py
[2024-10-24T15:46:47.474+0000] {spark_submit.py:524} INFO - 24/10/24 15:46:47 INFO SparkContext: Running Spark version 3.5.0
[2024-10-24T15:46:47.477+0000] {spark_submit.py:524} INFO - 24/10/24 15:46:47 INFO SparkContext: OS info Linux, 5.15.0-124-generic, amd64
[2024-10-24T15:46:47.478+0000] {spark_submit.py:524} INFO - 24/10/24 15:46:47 INFO SparkContext: Java version 17.0.13
[2024-10-24T15:46:47.572+0000] {spark_submit.py:524} INFO - 24/10/24 15:46:47 WARN NativeCodeLoader: Unable to load native-hadoop library for your platform... using builtin-java classes where applicable
[2024-10-24T15:46:47.724+0000] {spark_submit.py:524} INFO - 24/10/24 15:46:47 INFO ResourceUtils: ==============================================================
[2024-10-24T15:46:47.725+0000] {spark_submit.py:524} INFO - 24/10/24 15:46:47 INFO ResourceUtils: No custom resources configured for spark.driver.
[2024-10-24T15:46:47.726+0000] {spark_submit.py:524} INFO - 24/10/24 15:46:47 INFO ResourceUtils: ==============================================================
[2024-10-24T15:46:47.728+0000] {spark_submit.py:524} INFO - 24/10/24 15:46:47 INFO SparkContext: Submitted application: IngestaoSilver
[2024-10-24T15:46:47.766+0000] {spark_submit.py:524} INFO - 24/10/24 15:46:47 INFO ResourceProfile: Default ResourceProfile created, executor resources: Map(memory -> name: memory, amount: 1024, script: , vendor: , offHeap -> name: offHeap, amount: 0, script: , vendor: ), task resources: Map(cpus -> name: cpus, amount: 1.0)
[2024-10-24T15:46:47.780+0000] {spark_submit.py:524} INFO - 24/10/24 15:46:47 INFO ResourceProfile: Limiting resource is cpu
[2024-10-24T15:46:47.781+0000] {spark_submit.py:524} INFO - 24/10/24 15:46:47 INFO ResourceProfileManager: Added ResourceProfile id: 0
[2024-10-24T15:46:47.850+0000] {spark_submit.py:524} INFO - 24/10/24 15:46:47 INFO SecurityManager: Changing view acls to: ***
[2024-10-24T15:46:47.851+0000] {spark_submit.py:524} INFO - 24/10/24 15:46:47 INFO SecurityManager: Changing modify acls to: ***
[2024-10-24T15:46:47.852+0000] {spark_submit.py:524} INFO - 24/10/24 15:46:47 INFO SecurityManager: Changing view acls groups to:
[2024-10-24T15:46:47.853+0000] {spark_submit.py:524} INFO - 24/10/24 15:46:47 INFO SecurityManager: Changing modify acls groups to:
[2024-10-24T15:46:47.854+0000] {spark_submit.py:524} INFO - 24/10/24 15:46:47 INFO SecurityManager: SecurityManager: authentication disabled; ui acls disabled; users with view permissions: ***; groups with view permissions: EMPTY; users with modify permissions: ***; groups with modify permissions: EMPTY
[2024-10-24T15:46:48.136+0000] {spark_submit.py:524} INFO - 24/10/24 15:46:48 INFO Utils: Successfully started service 'sparkDriver' on port 42439.
[2024-10-24T15:46:48.171+0000] {spark_submit.py:524} INFO - 24/10/24 15:46:48 INFO SparkEnv: Registering MapOutputTracker
[2024-10-24T15:46:48.205+0000] {spark_submit.py:524} INFO - 24/10/24 15:46:48 INFO SparkEnv: Registering BlockManagerMaster
[2024-10-24T15:46:48.228+0000] {spark_submit.py:524} INFO - 24/10/24 15:46:48 INFO BlockManagerMasterEndpoint: Using org.apache.spark.storage.DefaultTopologyMapper for getting topology information
[2024-10-24T15:46:48.228+0000] {spark_submit.py:524} INFO - 24/10/24 15:46:48 INFO BlockManagerMasterEndpoint: BlockManagerMasterEndpoint up
[2024-10-24T15:46:48.233+0000] {spark_submit.py:524} INFO - 24/10/24 15:46:48 INFO SparkEnv: Registering BlockManagerMasterHeartbeat
[2024-10-24T15:46:48.253+0000] {spark_submit.py:524} INFO - 24/10/24 15:46:48 INFO DiskBlockManager: Created local directory at /tmp/blockmgr-925680ea-3c6d-4cba-babc-9361f9da21d4
[2024-10-24T15:46:48.268+0000] {spark_submit.py:524} INFO - 24/10/24 15:46:48 INFO MemoryStore: MemoryStore started with capacity 434.4 MiB
[2024-10-24T15:46:48.286+0000] {spark_submit.py:524} INFO - 24/10/24 15:46:48 INFO SparkEnv: Registering OutputCommitCoordinator
[2024-10-24T15:46:48.422+0000] {spark_submit.py:524} INFO - 24/10/24 15:46:48 INFO JettyUtils: Start Jetty 0.0.0.0:4040 for SparkUI
[2024-10-24T15:46:48.485+0000] {spark_submit.py:524} INFO - 24/10/24 15:46:48 INFO Utils: Successfully started service 'SparkUI' on port 4040.
[2024-10-24T15:46:48.604+0000] {spark_submit.py:524} INFO - 24/10/24 15:46:48 INFO StandaloneAppClient$ClientEndpoint: Connecting to master spark://spark-master:7077...
[2024-10-24T15:46:48.654+0000] {spark_submit.py:524} INFO - 24/10/24 15:46:48 INFO TransportClientFactory: Successfully created connection to spark-master/172.18.0.3:7077 after 29 ms (0 ms spent in bootstraps)
[2024-10-24T15:46:48.736+0000] {spark_submit.py:524} INFO - 24/10/24 15:46:48 INFO StandaloneSchedulerBackend: Connected to Spark cluster with app ID app-20241024154648-0013
[2024-10-24T15:46:48.743+0000] {spark_submit.py:524} INFO - 24/10/24 15:46:48 INFO StandaloneAppClient$ClientEndpoint: Executor added: app-20241024154648-0013/0 on worker-20241024152407-172.18.0.5-37749 (172.18.0.5:37749) with 2 core(s)
[2024-10-24T15:46:48.747+0000] {spark_submit.py:524} INFO - 24/10/24 15:46:48 INFO StandaloneSchedulerBackend: Granted executor ID app-20241024154648-0013/0 on hostPort 172.18.0.5:37749 with 2 core(s), 1024.0 MiB RAM
[2024-10-24T15:46:48.777+0000] {spark_submit.py:524} INFO - 24/10/24 15:46:48 INFO Utils: Successfully started service 'org.apache.spark.network.netty.NettyBlockTransferService' on port 38573.
[2024-10-24T15:46:48.777+0000] {spark_submit.py:524} INFO - 24/10/24 15:46:48 INFO NettyBlockTransferService: Server created on e995fa603d7f:38573
[2024-10-24T15:46:48.781+0000] {spark_submit.py:524} INFO - 24/10/24 15:46:48 INFO BlockManager: Using org.apache.spark.storage.RandomBlockReplicationPolicy for block replication policy
[2024-10-24T15:46:48.798+0000] {spark_submit.py:524} INFO - 24/10/24 15:46:48 INFO StandaloneAppClient$ClientEndpoint: Executor updated: app-20241024154648-0013/0 is now RUNNING
[2024-10-24T15:46:48.801+0000] {spark_submit.py:524} INFO - 24/10/24 15:46:48 INFO BlockManagerMaster: Registering BlockManager BlockManagerId(driver, e995fa603d7f, 38573, None)
[2024-10-24T15:46:48.805+0000] {spark_submit.py:524} INFO - 24/10/24 15:46:48 INFO BlockManagerMasterEndpoint: Registering block manager e995fa603d7f:38573 with 434.4 MiB RAM, BlockManagerId(driver, e995fa603d7f, 38573, None)
[2024-10-24T15:46:48.808+0000] {spark_submit.py:524} INFO - 24/10/24 15:46:48 INFO BlockManagerMaster: Registered BlockManager BlockManagerId(driver, e995fa603d7f, 38573, None)
[2024-10-24T15:46:48.810+0000] {spark_submit.py:524} INFO - 24/10/24 15:46:48 INFO BlockManager: Initialized BlockManager: BlockManagerId(driver, e995fa603d7f, 38573, None)
[2024-10-24T15:46:49.023+0000] {spark_submit.py:524} INFO - 24/10/24 15:46:49 INFO StandaloneSchedulerBackend: SchedulerBackend is ready for scheduling beginning after reached minRegisteredResourcesRatio: 0.0
[2024-10-24T15:46:49.209+0000] {spark_submit.py:524} INFO - Hello from Spark!
[2024-10-24T15:46:49.210+0000] {spark_submit.py:524} INFO - 24/10/24 15:46:49 INFO SparkContext: SparkContext is stopping with exitCode 0.
[2024-10-24T15:46:49.221+0000] {spark_submit.py:524} INFO - 24/10/24 15:46:49 INFO SparkUI: Stopped Spark web UI at http://e995fa603d7f:4040
[2024-10-24T15:46:49.225+0000] {spark_submit.py:524} INFO - 24/10/24 15:46:49 INFO StandaloneSchedulerBackend: Shutting down all executors
[2024-10-24T15:46:49.228+0000] {spark_submit.py:524} INFO - 24/10/24 15:46:49 INFO StandaloneSchedulerBackend$StandaloneDriverEndpoint: Asking each executor to shut down
[2024-10-24T15:46:49.247+0000] {spark_submit.py:524} INFO - 24/10/24 15:46:49 INFO MapOutputTrackerMasterEndpoint: MapOutputTrackerMasterEndpoint stopped!
[2024-10-24T15:46:49.259+0000] {spark_submit.py:524} INFO - 24/10/24 15:46:49 INFO MemoryStore: MemoryStore cleared
[2024-10-24T15:46:49.260+0000] {spark_submit.py:524} INFO - 24/10/24 15:46:49 INFO BlockManager: BlockManager stopped
[2024-10-24T15:46:49.265+0000] {spark_submit.py:524} INFO - 24/10/24 15:46:49 INFO BlockManagerMaster: BlockManagerMaster stopped
[2024-10-24T15:46:49.267+0000] {spark_submit.py:524} INFO - 24/10/24 15:46:49 INFO OutputCommitCoordinator$OutputCommitCoordinatorEndpoint: OutputCommitCoordinator stopped!
[2024-10-24T15:46:49.276+0000] {spark_submit.py:524} INFO - 24/10/24 15:46:49 INFO SparkContext: Successfully stopped SparkContext
[2024-10-24T15:46:49.649+0000] {spark_submit.py:524} INFO - 24/10/24 15:46:49 INFO ShutdownHookManager: Shutdown hook called
[2024-10-24T15:46:49.650+0000] {spark_submit.py:524} INFO - 24/10/24 15:46:49 INFO ShutdownHookManager: Deleting directory /tmp/spark-b608e806-2a44-4236-80f8-6289477f9158
[2024-10-24T15:46:49.656+0000] {spark_submit.py:524} INFO - 24/10/24 15:46:49 INFO ShutdownHookManager: Deleting directory /tmp/spark-b608e806-2a44-4236-80f8-6289477f9158/pyspark-421296fe-16e6-4b3a-80f3-bbfc57bda4e4
[2024-10-24T15:46:49.660+0000] {spark_submit.py:524} INFO - 24/10/24 15:46:49 INFO ShutdownHookManager: Deleting directory /tmp/spark-a1155a35-c299-4739-b5f6-020f26b9a3fc
[2024-10-24T15:46:49.722+0000] {taskinstance.py:1398} INFO - Marking task as SUCCESS. dag_id=api_openbrewerydb_to_silver_gold, task_id=Gold, execution_date=20241024T154624, start_date=20241024T154644, end_date=20241024T154649
[2024-10-24T15:46:49.747+0000] {local_task_job_runner.py:228} INFO - Task exited with return code 0
[2024-10-24T15:46:49.782+0000] {taskinstance.py:2776} INFO - 0 downstream tasks scheduled from follow-on schedule check
