[2024-10-24T01:37:06.726+0000] {taskinstance.py:1157} INFO - Dependencies all met for dep_context=non-requeueable deps ti=<TaskInstance: api_openbrewerydb_to_silver_gold.Silver scheduled__2023-12-12T08:00:00+00:00 [queued]>
[2024-10-24T01:37:06.735+0000] {taskinstance.py:1157} INFO - Dependencies all met for dep_context=requeueable deps ti=<TaskInstance: api_openbrewerydb_to_silver_gold.Silver scheduled__2023-12-12T08:00:00+00:00 [queued]>
[2024-10-24T01:37:06.735+0000] {taskinstance.py:1359} INFO - Starting attempt 2 of 3
[2024-10-24T01:37:06.747+0000] {taskinstance.py:1380} INFO - Executing <Task(SparkSubmitOperator): Silver> on 2023-12-12 08:00:00+00:00
[2024-10-24T01:37:06.751+0000] {standard_task_runner.py:57} INFO - Started process 185 to run task
[2024-10-24T01:37:06.754+0000] {standard_task_runner.py:84} INFO - Running: ['***', 'tasks', 'run', 'api_openbrewerydb_to_silver_gold', 'Silver', 'scheduled__2023-12-12T08:00:00+00:00', '--job-id', '158', '--raw', '--subdir', 'DAGS_FOLDER/api_openbrewerydb_to_silver.py', '--cfg-path', '/tmp/tmp7gr7djqc']
[2024-10-24T01:37:06.756+0000] {standard_task_runner.py:85} INFO - Job 158: Subtask Silver
[2024-10-24T01:37:06.820+0000] {task_command.py:415} INFO - Running <TaskInstance: api_openbrewerydb_to_silver_gold.Silver scheduled__2023-12-12T08:00:00+00:00 [running]> on host de5108c6da1d
[2024-10-24T01:37:06.930+0000] {taskinstance.py:1660} INFO - Exporting env vars: AIRFLOW_CTX_DAG_OWNER='Rodrigo Araujo' AIRFLOW_CTX_DAG_ID='api_openbrewerydb_to_silver_gold' AIRFLOW_CTX_TASK_ID='Silver' AIRFLOW_CTX_EXECUTION_DATE='2023-12-12T08:00:00+00:00' AIRFLOW_CTX_TRY_NUMBER='2' AIRFLOW_CTX_DAG_RUN_ID='scheduled__2023-12-12T08:00:00+00:00'
[2024-10-24T01:37:06.944+0000] {base.py:73} INFO - Using connection ID 'spark-conn' for task execution.
[2024-10-24T01:37:06.945+0000] {spark_submit.py:363} INFO - Spark-Submit cmd: spark-submit --master spark://spark-master:7077 --name arrow-spark --queue root.default jobs/silver/api_openbrewerydb.py
[2024-10-24T01:37:11.181+0000] {spark_submit.py:524} INFO - 24/10/24 01:37:11 INFO SparkContext: Running Spark version 3.5.3
[2024-10-24T01:37:11.184+0000] {spark_submit.py:524} INFO - 24/10/24 01:37:11 INFO SparkContext: OS info Linux, 5.15.0-124-generic, amd64
[2024-10-24T01:37:11.185+0000] {spark_submit.py:524} INFO - 24/10/24 01:37:11 INFO SparkContext: Java version 11.0.25
[2024-10-24T01:37:11.271+0000] {spark_submit.py:524} INFO - 24/10/24 01:37:11 WARN NativeCodeLoader: Unable to load native-hadoop library for your platform... using builtin-java classes where applicable
[2024-10-24T01:37:11.471+0000] {spark_submit.py:524} INFO - 24/10/24 01:37:11 INFO ResourceUtils: ==============================================================
[2024-10-24T01:37:11.472+0000] {spark_submit.py:524} INFO - 24/10/24 01:37:11 INFO ResourceUtils: No custom resources configured for spark.driver.
[2024-10-24T01:37:11.473+0000] {spark_submit.py:524} INFO - 24/10/24 01:37:11 INFO ResourceUtils: ==============================================================
[2024-10-24T01:37:11.474+0000] {spark_submit.py:524} INFO - 24/10/24 01:37:11 INFO SparkContext: Submitted application: IngestaoSilver
[2024-10-24T01:37:11.517+0000] {spark_submit.py:524} INFO - 24/10/24 01:37:11 INFO ResourceProfile: Default ResourceProfile created, executor resources: Map(memory -> name: memory, amount: 1024, script: , vendor: , offHeap -> name: offHeap, amount: 0, script: , vendor: ), task resources: Map(cpus -> name: cpus, amount: 1.0)
[2024-10-24T01:37:11.544+0000] {spark_submit.py:524} INFO - 24/10/24 01:37:11 INFO ResourceProfile: Limiting resource is cpu
[2024-10-24T01:37:11.545+0000] {spark_submit.py:524} INFO - 24/10/24 01:37:11 INFO ResourceProfileManager: Added ResourceProfile id: 0
[2024-10-24T01:37:11.641+0000] {spark_submit.py:524} INFO - 24/10/24 01:37:11 INFO SecurityManager: Changing view acls to: ***
[2024-10-24T01:37:11.643+0000] {spark_submit.py:524} INFO - 24/10/24 01:37:11 INFO SecurityManager: Changing modify acls to: ***
[2024-10-24T01:37:11.644+0000] {spark_submit.py:524} INFO - 24/10/24 01:37:11 INFO SecurityManager: Changing view acls groups to:
[2024-10-24T01:37:11.645+0000] {spark_submit.py:524} INFO - 24/10/24 01:37:11 INFO SecurityManager: Changing modify acls groups to:
[2024-10-24T01:37:11.646+0000] {spark_submit.py:524} INFO - 24/10/24 01:37:11 INFO SecurityManager: SecurityManager: authentication disabled; ui acls disabled; users with view permissions: ***; groups with view permissions: EMPTY; users with modify permissions: ***; groups with modify permissions: EMPTY
[2024-10-24T01:37:12.158+0000] {spark_submit.py:524} INFO - 24/10/24 01:37:12 INFO Utils: Successfully started service 'sparkDriver' on port 40407.
[2024-10-24T01:37:12.213+0000] {spark_submit.py:524} INFO - 24/10/24 01:37:12 INFO SparkEnv: Registering MapOutputTracker
[2024-10-24T01:37:12.274+0000] {spark_submit.py:524} INFO - 24/10/24 01:37:12 INFO SparkEnv: Registering BlockManagerMaster
[2024-10-24T01:37:12.316+0000] {spark_submit.py:524} INFO - 24/10/24 01:37:12 INFO BlockManagerMasterEndpoint: Using org.apache.spark.storage.DefaultTopologyMapper for getting topology information
[2024-10-24T01:37:12.318+0000] {spark_submit.py:524} INFO - 24/10/24 01:37:12 INFO BlockManagerMasterEndpoint: BlockManagerMasterEndpoint up
[2024-10-24T01:37:12.336+0000] {spark_submit.py:524} INFO - 24/10/24 01:37:12 INFO SparkEnv: Registering BlockManagerMasterHeartbeat
[2024-10-24T01:37:12.376+0000] {spark_submit.py:524} INFO - 24/10/24 01:37:12 INFO DiskBlockManager: Created local directory at /tmp/blockmgr-3c77f3b2-899b-40f9-8276-10fc0113075d
[2024-10-24T01:37:12.405+0000] {spark_submit.py:524} INFO - 24/10/24 01:37:12 INFO MemoryStore: MemoryStore started with capacity 434.4 MiB
[2024-10-24T01:37:12.440+0000] {spark_submit.py:524} INFO - 24/10/24 01:37:12 INFO SparkEnv: Registering OutputCommitCoordinator
[2024-10-24T01:37:12.678+0000] {spark_submit.py:524} INFO - 24/10/24 01:37:12 INFO JettyUtils: Start Jetty 0.0.0.0:4040 for SparkUI
[2024-10-24T01:37:12.736+0000] {spark_submit.py:524} INFO - 24/10/24 01:37:12 WARN Utils: Service 'SparkUI' could not bind on port 4040. Attempting port 4041.
[2024-10-24T01:37:12.746+0000] {spark_submit.py:524} INFO - 24/10/24 01:37:12 INFO Utils: Successfully started service 'SparkUI' on port 4041.
[2024-10-24T01:37:12.921+0000] {spark_submit.py:524} INFO - 24/10/24 01:37:12 INFO StandaloneAppClient$ClientEndpoint: Connecting to master spark://spark-master:7077...
[2024-10-24T01:37:12.982+0000] {spark_submit.py:524} INFO - 24/10/24 01:37:12 INFO TransportClientFactory: Successfully created connection to spark-master/172.22.0.2:7077 after 35 ms (0 ms spent in bootstraps)
[2024-10-24T01:37:13.148+0000] {spark_submit.py:524} INFO - 24/10/24 01:37:13 INFO StandaloneSchedulerBackend: Connected to Spark cluster with app ID app-20241024013713-0000
[2024-10-24T01:37:13.170+0000] {spark_submit.py:524} INFO - 24/10/24 01:37:13 INFO Utils: Successfully started service 'org.apache.spark.network.netty.NettyBlockTransferService' on port 42149.
[2024-10-24T01:37:13.170+0000] {spark_submit.py:524} INFO - 24/10/24 01:37:13 INFO NettyBlockTransferService: Server created on de5108c6da1d:42149
[2024-10-24T01:37:13.173+0000] {spark_submit.py:524} INFO - 24/10/24 01:37:13 INFO BlockManager: Using org.apache.spark.storage.RandomBlockReplicationPolicy for block replication policy
[2024-10-24T01:37:13.191+0000] {spark_submit.py:524} INFO - 24/10/24 01:37:13 INFO BlockManagerMaster: Registering BlockManager BlockManagerId(driver, de5108c6da1d, 42149, None)
[2024-10-24T01:37:13.199+0000] {spark_submit.py:524} INFO - 24/10/24 01:37:13 INFO StandaloneAppClient$ClientEndpoint: Executor added: app-20241024013713-0000/0 on worker-20241024013655-172.22.0.4-42143 (172.22.0.4:42143) with 2 core(s)
[2024-10-24T01:37:13.205+0000] {spark_submit.py:524} INFO - 24/10/24 01:37:13 INFO BlockManagerMasterEndpoint: Registering block manager de5108c6da1d:42149 with 434.4 MiB RAM, BlockManagerId(driver, de5108c6da1d, 42149, None)
[2024-10-24T01:37:13.206+0000] {spark_submit.py:524} INFO - 24/10/24 01:37:13 INFO StandaloneSchedulerBackend: Granted executor ID app-20241024013713-0000/0 on hostPort 172.22.0.4:42143 with 2 core(s), 1024.0 MiB RAM
[2024-10-24T01:37:13.210+0000] {spark_submit.py:524} INFO - 24/10/24 01:37:13 INFO BlockManagerMaster: Registered BlockManager BlockManagerId(driver, de5108c6da1d, 42149, None)
[2024-10-24T01:37:13.217+0000] {spark_submit.py:524} INFO - 24/10/24 01:37:13 INFO BlockManager: Initialized BlockManager: BlockManagerId(driver, de5108c6da1d, 42149, None)
[2024-10-24T01:37:13.528+0000] {spark_submit.py:524} INFO - 24/10/24 01:37:13 INFO StandaloneAppClient$ClientEndpoint: Executor updated: app-20241024013713-0000/0 is now RUNNING
[2024-10-24T01:37:13.687+0000] {spark_submit.py:524} INFO - 24/10/24 01:37:13 INFO StandaloneSchedulerBackend: SchedulerBackend is ready for scheduling beginning after reached minRegisteredResourcesRatio: 0.0
[2024-10-24T01:37:13.995+0000] {spark_submit.py:524} INFO - Hello from Spark!
[2024-10-24T01:37:13.996+0000] {spark_submit.py:524} INFO - 24/10/24 01:37:13 INFO SparkContext: SparkContext is stopping with exitCode 0.
[2024-10-24T01:37:14.006+0000] {spark_submit.py:524} INFO - 24/10/24 01:37:14 INFO SparkUI: Stopped Spark web UI at http://de5108c6da1d:4041
[2024-10-24T01:37:14.012+0000] {spark_submit.py:524} INFO - 24/10/24 01:37:14 INFO StandaloneSchedulerBackend: Shutting down all executors
[2024-10-24T01:37:14.016+0000] {spark_submit.py:524} INFO - 24/10/24 01:37:14 INFO StandaloneSchedulerBackend$StandaloneDriverEndpoint: Asking each executor to shut down
[2024-10-24T01:37:14.084+0000] {spark_submit.py:524} INFO - 24/10/24 01:37:14 INFO MapOutputTrackerMasterEndpoint: MapOutputTrackerMasterEndpoint stopped!
[2024-10-24T01:37:14.136+0000] {spark_submit.py:524} INFO - 24/10/24 01:37:14 INFO MemoryStore: MemoryStore cleared
[2024-10-24T01:37:14.139+0000] {spark_submit.py:524} INFO - 24/10/24 01:37:14 INFO BlockManager: BlockManager stopped
[2024-10-24T01:37:14.159+0000] {spark_submit.py:524} INFO - 24/10/24 01:37:14 INFO BlockManagerMaster: BlockManagerMaster stopped
[2024-10-24T01:37:14.165+0000] {spark_submit.py:524} INFO - 24/10/24 01:37:14 INFO OutputCommitCoordinator$OutputCommitCoordinatorEndpoint: OutputCommitCoordinator stopped!
[2024-10-24T01:37:14.208+0000] {spark_submit.py:524} INFO - 24/10/24 01:37:14 INFO SparkContext: Successfully stopped SparkContext
[2024-10-24T01:37:14.308+0000] {spark_submit.py:524} INFO - 24/10/24 01:37:14 INFO ShutdownHookManager: Shutdown hook called
[2024-10-24T01:37:14.309+0000] {spark_submit.py:524} INFO - 24/10/24 01:37:14 INFO ShutdownHookManager: Deleting directory /tmp/spark-2e57666b-3080-400b-8f81-296bc81c23ef
[2024-10-24T01:37:14.312+0000] {spark_submit.py:524} INFO - 24/10/24 01:37:14 INFO ShutdownHookManager: Deleting directory /tmp/spark-732e3e14-fb52-4c19-9249-32213ff55dc0/pyspark-1b1c20a4-0d12-4409-b0aa-142ec6049e5b
[2024-10-24T01:37:14.317+0000] {spark_submit.py:524} INFO - 24/10/24 01:37:14 INFO ShutdownHookManager: Deleting directory /tmp/spark-732e3e14-fb52-4c19-9249-32213ff55dc0
[2024-10-24T01:37:14.369+0000] {taskinstance.py:1398} INFO - Marking task as SUCCESS. dag_id=api_openbrewerydb_to_silver_gold, task_id=Silver, execution_date=20231212T080000, start_date=20241024T013706, end_date=20241024T013714
[2024-10-24T01:37:14.402+0000] {local_task_job_runner.py:228} INFO - Task exited with return code 0
[2024-10-24T01:37:14.426+0000] {taskinstance.py:2776} INFO - 1 downstream tasks scheduled from follow-on schedule check
