[2024-10-24T01:36:17.953+0000] {local_task_job_runner.py:115} ERROR - Received SIGTERM. Terminating subprocesses
[2024-10-24T01:36:17.953+0000] {local_task_job_runner.py:228} INFO - Task exited with return code 143
[2024-10-24T01:36:17.990+0000] {taskinstance.py:2776} INFO - 0 downstream tasks scheduled from follow-on schedule check
[2024-10-24T01:36:18.116+0000] {taskinstance.py:1157} INFO - Dependencies all met for dep_context=non-requeueable deps ti=<TaskInstance: api_openbrewerydb_to_silver_gold.Silver scheduled__2023-12-12T08:00:00+00:00 [queued]>
[2024-10-24T01:36:18.186+0000] {taskinstance.py:1157} INFO - Dependencies all met for dep_context=requeueable deps ti=<TaskInstance: api_openbrewerydb_to_silver_gold.Silver scheduled__2023-12-12T08:00:00+00:00 [queued]>
[2024-10-24T01:36:18.187+0000] {taskinstance.py:1359} INFO - Starting attempt 1 of 3
[2024-10-24T01:36:18.214+0000] {taskinstance.py:1380} INFO - Executing <Task(SparkSubmitOperator): Silver> on 2023-12-12 08:00:00+00:00
[2024-10-24T01:36:18.225+0000] {standard_task_runner.py:57} INFO - Started process 11488 to run task
[2024-10-24T01:36:18.232+0000] {process_utils.py:131} INFO - Sending 15 to group 11488. PIDs of all processes in the group: [11488]
[2024-10-24T01:36:18.233+0000] {process_utils.py:86} INFO - Sending the signal 15 to group 11488
[2024-10-24T01:36:18.250+0000] {process_utils.py:79} INFO - Process psutil.Process(pid=11488, status='terminated', exitcode=<Negsignal.SIGTERM: -15>, started='01:36:17') (11488) terminated with exit code -15
[2024-10-24T14:37:44.317+0000] {logging_mixin.py:151} INFO - Changing /opt/***/logs/dag_id=api_openbrewerydb_to_silver_gold/run_id=scheduled__2023-12-12T08:00:00+00:00/task_id=Silver permission to 509
[2024-10-24T14:37:44.325+0000] {logging_mixin.py:151} INFO - Failed to change /opt/***/logs/dag_id=api_openbrewerydb_to_silver_gold/run_id=scheduled__2023-12-12T08:00:00+00:00/task_id=Silver permission to 509: [Errno 1] Operation not permitted: '/opt/***/logs/dag_id=api_openbrewerydb_to_silver_gold/run_id=scheduled__2023-12-12T08:00:00+00:00/task_id=Silver'
[2024-10-24T14:37:44.353+0000] {logging_mixin.py:151} INFO - Changing /opt/***/logs/dag_id=api_openbrewerydb_to_silver_gold/run_id=scheduled__2023-12-12T08:00:00+00:00/task_id=Silver permission to 509
[2024-10-24T14:37:44.354+0000] {logging_mixin.py:151} INFO - Failed to change /opt/***/logs/dag_id=api_openbrewerydb_to_silver_gold/run_id=scheduled__2023-12-12T08:00:00+00:00/task_id=Silver permission to 509: [Errno 1] Operation not permitted: '/opt/***/logs/dag_id=api_openbrewerydb_to_silver_gold/run_id=scheduled__2023-12-12T08:00:00+00:00/task_id=Silver'
[2024-10-24T14:37:44.384+0000] {taskinstance.py:1157} INFO - Dependencies all met for dep_context=non-requeueable deps ti=<TaskInstance: api_openbrewerydb_to_silver_gold.Silver scheduled__2023-12-12T08:00:00+00:00 [queued]>
[2024-10-24T14:37:44.390+0000] {taskinstance.py:1157} INFO - Dependencies all met for dep_context=requeueable deps ti=<TaskInstance: api_openbrewerydb_to_silver_gold.Silver scheduled__2023-12-12T08:00:00+00:00 [queued]>
[2024-10-24T14:37:44.390+0000] {taskinstance.py:1359} INFO - Starting attempt 1 of 2
[2024-10-24T14:37:44.400+0000] {taskinstance.py:1380} INFO - Executing <Task(SparkSubmitOperator): Silver> on 2023-12-12 08:00:00+00:00
[2024-10-24T14:37:44.405+0000] {standard_task_runner.py:57} INFO - Started process 16791 to run task
[2024-10-24T14:37:44.406+0000] {standard_task_runner.py:84} INFO - Running: ['***', 'tasks', 'run', 'api_openbrewerydb_to_silver_gold', 'Silver', 'scheduled__2023-12-12T08:00:00+00:00', '--job-id', '109', '--raw', '--subdir', 'DAGS_FOLDER/api_openbrewerydb_to_silver.py', '--cfg-path', '/tmp/tmpd3ynz0a8']
[2024-10-24T14:37:44.408+0000] {standard_task_runner.py:85} INFO - Job 109: Subtask Silver
[2024-10-24T14:37:44.455+0000] {logging_mixin.py:151} INFO - Changing /opt/***/logs/dag_id=api_openbrewerydb_to_silver_gold/run_id=scheduled__2023-12-12T08:00:00+00:00/task_id=Silver permission to 509
[2024-10-24T14:37:44.455+0000] {logging_mixin.py:151} INFO - Failed to change /opt/***/logs/dag_id=api_openbrewerydb_to_silver_gold/run_id=scheduled__2023-12-12T08:00:00+00:00/task_id=Silver permission to 509: [Errno 1] Operation not permitted: '/opt/***/logs/dag_id=api_openbrewerydb_to_silver_gold/run_id=scheduled__2023-12-12T08:00:00+00:00/task_id=Silver'
[2024-10-24T14:37:44.456+0000] {task_command.py:415} INFO - Running <TaskInstance: api_openbrewerydb_to_silver_gold.Silver scheduled__2023-12-12T08:00:00+00:00 [running]> on host 96f89615839b
[2024-10-24T14:37:44.536+0000] {taskinstance.py:1660} INFO - Exporting env vars: AIRFLOW_CTX_DAG_OWNER='Rodrigo Araujo' AIRFLOW_CTX_DAG_ID='api_openbrewerydb_to_silver_gold' AIRFLOW_CTX_TASK_ID='Silver' AIRFLOW_CTX_EXECUTION_DATE='2023-12-12T08:00:00+00:00' AIRFLOW_CTX_TRY_NUMBER='1' AIRFLOW_CTX_DAG_RUN_ID='scheduled__2023-12-12T08:00:00+00:00'
[2024-10-24T14:37:44.547+0000] {base.py:73} INFO - Using connection ID 'spark-conn' for task execution.
[2024-10-24T14:37:44.548+0000] {spark_submit.py:363} INFO - Spark-Submit cmd: spark-submit --master spark://spark-master:7077 --name arrow-spark jobs/silver/api_openbrewerydb.py
[2024-10-24T14:37:47.532+0000] {spark_submit.py:524} INFO - 24/10/24 14:37:47 INFO SparkContext: Running Spark version 3.5.3
[2024-10-24T14:37:47.535+0000] {spark_submit.py:524} INFO - 24/10/24 14:37:47 INFO SparkContext: OS info Linux, 5.15.0-124-generic, amd64
[2024-10-24T14:37:47.535+0000] {spark_submit.py:524} INFO - 24/10/24 14:37:47 INFO SparkContext: Java version 11.0.25
[2024-10-24T14:37:47.598+0000] {spark_submit.py:524} INFO - 24/10/24 14:37:47 WARN NativeCodeLoader: Unable to load native-hadoop library for your platform... using builtin-java classes where applicable
[2024-10-24T14:37:47.690+0000] {spark_submit.py:524} INFO - 24/10/24 14:37:47 INFO ResourceUtils: ==============================================================
[2024-10-24T14:37:47.690+0000] {spark_submit.py:524} INFO - 24/10/24 14:37:47 INFO ResourceUtils: No custom resources configured for spark.driver.
[2024-10-24T14:37:47.690+0000] {spark_submit.py:524} INFO - 24/10/24 14:37:47 INFO ResourceUtils: ==============================================================
[2024-10-24T14:37:47.691+0000] {spark_submit.py:524} INFO - 24/10/24 14:37:47 INFO SparkContext: Submitted application: IngestaoSilver
[2024-10-24T14:37:47.714+0000] {spark_submit.py:524} INFO - 24/10/24 14:37:47 INFO ResourceProfile: Default ResourceProfile created, executor resources: Map(memory -> name: memory, amount: 1024, script: , vendor: , offHeap -> name: offHeap, amount: 0, script: , vendor: ), task resources: Map(cpus -> name: cpus, amount: 1.0)
[2024-10-24T14:37:47.728+0000] {spark_submit.py:524} INFO - 24/10/24 14:37:47 INFO ResourceProfile: Limiting resource is cpu
[2024-10-24T14:37:47.729+0000] {spark_submit.py:524} INFO - 24/10/24 14:37:47 INFO ResourceProfileManager: Added ResourceProfile id: 0
[2024-10-24T14:37:47.782+0000] {spark_submit.py:524} INFO - 24/10/24 14:37:47 INFO SecurityManager: Changing view acls to: ***
[2024-10-24T14:37:47.783+0000] {spark_submit.py:524} INFO - 24/10/24 14:37:47 INFO SecurityManager: Changing modify acls to: ***
[2024-10-24T14:37:47.783+0000] {spark_submit.py:524} INFO - 24/10/24 14:37:47 INFO SecurityManager: Changing view acls groups to:
[2024-10-24T14:37:47.783+0000] {spark_submit.py:524} INFO - 24/10/24 14:37:47 INFO SecurityManager: Changing modify acls groups to:
[2024-10-24T14:37:47.784+0000] {spark_submit.py:524} INFO - 24/10/24 14:37:47 INFO SecurityManager: SecurityManager: authentication disabled; ui acls disabled; users with view permissions: ***; groups with view permissions: EMPTY; users with modify permissions: ***; groups with modify permissions: EMPTY
[2024-10-24T14:37:48.050+0000] {spark_submit.py:524} INFO - 24/10/24 14:37:48 INFO Utils: Successfully started service 'sparkDriver' on port 34885.
[2024-10-24T14:37:48.076+0000] {spark_submit.py:524} INFO - 24/10/24 14:37:48 INFO SparkEnv: Registering MapOutputTracker
[2024-10-24T14:37:48.108+0000] {spark_submit.py:524} INFO - 24/10/24 14:37:48 INFO SparkEnv: Registering BlockManagerMaster
[2024-10-24T14:37:48.129+0000] {spark_submit.py:524} INFO - 24/10/24 14:37:48 INFO BlockManagerMasterEndpoint: Using org.apache.spark.storage.DefaultTopologyMapper for getting topology information
[2024-10-24T14:37:48.129+0000] {spark_submit.py:524} INFO - 24/10/24 14:37:48 INFO BlockManagerMasterEndpoint: BlockManagerMasterEndpoint up
[2024-10-24T14:37:48.132+0000] {spark_submit.py:524} INFO - 24/10/24 14:37:48 INFO SparkEnv: Registering BlockManagerMasterHeartbeat
[2024-10-24T14:37:48.150+0000] {spark_submit.py:524} INFO - 24/10/24 14:37:48 INFO DiskBlockManager: Created local directory at /tmp/blockmgr-2b5ad169-7d05-40e8-9d50-4efe1db4e1e4
[2024-10-24T14:37:48.164+0000] {spark_submit.py:524} INFO - 24/10/24 14:37:48 INFO MemoryStore: MemoryStore started with capacity 434.4 MiB
[2024-10-24T14:37:48.181+0000] {spark_submit.py:524} INFO - 24/10/24 14:37:48 INFO SparkEnv: Registering OutputCommitCoordinator
[2024-10-24T14:37:48.333+0000] {spark_submit.py:524} INFO - 24/10/24 14:37:48 INFO JettyUtils: Start Jetty 0.0.0.0:4040 for SparkUI
[2024-10-24T14:37:48.393+0000] {spark_submit.py:524} INFO - 24/10/24 14:37:48 INFO Utils: Successfully started service 'SparkUI' on port 4040.
[2024-10-24T14:37:48.516+0000] {spark_submit.py:524} INFO - 24/10/24 14:37:48 INFO StandaloneAppClient$ClientEndpoint: Connecting to master spark://spark-master:7077...
[2024-10-24T14:37:48.572+0000] {spark_submit.py:524} INFO - 24/10/24 14:37:48 INFO TransportClientFactory: Successfully created connection to spark-master/172.18.0.2:7077 after 34 ms (0 ms spent in bootstraps)
[2024-10-24T14:37:48.649+0000] {spark_submit.py:524} INFO - 24/10/24 14:37:48 INFO StandaloneSchedulerBackend: Connected to Spark cluster with app ID app-20241024143748-0104
[2024-10-24T14:37:48.653+0000] {spark_submit.py:524} INFO - 24/10/24 14:37:48 INFO StandaloneAppClient$ClientEndpoint: Executor added: app-20241024143748-0104/0 on worker-20241024142308-172.18.0.5-43899 (172.18.0.5:43899) with 2 core(s)
[2024-10-24T14:37:48.656+0000] {spark_submit.py:524} INFO - 24/10/24 14:37:48 INFO StandaloneSchedulerBackend: Granted executor ID app-20241024143748-0104/0 on hostPort 172.18.0.5:43899 with 2 core(s), 1024.0 MiB RAM
[2024-10-24T14:37:48.665+0000] {spark_submit.py:524} INFO - 24/10/24 14:37:48 INFO Utils: Successfully started service 'org.apache.spark.network.netty.NettyBlockTransferService' on port 33295.
[2024-10-24T14:37:48.666+0000] {spark_submit.py:524} INFO - 24/10/24 14:37:48 INFO NettyBlockTransferService: Server created on 96f89615839b:33295
[2024-10-24T14:37:48.669+0000] {spark_submit.py:524} INFO - 24/10/24 14:37:48 INFO BlockManager: Using org.apache.spark.storage.RandomBlockReplicationPolicy for block replication policy
[2024-10-24T14:37:48.686+0000] {spark_submit.py:524} INFO - 24/10/24 14:37:48 INFO BlockManagerMaster: Registering BlockManager BlockManagerId(driver, 96f89615839b, 33295, None)
[2024-10-24T14:37:48.687+0000] {spark_submit.py:524} INFO - 24/10/24 14:37:48 INFO StandaloneAppClient$ClientEndpoint: Executor updated: app-20241024143748-0104/0 is now RUNNING
[2024-10-24T14:37:48.690+0000] {spark_submit.py:524} INFO - 24/10/24 14:37:48 INFO BlockManagerMasterEndpoint: Registering block manager 96f89615839b:33295 with 434.4 MiB RAM, BlockManagerId(driver, 96f89615839b, 33295, None)
[2024-10-24T14:37:48.695+0000] {spark_submit.py:524} INFO - 24/10/24 14:37:48 INFO BlockManagerMaster: Registered BlockManager BlockManagerId(driver, 96f89615839b, 33295, None)
[2024-10-24T14:37:48.697+0000] {spark_submit.py:524} INFO - 24/10/24 14:37:48 INFO BlockManager: Initialized BlockManager: BlockManagerId(driver, 96f89615839b, 33295, None)
[2024-10-24T14:37:49.025+0000] {spark_submit.py:524} INFO - 24/10/24 14:37:49 INFO StandaloneSchedulerBackend: SchedulerBackend is ready for scheduling beginning after reached minRegisteredResourcesRatio: 0.0
[2024-10-24T14:37:49.242+0000] {spark_submit.py:524} INFO - Hello from Spark!
[2024-10-24T14:37:49.243+0000] {spark_submit.py:524} INFO - 24/10/24 14:37:49 INFO SparkContext: SparkContext is stopping with exitCode 0.
[2024-10-24T14:37:49.255+0000] {spark_submit.py:524} INFO - 24/10/24 14:37:49 INFO SparkUI: Stopped Spark web UI at http://96f89615839b:4040
[2024-10-24T14:37:49.260+0000] {spark_submit.py:524} INFO - 24/10/24 14:37:49 INFO StandaloneSchedulerBackend: Shutting down all executors
[2024-10-24T14:37:49.264+0000] {spark_submit.py:524} INFO - 24/10/24 14:37:49 INFO StandaloneSchedulerBackend$StandaloneDriverEndpoint: Asking each executor to shut down
[2024-10-24T14:37:49.282+0000] {spark_submit.py:524} INFO - 24/10/24 14:37:49 INFO MapOutputTrackerMasterEndpoint: MapOutputTrackerMasterEndpoint stopped!
[2024-10-24T14:37:49.294+0000] {spark_submit.py:524} INFO - 24/10/24 14:37:49 INFO MemoryStore: MemoryStore cleared
[2024-10-24T14:37:49.294+0000] {spark_submit.py:524} INFO - 24/10/24 14:37:49 INFO BlockManager: BlockManager stopped
[2024-10-24T14:37:49.300+0000] {spark_submit.py:524} INFO - 24/10/24 14:37:49 INFO BlockManagerMaster: BlockManagerMaster stopped
[2024-10-24T14:37:49.301+0000] {spark_submit.py:524} INFO - 24/10/24 14:37:49 INFO OutputCommitCoordinator$OutputCommitCoordinatorEndpoint: OutputCommitCoordinator stopped!
[2024-10-24T14:37:49.310+0000] {spark_submit.py:524} INFO - 24/10/24 14:37:49 INFO SparkContext: Successfully stopped SparkContext
[2024-10-24T14:37:49.637+0000] {spark_submit.py:524} INFO - 24/10/24 14:37:49 INFO ShutdownHookManager: Shutdown hook called
[2024-10-24T14:37:49.638+0000] {spark_submit.py:524} INFO - 24/10/24 14:37:49 INFO ShutdownHookManager: Deleting directory /tmp/spark-8ee2da0a-f52c-4ad9-a438-bb4a11a747e8
[2024-10-24T14:37:49.641+0000] {spark_submit.py:524} INFO - 24/10/24 14:37:49 INFO ShutdownHookManager: Deleting directory /tmp/spark-ad253ccf-69cb-4a86-b2b0-d7199eac8356
[2024-10-24T14:37:49.644+0000] {spark_submit.py:524} INFO - 24/10/24 14:37:49 INFO ShutdownHookManager: Deleting directory /tmp/spark-8ee2da0a-f52c-4ad9-a438-bb4a11a747e8/pyspark-68214f0f-a978-4165-9977-a57c2c9387db
[2024-10-24T14:37:49.697+0000] {taskinstance.py:1398} INFO - Marking task as SUCCESS. dag_id=api_openbrewerydb_to_silver_gold, task_id=Silver, execution_date=20231212T080000, start_date=20241024T143744, end_date=20241024T143749
[2024-10-24T14:37:49.715+0000] {local_task_job_runner.py:228} INFO - Task exited with return code 0
[2024-10-24T14:37:49.736+0000] {taskinstance.py:2776} INFO - 1 downstream tasks scheduled from follow-on schedule check
