[2024-10-24T17:11:41.958+0000] {taskinstance.py:1157} INFO - Dependencies all met for dep_context=non-requeueable deps ti=<TaskInstance: api_openbrewerydb_to_silver_gold.Silver manual__2024-10-24T17:11:40.342192+00:00 [queued]>
[2024-10-24T17:11:41.970+0000] {taskinstance.py:1157} INFO - Dependencies all met for dep_context=requeueable deps ti=<TaskInstance: api_openbrewerydb_to_silver_gold.Silver manual__2024-10-24T17:11:40.342192+00:00 [queued]>
[2024-10-24T17:11:41.970+0000] {taskinstance.py:1359} INFO - Starting attempt 1 of 2
[2024-10-24T17:11:41.985+0000] {taskinstance.py:1380} INFO - Executing <Task(SparkSubmitOperator): Silver> on 2024-10-24 17:11:40.342192+00:00
[2024-10-24T17:11:41.991+0000] {standard_task_runner.py:57} INFO - Started process 209 to run task
[2024-10-24T17:11:41.993+0000] {standard_task_runner.py:84} INFO - Running: ['***', 'tasks', 'run', 'api_openbrewerydb_to_silver_gold', 'Silver', 'manual__2024-10-24T17:11:40.342192+00:00', '--job-id', '157', '--raw', '--subdir', 'DAGS_FOLDER/api_openbrewerydb_to_silver.py', '--cfg-path', '/tmp/tmpvovty6ou']
[2024-10-24T17:11:41.998+0000] {standard_task_runner.py:85} INFO - Job 157: Subtask Silver
[2024-10-24T17:11:42.043+0000] {task_command.py:415} INFO - Running <TaskInstance: api_openbrewerydb_to_silver_gold.Silver manual__2024-10-24T17:11:40.342192+00:00 [running]> on host e995fa603d7f
[2024-10-24T17:11:42.122+0000] {taskinstance.py:1660} INFO - Exporting env vars: AIRFLOW_CTX_DAG_OWNER='Rodrigo Araujo' AIRFLOW_CTX_DAG_ID='api_openbrewerydb_to_silver_gold' AIRFLOW_CTX_TASK_ID='Silver' AIRFLOW_CTX_EXECUTION_DATE='2024-10-24T17:11:40.342192+00:00' AIRFLOW_CTX_TRY_NUMBER='1' AIRFLOW_CTX_DAG_RUN_ID='manual__2024-10-24T17:11:40.342192+00:00'
[2024-10-24T17:11:42.133+0000] {base.py:73} INFO - Using connection ID 'spark-conn' for task execution.
[2024-10-24T17:11:42.134+0000] {spark_submit.py:363} INFO - Spark-Submit cmd: spark-submit --master spark://spark-master:7077 --name arrow-spark jobs/silver/api_openbrewerydb.py
[2024-10-24T17:11:45.157+0000] {spark_submit.py:524} INFO - 24/10/24 17:11:45 INFO SparkContext: Running Spark version 3.5.0
[2024-10-24T17:11:45.159+0000] {spark_submit.py:524} INFO - 24/10/24 17:11:45 INFO SparkContext: OS info Linux, 5.15.0-124-generic, amd64
[2024-10-24T17:11:45.159+0000] {spark_submit.py:524} INFO - 24/10/24 17:11:45 INFO SparkContext: Java version 17.0.13
[2024-10-24T17:11:45.216+0000] {spark_submit.py:524} INFO - 24/10/24 17:11:45 WARN NativeCodeLoader: Unable to load native-hadoop library for your platform... using builtin-java classes where applicable
[2024-10-24T17:11:45.297+0000] {spark_submit.py:524} INFO - 24/10/24 17:11:45 INFO ResourceUtils: ==============================================================
[2024-10-24T17:11:45.297+0000] {spark_submit.py:524} INFO - 24/10/24 17:11:45 INFO ResourceUtils: No custom resources configured for spark.driver.
[2024-10-24T17:11:45.298+0000] {spark_submit.py:524} INFO - 24/10/24 17:11:45 INFO ResourceUtils: ==============================================================
[2024-10-24T17:11:45.298+0000] {spark_submit.py:524} INFO - 24/10/24 17:11:45 INFO SparkContext: Submitted application: IngestaoSilver
[2024-10-24T17:11:45.317+0000] {spark_submit.py:524} INFO - 24/10/24 17:11:45 INFO ResourceProfile: Default ResourceProfile created, executor resources: Map(memory -> name: memory, amount: 1024, script: , vendor: , offHeap -> name: offHeap, amount: 0, script: , vendor: ), task resources: Map(cpus -> name: cpus, amount: 1.0)
[2024-10-24T17:11:45.324+0000] {spark_submit.py:524} INFO - 24/10/24 17:11:45 INFO ResourceProfile: Limiting resource is cpu
[2024-10-24T17:11:45.325+0000] {spark_submit.py:524} INFO - 24/10/24 17:11:45 INFO ResourceProfileManager: Added ResourceProfile id: 0
[2024-10-24T17:11:45.373+0000] {spark_submit.py:524} INFO - 24/10/24 17:11:45 INFO SecurityManager: Changing view acls to: ***
[2024-10-24T17:11:45.373+0000] {spark_submit.py:524} INFO - 24/10/24 17:11:45 INFO SecurityManager: Changing modify acls to: ***
[2024-10-24T17:11:45.374+0000] {spark_submit.py:524} INFO - 24/10/24 17:11:45 INFO SecurityManager: Changing view acls groups to:
[2024-10-24T17:11:45.374+0000] {spark_submit.py:524} INFO - 24/10/24 17:11:45 INFO SecurityManager: Changing modify acls groups to:
[2024-10-24T17:11:45.375+0000] {spark_submit.py:524} INFO - 24/10/24 17:11:45 INFO SecurityManager: SecurityManager: authentication disabled; ui acls disabled; users with view permissions: ***; groups with view permissions: EMPTY; users with modify permissions: ***; groups with modify permissions: EMPTY
[2024-10-24T17:11:45.579+0000] {spark_submit.py:524} INFO - 24/10/24 17:11:45 INFO Utils: Successfully started service 'sparkDriver' on port 40165.
[2024-10-24T17:11:45.605+0000] {spark_submit.py:524} INFO - 24/10/24 17:11:45 INFO SparkEnv: Registering MapOutputTracker
[2024-10-24T17:11:45.636+0000] {spark_submit.py:524} INFO - 24/10/24 17:11:45 INFO SparkEnv: Registering BlockManagerMaster
[2024-10-24T17:11:45.652+0000] {spark_submit.py:524} INFO - 24/10/24 17:11:45 INFO BlockManagerMasterEndpoint: Using org.apache.spark.storage.DefaultTopologyMapper for getting topology information
[2024-10-24T17:11:45.652+0000] {spark_submit.py:524} INFO - 24/10/24 17:11:45 INFO BlockManagerMasterEndpoint: BlockManagerMasterEndpoint up
[2024-10-24T17:11:45.656+0000] {spark_submit.py:524} INFO - 24/10/24 17:11:45 INFO SparkEnv: Registering BlockManagerMasterHeartbeat
[2024-10-24T17:11:45.674+0000] {spark_submit.py:524} INFO - 24/10/24 17:11:45 INFO DiskBlockManager: Created local directory at /tmp/blockmgr-12ef31ce-3217-47e3-ac3e-3ebf7559c829
[2024-10-24T17:11:45.686+0000] {spark_submit.py:524} INFO - 24/10/24 17:11:45 INFO MemoryStore: MemoryStore started with capacity 434.4 MiB
[2024-10-24T17:11:45.699+0000] {spark_submit.py:524} INFO - 24/10/24 17:11:45 INFO SparkEnv: Registering OutputCommitCoordinator
[2024-10-24T17:11:45.812+0000] {spark_submit.py:524} INFO - 24/10/24 17:11:45 INFO JettyUtils: Start Jetty 0.0.0.0:4040 for SparkUI
[2024-10-24T17:11:45.868+0000] {spark_submit.py:524} INFO - 24/10/24 17:11:45 INFO Utils: Successfully started service 'SparkUI' on port 4040.
[2024-10-24T17:11:45.973+0000] {spark_submit.py:524} INFO - 24/10/24 17:11:45 INFO StandaloneAppClient$ClientEndpoint: Connecting to master spark://spark-master:7077...
[2024-10-24T17:11:46.014+0000] {spark_submit.py:524} INFO - 24/10/24 17:11:46 INFO TransportClientFactory: Successfully created connection to spark-master/172.18.0.3:7077 after 21 ms (0 ms spent in bootstraps)
[2024-10-24T17:11:46.155+0000] {spark_submit.py:524} INFO - 24/10/24 17:11:46 INFO StandaloneSchedulerBackend: Connected to Spark cluster with app ID app-20241024171146-0000
[2024-10-24T17:11:46.169+0000] {spark_submit.py:524} INFO - 24/10/24 17:11:46 INFO Utils: Successfully started service 'org.apache.spark.network.netty.NettyBlockTransferService' on port 46289.
[2024-10-24T17:11:46.169+0000] {spark_submit.py:524} INFO - 24/10/24 17:11:46 INFO NettyBlockTransferService: Server created on e995fa603d7f:46289
[2024-10-24T17:11:46.174+0000] {spark_submit.py:524} INFO - 24/10/24 17:11:46 INFO BlockManager: Using org.apache.spark.storage.RandomBlockReplicationPolicy for block replication policy
[2024-10-24T17:11:46.184+0000] {spark_submit.py:524} INFO - 24/10/24 17:11:46 INFO BlockManagerMaster: Registering BlockManager BlockManagerId(driver, e995fa603d7f, 46289, None)
[2024-10-24T17:11:46.190+0000] {spark_submit.py:524} INFO - 24/10/24 17:11:46 INFO BlockManagerMasterEndpoint: Registering block manager e995fa603d7f:46289 with 434.4 MiB RAM, BlockManagerId(driver, e995fa603d7f, 46289, None)
[2024-10-24T17:11:46.193+0000] {spark_submit.py:524} INFO - 24/10/24 17:11:46 INFO BlockManagerMaster: Registered BlockManager BlockManagerId(driver, e995fa603d7f, 46289, None)
[2024-10-24T17:11:46.195+0000] {spark_submit.py:524} INFO - 24/10/24 17:11:46 INFO BlockManager: Initialized BlockManager: BlockManagerId(driver, e995fa603d7f, 46289, None)
[2024-10-24T17:11:46.203+0000] {spark_submit.py:524} INFO - 24/10/24 17:11:46 INFO StandaloneAppClient$ClientEndpoint: Executor added: app-20241024171146-0000/0 on worker-20241024170959-172.18.0.5-44329 (172.18.0.5:44329) with 2 core(s)
[2024-10-24T17:11:46.209+0000] {spark_submit.py:524} INFO - 24/10/24 17:11:46 INFO StandaloneSchedulerBackend: Granted executor ID app-20241024171146-0000/0 on hostPort 172.18.0.5:44329 with 2 core(s), 1024.0 MiB RAM
[2024-10-24T17:11:46.429+0000] {spark_submit.py:524} INFO - 24/10/24 17:11:46 INFO StandaloneAppClient$ClientEndpoint: Executor updated: app-20241024171146-0000/0 is now RUNNING
[2024-10-24T17:11:46.506+0000] {spark_submit.py:524} INFO - 24/10/24 17:11:46 INFO StandaloneSchedulerBackend: SchedulerBackend is ready for scheduling beginning after reached minRegisteredResourcesRatio: 0.0
[2024-10-24T17:11:46.769+0000] {spark_submit.py:524} INFO - 24/10/24 17:11:46 INFO SharedState: Setting hive.metastore.warehouse.dir ('null') to the value of spark.sql.warehouse.dir.
[2024-10-24T17:11:46.784+0000] {spark_submit.py:524} INFO - 24/10/24 17:11:46 INFO SharedState: Warehouse path is 'file:/opt/***/spark-warehouse'.
[2024-10-24T17:11:48.370+0000] {spark_submit.py:524} INFO - 24/10/24 17:11:48 INFO InMemoryFileIndex: It took 64 ms to list leaf files for 1 paths.
[2024-10-24T17:11:48.465+0000] {spark_submit.py:524} INFO - 24/10/24 17:11:48 INFO InMemoryFileIndex: It took 3 ms to list leaf files for 1 paths.
[2024-10-24T17:11:50.313+0000] {spark_submit.py:524} INFO - 24/10/24 17:11:50 INFO StandaloneSchedulerBackend$StandaloneDriverEndpoint: Registered executor NettyRpcEndpointRef(spark-client://Executor) (172.18.0.5:37462) with ID 0,  ResourceProfileId 0
[2024-10-24T17:11:50.396+0000] {spark_submit.py:524} INFO - 24/10/24 17:11:50 INFO BlockManagerMasterEndpoint: Registering block manager 172.18.0.5:35907 with 434.4 MiB RAM, BlockManagerId(0, 172.18.0.5, 35907, None)
[2024-10-24T17:11:50.980+0000] {spark_submit.py:524} INFO - 24/10/24 17:11:50 INFO FileSourceStrategy: Pushed Filters:
[2024-10-24T17:11:50.994+0000] {spark_submit.py:524} INFO - 24/10/24 17:11:50 INFO FileSourceStrategy: Post-Scan Filters:
[2024-10-24T17:11:51.223+0000] {spark_submit.py:524} INFO - 24/10/24 17:11:51 INFO MemoryStore: Block broadcast_0 stored as values in memory (estimated size 199.2 KiB, free 434.2 MiB)
[2024-10-24T17:11:51.295+0000] {spark_submit.py:524} INFO - 24/10/24 17:11:51 INFO MemoryStore: Block broadcast_0_piece0 stored as bytes in memory (estimated size 34.1 KiB, free 434.2 MiB)
[2024-10-24T17:11:51.302+0000] {spark_submit.py:524} INFO - 24/10/24 17:11:51 INFO BlockManagerInfo: Added broadcast_0_piece0 in memory on e995fa603d7f:46289 (size: 34.1 KiB, free: 434.4 MiB)
[2024-10-24T17:11:51.307+0000] {spark_submit.py:524} INFO - 24/10/24 17:11:51 INFO SparkContext: Created broadcast 0 from json at NativeMethodAccessorImpl.java:0
[2024-10-24T17:11:51.322+0000] {spark_submit.py:524} INFO - 24/10/24 17:11:51 INFO FileSourceScanExec: Planning scan with bin packing, max size: 4194304 bytes, open cost is considered as scanning 4194304 bytes.
[2024-10-24T17:11:51.453+0000] {spark_submit.py:524} INFO - 24/10/24 17:11:51 INFO SparkContext: Starting job: json at NativeMethodAccessorImpl.java:0
[2024-10-24T17:11:51.471+0000] {spark_submit.py:524} INFO - 24/10/24 17:11:51 INFO DAGScheduler: Got job 0 (json at NativeMethodAccessorImpl.java:0) with 1 output partitions
[2024-10-24T17:11:51.472+0000] {spark_submit.py:524} INFO - 24/10/24 17:11:51 INFO DAGScheduler: Final stage: ResultStage 0 (json at NativeMethodAccessorImpl.java:0)
[2024-10-24T17:11:51.472+0000] {spark_submit.py:524} INFO - 24/10/24 17:11:51 INFO DAGScheduler: Parents of final stage: List()
[2024-10-24T17:11:51.473+0000] {spark_submit.py:524} INFO - 24/10/24 17:11:51 INFO DAGScheduler: Missing parents: List()
[2024-10-24T17:11:51.476+0000] {spark_submit.py:524} INFO - 24/10/24 17:11:51 INFO DAGScheduler: Submitting ResultStage 0 (MapPartitionsRDD[3] at json at NativeMethodAccessorImpl.java:0), which has no missing parents
[2024-10-24T17:11:51.544+0000] {spark_submit.py:524} INFO - 24/10/24 17:11:51 INFO MemoryStore: Block broadcast_1 stored as values in memory (estimated size 16.0 KiB, free 434.2 MiB)
[2024-10-24T17:11:51.548+0000] {spark_submit.py:524} INFO - 24/10/24 17:11:51 INFO MemoryStore: Block broadcast_1_piece0 stored as bytes in memory (estimated size 7.5 KiB, free 434.1 MiB)
[2024-10-24T17:11:51.550+0000] {spark_submit.py:524} INFO - 24/10/24 17:11:51 INFO BlockManagerInfo: Added broadcast_1_piece0 in memory on e995fa603d7f:46289 (size: 7.5 KiB, free: 434.4 MiB)
[2024-10-24T17:11:51.552+0000] {spark_submit.py:524} INFO - 24/10/24 17:11:51 INFO SparkContext: Created broadcast 1 from broadcast at DAGScheduler.scala:1580
[2024-10-24T17:11:51.563+0000] {spark_submit.py:524} INFO - 24/10/24 17:11:51 INFO DAGScheduler: Submitting 1 missing tasks from ResultStage 0 (MapPartitionsRDD[3] at json at NativeMethodAccessorImpl.java:0) (first 15 tasks are for partitions Vector(0))
[2024-10-24T17:11:51.564+0000] {spark_submit.py:524} INFO - 24/10/24 17:11:51 INFO TaskSchedulerImpl: Adding task set 0.0 with 1 tasks resource profile 0
[2024-10-24T17:11:51.595+0000] {spark_submit.py:524} INFO - 24/10/24 17:11:51 INFO TaskSetManager: Starting task 0.0 in stage 0.0 (TID 0) (172.18.0.5, executor 0, partition 0, PROCESS_LOCAL, 8252 bytes)
[2024-10-24T17:11:51.839+0000] {spark_submit.py:524} INFO - 24/10/24 17:11:51 INFO BlockManagerInfo: Added broadcast_1_piece0 in memory on 172.18.0.5:35907 (size: 7.5 KiB, free: 434.4 MiB)
[2024-10-24T17:11:52.908+0000] {spark_submit.py:524} INFO - 24/10/24 17:11:52 INFO BlockManagerInfo: Added broadcast_0_piece0 in memory on 172.18.0.5:35907 (size: 34.1 KiB, free: 434.4 MiB)
[2024-10-24T17:11:53.301+0000] {spark_submit.py:524} INFO - 24/10/24 17:11:53 INFO TaskSetManager: Finished task 0.0 in stage 0.0 (TID 0) in 1720 ms on 172.18.0.5 (executor 0) (1/1)
[2024-10-24T17:11:53.303+0000] {spark_submit.py:524} INFO - 24/10/24 17:11:53 INFO TaskSchedulerImpl: Removed TaskSet 0.0, whose tasks have all completed, from pool
[2024-10-24T17:11:53.309+0000] {spark_submit.py:524} INFO - 24/10/24 17:11:53 INFO DAGScheduler: ResultStage 0 (json at NativeMethodAccessorImpl.java:0) finished in 1.820 s
[2024-10-24T17:11:53.315+0000] {spark_submit.py:524} INFO - 24/10/24 17:11:53 INFO DAGScheduler: Job 0 is finished. Cancelling potential speculative or zombie tasks for this job
[2024-10-24T17:11:53.316+0000] {spark_submit.py:524} INFO - 24/10/24 17:11:53 INFO TaskSchedulerImpl: Killing all running tasks in stage 0: Stage finished
[2024-10-24T17:11:53.320+0000] {spark_submit.py:524} INFO - 24/10/24 17:11:53 INFO DAGScheduler: Job 0 finished: json at NativeMethodAccessorImpl.java:0, took 1.866000 s
[2024-10-24T17:11:53.362+0000] {spark_submit.py:524} INFO - Leitura realizada com sucesso!
[2024-10-24T17:11:53.497+0000] {spark_submit.py:524} INFO - 24/10/24 17:11:53 INFO FileSourceStrategy: Pushed Filters:
[2024-10-24T17:11:53.497+0000] {spark_submit.py:524} INFO - 24/10/24 17:11:53 INFO FileSourceStrategy: Post-Scan Filters:
[2024-10-24T17:11:53.768+0000] {spark_submit.py:524} INFO - 24/10/24 17:11:53 INFO BlockManagerInfo: Removed broadcast_1_piece0 on e995fa603d7f:46289 in memory (size: 7.5 KiB, free: 434.4 MiB)
[2024-10-24T17:11:53.780+0000] {spark_submit.py:524} INFO - 24/10/24 17:11:53 INFO BlockManagerInfo: Removed broadcast_1_piece0 on 172.18.0.5:35907 in memory (size: 7.5 KiB, free: 434.4 MiB)
[2024-10-24T17:11:53.884+0000] {spark_submit.py:524} INFO - 24/10/24 17:11:53 INFO CodeGenerator: Code generated in 234.656168 ms
[2024-10-24T17:11:53.891+0000] {spark_submit.py:524} INFO - 24/10/24 17:11:53 INFO MemoryStore: Block broadcast_2 stored as values in memory (estimated size 199.1 KiB, free 434.0 MiB)
[2024-10-24T17:11:53.907+0000] {spark_submit.py:524} INFO - 24/10/24 17:11:53 INFO MemoryStore: Block broadcast_2_piece0 stored as bytes in memory (estimated size 34.1 KiB, free 433.9 MiB)
[2024-10-24T17:11:53.909+0000] {spark_submit.py:524} INFO - 24/10/24 17:11:53 INFO BlockManagerInfo: Added broadcast_2_piece0 in memory on e995fa603d7f:46289 (size: 34.1 KiB, free: 434.3 MiB)
[2024-10-24T17:11:53.910+0000] {spark_submit.py:524} INFO - 24/10/24 17:11:53 INFO SparkContext: Created broadcast 2 from count at NativeMethodAccessorImpl.java:0
[2024-10-24T17:11:53.914+0000] {spark_submit.py:524} INFO - 24/10/24 17:11:53 INFO FileSourceScanExec: Planning scan with bin packing, max size: 4194304 bytes, open cost is considered as scanning 4194304 bytes.
[2024-10-24T17:11:53.954+0000] {spark_submit.py:524} INFO - 24/10/24 17:11:53 INFO DAGScheduler: Registering RDD 7 (count at NativeMethodAccessorImpl.java:0) as input to shuffle 0
[2024-10-24T17:11:53.959+0000] {spark_submit.py:524} INFO - 24/10/24 17:11:53 INFO DAGScheduler: Got map stage job 1 (count at NativeMethodAccessorImpl.java:0) with 1 output partitions
[2024-10-24T17:11:53.960+0000] {spark_submit.py:524} INFO - 24/10/24 17:11:53 INFO DAGScheduler: Final stage: ShuffleMapStage 1 (count at NativeMethodAccessorImpl.java:0)
[2024-10-24T17:11:53.960+0000] {spark_submit.py:524} INFO - 24/10/24 17:11:53 INFO DAGScheduler: Parents of final stage: List()
[2024-10-24T17:11:53.961+0000] {spark_submit.py:524} INFO - 24/10/24 17:11:53 INFO DAGScheduler: Missing parents: List()
[2024-10-24T17:11:53.962+0000] {spark_submit.py:524} INFO - 24/10/24 17:11:53 INFO DAGScheduler: Submitting ShuffleMapStage 1 (MapPartitionsRDD[7] at count at NativeMethodAccessorImpl.java:0), which has no missing parents
[2024-10-24T17:11:53.977+0000] {spark_submit.py:524} INFO - 24/10/24 17:11:53 INFO MemoryStore: Block broadcast_3 stored as values in memory (estimated size 17.0 KiB, free 433.9 MiB)
[2024-10-24T17:11:53.982+0000] {spark_submit.py:524} INFO - 24/10/24 17:11:53 INFO MemoryStore: Block broadcast_3_piece0 stored as bytes in memory (estimated size 8.3 KiB, free 433.9 MiB)
[2024-10-24T17:11:53.982+0000] {spark_submit.py:524} INFO - 24/10/24 17:11:53 INFO BlockManagerInfo: Added broadcast_3_piece0 in memory on e995fa603d7f:46289 (size: 8.3 KiB, free: 434.3 MiB)
[2024-10-24T17:11:53.983+0000] {spark_submit.py:524} INFO - 24/10/24 17:11:53 INFO SparkContext: Created broadcast 3 from broadcast at DAGScheduler.scala:1580
[2024-10-24T17:11:53.986+0000] {spark_submit.py:524} INFO - 24/10/24 17:11:53 INFO DAGScheduler: Submitting 1 missing tasks from ShuffleMapStage 1 (MapPartitionsRDD[7] at count at NativeMethodAccessorImpl.java:0) (first 15 tasks are for partitions Vector(0))
[2024-10-24T17:11:53.986+0000] {spark_submit.py:524} INFO - 24/10/24 17:11:53 INFO TaskSchedulerImpl: Adding task set 1.0 with 1 tasks resource profile 0
[2024-10-24T17:11:53.988+0000] {spark_submit.py:524} INFO - 24/10/24 17:11:53 INFO TaskSetManager: Starting task 0.0 in stage 1.0 (TID 1) (172.18.0.5, executor 0, partition 0, PROCESS_LOCAL, 8241 bytes)
[2024-10-24T17:11:54.020+0000] {spark_submit.py:524} INFO - 24/10/24 17:11:54 INFO BlockManagerInfo: Removed broadcast_0_piece0 on e995fa603d7f:46289 in memory (size: 34.1 KiB, free: 434.4 MiB)
[2024-10-24T17:11:54.026+0000] {spark_submit.py:524} INFO - 24/10/24 17:11:54 INFO BlockManagerInfo: Removed broadcast_0_piece0 on 172.18.0.5:35907 in memory (size: 34.1 KiB, free: 434.4 MiB)
[2024-10-24T17:11:54.032+0000] {spark_submit.py:524} INFO - 24/10/24 17:11:54 INFO BlockManagerInfo: Added broadcast_3_piece0 in memory on 172.18.0.5:35907 (size: 8.3 KiB, free: 434.4 MiB)
[2024-10-24T17:11:54.171+0000] {spark_submit.py:524} INFO - 24/10/24 17:11:54 INFO BlockManagerInfo: Added broadcast_2_piece0 in memory on 172.18.0.5:35907 (size: 34.1 KiB, free: 434.4 MiB)
[2024-10-24T17:11:54.269+0000] {spark_submit.py:524} INFO - 24/10/24 17:11:54 INFO TaskSetManager: Finished task 0.0 in stage 1.0 (TID 1) in 282 ms on 172.18.0.5 (executor 0) (1/1)
[2024-10-24T17:11:54.270+0000] {spark_submit.py:524} INFO - 24/10/24 17:11:54 INFO TaskSchedulerImpl: Removed TaskSet 1.0, whose tasks have all completed, from pool
[2024-10-24T17:11:54.272+0000] {spark_submit.py:524} INFO - 24/10/24 17:11:54 INFO DAGScheduler: ShuffleMapStage 1 (count at NativeMethodAccessorImpl.java:0) finished in 0.307 s
[2024-10-24T17:11:54.272+0000] {spark_submit.py:524} INFO - 24/10/24 17:11:54 INFO DAGScheduler: looking for newly runnable stages
[2024-10-24T17:11:54.273+0000] {spark_submit.py:524} INFO - 24/10/24 17:11:54 INFO DAGScheduler: running: Set()
[2024-10-24T17:11:54.273+0000] {spark_submit.py:524} INFO - 24/10/24 17:11:54 INFO DAGScheduler: waiting: Set()
[2024-10-24T17:11:54.274+0000] {spark_submit.py:524} INFO - 24/10/24 17:11:54 INFO DAGScheduler: failed: Set()
[2024-10-24T17:11:54.322+0000] {spark_submit.py:524} INFO - 24/10/24 17:11:54 INFO CodeGenerator: Code generated in 17.805442 ms
[2024-10-24T17:11:54.358+0000] {spark_submit.py:524} INFO - 24/10/24 17:11:54 INFO SparkContext: Starting job: count at NativeMethodAccessorImpl.java:0
[2024-10-24T17:11:54.360+0000] {spark_submit.py:524} INFO - 24/10/24 17:11:54 INFO DAGScheduler: Got job 2 (count at NativeMethodAccessorImpl.java:0) with 1 output partitions
[2024-10-24T17:11:54.361+0000] {spark_submit.py:524} INFO - 24/10/24 17:11:54 INFO DAGScheduler: Final stage: ResultStage 3 (count at NativeMethodAccessorImpl.java:0)
[2024-10-24T17:11:54.361+0000] {spark_submit.py:524} INFO - 24/10/24 17:11:54 INFO DAGScheduler: Parents of final stage: List(ShuffleMapStage 2)
[2024-10-24T17:11:54.361+0000] {spark_submit.py:524} INFO - 24/10/24 17:11:54 INFO DAGScheduler: Missing parents: List()
[2024-10-24T17:11:54.362+0000] {spark_submit.py:524} INFO - 24/10/24 17:11:54 INFO DAGScheduler: Submitting ResultStage 3 (MapPartitionsRDD[10] at count at NativeMethodAccessorImpl.java:0), which has no missing parents
[2024-10-24T17:11:54.372+0000] {spark_submit.py:524} INFO - 24/10/24 17:11:54 INFO MemoryStore: Block broadcast_4 stored as values in memory (estimated size 12.5 KiB, free 434.1 MiB)
[2024-10-24T17:11:54.377+0000] {spark_submit.py:524} INFO - 24/10/24 17:11:54 INFO MemoryStore: Block broadcast_4_piece0 stored as bytes in memory (estimated size 5.9 KiB, free 434.1 MiB)
[2024-10-24T17:11:54.382+0000] {spark_submit.py:524} INFO - 24/10/24 17:11:54 INFO BlockManagerInfo: Removed broadcast_3_piece0 on 172.18.0.5:35907 in memory (size: 8.3 KiB, free: 434.4 MiB)
[2024-10-24T17:11:54.386+0000] {spark_submit.py:524} INFO - 24/10/24 17:11:54 INFO BlockManagerInfo: Added broadcast_4_piece0 in memory on e995fa603d7f:46289 (size: 5.9 KiB, free: 434.4 MiB)
[2024-10-24T17:11:54.387+0000] {spark_submit.py:524} INFO - 24/10/24 17:11:54 INFO BlockManagerInfo: Removed broadcast_3_piece0 on e995fa603d7f:46289 in memory (size: 8.3 KiB, free: 434.4 MiB)
[2024-10-24T17:11:54.388+0000] {spark_submit.py:524} INFO - 24/10/24 17:11:54 INFO SparkContext: Created broadcast 4 from broadcast at DAGScheduler.scala:1580
[2024-10-24T17:11:54.389+0000] {spark_submit.py:524} INFO - 24/10/24 17:11:54 INFO DAGScheduler: Submitting 1 missing tasks from ResultStage 3 (MapPartitionsRDD[10] at count at NativeMethodAccessorImpl.java:0) (first 15 tasks are for partitions Vector(0))
[2024-10-24T17:11:54.390+0000] {spark_submit.py:524} INFO - 24/10/24 17:11:54 INFO TaskSchedulerImpl: Adding task set 3.0 with 1 tasks resource profile 0
[2024-10-24T17:11:54.397+0000] {spark_submit.py:524} INFO - 24/10/24 17:11:54 INFO TaskSetManager: Starting task 0.0 in stage 3.0 (TID 2) (172.18.0.5, executor 0, partition 0, NODE_LOCAL, 7619 bytes)
[2024-10-24T17:11:54.429+0000] {spark_submit.py:524} INFO - 24/10/24 17:11:54 INFO BlockManagerInfo: Added broadcast_4_piece0 in memory on 172.18.0.5:35907 (size: 5.9 KiB, free: 434.4 MiB)
[2024-10-24T17:11:54.466+0000] {spark_submit.py:524} INFO - 24/10/24 17:11:54 INFO MapOutputTrackerMasterEndpoint: Asked to send map output locations for shuffle 0 to 172.18.0.5:37462
[2024-10-24T17:11:54.603+0000] {spark_submit.py:524} INFO - 24/10/24 17:11:54 INFO TaskSetManager: Finished task 0.0 in stage 3.0 (TID 2) in 208 ms on 172.18.0.5 (executor 0) (1/1)
[2024-10-24T17:11:54.603+0000] {spark_submit.py:524} INFO - 24/10/24 17:11:54 INFO TaskSchedulerImpl: Removed TaskSet 3.0, whose tasks have all completed, from pool
[2024-10-24T17:11:54.604+0000] {spark_submit.py:524} INFO - 24/10/24 17:11:54 INFO DAGScheduler: ResultStage 3 (count at NativeMethodAccessorImpl.java:0) finished in 0.235 s
[2024-10-24T17:11:54.605+0000] {spark_submit.py:524} INFO - 24/10/24 17:11:54 INFO DAGScheduler: Job 2 is finished. Cancelling potential speculative or zombie tasks for this job
[2024-10-24T17:11:54.605+0000] {spark_submit.py:524} INFO - 24/10/24 17:11:54 INFO TaskSchedulerImpl: Killing all running tasks in stage 3: Stage finished
[2024-10-24T17:11:54.606+0000] {spark_submit.py:524} INFO - 24/10/24 17:11:54 INFO DAGScheduler: Job 2 finished: count at NativeMethodAccessorImpl.java:0, took 0.247225 s
[2024-10-24T17:11:54.659+0000] {spark_submit.py:524} INFO - 24/10/24 17:11:54 INFO FileSourceStrategy: Pushed Filters:
[2024-10-24T17:11:54.660+0000] {spark_submit.py:524} INFO - 24/10/24 17:11:54 INFO FileSourceStrategy: Post-Scan Filters:
[2024-10-24T17:11:54.693+0000] {spark_submit.py:524} INFO - 24/10/24 17:11:54 INFO MemoryStore: Block broadcast_5 stored as values in memory (estimated size 199.1 KiB, free 434.0 MiB)
[2024-10-24T17:11:54.710+0000] {spark_submit.py:524} INFO - 24/10/24 17:11:54 INFO BlockManagerInfo: Removed broadcast_4_piece0 on e995fa603d7f:46289 in memory (size: 5.9 KiB, free: 434.4 MiB)
[2024-10-24T17:11:54.711+0000] {spark_submit.py:524} INFO - 24/10/24 17:11:54 INFO BlockManagerInfo: Removed broadcast_4_piece0 on 172.18.0.5:35907 in memory (size: 5.9 KiB, free: 434.4 MiB)
[2024-10-24T17:11:54.717+0000] {spark_submit.py:524} INFO - 24/10/24 17:11:54 INFO MemoryStore: Block broadcast_5_piece0 stored as bytes in memory (estimated size 34.1 KiB, free 433.9 MiB)
[2024-10-24T17:11:54.719+0000] {spark_submit.py:524} INFO - 24/10/24 17:11:54 INFO BlockManagerInfo: Added broadcast_5_piece0 in memory on e995fa603d7f:46289 (size: 34.1 KiB, free: 434.3 MiB)
[2024-10-24T17:11:54.720+0000] {spark_submit.py:524} INFO - 24/10/24 17:11:54 INFO SparkContext: Created broadcast 5 from count at NativeMethodAccessorImpl.java:0
[2024-10-24T17:11:54.723+0000] {spark_submit.py:524} INFO - 24/10/24 17:11:54 INFO FileSourceScanExec: Planning scan with bin packing, max size: 4194304 bytes, open cost is considered as scanning 4194304 bytes.
[2024-10-24T17:11:54.736+0000] {spark_submit.py:524} INFO - 24/10/24 17:11:54 INFO DAGScheduler: Registering RDD 14 (count at NativeMethodAccessorImpl.java:0) as input to shuffle 1
[2024-10-24T17:11:54.736+0000] {spark_submit.py:524} INFO - 24/10/24 17:11:54 INFO DAGScheduler: Got map stage job 3 (count at NativeMethodAccessorImpl.java:0) with 1 output partitions
[2024-10-24T17:11:54.736+0000] {spark_submit.py:524} INFO - 24/10/24 17:11:54 INFO DAGScheduler: Final stage: ShuffleMapStage 4 (count at NativeMethodAccessorImpl.java:0)
[2024-10-24T17:11:54.737+0000] {spark_submit.py:524} INFO - 24/10/24 17:11:54 INFO DAGScheduler: Parents of final stage: List()
[2024-10-24T17:11:54.737+0000] {spark_submit.py:524} INFO - 24/10/24 17:11:54 INFO DAGScheduler: Missing parents: List()
[2024-10-24T17:11:54.738+0000] {spark_submit.py:524} INFO - 24/10/24 17:11:54 INFO DAGScheduler: Submitting ShuffleMapStage 4 (MapPartitionsRDD[14] at count at NativeMethodAccessorImpl.java:0), which has no missing parents
[2024-10-24T17:11:54.743+0000] {spark_submit.py:524} INFO - 24/10/24 17:11:54 INFO MemoryStore: Block broadcast_6 stored as values in memory (estimated size 17.0 KiB, free 433.9 MiB)
[2024-10-24T17:11:54.747+0000] {spark_submit.py:524} INFO - 24/10/24 17:11:54 INFO MemoryStore: Block broadcast_6_piece0 stored as bytes in memory (estimated size 8.3 KiB, free 433.9 MiB)
[2024-10-24T17:11:54.747+0000] {spark_submit.py:524} INFO - 24/10/24 17:11:54 INFO BlockManagerInfo: Added broadcast_6_piece0 in memory on e995fa603d7f:46289 (size: 8.3 KiB, free: 434.3 MiB)
[2024-10-24T17:11:54.748+0000] {spark_submit.py:524} INFO - 24/10/24 17:11:54 INFO SparkContext: Created broadcast 6 from broadcast at DAGScheduler.scala:1580
[2024-10-24T17:11:54.751+0000] {spark_submit.py:524} INFO - 24/10/24 17:11:54 INFO DAGScheduler: Submitting 1 missing tasks from ShuffleMapStage 4 (MapPartitionsRDD[14] at count at NativeMethodAccessorImpl.java:0) (first 15 tasks are for partitions Vector(0))
[2024-10-24T17:11:54.752+0000] {spark_submit.py:524} INFO - 24/10/24 17:11:54 INFO TaskSchedulerImpl: Adding task set 4.0 with 1 tasks resource profile 0
[2024-10-24T17:11:54.755+0000] {spark_submit.py:524} INFO - 24/10/24 17:11:54 INFO TaskSetManager: Starting task 0.0 in stage 4.0 (TID 3) (172.18.0.5, executor 0, partition 0, PROCESS_LOCAL, 8241 bytes)
[2024-10-24T17:11:54.787+0000] {spark_submit.py:524} INFO - 24/10/24 17:11:54 INFO BlockManagerInfo: Added broadcast_6_piece0 in memory on 172.18.0.5:35907 (size: 8.3 KiB, free: 434.4 MiB)
[2024-10-24T17:11:54.819+0000] {spark_submit.py:524} INFO - 24/10/24 17:11:54 INFO BlockManagerInfo: Added broadcast_5_piece0 in memory on 172.18.0.5:35907 (size: 34.1 KiB, free: 434.3 MiB)
[2024-10-24T17:11:54.862+0000] {spark_submit.py:524} INFO - 24/10/24 17:11:54 INFO TaskSetManager: Finished task 0.0 in stage 4.0 (TID 3) in 108 ms on 172.18.0.5 (executor 0) (1/1)
[2024-10-24T17:11:54.863+0000] {spark_submit.py:524} INFO - 24/10/24 17:11:54 INFO TaskSchedulerImpl: Removed TaskSet 4.0, whose tasks have all completed, from pool
[2024-10-24T17:11:54.864+0000] {spark_submit.py:524} INFO - 24/10/24 17:11:54 INFO DAGScheduler: ShuffleMapStage 4 (count at NativeMethodAccessorImpl.java:0) finished in 0.124 s
[2024-10-24T17:11:54.864+0000] {spark_submit.py:524} INFO - 24/10/24 17:11:54 INFO DAGScheduler: looking for newly runnable stages
[2024-10-24T17:11:54.865+0000] {spark_submit.py:524} INFO - 24/10/24 17:11:54 INFO DAGScheduler: running: Set()
[2024-10-24T17:11:54.865+0000] {spark_submit.py:524} INFO - 24/10/24 17:11:54 INFO DAGScheduler: waiting: Set()
[2024-10-24T17:11:54.865+0000] {spark_submit.py:524} INFO - 24/10/24 17:11:54 INFO DAGScheduler: failed: Set()
[2024-10-24T17:11:54.895+0000] {spark_submit.py:524} INFO - 24/10/24 17:11:54 INFO SparkContext: Starting job: count at NativeMethodAccessorImpl.java:0
[2024-10-24T17:11:54.896+0000] {spark_submit.py:524} INFO - 24/10/24 17:11:54 INFO DAGScheduler: Got job 4 (count at NativeMethodAccessorImpl.java:0) with 1 output partitions
[2024-10-24T17:11:54.897+0000] {spark_submit.py:524} INFO - 24/10/24 17:11:54 INFO DAGScheduler: Final stage: ResultStage 6 (count at NativeMethodAccessorImpl.java:0)
[2024-10-24T17:11:54.897+0000] {spark_submit.py:524} INFO - 24/10/24 17:11:54 INFO DAGScheduler: Parents of final stage: List(ShuffleMapStage 5)
[2024-10-24T17:11:54.897+0000] {spark_submit.py:524} INFO - 24/10/24 17:11:54 INFO DAGScheduler: Missing parents: List()
[2024-10-24T17:11:54.897+0000] {spark_submit.py:524} INFO - 24/10/24 17:11:54 INFO DAGScheduler: Submitting ResultStage 6 (MapPartitionsRDD[17] at count at NativeMethodAccessorImpl.java:0), which has no missing parents
[2024-10-24T17:11:54.900+0000] {spark_submit.py:524} INFO - 24/10/24 17:11:54 INFO MemoryStore: Block broadcast_7 stored as values in memory (estimated size 12.5 KiB, free 433.9 MiB)
[2024-10-24T17:11:54.905+0000] {spark_submit.py:524} INFO - 24/10/24 17:11:54 INFO MemoryStore: Block broadcast_7_piece0 stored as bytes in memory (estimated size 5.9 KiB, free 433.9 MiB)
[2024-10-24T17:11:54.908+0000] {spark_submit.py:524} INFO - 24/10/24 17:11:54 INFO BlockManagerInfo: Added broadcast_7_piece0 in memory on e995fa603d7f:46289 (size: 5.9 KiB, free: 434.3 MiB)
[2024-10-24T17:11:54.909+0000] {spark_submit.py:524} INFO - 24/10/24 17:11:54 INFO BlockManagerInfo: Removed broadcast_6_piece0 on e995fa603d7f:46289 in memory (size: 8.3 KiB, free: 434.3 MiB)
[2024-10-24T17:11:54.910+0000] {spark_submit.py:524} INFO - 24/10/24 17:11:54 INFO SparkContext: Created broadcast 7 from broadcast at DAGScheduler.scala:1580
[2024-10-24T17:11:54.911+0000] {spark_submit.py:524} INFO - 24/10/24 17:11:54 INFO BlockManagerInfo: Removed broadcast_6_piece0 on 172.18.0.5:35907 in memory (size: 8.3 KiB, free: 434.3 MiB)
[2024-10-24T17:11:54.912+0000] {spark_submit.py:524} INFO - 24/10/24 17:11:54 INFO DAGScheduler: Submitting 1 missing tasks from ResultStage 6 (MapPartitionsRDD[17] at count at NativeMethodAccessorImpl.java:0) (first 15 tasks are for partitions Vector(0))
[2024-10-24T17:11:54.912+0000] {spark_submit.py:524} INFO - 24/10/24 17:11:54 INFO TaskSchedulerImpl: Adding task set 6.0 with 1 tasks resource profile 0
[2024-10-24T17:11:54.915+0000] {spark_submit.py:524} INFO - 24/10/24 17:11:54 INFO TaskSetManager: Starting task 0.0 in stage 6.0 (TID 4) (172.18.0.5, executor 0, partition 0, NODE_LOCAL, 7619 bytes)
[2024-10-24T17:11:54.943+0000] {spark_submit.py:524} INFO - 24/10/24 17:11:54 INFO BlockManagerInfo: Added broadcast_7_piece0 in memory on 172.18.0.5:35907 (size: 5.9 KiB, free: 434.3 MiB)
[2024-10-24T17:11:54.956+0000] {spark_submit.py:524} INFO - 24/10/24 17:11:54 INFO MapOutputTrackerMasterEndpoint: Asked to send map output locations for shuffle 1 to 172.18.0.5:37462
[2024-10-24T17:11:54.981+0000] {spark_submit.py:524} INFO - 24/10/24 17:11:54 INFO TaskSetManager: Finished task 0.0 in stage 6.0 (TID 4) in 67 ms on 172.18.0.5 (executor 0) (1/1)
[2024-10-24T17:11:54.981+0000] {spark_submit.py:524} INFO - 24/10/24 17:11:54 INFO TaskSchedulerImpl: Removed TaskSet 6.0, whose tasks have all completed, from pool
[2024-10-24T17:11:54.984+0000] {spark_submit.py:524} INFO - 24/10/24 17:11:54 INFO DAGScheduler: ResultStage 6 (count at NativeMethodAccessorImpl.java:0) finished in 0.085 s
[2024-10-24T17:11:54.985+0000] {spark_submit.py:524} INFO - 24/10/24 17:11:54 INFO DAGScheduler: Job 4 is finished. Cancelling potential speculative or zombie tasks for this job
[2024-10-24T17:11:54.985+0000] {spark_submit.py:524} INFO - 24/10/24 17:11:54 INFO TaskSchedulerImpl: Killing all running tasks in stage 6: Stage finished
[2024-10-24T17:11:54.985+0000] {spark_submit.py:524} INFO - 24/10/24 17:11:54 INFO DAGScheduler: Job 4 finished: count at NativeMethodAccessorImpl.java:0, took 0.089474 s
[2024-10-24T17:11:54.988+0000] {spark_submit.py:524} INFO - Quantidade:  50
[2024-10-24T17:11:55.100+0000] {spark_submit.py:524} INFO - 24/10/24 17:11:55 INFO FileSourceStrategy: Pushed Filters:
[2024-10-24T17:11:55.100+0000] {spark_submit.py:524} INFO - 24/10/24 17:11:55 INFO FileSourceStrategy: Post-Scan Filters:
[2024-10-24T17:11:55.129+0000] {spark_submit.py:524} INFO - 24/10/24 17:11:55 WARN FileUtil: Failed to delete file or dir [/opt/***/data-lake/silver/openbrewerydb/_temporary/0/task_202410241704493744543512989317537_0007_m_000000/country=United States/state=Virginia/.part-00000-bbd8e452-0e32-4edb-933e-fe0d0cccc052.c000.snappy.parquet.crc]: it still exists.
[2024-10-24T17:11:55.130+0000] {spark_submit.py:524} INFO - 24/10/24 17:11:55 WARN FileUtil: Failed to delete file or dir [/opt/***/data-lake/silver/openbrewerydb/_temporary/0/task_202410241704493744543512989317537_0007_m_000000/country=United States/state=Virginia/part-00000-bbd8e452-0e32-4edb-933e-fe0d0cccc052.c000.snappy.parquet]: it still exists.
[2024-10-24T17:11:55.130+0000] {spark_submit.py:524} INFO - 24/10/24 17:11:55 WARN FileUtil: Failed to delete file or dir [/opt/***/data-lake/silver/openbrewerydb/_temporary/0/task_202410241704493744543512989317537_0007_m_000000/country=United States/state=Illinois/.part-00000-bbd8e452-0e32-4edb-933e-fe0d0cccc052.c000.snappy.parquet.crc]: it still exists.
[2024-10-24T17:11:55.130+0000] {spark_submit.py:524} INFO - 24/10/24 17:11:55 WARN FileUtil: Failed to delete file or dir [/opt/***/data-lake/silver/openbrewerydb/_temporary/0/task_202410241704493744543512989317537_0007_m_000000/country=United States/state=Illinois/part-00000-bbd8e452-0e32-4edb-933e-fe0d0cccc052.c000.snappy.parquet]: it still exists.
[2024-10-24T17:11:55.130+0000] {spark_submit.py:524} INFO - 24/10/24 17:11:55 WARN FileUtil: Failed to delete file or dir [/opt/***/data-lake/silver/openbrewerydb/_temporary/0/task_202410241704493744543512989317537_0007_m_000000/country=United States/state=Vermont/.part-00000-bbd8e452-0e32-4edb-933e-fe0d0cccc052.c000.snappy.parquet.crc]: it still exists.
[2024-10-24T17:11:55.130+0000] {spark_submit.py:524} INFO - 24/10/24 17:11:55 WARN FileUtil: Failed to delete file or dir [/opt/***/data-lake/silver/openbrewerydb/_temporary/0/task_202410241704493744543512989317537_0007_m_000000/country=United States/state=Vermont/part-00000-bbd8e452-0e32-4edb-933e-fe0d0cccc052.c000.snappy.parquet]: it still exists.
[2024-10-24T17:11:55.130+0000] {spark_submit.py:524} INFO - 24/10/24 17:11:55 WARN FileUtil: Failed to delete file or dir [/opt/***/data-lake/silver/openbrewerydb/_temporary/0/task_202410241704493744543512989317537_0007_m_000000/country=United States/state=New York/.part-00000-bbd8e452-0e32-4edb-933e-fe0d0cccc052.c000.snappy.parquet.crc]: it still exists.
[2024-10-24T17:11:55.130+0000] {spark_submit.py:524} INFO - 24/10/24 17:11:55 WARN FileUtil: Failed to delete file or dir [/opt/***/data-lake/silver/openbrewerydb/_temporary/0/task_202410241704493744543512989317537_0007_m_000000/country=United States/state=New York/part-00000-bbd8e452-0e32-4edb-933e-fe0d0cccc052.c000.snappy.parquet]: it still exists.
[2024-10-24T17:11:55.130+0000] {spark_submit.py:524} INFO - 24/10/24 17:11:55 WARN FileUtil: Failed to delete file or dir [/opt/***/data-lake/silver/openbrewerydb/_temporary/0/task_202410241704493744543512989317537_0007_m_000000/country=United States/state=California/.part-00000-bbd8e452-0e32-4edb-933e-fe0d0cccc052.c000.snappy.parquet.crc]: it still exists.
[2024-10-24T17:11:55.130+0000] {spark_submit.py:524} INFO - 24/10/24 17:11:55 WARN FileUtil: Failed to delete file or dir [/opt/***/data-lake/silver/openbrewerydb/_temporary/0/task_202410241704493744543512989317537_0007_m_000000/country=United States/state=California/part-00000-bbd8e452-0e32-4edb-933e-fe0d0cccc052.c000.snappy.parquet]: it still exists.
[2024-10-24T17:11:55.130+0000] {spark_submit.py:524} INFO - 24/10/24 17:11:55 WARN FileUtil: Failed to delete file or dir [/opt/***/data-lake/silver/openbrewerydb/_temporary/0/task_202410241704493744543512989317537_0007_m_000000/country=United States/state=Michigan/.part-00000-bbd8e452-0e32-4edb-933e-fe0d0cccc052.c000.snappy.parquet.crc]: it still exists.
[2024-10-24T17:11:55.131+0000] {spark_submit.py:524} INFO - 24/10/24 17:11:55 WARN FileUtil: Failed to delete file or dir [/opt/***/data-lake/silver/openbrewerydb/_temporary/0/task_202410241704493744543512989317537_0007_m_000000/country=United States/state=Michigan/part-00000-bbd8e452-0e32-4edb-933e-fe0d0cccc052.c000.snappy.parquet]: it still exists.
[2024-10-24T17:11:55.131+0000] {spark_submit.py:524} INFO - 24/10/24 17:11:55 WARN FileUtil: Failed to delete file or dir [/opt/***/data-lake/silver/openbrewerydb/_temporary/0/task_202410241704493744543512989317537_0007_m_000000/country=United States/state=Colorado/.part-00000-bbd8e452-0e32-4edb-933e-fe0d0cccc052.c000.snappy.parquet.crc]: it still exists.
[2024-10-24T17:11:55.131+0000] {spark_submit.py:524} INFO - 24/10/24 17:11:55 WARN FileUtil: Failed to delete file or dir [/opt/***/data-lake/silver/openbrewerydb/_temporary/0/task_202410241704493744543512989317537_0007_m_000000/country=United States/state=Colorado/part-00000-bbd8e452-0e32-4edb-933e-fe0d0cccc052.c000.snappy.parquet]: it still exists.
[2024-10-24T17:11:55.131+0000] {spark_submit.py:524} INFO - 24/10/24 17:11:55 WARN FileUtil: Failed to delete file or dir [/opt/***/data-lake/silver/openbrewerydb/_temporary/0/task_202410241704493744543512989317537_0007_m_000000/country=United States/state=Maryland/.part-00000-bbd8e452-0e32-4edb-933e-fe0d0cccc052.c000.snappy.parquet.crc]: it still exists.
[2024-10-24T17:11:55.131+0000] {spark_submit.py:524} INFO - 24/10/24 17:11:55 WARN FileUtil: Failed to delete file or dir [/opt/***/data-lake/silver/openbrewerydb/_temporary/0/task_202410241704493744543512989317537_0007_m_000000/country=United States/state=Maryland/part-00000-bbd8e452-0e32-4edb-933e-fe0d0cccc052.c000.snappy.parquet]: it still exists.
[2024-10-24T17:11:55.131+0000] {spark_submit.py:524} INFO - 24/10/24 17:11:55 WARN FileUtil: Failed to delete file or dir [/opt/***/data-lake/silver/openbrewerydb/_temporary/0/task_202410241704493744543512989317537_0007_m_000000/country=United States/state=Pennsylvania/.part-00000-bbd8e452-0e32-4edb-933e-fe0d0cccc052.c000.snappy.parquet.crc]: it still exists.
[2024-10-24T17:11:55.131+0000] {spark_submit.py:524} INFO - 24/10/24 17:11:55 WARN FileUtil: Failed to delete file or dir [/opt/***/data-lake/silver/openbrewerydb/_temporary/0/task_202410241704493744543512989317537_0007_m_000000/country=United States/state=Pennsylvania/part-00000-bbd8e452-0e32-4edb-933e-fe0d0cccc052.c000.snappy.parquet]: it still exists.
[2024-10-24T17:11:55.132+0000] {spark_submit.py:524} INFO - 24/10/24 17:11:55 WARN FileUtil: Failed to delete file or dir [/opt/***/data-lake/silver/openbrewerydb/_temporary/0/task_202410241704493744543512989317537_0007_m_000000/country=United States/state=Mississippi/.part-00000-bbd8e452-0e32-4edb-933e-fe0d0cccc052.c000.snappy.parquet.crc]: it still exists.
[2024-10-24T17:11:55.132+0000] {spark_submit.py:524} INFO - 24/10/24 17:11:55 WARN FileUtil: Failed to delete file or dir [/opt/***/data-lake/silver/openbrewerydb/_temporary/0/task_202410241704493744543512989317537_0007_m_000000/country=United States/state=Mississippi/part-00000-bbd8e452-0e32-4edb-933e-fe0d0cccc052.c000.snappy.parquet]: it still exists.
[2024-10-24T17:11:55.132+0000] {spark_submit.py:524} INFO - 24/10/24 17:11:55 WARN FileUtil: Failed to delete file or dir [/opt/***/data-lake/silver/openbrewerydb/_temporary/0/task_202410241704493744543512989317537_0007_m_000000/country=United States/state=Indiana/.part-00000-bbd8e452-0e32-4edb-933e-fe0d0cccc052.c000.snappy.parquet.crc]: it still exists.
[2024-10-24T17:11:55.132+0000] {spark_submit.py:524} INFO - 24/10/24 17:11:55 WARN FileUtil: Failed to delete file or dir [/opt/***/data-lake/silver/openbrewerydb/_temporary/0/task_202410241704493744543512989317537_0007_m_000000/country=United States/state=Indiana/part-00000-bbd8e452-0e32-4edb-933e-fe0d0cccc052.c000.snappy.parquet]: it still exists.
[2024-10-24T17:11:55.132+0000] {spark_submit.py:524} INFO - 24/10/24 17:11:55 WARN FileUtil: Failed to delete file or dir [/opt/***/data-lake/silver/openbrewerydb/_temporary/0/task_202410241704493744543512989317537_0007_m_000000/country=United States/state=Idaho/.part-00000-bbd8e452-0e32-4edb-933e-fe0d0cccc052.c000.snappy.parquet.crc]: it still exists.
[2024-10-24T17:11:55.132+0000] {spark_submit.py:524} INFO - 24/10/24 17:11:55 WARN FileUtil: Failed to delete file or dir [/opt/***/data-lake/silver/openbrewerydb/_temporary/0/task_202410241704493744543512989317537_0007_m_000000/country=United States/state=Idaho/part-00000-bbd8e452-0e32-4edb-933e-fe0d0cccc052.c000.snappy.parquet]: it still exists.
[2024-10-24T17:11:55.132+0000] {spark_submit.py:524} INFO - 24/10/24 17:11:55 WARN FileUtil: Failed to delete file or dir [/opt/***/data-lake/silver/openbrewerydb/_temporary/0/task_202410241704493744543512989317537_0007_m_000000/country=United States/state=Ohio/.part-00000-bbd8e452-0e32-4edb-933e-fe0d0cccc052.c000.snappy.parquet.crc]: it still exists.
[2024-10-24T17:11:55.133+0000] {spark_submit.py:524} INFO - 24/10/24 17:11:55 WARN FileUtil: Failed to delete file or dir [/opt/***/data-lake/silver/openbrewerydb/_temporary/0/task_202410241704493744543512989317537_0007_m_000000/country=United States/state=Ohio/part-00000-bbd8e452-0e32-4edb-933e-fe0d0cccc052.c000.snappy.parquet]: it still exists.
[2024-10-24T17:11:55.133+0000] {spark_submit.py:524} INFO - 24/10/24 17:11:55 WARN FileUtil: Failed to delete file or dir [/opt/***/data-lake/silver/openbrewerydb/_temporary/0/task_202410241704493744543512989317537_0007_m_000000/country=United States/state=Oklahoma/.part-00000-bbd8e452-0e32-4edb-933e-fe0d0cccc052.c000.snappy.parquet.crc]: it still exists.
[2024-10-24T17:11:55.133+0000] {spark_submit.py:524} INFO - 24/10/24 17:11:55 WARN FileUtil: Failed to delete file or dir [/opt/***/data-lake/silver/openbrewerydb/_temporary/0/task_202410241704493744543512989317537_0007_m_000000/country=United States/state=Oklahoma/part-00000-bbd8e452-0e32-4edb-933e-fe0d0cccc052.c000.snappy.parquet]: it still exists.
[2024-10-24T17:11:55.133+0000] {spark_submit.py:524} INFO - 24/10/24 17:11:55 WARN FileUtil: Failed to delete file or dir [/opt/***/data-lake/silver/openbrewerydb/_temporary/0/task_202410241704493744543512989317537_0007_m_000000/country=United States/state=Delaware/.part-00000-bbd8e452-0e32-4edb-933e-fe0d0cccc052.c000.snappy.parquet.crc]: it still exists.
[2024-10-24T17:11:55.133+0000] {spark_submit.py:524} INFO - 24/10/24 17:11:55 WARN FileUtil: Failed to delete file or dir [/opt/***/data-lake/silver/openbrewerydb/_temporary/0/task_202410241704493744543512989317537_0007_m_000000/country=United States/state=Delaware/part-00000-bbd8e452-0e32-4edb-933e-fe0d0cccc052.c000.snappy.parquet]: it still exists.
[2024-10-24T17:11:55.133+0000] {spark_submit.py:524} INFO - 24/10/24 17:11:55 WARN FileUtil: Failed to delete file or dir [/opt/***/data-lake/silver/openbrewerydb/_temporary/0/task_202410241704493744543512989317537_0007_m_000000/country=United States/state=Arizona/.part-00000-bbd8e452-0e32-4edb-933e-fe0d0cccc052.c000.snappy.parquet.crc]: it still exists.
[2024-10-24T17:11:55.133+0000] {spark_submit.py:524} INFO - 24/10/24 17:11:55 WARN FileUtil: Failed to delete file or dir [/opt/***/data-lake/silver/openbrewerydb/_temporary/0/task_202410241704493744543512989317537_0007_m_000000/country=United States/state=Arizona/part-00000-bbd8e452-0e32-4edb-933e-fe0d0cccc052.c000.snappy.parquet]: it still exists.
[2024-10-24T17:11:55.133+0000] {spark_submit.py:524} INFO - 24/10/24 17:11:55 WARN FileUtil: Failed to delete file or dir [/opt/***/data-lake/silver/openbrewerydb/_temporary/0/task_202410241704493744543512989317537_0007_m_000000/country=United States/state=Texas/.part-00000-bbd8e452-0e32-4edb-933e-fe0d0cccc052.c000.snappy.parquet.crc]: it still exists.
[2024-10-24T17:11:55.133+0000] {spark_submit.py:524} INFO - 24/10/24 17:11:55 WARN FileUtil: Failed to delete file or dir [/opt/***/data-lake/silver/openbrewerydb/_temporary/0/task_202410241704493744543512989317537_0007_m_000000/country=United States/state=Texas/part-00000-bbd8e452-0e32-4edb-933e-fe0d0cccc052.c000.snappy.parquet]: it still exists.
[2024-10-24T17:11:55.133+0000] {spark_submit.py:524} INFO - 24/10/24 17:11:55 WARN FileUtil: Failed to delete file or dir [/opt/***/data-lake/silver/openbrewerydb/_temporary/0/task_202410241704493744543512989317537_0007_m_000000/country=United States/state=North Carolina/.part-00000-bbd8e452-0e32-4edb-933e-fe0d0cccc052.c000.snappy.parquet.crc]: it still exists.
[2024-10-24T17:11:55.134+0000] {spark_submit.py:524} INFO - 24/10/24 17:11:55 WARN FileUtil: Failed to delete file or dir [/opt/***/data-lake/silver/openbrewerydb/_temporary/0/task_202410241704493744543512989317537_0007_m_000000/country=United States/state=North Carolina/part-00000-bbd8e452-0e32-4edb-933e-fe0d0cccc052.c000.snappy.parquet]: it still exists.
[2024-10-24T17:11:55.134+0000] {spark_submit.py:524} INFO - 24/10/24 17:11:55 WARN FileUtil: Failed to delete file or dir [/opt/***/data-lake/silver/openbrewerydb/_temporary/0/task_202410241704493744543512989317537_0007_m_000000/country=United States/state=Massachusetts/.part-00000-bbd8e452-0e32-4edb-933e-fe0d0cccc052.c000.snappy.parquet.crc]: it still exists.
[2024-10-24T17:11:55.134+0000] {spark_submit.py:524} INFO - 24/10/24 17:11:55 WARN FileUtil: Failed to delete file or dir [/opt/***/data-lake/silver/openbrewerydb/_temporary/0/task_202410241704493744543512989317537_0007_m_000000/country=United States/state=Massachusetts/part-00000-bbd8e452-0e32-4edb-933e-fe0d0cccc052.c000.snappy.parquet]: it still exists.
[2024-10-24T17:11:55.134+0000] {spark_submit.py:524} INFO - 24/10/24 17:11:55 WARN FileUtil: Failed to delete file or dir [/opt/***/data-lake/silver/openbrewerydb/_temporary/0/task_202410241704493744543512989317537_0007_m_000000/country=United States/state=Oregon/.part-00000-bbd8e452-0e32-4edb-933e-fe0d0cccc052.c000.snappy.parquet.crc]: it still exists.
[2024-10-24T17:11:55.134+0000] {spark_submit.py:524} INFO - 24/10/24 17:11:55 WARN FileUtil: Failed to delete file or dir [/opt/***/data-lake/silver/openbrewerydb/_temporary/0/task_202410241704493744543512989317537_0007_m_000000/country=United States/state=Oregon/part-00000-bbd8e452-0e32-4edb-933e-fe0d0cccc052.c000.snappy.parquet]: it still exists.
[2024-10-24T17:11:55.134+0000] {spark_submit.py:524} INFO - 24/10/24 17:11:55 WARN FileUtil: Failed to delete file or dir [/opt/***/data-lake/silver/openbrewerydb/_temporary/0/task_202410241704493744543512989317537_0007_m_000000/country=United States/state=Nevada/.part-00000-bbd8e452-0e32-4edb-933e-fe0d0cccc052.c000.snappy.parquet.crc]: it still exists.
[2024-10-24T17:11:55.134+0000] {spark_submit.py:524} INFO - 24/10/24 17:11:55 WARN FileUtil: Failed to delete file or dir [/opt/***/data-lake/silver/openbrewerydb/_temporary/0/task_202410241704493744543512989317537_0007_m_000000/country=United States/state=Nevada/part-00000-bbd8e452-0e32-4edb-933e-fe0d0cccc052.c000.snappy.parquet]: it still exists.
[2024-10-24T17:11:55.134+0000] {spark_submit.py:524} INFO - 24/10/24 17:11:55 WARN FileUtil: Failed to delete file or dir [/opt/***/data-lake/silver/openbrewerydb/_temporary/0/task_202410241704493744543512989317537_0007_m_000000/country=United States/state=Wisconsin/.part-00000-bbd8e452-0e32-4edb-933e-fe0d0cccc052.c000.snappy.parquet.crc]: it still exists.
[2024-10-24T17:11:55.134+0000] {spark_submit.py:524} INFO - 24/10/24 17:11:55 WARN FileUtil: Failed to delete file or dir [/opt/***/data-lake/silver/openbrewerydb/_temporary/0/task_202410241704493744543512989317537_0007_m_000000/country=United States/state=Wisconsin/part-00000-bbd8e452-0e32-4edb-933e-fe0d0cccc052.c000.snappy.parquet]: it still exists.
[2024-10-24T17:11:55.134+0000] {spark_submit.py:524} INFO - 24/10/24 17:11:55 WARN FileUtil: Failed to delete file or dir [/opt/***/data-lake/silver/openbrewerydb/_temporary/0/task_202410241704493744543512989317537_0007_m_000000/country=United States/state=Washington/.part-00000-bbd8e452-0e32-4edb-933e-fe0d0cccc052.c000.snappy.parquet.crc]: it still exists.
[2024-10-24T17:11:55.134+0000] {spark_submit.py:524} INFO - 24/10/24 17:11:55 WARN FileUtil: Failed to delete file or dir [/opt/***/data-lake/silver/openbrewerydb/_temporary/0/task_202410241704493744543512989317537_0007_m_000000/country=United States/state=Washington/part-00000-bbd8e452-0e32-4edb-933e-fe0d0cccc052.c000.snappy.parquet]: it still exists.
[2024-10-24T17:11:55.135+0000] {spark_submit.py:524} INFO - 24/10/24 17:11:55 WARN FileUtil: Failed to delete file or dir [/opt/***/data-lake/silver/openbrewerydb/_temporary/0/task_202410241704493744543512989317537_0007_m_000000/country=United States/state=South Carolina/.part-00000-bbd8e452-0e32-4edb-933e-fe0d0cccc052.c000.snappy.parquet.crc]: it still exists.
[2024-10-24T17:11:55.135+0000] {spark_submit.py:524} INFO - 24/10/24 17:11:55 WARN FileUtil: Failed to delete file or dir [/opt/***/data-lake/silver/openbrewerydb/_temporary/0/task_202410241704493744543512989317537_0007_m_000000/country=United States/state=South Carolina/part-00000-bbd8e452-0e32-4edb-933e-fe0d0cccc052.c000.snappy.parquet]: it still exists.
[2024-10-24T17:11:55.135+0000] {spark_submit.py:524} INFO - 24/10/24 17:11:55 WARN FileUtil: Failed to delete file or dir [/opt/***/data-lake/silver/openbrewerydb/_temporary/0/task_202410241704493744543512989317537_0007_m_000000/country=United States/state=Minnesota/.part-00000-bbd8e452-0e32-4edb-933e-fe0d0cccc052.c000.snappy.parquet.crc]: it still exists.
[2024-10-24T17:11:55.135+0000] {spark_submit.py:524} INFO - 24/10/24 17:11:55 WARN FileUtil: Failed to delete file or dir [/opt/***/data-lake/silver/openbrewerydb/_temporary/0/task_202410241704493744543512989317537_0007_m_000000/country=United States/state=Minnesota/part-00000-bbd8e452-0e32-4edb-933e-fe0d0cccc052.c000.snappy.parquet]: it still exists.
[2024-10-24T17:11:55.135+0000] {spark_submit.py:524} INFO - 24/10/24 17:11:55 WARN FileUtil: Failed to delete file or dir [/opt/***/data-lake/silver/openbrewerydb/_temporary/0/task_202410241704493744543512989317537_0007_m_000000/country=United States/state=Iowa/.part-00000-bbd8e452-0e32-4edb-933e-fe0d0cccc052.c000.snappy.parquet.crc]: it still exists.
[2024-10-24T17:11:55.135+0000] {spark_submit.py:524} INFO - 24/10/24 17:11:55 WARN FileUtil: Failed to delete file or dir [/opt/***/data-lake/silver/openbrewerydb/_temporary/0/task_202410241704493744543512989317537_0007_m_000000/country=United States/state=Iowa/part-00000-bbd8e452-0e32-4edb-933e-fe0d0cccc052.c000.snappy.parquet]: it still exists.
[2024-10-24T17:11:55.135+0000] {spark_submit.py:524} INFO - 24/10/24 17:11:55 WARN FileUtil: Failed to delete file or dir [/opt/***/data-lake/silver/openbrewerydb/_temporary/0/task_202410241704493744543512989317537_0007_m_000000/country=Ireland/state=Laois/.part-00000-bbd8e452-0e32-4edb-933e-fe0d0cccc052.c000.snappy.parquet.crc]: it still exists.
[2024-10-24T17:11:55.135+0000] {spark_submit.py:524} INFO - 24/10/24 17:11:55 WARN FileUtil: Failed to delete file or dir [/opt/***/data-lake/silver/openbrewerydb/_temporary/0/task_202410241704493744543512989317537_0007_m_000000/country=Ireland/state=Laois/part-00000-bbd8e452-0e32-4edb-933e-fe0d0cccc052.c000.snappy.parquet]: it still exists.
[2024-10-24T17:11:55.258+0000] {spark_submit.py:524} INFO - Uma exceo ocorreu durante a leitura dos dados da camada bronze: An error occurred while calling o33.save.
[2024-10-24T17:11:55.258+0000] {spark_submit.py:524} INFO - : org.apache.spark.SparkException: Unable to clear output directory file:/opt/***/data-lake/silver/openbrewerydb prior to writing to it.
[2024-10-24T17:11:55.258+0000] {spark_submit.py:524} INFO - at org.apache.spark.sql.errors.QueryExecutionErrors$.cannotClearOutputDirectoryError(QueryExecutionErrors.scala:794)
[2024-10-24T17:11:55.258+0000] {spark_submit.py:524} INFO - at org.apache.spark.sql.execution.datasources.InsertIntoHadoopFsRelationCommand.deleteMatchingPartitions(InsertIntoHadoopFsRelationCommand.scala:239)
[2024-10-24T17:11:55.258+0000] {spark_submit.py:524} INFO - at org.apache.spark.sql.execution.datasources.InsertIntoHadoopFsRelationCommand.run(InsertIntoHadoopFsRelationCommand.scala:131)
[2024-10-24T17:11:55.258+0000] {spark_submit.py:524} INFO - at org.apache.spark.sql.execution.command.DataWritingCommandExec.sideEffectResult$lzycompute(commands.scala:113)
[2024-10-24T17:11:55.259+0000] {spark_submit.py:524} INFO - at org.apache.spark.sql.execution.command.DataWritingCommandExec.sideEffectResult(commands.scala:111)
[2024-10-24T17:11:55.259+0000] {spark_submit.py:524} INFO - at org.apache.spark.sql.execution.command.DataWritingCommandExec.executeCollect(commands.scala:125)
[2024-10-24T17:11:55.259+0000] {spark_submit.py:524} INFO - at org.apache.spark.sql.execution.QueryExecution$$anonfun$eagerlyExecuteCommands$1.$anonfun$applyOrElse$1(QueryExecution.scala:107)
[2024-10-24T17:11:55.259+0000] {spark_submit.py:524} INFO - at org.apache.spark.sql.execution.SQLExecution$.$anonfun$withNewExecutionId$6(SQLExecution.scala:125)
[2024-10-24T17:11:55.259+0000] {spark_submit.py:524} INFO - at org.apache.spark.sql.execution.SQLExecution$.withSQLConfPropagated(SQLExecution.scala:201)
[2024-10-24T17:11:55.259+0000] {spark_submit.py:524} INFO - at org.apache.spark.sql.execution.SQLExecution$.$anonfun$withNewExecutionId$1(SQLExecution.scala:108)
[2024-10-24T17:11:55.259+0000] {spark_submit.py:524} INFO - at org.apache.spark.sql.SparkSession.withActive(SparkSession.scala:900)
[2024-10-24T17:11:55.259+0000] {spark_submit.py:524} INFO - at org.apache.spark.sql.execution.SQLExecution$.withNewExecutionId(SQLExecution.scala:66)
[2024-10-24T17:11:55.259+0000] {spark_submit.py:524} INFO - at org.apache.spark.sql.execution.QueryExecution$$anonfun$eagerlyExecuteCommands$1.applyOrElse(QueryExecution.scala:107)
[2024-10-24T17:11:55.259+0000] {spark_submit.py:524} INFO - at org.apache.spark.sql.execution.QueryExecution$$anonfun$eagerlyExecuteCommands$1.applyOrElse(QueryExecution.scala:98)
[2024-10-24T17:11:55.259+0000] {spark_submit.py:524} INFO - at org.apache.spark.sql.catalyst.trees.TreeNode.$anonfun$transformDownWithPruning$1(TreeNode.scala:461)
[2024-10-24T17:11:55.259+0000] {spark_submit.py:524} INFO - at org.apache.spark.sql.catalyst.trees.CurrentOrigin$.withOrigin(origin.scala:76)
[2024-10-24T17:11:55.260+0000] {spark_submit.py:524} INFO - at org.apache.spark.sql.catalyst.trees.TreeNode.transformDownWithPruning(TreeNode.scala:461)
[2024-10-24T17:11:55.260+0000] {spark_submit.py:524} INFO - at org.apache.spark.sql.catalyst.plans.logical.LogicalPlan.org$apache$spark$sql$catalyst$plans$logical$AnalysisHelper$$super$transformDownWithPruning(LogicalPlan.scala:32)
[2024-10-24T17:11:55.260+0000] {spark_submit.py:524} INFO - at org.apache.spark.sql.catalyst.plans.logical.AnalysisHelper.transformDownWithPruning(AnalysisHelper.scala:267)
[2024-10-24T17:11:55.260+0000] {spark_submit.py:524} INFO - at org.apache.spark.sql.catalyst.plans.logical.AnalysisHelper.transformDownWithPruning$(AnalysisHelper.scala:263)
[2024-10-24T17:11:55.260+0000] {spark_submit.py:524} INFO - at org.apache.spark.sql.catalyst.plans.logical.LogicalPlan.transformDownWithPruning(LogicalPlan.scala:32)
[2024-10-24T17:11:55.260+0000] {spark_submit.py:524} INFO - at org.apache.spark.sql.catalyst.plans.logical.LogicalPlan.transformDownWithPruning(LogicalPlan.scala:32)
[2024-10-24T17:11:55.260+0000] {spark_submit.py:524} INFO - at org.apache.spark.sql.catalyst.trees.TreeNode.transformDown(TreeNode.scala:437)
[2024-10-24T17:11:55.260+0000] {spark_submit.py:524} INFO - at org.apache.spark.sql.execution.QueryExecution.eagerlyExecuteCommands(QueryExecution.scala:98)
[2024-10-24T17:11:55.260+0000] {spark_submit.py:524} INFO - at org.apache.spark.sql.execution.QueryExecution.commandExecuted$lzycompute(QueryExecution.scala:85)
[2024-10-24T17:11:55.261+0000] {spark_submit.py:524} INFO - at org.apache.spark.sql.execution.QueryExecution.commandExecuted(QueryExecution.scala:83)
[2024-10-24T17:11:55.261+0000] {spark_submit.py:524} INFO - at org.apache.spark.sql.execution.QueryExecution.assertCommandExecuted(QueryExecution.scala:142)
[2024-10-24T17:11:55.261+0000] {spark_submit.py:524} INFO - at org.apache.spark.sql.DataFrameWriter.runCommand(DataFrameWriter.scala:859)
[2024-10-24T17:11:55.261+0000] {spark_submit.py:524} INFO - at org.apache.spark.sql.DataFrameWriter.saveToV1Source(DataFrameWriter.scala:388)
[2024-10-24T17:11:55.261+0000] {spark_submit.py:524} INFO - at org.apache.spark.sql.DataFrameWriter.saveInternal(DataFrameWriter.scala:361)
[2024-10-24T17:11:55.261+0000] {spark_submit.py:524} INFO - at org.apache.spark.sql.DataFrameWriter.save(DataFrameWriter.scala:240)
[2024-10-24T17:11:55.261+0000] {spark_submit.py:524} INFO - at java.base/jdk.internal.reflect.NativeMethodAccessorImpl.invoke0(Native Method)
[2024-10-24T17:11:55.261+0000] {spark_submit.py:524} INFO - at java.base/jdk.internal.reflect.NativeMethodAccessorImpl.invoke(NativeMethodAccessorImpl.java:77)
[2024-10-24T17:11:55.261+0000] {spark_submit.py:524} INFO - at java.base/jdk.internal.reflect.DelegatingMethodAccessorImpl.invoke(DelegatingMethodAccessorImpl.java:43)
[2024-10-24T17:11:55.261+0000] {spark_submit.py:524} INFO - at java.base/java.lang.reflect.Method.invoke(Method.java:569)
[2024-10-24T17:11:55.261+0000] {spark_submit.py:524} INFO - at py4j.reflection.MethodInvoker.invoke(MethodInvoker.java:244)
[2024-10-24T17:11:55.261+0000] {spark_submit.py:524} INFO - at py4j.reflection.ReflectionEngine.invoke(ReflectionEngine.java:374)
[2024-10-24T17:11:55.262+0000] {spark_submit.py:524} INFO - at py4j.Gateway.invoke(Gateway.java:282)
[2024-10-24T17:11:55.262+0000] {spark_submit.py:524} INFO - at py4j.commands.AbstractCommand.invokeMethod(AbstractCommand.java:132)
[2024-10-24T17:11:55.262+0000] {spark_submit.py:524} INFO - at py4j.commands.CallCommand.execute(CallCommand.java:79)
[2024-10-24T17:11:55.262+0000] {spark_submit.py:524} INFO - at py4j.ClientServerConnection.waitForCommands(ClientServerConnection.java:182)
[2024-10-24T17:11:55.262+0000] {spark_submit.py:524} INFO - at py4j.ClientServerConnection.run(ClientServerConnection.java:106)
[2024-10-24T17:11:55.262+0000] {spark_submit.py:524} INFO - at java.base/java.lang.Thread.run(Thread.java:840)
[2024-10-24T17:11:55.262+0000] {spark_submit.py:524} INFO - 
[2024-10-24T17:11:55.262+0000] {spark_submit.py:524} INFO - 24/10/24 17:11:55 INFO SparkContext: SparkContext is stopping with exitCode 0.
[2024-10-24T17:11:55.268+0000] {spark_submit.py:524} INFO - 24/10/24 17:11:55 INFO SparkUI: Stopped Spark web UI at http://e995fa603d7f:4040
[2024-10-24T17:11:55.272+0000] {spark_submit.py:524} INFO - 24/10/24 17:11:55 INFO StandaloneSchedulerBackend: Shutting down all executors
[2024-10-24T17:11:55.273+0000] {spark_submit.py:524} INFO - 24/10/24 17:11:55 INFO StandaloneSchedulerBackend$StandaloneDriverEndpoint: Asking each executor to shut down
[2024-10-24T17:11:55.286+0000] {spark_submit.py:524} INFO - 24/10/24 17:11:55 INFO MapOutputTrackerMasterEndpoint: MapOutputTrackerMasterEndpoint stopped!
[2024-10-24T17:11:55.318+0000] {spark_submit.py:524} INFO - 24/10/24 17:11:55 INFO MemoryStore: MemoryStore cleared
[2024-10-24T17:11:55.319+0000] {spark_submit.py:524} INFO - 24/10/24 17:11:55 INFO BlockManager: BlockManager stopped
[2024-10-24T17:11:55.321+0000] {spark_submit.py:524} INFO - 24/10/24 17:11:55 INFO BlockManagerMaster: BlockManagerMaster stopped
[2024-10-24T17:11:55.325+0000] {spark_submit.py:524} INFO - 24/10/24 17:11:55 INFO OutputCommitCoordinator$OutputCommitCoordinatorEndpoint: OutputCommitCoordinator stopped!
[2024-10-24T17:11:55.347+0000] {spark_submit.py:524} INFO - 24/10/24 17:11:55 INFO SparkContext: Successfully stopped SparkContext
[2024-10-24T17:11:55.659+0000] {spark_submit.py:524} INFO - 24/10/24 17:11:55 INFO ShutdownHookManager: Shutdown hook called
[2024-10-24T17:11:55.659+0000] {spark_submit.py:524} INFO - 24/10/24 17:11:55 INFO ShutdownHookManager: Deleting directory /tmp/spark-d28121ea-bada-47d5-a327-541ed538bd52
[2024-10-24T17:11:55.664+0000] {spark_submit.py:524} INFO - 24/10/24 17:11:55 INFO ShutdownHookManager: Deleting directory /tmp/spark-43e27a6d-a685-469d-a264-8129eaae8460/pyspark-734e5a9c-8f18-4b03-8b87-d48bd26c6684
[2024-10-24T17:11:55.668+0000] {spark_submit.py:524} INFO - 24/10/24 17:11:55 INFO ShutdownHookManager: Deleting directory /tmp/spark-43e27a6d-a685-469d-a264-8129eaae8460
[2024-10-24T17:11:55.744+0000] {taskinstance.py:1398} INFO - Marking task as SUCCESS. dag_id=api_openbrewerydb_to_silver_gold, task_id=Silver, execution_date=20241024T171140, start_date=20241024T171141, end_date=20241024T171155
[2024-10-24T17:11:55.794+0000] {local_task_job_runner.py:228} INFO - Task exited with return code 0
[2024-10-24T17:11:55.815+0000] {taskinstance.py:2776} INFO - 1 downstream tasks scheduled from follow-on schedule check
