[2024-10-24T01:18:49.893+0000] {taskinstance.py:1157} INFO - Dependencies all met for dep_context=non-requeueable deps ti=<TaskInstance: api_openbrewerydb_to_silver_gold.Silver scheduled__2023-11-10T08:00:00+00:00 [queued]>
[2024-10-24T01:18:49.900+0000] {taskinstance.py:1157} INFO - Dependencies all met for dep_context=requeueable deps ti=<TaskInstance: api_openbrewerydb_to_silver_gold.Silver scheduled__2023-11-10T08:00:00+00:00 [queued]>
[2024-10-24T01:18:49.901+0000] {taskinstance.py:1359} INFO - Starting attempt 1 of 3
[2024-10-24T01:18:49.911+0000] {taskinstance.py:1380} INFO - Executing <Task(SparkSubmitOperator): Silver> on 2023-11-10 08:00:00+00:00
[2024-10-24T01:18:49.915+0000] {standard_task_runner.py:57} INFO - Started process 2913 to run task
[2024-10-24T01:18:49.918+0000] {standard_task_runner.py:84} INFO - Running: ['***', 'tasks', 'run', 'api_openbrewerydb_to_silver_gold', 'Silver', 'scheduled__2023-11-10T08:00:00+00:00', '--job-id', '81', '--raw', '--subdir', 'DAGS_FOLDER/api_openbrewerydb_to_silver.py', '--cfg-path', '/tmp/tmpye8uuj41']
[2024-10-24T01:18:49.922+0000] {standard_task_runner.py:85} INFO - Job 81: Subtask Silver
[2024-10-24T01:18:49.973+0000] {task_command.py:415} INFO - Running <TaskInstance: api_openbrewerydb_to_silver_gold.Silver scheduled__2023-11-10T08:00:00+00:00 [running]> on host de5108c6da1d
[2024-10-24T01:18:50.067+0000] {taskinstance.py:1660} INFO - Exporting env vars: AIRFLOW_CTX_DAG_OWNER='Rodrigo Araujo' AIRFLOW_CTX_DAG_ID='api_openbrewerydb_to_silver_gold' AIRFLOW_CTX_TASK_ID='Silver' AIRFLOW_CTX_EXECUTION_DATE='2023-11-10T08:00:00+00:00' AIRFLOW_CTX_TRY_NUMBER='1' AIRFLOW_CTX_DAG_RUN_ID='scheduled__2023-11-10T08:00:00+00:00'
[2024-10-24T01:18:50.079+0000] {base.py:73} INFO - Using connection ID 'spark-conn' for task execution.
[2024-10-24T01:18:50.080+0000] {spark_submit.py:363} INFO - Spark-Submit cmd: spark-submit --master spark://spark-master:7077 --name arrow-spark --queue root.default jobs/silver/api_openbrewerydb.py
[2024-10-24T01:18:54.897+0000] {spark_submit.py:524} INFO - 24/10/24 01:18:54 INFO SparkContext: Running Spark version 3.5.3
[2024-10-24T01:18:54.901+0000] {spark_submit.py:524} INFO - 24/10/24 01:18:54 INFO SparkContext: OS info Linux, 5.15.0-124-generic, amd64
[2024-10-24T01:18:54.902+0000] {spark_submit.py:524} INFO - 24/10/24 01:18:54 INFO SparkContext: Java version 11.0.25
[2024-10-24T01:18:55.002+0000] {spark_submit.py:524} INFO - 24/10/24 01:18:55 WARN NativeCodeLoader: Unable to load native-hadoop library for your platform... using builtin-java classes where applicable
[2024-10-24T01:18:55.121+0000] {spark_submit.py:524} INFO - 24/10/24 01:18:55 INFO ResourceUtils: ==============================================================
[2024-10-24T01:18:55.122+0000] {spark_submit.py:524} INFO - 24/10/24 01:18:55 INFO ResourceUtils: No custom resources configured for spark.driver.
[2024-10-24T01:18:55.122+0000] {spark_submit.py:524} INFO - 24/10/24 01:18:55 INFO ResourceUtils: ==============================================================
[2024-10-24T01:18:55.123+0000] {spark_submit.py:524} INFO - 24/10/24 01:18:55 INFO SparkContext: Submitted application: IngestaoSilver
[2024-10-24T01:18:55.155+0000] {spark_submit.py:524} INFO - 24/10/24 01:18:55 INFO ResourceProfile: Default ResourceProfile created, executor resources: Map(memory -> name: memory, amount: 1024, script: , vendor: , offHeap -> name: offHeap, amount: 0, script: , vendor: ), task resources: Map(cpus -> name: cpus, amount: 1.0)
[2024-10-24T01:18:55.176+0000] {spark_submit.py:524} INFO - 24/10/24 01:18:55 INFO ResourceProfile: Limiting resource is cpu
[2024-10-24T01:18:55.177+0000] {spark_submit.py:524} INFO - 24/10/24 01:18:55 INFO ResourceProfileManager: Added ResourceProfile id: 0
[2024-10-24T01:18:55.249+0000] {spark_submit.py:524} INFO - 24/10/24 01:18:55 INFO SecurityManager: Changing view acls to: ***
[2024-10-24T01:18:55.250+0000] {spark_submit.py:524} INFO - 24/10/24 01:18:55 INFO SecurityManager: Changing modify acls to: ***
[2024-10-24T01:18:55.251+0000] {spark_submit.py:524} INFO - 24/10/24 01:18:55 INFO SecurityManager: Changing view acls groups to:
[2024-10-24T01:18:55.252+0000] {spark_submit.py:524} INFO - 24/10/24 01:18:55 INFO SecurityManager: Changing modify acls groups to:
[2024-10-24T01:18:55.253+0000] {spark_submit.py:524} INFO - 24/10/24 01:18:55 INFO SecurityManager: SecurityManager: authentication disabled; ui acls disabled; users with view permissions: ***; groups with view permissions: EMPTY; users with modify permissions: ***; groups with modify permissions: EMPTY
[2024-10-24T01:18:55.641+0000] {spark_submit.py:524} INFO - 24/10/24 01:18:55 INFO Utils: Successfully started service 'sparkDriver' on port 42089.
[2024-10-24T01:18:55.687+0000] {spark_submit.py:524} INFO - 24/10/24 01:18:55 INFO SparkEnv: Registering MapOutputTracker
[2024-10-24T01:18:55.739+0000] {spark_submit.py:524} INFO - 24/10/24 01:18:55 INFO SparkEnv: Registering BlockManagerMaster
[2024-10-24T01:18:55.773+0000] {spark_submit.py:524} INFO - 24/10/24 01:18:55 INFO BlockManagerMasterEndpoint: Using org.apache.spark.storage.DefaultTopologyMapper for getting topology information
[2024-10-24T01:18:55.774+0000] {spark_submit.py:524} INFO - 24/10/24 01:18:55 INFO BlockManagerMasterEndpoint: BlockManagerMasterEndpoint up
[2024-10-24T01:18:55.779+0000] {spark_submit.py:524} INFO - 24/10/24 01:18:55 INFO SparkEnv: Registering BlockManagerMasterHeartbeat
[2024-10-24T01:18:55.815+0000] {spark_submit.py:524} INFO - 24/10/24 01:18:55 INFO DiskBlockManager: Created local directory at /tmp/blockmgr-59289d2f-39dd-47bb-87db-da992fdd81bb
[2024-10-24T01:18:55.839+0000] {spark_submit.py:524} INFO - 24/10/24 01:18:55 INFO MemoryStore: MemoryStore started with capacity 434.4 MiB
[2024-10-24T01:18:55.864+0000] {spark_submit.py:524} INFO - 24/10/24 01:18:55 INFO SparkEnv: Registering OutputCommitCoordinator
[2024-10-24T01:18:56.116+0000] {spark_submit.py:524} INFO - 24/10/24 01:18:56 INFO JettyUtils: Start Jetty 0.0.0.0:4040 for SparkUI
[2024-10-24T01:18:56.201+0000] {spark_submit.py:524} INFO - 24/10/24 01:18:56 INFO Utils: Successfully started service 'SparkUI' on port 4040.
[2024-10-24T01:18:56.390+0000] {spark_submit.py:524} INFO - 24/10/24 01:18:56 INFO StandaloneAppClient$ClientEndpoint: Connecting to master spark://spark-master:7077...
[2024-10-24T01:18:56.468+0000] {spark_submit.py:524} INFO - 24/10/24 01:18:56 INFO TransportClientFactory: Successfully created connection to spark-master/172.22.0.3:7077 after 45 ms (0 ms spent in bootstraps)
[2024-10-24T01:18:56.606+0000] {spark_submit.py:524} INFO - 24/10/24 01:18:56 INFO StandaloneSchedulerBackend: Connected to Spark cluster with app ID app-20241024011856-0012
[2024-10-24T01:18:56.615+0000] {spark_submit.py:524} INFO - 24/10/24 01:18:56 INFO StandaloneAppClient$ClientEndpoint: Executor added: app-20241024011856-0012/0 on worker-20241024010948-172.22.0.4-41535 (172.22.0.4:41535) with 2 core(s)
[2024-10-24T01:18:56.622+0000] {spark_submit.py:524} INFO - 24/10/24 01:18:56 INFO StandaloneSchedulerBackend: Granted executor ID app-20241024011856-0012/0 on hostPort 172.22.0.4:41535 with 2 core(s), 1024.0 MiB RAM
[2024-10-24T01:18:56.637+0000] {spark_submit.py:524} INFO - 24/10/24 01:18:56 INFO Utils: Successfully started service 'org.apache.spark.network.netty.NettyBlockTransferService' on port 37143.
[2024-10-24T01:18:56.638+0000] {spark_submit.py:524} INFO - 24/10/24 01:18:56 INFO NettyBlockTransferService: Server created on de5108c6da1d:37143
[2024-10-24T01:18:56.642+0000] {spark_submit.py:524} INFO - 24/10/24 01:18:56 INFO BlockManager: Using org.apache.spark.storage.RandomBlockReplicationPolicy for block replication policy
[2024-10-24T01:18:56.667+0000] {spark_submit.py:524} INFO - 24/10/24 01:18:56 INFO BlockManagerMaster: Registering BlockManager BlockManagerId(driver, de5108c6da1d, 37143, None)
[2024-10-24T01:18:56.676+0000] {spark_submit.py:524} INFO - 24/10/24 01:18:56 INFO BlockManagerMasterEndpoint: Registering block manager de5108c6da1d:37143 with 434.4 MiB RAM, BlockManagerId(driver, de5108c6da1d, 37143, None)
[2024-10-24T01:18:56.694+0000] {spark_submit.py:524} INFO - 24/10/24 01:18:56 INFO BlockManagerMaster: Registered BlockManager BlockManagerId(driver, de5108c6da1d, 37143, None)
[2024-10-24T01:18:56.699+0000] {spark_submit.py:524} INFO - 24/10/24 01:18:56 INFO BlockManager: Initialized BlockManager: BlockManagerId(driver, de5108c6da1d, 37143, None)
[2024-10-24T01:18:56.720+0000] {spark_submit.py:524} INFO - 24/10/24 01:18:56 INFO StandaloneAppClient$ClientEndpoint: Executor updated: app-20241024011856-0012/0 is now RUNNING
[2024-10-24T01:18:57.164+0000] {spark_submit.py:524} INFO - 24/10/24 01:18:57 INFO StandaloneSchedulerBackend: SchedulerBackend is ready for scheduling beginning after reached minRegisteredResourcesRatio: 0.0
[2024-10-24T01:18:57.454+0000] {spark_submit.py:524} INFO - Hello from Spark!
[2024-10-24T01:18:57.455+0000] {spark_submit.py:524} INFO - 24/10/24 01:18:57 INFO SparkContext: SparkContext is stopping with exitCode 0.
[2024-10-24T01:18:57.469+0000] {spark_submit.py:524} INFO - 24/10/24 01:18:57 INFO SparkUI: Stopped Spark web UI at http://de5108c6da1d:4040
[2024-10-24T01:18:57.478+0000] {spark_submit.py:524} INFO - 24/10/24 01:18:57 INFO StandaloneSchedulerBackend: Shutting down all executors
[2024-10-24T01:18:57.485+0000] {spark_submit.py:524} INFO - 24/10/24 01:18:57 INFO StandaloneSchedulerBackend$StandaloneDriverEndpoint: Asking each executor to shut down
[2024-10-24T01:18:57.528+0000] {spark_submit.py:524} INFO - 24/10/24 01:18:57 INFO MapOutputTrackerMasterEndpoint: MapOutputTrackerMasterEndpoint stopped!
[2024-10-24T01:18:57.546+0000] {spark_submit.py:524} INFO - 24/10/24 01:18:57 INFO MemoryStore: MemoryStore cleared
[2024-10-24T01:18:57.547+0000] {spark_submit.py:524} INFO - 24/10/24 01:18:57 INFO BlockManager: BlockManager stopped
[2024-10-24T01:18:57.565+0000] {spark_submit.py:524} INFO - 24/10/24 01:18:57 INFO BlockManagerMaster: BlockManagerMaster stopped
[2024-10-24T01:18:57.567+0000] {spark_submit.py:524} INFO - 24/10/24 01:18:57 INFO OutputCommitCoordinator$OutputCommitCoordinatorEndpoint: OutputCommitCoordinator stopped!
[2024-10-24T01:18:57.583+0000] {spark_submit.py:524} INFO - 24/10/24 01:18:57 INFO SparkContext: Successfully stopped SparkContext
[2024-10-24T01:18:57.777+0000] {spark_submit.py:524} INFO - 24/10/24 01:18:57 INFO ShutdownHookManager: Shutdown hook called
[2024-10-24T01:18:57.778+0000] {spark_submit.py:524} INFO - 24/10/24 01:18:57 INFO ShutdownHookManager: Deleting directory /tmp/spark-e0e48131-d3f3-4a8a-9c05-cbbec0b5b742/pyspark-db3f371c-18e0-4148-befb-817a4dc2789a
[2024-10-24T01:18:57.781+0000] {spark_submit.py:524} INFO - 24/10/24 01:18:57 INFO ShutdownHookManager: Deleting directory /tmp/spark-e0e48131-d3f3-4a8a-9c05-cbbec0b5b742
[2024-10-24T01:18:57.784+0000] {spark_submit.py:524} INFO - 24/10/24 01:18:57 INFO ShutdownHookManager: Deleting directory /tmp/spark-b11ede07-ed71-4493-a2b7-c64d66270b17
[2024-10-24T01:18:57.846+0000] {taskinstance.py:1398} INFO - Marking task as SUCCESS. dag_id=api_openbrewerydb_to_silver_gold, task_id=Silver, execution_date=20231110T080000, start_date=20241024T011849, end_date=20241024T011857
[2024-10-24T01:18:57.876+0000] {local_task_job_runner.py:228} INFO - Task exited with return code 0
[2024-10-24T01:18:57.897+0000] {taskinstance.py:2776} INFO - 1 downstream tasks scheduled from follow-on schedule check
