[2024-10-24T01:21:38.443+0000] {taskinstance.py:1157} INFO - Dependencies all met for dep_context=non-requeueable deps ti=<TaskInstance: api_openbrewerydb_to_silver_gold.Gold scheduled__2023-11-21T08:00:00+00:00 [queued]>
[2024-10-24T01:21:38.460+0000] {taskinstance.py:1157} INFO - Dependencies all met for dep_context=requeueable deps ti=<TaskInstance: api_openbrewerydb_to_silver_gold.Gold scheduled__2023-11-21T08:00:00+00:00 [queued]>
[2024-10-24T01:21:38.461+0000] {taskinstance.py:1359} INFO - Starting attempt 1 of 3
[2024-10-24T01:21:38.486+0000] {taskinstance.py:1380} INFO - Executing <Task(SparkSubmitOperator): Gold> on 2023-11-21 08:00:00+00:00
[2024-10-24T01:21:38.496+0000] {standard_task_runner.py:57} INFO - Started process 6489 to run task
[2024-10-24T01:21:38.501+0000] {standard_task_runner.py:84} INFO - Running: ['***', 'tasks', 'run', 'api_openbrewerydb_to_silver_gold', 'Gold', 'scheduled__2023-11-21T08:00:00+00:00', '--job-id', '104', '--raw', '--subdir', 'DAGS_FOLDER/api_openbrewerydb_to_silver.py', '--cfg-path', '/tmp/tmpt2j6pqi1']
[2024-10-24T01:21:38.512+0000] {standard_task_runner.py:85} INFO - Job 104: Subtask Gold
[2024-10-24T01:21:38.613+0000] {task_command.py:415} INFO - Running <TaskInstance: api_openbrewerydb_to_silver_gold.Gold scheduled__2023-11-21T08:00:00+00:00 [running]> on host de5108c6da1d
[2024-10-24T01:21:38.824+0000] {taskinstance.py:1660} INFO - Exporting env vars: AIRFLOW_CTX_DAG_OWNER='Rodrigo Araujo' AIRFLOW_CTX_DAG_ID='api_openbrewerydb_to_silver_gold' AIRFLOW_CTX_TASK_ID='Gold' AIRFLOW_CTX_EXECUTION_DATE='2023-11-21T08:00:00+00:00' AIRFLOW_CTX_TRY_NUMBER='1' AIRFLOW_CTX_DAG_RUN_ID='scheduled__2023-11-21T08:00:00+00:00'
[2024-10-24T01:21:38.857+0000] {base.py:73} INFO - Using connection ID 'spark-conn' for task execution.
[2024-10-24T01:21:38.859+0000] {spark_submit.py:363} INFO - Spark-Submit cmd: spark-submit --master spark://spark-master:7077 --name arrow-spark --queue root.default jobs/gold/api_openbrewerydb.py
[2024-10-24T01:21:46.764+0000] {spark_submit.py:524} INFO - 24/10/24 01:21:46 INFO SparkContext: Running Spark version 3.5.3
[2024-10-24T01:21:46.773+0000] {spark_submit.py:524} INFO - 24/10/24 01:21:46 INFO SparkContext: OS info Linux, 5.15.0-124-generic, amd64
[2024-10-24T01:21:46.774+0000] {spark_submit.py:524} INFO - 24/10/24 01:21:46 INFO SparkContext: Java version 11.0.25
[2024-10-24T01:21:46.906+0000] {spark_submit.py:524} INFO - 24/10/24 01:21:46 WARN NativeCodeLoader: Unable to load native-hadoop library for your platform... using builtin-java classes where applicable
[2024-10-24T01:21:47.115+0000] {spark_submit.py:524} INFO - 24/10/24 01:21:47 INFO ResourceUtils: ==============================================================
[2024-10-24T01:21:47.117+0000] {spark_submit.py:524} INFO - 24/10/24 01:21:47 INFO ResourceUtils: No custom resources configured for spark.driver.
[2024-10-24T01:21:47.119+0000] {spark_submit.py:524} INFO - 24/10/24 01:21:47 INFO ResourceUtils: ==============================================================
[2024-10-24T01:21:47.121+0000] {spark_submit.py:524} INFO - 24/10/24 01:21:47 INFO SparkContext: Submitted application: IngestaoSilver
[2024-10-24T01:21:47.221+0000] {spark_submit.py:524} INFO - 24/10/24 01:21:47 INFO ResourceProfile: Default ResourceProfile created, executor resources: Map(memory -> name: memory, amount: 1024, script: , vendor: , offHeap -> name: offHeap, amount: 0, script: , vendor: ), task resources: Map(cpus -> name: cpus, amount: 1.0)
[2024-10-24T01:21:47.284+0000] {spark_submit.py:524} INFO - 24/10/24 01:21:47 INFO ResourceProfile: Limiting resource is cpu
[2024-10-24T01:21:47.287+0000] {spark_submit.py:524} INFO - 24/10/24 01:21:47 INFO ResourceProfileManager: Added ResourceProfile id: 0
[2024-10-24T01:21:47.512+0000] {spark_submit.py:524} INFO - 24/10/24 01:21:47 INFO SecurityManager: Changing view acls to: ***
[2024-10-24T01:21:47.514+0000] {spark_submit.py:524} INFO - 24/10/24 01:21:47 INFO SecurityManager: Changing modify acls to: ***
[2024-10-24T01:21:47.515+0000] {spark_submit.py:524} INFO - 24/10/24 01:21:47 INFO SecurityManager: Changing view acls groups to:
[2024-10-24T01:21:47.517+0000] {spark_submit.py:524} INFO - 24/10/24 01:21:47 INFO SecurityManager: Changing modify acls groups to:
[2024-10-24T01:21:47.519+0000] {spark_submit.py:524} INFO - 24/10/24 01:21:47 INFO SecurityManager: SecurityManager: authentication disabled; ui acls disabled; users with view permissions: ***; groups with view permissions: EMPTY; users with modify permissions: ***; groups with modify permissions: EMPTY
[2024-10-24T01:21:48.449+0000] {spark_submit.py:524} INFO - 24/10/24 01:21:48 INFO Utils: Successfully started service 'sparkDriver' on port 33919.
[2024-10-24T01:21:48.547+0000] {spark_submit.py:524} INFO - 24/10/24 01:21:48 INFO SparkEnv: Registering MapOutputTracker
[2024-10-24T01:21:48.660+0000] {spark_submit.py:524} INFO - 24/10/24 01:21:48 INFO SparkEnv: Registering BlockManagerMaster
[2024-10-24T01:21:48.741+0000] {spark_submit.py:524} INFO - 24/10/24 01:21:48 INFO BlockManagerMasterEndpoint: Using org.apache.spark.storage.DefaultTopologyMapper for getting topology information
[2024-10-24T01:21:48.743+0000] {spark_submit.py:524} INFO - 24/10/24 01:21:48 INFO BlockManagerMasterEndpoint: BlockManagerMasterEndpoint up
[2024-10-24T01:21:48.755+0000] {spark_submit.py:524} INFO - 24/10/24 01:21:48 INFO SparkEnv: Registering BlockManagerMasterHeartbeat
[2024-10-24T01:21:48.849+0000] {spark_submit.py:524} INFO - 24/10/24 01:21:48 INFO DiskBlockManager: Created local directory at /tmp/blockmgr-c6ab5a31-d102-4704-ba4a-cb598bd6b98a
[2024-10-24T01:21:48.893+0000] {spark_submit.py:524} INFO - 24/10/24 01:21:48 INFO MemoryStore: MemoryStore started with capacity 434.4 MiB
[2024-10-24T01:21:48.937+0000] {spark_submit.py:524} INFO - 24/10/24 01:21:48 INFO SparkEnv: Registering OutputCommitCoordinator
[2024-10-24T01:21:49.359+0000] {spark_submit.py:524} INFO - 24/10/24 01:21:49 INFO JettyUtils: Start Jetty 0.0.0.0:4040 for SparkUI
[2024-10-24T01:21:49.522+0000] {spark_submit.py:524} INFO - 24/10/24 01:21:49 INFO Utils: Successfully started service 'SparkUI' on port 4040.
[2024-10-24T01:21:49.758+0000] {spark_submit.py:524} INFO - 24/10/24 01:21:49 INFO StandaloneAppClient$ClientEndpoint: Connecting to master spark://spark-master:7077...
[2024-10-24T01:21:49.852+0000] {spark_submit.py:524} INFO - 24/10/24 01:21:49 INFO TransportClientFactory: Successfully created connection to spark-master/172.22.0.3:7077 after 61 ms (0 ms spent in bootstraps)
[2024-10-24T01:21:50.025+0000] {spark_submit.py:524} INFO - 24/10/24 01:21:50 INFO StandaloneSchedulerBackend: Connected to Spark cluster with app ID app-20241024012150-0035
[2024-10-24T01:21:50.030+0000] {spark_submit.py:524} INFO - 24/10/24 01:21:50 INFO StandaloneAppClient$ClientEndpoint: Executor added: app-20241024012150-0035/0 on worker-20241024010948-172.22.0.4-41535 (172.22.0.4:41535) with 2 core(s)
[2024-10-24T01:21:50.044+0000] {spark_submit.py:524} INFO - 24/10/24 01:21:50 INFO StandaloneSchedulerBackend: Granted executor ID app-20241024012150-0035/0 on hostPort 172.22.0.4:41535 with 2 core(s), 1024.0 MiB RAM
[2024-10-24T01:21:50.081+0000] {spark_submit.py:524} INFO - 24/10/24 01:21:50 INFO Utils: Successfully started service 'org.apache.spark.network.netty.NettyBlockTransferService' on port 39681.
[2024-10-24T01:21:50.082+0000] {spark_submit.py:524} INFO - 24/10/24 01:21:50 INFO NettyBlockTransferService: Server created on de5108c6da1d:39681
[2024-10-24T01:21:50.089+0000] {spark_submit.py:524} INFO - 24/10/24 01:21:50 INFO BlockManager: Using org.apache.spark.storage.RandomBlockReplicationPolicy for block replication policy
[2024-10-24T01:21:50.122+0000] {spark_submit.py:524} INFO - 24/10/24 01:21:50 INFO BlockManagerMaster: Registering BlockManager BlockManagerId(driver, de5108c6da1d, 39681, None)
[2024-10-24T01:21:50.130+0000] {spark_submit.py:524} INFO - 24/10/24 01:21:50 INFO BlockManagerMasterEndpoint: Registering block manager de5108c6da1d:39681 with 434.4 MiB RAM, BlockManagerId(driver, de5108c6da1d, 39681, None)
[2024-10-24T01:21:50.138+0000] {spark_submit.py:524} INFO - 24/10/24 01:21:50 INFO BlockManagerMaster: Registered BlockManager BlockManagerId(driver, de5108c6da1d, 39681, None)
[2024-10-24T01:21:50.152+0000] {spark_submit.py:524} INFO - 24/10/24 01:21:50 INFO BlockManager: Initialized BlockManager: BlockManagerId(driver, de5108c6da1d, 39681, None)
[2024-10-24T01:21:50.157+0000] {spark_submit.py:524} INFO - 24/10/24 01:21:50 INFO StandaloneAppClient$ClientEndpoint: Executor updated: app-20241024012150-0035/0 is now RUNNING
[2024-10-24T01:21:50.903+0000] {spark_submit.py:524} INFO - 24/10/24 01:21:50 INFO StandaloneSchedulerBackend: SchedulerBackend is ready for scheduling beginning after reached minRegisteredResourcesRatio: 0.0
[2024-10-24T01:21:51.516+0000] {spark_submit.py:524} INFO - Hello from Spark!
[2024-10-24T01:21:51.518+0000] {spark_submit.py:524} INFO - 24/10/24 01:21:51 INFO SparkContext: SparkContext is stopping with exitCode 0.
[2024-10-24T01:21:51.545+0000] {spark_submit.py:524} INFO - 24/10/24 01:21:51 INFO SparkUI: Stopped Spark web UI at http://de5108c6da1d:4040
[2024-10-24T01:21:51.561+0000] {spark_submit.py:524} INFO - 24/10/24 01:21:51 INFO StandaloneSchedulerBackend: Shutting down all executors
[2024-10-24T01:21:51.570+0000] {spark_submit.py:524} INFO - 24/10/24 01:21:51 INFO StandaloneSchedulerBackend$StandaloneDriverEndpoint: Asking each executor to shut down
[2024-10-24T01:21:51.638+0000] {spark_submit.py:524} INFO - 24/10/24 01:21:51 INFO MapOutputTrackerMasterEndpoint: MapOutputTrackerMasterEndpoint stopped!
[2024-10-24T01:21:51.663+0000] {spark_submit.py:524} INFO - 24/10/24 01:21:51 INFO MemoryStore: MemoryStore cleared
[2024-10-24T01:21:51.664+0000] {spark_submit.py:524} INFO - 24/10/24 01:21:51 INFO BlockManager: BlockManager stopped
[2024-10-24T01:21:51.679+0000] {spark_submit.py:524} INFO - 24/10/24 01:21:51 INFO BlockManagerMaster: BlockManagerMaster stopped
[2024-10-24T01:21:51.686+0000] {spark_submit.py:524} INFO - 24/10/24 01:21:51 INFO OutputCommitCoordinator$OutputCommitCoordinatorEndpoint: OutputCommitCoordinator stopped!
[2024-10-24T01:21:51.718+0000] {spark_submit.py:524} INFO - 24/10/24 01:21:51 INFO SparkContext: Successfully stopped SparkContext
[2024-10-24T01:21:52.119+0000] {spark_submit.py:524} INFO - 24/10/24 01:21:52 INFO ShutdownHookManager: Shutdown hook called
[2024-10-24T01:21:52.121+0000] {spark_submit.py:524} INFO - 24/10/24 01:21:52 INFO ShutdownHookManager: Deleting directory /tmp/spark-b130578b-60e9-4427-a5af-802345af4404
[2024-10-24T01:21:52.127+0000] {spark_submit.py:524} INFO - 24/10/24 01:21:52 INFO ShutdownHookManager: Deleting directory /tmp/spark-6112e528-4073-4759-8d2d-51b74ab78e3d
[2024-10-24T01:21:52.133+0000] {spark_submit.py:524} INFO - 24/10/24 01:21:52 INFO ShutdownHookManager: Deleting directory /tmp/spark-6112e528-4073-4759-8d2d-51b74ab78e3d/pyspark-1e1c6a13-ada2-49de-974d-619f6010e5a6
[2024-10-24T01:21:52.236+0000] {taskinstance.py:1398} INFO - Marking task as SUCCESS. dag_id=api_openbrewerydb_to_silver_gold, task_id=Gold, execution_date=20231121T080000, start_date=20241024T012138, end_date=20241024T012152
[2024-10-24T01:21:52.269+0000] {local_task_job_runner.py:228} INFO - Task exited with return code 0
[2024-10-24T01:21:52.307+0000] {taskinstance.py:2776} INFO - 0 downstream tasks scheduled from follow-on schedule check
[2024-10-24T14:33:08.125+0000] {logging_mixin.py:151} INFO - Changing /opt/***/logs/dag_id=api_openbrewerydb_to_silver_gold/run_id=scheduled__2023-11-21T08:00:00+00:00/task_id=Gold permission to 509
[2024-10-24T14:33:08.133+0000] {logging_mixin.py:151} INFO - Failed to change /opt/***/logs/dag_id=api_openbrewerydb_to_silver_gold/run_id=scheduled__2023-11-21T08:00:00+00:00/task_id=Gold permission to 509: [Errno 1] Operation not permitted: '/opt/***/logs/dag_id=api_openbrewerydb_to_silver_gold/run_id=scheduled__2023-11-21T08:00:00+00:00/task_id=Gold'
[2024-10-24T14:33:08.168+0000] {logging_mixin.py:151} INFO - Changing /opt/***/logs/dag_id=api_openbrewerydb_to_silver_gold/run_id=scheduled__2023-11-21T08:00:00+00:00/task_id=Gold permission to 509
[2024-10-24T14:33:08.169+0000] {logging_mixin.py:151} INFO - Failed to change /opt/***/logs/dag_id=api_openbrewerydb_to_silver_gold/run_id=scheduled__2023-11-21T08:00:00+00:00/task_id=Gold permission to 509: [Errno 1] Operation not permitted: '/opt/***/logs/dag_id=api_openbrewerydb_to_silver_gold/run_id=scheduled__2023-11-21T08:00:00+00:00/task_id=Gold'
[2024-10-24T14:33:08.198+0000] {taskinstance.py:1157} INFO - Dependencies all met for dep_context=non-requeueable deps ti=<TaskInstance: api_openbrewerydb_to_silver_gold.Gold scheduled__2023-11-21T08:00:00+00:00 [queued]>
[2024-10-24T14:33:08.205+0000] {taskinstance.py:1157} INFO - Dependencies all met for dep_context=requeueable deps ti=<TaskInstance: api_openbrewerydb_to_silver_gold.Gold scheduled__2023-11-21T08:00:00+00:00 [queued]>
[2024-10-24T14:33:08.206+0000] {taskinstance.py:1359} INFO - Starting attempt 1 of 2
[2024-10-24T14:33:08.220+0000] {taskinstance.py:1380} INFO - Executing <Task(SparkSubmitOperator): Gold> on 2023-11-21 08:00:00+00:00
[2024-10-24T14:33:08.224+0000] {standard_task_runner.py:57} INFO - Started process 10269 to run task
[2024-10-24T14:33:08.226+0000] {standard_task_runner.py:84} INFO - Running: ['***', 'tasks', 'run', 'api_openbrewerydb_to_silver_gold', 'Gold', 'scheduled__2023-11-21T08:00:00+00:00', '--job-id', '68', '--raw', '--subdir', 'DAGS_FOLDER/api_openbrewerydb_to_silver.py', '--cfg-path', '/tmp/tmpcn_ydvbb']
[2024-10-24T14:33:08.231+0000] {standard_task_runner.py:85} INFO - Job 68: Subtask Gold
[2024-10-24T14:33:08.279+0000] {logging_mixin.py:151} INFO - Changing /opt/***/logs/dag_id=api_openbrewerydb_to_silver_gold/run_id=scheduled__2023-11-21T08:00:00+00:00/task_id=Gold permission to 509
[2024-10-24T14:33:08.279+0000] {logging_mixin.py:151} INFO - Failed to change /opt/***/logs/dag_id=api_openbrewerydb_to_silver_gold/run_id=scheduled__2023-11-21T08:00:00+00:00/task_id=Gold permission to 509: [Errno 1] Operation not permitted: '/opt/***/logs/dag_id=api_openbrewerydb_to_silver_gold/run_id=scheduled__2023-11-21T08:00:00+00:00/task_id=Gold'
[2024-10-24T14:33:08.280+0000] {task_command.py:415} INFO - Running <TaskInstance: api_openbrewerydb_to_silver_gold.Gold scheduled__2023-11-21T08:00:00+00:00 [running]> on host 96f89615839b
[2024-10-24T14:33:08.358+0000] {taskinstance.py:1660} INFO - Exporting env vars: AIRFLOW_CTX_DAG_OWNER='Rodrigo Araujo' AIRFLOW_CTX_DAG_ID='api_openbrewerydb_to_silver_gold' AIRFLOW_CTX_TASK_ID='Gold' AIRFLOW_CTX_EXECUTION_DATE='2023-11-21T08:00:00+00:00' AIRFLOW_CTX_TRY_NUMBER='1' AIRFLOW_CTX_DAG_RUN_ID='scheduled__2023-11-21T08:00:00+00:00'
[2024-10-24T14:33:08.370+0000] {base.py:73} INFO - Using connection ID 'spark-conn' for task execution.
[2024-10-24T14:33:08.370+0000] {spark_submit.py:363} INFO - Spark-Submit cmd: spark-submit --master spark://spark-master:7077 --name arrow-spark jobs/gold/api_openbrewerydb.py
[2024-10-24T14:33:11.200+0000] {spark_submit.py:524} INFO - 24/10/24 14:33:11 INFO SparkContext: Running Spark version 3.5.3
[2024-10-24T14:33:11.202+0000] {spark_submit.py:524} INFO - 24/10/24 14:33:11 INFO SparkContext: OS info Linux, 5.15.0-124-generic, amd64
[2024-10-24T14:33:11.202+0000] {spark_submit.py:524} INFO - 24/10/24 14:33:11 INFO SparkContext: Java version 11.0.25
[2024-10-24T14:33:11.270+0000] {spark_submit.py:524} INFO - 24/10/24 14:33:11 WARN NativeCodeLoader: Unable to load native-hadoop library for your platform... using builtin-java classes where applicable
[2024-10-24T14:33:11.363+0000] {spark_submit.py:524} INFO - 24/10/24 14:33:11 INFO ResourceUtils: ==============================================================
[2024-10-24T14:33:11.364+0000] {spark_submit.py:524} INFO - 24/10/24 14:33:11 INFO ResourceUtils: No custom resources configured for spark.driver.
[2024-10-24T14:33:11.364+0000] {spark_submit.py:524} INFO - 24/10/24 14:33:11 INFO ResourceUtils: ==============================================================
[2024-10-24T14:33:11.364+0000] {spark_submit.py:524} INFO - 24/10/24 14:33:11 INFO SparkContext: Submitted application: IngestaoSilver
[2024-10-24T14:33:11.392+0000] {spark_submit.py:524} INFO - 24/10/24 14:33:11 INFO ResourceProfile: Default ResourceProfile created, executor resources: Map(memory -> name: memory, amount: 1024, script: , vendor: , offHeap -> name: offHeap, amount: 0, script: , vendor: ), task resources: Map(cpus -> name: cpus, amount: 1.0)
[2024-10-24T14:33:11.410+0000] {spark_submit.py:524} INFO - 24/10/24 14:33:11 INFO ResourceProfile: Limiting resource is cpu
[2024-10-24T14:33:11.411+0000] {spark_submit.py:524} INFO - 24/10/24 14:33:11 INFO ResourceProfileManager: Added ResourceProfile id: 0
[2024-10-24T14:33:11.464+0000] {spark_submit.py:524} INFO - 24/10/24 14:33:11 INFO SecurityManager: Changing view acls to: ***
[2024-10-24T14:33:11.465+0000] {spark_submit.py:524} INFO - 24/10/24 14:33:11 INFO SecurityManager: Changing modify acls to: ***
[2024-10-24T14:33:11.465+0000] {spark_submit.py:524} INFO - 24/10/24 14:33:11 INFO SecurityManager: Changing view acls groups to:
[2024-10-24T14:33:11.466+0000] {spark_submit.py:524} INFO - 24/10/24 14:33:11 INFO SecurityManager: Changing modify acls groups to:
[2024-10-24T14:33:11.466+0000] {spark_submit.py:524} INFO - 24/10/24 14:33:11 INFO SecurityManager: SecurityManager: authentication disabled; ui acls disabled; users with view permissions: ***; groups with view permissions: EMPTY; users with modify permissions: ***; groups with modify permissions: EMPTY
[2024-10-24T14:33:11.747+0000] {spark_submit.py:524} INFO - 24/10/24 14:33:11 INFO Utils: Successfully started service 'sparkDriver' on port 46477.
[2024-10-24T14:33:11.774+0000] {spark_submit.py:524} INFO - 24/10/24 14:33:11 INFO SparkEnv: Registering MapOutputTracker
[2024-10-24T14:33:11.808+0000] {spark_submit.py:524} INFO - 24/10/24 14:33:11 INFO SparkEnv: Registering BlockManagerMaster
[2024-10-24T14:33:11.830+0000] {spark_submit.py:524} INFO - 24/10/24 14:33:11 INFO BlockManagerMasterEndpoint: Using org.apache.spark.storage.DefaultTopologyMapper for getting topology information
[2024-10-24T14:33:11.831+0000] {spark_submit.py:524} INFO - 24/10/24 14:33:11 INFO BlockManagerMasterEndpoint: BlockManagerMasterEndpoint up
[2024-10-24T14:33:11.835+0000] {spark_submit.py:524} INFO - 24/10/24 14:33:11 INFO SparkEnv: Registering BlockManagerMasterHeartbeat
[2024-10-24T14:33:11.855+0000] {spark_submit.py:524} INFO - 24/10/24 14:33:11 INFO DiskBlockManager: Created local directory at /tmp/blockmgr-b3326605-8503-4d45-87d1-e3c58a25e517
[2024-10-24T14:33:11.871+0000] {spark_submit.py:524} INFO - 24/10/24 14:33:11 INFO MemoryStore: MemoryStore started with capacity 434.4 MiB
[2024-10-24T14:33:11.888+0000] {spark_submit.py:524} INFO - 24/10/24 14:33:11 INFO SparkEnv: Registering OutputCommitCoordinator
[2024-10-24T14:33:12.043+0000] {spark_submit.py:524} INFO - 24/10/24 14:33:12 INFO JettyUtils: Start Jetty 0.0.0.0:4040 for SparkUI
[2024-10-24T14:33:12.089+0000] {spark_submit.py:524} INFO - 24/10/24 14:33:12 INFO Utils: Successfully started service 'SparkUI' on port 4040.
[2024-10-24T14:33:12.235+0000] {spark_submit.py:524} INFO - 24/10/24 14:33:12 INFO StandaloneAppClient$ClientEndpoint: Connecting to master spark://spark-master:7077...
[2024-10-24T14:33:12.293+0000] {spark_submit.py:524} INFO - 24/10/24 14:33:12 INFO TransportClientFactory: Successfully created connection to spark-master/172.18.0.2:7077 after 36 ms (0 ms spent in bootstraps)
[2024-10-24T14:33:12.406+0000] {spark_submit.py:524} INFO - 24/10/24 14:33:12 INFO StandaloneSchedulerBackend: Connected to Spark cluster with app ID app-20241024143312-0063
[2024-10-24T14:33:12.410+0000] {spark_submit.py:524} INFO - 24/10/24 14:33:12 INFO StandaloneAppClient$ClientEndpoint: Executor added: app-20241024143312-0063/0 on worker-20241024142308-172.18.0.5-43899 (172.18.0.5:43899) with 2 core(s)
[2024-10-24T14:33:12.413+0000] {spark_submit.py:524} INFO - 24/10/24 14:33:12 INFO StandaloneSchedulerBackend: Granted executor ID app-20241024143312-0063/0 on hostPort 172.18.0.5:43899 with 2 core(s), 1024.0 MiB RAM
[2024-10-24T14:33:12.431+0000] {spark_submit.py:524} INFO - 24/10/24 14:33:12 INFO Utils: Successfully started service 'org.apache.spark.network.netty.NettyBlockTransferService' on port 40859.
[2024-10-24T14:33:12.431+0000] {spark_submit.py:524} INFO - 24/10/24 14:33:12 INFO NettyBlockTransferService: Server created on 96f89615839b:40859
[2024-10-24T14:33:12.432+0000] {spark_submit.py:524} INFO - 24/10/24 14:33:12 INFO BlockManager: Using org.apache.spark.storage.RandomBlockReplicationPolicy for block replication policy
[2024-10-24T14:33:12.442+0000] {spark_submit.py:524} INFO - 24/10/24 14:33:12 INFO BlockManagerMaster: Registering BlockManager BlockManagerId(driver, 96f89615839b, 40859, None)
[2024-10-24T14:33:12.447+0000] {spark_submit.py:524} INFO - 24/10/24 14:33:12 INFO BlockManagerMasterEndpoint: Registering block manager 96f89615839b:40859 with 434.4 MiB RAM, BlockManagerId(driver, 96f89615839b, 40859, None)
[2024-10-24T14:33:12.452+0000] {spark_submit.py:524} INFO - 24/10/24 14:33:12 INFO BlockManagerMaster: Registered BlockManager BlockManagerId(driver, 96f89615839b, 40859, None)
[2024-10-24T14:33:12.454+0000] {spark_submit.py:524} INFO - 24/10/24 14:33:12 INFO StandaloneAppClient$ClientEndpoint: Executor updated: app-20241024143312-0063/0 is now RUNNING
[2024-10-24T14:33:12.454+0000] {spark_submit.py:524} INFO - 24/10/24 14:33:12 INFO BlockManager: Initialized BlockManager: BlockManagerId(driver, 96f89615839b, 40859, None)
[2024-10-24T14:33:12.816+0000] {spark_submit.py:524} INFO - 24/10/24 14:33:12 INFO StandaloneSchedulerBackend: SchedulerBackend is ready for scheduling beginning after reached minRegisteredResourcesRatio: 0.0
[2024-10-24T14:33:13.071+0000] {spark_submit.py:524} INFO - Hello from Spark!
[2024-10-24T14:33:13.072+0000] {spark_submit.py:524} INFO - 24/10/24 14:33:13 INFO SparkContext: SparkContext is stopping with exitCode 0.
[2024-10-24T14:33:13.086+0000] {spark_submit.py:524} INFO - 24/10/24 14:33:13 INFO SparkUI: Stopped Spark web UI at http://96f89615839b:4040
[2024-10-24T14:33:13.093+0000] {spark_submit.py:524} INFO - 24/10/24 14:33:13 INFO StandaloneSchedulerBackend: Shutting down all executors
[2024-10-24T14:33:13.099+0000] {spark_submit.py:524} INFO - 24/10/24 14:33:13 INFO StandaloneSchedulerBackend$StandaloneDriverEndpoint: Asking each executor to shut down
[2024-10-24T14:33:13.115+0000] {spark_submit.py:524} INFO - 24/10/24 14:33:13 INFO MapOutputTrackerMasterEndpoint: MapOutputTrackerMasterEndpoint stopped!
[2024-10-24T14:33:13.124+0000] {spark_submit.py:524} INFO - 24/10/24 14:33:13 INFO MemoryStore: MemoryStore cleared
[2024-10-24T14:33:13.124+0000] {spark_submit.py:524} INFO - 24/10/24 14:33:13 INFO BlockManager: BlockManager stopped
[2024-10-24T14:33:13.129+0000] {spark_submit.py:524} INFO - 24/10/24 14:33:13 INFO BlockManagerMaster: BlockManagerMaster stopped
[2024-10-24T14:33:13.130+0000] {spark_submit.py:524} INFO - 24/10/24 14:33:13 INFO OutputCommitCoordinator$OutputCommitCoordinatorEndpoint: OutputCommitCoordinator stopped!
[2024-10-24T14:33:13.139+0000] {spark_submit.py:524} INFO - 24/10/24 14:33:13 INFO SparkContext: Successfully stopped SparkContext
[2024-10-24T14:33:13.424+0000] {spark_submit.py:524} INFO - 24/10/24 14:33:13 INFO ShutdownHookManager: Shutdown hook called
[2024-10-24T14:33:13.425+0000] {spark_submit.py:524} INFO - 24/10/24 14:33:13 INFO ShutdownHookManager: Deleting directory /tmp/spark-57e97813-056d-4c43-b289-128ca5f9e494
[2024-10-24T14:33:13.428+0000] {spark_submit.py:524} INFO - 24/10/24 14:33:13 INFO ShutdownHookManager: Deleting directory /tmp/spark-09ca579f-8ca0-4fb5-b8c7-67d0d0953c7d
[2024-10-24T14:33:13.431+0000] {spark_submit.py:524} INFO - 24/10/24 14:33:13 INFO ShutdownHookManager: Deleting directory /tmp/spark-57e97813-056d-4c43-b289-128ca5f9e494/pyspark-ac54dedc-26e2-481e-9d18-992e03b53fc2
[2024-10-24T14:33:13.505+0000] {taskinstance.py:1398} INFO - Marking task as SUCCESS. dag_id=api_openbrewerydb_to_silver_gold, task_id=Gold, execution_date=20231121T080000, start_date=20241024T143308, end_date=20241024T143313
[2024-10-24T14:33:13.540+0000] {local_task_job_runner.py:228} INFO - Task exited with return code 0
[2024-10-24T14:33:13.565+0000] {taskinstance.py:2776} INFO - 0 downstream tasks scheduled from follow-on schedule check
