[2024-10-24T17:26:03.876+0000] {taskinstance.py:1157} INFO - Dependencies all met for dep_context=non-requeueable deps ti=<TaskInstance: api_openbrewerydb_to_silver_gold.Silver manual__2024-10-24T17:26:02.566807+00:00 [queued]>
[2024-10-24T17:26:03.883+0000] {taskinstance.py:1157} INFO - Dependencies all met for dep_context=requeueable deps ti=<TaskInstance: api_openbrewerydb_to_silver_gold.Silver manual__2024-10-24T17:26:02.566807+00:00 [queued]>
[2024-10-24T17:26:03.883+0000] {taskinstance.py:1359} INFO - Starting attempt 1 of 2
[2024-10-24T17:26:03.894+0000] {taskinstance.py:1380} INFO - Executing <Task(SparkSubmitOperator): Silver> on 2024-10-24 17:26:02.566807+00:00
[2024-10-24T17:26:03.898+0000] {standard_task_runner.py:57} INFO - Started process 2182 to run task
[2024-10-24T17:26:03.900+0000] {standard_task_runner.py:84} INFO - Running: ['***', 'tasks', 'run', 'api_openbrewerydb_to_silver_gold', 'Silver', 'manual__2024-10-24T17:26:02.566807+00:00', '--job-id', '165', '--raw', '--subdir', 'DAGS_FOLDER/api_openbrewerydb_to_silver.py', '--cfg-path', '/tmp/tmp1wni3wm4']
[2024-10-24T17:26:03.905+0000] {standard_task_runner.py:85} INFO - Job 165: Subtask Silver
[2024-10-24T17:26:03.969+0000] {task_command.py:415} INFO - Running <TaskInstance: api_openbrewerydb_to_silver_gold.Silver manual__2024-10-24T17:26:02.566807+00:00 [running]> on host e995fa603d7f
[2024-10-24T17:26:04.055+0000] {taskinstance.py:1660} INFO - Exporting env vars: AIRFLOW_CTX_DAG_OWNER='Rodrigo Araujo' AIRFLOW_CTX_DAG_ID='api_openbrewerydb_to_silver_gold' AIRFLOW_CTX_TASK_ID='Silver' AIRFLOW_CTX_EXECUTION_DATE='2024-10-24T17:26:02.566807+00:00' AIRFLOW_CTX_TRY_NUMBER='1' AIRFLOW_CTX_DAG_RUN_ID='manual__2024-10-24T17:26:02.566807+00:00'
[2024-10-24T17:26:04.066+0000] {base.py:73} INFO - Using connection ID 'spark-conn' for task execution.
[2024-10-24T17:26:04.067+0000] {spark_submit.py:363} INFO - Spark-Submit cmd: spark-submit --master spark://spark-master:7077 --name arrow-spark jobs/silver/api_openbrewerydb.py
[2024-10-24T17:26:06.762+0000] {spark_submit.py:524} INFO - 24/10/24 17:26:06 INFO SparkContext: Running Spark version 3.5.0
[2024-10-24T17:26:06.764+0000] {spark_submit.py:524} INFO - 24/10/24 17:26:06 INFO SparkContext: OS info Linux, 5.15.0-124-generic, amd64
[2024-10-24T17:26:06.764+0000] {spark_submit.py:524} INFO - 24/10/24 17:26:06 INFO SparkContext: Java version 17.0.13
[2024-10-24T17:26:06.815+0000] {spark_submit.py:524} INFO - 24/10/24 17:26:06 WARN NativeCodeLoader: Unable to load native-hadoop library for your platform... using builtin-java classes where applicable
[2024-10-24T17:26:06.895+0000] {spark_submit.py:524} INFO - 24/10/24 17:26:06 INFO ResourceUtils: ==============================================================
[2024-10-24T17:26:06.896+0000] {spark_submit.py:524} INFO - 24/10/24 17:26:06 INFO ResourceUtils: No custom resources configured for spark.driver.
[2024-10-24T17:26:06.897+0000] {spark_submit.py:524} INFO - 24/10/24 17:26:06 INFO ResourceUtils: ==============================================================
[2024-10-24T17:26:06.897+0000] {spark_submit.py:524} INFO - 24/10/24 17:26:06 INFO SparkContext: Submitted application: IngestaoSilver
[2024-10-24T17:26:06.914+0000] {spark_submit.py:524} INFO - 24/10/24 17:26:06 INFO ResourceProfile: Default ResourceProfile created, executor resources: Map(memory -> name: memory, amount: 1024, script: , vendor: , offHeap -> name: offHeap, amount: 0, script: , vendor: ), task resources: Map(cpus -> name: cpus, amount: 1.0)
[2024-10-24T17:26:06.922+0000] {spark_submit.py:524} INFO - 24/10/24 17:26:06 INFO ResourceProfile: Limiting resource is cpu
[2024-10-24T17:26:06.923+0000] {spark_submit.py:524} INFO - 24/10/24 17:26:06 INFO ResourceProfileManager: Added ResourceProfile id: 0
[2024-10-24T17:26:06.972+0000] {spark_submit.py:524} INFO - 24/10/24 17:26:06 INFO SecurityManager: Changing view acls to: ***
[2024-10-24T17:26:06.973+0000] {spark_submit.py:524} INFO - 24/10/24 17:26:06 INFO SecurityManager: Changing modify acls to: ***
[2024-10-24T17:26:06.973+0000] {spark_submit.py:524} INFO - 24/10/24 17:26:06 INFO SecurityManager: Changing view acls groups to:
[2024-10-24T17:26:06.974+0000] {spark_submit.py:524} INFO - 24/10/24 17:26:06 INFO SecurityManager: Changing modify acls groups to:
[2024-10-24T17:26:06.974+0000] {spark_submit.py:524} INFO - 24/10/24 17:26:06 INFO SecurityManager: SecurityManager: authentication disabled; ui acls disabled; users with view permissions: ***; groups with view permissions: EMPTY; users with modify permissions: ***; groups with modify permissions: EMPTY
[2024-10-24T17:26:07.209+0000] {spark_submit.py:524} INFO - 24/10/24 17:26:07 INFO Utils: Successfully started service 'sparkDriver' on port 37359.
[2024-10-24T17:26:07.244+0000] {spark_submit.py:524} INFO - 24/10/24 17:26:07 INFO SparkEnv: Registering MapOutputTracker
[2024-10-24T17:26:07.285+0000] {spark_submit.py:524} INFO - 24/10/24 17:26:07 INFO SparkEnv: Registering BlockManagerMaster
[2024-10-24T17:26:07.309+0000] {spark_submit.py:524} INFO - 24/10/24 17:26:07 INFO BlockManagerMasterEndpoint: Using org.apache.spark.storage.DefaultTopologyMapper for getting topology information
[2024-10-24T17:26:07.309+0000] {spark_submit.py:524} INFO - 24/10/24 17:26:07 INFO BlockManagerMasterEndpoint: BlockManagerMasterEndpoint up
[2024-10-24T17:26:07.313+0000] {spark_submit.py:524} INFO - 24/10/24 17:26:07 INFO SparkEnv: Registering BlockManagerMasterHeartbeat
[2024-10-24T17:26:07.331+0000] {spark_submit.py:524} INFO - 24/10/24 17:26:07 INFO DiskBlockManager: Created local directory at /tmp/blockmgr-1b01781a-85f8-4909-846e-ba1864a092fc
[2024-10-24T17:26:07.345+0000] {spark_submit.py:524} INFO - 24/10/24 17:26:07 INFO MemoryStore: MemoryStore started with capacity 434.4 MiB
[2024-10-24T17:26:07.364+0000] {spark_submit.py:524} INFO - 24/10/24 17:26:07 INFO SparkEnv: Registering OutputCommitCoordinator
[2024-10-24T17:26:07.480+0000] {spark_submit.py:524} INFO - 24/10/24 17:26:07 INFO JettyUtils: Start Jetty 0.0.0.0:4040 for SparkUI
[2024-10-24T17:26:07.525+0000] {spark_submit.py:524} INFO - 24/10/24 17:26:07 INFO Utils: Successfully started service 'SparkUI' on port 4040.
[2024-10-24T17:26:07.625+0000] {spark_submit.py:524} INFO - 24/10/24 17:26:07 INFO StandaloneAppClient$ClientEndpoint: Connecting to master spark://spark-master:7077...
[2024-10-24T17:26:07.665+0000] {spark_submit.py:524} INFO - 24/10/24 17:26:07 INFO TransportClientFactory: Successfully created connection to spark-master/172.18.0.3:7077 after 22 ms (0 ms spent in bootstraps)
[2024-10-24T17:26:07.732+0000] {spark_submit.py:524} INFO - 24/10/24 17:26:07 INFO StandaloneSchedulerBackend: Connected to Spark cluster with app ID app-20241024172607-0008
[2024-10-24T17:26:07.739+0000] {spark_submit.py:524} INFO - 24/10/24 17:26:07 INFO StandaloneAppClient$ClientEndpoint: Executor added: app-20241024172607-0008/0 on worker-20241024170959-172.18.0.5-44329 (172.18.0.5:44329) with 2 core(s)
[2024-10-24T17:26:07.740+0000] {spark_submit.py:524} INFO - 24/10/24 17:26:07 INFO StandaloneSchedulerBackend: Granted executor ID app-20241024172607-0008/0 on hostPort 172.18.0.5:44329 with 2 core(s), 1024.0 MiB RAM
[2024-10-24T17:26:07.740+0000] {spark_submit.py:524} INFO - 24/10/24 17:26:07 INFO Utils: Successfully started service 'org.apache.spark.network.netty.NettyBlockTransferService' on port 46119.
[2024-10-24T17:26:07.740+0000] {spark_submit.py:524} INFO - 24/10/24 17:26:07 INFO NettyBlockTransferService: Server created on e995fa603d7f:46119
[2024-10-24T17:26:07.742+0000] {spark_submit.py:524} INFO - 24/10/24 17:26:07 INFO BlockManager: Using org.apache.spark.storage.RandomBlockReplicationPolicy for block replication policy
[2024-10-24T17:26:07.749+0000] {spark_submit.py:524} INFO - 24/10/24 17:26:07 INFO BlockManagerMaster: Registering BlockManager BlockManagerId(driver, e995fa603d7f, 46119, None)
[2024-10-24T17:26:07.753+0000] {spark_submit.py:524} INFO - 24/10/24 17:26:07 INFO BlockManagerMasterEndpoint: Registering block manager e995fa603d7f:46119 with 434.4 MiB RAM, BlockManagerId(driver, e995fa603d7f, 46119, None)
[2024-10-24T17:26:07.755+0000] {spark_submit.py:524} INFO - 24/10/24 17:26:07 INFO BlockManagerMaster: Registered BlockManager BlockManagerId(driver, e995fa603d7f, 46119, None)
[2024-10-24T17:26:07.758+0000] {spark_submit.py:524} INFO - 24/10/24 17:26:07 INFO BlockManager: Initialized BlockManager: BlockManagerId(driver, e995fa603d7f, 46119, None)
[2024-10-24T17:26:07.771+0000] {spark_submit.py:524} INFO - 24/10/24 17:26:07 INFO StandaloneAppClient$ClientEndpoint: Executor updated: app-20241024172607-0008/0 is now RUNNING
[2024-10-24T17:26:07.999+0000] {spark_submit.py:524} INFO - 24/10/24 17:26:07 INFO StandaloneSchedulerBackend: SchedulerBackend is ready for scheduling beginning after reached minRegisteredResourcesRatio: 0.0
[2024-10-24T17:26:08.236+0000] {spark_submit.py:524} INFO - 24/10/24 17:26:08 INFO SharedState: Setting hive.metastore.warehouse.dir ('null') to the value of spark.sql.warehouse.dir.
[2024-10-24T17:26:08.246+0000] {spark_submit.py:524} INFO - 24/10/24 17:26:08 INFO SharedState: Warehouse path is 'file:/opt/***/spark-warehouse'.
[2024-10-24T17:26:09.457+0000] {spark_submit.py:524} INFO - 24/10/24 17:26:09 INFO InMemoryFileIndex: It took 51 ms to list leaf files for 1 paths.
[2024-10-24T17:26:09.530+0000] {spark_submit.py:524} INFO - 24/10/24 17:26:09 INFO InMemoryFileIndex: It took 3 ms to list leaf files for 1 paths.
[2024-10-24T17:26:10.606+0000] {spark_submit.py:524} INFO - 24/10/24 17:26:10 INFO StandaloneSchedulerBackend$StandaloneDriverEndpoint: Registered executor NettyRpcEndpointRef(spark-client://Executor) (172.18.0.5:55970) with ID 0,  ResourceProfileId 0
[2024-10-24T17:26:10.675+0000] {spark_submit.py:524} INFO - 24/10/24 17:26:10 INFO BlockManagerMasterEndpoint: Registering block manager 172.18.0.5:33725 with 434.4 MiB RAM, BlockManagerId(0, 172.18.0.5, 33725, None)
[2024-10-24T17:26:11.489+0000] {spark_submit.py:524} INFO - 24/10/24 17:26:11 INFO FileSourceStrategy: Pushed Filters:
[2024-10-24T17:26:11.499+0000] {spark_submit.py:524} INFO - 24/10/24 17:26:11 INFO FileSourceStrategy: Post-Scan Filters:
[2024-10-24T17:26:11.667+0000] {spark_submit.py:524} INFO - 24/10/24 17:26:11 INFO MemoryStore: Block broadcast_0 stored as values in memory (estimated size 199.4 KiB, free 434.2 MiB)
[2024-10-24T17:26:11.717+0000] {spark_submit.py:524} INFO - 24/10/24 17:26:11 INFO MemoryStore: Block broadcast_0_piece0 stored as bytes in memory (estimated size 34.2 KiB, free 434.2 MiB)
[2024-10-24T17:26:11.719+0000] {spark_submit.py:524} INFO - 24/10/24 17:26:11 INFO BlockManagerInfo: Added broadcast_0_piece0 in memory on e995fa603d7f:46119 (size: 34.2 KiB, free: 434.4 MiB)
[2024-10-24T17:26:11.727+0000] {spark_submit.py:524} INFO - 24/10/24 17:26:11 INFO SparkContext: Created broadcast 0 from json at NativeMethodAccessorImpl.java:0
[2024-10-24T17:26:11.738+0000] {spark_submit.py:524} INFO - 24/10/24 17:26:11 INFO FileSourceScanExec: Planning scan with bin packing, max size: 4194304 bytes, open cost is considered as scanning 4194304 bytes.
[2024-10-24T17:26:11.836+0000] {spark_submit.py:524} INFO - 24/10/24 17:26:11 INFO SparkContext: Starting job: json at NativeMethodAccessorImpl.java:0
[2024-10-24T17:26:11.850+0000] {spark_submit.py:524} INFO - 24/10/24 17:26:11 INFO DAGScheduler: Got job 0 (json at NativeMethodAccessorImpl.java:0) with 1 output partitions
[2024-10-24T17:26:11.850+0000] {spark_submit.py:524} INFO - 24/10/24 17:26:11 INFO DAGScheduler: Final stage: ResultStage 0 (json at NativeMethodAccessorImpl.java:0)
[2024-10-24T17:26:11.850+0000] {spark_submit.py:524} INFO - 24/10/24 17:26:11 INFO DAGScheduler: Parents of final stage: List()
[2024-10-24T17:26:11.852+0000] {spark_submit.py:524} INFO - 24/10/24 17:26:11 INFO DAGScheduler: Missing parents: List()
[2024-10-24T17:26:11.856+0000] {spark_submit.py:524} INFO - 24/10/24 17:26:11 INFO DAGScheduler: Submitting ResultStage 0 (MapPartitionsRDD[3] at json at NativeMethodAccessorImpl.java:0), which has no missing parents
[2024-10-24T17:26:11.912+0000] {spark_submit.py:524} INFO - 24/10/24 17:26:11 INFO MemoryStore: Block broadcast_1 stored as values in memory (estimated size 16.1 KiB, free 434.2 MiB)
[2024-10-24T17:26:11.917+0000] {spark_submit.py:524} INFO - 24/10/24 17:26:11 INFO MemoryStore: Block broadcast_1_piece0 stored as bytes in memory (estimated size 7.6 KiB, free 434.1 MiB)
[2024-10-24T17:26:11.917+0000] {spark_submit.py:524} INFO - 24/10/24 17:26:11 INFO BlockManagerInfo: Added broadcast_1_piece0 in memory on e995fa603d7f:46119 (size: 7.6 KiB, free: 434.4 MiB)
[2024-10-24T17:26:11.918+0000] {spark_submit.py:524} INFO - 24/10/24 17:26:11 INFO SparkContext: Created broadcast 1 from broadcast at DAGScheduler.scala:1580
[2024-10-24T17:26:11.936+0000] {spark_submit.py:524} INFO - 24/10/24 17:26:11 INFO DAGScheduler: Submitting 1 missing tasks from ResultStage 0 (MapPartitionsRDD[3] at json at NativeMethodAccessorImpl.java:0) (first 15 tasks are for partitions Vector(0))
[2024-10-24T17:26:11.937+0000] {spark_submit.py:524} INFO - 24/10/24 17:26:11 INFO TaskSchedulerImpl: Adding task set 0.0 with 1 tasks resource profile 0
[2024-10-24T17:26:11.994+0000] {spark_submit.py:524} INFO - 24/10/24 17:26:11 INFO TaskSetManager: Starting task 0.0 in stage 0.0 (TID 0) (172.18.0.5, executor 0, partition 0, PROCESS_LOCAL, 8252 bytes)
[2024-10-24T17:26:12.230+0000] {spark_submit.py:524} INFO - 24/10/24 17:26:12 INFO BlockManagerInfo: Added broadcast_1_piece0 in memory on 172.18.0.5:33725 (size: 7.6 KiB, free: 434.4 MiB)
[2024-10-24T17:26:12.834+0000] {spark_submit.py:524} INFO - 24/10/24 17:26:12 INFO BlockManagerInfo: Added broadcast_0_piece0 in memory on 172.18.0.5:33725 (size: 34.2 KiB, free: 434.4 MiB)
[2024-10-24T17:26:13.028+0000] {spark_submit.py:524} INFO - 24/10/24 17:26:13 INFO TaskSetManager: Finished task 0.0 in stage 0.0 (TID 0) in 1051 ms on 172.18.0.5 (executor 0) (1/1)
[2024-10-24T17:26:13.030+0000] {spark_submit.py:524} INFO - 24/10/24 17:26:13 INFO TaskSchedulerImpl: Removed TaskSet 0.0, whose tasks have all completed, from pool
[2024-10-24T17:26:13.033+0000] {spark_submit.py:524} INFO - 24/10/24 17:26:13 INFO DAGScheduler: ResultStage 0 (json at NativeMethodAccessorImpl.java:0) finished in 1.166 s
[2024-10-24T17:26:13.036+0000] {spark_submit.py:524} INFO - 24/10/24 17:26:13 INFO DAGScheduler: Job 0 is finished. Cancelling potential speculative or zombie tasks for this job
[2024-10-24T17:26:13.036+0000] {spark_submit.py:524} INFO - 24/10/24 17:26:13 INFO TaskSchedulerImpl: Killing all running tasks in stage 0: Stage finished
[2024-10-24T17:26:13.039+0000] {spark_submit.py:524} INFO - 24/10/24 17:26:13 INFO DAGScheduler: Job 0 finished: json at NativeMethodAccessorImpl.java:0, took 1.202217 s
[2024-10-24T17:26:13.060+0000] {spark_submit.py:524} INFO - Leitura realizada com sucesso!
[2024-10-24T17:26:13.155+0000] {spark_submit.py:524} INFO - 24/10/24 17:26:13 INFO FileSourceStrategy: Pushed Filters:
[2024-10-24T17:26:13.156+0000] {spark_submit.py:524} INFO - 24/10/24 17:26:13 INFO FileSourceStrategy: Post-Scan Filters:
[2024-10-24T17:26:13.394+0000] {spark_submit.py:524} INFO - 24/10/24 17:26:13 INFO BlockManagerInfo: Removed broadcast_1_piece0 on e995fa603d7f:46119 in memory (size: 7.6 KiB, free: 434.4 MiB)
[2024-10-24T17:26:13.403+0000] {spark_submit.py:524} INFO - 24/10/24 17:26:13 INFO BlockManagerInfo: Removed broadcast_1_piece0 on 172.18.0.5:33725 in memory (size: 7.6 KiB, free: 434.4 MiB)
[2024-10-24T17:26:13.488+0000] {spark_submit.py:524} INFO - 24/10/24 17:26:13 INFO CodeGenerator: Code generated in 199.99858 ms
[2024-10-24T17:26:13.494+0000] {spark_submit.py:524} INFO - 24/10/24 17:26:13 INFO MemoryStore: Block broadcast_2 stored as values in memory (estimated size 199.3 KiB, free 434.0 MiB)
[2024-10-24T17:26:13.516+0000] {spark_submit.py:524} INFO - 24/10/24 17:26:13 INFO MemoryStore: Block broadcast_2_piece0 stored as bytes in memory (estimated size 34.2 KiB, free 433.9 MiB)
[2024-10-24T17:26:13.517+0000] {spark_submit.py:524} INFO - 24/10/24 17:26:13 INFO BlockManagerInfo: Added broadcast_2_piece0 in memory on e995fa603d7f:46119 (size: 34.2 KiB, free: 434.3 MiB)
[2024-10-24T17:26:13.518+0000] {spark_submit.py:524} INFO - 24/10/24 17:26:13 INFO SparkContext: Created broadcast 2 from count at NativeMethodAccessorImpl.java:0
[2024-10-24T17:26:13.522+0000] {spark_submit.py:524} INFO - 24/10/24 17:26:13 INFO FileSourceScanExec: Planning scan with bin packing, max size: 4194304 bytes, open cost is considered as scanning 4194304 bytes.
[2024-10-24T17:26:13.550+0000] {spark_submit.py:524} INFO - 24/10/24 17:26:13 INFO DAGScheduler: Registering RDD 7 (count at NativeMethodAccessorImpl.java:0) as input to shuffle 0
[2024-10-24T17:26:13.554+0000] {spark_submit.py:524} INFO - 24/10/24 17:26:13 INFO DAGScheduler: Got map stage job 1 (count at NativeMethodAccessorImpl.java:0) with 1 output partitions
[2024-10-24T17:26:13.555+0000] {spark_submit.py:524} INFO - 24/10/24 17:26:13 INFO DAGScheduler: Final stage: ShuffleMapStage 1 (count at NativeMethodAccessorImpl.java:0)
[2024-10-24T17:26:13.555+0000] {spark_submit.py:524} INFO - 24/10/24 17:26:13 INFO DAGScheduler: Parents of final stage: List()
[2024-10-24T17:26:13.555+0000] {spark_submit.py:524} INFO - 24/10/24 17:26:13 INFO DAGScheduler: Missing parents: List()
[2024-10-24T17:26:13.556+0000] {spark_submit.py:524} INFO - 24/10/24 17:26:13 INFO DAGScheduler: Submitting ShuffleMapStage 1 (MapPartitionsRDD[7] at count at NativeMethodAccessorImpl.java:0), which has no missing parents
[2024-10-24T17:26:13.569+0000] {spark_submit.py:524} INFO - 24/10/24 17:26:13 INFO MemoryStore: Block broadcast_3 stored as values in memory (estimated size 17.0 KiB, free 433.9 MiB)
[2024-10-24T17:26:13.574+0000] {spark_submit.py:524} INFO - 24/10/24 17:26:13 INFO MemoryStore: Block broadcast_3_piece0 stored as bytes in memory (estimated size 8.3 KiB, free 433.9 MiB)
[2024-10-24T17:26:13.574+0000] {spark_submit.py:524} INFO - 24/10/24 17:26:13 INFO BlockManagerInfo: Added broadcast_3_piece0 in memory on e995fa603d7f:46119 (size: 8.3 KiB, free: 434.3 MiB)
[2024-10-24T17:26:13.575+0000] {spark_submit.py:524} INFO - 24/10/24 17:26:13 INFO SparkContext: Created broadcast 3 from broadcast at DAGScheduler.scala:1580
[2024-10-24T17:26:13.577+0000] {spark_submit.py:524} INFO - 24/10/24 17:26:13 INFO DAGScheduler: Submitting 1 missing tasks from ShuffleMapStage 1 (MapPartitionsRDD[7] at count at NativeMethodAccessorImpl.java:0) (first 15 tasks are for partitions Vector(0))
[2024-10-24T17:26:13.578+0000] {spark_submit.py:524} INFO - 24/10/24 17:26:13 INFO TaskSchedulerImpl: Adding task set 1.0 with 1 tasks resource profile 0
[2024-10-24T17:26:13.580+0000] {spark_submit.py:524} INFO - 24/10/24 17:26:13 INFO TaskSetManager: Starting task 0.0 in stage 1.0 (TID 1) (172.18.0.5, executor 0, partition 0, PROCESS_LOCAL, 8241 bytes)
[2024-10-24T17:26:13.607+0000] {spark_submit.py:524} INFO - 24/10/24 17:26:13 INFO BlockManagerInfo: Removed broadcast_0_piece0 on e995fa603d7f:46119 in memory (size: 34.2 KiB, free: 434.4 MiB)
[2024-10-24T17:26:13.616+0000] {spark_submit.py:524} INFO - 24/10/24 17:26:13 INFO BlockManagerInfo: Removed broadcast_0_piece0 on 172.18.0.5:33725 in memory (size: 34.2 KiB, free: 434.4 MiB)
[2024-10-24T17:26:13.619+0000] {spark_submit.py:524} INFO - 24/10/24 17:26:13 INFO BlockManagerInfo: Added broadcast_3_piece0 in memory on 172.18.0.5:33725 (size: 8.3 KiB, free: 434.4 MiB)
[2024-10-24T17:26:13.711+0000] {spark_submit.py:524} INFO - 24/10/24 17:26:13 INFO BlockManagerInfo: Added broadcast_2_piece0 in memory on 172.18.0.5:33725 (size: 34.2 KiB, free: 434.4 MiB)
[2024-10-24T17:26:13.788+0000] {spark_submit.py:524} INFO - 24/10/24 17:26:13 INFO TaskSetManager: Finished task 0.0 in stage 1.0 (TID 1) in 209 ms on 172.18.0.5 (executor 0) (1/1)
[2024-10-24T17:26:13.788+0000] {spark_submit.py:524} INFO - 24/10/24 17:26:13 INFO TaskSchedulerImpl: Removed TaskSet 1.0, whose tasks have all completed, from pool
[2024-10-24T17:26:13.790+0000] {spark_submit.py:524} INFO - 24/10/24 17:26:13 INFO DAGScheduler: ShuffleMapStage 1 (count at NativeMethodAccessorImpl.java:0) finished in 0.230 s
[2024-10-24T17:26:13.790+0000] {spark_submit.py:524} INFO - 24/10/24 17:26:13 INFO DAGScheduler: looking for newly runnable stages
[2024-10-24T17:26:13.791+0000] {spark_submit.py:524} INFO - 24/10/24 17:26:13 INFO DAGScheduler: running: Set()
[2024-10-24T17:26:13.791+0000] {spark_submit.py:524} INFO - 24/10/24 17:26:13 INFO DAGScheduler: waiting: Set()
[2024-10-24T17:26:13.791+0000] {spark_submit.py:524} INFO - 24/10/24 17:26:13 INFO DAGScheduler: failed: Set()
[2024-10-24T17:26:13.837+0000] {spark_submit.py:524} INFO - 24/10/24 17:26:13 INFO CodeGenerator: Code generated in 16.909561 ms
[2024-10-24T17:26:13.864+0000] {spark_submit.py:524} INFO - 24/10/24 17:26:13 INFO SparkContext: Starting job: count at NativeMethodAccessorImpl.java:0
[2024-10-24T17:26:13.866+0000] {spark_submit.py:524} INFO - 24/10/24 17:26:13 INFO DAGScheduler: Got job 2 (count at NativeMethodAccessorImpl.java:0) with 1 output partitions
[2024-10-24T17:26:13.866+0000] {spark_submit.py:524} INFO - 24/10/24 17:26:13 INFO DAGScheduler: Final stage: ResultStage 3 (count at NativeMethodAccessorImpl.java:0)
[2024-10-24T17:26:13.866+0000] {spark_submit.py:524} INFO - 24/10/24 17:26:13 INFO DAGScheduler: Parents of final stage: List(ShuffleMapStage 2)
[2024-10-24T17:26:13.866+0000] {spark_submit.py:524} INFO - 24/10/24 17:26:13 INFO DAGScheduler: Missing parents: List()
[2024-10-24T17:26:13.867+0000] {spark_submit.py:524} INFO - 24/10/24 17:26:13 INFO DAGScheduler: Submitting ResultStage 3 (MapPartitionsRDD[10] at count at NativeMethodAccessorImpl.java:0), which has no missing parents
[2024-10-24T17:26:13.873+0000] {spark_submit.py:524} INFO - 24/10/24 17:26:13 INFO MemoryStore: Block broadcast_4 stored as values in memory (estimated size 12.5 KiB, free 434.1 MiB)
[2024-10-24T17:26:13.877+0000] {spark_submit.py:524} INFO - 24/10/24 17:26:13 INFO MemoryStore: Block broadcast_4_piece0 stored as bytes in memory (estimated size 5.9 KiB, free 434.1 MiB)
[2024-10-24T17:26:13.878+0000] {spark_submit.py:524} INFO - 24/10/24 17:26:13 INFO BlockManagerInfo: Added broadcast_4_piece0 in memory on e995fa603d7f:46119 (size: 5.9 KiB, free: 434.4 MiB)
[2024-10-24T17:26:13.879+0000] {spark_submit.py:524} INFO - 24/10/24 17:26:13 INFO BlockManagerInfo: Removed broadcast_3_piece0 on e995fa603d7f:46119 in memory (size: 8.3 KiB, free: 434.4 MiB)
[2024-10-24T17:26:13.881+0000] {spark_submit.py:524} INFO - 24/10/24 17:26:13 INFO SparkContext: Created broadcast 4 from broadcast at DAGScheduler.scala:1580
[2024-10-24T17:26:13.881+0000] {spark_submit.py:524} INFO - 24/10/24 17:26:13 INFO DAGScheduler: Submitting 1 missing tasks from ResultStage 3 (MapPartitionsRDD[10] at count at NativeMethodAccessorImpl.java:0) (first 15 tasks are for partitions Vector(0))
[2024-10-24T17:26:13.881+0000] {spark_submit.py:524} INFO - 24/10/24 17:26:13 INFO TaskSchedulerImpl: Adding task set 3.0 with 1 tasks resource profile 0
[2024-10-24T17:26:13.882+0000] {spark_submit.py:524} INFO - 24/10/24 17:26:13 INFO BlockManagerInfo: Removed broadcast_3_piece0 on 172.18.0.5:33725 in memory (size: 8.3 KiB, free: 434.4 MiB)
[2024-10-24T17:26:13.890+0000] {spark_submit.py:524} INFO - 24/10/24 17:26:13 INFO TaskSetManager: Starting task 0.0 in stage 3.0 (TID 2) (172.18.0.5, executor 0, partition 0, NODE_LOCAL, 7619 bytes)
[2024-10-24T17:26:13.911+0000] {spark_submit.py:524} INFO - 24/10/24 17:26:13 INFO BlockManagerInfo: Added broadcast_4_piece0 in memory on 172.18.0.5:33725 (size: 5.9 KiB, free: 434.4 MiB)
[2024-10-24T17:26:13.937+0000] {spark_submit.py:524} INFO - 24/10/24 17:26:13 INFO MapOutputTrackerMasterEndpoint: Asked to send map output locations for shuffle 0 to 172.18.0.5:55970
[2024-10-24T17:26:14.072+0000] {spark_submit.py:524} INFO - 24/10/24 17:26:14 INFO TaskSetManager: Finished task 0.0 in stage 3.0 (TID 2) in 184 ms on 172.18.0.5 (executor 0) (1/1)
[2024-10-24T17:26:14.073+0000] {spark_submit.py:524} INFO - 24/10/24 17:26:14 INFO TaskSchedulerImpl: Removed TaskSet 3.0, whose tasks have all completed, from pool
[2024-10-24T17:26:14.074+0000] {spark_submit.py:524} INFO - 24/10/24 17:26:14 INFO DAGScheduler: ResultStage 3 (count at NativeMethodAccessorImpl.java:0) finished in 0.201 s
[2024-10-24T17:26:14.074+0000] {spark_submit.py:524} INFO - 24/10/24 17:26:14 INFO DAGScheduler: Job 2 is finished. Cancelling potential speculative or zombie tasks for this job
[2024-10-24T17:26:14.074+0000] {spark_submit.py:524} INFO - 24/10/24 17:26:14 INFO TaskSchedulerImpl: Killing all running tasks in stage 3: Stage finished
[2024-10-24T17:26:14.075+0000] {spark_submit.py:524} INFO - 24/10/24 17:26:14 INFO DAGScheduler: Job 2 finished: count at NativeMethodAccessorImpl.java:0, took 0.210825 s
[2024-10-24T17:26:14.108+0000] {spark_submit.py:524} INFO - 24/10/24 17:26:14 INFO FileSourceStrategy: Pushed Filters:
[2024-10-24T17:26:14.108+0000] {spark_submit.py:524} INFO - 24/10/24 17:26:14 INFO FileSourceStrategy: Post-Scan Filters:
[2024-10-24T17:26:14.126+0000] {spark_submit.py:524} INFO - 24/10/24 17:26:14 INFO MemoryStore: Block broadcast_5 stored as values in memory (estimated size 199.3 KiB, free 434.0 MiB)
[2024-10-24T17:26:14.136+0000] {spark_submit.py:524} INFO - 24/10/24 17:26:14 INFO BlockManagerInfo: Removed broadcast_4_piece0 on e995fa603d7f:46119 in memory (size: 5.9 KiB, free: 434.4 MiB)
[2024-10-24T17:26:14.139+0000] {spark_submit.py:524} INFO - 24/10/24 17:26:14 INFO BlockManagerInfo: Removed broadcast_4_piece0 on 172.18.0.5:33725 in memory (size: 5.9 KiB, free: 434.4 MiB)
[2024-10-24T17:26:14.141+0000] {spark_submit.py:524} INFO - 24/10/24 17:26:14 INFO MemoryStore: Block broadcast_5_piece0 stored as bytes in memory (estimated size 34.2 KiB, free 433.9 MiB)
[2024-10-24T17:26:14.141+0000] {spark_submit.py:524} INFO - 24/10/24 17:26:14 INFO BlockManagerInfo: Added broadcast_5_piece0 in memory on e995fa603d7f:46119 (size: 34.2 KiB, free: 434.3 MiB)
[2024-10-24T17:26:14.143+0000] {spark_submit.py:524} INFO - 24/10/24 17:26:14 INFO SparkContext: Created broadcast 5 from count at NativeMethodAccessorImpl.java:0
[2024-10-24T17:26:14.143+0000] {spark_submit.py:524} INFO - 24/10/24 17:26:14 INFO FileSourceScanExec: Planning scan with bin packing, max size: 4194304 bytes, open cost is considered as scanning 4194304 bytes.
[2024-10-24T17:26:14.152+0000] {spark_submit.py:524} INFO - 24/10/24 17:26:14 INFO DAGScheduler: Registering RDD 14 (count at NativeMethodAccessorImpl.java:0) as input to shuffle 1
[2024-10-24T17:26:14.153+0000] {spark_submit.py:524} INFO - 24/10/24 17:26:14 INFO DAGScheduler: Got map stage job 3 (count at NativeMethodAccessorImpl.java:0) with 1 output partitions
[2024-10-24T17:26:14.153+0000] {spark_submit.py:524} INFO - 24/10/24 17:26:14 INFO DAGScheduler: Final stage: ShuffleMapStage 4 (count at NativeMethodAccessorImpl.java:0)
[2024-10-24T17:26:14.153+0000] {spark_submit.py:524} INFO - 24/10/24 17:26:14 INFO DAGScheduler: Parents of final stage: List()
[2024-10-24T17:26:14.153+0000] {spark_submit.py:524} INFO - 24/10/24 17:26:14 INFO DAGScheduler: Missing parents: List()
[2024-10-24T17:26:14.155+0000] {spark_submit.py:524} INFO - 24/10/24 17:26:14 INFO DAGScheduler: Submitting ShuffleMapStage 4 (MapPartitionsRDD[14] at count at NativeMethodAccessorImpl.java:0), which has no missing parents
[2024-10-24T17:26:14.157+0000] {spark_submit.py:524} INFO - 24/10/24 17:26:14 INFO MemoryStore: Block broadcast_6 stored as values in memory (estimated size 17.0 KiB, free 433.9 MiB)
[2024-10-24T17:26:14.159+0000] {spark_submit.py:524} INFO - 24/10/24 17:26:14 INFO MemoryStore: Block broadcast_6_piece0 stored as bytes in memory (estimated size 8.3 KiB, free 433.9 MiB)
[2024-10-24T17:26:14.160+0000] {spark_submit.py:524} INFO - 24/10/24 17:26:14 INFO BlockManagerInfo: Added broadcast_6_piece0 in memory on e995fa603d7f:46119 (size: 8.3 KiB, free: 434.3 MiB)
[2024-10-24T17:26:14.161+0000] {spark_submit.py:524} INFO - 24/10/24 17:26:14 INFO SparkContext: Created broadcast 6 from broadcast at DAGScheduler.scala:1580
[2024-10-24T17:26:14.161+0000] {spark_submit.py:524} INFO - 24/10/24 17:26:14 INFO DAGScheduler: Submitting 1 missing tasks from ShuffleMapStage 4 (MapPartitionsRDD[14] at count at NativeMethodAccessorImpl.java:0) (first 15 tasks are for partitions Vector(0))
[2024-10-24T17:26:14.162+0000] {spark_submit.py:524} INFO - 24/10/24 17:26:14 INFO TaskSchedulerImpl: Adding task set 4.0 with 1 tasks resource profile 0
[2024-10-24T17:26:14.163+0000] {spark_submit.py:524} INFO - 24/10/24 17:26:14 INFO TaskSetManager: Starting task 0.0 in stage 4.0 (TID 3) (172.18.0.5, executor 0, partition 0, PROCESS_LOCAL, 8241 bytes)
[2024-10-24T17:26:14.190+0000] {spark_submit.py:524} INFO - 24/10/24 17:26:14 INFO BlockManagerInfo: Added broadcast_6_piece0 in memory on 172.18.0.5:33725 (size: 8.3 KiB, free: 434.4 MiB)
[2024-10-24T17:26:14.207+0000] {spark_submit.py:524} INFO - 24/10/24 17:26:14 INFO BlockManagerInfo: Added broadcast_5_piece0 in memory on 172.18.0.5:33725 (size: 34.2 KiB, free: 434.3 MiB)
[2024-10-24T17:26:14.250+0000] {spark_submit.py:524} INFO - 24/10/24 17:26:14 INFO TaskSetManager: Finished task 0.0 in stage 4.0 (TID 3) in 87 ms on 172.18.0.5 (executor 0) (1/1)
[2024-10-24T17:26:14.250+0000] {spark_submit.py:524} INFO - 24/10/24 17:26:14 INFO TaskSchedulerImpl: Removed TaskSet 4.0, whose tasks have all completed, from pool
[2024-10-24T17:26:14.251+0000] {spark_submit.py:524} INFO - 24/10/24 17:26:14 INFO DAGScheduler: ShuffleMapStage 4 (count at NativeMethodAccessorImpl.java:0) finished in 0.096 s
[2024-10-24T17:26:14.251+0000] {spark_submit.py:524} INFO - 24/10/24 17:26:14 INFO DAGScheduler: looking for newly runnable stages
[2024-10-24T17:26:14.252+0000] {spark_submit.py:524} INFO - 24/10/24 17:26:14 INFO DAGScheduler: running: Set()
[2024-10-24T17:26:14.252+0000] {spark_submit.py:524} INFO - 24/10/24 17:26:14 INFO DAGScheduler: waiting: Set()
[2024-10-24T17:26:14.252+0000] {spark_submit.py:524} INFO - 24/10/24 17:26:14 INFO DAGScheduler: failed: Set()
[2024-10-24T17:26:14.276+0000] {spark_submit.py:524} INFO - 24/10/24 17:26:14 INFO SparkContext: Starting job: count at NativeMethodAccessorImpl.java:0
[2024-10-24T17:26:14.277+0000] {spark_submit.py:524} INFO - 24/10/24 17:26:14 INFO DAGScheduler: Got job 4 (count at NativeMethodAccessorImpl.java:0) with 1 output partitions
[2024-10-24T17:26:14.277+0000] {spark_submit.py:524} INFO - 24/10/24 17:26:14 INFO DAGScheduler: Final stage: ResultStage 6 (count at NativeMethodAccessorImpl.java:0)
[2024-10-24T17:26:14.277+0000] {spark_submit.py:524} INFO - 24/10/24 17:26:14 INFO DAGScheduler: Parents of final stage: List(ShuffleMapStage 5)
[2024-10-24T17:26:14.277+0000] {spark_submit.py:524} INFO - 24/10/24 17:26:14 INFO DAGScheduler: Missing parents: List()
[2024-10-24T17:26:14.278+0000] {spark_submit.py:524} INFO - 24/10/24 17:26:14 INFO DAGScheduler: Submitting ResultStage 6 (MapPartitionsRDD[17] at count at NativeMethodAccessorImpl.java:0), which has no missing parents
[2024-10-24T17:26:14.280+0000] {spark_submit.py:524} INFO - 24/10/24 17:26:14 INFO MemoryStore: Block broadcast_7 stored as values in memory (estimated size 12.5 KiB, free 433.9 MiB)
[2024-10-24T17:26:14.285+0000] {spark_submit.py:524} INFO - 24/10/24 17:26:14 INFO MemoryStore: Block broadcast_7_piece0 stored as bytes in memory (estimated size 5.9 KiB, free 433.9 MiB)
[2024-10-24T17:26:14.286+0000] {spark_submit.py:524} INFO - 24/10/24 17:26:14 INFO BlockManagerInfo: Added broadcast_7_piece0 in memory on e995fa603d7f:46119 (size: 5.9 KiB, free: 434.3 MiB)
[2024-10-24T17:26:14.286+0000] {spark_submit.py:524} INFO - 24/10/24 17:26:14 INFO BlockManagerInfo: Removed broadcast_6_piece0 on e995fa603d7f:46119 in memory (size: 8.3 KiB, free: 434.3 MiB)
[2024-10-24T17:26:14.288+0000] {spark_submit.py:524} INFO - 24/10/24 17:26:14 INFO SparkContext: Created broadcast 7 from broadcast at DAGScheduler.scala:1580
[2024-10-24T17:26:14.288+0000] {spark_submit.py:524} INFO - 24/10/24 17:26:14 INFO DAGScheduler: Submitting 1 missing tasks from ResultStage 6 (MapPartitionsRDD[17] at count at NativeMethodAccessorImpl.java:0) (first 15 tasks are for partitions Vector(0))
[2024-10-24T17:26:14.289+0000] {spark_submit.py:524} INFO - 24/10/24 17:26:14 INFO TaskSchedulerImpl: Adding task set 6.0 with 1 tasks resource profile 0
[2024-10-24T17:26:14.290+0000] {spark_submit.py:524} INFO - 24/10/24 17:26:14 INFO TaskSetManager: Starting task 0.0 in stage 6.0 (TID 4) (172.18.0.5, executor 0, partition 0, NODE_LOCAL, 7619 bytes)
[2024-10-24T17:26:14.293+0000] {spark_submit.py:524} INFO - 24/10/24 17:26:14 INFO BlockManagerInfo: Removed broadcast_6_piece0 on 172.18.0.5:33725 in memory (size: 8.3 KiB, free: 434.3 MiB)
[2024-10-24T17:26:14.309+0000] {spark_submit.py:524} INFO - 24/10/24 17:26:14 INFO BlockManagerInfo: Added broadcast_7_piece0 in memory on 172.18.0.5:33725 (size: 5.9 KiB, free: 434.3 MiB)
[2024-10-24T17:26:14.316+0000] {spark_submit.py:524} INFO - 24/10/24 17:26:14 INFO MapOutputTrackerMasterEndpoint: Asked to send map output locations for shuffle 1 to 172.18.0.5:55970
[2024-10-24T17:26:14.346+0000] {spark_submit.py:524} INFO - 24/10/24 17:26:14 INFO TaskSetManager: Finished task 0.0 in stage 6.0 (TID 4) in 49 ms on 172.18.0.5 (executor 0) (1/1)
[2024-10-24T17:26:14.346+0000] {spark_submit.py:524} INFO - 24/10/24 17:26:14 INFO TaskSchedulerImpl: Removed TaskSet 6.0, whose tasks have all completed, from pool
[2024-10-24T17:26:14.347+0000] {spark_submit.py:524} INFO - 24/10/24 17:26:14 INFO DAGScheduler: ResultStage 6 (count at NativeMethodAccessorImpl.java:0) finished in 0.063 s
[2024-10-24T17:26:14.347+0000] {spark_submit.py:524} INFO - 24/10/24 17:26:14 INFO DAGScheduler: Job 4 is finished. Cancelling potential speculative or zombie tasks for this job
[2024-10-24T17:26:14.347+0000] {spark_submit.py:524} INFO - 24/10/24 17:26:14 INFO TaskSchedulerImpl: Killing all running tasks in stage 6: Stage finished
[2024-10-24T17:26:14.347+0000] {spark_submit.py:524} INFO - 24/10/24 17:26:14 INFO DAGScheduler: Job 4 finished: count at NativeMethodAccessorImpl.java:0, took 0.068882 s
[2024-10-24T17:26:14.347+0000] {spark_submit.py:524} INFO - Quantidade:  50
[2024-10-24T17:26:14.431+0000] {spark_submit.py:524} INFO - 24/10/24 17:26:14 INFO FileSourceStrategy: Pushed Filters:
[2024-10-24T17:26:14.431+0000] {spark_submit.py:524} INFO - 24/10/24 17:26:14 INFO FileSourceStrategy: Post-Scan Filters:
[2024-10-24T17:26:14.454+0000] {spark_submit.py:524} INFO - 24/10/24 17:26:14 WARN FileUtil: Failed to delete file or dir [/opt/***/data-lake/silver/openbrewerydb/_temporary/0/task_202410241723472642475464416211920_0007_m_000000/country=United States/state=Virginia/.part-00000-ece58a23-7692-45d6-99e8-1a35338d262c.c000.snappy.parquet.crc]: it still exists.
[2024-10-24T17:26:14.454+0000] {spark_submit.py:524} INFO - 24/10/24 17:26:14 WARN FileUtil: Failed to delete file or dir [/opt/***/data-lake/silver/openbrewerydb/_temporary/0/task_202410241723472642475464416211920_0007_m_000000/country=United States/state=Virginia/part-00000-ece58a23-7692-45d6-99e8-1a35338d262c.c000.snappy.parquet]: it still exists.
[2024-10-24T17:26:14.454+0000] {spark_submit.py:524} INFO - 24/10/24 17:26:14 WARN FileUtil: Failed to delete file or dir [/opt/***/data-lake/silver/openbrewerydb/_temporary/0/task_202410241723472642475464416211920_0007_m_000000/country=United States/state=Illinois/.part-00000-ece58a23-7692-45d6-99e8-1a35338d262c.c000.snappy.parquet.crc]: it still exists.
[2024-10-24T17:26:14.454+0000] {spark_submit.py:524} INFO - 24/10/24 17:26:14 WARN FileUtil: Failed to delete file or dir [/opt/***/data-lake/silver/openbrewerydb/_temporary/0/task_202410241723472642475464416211920_0007_m_000000/country=United States/state=Illinois/part-00000-ece58a23-7692-45d6-99e8-1a35338d262c.c000.snappy.parquet]: it still exists.
[2024-10-24T17:26:14.454+0000] {spark_submit.py:524} INFO - 24/10/24 17:26:14 WARN FileUtil: Failed to delete file or dir [/opt/***/data-lake/silver/openbrewerydb/_temporary/0/task_202410241723472642475464416211920_0007_m_000000/country=United States/state=Vermont/.part-00000-ece58a23-7692-45d6-99e8-1a35338d262c.c000.snappy.parquet.crc]: it still exists.
[2024-10-24T17:26:14.455+0000] {spark_submit.py:524} INFO - 24/10/24 17:26:14 WARN FileUtil: Failed to delete file or dir [/opt/***/data-lake/silver/openbrewerydb/_temporary/0/task_202410241723472642475464416211920_0007_m_000000/country=United States/state=Vermont/part-00000-ece58a23-7692-45d6-99e8-1a35338d262c.c000.snappy.parquet]: it still exists.
[2024-10-24T17:26:14.455+0000] {spark_submit.py:524} INFO - 24/10/24 17:26:14 WARN FileUtil: Failed to delete file or dir [/opt/***/data-lake/silver/openbrewerydb/_temporary/0/task_202410241723472642475464416211920_0007_m_000000/country=United States/state=New York/.part-00000-ece58a23-7692-45d6-99e8-1a35338d262c.c000.snappy.parquet.crc]: it still exists.
[2024-10-24T17:26:14.455+0000] {spark_submit.py:524} INFO - 24/10/24 17:26:14 WARN FileUtil: Failed to delete file or dir [/opt/***/data-lake/silver/openbrewerydb/_temporary/0/task_202410241723472642475464416211920_0007_m_000000/country=United States/state=New York/part-00000-ece58a23-7692-45d6-99e8-1a35338d262c.c000.snappy.parquet]: it still exists.
[2024-10-24T17:26:14.455+0000] {spark_submit.py:524} INFO - 24/10/24 17:26:14 WARN FileUtil: Failed to delete file or dir [/opt/***/data-lake/silver/openbrewerydb/_temporary/0/task_202410241723472642475464416211920_0007_m_000000/country=United States/state=California/.part-00000-ece58a23-7692-45d6-99e8-1a35338d262c.c000.snappy.parquet.crc]: it still exists.
[2024-10-24T17:26:14.455+0000] {spark_submit.py:524} INFO - 24/10/24 17:26:14 WARN FileUtil: Failed to delete file or dir [/opt/***/data-lake/silver/openbrewerydb/_temporary/0/task_202410241723472642475464416211920_0007_m_000000/country=United States/state=California/part-00000-ece58a23-7692-45d6-99e8-1a35338d262c.c000.snappy.parquet]: it still exists.
[2024-10-24T17:26:14.455+0000] {spark_submit.py:524} INFO - 24/10/24 17:26:14 WARN FileUtil: Failed to delete file or dir [/opt/***/data-lake/silver/openbrewerydb/_temporary/0/task_202410241723472642475464416211920_0007_m_000000/country=United States/state=Michigan/.part-00000-ece58a23-7692-45d6-99e8-1a35338d262c.c000.snappy.parquet.crc]: it still exists.
[2024-10-24T17:26:14.455+0000] {spark_submit.py:524} INFO - 24/10/24 17:26:14 WARN FileUtil: Failed to delete file or dir [/opt/***/data-lake/silver/openbrewerydb/_temporary/0/task_202410241723472642475464416211920_0007_m_000000/country=United States/state=Michigan/part-00000-ece58a23-7692-45d6-99e8-1a35338d262c.c000.snappy.parquet]: it still exists.
[2024-10-24T17:26:14.455+0000] {spark_submit.py:524} INFO - 24/10/24 17:26:14 WARN FileUtil: Failed to delete file or dir [/opt/***/data-lake/silver/openbrewerydb/_temporary/0/task_202410241723472642475464416211920_0007_m_000000/country=United States/state=Colorado/.part-00000-ece58a23-7692-45d6-99e8-1a35338d262c.c000.snappy.parquet.crc]: it still exists.
[2024-10-24T17:26:14.456+0000] {spark_submit.py:524} INFO - 24/10/24 17:26:14 WARN FileUtil: Failed to delete file or dir [/opt/***/data-lake/silver/openbrewerydb/_temporary/0/task_202410241723472642475464416211920_0007_m_000000/country=United States/state=Colorado/part-00000-ece58a23-7692-45d6-99e8-1a35338d262c.c000.snappy.parquet]: it still exists.
[2024-10-24T17:26:14.456+0000] {spark_submit.py:524} INFO - 24/10/24 17:26:14 WARN FileUtil: Failed to delete file or dir [/opt/***/data-lake/silver/openbrewerydb/_temporary/0/task_202410241723472642475464416211920_0007_m_000000/country=United States/state=Maryland/.part-00000-ece58a23-7692-45d6-99e8-1a35338d262c.c000.snappy.parquet.crc]: it still exists.
[2024-10-24T17:26:14.456+0000] {spark_submit.py:524} INFO - 24/10/24 17:26:14 WARN FileUtil: Failed to delete file or dir [/opt/***/data-lake/silver/openbrewerydb/_temporary/0/task_202410241723472642475464416211920_0007_m_000000/country=United States/state=Maryland/part-00000-ece58a23-7692-45d6-99e8-1a35338d262c.c000.snappy.parquet]: it still exists.
[2024-10-24T17:26:14.456+0000] {spark_submit.py:524} INFO - 24/10/24 17:26:14 WARN FileUtil: Failed to delete file or dir [/opt/***/data-lake/silver/openbrewerydb/_temporary/0/task_202410241723472642475464416211920_0007_m_000000/country=United States/state=Pennsylvania/.part-00000-ece58a23-7692-45d6-99e8-1a35338d262c.c000.snappy.parquet.crc]: it still exists.
[2024-10-24T17:26:14.456+0000] {spark_submit.py:524} INFO - 24/10/24 17:26:14 WARN FileUtil: Failed to delete file or dir [/opt/***/data-lake/silver/openbrewerydb/_temporary/0/task_202410241723472642475464416211920_0007_m_000000/country=United States/state=Pennsylvania/part-00000-ece58a23-7692-45d6-99e8-1a35338d262c.c000.snappy.parquet]: it still exists.
[2024-10-24T17:26:14.456+0000] {spark_submit.py:524} INFO - 24/10/24 17:26:14 WARN FileUtil: Failed to delete file or dir [/opt/***/data-lake/silver/openbrewerydb/_temporary/0/task_202410241723472642475464416211920_0007_m_000000/country=United States/state=Mississippi/.part-00000-ece58a23-7692-45d6-99e8-1a35338d262c.c000.snappy.parquet.crc]: it still exists.
[2024-10-24T17:26:14.456+0000] {spark_submit.py:524} INFO - 24/10/24 17:26:14 WARN FileUtil: Failed to delete file or dir [/opt/***/data-lake/silver/openbrewerydb/_temporary/0/task_202410241723472642475464416211920_0007_m_000000/country=United States/state=Mississippi/part-00000-ece58a23-7692-45d6-99e8-1a35338d262c.c000.snappy.parquet]: it still exists.
[2024-10-24T17:26:14.456+0000] {spark_submit.py:524} INFO - 24/10/24 17:26:14 WARN FileUtil: Failed to delete file or dir [/opt/***/data-lake/silver/openbrewerydb/_temporary/0/task_202410241723472642475464416211920_0007_m_000000/country=United States/state=Indiana/.part-00000-ece58a23-7692-45d6-99e8-1a35338d262c.c000.snappy.parquet.crc]: it still exists.
[2024-10-24T17:26:14.457+0000] {spark_submit.py:524} INFO - 24/10/24 17:26:14 WARN FileUtil: Failed to delete file or dir [/opt/***/data-lake/silver/openbrewerydb/_temporary/0/task_202410241723472642475464416211920_0007_m_000000/country=United States/state=Indiana/part-00000-ece58a23-7692-45d6-99e8-1a35338d262c.c000.snappy.parquet]: it still exists.
[2024-10-24T17:26:14.457+0000] {spark_submit.py:524} INFO - 24/10/24 17:26:14 WARN FileUtil: Failed to delete file or dir [/opt/***/data-lake/silver/openbrewerydb/_temporary/0/task_202410241723472642475464416211920_0007_m_000000/country=United States/state=Idaho/.part-00000-ece58a23-7692-45d6-99e8-1a35338d262c.c000.snappy.parquet.crc]: it still exists.
[2024-10-24T17:26:14.457+0000] {spark_submit.py:524} INFO - 24/10/24 17:26:14 WARN FileUtil: Failed to delete file or dir [/opt/***/data-lake/silver/openbrewerydb/_temporary/0/task_202410241723472642475464416211920_0007_m_000000/country=United States/state=Idaho/part-00000-ece58a23-7692-45d6-99e8-1a35338d262c.c000.snappy.parquet]: it still exists.
[2024-10-24T17:26:14.457+0000] {spark_submit.py:524} INFO - 24/10/24 17:26:14 WARN FileUtil: Failed to delete file or dir [/opt/***/data-lake/silver/openbrewerydb/_temporary/0/task_202410241723472642475464416211920_0007_m_000000/country=United States/state=Ohio/.part-00000-ece58a23-7692-45d6-99e8-1a35338d262c.c000.snappy.parquet.crc]: it still exists.
[2024-10-24T17:26:14.457+0000] {spark_submit.py:524} INFO - 24/10/24 17:26:14 WARN FileUtil: Failed to delete file or dir [/opt/***/data-lake/silver/openbrewerydb/_temporary/0/task_202410241723472642475464416211920_0007_m_000000/country=United States/state=Ohio/part-00000-ece58a23-7692-45d6-99e8-1a35338d262c.c000.snappy.parquet]: it still exists.
[2024-10-24T17:26:14.457+0000] {spark_submit.py:524} INFO - 24/10/24 17:26:14 WARN FileUtil: Failed to delete file or dir [/opt/***/data-lake/silver/openbrewerydb/_temporary/0/task_202410241723472642475464416211920_0007_m_000000/country=United States/state=Oklahoma/.part-00000-ece58a23-7692-45d6-99e8-1a35338d262c.c000.snappy.parquet.crc]: it still exists.
[2024-10-24T17:26:14.457+0000] {spark_submit.py:524} INFO - 24/10/24 17:26:14 WARN FileUtil: Failed to delete file or dir [/opt/***/data-lake/silver/openbrewerydb/_temporary/0/task_202410241723472642475464416211920_0007_m_000000/country=United States/state=Oklahoma/part-00000-ece58a23-7692-45d6-99e8-1a35338d262c.c000.snappy.parquet]: it still exists.
[2024-10-24T17:26:14.457+0000] {spark_submit.py:524} INFO - 24/10/24 17:26:14 WARN FileUtil: Failed to delete file or dir [/opt/***/data-lake/silver/openbrewerydb/_temporary/0/task_202410241723472642475464416211920_0007_m_000000/country=United States/state=Delaware/.part-00000-ece58a23-7692-45d6-99e8-1a35338d262c.c000.snappy.parquet.crc]: it still exists.
[2024-10-24T17:26:14.458+0000] {spark_submit.py:524} INFO - 24/10/24 17:26:14 WARN FileUtil: Failed to delete file or dir [/opt/***/data-lake/silver/openbrewerydb/_temporary/0/task_202410241723472642475464416211920_0007_m_000000/country=United States/state=Delaware/part-00000-ece58a23-7692-45d6-99e8-1a35338d262c.c000.snappy.parquet]: it still exists.
[2024-10-24T17:26:14.458+0000] {spark_submit.py:524} INFO - 24/10/24 17:26:14 WARN FileUtil: Failed to delete file or dir [/opt/***/data-lake/silver/openbrewerydb/_temporary/0/task_202410241723472642475464416211920_0007_m_000000/country=United States/state=Arizona/.part-00000-ece58a23-7692-45d6-99e8-1a35338d262c.c000.snappy.parquet.crc]: it still exists.
[2024-10-24T17:26:14.458+0000] {spark_submit.py:524} INFO - 24/10/24 17:26:14 WARN FileUtil: Failed to delete file or dir [/opt/***/data-lake/silver/openbrewerydb/_temporary/0/task_202410241723472642475464416211920_0007_m_000000/country=United States/state=Arizona/part-00000-ece58a23-7692-45d6-99e8-1a35338d262c.c000.snappy.parquet]: it still exists.
[2024-10-24T17:26:14.458+0000] {spark_submit.py:524} INFO - 24/10/24 17:26:14 WARN FileUtil: Failed to delete file or dir [/opt/***/data-lake/silver/openbrewerydb/_temporary/0/task_202410241723472642475464416211920_0007_m_000000/country=United States/state=Texas/.part-00000-ece58a23-7692-45d6-99e8-1a35338d262c.c000.snappy.parquet.crc]: it still exists.
[2024-10-24T17:26:14.458+0000] {spark_submit.py:524} INFO - 24/10/24 17:26:14 WARN FileUtil: Failed to delete file or dir [/opt/***/data-lake/silver/openbrewerydb/_temporary/0/task_202410241723472642475464416211920_0007_m_000000/country=United States/state=Texas/part-00000-ece58a23-7692-45d6-99e8-1a35338d262c.c000.snappy.parquet]: it still exists.
[2024-10-24T17:26:14.458+0000] {spark_submit.py:524} INFO - 24/10/24 17:26:14 WARN FileUtil: Failed to delete file or dir [/opt/***/data-lake/silver/openbrewerydb/_temporary/0/task_202410241723472642475464416211920_0007_m_000000/country=United States/state=North Carolina/.part-00000-ece58a23-7692-45d6-99e8-1a35338d262c.c000.snappy.parquet.crc]: it still exists.
[2024-10-24T17:26:14.458+0000] {spark_submit.py:524} INFO - 24/10/24 17:26:14 WARN FileUtil: Failed to delete file or dir [/opt/***/data-lake/silver/openbrewerydb/_temporary/0/task_202410241723472642475464416211920_0007_m_000000/country=United States/state=North Carolina/part-00000-ece58a23-7692-45d6-99e8-1a35338d262c.c000.snappy.parquet]: it still exists.
[2024-10-24T17:26:14.458+0000] {spark_submit.py:524} INFO - 24/10/24 17:26:14 WARN FileUtil: Failed to delete file or dir [/opt/***/data-lake/silver/openbrewerydb/_temporary/0/task_202410241723472642475464416211920_0007_m_000000/country=United States/state=Massachusetts/.part-00000-ece58a23-7692-45d6-99e8-1a35338d262c.c000.snappy.parquet.crc]: it still exists.
[2024-10-24T17:26:14.459+0000] {spark_submit.py:524} INFO - 24/10/24 17:26:14 WARN FileUtil: Failed to delete file or dir [/opt/***/data-lake/silver/openbrewerydb/_temporary/0/task_202410241723472642475464416211920_0007_m_000000/country=United States/state=Massachusetts/part-00000-ece58a23-7692-45d6-99e8-1a35338d262c.c000.snappy.parquet]: it still exists.
[2024-10-24T17:26:14.459+0000] {spark_submit.py:524} INFO - 24/10/24 17:26:14 WARN FileUtil: Failed to delete file or dir [/opt/***/data-lake/silver/openbrewerydb/_temporary/0/task_202410241723472642475464416211920_0007_m_000000/country=United States/state=Oregon/.part-00000-ece58a23-7692-45d6-99e8-1a35338d262c.c000.snappy.parquet.crc]: it still exists.
[2024-10-24T17:26:14.459+0000] {spark_submit.py:524} INFO - 24/10/24 17:26:14 WARN FileUtil: Failed to delete file or dir [/opt/***/data-lake/silver/openbrewerydb/_temporary/0/task_202410241723472642475464416211920_0007_m_000000/country=United States/state=Oregon/part-00000-ece58a23-7692-45d6-99e8-1a35338d262c.c000.snappy.parquet]: it still exists.
[2024-10-24T17:26:14.459+0000] {spark_submit.py:524} INFO - 24/10/24 17:26:14 WARN FileUtil: Failed to delete file or dir [/opt/***/data-lake/silver/openbrewerydb/_temporary/0/task_202410241723472642475464416211920_0007_m_000000/country=United States/state=Nevada/.part-00000-ece58a23-7692-45d6-99e8-1a35338d262c.c000.snappy.parquet.crc]: it still exists.
[2024-10-24T17:26:14.459+0000] {spark_submit.py:524} INFO - 24/10/24 17:26:14 WARN FileUtil: Failed to delete file or dir [/opt/***/data-lake/silver/openbrewerydb/_temporary/0/task_202410241723472642475464416211920_0007_m_000000/country=United States/state=Nevada/part-00000-ece58a23-7692-45d6-99e8-1a35338d262c.c000.snappy.parquet]: it still exists.
[2024-10-24T17:26:14.459+0000] {spark_submit.py:524} INFO - 24/10/24 17:26:14 WARN FileUtil: Failed to delete file or dir [/opt/***/data-lake/silver/openbrewerydb/_temporary/0/task_202410241723472642475464416211920_0007_m_000000/country=United States/state=Wisconsin/.part-00000-ece58a23-7692-45d6-99e8-1a35338d262c.c000.snappy.parquet.crc]: it still exists.
[2024-10-24T17:26:14.459+0000] {spark_submit.py:524} INFO - 24/10/24 17:26:14 WARN FileUtil: Failed to delete file or dir [/opt/***/data-lake/silver/openbrewerydb/_temporary/0/task_202410241723472642475464416211920_0007_m_000000/country=United States/state=Wisconsin/part-00000-ece58a23-7692-45d6-99e8-1a35338d262c.c000.snappy.parquet]: it still exists.
[2024-10-24T17:26:14.459+0000] {spark_submit.py:524} INFO - 24/10/24 17:26:14 WARN FileUtil: Failed to delete file or dir [/opt/***/data-lake/silver/openbrewerydb/_temporary/0/task_202410241723472642475464416211920_0007_m_000000/country=United States/state=Washington/.part-00000-ece58a23-7692-45d6-99e8-1a35338d262c.c000.snappy.parquet.crc]: it still exists.
[2024-10-24T17:26:14.460+0000] {spark_submit.py:524} INFO - 24/10/24 17:26:14 WARN FileUtil: Failed to delete file or dir [/opt/***/data-lake/silver/openbrewerydb/_temporary/0/task_202410241723472642475464416211920_0007_m_000000/country=United States/state=Washington/part-00000-ece58a23-7692-45d6-99e8-1a35338d262c.c000.snappy.parquet]: it still exists.
[2024-10-24T17:26:14.460+0000] {spark_submit.py:524} INFO - 24/10/24 17:26:14 WARN FileUtil: Failed to delete file or dir [/opt/***/data-lake/silver/openbrewerydb/_temporary/0/task_202410241723472642475464416211920_0007_m_000000/country=United States/state=South Carolina/.part-00000-ece58a23-7692-45d6-99e8-1a35338d262c.c000.snappy.parquet.crc]: it still exists.
[2024-10-24T17:26:14.460+0000] {spark_submit.py:524} INFO - 24/10/24 17:26:14 WARN FileUtil: Failed to delete file or dir [/opt/***/data-lake/silver/openbrewerydb/_temporary/0/task_202410241723472642475464416211920_0007_m_000000/country=United States/state=South Carolina/part-00000-ece58a23-7692-45d6-99e8-1a35338d262c.c000.snappy.parquet]: it still exists.
[2024-10-24T17:26:14.460+0000] {spark_submit.py:524} INFO - 24/10/24 17:26:14 WARN FileUtil: Failed to delete file or dir [/opt/***/data-lake/silver/openbrewerydb/_temporary/0/task_202410241723472642475464416211920_0007_m_000000/country=United States/state=Minnesota/.part-00000-ece58a23-7692-45d6-99e8-1a35338d262c.c000.snappy.parquet.crc]: it still exists.
[2024-10-24T17:26:14.460+0000] {spark_submit.py:524} INFO - 24/10/24 17:26:14 WARN FileUtil: Failed to delete file or dir [/opt/***/data-lake/silver/openbrewerydb/_temporary/0/task_202410241723472642475464416211920_0007_m_000000/country=United States/state=Minnesota/part-00000-ece58a23-7692-45d6-99e8-1a35338d262c.c000.snappy.parquet]: it still exists.
[2024-10-24T17:26:14.460+0000] {spark_submit.py:524} INFO - 24/10/24 17:26:14 WARN FileUtil: Failed to delete file or dir [/opt/***/data-lake/silver/openbrewerydb/_temporary/0/task_202410241723472642475464416211920_0007_m_000000/country=United States/state=Iowa/.part-00000-ece58a23-7692-45d6-99e8-1a35338d262c.c000.snappy.parquet.crc]: it still exists.
[2024-10-24T17:26:14.460+0000] {spark_submit.py:524} INFO - 24/10/24 17:26:14 WARN FileUtil: Failed to delete file or dir [/opt/***/data-lake/silver/openbrewerydb/_temporary/0/task_202410241723472642475464416211920_0007_m_000000/country=United States/state=Iowa/part-00000-ece58a23-7692-45d6-99e8-1a35338d262c.c000.snappy.parquet]: it still exists.
[2024-10-24T17:26:14.460+0000] {spark_submit.py:524} INFO - 24/10/24 17:26:14 WARN FileUtil: Failed to delete file or dir [/opt/***/data-lake/silver/openbrewerydb/_temporary/0/task_202410241723472642475464416211920_0007_m_000000/country=Ireland/state=Laois/.part-00000-ece58a23-7692-45d6-99e8-1a35338d262c.c000.snappy.parquet.crc]: it still exists.
[2024-10-24T17:26:14.460+0000] {spark_submit.py:524} INFO - 24/10/24 17:26:14 WARN FileUtil: Failed to delete file or dir [/opt/***/data-lake/silver/openbrewerydb/_temporary/0/task_202410241723472642475464416211920_0007_m_000000/country=Ireland/state=Laois/part-00000-ece58a23-7692-45d6-99e8-1a35338d262c.c000.snappy.parquet]: it still exists.
[2024-10-24T17:26:14.569+0000] {spark_submit.py:524} INFO - Uma exceo ocorreu durante a leitura dos dados da camada bronze: An error occurred while calling o34.save.
[2024-10-24T17:26:14.569+0000] {spark_submit.py:524} INFO - : org.apache.spark.SparkException: Unable to clear output directory file:/opt/***/data-lake/silver/openbrewerydb prior to writing to it.
[2024-10-24T17:26:14.569+0000] {spark_submit.py:524} INFO - at org.apache.spark.sql.errors.QueryExecutionErrors$.cannotClearOutputDirectoryError(QueryExecutionErrors.scala:794)
[2024-10-24T17:26:14.569+0000] {spark_submit.py:524} INFO - at org.apache.spark.sql.execution.datasources.InsertIntoHadoopFsRelationCommand.deleteMatchingPartitions(InsertIntoHadoopFsRelationCommand.scala:239)
[2024-10-24T17:26:14.569+0000] {spark_submit.py:524} INFO - at org.apache.spark.sql.execution.datasources.InsertIntoHadoopFsRelationCommand.run(InsertIntoHadoopFsRelationCommand.scala:131)
[2024-10-24T17:26:14.569+0000] {spark_submit.py:524} INFO - at org.apache.spark.sql.execution.command.DataWritingCommandExec.sideEffectResult$lzycompute(commands.scala:113)
[2024-10-24T17:26:14.570+0000] {spark_submit.py:524} INFO - at org.apache.spark.sql.execution.command.DataWritingCommandExec.sideEffectResult(commands.scala:111)
[2024-10-24T17:26:14.570+0000] {spark_submit.py:524} INFO - at org.apache.spark.sql.execution.command.DataWritingCommandExec.executeCollect(commands.scala:125)
[2024-10-24T17:26:14.570+0000] {spark_submit.py:524} INFO - at org.apache.spark.sql.execution.QueryExecution$$anonfun$eagerlyExecuteCommands$1.$anonfun$applyOrElse$1(QueryExecution.scala:107)
[2024-10-24T17:26:14.570+0000] {spark_submit.py:524} INFO - at org.apache.spark.sql.execution.SQLExecution$.$anonfun$withNewExecutionId$6(SQLExecution.scala:125)
[2024-10-24T17:26:14.570+0000] {spark_submit.py:524} INFO - at org.apache.spark.sql.execution.SQLExecution$.withSQLConfPropagated(SQLExecution.scala:201)
[2024-10-24T17:26:14.570+0000] {spark_submit.py:524} INFO - at org.apache.spark.sql.execution.SQLExecution$.$anonfun$withNewExecutionId$1(SQLExecution.scala:108)
[2024-10-24T17:26:14.570+0000] {spark_submit.py:524} INFO - at org.apache.spark.sql.SparkSession.withActive(SparkSession.scala:900)
[2024-10-24T17:26:14.570+0000] {spark_submit.py:524} INFO - at org.apache.spark.sql.execution.SQLExecution$.withNewExecutionId(SQLExecution.scala:66)
[2024-10-24T17:26:14.570+0000] {spark_submit.py:524} INFO - at org.apache.spark.sql.execution.QueryExecution$$anonfun$eagerlyExecuteCommands$1.applyOrElse(QueryExecution.scala:107)
[2024-10-24T17:26:14.570+0000] {spark_submit.py:524} INFO - at org.apache.spark.sql.execution.QueryExecution$$anonfun$eagerlyExecuteCommands$1.applyOrElse(QueryExecution.scala:98)
[2024-10-24T17:26:14.570+0000] {spark_submit.py:524} INFO - at org.apache.spark.sql.catalyst.trees.TreeNode.$anonfun$transformDownWithPruning$1(TreeNode.scala:461)
[2024-10-24T17:26:14.570+0000] {spark_submit.py:524} INFO - at org.apache.spark.sql.catalyst.trees.CurrentOrigin$.withOrigin(origin.scala:76)
[2024-10-24T17:26:14.570+0000] {spark_submit.py:524} INFO - at org.apache.spark.sql.catalyst.trees.TreeNode.transformDownWithPruning(TreeNode.scala:461)
[2024-10-24T17:26:14.570+0000] {spark_submit.py:524} INFO - at org.apache.spark.sql.catalyst.plans.logical.LogicalPlan.org$apache$spark$sql$catalyst$plans$logical$AnalysisHelper$$super$transformDownWithPruning(LogicalPlan.scala:32)
[2024-10-24T17:26:14.571+0000] {spark_submit.py:524} INFO - at org.apache.spark.sql.catalyst.plans.logical.AnalysisHelper.transformDownWithPruning(AnalysisHelper.scala:267)
[2024-10-24T17:26:14.571+0000] {spark_submit.py:524} INFO - at org.apache.spark.sql.catalyst.plans.logical.AnalysisHelper.transformDownWithPruning$(AnalysisHelper.scala:263)
[2024-10-24T17:26:14.571+0000] {spark_submit.py:524} INFO - at org.apache.spark.sql.catalyst.plans.logical.LogicalPlan.transformDownWithPruning(LogicalPlan.scala:32)
[2024-10-24T17:26:14.571+0000] {spark_submit.py:524} INFO - at org.apache.spark.sql.catalyst.plans.logical.LogicalPlan.transformDownWithPruning(LogicalPlan.scala:32)
[2024-10-24T17:26:14.571+0000] {spark_submit.py:524} INFO - at org.apache.spark.sql.catalyst.trees.TreeNode.transformDown(TreeNode.scala:437)
[2024-10-24T17:26:14.571+0000] {spark_submit.py:524} INFO - at org.apache.spark.sql.execution.QueryExecution.eagerlyExecuteCommands(QueryExecution.scala:98)
[2024-10-24T17:26:14.571+0000] {spark_submit.py:524} INFO - at org.apache.spark.sql.execution.QueryExecution.commandExecuted$lzycompute(QueryExecution.scala:85)
[2024-10-24T17:26:14.571+0000] {spark_submit.py:524} INFO - at org.apache.spark.sql.execution.QueryExecution.commandExecuted(QueryExecution.scala:83)
[2024-10-24T17:26:14.571+0000] {spark_submit.py:524} INFO - at org.apache.spark.sql.execution.QueryExecution.assertCommandExecuted(QueryExecution.scala:142)
[2024-10-24T17:26:14.571+0000] {spark_submit.py:524} INFO - at org.apache.spark.sql.DataFrameWriter.runCommand(DataFrameWriter.scala:859)
[2024-10-24T17:26:14.571+0000] {spark_submit.py:524} INFO - at org.apache.spark.sql.DataFrameWriter.saveToV1Source(DataFrameWriter.scala:388)
[2024-10-24T17:26:14.571+0000] {spark_submit.py:524} INFO - at org.apache.spark.sql.DataFrameWriter.saveInternal(DataFrameWriter.scala:361)
[2024-10-24T17:26:14.571+0000] {spark_submit.py:524} INFO - at org.apache.spark.sql.DataFrameWriter.save(DataFrameWriter.scala:240)
[2024-10-24T17:26:14.572+0000] {spark_submit.py:524} INFO - at java.base/jdk.internal.reflect.NativeMethodAccessorImpl.invoke0(Native Method)
[2024-10-24T17:26:14.572+0000] {spark_submit.py:524} INFO - at java.base/jdk.internal.reflect.NativeMethodAccessorImpl.invoke(NativeMethodAccessorImpl.java:77)
[2024-10-24T17:26:14.572+0000] {spark_submit.py:524} INFO - at java.base/jdk.internal.reflect.DelegatingMethodAccessorImpl.invoke(DelegatingMethodAccessorImpl.java:43)
[2024-10-24T17:26:14.572+0000] {spark_submit.py:524} INFO - at java.base/java.lang.reflect.Method.invoke(Method.java:569)
[2024-10-24T17:26:14.572+0000] {spark_submit.py:524} INFO - at py4j.reflection.MethodInvoker.invoke(MethodInvoker.java:244)
[2024-10-24T17:26:14.572+0000] {spark_submit.py:524} INFO - at py4j.reflection.ReflectionEngine.invoke(ReflectionEngine.java:374)
[2024-10-24T17:26:14.572+0000] {spark_submit.py:524} INFO - at py4j.Gateway.invoke(Gateway.java:282)
[2024-10-24T17:26:14.572+0000] {spark_submit.py:524} INFO - at py4j.commands.AbstractCommand.invokeMethod(AbstractCommand.java:132)
[2024-10-24T17:26:14.572+0000] {spark_submit.py:524} INFO - at py4j.commands.CallCommand.execute(CallCommand.java:79)
[2024-10-24T17:26:14.572+0000] {spark_submit.py:524} INFO - at py4j.ClientServerConnection.waitForCommands(ClientServerConnection.java:182)
[2024-10-24T17:26:14.572+0000] {spark_submit.py:524} INFO - at py4j.ClientServerConnection.run(ClientServerConnection.java:106)
[2024-10-24T17:26:14.572+0000] {spark_submit.py:524} INFO - at java.base/java.lang.Thread.run(Thread.java:840)
[2024-10-24T17:26:14.572+0000] {spark_submit.py:524} INFO - 
[2024-10-24T17:26:14.572+0000] {spark_submit.py:524} INFO - 24/10/24 17:26:14 INFO SparkContext: SparkContext is stopping with exitCode 0.
[2024-10-24T17:26:14.578+0000] {spark_submit.py:524} INFO - 24/10/24 17:26:14 INFO SparkUI: Stopped Spark web UI at http://e995fa603d7f:4040
[2024-10-24T17:26:14.581+0000] {spark_submit.py:524} INFO - 24/10/24 17:26:14 INFO StandaloneSchedulerBackend: Shutting down all executors
[2024-10-24T17:26:14.581+0000] {spark_submit.py:524} INFO - 24/10/24 17:26:14 INFO StandaloneSchedulerBackend$StandaloneDriverEndpoint: Asking each executor to shut down
[2024-10-24T17:26:14.595+0000] {spark_submit.py:524} INFO - 24/10/24 17:26:14 INFO MapOutputTrackerMasterEndpoint: MapOutputTrackerMasterEndpoint stopped!
[2024-10-24T17:26:14.610+0000] {spark_submit.py:524} INFO - 24/10/24 17:26:14 INFO MemoryStore: MemoryStore cleared
[2024-10-24T17:26:14.611+0000] {spark_submit.py:524} INFO - 24/10/24 17:26:14 INFO BlockManager: BlockManager stopped
[2024-10-24T17:26:14.614+0000] {spark_submit.py:524} INFO - 24/10/24 17:26:14 INFO BlockManagerMaster: BlockManagerMaster stopped
[2024-10-24T17:26:14.615+0000] {spark_submit.py:524} INFO - 24/10/24 17:26:14 INFO OutputCommitCoordinator$OutputCommitCoordinatorEndpoint: OutputCommitCoordinator stopped!
[2024-10-24T17:26:14.622+0000] {spark_submit.py:524} INFO - 24/10/24 17:26:14 INFO SparkContext: Successfully stopped SparkContext
[2024-10-24T17:26:15.113+0000] {spark_submit.py:524} INFO - 24/10/24 17:26:15 INFO ShutdownHookManager: Shutdown hook called
[2024-10-24T17:26:15.114+0000] {spark_submit.py:524} INFO - 24/10/24 17:26:15 INFO ShutdownHookManager: Deleting directory /tmp/spark-994bb476-668e-44c5-b850-2af48936d93e
[2024-10-24T17:26:15.120+0000] {spark_submit.py:524} INFO - 24/10/24 17:26:15 INFO ShutdownHookManager: Deleting directory /tmp/spark-c0e1c834-2ece-44fa-8d2c-f904dbb7a1fa
[2024-10-24T17:26:15.125+0000] {spark_submit.py:524} INFO - 24/10/24 17:26:15 INFO ShutdownHookManager: Deleting directory /tmp/spark-994bb476-668e-44c5-b850-2af48936d93e/pyspark-1f6973cc-d1df-4808-a1be-b3679bb05103
[2024-10-24T17:26:15.181+0000] {taskinstance.py:1398} INFO - Marking task as SUCCESS. dag_id=api_openbrewerydb_to_silver_gold, task_id=Silver, execution_date=20241024T172602, start_date=20241024T172603, end_date=20241024T172615
[2024-10-24T17:26:15.209+0000] {local_task_job_runner.py:228} INFO - Task exited with return code 0
[2024-10-24T17:26:15.229+0000] {taskinstance.py:2776} INFO - 1 downstream tasks scheduled from follow-on schedule check
