[2024-10-23T00:03:46.902+0000] {taskinstance.py:1157} INFO - Dependencies all met for dep_context=non-requeueable deps ti=<TaskInstance: Ingestion.Silver manual__2024-10-23T00:03:44.176694+00:00 [queued]>
[2024-10-23T00:03:46.909+0000] {taskinstance.py:1157} INFO - Dependencies all met for dep_context=requeueable deps ti=<TaskInstance: Ingestion.Silver manual__2024-10-23T00:03:44.176694+00:00 [queued]>
[2024-10-23T00:03:46.909+0000] {taskinstance.py:1359} INFO - Starting attempt 1 of 1
[2024-10-23T00:03:46.918+0000] {taskinstance.py:1380} INFO - Executing <Task(SparkSubmitOperator): Silver> on 2024-10-23 00:03:44.176694+00:00
[2024-10-23T00:03:46.922+0000] {standard_task_runner.py:57} INFO - Started process 314 to run task
[2024-10-23T00:03:46.924+0000] {standard_task_runner.py:84} INFO - Running: ['***', 'tasks', 'run', 'Ingestion', 'Silver', 'manual__2024-10-23T00:03:44.176694+00:00', '--job-id', '9', '--raw', '--subdir', 'DAGS_FOLDER/spark_ingestion.py', '--cfg-path', '/tmp/tmpbxrq4yr2']
[2024-10-23T00:03:46.928+0000] {standard_task_runner.py:85} INFO - Job 9: Subtask Silver
[2024-10-23T00:03:46.970+0000] {task_command.py:415} INFO - Running <TaskInstance: Ingestion.Silver manual__2024-10-23T00:03:44.176694+00:00 [running]> on host de5108c6da1d
[2024-10-23T00:03:47.046+0000] {taskinstance.py:1660} INFO - Exporting env vars: AIRFLOW_CTX_DAG_OWNER='Rodrigo Araujo' AIRFLOW_CTX_DAG_ID='Ingestion' AIRFLOW_CTX_TASK_ID='Silver' AIRFLOW_CTX_EXECUTION_DATE='2024-10-23T00:03:44.176694+00:00' AIRFLOW_CTX_TRY_NUMBER='1' AIRFLOW_CTX_DAG_RUN_ID='manual__2024-10-23T00:03:44.176694+00:00'
[2024-10-23T00:03:47.057+0000] {base.py:73} INFO - Using connection ID 'spark-conn' for task execution.
[2024-10-23T00:03:47.057+0000] {spark_submit.py:363} INFO - Spark-Submit cmd: spark-submit --master spark://spark-master:7077 --name arrow-spark --queue root.default jobs/silver/usuarios.py
[2024-10-23T00:03:50.378+0000] {spark_submit.py:524} INFO - 24/10/23 00:03:50 INFO SparkContext: Running Spark version 3.5.3
[2024-10-23T00:03:50.380+0000] {spark_submit.py:524} INFO - 24/10/23 00:03:50 INFO SparkContext: OS info Linux, 5.15.0-124-generic, amd64
[2024-10-23T00:03:50.380+0000] {spark_submit.py:524} INFO - 24/10/23 00:03:50 INFO SparkContext: Java version 11.0.25
[2024-10-23T00:03:50.452+0000] {spark_submit.py:524} INFO - 24/10/23 00:03:50 WARN NativeCodeLoader: Unable to load native-hadoop library for your platform... using builtin-java classes where applicable
[2024-10-23T00:03:50.541+0000] {spark_submit.py:524} INFO - 24/10/23 00:03:50 INFO ResourceUtils: ==============================================================
[2024-10-23T00:03:50.542+0000] {spark_submit.py:524} INFO - 24/10/23 00:03:50 INFO ResourceUtils: No custom resources configured for spark.driver.
[2024-10-23T00:03:50.542+0000] {spark_submit.py:524} INFO - 24/10/23 00:03:50 INFO ResourceUtils: ==============================================================
[2024-10-23T00:03:50.542+0000] {spark_submit.py:524} INFO - 24/10/23 00:03:50 INFO SparkContext: Submitted application: PythonWordCount
[2024-10-23T00:03:50.563+0000] {spark_submit.py:524} INFO - 24/10/23 00:03:50 INFO ResourceProfile: Default ResourceProfile created, executor resources: Map(memory -> name: memory, amount: 1024, script: , vendor: , offHeap -> name: offHeap, amount: 0, script: , vendor: ), task resources: Map(cpus -> name: cpus, amount: 1.0)
[2024-10-23T00:03:50.575+0000] {spark_submit.py:524} INFO - 24/10/23 00:03:50 INFO ResourceProfile: Limiting resource is cpu
[2024-10-23T00:03:50.576+0000] {spark_submit.py:524} INFO - 24/10/23 00:03:50 INFO ResourceProfileManager: Added ResourceProfile id: 0
[2024-10-23T00:03:50.666+0000] {spark_submit.py:524} INFO - 24/10/23 00:03:50 INFO SecurityManager: Changing view acls to: ***
[2024-10-23T00:03:50.667+0000] {spark_submit.py:524} INFO - 24/10/23 00:03:50 INFO SecurityManager: Changing modify acls to: ***
[2024-10-23T00:03:50.668+0000] {spark_submit.py:524} INFO - 24/10/23 00:03:50 INFO SecurityManager: Changing view acls groups to:
[2024-10-23T00:03:50.669+0000] {spark_submit.py:524} INFO - 24/10/23 00:03:50 INFO SecurityManager: Changing modify acls groups to:
[2024-10-23T00:03:50.669+0000] {spark_submit.py:524} INFO - 24/10/23 00:03:50 INFO SecurityManager: SecurityManager: authentication disabled; ui acls disabled; users with view permissions: ***; groups with view permissions: EMPTY; users with modify permissions: ***; groups with modify permissions: EMPTY
[2024-10-23T00:03:50.944+0000] {spark_submit.py:524} INFO - 24/10/23 00:03:50 INFO Utils: Successfully started service 'sparkDriver' on port 43599.
[2024-10-23T00:03:50.975+0000] {spark_submit.py:524} INFO - 24/10/23 00:03:50 INFO SparkEnv: Registering MapOutputTracker
[2024-10-23T00:03:51.008+0000] {spark_submit.py:524} INFO - 24/10/23 00:03:51 INFO SparkEnv: Registering BlockManagerMaster
[2024-10-23T00:03:51.032+0000] {spark_submit.py:524} INFO - 24/10/23 00:03:51 INFO BlockManagerMasterEndpoint: Using org.apache.spark.storage.DefaultTopologyMapper for getting topology information
[2024-10-23T00:03:51.033+0000] {spark_submit.py:524} INFO - 24/10/23 00:03:51 INFO BlockManagerMasterEndpoint: BlockManagerMasterEndpoint up
[2024-10-23T00:03:51.037+0000] {spark_submit.py:524} INFO - 24/10/23 00:03:51 INFO SparkEnv: Registering BlockManagerMasterHeartbeat
[2024-10-23T00:03:51.062+0000] {spark_submit.py:524} INFO - 24/10/23 00:03:51 INFO DiskBlockManager: Created local directory at /tmp/blockmgr-c103ae79-9e5a-42aa-aa12-31e811b1fc99
[2024-10-23T00:03:51.078+0000] {spark_submit.py:524} INFO - 24/10/23 00:03:51 INFO MemoryStore: MemoryStore started with capacity 434.4 MiB
[2024-10-23T00:03:51.093+0000] {spark_submit.py:524} INFO - 24/10/23 00:03:51 INFO SparkEnv: Registering OutputCommitCoordinator
[2024-10-23T00:03:51.256+0000] {spark_submit.py:524} INFO - 24/10/23 00:03:51 INFO JettyUtils: Start Jetty 0.0.0.0:4040 for SparkUI
[2024-10-23T00:03:51.315+0000] {spark_submit.py:524} INFO - 24/10/23 00:03:51 INFO Utils: Successfully started service 'SparkUI' on port 4040.
[2024-10-23T00:03:51.435+0000] {spark_submit.py:524} INFO - 24/10/23 00:03:51 INFO StandaloneAppClient$ClientEndpoint: Connecting to master spark://spark-master:7077...
[2024-10-23T00:03:51.497+0000] {spark_submit.py:524} INFO - 24/10/23 00:03:51 INFO TransportClientFactory: Successfully created connection to spark-master/172.22.0.3:7077 after 37 ms (0 ms spent in bootstraps)
[2024-10-23T00:03:51.662+0000] {spark_submit.py:524} INFO - 24/10/23 00:03:51 INFO StandaloneSchedulerBackend: Connected to Spark cluster with app ID app-20241023000351-0000
[2024-10-23T00:03:51.685+0000] {spark_submit.py:524} INFO - 24/10/23 00:03:51 INFO Utils: Successfully started service 'org.apache.spark.network.netty.NettyBlockTransferService' on port 42515.
[2024-10-23T00:03:51.685+0000] {spark_submit.py:524} INFO - 24/10/23 00:03:51 INFO NettyBlockTransferService: Server created on de5108c6da1d:42515
[2024-10-23T00:03:51.688+0000] {spark_submit.py:524} INFO - 24/10/23 00:03:51 INFO BlockManager: Using org.apache.spark.storage.RandomBlockReplicationPolicy for block replication policy
[2024-10-23T00:03:51.707+0000] {spark_submit.py:524} INFO - 24/10/23 00:03:51 INFO BlockManagerMaster: Registering BlockManager BlockManagerId(driver, de5108c6da1d, 42515, None)
[2024-10-23T00:03:51.714+0000] {spark_submit.py:524} INFO - 24/10/23 00:03:51 INFO BlockManagerMasterEndpoint: Registering block manager de5108c6da1d:42515 with 434.4 MiB RAM, BlockManagerId(driver, de5108c6da1d, 42515, None)
[2024-10-23T00:03:51.722+0000] {spark_submit.py:524} INFO - 24/10/23 00:03:51 INFO BlockManagerMaster: Registered BlockManager BlockManagerId(driver, de5108c6da1d, 42515, None)
[2024-10-23T00:03:51.724+0000] {spark_submit.py:524} INFO - 24/10/23 00:03:51 INFO BlockManager: Initialized BlockManager: BlockManagerId(driver, de5108c6da1d, 42515, None)
[2024-10-23T00:03:51.726+0000] {spark_submit.py:524} INFO - 24/10/23 00:03:51 INFO StandaloneAppClient$ClientEndpoint: Executor added: app-20241023000351-0000/0 on worker-20241022235208-172.22.0.5-40659 (172.22.0.5:40659) with 2 core(s)
[2024-10-23T00:03:51.734+0000] {spark_submit.py:524} INFO - 24/10/23 00:03:51 INFO StandaloneSchedulerBackend: Granted executor ID app-20241023000351-0000/0 on hostPort 172.22.0.5:40659 with 2 core(s), 1024.0 MiB RAM
[2024-10-23T00:03:52.048+0000] {spark_submit.py:524} INFO - 24/10/23 00:03:52 INFO StandaloneAppClient$ClientEndpoint: Executor updated: app-20241023000351-0000/0 is now RUNNING
[2024-10-23T00:03:52.220+0000] {spark_submit.py:524} INFO - 24/10/23 00:03:52 INFO StandaloneSchedulerBackend: SchedulerBackend is ready for scheduling beginning after reached minRegisteredResourcesRatio: 0.0
[2024-10-23T00:03:52.506+0000] {spark_submit.py:524} INFO - Hello from Spark!
[2024-10-23T00:03:52.508+0000] {spark_submit.py:524} INFO - 24/10/23 00:03:52 INFO SparkContext: SparkContext is stopping with exitCode 0.
[2024-10-23T00:03:52.524+0000] {spark_submit.py:524} INFO - 24/10/23 00:03:52 INFO SparkUI: Stopped Spark web UI at http://de5108c6da1d:4040
[2024-10-23T00:03:52.531+0000] {spark_submit.py:524} INFO - 24/10/23 00:03:52 INFO StandaloneSchedulerBackend: Shutting down all executors
[2024-10-23T00:03:52.538+0000] {spark_submit.py:524} INFO - 24/10/23 00:03:52 INFO StandaloneSchedulerBackend$StandaloneDriverEndpoint: Asking each executor to shut down
[2024-10-23T00:03:52.569+0000] {spark_submit.py:524} INFO - 24/10/23 00:03:52 INFO MapOutputTrackerMasterEndpoint: MapOutputTrackerMasterEndpoint stopped!
[2024-10-23T00:03:52.609+0000] {spark_submit.py:524} INFO - 24/10/23 00:03:52 INFO MemoryStore: MemoryStore cleared
[2024-10-23T00:03:52.610+0000] {spark_submit.py:524} INFO - 24/10/23 00:03:52 INFO BlockManager: BlockManager stopped
[2024-10-23T00:03:52.622+0000] {spark_submit.py:524} INFO - 24/10/23 00:03:52 INFO BlockManagerMaster: BlockManagerMaster stopped
[2024-10-23T00:03:52.624+0000] {spark_submit.py:524} INFO - 24/10/23 00:03:52 INFO OutputCommitCoordinator$OutputCommitCoordinatorEndpoint: OutputCommitCoordinator stopped!
[2024-10-23T00:03:52.638+0000] {spark_submit.py:524} INFO - 24/10/23 00:03:52 INFO SparkContext: Successfully stopped SparkContext
[2024-10-23T00:03:52.810+0000] {spark_submit.py:524} INFO - 24/10/23 00:03:52 INFO ShutdownHookManager: Shutdown hook called
[2024-10-23T00:03:52.811+0000] {spark_submit.py:524} INFO - 24/10/23 00:03:52 INFO ShutdownHookManager: Deleting directory /tmp/spark-8bacac9d-e8f2-48e8-99b1-dd57724cbf5a
[2024-10-23T00:03:52.814+0000] {spark_submit.py:524} INFO - 24/10/23 00:03:52 INFO ShutdownHookManager: Deleting directory /tmp/spark-213c68bb-fe04-4e79-807e-468bab604fe7
[2024-10-23T00:03:52.817+0000] {spark_submit.py:524} INFO - 24/10/23 00:03:52 INFO ShutdownHookManager: Deleting directory /tmp/spark-8bacac9d-e8f2-48e8-99b1-dd57724cbf5a/pyspark-9f9ce8f5-0778-4f91-b991-6bbf8c6aeecb
[2024-10-23T00:03:52.879+0000] {taskinstance.py:1398} INFO - Marking task as SUCCESS. dag_id=Ingestion, task_id=Silver, execution_date=20241023T000344, start_date=20241023T000346, end_date=20241023T000352
[2024-10-23T00:03:52.924+0000] {local_task_job_runner.py:228} INFO - Task exited with return code 0
[2024-10-23T00:03:52.965+0000] {taskinstance.py:2776} INFO - 1 downstream tasks scheduled from follow-on schedule check
