[2024-10-24T01:38:50.606+0000] {taskinstance.py:1157} INFO - Dependencies all met for dep_context=non-requeueable deps ti=<TaskInstance: api_openbrewerydb_to_silver_gold.Gold scheduled__2023-12-20T08:00:00+00:00 [queued]>
[2024-10-24T01:38:50.628+0000] {taskinstance.py:1157} INFO - Dependencies all met for dep_context=requeueable deps ti=<TaskInstance: api_openbrewerydb_to_silver_gold.Gold scheduled__2023-12-20T08:00:00+00:00 [queued]>
[2024-10-24T01:38:50.628+0000] {taskinstance.py:1359} INFO - Starting attempt 1 of 2
[2024-10-24T01:38:50.667+0000] {taskinstance.py:1380} INFO - Executing <Task(SparkSubmitOperator): Gold> on 2023-12-20 08:00:00+00:00
[2024-10-24T01:38:50.679+0000] {standard_task_runner.py:57} INFO - Started process 3043 to run task
[2024-10-24T01:38:50.685+0000] {standard_task_runner.py:84} INFO - Running: ['***', 'tasks', 'run', 'api_openbrewerydb_to_silver_gold', 'Gold', 'scheduled__2023-12-20T08:00:00+00:00', '--job-id', '177', '--raw', '--subdir', 'DAGS_FOLDER/api_openbrewerydb_to_silver.py', '--cfg-path', '/tmp/tmpdbh4tp0s']
[2024-10-24T01:38:50.697+0000] {standard_task_runner.py:85} INFO - Job 177: Subtask Gold
[2024-10-24T01:38:50.825+0000] {task_command.py:415} INFO - Running <TaskInstance: api_openbrewerydb_to_silver_gold.Gold scheduled__2023-12-20T08:00:00+00:00 [running]> on host de5108c6da1d
[2024-10-24T01:38:51.014+0000] {taskinstance.py:1660} INFO - Exporting env vars: AIRFLOW_CTX_DAG_OWNER='Rodrigo Araujo' AIRFLOW_CTX_DAG_ID='api_openbrewerydb_to_silver_gold' AIRFLOW_CTX_TASK_ID='Gold' AIRFLOW_CTX_EXECUTION_DATE='2023-12-20T08:00:00+00:00' AIRFLOW_CTX_TRY_NUMBER='1' AIRFLOW_CTX_DAG_RUN_ID='scheduled__2023-12-20T08:00:00+00:00'
[2024-10-24T01:38:51.040+0000] {base.py:73} INFO - Using connection ID 'spark-conn' for task execution.
[2024-10-24T01:38:51.042+0000] {spark_submit.py:363} INFO - Spark-Submit cmd: spark-submit --master spark://spark-master:7077 --name arrow-spark --queue root.default jobs/gold/api_openbrewerydb.py
[2024-10-24T01:38:58.657+0000] {spark_submit.py:524} INFO - 24/10/24 01:38:58 INFO SparkContext: Running Spark version 3.5.3
[2024-10-24T01:38:58.662+0000] {spark_submit.py:524} INFO - 24/10/24 01:38:58 INFO SparkContext: OS info Linux, 5.15.0-124-generic, amd64
[2024-10-24T01:38:58.663+0000] {spark_submit.py:524} INFO - 24/10/24 01:38:58 INFO SparkContext: Java version 11.0.25
[2024-10-24T01:38:58.831+0000] {spark_submit.py:524} INFO - 24/10/24 01:38:58 WARN NativeCodeLoader: Unable to load native-hadoop library for your platform... using builtin-java classes where applicable
[2024-10-24T01:38:59.132+0000] {spark_submit.py:524} INFO - 24/10/24 01:38:59 INFO ResourceUtils: ==============================================================
[2024-10-24T01:38:59.134+0000] {spark_submit.py:524} INFO - 24/10/24 01:38:59 INFO ResourceUtils: No custom resources configured for spark.driver.
[2024-10-24T01:38:59.135+0000] {spark_submit.py:524} INFO - 24/10/24 01:38:59 INFO ResourceUtils: ==============================================================
[2024-10-24T01:38:59.136+0000] {spark_submit.py:524} INFO - 24/10/24 01:38:59 INFO SparkContext: Submitted application: IngestaoSilver
[2024-10-24T01:38:59.185+0000] {spark_submit.py:524} INFO - 24/10/24 01:38:59 INFO ResourceProfile: Default ResourceProfile created, executor resources: Map(memory -> name: memory, amount: 1024, script: , vendor: , offHeap -> name: offHeap, amount: 0, script: , vendor: ), task resources: Map(cpus -> name: cpus, amount: 1.0)
[2024-10-24T01:38:59.218+0000] {spark_submit.py:524} INFO - 24/10/24 01:38:59 INFO ResourceProfile: Limiting resource is cpu
[2024-10-24T01:38:59.220+0000] {spark_submit.py:524} INFO - 24/10/24 01:38:59 INFO ResourceProfileManager: Added ResourceProfile id: 0
[2024-10-24T01:38:59.366+0000] {spark_submit.py:524} INFO - 24/10/24 01:38:59 INFO SecurityManager: Changing view acls to: ***
[2024-10-24T01:38:59.368+0000] {spark_submit.py:524} INFO - 24/10/24 01:38:59 INFO SecurityManager: Changing modify acls to: ***
[2024-10-24T01:38:59.370+0000] {spark_submit.py:524} INFO - 24/10/24 01:38:59 INFO SecurityManager: Changing view acls groups to:
[2024-10-24T01:38:59.372+0000] {spark_submit.py:524} INFO - 24/10/24 01:38:59 INFO SecurityManager: Changing modify acls groups to:
[2024-10-24T01:38:59.373+0000] {spark_submit.py:524} INFO - 24/10/24 01:38:59 INFO SecurityManager: SecurityManager: authentication disabled; ui acls disabled; users with view permissions: ***; groups with view permissions: EMPTY; users with modify permissions: ***; groups with modify permissions: EMPTY
[2024-10-24T01:39:00.148+0000] {spark_submit.py:524} INFO - 24/10/24 01:39:00 INFO Utils: Successfully started service 'sparkDriver' on port 37255.
[2024-10-24T01:39:00.206+0000] {spark_submit.py:524} INFO - 24/10/24 01:39:00 INFO SparkEnv: Registering MapOutputTracker
[2024-10-24T01:39:00.267+0000] {spark_submit.py:524} INFO - 24/10/24 01:39:00 INFO SparkEnv: Registering BlockManagerMaster
[2024-10-24T01:39:00.312+0000] {spark_submit.py:524} INFO - 24/10/24 01:39:00 INFO BlockManagerMasterEndpoint: Using org.apache.spark.storage.DefaultTopologyMapper for getting topology information
[2024-10-24T01:39:00.315+0000] {spark_submit.py:524} INFO - 24/10/24 01:39:00 INFO BlockManagerMasterEndpoint: BlockManagerMasterEndpoint up
[2024-10-24T01:39:00.321+0000] {spark_submit.py:524} INFO - 24/10/24 01:39:00 INFO SparkEnv: Registering BlockManagerMasterHeartbeat
[2024-10-24T01:39:00.366+0000] {spark_submit.py:524} INFO - 24/10/24 01:39:00 INFO DiskBlockManager: Created local directory at /tmp/blockmgr-c8204321-9201-45b6-8621-7765e7ea28c0
[2024-10-24T01:39:00.400+0000] {spark_submit.py:524} INFO - 24/10/24 01:39:00 INFO MemoryStore: MemoryStore started with capacity 434.4 MiB
[2024-10-24T01:39:00.440+0000] {spark_submit.py:524} INFO - 24/10/24 01:39:00 INFO SparkEnv: Registering OutputCommitCoordinator
[2024-10-24T01:39:00.802+0000] {spark_submit.py:524} INFO - 24/10/24 01:39:00 INFO JettyUtils: Start Jetty 0.0.0.0:4040 for SparkUI
[2024-10-24T01:39:00.946+0000] {spark_submit.py:524} INFO - 24/10/24 01:39:00 WARN Utils: Service 'SparkUI' could not bind on port 4040. Attempting port 4041.
[2024-10-24T01:39:00.968+0000] {spark_submit.py:524} INFO - 24/10/24 01:39:00 INFO Utils: Successfully started service 'SparkUI' on port 4041.
[2024-10-24T01:39:01.275+0000] {spark_submit.py:524} INFO - 24/10/24 01:39:01 INFO StandaloneAppClient$ClientEndpoint: Connecting to master spark://spark-master:7077...
[2024-10-24T01:39:01.409+0000] {spark_submit.py:524} INFO - 24/10/24 01:39:01 INFO TransportClientFactory: Successfully created connection to spark-master/172.22.0.2:7077 after 79 ms (0 ms spent in bootstraps)
[2024-10-24T01:39:01.770+0000] {spark_submit.py:524} INFO - 24/10/24 01:39:01 INFO StandaloneSchedulerBackend: Connected to Spark cluster with app ID app-20241024013901-0019
[2024-10-24T01:39:01.805+0000] {spark_submit.py:524} INFO - 24/10/24 01:39:01 INFO Utils: Successfully started service 'org.apache.spark.network.netty.NettyBlockTransferService' on port 40499.
[2024-10-24T01:39:01.806+0000] {spark_submit.py:524} INFO - 24/10/24 01:39:01 INFO NettyBlockTransferService: Server created on de5108c6da1d:40499
[2024-10-24T01:39:01.811+0000] {spark_submit.py:524} INFO - 24/10/24 01:39:01 INFO BlockManager: Using org.apache.spark.storage.RandomBlockReplicationPolicy for block replication policy
[2024-10-24T01:39:01.830+0000] {spark_submit.py:524} INFO - 24/10/24 01:39:01 INFO BlockManagerMaster: Registering BlockManager BlockManagerId(driver, de5108c6da1d, 40499, None)
[2024-10-24T01:39:01.845+0000] {spark_submit.py:524} INFO - 24/10/24 01:39:01 INFO BlockManagerMasterEndpoint: Registering block manager de5108c6da1d:40499 with 434.4 MiB RAM, BlockManagerId(driver, de5108c6da1d, 40499, None)
[2024-10-24T01:39:01.853+0000] {spark_submit.py:524} INFO - 24/10/24 01:39:01 INFO BlockManagerMaster: Registered BlockManager BlockManagerId(driver, de5108c6da1d, 40499, None)
[2024-10-24T01:39:01.859+0000] {spark_submit.py:524} INFO - 24/10/24 01:39:01 INFO BlockManager: Initialized BlockManager: BlockManagerId(driver, de5108c6da1d, 40499, None)
[2024-10-24T01:39:02.806+0000] {spark_submit.py:524} INFO - 24/10/24 01:39:02 INFO StandaloneSchedulerBackend: SchedulerBackend is ready for scheduling beginning after reached minRegisteredResourcesRatio: 0.0
[2024-10-24T01:39:03.563+0000] {spark_submit.py:524} INFO - 24/10/24 01:39:03 INFO StandaloneAppClient$ClientEndpoint: Executor added: app-20241024013901-0019/0 on worker-20241024013655-172.22.0.4-42143 (172.22.0.4:42143) with 2 core(s)
[2024-10-24T01:39:03.583+0000] {spark_submit.py:524} INFO - 24/10/24 01:39:03 INFO StandaloneSchedulerBackend: Granted executor ID app-20241024013901-0019/0 on hostPort 172.22.0.4:42143 with 2 core(s), 1024.0 MiB RAM
[2024-10-24T01:39:03.771+0000] {spark_submit.py:524} INFO - Hello from Spark!
[2024-10-24T01:39:03.773+0000] {spark_submit.py:524} INFO - 24/10/24 01:39:03 INFO SparkContext: SparkContext is stopping with exitCode 0.
[2024-10-24T01:39:03.885+0000] {spark_submit.py:524} INFO - 24/10/24 01:39:03 INFO StandaloneAppClient$ClientEndpoint: Executor updated: app-20241024013901-0019/0 is now RUNNING
[2024-10-24T01:39:03.892+0000] {spark_submit.py:524} INFO - 24/10/24 01:39:03 INFO SparkUI: Stopped Spark web UI at http://de5108c6da1d:4041
[2024-10-24T01:39:03.921+0000] {spark_submit.py:524} INFO - 24/10/24 01:39:03 INFO StandaloneSchedulerBackend: Shutting down all executors
[2024-10-24T01:39:03.935+0000] {spark_submit.py:524} INFO - 24/10/24 01:39:03 INFO StandaloneSchedulerBackend$StandaloneDriverEndpoint: Asking each executor to shut down
[2024-10-24T01:39:03.990+0000] {spark_submit.py:524} INFO - 24/10/24 01:39:03 INFO MapOutputTrackerMasterEndpoint: MapOutputTrackerMasterEndpoint stopped!
[2024-10-24T01:39:04.053+0000] {spark_submit.py:524} INFO - 24/10/24 01:39:04 INFO MemoryStore: MemoryStore cleared
[2024-10-24T01:39:04.054+0000] {spark_submit.py:524} INFO - 24/10/24 01:39:04 INFO BlockManager: BlockManager stopped
[2024-10-24T01:39:04.068+0000] {spark_submit.py:524} INFO - 24/10/24 01:39:04 INFO BlockManagerMaster: BlockManagerMaster stopped
[2024-10-24T01:39:04.073+0000] {spark_submit.py:524} INFO - 24/10/24 01:39:04 INFO OutputCommitCoordinator$OutputCommitCoordinatorEndpoint: OutputCommitCoordinator stopped!
[2024-10-24T01:39:04.094+0000] {spark_submit.py:524} INFO - 24/10/24 01:39:04 INFO SparkContext: Successfully stopped SparkContext
[2024-10-24T01:39:04.492+0000] {spark_submit.py:524} INFO - 24/10/24 01:39:04 INFO ShutdownHookManager: Shutdown hook called
[2024-10-24T01:39:04.493+0000] {spark_submit.py:524} INFO - 24/10/24 01:39:04 INFO ShutdownHookManager: Deleting directory /tmp/spark-c67e1ba9-877c-4830-b2db-6d607054a6b0
[2024-10-24T01:39:04.499+0000] {spark_submit.py:524} INFO - 24/10/24 01:39:04 INFO ShutdownHookManager: Deleting directory /tmp/spark-9684b0a5-70c8-4198-a898-97bf37538d92/pyspark-79457720-e4cd-4fa2-822a-1cf092bf32a1
[2024-10-24T01:39:04.505+0000] {spark_submit.py:524} INFO - 24/10/24 01:39:04 INFO ShutdownHookManager: Deleting directory /tmp/spark-9684b0a5-70c8-4198-a898-97bf37538d92
[2024-10-24T01:39:04.621+0000] {taskinstance.py:1398} INFO - Marking task as SUCCESS. dag_id=api_openbrewerydb_to_silver_gold, task_id=Gold, execution_date=20231220T080000, start_date=20241024T013850, end_date=20241024T013904
[2024-10-24T01:39:04.687+0000] {local_task_job_runner.py:228} INFO - Task exited with return code 0
[2024-10-24T01:39:04.721+0000] {taskinstance.py:2776} INFO - 0 downstream tasks scheduled from follow-on schedule check
