[2024-10-24T18:16:20.550+0000] {taskinstance.py:1157} INFO - Dependencies all met for dep_context=non-requeueable deps ti=<TaskInstance: api_openbrewerydb_to_silver_gold.Silver manual__2024-10-24T18:16:19.401558+00:00 [queued]>
[2024-10-24T18:16:20.557+0000] {taskinstance.py:1157} INFO - Dependencies all met for dep_context=requeueable deps ti=<TaskInstance: api_openbrewerydb_to_silver_gold.Silver manual__2024-10-24T18:16:19.401558+00:00 [queued]>
[2024-10-24T18:16:20.557+0000] {taskinstance.py:1359} INFO - Starting attempt 1 of 2
[2024-10-24T18:16:20.569+0000] {taskinstance.py:1380} INFO - Executing <Task(SparkSubmitOperator): Silver> on 2024-10-24 18:16:19.401558+00:00
[2024-10-24T18:16:20.573+0000] {standard_task_runner.py:57} INFO - Started process 640 to run task
[2024-10-24T18:16:20.575+0000] {standard_task_runner.py:84} INFO - Running: ['***', 'tasks', 'run', 'api_openbrewerydb_to_silver_gold', 'Silver', 'manual__2024-10-24T18:16:19.401558+00:00', '--job-id', '176', '--raw', '--subdir', 'DAGS_FOLDER/api_openbrewerydb_to_silver.py', '--cfg-path', '/tmp/tmp48zmfmmy']
[2024-10-24T18:16:20.577+0000] {standard_task_runner.py:85} INFO - Job 176: Subtask Silver
[2024-10-24T18:16:20.625+0000] {task_command.py:415} INFO - Running <TaskInstance: api_openbrewerydb_to_silver_gold.Silver manual__2024-10-24T18:16:19.401558+00:00 [running]> on host f55139681ae8
[2024-10-24T18:16:20.737+0000] {taskinstance.py:1660} INFO - Exporting env vars: AIRFLOW_CTX_DAG_OWNER='Rodrigo Araujo' AIRFLOW_CTX_DAG_ID='api_openbrewerydb_to_silver_gold' AIRFLOW_CTX_TASK_ID='Silver' AIRFLOW_CTX_EXECUTION_DATE='2024-10-24T18:16:19.401558+00:00' AIRFLOW_CTX_TRY_NUMBER='1' AIRFLOW_CTX_DAG_RUN_ID='manual__2024-10-24T18:16:19.401558+00:00'
[2024-10-24T18:16:20.748+0000] {base.py:73} INFO - Using connection ID 'spark-conn' for task execution.
[2024-10-24T18:16:20.749+0000] {spark_submit.py:363} INFO - Spark-Submit cmd: spark-submit --master spark://spark-master:7077 --name arrow-spark jobs/silver/api_openbrewerydb.py
[2024-10-24T18:16:22.912+0000] {spark_submit.py:524} INFO - 24/10/24 18:16:22 INFO SparkContext: Running Spark version 3.5.0
[2024-10-24T18:16:22.913+0000] {spark_submit.py:524} INFO - 24/10/24 18:16:22 INFO SparkContext: OS info Linux, 5.15.0-124-generic, amd64
[2024-10-24T18:16:22.914+0000] {spark_submit.py:524} INFO - 24/10/24 18:16:22 INFO SparkContext: Java version 17.0.13
[2024-10-24T18:16:22.974+0000] {spark_submit.py:524} INFO - 24/10/24 18:16:22 WARN NativeCodeLoader: Unable to load native-hadoop library for your platform... using builtin-java classes where applicable
[2024-10-24T18:16:23.064+0000] {spark_submit.py:524} INFO - 24/10/24 18:16:23 INFO ResourceUtils: ==============================================================
[2024-10-24T18:16:23.065+0000] {spark_submit.py:524} INFO - 24/10/24 18:16:23 INFO ResourceUtils: No custom resources configured for spark.driver.
[2024-10-24T18:16:23.066+0000] {spark_submit.py:524} INFO - 24/10/24 18:16:23 INFO ResourceUtils: ==============================================================
[2024-10-24T18:16:23.066+0000] {spark_submit.py:524} INFO - 24/10/24 18:16:23 INFO SparkContext: Submitted application: IngestaoSilver
[2024-10-24T18:16:23.084+0000] {spark_submit.py:524} INFO - 24/10/24 18:16:23 INFO ResourceProfile: Default ResourceProfile created, executor resources: Map(memory -> name: memory, amount: 1024, script: , vendor: , offHeap -> name: offHeap, amount: 0, script: , vendor: ), task resources: Map(cpus -> name: cpus, amount: 1.0)
[2024-10-24T18:16:23.092+0000] {spark_submit.py:524} INFO - 24/10/24 18:16:23 INFO ResourceProfile: Limiting resource is cpu
[2024-10-24T18:16:23.092+0000] {spark_submit.py:524} INFO - 24/10/24 18:16:23 INFO ResourceProfileManager: Added ResourceProfile id: 0
[2024-10-24T18:16:23.132+0000] {spark_submit.py:524} INFO - 24/10/24 18:16:23 INFO SecurityManager: Changing view acls to: root
[2024-10-24T18:16:23.133+0000] {spark_submit.py:524} INFO - 24/10/24 18:16:23 INFO SecurityManager: Changing modify acls to: root
[2024-10-24T18:16:23.133+0000] {spark_submit.py:524} INFO - 24/10/24 18:16:23 INFO SecurityManager: Changing view acls groups to:
[2024-10-24T18:16:23.134+0000] {spark_submit.py:524} INFO - 24/10/24 18:16:23 INFO SecurityManager: Changing modify acls groups to:
[2024-10-24T18:16:23.134+0000] {spark_submit.py:524} INFO - 24/10/24 18:16:23 INFO SecurityManager: SecurityManager: authentication disabled; ui acls disabled; users with view permissions: root; groups with view permissions: EMPTY; users with modify permissions: root; groups with modify permissions: EMPTY
[2024-10-24T18:16:23.326+0000] {spark_submit.py:524} INFO - 24/10/24 18:16:23 INFO Utils: Successfully started service 'sparkDriver' on port 36837.
[2024-10-24T18:16:23.346+0000] {spark_submit.py:524} INFO - 24/10/24 18:16:23 INFO SparkEnv: Registering MapOutputTracker
[2024-10-24T18:16:23.373+0000] {spark_submit.py:524} INFO - 24/10/24 18:16:23 INFO SparkEnv: Registering BlockManagerMaster
[2024-10-24T18:16:23.388+0000] {spark_submit.py:524} INFO - 24/10/24 18:16:23 INFO BlockManagerMasterEndpoint: Using org.apache.spark.storage.DefaultTopologyMapper for getting topology information
[2024-10-24T18:16:23.389+0000] {spark_submit.py:524} INFO - 24/10/24 18:16:23 INFO BlockManagerMasterEndpoint: BlockManagerMasterEndpoint up
[2024-10-24T18:16:23.392+0000] {spark_submit.py:524} INFO - 24/10/24 18:16:23 INFO SparkEnv: Registering BlockManagerMasterHeartbeat
[2024-10-24T18:16:23.408+0000] {spark_submit.py:524} INFO - 24/10/24 18:16:23 INFO DiskBlockManager: Created local directory at /tmp/blockmgr-6b1301f6-0381-4a64-977b-efb7d5b3b9ce
[2024-10-24T18:16:23.419+0000] {spark_submit.py:524} INFO - 24/10/24 18:16:23 INFO MemoryStore: MemoryStore started with capacity 434.4 MiB
[2024-10-24T18:16:23.432+0000] {spark_submit.py:524} INFO - 24/10/24 18:16:23 INFO SparkEnv: Registering OutputCommitCoordinator
[2024-10-24T18:16:23.540+0000] {spark_submit.py:524} INFO - 24/10/24 18:16:23 INFO JettyUtils: Start Jetty 0.0.0.0:4040 for SparkUI
[2024-10-24T18:16:23.585+0000] {spark_submit.py:524} INFO - 24/10/24 18:16:23 INFO Utils: Successfully started service 'SparkUI' on port 4040.
[2024-10-24T18:16:23.692+0000] {spark_submit.py:524} INFO - 24/10/24 18:16:23 INFO StandaloneAppClient$ClientEndpoint: Connecting to master spark://spark-master:7077...
[2024-10-24T18:16:23.726+0000] {spark_submit.py:524} INFO - 24/10/24 18:16:23 INFO TransportClientFactory: Successfully created connection to spark-master/172.18.0.3:7077 after 19 ms (0 ms spent in bootstraps)
[2024-10-24T18:16:23.803+0000] {spark_submit.py:524} INFO - 24/10/24 18:16:23 INFO StandaloneSchedulerBackend: Connected to Spark cluster with app ID app-20241024181623-0002
[2024-10-24T18:16:23.809+0000] {spark_submit.py:524} INFO - 24/10/24 18:16:23 INFO StandaloneAppClient$ClientEndpoint: Executor added: app-20241024181623-0002/0 on worker-20241024181336-172.18.0.5-36873 (172.18.0.5:36873) with 2 core(s)
[2024-10-24T18:16:23.813+0000] {spark_submit.py:524} INFO - 24/10/24 18:16:23 INFO StandaloneSchedulerBackend: Granted executor ID app-20241024181623-0002/0 on hostPort 172.18.0.5:36873 with 2 core(s), 1024.0 MiB RAM
[2024-10-24T18:16:23.815+0000] {spark_submit.py:524} INFO - 24/10/24 18:16:23 INFO Utils: Successfully started service 'org.apache.spark.network.netty.NettyBlockTransferService' on port 44703.
[2024-10-24T18:16:23.816+0000] {spark_submit.py:524} INFO - 24/10/24 18:16:23 INFO NettyBlockTransferService: Server created on f55139681ae8:44703
[2024-10-24T18:16:23.818+0000] {spark_submit.py:524} INFO - 24/10/24 18:16:23 INFO BlockManager: Using org.apache.spark.storage.RandomBlockReplicationPolicy for block replication policy
[2024-10-24T18:16:23.827+0000] {spark_submit.py:524} INFO - 24/10/24 18:16:23 INFO BlockManagerMaster: Registering BlockManager BlockManagerId(driver, f55139681ae8, 44703, None)
[2024-10-24T18:16:23.834+0000] {spark_submit.py:524} INFO - 24/10/24 18:16:23 INFO BlockManagerMasterEndpoint: Registering block manager f55139681ae8:44703 with 434.4 MiB RAM, BlockManagerId(driver, f55139681ae8, 44703, None)
[2024-10-24T18:16:23.838+0000] {spark_submit.py:524} INFO - 24/10/24 18:16:23 INFO BlockManagerMaster: Registered BlockManager BlockManagerId(driver, f55139681ae8, 44703, None)
[2024-10-24T18:16:23.840+0000] {spark_submit.py:524} INFO - 24/10/24 18:16:23 INFO BlockManager: Initialized BlockManager: BlockManagerId(driver, f55139681ae8, 44703, None)
[2024-10-24T18:16:23.872+0000] {spark_submit.py:524} INFO - 24/10/24 18:16:23 INFO StandaloneAppClient$ClientEndpoint: Executor updated: app-20241024181623-0002/0 is now RUNNING
[2024-10-24T18:16:24.099+0000] {spark_submit.py:524} INFO - 24/10/24 18:16:24 INFO StandaloneSchedulerBackend: SchedulerBackend is ready for scheduling beginning after reached minRegisteredResourcesRatio: 0.0
[2024-10-24T18:16:24.322+0000] {spark_submit.py:524} INFO - 24/10/24 18:16:24 INFO SharedState: Setting hive.metastore.warehouse.dir ('null') to the value of spark.sql.warehouse.dir.
[2024-10-24T18:16:24.329+0000] {spark_submit.py:524} INFO - 24/10/24 18:16:24 INFO SharedState: Warehouse path is 'file:/opt/***/spark-warehouse'.
[2024-10-24T18:16:25.204+0000] {spark_submit.py:524} INFO - 24/10/24 18:16:25 INFO InMemoryFileIndex: It took 37 ms to list leaf files for 1 paths.
[2024-10-24T18:16:25.266+0000] {spark_submit.py:524} INFO - 24/10/24 18:16:25 INFO InMemoryFileIndex: It took 3 ms to list leaf files for 1 paths.
[2024-10-24T18:16:26.745+0000] {spark_submit.py:524} INFO - 24/10/24 18:16:26 INFO StandaloneSchedulerBackend$StandaloneDriverEndpoint: Registered executor NettyRpcEndpointRef(spark-client://Executor) (172.18.0.5:49612) with ID 0,  ResourceProfileId 0
[2024-10-24T18:16:26.867+0000] {spark_submit.py:524} INFO - 24/10/24 18:16:26 INFO BlockManagerMasterEndpoint: Registering block manager 172.18.0.5:38403 with 434.4 MiB RAM, BlockManagerId(0, 172.18.0.5, 38403, None)
[2024-10-24T18:16:27.574+0000] {spark_submit.py:524} INFO - 24/10/24 18:16:27 INFO FileSourceStrategy: Pushed Filters:
[2024-10-24T18:16:27.584+0000] {spark_submit.py:524} INFO - 24/10/24 18:16:27 INFO FileSourceStrategy: Post-Scan Filters:
[2024-10-24T18:16:27.786+0000] {spark_submit.py:524} INFO - 24/10/24 18:16:27 INFO MemoryStore: Block broadcast_0 stored as values in memory (estimated size 199.2 KiB, free 434.2 MiB)
[2024-10-24T18:16:27.835+0000] {spark_submit.py:524} INFO - 24/10/24 18:16:27 INFO MemoryStore: Block broadcast_0_piece0 stored as bytes in memory (estimated size 34.1 KiB, free 434.2 MiB)
[2024-10-24T18:16:27.837+0000] {spark_submit.py:524} INFO - 24/10/24 18:16:27 INFO BlockManagerInfo: Added broadcast_0_piece0 in memory on f55139681ae8:44703 (size: 34.1 KiB, free: 434.4 MiB)
[2024-10-24T18:16:27.841+0000] {spark_submit.py:524} INFO - 24/10/24 18:16:27 INFO SparkContext: Created broadcast 0 from json at NativeMethodAccessorImpl.java:0
[2024-10-24T18:16:27.854+0000] {spark_submit.py:524} INFO - 24/10/24 18:16:27 INFO FileSourceScanExec: Planning scan with bin packing, max size: 4194304 bytes, open cost is considered as scanning 4194304 bytes.
[2024-10-24T18:16:27.964+0000] {spark_submit.py:524} INFO - 24/10/24 18:16:27 INFO SparkContext: Starting job: json at NativeMethodAccessorImpl.java:0
[2024-10-24T18:16:27.978+0000] {spark_submit.py:524} INFO - 24/10/24 18:16:27 INFO DAGScheduler: Got job 0 (json at NativeMethodAccessorImpl.java:0) with 1 output partitions
[2024-10-24T18:16:27.978+0000] {spark_submit.py:524} INFO - 24/10/24 18:16:27 INFO DAGScheduler: Final stage: ResultStage 0 (json at NativeMethodAccessorImpl.java:0)
[2024-10-24T18:16:27.979+0000] {spark_submit.py:524} INFO - 24/10/24 18:16:27 INFO DAGScheduler: Parents of final stage: List()
[2024-10-24T18:16:27.980+0000] {spark_submit.py:524} INFO - 24/10/24 18:16:27 INFO DAGScheduler: Missing parents: List()
[2024-10-24T18:16:27.984+0000] {spark_submit.py:524} INFO - 24/10/24 18:16:27 INFO DAGScheduler: Submitting ResultStage 0 (MapPartitionsRDD[3] at json at NativeMethodAccessorImpl.java:0), which has no missing parents
[2024-10-24T18:16:28.045+0000] {spark_submit.py:524} INFO - 24/10/24 18:16:28 INFO MemoryStore: Block broadcast_1 stored as values in memory (estimated size 16.0 KiB, free 434.2 MiB)
[2024-10-24T18:16:28.050+0000] {spark_submit.py:524} INFO - 24/10/24 18:16:28 INFO MemoryStore: Block broadcast_1_piece0 stored as bytes in memory (estimated size 7.5 KiB, free 434.1 MiB)
[2024-10-24T18:16:28.051+0000] {spark_submit.py:524} INFO - 24/10/24 18:16:28 INFO BlockManagerInfo: Added broadcast_1_piece0 in memory on f55139681ae8:44703 (size: 7.5 KiB, free: 434.4 MiB)
[2024-10-24T18:16:28.053+0000] {spark_submit.py:524} INFO - 24/10/24 18:16:28 INFO SparkContext: Created broadcast 1 from broadcast at DAGScheduler.scala:1580
[2024-10-24T18:16:28.066+0000] {spark_submit.py:524} INFO - 24/10/24 18:16:28 INFO DAGScheduler: Submitting 1 missing tasks from ResultStage 0 (MapPartitionsRDD[3] at json at NativeMethodAccessorImpl.java:0) (first 15 tasks are for partitions Vector(0))
[2024-10-24T18:16:28.067+0000] {spark_submit.py:524} INFO - 24/10/24 18:16:28 INFO TaskSchedulerImpl: Adding task set 0.0 with 1 tasks resource profile 0
[2024-10-24T18:16:28.093+0000] {spark_submit.py:524} INFO - 24/10/24 18:16:28 INFO TaskSetManager: Starting task 0.0 in stage 0.0 (TID 0) (172.18.0.5, executor 0, partition 0, PROCESS_LOCAL, 8252 bytes)
[2024-10-24T18:16:28.288+0000] {spark_submit.py:524} INFO - 24/10/24 18:16:28 INFO BlockManagerInfo: Added broadcast_1_piece0 in memory on 172.18.0.5:38403 (size: 7.5 KiB, free: 434.4 MiB)
[2024-10-24T18:16:28.928+0000] {spark_submit.py:524} INFO - 24/10/24 18:16:28 INFO BlockManagerInfo: Added broadcast_0_piece0 in memory on 172.18.0.5:38403 (size: 34.1 KiB, free: 434.4 MiB)
[2024-10-24T18:16:29.110+0000] {spark_submit.py:524} INFO - 24/10/24 18:16:29 INFO TaskSetManager: Finished task 0.0 in stage 0.0 (TID 0) in 1029 ms on 172.18.0.5 (executor 0) (1/1)
[2024-10-24T18:16:29.111+0000] {spark_submit.py:524} INFO - 24/10/24 18:16:29 INFO TaskSchedulerImpl: Removed TaskSet 0.0, whose tasks have all completed, from pool
[2024-10-24T18:16:29.114+0000] {spark_submit.py:524} INFO - 24/10/24 18:16:29 INFO DAGScheduler: ResultStage 0 (json at NativeMethodAccessorImpl.java:0) finished in 1.119 s
[2024-10-24T18:16:29.116+0000] {spark_submit.py:524} INFO - 24/10/24 18:16:29 INFO DAGScheduler: Job 0 is finished. Cancelling potential speculative or zombie tasks for this job
[2024-10-24T18:16:29.117+0000] {spark_submit.py:524} INFO - 24/10/24 18:16:29 INFO TaskSchedulerImpl: Killing all running tasks in stage 0: Stage finished
[2024-10-24T18:16:29.119+0000] {spark_submit.py:524} INFO - 24/10/24 18:16:29 INFO DAGScheduler: Job 0 finished: json at NativeMethodAccessorImpl.java:0, took 1.154690 s
[2024-10-24T18:16:29.137+0000] {spark_submit.py:524} INFO - Leitura realizada com sucesso!
[2024-10-24T18:16:29.231+0000] {spark_submit.py:524} INFO - 24/10/24 18:16:29 INFO FileSourceStrategy: Pushed Filters:
[2024-10-24T18:16:29.232+0000] {spark_submit.py:524} INFO - 24/10/24 18:16:29 INFO FileSourceStrategy: Post-Scan Filters:
[2024-10-24T18:16:29.456+0000] {spark_submit.py:524} INFO - 24/10/24 18:16:29 INFO BlockManagerInfo: Removed broadcast_1_piece0 on f55139681ae8:44703 in memory (size: 7.5 KiB, free: 434.4 MiB)
[2024-10-24T18:16:29.461+0000] {spark_submit.py:524} INFO - 24/10/24 18:16:29 INFO BlockManagerInfo: Removed broadcast_1_piece0 on 172.18.0.5:38403 in memory (size: 7.5 KiB, free: 434.4 MiB)
[2024-10-24T18:16:29.535+0000] {spark_submit.py:524} INFO - 24/10/24 18:16:29 INFO CodeGenerator: Code generated in 178.110894 ms
[2024-10-24T18:16:29.541+0000] {spark_submit.py:524} INFO - 24/10/24 18:16:29 INFO MemoryStore: Block broadcast_2 stored as values in memory (estimated size 199.1 KiB, free 434.0 MiB)
[2024-10-24T18:16:29.555+0000] {spark_submit.py:524} INFO - 24/10/24 18:16:29 INFO MemoryStore: Block broadcast_2_piece0 stored as bytes in memory (estimated size 34.1 KiB, free 433.9 MiB)
[2024-10-24T18:16:29.556+0000] {spark_submit.py:524} INFO - 24/10/24 18:16:29 INFO BlockManagerInfo: Added broadcast_2_piece0 in memory on f55139681ae8:44703 (size: 34.1 KiB, free: 434.3 MiB)
[2024-10-24T18:16:29.557+0000] {spark_submit.py:524} INFO - 24/10/24 18:16:29 INFO SparkContext: Created broadcast 2 from count at NativeMethodAccessorImpl.java:0
[2024-10-24T18:16:29.560+0000] {spark_submit.py:524} INFO - 24/10/24 18:16:29 INFO FileSourceScanExec: Planning scan with bin packing, max size: 4194304 bytes, open cost is considered as scanning 4194304 bytes.
[2024-10-24T18:16:29.587+0000] {spark_submit.py:524} INFO - 24/10/24 18:16:29 INFO DAGScheduler: Registering RDD 7 (count at NativeMethodAccessorImpl.java:0) as input to shuffle 0
[2024-10-24T18:16:29.591+0000] {spark_submit.py:524} INFO - 24/10/24 18:16:29 INFO DAGScheduler: Got map stage job 1 (count at NativeMethodAccessorImpl.java:0) with 1 output partitions
[2024-10-24T18:16:29.592+0000] {spark_submit.py:524} INFO - 24/10/24 18:16:29 INFO DAGScheduler: Final stage: ShuffleMapStage 1 (count at NativeMethodAccessorImpl.java:0)
[2024-10-24T18:16:29.592+0000] {spark_submit.py:524} INFO - 24/10/24 18:16:29 INFO DAGScheduler: Parents of final stage: List()
[2024-10-24T18:16:29.592+0000] {spark_submit.py:524} INFO - 24/10/24 18:16:29 INFO DAGScheduler: Missing parents: List()
[2024-10-24T18:16:29.593+0000] {spark_submit.py:524} INFO - 24/10/24 18:16:29 INFO DAGScheduler: Submitting ShuffleMapStage 1 (MapPartitionsRDD[7] at count at NativeMethodAccessorImpl.java:0), which has no missing parents
[2024-10-24T18:16:29.611+0000] {spark_submit.py:524} INFO - 24/10/24 18:16:29 INFO MemoryStore: Block broadcast_3 stored as values in memory (estimated size 17.0 KiB, free 433.9 MiB)
[2024-10-24T18:16:29.616+0000] {spark_submit.py:524} INFO - 24/10/24 18:16:29 INFO MemoryStore: Block broadcast_3_piece0 stored as bytes in memory (estimated size 8.3 KiB, free 433.9 MiB)
[2024-10-24T18:16:29.616+0000] {spark_submit.py:524} INFO - 24/10/24 18:16:29 INFO BlockManagerInfo: Added broadcast_3_piece0 in memory on f55139681ae8:44703 (size: 8.3 KiB, free: 434.3 MiB)
[2024-10-24T18:16:29.617+0000] {spark_submit.py:524} INFO - 24/10/24 18:16:29 INFO SparkContext: Created broadcast 3 from broadcast at DAGScheduler.scala:1580
[2024-10-24T18:16:29.618+0000] {spark_submit.py:524} INFO - 24/10/24 18:16:29 INFO DAGScheduler: Submitting 1 missing tasks from ShuffleMapStage 1 (MapPartitionsRDD[7] at count at NativeMethodAccessorImpl.java:0) (first 15 tasks are for partitions Vector(0))
[2024-10-24T18:16:29.619+0000] {spark_submit.py:524} INFO - 24/10/24 18:16:29 INFO TaskSchedulerImpl: Adding task set 1.0 with 1 tasks resource profile 0
[2024-10-24T18:16:29.621+0000] {spark_submit.py:524} INFO - 24/10/24 18:16:29 INFO TaskSetManager: Starting task 0.0 in stage 1.0 (TID 1) (172.18.0.5, executor 0, partition 0, PROCESS_LOCAL, 8241 bytes)
[2024-10-24T18:16:29.653+0000] {spark_submit.py:524} INFO - 24/10/24 18:16:29 INFO BlockManagerInfo: Removed broadcast_0_piece0 on f55139681ae8:44703 in memory (size: 34.1 KiB, free: 434.4 MiB)
[2024-10-24T18:16:29.659+0000] {spark_submit.py:524} INFO - 24/10/24 18:16:29 INFO BlockManagerInfo: Removed broadcast_0_piece0 on 172.18.0.5:38403 in memory (size: 34.1 KiB, free: 434.4 MiB)
[2024-10-24T18:16:29.665+0000] {spark_submit.py:524} INFO - 24/10/24 18:16:29 INFO BlockManagerInfo: Added broadcast_3_piece0 in memory on 172.18.0.5:38403 (size: 8.3 KiB, free: 434.4 MiB)
[2024-10-24T18:16:29.768+0000] {spark_submit.py:524} INFO - 24/10/24 18:16:29 INFO BlockManagerInfo: Added broadcast_2_piece0 in memory on 172.18.0.5:38403 (size: 34.1 KiB, free: 434.4 MiB)
[2024-10-24T18:16:29.833+0000] {spark_submit.py:524} INFO - 24/10/24 18:16:29 INFO TaskSetManager: Finished task 0.0 in stage 1.0 (TID 1) in 213 ms on 172.18.0.5 (executor 0) (1/1)
[2024-10-24T18:16:29.833+0000] {spark_submit.py:524} INFO - 24/10/24 18:16:29 INFO TaskSchedulerImpl: Removed TaskSet 1.0, whose tasks have all completed, from pool
[2024-10-24T18:16:29.835+0000] {spark_submit.py:524} INFO - 24/10/24 18:16:29 INFO DAGScheduler: ShuffleMapStage 1 (count at NativeMethodAccessorImpl.java:0) finished in 0.238 s
[2024-10-24T18:16:29.835+0000] {spark_submit.py:524} INFO - 24/10/24 18:16:29 INFO DAGScheduler: looking for newly runnable stages
[2024-10-24T18:16:29.836+0000] {spark_submit.py:524} INFO - 24/10/24 18:16:29 INFO DAGScheduler: running: Set()
[2024-10-24T18:16:29.836+0000] {spark_submit.py:524} INFO - 24/10/24 18:16:29 INFO DAGScheduler: waiting: Set()
[2024-10-24T18:16:29.837+0000] {spark_submit.py:524} INFO - 24/10/24 18:16:29 INFO DAGScheduler: failed: Set()
[2024-10-24T18:16:29.878+0000] {spark_submit.py:524} INFO - 24/10/24 18:16:29 INFO CodeGenerator: Code generated in 15.853951 ms
[2024-10-24T18:16:29.905+0000] {spark_submit.py:524} INFO - 24/10/24 18:16:29 INFO SparkContext: Starting job: count at NativeMethodAccessorImpl.java:0
[2024-10-24T18:16:29.907+0000] {spark_submit.py:524} INFO - 24/10/24 18:16:29 INFO DAGScheduler: Got job 2 (count at NativeMethodAccessorImpl.java:0) with 1 output partitions
[2024-10-24T18:16:29.907+0000] {spark_submit.py:524} INFO - 24/10/24 18:16:29 INFO DAGScheduler: Final stage: ResultStage 3 (count at NativeMethodAccessorImpl.java:0)
[2024-10-24T18:16:29.907+0000] {spark_submit.py:524} INFO - 24/10/24 18:16:29 INFO DAGScheduler: Parents of final stage: List(ShuffleMapStage 2)
[2024-10-24T18:16:29.907+0000] {spark_submit.py:524} INFO - 24/10/24 18:16:29 INFO DAGScheduler: Missing parents: List()
[2024-10-24T18:16:29.908+0000] {spark_submit.py:524} INFO - 24/10/24 18:16:29 INFO DAGScheduler: Submitting ResultStage 3 (MapPartitionsRDD[10] at count at NativeMethodAccessorImpl.java:0), which has no missing parents
[2024-10-24T18:16:29.914+0000] {spark_submit.py:524} INFO - 24/10/24 18:16:29 INFO MemoryStore: Block broadcast_4 stored as values in memory (estimated size 12.5 KiB, free 434.1 MiB)
[2024-10-24T18:16:29.918+0000] {spark_submit.py:524} INFO - 24/10/24 18:16:29 INFO MemoryStore: Block broadcast_4_piece0 stored as bytes in memory (estimated size 5.9 KiB, free 434.1 MiB)
[2024-10-24T18:16:29.920+0000] {spark_submit.py:524} INFO - 24/10/24 18:16:29 INFO BlockManagerInfo: Added broadcast_4_piece0 in memory on f55139681ae8:44703 (size: 5.9 KiB, free: 434.4 MiB)
[2024-10-24T18:16:29.921+0000] {spark_submit.py:524} INFO - 24/10/24 18:16:29 INFO BlockManagerInfo: Removed broadcast_3_piece0 on f55139681ae8:44703 in memory (size: 8.3 KiB, free: 434.4 MiB)
[2024-10-24T18:16:29.921+0000] {spark_submit.py:524} INFO - 24/10/24 18:16:29 INFO SparkContext: Created broadcast 4 from broadcast at DAGScheduler.scala:1580
[2024-10-24T18:16:29.922+0000] {spark_submit.py:524} INFO - 24/10/24 18:16:29 INFO DAGScheduler: Submitting 1 missing tasks from ResultStage 3 (MapPartitionsRDD[10] at count at NativeMethodAccessorImpl.java:0) (first 15 tasks are for partitions Vector(0))
[2024-10-24T18:16:29.922+0000] {spark_submit.py:524} INFO - 24/10/24 18:16:29 INFO TaskSchedulerImpl: Adding task set 3.0 with 1 tasks resource profile 0
[2024-10-24T18:16:29.923+0000] {spark_submit.py:524} INFO - 24/10/24 18:16:29 INFO BlockManagerInfo: Removed broadcast_3_piece0 on 172.18.0.5:38403 in memory (size: 8.3 KiB, free: 434.4 MiB)
[2024-10-24T18:16:29.928+0000] {spark_submit.py:524} INFO - 24/10/24 18:16:29 INFO TaskSetManager: Starting task 0.0 in stage 3.0 (TID 2) (172.18.0.5, executor 0, partition 0, NODE_LOCAL, 7619 bytes)
[2024-10-24T18:16:29.957+0000] {spark_submit.py:524} INFO - 24/10/24 18:16:29 INFO BlockManagerInfo: Added broadcast_4_piece0 in memory on 172.18.0.5:38403 (size: 5.9 KiB, free: 434.4 MiB)
[2024-10-24T18:16:29.981+0000] {spark_submit.py:524} INFO - 24/10/24 18:16:29 INFO MapOutputTrackerMasterEndpoint: Asked to send map output locations for shuffle 0 to 172.18.0.5:49612
[2024-10-24T18:16:30.101+0000] {spark_submit.py:524} INFO - 24/10/24 18:16:30 INFO TaskSetManager: Finished task 0.0 in stage 3.0 (TID 2) in 175 ms on 172.18.0.5 (executor 0) (1/1)
[2024-10-24T18:16:30.102+0000] {spark_submit.py:524} INFO - 24/10/24 18:16:30 INFO TaskSchedulerImpl: Removed TaskSet 3.0, whose tasks have all completed, from pool
[2024-10-24T18:16:30.103+0000] {spark_submit.py:524} INFO - 24/10/24 18:16:30 INFO DAGScheduler: ResultStage 3 (count at NativeMethodAccessorImpl.java:0) finished in 0.190 s
[2024-10-24T18:16:30.103+0000] {spark_submit.py:524} INFO - 24/10/24 18:16:30 INFO DAGScheduler: Job 2 is finished. Cancelling potential speculative or zombie tasks for this job
[2024-10-24T18:16:30.103+0000] {spark_submit.py:524} INFO - 24/10/24 18:16:30 INFO TaskSchedulerImpl: Killing all running tasks in stage 3: Stage finished
[2024-10-24T18:16:30.104+0000] {spark_submit.py:524} INFO - 24/10/24 18:16:30 INFO DAGScheduler: Job 2 finished: count at NativeMethodAccessorImpl.java:0, took 0.198227 s
[2024-10-24T18:16:30.141+0000] {spark_submit.py:524} INFO - 24/10/24 18:16:30 INFO FileSourceStrategy: Pushed Filters:
[2024-10-24T18:16:30.141+0000] {spark_submit.py:524} INFO - 24/10/24 18:16:30 INFO FileSourceStrategy: Post-Scan Filters:
[2024-10-24T18:16:30.162+0000] {spark_submit.py:524} INFO - 24/10/24 18:16:30 INFO MemoryStore: Block broadcast_5 stored as values in memory (estimated size 199.1 KiB, free 434.0 MiB)
[2024-10-24T18:16:30.170+0000] {spark_submit.py:524} INFO - 24/10/24 18:16:30 INFO BlockManagerInfo: Removed broadcast_4_piece0 on f55139681ae8:44703 in memory (size: 5.9 KiB, free: 434.4 MiB)
[2024-10-24T18:16:30.173+0000] {spark_submit.py:524} INFO - 24/10/24 18:16:30 INFO BlockManagerInfo: Removed broadcast_4_piece0 on 172.18.0.5:38403 in memory (size: 5.9 KiB, free: 434.4 MiB)
[2024-10-24T18:16:30.176+0000] {spark_submit.py:524} INFO - 24/10/24 18:16:30 INFO MemoryStore: Block broadcast_5_piece0 stored as bytes in memory (estimated size 34.1 KiB, free 433.9 MiB)
[2024-10-24T18:16:30.176+0000] {spark_submit.py:524} INFO - 24/10/24 18:16:30 INFO BlockManagerInfo: Added broadcast_5_piece0 in memory on f55139681ae8:44703 (size: 34.1 KiB, free: 434.3 MiB)
[2024-10-24T18:16:30.178+0000] {spark_submit.py:524} INFO - 24/10/24 18:16:30 INFO SparkContext: Created broadcast 5 from count at NativeMethodAccessorImpl.java:0
[2024-10-24T18:16:30.179+0000] {spark_submit.py:524} INFO - 24/10/24 18:16:30 INFO FileSourceScanExec: Planning scan with bin packing, max size: 4194304 bytes, open cost is considered as scanning 4194304 bytes.
[2024-10-24T18:16:30.185+0000] {spark_submit.py:524} INFO - 24/10/24 18:16:30 INFO DAGScheduler: Registering RDD 14 (count at NativeMethodAccessorImpl.java:0) as input to shuffle 1
[2024-10-24T18:16:30.185+0000] {spark_submit.py:524} INFO - 24/10/24 18:16:30 INFO DAGScheduler: Got map stage job 3 (count at NativeMethodAccessorImpl.java:0) with 1 output partitions
[2024-10-24T18:16:30.186+0000] {spark_submit.py:524} INFO - 24/10/24 18:16:30 INFO DAGScheduler: Final stage: ShuffleMapStage 4 (count at NativeMethodAccessorImpl.java:0)
[2024-10-24T18:16:30.186+0000] {spark_submit.py:524} INFO - 24/10/24 18:16:30 INFO DAGScheduler: Parents of final stage: List()
[2024-10-24T18:16:30.186+0000] {spark_submit.py:524} INFO - 24/10/24 18:16:30 INFO DAGScheduler: Missing parents: List()
[2024-10-24T18:16:30.186+0000] {spark_submit.py:524} INFO - 24/10/24 18:16:30 INFO DAGScheduler: Submitting ShuffleMapStage 4 (MapPartitionsRDD[14] at count at NativeMethodAccessorImpl.java:0), which has no missing parents
[2024-10-24T18:16:30.189+0000] {spark_submit.py:524} INFO - 24/10/24 18:16:30 INFO MemoryStore: Block broadcast_6 stored as values in memory (estimated size 17.0 KiB, free 433.9 MiB)
[2024-10-24T18:16:30.191+0000] {spark_submit.py:524} INFO - 24/10/24 18:16:30 INFO MemoryStore: Block broadcast_6_piece0 stored as bytes in memory (estimated size 8.3 KiB, free 433.9 MiB)
[2024-10-24T18:16:30.192+0000] {spark_submit.py:524} INFO - 24/10/24 18:16:30 INFO BlockManagerInfo: Added broadcast_6_piece0 in memory on f55139681ae8:44703 (size: 8.3 KiB, free: 434.3 MiB)
[2024-10-24T18:16:30.192+0000] {spark_submit.py:524} INFO - 24/10/24 18:16:30 INFO SparkContext: Created broadcast 6 from broadcast at DAGScheduler.scala:1580
[2024-10-24T18:16:30.193+0000] {spark_submit.py:524} INFO - 24/10/24 18:16:30 INFO DAGScheduler: Submitting 1 missing tasks from ShuffleMapStage 4 (MapPartitionsRDD[14] at count at NativeMethodAccessorImpl.java:0) (first 15 tasks are for partitions Vector(0))
[2024-10-24T18:16:30.193+0000] {spark_submit.py:524} INFO - 24/10/24 18:16:30 INFO TaskSchedulerImpl: Adding task set 4.0 with 1 tasks resource profile 0
[2024-10-24T18:16:30.195+0000] {spark_submit.py:524} INFO - 24/10/24 18:16:30 INFO TaskSetManager: Starting task 0.0 in stage 4.0 (TID 3) (172.18.0.5, executor 0, partition 0, PROCESS_LOCAL, 8241 bytes)
[2024-10-24T18:16:30.220+0000] {spark_submit.py:524} INFO - 24/10/24 18:16:30 INFO BlockManagerInfo: Added broadcast_6_piece0 in memory on 172.18.0.5:38403 (size: 8.3 KiB, free: 434.4 MiB)
[2024-10-24T18:16:30.239+0000] {spark_submit.py:524} INFO - 24/10/24 18:16:30 INFO BlockManagerInfo: Added broadcast_5_piece0 in memory on 172.18.0.5:38403 (size: 34.1 KiB, free: 434.3 MiB)
[2024-10-24T18:16:30.284+0000] {spark_submit.py:524} INFO - 24/10/24 18:16:30 INFO TaskSetManager: Finished task 0.0 in stage 4.0 (TID 3) in 90 ms on 172.18.0.5 (executor 0) (1/1)
[2024-10-24T18:16:30.284+0000] {spark_submit.py:524} INFO - 24/10/24 18:16:30 INFO TaskSchedulerImpl: Removed TaskSet 4.0, whose tasks have all completed, from pool
[2024-10-24T18:16:30.285+0000] {spark_submit.py:524} INFO - 24/10/24 18:16:30 INFO DAGScheduler: ShuffleMapStage 4 (count at NativeMethodAccessorImpl.java:0) finished in 0.098 s
[2024-10-24T18:16:30.286+0000] {spark_submit.py:524} INFO - 24/10/24 18:16:30 INFO DAGScheduler: looking for newly runnable stages
[2024-10-24T18:16:30.286+0000] {spark_submit.py:524} INFO - 24/10/24 18:16:30 INFO DAGScheduler: running: Set()
[2024-10-24T18:16:30.286+0000] {spark_submit.py:524} INFO - 24/10/24 18:16:30 INFO DAGScheduler: waiting: Set()
[2024-10-24T18:16:30.286+0000] {spark_submit.py:524} INFO - 24/10/24 18:16:30 INFO DAGScheduler: failed: Set()
[2024-10-24T18:16:30.316+0000] {spark_submit.py:524} INFO - 24/10/24 18:16:30 INFO SparkContext: Starting job: count at NativeMethodAccessorImpl.java:0
[2024-10-24T18:16:30.317+0000] {spark_submit.py:524} INFO - 24/10/24 18:16:30 INFO DAGScheduler: Got job 4 (count at NativeMethodAccessorImpl.java:0) with 1 output partitions
[2024-10-24T18:16:30.317+0000] {spark_submit.py:524} INFO - 24/10/24 18:16:30 INFO DAGScheduler: Final stage: ResultStage 6 (count at NativeMethodAccessorImpl.java:0)
[2024-10-24T18:16:30.317+0000] {spark_submit.py:524} INFO - 24/10/24 18:16:30 INFO DAGScheduler: Parents of final stage: List(ShuffleMapStage 5)
[2024-10-24T18:16:30.317+0000] {spark_submit.py:524} INFO - 24/10/24 18:16:30 INFO DAGScheduler: Missing parents: List()
[2024-10-24T18:16:30.318+0000] {spark_submit.py:524} INFO - 24/10/24 18:16:30 INFO DAGScheduler: Submitting ResultStage 6 (MapPartitionsRDD[17] at count at NativeMethodAccessorImpl.java:0), which has no missing parents
[2024-10-24T18:16:30.320+0000] {spark_submit.py:524} INFO - 24/10/24 18:16:30 INFO MemoryStore: Block broadcast_7 stored as values in memory (estimated size 12.5 KiB, free 433.9 MiB)
[2024-10-24T18:16:30.324+0000] {spark_submit.py:524} INFO - 24/10/24 18:16:30 INFO MemoryStore: Block broadcast_7_piece0 stored as bytes in memory (estimated size 5.9 KiB, free 433.9 MiB)
[2024-10-24T18:16:30.326+0000] {spark_submit.py:524} INFO - 24/10/24 18:16:30 INFO BlockManagerInfo: Added broadcast_7_piece0 in memory on f55139681ae8:44703 (size: 5.9 KiB, free: 434.3 MiB)
[2024-10-24T18:16:30.326+0000] {spark_submit.py:524} INFO - 24/10/24 18:16:30 INFO BlockManagerInfo: Removed broadcast_6_piece0 on f55139681ae8:44703 in memory (size: 8.3 KiB, free: 434.3 MiB)
[2024-10-24T18:16:30.327+0000] {spark_submit.py:524} INFO - 24/10/24 18:16:30 INFO SparkContext: Created broadcast 7 from broadcast at DAGScheduler.scala:1580
[2024-10-24T18:16:30.327+0000] {spark_submit.py:524} INFO - 24/10/24 18:16:30 INFO DAGScheduler: Submitting 1 missing tasks from ResultStage 6 (MapPartitionsRDD[17] at count at NativeMethodAccessorImpl.java:0) (first 15 tasks are for partitions Vector(0))
[2024-10-24T18:16:30.328+0000] {spark_submit.py:524} INFO - 24/10/24 18:16:30 INFO TaskSchedulerImpl: Adding task set 6.0 with 1 tasks resource profile 0
[2024-10-24T18:16:30.329+0000] {spark_submit.py:524} INFO - 24/10/24 18:16:30 INFO TaskSetManager: Starting task 0.0 in stage 6.0 (TID 4) (172.18.0.5, executor 0, partition 0, NODE_LOCAL, 7619 bytes)
[2024-10-24T18:16:30.333+0000] {spark_submit.py:524} INFO - 24/10/24 18:16:30 INFO BlockManagerInfo: Removed broadcast_6_piece0 on 172.18.0.5:38403 in memory (size: 8.3 KiB, free: 434.3 MiB)
[2024-10-24T18:16:30.349+0000] {spark_submit.py:524} INFO - 24/10/24 18:16:30 INFO BlockManagerInfo: Added broadcast_7_piece0 in memory on 172.18.0.5:38403 (size: 5.9 KiB, free: 434.3 MiB)
[2024-10-24T18:16:30.356+0000] {spark_submit.py:524} INFO - 24/10/24 18:16:30 INFO MapOutputTrackerMasterEndpoint: Asked to send map output locations for shuffle 1 to 172.18.0.5:49612
[2024-10-24T18:16:30.380+0000] {spark_submit.py:524} INFO - 24/10/24 18:16:30 INFO TaskSetManager: Finished task 0.0 in stage 6.0 (TID 4) in 51 ms on 172.18.0.5 (executor 0) (1/1)
[2024-10-24T18:16:30.381+0000] {spark_submit.py:524} INFO - 24/10/24 18:16:30 INFO TaskSchedulerImpl: Removed TaskSet 6.0, whose tasks have all completed, from pool
[2024-10-24T18:16:30.382+0000] {spark_submit.py:524} INFO - 24/10/24 18:16:30 INFO DAGScheduler: ResultStage 6 (count at NativeMethodAccessorImpl.java:0) finished in 0.063 s
[2024-10-24T18:16:30.382+0000] {spark_submit.py:524} INFO - 24/10/24 18:16:30 INFO DAGScheduler: Job 4 is finished. Cancelling potential speculative or zombie tasks for this job
[2024-10-24T18:16:30.383+0000] {spark_submit.py:524} INFO - 24/10/24 18:16:30 INFO TaskSchedulerImpl: Killing all running tasks in stage 6: Stage finished
[2024-10-24T18:16:30.384+0000] {spark_submit.py:524} INFO - 24/10/24 18:16:30 INFO DAGScheduler: Job 4 finished: count at NativeMethodAccessorImpl.java:0, took 0.067540 s
[2024-10-24T18:16:30.386+0000] {spark_submit.py:524} INFO - Quantidade:  50
[2024-10-24T18:16:30.479+0000] {spark_submit.py:524} INFO - 24/10/24 18:16:30 INFO FileSourceStrategy: Pushed Filters:
[2024-10-24T18:16:30.479+0000] {spark_submit.py:524} INFO - 24/10/24 18:16:30 INFO FileSourceStrategy: Post-Scan Filters:
[2024-10-24T18:16:30.522+0000] {spark_submit.py:524} INFO - 24/10/24 18:16:30 INFO ParquetUtils: Using default output committer for Parquet: org.apache.parquet.hadoop.ParquetOutputCommitter
[2024-10-24T18:16:30.538+0000] {spark_submit.py:524} INFO - 24/10/24 18:16:30 INFO FileOutputCommitter: File Output Committer Algorithm version is 1
[2024-10-24T18:16:30.538+0000] {spark_submit.py:524} INFO - 24/10/24 18:16:30 INFO FileOutputCommitter: FileOutputCommitter skip cleanup _temporary folders under output directory:false, ignore cleanup failures: false
[2024-10-24T18:16:30.539+0000] {spark_submit.py:524} INFO - 24/10/24 18:16:30 INFO SQLHadoopMapReduceCommitProtocol: Using user defined output committer class org.apache.parquet.hadoop.ParquetOutputCommitter
[2024-10-24T18:16:30.539+0000] {spark_submit.py:524} INFO - 24/10/24 18:16:30 INFO FileOutputCommitter: File Output Committer Algorithm version is 1
[2024-10-24T18:16:30.539+0000] {spark_submit.py:524} INFO - 24/10/24 18:16:30 INFO FileOutputCommitter: FileOutputCommitter skip cleanup _temporary folders under output directory:false, ignore cleanup failures: false
[2024-10-24T18:16:30.540+0000] {spark_submit.py:524} INFO - 24/10/24 18:16:30 INFO SQLHadoopMapReduceCommitProtocol: Using output committer class org.apache.parquet.hadoop.ParquetOutputCommitter
[2024-10-24T18:16:30.600+0000] {spark_submit.py:524} INFO - 24/10/24 18:16:30 INFO CodeGenerator: Code generated in 35.967437 ms
[2024-10-24T18:16:30.604+0000] {spark_submit.py:524} INFO - 24/10/24 18:16:30 INFO MemoryStore: Block broadcast_8 stored as values in memory (estimated size 199.1 KiB, free 433.7 MiB)
[2024-10-24T18:16:30.615+0000] {spark_submit.py:524} INFO - 24/10/24 18:16:30 INFO BlockManagerInfo: Removed broadcast_7_piece0 on f55139681ae8:44703 in memory (size: 5.9 KiB, free: 434.3 MiB)
[2024-10-24T18:16:30.617+0000] {spark_submit.py:524} INFO - 24/10/24 18:16:30 INFO BlockManagerInfo: Removed broadcast_7_piece0 on 172.18.0.5:38403 in memory (size: 5.9 KiB, free: 434.3 MiB)
[2024-10-24T18:16:30.621+0000] {spark_submit.py:524} INFO - 24/10/24 18:16:30 INFO MemoryStore: Block broadcast_8_piece0 stored as bytes in memory (estimated size 34.1 KiB, free 433.7 MiB)
[2024-10-24T18:16:30.622+0000] {spark_submit.py:524} INFO - 24/10/24 18:16:30 INFO BlockManagerInfo: Added broadcast_8_piece0 in memory on f55139681ae8:44703 (size: 34.1 KiB, free: 434.3 MiB)
[2024-10-24T18:16:30.623+0000] {spark_submit.py:524} INFO - 24/10/24 18:16:30 INFO SparkContext: Created broadcast 8 from save at NativeMethodAccessorImpl.java:0
[2024-10-24T18:16:30.625+0000] {spark_submit.py:524} INFO - 24/10/24 18:16:30 INFO FileSourceScanExec: Planning scan with bin packing, max size: 4194304 bytes, open cost is considered as scanning 4194304 bytes.
[2024-10-24T18:16:30.626+0000] {spark_submit.py:524} INFO - 24/10/24 18:16:30 INFO BlockManagerInfo: Removed broadcast_5_piece0 on f55139681ae8:44703 in memory (size: 34.1 KiB, free: 434.3 MiB)
[2024-10-24T18:16:30.629+0000] {spark_submit.py:524} INFO - 24/10/24 18:16:30 INFO BlockManagerInfo: Removed broadcast_5_piece0 on 172.18.0.5:38403 in memory (size: 34.1 KiB, free: 434.4 MiB)
[2024-10-24T18:16:30.660+0000] {spark_submit.py:524} INFO - 24/10/24 18:16:30 INFO SparkContext: Starting job: save at NativeMethodAccessorImpl.java:0
[2024-10-24T18:16:30.663+0000] {spark_submit.py:524} INFO - 24/10/24 18:16:30 INFO DAGScheduler: Got job 5 (save at NativeMethodAccessorImpl.java:0) with 1 output partitions
[2024-10-24T18:16:30.663+0000] {spark_submit.py:524} INFO - 24/10/24 18:16:30 INFO DAGScheduler: Final stage: ResultStage 7 (save at NativeMethodAccessorImpl.java:0)
[2024-10-24T18:16:30.664+0000] {spark_submit.py:524} INFO - 24/10/24 18:16:30 INFO DAGScheduler: Parents of final stage: List()
[2024-10-24T18:16:30.664+0000] {spark_submit.py:524} INFO - 24/10/24 18:16:30 INFO DAGScheduler: Missing parents: List()
[2024-10-24T18:16:30.664+0000] {spark_submit.py:524} INFO - 24/10/24 18:16:30 INFO DAGScheduler: Submitting ResultStage 7 (MapPartitionsRDD[21] at save at NativeMethodAccessorImpl.java:0), which has no missing parents
[2024-10-24T18:16:30.700+0000] {spark_submit.py:524} INFO - 24/10/24 18:16:30 INFO MemoryStore: Block broadcast_9 stored as values in memory (estimated size 236.4 KiB, free 433.7 MiB)
[2024-10-24T18:16:30.708+0000] {spark_submit.py:524} INFO - 24/10/24 18:16:30 INFO MemoryStore: Block broadcast_9_piece0 stored as bytes in memory (estimated size 85.6 KiB, free 433.6 MiB)
[2024-10-24T18:16:30.710+0000] {spark_submit.py:524} INFO - 24/10/24 18:16:30 INFO BlockManagerInfo: Added broadcast_9_piece0 in memory on f55139681ae8:44703 (size: 85.6 KiB, free: 434.2 MiB)
[2024-10-24T18:16:30.710+0000] {spark_submit.py:524} INFO - 24/10/24 18:16:30 INFO SparkContext: Created broadcast 9 from broadcast at DAGScheduler.scala:1580
[2024-10-24T18:16:30.711+0000] {spark_submit.py:524} INFO - 24/10/24 18:16:30 INFO DAGScheduler: Submitting 1 missing tasks from ResultStage 7 (MapPartitionsRDD[21] at save at NativeMethodAccessorImpl.java:0) (first 15 tasks are for partitions Vector(0))
[2024-10-24T18:16:30.711+0000] {spark_submit.py:524} INFO - 24/10/24 18:16:30 INFO TaskSchedulerImpl: Adding task set 7.0 with 1 tasks resource profile 0
[2024-10-24T18:16:30.713+0000] {spark_submit.py:524} INFO - 24/10/24 18:16:30 INFO TaskSetManager: Starting task 0.0 in stage 7.0 (TID 5) (172.18.0.5, executor 0, partition 0, PROCESS_LOCAL, 8252 bytes)
[2024-10-24T18:16:30.729+0000] {spark_submit.py:524} INFO - 24/10/24 18:16:30 INFO BlockManagerInfo: Added broadcast_9_piece0 in memory on 172.18.0.5:38403 (size: 85.6 KiB, free: 434.3 MiB)
[2024-10-24T18:16:30.971+0000] {spark_submit.py:524} INFO - 24/10/24 18:16:30 INFO BlockManagerInfo: Added broadcast_8_piece0 in memory on 172.18.0.5:38403 (size: 34.1 KiB, free: 434.2 MiB)
[2024-10-24T18:16:32.138+0000] {spark_submit.py:524} INFO - 24/10/24 18:16:32 INFO TaskSetManager: Finished task 0.0 in stage 7.0 (TID 5) in 1426 ms on 172.18.0.5 (executor 0) (1/1)
[2024-10-24T18:16:32.138+0000] {spark_submit.py:524} INFO - 24/10/24 18:16:32 INFO TaskSchedulerImpl: Removed TaskSet 7.0, whose tasks have all completed, from pool
[2024-10-24T18:16:32.139+0000] {spark_submit.py:524} INFO - 24/10/24 18:16:32 INFO DAGScheduler: ResultStage 7 (save at NativeMethodAccessorImpl.java:0) finished in 1.474 s
[2024-10-24T18:16:32.140+0000] {spark_submit.py:524} INFO - 24/10/24 18:16:32 INFO DAGScheduler: Job 5 is finished. Cancelling potential speculative or zombie tasks for this job
[2024-10-24T18:16:32.140+0000] {spark_submit.py:524} INFO - 24/10/24 18:16:32 INFO TaskSchedulerImpl: Killing all running tasks in stage 7: Stage finished
[2024-10-24T18:16:32.141+0000] {spark_submit.py:524} INFO - 24/10/24 18:16:32 INFO DAGScheduler: Job 5 finished: save at NativeMethodAccessorImpl.java:0, took 1.480242 s
[2024-10-24T18:16:32.142+0000] {spark_submit.py:524} INFO - 24/10/24 18:16:32 INFO FileFormatWriter: Start to commit write Job cfbfc4c6-712b-4479-8274-40418f8724b4.
[2024-10-24T18:16:32.169+0000] {spark_submit.py:524} INFO - 24/10/24 18:16:32 INFO FileFormatWriter: Write Job cfbfc4c6-712b-4479-8274-40418f8724b4 committed. Elapsed time: 25 ms.
[2024-10-24T18:16:32.172+0000] {spark_submit.py:524} INFO - 24/10/24 18:16:32 INFO FileFormatWriter: Finished processing stats for write job cfbfc4c6-712b-4479-8274-40418f8724b4.
[2024-10-24T18:16:32.179+0000] {spark_submit.py:524} INFO - Arquivos gerados com sucesso na camada Silver
[2024-10-24T18:16:32.179+0000] {spark_submit.py:524} INFO - 24/10/24 18:16:32 INFO SparkContext: SparkContext is stopping with exitCode 0.
[2024-10-24T18:16:32.189+0000] {spark_submit.py:524} INFO - 24/10/24 18:16:32 INFO SparkUI: Stopped Spark web UI at http://f55139681ae8:4040
[2024-10-24T18:16:32.192+0000] {spark_submit.py:524} INFO - 24/10/24 18:16:32 INFO StandaloneSchedulerBackend: Shutting down all executors
[2024-10-24T18:16:32.192+0000] {spark_submit.py:524} INFO - 24/10/24 18:16:32 INFO StandaloneSchedulerBackend$StandaloneDriverEndpoint: Asking each executor to shut down
[2024-10-24T18:16:32.226+0000] {spark_submit.py:524} INFO - 24/10/24 18:16:32 INFO MapOutputTrackerMasterEndpoint: MapOutputTrackerMasterEndpoint stopped!
[2024-10-24T18:16:32.257+0000] {spark_submit.py:524} INFO - 24/10/24 18:16:32 INFO MemoryStore: MemoryStore cleared
[2024-10-24T18:16:32.257+0000] {spark_submit.py:524} INFO - 24/10/24 18:16:32 INFO BlockManager: BlockManager stopped
[2024-10-24T18:16:32.262+0000] {spark_submit.py:524} INFO - 24/10/24 18:16:32 INFO BlockManagerMaster: BlockManagerMaster stopped
[2024-10-24T18:16:32.266+0000] {spark_submit.py:524} INFO - 24/10/24 18:16:32 INFO OutputCommitCoordinator$OutputCommitCoordinatorEndpoint: OutputCommitCoordinator stopped!
[2024-10-24T18:16:32.281+0000] {spark_submit.py:524} INFO - 24/10/24 18:16:32 INFO SparkContext: Successfully stopped SparkContext
[2024-10-24T18:16:32.693+0000] {spark_submit.py:524} INFO - 24/10/24 18:16:32 INFO ShutdownHookManager: Shutdown hook called
[2024-10-24T18:16:32.693+0000] {spark_submit.py:524} INFO - 24/10/24 18:16:32 INFO ShutdownHookManager: Deleting directory /tmp/spark-300f6edc-45b8-40d7-a6dc-cb1bbb343d51/pyspark-8c1ea0a0-0953-4eae-b62e-3daf2674a1f2
[2024-10-24T18:16:32.698+0000] {spark_submit.py:524} INFO - 24/10/24 18:16:32 INFO ShutdownHookManager: Deleting directory /tmp/spark-14438d63-ddb1-4ebb-a3bc-d652aeb1dec9
[2024-10-24T18:16:32.702+0000] {spark_submit.py:524} INFO - 24/10/24 18:16:32 INFO ShutdownHookManager: Deleting directory /tmp/spark-300f6edc-45b8-40d7-a6dc-cb1bbb343d51
[2024-10-24T18:16:32.757+0000] {taskinstance.py:1398} INFO - Marking task as SUCCESS. dag_id=api_openbrewerydb_to_silver_gold, task_id=Silver, execution_date=20241024T181619, start_date=20241024T181620, end_date=20241024T181632
[2024-10-24T18:16:32.807+0000] {local_task_job_runner.py:228} INFO - Task exited with return code 0
[2024-10-24T18:16:32.860+0000] {taskinstance.py:2776} INFO - 1 downstream tasks scheduled from follow-on schedule check
