[2024-10-24T14:35:12.626+0000] {taskinstance.py:1157} INFO - Dependencies all met for dep_context=non-requeueable deps ti=<TaskInstance: api_openbrewerydb_to_silver_gold.Gold scheduled__2023-11-30T08:00:00+00:00 [queued]>
[2024-10-24T14:35:12.633+0000] {taskinstance.py:1157} INFO - Dependencies all met for dep_context=requeueable deps ti=<TaskInstance: api_openbrewerydb_to_silver_gold.Gold scheduled__2023-11-30T08:00:00+00:00 [queued]>
[2024-10-24T14:35:12.633+0000] {taskinstance.py:1359} INFO - Starting attempt 1 of 2
[2024-10-24T14:35:12.643+0000] {taskinstance.py:1380} INFO - Executing <Task(SparkSubmitOperator): Gold> on 2023-11-30 08:00:00+00:00
[2024-10-24T14:35:12.647+0000] {standard_task_runner.py:57} INFO - Started process 13133 to run task
[2024-10-24T14:35:12.649+0000] {standard_task_runner.py:84} INFO - Running: ['***', 'tasks', 'run', 'api_openbrewerydb_to_silver_gold', 'Gold', 'scheduled__2023-11-30T08:00:00+00:00', '--job-id', '86', '--raw', '--subdir', 'DAGS_FOLDER/api_openbrewerydb_to_silver.py', '--cfg-path', '/tmp/tmpwy0pjr_q']
[2024-10-24T14:35:12.653+0000] {standard_task_runner.py:85} INFO - Job 86: Subtask Gold
[2024-10-24T14:35:12.697+0000] {task_command.py:415} INFO - Running <TaskInstance: api_openbrewerydb_to_silver_gold.Gold scheduled__2023-11-30T08:00:00+00:00 [running]> on host 96f89615839b
[2024-10-24T14:35:12.778+0000] {taskinstance.py:1660} INFO - Exporting env vars: AIRFLOW_CTX_DAG_OWNER='Rodrigo Araujo' AIRFLOW_CTX_DAG_ID='api_openbrewerydb_to_silver_gold' AIRFLOW_CTX_TASK_ID='Gold' AIRFLOW_CTX_EXECUTION_DATE='2023-11-30T08:00:00+00:00' AIRFLOW_CTX_TRY_NUMBER='1' AIRFLOW_CTX_DAG_RUN_ID='scheduled__2023-11-30T08:00:00+00:00'
[2024-10-24T14:35:12.788+0000] {base.py:73} INFO - Using connection ID 'spark-conn' for task execution.
[2024-10-24T14:35:12.789+0000] {spark_submit.py:363} INFO - Spark-Submit cmd: spark-submit --master spark://spark-master:7077 --name arrow-spark jobs/gold/api_openbrewerydb.py
[2024-10-24T14:35:15.605+0000] {spark_submit.py:524} INFO - 24/10/24 14:35:15 INFO SparkContext: Running Spark version 3.5.3
[2024-10-24T14:35:15.607+0000] {spark_submit.py:524} INFO - 24/10/24 14:35:15 INFO SparkContext: OS info Linux, 5.15.0-124-generic, amd64
[2024-10-24T14:35:15.608+0000] {spark_submit.py:524} INFO - 24/10/24 14:35:15 INFO SparkContext: Java version 11.0.25
[2024-10-24T14:35:15.663+0000] {spark_submit.py:524} INFO - 24/10/24 14:35:15 WARN NativeCodeLoader: Unable to load native-hadoop library for your platform... using builtin-java classes where applicable
[2024-10-24T14:35:15.750+0000] {spark_submit.py:524} INFO - 24/10/24 14:35:15 INFO ResourceUtils: ==============================================================
[2024-10-24T14:35:15.750+0000] {spark_submit.py:524} INFO - 24/10/24 14:35:15 INFO ResourceUtils: No custom resources configured for spark.driver.
[2024-10-24T14:35:15.750+0000] {spark_submit.py:524} INFO - 24/10/24 14:35:15 INFO ResourceUtils: ==============================================================
[2024-10-24T14:35:15.751+0000] {spark_submit.py:524} INFO - 24/10/24 14:35:15 INFO SparkContext: Submitted application: IngestaoSilver
[2024-10-24T14:35:15.770+0000] {spark_submit.py:524} INFO - 24/10/24 14:35:15 INFO ResourceProfile: Default ResourceProfile created, executor resources: Map(memory -> name: memory, amount: 1024, script: , vendor: , offHeap -> name: offHeap, amount: 0, script: , vendor: ), task resources: Map(cpus -> name: cpus, amount: 1.0)
[2024-10-24T14:35:15.784+0000] {spark_submit.py:524} INFO - 24/10/24 14:35:15 INFO ResourceProfile: Limiting resource is cpu
[2024-10-24T14:35:15.785+0000] {spark_submit.py:524} INFO - 24/10/24 14:35:15 INFO ResourceProfileManager: Added ResourceProfile id: 0
[2024-10-24T14:35:15.831+0000] {spark_submit.py:524} INFO - 24/10/24 14:35:15 INFO SecurityManager: Changing view acls to: ***
[2024-10-24T14:35:15.831+0000] {spark_submit.py:524} INFO - 24/10/24 14:35:15 INFO SecurityManager: Changing modify acls to: ***
[2024-10-24T14:35:15.832+0000] {spark_submit.py:524} INFO - 24/10/24 14:35:15 INFO SecurityManager: Changing view acls groups to:
[2024-10-24T14:35:15.832+0000] {spark_submit.py:524} INFO - 24/10/24 14:35:15 INFO SecurityManager: Changing modify acls groups to:
[2024-10-24T14:35:15.833+0000] {spark_submit.py:524} INFO - 24/10/24 14:35:15 INFO SecurityManager: SecurityManager: authentication disabled; ui acls disabled; users with view permissions: ***; groups with view permissions: EMPTY; users with modify permissions: ***; groups with modify permissions: EMPTY
[2024-10-24T14:35:16.051+0000] {spark_submit.py:524} INFO - 24/10/24 14:35:16 INFO Utils: Successfully started service 'sparkDriver' on port 38911.
[2024-10-24T14:35:16.074+0000] {spark_submit.py:524} INFO - 24/10/24 14:35:16 INFO SparkEnv: Registering MapOutputTracker
[2024-10-24T14:35:16.102+0000] {spark_submit.py:524} INFO - 24/10/24 14:35:16 INFO SparkEnv: Registering BlockManagerMaster
[2024-10-24T14:35:16.121+0000] {spark_submit.py:524} INFO - 24/10/24 14:35:16 INFO BlockManagerMasterEndpoint: Using org.apache.spark.storage.DefaultTopologyMapper for getting topology information
[2024-10-24T14:35:16.121+0000] {spark_submit.py:524} INFO - 24/10/24 14:35:16 INFO BlockManagerMasterEndpoint: BlockManagerMasterEndpoint up
[2024-10-24T14:35:16.124+0000] {spark_submit.py:524} INFO - 24/10/24 14:35:16 INFO SparkEnv: Registering BlockManagerMasterHeartbeat
[2024-10-24T14:35:16.143+0000] {spark_submit.py:524} INFO - 24/10/24 14:35:16 INFO DiskBlockManager: Created local directory at /tmp/blockmgr-4b8a460f-e35b-4b41-9fad-a0908dc29030
[2024-10-24T14:35:16.156+0000] {spark_submit.py:524} INFO - 24/10/24 14:35:16 INFO MemoryStore: MemoryStore started with capacity 434.4 MiB
[2024-10-24T14:35:16.169+0000] {spark_submit.py:524} INFO - 24/10/24 14:35:16 INFO SparkEnv: Registering OutputCommitCoordinator
[2024-10-24T14:35:16.307+0000] {spark_submit.py:524} INFO - 24/10/24 14:35:16 INFO JettyUtils: Start Jetty 0.0.0.0:4040 for SparkUI
[2024-10-24T14:35:16.356+0000] {spark_submit.py:524} INFO - 24/10/24 14:35:16 INFO Utils: Successfully started service 'SparkUI' on port 4040.
[2024-10-24T14:35:16.469+0000] {spark_submit.py:524} INFO - 24/10/24 14:35:16 INFO StandaloneAppClient$ClientEndpoint: Connecting to master spark://spark-master:7077...
[2024-10-24T14:35:16.513+0000] {spark_submit.py:524} INFO - 24/10/24 14:35:16 INFO TransportClientFactory: Successfully created connection to spark-master/172.18.0.2:7077 after 25 ms (0 ms spent in bootstraps)
[2024-10-24T14:35:16.596+0000] {spark_submit.py:524} INFO - 24/10/24 14:35:16 INFO StandaloneSchedulerBackend: Connected to Spark cluster with app ID app-20241024143516-0081
[2024-10-24T14:35:16.599+0000] {spark_submit.py:524} INFO - 24/10/24 14:35:16 INFO StandaloneAppClient$ClientEndpoint: Executor added: app-20241024143516-0081/0 on worker-20241024142308-172.18.0.5-43899 (172.18.0.5:43899) with 2 core(s)
[2024-10-24T14:35:16.601+0000] {spark_submit.py:524} INFO - 24/10/24 14:35:16 INFO StandaloneSchedulerBackend: Granted executor ID app-20241024143516-0081/0 on hostPort 172.18.0.5:43899 with 2 core(s), 1024.0 MiB RAM
[2024-10-24T14:35:16.608+0000] {spark_submit.py:524} INFO - 24/10/24 14:35:16 INFO Utils: Successfully started service 'org.apache.spark.network.netty.NettyBlockTransferService' on port 34751.
[2024-10-24T14:35:16.609+0000] {spark_submit.py:524} INFO - 24/10/24 14:35:16 INFO NettyBlockTransferService: Server created on 96f89615839b:34751
[2024-10-24T14:35:16.612+0000] {spark_submit.py:524} INFO - 24/10/24 14:35:16 INFO BlockManager: Using org.apache.spark.storage.RandomBlockReplicationPolicy for block replication policy
[2024-10-24T14:35:16.625+0000] {spark_submit.py:524} INFO - 24/10/24 14:35:16 INFO BlockManagerMaster: Registering BlockManager BlockManagerId(driver, 96f89615839b, 34751, None)
[2024-10-24T14:35:16.629+0000] {spark_submit.py:524} INFO - 24/10/24 14:35:16 INFO BlockManagerMasterEndpoint: Registering block manager 96f89615839b:34751 with 434.4 MiB RAM, BlockManagerId(driver, 96f89615839b, 34751, None)
[2024-10-24T14:35:16.632+0000] {spark_submit.py:524} INFO - 24/10/24 14:35:16 INFO BlockManagerMaster: Registered BlockManager BlockManagerId(driver, 96f89615839b, 34751, None)
[2024-10-24T14:35:16.632+0000] {spark_submit.py:524} INFO - 24/10/24 14:35:16 INFO StandaloneAppClient$ClientEndpoint: Executor updated: app-20241024143516-0081/0 is now RUNNING
[2024-10-24T14:35:16.634+0000] {spark_submit.py:524} INFO - 24/10/24 14:35:16 INFO BlockManager: Initialized BlockManager: BlockManagerId(driver, 96f89615839b, 34751, None)
[2024-10-24T14:35:16.944+0000] {spark_submit.py:524} INFO - 24/10/24 14:35:16 INFO StandaloneSchedulerBackend: SchedulerBackend is ready for scheduling beginning after reached minRegisteredResourcesRatio: 0.0
[2024-10-24T14:35:17.185+0000] {spark_submit.py:524} INFO - Hello from Spark!
[2024-10-24T14:35:17.186+0000] {spark_submit.py:524} INFO - 24/10/24 14:35:17 INFO SparkContext: SparkContext is stopping with exitCode 0.
[2024-10-24T14:35:17.200+0000] {spark_submit.py:524} INFO - 24/10/24 14:35:17 INFO SparkUI: Stopped Spark web UI at http://96f89615839b:4040
[2024-10-24T14:35:17.207+0000] {spark_submit.py:524} INFO - 24/10/24 14:35:17 INFO StandaloneSchedulerBackend: Shutting down all executors
[2024-10-24T14:35:17.214+0000] {spark_submit.py:524} INFO - 24/10/24 14:35:17 INFO StandaloneSchedulerBackend$StandaloneDriverEndpoint: Asking each executor to shut down
[2024-10-24T14:35:17.234+0000] {spark_submit.py:524} INFO - 24/10/24 14:35:17 INFO MapOutputTrackerMasterEndpoint: MapOutputTrackerMasterEndpoint stopped!
[2024-10-24T14:35:17.243+0000] {spark_submit.py:524} INFO - 24/10/24 14:35:17 INFO MemoryStore: MemoryStore cleared
[2024-10-24T14:35:17.244+0000] {spark_submit.py:524} INFO - 24/10/24 14:35:17 INFO BlockManager: BlockManager stopped
[2024-10-24T14:35:17.251+0000] {spark_submit.py:524} INFO - 24/10/24 14:35:17 INFO BlockManagerMaster: BlockManagerMaster stopped
[2024-10-24T14:35:17.253+0000] {spark_submit.py:524} INFO - 24/10/24 14:35:17 INFO OutputCommitCoordinator$OutputCommitCoordinatorEndpoint: OutputCommitCoordinator stopped!
[2024-10-24T14:35:17.264+0000] {spark_submit.py:524} INFO - 24/10/24 14:35:17 INFO SparkContext: Successfully stopped SparkContext
[2024-10-24T14:35:17.516+0000] {spark_submit.py:524} INFO - 24/10/24 14:35:17 INFO ShutdownHookManager: Shutdown hook called
[2024-10-24T14:35:17.517+0000] {spark_submit.py:524} INFO - 24/10/24 14:35:17 INFO ShutdownHookManager: Deleting directory /tmp/spark-33cdd5e5-d2a4-498a-a532-536e2a4b98f7
[2024-10-24T14:35:17.520+0000] {spark_submit.py:524} INFO - 24/10/24 14:35:17 INFO ShutdownHookManager: Deleting directory /tmp/spark-cd5f5a3f-0620-4c65-ab30-a913f6ea3d06
[2024-10-24T14:35:17.522+0000] {spark_submit.py:524} INFO - 24/10/24 14:35:17 INFO ShutdownHookManager: Deleting directory /tmp/spark-cd5f5a3f-0620-4c65-ab30-a913f6ea3d06/pyspark-825fe425-e8ab-4c25-a0a4-812034e38085
[2024-10-24T14:35:17.573+0000] {taskinstance.py:1398} INFO - Marking task as SUCCESS. dag_id=api_openbrewerydb_to_silver_gold, task_id=Gold, execution_date=20231130T080000, start_date=20241024T143512, end_date=20241024T143517
[2024-10-24T14:35:17.594+0000] {local_task_job_runner.py:228} INFO - Task exited with return code 0
[2024-10-24T14:35:17.613+0000] {taskinstance.py:2776} INFO - 0 downstream tasks scheduled from follow-on schedule check
