[2024-10-24T17:21:48.786+0000] {taskinstance.py:1157} INFO - Dependencies all met for dep_context=non-requeueable deps ti=<TaskInstance: api_openbrewerydb_to_silver_gold.Silver manual__2024-10-24T17:21:47.308994+00:00 [queued]>
[2024-10-24T17:21:48.793+0000] {taskinstance.py:1157} INFO - Dependencies all met for dep_context=requeueable deps ti=<TaskInstance: api_openbrewerydb_to_silver_gold.Silver manual__2024-10-24T17:21:47.308994+00:00 [queued]>
[2024-10-24T17:21:48.793+0000] {taskinstance.py:1359} INFO - Starting attempt 1 of 2
[2024-10-24T17:21:48.802+0000] {taskinstance.py:1380} INFO - Executing <Task(SparkSubmitOperator): Silver> on 2024-10-24 17:21:47.308994+00:00
[2024-10-24T17:21:48.806+0000] {standard_task_runner.py:57} INFO - Started process 1167 to run task
[2024-10-24T17:21:48.808+0000] {standard_task_runner.py:84} INFO - Running: ['***', 'tasks', 'run', 'api_openbrewerydb_to_silver_gold', 'Silver', 'manual__2024-10-24T17:21:47.308994+00:00', '--job-id', '161', '--raw', '--subdir', 'DAGS_FOLDER/api_openbrewerydb_to_silver.py', '--cfg-path', '/tmp/tmp9dfuyqj4']
[2024-10-24T17:21:48.812+0000] {standard_task_runner.py:85} INFO - Job 161: Subtask Silver
[2024-10-24T17:21:48.855+0000] {task_command.py:415} INFO - Running <TaskInstance: api_openbrewerydb_to_silver_gold.Silver manual__2024-10-24T17:21:47.308994+00:00 [running]> on host e995fa603d7f
[2024-10-24T17:21:48.931+0000] {taskinstance.py:1660} INFO - Exporting env vars: AIRFLOW_CTX_DAG_OWNER='Rodrigo Araujo' AIRFLOW_CTX_DAG_ID='api_openbrewerydb_to_silver_gold' AIRFLOW_CTX_TASK_ID='Silver' AIRFLOW_CTX_EXECUTION_DATE='2024-10-24T17:21:47.308994+00:00' AIRFLOW_CTX_TRY_NUMBER='1' AIRFLOW_CTX_DAG_RUN_ID='manual__2024-10-24T17:21:47.308994+00:00'
[2024-10-24T17:21:48.942+0000] {base.py:73} INFO - Using connection ID 'spark-conn' for task execution.
[2024-10-24T17:21:48.943+0000] {spark_submit.py:363} INFO - Spark-Submit cmd: spark-submit --master spark://spark-master:7077 --name arrow-spark jobs/silver/api_openbrewerydb.py
[2024-10-24T17:21:51.487+0000] {spark_submit.py:524} INFO - 24/10/24 17:21:51 INFO SparkContext: Running Spark version 3.5.0
[2024-10-24T17:21:51.489+0000] {spark_submit.py:524} INFO - 24/10/24 17:21:51 INFO SparkContext: OS info Linux, 5.15.0-124-generic, amd64
[2024-10-24T17:21:51.489+0000] {spark_submit.py:524} INFO - 24/10/24 17:21:51 INFO SparkContext: Java version 17.0.13
[2024-10-24T17:21:51.534+0000] {spark_submit.py:524} INFO - 24/10/24 17:21:51 WARN NativeCodeLoader: Unable to load native-hadoop library for your platform... using builtin-java classes where applicable
[2024-10-24T17:21:51.605+0000] {spark_submit.py:524} INFO - 24/10/24 17:21:51 INFO ResourceUtils: ==============================================================
[2024-10-24T17:21:51.605+0000] {spark_submit.py:524} INFO - 24/10/24 17:21:51 INFO ResourceUtils: No custom resources configured for spark.driver.
[2024-10-24T17:21:51.605+0000] {spark_submit.py:524} INFO - 24/10/24 17:21:51 INFO ResourceUtils: ==============================================================
[2024-10-24T17:21:51.606+0000] {spark_submit.py:524} INFO - 24/10/24 17:21:51 INFO SparkContext: Submitted application: IngestaoSilver
[2024-10-24T17:21:51.622+0000] {spark_submit.py:524} INFO - 24/10/24 17:21:51 INFO ResourceProfile: Default ResourceProfile created, executor resources: Map(memory -> name: memory, amount: 1024, script: , vendor: , offHeap -> name: offHeap, amount: 0, script: , vendor: ), task resources: Map(cpus -> name: cpus, amount: 1.0)
[2024-10-24T17:21:51.630+0000] {spark_submit.py:524} INFO - 24/10/24 17:21:51 INFO ResourceProfile: Limiting resource is cpu
[2024-10-24T17:21:51.630+0000] {spark_submit.py:524} INFO - 24/10/24 17:21:51 INFO ResourceProfileManager: Added ResourceProfile id: 0
[2024-10-24T17:21:51.669+0000] {spark_submit.py:524} INFO - 24/10/24 17:21:51 INFO SecurityManager: Changing view acls to: ***
[2024-10-24T17:21:51.669+0000] {spark_submit.py:524} INFO - 24/10/24 17:21:51 INFO SecurityManager: Changing modify acls to: ***
[2024-10-24T17:21:51.670+0000] {spark_submit.py:524} INFO - 24/10/24 17:21:51 INFO SecurityManager: Changing view acls groups to:
[2024-10-24T17:21:51.670+0000] {spark_submit.py:524} INFO - 24/10/24 17:21:51 INFO SecurityManager: Changing modify acls groups to:
[2024-10-24T17:21:51.671+0000] {spark_submit.py:524} INFO - 24/10/24 17:21:51 INFO SecurityManager: SecurityManager: authentication disabled; ui acls disabled; users with view permissions: ***; groups with view permissions: EMPTY; users with modify permissions: ***; groups with modify permissions: EMPTY
[2024-10-24T17:21:51.878+0000] {spark_submit.py:524} INFO - 24/10/24 17:21:51 INFO Utils: Successfully started service 'sparkDriver' on port 34685.
[2024-10-24T17:21:51.899+0000] {spark_submit.py:524} INFO - 24/10/24 17:21:51 INFO SparkEnv: Registering MapOutputTracker
[2024-10-24T17:21:51.925+0000] {spark_submit.py:524} INFO - 24/10/24 17:21:51 INFO SparkEnv: Registering BlockManagerMaster
[2024-10-24T17:21:51.941+0000] {spark_submit.py:524} INFO - 24/10/24 17:21:51 INFO BlockManagerMasterEndpoint: Using org.apache.spark.storage.DefaultTopologyMapper for getting topology information
[2024-10-24T17:21:51.942+0000] {spark_submit.py:524} INFO - 24/10/24 17:21:51 INFO BlockManagerMasterEndpoint: BlockManagerMasterEndpoint up
[2024-10-24T17:21:51.945+0000] {spark_submit.py:524} INFO - 24/10/24 17:21:51 INFO SparkEnv: Registering BlockManagerMasterHeartbeat
[2024-10-24T17:21:51.960+0000] {spark_submit.py:524} INFO - 24/10/24 17:21:51 INFO DiskBlockManager: Created local directory at /tmp/blockmgr-58001126-2c0b-427d-9900-0116116ef35f
[2024-10-24T17:21:51.971+0000] {spark_submit.py:524} INFO - 24/10/24 17:21:51 INFO MemoryStore: MemoryStore started with capacity 434.4 MiB
[2024-10-24T17:21:51.985+0000] {spark_submit.py:524} INFO - 24/10/24 17:21:51 INFO SparkEnv: Registering OutputCommitCoordinator
[2024-10-24T17:21:52.084+0000] {spark_submit.py:524} INFO - 24/10/24 17:21:52 INFO JettyUtils: Start Jetty 0.0.0.0:4040 for SparkUI
[2024-10-24T17:21:52.130+0000] {spark_submit.py:524} INFO - 24/10/24 17:21:52 INFO Utils: Successfully started service 'SparkUI' on port 4040.
[2024-10-24T17:21:52.230+0000] {spark_submit.py:524} INFO - 24/10/24 17:21:52 INFO StandaloneAppClient$ClientEndpoint: Connecting to master spark://spark-master:7077...
[2024-10-24T17:21:52.265+0000] {spark_submit.py:524} INFO - 24/10/24 17:21:52 INFO TransportClientFactory: Successfully created connection to spark-master/172.18.0.3:7077 after 19 ms (0 ms spent in bootstraps)
[2024-10-24T17:21:52.342+0000] {spark_submit.py:524} INFO - 24/10/24 17:21:52 INFO StandaloneSchedulerBackend: Connected to Spark cluster with app ID app-20241024172152-0004
[2024-10-24T17:21:52.344+0000] {spark_submit.py:524} INFO - 24/10/24 17:21:52 INFO StandaloneAppClient$ClientEndpoint: Executor added: app-20241024172152-0004/0 on worker-20241024170959-172.18.0.5-44329 (172.18.0.5:44329) with 2 core(s)
[2024-10-24T17:21:52.346+0000] {spark_submit.py:524} INFO - 24/10/24 17:21:52 INFO StandaloneSchedulerBackend: Granted executor ID app-20241024172152-0004/0 on hostPort 172.18.0.5:44329 with 2 core(s), 1024.0 MiB RAM
[2024-10-24T17:21:52.351+0000] {spark_submit.py:524} INFO - 24/10/24 17:21:52 INFO Utils: Successfully started service 'org.apache.spark.network.netty.NettyBlockTransferService' on port 37647.
[2024-10-24T17:21:52.351+0000] {spark_submit.py:524} INFO - 24/10/24 17:21:52 INFO NettyBlockTransferService: Server created on e995fa603d7f:37647
[2024-10-24T17:21:52.353+0000] {spark_submit.py:524} INFO - 24/10/24 17:21:52 INFO BlockManager: Using org.apache.spark.storage.RandomBlockReplicationPolicy for block replication policy
[2024-10-24T17:21:52.361+0000] {spark_submit.py:524} INFO - 24/10/24 17:21:52 INFO BlockManagerMaster: Registering BlockManager BlockManagerId(driver, e995fa603d7f, 37647, None)
[2024-10-24T17:21:52.367+0000] {spark_submit.py:524} INFO - 24/10/24 17:21:52 INFO BlockManagerMasterEndpoint: Registering block manager e995fa603d7f:37647 with 434.4 MiB RAM, BlockManagerId(driver, e995fa603d7f, 37647, None)
[2024-10-24T17:21:52.370+0000] {spark_submit.py:524} INFO - 24/10/24 17:21:52 INFO BlockManagerMaster: Registered BlockManager BlockManagerId(driver, e995fa603d7f, 37647, None)
[2024-10-24T17:21:52.371+0000] {spark_submit.py:524} INFO - 24/10/24 17:21:52 INFO BlockManager: Initialized BlockManager: BlockManagerId(driver, e995fa603d7f, 37647, None)
[2024-10-24T17:21:52.375+0000] {spark_submit.py:524} INFO - 24/10/24 17:21:52 INFO StandaloneAppClient$ClientEndpoint: Executor updated: app-20241024172152-0004/0 is now RUNNING
[2024-10-24T17:21:52.561+0000] {spark_submit.py:524} INFO - 24/10/24 17:21:52 INFO StandaloneSchedulerBackend: SchedulerBackend is ready for scheduling beginning after reached minRegisteredResourcesRatio: 0.0
[2024-10-24T17:21:52.821+0000] {spark_submit.py:524} INFO - 24/10/24 17:21:52 INFO SharedState: Setting hive.metastore.warehouse.dir ('null') to the value of spark.sql.warehouse.dir.
[2024-10-24T17:21:52.831+0000] {spark_submit.py:524} INFO - 24/10/24 17:21:52 INFO SharedState: Warehouse path is 'file:/opt/***/spark-warehouse'.
[2024-10-24T17:21:54.542+0000] {spark_submit.py:524} INFO - 24/10/24 17:21:54 INFO InMemoryFileIndex: It took 146 ms to list leaf files for 1 paths.
[2024-10-24T17:21:54.703+0000] {spark_submit.py:524} INFO - 24/10/24 17:21:54 INFO InMemoryFileIndex: It took 4 ms to list leaf files for 1 paths.
[2024-10-24T17:21:56.080+0000] {spark_submit.py:524} INFO - 24/10/24 17:21:56 INFO StandaloneSchedulerBackend$StandaloneDriverEndpoint: Registered executor NettyRpcEndpointRef(spark-client://Executor) (172.18.0.5:52612) with ID 0,  ResourceProfileId 0
[2024-10-24T17:21:56.181+0000] {spark_submit.py:524} INFO - 24/10/24 17:21:56 INFO BlockManagerMasterEndpoint: Registering block manager 172.18.0.5:35339 with 434.4 MiB RAM, BlockManagerId(0, 172.18.0.5, 35339, None)
[2024-10-24T17:21:57.221+0000] {spark_submit.py:524} INFO - 24/10/24 17:21:57 INFO FileSourceStrategy: Pushed Filters:
[2024-10-24T17:21:57.232+0000] {spark_submit.py:524} INFO - 24/10/24 17:21:57 INFO FileSourceStrategy: Post-Scan Filters:
[2024-10-24T17:21:57.451+0000] {spark_submit.py:524} INFO - 24/10/24 17:21:57 INFO MemoryStore: Block broadcast_0 stored as values in memory (estimated size 199.2 KiB, free 434.2 MiB)
[2024-10-24T17:21:57.507+0000] {spark_submit.py:524} INFO - 24/10/24 17:21:57 INFO MemoryStore: Block broadcast_0_piece0 stored as bytes in memory (estimated size 34.2 KiB, free 434.2 MiB)
[2024-10-24T17:21:57.516+0000] {spark_submit.py:524} INFO - 24/10/24 17:21:57 INFO BlockManagerInfo: Added broadcast_0_piece0 in memory on e995fa603d7f:37647 (size: 34.2 KiB, free: 434.4 MiB)
[2024-10-24T17:21:57.520+0000] {spark_submit.py:524} INFO - 24/10/24 17:21:57 INFO SparkContext: Created broadcast 0 from json at NativeMethodAccessorImpl.java:0
[2024-10-24T17:21:57.532+0000] {spark_submit.py:524} INFO - 24/10/24 17:21:57 INFO FileSourceScanExec: Planning scan with bin packing, max size: 4194304 bytes, open cost is considered as scanning 4194304 bytes.
[2024-10-24T17:21:57.681+0000] {spark_submit.py:524} INFO - 24/10/24 17:21:57 INFO SparkContext: Starting job: json at NativeMethodAccessorImpl.java:0
[2024-10-24T17:21:57.699+0000] {spark_submit.py:524} INFO - 24/10/24 17:21:57 INFO DAGScheduler: Got job 0 (json at NativeMethodAccessorImpl.java:0) with 1 output partitions
[2024-10-24T17:21:57.699+0000] {spark_submit.py:524} INFO - 24/10/24 17:21:57 INFO DAGScheduler: Final stage: ResultStage 0 (json at NativeMethodAccessorImpl.java:0)
[2024-10-24T17:21:57.700+0000] {spark_submit.py:524} INFO - 24/10/24 17:21:57 INFO DAGScheduler: Parents of final stage: List()
[2024-10-24T17:21:57.701+0000] {spark_submit.py:524} INFO - 24/10/24 17:21:57 INFO DAGScheduler: Missing parents: List()
[2024-10-24T17:21:57.704+0000] {spark_submit.py:524} INFO - 24/10/24 17:21:57 INFO DAGScheduler: Submitting ResultStage 0 (MapPartitionsRDD[3] at json at NativeMethodAccessorImpl.java:0), which has no missing parents
[2024-10-24T17:21:57.799+0000] {spark_submit.py:524} INFO - 24/10/24 17:21:57 INFO MemoryStore: Block broadcast_1 stored as values in memory (estimated size 16.0 KiB, free 434.2 MiB)
[2024-10-24T17:21:57.806+0000] {spark_submit.py:524} INFO - 24/10/24 17:21:57 INFO MemoryStore: Block broadcast_1_piece0 stored as bytes in memory (estimated size 7.5 KiB, free 434.1 MiB)
[2024-10-24T17:21:57.807+0000] {spark_submit.py:524} INFO - 24/10/24 17:21:57 INFO BlockManagerInfo: Added broadcast_1_piece0 in memory on e995fa603d7f:37647 (size: 7.5 KiB, free: 434.4 MiB)
[2024-10-24T17:21:57.809+0000] {spark_submit.py:524} INFO - 24/10/24 17:21:57 INFO SparkContext: Created broadcast 1 from broadcast at DAGScheduler.scala:1580
[2024-10-24T17:21:57.826+0000] {spark_submit.py:524} INFO - 24/10/24 17:21:57 INFO DAGScheduler: Submitting 1 missing tasks from ResultStage 0 (MapPartitionsRDD[3] at json at NativeMethodAccessorImpl.java:0) (first 15 tasks are for partitions Vector(0))
[2024-10-24T17:21:57.827+0000] {spark_submit.py:524} INFO - 24/10/24 17:21:57 INFO TaskSchedulerImpl: Adding task set 0.0 with 1 tasks resource profile 0
[2024-10-24T17:21:57.857+0000] {spark_submit.py:524} INFO - 24/10/24 17:21:57 INFO TaskSetManager: Starting task 0.0 in stage 0.0 (TID 0) (172.18.0.5, executor 0, partition 0, PROCESS_LOCAL, 8252 bytes)
[2024-10-24T17:21:58.084+0000] {spark_submit.py:524} INFO - 24/10/24 17:21:58 INFO BlockManagerInfo: Added broadcast_1_piece0 in memory on 172.18.0.5:35339 (size: 7.5 KiB, free: 434.4 MiB)
[2024-10-24T17:21:58.787+0000] {spark_submit.py:524} INFO - 24/10/24 17:21:58 INFO BlockManagerInfo: Added broadcast_0_piece0 in memory on 172.18.0.5:35339 (size: 34.2 KiB, free: 434.4 MiB)
[2024-10-24T17:21:59.038+0000] {spark_submit.py:524} INFO - 24/10/24 17:21:59 INFO TaskSetManager: Finished task 0.0 in stage 0.0 (TID 0) in 1194 ms on 172.18.0.5 (executor 0) (1/1)
[2024-10-24T17:21:59.041+0000] {spark_submit.py:524} INFO - 24/10/24 17:21:59 INFO TaskSchedulerImpl: Removed TaskSet 0.0, whose tasks have all completed, from pool
[2024-10-24T17:21:59.048+0000] {spark_submit.py:524} INFO - 24/10/24 17:21:59 INFO DAGScheduler: ResultStage 0 (json at NativeMethodAccessorImpl.java:0) finished in 1.329 s
[2024-10-24T17:21:59.051+0000] {spark_submit.py:524} INFO - 24/10/24 17:21:59 INFO DAGScheduler: Job 0 is finished. Cancelling potential speculative or zombie tasks for this job
[2024-10-24T17:21:59.051+0000] {spark_submit.py:524} INFO - 24/10/24 17:21:59 INFO TaskSchedulerImpl: Killing all running tasks in stage 0: Stage finished
[2024-10-24T17:21:59.055+0000] {spark_submit.py:524} INFO - 24/10/24 17:21:59 INFO DAGScheduler: Job 0 finished: json at NativeMethodAccessorImpl.java:0, took 1.373101 s
[2024-10-24T17:21:59.089+0000] {spark_submit.py:524} INFO - Leitura realizada com sucesso!
[2024-10-24T17:21:59.227+0000] {spark_submit.py:524} INFO - 24/10/24 17:21:59 INFO FileSourceStrategy: Pushed Filters:
[2024-10-24T17:21:59.227+0000] {spark_submit.py:524} INFO - 24/10/24 17:21:59 INFO FileSourceStrategy: Post-Scan Filters:
[2024-10-24T17:21:59.601+0000] {spark_submit.py:524} INFO - 24/10/24 17:21:59 INFO CodeGenerator: Code generated in 231.154425 ms
[2024-10-24T17:21:59.604+0000] {spark_submit.py:524} INFO - 24/10/24 17:21:59 INFO BlockManagerInfo: Removed broadcast_1_piece0 on e995fa603d7f:37647 in memory (size: 7.5 KiB, free: 434.4 MiB)
[2024-10-24T17:21:59.610+0000] {spark_submit.py:524} INFO - 24/10/24 17:21:59 INFO MemoryStore: Block broadcast_2 stored as values in memory (estimated size 199.1 KiB, free 434.0 MiB)
[2024-10-24T17:21:59.613+0000] {spark_submit.py:524} INFO - 24/10/24 17:21:59 INFO BlockManagerInfo: Removed broadcast_1_piece0 on 172.18.0.5:35339 in memory (size: 7.5 KiB, free: 434.4 MiB)
[2024-10-24T17:21:59.635+0000] {spark_submit.py:524} INFO - 24/10/24 17:21:59 INFO MemoryStore: Block broadcast_2_piece0 stored as bytes in memory (estimated size 34.1 KiB, free 433.9 MiB)
[2024-10-24T17:21:59.637+0000] {spark_submit.py:524} INFO - 24/10/24 17:21:59 INFO BlockManagerInfo: Added broadcast_2_piece0 in memory on e995fa603d7f:37647 (size: 34.1 KiB, free: 434.3 MiB)
[2024-10-24T17:21:59.642+0000] {spark_submit.py:524} INFO - 24/10/24 17:21:59 INFO SparkContext: Created broadcast 2 from count at NativeMethodAccessorImpl.java:0
[2024-10-24T17:21:59.655+0000] {spark_submit.py:524} INFO - 24/10/24 17:21:59 INFO FileSourceScanExec: Planning scan with bin packing, max size: 4194304 bytes, open cost is considered as scanning 4194304 bytes.
[2024-10-24T17:21:59.720+0000] {spark_submit.py:524} INFO - 24/10/24 17:21:59 INFO DAGScheduler: Registering RDD 7 (count at NativeMethodAccessorImpl.java:0) as input to shuffle 0
[2024-10-24T17:21:59.729+0000] {spark_submit.py:524} INFO - 24/10/24 17:21:59 INFO DAGScheduler: Got map stage job 1 (count at NativeMethodAccessorImpl.java:0) with 1 output partitions
[2024-10-24T17:21:59.730+0000] {spark_submit.py:524} INFO - 24/10/24 17:21:59 INFO DAGScheduler: Final stage: ShuffleMapStage 1 (count at NativeMethodAccessorImpl.java:0)
[2024-10-24T17:21:59.731+0000] {spark_submit.py:524} INFO - 24/10/24 17:21:59 INFO DAGScheduler: Parents of final stage: List()
[2024-10-24T17:21:59.732+0000] {spark_submit.py:524} INFO - 24/10/24 17:21:59 INFO DAGScheduler: Missing parents: List()
[2024-10-24T17:21:59.734+0000] {spark_submit.py:524} INFO - 24/10/24 17:21:59 INFO DAGScheduler: Submitting ShuffleMapStage 1 (MapPartitionsRDD[7] at count at NativeMethodAccessorImpl.java:0), which has no missing parents
[2024-10-24T17:21:59.763+0000] {spark_submit.py:524} INFO - 24/10/24 17:21:59 INFO MemoryStore: Block broadcast_3 stored as values in memory (estimated size 17.0 KiB, free 433.9 MiB)
[2024-10-24T17:21:59.770+0000] {spark_submit.py:524} INFO - 24/10/24 17:21:59 INFO MemoryStore: Block broadcast_3_piece0 stored as bytes in memory (estimated size 8.3 KiB, free 433.9 MiB)
[2024-10-24T17:21:59.771+0000] {spark_submit.py:524} INFO - 24/10/24 17:21:59 INFO BlockManagerInfo: Added broadcast_3_piece0 in memory on e995fa603d7f:37647 (size: 8.3 KiB, free: 434.3 MiB)
[2024-10-24T17:21:59.772+0000] {spark_submit.py:524} INFO - 24/10/24 17:21:59 INFO SparkContext: Created broadcast 3 from broadcast at DAGScheduler.scala:1580
[2024-10-24T17:21:59.774+0000] {spark_submit.py:524} INFO - 24/10/24 17:21:59 INFO DAGScheduler: Submitting 1 missing tasks from ShuffleMapStage 1 (MapPartitionsRDD[7] at count at NativeMethodAccessorImpl.java:0) (first 15 tasks are for partitions Vector(0))
[2024-10-24T17:21:59.774+0000] {spark_submit.py:524} INFO - 24/10/24 17:21:59 INFO TaskSchedulerImpl: Adding task set 1.0 with 1 tasks resource profile 0
[2024-10-24T17:21:59.776+0000] {spark_submit.py:524} INFO - 24/10/24 17:21:59 INFO TaskSetManager: Starting task 0.0 in stage 1.0 (TID 1) (172.18.0.5, executor 0, partition 0, PROCESS_LOCAL, 8241 bytes)
[2024-10-24T17:21:59.814+0000] {spark_submit.py:524} INFO - 24/10/24 17:21:59 INFO BlockManagerInfo: Added broadcast_3_piece0 in memory on 172.18.0.5:35339 (size: 8.3 KiB, free: 434.4 MiB)
[2024-10-24T17:21:59.922+0000] {spark_submit.py:524} INFO - 24/10/24 17:21:59 INFO BlockManagerInfo: Added broadcast_2_piece0 in memory on 172.18.0.5:35339 (size: 34.1 KiB, free: 434.3 MiB)
[2024-10-24T17:21:59.999+0000] {spark_submit.py:524} INFO - 24/10/24 17:21:59 INFO TaskSetManager: Finished task 0.0 in stage 1.0 (TID 1) in 223 ms on 172.18.0.5 (executor 0) (1/1)
[2024-10-24T17:21:59.999+0000] {spark_submit.py:524} INFO - 24/10/24 17:21:59 INFO TaskSchedulerImpl: Removed TaskSet 1.0, whose tasks have all completed, from pool
[2024-10-24T17:22:00.002+0000] {spark_submit.py:524} INFO - 24/10/24 17:22:00 INFO DAGScheduler: ShuffleMapStage 1 (count at NativeMethodAccessorImpl.java:0) finished in 0.263 s
[2024-10-24T17:22:00.002+0000] {spark_submit.py:524} INFO - 24/10/24 17:22:00 INFO DAGScheduler: looking for newly runnable stages
[2024-10-24T17:22:00.003+0000] {spark_submit.py:524} INFO - 24/10/24 17:22:00 INFO DAGScheduler: running: Set()
[2024-10-24T17:22:00.003+0000] {spark_submit.py:524} INFO - 24/10/24 17:22:00 INFO DAGScheduler: waiting: Set()
[2024-10-24T17:22:00.004+0000] {spark_submit.py:524} INFO - 24/10/24 17:22:00 INFO DAGScheduler: failed: Set()
[2024-10-24T17:22:00.043+0000] {spark_submit.py:524} INFO - 24/10/24 17:22:00 INFO CodeGenerator: Code generated in 12.709255 ms
[2024-10-24T17:22:00.068+0000] {spark_submit.py:524} INFO - 24/10/24 17:22:00 INFO SparkContext: Starting job: count at NativeMethodAccessorImpl.java:0
[2024-10-24T17:22:00.070+0000] {spark_submit.py:524} INFO - 24/10/24 17:22:00 INFO DAGScheduler: Got job 2 (count at NativeMethodAccessorImpl.java:0) with 1 output partitions
[2024-10-24T17:22:00.070+0000] {spark_submit.py:524} INFO - 24/10/24 17:22:00 INFO DAGScheduler: Final stage: ResultStage 3 (count at NativeMethodAccessorImpl.java:0)
[2024-10-24T17:22:00.070+0000] {spark_submit.py:524} INFO - 24/10/24 17:22:00 INFO DAGScheduler: Parents of final stage: List(ShuffleMapStage 2)
[2024-10-24T17:22:00.071+0000] {spark_submit.py:524} INFO - 24/10/24 17:22:00 INFO DAGScheduler: Missing parents: List()
[2024-10-24T17:22:00.071+0000] {spark_submit.py:524} INFO - 24/10/24 17:22:00 INFO DAGScheduler: Submitting ResultStage 3 (MapPartitionsRDD[10] at count at NativeMethodAccessorImpl.java:0), which has no missing parents
[2024-10-24T17:22:00.078+0000] {spark_submit.py:524} INFO - 24/10/24 17:22:00 INFO MemoryStore: Block broadcast_4 stored as values in memory (estimated size 12.5 KiB, free 433.9 MiB)
[2024-10-24T17:22:00.084+0000] {spark_submit.py:524} INFO - 24/10/24 17:22:00 INFO MemoryStore: Block broadcast_4_piece0 stored as bytes in memory (estimated size 5.9 KiB, free 433.9 MiB)
[2024-10-24T17:22:00.086+0000] {spark_submit.py:524} INFO - 24/10/24 17:22:00 INFO BlockManagerInfo: Added broadcast_4_piece0 in memory on e995fa603d7f:37647 (size: 5.9 KiB, free: 434.3 MiB)
[2024-10-24T17:22:00.087+0000] {spark_submit.py:524} INFO - 24/10/24 17:22:00 INFO BlockManagerInfo: Removed broadcast_3_piece0 on e995fa603d7f:37647 in memory (size: 8.3 KiB, free: 434.3 MiB)
[2024-10-24T17:22:00.088+0000] {spark_submit.py:524} INFO - 24/10/24 17:22:00 INFO SparkContext: Created broadcast 4 from broadcast at DAGScheduler.scala:1580
[2024-10-24T17:22:00.089+0000] {spark_submit.py:524} INFO - 24/10/24 17:22:00 INFO DAGScheduler: Submitting 1 missing tasks from ResultStage 3 (MapPartitionsRDD[10] at count at NativeMethodAccessorImpl.java:0) (first 15 tasks are for partitions Vector(0))
[2024-10-24T17:22:00.089+0000] {spark_submit.py:524} INFO - 24/10/24 17:22:00 INFO TaskSchedulerImpl: Adding task set 3.0 with 1 tasks resource profile 0
[2024-10-24T17:22:00.090+0000] {spark_submit.py:524} INFO - 24/10/24 17:22:00 INFO BlockManagerInfo: Removed broadcast_3_piece0 on 172.18.0.5:35339 in memory (size: 8.3 KiB, free: 434.3 MiB)
[2024-10-24T17:22:00.096+0000] {spark_submit.py:524} INFO - 24/10/24 17:22:00 INFO TaskSetManager: Starting task 0.0 in stage 3.0 (TID 2) (172.18.0.5, executor 0, partition 0, NODE_LOCAL, 7619 bytes)
[2024-10-24T17:22:00.118+0000] {spark_submit.py:524} INFO - 24/10/24 17:22:00 INFO BlockManagerInfo: Added broadcast_4_piece0 in memory on 172.18.0.5:35339 (size: 5.9 KiB, free: 434.3 MiB)
[2024-10-24T17:22:00.144+0000] {spark_submit.py:524} INFO - 24/10/24 17:22:00 INFO MapOutputTrackerMasterEndpoint: Asked to send map output locations for shuffle 0 to 172.18.0.5:52612
[2024-10-24T17:22:00.284+0000] {spark_submit.py:524} INFO - 24/10/24 17:22:00 INFO TaskSetManager: Finished task 0.0 in stage 3.0 (TID 2) in 191 ms on 172.18.0.5 (executor 0) (1/1)
[2024-10-24T17:22:00.285+0000] {spark_submit.py:524} INFO - 24/10/24 17:22:00 INFO TaskSchedulerImpl: Removed TaskSet 3.0, whose tasks have all completed, from pool
[2024-10-24T17:22:00.287+0000] {spark_submit.py:524} INFO - 24/10/24 17:22:00 INFO DAGScheduler: ResultStage 3 (count at NativeMethodAccessorImpl.java:0) finished in 0.209 s
[2024-10-24T17:22:00.287+0000] {spark_submit.py:524} INFO - 24/10/24 17:22:00 INFO DAGScheduler: Job 2 is finished. Cancelling potential speculative or zombie tasks for this job
[2024-10-24T17:22:00.287+0000] {spark_submit.py:524} INFO - 24/10/24 17:22:00 INFO TaskSchedulerImpl: Killing all running tasks in stage 3: Stage finished
[2024-10-24T17:22:00.288+0000] {spark_submit.py:524} INFO - 24/10/24 17:22:00 INFO DAGScheduler: Job 2 finished: count at NativeMethodAccessorImpl.java:0, took 0.219580 s
[2024-10-24T17:22:00.345+0000] {spark_submit.py:524} INFO - 24/10/24 17:22:00 INFO FileSourceStrategy: Pushed Filters:
[2024-10-24T17:22:00.346+0000] {spark_submit.py:524} INFO - 24/10/24 17:22:00 INFO FileSourceStrategy: Post-Scan Filters:
[2024-10-24T17:22:00.390+0000] {spark_submit.py:524} INFO - 24/10/24 17:22:00 INFO MemoryStore: Block broadcast_5 stored as values in memory (estimated size 199.1 KiB, free 433.7 MiB)
[2024-10-24T17:22:00.423+0000] {spark_submit.py:524} INFO - 24/10/24 17:22:00 INFO MemoryStore: Block broadcast_5_piece0 stored as bytes in memory (estimated size 34.1 KiB, free 433.7 MiB)
[2024-10-24T17:22:00.457+0000] {spark_submit.py:524} INFO - 24/10/24 17:22:00 INFO BlockManagerInfo: Added broadcast_5_piece0 in memory on e995fa603d7f:37647 (size: 34.1 KiB, free: 434.3 MiB)
[2024-10-24T17:22:00.485+0000] {spark_submit.py:524} INFO - 24/10/24 17:22:00 INFO SparkContext: Created broadcast 5 from count at NativeMethodAccessorImpl.java:0
[2024-10-24T17:22:00.496+0000] {spark_submit.py:524} INFO - 24/10/24 17:22:00 INFO FileSourceScanExec: Planning scan with bin packing, max size: 4194304 bytes, open cost is considered as scanning 4194304 bytes.
[2024-10-24T17:22:00.512+0000] {spark_submit.py:524} INFO - 24/10/24 17:22:00 INFO BlockManagerInfo: Removed broadcast_2_piece0 on 172.18.0.5:35339 in memory (size: 34.1 KiB, free: 434.4 MiB)
[2024-10-24T17:22:00.513+0000] {spark_submit.py:524} INFO - 24/10/24 17:22:00 INFO BlockManagerInfo: Removed broadcast_2_piece0 on e995fa603d7f:37647 in memory (size: 34.1 KiB, free: 434.3 MiB)
[2024-10-24T17:22:00.533+0000] {spark_submit.py:524} INFO - 24/10/24 17:22:00 INFO BlockManagerInfo: Removed broadcast_4_piece0 on e995fa603d7f:37647 in memory (size: 5.9 KiB, free: 434.3 MiB)
[2024-10-24T17:22:00.543+0000] {spark_submit.py:524} INFO - 24/10/24 17:22:00 INFO DAGScheduler: Registering RDD 14 (count at NativeMethodAccessorImpl.java:0) as input to shuffle 1
[2024-10-24T17:22:00.544+0000] {spark_submit.py:524} INFO - 24/10/24 17:22:00 INFO DAGScheduler: Got map stage job 3 (count at NativeMethodAccessorImpl.java:0) with 1 output partitions
[2024-10-24T17:22:00.544+0000] {spark_submit.py:524} INFO - 24/10/24 17:22:00 INFO DAGScheduler: Final stage: ShuffleMapStage 4 (count at NativeMethodAccessorImpl.java:0)
[2024-10-24T17:22:00.544+0000] {spark_submit.py:524} INFO - 24/10/24 17:22:00 INFO DAGScheduler: Parents of final stage: List()
[2024-10-24T17:22:00.545+0000] {spark_submit.py:524} INFO - 24/10/24 17:22:00 INFO DAGScheduler: Missing parents: List()
[2024-10-24T17:22:00.547+0000] {spark_submit.py:524} INFO - 24/10/24 17:22:00 INFO DAGScheduler: Submitting ShuffleMapStage 4 (MapPartitionsRDD[14] at count at NativeMethodAccessorImpl.java:0), which has no missing parents
[2024-10-24T17:22:00.553+0000] {spark_submit.py:524} INFO - 24/10/24 17:22:00 INFO BlockManagerInfo: Removed broadcast_4_piece0 on 172.18.0.5:35339 in memory (size: 5.9 KiB, free: 434.4 MiB)
[2024-10-24T17:22:00.560+0000] {spark_submit.py:524} INFO - 24/10/24 17:22:00 INFO MemoryStore: Block broadcast_6 stored as values in memory (estimated size 17.0 KiB, free 433.9 MiB)
[2024-10-24T17:22:00.585+0000] {spark_submit.py:524} INFO - 24/10/24 17:22:00 INFO MemoryStore: Block broadcast_6_piece0 stored as bytes in memory (estimated size 8.3 KiB, free 433.9 MiB)
[2024-10-24T17:22:00.587+0000] {spark_submit.py:524} INFO - 24/10/24 17:22:00 INFO BlockManagerInfo: Added broadcast_6_piece0 in memory on e995fa603d7f:37647 (size: 8.3 KiB, free: 434.3 MiB)
[2024-10-24T17:22:00.589+0000] {spark_submit.py:524} INFO - 24/10/24 17:22:00 INFO SparkContext: Created broadcast 6 from broadcast at DAGScheduler.scala:1580
[2024-10-24T17:22:00.590+0000] {spark_submit.py:524} INFO - 24/10/24 17:22:00 INFO DAGScheduler: Submitting 1 missing tasks from ShuffleMapStage 4 (MapPartitionsRDD[14] at count at NativeMethodAccessorImpl.java:0) (first 15 tasks are for partitions Vector(0))
[2024-10-24T17:22:00.591+0000] {spark_submit.py:524} INFO - 24/10/24 17:22:00 INFO TaskSchedulerImpl: Adding task set 4.0 with 1 tasks resource profile 0
[2024-10-24T17:22:00.594+0000] {spark_submit.py:524} INFO - 24/10/24 17:22:00 INFO TaskSetManager: Starting task 0.0 in stage 4.0 (TID 3) (172.18.0.5, executor 0, partition 0, PROCESS_LOCAL, 8241 bytes)
[2024-10-24T17:22:00.625+0000] {spark_submit.py:524} INFO - 24/10/24 17:22:00 INFO BlockManagerInfo: Added broadcast_6_piece0 in memory on 172.18.0.5:35339 (size: 8.3 KiB, free: 434.4 MiB)
[2024-10-24T17:22:00.654+0000] {spark_submit.py:524} INFO - 24/10/24 17:22:00 INFO BlockManagerInfo: Added broadcast_5_piece0 in memory on 172.18.0.5:35339 (size: 34.1 KiB, free: 434.3 MiB)
[2024-10-24T17:22:00.723+0000] {spark_submit.py:524} INFO - 24/10/24 17:22:00 INFO TaskSetManager: Finished task 0.0 in stage 4.0 (TID 3) in 129 ms on 172.18.0.5 (executor 0) (1/1)
[2024-10-24T17:22:00.725+0000] {spark_submit.py:524} INFO - 24/10/24 17:22:00 INFO TaskSchedulerImpl: Removed TaskSet 4.0, whose tasks have all completed, from pool
[2024-10-24T17:22:00.726+0000] {spark_submit.py:524} INFO - 24/10/24 17:22:00 INFO DAGScheduler: ShuffleMapStage 4 (count at NativeMethodAccessorImpl.java:0) finished in 0.170 s
[2024-10-24T17:22:00.726+0000] {spark_submit.py:524} INFO - 24/10/24 17:22:00 INFO DAGScheduler: looking for newly runnable stages
[2024-10-24T17:22:00.727+0000] {spark_submit.py:524} INFO - 24/10/24 17:22:00 INFO DAGScheduler: running: Set()
[2024-10-24T17:22:00.727+0000] {spark_submit.py:524} INFO - 24/10/24 17:22:00 INFO DAGScheduler: waiting: Set()
[2024-10-24T17:22:00.727+0000] {spark_submit.py:524} INFO - 24/10/24 17:22:00 INFO DAGScheduler: failed: Set()
[2024-10-24T17:22:00.764+0000] {spark_submit.py:524} INFO - 24/10/24 17:22:00 INFO SparkContext: Starting job: count at NativeMethodAccessorImpl.java:0
[2024-10-24T17:22:00.765+0000] {spark_submit.py:524} INFO - 24/10/24 17:22:00 INFO DAGScheduler: Got job 4 (count at NativeMethodAccessorImpl.java:0) with 1 output partitions
[2024-10-24T17:22:00.766+0000] {spark_submit.py:524} INFO - 24/10/24 17:22:00 INFO DAGScheduler: Final stage: ResultStage 6 (count at NativeMethodAccessorImpl.java:0)
[2024-10-24T17:22:00.766+0000] {spark_submit.py:524} INFO - 24/10/24 17:22:00 INFO DAGScheduler: Parents of final stage: List(ShuffleMapStage 5)
[2024-10-24T17:22:00.766+0000] {spark_submit.py:524} INFO - 24/10/24 17:22:00 INFO DAGScheduler: Missing parents: List()
[2024-10-24T17:22:00.767+0000] {spark_submit.py:524} INFO - 24/10/24 17:22:00 INFO DAGScheduler: Submitting ResultStage 6 (MapPartitionsRDD[17] at count at NativeMethodAccessorImpl.java:0), which has no missing parents
[2024-10-24T17:22:00.770+0000] {spark_submit.py:524} INFO - 24/10/24 17:22:00 INFO MemoryStore: Block broadcast_7 stored as values in memory (estimated size 12.5 KiB, free 433.9 MiB)
[2024-10-24T17:22:00.778+0000] {spark_submit.py:524} INFO - 24/10/24 17:22:00 INFO MemoryStore: Block broadcast_7_piece0 stored as bytes in memory (estimated size 5.9 KiB, free 433.9 MiB)
[2024-10-24T17:22:00.781+0000] {spark_submit.py:524} INFO - 24/10/24 17:22:00 INFO BlockManagerInfo: Added broadcast_7_piece0 in memory on e995fa603d7f:37647 (size: 5.9 KiB, free: 434.3 MiB)
[2024-10-24T17:22:00.782+0000] {spark_submit.py:524} INFO - 24/10/24 17:22:00 INFO SparkContext: Created broadcast 7 from broadcast at DAGScheduler.scala:1580
[2024-10-24T17:22:00.783+0000] {spark_submit.py:524} INFO - 24/10/24 17:22:00 INFO BlockManagerInfo: Removed broadcast_6_piece0 on e995fa603d7f:37647 in memory (size: 8.3 KiB, free: 434.3 MiB)
[2024-10-24T17:22:00.784+0000] {spark_submit.py:524} INFO - 24/10/24 17:22:00 INFO DAGScheduler: Submitting 1 missing tasks from ResultStage 6 (MapPartitionsRDD[17] at count at NativeMethodAccessorImpl.java:0) (first 15 tasks are for partitions Vector(0))
[2024-10-24T17:22:00.784+0000] {spark_submit.py:524} INFO - 24/10/24 17:22:00 INFO TaskSchedulerImpl: Adding task set 6.0 with 1 tasks resource profile 0
[2024-10-24T17:22:00.785+0000] {spark_submit.py:524} INFO - 24/10/24 17:22:00 INFO BlockManagerInfo: Removed broadcast_6_piece0 on 172.18.0.5:35339 in memory (size: 8.3 KiB, free: 434.3 MiB)
[2024-10-24T17:22:00.787+0000] {spark_submit.py:524} INFO - 24/10/24 17:22:00 INFO TaskSetManager: Starting task 0.0 in stage 6.0 (TID 4) (172.18.0.5, executor 0, partition 0, NODE_LOCAL, 7619 bytes)
[2024-10-24T17:22:00.813+0000] {spark_submit.py:524} INFO - 24/10/24 17:22:00 INFO BlockManagerInfo: Added broadcast_7_piece0 in memory on 172.18.0.5:35339 (size: 5.9 KiB, free: 434.3 MiB)
[2024-10-24T17:22:00.826+0000] {spark_submit.py:524} INFO - 24/10/24 17:22:00 INFO MapOutputTrackerMasterEndpoint: Asked to send map output locations for shuffle 1 to 172.18.0.5:52612
[2024-10-24T17:22:00.860+0000] {spark_submit.py:524} INFO - 24/10/24 17:22:00 INFO TaskSetManager: Finished task 0.0 in stage 6.0 (TID 4) in 74 ms on 172.18.0.5 (executor 0) (1/1)
[2024-10-24T17:22:00.860+0000] {spark_submit.py:524} INFO - 24/10/24 17:22:00 INFO TaskSchedulerImpl: Removed TaskSet 6.0, whose tasks have all completed, from pool
[2024-10-24T17:22:00.862+0000] {spark_submit.py:524} INFO - 24/10/24 17:22:00 INFO DAGScheduler: ResultStage 6 (count at NativeMethodAccessorImpl.java:0) finished in 0.093 s
[2024-10-24T17:22:00.862+0000] {spark_submit.py:524} INFO - 24/10/24 17:22:00 INFO DAGScheduler: Job 4 is finished. Cancelling potential speculative or zombie tasks for this job
[2024-10-24T17:22:00.863+0000] {spark_submit.py:524} INFO - 24/10/24 17:22:00 INFO TaskSchedulerImpl: Killing all running tasks in stage 6: Stage finished
[2024-10-24T17:22:00.863+0000] {spark_submit.py:524} INFO - 24/10/24 17:22:00 INFO DAGScheduler: Job 4 finished: count at NativeMethodAccessorImpl.java:0, took 0.098795 s
[2024-10-24T17:22:00.865+0000] {spark_submit.py:524} INFO - Quantidade:  50
[2024-10-24T17:22:00.992+0000] {spark_submit.py:524} INFO - 24/10/24 17:22:00 INFO FileSourceStrategy: Pushed Filters:
[2024-10-24T17:22:00.992+0000] {spark_submit.py:524} INFO - 24/10/24 17:22:00 INFO FileSourceStrategy: Post-Scan Filters:
[2024-10-24T17:22:01.028+0000] {spark_submit.py:524} INFO - 24/10/24 17:22:01 WARN FileUtil: Failed to delete file or dir [/opt/***/data-lake/silver/openbrewerydb/_temporary/0/task_202410241717093272551090340367923_0007_m_000000/country=United States/state=Virginia/part-00000-293127b4-653b-4b2b-b6ec-77a71618c0d6.c000.snappy.parquet]: it still exists.
[2024-10-24T17:22:01.029+0000] {spark_submit.py:524} INFO - 24/10/24 17:22:01 WARN FileUtil: Failed to delete file or dir [/opt/***/data-lake/silver/openbrewerydb/_temporary/0/task_202410241717093272551090340367923_0007_m_000000/country=United States/state=Virginia/.part-00000-293127b4-653b-4b2b-b6ec-77a71618c0d6.c000.snappy.parquet.crc]: it still exists.
[2024-10-24T17:22:01.029+0000] {spark_submit.py:524} INFO - 24/10/24 17:22:01 WARN FileUtil: Failed to delete file or dir [/opt/***/data-lake/silver/openbrewerydb/_temporary/0/task_202410241717093272551090340367923_0007_m_000000/country=United States/state=Illinois/part-00000-293127b4-653b-4b2b-b6ec-77a71618c0d6.c000.snappy.parquet]: it still exists.
[2024-10-24T17:22:01.029+0000] {spark_submit.py:524} INFO - 24/10/24 17:22:01 WARN FileUtil: Failed to delete file or dir [/opt/***/data-lake/silver/openbrewerydb/_temporary/0/task_202410241717093272551090340367923_0007_m_000000/country=United States/state=Illinois/.part-00000-293127b4-653b-4b2b-b6ec-77a71618c0d6.c000.snappy.parquet.crc]: it still exists.
[2024-10-24T17:22:01.029+0000] {spark_submit.py:524} INFO - 24/10/24 17:22:01 WARN FileUtil: Failed to delete file or dir [/opt/***/data-lake/silver/openbrewerydb/_temporary/0/task_202410241717093272551090340367923_0007_m_000000/country=United States/state=Vermont/part-00000-293127b4-653b-4b2b-b6ec-77a71618c0d6.c000.snappy.parquet]: it still exists.
[2024-10-24T17:22:01.030+0000] {spark_submit.py:524} INFO - 24/10/24 17:22:01 WARN FileUtil: Failed to delete file or dir [/opt/***/data-lake/silver/openbrewerydb/_temporary/0/task_202410241717093272551090340367923_0007_m_000000/country=United States/state=Vermont/.part-00000-293127b4-653b-4b2b-b6ec-77a71618c0d6.c000.snappy.parquet.crc]: it still exists.
[2024-10-24T17:22:01.030+0000] {spark_submit.py:524} INFO - 24/10/24 17:22:01 WARN FileUtil: Failed to delete file or dir [/opt/***/data-lake/silver/openbrewerydb/_temporary/0/task_202410241717093272551090340367923_0007_m_000000/country=United States/state=New York/part-00000-293127b4-653b-4b2b-b6ec-77a71618c0d6.c000.snappy.parquet]: it still exists.
[2024-10-24T17:22:01.030+0000] {spark_submit.py:524} INFO - 24/10/24 17:22:01 WARN FileUtil: Failed to delete file or dir [/opt/***/data-lake/silver/openbrewerydb/_temporary/0/task_202410241717093272551090340367923_0007_m_000000/country=United States/state=New York/.part-00000-293127b4-653b-4b2b-b6ec-77a71618c0d6.c000.snappy.parquet.crc]: it still exists.
[2024-10-24T17:22:01.030+0000] {spark_submit.py:524} INFO - 24/10/24 17:22:01 WARN FileUtil: Failed to delete file or dir [/opt/***/data-lake/silver/openbrewerydb/_temporary/0/task_202410241717093272551090340367923_0007_m_000000/country=United States/state=California/part-00000-293127b4-653b-4b2b-b6ec-77a71618c0d6.c000.snappy.parquet]: it still exists.
[2024-10-24T17:22:01.031+0000] {spark_submit.py:524} INFO - 24/10/24 17:22:01 WARN FileUtil: Failed to delete file or dir [/opt/***/data-lake/silver/openbrewerydb/_temporary/0/task_202410241717093272551090340367923_0007_m_000000/country=United States/state=California/.part-00000-293127b4-653b-4b2b-b6ec-77a71618c0d6.c000.snappy.parquet.crc]: it still exists.
[2024-10-24T17:22:01.031+0000] {spark_submit.py:524} INFO - 24/10/24 17:22:01 WARN FileUtil: Failed to delete file or dir [/opt/***/data-lake/silver/openbrewerydb/_temporary/0/task_202410241717093272551090340367923_0007_m_000000/country=United States/state=Michigan/part-00000-293127b4-653b-4b2b-b6ec-77a71618c0d6.c000.snappy.parquet]: it still exists.
[2024-10-24T17:22:01.031+0000] {spark_submit.py:524} INFO - 24/10/24 17:22:01 WARN FileUtil: Failed to delete file or dir [/opt/***/data-lake/silver/openbrewerydb/_temporary/0/task_202410241717093272551090340367923_0007_m_000000/country=United States/state=Michigan/.part-00000-293127b4-653b-4b2b-b6ec-77a71618c0d6.c000.snappy.parquet.crc]: it still exists.
[2024-10-24T17:22:01.031+0000] {spark_submit.py:524} INFO - 24/10/24 17:22:01 WARN FileUtil: Failed to delete file or dir [/opt/***/data-lake/silver/openbrewerydb/_temporary/0/task_202410241717093272551090340367923_0007_m_000000/country=United States/state=Colorado/part-00000-293127b4-653b-4b2b-b6ec-77a71618c0d6.c000.snappy.parquet]: it still exists.
[2024-10-24T17:22:01.031+0000] {spark_submit.py:524} INFO - 24/10/24 17:22:01 WARN FileUtil: Failed to delete file or dir [/opt/***/data-lake/silver/openbrewerydb/_temporary/0/task_202410241717093272551090340367923_0007_m_000000/country=United States/state=Colorado/.part-00000-293127b4-653b-4b2b-b6ec-77a71618c0d6.c000.snappy.parquet.crc]: it still exists.
[2024-10-24T17:22:01.031+0000] {spark_submit.py:524} INFO - 24/10/24 17:22:01 WARN FileUtil: Failed to delete file or dir [/opt/***/data-lake/silver/openbrewerydb/_temporary/0/task_202410241717093272551090340367923_0007_m_000000/country=United States/state=Maryland/part-00000-293127b4-653b-4b2b-b6ec-77a71618c0d6.c000.snappy.parquet]: it still exists.
[2024-10-24T17:22:01.032+0000] {spark_submit.py:524} INFO - 24/10/24 17:22:01 WARN FileUtil: Failed to delete file or dir [/opt/***/data-lake/silver/openbrewerydb/_temporary/0/task_202410241717093272551090340367923_0007_m_000000/country=United States/state=Maryland/.part-00000-293127b4-653b-4b2b-b6ec-77a71618c0d6.c000.snappy.parquet.crc]: it still exists.
[2024-10-24T17:22:01.032+0000] {spark_submit.py:524} INFO - 24/10/24 17:22:01 WARN FileUtil: Failed to delete file or dir [/opt/***/data-lake/silver/openbrewerydb/_temporary/0/task_202410241717093272551090340367923_0007_m_000000/country=United States/state=Pennsylvania/part-00000-293127b4-653b-4b2b-b6ec-77a71618c0d6.c000.snappy.parquet]: it still exists.
[2024-10-24T17:22:01.032+0000] {spark_submit.py:524} INFO - 24/10/24 17:22:01 WARN FileUtil: Failed to delete file or dir [/opt/***/data-lake/silver/openbrewerydb/_temporary/0/task_202410241717093272551090340367923_0007_m_000000/country=United States/state=Pennsylvania/.part-00000-293127b4-653b-4b2b-b6ec-77a71618c0d6.c000.snappy.parquet.crc]: it still exists.
[2024-10-24T17:22:01.032+0000] {spark_submit.py:524} INFO - 24/10/24 17:22:01 WARN FileUtil: Failed to delete file or dir [/opt/***/data-lake/silver/openbrewerydb/_temporary/0/task_202410241717093272551090340367923_0007_m_000000/country=United States/state=Mississippi/part-00000-293127b4-653b-4b2b-b6ec-77a71618c0d6.c000.snappy.parquet]: it still exists.
[2024-10-24T17:22:01.032+0000] {spark_submit.py:524} INFO - 24/10/24 17:22:01 WARN FileUtil: Failed to delete file or dir [/opt/***/data-lake/silver/openbrewerydb/_temporary/0/task_202410241717093272551090340367923_0007_m_000000/country=United States/state=Mississippi/.part-00000-293127b4-653b-4b2b-b6ec-77a71618c0d6.c000.snappy.parquet.crc]: it still exists.
[2024-10-24T17:22:01.033+0000] {spark_submit.py:524} INFO - 24/10/24 17:22:01 WARN FileUtil: Failed to delete file or dir [/opt/***/data-lake/silver/openbrewerydb/_temporary/0/task_202410241717093272551090340367923_0007_m_000000/country=United States/state=Indiana/part-00000-293127b4-653b-4b2b-b6ec-77a71618c0d6.c000.snappy.parquet]: it still exists.
[2024-10-24T17:22:01.033+0000] {spark_submit.py:524} INFO - 24/10/24 17:22:01 WARN FileUtil: Failed to delete file or dir [/opt/***/data-lake/silver/openbrewerydb/_temporary/0/task_202410241717093272551090340367923_0007_m_000000/country=United States/state=Indiana/.part-00000-293127b4-653b-4b2b-b6ec-77a71618c0d6.c000.snappy.parquet.crc]: it still exists.
[2024-10-24T17:22:01.033+0000] {spark_submit.py:524} INFO - 24/10/24 17:22:01 WARN FileUtil: Failed to delete file or dir [/opt/***/data-lake/silver/openbrewerydb/_temporary/0/task_202410241717093272551090340367923_0007_m_000000/country=United States/state=Idaho/part-00000-293127b4-653b-4b2b-b6ec-77a71618c0d6.c000.snappy.parquet]: it still exists.
[2024-10-24T17:22:01.033+0000] {spark_submit.py:524} INFO - 24/10/24 17:22:01 WARN FileUtil: Failed to delete file or dir [/opt/***/data-lake/silver/openbrewerydb/_temporary/0/task_202410241717093272551090340367923_0007_m_000000/country=United States/state=Idaho/.part-00000-293127b4-653b-4b2b-b6ec-77a71618c0d6.c000.snappy.parquet.crc]: it still exists.
[2024-10-24T17:22:01.033+0000] {spark_submit.py:524} INFO - 24/10/24 17:22:01 WARN FileUtil: Failed to delete file or dir [/opt/***/data-lake/silver/openbrewerydb/_temporary/0/task_202410241717093272551090340367923_0007_m_000000/country=United States/state=Ohio/part-00000-293127b4-653b-4b2b-b6ec-77a71618c0d6.c000.snappy.parquet]: it still exists.
[2024-10-24T17:22:01.033+0000] {spark_submit.py:524} INFO - 24/10/24 17:22:01 WARN FileUtil: Failed to delete file or dir [/opt/***/data-lake/silver/openbrewerydb/_temporary/0/task_202410241717093272551090340367923_0007_m_000000/country=United States/state=Ohio/.part-00000-293127b4-653b-4b2b-b6ec-77a71618c0d6.c000.snappy.parquet.crc]: it still exists.
[2024-10-24T17:22:01.034+0000] {spark_submit.py:524} INFO - 24/10/24 17:22:01 WARN FileUtil: Failed to delete file or dir [/opt/***/data-lake/silver/openbrewerydb/_temporary/0/task_202410241717093272551090340367923_0007_m_000000/country=United States/state=Oklahoma/part-00000-293127b4-653b-4b2b-b6ec-77a71618c0d6.c000.snappy.parquet]: it still exists.
[2024-10-24T17:22:01.034+0000] {spark_submit.py:524} INFO - 24/10/24 17:22:01 WARN FileUtil: Failed to delete file or dir [/opt/***/data-lake/silver/openbrewerydb/_temporary/0/task_202410241717093272551090340367923_0007_m_000000/country=United States/state=Oklahoma/.part-00000-293127b4-653b-4b2b-b6ec-77a71618c0d6.c000.snappy.parquet.crc]: it still exists.
[2024-10-24T17:22:01.034+0000] {spark_submit.py:524} INFO - 24/10/24 17:22:01 WARN FileUtil: Failed to delete file or dir [/opt/***/data-lake/silver/openbrewerydb/_temporary/0/task_202410241717093272551090340367923_0007_m_000000/country=United States/state=Delaware/part-00000-293127b4-653b-4b2b-b6ec-77a71618c0d6.c000.snappy.parquet]: it still exists.
[2024-10-24T17:22:01.034+0000] {spark_submit.py:524} INFO - 24/10/24 17:22:01 WARN FileUtil: Failed to delete file or dir [/opt/***/data-lake/silver/openbrewerydb/_temporary/0/task_202410241717093272551090340367923_0007_m_000000/country=United States/state=Delaware/.part-00000-293127b4-653b-4b2b-b6ec-77a71618c0d6.c000.snappy.parquet.crc]: it still exists.
[2024-10-24T17:22:01.034+0000] {spark_submit.py:524} INFO - 24/10/24 17:22:01 WARN FileUtil: Failed to delete file or dir [/opt/***/data-lake/silver/openbrewerydb/_temporary/0/task_202410241717093272551090340367923_0007_m_000000/country=United States/state=Arizona/part-00000-293127b4-653b-4b2b-b6ec-77a71618c0d6.c000.snappy.parquet]: it still exists.
[2024-10-24T17:22:01.034+0000] {spark_submit.py:524} INFO - 24/10/24 17:22:01 WARN FileUtil: Failed to delete file or dir [/opt/***/data-lake/silver/openbrewerydb/_temporary/0/task_202410241717093272551090340367923_0007_m_000000/country=United States/state=Arizona/.part-00000-293127b4-653b-4b2b-b6ec-77a71618c0d6.c000.snappy.parquet.crc]: it still exists.
[2024-10-24T17:22:01.035+0000] {spark_submit.py:524} INFO - 24/10/24 17:22:01 WARN FileUtil: Failed to delete file or dir [/opt/***/data-lake/silver/openbrewerydb/_temporary/0/task_202410241717093272551090340367923_0007_m_000000/country=United States/state=Texas/part-00000-293127b4-653b-4b2b-b6ec-77a71618c0d6.c000.snappy.parquet]: it still exists.
[2024-10-24T17:22:01.035+0000] {spark_submit.py:524} INFO - 24/10/24 17:22:01 WARN FileUtil: Failed to delete file or dir [/opt/***/data-lake/silver/openbrewerydb/_temporary/0/task_202410241717093272551090340367923_0007_m_000000/country=United States/state=Texas/.part-00000-293127b4-653b-4b2b-b6ec-77a71618c0d6.c000.snappy.parquet.crc]: it still exists.
[2024-10-24T17:22:01.035+0000] {spark_submit.py:524} INFO - 24/10/24 17:22:01 WARN FileUtil: Failed to delete file or dir [/opt/***/data-lake/silver/openbrewerydb/_temporary/0/task_202410241717093272551090340367923_0007_m_000000/country=United States/state=North Carolina/part-00000-293127b4-653b-4b2b-b6ec-77a71618c0d6.c000.snappy.parquet]: it still exists.
[2024-10-24T17:22:01.035+0000] {spark_submit.py:524} INFO - 24/10/24 17:22:01 WARN FileUtil: Failed to delete file or dir [/opt/***/data-lake/silver/openbrewerydb/_temporary/0/task_202410241717093272551090340367923_0007_m_000000/country=United States/state=North Carolina/.part-00000-293127b4-653b-4b2b-b6ec-77a71618c0d6.c000.snappy.parquet.crc]: it still exists.
[2024-10-24T17:22:01.035+0000] {spark_submit.py:524} INFO - 24/10/24 17:22:01 WARN FileUtil: Failed to delete file or dir [/opt/***/data-lake/silver/openbrewerydb/_temporary/0/task_202410241717093272551090340367923_0007_m_000000/country=United States/state=Massachusetts/part-00000-293127b4-653b-4b2b-b6ec-77a71618c0d6.c000.snappy.parquet]: it still exists.
[2024-10-24T17:22:01.035+0000] {spark_submit.py:524} INFO - 24/10/24 17:22:01 WARN FileUtil: Failed to delete file or dir [/opt/***/data-lake/silver/openbrewerydb/_temporary/0/task_202410241717093272551090340367923_0007_m_000000/country=United States/state=Massachusetts/.part-00000-293127b4-653b-4b2b-b6ec-77a71618c0d6.c000.snappy.parquet.crc]: it still exists.
[2024-10-24T17:22:01.036+0000] {spark_submit.py:524} INFO - 24/10/24 17:22:01 WARN FileUtil: Failed to delete file or dir [/opt/***/data-lake/silver/openbrewerydb/_temporary/0/task_202410241717093272551090340367923_0007_m_000000/country=United States/state=Oregon/part-00000-293127b4-653b-4b2b-b6ec-77a71618c0d6.c000.snappy.parquet]: it still exists.
[2024-10-24T17:22:01.036+0000] {spark_submit.py:524} INFO - 24/10/24 17:22:01 WARN FileUtil: Failed to delete file or dir [/opt/***/data-lake/silver/openbrewerydb/_temporary/0/task_202410241717093272551090340367923_0007_m_000000/country=United States/state=Oregon/.part-00000-293127b4-653b-4b2b-b6ec-77a71618c0d6.c000.snappy.parquet.crc]: it still exists.
[2024-10-24T17:22:01.036+0000] {spark_submit.py:524} INFO - 24/10/24 17:22:01 WARN FileUtil: Failed to delete file or dir [/opt/***/data-lake/silver/openbrewerydb/_temporary/0/task_202410241717093272551090340367923_0007_m_000000/country=United States/state=Nevada/part-00000-293127b4-653b-4b2b-b6ec-77a71618c0d6.c000.snappy.parquet]: it still exists.
[2024-10-24T17:22:01.036+0000] {spark_submit.py:524} INFO - 24/10/24 17:22:01 WARN FileUtil: Failed to delete file or dir [/opt/***/data-lake/silver/openbrewerydb/_temporary/0/task_202410241717093272551090340367923_0007_m_000000/country=United States/state=Nevada/.part-00000-293127b4-653b-4b2b-b6ec-77a71618c0d6.c000.snappy.parquet.crc]: it still exists.
[2024-10-24T17:22:01.036+0000] {spark_submit.py:524} INFO - 24/10/24 17:22:01 WARN FileUtil: Failed to delete file or dir [/opt/***/data-lake/silver/openbrewerydb/_temporary/0/task_202410241717093272551090340367923_0007_m_000000/country=United States/state=Wisconsin/part-00000-293127b4-653b-4b2b-b6ec-77a71618c0d6.c000.snappy.parquet]: it still exists.
[2024-10-24T17:22:01.036+0000] {spark_submit.py:524} INFO - 24/10/24 17:22:01 WARN FileUtil: Failed to delete file or dir [/opt/***/data-lake/silver/openbrewerydb/_temporary/0/task_202410241717093272551090340367923_0007_m_000000/country=United States/state=Wisconsin/.part-00000-293127b4-653b-4b2b-b6ec-77a71618c0d6.c000.snappy.parquet.crc]: it still exists.
[2024-10-24T17:22:01.037+0000] {spark_submit.py:524} INFO - 24/10/24 17:22:01 WARN FileUtil: Failed to delete file or dir [/opt/***/data-lake/silver/openbrewerydb/_temporary/0/task_202410241717093272551090340367923_0007_m_000000/country=United States/state=Washington/part-00000-293127b4-653b-4b2b-b6ec-77a71618c0d6.c000.snappy.parquet]: it still exists.
[2024-10-24T17:22:01.037+0000] {spark_submit.py:524} INFO - 24/10/24 17:22:01 WARN FileUtil: Failed to delete file or dir [/opt/***/data-lake/silver/openbrewerydb/_temporary/0/task_202410241717093272551090340367923_0007_m_000000/country=United States/state=Washington/.part-00000-293127b4-653b-4b2b-b6ec-77a71618c0d6.c000.snappy.parquet.crc]: it still exists.
[2024-10-24T17:22:01.037+0000] {spark_submit.py:524} INFO - 24/10/24 17:22:01 WARN FileUtil: Failed to delete file or dir [/opt/***/data-lake/silver/openbrewerydb/_temporary/0/task_202410241717093272551090340367923_0007_m_000000/country=United States/state=South Carolina/part-00000-293127b4-653b-4b2b-b6ec-77a71618c0d6.c000.snappy.parquet]: it still exists.
[2024-10-24T17:22:01.037+0000] {spark_submit.py:524} INFO - 24/10/24 17:22:01 WARN FileUtil: Failed to delete file or dir [/opt/***/data-lake/silver/openbrewerydb/_temporary/0/task_202410241717093272551090340367923_0007_m_000000/country=United States/state=South Carolina/.part-00000-293127b4-653b-4b2b-b6ec-77a71618c0d6.c000.snappy.parquet.crc]: it still exists.
[2024-10-24T17:22:01.037+0000] {spark_submit.py:524} INFO - 24/10/24 17:22:01 WARN FileUtil: Failed to delete file or dir [/opt/***/data-lake/silver/openbrewerydb/_temporary/0/task_202410241717093272551090340367923_0007_m_000000/country=United States/state=Minnesota/part-00000-293127b4-653b-4b2b-b6ec-77a71618c0d6.c000.snappy.parquet]: it still exists.
[2024-10-24T17:22:01.038+0000] {spark_submit.py:524} INFO - 24/10/24 17:22:01 WARN FileUtil: Failed to delete file or dir [/opt/***/data-lake/silver/openbrewerydb/_temporary/0/task_202410241717093272551090340367923_0007_m_000000/country=United States/state=Minnesota/.part-00000-293127b4-653b-4b2b-b6ec-77a71618c0d6.c000.snappy.parquet.crc]: it still exists.
[2024-10-24T17:22:01.038+0000] {spark_submit.py:524} INFO - 24/10/24 17:22:01 WARN FileUtil: Failed to delete file or dir [/opt/***/data-lake/silver/openbrewerydb/_temporary/0/task_202410241717093272551090340367923_0007_m_000000/country=United States/state=Iowa/part-00000-293127b4-653b-4b2b-b6ec-77a71618c0d6.c000.snappy.parquet]: it still exists.
[2024-10-24T17:22:01.038+0000] {spark_submit.py:524} INFO - 24/10/24 17:22:01 WARN FileUtil: Failed to delete file or dir [/opt/***/data-lake/silver/openbrewerydb/_temporary/0/task_202410241717093272551090340367923_0007_m_000000/country=United States/state=Iowa/.part-00000-293127b4-653b-4b2b-b6ec-77a71618c0d6.c000.snappy.parquet.crc]: it still exists.
[2024-10-24T17:22:01.039+0000] {spark_submit.py:524} INFO - 24/10/24 17:22:01 WARN FileUtil: Failed to delete file or dir [/opt/***/data-lake/silver/openbrewerydb/_temporary/0/task_202410241717093272551090340367923_0007_m_000000/country=Ireland/state=Laois/part-00000-293127b4-653b-4b2b-b6ec-77a71618c0d6.c000.snappy.parquet]: it still exists.
[2024-10-24T17:22:01.039+0000] {spark_submit.py:524} INFO - 24/10/24 17:22:01 WARN FileUtil: Failed to delete file or dir [/opt/***/data-lake/silver/openbrewerydb/_temporary/0/task_202410241717093272551090340367923_0007_m_000000/country=Ireland/state=Laois/.part-00000-293127b4-653b-4b2b-b6ec-77a71618c0d6.c000.snappy.parquet.crc]: it still exists.
[2024-10-24T17:22:01.201+0000] {spark_submit.py:524} INFO - Uma exceo ocorreu durante a leitura dos dados da camada bronze: An error occurred while calling o33.save.
[2024-10-24T17:22:01.201+0000] {spark_submit.py:524} INFO - : org.apache.spark.SparkException: Unable to clear output directory file:/opt/***/data-lake/silver/openbrewerydb prior to writing to it.
[2024-10-24T17:22:01.202+0000] {spark_submit.py:524} INFO - at org.apache.spark.sql.errors.QueryExecutionErrors$.cannotClearOutputDirectoryError(QueryExecutionErrors.scala:794)
[2024-10-24T17:22:01.202+0000] {spark_submit.py:524} INFO - at org.apache.spark.sql.execution.datasources.InsertIntoHadoopFsRelationCommand.deleteMatchingPartitions(InsertIntoHadoopFsRelationCommand.scala:239)
[2024-10-24T17:22:01.202+0000] {spark_submit.py:524} INFO - at org.apache.spark.sql.execution.datasources.InsertIntoHadoopFsRelationCommand.run(InsertIntoHadoopFsRelationCommand.scala:131)
[2024-10-24T17:22:01.202+0000] {spark_submit.py:524} INFO - at org.apache.spark.sql.execution.command.DataWritingCommandExec.sideEffectResult$lzycompute(commands.scala:113)
[2024-10-24T17:22:01.202+0000] {spark_submit.py:524} INFO - at org.apache.spark.sql.execution.command.DataWritingCommandExec.sideEffectResult(commands.scala:111)
[2024-10-24T17:22:01.202+0000] {spark_submit.py:524} INFO - at org.apache.spark.sql.execution.command.DataWritingCommandExec.executeCollect(commands.scala:125)
[2024-10-24T17:22:01.202+0000] {spark_submit.py:524} INFO - at org.apache.spark.sql.execution.QueryExecution$$anonfun$eagerlyExecuteCommands$1.$anonfun$applyOrElse$1(QueryExecution.scala:107)
[2024-10-24T17:22:01.202+0000] {spark_submit.py:524} INFO - at org.apache.spark.sql.execution.SQLExecution$.$anonfun$withNewExecutionId$6(SQLExecution.scala:125)
[2024-10-24T17:22:01.203+0000] {spark_submit.py:524} INFO - at org.apache.spark.sql.execution.SQLExecution$.withSQLConfPropagated(SQLExecution.scala:201)
[2024-10-24T17:22:01.203+0000] {spark_submit.py:524} INFO - at org.apache.spark.sql.execution.SQLExecution$.$anonfun$withNewExecutionId$1(SQLExecution.scala:108)
[2024-10-24T17:22:01.203+0000] {spark_submit.py:524} INFO - at org.apache.spark.sql.SparkSession.withActive(SparkSession.scala:900)
[2024-10-24T17:22:01.203+0000] {spark_submit.py:524} INFO - at org.apache.spark.sql.execution.SQLExecution$.withNewExecutionId(SQLExecution.scala:66)
[2024-10-24T17:22:01.203+0000] {spark_submit.py:524} INFO - at org.apache.spark.sql.execution.QueryExecution$$anonfun$eagerlyExecuteCommands$1.applyOrElse(QueryExecution.scala:107)
[2024-10-24T17:22:01.203+0000] {spark_submit.py:524} INFO - at org.apache.spark.sql.execution.QueryExecution$$anonfun$eagerlyExecuteCommands$1.applyOrElse(QueryExecution.scala:98)
[2024-10-24T17:22:01.203+0000] {spark_submit.py:524} INFO - at org.apache.spark.sql.catalyst.trees.TreeNode.$anonfun$transformDownWithPruning$1(TreeNode.scala:461)
[2024-10-24T17:22:01.203+0000] {spark_submit.py:524} INFO - at org.apache.spark.sql.catalyst.trees.CurrentOrigin$.withOrigin(origin.scala:76)
[2024-10-24T17:22:01.203+0000] {spark_submit.py:524} INFO - at org.apache.spark.sql.catalyst.trees.TreeNode.transformDownWithPruning(TreeNode.scala:461)
[2024-10-24T17:22:01.203+0000] {spark_submit.py:524} INFO - at org.apache.spark.sql.catalyst.plans.logical.LogicalPlan.org$apache$spark$sql$catalyst$plans$logical$AnalysisHelper$$super$transformDownWithPruning(LogicalPlan.scala:32)
[2024-10-24T17:22:01.204+0000] {spark_submit.py:524} INFO - at org.apache.spark.sql.catalyst.plans.logical.AnalysisHelper.transformDownWithPruning(AnalysisHelper.scala:267)
[2024-10-24T17:22:01.204+0000] {spark_submit.py:524} INFO - at org.apache.spark.sql.catalyst.plans.logical.AnalysisHelper.transformDownWithPruning$(AnalysisHelper.scala:263)
[2024-10-24T17:22:01.204+0000] {spark_submit.py:524} INFO - at org.apache.spark.sql.catalyst.plans.logical.LogicalPlan.transformDownWithPruning(LogicalPlan.scala:32)
[2024-10-24T17:22:01.204+0000] {spark_submit.py:524} INFO - at org.apache.spark.sql.catalyst.plans.logical.LogicalPlan.transformDownWithPruning(LogicalPlan.scala:32)
[2024-10-24T17:22:01.204+0000] {spark_submit.py:524} INFO - at org.apache.spark.sql.catalyst.trees.TreeNode.transformDown(TreeNode.scala:437)
[2024-10-24T17:22:01.204+0000] {spark_submit.py:524} INFO - at org.apache.spark.sql.execution.QueryExecution.eagerlyExecuteCommands(QueryExecution.scala:98)
[2024-10-24T17:22:01.204+0000] {spark_submit.py:524} INFO - at org.apache.spark.sql.execution.QueryExecution.commandExecuted$lzycompute(QueryExecution.scala:85)
[2024-10-24T17:22:01.205+0000] {spark_submit.py:524} INFO - at org.apache.spark.sql.execution.QueryExecution.commandExecuted(QueryExecution.scala:83)
[2024-10-24T17:22:01.205+0000] {spark_submit.py:524} INFO - at org.apache.spark.sql.execution.QueryExecution.assertCommandExecuted(QueryExecution.scala:142)
[2024-10-24T17:22:01.205+0000] {spark_submit.py:524} INFO - at org.apache.spark.sql.DataFrameWriter.runCommand(DataFrameWriter.scala:859)
[2024-10-24T17:22:01.205+0000] {spark_submit.py:524} INFO - at org.apache.spark.sql.DataFrameWriter.saveToV1Source(DataFrameWriter.scala:388)
[2024-10-24T17:22:01.205+0000] {spark_submit.py:524} INFO - at org.apache.spark.sql.DataFrameWriter.saveInternal(DataFrameWriter.scala:361)
[2024-10-24T17:22:01.205+0000] {spark_submit.py:524} INFO - at org.apache.spark.sql.DataFrameWriter.save(DataFrameWriter.scala:240)
[2024-10-24T17:22:01.205+0000] {spark_submit.py:524} INFO - at java.base/jdk.internal.reflect.NativeMethodAccessorImpl.invoke0(Native Method)
[2024-10-24T17:22:01.205+0000] {spark_submit.py:524} INFO - at java.base/jdk.internal.reflect.NativeMethodAccessorImpl.invoke(NativeMethodAccessorImpl.java:77)
[2024-10-24T17:22:01.205+0000] {spark_submit.py:524} INFO - at java.base/jdk.internal.reflect.DelegatingMethodAccessorImpl.invoke(DelegatingMethodAccessorImpl.java:43)
[2024-10-24T17:22:01.205+0000] {spark_submit.py:524} INFO - at java.base/java.lang.reflect.Method.invoke(Method.java:569)
[2024-10-24T17:22:01.206+0000] {spark_submit.py:524} INFO - at py4j.reflection.MethodInvoker.invoke(MethodInvoker.java:244)
[2024-10-24T17:22:01.206+0000] {spark_submit.py:524} INFO - at py4j.reflection.ReflectionEngine.invoke(ReflectionEngine.java:374)
[2024-10-24T17:22:01.206+0000] {spark_submit.py:524} INFO - at py4j.Gateway.invoke(Gateway.java:282)
[2024-10-24T17:22:01.206+0000] {spark_submit.py:524} INFO - at py4j.commands.AbstractCommand.invokeMethod(AbstractCommand.java:132)
[2024-10-24T17:22:01.206+0000] {spark_submit.py:524} INFO - at py4j.commands.CallCommand.execute(CallCommand.java:79)
[2024-10-24T17:22:01.206+0000] {spark_submit.py:524} INFO - at py4j.ClientServerConnection.waitForCommands(ClientServerConnection.java:182)
[2024-10-24T17:22:01.206+0000] {spark_submit.py:524} INFO - at py4j.ClientServerConnection.run(ClientServerConnection.java:106)
[2024-10-24T17:22:01.206+0000] {spark_submit.py:524} INFO - at java.base/java.lang.Thread.run(Thread.java:840)
[2024-10-24T17:22:01.206+0000] {spark_submit.py:524} INFO - 
[2024-10-24T17:22:01.206+0000] {spark_submit.py:524} INFO - 24/10/24 17:22:01 INFO SparkContext: SparkContext is stopping with exitCode 0.
[2024-10-24T17:22:01.212+0000] {spark_submit.py:524} INFO - 24/10/24 17:22:01 INFO SparkUI: Stopped Spark web UI at http://e995fa603d7f:4040
[2024-10-24T17:22:01.215+0000] {spark_submit.py:524} INFO - 24/10/24 17:22:01 INFO StandaloneSchedulerBackend: Shutting down all executors
[2024-10-24T17:22:01.215+0000] {spark_submit.py:524} INFO - 24/10/24 17:22:01 INFO StandaloneSchedulerBackend$StandaloneDriverEndpoint: Asking each executor to shut down
[2024-10-24T17:22:01.241+0000] {spark_submit.py:524} INFO - 24/10/24 17:22:01 INFO MapOutputTrackerMasterEndpoint: MapOutputTrackerMasterEndpoint stopped!
[2024-10-24T17:22:01.264+0000] {spark_submit.py:524} INFO - 24/10/24 17:22:01 INFO MemoryStore: MemoryStore cleared
[2024-10-24T17:22:01.265+0000] {spark_submit.py:524} INFO - 24/10/24 17:22:01 INFO BlockManager: BlockManager stopped
[2024-10-24T17:22:01.270+0000] {spark_submit.py:524} INFO - 24/10/24 17:22:01 INFO BlockManagerMaster: BlockManagerMaster stopped
[2024-10-24T17:22:01.274+0000] {spark_submit.py:524} INFO - 24/10/24 17:22:01 INFO OutputCommitCoordinator$OutputCommitCoordinatorEndpoint: OutputCommitCoordinator stopped!
[2024-10-24T17:22:01.289+0000] {spark_submit.py:524} INFO - 24/10/24 17:22:01 INFO SparkContext: Successfully stopped SparkContext
[2024-10-24T17:22:01.679+0000] {spark_submit.py:524} INFO - 24/10/24 17:22:01 INFO ShutdownHookManager: Shutdown hook called
[2024-10-24T17:22:01.680+0000] {spark_submit.py:524} INFO - 24/10/24 17:22:01 INFO ShutdownHookManager: Deleting directory /tmp/spark-1b192e79-5cc6-4aef-ad87-761b8c7d2fe1/pyspark-5bd9674b-669b-4d79-8a1e-7ab7e4b86c86
[2024-10-24T17:22:01.684+0000] {spark_submit.py:524} INFO - 24/10/24 17:22:01 INFO ShutdownHookManager: Deleting directory /tmp/spark-1b192e79-5cc6-4aef-ad87-761b8c7d2fe1
[2024-10-24T17:22:01.689+0000] {spark_submit.py:524} INFO - 24/10/24 17:22:01 INFO ShutdownHookManager: Deleting directory /tmp/spark-a1e61346-2098-4c17-83fd-93f2182a012e
[2024-10-24T17:22:01.764+0000] {taskinstance.py:1398} INFO - Marking task as SUCCESS. dag_id=api_openbrewerydb_to_silver_gold, task_id=Silver, execution_date=20241024T172147, start_date=20241024T172148, end_date=20241024T172201
[2024-10-24T17:22:01.783+0000] {local_task_job_runner.py:228} INFO - Task exited with return code 0
[2024-10-24T17:22:01.811+0000] {taskinstance.py:2776} INFO - 1 downstream tasks scheduled from follow-on schedule check
