[2024-10-24T14:27:06.729+0000] {taskinstance.py:1157} INFO - Dependencies all met for dep_context=non-requeueable deps ti=<TaskInstance: api_openbrewerydb_to_silver_gold.Gold scheduled__2023-10-26T08:00:00+00:00 [queued]>
[2024-10-24T14:27:06.735+0000] {taskinstance.py:1157} INFO - Dependencies all met for dep_context=requeueable deps ti=<TaskInstance: api_openbrewerydb_to_silver_gold.Gold scheduled__2023-10-26T08:00:00+00:00 [queued]>
[2024-10-24T14:27:06.736+0000] {taskinstance.py:1359} INFO - Starting attempt 1 of 2
[2024-10-24T14:27:06.745+0000] {taskinstance.py:1380} INFO - Executing <Task(SparkSubmitOperator): Gold> on 2023-10-26 08:00:00+00:00
[2024-10-24T14:27:06.749+0000] {standard_task_runner.py:57} INFO - Started process 1981 to run task
[2024-10-24T14:27:06.751+0000] {standard_task_runner.py:84} INFO - Running: ['***', 'tasks', 'run', 'api_openbrewerydb_to_silver_gold', 'Gold', 'scheduled__2023-10-26T08:00:00+00:00', '--job-id', '16', '--raw', '--subdir', 'DAGS_FOLDER/api_openbrewerydb_to_silver.py', '--cfg-path', '/tmp/tmpk4fxll4v']
[2024-10-24T14:27:06.755+0000] {standard_task_runner.py:85} INFO - Job 16: Subtask Gold
[2024-10-24T14:27:06.799+0000] {task_command.py:415} INFO - Running <TaskInstance: api_openbrewerydb_to_silver_gold.Gold scheduled__2023-10-26T08:00:00+00:00 [running]> on host 96f89615839b
[2024-10-24T14:27:06.879+0000] {taskinstance.py:1660} INFO - Exporting env vars: AIRFLOW_CTX_DAG_OWNER='Rodrigo Araujo' AIRFLOW_CTX_DAG_ID='api_openbrewerydb_to_silver_gold' AIRFLOW_CTX_TASK_ID='Gold' AIRFLOW_CTX_EXECUTION_DATE='2023-10-26T08:00:00+00:00' AIRFLOW_CTX_TRY_NUMBER='1' AIRFLOW_CTX_DAG_RUN_ID='scheduled__2023-10-26T08:00:00+00:00'
[2024-10-24T14:27:06.891+0000] {base.py:73} INFO - Using connection ID 'spark-conn' for task execution.
[2024-10-24T14:27:06.892+0000] {spark_submit.py:363} INFO - Spark-Submit cmd: spark-submit --master spark://spark-master:7077 --name arrow-spark jobs/gold/api_openbrewerydb.py
[2024-10-24T14:27:09.598+0000] {spark_submit.py:524} INFO - 24/10/24 14:27:09 INFO SparkContext: Running Spark version 3.5.3
[2024-10-24T14:27:09.600+0000] {spark_submit.py:524} INFO - 24/10/24 14:27:09 INFO SparkContext: OS info Linux, 5.15.0-124-generic, amd64
[2024-10-24T14:27:09.600+0000] {spark_submit.py:524} INFO - 24/10/24 14:27:09 INFO SparkContext: Java version 11.0.25
[2024-10-24T14:27:09.654+0000] {spark_submit.py:524} INFO - 24/10/24 14:27:09 WARN NativeCodeLoader: Unable to load native-hadoop library for your platform... using builtin-java classes where applicable
[2024-10-24T14:27:09.732+0000] {spark_submit.py:524} INFO - 24/10/24 14:27:09 INFO ResourceUtils: ==============================================================
[2024-10-24T14:27:09.732+0000] {spark_submit.py:524} INFO - 24/10/24 14:27:09 INFO ResourceUtils: No custom resources configured for spark.driver.
[2024-10-24T14:27:09.733+0000] {spark_submit.py:524} INFO - 24/10/24 14:27:09 INFO ResourceUtils: ==============================================================
[2024-10-24T14:27:09.733+0000] {spark_submit.py:524} INFO - 24/10/24 14:27:09 INFO SparkContext: Submitted application: IngestaoSilver
[2024-10-24T14:27:09.751+0000] {spark_submit.py:524} INFO - 24/10/24 14:27:09 INFO ResourceProfile: Default ResourceProfile created, executor resources: Map(memory -> name: memory, amount: 1024, script: , vendor: , offHeap -> name: offHeap, amount: 0, script: , vendor: ), task resources: Map(cpus -> name: cpus, amount: 1.0)
[2024-10-24T14:27:09.764+0000] {spark_submit.py:524} INFO - 24/10/24 14:27:09 INFO ResourceProfile: Limiting resource is cpu
[2024-10-24T14:27:09.764+0000] {spark_submit.py:524} INFO - 24/10/24 14:27:09 INFO ResourceProfileManager: Added ResourceProfile id: 0
[2024-10-24T14:27:09.813+0000] {spark_submit.py:524} INFO - 24/10/24 14:27:09 INFO SecurityManager: Changing view acls to: ***
[2024-10-24T14:27:09.814+0000] {spark_submit.py:524} INFO - 24/10/24 14:27:09 INFO SecurityManager: Changing modify acls to: ***
[2024-10-24T14:27:09.815+0000] {spark_submit.py:524} INFO - 24/10/24 14:27:09 INFO SecurityManager: Changing view acls groups to:
[2024-10-24T14:27:09.816+0000] {spark_submit.py:524} INFO - 24/10/24 14:27:09 INFO SecurityManager: Changing modify acls groups to:
[2024-10-24T14:27:09.818+0000] {spark_submit.py:524} INFO - 24/10/24 14:27:09 INFO SecurityManager: SecurityManager: authentication disabled; ui acls disabled; users with view permissions: ***; groups with view permissions: EMPTY; users with modify permissions: ***; groups with modify permissions: EMPTY
[2024-10-24T14:27:10.057+0000] {spark_submit.py:524} INFO - 24/10/24 14:27:10 INFO Utils: Successfully started service 'sparkDriver' on port 33821.
[2024-10-24T14:27:10.082+0000] {spark_submit.py:524} INFO - 24/10/24 14:27:10 INFO SparkEnv: Registering MapOutputTracker
[2024-10-24T14:27:10.112+0000] {spark_submit.py:524} INFO - 24/10/24 14:27:10 INFO SparkEnv: Registering BlockManagerMaster
[2024-10-24T14:27:10.132+0000] {spark_submit.py:524} INFO - 24/10/24 14:27:10 INFO BlockManagerMasterEndpoint: Using org.apache.spark.storage.DefaultTopologyMapper for getting topology information
[2024-10-24T14:27:10.133+0000] {spark_submit.py:524} INFO - 24/10/24 14:27:10 INFO BlockManagerMasterEndpoint: BlockManagerMasterEndpoint up
[2024-10-24T14:27:10.136+0000] {spark_submit.py:524} INFO - 24/10/24 14:27:10 INFO SparkEnv: Registering BlockManagerMasterHeartbeat
[2024-10-24T14:27:10.155+0000] {spark_submit.py:524} INFO - 24/10/24 14:27:10 INFO DiskBlockManager: Created local directory at /tmp/blockmgr-3d51740e-8fc1-4178-9536-2b3b30d76e46
[2024-10-24T14:27:10.172+0000] {spark_submit.py:524} INFO - 24/10/24 14:27:10 INFO MemoryStore: MemoryStore started with capacity 434.4 MiB
[2024-10-24T14:27:10.188+0000] {spark_submit.py:524} INFO - 24/10/24 14:27:10 INFO SparkEnv: Registering OutputCommitCoordinator
[2024-10-24T14:27:10.338+0000] {spark_submit.py:524} INFO - 24/10/24 14:27:10 INFO JettyUtils: Start Jetty 0.0.0.0:4040 for SparkUI
[2024-10-24T14:27:10.384+0000] {spark_submit.py:524} INFO - 24/10/24 14:27:10 INFO Utils: Successfully started service 'SparkUI' on port 4040.
[2024-10-24T14:27:10.496+0000] {spark_submit.py:524} INFO - 24/10/24 14:27:10 INFO StandaloneAppClient$ClientEndpoint: Connecting to master spark://spark-master:7077...
[2024-10-24T14:27:10.546+0000] {spark_submit.py:524} INFO - 24/10/24 14:27:10 INFO TransportClientFactory: Successfully created connection to spark-master/172.18.0.2:7077 after 28 ms (0 ms spent in bootstraps)
[2024-10-24T14:27:10.626+0000] {spark_submit.py:524} INFO - 24/10/24 14:27:10 INFO StandaloneSchedulerBackend: Connected to Spark cluster with app ID app-20241024142710-0011
[2024-10-24T14:27:10.627+0000] {spark_submit.py:524} INFO - 24/10/24 14:27:10 INFO StandaloneAppClient$ClientEndpoint: Executor added: app-20241024142710-0011/0 on worker-20241024142308-172.18.0.5-43899 (172.18.0.5:43899) with 2 core(s)
[2024-10-24T14:27:10.632+0000] {spark_submit.py:524} INFO - 24/10/24 14:27:10 INFO StandaloneSchedulerBackend: Granted executor ID app-20241024142710-0011/0 on hostPort 172.18.0.5:43899 with 2 core(s), 1024.0 MiB RAM
[2024-10-24T14:27:10.640+0000] {spark_submit.py:524} INFO - 24/10/24 14:27:10 INFO Utils: Successfully started service 'org.apache.spark.network.netty.NettyBlockTransferService' on port 42025.
[2024-10-24T14:27:10.641+0000] {spark_submit.py:524} INFO - 24/10/24 14:27:10 INFO NettyBlockTransferService: Server created on 96f89615839b:42025
[2024-10-24T14:27:10.644+0000] {spark_submit.py:524} INFO - 24/10/24 14:27:10 INFO BlockManager: Using org.apache.spark.storage.RandomBlockReplicationPolicy for block replication policy
[2024-10-24T14:27:10.663+0000] {spark_submit.py:524} INFO - 24/10/24 14:27:10 INFO BlockManagerMaster: Registering BlockManager BlockManagerId(driver, 96f89615839b, 42025, None)
[2024-10-24T14:27:10.672+0000] {spark_submit.py:524} INFO - 24/10/24 14:27:10 INFO BlockManagerMasterEndpoint: Registering block manager 96f89615839b:42025 with 434.4 MiB RAM, BlockManagerId(driver, 96f89615839b, 42025, None)
[2024-10-24T14:27:10.680+0000] {spark_submit.py:524} INFO - 24/10/24 14:27:10 INFO BlockManagerMaster: Registered BlockManager BlockManagerId(driver, 96f89615839b, 42025, None)
[2024-10-24T14:27:10.683+0000] {spark_submit.py:524} INFO - 24/10/24 14:27:10 INFO StandaloneAppClient$ClientEndpoint: Executor updated: app-20241024142710-0011/0 is now RUNNING
[2024-10-24T14:27:10.684+0000] {spark_submit.py:524} INFO - 24/10/24 14:27:10 INFO BlockManager: Initialized BlockManager: BlockManagerId(driver, 96f89615839b, 42025, None)
[2024-10-24T14:27:10.971+0000] {spark_submit.py:524} INFO - 24/10/24 14:27:10 INFO StandaloneSchedulerBackend: SchedulerBackend is ready for scheduling beginning after reached minRegisteredResourcesRatio: 0.0
[2024-10-24T14:27:11.189+0000] {spark_submit.py:524} INFO - Hello from Spark!
[2024-10-24T14:27:11.190+0000] {spark_submit.py:524} INFO - 24/10/24 14:27:11 INFO SparkContext: SparkContext is stopping with exitCode 0.
[2024-10-24T14:27:11.202+0000] {spark_submit.py:524} INFO - 24/10/24 14:27:11 INFO SparkUI: Stopped Spark web UI at http://96f89615839b:4040
[2024-10-24T14:27:11.206+0000] {spark_submit.py:524} INFO - 24/10/24 14:27:11 INFO StandaloneSchedulerBackend: Shutting down all executors
[2024-10-24T14:27:11.210+0000] {spark_submit.py:524} INFO - 24/10/24 14:27:11 INFO StandaloneSchedulerBackend$StandaloneDriverEndpoint: Asking each executor to shut down
[2024-10-24T14:27:11.233+0000] {spark_submit.py:524} INFO - 24/10/24 14:27:11 INFO MapOutputTrackerMasterEndpoint: MapOutputTrackerMasterEndpoint stopped!
[2024-10-24T14:27:11.248+0000] {spark_submit.py:524} INFO - 24/10/24 14:27:11 INFO MemoryStore: MemoryStore cleared
[2024-10-24T14:27:11.248+0000] {spark_submit.py:524} INFO - 24/10/24 14:27:11 INFO BlockManager: BlockManager stopped
[2024-10-24T14:27:11.254+0000] {spark_submit.py:524} INFO - 24/10/24 14:27:11 INFO BlockManagerMaster: BlockManagerMaster stopped
[2024-10-24T14:27:11.260+0000] {spark_submit.py:524} INFO - 24/10/24 14:27:11 INFO OutputCommitCoordinator$OutputCommitCoordinatorEndpoint: OutputCommitCoordinator stopped!
[2024-10-24T14:27:11.270+0000] {spark_submit.py:524} INFO - 24/10/24 14:27:11 INFO SparkContext: Successfully stopped SparkContext
[2024-10-24T14:27:11.604+0000] {spark_submit.py:524} INFO - 24/10/24 14:27:11 INFO ShutdownHookManager: Shutdown hook called
[2024-10-24T14:27:11.605+0000] {spark_submit.py:524} INFO - 24/10/24 14:27:11 INFO ShutdownHookManager: Deleting directory /tmp/spark-07317a71-b1ad-47bf-b529-445bfa5fc08b
[2024-10-24T14:27:11.608+0000] {spark_submit.py:524} INFO - 24/10/24 14:27:11 INFO ShutdownHookManager: Deleting directory /tmp/spark-29cb393e-ad3c-4a6e-b0f9-e6b3f17ad9a8/pyspark-92933541-2e4f-4ff9-8e8e-30ef1ea571e8
[2024-10-24T14:27:11.611+0000] {spark_submit.py:524} INFO - 24/10/24 14:27:11 INFO ShutdownHookManager: Deleting directory /tmp/spark-29cb393e-ad3c-4a6e-b0f9-e6b3f17ad9a8
[2024-10-24T14:27:11.653+0000] {taskinstance.py:1398} INFO - Marking task as SUCCESS. dag_id=api_openbrewerydb_to_silver_gold, task_id=Gold, execution_date=20231026T080000, start_date=20241024T142706, end_date=20241024T142711
[2024-10-24T14:27:11.700+0000] {local_task_job_runner.py:228} INFO - Task exited with return code 0
[2024-10-24T14:27:11.722+0000] {taskinstance.py:2776} INFO - 0 downstream tasks scheduled from follow-on schedule check
