[2024-10-24T01:17:34.240+0000] {taskinstance.py:1157} INFO - Dependencies all met for dep_context=non-requeueable deps ti=<TaskInstance: api_openbrewerydb_to_silver_gold.Gold scheduled__2023-10-27T08:00:00+00:00 [queued]>
[2024-10-24T01:17:34.247+0000] {taskinstance.py:1157} INFO - Dependencies all met for dep_context=requeueable deps ti=<TaskInstance: api_openbrewerydb_to_silver_gold.Gold scheduled__2023-10-27T08:00:00+00:00 [queued]>
[2024-10-24T01:17:34.248+0000] {taskinstance.py:1359} INFO - Starting attempt 1 of 3
[2024-10-24T01:17:34.258+0000] {taskinstance.py:1380} INFO - Executing <Task(SparkSubmitOperator): Gold> on 2023-10-27 08:00:00+00:00
[2024-10-24T01:17:34.263+0000] {standard_task_runner.py:57} INFO - Started process 1312 to run task
[2024-10-24T01:17:34.265+0000] {standard_task_runner.py:84} INFO - Running: ['***', 'tasks', 'run', 'api_openbrewerydb_to_silver_gold', 'Gold', 'scheduled__2023-10-27T08:00:00+00:00', '--job-id', '72', '--raw', '--subdir', 'DAGS_FOLDER/api_openbrewerydb_to_silver.py', '--cfg-path', '/tmp/tmpmh048hrw']
[2024-10-24T01:17:34.267+0000] {standard_task_runner.py:85} INFO - Job 72: Subtask Gold
[2024-10-24T01:17:34.320+0000] {task_command.py:415} INFO - Running <TaskInstance: api_openbrewerydb_to_silver_gold.Gold scheduled__2023-10-27T08:00:00+00:00 [running]> on host de5108c6da1d
[2024-10-24T01:17:34.405+0000] {taskinstance.py:1660} INFO - Exporting env vars: AIRFLOW_CTX_DAG_OWNER='Rodrigo Araujo' AIRFLOW_CTX_DAG_ID='api_openbrewerydb_to_silver_gold' AIRFLOW_CTX_TASK_ID='Gold' AIRFLOW_CTX_EXECUTION_DATE='2023-10-27T08:00:00+00:00' AIRFLOW_CTX_TRY_NUMBER='1' AIRFLOW_CTX_DAG_RUN_ID='scheduled__2023-10-27T08:00:00+00:00'
[2024-10-24T01:17:34.418+0000] {base.py:73} INFO - Using connection ID 'spark-conn' for task execution.
[2024-10-24T01:17:34.419+0000] {spark_submit.py:363} INFO - Spark-Submit cmd: spark-submit --master spark://spark-master:7077 --name arrow-spark --queue root.default jobs/gold/api_openbrewerydb.py
[2024-10-24T01:17:38.647+0000] {spark_submit.py:524} INFO - 24/10/24 01:17:38 INFO SparkContext: Running Spark version 3.5.3
[2024-10-24T01:17:38.650+0000] {spark_submit.py:524} INFO - 24/10/24 01:17:38 INFO SparkContext: OS info Linux, 5.15.0-124-generic, amd64
[2024-10-24T01:17:38.650+0000] {spark_submit.py:524} INFO - 24/10/24 01:17:38 INFO SparkContext: Java version 11.0.25
[2024-10-24T01:17:38.787+0000] {spark_submit.py:524} INFO - 24/10/24 01:17:38 WARN NativeCodeLoader: Unable to load native-hadoop library for your platform... using builtin-java classes where applicable
[2024-10-24T01:17:39.011+0000] {spark_submit.py:524} INFO - 24/10/24 01:17:39 INFO ResourceUtils: ==============================================================
[2024-10-24T01:17:39.012+0000] {spark_submit.py:524} INFO - 24/10/24 01:17:39 INFO ResourceUtils: No custom resources configured for spark.driver.
[2024-10-24T01:17:39.014+0000] {spark_submit.py:524} INFO - 24/10/24 01:17:39 INFO ResourceUtils: ==============================================================
[2024-10-24T01:17:39.016+0000] {spark_submit.py:524} INFO - 24/10/24 01:17:39 INFO SparkContext: Submitted application: IngestaoSilver
[2024-10-24T01:17:39.063+0000] {spark_submit.py:524} INFO - 24/10/24 01:17:39 INFO ResourceProfile: Default ResourceProfile created, executor resources: Map(memory -> name: memory, amount: 1024, script: , vendor: , offHeap -> name: offHeap, amount: 0, script: , vendor: ), task resources: Map(cpus -> name: cpus, amount: 1.0)
[2024-10-24T01:17:39.092+0000] {spark_submit.py:524} INFO - 24/10/24 01:17:39 INFO ResourceProfile: Limiting resource is cpu
[2024-10-24T01:17:39.094+0000] {spark_submit.py:524} INFO - 24/10/24 01:17:39 INFO ResourceProfileManager: Added ResourceProfile id: 0
[2024-10-24T01:17:39.202+0000] {spark_submit.py:524} INFO - 24/10/24 01:17:39 INFO SecurityManager: Changing view acls to: ***
[2024-10-24T01:17:39.203+0000] {spark_submit.py:524} INFO - 24/10/24 01:17:39 INFO SecurityManager: Changing modify acls to: ***
[2024-10-24T01:17:39.204+0000] {spark_submit.py:524} INFO - 24/10/24 01:17:39 INFO SecurityManager: Changing view acls groups to:
[2024-10-24T01:17:39.205+0000] {spark_submit.py:524} INFO - 24/10/24 01:17:39 INFO SecurityManager: Changing modify acls groups to:
[2024-10-24T01:17:39.207+0000] {spark_submit.py:524} INFO - 24/10/24 01:17:39 INFO SecurityManager: SecurityManager: authentication disabled; ui acls disabled; users with view permissions: ***; groups with view permissions: EMPTY; users with modify permissions: ***; groups with modify permissions: EMPTY
[2024-10-24T01:17:39.855+0000] {spark_submit.py:524} INFO - 24/10/24 01:17:39 INFO Utils: Successfully started service 'sparkDriver' on port 43741.
[2024-10-24T01:17:39.936+0000] {spark_submit.py:524} INFO - 24/10/24 01:17:39 INFO SparkEnv: Registering MapOutputTracker
[2024-10-24T01:17:40.004+0000] {spark_submit.py:524} INFO - 24/10/24 01:17:40 INFO SparkEnv: Registering BlockManagerMaster
[2024-10-24T01:17:40.062+0000] {spark_submit.py:524} INFO - 24/10/24 01:17:40 INFO BlockManagerMasterEndpoint: Using org.apache.spark.storage.DefaultTopologyMapper for getting topology information
[2024-10-24T01:17:40.063+0000] {spark_submit.py:524} INFO - 24/10/24 01:17:40 INFO BlockManagerMasterEndpoint: BlockManagerMasterEndpoint up
[2024-10-24T01:17:40.071+0000] {spark_submit.py:524} INFO - 24/10/24 01:17:40 INFO SparkEnv: Registering BlockManagerMasterHeartbeat
[2024-10-24T01:17:40.102+0000] {spark_submit.py:524} INFO - 24/10/24 01:17:40 INFO DiskBlockManager: Created local directory at /tmp/blockmgr-4e632e8a-2caa-4d87-9e4d-fe2c7e788f7d
[2024-10-24T01:17:40.129+0000] {spark_submit.py:524} INFO - 24/10/24 01:17:40 INFO MemoryStore: MemoryStore started with capacity 434.4 MiB
[2024-10-24T01:17:40.157+0000] {spark_submit.py:524} INFO - 24/10/24 01:17:40 INFO SparkEnv: Registering OutputCommitCoordinator
[2024-10-24T01:17:40.432+0000] {spark_submit.py:524} INFO - 24/10/24 01:17:40 INFO JettyUtils: Start Jetty 0.0.0.0:4040 for SparkUI
[2024-10-24T01:17:40.520+0000] {spark_submit.py:524} INFO - 24/10/24 01:17:40 WARN Utils: Service 'SparkUI' could not bind on port 4040. Attempting port 4041.
[2024-10-24T01:17:40.534+0000] {spark_submit.py:524} INFO - 24/10/24 01:17:40 INFO Utils: Successfully started service 'SparkUI' on port 4041.
[2024-10-24T01:17:40.782+0000] {spark_submit.py:524} INFO - 24/10/24 01:17:40 INFO StandaloneAppClient$ClientEndpoint: Connecting to master spark://spark-master:7077...
[2024-10-24T01:17:40.875+0000] {spark_submit.py:524} INFO - 24/10/24 01:17:40 INFO TransportClientFactory: Successfully created connection to spark-master/172.22.0.3:7077 after 56 ms (0 ms spent in bootstraps)
[2024-10-24T01:17:41.066+0000] {spark_submit.py:524} INFO - 24/10/24 01:17:41 INFO StandaloneSchedulerBackend: Connected to Spark cluster with app ID app-20241024011741-0003
[2024-10-24T01:17:41.087+0000] {spark_submit.py:524} INFO - 24/10/24 01:17:41 INFO Utils: Successfully started service 'org.apache.spark.network.netty.NettyBlockTransferService' on port 37913.
[2024-10-24T01:17:41.087+0000] {spark_submit.py:524} INFO - 24/10/24 01:17:41 INFO NettyBlockTransferService: Server created on de5108c6da1d:37913
[2024-10-24T01:17:41.093+0000] {spark_submit.py:524} INFO - 24/10/24 01:17:41 INFO BlockManager: Using org.apache.spark.storage.RandomBlockReplicationPolicy for block replication policy
[2024-10-24T01:17:41.107+0000] {spark_submit.py:524} INFO - 24/10/24 01:17:41 INFO BlockManagerMaster: Registering BlockManager BlockManagerId(driver, de5108c6da1d, 37913, None)
[2024-10-24T01:17:41.116+0000] {spark_submit.py:524} INFO - 24/10/24 01:17:41 INFO BlockManagerMasterEndpoint: Registering block manager de5108c6da1d:37913 with 434.4 MiB RAM, BlockManagerId(driver, de5108c6da1d, 37913, None)
[2024-10-24T01:17:41.118+0000] {spark_submit.py:524} INFO - 24/10/24 01:17:41 INFO BlockManagerMaster: Registered BlockManager BlockManagerId(driver, de5108c6da1d, 37913, None)
[2024-10-24T01:17:41.120+0000] {spark_submit.py:524} INFO - 24/10/24 01:17:41 INFO BlockManager: Initialized BlockManager: BlockManagerId(driver, de5108c6da1d, 37913, None)
[2024-10-24T01:17:41.611+0000] {spark_submit.py:524} INFO - 24/10/24 01:17:41 INFO StandaloneSchedulerBackend: SchedulerBackend is ready for scheduling beginning after reached minRegisteredResourcesRatio: 0.0
[2024-10-24T01:17:41.987+0000] {spark_submit.py:524} INFO - Hello from Spark!
[2024-10-24T01:17:41.988+0000] {spark_submit.py:524} INFO - 24/10/24 01:17:41 INFO SparkContext: SparkContext is stopping with exitCode 0.
[2024-10-24T01:17:42.016+0000] {spark_submit.py:524} INFO - 24/10/24 01:17:42 INFO StandaloneAppClient$ClientEndpoint: Executor added: app-20241024011741-0003/0 on worker-20241024010948-172.22.0.4-41535 (172.22.0.4:41535) with 2 core(s)
[2024-10-24T01:17:42.020+0000] {spark_submit.py:524} INFO - 24/10/24 01:17:42 INFO StandaloneSchedulerBackend: Granted executor ID app-20241024011741-0003/0 on hostPort 172.22.0.4:41535 with 2 core(s), 1024.0 MiB RAM
[2024-10-24T01:17:42.024+0000] {spark_submit.py:524} INFO - 24/10/24 01:17:42 INFO SparkUI: Stopped Spark web UI at http://de5108c6da1d:4041
[2024-10-24T01:17:42.035+0000] {spark_submit.py:524} INFO - 24/10/24 01:17:42 INFO StandaloneSchedulerBackend: Shutting down all executors
[2024-10-24T01:17:42.041+0000] {spark_submit.py:524} INFO - 24/10/24 01:17:42 INFO StandaloneSchedulerBackend$StandaloneDriverEndpoint: Asking each executor to shut down
[2024-10-24T01:17:42.075+0000] {spark_submit.py:524} INFO - 24/10/24 01:17:42 INFO MapOutputTrackerMasterEndpoint: MapOutputTrackerMasterEndpoint stopped!
[2024-10-24T01:17:42.101+0000] {spark_submit.py:524} INFO - 24/10/24 01:17:42 INFO MemoryStore: MemoryStore cleared
[2024-10-24T01:17:42.101+0000] {spark_submit.py:524} INFO - 24/10/24 01:17:42 INFO BlockManager: BlockManager stopped
[2024-10-24T01:17:42.110+0000] {spark_submit.py:524} INFO - 24/10/24 01:17:42 INFO BlockManagerMaster: BlockManagerMaster stopped
[2024-10-24T01:17:42.113+0000] {spark_submit.py:524} INFO - 24/10/24 01:17:42 INFO OutputCommitCoordinator$OutputCommitCoordinatorEndpoint: OutputCommitCoordinator stopped!
[2024-10-24T01:17:42.126+0000] {spark_submit.py:524} INFO - 24/10/24 01:17:42 INFO SparkContext: Successfully stopped SparkContext
[2024-10-24T01:17:42.257+0000] {spark_submit.py:524} INFO - 24/10/24 01:17:42 INFO ShutdownHookManager: Shutdown hook called
[2024-10-24T01:17:42.259+0000] {spark_submit.py:524} INFO - 24/10/24 01:17:42 INFO ShutdownHookManager: Deleting directory /tmp/spark-a04444f2-8799-4ce3-8656-3d4b132b3a63
[2024-10-24T01:17:42.265+0000] {spark_submit.py:524} INFO - 24/10/24 01:17:42 INFO ShutdownHookManager: Deleting directory /tmp/spark-a04444f2-8799-4ce3-8656-3d4b132b3a63/pyspark-430a966e-bf56-4422-be83-e3a6ff1d6a8c
[2024-10-24T01:17:42.272+0000] {spark_submit.py:524} INFO - 24/10/24 01:17:42 INFO ShutdownHookManager: Deleting directory /tmp/spark-6a87a0df-f784-4a9b-b8d4-b4cdd35eb3c3
[2024-10-24T01:17:42.378+0000] {taskinstance.py:1398} INFO - Marking task as SUCCESS. dag_id=api_openbrewerydb_to_silver_gold, task_id=Gold, execution_date=20231027T080000, start_date=20241024T011734, end_date=20241024T011742
[2024-10-24T01:17:42.413+0000] {local_task_job_runner.py:228} INFO - Task exited with return code 0
[2024-10-24T01:17:42.448+0000] {taskinstance.py:2776} INFO - 0 downstream tasks scheduled from follow-on schedule check
