[2024-10-24T14:27:51.687+0000] {taskinstance.py:1157} INFO - Dependencies all met for dep_context=non-requeueable deps ti=<TaskInstance: api_openbrewerydb_to_silver_gold.Gold scheduled__2023-10-29T08:00:00+00:00 [queued]>
[2024-10-24T14:27:51.693+0000] {taskinstance.py:1157} INFO - Dependencies all met for dep_context=requeueable deps ti=<TaskInstance: api_openbrewerydb_to_silver_gold.Gold scheduled__2023-10-29T08:00:00+00:00 [queued]>
[2024-10-24T14:27:51.694+0000] {taskinstance.py:1359} INFO - Starting attempt 1 of 2
[2024-10-24T14:27:51.703+0000] {taskinstance.py:1380} INFO - Executing <Task(SparkSubmitOperator): Gold> on 2023-10-29 08:00:00+00:00
[2024-10-24T14:27:51.707+0000] {standard_task_runner.py:57} INFO - Started process 2943 to run task
[2024-10-24T14:27:51.709+0000] {standard_task_runner.py:84} INFO - Running: ['***', 'tasks', 'run', 'api_openbrewerydb_to_silver_gold', 'Gold', 'scheduled__2023-10-29T08:00:00+00:00', '--job-id', '22', '--raw', '--subdir', 'DAGS_FOLDER/api_openbrewerydb_to_silver.py', '--cfg-path', '/tmp/tmp6vld5h9_']
[2024-10-24T14:27:51.713+0000] {standard_task_runner.py:85} INFO - Job 22: Subtask Gold
[2024-10-24T14:27:51.758+0000] {task_command.py:415} INFO - Running <TaskInstance: api_openbrewerydb_to_silver_gold.Gold scheduled__2023-10-29T08:00:00+00:00 [running]> on host 96f89615839b
[2024-10-24T14:27:51.835+0000] {taskinstance.py:1660} INFO - Exporting env vars: AIRFLOW_CTX_DAG_OWNER='Rodrigo Araujo' AIRFLOW_CTX_DAG_ID='api_openbrewerydb_to_silver_gold' AIRFLOW_CTX_TASK_ID='Gold' AIRFLOW_CTX_EXECUTION_DATE='2023-10-29T08:00:00+00:00' AIRFLOW_CTX_TRY_NUMBER='1' AIRFLOW_CTX_DAG_RUN_ID='scheduled__2023-10-29T08:00:00+00:00'
[2024-10-24T14:27:51.846+0000] {base.py:73} INFO - Using connection ID 'spark-conn' for task execution.
[2024-10-24T14:27:51.846+0000] {spark_submit.py:363} INFO - Spark-Submit cmd: spark-submit --master spark://spark-master:7077 --name arrow-spark jobs/gold/api_openbrewerydb.py
[2024-10-24T14:27:54.503+0000] {spark_submit.py:524} INFO - 24/10/24 14:27:54 INFO SparkContext: Running Spark version 3.5.3
[2024-10-24T14:27:54.504+0000] {spark_submit.py:524} INFO - 24/10/24 14:27:54 INFO SparkContext: OS info Linux, 5.15.0-124-generic, amd64
[2024-10-24T14:27:54.505+0000] {spark_submit.py:524} INFO - 24/10/24 14:27:54 INFO SparkContext: Java version 11.0.25
[2024-10-24T14:27:54.556+0000] {spark_submit.py:524} INFO - 24/10/24 14:27:54 WARN NativeCodeLoader: Unable to load native-hadoop library for your platform... using builtin-java classes where applicable
[2024-10-24T14:27:54.632+0000] {spark_submit.py:524} INFO - 24/10/24 14:27:54 INFO ResourceUtils: ==============================================================
[2024-10-24T14:27:54.633+0000] {spark_submit.py:524} INFO - 24/10/24 14:27:54 INFO ResourceUtils: No custom resources configured for spark.driver.
[2024-10-24T14:27:54.633+0000] {spark_submit.py:524} INFO - 24/10/24 14:27:54 INFO ResourceUtils: ==============================================================
[2024-10-24T14:27:54.633+0000] {spark_submit.py:524} INFO - 24/10/24 14:27:54 INFO SparkContext: Submitted application: IngestaoSilver
[2024-10-24T14:27:54.652+0000] {spark_submit.py:524} INFO - 24/10/24 14:27:54 INFO ResourceProfile: Default ResourceProfile created, executor resources: Map(memory -> name: memory, amount: 1024, script: , vendor: , offHeap -> name: offHeap, amount: 0, script: , vendor: ), task resources: Map(cpus -> name: cpus, amount: 1.0)
[2024-10-24T14:27:54.665+0000] {spark_submit.py:524} INFO - 24/10/24 14:27:54 INFO ResourceProfile: Limiting resource is cpu
[2024-10-24T14:27:54.665+0000] {spark_submit.py:524} INFO - 24/10/24 14:27:54 INFO ResourceProfileManager: Added ResourceProfile id: 0
[2024-10-24T14:27:54.709+0000] {spark_submit.py:524} INFO - 24/10/24 14:27:54 INFO SecurityManager: Changing view acls to: ***
[2024-10-24T14:27:54.709+0000] {spark_submit.py:524} INFO - 24/10/24 14:27:54 INFO SecurityManager: Changing modify acls to: ***
[2024-10-24T14:27:54.710+0000] {spark_submit.py:524} INFO - 24/10/24 14:27:54 INFO SecurityManager: Changing view acls groups to:
[2024-10-24T14:27:54.710+0000] {spark_submit.py:524} INFO - 24/10/24 14:27:54 INFO SecurityManager: Changing modify acls groups to:
[2024-10-24T14:27:54.710+0000] {spark_submit.py:524} INFO - 24/10/24 14:27:54 INFO SecurityManager: SecurityManager: authentication disabled; ui acls disabled; users with view permissions: ***; groups with view permissions: EMPTY; users with modify permissions: ***; groups with modify permissions: EMPTY
[2024-10-24T14:27:54.929+0000] {spark_submit.py:524} INFO - 24/10/24 14:27:54 INFO Utils: Successfully started service 'sparkDriver' on port 42207.
[2024-10-24T14:27:54.952+0000] {spark_submit.py:524} INFO - 24/10/24 14:27:54 INFO SparkEnv: Registering MapOutputTracker
[2024-10-24T14:27:54.981+0000] {spark_submit.py:524} INFO - 24/10/24 14:27:54 INFO SparkEnv: Registering BlockManagerMaster
[2024-10-24T14:27:54.999+0000] {spark_submit.py:524} INFO - 24/10/24 14:27:54 INFO BlockManagerMasterEndpoint: Using org.apache.spark.storage.DefaultTopologyMapper for getting topology information
[2024-10-24T14:27:55.000+0000] {spark_submit.py:524} INFO - 24/10/24 14:27:54 INFO BlockManagerMasterEndpoint: BlockManagerMasterEndpoint up
[2024-10-24T14:27:55.003+0000] {spark_submit.py:524} INFO - 24/10/24 14:27:55 INFO SparkEnv: Registering BlockManagerMasterHeartbeat
[2024-10-24T14:27:55.021+0000] {spark_submit.py:524} INFO - 24/10/24 14:27:55 INFO DiskBlockManager: Created local directory at /tmp/blockmgr-66dcdb88-3aa1-4ae9-8a39-dd802133d419
[2024-10-24T14:27:55.033+0000] {spark_submit.py:524} INFO - 24/10/24 14:27:55 INFO MemoryStore: MemoryStore started with capacity 434.4 MiB
[2024-10-24T14:27:55.048+0000] {spark_submit.py:524} INFO - 24/10/24 14:27:55 INFO SparkEnv: Registering OutputCommitCoordinator
[2024-10-24T14:27:55.180+0000] {spark_submit.py:524} INFO - 24/10/24 14:27:55 INFO JettyUtils: Start Jetty 0.0.0.0:4040 for SparkUI
[2024-10-24T14:27:55.226+0000] {spark_submit.py:524} INFO - 24/10/24 14:27:55 INFO Utils: Successfully started service 'SparkUI' on port 4040.
[2024-10-24T14:27:55.337+0000] {spark_submit.py:524} INFO - 24/10/24 14:27:55 INFO StandaloneAppClient$ClientEndpoint: Connecting to master spark://spark-master:7077...
[2024-10-24T14:27:55.378+0000] {spark_submit.py:524} INFO - 24/10/24 14:27:55 INFO TransportClientFactory: Successfully created connection to spark-master/172.18.0.2:7077 after 24 ms (0 ms spent in bootstraps)
[2024-10-24T14:27:55.451+0000] {spark_submit.py:524} INFO - 24/10/24 14:27:55 INFO StandaloneSchedulerBackend: Connected to Spark cluster with app ID app-20241024142755-0017
[2024-10-24T14:27:55.454+0000] {spark_submit.py:524} INFO - 24/10/24 14:27:55 INFO StandaloneAppClient$ClientEndpoint: Executor added: app-20241024142755-0017/0 on worker-20241024142308-172.18.0.5-43899 (172.18.0.5:43899) with 2 core(s)
[2024-10-24T14:27:55.458+0000] {spark_submit.py:524} INFO - 24/10/24 14:27:55 INFO StandaloneSchedulerBackend: Granted executor ID app-20241024142755-0017/0 on hostPort 172.18.0.5:43899 with 2 core(s), 1024.0 MiB RAM
[2024-10-24T14:27:55.461+0000] {spark_submit.py:524} INFO - 24/10/24 14:27:55 INFO Utils: Successfully started service 'org.apache.spark.network.netty.NettyBlockTransferService' on port 45783.
[2024-10-24T14:27:55.462+0000] {spark_submit.py:524} INFO - 24/10/24 14:27:55 INFO NettyBlockTransferService: Server created on 96f89615839b:45783
[2024-10-24T14:27:55.464+0000] {spark_submit.py:524} INFO - 24/10/24 14:27:55 INFO BlockManager: Using org.apache.spark.storage.RandomBlockReplicationPolicy for block replication policy
[2024-10-24T14:27:55.476+0000] {spark_submit.py:524} INFO - 24/10/24 14:27:55 INFO BlockManagerMaster: Registering BlockManager BlockManagerId(driver, 96f89615839b, 45783, None)
[2024-10-24T14:27:55.483+0000] {spark_submit.py:524} INFO - 24/10/24 14:27:55 INFO BlockManagerMasterEndpoint: Registering block manager 96f89615839b:45783 with 434.4 MiB RAM, BlockManagerId(driver, 96f89615839b, 45783, None)
[2024-10-24T14:27:55.487+0000] {spark_submit.py:524} INFO - 24/10/24 14:27:55 INFO BlockManagerMaster: Registered BlockManager BlockManagerId(driver, 96f89615839b, 45783, None)
[2024-10-24T14:27:55.489+0000] {spark_submit.py:524} INFO - 24/10/24 14:27:55 INFO BlockManager: Initialized BlockManager: BlockManagerId(driver, 96f89615839b, 45783, None)
[2024-10-24T14:27:55.491+0000] {spark_submit.py:524} INFO - 24/10/24 14:27:55 INFO StandaloneAppClient$ClientEndpoint: Executor updated: app-20241024142755-0017/0 is now RUNNING
[2024-10-24T14:27:55.754+0000] {spark_submit.py:524} INFO - 24/10/24 14:27:55 INFO StandaloneSchedulerBackend: SchedulerBackend is ready for scheduling beginning after reached minRegisteredResourcesRatio: 0.0
[2024-10-24T14:27:55.970+0000] {spark_submit.py:524} INFO - Hello from Spark!
[2024-10-24T14:27:55.970+0000] {spark_submit.py:524} INFO - 24/10/24 14:27:55 INFO SparkContext: SparkContext is stopping with exitCode 0.
[2024-10-24T14:27:55.979+0000] {spark_submit.py:524} INFO - 24/10/24 14:27:55 INFO SparkUI: Stopped Spark web UI at http://96f89615839b:4040
[2024-10-24T14:27:55.985+0000] {spark_submit.py:524} INFO - 24/10/24 14:27:55 INFO StandaloneSchedulerBackend: Shutting down all executors
[2024-10-24T14:27:55.988+0000] {spark_submit.py:524} INFO - 24/10/24 14:27:55 INFO StandaloneSchedulerBackend$StandaloneDriverEndpoint: Asking each executor to shut down
[2024-10-24T14:27:56.018+0000] {spark_submit.py:524} INFO - 24/10/24 14:27:56 INFO MapOutputTrackerMasterEndpoint: MapOutputTrackerMasterEndpoint stopped!
[2024-10-24T14:27:56.072+0000] {spark_submit.py:524} INFO - 24/10/24 14:27:56 INFO MemoryStore: MemoryStore cleared
[2024-10-24T14:27:56.072+0000] {spark_submit.py:524} INFO - 24/10/24 14:27:56 INFO BlockManager: BlockManager stopped
[2024-10-24T14:27:56.079+0000] {spark_submit.py:524} INFO - 24/10/24 14:27:56 INFO BlockManagerMaster: BlockManagerMaster stopped
[2024-10-24T14:27:56.081+0000] {spark_submit.py:524} INFO - 24/10/24 14:27:56 INFO OutputCommitCoordinator$OutputCommitCoordinatorEndpoint: OutputCommitCoordinator stopped!
[2024-10-24T14:27:56.087+0000] {spark_submit.py:524} INFO - 24/10/24 14:27:56 INFO SparkContext: Successfully stopped SparkContext
[2024-10-24T14:27:56.395+0000] {spark_submit.py:524} INFO - 24/10/24 14:27:56 INFO ShutdownHookManager: Shutdown hook called
[2024-10-24T14:27:56.396+0000] {spark_submit.py:524} INFO - 24/10/24 14:27:56 INFO ShutdownHookManager: Deleting directory /tmp/spark-06637429-3fde-4c53-84f3-16d7b4d5d14d
[2024-10-24T14:27:56.399+0000] {spark_submit.py:524} INFO - 24/10/24 14:27:56 INFO ShutdownHookManager: Deleting directory /tmp/spark-90dcc189-d5f5-4dc8-adbe-89d3c3f746b9/pyspark-8dfaad65-c530-4f7d-b065-b5e940a89cea
[2024-10-24T14:27:56.402+0000] {spark_submit.py:524} INFO - 24/10/24 14:27:56 INFO ShutdownHookManager: Deleting directory /tmp/spark-90dcc189-d5f5-4dc8-adbe-89d3c3f746b9
[2024-10-24T14:27:56.453+0000] {taskinstance.py:1398} INFO - Marking task as SUCCESS. dag_id=api_openbrewerydb_to_silver_gold, task_id=Gold, execution_date=20231029T080000, start_date=20241024T142751, end_date=20241024T142756
[2024-10-24T14:27:56.501+0000] {local_task_job_runner.py:228} INFO - Task exited with return code 0
[2024-10-24T14:27:56.534+0000] {taskinstance.py:2776} INFO - 0 downstream tasks scheduled from follow-on schedule check
