[2024-10-24T15:05:32.862+0000] {taskinstance.py:1157} INFO - Dependencies all met for dep_context=non-requeueable deps ti=<TaskInstance: api_openbrewerydb_to_silver_gold.Gold manual__2024-10-24T15:05:26.020050+00:00 [queued]>
[2024-10-24T15:05:32.869+0000] {taskinstance.py:1157} INFO - Dependencies all met for dep_context=requeueable deps ti=<TaskInstance: api_openbrewerydb_to_silver_gold.Gold manual__2024-10-24T15:05:26.020050+00:00 [queued]>
[2024-10-24T15:05:32.869+0000] {taskinstance.py:1359} INFO - Starting attempt 1 of 2
[2024-10-24T15:05:32.880+0000] {taskinstance.py:1380} INFO - Executing <Task(SparkSubmitOperator): Gold> on 2024-10-24 15:05:26.020050+00:00
[2024-10-24T15:05:32.884+0000] {standard_task_runner.py:57} INFO - Started process 998 to run task
[2024-10-24T15:05:32.887+0000] {standard_task_runner.py:84} INFO - Running: ['***', 'tasks', 'run', 'api_openbrewerydb_to_silver_gold', 'Gold', 'manual__2024-10-24T15:05:26.020050+00:00', '--job-id', '126', '--raw', '--subdir', 'DAGS_FOLDER/api_openbrewerydb_to_silver.py', '--cfg-path', '/tmp/tmphqpeg_8o']
[2024-10-24T15:05:32.892+0000] {standard_task_runner.py:85} INFO - Job 126: Subtask Gold
[2024-10-24T15:05:32.942+0000] {task_command.py:415} INFO - Running <TaskInstance: api_openbrewerydb_to_silver_gold.Gold manual__2024-10-24T15:05:26.020050+00:00 [running]> on host 96f89615839b
[2024-10-24T15:05:33.026+0000] {taskinstance.py:1660} INFO - Exporting env vars: AIRFLOW_CTX_DAG_OWNER='Rodrigo Araujo' AIRFLOW_CTX_DAG_ID='api_openbrewerydb_to_silver_gold' AIRFLOW_CTX_TASK_ID='Gold' AIRFLOW_CTX_EXECUTION_DATE='2024-10-24T15:05:26.020050+00:00' AIRFLOW_CTX_TRY_NUMBER='1' AIRFLOW_CTX_DAG_RUN_ID='manual__2024-10-24T15:05:26.020050+00:00'
[2024-10-24T15:05:33.038+0000] {base.py:73} INFO - Using connection ID 'spark-conn' for task execution.
[2024-10-24T15:05:33.039+0000] {spark_submit.py:363} INFO - Spark-Submit cmd: spark-submit --master spark://spark-master:7077 --name arrow-spark jobs/gold/api_openbrewerydb.py
[2024-10-24T15:05:36.709+0000] {spark_submit.py:524} INFO - 24/10/24 15:05:36 INFO SparkContext: Running Spark version 3.5.3
[2024-10-24T15:05:36.712+0000] {spark_submit.py:524} INFO - 24/10/24 15:05:36 INFO SparkContext: OS info Linux, 5.15.0-124-generic, amd64
[2024-10-24T15:05:36.712+0000] {spark_submit.py:524} INFO - 24/10/24 15:05:36 INFO SparkContext: Java version 11.0.25
[2024-10-24T15:05:36.789+0000] {spark_submit.py:524} INFO - 24/10/24 15:05:36 WARN NativeCodeLoader: Unable to load native-hadoop library for your platform... using builtin-java classes where applicable
[2024-10-24T15:05:36.886+0000] {spark_submit.py:524} INFO - 24/10/24 15:05:36 INFO ResourceUtils: ==============================================================
[2024-10-24T15:05:36.886+0000] {spark_submit.py:524} INFO - 24/10/24 15:05:36 INFO ResourceUtils: No custom resources configured for spark.driver.
[2024-10-24T15:05:36.887+0000] {spark_submit.py:524} INFO - 24/10/24 15:05:36 INFO ResourceUtils: ==============================================================
[2024-10-24T15:05:36.888+0000] {spark_submit.py:524} INFO - 24/10/24 15:05:36 INFO SparkContext: Submitted application: IngestaoSilver
[2024-10-24T15:05:36.913+0000] {spark_submit.py:524} INFO - 24/10/24 15:05:36 INFO ResourceProfile: Default ResourceProfile created, executor resources: Map(memory -> name: memory, amount: 1024, script: , vendor: , offHeap -> name: offHeap, amount: 0, script: , vendor: ), task resources: Map(cpus -> name: cpus, amount: 1.0)
[2024-10-24T15:05:36.928+0000] {spark_submit.py:524} INFO - 24/10/24 15:05:36 INFO ResourceProfile: Limiting resource is cpu
[2024-10-24T15:05:36.929+0000] {spark_submit.py:524} INFO - 24/10/24 15:05:36 INFO ResourceProfileManager: Added ResourceProfile id: 0
[2024-10-24T15:05:36.978+0000] {spark_submit.py:524} INFO - 24/10/24 15:05:36 INFO SecurityManager: Changing view acls to: ***
[2024-10-24T15:05:36.978+0000] {spark_submit.py:524} INFO - 24/10/24 15:05:36 INFO SecurityManager: Changing modify acls to: ***
[2024-10-24T15:05:36.979+0000] {spark_submit.py:524} INFO - 24/10/24 15:05:36 INFO SecurityManager: Changing view acls groups to:
[2024-10-24T15:05:36.979+0000] {spark_submit.py:524} INFO - 24/10/24 15:05:36 INFO SecurityManager: Changing modify acls groups to:
[2024-10-24T15:05:36.980+0000] {spark_submit.py:524} INFO - 24/10/24 15:05:36 INFO SecurityManager: SecurityManager: authentication disabled; ui acls disabled; users with view permissions: ***; groups with view permissions: EMPTY; users with modify permissions: ***; groups with modify permissions: EMPTY
[2024-10-24T15:05:37.302+0000] {spark_submit.py:524} INFO - 24/10/24 15:05:37 INFO Utils: Successfully started service 'sparkDriver' on port 41309.
[2024-10-24T15:05:37.365+0000] {spark_submit.py:524} INFO - 24/10/24 15:05:37 INFO SparkEnv: Registering MapOutputTracker
[2024-10-24T15:05:37.430+0000] {spark_submit.py:524} INFO - 24/10/24 15:05:37 INFO SparkEnv: Registering BlockManagerMaster
[2024-10-24T15:05:37.467+0000] {spark_submit.py:524} INFO - 24/10/24 15:05:37 INFO BlockManagerMasterEndpoint: Using org.apache.spark.storage.DefaultTopologyMapper for getting topology information
[2024-10-24T15:05:37.468+0000] {spark_submit.py:524} INFO - 24/10/24 15:05:37 INFO BlockManagerMasterEndpoint: BlockManagerMasterEndpoint up
[2024-10-24T15:05:37.474+0000] {spark_submit.py:524} INFO - 24/10/24 15:05:37 INFO SparkEnv: Registering BlockManagerMasterHeartbeat
[2024-10-24T15:05:37.506+0000] {spark_submit.py:524} INFO - 24/10/24 15:05:37 INFO DiskBlockManager: Created local directory at /tmp/blockmgr-ea83fbdd-52fd-407a-9986-3747f05dc237
[2024-10-24T15:05:37.524+0000] {spark_submit.py:524} INFO - 24/10/24 15:05:37 INFO MemoryStore: MemoryStore started with capacity 434.4 MiB
[2024-10-24T15:05:37.542+0000] {spark_submit.py:524} INFO - 24/10/24 15:05:37 INFO SparkEnv: Registering OutputCommitCoordinator
[2024-10-24T15:05:37.686+0000] {spark_submit.py:524} INFO - 24/10/24 15:05:37 INFO JettyUtils: Start Jetty 0.0.0.0:4040 for SparkUI
[2024-10-24T15:05:37.741+0000] {spark_submit.py:524} INFO - 24/10/24 15:05:37 INFO Utils: Successfully started service 'SparkUI' on port 4040.
[2024-10-24T15:05:37.855+0000] {spark_submit.py:524} INFO - 24/10/24 15:05:37 INFO StandaloneAppClient$ClientEndpoint: Connecting to master spark://spark-master:7077...
[2024-10-24T15:05:37.910+0000] {spark_submit.py:524} INFO - 24/10/24 15:05:37 INFO TransportClientFactory: Successfully created connection to spark-master/172.18.0.3:7077 after 32 ms (0 ms spent in bootstraps)
[2024-10-24T15:05:38.009+0000] {spark_submit.py:524} INFO - 24/10/24 15:05:38 INFO StandaloneSchedulerBackend: Connected to Spark cluster with app ID app-20241024150537-0005
[2024-10-24T15:05:38.014+0000] {spark_submit.py:524} INFO - 24/10/24 15:05:38 INFO StandaloneAppClient$ClientEndpoint: Executor added: app-20241024150537-0005/0 on worker-20241024150342-172.18.0.5-40617 (172.18.0.5:40617) with 2 core(s)
[2024-10-24T15:05:38.016+0000] {spark_submit.py:524} INFO - 24/10/24 15:05:38 INFO StandaloneSchedulerBackend: Granted executor ID app-20241024150537-0005/0 on hostPort 172.18.0.5:40617 with 2 core(s), 1024.0 MiB RAM
[2024-10-24T15:05:38.022+0000] {spark_submit.py:524} INFO - 24/10/24 15:05:38 INFO Utils: Successfully started service 'org.apache.spark.network.netty.NettyBlockTransferService' on port 46769.
[2024-10-24T15:05:38.022+0000] {spark_submit.py:524} INFO - 24/10/24 15:05:38 INFO NettyBlockTransferService: Server created on 96f89615839b:46769
[2024-10-24T15:05:38.024+0000] {spark_submit.py:524} INFO - 24/10/24 15:05:38 INFO BlockManager: Using org.apache.spark.storage.RandomBlockReplicationPolicy for block replication policy
[2024-10-24T15:05:38.042+0000] {spark_submit.py:524} INFO - 24/10/24 15:05:38 INFO BlockManagerMaster: Registering BlockManager BlockManagerId(driver, 96f89615839b, 46769, None)
[2024-10-24T15:05:38.048+0000] {spark_submit.py:524} INFO - 24/10/24 15:05:38 INFO BlockManagerMasterEndpoint: Registering block manager 96f89615839b:46769 with 434.4 MiB RAM, BlockManagerId(driver, 96f89615839b, 46769, None)
[2024-10-24T15:05:38.054+0000] {spark_submit.py:524} INFO - 24/10/24 15:05:38 INFO BlockManagerMaster: Registered BlockManager BlockManagerId(driver, 96f89615839b, 46769, None)
[2024-10-24T15:05:38.054+0000] {spark_submit.py:524} INFO - 24/10/24 15:05:38 INFO BlockManager: Initialized BlockManager: BlockManagerId(driver, 96f89615839b, 46769, None)
[2024-10-24T15:05:38.063+0000] {spark_submit.py:524} INFO - 24/10/24 15:05:38 INFO StandaloneAppClient$ClientEndpoint: Executor updated: app-20241024150537-0005/0 is now RUNNING
[2024-10-24T15:05:38.444+0000] {spark_submit.py:524} INFO - 24/10/24 15:05:38 INFO StandaloneSchedulerBackend: SchedulerBackend is ready for scheduling beginning after reached minRegisteredResourcesRatio: 0.0
[2024-10-24T15:05:38.694+0000] {spark_submit.py:524} INFO - Hello from Spark!
[2024-10-24T15:05:38.695+0000] {spark_submit.py:524} INFO - 24/10/24 15:05:38 INFO SparkContext: SparkContext is stopping with exitCode 0.
[2024-10-24T15:05:38.720+0000] {spark_submit.py:524} INFO - 24/10/24 15:05:38 INFO SparkUI: Stopped Spark web UI at http://96f89615839b:4040
[2024-10-24T15:05:38.727+0000] {spark_submit.py:524} INFO - 24/10/24 15:05:38 INFO StandaloneSchedulerBackend: Shutting down all executors
[2024-10-24T15:05:38.733+0000] {spark_submit.py:524} INFO - 24/10/24 15:05:38 INFO StandaloneSchedulerBackend$StandaloneDriverEndpoint: Asking each executor to shut down
[2024-10-24T15:05:38.759+0000] {spark_submit.py:524} INFO - 24/10/24 15:05:38 INFO MapOutputTrackerMasterEndpoint: MapOutputTrackerMasterEndpoint stopped!
[2024-10-24T15:05:38.772+0000] {spark_submit.py:524} INFO - 24/10/24 15:05:38 INFO MemoryStore: MemoryStore cleared
[2024-10-24T15:05:38.773+0000] {spark_submit.py:524} INFO - 24/10/24 15:05:38 INFO BlockManager: BlockManager stopped
[2024-10-24T15:05:38.785+0000] {spark_submit.py:524} INFO - 24/10/24 15:05:38 INFO BlockManagerMaster: BlockManagerMaster stopped
[2024-10-24T15:05:38.788+0000] {spark_submit.py:524} INFO - 24/10/24 15:05:38 INFO OutputCommitCoordinator$OutputCommitCoordinatorEndpoint: OutputCommitCoordinator stopped!
[2024-10-24T15:05:38.797+0000] {spark_submit.py:524} INFO - 24/10/24 15:05:38 INFO SparkContext: Successfully stopped SparkContext
[2024-10-24T15:05:39.089+0000] {spark_submit.py:524} INFO - 24/10/24 15:05:39 INFO ShutdownHookManager: Shutdown hook called
[2024-10-24T15:05:39.089+0000] {spark_submit.py:524} INFO - 24/10/24 15:05:39 INFO ShutdownHookManager: Deleting directory /tmp/spark-a5f7e72b-8f4f-4077-be67-01612fe38554
[2024-10-24T15:05:39.093+0000] {spark_submit.py:524} INFO - 24/10/24 15:05:39 INFO ShutdownHookManager: Deleting directory /tmp/spark-a5f7e72b-8f4f-4077-be67-01612fe38554/pyspark-5b1cd2c0-b5ea-408b-b6a4-bc94ff6885ea
[2024-10-24T15:05:39.097+0000] {spark_submit.py:524} INFO - 24/10/24 15:05:39 INFO ShutdownHookManager: Deleting directory /tmp/spark-89ebbede-8ccf-46bd-8874-73fab0191ca8
[2024-10-24T15:05:39.154+0000] {taskinstance.py:1398} INFO - Marking task as SUCCESS. dag_id=api_openbrewerydb_to_silver_gold, task_id=Gold, execution_date=20241024T150526, start_date=20241024T150532, end_date=20241024T150539
[2024-10-24T15:05:39.188+0000] {local_task_job_runner.py:228} INFO - Task exited with return code 0
[2024-10-24T15:05:39.207+0000] {taskinstance.py:2776} INFO - 0 downstream tasks scheduled from follow-on schedule check
