[2024-10-24T01:37:26.690+0000] {taskinstance.py:1157} INFO - Dependencies all met for dep_context=non-requeueable deps ti=<TaskInstance: api_openbrewerydb_to_silver_gold.Silver scheduled__2023-12-14T08:00:00+00:00 [queued]>
[2024-10-24T01:37:26.698+0000] {taskinstance.py:1157} INFO - Dependencies all met for dep_context=requeueable deps ti=<TaskInstance: api_openbrewerydb_to_silver_gold.Silver scheduled__2023-12-14T08:00:00+00:00 [queued]>
[2024-10-24T01:37:26.698+0000] {taskinstance.py:1359} INFO - Starting attempt 1 of 2
[2024-10-24T01:37:26.709+0000] {taskinstance.py:1380} INFO - Executing <Task(SparkSubmitOperator): Silver> on 2023-12-14 08:00:00+00:00
[2024-10-24T01:37:26.713+0000] {standard_task_runner.py:57} INFO - Started process 831 to run task
[2024-10-24T01:37:26.715+0000] {standard_task_runner.py:84} INFO - Running: ['***', 'tasks', 'run', 'api_openbrewerydb_to_silver_gold', 'Silver', 'scheduled__2023-12-14T08:00:00+00:00', '--job-id', '162', '--raw', '--subdir', 'DAGS_FOLDER/api_openbrewerydb_to_silver.py', '--cfg-path', '/tmp/tmp8rn8zgvj']
[2024-10-24T01:37:26.717+0000] {standard_task_runner.py:85} INFO - Job 162: Subtask Silver
[2024-10-24T01:37:26.771+0000] {task_command.py:415} INFO - Running <TaskInstance: api_openbrewerydb_to_silver_gold.Silver scheduled__2023-12-14T08:00:00+00:00 [running]> on host de5108c6da1d
[2024-10-24T01:37:26.871+0000] {taskinstance.py:1660} INFO - Exporting env vars: AIRFLOW_CTX_DAG_OWNER='Rodrigo Araujo' AIRFLOW_CTX_DAG_ID='api_openbrewerydb_to_silver_gold' AIRFLOW_CTX_TASK_ID='Silver' AIRFLOW_CTX_EXECUTION_DATE='2023-12-14T08:00:00+00:00' AIRFLOW_CTX_TRY_NUMBER='1' AIRFLOW_CTX_DAG_RUN_ID='scheduled__2023-12-14T08:00:00+00:00'
[2024-10-24T01:37:26.883+0000] {base.py:73} INFO - Using connection ID 'spark-conn' for task execution.
[2024-10-24T01:37:26.884+0000] {spark_submit.py:363} INFO - Spark-Submit cmd: spark-submit --master spark://spark-master:7077 --name arrow-spark --queue root.default jobs/silver/api_openbrewerydb.py
[2024-10-24T01:37:31.266+0000] {spark_submit.py:524} INFO - 24/10/24 01:37:31 INFO SparkContext: Running Spark version 3.5.3
[2024-10-24T01:37:31.269+0000] {spark_submit.py:524} INFO - 24/10/24 01:37:31 INFO SparkContext: OS info Linux, 5.15.0-124-generic, amd64
[2024-10-24T01:37:31.270+0000] {spark_submit.py:524} INFO - 24/10/24 01:37:31 INFO SparkContext: Java version 11.0.25
[2024-10-24T01:37:31.386+0000] {spark_submit.py:524} INFO - 24/10/24 01:37:31 WARN NativeCodeLoader: Unable to load native-hadoop library for your platform... using builtin-java classes where applicable
[2024-10-24T01:37:31.529+0000] {spark_submit.py:524} INFO - 24/10/24 01:37:31 INFO ResourceUtils: ==============================================================
[2024-10-24T01:37:31.530+0000] {spark_submit.py:524} INFO - 24/10/24 01:37:31 INFO ResourceUtils: No custom resources configured for spark.driver.
[2024-10-24T01:37:31.531+0000] {spark_submit.py:524} INFO - 24/10/24 01:37:31 INFO ResourceUtils: ==============================================================
[2024-10-24T01:37:31.532+0000] {spark_submit.py:524} INFO - 24/10/24 01:37:31 INFO SparkContext: Submitted application: IngestaoSilver
[2024-10-24T01:37:31.567+0000] {spark_submit.py:524} INFO - 24/10/24 01:37:31 INFO ResourceProfile: Default ResourceProfile created, executor resources: Map(memory -> name: memory, amount: 1024, script: , vendor: , offHeap -> name: offHeap, amount: 0, script: , vendor: ), task resources: Map(cpus -> name: cpus, amount: 1.0)
[2024-10-24T01:37:31.590+0000] {spark_submit.py:524} INFO - 24/10/24 01:37:31 INFO ResourceProfile: Limiting resource is cpu
[2024-10-24T01:37:31.591+0000] {spark_submit.py:524} INFO - 24/10/24 01:37:31 INFO ResourceProfileManager: Added ResourceProfile id: 0
[2024-10-24T01:37:31.674+0000] {spark_submit.py:524} INFO - 24/10/24 01:37:31 INFO SecurityManager: Changing view acls to: ***
[2024-10-24T01:37:31.675+0000] {spark_submit.py:524} INFO - 24/10/24 01:37:31 INFO SecurityManager: Changing modify acls to: ***
[2024-10-24T01:37:31.676+0000] {spark_submit.py:524} INFO - 24/10/24 01:37:31 INFO SecurityManager: Changing view acls groups to:
[2024-10-24T01:37:31.677+0000] {spark_submit.py:524} INFO - 24/10/24 01:37:31 INFO SecurityManager: Changing modify acls groups to:
[2024-10-24T01:37:31.677+0000] {spark_submit.py:524} INFO - 24/10/24 01:37:31 INFO SecurityManager: SecurityManager: authentication disabled; ui acls disabled; users with view permissions: ***; groups with view permissions: EMPTY; users with modify permissions: ***; groups with modify permissions: EMPTY
[2024-10-24T01:37:32.114+0000] {spark_submit.py:524} INFO - 24/10/24 01:37:32 INFO Utils: Successfully started service 'sparkDriver' on port 36415.
[2024-10-24T01:37:32.161+0000] {spark_submit.py:524} INFO - 24/10/24 01:37:32 INFO SparkEnv: Registering MapOutputTracker
[2024-10-24T01:37:32.214+0000] {spark_submit.py:524} INFO - 24/10/24 01:37:32 INFO SparkEnv: Registering BlockManagerMaster
[2024-10-24T01:37:32.252+0000] {spark_submit.py:524} INFO - 24/10/24 01:37:32 INFO BlockManagerMasterEndpoint: Using org.apache.spark.storage.DefaultTopologyMapper for getting topology information
[2024-10-24T01:37:32.253+0000] {spark_submit.py:524} INFO - 24/10/24 01:37:32 INFO BlockManagerMasterEndpoint: BlockManagerMasterEndpoint up
[2024-10-24T01:37:32.259+0000] {spark_submit.py:524} INFO - 24/10/24 01:37:32 INFO SparkEnv: Registering BlockManagerMasterHeartbeat
[2024-10-24T01:37:32.294+0000] {spark_submit.py:524} INFO - 24/10/24 01:37:32 INFO DiskBlockManager: Created local directory at /tmp/blockmgr-755c96d1-713d-4363-8363-8879787f6099
[2024-10-24T01:37:32.319+0000] {spark_submit.py:524} INFO - 24/10/24 01:37:32 INFO MemoryStore: MemoryStore started with capacity 434.4 MiB
[2024-10-24T01:37:32.345+0000] {spark_submit.py:524} INFO - 24/10/24 01:37:32 INFO SparkEnv: Registering OutputCommitCoordinator
[2024-10-24T01:37:32.645+0000] {spark_submit.py:524} INFO - 24/10/24 01:37:32 INFO JettyUtils: Start Jetty 0.0.0.0:4040 for SparkUI
[2024-10-24T01:37:32.716+0000] {spark_submit.py:524} INFO - 24/10/24 01:37:32 INFO Utils: Successfully started service 'SparkUI' on port 4040.
[2024-10-24T01:37:32.897+0000] {spark_submit.py:524} INFO - 24/10/24 01:37:32 INFO StandaloneAppClient$ClientEndpoint: Connecting to master spark://spark-master:7077...
[2024-10-24T01:37:32.972+0000] {spark_submit.py:524} INFO - 24/10/24 01:37:32 INFO TransportClientFactory: Successfully created connection to spark-master/172.22.0.2:7077 after 48 ms (0 ms spent in bootstraps)
[2024-10-24T01:37:33.131+0000] {spark_submit.py:524} INFO - 24/10/24 01:37:33 INFO StandaloneSchedulerBackend: Connected to Spark cluster with app ID app-20241024013733-0004
[2024-10-24T01:37:33.137+0000] {spark_submit.py:524} INFO - 24/10/24 01:37:33 INFO StandaloneAppClient$ClientEndpoint: Executor added: app-20241024013733-0004/0 on worker-20241024013655-172.22.0.4-42143 (172.22.0.4:42143) with 2 core(s)
[2024-10-24T01:37:33.143+0000] {spark_submit.py:524} INFO - 24/10/24 01:37:33 INFO StandaloneSchedulerBackend: Granted executor ID app-20241024013733-0004/0 on hostPort 172.22.0.4:42143 with 2 core(s), 1024.0 MiB RAM
[2024-10-24T01:37:33.172+0000] {spark_submit.py:524} INFO - 24/10/24 01:37:33 INFO Utils: Successfully started service 'org.apache.spark.network.netty.NettyBlockTransferService' on port 32981.
[2024-10-24T01:37:33.173+0000] {spark_submit.py:524} INFO - 24/10/24 01:37:33 INFO NettyBlockTransferService: Server created on de5108c6da1d:32981
[2024-10-24T01:37:33.177+0000] {spark_submit.py:524} INFO - 24/10/24 01:37:33 INFO BlockManager: Using org.apache.spark.storage.RandomBlockReplicationPolicy for block replication policy
[2024-10-24T01:37:33.202+0000] {spark_submit.py:524} INFO - 24/10/24 01:37:33 INFO BlockManagerMaster: Registering BlockManager BlockManagerId(driver, de5108c6da1d, 32981, None)
[2024-10-24T01:37:33.211+0000] {spark_submit.py:524} INFO - 24/10/24 01:37:33 INFO BlockManagerMasterEndpoint: Registering block manager de5108c6da1d:32981 with 434.4 MiB RAM, BlockManagerId(driver, de5108c6da1d, 32981, None)
[2024-10-24T01:37:33.224+0000] {spark_submit.py:524} INFO - 24/10/24 01:37:33 INFO BlockManagerMaster: Registered BlockManager BlockManagerId(driver, de5108c6da1d, 32981, None)
[2024-10-24T01:37:33.228+0000] {spark_submit.py:524} INFO - 24/10/24 01:37:33 INFO BlockManager: Initialized BlockManager: BlockManagerId(driver, de5108c6da1d, 32981, None)
[2024-10-24T01:37:33.246+0000] {spark_submit.py:524} INFO - 24/10/24 01:37:33 INFO StandaloneAppClient$ClientEndpoint: Executor updated: app-20241024013733-0004/0 is now RUNNING
[2024-10-24T01:37:33.842+0000] {spark_submit.py:524} INFO - 24/10/24 01:37:33 INFO StandaloneSchedulerBackend: SchedulerBackend is ready for scheduling beginning after reached minRegisteredResourcesRatio: 0.0
[2024-10-24T01:37:34.269+0000] {spark_submit.py:524} INFO - Hello from Spark!
[2024-10-24T01:37:34.271+0000] {spark_submit.py:524} INFO - 24/10/24 01:37:34 INFO SparkContext: SparkContext is stopping with exitCode 0.
[2024-10-24T01:37:34.302+0000] {spark_submit.py:524} INFO - 24/10/24 01:37:34 INFO SparkUI: Stopped Spark web UI at http://de5108c6da1d:4040
[2024-10-24T01:37:34.316+0000] {spark_submit.py:524} INFO - 24/10/24 01:37:34 INFO StandaloneSchedulerBackend: Shutting down all executors
[2024-10-24T01:37:34.323+0000] {spark_submit.py:524} INFO - 24/10/24 01:37:34 INFO StandaloneSchedulerBackend$StandaloneDriverEndpoint: Asking each executor to shut down
[2024-10-24T01:37:34.381+0000] {spark_submit.py:524} INFO - 24/10/24 01:37:34 INFO MapOutputTrackerMasterEndpoint: MapOutputTrackerMasterEndpoint stopped!
[2024-10-24T01:37:34.458+0000] {spark_submit.py:524} INFO - 24/10/24 01:37:34 INFO MemoryStore: MemoryStore cleared
[2024-10-24T01:37:34.459+0000] {spark_submit.py:524} INFO - 24/10/24 01:37:34 INFO BlockManager: BlockManager stopped
[2024-10-24T01:37:34.476+0000] {spark_submit.py:524} INFO - 24/10/24 01:37:34 INFO BlockManagerMaster: BlockManagerMaster stopped
[2024-10-24T01:37:34.480+0000] {spark_submit.py:524} INFO - 24/10/24 01:37:34 INFO OutputCommitCoordinator$OutputCommitCoordinatorEndpoint: OutputCommitCoordinator stopped!
[2024-10-24T01:37:34.513+0000] {spark_submit.py:524} INFO - 24/10/24 01:37:34 INFO SparkContext: Successfully stopped SparkContext
[2024-10-24T01:37:34.975+0000] {spark_submit.py:524} INFO - 24/10/24 01:37:34 INFO ShutdownHookManager: Shutdown hook called
[2024-10-24T01:37:34.976+0000] {spark_submit.py:524} INFO - 24/10/24 01:37:34 INFO ShutdownHookManager: Deleting directory /tmp/spark-d7f23422-a5ef-4ad7-99e1-73cd52314117
[2024-10-24T01:37:34.980+0000] {spark_submit.py:524} INFO - 24/10/24 01:37:34 INFO ShutdownHookManager: Deleting directory /tmp/spark-186ad87a-ee5e-443a-b323-3f06af3a7981
[2024-10-24T01:37:34.984+0000] {spark_submit.py:524} INFO - 24/10/24 01:37:34 INFO ShutdownHookManager: Deleting directory /tmp/spark-d7f23422-a5ef-4ad7-99e1-73cd52314117/pyspark-91c8561e-de9f-424b-8063-3d24e2700512
[2024-10-24T01:37:35.048+0000] {taskinstance.py:1398} INFO - Marking task as SUCCESS. dag_id=api_openbrewerydb_to_silver_gold, task_id=Silver, execution_date=20231214T080000, start_date=20241024T013726, end_date=20241024T013735
[2024-10-24T01:37:35.140+0000] {local_task_job_runner.py:228} INFO - Task exited with return code 0
[2024-10-24T01:37:35.169+0000] {taskinstance.py:2776} INFO - 1 downstream tasks scheduled from follow-on schedule check
