[2024-10-24T18:23:47.992+0000] {processor.py:157} INFO - Started process (PID=1565) to work on /opt/airflow/dags/api_openbrewerydb_to_silver_gold.py
[2024-10-24T18:23:47.993+0000] {processor.py:829} INFO - Processing file /opt/airflow/dags/api_openbrewerydb_to_silver_gold.py for tasks to queue
[2024-10-24T18:23:47.994+0000] {logging_mixin.py:151} INFO - [2024-10-24T18:23:47.993+0000] {dagbag.py:539} INFO - Filling up the DagBag from /opt/airflow/dags/api_openbrewerydb_to_silver_gold.py
[2024-10-24T18:23:48.008+0000] {processor.py:839} INFO - DAG(s) dict_keys(['api_openbrewerydb_to_silver_gold']) retrieved from /opt/airflow/dags/api_openbrewerydb_to_silver_gold.py
[2024-10-24T18:23:48.121+0000] {logging_mixin.py:151} INFO - [2024-10-24T18:23:48.121+0000] {security.py:708} INFO - Not syncing DAG-level permissions for DAG 'DAG:api_openbrewerydb_to_silver_gold' as access control is unset.
[2024-10-24T18:23:48.121+0000] {logging_mixin.py:151} INFO - [2024-10-24T18:23:48.121+0000] {dag.py:2915} INFO - Sync 1 DAGs
[2024-10-24T18:23:48.139+0000] {logging_mixin.py:151} INFO - [2024-10-24T18:23:48.139+0000] {dag.py:3696} INFO - Setting next_dagrun for api_openbrewerydb_to_silver_gold to 2024-10-24T08:00:00+00:00, run_after=2024-10-25T08:00:00+00:00
[2024-10-24T18:23:48.155+0000] {processor.py:179} INFO - Processing /opt/airflow/dags/api_openbrewerydb_to_silver_gold.py took 0.166 seconds
[2024-10-24T18:24:18.250+0000] {processor.py:157} INFO - Started process (PID=1575) to work on /opt/airflow/dags/api_openbrewerydb_to_silver_gold.py
[2024-10-24T18:24:18.251+0000] {processor.py:829} INFO - Processing file /opt/airflow/dags/api_openbrewerydb_to_silver_gold.py for tasks to queue
[2024-10-24T18:24:18.253+0000] {logging_mixin.py:151} INFO - [2024-10-24T18:24:18.252+0000] {dagbag.py:539} INFO - Filling up the DagBag from /opt/airflow/dags/api_openbrewerydb_to_silver_gold.py
[2024-10-24T18:24:18.272+0000] {processor.py:839} INFO - DAG(s) dict_keys(['api_openbrewerydb_to_silver_gold']) retrieved from /opt/airflow/dags/api_openbrewerydb_to_silver_gold.py
[2024-10-24T18:24:18.298+0000] {logging_mixin.py:151} INFO - [2024-10-24T18:24:18.297+0000] {dag.py:2915} INFO - Sync 1 DAGs
[2024-10-24T18:24:18.318+0000] {logging_mixin.py:151} INFO - [2024-10-24T18:24:18.318+0000] {dag.py:3696} INFO - Setting next_dagrun for api_openbrewerydb_to_silver_gold to 2024-10-24T08:00:00+00:00, run_after=2024-10-25T08:00:00+00:00
[2024-10-24T18:24:18.333+0000] {processor.py:179} INFO - Processing /opt/airflow/dags/api_openbrewerydb_to_silver_gold.py took 0.091 seconds
[2024-10-24T18:24:48.573+0000] {processor.py:157} INFO - Started process (PID=1585) to work on /opt/airflow/dags/api_openbrewerydb_to_silver_gold.py
[2024-10-24T18:24:48.583+0000] {processor.py:829} INFO - Processing file /opt/airflow/dags/api_openbrewerydb_to_silver_gold.py for tasks to queue
[2024-10-24T18:24:48.585+0000] {logging_mixin.py:151} INFO - [2024-10-24T18:24:48.584+0000] {dagbag.py:539} INFO - Filling up the DagBag from /opt/airflow/dags/api_openbrewerydb_to_silver_gold.py
[2024-10-24T18:24:48.613+0000] {processor.py:839} INFO - DAG(s) dict_keys(['api_openbrewerydb_to_silver_gold']) retrieved from /opt/airflow/dags/api_openbrewerydb_to_silver_gold.py
[2024-10-24T18:24:48.640+0000] {logging_mixin.py:151} INFO - [2024-10-24T18:24:48.640+0000] {dag.py:2915} INFO - Sync 1 DAGs
[2024-10-24T18:24:48.659+0000] {logging_mixin.py:151} INFO - [2024-10-24T18:24:48.659+0000] {dag.py:3696} INFO - Setting next_dagrun for api_openbrewerydb_to_silver_gold to 2024-10-24T08:00:00+00:00, run_after=2024-10-25T08:00:00+00:00
[2024-10-24T18:24:48.673+0000] {processor.py:179} INFO - Processing /opt/airflow/dags/api_openbrewerydb_to_silver_gold.py took 0.108 seconds
[2024-10-24T18:25:18.906+0000] {processor.py:157} INFO - Started process (PID=1595) to work on /opt/airflow/dags/api_openbrewerydb_to_silver_gold.py
[2024-10-24T18:25:18.907+0000] {processor.py:829} INFO - Processing file /opt/airflow/dags/api_openbrewerydb_to_silver_gold.py for tasks to queue
[2024-10-24T18:25:18.908+0000] {logging_mixin.py:151} INFO - [2024-10-24T18:25:18.908+0000] {dagbag.py:539} INFO - Filling up the DagBag from /opt/airflow/dags/api_openbrewerydb_to_silver_gold.py
[2024-10-24T18:25:18.923+0000] {processor.py:839} INFO - DAG(s) dict_keys(['api_openbrewerydb_to_silver_gold']) retrieved from /opt/airflow/dags/api_openbrewerydb_to_silver_gold.py
[2024-10-24T18:25:18.954+0000] {logging_mixin.py:151} INFO - [2024-10-24T18:25:18.954+0000] {dag.py:2915} INFO - Sync 1 DAGs
[2024-10-24T18:25:18.980+0000] {logging_mixin.py:151} INFO - [2024-10-24T18:25:18.979+0000] {dag.py:3696} INFO - Setting next_dagrun for api_openbrewerydb_to_silver_gold to 2024-10-24T08:00:00+00:00, run_after=2024-10-25T08:00:00+00:00
[2024-10-24T18:25:18.995+0000] {processor.py:179} INFO - Processing /opt/airflow/dags/api_openbrewerydb_to_silver_gold.py took 0.092 seconds
[2024-10-24T18:25:49.140+0000] {processor.py:157} INFO - Started process (PID=1979) to work on /opt/airflow/dags/api_openbrewerydb_to_silver_gold.py
[2024-10-24T18:25:49.141+0000] {processor.py:829} INFO - Processing file /opt/airflow/dags/api_openbrewerydb_to_silver_gold.py for tasks to queue
[2024-10-24T18:25:49.142+0000] {logging_mixin.py:151} INFO - [2024-10-24T18:25:49.142+0000] {dagbag.py:539} INFO - Filling up the DagBag from /opt/airflow/dags/api_openbrewerydb_to_silver_gold.py
[2024-10-24T18:25:49.162+0000] {processor.py:839} INFO - DAG(s) dict_keys(['api_openbrewerydb_to_silver_gold']) retrieved from /opt/airflow/dags/api_openbrewerydb_to_silver_gold.py
[2024-10-24T18:25:49.209+0000] {logging_mixin.py:151} INFO - [2024-10-24T18:25:49.209+0000] {dag.py:2915} INFO - Sync 1 DAGs
[2024-10-24T18:25:49.286+0000] {processor.py:179} INFO - Processing /opt/airflow/dags/api_openbrewerydb_to_silver_gold.py took 0.149 seconds
[2024-10-24T18:26:19.423+0000] {processor.py:157} INFO - Started process (PID=2038) to work on /opt/airflow/dags/api_openbrewerydb_to_silver_gold.py
[2024-10-24T18:26:19.433+0000] {processor.py:829} INFO - Processing file /opt/airflow/dags/api_openbrewerydb_to_silver_gold.py for tasks to queue
[2024-10-24T18:26:19.435+0000] {logging_mixin.py:151} INFO - [2024-10-24T18:26:19.434+0000] {dagbag.py:539} INFO - Filling up the DagBag from /opt/airflow/dags/api_openbrewerydb_to_silver_gold.py
[2024-10-24T18:26:19.461+0000] {processor.py:839} INFO - DAG(s) dict_keys(['api_openbrewerydb_to_silver_gold']) retrieved from /opt/airflow/dags/api_openbrewerydb_to_silver_gold.py
[2024-10-24T18:26:19.488+0000] {logging_mixin.py:151} INFO - [2024-10-24T18:26:19.488+0000] {dag.py:2915} INFO - Sync 1 DAGs
[2024-10-24T18:26:19.507+0000] {logging_mixin.py:151} INFO - [2024-10-24T18:26:19.507+0000] {dag.py:3696} INFO - Setting next_dagrun for api_openbrewerydb_to_silver_gold to 2024-10-24T08:00:00+00:00, run_after=2024-10-25T08:00:00+00:00
[2024-10-24T18:26:19.520+0000] {processor.py:179} INFO - Processing /opt/airflow/dags/api_openbrewerydb_to_silver_gold.py took 0.106 seconds
[2024-10-24T18:26:49.735+0000] {processor.py:157} INFO - Started process (PID=2048) to work on /opt/airflow/dags/api_openbrewerydb_to_silver_gold.py
[2024-10-24T18:26:49.743+0000] {processor.py:829} INFO - Processing file /opt/airflow/dags/api_openbrewerydb_to_silver_gold.py for tasks to queue
[2024-10-24T18:26:49.744+0000] {logging_mixin.py:151} INFO - [2024-10-24T18:26:49.743+0000] {dagbag.py:539} INFO - Filling up the DagBag from /opt/airflow/dags/api_openbrewerydb_to_silver_gold.py
[2024-10-24T18:26:49.755+0000] {processor.py:839} INFO - DAG(s) dict_keys(['api_openbrewerydb_to_silver_gold']) retrieved from /opt/airflow/dags/api_openbrewerydb_to_silver_gold.py
[2024-10-24T18:26:49.782+0000] {logging_mixin.py:151} INFO - [2024-10-24T18:26:49.782+0000] {dag.py:2915} INFO - Sync 1 DAGs
[2024-10-24T18:26:49.804+0000] {logging_mixin.py:151} INFO - [2024-10-24T18:26:49.804+0000] {dag.py:3696} INFO - Setting next_dagrun for api_openbrewerydb_to_silver_gold to 2024-10-24T08:00:00+00:00, run_after=2024-10-25T08:00:00+00:00
[2024-10-24T18:26:49.817+0000] {processor.py:179} INFO - Processing /opt/airflow/dags/api_openbrewerydb_to_silver_gold.py took 0.085 seconds
[2024-10-24T18:27:20.023+0000] {processor.py:157} INFO - Started process (PID=2058) to work on /opt/airflow/dags/api_openbrewerydb_to_silver_gold.py
[2024-10-24T18:27:20.031+0000] {processor.py:829} INFO - Processing file /opt/airflow/dags/api_openbrewerydb_to_silver_gold.py for tasks to queue
[2024-10-24T18:27:20.032+0000] {logging_mixin.py:151} INFO - [2024-10-24T18:27:20.032+0000] {dagbag.py:539} INFO - Filling up the DagBag from /opt/airflow/dags/api_openbrewerydb_to_silver_gold.py
[2024-10-24T18:27:20.047+0000] {processor.py:839} INFO - DAG(s) dict_keys(['api_openbrewerydb_to_silver_gold']) retrieved from /opt/airflow/dags/api_openbrewerydb_to_silver_gold.py
[2024-10-24T18:27:20.075+0000] {logging_mixin.py:151} INFO - [2024-10-24T18:27:20.075+0000] {dag.py:2915} INFO - Sync 1 DAGs
[2024-10-24T18:27:20.094+0000] {logging_mixin.py:151} INFO - [2024-10-24T18:27:20.094+0000] {dag.py:3696} INFO - Setting next_dagrun for api_openbrewerydb_to_silver_gold to 2024-10-24T08:00:00+00:00, run_after=2024-10-25T08:00:00+00:00
[2024-10-24T18:27:20.108+0000] {processor.py:179} INFO - Processing /opt/airflow/dags/api_openbrewerydb_to_silver_gold.py took 0.088 seconds
[2024-10-24T18:27:50.297+0000] {processor.py:157} INFO - Started process (PID=2068) to work on /opt/airflow/dags/api_openbrewerydb_to_silver_gold.py
[2024-10-24T18:27:50.305+0000] {processor.py:829} INFO - Processing file /opt/airflow/dags/api_openbrewerydb_to_silver_gold.py for tasks to queue
[2024-10-24T18:27:50.305+0000] {logging_mixin.py:151} INFO - [2024-10-24T18:27:50.305+0000] {dagbag.py:539} INFO - Filling up the DagBag from /opt/airflow/dags/api_openbrewerydb_to_silver_gold.py
[2024-10-24T18:27:50.315+0000] {processor.py:839} INFO - DAG(s) dict_keys(['api_openbrewerydb_to_silver_gold']) retrieved from /opt/airflow/dags/api_openbrewerydb_to_silver_gold.py
[2024-10-24T18:27:50.341+0000] {logging_mixin.py:151} INFO - [2024-10-24T18:27:50.340+0000] {dag.py:2915} INFO - Sync 1 DAGs
[2024-10-24T18:27:50.361+0000] {logging_mixin.py:151} INFO - [2024-10-24T18:27:50.361+0000] {dag.py:3696} INFO - Setting next_dagrun for api_openbrewerydb_to_silver_gold to 2024-10-24T08:00:00+00:00, run_after=2024-10-25T08:00:00+00:00
[2024-10-24T18:27:50.377+0000] {processor.py:179} INFO - Processing /opt/airflow/dags/api_openbrewerydb_to_silver_gold.py took 0.083 seconds
[2024-10-24T18:28:20.552+0000] {processor.py:157} INFO - Started process (PID=2078) to work on /opt/airflow/dags/api_openbrewerydb_to_silver_gold.py
[2024-10-24T18:28:20.561+0000] {processor.py:829} INFO - Processing file /opt/airflow/dags/api_openbrewerydb_to_silver_gold.py for tasks to queue
[2024-10-24T18:28:20.562+0000] {logging_mixin.py:151} INFO - [2024-10-24T18:28:20.561+0000] {dagbag.py:539} INFO - Filling up the DagBag from /opt/airflow/dags/api_openbrewerydb_to_silver_gold.py
[2024-10-24T18:28:20.579+0000] {processor.py:839} INFO - DAG(s) dict_keys(['api_openbrewerydb_to_silver_gold']) retrieved from /opt/airflow/dags/api_openbrewerydb_to_silver_gold.py
[2024-10-24T18:28:20.611+0000] {logging_mixin.py:151} INFO - [2024-10-24T18:28:20.611+0000] {dag.py:2915} INFO - Sync 1 DAGs
[2024-10-24T18:28:20.632+0000] {logging_mixin.py:151} INFO - [2024-10-24T18:28:20.632+0000] {dag.py:3696} INFO - Setting next_dagrun for api_openbrewerydb_to_silver_gold to 2024-10-24T08:00:00+00:00, run_after=2024-10-25T08:00:00+00:00
[2024-10-24T18:28:20.646+0000] {processor.py:179} INFO - Processing /opt/airflow/dags/api_openbrewerydb_to_silver_gold.py took 0.096 seconds
[2024-10-24T18:28:50.887+0000] {processor.py:157} INFO - Started process (PID=2088) to work on /opt/airflow/dags/api_openbrewerydb_to_silver_gold.py
[2024-10-24T18:28:50.888+0000] {processor.py:829} INFO - Processing file /opt/airflow/dags/api_openbrewerydb_to_silver_gold.py for tasks to queue
[2024-10-24T18:28:50.888+0000] {logging_mixin.py:151} INFO - [2024-10-24T18:28:50.888+0000] {dagbag.py:539} INFO - Filling up the DagBag from /opt/airflow/dags/api_openbrewerydb_to_silver_gold.py
[2024-10-24T18:28:50.899+0000] {processor.py:839} INFO - DAG(s) dict_keys(['api_openbrewerydb_to_silver_gold']) retrieved from /opt/airflow/dags/api_openbrewerydb_to_silver_gold.py
[2024-10-24T18:28:50.926+0000] {logging_mixin.py:151} INFO - [2024-10-24T18:28:50.926+0000] {dag.py:2915} INFO - Sync 1 DAGs
[2024-10-24T18:28:50.946+0000] {logging_mixin.py:151} INFO - [2024-10-24T18:28:50.946+0000] {dag.py:3696} INFO - Setting next_dagrun for api_openbrewerydb_to_silver_gold to 2024-10-24T08:00:00+00:00, run_after=2024-10-25T08:00:00+00:00
[2024-10-24T18:28:50.959+0000] {processor.py:179} INFO - Processing /opt/airflow/dags/api_openbrewerydb_to_silver_gold.py took 0.075 seconds
[2024-10-24T18:29:21.157+0000] {processor.py:157} INFO - Started process (PID=2098) to work on /opt/airflow/dags/api_openbrewerydb_to_silver_gold.py
[2024-10-24T18:29:21.165+0000] {processor.py:829} INFO - Processing file /opt/airflow/dags/api_openbrewerydb_to_silver_gold.py for tasks to queue
[2024-10-24T18:29:21.166+0000] {logging_mixin.py:151} INFO - [2024-10-24T18:29:21.165+0000] {dagbag.py:539} INFO - Filling up the DagBag from /opt/airflow/dags/api_openbrewerydb_to_silver_gold.py
[2024-10-24T18:29:21.179+0000] {processor.py:839} INFO - DAG(s) dict_keys(['api_openbrewerydb_to_silver_gold']) retrieved from /opt/airflow/dags/api_openbrewerydb_to_silver_gold.py
[2024-10-24T18:29:21.207+0000] {logging_mixin.py:151} INFO - [2024-10-24T18:29:21.207+0000] {dag.py:2915} INFO - Sync 1 DAGs
[2024-10-24T18:29:21.228+0000] {logging_mixin.py:151} INFO - [2024-10-24T18:29:21.228+0000] {dag.py:3696} INFO - Setting next_dagrun for api_openbrewerydb_to_silver_gold to 2024-10-24T08:00:00+00:00, run_after=2024-10-25T08:00:00+00:00
[2024-10-24T18:29:21.241+0000] {processor.py:179} INFO - Processing /opt/airflow/dags/api_openbrewerydb_to_silver_gold.py took 0.087 seconds
[2024-10-24T18:29:51.482+0000] {processor.py:157} INFO - Started process (PID=2108) to work on /opt/airflow/dags/api_openbrewerydb_to_silver_gold.py
[2024-10-24T18:29:51.491+0000] {processor.py:829} INFO - Processing file /opt/airflow/dags/api_openbrewerydb_to_silver_gold.py for tasks to queue
[2024-10-24T18:29:51.493+0000] {logging_mixin.py:151} INFO - [2024-10-24T18:29:51.492+0000] {dagbag.py:539} INFO - Filling up the DagBag from /opt/airflow/dags/api_openbrewerydb_to_silver_gold.py
[2024-10-24T18:29:51.512+0000] {processor.py:839} INFO - DAG(s) dict_keys(['api_openbrewerydb_to_silver_gold']) retrieved from /opt/airflow/dags/api_openbrewerydb_to_silver_gold.py
[2024-10-24T18:29:51.537+0000] {logging_mixin.py:151} INFO - [2024-10-24T18:29:51.536+0000] {dag.py:2915} INFO - Sync 1 DAGs
[2024-10-24T18:29:51.555+0000] {logging_mixin.py:151} INFO - [2024-10-24T18:29:51.555+0000] {dag.py:3696} INFO - Setting next_dagrun for api_openbrewerydb_to_silver_gold to 2024-10-24T08:00:00+00:00, run_after=2024-10-25T08:00:00+00:00
[2024-10-24T18:29:51.568+0000] {processor.py:179} INFO - Processing /opt/airflow/dags/api_openbrewerydb_to_silver_gold.py took 0.095 seconds
[2024-10-24T18:30:21.796+0000] {processor.py:157} INFO - Started process (PID=2118) to work on /opt/airflow/dags/api_openbrewerydb_to_silver_gold.py
[2024-10-24T18:30:21.808+0000] {processor.py:829} INFO - Processing file /opt/airflow/dags/api_openbrewerydb_to_silver_gold.py for tasks to queue
[2024-10-24T18:30:21.809+0000] {logging_mixin.py:151} INFO - [2024-10-24T18:30:21.809+0000] {dagbag.py:539} INFO - Filling up the DagBag from /opt/airflow/dags/api_openbrewerydb_to_silver_gold.py
[2024-10-24T18:30:21.820+0000] {processor.py:839} INFO - DAG(s) dict_keys(['api_openbrewerydb_to_silver_gold']) retrieved from /opt/airflow/dags/api_openbrewerydb_to_silver_gold.py
[2024-10-24T18:30:21.848+0000] {logging_mixin.py:151} INFO - [2024-10-24T18:30:21.848+0000] {dag.py:2915} INFO - Sync 1 DAGs
[2024-10-24T18:30:21.867+0000] {logging_mixin.py:151} INFO - [2024-10-24T18:30:21.867+0000] {dag.py:3696} INFO - Setting next_dagrun for api_openbrewerydb_to_silver_gold to 2024-10-24T08:00:00+00:00, run_after=2024-10-25T08:00:00+00:00
[2024-10-24T18:30:21.879+0000] {processor.py:179} INFO - Processing /opt/airflow/dags/api_openbrewerydb_to_silver_gold.py took 0.086 seconds
[2024-10-24T18:30:52.102+0000] {processor.py:157} INFO - Started process (PID=2128) to work on /opt/airflow/dags/api_openbrewerydb_to_silver_gold.py
[2024-10-24T18:30:52.103+0000] {processor.py:829} INFO - Processing file /opt/airflow/dags/api_openbrewerydb_to_silver_gold.py for tasks to queue
[2024-10-24T18:30:52.104+0000] {logging_mixin.py:151} INFO - [2024-10-24T18:30:52.103+0000] {dagbag.py:539} INFO - Filling up the DagBag from /opt/airflow/dags/api_openbrewerydb_to_silver_gold.py
[2024-10-24T18:30:52.117+0000] {processor.py:839} INFO - DAG(s) dict_keys(['api_openbrewerydb_to_silver_gold']) retrieved from /opt/airflow/dags/api_openbrewerydb_to_silver_gold.py
[2024-10-24T18:30:52.144+0000] {logging_mixin.py:151} INFO - [2024-10-24T18:30:52.143+0000] {dag.py:2915} INFO - Sync 1 DAGs
[2024-10-24T18:30:52.163+0000] {logging_mixin.py:151} INFO - [2024-10-24T18:30:52.163+0000] {dag.py:3696} INFO - Setting next_dagrun for api_openbrewerydb_to_silver_gold to 2024-10-24T08:00:00+00:00, run_after=2024-10-25T08:00:00+00:00
[2024-10-24T18:30:52.176+0000] {processor.py:179} INFO - Processing /opt/airflow/dags/api_openbrewerydb_to_silver_gold.py took 0.078 seconds
[2024-10-24T18:31:22.314+0000] {processor.py:157} INFO - Started process (PID=2510) to work on /opt/airflow/dags/api_openbrewerydb_to_silver_gold.py
[2024-10-24T18:31:22.323+0000] {processor.py:829} INFO - Processing file /opt/airflow/dags/api_openbrewerydb_to_silver_gold.py for tasks to queue
[2024-10-24T18:31:22.323+0000] {logging_mixin.py:151} INFO - [2024-10-24T18:31:22.323+0000] {dagbag.py:539} INFO - Filling up the DagBag from /opt/airflow/dags/api_openbrewerydb_to_silver_gold.py
[2024-10-24T18:31:22.337+0000] {processor.py:839} INFO - DAG(s) dict_keys(['api_openbrewerydb_to_silver_gold']) retrieved from /opt/airflow/dags/api_openbrewerydb_to_silver_gold.py
[2024-10-24T18:31:22.364+0000] {logging_mixin.py:151} INFO - [2024-10-24T18:31:22.364+0000] {dag.py:2915} INFO - Sync 1 DAGs
[2024-10-24T18:31:22.405+0000] {processor.py:179} INFO - Processing /opt/airflow/dags/api_openbrewerydb_to_silver_gold.py took 0.094 seconds
[2024-10-24T18:31:52.628+0000] {processor.py:157} INFO - Started process (PID=2592) to work on /opt/airflow/dags/api_openbrewerydb_to_silver_gold.py
[2024-10-24T18:31:52.629+0000] {processor.py:829} INFO - Processing file /opt/airflow/dags/api_openbrewerydb_to_silver_gold.py for tasks to queue
[2024-10-24T18:31:52.630+0000] {logging_mixin.py:151} INFO - [2024-10-24T18:31:52.629+0000] {dagbag.py:539} INFO - Filling up the DagBag from /opt/airflow/dags/api_openbrewerydb_to_silver_gold.py
[2024-10-24T18:31:52.641+0000] {processor.py:839} INFO - DAG(s) dict_keys(['api_openbrewerydb_to_silver_gold']) retrieved from /opt/airflow/dags/api_openbrewerydb_to_silver_gold.py
[2024-10-24T18:31:52.669+0000] {logging_mixin.py:151} INFO - [2024-10-24T18:31:52.668+0000] {dag.py:2915} INFO - Sync 1 DAGs
[2024-10-24T18:31:52.688+0000] {logging_mixin.py:151} INFO - [2024-10-24T18:31:52.687+0000] {dag.py:3696} INFO - Setting next_dagrun for api_openbrewerydb_to_silver_gold to 2024-10-24T08:00:00+00:00, run_after=2024-10-25T08:00:00+00:00
[2024-10-24T18:31:52.700+0000] {processor.py:179} INFO - Processing /opt/airflow/dags/api_openbrewerydb_to_silver_gold.py took 0.076 seconds
[2024-10-24T18:32:22.971+0000] {processor.py:157} INFO - Started process (PID=2602) to work on /opt/airflow/dags/api_openbrewerydb_to_silver_gold.py
[2024-10-24T18:32:22.980+0000] {processor.py:829} INFO - Processing file /opt/airflow/dags/api_openbrewerydb_to_silver_gold.py for tasks to queue
[2024-10-24T18:32:22.983+0000] {logging_mixin.py:151} INFO - [2024-10-24T18:32:22.982+0000] {dagbag.py:539} INFO - Filling up the DagBag from /opt/airflow/dags/api_openbrewerydb_to_silver_gold.py
[2024-10-24T18:32:23.012+0000] {processor.py:839} INFO - DAG(s) dict_keys(['api_openbrewerydb_to_silver_gold']) retrieved from /opt/airflow/dags/api_openbrewerydb_to_silver_gold.py
[2024-10-24T18:32:23.041+0000] {logging_mixin.py:151} INFO - [2024-10-24T18:32:23.040+0000] {dag.py:2915} INFO - Sync 1 DAGs
[2024-10-24T18:32:23.062+0000] {logging_mixin.py:151} INFO - [2024-10-24T18:32:23.062+0000] {dag.py:3696} INFO - Setting next_dagrun for api_openbrewerydb_to_silver_gold to 2024-10-24T08:00:00+00:00, run_after=2024-10-25T08:00:00+00:00
[2024-10-24T18:32:23.075+0000] {processor.py:179} INFO - Processing /opt/airflow/dags/api_openbrewerydb_to_silver_gold.py took 0.113 seconds
[2024-10-24T18:32:53.300+0000] {processor.py:157} INFO - Started process (PID=2612) to work on /opt/airflow/dags/api_openbrewerydb_to_silver_gold.py
[2024-10-24T18:32:53.301+0000] {processor.py:829} INFO - Processing file /opt/airflow/dags/api_openbrewerydb_to_silver_gold.py for tasks to queue
[2024-10-24T18:32:53.302+0000] {logging_mixin.py:151} INFO - [2024-10-24T18:32:53.302+0000] {dagbag.py:539} INFO - Filling up the DagBag from /opt/airflow/dags/api_openbrewerydb_to_silver_gold.py
[2024-10-24T18:32:53.319+0000] {processor.py:839} INFO - DAG(s) dict_keys(['api_openbrewerydb_to_silver_gold']) retrieved from /opt/airflow/dags/api_openbrewerydb_to_silver_gold.py
[2024-10-24T18:32:53.352+0000] {logging_mixin.py:151} INFO - [2024-10-24T18:32:53.351+0000] {dag.py:2915} INFO - Sync 1 DAGs
[2024-10-24T18:32:53.373+0000] {logging_mixin.py:151} INFO - [2024-10-24T18:32:53.373+0000] {dag.py:3696} INFO - Setting next_dagrun for api_openbrewerydb_to_silver_gold to 2024-10-24T08:00:00+00:00, run_after=2024-10-25T08:00:00+00:00
[2024-10-24T18:32:53.389+0000] {processor.py:179} INFO - Processing /opt/airflow/dags/api_openbrewerydb_to_silver_gold.py took 0.093 seconds
[2024-10-24T18:33:23.613+0000] {processor.py:157} INFO - Started process (PID=2622) to work on /opt/airflow/dags/api_openbrewerydb_to_silver_gold.py
[2024-10-24T18:33:23.621+0000] {processor.py:829} INFO - Processing file /opt/airflow/dags/api_openbrewerydb_to_silver_gold.py for tasks to queue
[2024-10-24T18:33:23.622+0000] {logging_mixin.py:151} INFO - [2024-10-24T18:33:23.621+0000] {dagbag.py:539} INFO - Filling up the DagBag from /opt/airflow/dags/api_openbrewerydb_to_silver_gold.py
[2024-10-24T18:33:23.632+0000] {processor.py:839} INFO - DAG(s) dict_keys(['api_openbrewerydb_to_silver_gold']) retrieved from /opt/airflow/dags/api_openbrewerydb_to_silver_gold.py
[2024-10-24T18:33:23.660+0000] {logging_mixin.py:151} INFO - [2024-10-24T18:33:23.660+0000] {dag.py:2915} INFO - Sync 1 DAGs
[2024-10-24T18:33:23.679+0000] {logging_mixin.py:151} INFO - [2024-10-24T18:33:23.678+0000] {dag.py:3696} INFO - Setting next_dagrun for api_openbrewerydb_to_silver_gold to 2024-10-24T08:00:00+00:00, run_after=2024-10-25T08:00:00+00:00
[2024-10-24T18:33:23.692+0000] {processor.py:179} INFO - Processing /opt/airflow/dags/api_openbrewerydb_to_silver_gold.py took 0.083 seconds
[2024-10-24T18:33:53.892+0000] {processor.py:157} INFO - Started process (PID=2632) to work on /opt/airflow/dags/api_openbrewerydb_to_silver_gold.py
[2024-10-24T18:33:53.898+0000] {processor.py:829} INFO - Processing file /opt/airflow/dags/api_openbrewerydb_to_silver_gold.py for tasks to queue
[2024-10-24T18:33:53.899+0000] {logging_mixin.py:151} INFO - [2024-10-24T18:33:53.898+0000] {dagbag.py:539} INFO - Filling up the DagBag from /opt/airflow/dags/api_openbrewerydb_to_silver_gold.py
[2024-10-24T18:33:53.911+0000] {processor.py:839} INFO - DAG(s) dict_keys(['api_openbrewerydb_to_silver_gold']) retrieved from /opt/airflow/dags/api_openbrewerydb_to_silver_gold.py
[2024-10-24T18:33:53.936+0000] {logging_mixin.py:151} INFO - [2024-10-24T18:33:53.936+0000] {dag.py:2915} INFO - Sync 1 DAGs
[2024-10-24T18:33:53.963+0000] {logging_mixin.py:151} INFO - [2024-10-24T18:33:53.963+0000] {dag.py:3696} INFO - Setting next_dagrun for api_openbrewerydb_to_silver_gold to 2024-10-24T08:00:00+00:00, run_after=2024-10-25T08:00:00+00:00
[2024-10-24T18:33:53.979+0000] {processor.py:179} INFO - Processing /opt/airflow/dags/api_openbrewerydb_to_silver_gold.py took 0.090 seconds
[2024-10-24T18:34:24.190+0000] {processor.py:157} INFO - Started process (PID=2642) to work on /opt/airflow/dags/api_openbrewerydb_to_silver_gold.py
[2024-10-24T18:34:24.190+0000] {processor.py:829} INFO - Processing file /opt/airflow/dags/api_openbrewerydb_to_silver_gold.py for tasks to queue
[2024-10-24T18:34:24.191+0000] {logging_mixin.py:151} INFO - [2024-10-24T18:34:24.191+0000] {dagbag.py:539} INFO - Filling up the DagBag from /opt/airflow/dags/api_openbrewerydb_to_silver_gold.py
[2024-10-24T18:34:24.202+0000] {processor.py:839} INFO - DAG(s) dict_keys(['api_openbrewerydb_to_silver_gold']) retrieved from /opt/airflow/dags/api_openbrewerydb_to_silver_gold.py
[2024-10-24T18:34:24.228+0000] {logging_mixin.py:151} INFO - [2024-10-24T18:34:24.227+0000] {dag.py:2915} INFO - Sync 1 DAGs
[2024-10-24T18:34:24.247+0000] {logging_mixin.py:151} INFO - [2024-10-24T18:34:24.247+0000] {dag.py:3696} INFO - Setting next_dagrun for api_openbrewerydb_to_silver_gold to 2024-10-24T08:00:00+00:00, run_after=2024-10-25T08:00:00+00:00
[2024-10-24T18:34:24.269+0000] {processor.py:179} INFO - Processing /opt/airflow/dags/api_openbrewerydb_to_silver_gold.py took 0.082 seconds
[2024-10-24T18:34:54.409+0000] {processor.py:157} INFO - Started process (PID=3103) to work on /opt/airflow/dags/api_openbrewerydb_to_silver_gold.py
[2024-10-24T18:34:54.410+0000] {processor.py:829} INFO - Processing file /opt/airflow/dags/api_openbrewerydb_to_silver_gold.py for tasks to queue
[2024-10-24T18:34:54.411+0000] {logging_mixin.py:151} INFO - [2024-10-24T18:34:54.410+0000] {dagbag.py:539} INFO - Filling up the DagBag from /opt/airflow/dags/api_openbrewerydb_to_silver_gold.py
[2024-10-24T18:34:54.420+0000] {processor.py:839} INFO - DAG(s) dict_keys(['api_openbrewerydb_to_silver_gold']) retrieved from /opt/airflow/dags/api_openbrewerydb_to_silver_gold.py
[2024-10-24T18:34:54.445+0000] {logging_mixin.py:151} INFO - [2024-10-24T18:34:54.445+0000] {dag.py:2915} INFO - Sync 1 DAGs
[2024-10-24T18:34:54.464+0000] {logging_mixin.py:151} INFO - [2024-10-24T18:34:54.464+0000] {dag.py:3696} INFO - Setting next_dagrun for api_openbrewerydb_to_silver_gold to 2024-10-24T08:00:00+00:00, run_after=2024-10-25T08:00:00+00:00
[2024-10-24T18:34:54.476+0000] {processor.py:179} INFO - Processing /opt/airflow/dags/api_openbrewerydb_to_silver_gold.py took 0.069 seconds
[2024-10-24T18:35:24.679+0000] {processor.py:157} INFO - Started process (PID=3113) to work on /opt/airflow/dags/api_openbrewerydb_to_silver_gold.py
[2024-10-24T18:35:24.680+0000] {processor.py:829} INFO - Processing file /opt/airflow/dags/api_openbrewerydb_to_silver_gold.py for tasks to queue
[2024-10-24T18:35:24.681+0000] {logging_mixin.py:151} INFO - [2024-10-24T18:35:24.681+0000] {dagbag.py:539} INFO - Filling up the DagBag from /opt/airflow/dags/api_openbrewerydb_to_silver_gold.py
[2024-10-24T18:35:24.693+0000] {processor.py:839} INFO - DAG(s) dict_keys(['api_openbrewerydb_to_silver_gold']) retrieved from /opt/airflow/dags/api_openbrewerydb_to_silver_gold.py
[2024-10-24T18:35:24.728+0000] {logging_mixin.py:151} INFO - [2024-10-24T18:35:24.728+0000] {dag.py:2915} INFO - Sync 1 DAGs
[2024-10-24T18:35:24.757+0000] {logging_mixin.py:151} INFO - [2024-10-24T18:35:24.757+0000] {dag.py:3696} INFO - Setting next_dagrun for api_openbrewerydb_to_silver_gold to 2024-10-24T08:00:00+00:00, run_after=2024-10-25T08:00:00+00:00
[2024-10-24T18:35:24.774+0000] {processor.py:179} INFO - Processing /opt/airflow/dags/api_openbrewerydb_to_silver_gold.py took 0.100 seconds
[2024-10-24T18:35:54.951+0000] {processor.py:157} INFO - Started process (PID=3123) to work on /opt/airflow/dags/api_openbrewerydb_to_silver_gold.py
[2024-10-24T18:35:54.952+0000] {processor.py:829} INFO - Processing file /opt/airflow/dags/api_openbrewerydb_to_silver_gold.py for tasks to queue
[2024-10-24T18:35:54.953+0000] {logging_mixin.py:151} INFO - [2024-10-24T18:35:54.953+0000] {dagbag.py:539} INFO - Filling up the DagBag from /opt/airflow/dags/api_openbrewerydb_to_silver_gold.py
[2024-10-24T18:35:54.961+0000] {processor.py:839} INFO - DAG(s) dict_keys(['api_openbrewerydb_to_silver_gold']) retrieved from /opt/airflow/dags/api_openbrewerydb_to_silver_gold.py
[2024-10-24T18:35:54.984+0000] {logging_mixin.py:151} INFO - [2024-10-24T18:35:54.984+0000] {dag.py:2915} INFO - Sync 1 DAGs
[2024-10-24T18:35:55.002+0000] {logging_mixin.py:151} INFO - [2024-10-24T18:35:55.002+0000] {dag.py:3696} INFO - Setting next_dagrun for api_openbrewerydb_to_silver_gold to 2024-10-24T08:00:00+00:00, run_after=2024-10-25T08:00:00+00:00
[2024-10-24T18:35:55.014+0000] {processor.py:179} INFO - Processing /opt/airflow/dags/api_openbrewerydb_to_silver_gold.py took 0.065 seconds
[2024-10-24T18:36:25.227+0000] {processor.py:157} INFO - Started process (PID=3133) to work on /opt/airflow/dags/api_openbrewerydb_to_silver_gold.py
[2024-10-24T18:36:25.227+0000] {processor.py:829} INFO - Processing file /opt/airflow/dags/api_openbrewerydb_to_silver_gold.py for tasks to queue
[2024-10-24T18:36:25.228+0000] {logging_mixin.py:151} INFO - [2024-10-24T18:36:25.228+0000] {dagbag.py:539} INFO - Filling up the DagBag from /opt/airflow/dags/api_openbrewerydb_to_silver_gold.py
[2024-10-24T18:36:25.242+0000] {processor.py:839} INFO - DAG(s) dict_keys(['api_openbrewerydb_to_silver_gold']) retrieved from /opt/airflow/dags/api_openbrewerydb_to_silver_gold.py
[2024-10-24T18:36:25.266+0000] {logging_mixin.py:151} INFO - [2024-10-24T18:36:25.266+0000] {dag.py:2915} INFO - Sync 1 DAGs
[2024-10-24T18:36:25.286+0000] {logging_mixin.py:151} INFO - [2024-10-24T18:36:25.285+0000] {dag.py:3696} INFO - Setting next_dagrun for api_openbrewerydb_to_silver_gold to 2024-10-24T08:00:00+00:00, run_after=2024-10-25T08:00:00+00:00
[2024-10-24T18:36:25.301+0000] {processor.py:179} INFO - Processing /opt/airflow/dags/api_openbrewerydb_to_silver_gold.py took 0.078 seconds
[2024-10-24T18:36:55.530+0000] {processor.py:157} INFO - Started process (PID=3143) to work on /opt/airflow/dags/api_openbrewerydb_to_silver_gold.py
[2024-10-24T18:36:55.539+0000] {processor.py:829} INFO - Processing file /opt/airflow/dags/api_openbrewerydb_to_silver_gold.py for tasks to queue
[2024-10-24T18:36:55.541+0000] {logging_mixin.py:151} INFO - [2024-10-24T18:36:55.541+0000] {dagbag.py:539} INFO - Filling up the DagBag from /opt/airflow/dags/api_openbrewerydb_to_silver_gold.py
[2024-10-24T18:36:55.566+0000] {processor.py:839} INFO - DAG(s) dict_keys(['api_openbrewerydb_to_silver_gold']) retrieved from /opt/airflow/dags/api_openbrewerydb_to_silver_gold.py
[2024-10-24T18:36:55.593+0000] {logging_mixin.py:151} INFO - [2024-10-24T18:36:55.593+0000] {dag.py:2915} INFO - Sync 1 DAGs
[2024-10-24T18:36:55.613+0000] {logging_mixin.py:151} INFO - [2024-10-24T18:36:55.613+0000] {dag.py:3696} INFO - Setting next_dagrun for api_openbrewerydb_to_silver_gold to 2024-10-24T08:00:00+00:00, run_after=2024-10-25T08:00:00+00:00
[2024-10-24T18:36:55.627+0000] {processor.py:179} INFO - Processing /opt/airflow/dags/api_openbrewerydb_to_silver_gold.py took 0.106 seconds
[2024-10-24T18:37:25.845+0000] {processor.py:157} INFO - Started process (PID=3153) to work on /opt/airflow/dags/api_openbrewerydb_to_silver_gold.py
[2024-10-24T18:37:25.846+0000] {processor.py:829} INFO - Processing file /opt/airflow/dags/api_openbrewerydb_to_silver_gold.py for tasks to queue
[2024-10-24T18:37:25.846+0000] {logging_mixin.py:151} INFO - [2024-10-24T18:37:25.846+0000] {dagbag.py:539} INFO - Filling up the DagBag from /opt/airflow/dags/api_openbrewerydb_to_silver_gold.py
[2024-10-24T18:37:25.856+0000] {processor.py:839} INFO - DAG(s) dict_keys(['api_openbrewerydb_to_silver_gold']) retrieved from /opt/airflow/dags/api_openbrewerydb_to_silver_gold.py
[2024-10-24T18:37:25.879+0000] {logging_mixin.py:151} INFO - [2024-10-24T18:37:25.879+0000] {dag.py:2915} INFO - Sync 1 DAGs
[2024-10-24T18:37:25.900+0000] {logging_mixin.py:151} INFO - [2024-10-24T18:37:25.900+0000] {dag.py:3696} INFO - Setting next_dagrun for api_openbrewerydb_to_silver_gold to 2024-10-24T08:00:00+00:00, run_after=2024-10-25T08:00:00+00:00
[2024-10-24T18:37:25.915+0000] {processor.py:179} INFO - Processing /opt/airflow/dags/api_openbrewerydb_to_silver_gold.py took 0.073 seconds
[2024-10-24T18:37:56.158+0000] {processor.py:157} INFO - Started process (PID=3163) to work on /opt/airflow/dags/api_openbrewerydb_to_silver_gold.py
[2024-10-24T18:37:56.160+0000] {processor.py:829} INFO - Processing file /opt/airflow/dags/api_openbrewerydb_to_silver_gold.py for tasks to queue
[2024-10-24T18:37:56.162+0000] {logging_mixin.py:151} INFO - [2024-10-24T18:37:56.161+0000] {dagbag.py:539} INFO - Filling up the DagBag from /opt/airflow/dags/api_openbrewerydb_to_silver_gold.py
[2024-10-24T18:37:56.178+0000] {processor.py:839} INFO - DAG(s) dict_keys(['api_openbrewerydb_to_silver_gold']) retrieved from /opt/airflow/dags/api_openbrewerydb_to_silver_gold.py
[2024-10-24T18:37:56.202+0000] {logging_mixin.py:151} INFO - [2024-10-24T18:37:56.202+0000] {dag.py:2915} INFO - Sync 1 DAGs
[2024-10-24T18:37:56.222+0000] {logging_mixin.py:151} INFO - [2024-10-24T18:37:56.222+0000] {dag.py:3696} INFO - Setting next_dagrun for api_openbrewerydb_to_silver_gold to 2024-10-24T08:00:00+00:00, run_after=2024-10-25T08:00:00+00:00
[2024-10-24T18:37:56.238+0000] {processor.py:179} INFO - Processing /opt/airflow/dags/api_openbrewerydb_to_silver_gold.py took 0.089 seconds
[2024-10-24T18:38:22.402+0000] {processor.py:157} INFO - Started process (PID=3173) to work on /opt/airflow/dags/api_openbrewerydb_to_silver_gold.py
[2024-10-24T18:38:22.403+0000] {processor.py:829} INFO - Processing file /opt/airflow/dags/api_openbrewerydb_to_silver_gold.py for tasks to queue
[2024-10-24T18:38:22.404+0000] {logging_mixin.py:151} INFO - [2024-10-24T18:38:22.404+0000] {dagbag.py:539} INFO - Filling up the DagBag from /opt/airflow/dags/api_openbrewerydb_to_silver_gold.py
[2024-10-24T18:38:22.420+0000] {processor.py:839} INFO - DAG(s) dict_keys(['api_openbrewerydb_to_silver_gold']) retrieved from /opt/airflow/dags/api_openbrewerydb_to_silver_gold.py
[2024-10-24T18:38:22.551+0000] {logging_mixin.py:151} INFO - [2024-10-24T18:38:22.551+0000] {security.py:708} INFO - Not syncing DAG-level permissions for DAG 'DAG:api_openbrewerydb_to_silver_gold' as access control is unset.
[2024-10-24T18:38:22.552+0000] {logging_mixin.py:151} INFO - [2024-10-24T18:38:22.552+0000] {dag.py:2915} INFO - Sync 1 DAGs
[2024-10-24T18:38:22.571+0000] {logging_mixin.py:151} INFO - [2024-10-24T18:38:22.571+0000] {dag.py:3696} INFO - Setting next_dagrun for api_openbrewerydb_to_silver_gold to 2024-10-24T08:00:00+00:00, run_after=2024-10-25T08:00:00+00:00
[2024-10-24T18:38:22.591+0000] {processor.py:179} INFO - Processing /opt/airflow/dags/api_openbrewerydb_to_silver_gold.py took 0.194 seconds
[2024-10-24T18:39:17.224+0000] {processor.py:157} INFO - Started process (PID=176) to work on /opt/airflow/dags/api_openbrewerydb_to_silver_gold.py
[2024-10-24T18:39:17.225+0000] {processor.py:829} INFO - Processing file /opt/airflow/dags/api_openbrewerydb_to_silver_gold.py for tasks to queue
[2024-10-24T18:39:17.226+0000] {logging_mixin.py:151} INFO - [2024-10-24T18:39:17.225+0000] {dagbag.py:539} INFO - Filling up the DagBag from /opt/airflow/dags/api_openbrewerydb_to_silver_gold.py
[2024-10-24T18:39:17.245+0000] {processor.py:839} INFO - DAG(s) dict_keys(['api_openbrewerydb_to_silver_gold']) retrieved from /opt/airflow/dags/api_openbrewerydb_to_silver_gold.py
[2024-10-24T18:39:17.286+0000] {logging_mixin.py:151} INFO - [2024-10-24T18:39:17.286+0000] {dag.py:2915} INFO - Sync 1 DAGs
[2024-10-24T18:39:17.327+0000] {logging_mixin.py:151} INFO - [2024-10-24T18:39:17.326+0000] {dag.py:3696} INFO - Setting next_dagrun for api_openbrewerydb_to_silver_gold to 2024-10-24T08:00:00+00:00, run_after=2024-10-25T08:00:00+00:00
[2024-10-24T18:39:17.354+0000] {processor.py:179} INFO - Processing /opt/airflow/dags/api_openbrewerydb_to_silver_gold.py took 0.136 seconds
[2024-10-24T18:39:47.485+0000] {processor.py:157} INFO - Started process (PID=187) to work on /opt/airflow/dags/api_openbrewerydb_to_silver_gold.py
[2024-10-24T18:39:47.493+0000] {processor.py:829} INFO - Processing file /opt/airflow/dags/api_openbrewerydb_to_silver_gold.py for tasks to queue
[2024-10-24T18:39:47.495+0000] {logging_mixin.py:151} INFO - [2024-10-24T18:39:47.494+0000] {dagbag.py:539} INFO - Filling up the DagBag from /opt/airflow/dags/api_openbrewerydb_to_silver_gold.py
[2024-10-24T18:39:47.511+0000] {processor.py:839} INFO - DAG(s) dict_keys(['api_openbrewerydb_to_silver_gold']) retrieved from /opt/airflow/dags/api_openbrewerydb_to_silver_gold.py
[2024-10-24T18:39:47.539+0000] {logging_mixin.py:151} INFO - [2024-10-24T18:39:47.539+0000] {dag.py:2915} INFO - Sync 1 DAGs
[2024-10-24T18:39:47.558+0000] {logging_mixin.py:151} INFO - [2024-10-24T18:39:47.558+0000] {dag.py:3696} INFO - Setting next_dagrun for api_openbrewerydb_to_silver_gold to 2024-10-24T08:00:00+00:00, run_after=2024-10-25T08:00:00+00:00
[2024-10-24T18:39:47.573+0000] {processor.py:179} INFO - Processing /opt/airflow/dags/api_openbrewerydb_to_silver_gold.py took 0.095 seconds
[2024-10-24T18:40:17.758+0000] {processor.py:157} INFO - Started process (PID=197) to work on /opt/airflow/dags/api_openbrewerydb_to_silver_gold.py
[2024-10-24T18:40:17.766+0000] {processor.py:829} INFO - Processing file /opt/airflow/dags/api_openbrewerydb_to_silver_gold.py for tasks to queue
[2024-10-24T18:40:17.767+0000] {logging_mixin.py:151} INFO - [2024-10-24T18:40:17.766+0000] {dagbag.py:539} INFO - Filling up the DagBag from /opt/airflow/dags/api_openbrewerydb_to_silver_gold.py
[2024-10-24T18:40:17.778+0000] {processor.py:839} INFO - DAG(s) dict_keys(['api_openbrewerydb_to_silver_gold']) retrieved from /opt/airflow/dags/api_openbrewerydb_to_silver_gold.py
[2024-10-24T18:40:17.801+0000] {logging_mixin.py:151} INFO - [2024-10-24T18:40:17.801+0000] {dag.py:2915} INFO - Sync 1 DAGs
[2024-10-24T18:40:17.819+0000] {logging_mixin.py:151} INFO - [2024-10-24T18:40:17.819+0000] {dag.py:3696} INFO - Setting next_dagrun for api_openbrewerydb_to_silver_gold to 2024-10-22T08:00:00+00:00, run_after=2024-10-23T08:00:00+00:00
[2024-10-24T18:40:17.836+0000] {processor.py:179} INFO - Processing /opt/airflow/dags/api_openbrewerydb_to_silver_gold.py took 0.083 seconds
[2024-10-24T18:40:47.897+0000] {processor.py:157} INFO - Started process (PID=668) to work on /opt/airflow/dags/api_openbrewerydb_to_silver_gold.py
[2024-10-24T18:40:47.899+0000] {processor.py:829} INFO - Processing file /opt/airflow/dags/api_openbrewerydb_to_silver_gold.py for tasks to queue
[2024-10-24T18:40:47.901+0000] {logging_mixin.py:151} INFO - [2024-10-24T18:40:47.900+0000] {dagbag.py:539} INFO - Filling up the DagBag from /opt/airflow/dags/api_openbrewerydb_to_silver_gold.py
[2024-10-24T18:40:47.914+0000] {processor.py:839} INFO - DAG(s) dict_keys(['api_openbrewerydb_to_silver_gold']) retrieved from /opt/airflow/dags/api_openbrewerydb_to_silver_gold.py
[2024-10-24T18:40:47.957+0000] {logging_mixin.py:151} INFO - [2024-10-24T18:40:47.957+0000] {dag.py:2915} INFO - Sync 1 DAGs
[2024-10-24T18:40:48.009+0000] {processor.py:179} INFO - Processing /opt/airflow/dags/api_openbrewerydb_to_silver_gold.py took 0.117 seconds
[2024-10-24T18:41:18.172+0000] {processor.py:157} INFO - Started process (PID=1060) to work on /opt/airflow/dags/api_openbrewerydb_to_silver_gold.py
[2024-10-24T18:41:18.180+0000] {processor.py:829} INFO - Processing file /opt/airflow/dags/api_openbrewerydb_to_silver_gold.py for tasks to queue
[2024-10-24T18:41:18.181+0000] {logging_mixin.py:151} INFO - [2024-10-24T18:41:18.181+0000] {dagbag.py:539} INFO - Filling up the DagBag from /opt/airflow/dags/api_openbrewerydb_to_silver_gold.py
[2024-10-24T18:41:18.194+0000] {processor.py:839} INFO - DAG(s) dict_keys(['api_openbrewerydb_to_silver_gold']) retrieved from /opt/airflow/dags/api_openbrewerydb_to_silver_gold.py
[2024-10-24T18:41:18.227+0000] {logging_mixin.py:151} INFO - [2024-10-24T18:41:18.227+0000] {dag.py:2915} INFO - Sync 1 DAGs
[2024-10-24T18:41:18.286+0000] {processor.py:179} INFO - Processing /opt/airflow/dags/api_openbrewerydb_to_silver_gold.py took 0.117 seconds
[2024-10-24T18:41:48.487+0000] {processor.py:157} INFO - Started process (PID=1147) to work on /opt/airflow/dags/api_openbrewerydb_to_silver_gold.py
[2024-10-24T18:41:48.488+0000] {processor.py:829} INFO - Processing file /opt/airflow/dags/api_openbrewerydb_to_silver_gold.py for tasks to queue
[2024-10-24T18:41:48.489+0000] {logging_mixin.py:151} INFO - [2024-10-24T18:41:48.489+0000] {dagbag.py:539} INFO - Filling up the DagBag from /opt/airflow/dags/api_openbrewerydb_to_silver_gold.py
[2024-10-24T18:41:48.506+0000] {processor.py:839} INFO - DAG(s) dict_keys(['api_openbrewerydb_to_silver_gold']) retrieved from /opt/airflow/dags/api_openbrewerydb_to_silver_gold.py
[2024-10-24T18:41:48.531+0000] {logging_mixin.py:151} INFO - [2024-10-24T18:41:48.531+0000] {dag.py:2915} INFO - Sync 1 DAGs
[2024-10-24T18:41:48.553+0000] {logging_mixin.py:151} INFO - [2024-10-24T18:41:48.553+0000] {dag.py:3696} INFO - Setting next_dagrun for api_openbrewerydb_to_silver_gold to 2024-10-24T08:00:00+00:00, run_after=2024-10-25T08:00:00+00:00
[2024-10-24T18:41:48.568+0000] {processor.py:179} INFO - Processing /opt/airflow/dags/api_openbrewerydb_to_silver_gold.py took 0.086 seconds
[2024-10-24T18:42:18.659+0000] {processor.py:157} INFO - Started process (PID=1356) to work on /opt/airflow/dags/api_openbrewerydb_to_silver_gold.py
[2024-10-24T18:42:18.667+0000] {processor.py:829} INFO - Processing file /opt/airflow/dags/api_openbrewerydb_to_silver_gold.py for tasks to queue
[2024-10-24T18:42:18.668+0000] {logging_mixin.py:151} INFO - [2024-10-24T18:42:18.668+0000] {dagbag.py:539} INFO - Filling up the DagBag from /opt/airflow/dags/api_openbrewerydb_to_silver_gold.py
[2024-10-24T18:42:18.685+0000] {processor.py:839} INFO - DAG(s) dict_keys(['api_openbrewerydb_to_silver_gold']) retrieved from /opt/airflow/dags/api_openbrewerydb_to_silver_gold.py
[2024-10-24T18:42:18.728+0000] {logging_mixin.py:151} INFO - [2024-10-24T18:42:18.728+0000] {dag.py:2915} INFO - Sync 1 DAGs
[2024-10-24T18:42:18.790+0000] {processor.py:179} INFO - Processing /opt/airflow/dags/api_openbrewerydb_to_silver_gold.py took 0.134 seconds
[2024-10-24T18:42:48.981+0000] {processor.py:157} INFO - Started process (PID=1618) to work on /opt/airflow/dags/api_openbrewerydb_to_silver_gold.py
[2024-10-24T18:42:48.982+0000] {processor.py:829} INFO - Processing file /opt/airflow/dags/api_openbrewerydb_to_silver_gold.py for tasks to queue
[2024-10-24T18:42:48.983+0000] {logging_mixin.py:151} INFO - [2024-10-24T18:42:48.982+0000] {dagbag.py:539} INFO - Filling up the DagBag from /opt/airflow/dags/api_openbrewerydb_to_silver_gold.py
[2024-10-24T18:42:48.996+0000] {processor.py:839} INFO - DAG(s) dict_keys(['api_openbrewerydb_to_silver_gold']) retrieved from /opt/airflow/dags/api_openbrewerydb_to_silver_gold.py
[2024-10-24T18:42:49.022+0000] {logging_mixin.py:151} INFO - [2024-10-24T18:42:49.022+0000] {dag.py:2915} INFO - Sync 1 DAGs
[2024-10-24T18:42:49.042+0000] {logging_mixin.py:151} INFO - [2024-10-24T18:42:49.042+0000] {dag.py:3696} INFO - Setting next_dagrun for api_openbrewerydb_to_silver_gold to 2024-10-24T08:00:00+00:00, run_after=2024-10-25T08:00:00+00:00
[2024-10-24T18:42:49.058+0000] {processor.py:179} INFO - Processing /opt/airflow/dags/api_openbrewerydb_to_silver_gold.py took 0.083 seconds
[2024-10-24T18:43:19.207+0000] {processor.py:157} INFO - Started process (PID=1628) to work on /opt/airflow/dags/api_openbrewerydb_to_silver_gold.py
[2024-10-24T18:43:19.216+0000] {processor.py:829} INFO - Processing file /opt/airflow/dags/api_openbrewerydb_to_silver_gold.py for tasks to queue
[2024-10-24T18:43:19.219+0000] {logging_mixin.py:151} INFO - [2024-10-24T18:43:19.218+0000] {dagbag.py:539} INFO - Filling up the DagBag from /opt/airflow/dags/api_openbrewerydb_to_silver_gold.py
[2024-10-24T18:43:19.238+0000] {processor.py:839} INFO - DAG(s) dict_keys(['api_openbrewerydb_to_silver_gold']) retrieved from /opt/airflow/dags/api_openbrewerydb_to_silver_gold.py
[2024-10-24T18:43:19.264+0000] {logging_mixin.py:151} INFO - [2024-10-24T18:43:19.264+0000] {dag.py:2915} INFO - Sync 1 DAGs
[2024-10-24T18:43:19.284+0000] {logging_mixin.py:151} INFO - [2024-10-24T18:43:19.284+0000] {dag.py:3696} INFO - Setting next_dagrun for api_openbrewerydb_to_silver_gold to 2024-10-24T08:00:00+00:00, run_after=2024-10-25T08:00:00+00:00
[2024-10-24T18:43:19.299+0000] {processor.py:179} INFO - Processing /opt/airflow/dags/api_openbrewerydb_to_silver_gold.py took 0.097 seconds
