[2024-10-24T00:24:05.850+0000] {processor.py:157} INFO - Started process (PID=171) to work on /opt/airflow/dags/api_openbrewerydb.py
[2024-10-24T00:24:05.851+0000] {processor.py:829} INFO - Processing file /opt/airflow/dags/api_openbrewerydb.py for tasks to queue
[2024-10-24T00:24:05.852+0000] {logging_mixin.py:151} INFO - [2024-10-24T00:24:05.852+0000] {dagbag.py:539} INFO - Filling up the DagBag from /opt/airflow/dags/api_openbrewerydb.py
[2024-10-24T00:24:05.857+0000] {logging_mixin.py:151} INFO - [2024-10-24T00:24:05.855+0000] {dagbag.py:347} ERROR - Failed to import: /opt/airflow/dags/api_openbrewerydb.py
Traceback (most recent call last):
  File "/home/airflow/.local/lib/python3.11/site-packages/airflow/models/dagbag.py", line 343, in parse
    loader.exec_module(new_module)
  File "<frozen importlib._bootstrap_external>", line 936, in exec_module
  File "<frozen importlib._bootstrap_external>", line 1074, in get_code
  File "<frozen importlib._bootstrap_external>", line 1004, in source_to_code
  File "<frozen importlib._bootstrap>", line 241, in _call_with_frames_removed
  File "/opt/airflow/dags/api_openbrewerydb.py", line 40
    schedule_interval='0 7 * * *',
    ^^^^^^^^^^^^^^^^^^^^^^^^^^^^^
SyntaxError: keyword argument repeated: schedule_interval
[2024-10-24T00:24:05.858+0000] {processor.py:841} WARNING - No viable dags retrieved from /opt/airflow/dags/api_openbrewerydb.py
[2024-10-24T00:24:05.890+0000] {processor.py:179} INFO - Processing /opt/airflow/dags/api_openbrewerydb.py took 0.043 seconds
[2024-10-24T00:24:36.108+0000] {processor.py:157} INFO - Started process (PID=341) to work on /opt/airflow/dags/api_openbrewerydb.py
[2024-10-24T00:24:36.109+0000] {processor.py:829} INFO - Processing file /opt/airflow/dags/api_openbrewerydb.py for tasks to queue
[2024-10-24T00:24:36.110+0000] {logging_mixin.py:151} INFO - [2024-10-24T00:24:36.109+0000] {dagbag.py:539} INFO - Filling up the DagBag from /opt/airflow/dags/api_openbrewerydb.py
[2024-10-24T00:24:36.115+0000] {logging_mixin.py:151} INFO - [2024-10-24T00:24:36.113+0000] {dagbag.py:347} ERROR - Failed to import: /opt/airflow/dags/api_openbrewerydb.py
Traceback (most recent call last):
  File "/home/airflow/.local/lib/python3.11/site-packages/airflow/models/dagbag.py", line 343, in parse
    loader.exec_module(new_module)
  File "<frozen importlib._bootstrap_external>", line 936, in exec_module
  File "<frozen importlib._bootstrap_external>", line 1074, in get_code
  File "<frozen importlib._bootstrap_external>", line 1004, in source_to_code
  File "<frozen importlib._bootstrap>", line 241, in _call_with_frames_removed
  File "/opt/airflow/dags/api_openbrewerydb.py", line 40
    schedule_interval='0 7 * * *',
    ^^^^^^^^^^^^^^^^^^^^^^^^^^^^^
SyntaxError: keyword argument repeated: schedule_interval
[2024-10-24T00:24:36.115+0000] {processor.py:841} WARNING - No viable dags retrieved from /opt/airflow/dags/api_openbrewerydb.py
[2024-10-24T00:24:36.140+0000] {processor.py:179} INFO - Processing /opt/airflow/dags/api_openbrewerydb.py took 0.035 seconds
[2024-10-24T00:25:06.376+0000] {processor.py:157} INFO - Started process (PID=351) to work on /opt/airflow/dags/api_openbrewerydb.py
[2024-10-24T00:25:06.385+0000] {processor.py:829} INFO - Processing file /opt/airflow/dags/api_openbrewerydb.py for tasks to queue
[2024-10-24T00:25:06.386+0000] {logging_mixin.py:151} INFO - [2024-10-24T00:25:06.386+0000] {dagbag.py:539} INFO - Filling up the DagBag from /opt/airflow/dags/api_openbrewerydb.py
[2024-10-24T00:25:06.391+0000] {logging_mixin.py:151} INFO - [2024-10-24T00:25:06.389+0000] {dagbag.py:347} ERROR - Failed to import: /opt/airflow/dags/api_openbrewerydb.py
Traceback (most recent call last):
  File "/home/airflow/.local/lib/python3.11/site-packages/airflow/models/dagbag.py", line 343, in parse
    loader.exec_module(new_module)
  File "<frozen importlib._bootstrap_external>", line 936, in exec_module
  File "<frozen importlib._bootstrap_external>", line 1074, in get_code
  File "<frozen importlib._bootstrap_external>", line 1004, in source_to_code
  File "<frozen importlib._bootstrap>", line 241, in _call_with_frames_removed
  File "/opt/airflow/dags/api_openbrewerydb.py", line 40
    schedule_interval='0 7 * * *',
    ^^^^^^^^^^^^^^^^^^^^^^^^^^^^^
SyntaxError: keyword argument repeated: schedule_interval
[2024-10-24T00:25:06.392+0000] {processor.py:841} WARNING - No viable dags retrieved from /opt/airflow/dags/api_openbrewerydb.py
[2024-10-24T00:25:06.421+0000] {processor.py:179} INFO - Processing /opt/airflow/dags/api_openbrewerydb.py took 0.050 seconds
[2024-10-24T00:25:28.575+0000] {processor.py:157} INFO - Started process (PID=361) to work on /opt/airflow/dags/api_openbrewerydb.py
[2024-10-24T00:25:28.576+0000] {processor.py:829} INFO - Processing file /opt/airflow/dags/api_openbrewerydb.py for tasks to queue
[2024-10-24T00:25:28.577+0000] {logging_mixin.py:151} INFO - [2024-10-24T00:25:28.576+0000] {dagbag.py:539} INFO - Filling up the DagBag from /opt/airflow/dags/api_openbrewerydb.py
[2024-10-24T00:25:28.589+0000] {processor.py:839} INFO - DAG(s) dict_keys(['dag_brewery_api']) retrieved from /opt/airflow/dags/api_openbrewerydb.py
[2024-10-24T00:25:28.694+0000] {logging_mixin.py:151} INFO - [2024-10-24T00:25:28.693+0000] {manager.py:499} INFO - Created Permission View: %s
[2024-10-24T00:25:28.701+0000] {logging_mixin.py:151} INFO - [2024-10-24T00:25:28.701+0000] {manager.py:499} INFO - Created Permission View: %s
[2024-10-24T00:25:28.705+0000] {logging_mixin.py:151} INFO - [2024-10-24T00:25:28.705+0000] {manager.py:499} INFO - Created Permission View: %s
[2024-10-24T00:25:28.706+0000] {logging_mixin.py:151} INFO - [2024-10-24T00:25:28.706+0000] {security.py:708} INFO - Not syncing DAG-level permissions for DAG 'DAG:dag_brewery_api' as access control is unset.
[2024-10-24T00:25:28.706+0000] {logging_mixin.py:151} INFO - [2024-10-24T00:25:28.706+0000] {dag.py:2915} INFO - Sync 1 DAGs
[2024-10-24T00:25:28.715+0000] {logging_mixin.py:151} INFO - [2024-10-24T00:25:28.715+0000] {dag.py:2937} INFO - Creating ORM DAG for dag_brewery_api
[2024-10-24T00:25:28.725+0000] {logging_mixin.py:151} INFO - [2024-10-24T00:25:28.725+0000] {dag.py:3696} INFO - Setting next_dagrun for dag_brewery_api to 2024-10-22T07:00:00+00:00, run_after=2024-10-23T07:00:00+00:00
[2024-10-24T00:25:28.736+0000] {processor.py:179} INFO - Processing /opt/airflow/dags/api_openbrewerydb.py took 0.164 seconds
[2024-10-24T00:25:46.748+0000] {processor.py:157} INFO - Started process (PID=371) to work on /opt/airflow/dags/api_openbrewerydb.py
[2024-10-24T00:25:46.750+0000] {processor.py:829} INFO - Processing file /opt/airflow/dags/api_openbrewerydb.py for tasks to queue
[2024-10-24T00:25:46.752+0000] {logging_mixin.py:151} INFO - [2024-10-24T00:25:46.751+0000] {dagbag.py:539} INFO - Filling up the DagBag from /opt/airflow/dags/api_openbrewerydb.py
[2024-10-24T00:25:46.773+0000] {processor.py:839} INFO - DAG(s) dict_keys(['dag_brewery_api']) retrieved from /opt/airflow/dags/api_openbrewerydb.py
[2024-10-24T00:25:46.790+0000] {logging_mixin.py:151} INFO - [2024-10-24T00:25:46.790+0000] {dag.py:2915} INFO - Sync 1 DAGs
[2024-10-24T00:25:46.810+0000] {logging_mixin.py:151} INFO - [2024-10-24T00:25:46.810+0000] {dag.py:3696} INFO - Setting next_dagrun for dag_brewery_api to 2024-10-22T07:00:00+00:00, run_after=2024-10-23T07:00:00+00:00
[2024-10-24T00:25:46.824+0000] {processor.py:179} INFO - Processing /opt/airflow/dags/api_openbrewerydb.py took 0.085 seconds
[2024-10-24T00:26:17.074+0000] {processor.py:157} INFO - Started process (PID=385) to work on /opt/airflow/dags/api_openbrewerydb.py
[2024-10-24T00:26:17.083+0000] {processor.py:829} INFO - Processing file /opt/airflow/dags/api_openbrewerydb.py for tasks to queue
[2024-10-24T00:26:17.086+0000] {logging_mixin.py:151} INFO - [2024-10-24T00:26:17.085+0000] {dagbag.py:539} INFO - Filling up the DagBag from /opt/airflow/dags/api_openbrewerydb.py
[2024-10-24T00:26:17.110+0000] {processor.py:839} INFO - DAG(s) dict_keys(['dag_brewery_api']) retrieved from /opt/airflow/dags/api_openbrewerydb.py
[2024-10-24T00:26:17.207+0000] {logging_mixin.py:151} INFO - [2024-10-24T00:26:17.207+0000] {security.py:708} INFO - Not syncing DAG-level permissions for DAG 'DAG:dag_brewery_api' as access control is unset.
[2024-10-24T00:26:17.207+0000] {logging_mixin.py:151} INFO - [2024-10-24T00:26:17.207+0000] {dag.py:2915} INFO - Sync 1 DAGs
[2024-10-24T00:26:17.226+0000] {logging_mixin.py:151} INFO - [2024-10-24T00:26:17.226+0000] {dag.py:3696} INFO - Setting next_dagrun for dag_brewery_api to 2024-10-23T07:00:00+00:00, run_after=2024-10-24T07:00:00+00:00
[2024-10-24T00:26:17.248+0000] {processor.py:179} INFO - Processing /opt/airflow/dags/api_openbrewerydb.py took 0.182 seconds
[2024-10-24T00:26:47.332+0000] {processor.py:157} INFO - Started process (PID=395) to work on /opt/airflow/dags/api_openbrewerydb.py
[2024-10-24T00:26:47.333+0000] {processor.py:829} INFO - Processing file /opt/airflow/dags/api_openbrewerydb.py for tasks to queue
[2024-10-24T00:26:47.333+0000] {logging_mixin.py:151} INFO - [2024-10-24T00:26:47.333+0000] {dagbag.py:539} INFO - Filling up the DagBag from /opt/airflow/dags/api_openbrewerydb.py
[2024-10-24T00:26:47.346+0000] {processor.py:839} INFO - DAG(s) dict_keys(['dag_brewery_api']) retrieved from /opt/airflow/dags/api_openbrewerydb.py
[2024-10-24T00:26:47.373+0000] {logging_mixin.py:151} INFO - [2024-10-24T00:26:47.372+0000] {dag.py:2915} INFO - Sync 1 DAGs
[2024-10-24T00:26:47.393+0000] {logging_mixin.py:151} INFO - [2024-10-24T00:26:47.392+0000] {dag.py:3696} INFO - Setting next_dagrun for dag_brewery_api to 2024-10-23T07:00:00+00:00, run_after=2024-10-24T07:00:00+00:00
[2024-10-24T00:26:47.407+0000] {processor.py:179} INFO - Processing /opt/airflow/dags/api_openbrewerydb.py took 0.078 seconds
[2024-10-24T00:27:17.638+0000] {processor.py:157} INFO - Started process (PID=405) to work on /opt/airflow/dags/api_openbrewerydb.py
[2024-10-24T00:27:17.647+0000] {processor.py:829} INFO - Processing file /opt/airflow/dags/api_openbrewerydb.py for tasks to queue
[2024-10-24T00:27:17.649+0000] {logging_mixin.py:151} INFO - [2024-10-24T00:27:17.648+0000] {dagbag.py:539} INFO - Filling up the DagBag from /opt/airflow/dags/api_openbrewerydb.py
[2024-10-24T00:27:17.674+0000] {processor.py:839} INFO - DAG(s) dict_keys(['dag_brewery_api']) retrieved from /opt/airflow/dags/api_openbrewerydb.py
[2024-10-24T00:27:17.701+0000] {logging_mixin.py:151} INFO - [2024-10-24T00:27:17.701+0000] {dag.py:2915} INFO - Sync 1 DAGs
[2024-10-24T00:27:17.720+0000] {logging_mixin.py:151} INFO - [2024-10-24T00:27:17.720+0000] {dag.py:3696} INFO - Setting next_dagrun for dag_brewery_api to 2024-10-23T07:00:00+00:00, run_after=2024-10-24T07:00:00+00:00
[2024-10-24T00:27:17.734+0000] {processor.py:179} INFO - Processing /opt/airflow/dags/api_openbrewerydb.py took 0.106 seconds
[2024-10-24T00:27:47.913+0000] {processor.py:157} INFO - Started process (PID=415) to work on /opt/airflow/dags/api_openbrewerydb.py
[2024-10-24T00:27:47.921+0000] {processor.py:829} INFO - Processing file /opt/airflow/dags/api_openbrewerydb.py for tasks to queue
[2024-10-24T00:27:47.922+0000] {logging_mixin.py:151} INFO - [2024-10-24T00:27:47.922+0000] {dagbag.py:539} INFO - Filling up the DagBag from /opt/airflow/dags/api_openbrewerydb.py
[2024-10-24T00:27:47.932+0000] {processor.py:839} INFO - DAG(s) dict_keys(['dag_brewery_api']) retrieved from /opt/airflow/dags/api_openbrewerydb.py
[2024-10-24T00:27:47.961+0000] {logging_mixin.py:151} INFO - [2024-10-24T00:27:47.960+0000] {dag.py:2915} INFO - Sync 1 DAGs
[2024-10-24T00:27:47.981+0000] {logging_mixin.py:151} INFO - [2024-10-24T00:27:47.980+0000] {dag.py:3696} INFO - Setting next_dagrun for dag_brewery_api to 2024-10-23T07:00:00+00:00, run_after=2024-10-24T07:00:00+00:00
[2024-10-24T00:27:47.995+0000] {processor.py:179} INFO - Processing /opt/airflow/dags/api_openbrewerydb.py took 0.085 seconds
[2024-10-24T00:28:18.194+0000] {processor.py:157} INFO - Started process (PID=425) to work on /opt/airflow/dags/api_openbrewerydb.py
[2024-10-24T00:28:18.203+0000] {processor.py:829} INFO - Processing file /opt/airflow/dags/api_openbrewerydb.py for tasks to queue
[2024-10-24T00:28:18.206+0000] {logging_mixin.py:151} INFO - [2024-10-24T00:28:18.204+0000] {dagbag.py:539} INFO - Filling up the DagBag from /opt/airflow/dags/api_openbrewerydb.py
[2024-10-24T00:28:18.231+0000] {processor.py:839} INFO - DAG(s) dict_keys(['dag_brewery_api']) retrieved from /opt/airflow/dags/api_openbrewerydb.py
[2024-10-24T00:28:18.263+0000] {logging_mixin.py:151} INFO - [2024-10-24T00:28:18.263+0000] {dag.py:2915} INFO - Sync 1 DAGs
[2024-10-24T00:28:18.289+0000] {logging_mixin.py:151} INFO - [2024-10-24T00:28:18.289+0000] {dag.py:3696} INFO - Setting next_dagrun for dag_brewery_api to 2024-10-23T07:00:00+00:00, run_after=2024-10-24T07:00:00+00:00
[2024-10-24T00:28:18.309+0000] {processor.py:179} INFO - Processing /opt/airflow/dags/api_openbrewerydb.py took 0.118 seconds
[2024-10-24T00:28:48.539+0000] {processor.py:157} INFO - Started process (PID=435) to work on /opt/airflow/dags/api_openbrewerydb.py
[2024-10-24T00:28:48.548+0000] {processor.py:829} INFO - Processing file /opt/airflow/dags/api_openbrewerydb.py for tasks to queue
[2024-10-24T00:28:48.551+0000] {logging_mixin.py:151} INFO - [2024-10-24T00:28:48.550+0000] {dagbag.py:539} INFO - Filling up the DagBag from /opt/airflow/dags/api_openbrewerydb.py
[2024-10-24T00:28:48.574+0000] {processor.py:839} INFO - DAG(s) dict_keys(['dag_brewery_api']) retrieved from /opt/airflow/dags/api_openbrewerydb.py
[2024-10-24T00:28:48.600+0000] {logging_mixin.py:151} INFO - [2024-10-24T00:28:48.600+0000] {dag.py:2915} INFO - Sync 1 DAGs
[2024-10-24T00:28:48.619+0000] {logging_mixin.py:151} INFO - [2024-10-24T00:28:48.619+0000] {dag.py:3696} INFO - Setting next_dagrun for dag_brewery_api to 2024-10-23T07:00:00+00:00, run_after=2024-10-24T07:00:00+00:00
[2024-10-24T00:28:48.633+0000] {processor.py:179} INFO - Processing /opt/airflow/dags/api_openbrewerydb.py took 0.103 seconds
[2024-10-24T00:29:18.860+0000] {processor.py:157} INFO - Started process (PID=445) to work on /opt/airflow/dags/api_openbrewerydb.py
[2024-10-24T00:29:18.862+0000] {processor.py:829} INFO - Processing file /opt/airflow/dags/api_openbrewerydb.py for tasks to queue
[2024-10-24T00:29:18.865+0000] {logging_mixin.py:151} INFO - [2024-10-24T00:29:18.864+0000] {dagbag.py:539} INFO - Filling up the DagBag from /opt/airflow/dags/api_openbrewerydb.py
[2024-10-24T00:29:18.895+0000] {processor.py:839} INFO - DAG(s) dict_keys(['dag_brewery_api']) retrieved from /opt/airflow/dags/api_openbrewerydb.py
[2024-10-24T00:29:18.929+0000] {logging_mixin.py:151} INFO - [2024-10-24T00:29:18.929+0000] {dag.py:2915} INFO - Sync 1 DAGs
[2024-10-24T00:29:18.956+0000] {logging_mixin.py:151} INFO - [2024-10-24T00:29:18.956+0000] {dag.py:3696} INFO - Setting next_dagrun for dag_brewery_api to 2024-10-23T07:00:00+00:00, run_after=2024-10-24T07:00:00+00:00
[2024-10-24T00:29:18.974+0000] {processor.py:179} INFO - Processing /opt/airflow/dags/api_openbrewerydb.py took 0.125 seconds
[2024-10-24T00:29:49.199+0000] {processor.py:157} INFO - Started process (PID=455) to work on /opt/airflow/dags/api_openbrewerydb.py
[2024-10-24T00:29:49.209+0000] {processor.py:829} INFO - Processing file /opt/airflow/dags/api_openbrewerydb.py for tasks to queue
[2024-10-24T00:29:49.211+0000] {logging_mixin.py:151} INFO - [2024-10-24T00:29:49.210+0000] {dagbag.py:539} INFO - Filling up the DagBag from /opt/airflow/dags/api_openbrewerydb.py
[2024-10-24T00:29:49.236+0000] {processor.py:839} INFO - DAG(s) dict_keys(['dag_brewery_api']) retrieved from /opt/airflow/dags/api_openbrewerydb.py
[2024-10-24T00:29:49.264+0000] {logging_mixin.py:151} INFO - [2024-10-24T00:29:49.264+0000] {dag.py:2915} INFO - Sync 1 DAGs
[2024-10-24T00:29:49.283+0000] {logging_mixin.py:151} INFO - [2024-10-24T00:29:49.283+0000] {dag.py:3696} INFO - Setting next_dagrun for dag_brewery_api to 2024-10-23T07:00:00+00:00, run_after=2024-10-24T07:00:00+00:00
[2024-10-24T00:29:49.297+0000] {processor.py:179} INFO - Processing /opt/airflow/dags/api_openbrewerydb.py took 0.107 seconds
[2024-10-24T00:30:19.505+0000] {processor.py:157} INFO - Started process (PID=465) to work on /opt/airflow/dags/api_openbrewerydb.py
[2024-10-24T00:30:19.513+0000] {processor.py:829} INFO - Processing file /opt/airflow/dags/api_openbrewerydb.py for tasks to queue
[2024-10-24T00:30:19.513+0000] {logging_mixin.py:151} INFO - [2024-10-24T00:30:19.513+0000] {dagbag.py:539} INFO - Filling up the DagBag from /opt/airflow/dags/api_openbrewerydb.py
[2024-10-24T00:30:19.524+0000] {processor.py:839} INFO - DAG(s) dict_keys(['dag_brewery_api']) retrieved from /opt/airflow/dags/api_openbrewerydb.py
[2024-10-24T00:30:19.549+0000] {logging_mixin.py:151} INFO - [2024-10-24T00:30:19.549+0000] {dag.py:2915} INFO - Sync 1 DAGs
[2024-10-24T00:30:19.569+0000] {logging_mixin.py:151} INFO - [2024-10-24T00:30:19.569+0000] {dag.py:3696} INFO - Setting next_dagrun for dag_brewery_api to 2024-10-23T07:00:00+00:00, run_after=2024-10-24T07:00:00+00:00
[2024-10-24T00:30:19.584+0000] {processor.py:179} INFO - Processing /opt/airflow/dags/api_openbrewerydb.py took 0.083 seconds
[2024-10-24T00:30:49.809+0000] {processor.py:157} INFO - Started process (PID=475) to work on /opt/airflow/dags/api_openbrewerydb.py
[2024-10-24T00:30:49.811+0000] {processor.py:829} INFO - Processing file /opt/airflow/dags/api_openbrewerydb.py for tasks to queue
[2024-10-24T00:30:49.813+0000] {logging_mixin.py:151} INFO - [2024-10-24T00:30:49.812+0000] {dagbag.py:539} INFO - Filling up the DagBag from /opt/airflow/dags/api_openbrewerydb.py
[2024-10-24T00:30:49.834+0000] {processor.py:839} INFO - DAG(s) dict_keys(['dag_brewery_api']) retrieved from /opt/airflow/dags/api_openbrewerydb.py
[2024-10-24T00:30:49.861+0000] {logging_mixin.py:151} INFO - [2024-10-24T00:30:49.861+0000] {dag.py:2915} INFO - Sync 1 DAGs
[2024-10-24T00:30:49.880+0000] {logging_mixin.py:151} INFO - [2024-10-24T00:30:49.880+0000] {dag.py:3696} INFO - Setting next_dagrun for dag_brewery_api to 2024-10-23T07:00:00+00:00, run_after=2024-10-24T07:00:00+00:00
[2024-10-24T00:30:49.893+0000] {processor.py:179} INFO - Processing /opt/airflow/dags/api_openbrewerydb.py took 0.092 seconds
[2024-10-24T00:31:20.136+0000] {processor.py:157} INFO - Started process (PID=485) to work on /opt/airflow/dags/api_openbrewerydb.py
[2024-10-24T00:31:20.146+0000] {processor.py:829} INFO - Processing file /opt/airflow/dags/api_openbrewerydb.py for tasks to queue
[2024-10-24T00:31:20.148+0000] {logging_mixin.py:151} INFO - [2024-10-24T00:31:20.147+0000] {dagbag.py:539} INFO - Filling up the DagBag from /opt/airflow/dags/api_openbrewerydb.py
[2024-10-24T00:31:20.175+0000] {processor.py:839} INFO - DAG(s) dict_keys(['dag_brewery_api']) retrieved from /opt/airflow/dags/api_openbrewerydb.py
[2024-10-24T00:31:20.202+0000] {logging_mixin.py:151} INFO - [2024-10-24T00:31:20.202+0000] {dag.py:2915} INFO - Sync 1 DAGs
[2024-10-24T00:31:20.222+0000] {logging_mixin.py:151} INFO - [2024-10-24T00:31:20.221+0000] {dag.py:3696} INFO - Setting next_dagrun for dag_brewery_api to 2024-10-23T07:00:00+00:00, run_after=2024-10-24T07:00:00+00:00
[2024-10-24T00:31:20.235+0000] {processor.py:179} INFO - Processing /opt/airflow/dags/api_openbrewerydb.py took 0.107 seconds
[2024-10-24T00:31:50.461+0000] {processor.py:157} INFO - Started process (PID=495) to work on /opt/airflow/dags/api_openbrewerydb.py
[2024-10-24T00:31:50.469+0000] {processor.py:829} INFO - Processing file /opt/airflow/dags/api_openbrewerydb.py for tasks to queue
[2024-10-24T00:31:50.470+0000] {logging_mixin.py:151} INFO - [2024-10-24T00:31:50.470+0000] {dagbag.py:539} INFO - Filling up the DagBag from /opt/airflow/dags/api_openbrewerydb.py
[2024-10-24T00:31:50.486+0000] {processor.py:839} INFO - DAG(s) dict_keys(['dag_brewery_api']) retrieved from /opt/airflow/dags/api_openbrewerydb.py
[2024-10-24T00:31:50.524+0000] {logging_mixin.py:151} INFO - [2024-10-24T00:31:50.524+0000] {dag.py:2915} INFO - Sync 1 DAGs
[2024-10-24T00:31:50.543+0000] {logging_mixin.py:151} INFO - [2024-10-24T00:31:50.543+0000] {dag.py:3696} INFO - Setting next_dagrun for dag_brewery_api to 2024-10-23T07:00:00+00:00, run_after=2024-10-24T07:00:00+00:00
[2024-10-24T00:31:50.558+0000] {processor.py:179} INFO - Processing /opt/airflow/dags/api_openbrewerydb.py took 0.100 seconds
[2024-10-24T00:32:20.772+0000] {processor.py:157} INFO - Started process (PID=505) to work on /opt/airflow/dags/api_openbrewerydb.py
[2024-10-24T00:32:20.780+0000] {processor.py:829} INFO - Processing file /opt/airflow/dags/api_openbrewerydb.py for tasks to queue
[2024-10-24T00:32:20.781+0000] {logging_mixin.py:151} INFO - [2024-10-24T00:32:20.781+0000] {dagbag.py:539} INFO - Filling up the DagBag from /opt/airflow/dags/api_openbrewerydb.py
[2024-10-24T00:32:20.794+0000] {processor.py:839} INFO - DAG(s) dict_keys(['dag_brewery_api']) retrieved from /opt/airflow/dags/api_openbrewerydb.py
[2024-10-24T00:32:20.821+0000] {logging_mixin.py:151} INFO - [2024-10-24T00:32:20.820+0000] {dag.py:2915} INFO - Sync 1 DAGs
[2024-10-24T00:32:20.841+0000] {logging_mixin.py:151} INFO - [2024-10-24T00:32:20.841+0000] {dag.py:3696} INFO - Setting next_dagrun for dag_brewery_api to 2024-10-23T07:00:00+00:00, run_after=2024-10-24T07:00:00+00:00
[2024-10-24T00:32:20.855+0000] {processor.py:179} INFO - Processing /opt/airflow/dags/api_openbrewerydb.py took 0.086 seconds
[2024-10-24T00:32:51.099+0000] {processor.py:157} INFO - Started process (PID=515) to work on /opt/airflow/dags/api_openbrewerydb.py
[2024-10-24T00:32:51.101+0000] {processor.py:829} INFO - Processing file /opt/airflow/dags/api_openbrewerydb.py for tasks to queue
[2024-10-24T00:32:51.103+0000] {logging_mixin.py:151} INFO - [2024-10-24T00:32:51.102+0000] {dagbag.py:539} INFO - Filling up the DagBag from /opt/airflow/dags/api_openbrewerydb.py
[2024-10-24T00:32:51.123+0000] {processor.py:839} INFO - DAG(s) dict_keys(['dag_brewery_api']) retrieved from /opt/airflow/dags/api_openbrewerydb.py
[2024-10-24T00:32:51.151+0000] {logging_mixin.py:151} INFO - [2024-10-24T00:32:51.151+0000] {dag.py:2915} INFO - Sync 1 DAGs
[2024-10-24T00:32:51.173+0000] {logging_mixin.py:151} INFO - [2024-10-24T00:32:51.173+0000] {dag.py:3696} INFO - Setting next_dagrun for dag_brewery_api to 2024-10-23T07:00:00+00:00, run_after=2024-10-24T07:00:00+00:00
[2024-10-24T00:32:51.190+0000] {processor.py:179} INFO - Processing /opt/airflow/dags/api_openbrewerydb.py took 0.099 seconds
[2024-10-24T00:33:21.400+0000] {processor.py:157} INFO - Started process (PID=525) to work on /opt/airflow/dags/api_openbrewerydb.py
[2024-10-24T00:33:21.408+0000] {processor.py:829} INFO - Processing file /opt/airflow/dags/api_openbrewerydb.py for tasks to queue
[2024-10-24T00:33:21.409+0000] {logging_mixin.py:151} INFO - [2024-10-24T00:33:21.409+0000] {dagbag.py:539} INFO - Filling up the DagBag from /opt/airflow/dags/api_openbrewerydb.py
[2024-10-24T00:33:21.426+0000] {processor.py:839} INFO - DAG(s) dict_keys(['dag_brewery_api']) retrieved from /opt/airflow/dags/api_openbrewerydb.py
[2024-10-24T00:33:21.469+0000] {logging_mixin.py:151} INFO - [2024-10-24T00:33:21.469+0000] {dag.py:2915} INFO - Sync 1 DAGs
[2024-10-24T00:33:21.494+0000] {logging_mixin.py:151} INFO - [2024-10-24T00:33:21.494+0000] {dag.py:3696} INFO - Setting next_dagrun for dag_brewery_api to 2024-10-23T07:00:00+00:00, run_after=2024-10-24T07:00:00+00:00
[2024-10-24T00:33:21.510+0000] {processor.py:179} INFO - Processing /opt/airflow/dags/api_openbrewerydb.py took 0.114 seconds
[2024-10-24T00:33:51.707+0000] {processor.py:157} INFO - Started process (PID=535) to work on /opt/airflow/dags/api_openbrewerydb.py
[2024-10-24T00:33:51.708+0000] {processor.py:829} INFO - Processing file /opt/airflow/dags/api_openbrewerydb.py for tasks to queue
[2024-10-24T00:33:51.708+0000] {logging_mixin.py:151} INFO - [2024-10-24T00:33:51.708+0000] {dagbag.py:539} INFO - Filling up the DagBag from /opt/airflow/dags/api_openbrewerydb.py
[2024-10-24T00:33:51.719+0000] {processor.py:839} INFO - DAG(s) dict_keys(['dag_brewery_api']) retrieved from /opt/airflow/dags/api_openbrewerydb.py
[2024-10-24T00:33:51.744+0000] {logging_mixin.py:151} INFO - [2024-10-24T00:33:51.744+0000] {dag.py:2915} INFO - Sync 1 DAGs
[2024-10-24T00:33:51.764+0000] {logging_mixin.py:151} INFO - [2024-10-24T00:33:51.764+0000] {dag.py:3696} INFO - Setting next_dagrun for dag_brewery_api to 2024-10-23T07:00:00+00:00, run_after=2024-10-24T07:00:00+00:00
[2024-10-24T00:33:51.777+0000] {processor.py:179} INFO - Processing /opt/airflow/dags/api_openbrewerydb.py took 0.072 seconds
[2024-10-24T00:34:22.045+0000] {processor.py:157} INFO - Started process (PID=545) to work on /opt/airflow/dags/api_openbrewerydb.py
[2024-10-24T00:34:22.053+0000] {processor.py:829} INFO - Processing file /opt/airflow/dags/api_openbrewerydb.py for tasks to queue
[2024-10-24T00:34:22.054+0000] {logging_mixin.py:151} INFO - [2024-10-24T00:34:22.053+0000] {dagbag.py:539} INFO - Filling up the DagBag from /opt/airflow/dags/api_openbrewerydb.py
[2024-10-24T00:34:22.066+0000] {processor.py:839} INFO - DAG(s) dict_keys(['dag_brewery_api']) retrieved from /opt/airflow/dags/api_openbrewerydb.py
[2024-10-24T00:34:22.100+0000] {logging_mixin.py:151} INFO - [2024-10-24T00:34:22.100+0000] {dag.py:2915} INFO - Sync 1 DAGs
[2024-10-24T00:34:22.122+0000] {logging_mixin.py:151} INFO - [2024-10-24T00:34:22.122+0000] {dag.py:3696} INFO - Setting next_dagrun for dag_brewery_api to 2024-10-23T07:00:00+00:00, run_after=2024-10-24T07:00:00+00:00
[2024-10-24T00:34:22.136+0000] {processor.py:179} INFO - Processing /opt/airflow/dags/api_openbrewerydb.py took 0.094 seconds
[2024-10-24T00:34:52.364+0000] {processor.py:157} INFO - Started process (PID=555) to work on /opt/airflow/dags/api_openbrewerydb.py
[2024-10-24T00:34:52.372+0000] {processor.py:829} INFO - Processing file /opt/airflow/dags/api_openbrewerydb.py for tasks to queue
[2024-10-24T00:34:52.373+0000] {logging_mixin.py:151} INFO - [2024-10-24T00:34:52.373+0000] {dagbag.py:539} INFO - Filling up the DagBag from /opt/airflow/dags/api_openbrewerydb.py
[2024-10-24T00:34:52.385+0000] {processor.py:839} INFO - DAG(s) dict_keys(['dag_brewery_api']) retrieved from /opt/airflow/dags/api_openbrewerydb.py
[2024-10-24T00:34:52.413+0000] {logging_mixin.py:151} INFO - [2024-10-24T00:34:52.413+0000] {dag.py:2915} INFO - Sync 1 DAGs
[2024-10-24T00:34:52.432+0000] {logging_mixin.py:151} INFO - [2024-10-24T00:34:52.432+0000] {dag.py:3696} INFO - Setting next_dagrun for dag_brewery_api to 2024-10-23T07:00:00+00:00, run_after=2024-10-24T07:00:00+00:00
[2024-10-24T00:34:52.445+0000] {processor.py:179} INFO - Processing /opt/airflow/dags/api_openbrewerydb.py took 0.085 seconds
[2024-10-24T00:35:22.679+0000] {processor.py:157} INFO - Started process (PID=565) to work on /opt/airflow/dags/api_openbrewerydb.py
[2024-10-24T00:35:22.680+0000] {processor.py:829} INFO - Processing file /opt/airflow/dags/api_openbrewerydb.py for tasks to queue
[2024-10-24T00:35:22.681+0000] {logging_mixin.py:151} INFO - [2024-10-24T00:35:22.681+0000] {dagbag.py:539} INFO - Filling up the DagBag from /opt/airflow/dags/api_openbrewerydb.py
[2024-10-24T00:35:22.700+0000] {processor.py:839} INFO - DAG(s) dict_keys(['dag_brewery_api']) retrieved from /opt/airflow/dags/api_openbrewerydb.py
[2024-10-24T00:35:22.727+0000] {logging_mixin.py:151} INFO - [2024-10-24T00:35:22.727+0000] {dag.py:2915} INFO - Sync 1 DAGs
[2024-10-24T00:35:22.746+0000] {logging_mixin.py:151} INFO - [2024-10-24T00:35:22.746+0000] {dag.py:3696} INFO - Setting next_dagrun for dag_brewery_api to 2024-10-23T07:00:00+00:00, run_after=2024-10-24T07:00:00+00:00
[2024-10-24T00:35:22.759+0000] {processor.py:179} INFO - Processing /opt/airflow/dags/api_openbrewerydb.py took 0.085 seconds
[2024-10-24T00:35:53.015+0000] {processor.py:157} INFO - Started process (PID=575) to work on /opt/airflow/dags/api_openbrewerydb.py
[2024-10-24T00:35:53.017+0000] {processor.py:829} INFO - Processing file /opt/airflow/dags/api_openbrewerydb.py for tasks to queue
[2024-10-24T00:35:53.020+0000] {logging_mixin.py:151} INFO - [2024-10-24T00:35:53.019+0000] {dagbag.py:539} INFO - Filling up the DagBag from /opt/airflow/dags/api_openbrewerydb.py
[2024-10-24T00:35:53.044+0000] {processor.py:839} INFO - DAG(s) dict_keys(['dag_brewery_api']) retrieved from /opt/airflow/dags/api_openbrewerydb.py
[2024-10-24T00:35:53.073+0000] {logging_mixin.py:151} INFO - [2024-10-24T00:35:53.073+0000] {dag.py:2915} INFO - Sync 1 DAGs
[2024-10-24T00:35:53.095+0000] {logging_mixin.py:151} INFO - [2024-10-24T00:35:53.094+0000] {dag.py:3696} INFO - Setting next_dagrun for dag_brewery_api to 2024-10-23T07:00:00+00:00, run_after=2024-10-24T07:00:00+00:00
[2024-10-24T00:35:53.108+0000] {processor.py:179} INFO - Processing /opt/airflow/dags/api_openbrewerydb.py took 0.101 seconds
[2024-10-24T00:36:23.332+0000] {processor.py:157} INFO - Started process (PID=585) to work on /opt/airflow/dags/api_openbrewerydb.py
[2024-10-24T00:36:23.340+0000] {processor.py:829} INFO - Processing file /opt/airflow/dags/api_openbrewerydb.py for tasks to queue
[2024-10-24T00:36:23.341+0000] {logging_mixin.py:151} INFO - [2024-10-24T00:36:23.341+0000] {dagbag.py:539} INFO - Filling up the DagBag from /opt/airflow/dags/api_openbrewerydb.py
[2024-10-24T00:36:23.353+0000] {processor.py:839} INFO - DAG(s) dict_keys(['dag_brewery_api']) retrieved from /opt/airflow/dags/api_openbrewerydb.py
[2024-10-24T00:36:23.381+0000] {logging_mixin.py:151} INFO - [2024-10-24T00:36:23.381+0000] {dag.py:2915} INFO - Sync 1 DAGs
[2024-10-24T00:36:23.400+0000] {logging_mixin.py:151} INFO - [2024-10-24T00:36:23.399+0000] {dag.py:3696} INFO - Setting next_dagrun for dag_brewery_api to 2024-10-23T07:00:00+00:00, run_after=2024-10-24T07:00:00+00:00
[2024-10-24T00:36:23.414+0000] {processor.py:179} INFO - Processing /opt/airflow/dags/api_openbrewerydb.py took 0.087 seconds
[2024-10-24T00:36:53.622+0000] {processor.py:157} INFO - Started process (PID=595) to work on /opt/airflow/dags/api_openbrewerydb.py
[2024-10-24T00:36:53.623+0000] {processor.py:829} INFO - Processing file /opt/airflow/dags/api_openbrewerydb.py for tasks to queue
[2024-10-24T00:36:53.624+0000] {logging_mixin.py:151} INFO - [2024-10-24T00:36:53.623+0000] {dagbag.py:539} INFO - Filling up the DagBag from /opt/airflow/dags/api_openbrewerydb.py
[2024-10-24T00:36:53.636+0000] {processor.py:839} INFO - DAG(s) dict_keys(['dag_brewery_api']) retrieved from /opt/airflow/dags/api_openbrewerydb.py
[2024-10-24T00:36:53.667+0000] {logging_mixin.py:151} INFO - [2024-10-24T00:36:53.666+0000] {dag.py:2915} INFO - Sync 1 DAGs
[2024-10-24T00:36:53.687+0000] {logging_mixin.py:151} INFO - [2024-10-24T00:36:53.687+0000] {dag.py:3696} INFO - Setting next_dagrun for dag_brewery_api to 2024-10-23T07:00:00+00:00, run_after=2024-10-24T07:00:00+00:00
[2024-10-24T00:36:53.703+0000] {processor.py:179} INFO - Processing /opt/airflow/dags/api_openbrewerydb.py took 0.084 seconds
[2024-10-24T00:37:23.939+0000] {processor.py:157} INFO - Started process (PID=605) to work on /opt/airflow/dags/api_openbrewerydb.py
[2024-10-24T00:37:23.948+0000] {processor.py:829} INFO - Processing file /opt/airflow/dags/api_openbrewerydb.py for tasks to queue
[2024-10-24T00:37:23.949+0000] {logging_mixin.py:151} INFO - [2024-10-24T00:37:23.949+0000] {dagbag.py:539} INFO - Filling up the DagBag from /opt/airflow/dags/api_openbrewerydb.py
[2024-10-24T00:37:23.973+0000] {processor.py:839} INFO - DAG(s) dict_keys(['dag_brewery_api']) retrieved from /opt/airflow/dags/api_openbrewerydb.py
[2024-10-24T00:37:24.007+0000] {logging_mixin.py:151} INFO - [2024-10-24T00:37:24.007+0000] {dag.py:2915} INFO - Sync 1 DAGs
[2024-10-24T00:37:24.028+0000] {logging_mixin.py:151} INFO - [2024-10-24T00:37:24.028+0000] {dag.py:3696} INFO - Setting next_dagrun for dag_brewery_api to 2024-10-23T07:00:00+00:00, run_after=2024-10-24T07:00:00+00:00
[2024-10-24T00:37:24.042+0000] {processor.py:179} INFO - Processing /opt/airflow/dags/api_openbrewerydb.py took 0.106 seconds
[2024-10-24T00:37:54.266+0000] {processor.py:157} INFO - Started process (PID=615) to work on /opt/airflow/dags/api_openbrewerydb.py
[2024-10-24T00:37:54.268+0000] {processor.py:829} INFO - Processing file /opt/airflow/dags/api_openbrewerydb.py for tasks to queue
[2024-10-24T00:37:54.270+0000] {logging_mixin.py:151} INFO - [2024-10-24T00:37:54.269+0000] {dagbag.py:539} INFO - Filling up the DagBag from /opt/airflow/dags/api_openbrewerydb.py
[2024-10-24T00:37:54.289+0000] {processor.py:839} INFO - DAG(s) dict_keys(['dag_brewery_api']) retrieved from /opt/airflow/dags/api_openbrewerydb.py
[2024-10-24T00:37:54.318+0000] {logging_mixin.py:151} INFO - [2024-10-24T00:37:54.318+0000] {dag.py:2915} INFO - Sync 1 DAGs
[2024-10-24T00:37:54.337+0000] {logging_mixin.py:151} INFO - [2024-10-24T00:37:54.337+0000] {dag.py:3696} INFO - Setting next_dagrun for dag_brewery_api to 2024-10-23T07:00:00+00:00, run_after=2024-10-24T07:00:00+00:00
[2024-10-24T00:37:54.352+0000] {processor.py:179} INFO - Processing /opt/airflow/dags/api_openbrewerydb.py took 0.094 seconds
[2024-10-24T00:38:24.554+0000] {processor.py:157} INFO - Started process (PID=625) to work on /opt/airflow/dags/api_openbrewerydb.py
[2024-10-24T00:38:24.561+0000] {processor.py:829} INFO - Processing file /opt/airflow/dags/api_openbrewerydb.py for tasks to queue
[2024-10-24T00:38:24.561+0000] {logging_mixin.py:151} INFO - [2024-10-24T00:38:24.561+0000] {dagbag.py:539} INFO - Filling up the DagBag from /opt/airflow/dags/api_openbrewerydb.py
[2024-10-24T00:38:24.572+0000] {processor.py:839} INFO - DAG(s) dict_keys(['dag_brewery_api']) retrieved from /opt/airflow/dags/api_openbrewerydb.py
[2024-10-24T00:38:24.609+0000] {logging_mixin.py:151} INFO - [2024-10-24T00:38:24.609+0000] {dag.py:2915} INFO - Sync 1 DAGs
[2024-10-24T00:38:24.633+0000] {logging_mixin.py:151} INFO - [2024-10-24T00:38:24.633+0000] {dag.py:3696} INFO - Setting next_dagrun for dag_brewery_api to 2024-10-23T07:00:00+00:00, run_after=2024-10-24T07:00:00+00:00
[2024-10-24T00:38:24.648+0000] {processor.py:179} INFO - Processing /opt/airflow/dags/api_openbrewerydb.py took 0.097 seconds
[2024-10-24T00:38:54.843+0000] {processor.py:157} INFO - Started process (PID=635) to work on /opt/airflow/dags/api_openbrewerydb.py
[2024-10-24T00:38:54.851+0000] {processor.py:829} INFO - Processing file /opt/airflow/dags/api_openbrewerydb.py for tasks to queue
[2024-10-24T00:38:54.853+0000] {logging_mixin.py:151} INFO - [2024-10-24T00:38:54.852+0000] {dagbag.py:539} INFO - Filling up the DagBag from /opt/airflow/dags/api_openbrewerydb.py
[2024-10-24T00:38:54.875+0000] {processor.py:839} INFO - DAG(s) dict_keys(['dag_brewery_api']) retrieved from /opt/airflow/dags/api_openbrewerydb.py
[2024-10-24T00:38:54.910+0000] {logging_mixin.py:151} INFO - [2024-10-24T00:38:54.910+0000] {dag.py:2915} INFO - Sync 1 DAGs
[2024-10-24T00:38:54.929+0000] {logging_mixin.py:151} INFO - [2024-10-24T00:38:54.929+0000] {dag.py:3696} INFO - Setting next_dagrun for dag_brewery_api to 2024-10-23T07:00:00+00:00, run_after=2024-10-24T07:00:00+00:00
[2024-10-24T00:38:54.943+0000] {processor.py:179} INFO - Processing /opt/airflow/dags/api_openbrewerydb.py took 0.103 seconds
[2024-10-24T00:39:25.179+0000] {processor.py:157} INFO - Started process (PID=645) to work on /opt/airflow/dags/api_openbrewerydb.py
[2024-10-24T00:39:25.189+0000] {processor.py:829} INFO - Processing file /opt/airflow/dags/api_openbrewerydb.py for tasks to queue
[2024-10-24T00:39:25.191+0000] {logging_mixin.py:151} INFO - [2024-10-24T00:39:25.190+0000] {dagbag.py:539} INFO - Filling up the DagBag from /opt/airflow/dags/api_openbrewerydb.py
[2024-10-24T00:39:25.207+0000] {processor.py:839} INFO - DAG(s) dict_keys(['dag_brewery_api']) retrieved from /opt/airflow/dags/api_openbrewerydb.py
[2024-10-24T00:39:25.234+0000] {logging_mixin.py:151} INFO - [2024-10-24T00:39:25.234+0000] {dag.py:2915} INFO - Sync 1 DAGs
[2024-10-24T00:39:25.254+0000] {logging_mixin.py:151} INFO - [2024-10-24T00:39:25.253+0000] {dag.py:3696} INFO - Setting next_dagrun for dag_brewery_api to 2024-10-23T07:00:00+00:00, run_after=2024-10-24T07:00:00+00:00
[2024-10-24T00:39:25.270+0000] {processor.py:179} INFO - Processing /opt/airflow/dags/api_openbrewerydb.py took 0.103 seconds
[2024-10-24T00:39:55.515+0000] {processor.py:157} INFO - Started process (PID=655) to work on /opt/airflow/dags/api_openbrewerydb.py
[2024-10-24T00:39:55.524+0000] {processor.py:829} INFO - Processing file /opt/airflow/dags/api_openbrewerydb.py for tasks to queue
[2024-10-24T00:39:55.525+0000] {logging_mixin.py:151} INFO - [2024-10-24T00:39:55.525+0000] {dagbag.py:539} INFO - Filling up the DagBag from /opt/airflow/dags/api_openbrewerydb.py
[2024-10-24T00:39:55.544+0000] {processor.py:839} INFO - DAG(s) dict_keys(['dag_brewery_api']) retrieved from /opt/airflow/dags/api_openbrewerydb.py
[2024-10-24T00:39:55.571+0000] {logging_mixin.py:151} INFO - [2024-10-24T00:39:55.570+0000] {dag.py:2915} INFO - Sync 1 DAGs
[2024-10-24T00:39:55.591+0000] {logging_mixin.py:151} INFO - [2024-10-24T00:39:55.591+0000] {dag.py:3696} INFO - Setting next_dagrun for dag_brewery_api to 2024-10-23T07:00:00+00:00, run_after=2024-10-24T07:00:00+00:00
[2024-10-24T00:39:55.605+0000] {processor.py:179} INFO - Processing /opt/airflow/dags/api_openbrewerydb.py took 0.099 seconds
[2024-10-24T00:40:25.749+0000] {processor.py:157} INFO - Started process (PID=665) to work on /opt/airflow/dags/api_openbrewerydb.py
[2024-10-24T00:40:25.750+0000] {processor.py:829} INFO - Processing file /opt/airflow/dags/api_openbrewerydb.py for tasks to queue
[2024-10-24T00:40:25.751+0000] {logging_mixin.py:151} INFO - [2024-10-24T00:40:25.751+0000] {dagbag.py:539} INFO - Filling up the DagBag from /opt/airflow/dags/api_openbrewerydb.py
[2024-10-24T00:40:25.765+0000] {processor.py:839} INFO - DAG(s) dict_keys(['dag_brewery_api']) retrieved from /opt/airflow/dags/api_openbrewerydb.py
[2024-10-24T00:40:25.796+0000] {logging_mixin.py:151} INFO - [2024-10-24T00:40:25.796+0000] {dag.py:2915} INFO - Sync 1 DAGs
[2024-10-24T00:40:25.824+0000] {logging_mixin.py:151} INFO - [2024-10-24T00:40:25.823+0000] {dag.py:3696} INFO - Setting next_dagrun for dag_brewery_api to 2024-10-23T07:00:00+00:00, run_after=2024-10-24T07:00:00+00:00
[2024-10-24T00:40:25.845+0000] {processor.py:179} INFO - Processing /opt/airflow/dags/api_openbrewerydb.py took 0.099 seconds
[2024-10-24T00:40:56.089+0000] {processor.py:157} INFO - Started process (PID=675) to work on /opt/airflow/dags/api_openbrewerydb.py
[2024-10-24T00:40:56.091+0000] {processor.py:829} INFO - Processing file /opt/airflow/dags/api_openbrewerydb.py for tasks to queue
[2024-10-24T00:40:56.093+0000] {logging_mixin.py:151} INFO - [2024-10-24T00:40:56.092+0000] {dagbag.py:539} INFO - Filling up the DagBag from /opt/airflow/dags/api_openbrewerydb.py
[2024-10-24T00:40:56.116+0000] {processor.py:839} INFO - DAG(s) dict_keys(['dag_brewery_api']) retrieved from /opt/airflow/dags/api_openbrewerydb.py
[2024-10-24T00:40:56.145+0000] {logging_mixin.py:151} INFO - [2024-10-24T00:40:56.144+0000] {dag.py:2915} INFO - Sync 1 DAGs
[2024-10-24T00:40:56.165+0000] {logging_mixin.py:151} INFO - [2024-10-24T00:40:56.165+0000] {dag.py:3696} INFO - Setting next_dagrun for dag_brewery_api to 2024-10-23T07:00:00+00:00, run_after=2024-10-24T07:00:00+00:00
[2024-10-24T00:40:56.180+0000] {processor.py:179} INFO - Processing /opt/airflow/dags/api_openbrewerydb.py took 0.101 seconds
[2024-10-24T00:41:26.453+0000] {processor.py:157} INFO - Started process (PID=687) to work on /opt/airflow/dags/api_openbrewerydb.py
[2024-10-24T00:41:26.454+0000] {processor.py:829} INFO - Processing file /opt/airflow/dags/api_openbrewerydb.py for tasks to queue
[2024-10-24T00:41:26.455+0000] {logging_mixin.py:151} INFO - [2024-10-24T00:41:26.455+0000] {dagbag.py:539} INFO - Filling up the DagBag from /opt/airflow/dags/api_openbrewerydb.py
[2024-10-24T00:41:26.471+0000] {processor.py:839} INFO - DAG(s) dict_keys(['dag_brewery_api']) retrieved from /opt/airflow/dags/api_openbrewerydb.py
[2024-10-24T00:41:26.502+0000] {logging_mixin.py:151} INFO - [2024-10-24T00:41:26.502+0000] {dag.py:2915} INFO - Sync 1 DAGs
[2024-10-24T00:41:26.525+0000] {logging_mixin.py:151} INFO - [2024-10-24T00:41:26.525+0000] {dag.py:3696} INFO - Setting next_dagrun for dag_brewery_api to 2024-10-23T07:00:00+00:00, run_after=2024-10-24T07:00:00+00:00
[2024-10-24T00:41:26.542+0000] {processor.py:179} INFO - Processing /opt/airflow/dags/api_openbrewerydb.py took 0.094 seconds
[2024-10-24T00:41:56.762+0000] {processor.py:157} INFO - Started process (PID=697) to work on /opt/airflow/dags/api_openbrewerydb.py
[2024-10-24T00:41:56.770+0000] {processor.py:829} INFO - Processing file /opt/airflow/dags/api_openbrewerydb.py for tasks to queue
[2024-10-24T00:41:56.772+0000] {logging_mixin.py:151} INFO - [2024-10-24T00:41:56.772+0000] {dagbag.py:539} INFO - Filling up the DagBag from /opt/airflow/dags/api_openbrewerydb.py
[2024-10-24T00:41:56.793+0000] {processor.py:839} INFO - DAG(s) dict_keys(['dag_brewery_api']) retrieved from /opt/airflow/dags/api_openbrewerydb.py
[2024-10-24T00:41:56.827+0000] {logging_mixin.py:151} INFO - [2024-10-24T00:41:56.827+0000] {dag.py:2915} INFO - Sync 1 DAGs
[2024-10-24T00:41:56.849+0000] {logging_mixin.py:151} INFO - [2024-10-24T00:41:56.849+0000] {dag.py:3696} INFO - Setting next_dagrun for dag_brewery_api to 2024-10-23T07:00:00+00:00, run_after=2024-10-24T07:00:00+00:00
[2024-10-24T00:41:56.867+0000] {processor.py:179} INFO - Processing /opt/airflow/dags/api_openbrewerydb.py took 0.113 seconds
[2024-10-24T00:42:27.088+0000] {processor.py:157} INFO - Started process (PID=707) to work on /opt/airflow/dags/api_openbrewerydb.py
[2024-10-24T00:42:27.090+0000] {processor.py:829} INFO - Processing file /opt/airflow/dags/api_openbrewerydb.py for tasks to queue
[2024-10-24T00:42:27.092+0000] {logging_mixin.py:151} INFO - [2024-10-24T00:42:27.091+0000] {dagbag.py:539} INFO - Filling up the DagBag from /opt/airflow/dags/api_openbrewerydb.py
[2024-10-24T00:42:27.116+0000] {processor.py:839} INFO - DAG(s) dict_keys(['dag_brewery_api']) retrieved from /opt/airflow/dags/api_openbrewerydb.py
[2024-10-24T00:42:27.143+0000] {logging_mixin.py:151} INFO - [2024-10-24T00:42:27.143+0000] {dag.py:2915} INFO - Sync 1 DAGs
[2024-10-24T00:42:27.162+0000] {logging_mixin.py:151} INFO - [2024-10-24T00:42:27.162+0000] {dag.py:3696} INFO - Setting next_dagrun for dag_brewery_api to 2024-10-23T07:00:00+00:00, run_after=2024-10-24T07:00:00+00:00
[2024-10-24T00:42:27.177+0000] {processor.py:179} INFO - Processing /opt/airflow/dags/api_openbrewerydb.py took 0.097 seconds
[2024-10-24T00:43:49.078+0000] {processor.py:157} INFO - Started process (PID=172) to work on /opt/airflow/dags/api_openbrewerydb.py
[2024-10-24T00:43:49.079+0000] {processor.py:829} INFO - Processing file /opt/airflow/dags/api_openbrewerydb.py for tasks to queue
[2024-10-24T00:43:49.080+0000] {logging_mixin.py:151} INFO - [2024-10-24T00:43:49.079+0000] {dagbag.py:539} INFO - Filling up the DagBag from /opt/airflow/dags/api_openbrewerydb.py
[2024-10-24T00:43:49.099+0000] {processor.py:839} INFO - DAG(s) dict_keys(['dag_brewery_api']) retrieved from /opt/airflow/dags/api_openbrewerydb.py
[2024-10-24T00:43:49.150+0000] {logging_mixin.py:151} INFO - [2024-10-24T00:43:49.150+0000] {dag.py:2915} INFO - Sync 1 DAGs
[2024-10-24T00:43:49.180+0000] {logging_mixin.py:151} INFO - [2024-10-24T00:43:49.180+0000] {dag.py:3696} INFO - Setting next_dagrun for dag_brewery_api to 2024-10-23T07:00:00+00:00, run_after=2024-10-24T07:00:00+00:00
[2024-10-24T00:43:49.200+0000] {processor.py:179} INFO - Processing /opt/airflow/dags/api_openbrewerydb.py took 0.125 seconds
[2024-10-24T00:44:19.325+0000] {processor.py:157} INFO - Started process (PID=183) to work on /opt/airflow/dags/api_openbrewerydb.py
[2024-10-24T00:44:19.326+0000] {processor.py:829} INFO - Processing file /opt/airflow/dags/api_openbrewerydb.py for tasks to queue
[2024-10-24T00:44:19.326+0000] {logging_mixin.py:151} INFO - [2024-10-24T00:44:19.326+0000] {dagbag.py:539} INFO - Filling up the DagBag from /opt/airflow/dags/api_openbrewerydb.py
[2024-10-24T00:44:19.339+0000] {processor.py:839} INFO - DAG(s) dict_keys(['dag_brewery_api']) retrieved from /opt/airflow/dags/api_openbrewerydb.py
[2024-10-24T00:44:19.369+0000] {logging_mixin.py:151} INFO - [2024-10-24T00:44:19.369+0000] {dag.py:2915} INFO - Sync 1 DAGs
[2024-10-24T00:44:19.390+0000] {logging_mixin.py:151} INFO - [2024-10-24T00:44:19.389+0000] {dag.py:3696} INFO - Setting next_dagrun for dag_brewery_api to 2024-10-23T07:00:00+00:00, run_after=2024-10-24T07:00:00+00:00
[2024-10-24T00:44:19.406+0000] {processor.py:179} INFO - Processing /opt/airflow/dags/api_openbrewerydb.py took 0.083 seconds
[2024-10-24T00:45:29.891+0000] {processor.py:157} INFO - Started process (PID=172) to work on /opt/airflow/dags/api_openbrewerydb.py
[2024-10-24T00:45:29.893+0000] {processor.py:829} INFO - Processing file /opt/airflow/dags/api_openbrewerydb.py for tasks to queue
[2024-10-24T00:45:29.894+0000] {logging_mixin.py:151} INFO - [2024-10-24T00:45:29.893+0000] {dagbag.py:539} INFO - Filling up the DagBag from /opt/airflow/dags/api_openbrewerydb.py
[2024-10-24T00:45:29.918+0000] {processor.py:839} INFO - DAG(s) dict_keys(['dag_brewery_api']) retrieved from /opt/airflow/dags/api_openbrewerydb.py
[2024-10-24T00:45:30.002+0000] {logging_mixin.py:151} INFO - [2024-10-24T00:45:30.001+0000] {dag.py:2915} INFO - Sync 1 DAGs
[2024-10-24T00:45:30.053+0000] {logging_mixin.py:151} INFO - [2024-10-24T00:45:30.053+0000] {dag.py:3696} INFO - Setting next_dagrun for dag_brewery_api to 2024-10-23T07:00:00+00:00, run_after=2024-10-24T07:00:00+00:00
[2024-10-24T00:45:30.083+0000] {processor.py:179} INFO - Processing /opt/airflow/dags/api_openbrewerydb.py took 0.197 seconds
[2024-10-24T00:46:00.333+0000] {processor.py:157} INFO - Started process (PID=183) to work on /opt/airflow/dags/api_openbrewerydb.py
[2024-10-24T00:46:00.334+0000] {processor.py:829} INFO - Processing file /opt/airflow/dags/api_openbrewerydb.py for tasks to queue
[2024-10-24T00:46:00.335+0000] {logging_mixin.py:151} INFO - [2024-10-24T00:46:00.334+0000] {dagbag.py:539} INFO - Filling up the DagBag from /opt/airflow/dags/api_openbrewerydb.py
[2024-10-24T00:46:00.346+0000] {processor.py:839} INFO - DAG(s) dict_keys(['dag_brewery_api']) retrieved from /opt/airflow/dags/api_openbrewerydb.py
[2024-10-24T00:46:00.371+0000] {logging_mixin.py:151} INFO - [2024-10-24T00:46:00.371+0000] {dag.py:2915} INFO - Sync 1 DAGs
[2024-10-24T00:46:00.392+0000] {logging_mixin.py:151} INFO - [2024-10-24T00:46:00.392+0000] {dag.py:3696} INFO - Setting next_dagrun for dag_brewery_api to 2024-10-23T07:00:00+00:00, run_after=2024-10-24T07:00:00+00:00
[2024-10-24T00:46:00.407+0000] {processor.py:179} INFO - Processing /opt/airflow/dags/api_openbrewerydb.py took 0.078 seconds
[2024-10-24T00:46:30.661+0000] {processor.py:157} INFO - Started process (PID=195) to work on /opt/airflow/dags/api_openbrewerydb.py
[2024-10-24T00:46:30.663+0000] {processor.py:829} INFO - Processing file /opt/airflow/dags/api_openbrewerydb.py for tasks to queue
[2024-10-24T00:46:30.665+0000] {logging_mixin.py:151} INFO - [2024-10-24T00:46:30.664+0000] {dagbag.py:539} INFO - Filling up the DagBag from /opt/airflow/dags/api_openbrewerydb.py
[2024-10-24T00:46:30.680+0000] {processor.py:839} INFO - DAG(s) dict_keys(['dag_brewery_api']) retrieved from /opt/airflow/dags/api_openbrewerydb.py
[2024-10-24T00:46:30.709+0000] {logging_mixin.py:151} INFO - [2024-10-24T00:46:30.708+0000] {dag.py:2915} INFO - Sync 1 DAGs
[2024-10-24T00:46:30.729+0000] {logging_mixin.py:151} INFO - [2024-10-24T00:46:30.729+0000] {dag.py:3696} INFO - Setting next_dagrun for dag_brewery_api to 2024-10-23T07:00:00+00:00, run_after=2024-10-24T07:00:00+00:00
[2024-10-24T00:46:30.744+0000] {processor.py:179} INFO - Processing /opt/airflow/dags/api_openbrewerydb.py took 0.091 seconds
[2024-10-24T00:47:00.995+0000] {processor.py:157} INFO - Started process (PID=205) to work on /opt/airflow/dags/api_openbrewerydb.py
[2024-10-24T00:47:01.003+0000] {processor.py:829} INFO - Processing file /opt/airflow/dags/api_openbrewerydb.py for tasks to queue
[2024-10-24T00:47:01.004+0000] {logging_mixin.py:151} INFO - [2024-10-24T00:47:01.004+0000] {dagbag.py:539} INFO - Filling up the DagBag from /opt/airflow/dags/api_openbrewerydb.py
[2024-10-24T00:47:01.020+0000] {processor.py:839} INFO - DAG(s) dict_keys(['dag_brewery_api']) retrieved from /opt/airflow/dags/api_openbrewerydb.py
[2024-10-24T00:47:01.053+0000] {logging_mixin.py:151} INFO - [2024-10-24T00:47:01.053+0000] {dag.py:2915} INFO - Sync 1 DAGs
[2024-10-24T00:47:01.076+0000] {logging_mixin.py:151} INFO - [2024-10-24T00:47:01.076+0000] {dag.py:3696} INFO - Setting next_dagrun for dag_brewery_api to 2024-10-23T07:00:00+00:00, run_after=2024-10-24T07:00:00+00:00
[2024-10-24T00:47:01.092+0000] {processor.py:179} INFO - Processing /opt/airflow/dags/api_openbrewerydb.py took 0.104 seconds
[2024-10-24T00:47:31.239+0000] {processor.py:157} INFO - Started process (PID=215) to work on /opt/airflow/dags/api_openbrewerydb.py
[2024-10-24T00:47:31.241+0000] {processor.py:829} INFO - Processing file /opt/airflow/dags/api_openbrewerydb.py for tasks to queue
[2024-10-24T00:47:31.242+0000] {logging_mixin.py:151} INFO - [2024-10-24T00:47:31.242+0000] {dagbag.py:539} INFO - Filling up the DagBag from /opt/airflow/dags/api_openbrewerydb.py
[2024-10-24T00:47:31.271+0000] {processor.py:839} INFO - DAG(s) dict_keys(['dag_brewery_api']) retrieved from /opt/airflow/dags/api_openbrewerydb.py
[2024-10-24T00:47:31.299+0000] {logging_mixin.py:151} INFO - [2024-10-24T00:47:31.299+0000] {dag.py:2915} INFO - Sync 1 DAGs
[2024-10-24T00:47:31.320+0000] {logging_mixin.py:151} INFO - [2024-10-24T00:47:31.320+0000] {dag.py:3696} INFO - Setting next_dagrun for dag_brewery_api to 2024-10-23T07:00:00+00:00, run_after=2024-10-24T07:00:00+00:00
[2024-10-24T00:47:31.334+0000] {processor.py:179} INFO - Processing /opt/airflow/dags/api_openbrewerydb.py took 0.101 seconds
[2024-10-24T00:47:51.496+0000] {processor.py:157} INFO - Started process (PID=225) to work on /opt/airflow/dags/api_openbrewerydb.py
[2024-10-24T00:47:51.504+0000] {processor.py:829} INFO - Processing file /opt/airflow/dags/api_openbrewerydb.py for tasks to queue
[2024-10-24T00:47:51.505+0000] {logging_mixin.py:151} INFO - [2024-10-24T00:47:51.505+0000] {dagbag.py:539} INFO - Filling up the DagBag from /opt/airflow/dags/api_openbrewerydb.py
[2024-10-24T00:47:51.517+0000] {processor.py:839} INFO - DAG(s) dict_keys(['dag_brewery_api']) retrieved from /opt/airflow/dags/api_openbrewerydb.py
[2024-10-24T00:47:51.547+0000] {logging_mixin.py:151} INFO - [2024-10-24T00:47:51.547+0000] {dag.py:2915} INFO - Sync 1 DAGs
[2024-10-24T00:47:51.567+0000] {logging_mixin.py:151} INFO - [2024-10-24T00:47:51.567+0000] {dag.py:3696} INFO - Setting next_dagrun for dag_brewery_api to 2024-10-23T07:00:00+00:00, run_after=2024-10-24T07:00:00+00:00
[2024-10-24T00:47:51.581+0000] {processor.py:179} INFO - Processing /opt/airflow/dags/api_openbrewerydb.py took 0.089 seconds
[2024-10-24T00:48:21.811+0000] {processor.py:157} INFO - Started process (PID=237) to work on /opt/airflow/dags/api_openbrewerydb.py
[2024-10-24T00:48:21.819+0000] {processor.py:829} INFO - Processing file /opt/airflow/dags/api_openbrewerydb.py for tasks to queue
[2024-10-24T00:48:21.820+0000] {logging_mixin.py:151} INFO - [2024-10-24T00:48:21.820+0000] {dagbag.py:539} INFO - Filling up the DagBag from /opt/airflow/dags/api_openbrewerydb.py
[2024-10-24T00:48:21.837+0000] {processor.py:839} INFO - DAG(s) dict_keys(['dag_brewery_api']) retrieved from /opt/airflow/dags/api_openbrewerydb.py
[2024-10-24T00:48:21.865+0000] {logging_mixin.py:151} INFO - [2024-10-24T00:48:21.865+0000] {dag.py:2915} INFO - Sync 1 DAGs
[2024-10-24T00:48:21.888+0000] {logging_mixin.py:151} INFO - [2024-10-24T00:48:21.888+0000] {dag.py:3696} INFO - Setting next_dagrun for dag_brewery_api to 2024-10-23T07:00:00+00:00, run_after=2024-10-24T07:00:00+00:00
[2024-10-24T00:48:21.904+0000] {processor.py:179} INFO - Processing /opt/airflow/dags/api_openbrewerydb.py took 0.097 seconds
[2024-10-24T00:48:52.139+0000] {processor.py:157} INFO - Started process (PID=247) to work on /opt/airflow/dags/api_openbrewerydb.py
[2024-10-24T00:48:52.140+0000] {processor.py:829} INFO - Processing file /opt/airflow/dags/api_openbrewerydb.py for tasks to queue
[2024-10-24T00:48:52.141+0000] {logging_mixin.py:151} INFO - [2024-10-24T00:48:52.140+0000] {dagbag.py:539} INFO - Filling up the DagBag from /opt/airflow/dags/api_openbrewerydb.py
[2024-10-24T00:48:52.152+0000] {processor.py:839} INFO - DAG(s) dict_keys(['dag_brewery_api']) retrieved from /opt/airflow/dags/api_openbrewerydb.py
[2024-10-24T00:48:52.178+0000] {logging_mixin.py:151} INFO - [2024-10-24T00:48:52.178+0000] {dag.py:2915} INFO - Sync 1 DAGs
[2024-10-24T00:48:52.197+0000] {logging_mixin.py:151} INFO - [2024-10-24T00:48:52.197+0000] {dag.py:3696} INFO - Setting next_dagrun for dag_brewery_api to 2024-10-23T07:00:00+00:00, run_after=2024-10-24T07:00:00+00:00
[2024-10-24T00:48:52.211+0000] {processor.py:179} INFO - Processing /opt/airflow/dags/api_openbrewerydb.py took 0.074 seconds
[2024-10-24T00:49:22.425+0000] {processor.py:157} INFO - Started process (PID=257) to work on /opt/airflow/dags/api_openbrewerydb.py
[2024-10-24T00:49:22.426+0000] {processor.py:829} INFO - Processing file /opt/airflow/dags/api_openbrewerydb.py for tasks to queue
[2024-10-24T00:49:22.427+0000] {logging_mixin.py:151} INFO - [2024-10-24T00:49:22.426+0000] {dagbag.py:539} INFO - Filling up the DagBag from /opt/airflow/dags/api_openbrewerydb.py
[2024-10-24T00:49:22.440+0000] {processor.py:839} INFO - DAG(s) dict_keys(['dag_brewery_api']) retrieved from /opt/airflow/dags/api_openbrewerydb.py
[2024-10-24T00:49:22.475+0000] {logging_mixin.py:151} INFO - [2024-10-24T00:49:22.475+0000] {dag.py:2915} INFO - Sync 1 DAGs
[2024-10-24T00:49:22.504+0000] {logging_mixin.py:151} INFO - [2024-10-24T00:49:22.504+0000] {dag.py:3696} INFO - Setting next_dagrun for dag_brewery_api to 2024-10-23T07:00:00+00:00, run_after=2024-10-24T07:00:00+00:00
[2024-10-24T00:49:22.522+0000] {processor.py:179} INFO - Processing /opt/airflow/dags/api_openbrewerydb.py took 0.102 seconds
[2024-10-24T00:49:43.684+0000] {processor.py:157} INFO - Started process (PID=267) to work on /opt/airflow/dags/api_openbrewerydb.py
[2024-10-24T00:49:43.684+0000] {processor.py:829} INFO - Processing file /opt/airflow/dags/api_openbrewerydb.py for tasks to queue
[2024-10-24T00:49:43.685+0000] {logging_mixin.py:151} INFO - [2024-10-24T00:49:43.685+0000] {dagbag.py:539} INFO - Filling up the DagBag from /opt/airflow/dags/api_openbrewerydb.py
[2024-10-24T00:49:43.699+0000] {processor.py:839} INFO - DAG(s) dict_keys(['consume_brewery_api']) retrieved from /opt/airflow/dags/api_openbrewerydb.py
[2024-10-24T00:49:43.811+0000] {logging_mixin.py:151} INFO - [2024-10-24T00:49:43.811+0000] {manager.py:499} INFO - Created Permission View: %s
[2024-10-24T00:49:43.819+0000] {logging_mixin.py:151} INFO - [2024-10-24T00:49:43.818+0000] {manager.py:499} INFO - Created Permission View: %s
[2024-10-24T00:49:43.824+0000] {logging_mixin.py:151} INFO - [2024-10-24T00:49:43.823+0000] {manager.py:499} INFO - Created Permission View: %s
[2024-10-24T00:49:43.824+0000] {logging_mixin.py:151} INFO - [2024-10-24T00:49:43.824+0000] {security.py:708} INFO - Not syncing DAG-level permissions for DAG 'DAG:consume_brewery_api' as access control is unset.
[2024-10-24T00:49:43.824+0000] {logging_mixin.py:151} INFO - [2024-10-24T00:49:43.824+0000] {dag.py:2915} INFO - Sync 1 DAGs
[2024-10-24T00:49:43.833+0000] {logging_mixin.py:151} INFO - [2024-10-24T00:49:43.832+0000] {dag.py:2937} INFO - Creating ORM DAG for consume_brewery_api
[2024-10-24T00:49:43.843+0000] {logging_mixin.py:151} INFO - [2024-10-24T00:49:43.843+0000] {dag.py:3696} INFO - Setting next_dagrun for consume_brewery_api to 2024-10-22T07:00:00+00:00, run_after=2024-10-23T07:00:00+00:00
[2024-10-24T00:49:43.856+0000] {processor.py:179} INFO - Processing /opt/airflow/dags/api_openbrewerydb.py took 0.175 seconds
[2024-10-24T00:50:01.989+0000] {processor.py:157} INFO - Started process (PID=272) to work on /opt/airflow/dags/api_openbrewerydb.py
[2024-10-24T00:50:01.990+0000] {processor.py:829} INFO - Processing file /opt/airflow/dags/api_openbrewerydb.py for tasks to queue
[2024-10-24T00:50:01.991+0000] {logging_mixin.py:151} INFO - [2024-10-24T00:50:01.991+0000] {dagbag.py:539} INFO - Filling up the DagBag from /opt/airflow/dags/api_openbrewerydb.py
[2024-10-24T00:50:02.005+0000] {processor.py:839} INFO - DAG(s) dict_keys(['consume_brewery_api']) retrieved from /opt/airflow/dags/api_openbrewerydb.py
[2024-10-24T00:50:02.022+0000] {logging_mixin.py:151} INFO - [2024-10-24T00:50:02.022+0000] {dag.py:2915} INFO - Sync 1 DAGs
[2024-10-24T00:50:02.048+0000] {logging_mixin.py:151} INFO - [2024-10-24T00:50:02.048+0000] {dag.py:3696} INFO - Setting next_dagrun for consume_brewery_api to 2024-10-22T07:00:00+00:00, run_after=2024-10-23T07:00:00+00:00
[2024-10-24T00:50:02.066+0000] {processor.py:179} INFO - Processing /opt/airflow/dags/api_openbrewerydb.py took 0.080 seconds
[2024-10-24T00:50:32.294+0000] {processor.py:157} INFO - Started process (PID=286) to work on /opt/airflow/dags/api_openbrewerydb.py
[2024-10-24T00:50:32.296+0000] {processor.py:829} INFO - Processing file /opt/airflow/dags/api_openbrewerydb.py for tasks to queue
[2024-10-24T00:50:32.298+0000] {logging_mixin.py:151} INFO - [2024-10-24T00:50:32.297+0000] {dagbag.py:539} INFO - Filling up the DagBag from /opt/airflow/dags/api_openbrewerydb.py
[2024-10-24T00:50:32.320+0000] {processor.py:839} INFO - DAG(s) dict_keys(['consume_brewery_api']) retrieved from /opt/airflow/dags/api_openbrewerydb.py
[2024-10-24T00:50:32.347+0000] {logging_mixin.py:151} INFO - [2024-10-24T00:50:32.346+0000] {dag.py:2915} INFO - Sync 1 DAGs
[2024-10-24T00:50:32.367+0000] {logging_mixin.py:151} INFO - [2024-10-24T00:50:32.366+0000] {dag.py:3696} INFO - Setting next_dagrun for consume_brewery_api to 2024-10-23T07:00:00+00:00, run_after=2024-10-24T07:00:00+00:00
[2024-10-24T00:50:32.381+0000] {processor.py:179} INFO - Processing /opt/airflow/dags/api_openbrewerydb.py took 0.095 seconds
