[2024-10-24T01:06:19.754+0000] {processor.py:157} INFO - Started process (PID=173) to work on /opt/airflow/dags/api_openbrewerydb_to_silver.py
[2024-10-24T01:06:19.755+0000] {processor.py:829} INFO - Processing file /opt/airflow/dags/api_openbrewerydb_to_silver.py for tasks to queue
[2024-10-24T01:06:19.756+0000] {logging_mixin.py:151} INFO - [2024-10-24T01:06:19.756+0000] {dagbag.py:539} INFO - Filling up the DagBag from /opt/airflow/dags/api_openbrewerydb_to_silver.py
[2024-10-24T01:06:19.767+0000] {logging_mixin.py:151} INFO - [2024-10-24T01:06:19.765+0000] {dagbag.py:347} ERROR - Failed to import: /opt/airflow/dags/api_openbrewerydb_to_silver.py
Traceback (most recent call last):
  File "/home/airflow/.local/lib/python3.11/site-packages/airflow/models/dagbag.py", line 343, in parse
    loader.exec_module(new_module)
  File "<frozen importlib._bootstrap_external>", line 940, in exec_module
  File "<frozen importlib._bootstrap>", line 241, in _call_with_frames_removed
  File "/opt/airflow/dags/api_openbrewerydb_to_silver.py", line 24, in <module>
    gold = PythonOperator(
           ^^^^^^^^^^^^^^^
  File "/home/airflow/.local/lib/python3.11/site-packages/airflow/models/baseoperator.py", line 420, in apply_defaults
    raise AirflowException(f"missing keyword argument {missing_args.pop()!r}")
airflow.exceptions.AirflowException: missing keyword argument 'python_callable'
[2024-10-24T01:06:19.768+0000] {processor.py:841} WARNING - No viable dags retrieved from /opt/airflow/dags/api_openbrewerydb_to_silver.py
[2024-10-24T01:06:19.799+0000] {processor.py:179} INFO - Processing /opt/airflow/dags/api_openbrewerydb_to_silver.py took 0.047 seconds
[2024-10-24T01:06:25.872+0000] {processor.py:157} INFO - Started process (PID=184) to work on /opt/airflow/dags/api_openbrewerydb_to_silver.py
[2024-10-24T01:06:25.872+0000] {processor.py:829} INFO - Processing file /opt/airflow/dags/api_openbrewerydb_to_silver.py for tasks to queue
[2024-10-24T01:06:25.873+0000] {logging_mixin.py:151} INFO - [2024-10-24T01:06:25.873+0000] {dagbag.py:539} INFO - Filling up the DagBag from /opt/airflow/dags/api_openbrewerydb_to_silver.py
[2024-10-24T01:06:25.885+0000] {processor.py:839} INFO - DAG(s) dict_keys(['Ingestion']) retrieved from /opt/airflow/dags/api_openbrewerydb_to_silver.py
[2024-10-24T01:06:25.979+0000] {logging_mixin.py:151} INFO - [2024-10-24T01:06:25.979+0000] {security.py:708} INFO - Not syncing DAG-level permissions for DAG 'DAG:Ingestion' as access control is unset.
[2024-10-24T01:06:25.979+0000] {logging_mixin.py:151} INFO - [2024-10-24T01:06:25.979+0000] {dag.py:2915} INFO - Sync 1 DAGs
[2024-10-24T01:06:25.997+0000] {logging_mixin.py:151} INFO - [2024-10-24T01:06:25.997+0000] {dag.py:3696} INFO - Setting next_dagrun for Ingestion to 2024-10-24T00:00:00+00:00, run_after=2024-10-25T00:00:00+00:00
[2024-10-24T01:06:26.022+0000] {processor.py:179} INFO - Processing /opt/airflow/dags/api_openbrewerydb_to_silver.py took 0.154 seconds
[2024-10-24T01:06:54.609+0000] {processor.py:157} INFO - Started process (PID=173) to work on /opt/airflow/dags/api_openbrewerydb_to_silver.py
[2024-10-24T01:06:54.609+0000] {processor.py:829} INFO - Processing file /opt/airflow/dags/api_openbrewerydb_to_silver.py for tasks to queue
[2024-10-24T01:06:54.610+0000] {logging_mixin.py:151} INFO - [2024-10-24T01:06:54.610+0000] {dagbag.py:539} INFO - Filling up the DagBag from /opt/airflow/dags/api_openbrewerydb_to_silver.py
[2024-10-24T01:06:54.628+0000] {processor.py:839} INFO - DAG(s) dict_keys(['Ingestion']) retrieved from /opt/airflow/dags/api_openbrewerydb_to_silver.py
[2024-10-24T01:06:54.678+0000] {logging_mixin.py:151} INFO - [2024-10-24T01:06:54.678+0000] {dag.py:2915} INFO - Sync 1 DAGs
[2024-10-24T01:06:54.709+0000] {logging_mixin.py:151} INFO - [2024-10-24T01:06:54.708+0000] {dag.py:3696} INFO - Setting next_dagrun for Ingestion to 2024-10-24T00:00:00+00:00, run_after=2024-10-25T00:00:00+00:00
[2024-10-24T01:06:54.728+0000] {processor.py:179} INFO - Processing /opt/airflow/dags/api_openbrewerydb_to_silver.py took 0.122 seconds
[2024-10-24T01:07:21.870+0000] {processor.py:157} INFO - Started process (PID=183) to work on /opt/airflow/dags/api_openbrewerydb_to_silver.py
[2024-10-24T01:07:21.879+0000] {processor.py:829} INFO - Processing file /opt/airflow/dags/api_openbrewerydb_to_silver.py for tasks to queue
[2024-10-24T01:07:21.881+0000] {logging_mixin.py:151} INFO - [2024-10-24T01:07:21.880+0000] {dagbag.py:539} INFO - Filling up the DagBag from /opt/airflow/dags/api_openbrewerydb_to_silver.py
[2024-10-24T01:07:21.909+0000] {processor.py:839} INFO - DAG(s) dict_keys(['Ingestion']) retrieved from /opt/airflow/dags/api_openbrewerydb_to_silver.py
[2024-10-24T01:07:21.997+0000] {logging_mixin.py:151} INFO - [2024-10-24T01:07:21.997+0000] {security.py:708} INFO - Not syncing DAG-level permissions for DAG 'DAG:Ingestion' as access control is unset.
[2024-10-24T01:07:21.997+0000] {logging_mixin.py:151} INFO - [2024-10-24T01:07:21.997+0000] {dag.py:2915} INFO - Sync 1 DAGs
[2024-10-24T01:07:22.014+0000] {logging_mixin.py:151} INFO - [2024-10-24T01:07:22.013+0000] {dag.py:3696} INFO - Setting next_dagrun for Ingestion to 2024-10-23T08:00:00+00:00, run_after=2024-10-24T08:00:00+00:00
[2024-10-24T01:07:22.030+0000] {processor.py:179} INFO - Processing /opt/airflow/dags/api_openbrewerydb_to_silver.py took 0.168 seconds
[2024-10-24T01:07:57.119+0000] {processor.py:157} INFO - Started process (PID=172) to work on /opt/airflow/dags/api_openbrewerydb_to_silver.py
[2024-10-24T01:07:57.119+0000] {processor.py:829} INFO - Processing file /opt/airflow/dags/api_openbrewerydb_to_silver.py for tasks to queue
[2024-10-24T01:07:57.120+0000] {logging_mixin.py:151} INFO - [2024-10-24T01:07:57.120+0000] {dagbag.py:539} INFO - Filling up the DagBag from /opt/airflow/dags/api_openbrewerydb_to_silver.py
[2024-10-24T01:07:57.131+0000] {processor.py:839} INFO - DAG(s) dict_keys(['Ingestion']) retrieved from /opt/airflow/dags/api_openbrewerydb_to_silver.py
[2024-10-24T01:07:57.167+0000] {logging_mixin.py:151} INFO - [2024-10-24T01:07:57.166+0000] {dag.py:2915} INFO - Sync 1 DAGs
[2024-10-24T01:07:57.195+0000] {logging_mixin.py:151} INFO - [2024-10-24T01:07:57.195+0000] {dag.py:3696} INFO - Setting next_dagrun for Ingestion to 2024-10-23T08:00:00+00:00, run_after=2024-10-24T08:00:00+00:00
[2024-10-24T01:07:57.212+0000] {processor.py:179} INFO - Processing /opt/airflow/dags/api_openbrewerydb_to_silver.py took 0.096 seconds
[2024-10-24T01:08:27.428+0000] {processor.py:157} INFO - Started process (PID=183) to work on /opt/airflow/dags/api_openbrewerydb_to_silver.py
[2024-10-24T01:08:27.429+0000] {processor.py:829} INFO - Processing file /opt/airflow/dags/api_openbrewerydb_to_silver.py for tasks to queue
[2024-10-24T01:08:27.430+0000] {logging_mixin.py:151} INFO - [2024-10-24T01:08:27.429+0000] {dagbag.py:539} INFO - Filling up the DagBag from /opt/airflow/dags/api_openbrewerydb_to_silver.py
[2024-10-24T01:08:27.441+0000] {processor.py:839} INFO - DAG(s) dict_keys(['Ingestion']) retrieved from /opt/airflow/dags/api_openbrewerydb_to_silver.py
[2024-10-24T01:08:27.468+0000] {logging_mixin.py:151} INFO - [2024-10-24T01:08:27.468+0000] {dag.py:2915} INFO - Sync 1 DAGs
[2024-10-24T01:08:27.489+0000] {logging_mixin.py:151} INFO - [2024-10-24T01:08:27.489+0000] {dag.py:3696} INFO - Setting next_dagrun for Ingestion to 2024-10-23T08:00:00+00:00, run_after=2024-10-24T08:00:00+00:00
[2024-10-24T01:08:27.506+0000] {processor.py:179} INFO - Processing /opt/airflow/dags/api_openbrewerydb_to_silver.py took 0.081 seconds
[2024-10-24T01:08:57.737+0000] {processor.py:157} INFO - Started process (PID=193) to work on /opt/airflow/dags/api_openbrewerydb_to_silver.py
[2024-10-24T01:08:57.745+0000] {processor.py:829} INFO - Processing file /opt/airflow/dags/api_openbrewerydb_to_silver.py for tasks to queue
[2024-10-24T01:08:57.746+0000] {logging_mixin.py:151} INFO - [2024-10-24T01:08:57.746+0000] {dagbag.py:539} INFO - Filling up the DagBag from /opt/airflow/dags/api_openbrewerydb_to_silver.py
[2024-10-24T01:08:57.764+0000] {processor.py:839} INFO - DAG(s) dict_keys(['Ingestion']) retrieved from /opt/airflow/dags/api_openbrewerydb_to_silver.py
[2024-10-24T01:08:57.795+0000] {logging_mixin.py:151} INFO - [2024-10-24T01:08:57.795+0000] {dag.py:2915} INFO - Sync 1 DAGs
[2024-10-24T01:08:57.817+0000] {logging_mixin.py:151} INFO - [2024-10-24T01:08:57.817+0000] {dag.py:3696} INFO - Setting next_dagrun for Ingestion to 2024-10-23T08:00:00+00:00, run_after=2024-10-24T08:00:00+00:00
[2024-10-24T01:08:57.831+0000] {processor.py:179} INFO - Processing /opt/airflow/dags/api_openbrewerydb_to_silver.py took 0.100 seconds
[2024-10-24T01:09:28.059+0000] {processor.py:157} INFO - Started process (PID=203) to work on /opt/airflow/dags/api_openbrewerydb_to_silver.py
[2024-10-24T01:09:28.060+0000] {processor.py:829} INFO - Processing file /opt/airflow/dags/api_openbrewerydb_to_silver.py for tasks to queue
[2024-10-24T01:09:28.062+0000] {logging_mixin.py:151} INFO - [2024-10-24T01:09:28.061+0000] {dagbag.py:539} INFO - Filling up the DagBag from /opt/airflow/dags/api_openbrewerydb_to_silver.py
[2024-10-24T01:09:28.076+0000] {processor.py:839} INFO - DAG(s) dict_keys(['Ingestion']) retrieved from /opt/airflow/dags/api_openbrewerydb_to_silver.py
[2024-10-24T01:09:28.109+0000] {logging_mixin.py:151} INFO - [2024-10-24T01:09:28.108+0000] {dag.py:2915} INFO - Sync 1 DAGs
[2024-10-24T01:09:28.135+0000] {logging_mixin.py:151} INFO - [2024-10-24T01:09:28.135+0000] {dag.py:3696} INFO - Setting next_dagrun for Ingestion to 2024-10-23T08:00:00+00:00, run_after=2024-10-24T08:00:00+00:00
[2024-10-24T01:09:28.158+0000] {processor.py:179} INFO - Processing /opt/airflow/dags/api_openbrewerydb_to_silver.py took 0.104 seconds
[2024-10-24T01:09:31.199+0000] {processor.py:157} INFO - Started process (PID=213) to work on /opt/airflow/dags/api_openbrewerydb_to_silver.py
[2024-10-24T01:09:31.200+0000] {processor.py:829} INFO - Processing file /opt/airflow/dags/api_openbrewerydb_to_silver.py for tasks to queue
[2024-10-24T01:09:31.201+0000] {logging_mixin.py:151} INFO - [2024-10-24T01:09:31.200+0000] {dagbag.py:539} INFO - Filling up the DagBag from /opt/airflow/dags/api_openbrewerydb_to_silver.py
[2024-10-24T01:09:31.215+0000] {processor.py:839} INFO - DAG(s) dict_keys(['api_openbrewerydb_to_silver_gold']) retrieved from /opt/airflow/dags/api_openbrewerydb_to_silver.py
[2024-10-24T01:09:31.307+0000] {logging_mixin.py:151} INFO - [2024-10-24T01:09:31.307+0000] {manager.py:499} INFO - Created Permission View: %s
[2024-10-24T01:09:31.314+0000] {logging_mixin.py:151} INFO - [2024-10-24T01:09:31.314+0000] {manager.py:499} INFO - Created Permission View: %s
[2024-10-24T01:09:31.319+0000] {logging_mixin.py:151} INFO - [2024-10-24T01:09:31.319+0000] {manager.py:499} INFO - Created Permission View: %s
[2024-10-24T01:09:31.319+0000] {logging_mixin.py:151} INFO - [2024-10-24T01:09:31.319+0000] {security.py:708} INFO - Not syncing DAG-level permissions for DAG 'DAG:api_openbrewerydb_to_silver_gold' as access control is unset.
[2024-10-24T01:09:31.319+0000] {logging_mixin.py:151} INFO - [2024-10-24T01:09:31.319+0000] {dag.py:2915} INFO - Sync 1 DAGs
[2024-10-24T01:09:31.329+0000] {logging_mixin.py:151} INFO - [2024-10-24T01:09:31.329+0000] {dag.py:2937} INFO - Creating ORM DAG for api_openbrewerydb_to_silver_gold
[2024-10-24T01:09:31.337+0000] {logging_mixin.py:151} INFO - [2024-10-24T01:09:31.337+0000] {dag.py:3696} INFO - Setting next_dagrun for api_openbrewerydb_to_silver_gold to 2023-10-22T08:00:00+00:00, run_after=2023-10-23T08:00:00+00:00
[2024-10-24T01:09:31.349+0000] {processor.py:179} INFO - Processing /opt/airflow/dags/api_openbrewerydb_to_silver.py took 0.152 seconds
[2024-10-24T01:09:58.291+0000] {processor.py:157} INFO - Started process (PID=173) to work on /opt/airflow/dags/api_openbrewerydb_to_silver.py
[2024-10-24T01:09:58.292+0000] {processor.py:829} INFO - Processing file /opt/airflow/dags/api_openbrewerydb_to_silver.py for tasks to queue
[2024-10-24T01:09:58.293+0000] {logging_mixin.py:151} INFO - [2024-10-24T01:09:58.292+0000] {dagbag.py:539} INFO - Filling up the DagBag from /opt/airflow/dags/api_openbrewerydb_to_silver.py
[2024-10-24T01:09:58.309+0000] {processor.py:839} INFO - DAG(s) dict_keys(['api_openbrewerydb_to_silver_gold']) retrieved from /opt/airflow/dags/api_openbrewerydb_to_silver.py
[2024-10-24T01:09:58.355+0000] {logging_mixin.py:151} INFO - [2024-10-24T01:09:58.355+0000] {dag.py:2915} INFO - Sync 1 DAGs
[2024-10-24T01:09:58.382+0000] {logging_mixin.py:151} INFO - [2024-10-24T01:09:58.382+0000] {dag.py:3696} INFO - Setting next_dagrun for api_openbrewerydb_to_silver_gold to 2023-10-22T08:00:00+00:00, run_after=2023-10-23T08:00:00+00:00
[2024-10-24T01:09:58.403+0000] {processor.py:179} INFO - Processing /opt/airflow/dags/api_openbrewerydb_to_silver.py took 0.116 seconds
[2024-10-24T01:10:28.620+0000] {processor.py:157} INFO - Started process (PID=184) to work on /opt/airflow/dags/api_openbrewerydb_to_silver.py
[2024-10-24T01:10:28.621+0000] {processor.py:829} INFO - Processing file /opt/airflow/dags/api_openbrewerydb_to_silver.py for tasks to queue
[2024-10-24T01:10:28.622+0000] {logging_mixin.py:151} INFO - [2024-10-24T01:10:28.622+0000] {dagbag.py:539} INFO - Filling up the DagBag from /opt/airflow/dags/api_openbrewerydb_to_silver.py
[2024-10-24T01:10:28.639+0000] {processor.py:839} INFO - DAG(s) dict_keys(['api_openbrewerydb_to_silver_gold']) retrieved from /opt/airflow/dags/api_openbrewerydb_to_silver.py
[2024-10-24T01:10:28.667+0000] {logging_mixin.py:151} INFO - [2024-10-24T01:10:28.667+0000] {dag.py:2915} INFO - Sync 1 DAGs
[2024-10-24T01:10:28.687+0000] {logging_mixin.py:151} INFO - [2024-10-24T01:10:28.686+0000] {dag.py:3696} INFO - Setting next_dagrun for api_openbrewerydb_to_silver_gold to 2023-10-22T08:00:00+00:00, run_after=2023-10-23T08:00:00+00:00
[2024-10-24T01:10:28.703+0000] {processor.py:179} INFO - Processing /opt/airflow/dags/api_openbrewerydb_to_silver.py took 0.089 seconds
[2024-10-24T01:10:58.969+0000] {processor.py:157} INFO - Started process (PID=194) to work on /opt/airflow/dags/api_openbrewerydb_to_silver.py
[2024-10-24T01:10:58.971+0000] {processor.py:829} INFO - Processing file /opt/airflow/dags/api_openbrewerydb_to_silver.py for tasks to queue
[2024-10-24T01:10:58.973+0000] {logging_mixin.py:151} INFO - [2024-10-24T01:10:58.972+0000] {dagbag.py:539} INFO - Filling up the DagBag from /opt/airflow/dags/api_openbrewerydb_to_silver.py
[2024-10-24T01:10:58.990+0000] {processor.py:839} INFO - DAG(s) dict_keys(['api_openbrewerydb_to_silver_gold']) retrieved from /opt/airflow/dags/api_openbrewerydb_to_silver.py
[2024-10-24T01:10:59.029+0000] {logging_mixin.py:151} INFO - [2024-10-24T01:10:59.029+0000] {dag.py:2915} INFO - Sync 1 DAGs
[2024-10-24T01:10:59.056+0000] {logging_mixin.py:151} INFO - [2024-10-24T01:10:59.056+0000] {dag.py:3696} INFO - Setting next_dagrun for api_openbrewerydb_to_silver_gold to 2023-10-22T08:00:00+00:00, run_after=2023-10-23T08:00:00+00:00
[2024-10-24T01:10:59.073+0000] {processor.py:179} INFO - Processing /opt/airflow/dags/api_openbrewerydb_to_silver.py took 0.108 seconds
[2024-10-24T01:11:29.311+0000] {processor.py:157} INFO - Started process (PID=208) to work on /opt/airflow/dags/api_openbrewerydb_to_silver.py
[2024-10-24T01:11:29.313+0000] {processor.py:829} INFO - Processing file /opt/airflow/dags/api_openbrewerydb_to_silver.py for tasks to queue
[2024-10-24T01:11:29.314+0000] {logging_mixin.py:151} INFO - [2024-10-24T01:11:29.313+0000] {dagbag.py:539} INFO - Filling up the DagBag from /opt/airflow/dags/api_openbrewerydb_to_silver.py
[2024-10-24T01:11:29.328+0000] {processor.py:839} INFO - DAG(s) dict_keys(['api_openbrewerydb_to_silver_gold']) retrieved from /opt/airflow/dags/api_openbrewerydb_to_silver.py
[2024-10-24T01:11:29.356+0000] {logging_mixin.py:151} INFO - [2024-10-24T01:11:29.356+0000] {dag.py:2915} INFO - Sync 1 DAGs
[2024-10-24T01:11:29.377+0000] {logging_mixin.py:151} INFO - [2024-10-24T01:11:29.377+0000] {dag.py:3696} INFO - Setting next_dagrun for api_openbrewerydb_to_silver_gold to 2023-10-22T08:00:00+00:00, run_after=2023-10-23T08:00:00+00:00
[2024-10-24T01:11:29.392+0000] {processor.py:179} INFO - Processing /opt/airflow/dags/api_openbrewerydb_to_silver.py took 0.087 seconds
[2024-10-24T01:11:59.633+0000] {processor.py:157} INFO - Started process (PID=218) to work on /opt/airflow/dags/api_openbrewerydb_to_silver.py
[2024-10-24T01:11:59.634+0000] {processor.py:829} INFO - Processing file /opt/airflow/dags/api_openbrewerydb_to_silver.py for tasks to queue
[2024-10-24T01:11:59.635+0000] {logging_mixin.py:151} INFO - [2024-10-24T01:11:59.634+0000] {dagbag.py:539} INFO - Filling up the DagBag from /opt/airflow/dags/api_openbrewerydb_to_silver.py
[2024-10-24T01:11:59.649+0000] {processor.py:839} INFO - DAG(s) dict_keys(['api_openbrewerydb_to_silver_gold']) retrieved from /opt/airflow/dags/api_openbrewerydb_to_silver.py
[2024-10-24T01:11:59.677+0000] {logging_mixin.py:151} INFO - [2024-10-24T01:11:59.677+0000] {dag.py:2915} INFO - Sync 1 DAGs
[2024-10-24T01:11:59.696+0000] {logging_mixin.py:151} INFO - [2024-10-24T01:11:59.696+0000] {dag.py:3696} INFO - Setting next_dagrun for api_openbrewerydb_to_silver_gold to 2023-10-22T08:00:00+00:00, run_after=2023-10-23T08:00:00+00:00
[2024-10-24T01:11:59.711+0000] {processor.py:179} INFO - Processing /opt/airflow/dags/api_openbrewerydb_to_silver.py took 0.084 seconds
[2024-10-24T01:12:30.216+0000] {processor.py:157} INFO - Started process (PID=776) to work on /opt/airflow/dags/api_openbrewerydb_to_silver.py
[2024-10-24T01:12:30.217+0000] {processor.py:829} INFO - Processing file /opt/airflow/dags/api_openbrewerydb_to_silver.py for tasks to queue
[2024-10-24T01:12:30.219+0000] {logging_mixin.py:151} INFO - [2024-10-24T01:12:30.218+0000] {dagbag.py:539} INFO - Filling up the DagBag from /opt/airflow/dags/api_openbrewerydb_to_silver.py
[2024-10-24T01:12:30.292+0000] {processor.py:839} INFO - DAG(s) dict_keys(['api_openbrewerydb_to_silver_gold']) retrieved from /opt/airflow/dags/api_openbrewerydb_to_silver.py
[2024-10-24T01:12:30.393+0000] {logging_mixin.py:151} INFO - [2024-10-24T01:12:30.393+0000] {dag.py:2915} INFO - Sync 1 DAGs
[2024-10-24T01:12:31.827+0000] {processor.py:179} INFO - Processing /opt/airflow/dags/api_openbrewerydb_to_silver.py took 1.614 seconds
[2024-10-24T01:13:53.921+0000] {processor.py:157} INFO - Started process (PID=858) to work on /opt/airflow/dags/api_openbrewerydb_to_silver.py
[2024-10-24T01:13:53.922+0000] {processor.py:829} INFO - Processing file /opt/airflow/dags/api_openbrewerydb_to_silver.py for tasks to queue
[2024-10-24T01:13:53.925+0000] {logging_mixin.py:151} INFO - [2024-10-24T01:13:53.923+0000] {dagbag.py:539} INFO - Filling up the DagBag from /opt/airflow/dags/api_openbrewerydb_to_silver.py
[2024-10-24T01:13:53.948+0000] {processor.py:839} INFO - DAG(s) dict_keys(['api_openbrewerydb_to_silver_gold']) retrieved from /opt/airflow/dags/api_openbrewerydb_to_silver.py
[2024-10-24T01:13:54.643+0000] {logging_mixin.py:151} INFO - [2024-10-24T01:13:54.624+0000] {dag.py:2915} INFO - Sync 1 DAGs
[2024-10-24T01:13:55.744+0000] {processor.py:179} INFO - Processing /opt/airflow/dags/api_openbrewerydb_to_silver.py took 1.835 seconds
[2024-10-24T01:14:35.567+0000] {processor.py:157} INFO - Started process (PID=915) to work on /opt/airflow/dags/api_openbrewerydb_to_silver.py
[2024-10-24T01:14:35.696+0000] {processor.py:829} INFO - Processing file /opt/airflow/dags/api_openbrewerydb_to_silver.py for tasks to queue
[2024-10-24T01:14:36.171+0000] {logging_mixin.py:151} INFO - [2024-10-24T01:14:35.789+0000] {dagbag.py:539} INFO - Filling up the DagBag from /opt/airflow/dags/api_openbrewerydb_to_silver.py
[2024-10-24T01:15:28.322+0000] {processor.py:839} INFO - DAG(s) dict_keys(['api_openbrewerydb_to_silver_gold']) retrieved from /opt/airflow/dags/api_openbrewerydb_to_silver.py
[2024-10-24T01:16:39.919+0000] {processor.py:157} INFO - Started process (PID=921) to work on /opt/airflow/dags/api_openbrewerydb_to_silver.py
[2024-10-24T01:16:45.376+0000] {processor.py:829} INFO - Processing file /opt/airflow/dags/api_openbrewerydb_to_silver.py for tasks to queue
[2024-10-24T01:17:08.489+0000] {logging_mixin.py:151} INFO - [2024-10-24T01:17:08.234+0000] {dagbag.py:539} INFO - Filling up the DagBag from /opt/airflow/dags/api_openbrewerydb_to_silver.py
[2024-10-24T01:17:09.312+0000] {processor.py:839} INFO - DAG(s) dict_keys(['api_openbrewerydb_to_silver_gold']) retrieved from /opt/airflow/dags/api_openbrewerydb_to_silver.py
[2024-10-24T01:17:43.626+0000] {processor.py:157} INFO - Started process (PID=1636) to work on /opt/airflow/dags/api_openbrewerydb_to_silver.py
[2024-10-24T01:17:43.627+0000] {processor.py:829} INFO - Processing file /opt/airflow/dags/api_openbrewerydb_to_silver.py for tasks to queue
[2024-10-24T01:17:43.628+0000] {logging_mixin.py:151} INFO - [2024-10-24T01:17:43.628+0000] {dagbag.py:539} INFO - Filling up the DagBag from /opt/airflow/dags/api_openbrewerydb_to_silver.py
[2024-10-24T01:17:43.641+0000] {processor.py:839} INFO - DAG(s) dict_keys(['api_openbrewerydb_to_silver_gold']) retrieved from /opt/airflow/dags/api_openbrewerydb_to_silver.py
[2024-10-24T01:17:43.812+0000] {logging_mixin.py:151} INFO - [2024-10-24T01:17:43.812+0000] {security.py:708} INFO - Not syncing DAG-level permissions for DAG 'DAG:api_openbrewerydb_to_silver_gold' as access control is unset.
[2024-10-24T01:17:43.813+0000] {logging_mixin.py:151} INFO - [2024-10-24T01:17:43.813+0000] {dag.py:2915} INFO - Sync 1 DAGs
[2024-10-24T01:17:43.877+0000] {processor.py:179} INFO - Processing /opt/airflow/dags/api_openbrewerydb_to_silver.py took 0.256 seconds
[2024-10-24T01:18:14.074+0000] {processor.py:157} INFO - Started process (PID=2045) to work on /opt/airflow/dags/api_openbrewerydb_to_silver.py
[2024-10-24T01:18:14.076+0000] {processor.py:829} INFO - Processing file /opt/airflow/dags/api_openbrewerydb_to_silver.py for tasks to queue
[2024-10-24T01:18:14.077+0000] {logging_mixin.py:151} INFO - [2024-10-24T01:18:14.077+0000] {dagbag.py:539} INFO - Filling up the DagBag from /opt/airflow/dags/api_openbrewerydb_to_silver.py
[2024-10-24T01:18:14.107+0000] {processor.py:839} INFO - DAG(s) dict_keys(['api_openbrewerydb_to_silver_gold']) retrieved from /opt/airflow/dags/api_openbrewerydb_to_silver.py
[2024-10-24T01:18:14.198+0000] {logging_mixin.py:151} INFO - [2024-10-24T01:18:14.198+0000] {dag.py:2915} INFO - Sync 1 DAGs
[2024-10-24T01:18:14.292+0000] {processor.py:179} INFO - Processing /opt/airflow/dags/api_openbrewerydb_to_silver.py took 0.223 seconds
[2024-10-24T01:18:44.575+0000] {processor.py:157} INFO - Started process (PID=2768) to work on /opt/airflow/dags/api_openbrewerydb_to_silver.py
[2024-10-24T01:18:44.576+0000] {processor.py:829} INFO - Processing file /opt/airflow/dags/api_openbrewerydb_to_silver.py for tasks to queue
[2024-10-24T01:18:44.577+0000] {logging_mixin.py:151} INFO - [2024-10-24T01:18:44.577+0000] {dagbag.py:539} INFO - Filling up the DagBag from /opt/airflow/dags/api_openbrewerydb_to_silver.py
[2024-10-24T01:18:44.646+0000] {processor.py:839} INFO - DAG(s) dict_keys(['api_openbrewerydb_to_silver_gold']) retrieved from /opt/airflow/dags/api_openbrewerydb_to_silver.py
[2024-10-24T01:18:44.809+0000] {logging_mixin.py:151} INFO - [2024-10-24T01:18:44.809+0000] {dag.py:2915} INFO - Sync 1 DAGs
[2024-10-24T01:18:45.172+0000] {processor.py:179} INFO - Processing /opt/airflow/dags/api_openbrewerydb_to_silver.py took 0.607 seconds
[2024-10-24T01:19:15.717+0000] {processor.py:157} INFO - Started process (PID=3589) to work on /opt/airflow/dags/api_openbrewerydb_to_silver.py
[2024-10-24T01:19:15.718+0000] {processor.py:829} INFO - Processing file /opt/airflow/dags/api_openbrewerydb_to_silver.py for tasks to queue
[2024-10-24T01:19:15.720+0000] {logging_mixin.py:151} INFO - [2024-10-24T01:19:15.719+0000] {dagbag.py:539} INFO - Filling up the DagBag from /opt/airflow/dags/api_openbrewerydb_to_silver.py
[2024-10-24T01:19:15.752+0000] {processor.py:839} INFO - DAG(s) dict_keys(['api_openbrewerydb_to_silver_gold']) retrieved from /opt/airflow/dags/api_openbrewerydb_to_silver.py
[2024-10-24T01:19:15.831+0000] {logging_mixin.py:151} INFO - [2024-10-24T01:19:15.830+0000] {dag.py:2915} INFO - Sync 1 DAGs
[2024-10-24T01:19:15.901+0000] {logging_mixin.py:151} INFO - [2024-10-24T01:19:15.901+0000] {dag.py:3696} INFO - Setting next_dagrun for api_openbrewerydb_to_silver_gold to 2023-11-13T08:00:00+00:00, run_after=2023-11-14T08:00:00+00:00
[2024-10-24T01:19:15.945+0000] {processor.py:179} INFO - Processing /opt/airflow/dags/api_openbrewerydb_to_silver.py took 0.237 seconds
[2024-10-24T01:19:46.192+0000] {processor.py:157} INFO - Started process (PID=4149) to work on /opt/airflow/dags/api_openbrewerydb_to_silver.py
[2024-10-24T01:19:46.193+0000] {processor.py:829} INFO - Processing file /opt/airflow/dags/api_openbrewerydb_to_silver.py for tasks to queue
[2024-10-24T01:19:46.199+0000] {logging_mixin.py:151} INFO - [2024-10-24T01:19:46.194+0000] {dagbag.py:539} INFO - Filling up the DagBag from /opt/airflow/dags/api_openbrewerydb_to_silver.py
[2024-10-24T01:19:46.236+0000] {processor.py:839} INFO - DAG(s) dict_keys(['api_openbrewerydb_to_silver_gold']) retrieved from /opt/airflow/dags/api_openbrewerydb_to_silver.py
[2024-10-24T01:19:46.312+0000] {logging_mixin.py:151} INFO - [2024-10-24T01:19:46.312+0000] {dag.py:2915} INFO - Sync 1 DAGs
[2024-10-24T01:19:46.448+0000] {processor.py:179} INFO - Processing /opt/airflow/dags/api_openbrewerydb_to_silver.py took 0.269 seconds
[2024-10-24T01:20:16.693+0000] {processor.py:157} INFO - Started process (PID=4735) to work on /opt/airflow/dags/api_openbrewerydb_to_silver.py
[2024-10-24T01:20:16.703+0000] {processor.py:829} INFO - Processing file /opt/airflow/dags/api_openbrewerydb_to_silver.py for tasks to queue
[2024-10-24T01:20:16.705+0000] {logging_mixin.py:151} INFO - [2024-10-24T01:20:16.704+0000] {dagbag.py:539} INFO - Filling up the DagBag from /opt/airflow/dags/api_openbrewerydb_to_silver.py
[2024-10-24T01:20:16.739+0000] {processor.py:839} INFO - DAG(s) dict_keys(['api_openbrewerydb_to_silver_gold']) retrieved from /opt/airflow/dags/api_openbrewerydb_to_silver.py
[2024-10-24T01:20:16.813+0000] {logging_mixin.py:151} INFO - [2024-10-24T01:20:16.812+0000] {dag.py:2915} INFO - Sync 1 DAGs
[2024-10-24T01:20:17.115+0000] {logging_mixin.py:151} INFO - [2024-10-24T01:20:17.114+0000] {dag.py:3696} INFO - Setting next_dagrun for api_openbrewerydb_to_silver_gold to 2023-11-16T08:00:00+00:00, run_after=2023-11-17T08:00:00+00:00
[2024-10-24T01:20:17.176+0000] {processor.py:179} INFO - Processing /opt/airflow/dags/api_openbrewerydb_to_silver.py took 0.491 seconds
[2024-10-24T01:20:47.300+0000] {processor.py:157} INFO - Started process (PID=5375) to work on /opt/airflow/dags/api_openbrewerydb_to_silver.py
[2024-10-24T01:20:47.301+0000] {processor.py:829} INFO - Processing file /opt/airflow/dags/api_openbrewerydb_to_silver.py for tasks to queue
[2024-10-24T01:20:47.302+0000] {logging_mixin.py:151} INFO - [2024-10-24T01:20:47.302+0000] {dagbag.py:539} INFO - Filling up the DagBag from /opt/airflow/dags/api_openbrewerydb_to_silver.py
[2024-10-24T01:20:47.331+0000] {processor.py:839} INFO - DAG(s) dict_keys(['api_openbrewerydb_to_silver_gold']) retrieved from /opt/airflow/dags/api_openbrewerydb_to_silver.py
[2024-10-24T01:20:47.389+0000] {logging_mixin.py:151} INFO - [2024-10-24T01:20:47.389+0000] {dag.py:2915} INFO - Sync 1 DAGs
[2024-10-24T01:20:47.457+0000] {processor.py:179} INFO - Processing /opt/airflow/dags/api_openbrewerydb_to_silver.py took 0.164 seconds
[2024-10-24T01:21:17.649+0000] {processor.py:157} INFO - Started process (PID=6021) to work on /opt/airflow/dags/api_openbrewerydb_to_silver.py
[2024-10-24T01:21:17.650+0000] {processor.py:829} INFO - Processing file /opt/airflow/dags/api_openbrewerydb_to_silver.py for tasks to queue
[2024-10-24T01:21:17.652+0000] {logging_mixin.py:151} INFO - [2024-10-24T01:21:17.651+0000] {dagbag.py:539} INFO - Filling up the DagBag from /opt/airflow/dags/api_openbrewerydb_to_silver.py
[2024-10-24T01:21:17.676+0000] {processor.py:839} INFO - DAG(s) dict_keys(['api_openbrewerydb_to_silver_gold']) retrieved from /opt/airflow/dags/api_openbrewerydb_to_silver.py
[2024-10-24T01:21:17.738+0000] {logging_mixin.py:151} INFO - [2024-10-24T01:21:17.738+0000] {dag.py:2915} INFO - Sync 1 DAGs
[2024-10-24T01:21:17.812+0000] {processor.py:179} INFO - Processing /opt/airflow/dags/api_openbrewerydb_to_silver.py took 0.168 seconds
[2024-10-24T01:21:48.069+0000] {processor.py:157} INFO - Started process (PID=6629) to work on /opt/airflow/dags/api_openbrewerydb_to_silver.py
[2024-10-24T01:21:48.071+0000] {processor.py:829} INFO - Processing file /opt/airflow/dags/api_openbrewerydb_to_silver.py for tasks to queue
[2024-10-24T01:21:48.076+0000] {logging_mixin.py:151} INFO - [2024-10-24T01:21:48.076+0000] {dagbag.py:539} INFO - Filling up the DagBag from /opt/airflow/dags/api_openbrewerydb_to_silver.py
[2024-10-24T01:21:48.112+0000] {processor.py:839} INFO - DAG(s) dict_keys(['api_openbrewerydb_to_silver_gold']) retrieved from /opt/airflow/dags/api_openbrewerydb_to_silver.py
[2024-10-24T01:21:48.195+0000] {logging_mixin.py:151} INFO - [2024-10-24T01:21:48.194+0000] {dag.py:2915} INFO - Sync 1 DAGs
[2024-10-24T01:21:48.310+0000] {processor.py:179} INFO - Processing /opt/airflow/dags/api_openbrewerydb_to_silver.py took 0.247 seconds
[2024-10-24T01:22:18.563+0000] {processor.py:157} INFO - Started process (PID=7221) to work on /opt/airflow/dags/api_openbrewerydb_to_silver.py
[2024-10-24T01:22:18.564+0000] {processor.py:829} INFO - Processing file /opt/airflow/dags/api_openbrewerydb_to_silver.py for tasks to queue
[2024-10-24T01:22:18.565+0000] {logging_mixin.py:151} INFO - [2024-10-24T01:22:18.565+0000] {dagbag.py:539} INFO - Filling up the DagBag from /opt/airflow/dags/api_openbrewerydb_to_silver.py
[2024-10-24T01:22:18.595+0000] {processor.py:839} INFO - DAG(s) dict_keys(['api_openbrewerydb_to_silver_gold']) retrieved from /opt/airflow/dags/api_openbrewerydb_to_silver.py
[2024-10-24T01:22:18.680+0000] {logging_mixin.py:151} INFO - [2024-10-24T01:22:18.679+0000] {dag.py:2915} INFO - Sync 1 DAGs
[2024-10-24T01:22:18.783+0000] {processor.py:179} INFO - Processing /opt/airflow/dags/api_openbrewerydb_to_silver.py took 0.227 seconds
[2024-10-24T01:22:49.098+0000] {processor.py:157} INFO - Started process (PID=8039) to work on /opt/airflow/dags/api_openbrewerydb_to_silver.py
[2024-10-24T01:22:49.109+0000] {processor.py:829} INFO - Processing file /opt/airflow/dags/api_openbrewerydb_to_silver.py for tasks to queue
[2024-10-24T01:22:49.130+0000] {logging_mixin.py:151} INFO - [2024-10-24T01:22:49.127+0000] {dagbag.py:539} INFO - Filling up the DagBag from /opt/airflow/dags/api_openbrewerydb_to_silver.py
[2024-10-24T01:22:49.354+0000] {processor.py:839} INFO - DAG(s) dict_keys(['api_openbrewerydb_to_silver_gold']) retrieved from /opt/airflow/dags/api_openbrewerydb_to_silver.py
[2024-10-24T01:22:49.592+0000] {logging_mixin.py:151} INFO - [2024-10-24T01:22:49.591+0000] {dag.py:2915} INFO - Sync 1 DAGs
[2024-10-24T01:22:51.174+0000] {processor.py:179} INFO - Processing /opt/airflow/dags/api_openbrewerydb_to_silver.py took 2.124 seconds
[2024-10-24T01:24:19.164+0000] {processor.py:157} INFO - Started process (PID=8105) to work on /opt/airflow/dags/api_openbrewerydb_to_silver.py
[2024-10-24T01:24:19.446+0000] {processor.py:829} INFO - Processing file /opt/airflow/dags/api_openbrewerydb_to_silver.py for tasks to queue
[2024-10-24T01:24:19.502+0000] {logging_mixin.py:151} INFO - [2024-10-24T01:24:19.456+0000] {dagbag.py:539} INFO - Filling up the DagBag from /opt/airflow/dags/api_openbrewerydb_to_silver.py
[2024-10-24T01:24:21.938+0000] {processor.py:839} INFO - DAG(s) dict_keys(['api_openbrewerydb_to_silver_gold']) retrieved from /opt/airflow/dags/api_openbrewerydb_to_silver.py
[2024-10-24T01:24:22.700+0000] {logging_mixin.py:151} INFO - [2024-10-24T01:24:22.696+0000] {dag.py:2915} INFO - Sync 1 DAGs
[2024-10-24T01:24:24.063+0000] {processor.py:179} INFO - Processing /opt/airflow/dags/api_openbrewerydb_to_silver.py took 5.844 seconds
[2024-10-24T01:25:16.167+0000] {processor.py:157} INFO - Started process (PID=8316) to work on /opt/airflow/dags/api_openbrewerydb_to_silver.py
[2024-10-24T01:25:16.195+0000] {processor.py:829} INFO - Processing file /opt/airflow/dags/api_openbrewerydb_to_silver.py for tasks to queue
[2024-10-24T01:25:16.197+0000] {logging_mixin.py:151} INFO - [2024-10-24T01:25:16.197+0000] {dagbag.py:539} INFO - Filling up the DagBag from /opt/airflow/dags/api_openbrewerydb_to_silver.py
[2024-10-24T01:25:16.598+0000] {processor.py:839} INFO - DAG(s) dict_keys(['api_openbrewerydb_to_silver_gold']) retrieved from /opt/airflow/dags/api_openbrewerydb_to_silver.py
[2024-10-24T01:25:17.637+0000] {logging_mixin.py:151} INFO - [2024-10-24T01:25:17.573+0000] {dag.py:2915} INFO - Sync 1 DAGs
[2024-10-24T01:25:32.462+0000] {processor.py:179} INFO - Processing /opt/airflow/dags/api_openbrewerydb_to_silver.py took 16.401 seconds
[2024-10-24T01:26:27.897+0000] {processor.py:157} INFO - Started process (PID=8427) to work on /opt/airflow/dags/api_openbrewerydb_to_silver.py
[2024-10-24T01:26:27.911+0000] {processor.py:829} INFO - Processing file /opt/airflow/dags/api_openbrewerydb_to_silver.py for tasks to queue
[2024-10-24T01:26:27.915+0000] {logging_mixin.py:151} INFO - [2024-10-24T01:26:27.913+0000] {dagbag.py:539} INFO - Filling up the DagBag from /opt/airflow/dags/api_openbrewerydb_to_silver.py
[2024-10-24T01:26:28.188+0000] {processor.py:839} INFO - DAG(s) dict_keys(['api_openbrewerydb_to_silver_gold']) retrieved from /opt/airflow/dags/api_openbrewerydb_to_silver.py
[2024-10-24T01:26:28.427+0000] {logging_mixin.py:151} INFO - [2024-10-24T01:26:28.420+0000] {dag.py:2915} INFO - Sync 1 DAGs
[2024-10-24T01:26:29.191+0000] {logging_mixin.py:151} INFO - [2024-10-24T01:26:29.179+0000] {dag.py:3696} INFO - Setting next_dagrun for api_openbrewerydb_to_silver_gold to 2023-11-26T08:00:00+00:00, run_after=2023-11-27T08:00:00+00:00
[2024-10-24T01:26:29.495+0000] {processor.py:179} INFO - Processing /opt/airflow/dags/api_openbrewerydb_to_silver.py took 1.614 seconds
[2024-10-24T01:27:00.239+0000] {processor.py:157} INFO - Started process (PID=9030) to work on /opt/airflow/dags/api_openbrewerydb_to_silver.py
[2024-10-24T01:27:00.247+0000] {processor.py:829} INFO - Processing file /opt/airflow/dags/api_openbrewerydb_to_silver.py for tasks to queue
[2024-10-24T01:27:00.249+0000] {logging_mixin.py:151} INFO - [2024-10-24T01:27:00.248+0000] {dagbag.py:539} INFO - Filling up the DagBag from /opt/airflow/dags/api_openbrewerydb_to_silver.py
[2024-10-24T01:27:00.353+0000] {processor.py:839} INFO - DAG(s) dict_keys(['api_openbrewerydb_to_silver_gold']) retrieved from /opt/airflow/dags/api_openbrewerydb_to_silver.py
[2024-10-24T01:27:00.481+0000] {logging_mixin.py:151} INFO - [2024-10-24T01:27:00.480+0000] {dag.py:2915} INFO - Sync 1 DAGs
[2024-10-24T01:27:01.047+0000] {processor.py:179} INFO - Processing /opt/airflow/dags/api_openbrewerydb_to_silver.py took 0.822 seconds
[2024-10-24T01:27:31.489+0000] {processor.py:157} INFO - Started process (PID=9783) to work on /opt/airflow/dags/api_openbrewerydb_to_silver.py
[2024-10-24T01:27:31.490+0000] {processor.py:829} INFO - Processing file /opt/airflow/dags/api_openbrewerydb_to_silver.py for tasks to queue
[2024-10-24T01:27:31.508+0000] {logging_mixin.py:151} INFO - [2024-10-24T01:27:31.505+0000] {dagbag.py:539} INFO - Filling up the DagBag from /opt/airflow/dags/api_openbrewerydb_to_silver.py
[2024-10-24T01:27:31.973+0000] {processor.py:839} INFO - DAG(s) dict_keys(['api_openbrewerydb_to_silver_gold']) retrieved from /opt/airflow/dags/api_openbrewerydb_to_silver.py
[2024-10-24T01:27:32.254+0000] {logging_mixin.py:151} INFO - [2024-10-24T01:27:32.253+0000] {dag.py:2915} INFO - Sync 1 DAGs
[2024-10-24T01:27:32.561+0000] {processor.py:179} INFO - Processing /opt/airflow/dags/api_openbrewerydb_to_silver.py took 1.098 seconds
[2024-10-24T01:28:57.845+0000] {processor.py:157} INFO - Started process (PID=10425) to work on /opt/airflow/dags/api_openbrewerydb_to_silver.py
[2024-10-24T01:28:58.690+0000] {processor.py:829} INFO - Processing file /opt/airflow/dags/api_openbrewerydb_to_silver.py for tasks to queue
[2024-10-24T01:28:59.399+0000] {logging_mixin.py:151} INFO - [2024-10-24T01:28:59.193+0000] {dagbag.py:539} INFO - Filling up the DagBag from /opt/airflow/dags/api_openbrewerydb_to_silver.py
[2024-10-24T01:34:03.055+0000] {processor.py:157} INFO - Started process (PID=10520) to work on /opt/airflow/dags/api_openbrewerydb_to_silver.py
[2024-10-24T01:34:03.425+0000] {processor.py:829} INFO - Processing file /opt/airflow/dags/api_openbrewerydb_to_silver.py for tasks to queue
[2024-10-24T01:34:03.513+0000] {logging_mixin.py:151} INFO - [2024-10-24T01:34:03.512+0000] {dagbag.py:539} INFO - Filling up the DagBag from /opt/airflow/dags/api_openbrewerydb_to_silver.py
[2024-10-24T01:34:10.842+0000] {processor.py:839} INFO - DAG(s) dict_keys(['api_openbrewerydb_to_silver_gold']) retrieved from /opt/airflow/dags/api_openbrewerydb_to_silver.py
[2024-10-24T01:35:55.194+0000] {processor.py:157} INFO - Started process (PID=11425) to work on /opt/airflow/dags/api_openbrewerydb_to_silver.py
[2024-10-24T01:35:55.197+0000] {processor.py:829} INFO - Processing file /opt/airflow/dags/api_openbrewerydb_to_silver.py for tasks to queue
[2024-10-24T01:35:55.200+0000] {logging_mixin.py:151} INFO - [2024-10-24T01:35:55.199+0000] {dagbag.py:539} INFO - Filling up the DagBag from /opt/airflow/dags/api_openbrewerydb_to_silver.py
[2024-10-24T01:35:55.285+0000] {processor.py:839} INFO - DAG(s) dict_keys(['api_openbrewerydb_to_silver_gold']) retrieved from /opt/airflow/dags/api_openbrewerydb_to_silver.py
[2024-10-24T01:35:55.644+0000] {logging_mixin.py:151} INFO - [2024-10-24T01:35:55.644+0000] {security.py:708} INFO - Not syncing DAG-level permissions for DAG 'DAG:api_openbrewerydb_to_silver_gold' as access control is unset.
[2024-10-24T01:35:55.644+0000] {logging_mixin.py:151} INFO - [2024-10-24T01:35:55.644+0000] {dag.py:2915} INFO - Sync 1 DAGs
[2024-10-24T01:35:55.717+0000] {processor.py:179} INFO - Processing /opt/airflow/dags/api_openbrewerydb_to_silver.py took 0.547 seconds
[2024-10-24T01:37:05.841+0000] {processor.py:157} INFO - Started process (PID=175) to work on /opt/airflow/dags/api_openbrewerydb_to_silver.py
[2024-10-24T01:37:05.842+0000] {processor.py:829} INFO - Processing file /opt/airflow/dags/api_openbrewerydb_to_silver.py for tasks to queue
[2024-10-24T01:37:05.844+0000] {logging_mixin.py:151} INFO - [2024-10-24T01:37:05.843+0000] {dagbag.py:539} INFO - Filling up the DagBag from /opt/airflow/dags/api_openbrewerydb_to_silver.py
[2024-10-24T01:37:05.863+0000] {processor.py:839} INFO - DAG(s) dict_keys(['api_openbrewerydb_to_silver_gold']) retrieved from /opt/airflow/dags/api_openbrewerydb_to_silver.py
[2024-10-24T01:37:05.909+0000] {logging_mixin.py:151} INFO - [2024-10-24T01:37:05.909+0000] {dag.py:2915} INFO - Sync 1 DAGs
[2024-10-24T01:37:06.085+0000] {processor.py:179} INFO - Processing /opt/airflow/dags/api_openbrewerydb_to_silver.py took 0.248 seconds
[2024-10-24T01:37:36.217+0000] {processor.py:157} INFO - Started process (PID=1146) to work on /opt/airflow/dags/api_openbrewerydb_to_silver.py
[2024-10-24T01:37:36.218+0000] {processor.py:829} INFO - Processing file /opt/airflow/dags/api_openbrewerydb_to_silver.py for tasks to queue
[2024-10-24T01:37:36.219+0000] {logging_mixin.py:151} INFO - [2024-10-24T01:37:36.218+0000] {dagbag.py:539} INFO - Filling up the DagBag from /opt/airflow/dags/api_openbrewerydb_to_silver.py
[2024-10-24T01:37:36.236+0000] {processor.py:839} INFO - DAG(s) dict_keys(['api_openbrewerydb_to_silver_gold']) retrieved from /opt/airflow/dags/api_openbrewerydb_to_silver.py
[2024-10-24T01:37:36.278+0000] {logging_mixin.py:151} INFO - [2024-10-24T01:37:36.278+0000] {dag.py:2915} INFO - Sync 1 DAGs
[2024-10-24T01:37:36.390+0000] {processor.py:179} INFO - Processing /opt/airflow/dags/api_openbrewerydb_to_silver.py took 0.178 seconds
[2024-10-24T01:38:06.499+0000] {processor.py:157} INFO - Started process (PID=1889) to work on /opt/airflow/dags/api_openbrewerydb_to_silver.py
[2024-10-24T01:38:06.501+0000] {processor.py:829} INFO - Processing file /opt/airflow/dags/api_openbrewerydb_to_silver.py for tasks to queue
[2024-10-24T01:38:06.508+0000] {logging_mixin.py:151} INFO - [2024-10-24T01:38:06.501+0000] {dagbag.py:539} INFO - Filling up the DagBag from /opt/airflow/dags/api_openbrewerydb_to_silver.py
[2024-10-24T01:38:06.529+0000] {processor.py:839} INFO - DAG(s) dict_keys(['api_openbrewerydb_to_silver_gold']) retrieved from /opt/airflow/dags/api_openbrewerydb_to_silver.py
[2024-10-24T01:38:06.585+0000] {logging_mixin.py:151} INFO - [2024-10-24T01:38:06.585+0000] {dag.py:2915} INFO - Sync 1 DAGs
[2024-10-24T01:38:06.729+0000] {processor.py:179} INFO - Processing /opt/airflow/dags/api_openbrewerydb_to_silver.py took 0.235 seconds
[2024-10-24T01:38:36.857+0000] {processor.py:157} INFO - Started process (PID=2716) to work on /opt/airflow/dags/api_openbrewerydb_to_silver.py
[2024-10-24T01:38:36.859+0000] {processor.py:829} INFO - Processing file /opt/airflow/dags/api_openbrewerydb_to_silver.py for tasks to queue
[2024-10-24T01:38:36.871+0000] {logging_mixin.py:151} INFO - [2024-10-24T01:38:36.861+0000] {dagbag.py:539} INFO - Filling up the DagBag from /opt/airflow/dags/api_openbrewerydb_to_silver.py
[2024-10-24T01:38:36.932+0000] {processor.py:839} INFO - DAG(s) dict_keys(['api_openbrewerydb_to_silver_gold']) retrieved from /opt/airflow/dags/api_openbrewerydb_to_silver.py
[2024-10-24T01:38:37.004+0000] {logging_mixin.py:151} INFO - [2024-10-24T01:38:37.004+0000] {dag.py:2915} INFO - Sync 1 DAGs
[2024-10-24T01:38:37.053+0000] {logging_mixin.py:151} INFO - [2024-10-24T01:38:37.053+0000] {dag.py:3696} INFO - Setting next_dagrun for api_openbrewerydb_to_silver_gold to 2023-12-20T08:00:00+00:00, run_after=2023-12-21T08:00:00+00:00
[2024-10-24T01:38:37.096+0000] {processor.py:179} INFO - Processing /opt/airflow/dags/api_openbrewerydb_to_silver.py took 0.256 seconds
[2024-10-24T01:39:07.389+0000] {processor.py:157} INFO - Started process (PID=3368) to work on /opt/airflow/dags/api_openbrewerydb_to_silver.py
[2024-10-24T01:39:07.390+0000] {processor.py:829} INFO - Processing file /opt/airflow/dags/api_openbrewerydb_to_silver.py for tasks to queue
[2024-10-24T01:39:07.395+0000] {logging_mixin.py:151} INFO - [2024-10-24T01:39:07.394+0000] {dagbag.py:539} INFO - Filling up the DagBag from /opt/airflow/dags/api_openbrewerydb_to_silver.py
[2024-10-24T01:39:07.426+0000] {processor.py:839} INFO - DAG(s) dict_keys(['api_openbrewerydb_to_silver_gold']) retrieved from /opt/airflow/dags/api_openbrewerydb_to_silver.py
[2024-10-24T01:39:07.570+0000] {logging_mixin.py:151} INFO - [2024-10-24T01:39:07.570+0000] {dag.py:2915} INFO - Sync 1 DAGs
[2024-10-24T01:39:07.734+0000] {logging_mixin.py:151} INFO - [2024-10-24T01:39:07.730+0000] {dag.py:3696} INFO - Setting next_dagrun for api_openbrewerydb_to_silver_gold to 2023-12-30T08:00:00+00:00, run_after=2023-12-31T08:00:00+00:00
[2024-10-24T01:39:07.843+0000] {processor.py:179} INFO - Processing /opt/airflow/dags/api_openbrewerydb_to_silver.py took 0.461 seconds
[2024-10-24T01:39:38.483+0000] {processor.py:157} INFO - Started process (PID=4091) to work on /opt/airflow/dags/api_openbrewerydb_to_silver.py
[2024-10-24T01:39:38.495+0000] {processor.py:829} INFO - Processing file /opt/airflow/dags/api_openbrewerydb_to_silver.py for tasks to queue
[2024-10-24T01:39:38.507+0000] {logging_mixin.py:151} INFO - [2024-10-24T01:39:38.497+0000] {dagbag.py:539} INFO - Filling up the DagBag from /opt/airflow/dags/api_openbrewerydb_to_silver.py
[2024-10-24T01:39:38.878+0000] {processor.py:839} INFO - DAG(s) dict_keys(['api_openbrewerydb_to_silver_gold']) retrieved from /opt/airflow/dags/api_openbrewerydb_to_silver.py
[2024-10-24T01:39:39.242+0000] {logging_mixin.py:151} INFO - [2024-10-24T01:39:39.242+0000] {dag.py:2915} INFO - Sync 1 DAGs
[2024-10-24T01:39:40.074+0000] {processor.py:179} INFO - Processing /opt/airflow/dags/api_openbrewerydb_to_silver.py took 1.624 seconds
[2024-10-24T01:40:32.650+0000] {processor.py:157} INFO - Started process (PID=4206) to work on /opt/airflow/dags/api_openbrewerydb_to_silver.py
[2024-10-24T01:40:32.717+0000] {processor.py:829} INFO - Processing file /opt/airflow/dags/api_openbrewerydb_to_silver.py for tasks to queue
[2024-10-24T01:40:32.718+0000] {logging_mixin.py:151} INFO - [2024-10-24T01:40:32.718+0000] {dagbag.py:539} INFO - Filling up the DagBag from /opt/airflow/dags/api_openbrewerydb_to_silver.py
[2024-10-24T01:40:33.205+0000] {processor.py:839} INFO - DAG(s) dict_keys(['api_openbrewerydb_to_silver_gold']) retrieved from /opt/airflow/dags/api_openbrewerydb_to_silver.py
[2024-10-24T01:40:34.295+0000] {logging_mixin.py:151} INFO - [2024-10-24T01:40:34.233+0000] {dag.py:2915} INFO - Sync 1 DAGs
[2024-10-24T01:41:09.125+0000] {processor.py:179} INFO - Processing /opt/airflow/dags/api_openbrewerydb_to_silver.py took 36.537 seconds
[2024-10-24T01:43:14.324+0000] {processor.py:157} INFO - Started process (PID=4262) to work on /opt/airflow/dags/api_openbrewerydb_to_silver.py
[2024-10-24T01:43:15.144+0000] {processor.py:829} INFO - Processing file /opt/airflow/dags/api_openbrewerydb_to_silver.py for tasks to queue
[2024-10-24T01:43:18.524+0000] {logging_mixin.py:151} INFO - [2024-10-24T01:43:16.622+0000] {dagbag.py:539} INFO - Filling up the DagBag from /opt/airflow/dags/api_openbrewerydb_to_silver.py
[2024-10-24T01:43:26.991+0000] {processor.py:839} INFO - DAG(s) dict_keys(['api_openbrewerydb_to_silver_gold']) retrieved from /opt/airflow/dags/api_openbrewerydb_to_silver.py
[2024-10-24T01:44:29.837+0000] {processor.py:157} INFO - Started process (PID=4309) to work on /opt/airflow/dags/api_openbrewerydb_to_silver.py
[2024-10-24T01:44:29.850+0000] {processor.py:829} INFO - Processing file /opt/airflow/dags/api_openbrewerydb_to_silver.py for tasks to queue
[2024-10-24T01:44:29.860+0000] {logging_mixin.py:151} INFO - [2024-10-24T01:44:29.851+0000] {dagbag.py:539} INFO - Filling up the DagBag from /opt/airflow/dags/api_openbrewerydb_to_silver.py
[2024-10-24T01:44:30.867+0000] {processor.py:839} INFO - DAG(s) dict_keys(['api_openbrewerydb_to_silver_gold']) retrieved from /opt/airflow/dags/api_openbrewerydb_to_silver.py
[2024-10-24T01:44:34.531+0000] {logging_mixin.py:151} INFO - [2024-10-24T01:44:34.530+0000] {security.py:708} INFO - Not syncing DAG-level permissions for DAG 'DAG:api_openbrewerydb_to_silver_gold' as access control is unset.
[2024-10-24T01:44:34.545+0000] {logging_mixin.py:151} INFO - [2024-10-24T01:44:34.544+0000] {dag.py:2915} INFO - Sync 1 DAGs
[2024-10-24T01:44:35.211+0000] {processor.py:179} INFO - Processing /opt/airflow/dags/api_openbrewerydb_to_silver.py took 5.508 seconds
[2024-10-24T01:45:59.791+0000] {processor.py:157} INFO - Started process (PID=175) to work on /opt/airflow/dags/api_openbrewerydb_to_silver.py
[2024-10-24T01:45:59.792+0000] {processor.py:829} INFO - Processing file /opt/airflow/dags/api_openbrewerydb_to_silver.py for tasks to queue
[2024-10-24T01:45:59.793+0000] {logging_mixin.py:151} INFO - [2024-10-24T01:45:59.792+0000] {dagbag.py:539} INFO - Filling up the DagBag from /opt/airflow/dags/api_openbrewerydb_to_silver.py
[2024-10-24T01:45:59.811+0000] {processor.py:839} INFO - DAG(s) dict_keys(['api_openbrewerydb_to_silver_gold']) retrieved from /opt/airflow/dags/api_openbrewerydb_to_silver.py
[2024-10-24T01:45:59.845+0000] {logging_mixin.py:151} INFO - [2024-10-24T01:45:59.845+0000] {dag.py:2915} INFO - Sync 1 DAGs
[2024-10-24T01:45:59.884+0000] {processor.py:179} INFO - Processing /opt/airflow/dags/api_openbrewerydb_to_silver.py took 0.096 seconds
[2024-10-24T01:46:30.113+0000] {processor.py:157} INFO - Started process (PID=186) to work on /opt/airflow/dags/api_openbrewerydb_to_silver.py
[2024-10-24T01:46:30.114+0000] {processor.py:829} INFO - Processing file /opt/airflow/dags/api_openbrewerydb_to_silver.py for tasks to queue
[2024-10-24T01:46:30.115+0000] {logging_mixin.py:151} INFO - [2024-10-24T01:46:30.115+0000] {dagbag.py:539} INFO - Filling up the DagBag from /opt/airflow/dags/api_openbrewerydb_to_silver.py
[2024-10-24T01:46:30.130+0000] {processor.py:839} INFO - DAG(s) dict_keys(['api_openbrewerydb_to_silver_gold']) retrieved from /opt/airflow/dags/api_openbrewerydb_to_silver.py
[2024-10-24T01:46:30.157+0000] {logging_mixin.py:151} INFO - [2024-10-24T01:46:30.157+0000] {dag.py:2915} INFO - Sync 1 DAGs
[2024-10-24T01:46:30.192+0000] {processor.py:179} INFO - Processing /opt/airflow/dags/api_openbrewerydb_to_silver.py took 0.083 seconds
[2024-10-24T01:47:00.335+0000] {processor.py:157} INFO - Started process (PID=196) to work on /opt/airflow/dags/api_openbrewerydb_to_silver.py
[2024-10-24T01:47:00.336+0000] {processor.py:829} INFO - Processing file /opt/airflow/dags/api_openbrewerydb_to_silver.py for tasks to queue
[2024-10-24T01:47:00.337+0000] {logging_mixin.py:151} INFO - [2024-10-24T01:47:00.336+0000] {dagbag.py:539} INFO - Filling up the DagBag from /opt/airflow/dags/api_openbrewerydb_to_silver.py
[2024-10-24T01:47:00.351+0000] {processor.py:839} INFO - DAG(s) dict_keys(['api_openbrewerydb_to_silver_gold']) retrieved from /opt/airflow/dags/api_openbrewerydb_to_silver.py
[2024-10-24T01:47:00.379+0000] {logging_mixin.py:151} INFO - [2024-10-24T01:47:00.379+0000] {dag.py:2915} INFO - Sync 1 DAGs
[2024-10-24T01:47:00.401+0000] {logging_mixin.py:151} INFO - [2024-10-24T01:47:00.401+0000] {dag.py:3696} INFO - Setting next_dagrun for api_openbrewerydb_to_silver_gold to 2024-01-07T08:00:00+00:00, run_after=2024-01-08T08:00:00+00:00
[2024-10-24T01:47:00.418+0000] {processor.py:179} INFO - Processing /opt/airflow/dags/api_openbrewerydb_to_silver.py took 0.086 seconds
[2024-10-24T01:47:30.671+0000] {processor.py:157} INFO - Started process (PID=206) to work on /opt/airflow/dags/api_openbrewerydb_to_silver.py
[2024-10-24T01:47:30.671+0000] {processor.py:829} INFO - Processing file /opt/airflow/dags/api_openbrewerydb_to_silver.py for tasks to queue
[2024-10-24T01:47:30.672+0000] {logging_mixin.py:151} INFO - [2024-10-24T01:47:30.672+0000] {dagbag.py:539} INFO - Filling up the DagBag from /opt/airflow/dags/api_openbrewerydb_to_silver.py
[2024-10-24T01:47:30.684+0000] {processor.py:839} INFO - DAG(s) dict_keys(['api_openbrewerydb_to_silver_gold']) retrieved from /opt/airflow/dags/api_openbrewerydb_to_silver.py
[2024-10-24T01:47:30.709+0000] {logging_mixin.py:151} INFO - [2024-10-24T01:47:30.709+0000] {dag.py:2915} INFO - Sync 1 DAGs
[2024-10-24T01:47:30.728+0000] {logging_mixin.py:151} INFO - [2024-10-24T01:47:30.728+0000] {dag.py:3696} INFO - Setting next_dagrun for api_openbrewerydb_to_silver_gold to 2024-01-07T08:00:00+00:00, run_after=2024-01-08T08:00:00+00:00
[2024-10-24T01:47:30.743+0000] {processor.py:179} INFO - Processing /opt/airflow/dags/api_openbrewerydb_to_silver.py took 0.077 seconds
[2024-10-24T01:48:00.970+0000] {processor.py:157} INFO - Started process (PID=216) to work on /opt/airflow/dags/api_openbrewerydb_to_silver.py
[2024-10-24T01:48:00.971+0000] {processor.py:829} INFO - Processing file /opt/airflow/dags/api_openbrewerydb_to_silver.py for tasks to queue
[2024-10-24T01:48:00.973+0000] {logging_mixin.py:151} INFO - [2024-10-24T01:48:00.972+0000] {dagbag.py:539} INFO - Filling up the DagBag from /opt/airflow/dags/api_openbrewerydb_to_silver.py
[2024-10-24T01:48:00.988+0000] {processor.py:839} INFO - DAG(s) dict_keys(['api_openbrewerydb_to_silver_gold']) retrieved from /opt/airflow/dags/api_openbrewerydb_to_silver.py
[2024-10-24T01:48:01.013+0000] {logging_mixin.py:151} INFO - [2024-10-24T01:48:01.013+0000] {dag.py:2915} INFO - Sync 1 DAGs
[2024-10-24T01:48:01.034+0000] {logging_mixin.py:151} INFO - [2024-10-24T01:48:01.034+0000] {dag.py:3696} INFO - Setting next_dagrun for api_openbrewerydb_to_silver_gold to 2024-01-07T08:00:00+00:00, run_after=2024-01-08T08:00:00+00:00
[2024-10-24T01:48:01.048+0000] {processor.py:179} INFO - Processing /opt/airflow/dags/api_openbrewerydb_to_silver.py took 0.082 seconds
[2024-10-24T01:48:31.205+0000] {processor.py:157} INFO - Started process (PID=226) to work on /opt/airflow/dags/api_openbrewerydb_to_silver.py
[2024-10-24T01:48:31.207+0000] {processor.py:829} INFO - Processing file /opt/airflow/dags/api_openbrewerydb_to_silver.py for tasks to queue
[2024-10-24T01:48:31.208+0000] {logging_mixin.py:151} INFO - [2024-10-24T01:48:31.208+0000] {dagbag.py:539} INFO - Filling up the DagBag from /opt/airflow/dags/api_openbrewerydb_to_silver.py
[2024-10-24T01:48:31.224+0000] {processor.py:839} INFO - DAG(s) dict_keys(['api_openbrewerydb_to_silver_gold']) retrieved from /opt/airflow/dags/api_openbrewerydb_to_silver.py
[2024-10-24T01:48:31.251+0000] {logging_mixin.py:151} INFO - [2024-10-24T01:48:31.251+0000] {dag.py:2915} INFO - Sync 1 DAGs
[2024-10-24T01:48:31.271+0000] {logging_mixin.py:151} INFO - [2024-10-24T01:48:31.271+0000] {dag.py:3696} INFO - Setting next_dagrun for api_openbrewerydb_to_silver_gold to 2024-01-07T08:00:00+00:00, run_after=2024-01-08T08:00:00+00:00
[2024-10-24T01:48:31.286+0000] {processor.py:179} INFO - Processing /opt/airflow/dags/api_openbrewerydb_to_silver.py took 0.085 seconds
[2024-10-24T01:48:33.274+0000] {processor.py:157} INFO - Started process (PID=233) to work on /opt/airflow/dags/api_openbrewerydb_to_silver.py
[2024-10-24T01:48:33.276+0000] {processor.py:829} INFO - Processing file /opt/airflow/dags/api_openbrewerydb_to_silver.py for tasks to queue
[2024-10-24T01:48:33.277+0000] {logging_mixin.py:151} INFO - [2024-10-24T01:48:33.276+0000] {dagbag.py:539} INFO - Filling up the DagBag from /opt/airflow/dags/api_openbrewerydb_to_silver.py
[2024-10-24T01:48:33.292+0000] {processor.py:839} INFO - DAG(s) dict_keys(['api_openbrewerydb_to_silver_gold']) retrieved from /opt/airflow/dags/api_openbrewerydb_to_silver.py
[2024-10-24T01:48:33.380+0000] {logging_mixin.py:151} INFO - [2024-10-24T01:48:33.379+0000] {security.py:708} INFO - Not syncing DAG-level permissions for DAG 'DAG:api_openbrewerydb_to_silver_gold' as access control is unset.
[2024-10-24T01:48:33.380+0000] {logging_mixin.py:151} INFO - [2024-10-24T01:48:33.380+0000] {dag.py:2915} INFO - Sync 1 DAGs
[2024-10-24T01:48:33.397+0000] {logging_mixin.py:151} INFO - [2024-10-24T01:48:33.397+0000] {dag.py:3696} INFO - Setting next_dagrun for api_openbrewerydb_to_silver_gold to 2024-01-07T08:00:00+00:00, run_after=2024-01-08T08:00:00+00:00
[2024-10-24T01:48:33.424+0000] {processor.py:179} INFO - Processing /opt/airflow/dags/api_openbrewerydb_to_silver.py took 0.155 seconds
[2024-10-24T01:49:03.642+0000] {processor.py:157} INFO - Started process (PID=243) to work on /opt/airflow/dags/api_openbrewerydb_to_silver.py
[2024-10-24T01:49:03.651+0000] {processor.py:829} INFO - Processing file /opt/airflow/dags/api_openbrewerydb_to_silver.py for tasks to queue
[2024-10-24T01:49:03.652+0000] {logging_mixin.py:151} INFO - [2024-10-24T01:49:03.651+0000] {dagbag.py:539} INFO - Filling up the DagBag from /opt/airflow/dags/api_openbrewerydb_to_silver.py
[2024-10-24T01:49:03.675+0000] {processor.py:839} INFO - DAG(s) dict_keys(['api_openbrewerydb_to_silver_gold']) retrieved from /opt/airflow/dags/api_openbrewerydb_to_silver.py
[2024-10-24T01:49:03.708+0000] {logging_mixin.py:151} INFO - [2024-10-24T01:49:03.708+0000] {dag.py:2915} INFO - Sync 1 DAGs
[2024-10-24T01:49:03.727+0000] {logging_mixin.py:151} INFO - [2024-10-24T01:49:03.727+0000] {dag.py:3696} INFO - Setting next_dagrun for api_openbrewerydb_to_silver_gold to 2024-01-07T08:00:00+00:00, run_after=2024-01-08T08:00:00+00:00
[2024-10-24T01:49:03.740+0000] {processor.py:179} INFO - Processing /opt/airflow/dags/api_openbrewerydb_to_silver.py took 0.101 seconds
[2024-10-24T01:49:19.872+0000] {processor.py:157} INFO - Started process (PID=253) to work on /opt/airflow/dags/api_openbrewerydb_to_silver.py
[2024-10-24T01:49:19.873+0000] {processor.py:829} INFO - Processing file /opt/airflow/dags/api_openbrewerydb_to_silver.py for tasks to queue
[2024-10-24T01:49:19.875+0000] {logging_mixin.py:151} INFO - [2024-10-24T01:49:19.874+0000] {dagbag.py:539} INFO - Filling up the DagBag from /opt/airflow/dags/api_openbrewerydb_to_silver.py
[2024-10-24T01:49:19.890+0000] {processor.py:839} INFO - DAG(s) dict_keys(['api_openbrewerydb_to_silver_gold']) retrieved from /opt/airflow/dags/api_openbrewerydb_to_silver.py
[2024-10-24T01:49:19.916+0000] {logging_mixin.py:151} INFO - [2024-10-24T01:49:19.916+0000] {dag.py:2915} INFO - Sync 1 DAGs
[2024-10-24T01:49:19.935+0000] {logging_mixin.py:151} INFO - [2024-10-24T01:49:19.935+0000] {dag.py:3696} INFO - Setting next_dagrun for api_openbrewerydb_to_silver_gold to 2024-01-07T08:00:00+00:00, run_after=2024-01-08T08:00:00+00:00
[2024-10-24T01:49:19.949+0000] {processor.py:179} INFO - Processing /opt/airflow/dags/api_openbrewerydb_to_silver.py took 0.085 seconds
[2024-10-24T01:49:50.121+0000] {processor.py:157} INFO - Started process (PID=585) to work on /opt/airflow/dags/api_openbrewerydb_to_silver.py
[2024-10-24T01:49:50.129+0000] {processor.py:829} INFO - Processing file /opt/airflow/dags/api_openbrewerydb_to_silver.py for tasks to queue
[2024-10-24T01:49:50.130+0000] {logging_mixin.py:151} INFO - [2024-10-24T01:49:50.130+0000] {dagbag.py:539} INFO - Filling up the DagBag from /opt/airflow/dags/api_openbrewerydb_to_silver.py
[2024-10-24T01:49:50.151+0000] {processor.py:839} INFO - DAG(s) dict_keys(['api_openbrewerydb_to_silver_gold']) retrieved from /opt/airflow/dags/api_openbrewerydb_to_silver.py
[2024-10-24T01:49:50.185+0000] {logging_mixin.py:151} INFO - [2024-10-24T01:49:50.185+0000] {dag.py:2915} INFO - Sync 1 DAGs
[2024-10-24T01:49:50.221+0000] {processor.py:179} INFO - Processing /opt/airflow/dags/api_openbrewerydb_to_silver.py took 0.104 seconds
[2024-10-24T01:50:20.406+0000] {processor.py:157} INFO - Started process (PID=915) to work on /opt/airflow/dags/api_openbrewerydb_to_silver.py
[2024-10-24T01:50:20.407+0000] {processor.py:829} INFO - Processing file /opt/airflow/dags/api_openbrewerydb_to_silver.py for tasks to queue
[2024-10-24T01:50:20.408+0000] {logging_mixin.py:151} INFO - [2024-10-24T01:50:20.408+0000] {dagbag.py:539} INFO - Filling up the DagBag from /opt/airflow/dags/api_openbrewerydb_to_silver.py
[2024-10-24T01:50:20.421+0000] {processor.py:839} INFO - DAG(s) dict_keys(['api_openbrewerydb_to_silver_gold']) retrieved from /opt/airflow/dags/api_openbrewerydb_to_silver.py
[2024-10-24T01:50:20.453+0000] {logging_mixin.py:151} INFO - [2024-10-24T01:50:20.452+0000] {dag.py:2915} INFO - Sync 1 DAGs
[2024-10-24T01:50:20.472+0000] {logging_mixin.py:151} INFO - [2024-10-24T01:50:20.472+0000] {dag.py:3696} INFO - Setting next_dagrun for api_openbrewerydb_to_silver_gold to 2024-01-08T08:00:00+00:00, run_after=2024-01-09T08:00:00+00:00
[2024-10-24T01:50:20.485+0000] {processor.py:179} INFO - Processing /opt/airflow/dags/api_openbrewerydb_to_silver.py took 0.082 seconds
[2024-10-24T01:50:50.691+0000] {processor.py:157} INFO - Started process (PID=925) to work on /opt/airflow/dags/api_openbrewerydb_to_silver.py
[2024-10-24T01:50:50.692+0000] {processor.py:829} INFO - Processing file /opt/airflow/dags/api_openbrewerydb_to_silver.py for tasks to queue
[2024-10-24T01:50:50.693+0000] {logging_mixin.py:151} INFO - [2024-10-24T01:50:50.693+0000] {dagbag.py:539} INFO - Filling up the DagBag from /opt/airflow/dags/api_openbrewerydb_to_silver.py
[2024-10-24T01:50:50.705+0000] {processor.py:839} INFO - DAG(s) dict_keys(['api_openbrewerydb_to_silver_gold']) retrieved from /opt/airflow/dags/api_openbrewerydb_to_silver.py
[2024-10-24T01:50:50.738+0000] {logging_mixin.py:151} INFO - [2024-10-24T01:50:50.738+0000] {dag.py:2915} INFO - Sync 1 DAGs
[2024-10-24T01:50:50.760+0000] {logging_mixin.py:151} INFO - [2024-10-24T01:50:50.760+0000] {dag.py:3696} INFO - Setting next_dagrun for api_openbrewerydb_to_silver_gold to 2024-01-08T08:00:00+00:00, run_after=2024-01-09T08:00:00+00:00
[2024-10-24T01:50:50.775+0000] {processor.py:179} INFO - Processing /opt/airflow/dags/api_openbrewerydb_to_silver.py took 0.088 seconds
[2024-10-24T01:51:21.026+0000] {processor.py:157} INFO - Started process (PID=935) to work on /opt/airflow/dags/api_openbrewerydb_to_silver.py
[2024-10-24T01:51:21.028+0000] {processor.py:829} INFO - Processing file /opt/airflow/dags/api_openbrewerydb_to_silver.py for tasks to queue
[2024-10-24T01:51:21.031+0000] {logging_mixin.py:151} INFO - [2024-10-24T01:51:21.030+0000] {dagbag.py:539} INFO - Filling up the DagBag from /opt/airflow/dags/api_openbrewerydb_to_silver.py
[2024-10-24T01:51:21.057+0000] {processor.py:839} INFO - DAG(s) dict_keys(['api_openbrewerydb_to_silver_gold']) retrieved from /opt/airflow/dags/api_openbrewerydb_to_silver.py
[2024-10-24T01:51:21.084+0000] {logging_mixin.py:151} INFO - [2024-10-24T01:51:21.084+0000] {dag.py:2915} INFO - Sync 1 DAGs
[2024-10-24T01:51:21.102+0000] {logging_mixin.py:151} INFO - [2024-10-24T01:51:21.102+0000] {dag.py:3696} INFO - Setting next_dagrun for api_openbrewerydb_to_silver_gold to 2023-10-22T08:00:00+00:00, run_after=2023-10-23T08:00:00+00:00
[2024-10-24T01:51:21.115+0000] {processor.py:179} INFO - Processing /opt/airflow/dags/api_openbrewerydb_to_silver.py took 0.098 seconds
