[2024-10-24T01:06:19.764+0000] {processor.py:157} INFO - Started process (PID=176) to work on /opt/airflow/dags/api_openbrewerydb_to_bronze.py
[2024-10-24T01:06:19.765+0000] {processor.py:829} INFO - Processing file /opt/airflow/dags/api_openbrewerydb_to_bronze.py for tasks to queue
[2024-10-24T01:06:19.766+0000] {logging_mixin.py:151} INFO - [2024-10-24T01:06:19.766+0000] {dagbag.py:539} INFO - Filling up the DagBag from /opt/airflow/dags/api_openbrewerydb_to_bronze.py
[2024-10-24T01:06:19.788+0000] {processor.py:839} INFO - DAG(s) dict_keys(['api_openbrewerydb_to_bronze']) retrieved from /opt/airflow/dags/api_openbrewerydb_to_bronze.py
[2024-10-24T01:06:19.830+0000] {logging_mixin.py:151} INFO - [2024-10-24T01:06:19.830+0000] {dag.py:2915} INFO - Sync 1 DAGs
[2024-10-24T01:06:19.856+0000] {logging_mixin.py:151} INFO - [2024-10-24T01:06:19.856+0000] {dag.py:3696} INFO - Setting next_dagrun for api_openbrewerydb_to_bronze to 2024-10-22T07:00:00+00:00, run_after=2024-10-23T07:00:00+00:00
[2024-10-24T01:06:19.875+0000] {processor.py:179} INFO - Processing /opt/airflow/dags/api_openbrewerydb_to_bronze.py took 0.115 seconds
[2024-10-24T01:06:54.617+0000] {processor.py:157} INFO - Started process (PID=176) to work on /opt/airflow/dags/api_openbrewerydb_to_bronze.py
[2024-10-24T01:06:54.618+0000] {processor.py:829} INFO - Processing file /opt/airflow/dags/api_openbrewerydb_to_bronze.py for tasks to queue
[2024-10-24T01:06:54.619+0000] {logging_mixin.py:151} INFO - [2024-10-24T01:06:54.618+0000] {dagbag.py:539} INFO - Filling up the DagBag from /opt/airflow/dags/api_openbrewerydb_to_bronze.py
[2024-10-24T01:06:54.637+0000] {processor.py:839} INFO - DAG(s) dict_keys(['api_openbrewerydb_to_bronze']) retrieved from /opt/airflow/dags/api_openbrewerydb_to_bronze.py
[2024-10-24T01:06:54.683+0000] {logging_mixin.py:151} INFO - [2024-10-24T01:06:54.682+0000] {dag.py:2915} INFO - Sync 1 DAGs
[2024-10-24T01:06:54.711+0000] {logging_mixin.py:151} INFO - [2024-10-24T01:06:54.711+0000] {dag.py:3696} INFO - Setting next_dagrun for api_openbrewerydb_to_bronze to 2024-10-22T07:00:00+00:00, run_after=2024-10-23T07:00:00+00:00
[2024-10-24T01:06:54.731+0000] {processor.py:179} INFO - Processing /opt/airflow/dags/api_openbrewerydb_to_bronze.py took 0.117 seconds
[2024-10-24T01:07:24.949+0000] {processor.py:157} INFO - Started process (PID=188) to work on /opt/airflow/dags/api_openbrewerydb_to_bronze.py
[2024-10-24T01:07:24.950+0000] {processor.py:829} INFO - Processing file /opt/airflow/dags/api_openbrewerydb_to_bronze.py for tasks to queue
[2024-10-24T01:07:24.951+0000] {logging_mixin.py:151} INFO - [2024-10-24T01:07:24.951+0000] {dagbag.py:539} INFO - Filling up the DagBag from /opt/airflow/dags/api_openbrewerydb_to_bronze.py
[2024-10-24T01:07:24.965+0000] {processor.py:839} INFO - DAG(s) dict_keys(['api_openbrewerydb_to_bronze']) retrieved from /opt/airflow/dags/api_openbrewerydb_to_bronze.py
[2024-10-24T01:07:24.989+0000] {logging_mixin.py:151} INFO - [2024-10-24T01:07:24.989+0000] {dag.py:2915} INFO - Sync 1 DAGs
[2024-10-24T01:07:25.008+0000] {logging_mixin.py:151} INFO - [2024-10-24T01:07:25.008+0000] {dag.py:3696} INFO - Setting next_dagrun for api_openbrewerydb_to_bronze to 2024-10-22T07:00:00+00:00, run_after=2024-10-23T07:00:00+00:00
[2024-10-24T01:07:25.022+0000] {processor.py:179} INFO - Processing /opt/airflow/dags/api_openbrewerydb_to_bronze.py took 0.079 seconds
[2024-10-24T01:07:57.125+0000] {processor.py:157} INFO - Started process (PID=175) to work on /opt/airflow/dags/api_openbrewerydb_to_bronze.py
[2024-10-24T01:07:57.125+0000] {processor.py:829} INFO - Processing file /opt/airflow/dags/api_openbrewerydb_to_bronze.py for tasks to queue
[2024-10-24T01:07:57.126+0000] {logging_mixin.py:151} INFO - [2024-10-24T01:07:57.126+0000] {dagbag.py:539} INFO - Filling up the DagBag from /opt/airflow/dags/api_openbrewerydb_to_bronze.py
[2024-10-24T01:07:57.140+0000] {processor.py:839} INFO - DAG(s) dict_keys(['api_openbrewerydb_to_bronze']) retrieved from /opt/airflow/dags/api_openbrewerydb_to_bronze.py
[2024-10-24T01:07:57.173+0000] {logging_mixin.py:151} INFO - [2024-10-24T01:07:57.172+0000] {dag.py:2915} INFO - Sync 1 DAGs
[2024-10-24T01:07:57.193+0000] {logging_mixin.py:151} INFO - [2024-10-24T01:07:57.193+0000] {dag.py:3696} INFO - Setting next_dagrun for api_openbrewerydb_to_bronze to 2024-10-22T07:00:00+00:00, run_after=2024-10-23T07:00:00+00:00
[2024-10-24T01:07:57.207+0000] {processor.py:179} INFO - Processing /opt/airflow/dags/api_openbrewerydb_to_bronze.py took 0.086 seconds
[2024-10-24T01:08:27.433+0000] {processor.py:157} INFO - Started process (PID=186) to work on /opt/airflow/dags/api_openbrewerydb_to_bronze.py
[2024-10-24T01:08:27.434+0000] {processor.py:829} INFO - Processing file /opt/airflow/dags/api_openbrewerydb_to_bronze.py for tasks to queue
[2024-10-24T01:08:27.435+0000] {logging_mixin.py:151} INFO - [2024-10-24T01:08:27.434+0000] {dagbag.py:539} INFO - Filling up the DagBag from /opt/airflow/dags/api_openbrewerydb_to_bronze.py
[2024-10-24T01:08:27.445+0000] {processor.py:839} INFO - DAG(s) dict_keys(['api_openbrewerydb_to_bronze']) retrieved from /opt/airflow/dags/api_openbrewerydb_to_bronze.py
[2024-10-24T01:08:27.471+0000] {logging_mixin.py:151} INFO - [2024-10-24T01:08:27.471+0000] {dag.py:2915} INFO - Sync 1 DAGs
[2024-10-24T01:08:27.492+0000] {logging_mixin.py:151} INFO - [2024-10-24T01:08:27.491+0000] {dag.py:3696} INFO - Setting next_dagrun for api_openbrewerydb_to_bronze to 2024-10-22T07:00:00+00:00, run_after=2024-10-23T07:00:00+00:00
[2024-10-24T01:08:27.509+0000] {processor.py:179} INFO - Processing /opt/airflow/dags/api_openbrewerydb_to_bronze.py took 0.079 seconds
[2024-10-24T01:08:57.744+0000] {processor.py:157} INFO - Started process (PID=196) to work on /opt/airflow/dags/api_openbrewerydb_to_bronze.py
[2024-10-24T01:08:57.745+0000] {processor.py:829} INFO - Processing file /opt/airflow/dags/api_openbrewerydb_to_bronze.py for tasks to queue
[2024-10-24T01:08:57.746+0000] {logging_mixin.py:151} INFO - [2024-10-24T01:08:57.746+0000] {dagbag.py:539} INFO - Filling up the DagBag from /opt/airflow/dags/api_openbrewerydb_to_bronze.py
[2024-10-24T01:08:57.763+0000] {processor.py:839} INFO - DAG(s) dict_keys(['api_openbrewerydb_to_bronze']) retrieved from /opt/airflow/dags/api_openbrewerydb_to_bronze.py
[2024-10-24T01:08:57.791+0000] {logging_mixin.py:151} INFO - [2024-10-24T01:08:57.791+0000] {dag.py:2915} INFO - Sync 1 DAGs
[2024-10-24T01:08:57.812+0000] {logging_mixin.py:151} INFO - [2024-10-24T01:08:57.812+0000] {dag.py:3696} INFO - Setting next_dagrun for api_openbrewerydb_to_bronze to 2024-10-22T07:00:00+00:00, run_after=2024-10-23T07:00:00+00:00
[2024-10-24T01:08:57.826+0000] {processor.py:179} INFO - Processing /opt/airflow/dags/api_openbrewerydb_to_bronze.py took 0.086 seconds
[2024-10-24T01:09:28.066+0000] {processor.py:157} INFO - Started process (PID=206) to work on /opt/airflow/dags/api_openbrewerydb_to_bronze.py
[2024-10-24T01:09:28.067+0000] {processor.py:829} INFO - Processing file /opt/airflow/dags/api_openbrewerydb_to_bronze.py for tasks to queue
[2024-10-24T01:09:28.067+0000] {logging_mixin.py:151} INFO - [2024-10-24T01:09:28.067+0000] {dagbag.py:539} INFO - Filling up the DagBag from /opt/airflow/dags/api_openbrewerydb_to_bronze.py
[2024-10-24T01:09:28.081+0000] {processor.py:839} INFO - DAG(s) dict_keys(['api_openbrewerydb_to_bronze']) retrieved from /opt/airflow/dags/api_openbrewerydb_to_bronze.py
[2024-10-24T01:09:28.111+0000] {logging_mixin.py:151} INFO - [2024-10-24T01:09:28.111+0000] {dag.py:2915} INFO - Sync 1 DAGs
[2024-10-24T01:09:28.143+0000] {logging_mixin.py:151} INFO - [2024-10-24T01:09:28.142+0000] {dag.py:3696} INFO - Setting next_dagrun for api_openbrewerydb_to_bronze to 2024-10-22T07:00:00+00:00, run_after=2024-10-23T07:00:00+00:00
[2024-10-24T01:09:28.164+0000] {processor.py:179} INFO - Processing /opt/airflow/dags/api_openbrewerydb_to_bronze.py took 0.101 seconds
[2024-10-24T01:09:58.295+0000] {processor.py:157} INFO - Started process (PID=176) to work on /opt/airflow/dags/api_openbrewerydb_to_bronze.py
[2024-10-24T01:09:58.295+0000] {processor.py:829} INFO - Processing file /opt/airflow/dags/api_openbrewerydb_to_bronze.py for tasks to queue
[2024-10-24T01:09:58.297+0000] {logging_mixin.py:151} INFO - [2024-10-24T01:09:58.296+0000] {dagbag.py:539} INFO - Filling up the DagBag from /opt/airflow/dags/api_openbrewerydb_to_bronze.py
[2024-10-24T01:09:58.308+0000] {processor.py:839} INFO - DAG(s) dict_keys(['api_openbrewerydb_to_bronze']) retrieved from /opt/airflow/dags/api_openbrewerydb_to_bronze.py
[2024-10-24T01:09:58.348+0000] {logging_mixin.py:151} INFO - [2024-10-24T01:09:58.348+0000] {dag.py:2915} INFO - Sync 1 DAGs
[2024-10-24T01:09:58.375+0000] {logging_mixin.py:151} INFO - [2024-10-24T01:09:58.374+0000] {dag.py:3696} INFO - Setting next_dagrun for api_openbrewerydb_to_bronze to 2024-10-22T07:00:00+00:00, run_after=2024-10-23T07:00:00+00:00
[2024-10-24T01:09:58.394+0000] {processor.py:179} INFO - Processing /opt/airflow/dags/api_openbrewerydb_to_bronze.py took 0.101 seconds
[2024-10-24T01:10:28.629+0000] {processor.py:157} INFO - Started process (PID=187) to work on /opt/airflow/dags/api_openbrewerydb_to_bronze.py
[2024-10-24T01:10:28.630+0000] {processor.py:829} INFO - Processing file /opt/airflow/dags/api_openbrewerydb_to_bronze.py for tasks to queue
[2024-10-24T01:10:28.631+0000] {logging_mixin.py:151} INFO - [2024-10-24T01:10:28.631+0000] {dagbag.py:539} INFO - Filling up the DagBag from /opt/airflow/dags/api_openbrewerydb_to_bronze.py
[2024-10-24T01:10:28.643+0000] {processor.py:839} INFO - DAG(s) dict_keys(['api_openbrewerydb_to_bronze']) retrieved from /opt/airflow/dags/api_openbrewerydb_to_bronze.py
[2024-10-24T01:10:28.670+0000] {logging_mixin.py:151} INFO - [2024-10-24T01:10:28.670+0000] {dag.py:2915} INFO - Sync 1 DAGs
[2024-10-24T01:10:28.689+0000] {logging_mixin.py:151} INFO - [2024-10-24T01:10:28.689+0000] {dag.py:3696} INFO - Setting next_dagrun for api_openbrewerydb_to_bronze to 2024-10-22T07:00:00+00:00, run_after=2024-10-23T07:00:00+00:00
[2024-10-24T01:10:28.705+0000] {processor.py:179} INFO - Processing /opt/airflow/dags/api_openbrewerydb_to_bronze.py took 0.079 seconds
[2024-10-24T01:10:58.978+0000] {processor.py:157} INFO - Started process (PID=197) to work on /opt/airflow/dags/api_openbrewerydb_to_bronze.py
[2024-10-24T01:10:58.979+0000] {processor.py:829} INFO - Processing file /opt/airflow/dags/api_openbrewerydb_to_bronze.py for tasks to queue
[2024-10-24T01:10:58.980+0000] {logging_mixin.py:151} INFO - [2024-10-24T01:10:58.979+0000] {dagbag.py:539} INFO - Filling up the DagBag from /opt/airflow/dags/api_openbrewerydb_to_bronze.py
[2024-10-24T01:10:58.996+0000] {processor.py:839} INFO - DAG(s) dict_keys(['api_openbrewerydb_to_bronze']) retrieved from /opt/airflow/dags/api_openbrewerydb_to_bronze.py
[2024-10-24T01:10:59.032+0000] {logging_mixin.py:151} INFO - [2024-10-24T01:10:59.032+0000] {dag.py:2915} INFO - Sync 1 DAGs
[2024-10-24T01:10:59.061+0000] {logging_mixin.py:151} INFO - [2024-10-24T01:10:59.061+0000] {dag.py:3696} INFO - Setting next_dagrun for api_openbrewerydb_to_bronze to 2024-10-22T07:00:00+00:00, run_after=2024-10-23T07:00:00+00:00
[2024-10-24T01:10:59.078+0000] {processor.py:179} INFO - Processing /opt/airflow/dags/api_openbrewerydb_to_bronze.py took 0.104 seconds
[2024-10-24T01:11:29.319+0000] {processor.py:157} INFO - Started process (PID=211) to work on /opt/airflow/dags/api_openbrewerydb_to_bronze.py
[2024-10-24T01:11:29.320+0000] {processor.py:829} INFO - Processing file /opt/airflow/dags/api_openbrewerydb_to_bronze.py for tasks to queue
[2024-10-24T01:11:29.321+0000] {logging_mixin.py:151} INFO - [2024-10-24T01:11:29.320+0000] {dagbag.py:539} INFO - Filling up the DagBag from /opt/airflow/dags/api_openbrewerydb_to_bronze.py
[2024-10-24T01:11:29.333+0000] {processor.py:839} INFO - DAG(s) dict_keys(['api_openbrewerydb_to_bronze']) retrieved from /opt/airflow/dags/api_openbrewerydb_to_bronze.py
[2024-10-24T01:11:29.359+0000] {logging_mixin.py:151} INFO - [2024-10-24T01:11:29.359+0000] {dag.py:2915} INFO - Sync 1 DAGs
[2024-10-24T01:11:29.380+0000] {logging_mixin.py:151} INFO - [2024-10-24T01:11:29.380+0000] {dag.py:3696} INFO - Setting next_dagrun for api_openbrewerydb_to_bronze to 2024-10-23T07:00:00+00:00, run_after=2024-10-24T07:00:00+00:00
[2024-10-24T01:11:29.397+0000] {processor.py:179} INFO - Processing /opt/airflow/dags/api_openbrewerydb_to_bronze.py took 0.081 seconds
[2024-10-24T01:11:59.641+0000] {processor.py:157} INFO - Started process (PID=221) to work on /opt/airflow/dags/api_openbrewerydb_to_bronze.py
[2024-10-24T01:11:59.641+0000] {processor.py:829} INFO - Processing file /opt/airflow/dags/api_openbrewerydb_to_bronze.py for tasks to queue
[2024-10-24T01:11:59.642+0000] {logging_mixin.py:151} INFO - [2024-10-24T01:11:59.642+0000] {dagbag.py:539} INFO - Filling up the DagBag from /opt/airflow/dags/api_openbrewerydb_to_bronze.py
[2024-10-24T01:11:59.654+0000] {processor.py:839} INFO - DAG(s) dict_keys(['api_openbrewerydb_to_bronze']) retrieved from /opt/airflow/dags/api_openbrewerydb_to_bronze.py
[2024-10-24T01:11:59.681+0000] {logging_mixin.py:151} INFO - [2024-10-24T01:11:59.680+0000] {dag.py:2915} INFO - Sync 1 DAGs
[2024-10-24T01:11:59.700+0000] {logging_mixin.py:151} INFO - [2024-10-24T01:11:59.700+0000] {dag.py:3696} INFO - Setting next_dagrun for api_openbrewerydb_to_bronze to 2024-10-23T07:00:00+00:00, run_after=2024-10-24T07:00:00+00:00
[2024-10-24T01:11:59.715+0000] {processor.py:179} INFO - Processing /opt/airflow/dags/api_openbrewerydb_to_bronze.py took 0.078 seconds
[2024-10-24T01:12:30.175+0000] {processor.py:157} INFO - Started process (PID=777) to work on /opt/airflow/dags/api_openbrewerydb_to_bronze.py
[2024-10-24T01:12:30.176+0000] {processor.py:829} INFO - Processing file /opt/airflow/dags/api_openbrewerydb_to_bronze.py for tasks to queue
[2024-10-24T01:12:30.178+0000] {logging_mixin.py:151} INFO - [2024-10-24T01:12:30.177+0000] {dagbag.py:539} INFO - Filling up the DagBag from /opt/airflow/dags/api_openbrewerydb_to_bronze.py
[2024-10-24T01:12:30.225+0000] {processor.py:839} INFO - DAG(s) dict_keys(['api_openbrewerydb_to_bronze']) retrieved from /opt/airflow/dags/api_openbrewerydb_to_bronze.py
[2024-10-24T01:12:30.391+0000] {logging_mixin.py:151} INFO - [2024-10-24T01:12:30.391+0000] {dag.py:2915} INFO - Sync 1 DAGs
[2024-10-24T01:12:30.553+0000] {logging_mixin.py:151} INFO - [2024-10-24T01:12:30.553+0000] {dag.py:3696} INFO - Setting next_dagrun for api_openbrewerydb_to_bronze to 2024-10-23T07:00:00+00:00, run_after=2024-10-24T07:00:00+00:00
[2024-10-24T01:12:30.674+0000] {processor.py:179} INFO - Processing /opt/airflow/dags/api_openbrewerydb_to_bronze.py took 0.504 seconds
[2024-10-24T01:13:26.443+0000] {processor.py:157} INFO - Started process (PID=855) to work on /opt/airflow/dags/api_openbrewerydb_to_bronze.py
[2024-10-24T01:13:32.724+0000] {processor.py:829} INFO - Processing file /opt/airflow/dags/api_openbrewerydb_to_bronze.py for tasks to queue
[2024-10-24T01:13:37.848+0000] {logging_mixin.py:151} INFO - [2024-10-24T01:13:36.084+0000] {dagbag.py:539} INFO - Filling up the DagBag from /opt/airflow/dags/api_openbrewerydb_to_bronze.py
[2024-10-24T01:13:53.923+0000] {processor.py:839} INFO - DAG(s) dict_keys(['api_openbrewerydb_to_bronze']) retrieved from /opt/airflow/dags/api_openbrewerydb_to_bronze.py
[2024-10-24T01:14:35.594+0000] {processor.py:157} INFO - Started process (PID=917) to work on /opt/airflow/dags/api_openbrewerydb_to_bronze.py
[2024-10-24T01:14:35.728+0000] {processor.py:829} INFO - Processing file /opt/airflow/dags/api_openbrewerydb_to_bronze.py for tasks to queue
[2024-10-24T01:14:36.216+0000] {logging_mixin.py:151} INFO - [2024-10-24T01:14:35.774+0000] {dagbag.py:539} INFO - Filling up the DagBag from /opt/airflow/dags/api_openbrewerydb_to_bronze.py
[2024-10-24T01:15:28.361+0000] {processor.py:839} INFO - DAG(s) dict_keys(['api_openbrewerydb_to_bronze']) retrieved from /opt/airflow/dags/api_openbrewerydb_to_bronze.py
[2024-10-24T01:17:08.469+0000] {processor.py:157} INFO - Started process (PID=924) to work on /opt/airflow/dags/api_openbrewerydb_to_bronze.py
[2024-10-24T01:17:08.564+0000] {processor.py:829} INFO - Processing file /opt/airflow/dags/api_openbrewerydb_to_bronze.py for tasks to queue
[2024-10-24T01:17:08.646+0000] {logging_mixin.py:151} INFO - [2024-10-24T01:17:08.613+0000] {dagbag.py:539} INFO - Filling up the DagBag from /opt/airflow/dags/api_openbrewerydb_to_bronze.py
[2024-10-24T01:17:09.312+0000] {processor.py:839} INFO - DAG(s) dict_keys(['api_openbrewerydb_to_bronze']) retrieved from /opt/airflow/dags/api_openbrewerydb_to_bronze.py
[2024-10-24T01:17:20.546+0000] {logging_mixin.py:151} INFO - [2024-10-24T01:17:20.546+0000] {security.py:708} INFO - Not syncing DAG-level permissions for DAG 'DAG:api_openbrewerydb_to_bronze' as access control is unset.
[2024-10-24T01:17:20.549+0000] {logging_mixin.py:151} INFO - [2024-10-24T01:17:20.549+0000] {dag.py:2915} INFO - Sync 1 DAGs
[2024-10-24T01:17:20.794+0000] {logging_mixin.py:151} INFO - [2024-10-24T01:17:20.794+0000] {dag.py:3696} INFO - Setting next_dagrun for api_openbrewerydb_to_bronze to 2024-10-23T07:00:00+00:00, run_after=2024-10-24T07:00:00+00:00
[2024-10-24T01:17:20.983+0000] {processor.py:179} INFO - Processing /opt/airflow/dags/api_openbrewerydb_to_bronze.py took 37.302 seconds
[2024-10-24T01:17:51.689+0000] {processor.py:157} INFO - Started process (PID=1641) to work on /opt/airflow/dags/api_openbrewerydb_to_bronze.py
[2024-10-24T01:17:51.690+0000] {processor.py:829} INFO - Processing file /opt/airflow/dags/api_openbrewerydb_to_bronze.py for tasks to queue
[2024-10-24T01:17:51.691+0000] {logging_mixin.py:151} INFO - [2024-10-24T01:17:51.691+0000] {dagbag.py:539} INFO - Filling up the DagBag from /opt/airflow/dags/api_openbrewerydb_to_bronze.py
[2024-10-24T01:17:51.726+0000] {processor.py:839} INFO - DAG(s) dict_keys(['api_openbrewerydb_to_bronze']) retrieved from /opt/airflow/dags/api_openbrewerydb_to_bronze.py
[2024-10-24T01:17:51.814+0000] {logging_mixin.py:151} INFO - [2024-10-24T01:17:51.813+0000] {dag.py:2915} INFO - Sync 1 DAGs
[2024-10-24T01:17:51.883+0000] {logging_mixin.py:151} INFO - [2024-10-24T01:17:51.883+0000] {dag.py:3696} INFO - Setting next_dagrun for api_openbrewerydb_to_bronze to 2024-10-23T07:00:00+00:00, run_after=2024-10-24T07:00:00+00:00
[2024-10-24T01:17:51.922+0000] {processor.py:179} INFO - Processing /opt/airflow/dags/api_openbrewerydb_to_bronze.py took 0.239 seconds
[2024-10-24T01:18:22.163+0000] {processor.py:157} INFO - Started process (PID=2228) to work on /opt/airflow/dags/api_openbrewerydb_to_bronze.py
[2024-10-24T01:18:22.165+0000] {processor.py:829} INFO - Processing file /opt/airflow/dags/api_openbrewerydb_to_bronze.py for tasks to queue
[2024-10-24T01:18:22.169+0000] {logging_mixin.py:151} INFO - [2024-10-24T01:18:22.166+0000] {dagbag.py:539} INFO - Filling up the DagBag from /opt/airflow/dags/api_openbrewerydb_to_bronze.py
[2024-10-24T01:18:22.243+0000] {processor.py:839} INFO - DAG(s) dict_keys(['api_openbrewerydb_to_bronze']) retrieved from /opt/airflow/dags/api_openbrewerydb_to_bronze.py
[2024-10-24T01:18:22.341+0000] {logging_mixin.py:151} INFO - [2024-10-24T01:18:22.341+0000] {dag.py:2915} INFO - Sync 1 DAGs
[2024-10-24T01:18:22.387+0000] {logging_mixin.py:151} INFO - [2024-10-24T01:18:22.386+0000] {dag.py:3696} INFO - Setting next_dagrun for api_openbrewerydb_to_bronze to 2024-10-23T07:00:00+00:00, run_after=2024-10-24T07:00:00+00:00
[2024-10-24T01:18:22.412+0000] {processor.py:179} INFO - Processing /opt/airflow/dags/api_openbrewerydb_to_bronze.py took 0.258 seconds
[2024-10-24T01:18:52.577+0000] {processor.py:157} INFO - Started process (PID=2958) to work on /opt/airflow/dags/api_openbrewerydb_to_bronze.py
[2024-10-24T01:18:52.578+0000] {processor.py:829} INFO - Processing file /opt/airflow/dags/api_openbrewerydb_to_bronze.py for tasks to queue
[2024-10-24T01:18:52.580+0000] {logging_mixin.py:151} INFO - [2024-10-24T01:18:52.579+0000] {dagbag.py:539} INFO - Filling up the DagBag from /opt/airflow/dags/api_openbrewerydb_to_bronze.py
[2024-10-24T01:18:52.595+0000] {processor.py:839} INFO - DAG(s) dict_keys(['api_openbrewerydb_to_bronze']) retrieved from /opt/airflow/dags/api_openbrewerydb_to_bronze.py
[2024-10-24T01:18:52.642+0000] {logging_mixin.py:151} INFO - [2024-10-24T01:18:52.642+0000] {dag.py:2915} INFO - Sync 1 DAGs
[2024-10-24T01:18:52.677+0000] {logging_mixin.py:151} INFO - [2024-10-24T01:18:52.677+0000] {dag.py:3696} INFO - Setting next_dagrun for api_openbrewerydb_to_bronze to 2024-10-23T07:00:00+00:00, run_after=2024-10-24T07:00:00+00:00
[2024-10-24T01:18:52.703+0000] {processor.py:179} INFO - Processing /opt/airflow/dags/api_openbrewerydb_to_bronze.py took 0.129 seconds
[2024-10-24T01:19:22.893+0000] {processor.py:157} INFO - Started process (PID=3709) to work on /opt/airflow/dags/api_openbrewerydb_to_bronze.py
[2024-10-24T01:19:22.908+0000] {processor.py:829} INFO - Processing file /opt/airflow/dags/api_openbrewerydb_to_bronze.py for tasks to queue
[2024-10-24T01:19:22.910+0000] {logging_mixin.py:151} INFO - [2024-10-24T01:19:22.909+0000] {dagbag.py:539} INFO - Filling up the DagBag from /opt/airflow/dags/api_openbrewerydb_to_bronze.py
[2024-10-24T01:19:22.954+0000] {processor.py:839} INFO - DAG(s) dict_keys(['api_openbrewerydb_to_bronze']) retrieved from /opt/airflow/dags/api_openbrewerydb_to_bronze.py
[2024-10-24T01:19:23.041+0000] {logging_mixin.py:151} INFO - [2024-10-24T01:19:23.040+0000] {dag.py:2915} INFO - Sync 1 DAGs
[2024-10-24T01:19:23.109+0000] {logging_mixin.py:151} INFO - [2024-10-24T01:19:23.109+0000] {dag.py:3696} INFO - Setting next_dagrun for api_openbrewerydb_to_bronze to 2024-10-23T07:00:00+00:00, run_after=2024-10-24T07:00:00+00:00
[2024-10-24T01:19:23.155+0000] {processor.py:179} INFO - Processing /opt/airflow/dags/api_openbrewerydb_to_bronze.py took 0.268 seconds
[2024-10-24T01:19:53.472+0000] {processor.py:157} INFO - Started process (PID=4298) to work on /opt/airflow/dags/api_openbrewerydb_to_bronze.py
[2024-10-24T01:19:53.474+0000] {processor.py:829} INFO - Processing file /opt/airflow/dags/api_openbrewerydb_to_bronze.py for tasks to queue
[2024-10-24T01:19:53.475+0000] {logging_mixin.py:151} INFO - [2024-10-24T01:19:53.475+0000] {dagbag.py:539} INFO - Filling up the DagBag from /opt/airflow/dags/api_openbrewerydb_to_bronze.py
[2024-10-24T01:19:53.506+0000] {processor.py:839} INFO - DAG(s) dict_keys(['api_openbrewerydb_to_bronze']) retrieved from /opt/airflow/dags/api_openbrewerydb_to_bronze.py
[2024-10-24T01:19:53.587+0000] {logging_mixin.py:151} INFO - [2024-10-24T01:19:53.587+0000] {dag.py:2915} INFO - Sync 1 DAGs
[2024-10-24T01:19:53.651+0000] {logging_mixin.py:151} INFO - [2024-10-24T01:19:53.650+0000] {dag.py:3696} INFO - Setting next_dagrun for api_openbrewerydb_to_bronze to 2024-10-23T07:00:00+00:00, run_after=2024-10-24T07:00:00+00:00
[2024-10-24T01:19:53.699+0000] {processor.py:179} INFO - Processing /opt/airflow/dags/api_openbrewerydb_to_bronze.py took 0.233 seconds
[2024-10-24T01:20:23.944+0000] {processor.py:157} INFO - Started process (PID=4882) to work on /opt/airflow/dags/api_openbrewerydb_to_bronze.py
[2024-10-24T01:20:23.945+0000] {processor.py:829} INFO - Processing file /opt/airflow/dags/api_openbrewerydb_to_bronze.py for tasks to queue
[2024-10-24T01:20:23.946+0000] {logging_mixin.py:151} INFO - [2024-10-24T01:20:23.946+0000] {dagbag.py:539} INFO - Filling up the DagBag from /opt/airflow/dags/api_openbrewerydb_to_bronze.py
[2024-10-24T01:20:23.975+0000] {processor.py:839} INFO - DAG(s) dict_keys(['api_openbrewerydb_to_bronze']) retrieved from /opt/airflow/dags/api_openbrewerydb_to_bronze.py
[2024-10-24T01:20:24.041+0000] {logging_mixin.py:151} INFO - [2024-10-24T01:20:24.040+0000] {dag.py:2915} INFO - Sync 1 DAGs
[2024-10-24T01:20:24.096+0000] {logging_mixin.py:151} INFO - [2024-10-24T01:20:24.095+0000] {dag.py:3696} INFO - Setting next_dagrun for api_openbrewerydb_to_bronze to 2024-10-23T07:00:00+00:00, run_after=2024-10-24T07:00:00+00:00
[2024-10-24T01:20:24.136+0000] {processor.py:179} INFO - Processing /opt/airflow/dags/api_openbrewerydb_to_bronze.py took 0.199 seconds
[2024-10-24T01:20:54.354+0000] {processor.py:157} INFO - Started process (PID=5527) to work on /opt/airflow/dags/api_openbrewerydb_to_bronze.py
[2024-10-24T01:20:54.355+0000] {processor.py:829} INFO - Processing file /opt/airflow/dags/api_openbrewerydb_to_bronze.py for tasks to queue
[2024-10-24T01:20:54.357+0000] {logging_mixin.py:151} INFO - [2024-10-24T01:20:54.356+0000] {dagbag.py:539} INFO - Filling up the DagBag from /opt/airflow/dags/api_openbrewerydb_to_bronze.py
[2024-10-24T01:20:54.382+0000] {processor.py:839} INFO - DAG(s) dict_keys(['api_openbrewerydb_to_bronze']) retrieved from /opt/airflow/dags/api_openbrewerydb_to_bronze.py
[2024-10-24T01:20:54.459+0000] {logging_mixin.py:151} INFO - [2024-10-24T01:20:54.459+0000] {dag.py:2915} INFO - Sync 1 DAGs
[2024-10-24T01:20:54.522+0000] {logging_mixin.py:151} INFO - [2024-10-24T01:20:54.522+0000] {dag.py:3696} INFO - Setting next_dagrun for api_openbrewerydb_to_bronze to 2024-10-23T07:00:00+00:00, run_after=2024-10-24T07:00:00+00:00
[2024-10-24T01:20:54.565+0000] {processor.py:179} INFO - Processing /opt/airflow/dags/api_openbrewerydb_to_bronze.py took 0.216 seconds
[2024-10-24T01:21:24.764+0000] {processor.py:157} INFO - Started process (PID=6211) to work on /opt/airflow/dags/api_openbrewerydb_to_bronze.py
[2024-10-24T01:21:24.765+0000] {processor.py:829} INFO - Processing file /opt/airflow/dags/api_openbrewerydb_to_bronze.py for tasks to queue
[2024-10-24T01:21:24.767+0000] {logging_mixin.py:151} INFO - [2024-10-24T01:21:24.766+0000] {dagbag.py:539} INFO - Filling up the DagBag from /opt/airflow/dags/api_openbrewerydb_to_bronze.py
[2024-10-24T01:21:24.796+0000] {processor.py:839} INFO - DAG(s) dict_keys(['api_openbrewerydb_to_bronze']) retrieved from /opt/airflow/dags/api_openbrewerydb_to_bronze.py
[2024-10-24T01:21:24.859+0000] {logging_mixin.py:151} INFO - [2024-10-24T01:21:24.859+0000] {dag.py:2915} INFO - Sync 1 DAGs
[2024-10-24T01:21:24.925+0000] {logging_mixin.py:151} INFO - [2024-10-24T01:21:24.924+0000] {dag.py:3696} INFO - Setting next_dagrun for api_openbrewerydb_to_bronze to 2024-10-23T07:00:00+00:00, run_after=2024-10-24T07:00:00+00:00
[2024-10-24T01:21:24.971+0000] {processor.py:179} INFO - Processing /opt/airflow/dags/api_openbrewerydb_to_bronze.py took 0.213 seconds
[2024-10-24T01:21:55.218+0000] {processor.py:157} INFO - Started process (PID=6772) to work on /opt/airflow/dags/api_openbrewerydb_to_bronze.py
[2024-10-24T01:21:55.221+0000] {processor.py:829} INFO - Processing file /opt/airflow/dags/api_openbrewerydb_to_bronze.py for tasks to queue
[2024-10-24T01:21:55.223+0000] {logging_mixin.py:151} INFO - [2024-10-24T01:21:55.222+0000] {dagbag.py:539} INFO - Filling up the DagBag from /opt/airflow/dags/api_openbrewerydb_to_bronze.py
[2024-10-24T01:21:55.250+0000] {processor.py:839} INFO - DAG(s) dict_keys(['api_openbrewerydb_to_bronze']) retrieved from /opt/airflow/dags/api_openbrewerydb_to_bronze.py
[2024-10-24T01:21:55.316+0000] {logging_mixin.py:151} INFO - [2024-10-24T01:21:55.316+0000] {dag.py:2915} INFO - Sync 1 DAGs
[2024-10-24T01:21:55.370+0000] {logging_mixin.py:151} INFO - [2024-10-24T01:21:55.370+0000] {dag.py:3696} INFO - Setting next_dagrun for api_openbrewerydb_to_bronze to 2024-10-23T07:00:00+00:00, run_after=2024-10-24T07:00:00+00:00
[2024-10-24T01:21:55.402+0000] {processor.py:179} INFO - Processing /opt/airflow/dags/api_openbrewerydb_to_bronze.py took 0.192 seconds
[2024-10-24T01:22:25.908+0000] {processor.py:157} INFO - Started process (PID=7345) to work on /opt/airflow/dags/api_openbrewerydb_to_bronze.py
[2024-10-24T01:22:25.912+0000] {processor.py:829} INFO - Processing file /opt/airflow/dags/api_openbrewerydb_to_bronze.py for tasks to queue
[2024-10-24T01:22:25.927+0000] {logging_mixin.py:151} INFO - [2024-10-24T01:22:25.926+0000] {dagbag.py:539} INFO - Filling up the DagBag from /opt/airflow/dags/api_openbrewerydb_to_bronze.py
[2024-10-24T01:22:26.066+0000] {processor.py:839} INFO - DAG(s) dict_keys(['api_openbrewerydb_to_bronze']) retrieved from /opt/airflow/dags/api_openbrewerydb_to_bronze.py
[2024-10-24T01:22:26.421+0000] {logging_mixin.py:151} INFO - [2024-10-24T01:22:26.421+0000] {dag.py:2915} INFO - Sync 1 DAGs
[2024-10-24T01:22:26.542+0000] {logging_mixin.py:151} INFO - [2024-10-24T01:22:26.541+0000] {dag.py:3696} INFO - Setting next_dagrun for api_openbrewerydb_to_bronze to 2024-10-23T07:00:00+00:00, run_after=2024-10-24T07:00:00+00:00
[2024-10-24T01:22:26.611+0000] {processor.py:179} INFO - Processing /opt/airflow/dags/api_openbrewerydb_to_bronze.py took 0.799 seconds
[2024-10-24T01:22:57.651+0000] {processor.py:157} INFO - Started process (PID=8068) to work on /opt/airflow/dags/api_openbrewerydb_to_bronze.py
[2024-10-24T01:22:57.657+0000] {processor.py:829} INFO - Processing file /opt/airflow/dags/api_openbrewerydb_to_bronze.py for tasks to queue
[2024-10-24T01:22:57.682+0000] {logging_mixin.py:151} INFO - [2024-10-24T01:22:57.666+0000] {dagbag.py:539} INFO - Filling up the DagBag from /opt/airflow/dags/api_openbrewerydb_to_bronze.py
[2024-10-24T01:22:58.398+0000] {processor.py:839} INFO - DAG(s) dict_keys(['api_openbrewerydb_to_bronze']) retrieved from /opt/airflow/dags/api_openbrewerydb_to_bronze.py
[2024-10-24T01:23:00.088+0000] {logging_mixin.py:151} INFO - [2024-10-24T01:23:00.020+0000] {dag.py:2915} INFO - Sync 1 DAGs
[2024-10-24T01:25:16.140+0000] {processor.py:157} INFO - Started process (PID=8318) to work on /opt/airflow/dags/api_openbrewerydb_to_bronze.py
[2024-10-24T01:25:16.151+0000] {processor.py:829} INFO - Processing file /opt/airflow/dags/api_openbrewerydb_to_bronze.py for tasks to queue
[2024-10-24T01:25:16.159+0000] {logging_mixin.py:151} INFO - [2024-10-24T01:25:16.154+0000] {dagbag.py:539} INFO - Filling up the DagBag from /opt/airflow/dags/api_openbrewerydb_to_bronze.py
[2024-10-24T01:25:16.587+0000] {processor.py:839} INFO - DAG(s) dict_keys(['api_openbrewerydb_to_bronze']) retrieved from /opt/airflow/dags/api_openbrewerydb_to_bronze.py
[2024-10-24T01:25:59.574+0000] {logging_mixin.py:151} INFO - [2024-10-24T01:25:59.451+0000] {security.py:708} INFO - Not syncing DAG-level permissions for DAG 'DAG:api_openbrewerydb_to_bronze' as access control is unset.
[2024-10-24T01:25:59.739+0000] {logging_mixin.py:151} INFO - [2024-10-24T01:25:59.648+0000] {dag.py:2915} INFO - Sync 1 DAGs
[2024-10-24T01:26:48.096+0000] {processor.py:157} INFO - Started process (PID=8691) to work on /opt/airflow/dags/api_openbrewerydb_to_bronze.py
[2024-10-24T01:26:48.098+0000] {processor.py:829} INFO - Processing file /opt/airflow/dags/api_openbrewerydb_to_bronze.py for tasks to queue
[2024-10-24T01:26:48.099+0000] {logging_mixin.py:151} INFO - [2024-10-24T01:26:48.099+0000] {dagbag.py:539} INFO - Filling up the DagBag from /opt/airflow/dags/api_openbrewerydb_to_bronze.py
[2024-10-24T01:26:48.126+0000] {processor.py:839} INFO - DAG(s) dict_keys(['api_openbrewerydb_to_bronze']) retrieved from /opt/airflow/dags/api_openbrewerydb_to_bronze.py
[2024-10-24T01:26:48.381+0000] {logging_mixin.py:151} INFO - [2024-10-24T01:26:48.381+0000] {security.py:708} INFO - Not syncing DAG-level permissions for DAG 'DAG:api_openbrewerydb_to_bronze' as access control is unset.
[2024-10-24T01:26:48.382+0000] {logging_mixin.py:151} INFO - [2024-10-24T01:26:48.381+0000] {dag.py:2915} INFO - Sync 1 DAGs
[2024-10-24T01:26:48.428+0000] {logging_mixin.py:151} INFO - [2024-10-24T01:26:48.427+0000] {dag.py:3696} INFO - Setting next_dagrun for api_openbrewerydb_to_bronze to 2024-10-23T07:00:00+00:00, run_after=2024-10-24T07:00:00+00:00
[2024-10-24T01:26:48.461+0000] {processor.py:179} INFO - Processing /opt/airflow/dags/api_openbrewerydb_to_bronze.py took 0.371 seconds
[2024-10-24T01:27:18.725+0000] {processor.py:157} INFO - Started process (PID=9535) to work on /opt/airflow/dags/api_openbrewerydb_to_bronze.py
[2024-10-24T01:27:18.730+0000] {processor.py:829} INFO - Processing file /opt/airflow/dags/api_openbrewerydb_to_bronze.py for tasks to queue
[2024-10-24T01:27:18.732+0000] {logging_mixin.py:151} INFO - [2024-10-24T01:27:18.731+0000] {dagbag.py:539} INFO - Filling up the DagBag from /opt/airflow/dags/api_openbrewerydb_to_bronze.py
[2024-10-24T01:27:18.763+0000] {processor.py:839} INFO - DAG(s) dict_keys(['api_openbrewerydb_to_bronze']) retrieved from /opt/airflow/dags/api_openbrewerydb_to_bronze.py
[2024-10-24T01:27:18.946+0000] {logging_mixin.py:151} INFO - [2024-10-24T01:27:18.945+0000] {dag.py:2915} INFO - Sync 1 DAGs
[2024-10-24T01:27:19.200+0000] {logging_mixin.py:151} INFO - [2024-10-24T01:27:19.200+0000] {dag.py:3696} INFO - Setting next_dagrun for api_openbrewerydb_to_bronze to 2024-10-23T07:00:00+00:00, run_after=2024-10-24T07:00:00+00:00
[2024-10-24T01:27:19.355+0000] {processor.py:179} INFO - Processing /opt/airflow/dags/api_openbrewerydb_to_bronze.py took 0.638 seconds
[2024-10-24T01:28:02.606+0000] {processor.py:157} INFO - Started process (PID=10380) to work on /opt/airflow/dags/api_openbrewerydb_to_bronze.py
[2024-10-24T01:28:03.675+0000] {processor.py:829} INFO - Processing file /opt/airflow/dags/api_openbrewerydb_to_bronze.py for tasks to queue
[2024-10-24T01:28:05.641+0000] {logging_mixin.py:151} INFO - [2024-10-24T01:28:04.072+0000] {dagbag.py:539} INFO - Filling up the DagBag from /opt/airflow/dags/api_openbrewerydb_to_bronze.py
[2024-10-24T01:28:54.839+0000] {logging_mixin.py:151} INFO - [2024-10-24T01:28:49.096+0000] {timeout.py:68} ERROR - Process timed out, PID: 10380
[2024-10-24T01:34:02.983+0000] {processor.py:157} INFO - Started process (PID=10522) to work on /opt/airflow/dags/api_openbrewerydb_to_bronze.py
[2024-10-24T01:34:03.128+0000] {processor.py:829} INFO - Processing file /opt/airflow/dags/api_openbrewerydb_to_bronze.py for tasks to queue
[2024-10-24T01:34:03.186+0000] {logging_mixin.py:151} INFO - [2024-10-24T01:34:03.174+0000] {dagbag.py:539} INFO - Filling up the DagBag from /opt/airflow/dags/api_openbrewerydb_to_bronze.py
[2024-10-24T01:34:09.886+0000] {processor.py:839} INFO - DAG(s) dict_keys(['api_openbrewerydb_to_bronze']) retrieved from /opt/airflow/dags/api_openbrewerydb_to_bronze.py
[2024-10-24T01:35:55.194+0000] {processor.py:157} INFO - Started process (PID=11428) to work on /opt/airflow/dags/api_openbrewerydb_to_bronze.py
[2024-10-24T01:35:55.197+0000] {processor.py:829} INFO - Processing file /opt/airflow/dags/api_openbrewerydb_to_bronze.py for tasks to queue
[2024-10-24T01:35:55.200+0000] {logging_mixin.py:151} INFO - [2024-10-24T01:35:55.199+0000] {dagbag.py:539} INFO - Filling up the DagBag from /opt/airflow/dags/api_openbrewerydb_to_bronze.py
[2024-10-24T01:35:55.283+0000] {processor.py:839} INFO - DAG(s) dict_keys(['api_openbrewerydb_to_bronze']) retrieved from /opt/airflow/dags/api_openbrewerydb_to_bronze.py
[2024-10-24T01:35:55.636+0000] {logging_mixin.py:151} INFO - [2024-10-24T01:35:55.636+0000] {security.py:708} INFO - Not syncing DAG-level permissions for DAG 'DAG:api_openbrewerydb_to_bronze' as access control is unset.
[2024-10-24T01:35:55.637+0000] {logging_mixin.py:151} INFO - [2024-10-24T01:35:55.637+0000] {dag.py:2915} INFO - Sync 1 DAGs
[2024-10-24T01:35:55.690+0000] {logging_mixin.py:151} INFO - [2024-10-24T01:35:55.690+0000] {dag.py:3696} INFO - Setting next_dagrun for api_openbrewerydb_to_bronze to 2024-10-23T07:00:00+00:00, run_after=2024-10-24T07:00:00+00:00
[2024-10-24T01:35:55.718+0000] {processor.py:179} INFO - Processing /opt/airflow/dags/api_openbrewerydb_to_bronze.py took 0.551 seconds
[2024-10-24T01:37:05.821+0000] {processor.py:157} INFO - Started process (PID=172) to work on /opt/airflow/dags/api_openbrewerydb_to_bronze.py
[2024-10-24T01:37:05.822+0000] {processor.py:829} INFO - Processing file /opt/airflow/dags/api_openbrewerydb_to_bronze.py for tasks to queue
[2024-10-24T01:37:05.824+0000] {logging_mixin.py:151} INFO - [2024-10-24T01:37:05.823+0000] {dagbag.py:539} INFO - Filling up the DagBag from /opt/airflow/dags/api_openbrewerydb_to_bronze.py
[2024-10-24T01:37:05.843+0000] {processor.py:839} INFO - DAG(s) dict_keys(['api_openbrewerydb_to_bronze']) retrieved from /opt/airflow/dags/api_openbrewerydb_to_bronze.py
[2024-10-24T01:37:05.886+0000] {logging_mixin.py:151} INFO - [2024-10-24T01:37:05.886+0000] {dag.py:2915} INFO - Sync 1 DAGs
[2024-10-24T01:37:05.918+0000] {logging_mixin.py:151} INFO - [2024-10-24T01:37:05.918+0000] {dag.py:3696} INFO - Setting next_dagrun for api_openbrewerydb_to_bronze to 2024-10-23T07:00:00+00:00, run_after=2024-10-24T07:00:00+00:00
[2024-10-24T01:37:05.936+0000] {processor.py:179} INFO - Processing /opt/airflow/dags/api_openbrewerydb_to_bronze.py took 0.119 seconds
[2024-10-24T01:37:36.074+0000] {processor.py:157} INFO - Started process (PID=1141) to work on /opt/airflow/dags/api_openbrewerydb_to_bronze.py
[2024-10-24T01:37:36.075+0000] {processor.py:829} INFO - Processing file /opt/airflow/dags/api_openbrewerydb_to_bronze.py for tasks to queue
[2024-10-24T01:37:36.078+0000] {logging_mixin.py:151} INFO - [2024-10-24T01:37:36.077+0000] {dagbag.py:539} INFO - Filling up the DagBag from /opt/airflow/dags/api_openbrewerydb_to_bronze.py
[2024-10-24T01:37:36.125+0000] {processor.py:839} INFO - DAG(s) dict_keys(['api_openbrewerydb_to_bronze']) retrieved from /opt/airflow/dags/api_openbrewerydb_to_bronze.py
[2024-10-24T01:37:36.199+0000] {logging_mixin.py:151} INFO - [2024-10-24T01:37:36.199+0000] {dag.py:2915} INFO - Sync 1 DAGs
[2024-10-24T01:37:36.275+0000] {logging_mixin.py:151} INFO - [2024-10-24T01:37:36.275+0000] {dag.py:3696} INFO - Setting next_dagrun for api_openbrewerydb_to_bronze to 2024-10-23T07:00:00+00:00, run_after=2024-10-24T07:00:00+00:00
[2024-10-24T01:37:36.301+0000] {processor.py:179} INFO - Processing /opt/airflow/dags/api_openbrewerydb_to_bronze.py took 0.230 seconds
[2024-10-24T01:38:06.500+0000] {processor.py:157} INFO - Started process (PID=1888) to work on /opt/airflow/dags/api_openbrewerydb_to_bronze.py
[2024-10-24T01:38:06.501+0000] {processor.py:829} INFO - Processing file /opt/airflow/dags/api_openbrewerydb_to_bronze.py for tasks to queue
[2024-10-24T01:38:06.503+0000] {logging_mixin.py:151} INFO - [2024-10-24T01:38:06.503+0000] {dagbag.py:539} INFO - Filling up the DagBag from /opt/airflow/dags/api_openbrewerydb_to_bronze.py
[2024-10-24T01:38:06.525+0000] {processor.py:839} INFO - DAG(s) dict_keys(['api_openbrewerydb_to_bronze']) retrieved from /opt/airflow/dags/api_openbrewerydb_to_bronze.py
[2024-10-24T01:38:06.591+0000] {logging_mixin.py:151} INFO - [2024-10-24T01:38:06.591+0000] {dag.py:2915} INFO - Sync 1 DAGs
[2024-10-24T01:38:06.634+0000] {logging_mixin.py:151} INFO - [2024-10-24T01:38:06.633+0000] {dag.py:3696} INFO - Setting next_dagrun for api_openbrewerydb_to_bronze to 2024-10-23T07:00:00+00:00, run_after=2024-10-24T07:00:00+00:00
[2024-10-24T01:38:06.656+0000] {processor.py:179} INFO - Processing /opt/airflow/dags/api_openbrewerydb_to_bronze.py took 0.161 seconds
[2024-10-24T01:38:36.860+0000] {processor.py:157} INFO - Started process (PID=2715) to work on /opt/airflow/dags/api_openbrewerydb_to_bronze.py
[2024-10-24T01:38:36.860+0000] {processor.py:829} INFO - Processing file /opt/airflow/dags/api_openbrewerydb_to_bronze.py for tasks to queue
[2024-10-24T01:38:36.864+0000] {logging_mixin.py:151} INFO - [2024-10-24T01:38:36.861+0000] {dagbag.py:539} INFO - Filling up the DagBag from /opt/airflow/dags/api_openbrewerydb_to_bronze.py
[2024-10-24T01:38:36.936+0000] {processor.py:839} INFO - DAG(s) dict_keys(['api_openbrewerydb_to_bronze']) retrieved from /opt/airflow/dags/api_openbrewerydb_to_bronze.py
[2024-10-24T01:38:37.007+0000] {logging_mixin.py:151} INFO - [2024-10-24T01:38:37.007+0000] {dag.py:2915} INFO - Sync 1 DAGs
[2024-10-24T01:38:37.054+0000] {logging_mixin.py:151} INFO - [2024-10-24T01:38:37.054+0000] {dag.py:3696} INFO - Setting next_dagrun for api_openbrewerydb_to_bronze to 2024-10-23T07:00:00+00:00, run_after=2024-10-24T07:00:00+00:00
[2024-10-24T01:38:37.101+0000] {processor.py:179} INFO - Processing /opt/airflow/dags/api_openbrewerydb_to_bronze.py took 0.266 seconds
[2024-10-24T01:39:07.384+0000] {processor.py:157} INFO - Started process (PID=3366) to work on /opt/airflow/dags/api_openbrewerydb_to_bronze.py
[2024-10-24T01:39:07.387+0000] {processor.py:829} INFO - Processing file /opt/airflow/dags/api_openbrewerydb_to_bronze.py for tasks to queue
[2024-10-24T01:39:07.390+0000] {logging_mixin.py:151} INFO - [2024-10-24T01:39:07.389+0000] {dagbag.py:539} INFO - Filling up the DagBag from /opt/airflow/dags/api_openbrewerydb_to_bronze.py
[2024-10-24T01:39:07.443+0000] {processor.py:839} INFO - DAG(s) dict_keys(['api_openbrewerydb_to_bronze']) retrieved from /opt/airflow/dags/api_openbrewerydb_to_bronze.py
[2024-10-24T01:39:07.578+0000] {logging_mixin.py:151} INFO - [2024-10-24T01:39:07.578+0000] {dag.py:2915} INFO - Sync 1 DAGs
[2024-10-24T01:39:07.693+0000] {logging_mixin.py:151} INFO - [2024-10-24T01:39:07.693+0000] {dag.py:3696} INFO - Setting next_dagrun for api_openbrewerydb_to_bronze to 2024-10-23T07:00:00+00:00, run_after=2024-10-24T07:00:00+00:00
[2024-10-24T01:39:07.798+0000] {processor.py:179} INFO - Processing /opt/airflow/dags/api_openbrewerydb_to_bronze.py took 0.422 seconds
[2024-10-24T01:39:38.479+0000] {processor.py:157} INFO - Started process (PID=4088) to work on /opt/airflow/dags/api_openbrewerydb_to_bronze.py
[2024-10-24T01:39:38.494+0000] {processor.py:829} INFO - Processing file /opt/airflow/dags/api_openbrewerydb_to_bronze.py for tasks to queue
[2024-10-24T01:39:38.505+0000] {logging_mixin.py:151} INFO - [2024-10-24T01:39:38.497+0000] {dagbag.py:539} INFO - Filling up the DagBag from /opt/airflow/dags/api_openbrewerydb_to_bronze.py
[2024-10-24T01:39:38.879+0000] {processor.py:839} INFO - DAG(s) dict_keys(['api_openbrewerydb_to_bronze']) retrieved from /opt/airflow/dags/api_openbrewerydb_to_bronze.py
[2024-10-24T01:39:39.240+0000] {logging_mixin.py:151} INFO - [2024-10-24T01:39:39.239+0000] {dag.py:2915} INFO - Sync 1 DAGs
[2024-10-24T01:39:39.900+0000] {logging_mixin.py:151} INFO - [2024-10-24T01:39:39.897+0000] {dag.py:3696} INFO - Setting next_dagrun for api_openbrewerydb_to_bronze to 2024-10-23T07:00:00+00:00, run_after=2024-10-24T07:00:00+00:00
[2024-10-24T01:39:40.158+0000] {processor.py:179} INFO - Processing /opt/airflow/dags/api_openbrewerydb_to_bronze.py took 1.745 seconds
[2024-10-24T01:40:32.673+0000] {processor.py:157} INFO - Started process (PID=4203) to work on /opt/airflow/dags/api_openbrewerydb_to_bronze.py
[2024-10-24T01:40:32.676+0000] {processor.py:829} INFO - Processing file /opt/airflow/dags/api_openbrewerydb_to_bronze.py for tasks to queue
[2024-10-24T01:40:32.722+0000] {logging_mixin.py:151} INFO - [2024-10-24T01:40:32.721+0000] {dagbag.py:539} INFO - Filling up the DagBag from /opt/airflow/dags/api_openbrewerydb_to_bronze.py
[2024-10-24T01:40:33.207+0000] {processor.py:839} INFO - DAG(s) dict_keys(['api_openbrewerydb_to_bronze']) retrieved from /opt/airflow/dags/api_openbrewerydb_to_bronze.py
[2024-10-24T01:40:34.297+0000] {logging_mixin.py:151} INFO - [2024-10-24T01:40:34.296+0000] {dag.py:2915} INFO - Sync 1 DAGs
[2024-10-24T01:40:35.721+0000] {logging_mixin.py:151} INFO - [2024-10-24T01:40:35.607+0000] {dag.py:3696} INFO - Setting next_dagrun for api_openbrewerydb_to_bronze to 2024-10-23T07:00:00+00:00, run_after=2024-10-24T07:00:00+00:00
[2024-10-24T01:41:13.542+0000] {processor.py:179} INFO - Processing /opt/airflow/dags/api_openbrewerydb_to_bronze.py took 41.003 seconds
[2024-10-24T01:43:13.603+0000] {processor.py:157} INFO - Started process (PID=4261) to work on /opt/airflow/dags/api_openbrewerydb_to_bronze.py
[2024-10-24T01:43:16.629+0000] {processor.py:829} INFO - Processing file /opt/airflow/dags/api_openbrewerydb_to_bronze.py for tasks to queue
[2024-10-24T01:43:21.203+0000] {logging_mixin.py:151} INFO - [2024-10-24T01:43:18.552+0000] {dagbag.py:539} INFO - Filling up the DagBag from /opt/airflow/dags/api_openbrewerydb_to_bronze.py
[2024-10-24T01:43:26.995+0000] {processor.py:839} INFO - DAG(s) dict_keys(['api_openbrewerydb_to_bronze']) retrieved from /opt/airflow/dags/api_openbrewerydb_to_bronze.py
[2024-10-24T01:44:29.839+0000] {processor.py:157} INFO - Started process (PID=4308) to work on /opt/airflow/dags/api_openbrewerydb_to_bronze.py
[2024-10-24T01:44:29.848+0000] {processor.py:829} INFO - Processing file /opt/airflow/dags/api_openbrewerydb_to_bronze.py for tasks to queue
[2024-10-24T01:44:29.861+0000] {logging_mixin.py:151} INFO - [2024-10-24T01:44:29.851+0000] {dagbag.py:539} INFO - Filling up the DagBag from /opt/airflow/dags/api_openbrewerydb_to_bronze.py
[2024-10-24T01:44:30.867+0000] {processor.py:839} INFO - DAG(s) dict_keys(['api_openbrewerydb_to_bronze']) retrieved from /opt/airflow/dags/api_openbrewerydb_to_bronze.py
[2024-10-24T01:44:34.396+0000] {logging_mixin.py:151} INFO - [2024-10-24T01:44:34.395+0000] {security.py:708} INFO - Not syncing DAG-level permissions for DAG 'DAG:api_openbrewerydb_to_bronze' as access control is unset.
[2024-10-24T01:44:34.404+0000] {logging_mixin.py:151} INFO - [2024-10-24T01:44:34.403+0000] {dag.py:2915} INFO - Sync 1 DAGs
[2024-10-24T01:44:34.853+0000] {logging_mixin.py:151} INFO - [2024-10-24T01:44:34.839+0000] {dag.py:3696} INFO - Setting next_dagrun for api_openbrewerydb_to_bronze to 2024-10-23T07:00:00+00:00, run_after=2024-10-24T07:00:00+00:00
[2024-10-24T01:44:35.183+0000] {processor.py:179} INFO - Processing /opt/airflow/dags/api_openbrewerydb_to_bronze.py took 5.481 seconds
[2024-10-24T01:45:59.770+0000] {processor.py:157} INFO - Started process (PID=172) to work on /opt/airflow/dags/api_openbrewerydb_to_bronze.py
[2024-10-24T01:45:59.771+0000] {processor.py:829} INFO - Processing file /opt/airflow/dags/api_openbrewerydb_to_bronze.py for tasks to queue
[2024-10-24T01:45:59.772+0000] {logging_mixin.py:151} INFO - [2024-10-24T01:45:59.771+0000] {dagbag.py:539} INFO - Filling up the DagBag from /opt/airflow/dags/api_openbrewerydb_to_bronze.py
[2024-10-24T01:45:59.786+0000] {processor.py:839} INFO - DAG(s) dict_keys(['api_openbrewerydb_to_bronze']) retrieved from /opt/airflow/dags/api_openbrewerydb_to_bronze.py
[2024-10-24T01:45:59.828+0000] {logging_mixin.py:151} INFO - [2024-10-24T01:45:59.828+0000] {dag.py:2915} INFO - Sync 1 DAGs
[2024-10-24T01:45:59.856+0000] {logging_mixin.py:151} INFO - [2024-10-24T01:45:59.855+0000] {dag.py:3696} INFO - Setting next_dagrun for api_openbrewerydb_to_bronze to 2024-10-23T07:00:00+00:00, run_after=2024-10-24T07:00:00+00:00
[2024-10-24T01:45:59.872+0000] {processor.py:179} INFO - Processing /opt/airflow/dags/api_openbrewerydb_to_bronze.py took 0.104 seconds
[2024-10-24T01:46:30.107+0000] {processor.py:157} INFO - Started process (PID=183) to work on /opt/airflow/dags/api_openbrewerydb_to_bronze.py
[2024-10-24T01:46:30.108+0000] {processor.py:829} INFO - Processing file /opt/airflow/dags/api_openbrewerydb_to_bronze.py for tasks to queue
[2024-10-24T01:46:30.110+0000] {logging_mixin.py:151} INFO - [2024-10-24T01:46:30.109+0000] {dagbag.py:539} INFO - Filling up the DagBag from /opt/airflow/dags/api_openbrewerydb_to_bronze.py
[2024-10-24T01:46:30.126+0000] {processor.py:839} INFO - DAG(s) dict_keys(['api_openbrewerydb_to_bronze']) retrieved from /opt/airflow/dags/api_openbrewerydb_to_bronze.py
[2024-10-24T01:46:30.154+0000] {logging_mixin.py:151} INFO - [2024-10-24T01:46:30.153+0000] {dag.py:2915} INFO - Sync 1 DAGs
[2024-10-24T01:46:30.176+0000] {logging_mixin.py:151} INFO - [2024-10-24T01:46:30.175+0000] {dag.py:3696} INFO - Setting next_dagrun for api_openbrewerydb_to_bronze to 2024-10-23T07:00:00+00:00, run_after=2024-10-24T07:00:00+00:00
[2024-10-24T01:46:30.191+0000] {processor.py:179} INFO - Processing /opt/airflow/dags/api_openbrewerydb_to_bronze.py took 0.091 seconds
[2024-10-24T01:47:00.328+0000] {processor.py:157} INFO - Started process (PID=193) to work on /opt/airflow/dags/api_openbrewerydb_to_bronze.py
[2024-10-24T01:47:00.329+0000] {processor.py:829} INFO - Processing file /opt/airflow/dags/api_openbrewerydb_to_bronze.py for tasks to queue
[2024-10-24T01:47:00.330+0000] {logging_mixin.py:151} INFO - [2024-10-24T01:47:00.330+0000] {dagbag.py:539} INFO - Filling up the DagBag from /opt/airflow/dags/api_openbrewerydb_to_bronze.py
[2024-10-24T01:47:00.346+0000] {processor.py:839} INFO - DAG(s) dict_keys(['api_openbrewerydb_to_bronze']) retrieved from /opt/airflow/dags/api_openbrewerydb_to_bronze.py
[2024-10-24T01:47:00.374+0000] {logging_mixin.py:151} INFO - [2024-10-24T01:47:00.374+0000] {dag.py:2915} INFO - Sync 1 DAGs
[2024-10-24T01:47:00.398+0000] {logging_mixin.py:151} INFO - [2024-10-24T01:47:00.397+0000] {dag.py:3696} INFO - Setting next_dagrun for api_openbrewerydb_to_bronze to 2024-10-23T07:00:00+00:00, run_after=2024-10-24T07:00:00+00:00
[2024-10-24T01:47:00.413+0000] {processor.py:179} INFO - Processing /opt/airflow/dags/api_openbrewerydb_to_bronze.py took 0.089 seconds
[2024-10-24T01:47:30.663+0000] {processor.py:157} INFO - Started process (PID=203) to work on /opt/airflow/dags/api_openbrewerydb_to_bronze.py
[2024-10-24T01:47:30.664+0000] {processor.py:829} INFO - Processing file /opt/airflow/dags/api_openbrewerydb_to_bronze.py for tasks to queue
[2024-10-24T01:47:30.666+0000] {logging_mixin.py:151} INFO - [2024-10-24T01:47:30.665+0000] {dagbag.py:539} INFO - Filling up the DagBag from /opt/airflow/dags/api_openbrewerydb_to_bronze.py
[2024-10-24T01:47:30.680+0000] {processor.py:839} INFO - DAG(s) dict_keys(['api_openbrewerydb_to_bronze']) retrieved from /opt/airflow/dags/api_openbrewerydb_to_bronze.py
[2024-10-24T01:47:30.706+0000] {logging_mixin.py:151} INFO - [2024-10-24T01:47:30.705+0000] {dag.py:2915} INFO - Sync 1 DAGs
[2024-10-24T01:47:30.726+0000] {logging_mixin.py:151} INFO - [2024-10-24T01:47:30.726+0000] {dag.py:3696} INFO - Setting next_dagrun for api_openbrewerydb_to_bronze to 2024-10-23T07:00:00+00:00, run_after=2024-10-24T07:00:00+00:00
[2024-10-24T01:47:30.741+0000] {processor.py:179} INFO - Processing /opt/airflow/dags/api_openbrewerydb_to_bronze.py took 0.084 seconds
[2024-10-24T01:48:00.963+0000] {processor.py:157} INFO - Started process (PID=213) to work on /opt/airflow/dags/api_openbrewerydb_to_bronze.py
[2024-10-24T01:48:00.971+0000] {processor.py:829} INFO - Processing file /opt/airflow/dags/api_openbrewerydb_to_bronze.py for tasks to queue
[2024-10-24T01:48:00.973+0000] {logging_mixin.py:151} INFO - [2024-10-24T01:48:00.972+0000] {dagbag.py:539} INFO - Filling up the DagBag from /opt/airflow/dags/api_openbrewerydb_to_bronze.py
[2024-10-24T01:48:00.988+0000] {processor.py:839} INFO - DAG(s) dict_keys(['api_openbrewerydb_to_bronze']) retrieved from /opt/airflow/dags/api_openbrewerydb_to_bronze.py
[2024-10-24T01:48:01.013+0000] {logging_mixin.py:151} INFO - [2024-10-24T01:48:01.013+0000] {dag.py:2915} INFO - Sync 1 DAGs
[2024-10-24T01:48:01.035+0000] {logging_mixin.py:151} INFO - [2024-10-24T01:48:01.034+0000] {dag.py:3696} INFO - Setting next_dagrun for api_openbrewerydb_to_bronze to 2024-10-23T07:00:00+00:00, run_after=2024-10-24T07:00:00+00:00
[2024-10-24T01:48:01.048+0000] {processor.py:179} INFO - Processing /opt/airflow/dags/api_openbrewerydb_to_bronze.py took 0.092 seconds
[2024-10-24T01:48:31.199+0000] {processor.py:157} INFO - Started process (PID=223) to work on /opt/airflow/dags/api_openbrewerydb_to_bronze.py
[2024-10-24T01:48:31.207+0000] {processor.py:829} INFO - Processing file /opt/airflow/dags/api_openbrewerydb_to_bronze.py for tasks to queue
[2024-10-24T01:48:31.208+0000] {logging_mixin.py:151} INFO - [2024-10-24T01:48:31.208+0000] {dagbag.py:539} INFO - Filling up the DagBag from /opt/airflow/dags/api_openbrewerydb_to_bronze.py
[2024-10-24T01:48:31.224+0000] {processor.py:839} INFO - DAG(s) dict_keys(['api_openbrewerydb_to_bronze']) retrieved from /opt/airflow/dags/api_openbrewerydb_to_bronze.py
[2024-10-24T01:48:31.251+0000] {logging_mixin.py:151} INFO - [2024-10-24T01:48:31.251+0000] {dag.py:2915} INFO - Sync 1 DAGs
[2024-10-24T01:48:31.271+0000] {logging_mixin.py:151} INFO - [2024-10-24T01:48:31.271+0000] {dag.py:3696} INFO - Setting next_dagrun for api_openbrewerydb_to_bronze to 2024-10-23T07:00:00+00:00, run_after=2024-10-24T07:00:00+00:00
[2024-10-24T01:48:31.286+0000] {processor.py:179} INFO - Processing /opt/airflow/dags/api_openbrewerydb_to_bronze.py took 0.094 seconds
[2024-10-24T01:48:42.392+0000] {processor.py:157} INFO - Started process (PID=238) to work on /opt/airflow/dags/api_openbrewerydb_to_bronze.py
[2024-10-24T01:48:42.393+0000] {processor.py:829} INFO - Processing file /opt/airflow/dags/api_openbrewerydb_to_bronze.py for tasks to queue
[2024-10-24T01:48:42.393+0000] {logging_mixin.py:151} INFO - [2024-10-24T01:48:42.393+0000] {dagbag.py:539} INFO - Filling up the DagBag from /opt/airflow/dags/api_openbrewerydb_to_bronze.py
[2024-10-24T01:48:42.406+0000] {processor.py:839} INFO - DAG(s) dict_keys(['api_openbrewerydb_to_bronze']) retrieved from /opt/airflow/dags/api_openbrewerydb_to_bronze.py
[2024-10-24T01:48:42.495+0000] {logging_mixin.py:151} INFO - [2024-10-24T01:48:42.495+0000] {security.py:708} INFO - Not syncing DAG-level permissions for DAG 'DAG:api_openbrewerydb_to_bronze' as access control is unset.
[2024-10-24T01:48:42.495+0000] {logging_mixin.py:151} INFO - [2024-10-24T01:48:42.495+0000] {dag.py:2915} INFO - Sync 1 DAGs
[2024-10-24T01:48:42.513+0000] {logging_mixin.py:151} INFO - [2024-10-24T01:48:42.512+0000] {dag.py:3696} INFO - Setting next_dagrun for api_openbrewerydb_to_bronze to 2024-10-23T07:00:00+00:00, run_after=2024-10-24T07:00:00+00:00
[2024-10-24T01:48:42.542+0000] {processor.py:179} INFO - Processing /opt/airflow/dags/api_openbrewerydb_to_bronze.py took 0.155 seconds
[2024-10-24T01:49:12.766+0000] {processor.py:157} INFO - Started process (PID=248) to work on /opt/airflow/dags/api_openbrewerydb_to_bronze.py
[2024-10-24T01:49:12.775+0000] {processor.py:829} INFO - Processing file /opt/airflow/dags/api_openbrewerydb_to_bronze.py for tasks to queue
[2024-10-24T01:49:12.778+0000] {logging_mixin.py:151} INFO - [2024-10-24T01:49:12.777+0000] {dagbag.py:539} INFO - Filling up the DagBag from /opt/airflow/dags/api_openbrewerydb_to_bronze.py
[2024-10-24T01:49:12.803+0000] {processor.py:839} INFO - DAG(s) dict_keys(['api_openbrewerydb_to_bronze']) retrieved from /opt/airflow/dags/api_openbrewerydb_to_bronze.py
[2024-10-24T01:49:12.829+0000] {logging_mixin.py:151} INFO - [2024-10-24T01:49:12.829+0000] {dag.py:2915} INFO - Sync 1 DAGs
[2024-10-24T01:49:12.848+0000] {logging_mixin.py:151} INFO - [2024-10-24T01:49:12.848+0000] {dag.py:3696} INFO - Setting next_dagrun for api_openbrewerydb_to_bronze to 2024-10-23T07:00:00+00:00, run_after=2024-10-24T07:00:00+00:00
[2024-10-24T01:49:12.863+0000] {processor.py:179} INFO - Processing /opt/airflow/dags/api_openbrewerydb_to_bronze.py took 0.106 seconds
[2024-10-24T01:49:22.958+0000] {processor.py:157} INFO - Started process (PID=258) to work on /opt/airflow/dags/api_openbrewerydb_to_bronze.py
[2024-10-24T01:49:22.959+0000] {processor.py:829} INFO - Processing file /opt/airflow/dags/api_openbrewerydb_to_bronze.py for tasks to queue
[2024-10-24T01:49:22.960+0000] {logging_mixin.py:151} INFO - [2024-10-24T01:49:22.960+0000] {dagbag.py:539} INFO - Filling up the DagBag from /opt/airflow/dags/api_openbrewerydb_to_bronze.py
[2024-10-24T01:49:22.973+0000] {processor.py:839} INFO - DAG(s) dict_keys(['api_openbrewerydb_to_bronze']) retrieved from /opt/airflow/dags/api_openbrewerydb_to_bronze.py
[2024-10-24T01:49:23.000+0000] {logging_mixin.py:151} INFO - [2024-10-24T01:49:23.000+0000] {dag.py:2915} INFO - Sync 1 DAGs
[2024-10-24T01:49:23.022+0000] {logging_mixin.py:151} INFO - [2024-10-24T01:49:23.021+0000] {dag.py:3696} INFO - Setting next_dagrun for api_openbrewerydb_to_bronze to 2024-10-23T07:00:00+00:00, run_after=2024-10-24T07:00:00+00:00
[2024-10-24T01:49:23.037+0000] {processor.py:179} INFO - Processing /opt/airflow/dags/api_openbrewerydb_to_bronze.py took 0.083 seconds
[2024-10-24T01:49:53.230+0000] {processor.py:157} INFO - Started process (PID=636) to work on /opt/airflow/dags/api_openbrewerydb_to_bronze.py
[2024-10-24T01:49:53.232+0000] {processor.py:829} INFO - Processing file /opt/airflow/dags/api_openbrewerydb_to_bronze.py for tasks to queue
[2024-10-24T01:49:53.234+0000] {logging_mixin.py:151} INFO - [2024-10-24T01:49:53.233+0000] {dagbag.py:539} INFO - Filling up the DagBag from /opt/airflow/dags/api_openbrewerydb_to_bronze.py
[2024-10-24T01:49:53.271+0000] {processor.py:839} INFO - DAG(s) dict_keys(['api_openbrewerydb_to_bronze']) retrieved from /opt/airflow/dags/api_openbrewerydb_to_bronze.py
[2024-10-24T01:49:53.337+0000] {logging_mixin.py:151} INFO - [2024-10-24T01:49:53.337+0000] {dag.py:2915} INFO - Sync 1 DAGs
[2024-10-24T01:49:53.405+0000] {logging_mixin.py:151} INFO - [2024-10-24T01:49:53.404+0000] {dag.py:3696} INFO - Setting next_dagrun for api_openbrewerydb_to_bronze to 2024-10-23T07:00:00+00:00, run_after=2024-10-24T07:00:00+00:00
[2024-10-24T01:49:53.474+0000] {processor.py:179} INFO - Processing /opt/airflow/dags/api_openbrewerydb_to_bronze.py took 0.254 seconds
[2024-10-24T01:50:24.463+0000] {processor.py:157} INFO - Started process (PID=920) to work on /opt/airflow/dags/api_openbrewerydb_to_bronze.py
[2024-10-24T01:50:24.472+0000] {processor.py:829} INFO - Processing file /opt/airflow/dags/api_openbrewerydb_to_bronze.py for tasks to queue
[2024-10-24T01:50:24.474+0000] {logging_mixin.py:151} INFO - [2024-10-24T01:50:24.473+0000] {dagbag.py:539} INFO - Filling up the DagBag from /opt/airflow/dags/api_openbrewerydb_to_bronze.py
[2024-10-24T01:50:24.494+0000] {processor.py:839} INFO - DAG(s) dict_keys(['api_openbrewerydb_to_bronze']) retrieved from /opt/airflow/dags/api_openbrewerydb_to_bronze.py
[2024-10-24T01:50:24.524+0000] {logging_mixin.py:151} INFO - [2024-10-24T01:50:24.524+0000] {dag.py:2915} INFO - Sync 1 DAGs
[2024-10-24T01:50:24.547+0000] {logging_mixin.py:151} INFO - [2024-10-24T01:50:24.546+0000] {dag.py:3696} INFO - Setting next_dagrun for api_openbrewerydb_to_bronze to 2024-10-23T07:00:00+00:00, run_after=2024-10-24T07:00:00+00:00
[2024-10-24T01:50:24.563+0000] {processor.py:179} INFO - Processing /opt/airflow/dags/api_openbrewerydb_to_bronze.py took 0.110 seconds
[2024-10-24T01:50:54.782+0000] {processor.py:157} INFO - Started process (PID=930) to work on /opt/airflow/dags/api_openbrewerydb_to_bronze.py
[2024-10-24T01:50:54.784+0000] {processor.py:829} INFO - Processing file /opt/airflow/dags/api_openbrewerydb_to_bronze.py for tasks to queue
[2024-10-24T01:50:54.786+0000] {logging_mixin.py:151} INFO - [2024-10-24T01:50:54.785+0000] {dagbag.py:539} INFO - Filling up the DagBag from /opt/airflow/dags/api_openbrewerydb_to_bronze.py
[2024-10-24T01:50:54.805+0000] {processor.py:839} INFO - DAG(s) dict_keys(['api_openbrewerydb_to_bronze']) retrieved from /opt/airflow/dags/api_openbrewerydb_to_bronze.py
[2024-10-24T01:50:54.831+0000] {logging_mixin.py:151} INFO - [2024-10-24T01:50:54.831+0000] {dag.py:2915} INFO - Sync 1 DAGs
[2024-10-24T01:50:54.850+0000] {logging_mixin.py:151} INFO - [2024-10-24T01:50:54.850+0000] {dag.py:3696} INFO - Setting next_dagrun for api_openbrewerydb_to_bronze to 2024-10-23T07:00:00+00:00, run_after=2024-10-24T07:00:00+00:00
[2024-10-24T01:50:54.863+0000] {processor.py:179} INFO - Processing /opt/airflow/dags/api_openbrewerydb_to_bronze.py took 0.090 seconds
[2024-10-24T01:51:25.081+0000] {processor.py:157} INFO - Started process (PID=940) to work on /opt/airflow/dags/api_openbrewerydb_to_bronze.py
[2024-10-24T01:51:25.090+0000] {processor.py:829} INFO - Processing file /opt/airflow/dags/api_openbrewerydb_to_bronze.py for tasks to queue
[2024-10-24T01:51:25.092+0000] {logging_mixin.py:151} INFO - [2024-10-24T01:51:25.091+0000] {dagbag.py:539} INFO - Filling up the DagBag from /opt/airflow/dags/api_openbrewerydb_to_bronze.py
[2024-10-24T01:51:25.114+0000] {processor.py:839} INFO - DAG(s) dict_keys(['api_openbrewerydb_to_bronze']) retrieved from /opt/airflow/dags/api_openbrewerydb_to_bronze.py
[2024-10-24T01:51:25.143+0000] {logging_mixin.py:151} INFO - [2024-10-24T01:51:25.143+0000] {dag.py:2915} INFO - Sync 1 DAGs
[2024-10-24T01:51:25.163+0000] {logging_mixin.py:151} INFO - [2024-10-24T01:51:25.163+0000] {dag.py:3696} INFO - Setting next_dagrun for api_openbrewerydb_to_bronze to 2024-10-22T07:00:00+00:00, run_after=2024-10-23T07:00:00+00:00
[2024-10-24T01:51:25.179+0000] {processor.py:179} INFO - Processing /opt/airflow/dags/api_openbrewerydb_to_bronze.py took 0.104 seconds
