[2024-10-24T00:54:00.755+0000] {processor.py:157} INFO - Started process (PID=172) to work on /opt/airflow/dags/consume_brewery_api.py
[2024-10-24T00:54:00.755+0000] {processor.py:829} INFO - Processing file /opt/airflow/dags/consume_brewery_api.py for tasks to queue
[2024-10-24T00:54:00.756+0000] {logging_mixin.py:151} INFO - [2024-10-24T00:54:00.756+0000] {dagbag.py:539} INFO - Filling up the DagBag from /opt/airflow/dags/consume_brewery_api.py
[2024-10-24T00:54:00.776+0000] {processor.py:839} INFO - DAG(s) dict_keys(['consume_brewery_api']) retrieved from /opt/airflow/dags/consume_brewery_api.py
[2024-10-24T00:54:00.824+0000] {logging_mixin.py:151} INFO - [2024-10-24T00:54:00.824+0000] {dag.py:2915} INFO - Sync 1 DAGs
[2024-10-24T00:54:00.860+0000] {logging_mixin.py:151} INFO - [2024-10-24T00:54:00.860+0000] {dag.py:3696} INFO - Setting next_dagrun for consume_brewery_api to 2024-10-23T07:00:00+00:00, run_after=2024-10-24T07:00:00+00:00
[2024-10-24T00:54:00.881+0000] {processor.py:179} INFO - Processing /opt/airflow/dags/consume_brewery_api.py took 0.130 seconds
[2024-10-24T00:54:31.088+0000] {processor.py:157} INFO - Started process (PID=185) to work on /opt/airflow/dags/consume_brewery_api.py
[2024-10-24T00:54:31.089+0000] {processor.py:829} INFO - Processing file /opt/airflow/dags/consume_brewery_api.py for tasks to queue
[2024-10-24T00:54:31.090+0000] {logging_mixin.py:151} INFO - [2024-10-24T00:54:31.089+0000] {dagbag.py:539} INFO - Filling up the DagBag from /opt/airflow/dags/consume_brewery_api.py
[2024-10-24T00:54:31.103+0000] {processor.py:839} INFO - DAG(s) dict_keys(['consume_brewery_api']) retrieved from /opt/airflow/dags/consume_brewery_api.py
[2024-10-24T00:54:31.133+0000] {logging_mixin.py:151} INFO - [2024-10-24T00:54:31.133+0000] {dag.py:2915} INFO - Sync 1 DAGs
[2024-10-24T00:54:31.156+0000] {logging_mixin.py:151} INFO - [2024-10-24T00:54:31.156+0000] {dag.py:3696} INFO - Setting next_dagrun for consume_brewery_api to 2024-10-23T07:00:00+00:00, run_after=2024-10-24T07:00:00+00:00
[2024-10-24T00:54:31.174+0000] {processor.py:179} INFO - Processing /opt/airflow/dags/consume_brewery_api.py took 0.089 seconds
[2024-10-24T00:55:01.415+0000] {processor.py:157} INFO - Started process (PID=195) to work on /opt/airflow/dags/consume_brewery_api.py
[2024-10-24T00:55:01.423+0000] {processor.py:829} INFO - Processing file /opt/airflow/dags/consume_brewery_api.py for tasks to queue
[2024-10-24T00:55:01.424+0000] {logging_mixin.py:151} INFO - [2024-10-24T00:55:01.424+0000] {dagbag.py:539} INFO - Filling up the DagBag from /opt/airflow/dags/consume_brewery_api.py
[2024-10-24T00:55:01.437+0000] {processor.py:839} INFO - DAG(s) dict_keys(['consume_brewery_api']) retrieved from /opt/airflow/dags/consume_brewery_api.py
[2024-10-24T00:55:01.471+0000] {logging_mixin.py:151} INFO - [2024-10-24T00:55:01.471+0000] {dag.py:2915} INFO - Sync 1 DAGs
[2024-10-24T00:55:01.500+0000] {logging_mixin.py:151} INFO - [2024-10-24T00:55:01.500+0000] {dag.py:3696} INFO - Setting next_dagrun for consume_brewery_api to 2024-10-23T07:00:00+00:00, run_after=2024-10-24T07:00:00+00:00
[2024-10-24T00:55:01.518+0000] {processor.py:179} INFO - Processing /opt/airflow/dags/consume_brewery_api.py took 0.110 seconds
[2024-10-24T00:55:31.628+0000] {processor.py:157} INFO - Started process (PID=205) to work on /opt/airflow/dags/consume_brewery_api.py
[2024-10-24T00:55:31.643+0000] {processor.py:829} INFO - Processing file /opt/airflow/dags/consume_brewery_api.py for tasks to queue
[2024-10-24T00:55:31.644+0000] {logging_mixin.py:151} INFO - [2024-10-24T00:55:31.644+0000] {dagbag.py:539} INFO - Filling up the DagBag from /opt/airflow/dags/consume_brewery_api.py
[2024-10-24T00:55:31.668+0000] {processor.py:839} INFO - DAG(s) dict_keys(['consume_brewery_api']) retrieved from /opt/airflow/dags/consume_brewery_api.py
[2024-10-24T00:55:31.706+0000] {logging_mixin.py:151} INFO - [2024-10-24T00:55:31.705+0000] {dag.py:2915} INFO - Sync 1 DAGs
[2024-10-24T00:55:31.738+0000] {logging_mixin.py:151} INFO - [2024-10-24T00:55:31.738+0000] {dag.py:3696} INFO - Setting next_dagrun for consume_brewery_api to 2024-10-23T07:00:00+00:00, run_after=2024-10-24T07:00:00+00:00
[2024-10-24T00:55:31.765+0000] {processor.py:179} INFO - Processing /opt/airflow/dags/consume_brewery_api.py took 0.140 seconds
