[2024-10-24T00:24:05.875+0000] {processor.py:157} INFO - Started process (PID=174) to work on /opt/airflow/dags/spark_ingestion.py
[2024-10-24T00:24:05.876+0000] {processor.py:829} INFO - Processing file /opt/airflow/dags/spark_ingestion.py for tasks to queue
[2024-10-24T00:24:05.878+0000] {logging_mixin.py:151} INFO - [2024-10-24T00:24:05.877+0000] {dagbag.py:539} INFO - Filling up the DagBag from /opt/airflow/dags/spark_ingestion.py
[2024-10-24T00:24:05.900+0000] {processor.py:839} INFO - DAG(s) dict_keys(['Ingestion']) retrieved from /opt/airflow/dags/spark_ingestion.py
[2024-10-24T00:24:05.942+0000] {logging_mixin.py:151} INFO - [2024-10-24T00:24:05.942+0000] {dag.py:2915} INFO - Sync 1 DAGs
[2024-10-24T00:24:05.969+0000] {logging_mixin.py:151} INFO - [2024-10-24T00:24:05.969+0000] {dag.py:3696} INFO - Setting next_dagrun for Ingestion to 2024-10-24T00:00:00+00:00, run_after=2024-10-25T00:00:00+00:00
[2024-10-24T00:24:05.994+0000] {processor.py:179} INFO - Processing /opt/airflow/dags/spark_ingestion.py took 0.122 seconds
[2024-10-24T00:24:36.115+0000] {processor.py:157} INFO - Started process (PID=344) to work on /opt/airflow/dags/spark_ingestion.py
[2024-10-24T00:24:36.115+0000] {processor.py:829} INFO - Processing file /opt/airflow/dags/spark_ingestion.py for tasks to queue
[2024-10-24T00:24:36.116+0000] {logging_mixin.py:151} INFO - [2024-10-24T00:24:36.116+0000] {dagbag.py:539} INFO - Filling up the DagBag from /opt/airflow/dags/spark_ingestion.py
[2024-10-24T00:24:36.131+0000] {processor.py:839} INFO - DAG(s) dict_keys(['Ingestion']) retrieved from /opt/airflow/dags/spark_ingestion.py
[2024-10-24T00:24:36.162+0000] {logging_mixin.py:151} INFO - [2024-10-24T00:24:36.162+0000] {dag.py:2915} INFO - Sync 1 DAGs
[2024-10-24T00:24:36.181+0000] {logging_mixin.py:151} INFO - [2024-10-24T00:24:36.181+0000] {dag.py:3696} INFO - Setting next_dagrun for Ingestion to 2024-10-24T00:00:00+00:00, run_after=2024-10-25T00:00:00+00:00
[2024-10-24T00:24:36.256+0000] {processor.py:179} INFO - Processing /opt/airflow/dags/spark_ingestion.py took 0.145 seconds
[2024-10-24T00:25:06.383+0000] {processor.py:157} INFO - Started process (PID=354) to work on /opt/airflow/dags/spark_ingestion.py
[2024-10-24T00:25:06.385+0000] {processor.py:829} INFO - Processing file /opt/airflow/dags/spark_ingestion.py for tasks to queue
[2024-10-24T00:25:06.386+0000] {logging_mixin.py:151} INFO - [2024-10-24T00:25:06.386+0000] {dagbag.py:539} INFO - Filling up the DagBag from /opt/airflow/dags/spark_ingestion.py
[2024-10-24T00:25:06.404+0000] {processor.py:839} INFO - DAG(s) dict_keys(['Ingestion']) retrieved from /opt/airflow/dags/spark_ingestion.py
[2024-10-24T00:25:06.436+0000] {logging_mixin.py:151} INFO - [2024-10-24T00:25:06.436+0000] {dag.py:2915} INFO - Sync 1 DAGs
[2024-10-24T00:25:06.462+0000] {logging_mixin.py:151} INFO - [2024-10-24T00:25:06.462+0000] {dag.py:3696} INFO - Setting next_dagrun for Ingestion to 2024-10-24T00:00:00+00:00, run_after=2024-10-25T00:00:00+00:00
[2024-10-24T00:25:06.477+0000] {processor.py:179} INFO - Processing /opt/airflow/dags/spark_ingestion.py took 0.098 seconds
[2024-10-24T00:25:36.661+0000] {processor.py:157} INFO - Started process (PID=366) to work on /opt/airflow/dags/spark_ingestion.py
[2024-10-24T00:25:36.661+0000] {processor.py:829} INFO - Processing file /opt/airflow/dags/spark_ingestion.py for tasks to queue
[2024-10-24T00:25:36.662+0000] {logging_mixin.py:151} INFO - [2024-10-24T00:25:36.662+0000] {dagbag.py:539} INFO - Filling up the DagBag from /opt/airflow/dags/spark_ingestion.py
[2024-10-24T00:25:36.674+0000] {processor.py:839} INFO - DAG(s) dict_keys(['Ingestion']) retrieved from /opt/airflow/dags/spark_ingestion.py
[2024-10-24T00:25:36.708+0000] {logging_mixin.py:151} INFO - [2024-10-24T00:25:36.707+0000] {dag.py:2915} INFO - Sync 1 DAGs
[2024-10-24T00:25:36.729+0000] {logging_mixin.py:151} INFO - [2024-10-24T00:25:36.729+0000] {dag.py:3696} INFO - Setting next_dagrun for Ingestion to 2024-10-24T00:00:00+00:00, run_after=2024-10-25T00:00:00+00:00
[2024-10-24T00:25:36.744+0000] {processor.py:179} INFO - Processing /opt/airflow/dags/spark_ingestion.py took 0.086 seconds
[2024-10-24T00:26:06.969+0000] {processor.py:157} INFO - Started process (PID=380) to work on /opt/airflow/dags/spark_ingestion.py
[2024-10-24T00:26:06.970+0000] {processor.py:829} INFO - Processing file /opt/airflow/dags/spark_ingestion.py for tasks to queue
[2024-10-24T00:26:06.971+0000] {logging_mixin.py:151} INFO - [2024-10-24T00:26:06.970+0000] {dagbag.py:539} INFO - Filling up the DagBag from /opt/airflow/dags/spark_ingestion.py
[2024-10-24T00:26:06.984+0000] {processor.py:839} INFO - DAG(s) dict_keys(['Ingestion']) retrieved from /opt/airflow/dags/spark_ingestion.py
[2024-10-24T00:26:07.010+0000] {logging_mixin.py:151} INFO - [2024-10-24T00:26:07.010+0000] {dag.py:2915} INFO - Sync 1 DAGs
[2024-10-24T00:26:07.030+0000] {logging_mixin.py:151} INFO - [2024-10-24T00:26:07.030+0000] {dag.py:3696} INFO - Setting next_dagrun for Ingestion to 2024-10-24T00:00:00+00:00, run_after=2024-10-25T00:00:00+00:00
[2024-10-24T00:26:07.045+0000] {processor.py:179} INFO - Processing /opt/airflow/dags/spark_ingestion.py took 0.079 seconds
[2024-10-24T00:26:37.274+0000] {processor.py:157} INFO - Started process (PID=390) to work on /opt/airflow/dags/spark_ingestion.py
[2024-10-24T00:26:37.276+0000] {processor.py:829} INFO - Processing file /opt/airflow/dags/spark_ingestion.py for tasks to queue
[2024-10-24T00:26:37.278+0000] {logging_mixin.py:151} INFO - [2024-10-24T00:26:37.277+0000] {dagbag.py:539} INFO - Filling up the DagBag from /opt/airflow/dags/spark_ingestion.py
[2024-10-24T00:26:37.299+0000] {processor.py:839} INFO - DAG(s) dict_keys(['Ingestion']) retrieved from /opt/airflow/dags/spark_ingestion.py
[2024-10-24T00:26:37.326+0000] {logging_mixin.py:151} INFO - [2024-10-24T00:26:37.326+0000] {dag.py:2915} INFO - Sync 1 DAGs
[2024-10-24T00:26:37.346+0000] {logging_mixin.py:151} INFO - [2024-10-24T00:26:37.346+0000] {dag.py:3696} INFO - Setting next_dagrun for Ingestion to 2024-10-24T00:00:00+00:00, run_after=2024-10-25T00:00:00+00:00
[2024-10-24T00:26:37.360+0000] {processor.py:179} INFO - Processing /opt/airflow/dags/spark_ingestion.py took 0.094 seconds
[2024-10-24T00:27:07.495+0000] {processor.py:157} INFO - Started process (PID=400) to work on /opt/airflow/dags/spark_ingestion.py
[2024-10-24T00:27:07.503+0000] {processor.py:829} INFO - Processing file /opt/airflow/dags/spark_ingestion.py for tasks to queue
[2024-10-24T00:27:07.504+0000] {logging_mixin.py:151} INFO - [2024-10-24T00:27:07.504+0000] {dagbag.py:539} INFO - Filling up the DagBag from /opt/airflow/dags/spark_ingestion.py
[2024-10-24T00:27:07.518+0000] {processor.py:839} INFO - DAG(s) dict_keys(['Ingestion']) retrieved from /opt/airflow/dags/spark_ingestion.py
[2024-10-24T00:27:07.549+0000] {logging_mixin.py:151} INFO - [2024-10-24T00:27:07.549+0000] {dag.py:2915} INFO - Sync 1 DAGs
[2024-10-24T00:27:07.568+0000] {logging_mixin.py:151} INFO - [2024-10-24T00:27:07.568+0000] {dag.py:3696} INFO - Setting next_dagrun for Ingestion to 2024-10-24T00:00:00+00:00, run_after=2024-10-25T00:00:00+00:00
[2024-10-24T00:27:07.582+0000] {processor.py:179} INFO - Processing /opt/airflow/dags/spark_ingestion.py took 0.090 seconds
[2024-10-24T00:27:37.794+0000] {processor.py:157} INFO - Started process (PID=410) to work on /opt/airflow/dags/spark_ingestion.py
[2024-10-24T00:27:37.796+0000] {processor.py:829} INFO - Processing file /opt/airflow/dags/spark_ingestion.py for tasks to queue
[2024-10-24T00:27:37.797+0000] {logging_mixin.py:151} INFO - [2024-10-24T00:27:37.796+0000] {dagbag.py:539} INFO - Filling up the DagBag from /opt/airflow/dags/spark_ingestion.py
[2024-10-24T00:27:37.811+0000] {processor.py:839} INFO - DAG(s) dict_keys(['Ingestion']) retrieved from /opt/airflow/dags/spark_ingestion.py
[2024-10-24T00:27:37.840+0000] {logging_mixin.py:151} INFO - [2024-10-24T00:27:37.840+0000] {dag.py:2915} INFO - Sync 1 DAGs
[2024-10-24T00:27:37.859+0000] {logging_mixin.py:151} INFO - [2024-10-24T00:27:37.859+0000] {dag.py:3696} INFO - Setting next_dagrun for Ingestion to 2024-10-24T00:00:00+00:00, run_after=2024-10-25T00:00:00+00:00
[2024-10-24T00:27:37.874+0000] {processor.py:179} INFO - Processing /opt/airflow/dags/spark_ingestion.py took 0.084 seconds
[2024-10-24T00:28:08.088+0000] {processor.py:157} INFO - Started process (PID=420) to work on /opt/airflow/dags/spark_ingestion.py
[2024-10-24T00:28:08.096+0000] {processor.py:829} INFO - Processing file /opt/airflow/dags/spark_ingestion.py for tasks to queue
[2024-10-24T00:28:08.097+0000] {logging_mixin.py:151} INFO - [2024-10-24T00:28:08.097+0000] {dagbag.py:539} INFO - Filling up the DagBag from /opt/airflow/dags/spark_ingestion.py
[2024-10-24T00:28:08.114+0000] {processor.py:839} INFO - DAG(s) dict_keys(['Ingestion']) retrieved from /opt/airflow/dags/spark_ingestion.py
[2024-10-24T00:28:08.140+0000] {logging_mixin.py:151} INFO - [2024-10-24T00:28:08.140+0000] {dag.py:2915} INFO - Sync 1 DAGs
[2024-10-24T00:28:08.160+0000] {logging_mixin.py:151} INFO - [2024-10-24T00:28:08.160+0000] {dag.py:3696} INFO - Setting next_dagrun for Ingestion to 2024-10-24T00:00:00+00:00, run_after=2024-10-25T00:00:00+00:00
[2024-10-24T00:28:08.173+0000] {processor.py:179} INFO - Processing /opt/airflow/dags/spark_ingestion.py took 0.090 seconds
[2024-10-24T00:28:38.388+0000] {processor.py:157} INFO - Started process (PID=430) to work on /opt/airflow/dags/spark_ingestion.py
[2024-10-24T00:28:38.395+0000] {processor.py:829} INFO - Processing file /opt/airflow/dags/spark_ingestion.py for tasks to queue
[2024-10-24T00:28:38.396+0000] {logging_mixin.py:151} INFO - [2024-10-24T00:28:38.396+0000] {dagbag.py:539} INFO - Filling up the DagBag from /opt/airflow/dags/spark_ingestion.py
[2024-10-24T00:28:38.409+0000] {processor.py:839} INFO - DAG(s) dict_keys(['Ingestion']) retrieved from /opt/airflow/dags/spark_ingestion.py
[2024-10-24T00:28:38.436+0000] {logging_mixin.py:151} INFO - [2024-10-24T00:28:38.436+0000] {dag.py:2915} INFO - Sync 1 DAGs
[2024-10-24T00:28:38.456+0000] {logging_mixin.py:151} INFO - [2024-10-24T00:28:38.456+0000] {dag.py:3696} INFO - Setting next_dagrun for Ingestion to 2024-10-24T00:00:00+00:00, run_after=2024-10-25T00:00:00+00:00
[2024-10-24T00:28:38.470+0000] {processor.py:179} INFO - Processing /opt/airflow/dags/spark_ingestion.py took 0.085 seconds
[2024-10-24T00:29:08.726+0000] {processor.py:157} INFO - Started process (PID=440) to work on /opt/airflow/dags/spark_ingestion.py
[2024-10-24T00:29:08.736+0000] {processor.py:829} INFO - Processing file /opt/airflow/dags/spark_ingestion.py for tasks to queue
[2024-10-24T00:29:08.738+0000] {logging_mixin.py:151} INFO - [2024-10-24T00:29:08.737+0000] {dagbag.py:539} INFO - Filling up the DagBag from /opt/airflow/dags/spark_ingestion.py
[2024-10-24T00:29:08.761+0000] {processor.py:839} INFO - DAG(s) dict_keys(['Ingestion']) retrieved from /opt/airflow/dags/spark_ingestion.py
[2024-10-24T00:29:08.789+0000] {logging_mixin.py:151} INFO - [2024-10-24T00:29:08.788+0000] {dag.py:2915} INFO - Sync 1 DAGs
[2024-10-24T00:29:08.807+0000] {logging_mixin.py:151} INFO - [2024-10-24T00:29:08.807+0000] {dag.py:3696} INFO - Setting next_dagrun for Ingestion to 2024-10-24T00:00:00+00:00, run_after=2024-10-25T00:00:00+00:00
[2024-10-24T00:29:08.821+0000] {processor.py:179} INFO - Processing /opt/airflow/dags/spark_ingestion.py took 0.103 seconds
[2024-10-24T00:29:39.048+0000] {processor.py:157} INFO - Started process (PID=450) to work on /opt/airflow/dags/spark_ingestion.py
[2024-10-24T00:29:39.056+0000] {processor.py:829} INFO - Processing file /opt/airflow/dags/spark_ingestion.py for tasks to queue
[2024-10-24T00:29:39.057+0000] {logging_mixin.py:151} INFO - [2024-10-24T00:29:39.057+0000] {dagbag.py:539} INFO - Filling up the DagBag from /opt/airflow/dags/spark_ingestion.py
[2024-10-24T00:29:39.072+0000] {processor.py:839} INFO - DAG(s) dict_keys(['Ingestion']) retrieved from /opt/airflow/dags/spark_ingestion.py
[2024-10-24T00:29:39.104+0000] {logging_mixin.py:151} INFO - [2024-10-24T00:29:39.103+0000] {dag.py:2915} INFO - Sync 1 DAGs
[2024-10-24T00:29:39.128+0000] {logging_mixin.py:151} INFO - [2024-10-24T00:29:39.127+0000] {dag.py:3696} INFO - Setting next_dagrun for Ingestion to 2024-10-24T00:00:00+00:00, run_after=2024-10-25T00:00:00+00:00
[2024-10-24T00:29:39.145+0000] {processor.py:179} INFO - Processing /opt/airflow/dags/spark_ingestion.py took 0.101 seconds
[2024-10-24T00:30:09.388+0000] {processor.py:157} INFO - Started process (PID=460) to work on /opt/airflow/dags/spark_ingestion.py
[2024-10-24T00:30:09.398+0000] {processor.py:829} INFO - Processing file /opt/airflow/dags/spark_ingestion.py for tasks to queue
[2024-10-24T00:30:09.400+0000] {logging_mixin.py:151} INFO - [2024-10-24T00:30:09.399+0000] {dagbag.py:539} INFO - Filling up the DagBag from /opt/airflow/dags/spark_ingestion.py
[2024-10-24T00:30:09.427+0000] {processor.py:839} INFO - DAG(s) dict_keys(['Ingestion']) retrieved from /opt/airflow/dags/spark_ingestion.py
[2024-10-24T00:30:09.457+0000] {logging_mixin.py:151} INFO - [2024-10-24T00:30:09.456+0000] {dag.py:2915} INFO - Sync 1 DAGs
[2024-10-24T00:30:09.476+0000] {logging_mixin.py:151} INFO - [2024-10-24T00:30:09.476+0000] {dag.py:3696} INFO - Setting next_dagrun for Ingestion to 2024-10-24T00:00:00+00:00, run_after=2024-10-25T00:00:00+00:00
[2024-10-24T00:30:09.489+0000] {processor.py:179} INFO - Processing /opt/airflow/dags/spark_ingestion.py took 0.109 seconds
[2024-10-24T00:30:39.712+0000] {processor.py:157} INFO - Started process (PID=470) to work on /opt/airflow/dags/spark_ingestion.py
[2024-10-24T00:30:39.712+0000] {processor.py:829} INFO - Processing file /opt/airflow/dags/spark_ingestion.py for tasks to queue
[2024-10-24T00:30:39.713+0000] {logging_mixin.py:151} INFO - [2024-10-24T00:30:39.713+0000] {dagbag.py:539} INFO - Filling up the DagBag from /opt/airflow/dags/spark_ingestion.py
[2024-10-24T00:30:39.726+0000] {processor.py:839} INFO - DAG(s) dict_keys(['Ingestion']) retrieved from /opt/airflow/dags/spark_ingestion.py
[2024-10-24T00:30:39.759+0000] {logging_mixin.py:151} INFO - [2024-10-24T00:30:39.758+0000] {dag.py:2915} INFO - Sync 1 DAGs
[2024-10-24T00:30:39.780+0000] {logging_mixin.py:151} INFO - [2024-10-24T00:30:39.780+0000] {dag.py:3696} INFO - Setting next_dagrun for Ingestion to 2024-10-24T00:00:00+00:00, run_after=2024-10-25T00:00:00+00:00
[2024-10-24T00:30:39.795+0000] {processor.py:179} INFO - Processing /opt/airflow/dags/spark_ingestion.py took 0.086 seconds
[2024-10-24T00:31:10.041+0000] {processor.py:157} INFO - Started process (PID=480) to work on /opt/airflow/dags/spark_ingestion.py
[2024-10-24T00:31:10.042+0000] {processor.py:829} INFO - Processing file /opt/airflow/dags/spark_ingestion.py for tasks to queue
[2024-10-24T00:31:10.043+0000] {logging_mixin.py:151} INFO - [2024-10-24T00:31:10.043+0000] {dagbag.py:539} INFO - Filling up the DagBag from /opt/airflow/dags/spark_ingestion.py
[2024-10-24T00:31:10.062+0000] {processor.py:839} INFO - DAG(s) dict_keys(['Ingestion']) retrieved from /opt/airflow/dags/spark_ingestion.py
[2024-10-24T00:31:10.091+0000] {logging_mixin.py:151} INFO - [2024-10-24T00:31:10.091+0000] {dag.py:2915} INFO - Sync 1 DAGs
[2024-10-24T00:31:10.112+0000] {logging_mixin.py:151} INFO - [2024-10-24T00:31:10.112+0000] {dag.py:3696} INFO - Setting next_dagrun for Ingestion to 2024-10-24T00:00:00+00:00, run_after=2024-10-25T00:00:00+00:00
[2024-10-24T00:31:10.127+0000] {processor.py:179} INFO - Processing /opt/airflow/dags/spark_ingestion.py took 0.090 seconds
[2024-10-24T00:31:40.375+0000] {processor.py:157} INFO - Started process (PID=490) to work on /opt/airflow/dags/spark_ingestion.py
[2024-10-24T00:31:40.383+0000] {processor.py:829} INFO - Processing file /opt/airflow/dags/spark_ingestion.py for tasks to queue
[2024-10-24T00:31:40.384+0000] {logging_mixin.py:151} INFO - [2024-10-24T00:31:40.384+0000] {dagbag.py:539} INFO - Filling up the DagBag from /opt/airflow/dags/spark_ingestion.py
[2024-10-24T00:31:40.400+0000] {processor.py:839} INFO - DAG(s) dict_keys(['Ingestion']) retrieved from /opt/airflow/dags/spark_ingestion.py
[2024-10-24T00:31:40.426+0000] {logging_mixin.py:151} INFO - [2024-10-24T00:31:40.426+0000] {dag.py:2915} INFO - Sync 1 DAGs
[2024-10-24T00:31:40.446+0000] {logging_mixin.py:151} INFO - [2024-10-24T00:31:40.446+0000] {dag.py:3696} INFO - Setting next_dagrun for Ingestion to 2024-10-24T00:00:00+00:00, run_after=2024-10-25T00:00:00+00:00
[2024-10-24T00:31:40.460+0000] {processor.py:179} INFO - Processing /opt/airflow/dags/spark_ingestion.py took 0.091 seconds
[2024-10-24T00:32:10.688+0000] {processor.py:157} INFO - Started process (PID=500) to work on /opt/airflow/dags/spark_ingestion.py
[2024-10-24T00:32:10.689+0000] {processor.py:829} INFO - Processing file /opt/airflow/dags/spark_ingestion.py for tasks to queue
[2024-10-24T00:32:10.690+0000] {logging_mixin.py:151} INFO - [2024-10-24T00:32:10.690+0000] {dagbag.py:539} INFO - Filling up the DagBag from /opt/airflow/dags/spark_ingestion.py
[2024-10-24T00:32:10.706+0000] {processor.py:839} INFO - DAG(s) dict_keys(['Ingestion']) retrieved from /opt/airflow/dags/spark_ingestion.py
[2024-10-24T00:32:10.734+0000] {logging_mixin.py:151} INFO - [2024-10-24T00:32:10.734+0000] {dag.py:2915} INFO - Sync 1 DAGs
[2024-10-24T00:32:10.753+0000] {logging_mixin.py:151} INFO - [2024-10-24T00:32:10.753+0000] {dag.py:3696} INFO - Setting next_dagrun for Ingestion to 2024-10-24T00:00:00+00:00, run_after=2024-10-25T00:00:00+00:00
[2024-10-24T00:32:10.767+0000] {processor.py:179} INFO - Processing /opt/airflow/dags/spark_ingestion.py took 0.083 seconds
[2024-10-24T00:32:41.000+0000] {processor.py:157} INFO - Started process (PID=510) to work on /opt/airflow/dags/spark_ingestion.py
[2024-10-24T00:32:41.007+0000] {processor.py:829} INFO - Processing file /opt/airflow/dags/spark_ingestion.py for tasks to queue
[2024-10-24T00:32:41.008+0000] {logging_mixin.py:151} INFO - [2024-10-24T00:32:41.008+0000] {dagbag.py:539} INFO - Filling up the DagBag from /opt/airflow/dags/spark_ingestion.py
[2024-10-24T00:32:41.022+0000] {processor.py:839} INFO - DAG(s) dict_keys(['Ingestion']) retrieved from /opt/airflow/dags/spark_ingestion.py
[2024-10-24T00:32:41.053+0000] {logging_mixin.py:151} INFO - [2024-10-24T00:32:41.052+0000] {dag.py:2915} INFO - Sync 1 DAGs
[2024-10-24T00:32:41.072+0000] {logging_mixin.py:151} INFO - [2024-10-24T00:32:41.072+0000] {dag.py:3696} INFO - Setting next_dagrun for Ingestion to 2024-10-24T00:00:00+00:00, run_after=2024-10-25T00:00:00+00:00
[2024-10-24T00:32:41.088+0000] {processor.py:179} INFO - Processing /opt/airflow/dags/spark_ingestion.py took 0.091 seconds
[2024-10-24T00:33:11.282+0000] {processor.py:157} INFO - Started process (PID=520) to work on /opt/airflow/dags/spark_ingestion.py
[2024-10-24T00:33:11.291+0000] {processor.py:829} INFO - Processing file /opt/airflow/dags/spark_ingestion.py for tasks to queue
[2024-10-24T00:33:11.292+0000] {logging_mixin.py:151} INFO - [2024-10-24T00:33:11.291+0000] {dagbag.py:539} INFO - Filling up the DagBag from /opt/airflow/dags/spark_ingestion.py
[2024-10-24T00:33:11.311+0000] {processor.py:839} INFO - DAG(s) dict_keys(['Ingestion']) retrieved from /opt/airflow/dags/spark_ingestion.py
[2024-10-24T00:33:11.339+0000] {logging_mixin.py:151} INFO - [2024-10-24T00:33:11.339+0000] {dag.py:2915} INFO - Sync 1 DAGs
[2024-10-24T00:33:11.358+0000] {logging_mixin.py:151} INFO - [2024-10-24T00:33:11.358+0000] {dag.py:3696} INFO - Setting next_dagrun for Ingestion to 2024-10-24T00:00:00+00:00, run_after=2024-10-25T00:00:00+00:00
[2024-10-24T00:33:11.371+0000] {processor.py:179} INFO - Processing /opt/airflow/dags/spark_ingestion.py took 0.093 seconds
[2024-10-24T00:33:41.602+0000] {processor.py:157} INFO - Started process (PID=530) to work on /opt/airflow/dags/spark_ingestion.py
[2024-10-24T00:33:41.611+0000] {processor.py:829} INFO - Processing file /opt/airflow/dags/spark_ingestion.py for tasks to queue
[2024-10-24T00:33:41.612+0000] {logging_mixin.py:151} INFO - [2024-10-24T00:33:41.611+0000] {dagbag.py:539} INFO - Filling up the DagBag from /opt/airflow/dags/spark_ingestion.py
[2024-10-24T00:33:41.627+0000] {processor.py:839} INFO - DAG(s) dict_keys(['Ingestion']) retrieved from /opt/airflow/dags/spark_ingestion.py
[2024-10-24T00:33:41.654+0000] {logging_mixin.py:151} INFO - [2024-10-24T00:33:41.654+0000] {dag.py:2915} INFO - Sync 1 DAGs
[2024-10-24T00:33:41.673+0000] {logging_mixin.py:151} INFO - [2024-10-24T00:33:41.673+0000] {dag.py:3696} INFO - Setting next_dagrun for Ingestion to 2024-10-24T00:00:00+00:00, run_after=2024-10-25T00:00:00+00:00
[2024-10-24T00:33:41.688+0000] {processor.py:179} INFO - Processing /opt/airflow/dags/spark_ingestion.py took 0.090 seconds
[2024-10-24T00:34:11.948+0000] {processor.py:157} INFO - Started process (PID=540) to work on /opt/airflow/dags/spark_ingestion.py
[2024-10-24T00:34:11.956+0000] {processor.py:829} INFO - Processing file /opt/airflow/dags/spark_ingestion.py for tasks to queue
[2024-10-24T00:34:11.958+0000] {logging_mixin.py:151} INFO - [2024-10-24T00:34:11.957+0000] {dagbag.py:539} INFO - Filling up the DagBag from /opt/airflow/dags/spark_ingestion.py
[2024-10-24T00:34:11.977+0000] {processor.py:839} INFO - DAG(s) dict_keys(['Ingestion']) retrieved from /opt/airflow/dags/spark_ingestion.py
[2024-10-24T00:34:12.011+0000] {logging_mixin.py:151} INFO - [2024-10-24T00:34:12.010+0000] {dag.py:2915} INFO - Sync 1 DAGs
[2024-10-24T00:34:12.031+0000] {logging_mixin.py:151} INFO - [2024-10-24T00:34:12.031+0000] {dag.py:3696} INFO - Setting next_dagrun for Ingestion to 2024-10-24T00:00:00+00:00, run_after=2024-10-25T00:00:00+00:00
[2024-10-24T00:34:12.044+0000] {processor.py:179} INFO - Processing /opt/airflow/dags/spark_ingestion.py took 0.101 seconds
[2024-10-24T00:34:42.282+0000] {processor.py:157} INFO - Started process (PID=550) to work on /opt/airflow/dags/spark_ingestion.py
[2024-10-24T00:34:42.291+0000] {processor.py:829} INFO - Processing file /opt/airflow/dags/spark_ingestion.py for tasks to queue
[2024-10-24T00:34:42.292+0000] {logging_mixin.py:151} INFO - [2024-10-24T00:34:42.291+0000] {dagbag.py:539} INFO - Filling up the DagBag from /opt/airflow/dags/spark_ingestion.py
[2024-10-24T00:34:42.309+0000] {processor.py:839} INFO - DAG(s) dict_keys(['Ingestion']) retrieved from /opt/airflow/dags/spark_ingestion.py
[2024-10-24T00:34:42.341+0000] {logging_mixin.py:151} INFO - [2024-10-24T00:34:42.341+0000] {dag.py:2915} INFO - Sync 1 DAGs
[2024-10-24T00:34:42.361+0000] {logging_mixin.py:151} INFO - [2024-10-24T00:34:42.361+0000] {dag.py:3696} INFO - Setting next_dagrun for Ingestion to 2024-10-24T00:00:00+00:00, run_after=2024-10-25T00:00:00+00:00
[2024-10-24T00:34:42.375+0000] {processor.py:179} INFO - Processing /opt/airflow/dags/spark_ingestion.py took 0.097 seconds
[2024-10-24T00:35:12.598+0000] {processor.py:157} INFO - Started process (PID=560) to work on /opt/airflow/dags/spark_ingestion.py
[2024-10-24T00:35:12.603+0000] {processor.py:829} INFO - Processing file /opt/airflow/dags/spark_ingestion.py for tasks to queue
[2024-10-24T00:35:12.603+0000] {logging_mixin.py:151} INFO - [2024-10-24T00:35:12.603+0000] {dagbag.py:539} INFO - Filling up the DagBag from /opt/airflow/dags/spark_ingestion.py
[2024-10-24T00:35:12.616+0000] {processor.py:839} INFO - DAG(s) dict_keys(['Ingestion']) retrieved from /opt/airflow/dags/spark_ingestion.py
[2024-10-24T00:35:12.645+0000] {logging_mixin.py:151} INFO - [2024-10-24T00:35:12.644+0000] {dag.py:2915} INFO - Sync 1 DAGs
[2024-10-24T00:35:12.665+0000] {logging_mixin.py:151} INFO - [2024-10-24T00:35:12.665+0000] {dag.py:3696} INFO - Setting next_dagrun for Ingestion to 2024-10-24T00:00:00+00:00, run_after=2024-10-25T00:00:00+00:00
[2024-10-24T00:35:12.679+0000] {processor.py:179} INFO - Processing /opt/airflow/dags/spark_ingestion.py took 0.084 seconds
[2024-10-24T00:35:42.910+0000] {processor.py:157} INFO - Started process (PID=570) to work on /opt/airflow/dags/spark_ingestion.py
[2024-10-24T00:35:42.918+0000] {processor.py:829} INFO - Processing file /opt/airflow/dags/spark_ingestion.py for tasks to queue
[2024-10-24T00:35:42.919+0000] {logging_mixin.py:151} INFO - [2024-10-24T00:35:42.918+0000] {dagbag.py:539} INFO - Filling up the DagBag from /opt/airflow/dags/spark_ingestion.py
[2024-10-24T00:35:42.932+0000] {processor.py:839} INFO - DAG(s) dict_keys(['Ingestion']) retrieved from /opt/airflow/dags/spark_ingestion.py
[2024-10-24T00:35:42.963+0000] {logging_mixin.py:151} INFO - [2024-10-24T00:35:42.963+0000] {dag.py:2915} INFO - Sync 1 DAGs
[2024-10-24T00:35:42.982+0000] {logging_mixin.py:151} INFO - [2024-10-24T00:35:42.982+0000] {dag.py:3696} INFO - Setting next_dagrun for Ingestion to 2024-10-24T00:00:00+00:00, run_after=2024-10-25T00:00:00+00:00
[2024-10-24T00:35:42.995+0000] {processor.py:179} INFO - Processing /opt/airflow/dags/spark_ingestion.py took 0.088 seconds
[2024-10-24T00:36:13.229+0000] {processor.py:157} INFO - Started process (PID=580) to work on /opt/airflow/dags/spark_ingestion.py
[2024-10-24T00:36:13.237+0000] {processor.py:829} INFO - Processing file /opt/airflow/dags/spark_ingestion.py for tasks to queue
[2024-10-24T00:36:13.238+0000] {logging_mixin.py:151} INFO - [2024-10-24T00:36:13.237+0000] {dagbag.py:539} INFO - Filling up the DagBag from /opt/airflow/dags/spark_ingestion.py
[2024-10-24T00:36:13.252+0000] {processor.py:839} INFO - DAG(s) dict_keys(['Ingestion']) retrieved from /opt/airflow/dags/spark_ingestion.py
[2024-10-24T00:36:13.280+0000] {logging_mixin.py:151} INFO - [2024-10-24T00:36:13.280+0000] {dag.py:2915} INFO - Sync 1 DAGs
[2024-10-24T00:36:13.299+0000] {logging_mixin.py:151} INFO - [2024-10-24T00:36:13.298+0000] {dag.py:3696} INFO - Setting next_dagrun for Ingestion to 2024-10-24T00:00:00+00:00, run_after=2024-10-25T00:00:00+00:00
[2024-10-24T00:36:13.312+0000] {processor.py:179} INFO - Processing /opt/airflow/dags/spark_ingestion.py took 0.086 seconds
[2024-10-24T00:36:43.548+0000] {processor.py:157} INFO - Started process (PID=590) to work on /opt/airflow/dags/spark_ingestion.py
[2024-10-24T00:36:43.556+0000] {processor.py:829} INFO - Processing file /opt/airflow/dags/spark_ingestion.py for tasks to queue
[2024-10-24T00:36:43.557+0000] {logging_mixin.py:151} INFO - [2024-10-24T00:36:43.556+0000] {dagbag.py:539} INFO - Filling up the DagBag from /opt/airflow/dags/spark_ingestion.py
[2024-10-24T00:36:43.570+0000] {processor.py:839} INFO - DAG(s) dict_keys(['Ingestion']) retrieved from /opt/airflow/dags/spark_ingestion.py
[2024-10-24T00:36:43.602+0000] {logging_mixin.py:151} INFO - [2024-10-24T00:36:43.602+0000] {dag.py:2915} INFO - Sync 1 DAGs
[2024-10-24T00:36:43.623+0000] {logging_mixin.py:151} INFO - [2024-10-24T00:36:43.622+0000] {dag.py:3696} INFO - Setting next_dagrun for Ingestion to 2024-10-24T00:00:00+00:00, run_after=2024-10-25T00:00:00+00:00
[2024-10-24T00:36:43.636+0000] {processor.py:179} INFO - Processing /opt/airflow/dags/spark_ingestion.py took 0.092 seconds
[2024-10-24T00:37:13.852+0000] {processor.py:157} INFO - Started process (PID=600) to work on /opt/airflow/dags/spark_ingestion.py
[2024-10-24T00:37:13.860+0000] {processor.py:829} INFO - Processing file /opt/airflow/dags/spark_ingestion.py for tasks to queue
[2024-10-24T00:37:13.861+0000] {logging_mixin.py:151} INFO - [2024-10-24T00:37:13.861+0000] {dagbag.py:539} INFO - Filling up the DagBag from /opt/airflow/dags/spark_ingestion.py
[2024-10-24T00:37:13.874+0000] {processor.py:839} INFO - DAG(s) dict_keys(['Ingestion']) retrieved from /opt/airflow/dags/spark_ingestion.py
[2024-10-24T00:37:13.907+0000] {logging_mixin.py:151} INFO - [2024-10-24T00:37:13.907+0000] {dag.py:2915} INFO - Sync 1 DAGs
[2024-10-24T00:37:13.930+0000] {logging_mixin.py:151} INFO - [2024-10-24T00:37:13.930+0000] {dag.py:3696} INFO - Setting next_dagrun for Ingestion to 2024-10-24T00:00:00+00:00, run_after=2024-10-25T00:00:00+00:00
[2024-10-24T00:37:13.943+0000] {processor.py:179} INFO - Processing /opt/airflow/dags/spark_ingestion.py took 0.095 seconds
[2024-10-24T00:37:44.162+0000] {processor.py:157} INFO - Started process (PID=610) to work on /opt/airflow/dags/spark_ingestion.py
[2024-10-24T00:37:44.163+0000] {processor.py:829} INFO - Processing file /opt/airflow/dags/spark_ingestion.py for tasks to queue
[2024-10-24T00:37:44.164+0000] {logging_mixin.py:151} INFO - [2024-10-24T00:37:44.164+0000] {dagbag.py:539} INFO - Filling up the DagBag from /opt/airflow/dags/spark_ingestion.py
[2024-10-24T00:37:44.180+0000] {processor.py:839} INFO - DAG(s) dict_keys(['Ingestion']) retrieved from /opt/airflow/dags/spark_ingestion.py
[2024-10-24T00:37:44.208+0000] {logging_mixin.py:151} INFO - [2024-10-24T00:37:44.208+0000] {dag.py:2915} INFO - Sync 1 DAGs
[2024-10-24T00:37:44.227+0000] {logging_mixin.py:151} INFO - [2024-10-24T00:37:44.227+0000] {dag.py:3696} INFO - Setting next_dagrun for Ingestion to 2024-10-24T00:00:00+00:00, run_after=2024-10-25T00:00:00+00:00
[2024-10-24T00:37:44.241+0000] {processor.py:179} INFO - Processing /opt/airflow/dags/spark_ingestion.py took 0.084 seconds
[2024-10-24T00:38:14.458+0000] {processor.py:157} INFO - Started process (PID=620) to work on /opt/airflow/dags/spark_ingestion.py
[2024-10-24T00:38:14.466+0000] {processor.py:829} INFO - Processing file /opt/airflow/dags/spark_ingestion.py for tasks to queue
[2024-10-24T00:38:14.467+0000] {logging_mixin.py:151} INFO - [2024-10-24T00:38:14.466+0000] {dagbag.py:539} INFO - Filling up the DagBag from /opt/airflow/dags/spark_ingestion.py
[2024-10-24T00:38:14.479+0000] {processor.py:839} INFO - DAG(s) dict_keys(['Ingestion']) retrieved from /opt/airflow/dags/spark_ingestion.py
[2024-10-24T00:38:14.505+0000] {logging_mixin.py:151} INFO - [2024-10-24T00:38:14.505+0000] {dag.py:2915} INFO - Sync 1 DAGs
[2024-10-24T00:38:14.525+0000] {logging_mixin.py:151} INFO - [2024-10-24T00:38:14.525+0000] {dag.py:3696} INFO - Setting next_dagrun for Ingestion to 2024-10-24T00:00:00+00:00, run_after=2024-10-25T00:00:00+00:00
[2024-10-24T00:38:14.540+0000] {processor.py:179} INFO - Processing /opt/airflow/dags/spark_ingestion.py took 0.085 seconds
[2024-10-24T00:38:44.747+0000] {processor.py:157} INFO - Started process (PID=630) to work on /opt/airflow/dags/spark_ingestion.py
[2024-10-24T00:38:44.748+0000] {processor.py:829} INFO - Processing file /opt/airflow/dags/spark_ingestion.py for tasks to queue
[2024-10-24T00:38:44.749+0000] {logging_mixin.py:151} INFO - [2024-10-24T00:38:44.748+0000] {dagbag.py:539} INFO - Filling up the DagBag from /opt/airflow/dags/spark_ingestion.py
[2024-10-24T00:38:44.762+0000] {processor.py:839} INFO - DAG(s) dict_keys(['Ingestion']) retrieved from /opt/airflow/dags/spark_ingestion.py
[2024-10-24T00:38:44.791+0000] {logging_mixin.py:151} INFO - [2024-10-24T00:38:44.790+0000] {dag.py:2915} INFO - Sync 1 DAGs
[2024-10-24T00:38:44.810+0000] {logging_mixin.py:151} INFO - [2024-10-24T00:38:44.810+0000] {dag.py:3696} INFO - Setting next_dagrun for Ingestion to 2024-10-24T00:00:00+00:00, run_after=2024-10-25T00:00:00+00:00
[2024-10-24T00:38:44.824+0000] {processor.py:179} INFO - Processing /opt/airflow/dags/spark_ingestion.py took 0.079 seconds
[2024-10-24T00:39:15.065+0000] {processor.py:157} INFO - Started process (PID=640) to work on /opt/airflow/dags/spark_ingestion.py
[2024-10-24T00:39:15.073+0000] {processor.py:829} INFO - Processing file /opt/airflow/dags/spark_ingestion.py for tasks to queue
[2024-10-24T00:39:15.074+0000] {logging_mixin.py:151} INFO - [2024-10-24T00:39:15.074+0000] {dagbag.py:539} INFO - Filling up the DagBag from /opt/airflow/dags/spark_ingestion.py
[2024-10-24T00:39:15.087+0000] {processor.py:839} INFO - DAG(s) dict_keys(['Ingestion']) retrieved from /opt/airflow/dags/spark_ingestion.py
[2024-10-24T00:39:15.118+0000] {logging_mixin.py:151} INFO - [2024-10-24T00:39:15.118+0000] {dag.py:2915} INFO - Sync 1 DAGs
[2024-10-24T00:39:15.139+0000] {logging_mixin.py:151} INFO - [2024-10-24T00:39:15.139+0000] {dag.py:3696} INFO - Setting next_dagrun for Ingestion to 2024-10-24T00:00:00+00:00, run_after=2024-10-25T00:00:00+00:00
[2024-10-24T00:39:15.154+0000] {processor.py:179} INFO - Processing /opt/airflow/dags/spark_ingestion.py took 0.092 seconds
[2024-10-24T00:39:45.389+0000] {processor.py:157} INFO - Started process (PID=650) to work on /opt/airflow/dags/spark_ingestion.py
[2024-10-24T00:39:45.397+0000] {processor.py:829} INFO - Processing file /opt/airflow/dags/spark_ingestion.py for tasks to queue
[2024-10-24T00:39:45.398+0000] {logging_mixin.py:151} INFO - [2024-10-24T00:39:45.397+0000] {dagbag.py:539} INFO - Filling up the DagBag from /opt/airflow/dags/spark_ingestion.py
[2024-10-24T00:39:45.416+0000] {processor.py:839} INFO - DAG(s) dict_keys(['Ingestion']) retrieved from /opt/airflow/dags/spark_ingestion.py
[2024-10-24T00:39:45.451+0000] {logging_mixin.py:151} INFO - [2024-10-24T00:39:45.451+0000] {dag.py:2915} INFO - Sync 1 DAGs
[2024-10-24T00:39:45.470+0000] {logging_mixin.py:151} INFO - [2024-10-24T00:39:45.470+0000] {dag.py:3696} INFO - Setting next_dagrun for Ingestion to 2024-10-24T00:00:00+00:00, run_after=2024-10-25T00:00:00+00:00
[2024-10-24T00:39:45.484+0000] {processor.py:179} INFO - Processing /opt/airflow/dags/spark_ingestion.py took 0.098 seconds
[2024-10-24T00:40:15.677+0000] {processor.py:157} INFO - Started process (PID=660) to work on /opt/airflow/dags/spark_ingestion.py
[2024-10-24T00:40:15.678+0000] {processor.py:829} INFO - Processing file /opt/airflow/dags/spark_ingestion.py for tasks to queue
[2024-10-24T00:40:15.679+0000] {logging_mixin.py:151} INFO - [2024-10-24T00:40:15.678+0000] {dagbag.py:539} INFO - Filling up the DagBag from /opt/airflow/dags/spark_ingestion.py
[2024-10-24T00:40:15.691+0000] {processor.py:839} INFO - DAG(s) dict_keys(['Ingestion']) retrieved from /opt/airflow/dags/spark_ingestion.py
[2024-10-24T00:40:15.733+0000] {logging_mixin.py:151} INFO - [2024-10-24T00:40:15.732+0000] {dag.py:2915} INFO - Sync 1 DAGs
[2024-10-24T00:40:15.754+0000] {logging_mixin.py:151} INFO - [2024-10-24T00:40:15.754+0000] {dag.py:3696} INFO - Setting next_dagrun for Ingestion to 2024-10-24T00:00:00+00:00, run_after=2024-10-25T00:00:00+00:00
[2024-10-24T00:40:15.769+0000] {processor.py:179} INFO - Processing /opt/airflow/dags/spark_ingestion.py took 0.096 seconds
[2024-10-24T00:40:45.970+0000] {processor.py:157} INFO - Started process (PID=670) to work on /opt/airflow/dags/spark_ingestion.py
[2024-10-24T00:40:45.972+0000] {processor.py:829} INFO - Processing file /opt/airflow/dags/spark_ingestion.py for tasks to queue
[2024-10-24T00:40:45.975+0000] {logging_mixin.py:151} INFO - [2024-10-24T00:40:45.973+0000] {dagbag.py:539} INFO - Filling up the DagBag from /opt/airflow/dags/spark_ingestion.py
[2024-10-24T00:40:46.001+0000] {processor.py:839} INFO - DAG(s) dict_keys(['Ingestion']) retrieved from /opt/airflow/dags/spark_ingestion.py
[2024-10-24T00:40:46.084+0000] {logging_mixin.py:151} INFO - [2024-10-24T00:40:46.084+0000] {dag.py:2915} INFO - Sync 1 DAGs
[2024-10-24T00:40:46.106+0000] {logging_mixin.py:151} INFO - [2024-10-24T00:40:46.106+0000] {dag.py:3696} INFO - Setting next_dagrun for Ingestion to 2024-10-24T00:00:00+00:00, run_after=2024-10-25T00:00:00+00:00
[2024-10-24T00:40:46.124+0000] {processor.py:179} INFO - Processing /opt/airflow/dags/spark_ingestion.py took 0.165 seconds
[2024-10-24T00:41:16.356+0000] {processor.py:157} INFO - Started process (PID=682) to work on /opt/airflow/dags/spark_ingestion.py
[2024-10-24T00:41:16.358+0000] {processor.py:829} INFO - Processing file /opt/airflow/dags/spark_ingestion.py for tasks to queue
[2024-10-24T00:41:16.359+0000] {logging_mixin.py:151} INFO - [2024-10-24T00:41:16.359+0000] {dagbag.py:539} INFO - Filling up the DagBag from /opt/airflow/dags/spark_ingestion.py
[2024-10-24T00:41:16.378+0000] {processor.py:839} INFO - DAG(s) dict_keys(['Ingestion']) retrieved from /opt/airflow/dags/spark_ingestion.py
[2024-10-24T00:41:16.420+0000] {logging_mixin.py:151} INFO - [2024-10-24T00:41:16.419+0000] {dag.py:2915} INFO - Sync 1 DAGs
[2024-10-24T00:41:16.446+0000] {logging_mixin.py:151} INFO - [2024-10-24T00:41:16.446+0000] {dag.py:3696} INFO - Setting next_dagrun for Ingestion to 2024-10-24T00:00:00+00:00, run_after=2024-10-25T00:00:00+00:00
[2024-10-24T00:41:16.461+0000] {processor.py:179} INFO - Processing /opt/airflow/dags/spark_ingestion.py took 0.111 seconds
[2024-10-24T00:41:46.668+0000] {processor.py:157} INFO - Started process (PID=692) to work on /opt/airflow/dags/spark_ingestion.py
[2024-10-24T00:41:46.668+0000] {processor.py:829} INFO - Processing file /opt/airflow/dags/spark_ingestion.py for tasks to queue
[2024-10-24T00:41:46.669+0000] {logging_mixin.py:151} INFO - [2024-10-24T00:41:46.669+0000] {dagbag.py:539} INFO - Filling up the DagBag from /opt/airflow/dags/spark_ingestion.py
[2024-10-24T00:41:46.683+0000] {processor.py:839} INFO - DAG(s) dict_keys(['Ingestion']) retrieved from /opt/airflow/dags/spark_ingestion.py
[2024-10-24T00:41:46.715+0000] {logging_mixin.py:151} INFO - [2024-10-24T00:41:46.715+0000] {dag.py:2915} INFO - Sync 1 DAGs
[2024-10-24T00:41:46.733+0000] {logging_mixin.py:151} INFO - [2024-10-24T00:41:46.733+0000] {dag.py:3696} INFO - Setting next_dagrun for Ingestion to 2024-10-24T00:00:00+00:00, run_after=2024-10-25T00:00:00+00:00
[2024-10-24T00:41:46.747+0000] {processor.py:179} INFO - Processing /opt/airflow/dags/spark_ingestion.py took 0.082 seconds
[2024-10-24T00:42:16.992+0000] {processor.py:157} INFO - Started process (PID=702) to work on /opt/airflow/dags/spark_ingestion.py
[2024-10-24T00:42:17.001+0000] {processor.py:829} INFO - Processing file /opt/airflow/dags/spark_ingestion.py for tasks to queue
[2024-10-24T00:42:17.002+0000] {logging_mixin.py:151} INFO - [2024-10-24T00:42:17.001+0000] {dagbag.py:539} INFO - Filling up the DagBag from /opt/airflow/dags/spark_ingestion.py
[2024-10-24T00:42:17.018+0000] {processor.py:839} INFO - DAG(s) dict_keys(['Ingestion']) retrieved from /opt/airflow/dags/spark_ingestion.py
[2024-10-24T00:42:17.064+0000] {logging_mixin.py:151} INFO - [2024-10-24T00:42:17.064+0000] {dag.py:2915} INFO - Sync 1 DAGs
[2024-10-24T00:42:17.090+0000] {logging_mixin.py:151} INFO - [2024-10-24T00:42:17.090+0000] {dag.py:3696} INFO - Setting next_dagrun for Ingestion to 2024-10-24T00:00:00+00:00, run_after=2024-10-25T00:00:00+00:00
[2024-10-24T00:42:17.111+0000] {processor.py:179} INFO - Processing /opt/airflow/dags/spark_ingestion.py took 0.124 seconds
[2024-10-24T00:42:53.423+0000] {processor.py:157} INFO - Started process (PID=712) to work on /opt/airflow/dags/spark_ingestion.py
[2024-10-24T00:42:53.427+0000] {processor.py:829} INFO - Processing file /opt/airflow/dags/spark_ingestion.py for tasks to queue
[2024-10-24T00:42:53.429+0000] {logging_mixin.py:151} INFO - [2024-10-24T00:42:53.427+0000] {dagbag.py:539} INFO - Filling up the DagBag from /opt/airflow/dags/spark_ingestion.py
[2024-10-24T00:42:53.523+0000] {processor.py:839} INFO - DAG(s) dict_keys(['Ingestion']) retrieved from /opt/airflow/dags/spark_ingestion.py
[2024-10-24T00:42:53.862+0000] {logging_mixin.py:151} INFO - [2024-10-24T00:42:53.862+0000] {dag.py:2915} INFO - Sync 1 DAGs
[2024-10-24T00:42:53.910+0000] {logging_mixin.py:151} INFO - [2024-10-24T00:42:53.910+0000] {dag.py:3696} INFO - Setting next_dagrun for Ingestion to 2024-10-24T00:00:00+00:00, run_after=2024-10-25T00:00:00+00:00
[2024-10-24T00:42:53.935+0000] {processor.py:179} INFO - Processing /opt/airflow/dags/spark_ingestion.py took 0.528 seconds
[2024-10-24T00:43:49.104+0000] {processor.py:157} INFO - Started process (PID=175) to work on /opt/airflow/dags/spark_ingestion.py
[2024-10-24T00:43:49.106+0000] {processor.py:829} INFO - Processing file /opt/airflow/dags/spark_ingestion.py for tasks to queue
[2024-10-24T00:43:49.108+0000] {logging_mixin.py:151} INFO - [2024-10-24T00:43:49.106+0000] {dagbag.py:539} INFO - Filling up the DagBag from /opt/airflow/dags/spark_ingestion.py
[2024-10-24T00:43:49.130+0000] {processor.py:839} INFO - DAG(s) dict_keys(['Ingestion']) retrieved from /opt/airflow/dags/spark_ingestion.py
[2024-10-24T00:43:49.173+0000] {logging_mixin.py:151} INFO - [2024-10-24T00:43:49.173+0000] {dag.py:2915} INFO - Sync 1 DAGs
[2024-10-24T00:43:49.204+0000] {logging_mixin.py:151} INFO - [2024-10-24T00:43:49.203+0000] {dag.py:3696} INFO - Setting next_dagrun for Ingestion to 2024-10-24T00:00:00+00:00, run_after=2024-10-25T00:00:00+00:00
[2024-10-24T00:43:49.222+0000] {processor.py:179} INFO - Processing /opt/airflow/dags/spark_ingestion.py took 0.122 seconds
[2024-10-24T00:44:19.331+0000] {processor.py:157} INFO - Started process (PID=186) to work on /opt/airflow/dags/spark_ingestion.py
[2024-10-24T00:44:19.332+0000] {processor.py:829} INFO - Processing file /opt/airflow/dags/spark_ingestion.py for tasks to queue
[2024-10-24T00:44:19.332+0000] {logging_mixin.py:151} INFO - [2024-10-24T00:44:19.332+0000] {dagbag.py:539} INFO - Filling up the DagBag from /opt/airflow/dags/spark_ingestion.py
[2024-10-24T00:44:19.346+0000] {processor.py:839} INFO - DAG(s) dict_keys(['Ingestion']) retrieved from /opt/airflow/dags/spark_ingestion.py
[2024-10-24T00:44:19.379+0000] {logging_mixin.py:151} INFO - [2024-10-24T00:44:19.379+0000] {dag.py:2915} INFO - Sync 1 DAGs
[2024-10-24T00:44:19.401+0000] {logging_mixin.py:151} INFO - [2024-10-24T00:44:19.401+0000] {dag.py:3696} INFO - Setting next_dagrun for Ingestion to 2024-10-24T00:00:00+00:00, run_after=2024-10-25T00:00:00+00:00
[2024-10-24T00:44:19.417+0000] {processor.py:179} INFO - Processing /opt/airflow/dags/spark_ingestion.py took 0.089 seconds
[2024-10-24T00:45:29.922+0000] {processor.py:157} INFO - Started process (PID=175) to work on /opt/airflow/dags/spark_ingestion.py
[2024-10-24T00:45:29.924+0000] {processor.py:829} INFO - Processing file /opt/airflow/dags/spark_ingestion.py for tasks to queue
[2024-10-24T00:45:29.927+0000] {logging_mixin.py:151} INFO - [2024-10-24T00:45:29.925+0000] {dagbag.py:539} INFO - Filling up the DagBag from /opt/airflow/dags/spark_ingestion.py
[2024-10-24T00:45:29.948+0000] {processor.py:839} INFO - DAG(s) dict_keys(['Ingestion']) retrieved from /opt/airflow/dags/spark_ingestion.py
[2024-10-24T00:45:30.037+0000] {logging_mixin.py:151} INFO - [2024-10-24T00:45:30.036+0000] {dag.py:2915} INFO - Sync 1 DAGs
[2024-10-24T00:45:30.080+0000] {logging_mixin.py:151} INFO - [2024-10-24T00:45:30.080+0000] {dag.py:3696} INFO - Setting next_dagrun for Ingestion to 2024-10-24T00:00:00+00:00, run_after=2024-10-25T00:00:00+00:00
[2024-10-24T00:45:30.107+0000] {processor.py:179} INFO - Processing /opt/airflow/dags/spark_ingestion.py took 0.190 seconds
[2024-10-24T00:46:00.338+0000] {processor.py:157} INFO - Started process (PID=186) to work on /opt/airflow/dags/spark_ingestion.py
[2024-10-24T00:46:00.338+0000] {processor.py:829} INFO - Processing file /opt/airflow/dags/spark_ingestion.py for tasks to queue
[2024-10-24T00:46:00.339+0000] {logging_mixin.py:151} INFO - [2024-10-24T00:46:00.339+0000] {dagbag.py:539} INFO - Filling up the DagBag from /opt/airflow/dags/spark_ingestion.py
[2024-10-24T00:46:00.350+0000] {processor.py:839} INFO - DAG(s) dict_keys(['Ingestion']) retrieved from /opt/airflow/dags/spark_ingestion.py
[2024-10-24T00:46:00.375+0000] {logging_mixin.py:151} INFO - [2024-10-24T00:46:00.375+0000] {dag.py:2915} INFO - Sync 1 DAGs
[2024-10-24T00:46:00.395+0000] {logging_mixin.py:151} INFO - [2024-10-24T00:46:00.395+0000] {dag.py:3696} INFO - Setting next_dagrun for Ingestion to 2024-10-24T00:00:00+00:00, run_after=2024-10-25T00:00:00+00:00
[2024-10-24T00:46:00.410+0000] {processor.py:179} INFO - Processing /opt/airflow/dags/spark_ingestion.py took 0.075 seconds
[2024-10-24T00:46:30.673+0000] {processor.py:157} INFO - Started process (PID=198) to work on /opt/airflow/dags/spark_ingestion.py
[2024-10-24T00:46:30.674+0000] {processor.py:829} INFO - Processing file /opt/airflow/dags/spark_ingestion.py for tasks to queue
[2024-10-24T00:46:30.675+0000] {logging_mixin.py:151} INFO - [2024-10-24T00:46:30.675+0000] {dagbag.py:539} INFO - Filling up the DagBag from /opt/airflow/dags/spark_ingestion.py
[2024-10-24T00:46:30.687+0000] {processor.py:839} INFO - DAG(s) dict_keys(['Ingestion']) retrieved from /opt/airflow/dags/spark_ingestion.py
[2024-10-24T00:46:30.713+0000] {logging_mixin.py:151} INFO - [2024-10-24T00:46:30.713+0000] {dag.py:2915} INFO - Sync 1 DAGs
[2024-10-24T00:46:30.733+0000] {logging_mixin.py:151} INFO - [2024-10-24T00:46:30.733+0000] {dag.py:3696} INFO - Setting next_dagrun for Ingestion to 2024-10-24T00:00:00+00:00, run_after=2024-10-25T00:00:00+00:00
[2024-10-24T00:46:30.749+0000] {processor.py:179} INFO - Processing /opt/airflow/dags/spark_ingestion.py took 0.079 seconds
[2024-10-24T00:47:01.001+0000] {processor.py:157} INFO - Started process (PID=208) to work on /opt/airflow/dags/spark_ingestion.py
[2024-10-24T00:47:01.003+0000] {processor.py:829} INFO - Processing file /opt/airflow/dags/spark_ingestion.py for tasks to queue
[2024-10-24T00:47:01.004+0000] {logging_mixin.py:151} INFO - [2024-10-24T00:47:01.004+0000] {dagbag.py:539} INFO - Filling up the DagBag from /opt/airflow/dags/spark_ingestion.py
[2024-10-24T00:47:01.022+0000] {processor.py:839} INFO - DAG(s) dict_keys(['Ingestion']) retrieved from /opt/airflow/dags/spark_ingestion.py
[2024-10-24T00:47:01.054+0000] {logging_mixin.py:151} INFO - [2024-10-24T00:47:01.053+0000] {dag.py:2915} INFO - Sync 1 DAGs
[2024-10-24T00:47:01.076+0000] {logging_mixin.py:151} INFO - [2024-10-24T00:47:01.076+0000] {dag.py:3696} INFO - Setting next_dagrun for Ingestion to 2024-10-24T00:00:00+00:00, run_after=2024-10-25T00:00:00+00:00
[2024-10-24T00:47:01.090+0000] {processor.py:179} INFO - Processing /opt/airflow/dags/spark_ingestion.py took 0.092 seconds
[2024-10-24T00:47:31.252+0000] {processor.py:157} INFO - Started process (PID=218) to work on /opt/airflow/dags/spark_ingestion.py
[2024-10-24T00:47:31.253+0000] {processor.py:829} INFO - Processing file /opt/airflow/dags/spark_ingestion.py for tasks to queue
[2024-10-24T00:47:31.255+0000] {logging_mixin.py:151} INFO - [2024-10-24T00:47:31.254+0000] {dagbag.py:539} INFO - Filling up the DagBag from /opt/airflow/dags/spark_ingestion.py
[2024-10-24T00:47:31.278+0000] {processor.py:839} INFO - DAG(s) dict_keys(['Ingestion']) retrieved from /opt/airflow/dags/spark_ingestion.py
[2024-10-24T00:47:31.304+0000] {logging_mixin.py:151} INFO - [2024-10-24T00:47:31.304+0000] {dag.py:2915} INFO - Sync 1 DAGs
[2024-10-24T00:47:31.324+0000] {logging_mixin.py:151} INFO - [2024-10-24T00:47:31.324+0000] {dag.py:3696} INFO - Setting next_dagrun for Ingestion to 2024-10-24T00:00:00+00:00, run_after=2024-10-25T00:00:00+00:00
[2024-10-24T00:47:31.339+0000] {processor.py:179} INFO - Processing /opt/airflow/dags/spark_ingestion.py took 0.094 seconds
[2024-10-24T00:48:01.569+0000] {processor.py:157} INFO - Started process (PID=230) to work on /opt/airflow/dags/spark_ingestion.py
[2024-10-24T00:48:01.577+0000] {processor.py:829} INFO - Processing file /opt/airflow/dags/spark_ingestion.py for tasks to queue
[2024-10-24T00:48:01.578+0000] {logging_mixin.py:151} INFO - [2024-10-24T00:48:01.578+0000] {dagbag.py:539} INFO - Filling up the DagBag from /opt/airflow/dags/spark_ingestion.py
[2024-10-24T00:48:01.598+0000] {processor.py:839} INFO - DAG(s) dict_keys(['Ingestion']) retrieved from /opt/airflow/dags/spark_ingestion.py
[2024-10-24T00:48:01.638+0000] {logging_mixin.py:151} INFO - [2024-10-24T00:48:01.638+0000] {dag.py:2915} INFO - Sync 1 DAGs
[2024-10-24T00:48:01.663+0000] {logging_mixin.py:151} INFO - [2024-10-24T00:48:01.663+0000] {dag.py:3696} INFO - Setting next_dagrun for Ingestion to 2024-10-24T00:00:00+00:00, run_after=2024-10-25T00:00:00+00:00
[2024-10-24T00:48:01.676+0000] {processor.py:179} INFO - Processing /opt/airflow/dags/spark_ingestion.py took 0.110 seconds
[2024-10-24T00:48:31.916+0000] {processor.py:157} INFO - Started process (PID=242) to work on /opt/airflow/dags/spark_ingestion.py
[2024-10-24T00:48:31.918+0000] {processor.py:829} INFO - Processing file /opt/airflow/dags/spark_ingestion.py for tasks to queue
[2024-10-24T00:48:31.920+0000] {logging_mixin.py:151} INFO - [2024-10-24T00:48:31.919+0000] {dagbag.py:539} INFO - Filling up the DagBag from /opt/airflow/dags/spark_ingestion.py
[2024-10-24T00:48:31.943+0000] {processor.py:839} INFO - DAG(s) dict_keys(['Ingestion']) retrieved from /opt/airflow/dags/spark_ingestion.py
[2024-10-24T00:48:31.970+0000] {logging_mixin.py:151} INFO - [2024-10-24T00:48:31.970+0000] {dag.py:2915} INFO - Sync 1 DAGs
[2024-10-24T00:48:31.989+0000] {logging_mixin.py:151} INFO - [2024-10-24T00:48:31.989+0000] {dag.py:3696} INFO - Setting next_dagrun for Ingestion to 2024-10-24T00:00:00+00:00, run_after=2024-10-25T00:00:00+00:00
[2024-10-24T00:48:32.002+0000] {processor.py:179} INFO - Processing /opt/airflow/dags/spark_ingestion.py took 0.095 seconds
[2024-10-24T00:49:02.242+0000] {processor.py:157} INFO - Started process (PID=252) to work on /opt/airflow/dags/spark_ingestion.py
[2024-10-24T00:49:02.250+0000] {processor.py:829} INFO - Processing file /opt/airflow/dags/spark_ingestion.py for tasks to queue
[2024-10-24T00:49:02.251+0000] {logging_mixin.py:151} INFO - [2024-10-24T00:49:02.251+0000] {dagbag.py:539} INFO - Filling up the DagBag from /opt/airflow/dags/spark_ingestion.py
[2024-10-24T00:49:02.264+0000] {processor.py:839} INFO - DAG(s) dict_keys(['Ingestion']) retrieved from /opt/airflow/dags/spark_ingestion.py
[2024-10-24T00:49:02.293+0000] {logging_mixin.py:151} INFO - [2024-10-24T00:49:02.292+0000] {dag.py:2915} INFO - Sync 1 DAGs
[2024-10-24T00:49:02.311+0000] {logging_mixin.py:151} INFO - [2024-10-24T00:49:02.311+0000] {dag.py:3696} INFO - Setting next_dagrun for Ingestion to 2024-10-24T00:00:00+00:00, run_after=2024-10-25T00:00:00+00:00
[2024-10-24T00:49:02.326+0000] {processor.py:179} INFO - Processing /opt/airflow/dags/spark_ingestion.py took 0.087 seconds
[2024-10-24T00:49:32.550+0000] {processor.py:157} INFO - Started process (PID=262) to work on /opt/airflow/dags/spark_ingestion.py
[2024-10-24T00:49:32.550+0000] {processor.py:829} INFO - Processing file /opt/airflow/dags/spark_ingestion.py for tasks to queue
[2024-10-24T00:49:32.551+0000] {logging_mixin.py:151} INFO - [2024-10-24T00:49:32.551+0000] {dagbag.py:539} INFO - Filling up the DagBag from /opt/airflow/dags/spark_ingestion.py
[2024-10-24T00:49:32.563+0000] {processor.py:839} INFO - DAG(s) dict_keys(['Ingestion']) retrieved from /opt/airflow/dags/spark_ingestion.py
[2024-10-24T00:49:32.589+0000] {logging_mixin.py:151} INFO - [2024-10-24T00:49:32.589+0000] {dag.py:2915} INFO - Sync 1 DAGs
[2024-10-24T00:49:32.608+0000] {logging_mixin.py:151} INFO - [2024-10-24T00:49:32.608+0000] {dag.py:3696} INFO - Setting next_dagrun for Ingestion to 2024-10-24T00:00:00+00:00, run_after=2024-10-25T00:00:00+00:00
[2024-10-24T00:49:32.622+0000] {processor.py:179} INFO - Processing /opt/airflow/dags/spark_ingestion.py took 0.077 seconds
[2024-10-24T00:50:03.025+0000] {processor.py:157} INFO - Started process (PID=277) to work on /opt/airflow/dags/spark_ingestion.py
[2024-10-24T00:50:03.034+0000] {processor.py:829} INFO - Processing file /opt/airflow/dags/spark_ingestion.py for tasks to queue
[2024-10-24T00:50:03.037+0000] {logging_mixin.py:151} INFO - [2024-10-24T00:50:03.036+0000] {dagbag.py:539} INFO - Filling up the DagBag from /opt/airflow/dags/spark_ingestion.py
[2024-10-24T00:50:03.061+0000] {processor.py:839} INFO - DAG(s) dict_keys(['Ingestion']) retrieved from /opt/airflow/dags/spark_ingestion.py
[2024-10-24T00:50:03.089+0000] {logging_mixin.py:151} INFO - [2024-10-24T00:50:03.088+0000] {dag.py:2915} INFO - Sync 1 DAGs
[2024-10-24T00:50:03.109+0000] {logging_mixin.py:151} INFO - [2024-10-24T00:50:03.109+0000] {dag.py:3696} INFO - Setting next_dagrun for Ingestion to 2024-10-24T00:00:00+00:00, run_after=2024-10-25T00:00:00+00:00
[2024-10-24T00:50:03.123+0000] {processor.py:179} INFO - Processing /opt/airflow/dags/spark_ingestion.py took 0.107 seconds
[2024-10-24T00:50:33.309+0000] {processor.py:157} INFO - Started process (PID=291) to work on /opt/airflow/dags/spark_ingestion.py
[2024-10-24T00:50:33.310+0000] {processor.py:829} INFO - Processing file /opt/airflow/dags/spark_ingestion.py for tasks to queue
[2024-10-24T00:50:33.310+0000] {logging_mixin.py:151} INFO - [2024-10-24T00:50:33.310+0000] {dagbag.py:539} INFO - Filling up the DagBag from /opt/airflow/dags/spark_ingestion.py
[2024-10-24T00:50:33.326+0000] {processor.py:839} INFO - DAG(s) dict_keys(['Ingestion']) retrieved from /opt/airflow/dags/spark_ingestion.py
[2024-10-24T00:50:33.366+0000] {logging_mixin.py:151} INFO - [2024-10-24T00:50:33.365+0000] {dag.py:2915} INFO - Sync 1 DAGs
[2024-10-24T00:50:33.387+0000] {logging_mixin.py:151} INFO - [2024-10-24T00:50:33.387+0000] {dag.py:3696} INFO - Setting next_dagrun for Ingestion to 2024-10-24T00:00:00+00:00, run_after=2024-10-25T00:00:00+00:00
[2024-10-24T00:50:33.401+0000] {processor.py:179} INFO - Processing /opt/airflow/dags/spark_ingestion.py took 0.095 seconds
[2024-10-24T00:51:03.609+0000] {processor.py:157} INFO - Started process (PID=296) to work on /opt/airflow/dags/spark_ingestion.py
[2024-10-24T00:51:03.618+0000] {processor.py:829} INFO - Processing file /opt/airflow/dags/spark_ingestion.py for tasks to queue
[2024-10-24T00:51:03.620+0000] {logging_mixin.py:151} INFO - [2024-10-24T00:51:03.619+0000] {dagbag.py:539} INFO - Filling up the DagBag from /opt/airflow/dags/spark_ingestion.py
[2024-10-24T00:51:03.647+0000] {processor.py:839} INFO - DAG(s) dict_keys(['Ingestion']) retrieved from /opt/airflow/dags/spark_ingestion.py
[2024-10-24T00:51:03.677+0000] {logging_mixin.py:151} INFO - [2024-10-24T00:51:03.677+0000] {dag.py:2915} INFO - Sync 1 DAGs
[2024-10-24T00:51:03.697+0000] {logging_mixin.py:151} INFO - [2024-10-24T00:51:03.697+0000] {dag.py:3696} INFO - Setting next_dagrun for Ingestion to 2024-10-24T00:00:00+00:00, run_after=2024-10-25T00:00:00+00:00
[2024-10-24T00:51:03.711+0000] {processor.py:179} INFO - Processing /opt/airflow/dags/spark_ingestion.py took 0.110 seconds
[2024-10-24T00:51:33.902+0000] {processor.py:157} INFO - Started process (PID=301) to work on /opt/airflow/dags/spark_ingestion.py
[2024-10-24T00:51:33.903+0000] {processor.py:829} INFO - Processing file /opt/airflow/dags/spark_ingestion.py for tasks to queue
[2024-10-24T00:51:33.905+0000] {logging_mixin.py:151} INFO - [2024-10-24T00:51:33.904+0000] {dagbag.py:539} INFO - Filling up the DagBag from /opt/airflow/dags/spark_ingestion.py
[2024-10-24T00:51:33.919+0000] {processor.py:839} INFO - DAG(s) dict_keys(['Ingestion']) retrieved from /opt/airflow/dags/spark_ingestion.py
[2024-10-24T00:51:33.965+0000] {logging_mixin.py:151} INFO - [2024-10-24T00:51:33.965+0000] {dag.py:2915} INFO - Sync 1 DAGs
[2024-10-24T00:51:33.993+0000] {logging_mixin.py:151} INFO - [2024-10-24T00:51:33.993+0000] {dag.py:3696} INFO - Setting next_dagrun for Ingestion to 2024-10-24T00:00:00+00:00, run_after=2024-10-25T00:00:00+00:00
[2024-10-24T00:51:34.013+0000] {processor.py:179} INFO - Processing /opt/airflow/dags/spark_ingestion.py took 0.114 seconds
[2024-10-24T00:52:04.058+0000] {processor.py:157} INFO - Started process (PID=306) to work on /opt/airflow/dags/spark_ingestion.py
[2024-10-24T00:52:04.059+0000] {processor.py:829} INFO - Processing file /opt/airflow/dags/spark_ingestion.py for tasks to queue
[2024-10-24T00:52:04.061+0000] {logging_mixin.py:151} INFO - [2024-10-24T00:52:04.059+0000] {dagbag.py:539} INFO - Filling up the DagBag from /opt/airflow/dags/spark_ingestion.py
[2024-10-24T00:52:04.081+0000] {processor.py:839} INFO - DAG(s) dict_keys(['Ingestion']) retrieved from /opt/airflow/dags/spark_ingestion.py
[2024-10-24T00:52:04.155+0000] {logging_mixin.py:151} INFO - [2024-10-24T00:52:04.154+0000] {dag.py:2915} INFO - Sync 1 DAGs
[2024-10-24T00:52:04.189+0000] {logging_mixin.py:151} INFO - [2024-10-24T00:52:04.188+0000] {dag.py:3696} INFO - Setting next_dagrun for Ingestion to 2024-10-24T00:00:00+00:00, run_after=2024-10-25T00:00:00+00:00
[2024-10-24T00:52:04.211+0000] {processor.py:179} INFO - Processing /opt/airflow/dags/spark_ingestion.py took 0.158 seconds
[2024-10-24T00:52:34.251+0000] {processor.py:157} INFO - Started process (PID=311) to work on /opt/airflow/dags/spark_ingestion.py
[2024-10-24T00:52:34.252+0000] {processor.py:829} INFO - Processing file /opt/airflow/dags/spark_ingestion.py for tasks to queue
[2024-10-24T00:52:34.254+0000] {logging_mixin.py:151} INFO - [2024-10-24T00:52:34.253+0000] {dagbag.py:539} INFO - Filling up the DagBag from /opt/airflow/dags/spark_ingestion.py
[2024-10-24T00:52:34.272+0000] {processor.py:839} INFO - DAG(s) dict_keys(['Ingestion']) retrieved from /opt/airflow/dags/spark_ingestion.py
[2024-10-24T00:52:34.332+0000] {logging_mixin.py:151} INFO - [2024-10-24T00:52:34.332+0000] {dag.py:2915} INFO - Sync 1 DAGs
[2024-10-24T00:52:34.363+0000] {logging_mixin.py:151} INFO - [2024-10-24T00:52:34.362+0000] {dag.py:3696} INFO - Setting next_dagrun for Ingestion to 2024-10-24T00:00:00+00:00, run_after=2024-10-25T00:00:00+00:00
[2024-10-24T00:52:34.385+0000] {processor.py:179} INFO - Processing /opt/airflow/dags/spark_ingestion.py took 0.140 seconds
[2024-10-24T00:53:04.433+0000] {processor.py:157} INFO - Started process (PID=316) to work on /opt/airflow/dags/spark_ingestion.py
[2024-10-24T00:53:04.434+0000] {processor.py:829} INFO - Processing file /opt/airflow/dags/spark_ingestion.py for tasks to queue
[2024-10-24T00:53:04.434+0000] {logging_mixin.py:151} INFO - [2024-10-24T00:53:04.434+0000] {dagbag.py:539} INFO - Filling up the DagBag from /opt/airflow/dags/spark_ingestion.py
[2024-10-24T00:53:04.445+0000] {processor.py:839} INFO - DAG(s) dict_keys(['Ingestion']) retrieved from /opt/airflow/dags/spark_ingestion.py
[2024-10-24T00:53:04.482+0000] {logging_mixin.py:151} INFO - [2024-10-24T00:53:04.482+0000] {dag.py:2915} INFO - Sync 1 DAGs
[2024-10-24T00:53:04.504+0000] {logging_mixin.py:151} INFO - [2024-10-24T00:53:04.504+0000] {dag.py:3696} INFO - Setting next_dagrun for Ingestion to 2024-10-24T00:00:00+00:00, run_after=2024-10-25T00:00:00+00:00
[2024-10-24T00:53:04.518+0000] {processor.py:179} INFO - Processing /opt/airflow/dags/spark_ingestion.py took 0.088 seconds
[2024-10-24T00:54:00.778+0000] {processor.py:157} INFO - Started process (PID=175) to work on /opt/airflow/dags/spark_ingestion.py
[2024-10-24T00:54:00.779+0000] {processor.py:829} INFO - Processing file /opt/airflow/dags/spark_ingestion.py for tasks to queue
[2024-10-24T00:54:00.780+0000] {logging_mixin.py:151} INFO - [2024-10-24T00:54:00.780+0000] {dagbag.py:539} INFO - Filling up the DagBag from /opt/airflow/dags/spark_ingestion.py
[2024-10-24T00:54:00.797+0000] {processor.py:839} INFO - DAG(s) dict_keys(['Ingestion']) retrieved from /opt/airflow/dags/spark_ingestion.py
[2024-10-24T00:54:00.842+0000] {logging_mixin.py:151} INFO - [2024-10-24T00:54:00.842+0000] {dag.py:2915} INFO - Sync 1 DAGs
[2024-10-24T00:54:00.872+0000] {logging_mixin.py:151} INFO - [2024-10-24T00:54:00.872+0000] {dag.py:3696} INFO - Setting next_dagrun for Ingestion to 2024-10-24T00:00:00+00:00, run_after=2024-10-25T00:00:00+00:00
[2024-10-24T00:54:00.893+0000] {processor.py:179} INFO - Processing /opt/airflow/dags/spark_ingestion.py took 0.118 seconds
[2024-10-24T00:54:31.093+0000] {processor.py:157} INFO - Started process (PID=188) to work on /opt/airflow/dags/spark_ingestion.py
[2024-10-24T00:54:31.094+0000] {processor.py:829} INFO - Processing file /opt/airflow/dags/spark_ingestion.py for tasks to queue
[2024-10-24T00:54:31.094+0000] {logging_mixin.py:151} INFO - [2024-10-24T00:54:31.094+0000] {dagbag.py:539} INFO - Filling up the DagBag from /opt/airflow/dags/spark_ingestion.py
[2024-10-24T00:54:31.108+0000] {processor.py:839} INFO - DAG(s) dict_keys(['Ingestion']) retrieved from /opt/airflow/dags/spark_ingestion.py
[2024-10-24T00:54:31.136+0000] {logging_mixin.py:151} INFO - [2024-10-24T00:54:31.136+0000] {dag.py:2915} INFO - Sync 1 DAGs
[2024-10-24T00:54:31.158+0000] {logging_mixin.py:151} INFO - [2024-10-24T00:54:31.158+0000] {dag.py:3696} INFO - Setting next_dagrun for Ingestion to 2024-10-24T00:00:00+00:00, run_after=2024-10-25T00:00:00+00:00
[2024-10-24T00:54:31.177+0000] {processor.py:179} INFO - Processing /opt/airflow/dags/spark_ingestion.py took 0.086 seconds
[2024-10-24T00:55:01.420+0000] {processor.py:157} INFO - Started process (PID=198) to work on /opt/airflow/dags/spark_ingestion.py
[2024-10-24T00:55:01.423+0000] {processor.py:829} INFO - Processing file /opt/airflow/dags/spark_ingestion.py for tasks to queue
[2024-10-24T00:55:01.424+0000] {logging_mixin.py:151} INFO - [2024-10-24T00:55:01.424+0000] {dagbag.py:539} INFO - Filling up the DagBag from /opt/airflow/dags/spark_ingestion.py
[2024-10-24T00:55:01.438+0000] {processor.py:839} INFO - DAG(s) dict_keys(['Ingestion']) retrieved from /opt/airflow/dags/spark_ingestion.py
[2024-10-24T00:55:01.472+0000] {logging_mixin.py:151} INFO - [2024-10-24T00:55:01.472+0000] {dag.py:2915} INFO - Sync 1 DAGs
[2024-10-24T00:55:01.500+0000] {logging_mixin.py:151} INFO - [2024-10-24T00:55:01.499+0000] {dag.py:3696} INFO - Setting next_dagrun for Ingestion to 2024-10-24T00:00:00+00:00, run_after=2024-10-25T00:00:00+00:00
[2024-10-24T00:55:01.518+0000] {processor.py:179} INFO - Processing /opt/airflow/dags/spark_ingestion.py took 0.101 seconds
[2024-10-24T00:55:31.637+0000] {processor.py:157} INFO - Started process (PID=208) to work on /opt/airflow/dags/spark_ingestion.py
[2024-10-24T00:55:31.643+0000] {processor.py:829} INFO - Processing file /opt/airflow/dags/spark_ingestion.py for tasks to queue
[2024-10-24T00:55:31.644+0000] {logging_mixin.py:151} INFO - [2024-10-24T00:55:31.644+0000] {dagbag.py:539} INFO - Filling up the DagBag from /opt/airflow/dags/spark_ingestion.py
[2024-10-24T00:55:31.665+0000] {processor.py:839} INFO - DAG(s) dict_keys(['Ingestion']) retrieved from /opt/airflow/dags/spark_ingestion.py
[2024-10-24T00:55:31.706+0000] {logging_mixin.py:151} INFO - [2024-10-24T00:55:31.706+0000] {dag.py:2915} INFO - Sync 1 DAGs
[2024-10-24T00:55:31.737+0000] {logging_mixin.py:151} INFO - [2024-10-24T00:55:31.737+0000] {dag.py:3696} INFO - Setting next_dagrun for Ingestion to 2024-10-24T00:00:00+00:00, run_after=2024-10-25T00:00:00+00:00
[2024-10-24T00:55:31.765+0000] {processor.py:179} INFO - Processing /opt/airflow/dags/spark_ingestion.py took 0.132 seconds
