[2024-10-24T01:49:59.815+0000] {taskinstance.py:1157} INFO - Dependencies all met for dep_context=non-requeueable deps ti=<TaskInstance: api_openbrewerydb_to_silver_gold.Gold manual__2024-10-24T01:49:34.758868+00:00 [queued]>
[2024-10-24T01:49:59.823+0000] {taskinstance.py:1157} INFO - Dependencies all met for dep_context=requeueable deps ti=<TaskInstance: api_openbrewerydb_to_silver_gold.Gold manual__2024-10-24T01:49:34.758868+00:00 [queued]>
[2024-10-24T01:49:59.823+0000] {taskinstance.py:1359} INFO - Starting attempt 1 of 2
[2024-10-24T01:49:59.833+0000] {taskinstance.py:1380} INFO - Executing <Task(SparkSubmitOperator): Gold> on 2024-10-24 01:49:34.758868+00:00
[2024-10-24T01:49:59.838+0000] {standard_task_runner.py:57} INFO - Started process 757 to run task
[2024-10-24T01:49:59.840+0000] {standard_task_runner.py:84} INFO - Running: ['***', 'tasks', 'run', 'api_openbrewerydb_to_silver_gold', 'Gold', 'manual__2024-10-24T01:49:34.758868+00:00', '--job-id', '199', '--raw', '--subdir', 'DAGS_FOLDER/api_openbrewerydb_to_silver.py', '--cfg-path', '/tmp/tmp0blse_if']
[2024-10-24T01:49:59.845+0000] {standard_task_runner.py:85} INFO - Job 199: Subtask Gold
[2024-10-24T01:49:59.892+0000] {task_command.py:415} INFO - Running <TaskInstance: api_openbrewerydb_to_silver_gold.Gold manual__2024-10-24T01:49:34.758868+00:00 [running]> on host de5108c6da1d
[2024-10-24T01:49:59.976+0000] {taskinstance.py:1660} INFO - Exporting env vars: AIRFLOW_CTX_DAG_OWNER='Rodrigo Araujo' AIRFLOW_CTX_DAG_ID='api_openbrewerydb_to_silver_gold' AIRFLOW_CTX_TASK_ID='Gold' AIRFLOW_CTX_EXECUTION_DATE='2024-10-24T01:49:34.758868+00:00' AIRFLOW_CTX_TRY_NUMBER='1' AIRFLOW_CTX_DAG_RUN_ID='manual__2024-10-24T01:49:34.758868+00:00'
[2024-10-24T01:49:59.990+0000] {base.py:73} INFO - Using connection ID 'spark-conn' for task execution.
[2024-10-24T01:49:59.991+0000] {spark_submit.py:363} INFO - Spark-Submit cmd: spark-submit --master spark://spark-master:7077 --name arrow-spark --queue root.default jobs/gold/api_openbrewerydb.py
[2024-10-24T01:50:03.850+0000] {spark_submit.py:524} INFO - 24/10/24 01:50:03 INFO SparkContext: Running Spark version 3.5.3
[2024-10-24T01:50:03.853+0000] {spark_submit.py:524} INFO - 24/10/24 01:50:03 INFO SparkContext: OS info Linux, 5.15.0-124-generic, amd64
[2024-10-24T01:50:03.854+0000] {spark_submit.py:524} INFO - 24/10/24 01:50:03 INFO SparkContext: Java version 11.0.25
[2024-10-24T01:50:03.931+0000] {spark_submit.py:524} INFO - 24/10/24 01:50:03 WARN NativeCodeLoader: Unable to load native-hadoop library for your platform... using builtin-java classes where applicable
[2024-10-24T01:50:04.049+0000] {spark_submit.py:524} INFO - 24/10/24 01:50:04 INFO ResourceUtils: ==============================================================
[2024-10-24T01:50:04.050+0000] {spark_submit.py:524} INFO - 24/10/24 01:50:04 INFO ResourceUtils: No custom resources configured for spark.driver.
[2024-10-24T01:50:04.050+0000] {spark_submit.py:524} INFO - 24/10/24 01:50:04 INFO ResourceUtils: ==============================================================
[2024-10-24T01:50:04.051+0000] {spark_submit.py:524} INFO - 24/10/24 01:50:04 INFO SparkContext: Submitted application: IngestaoSilver
[2024-10-24T01:50:04.083+0000] {spark_submit.py:524} INFO - 24/10/24 01:50:04 INFO ResourceProfile: Default ResourceProfile created, executor resources: Map(memory -> name: memory, amount: 1024, script: , vendor: , offHeap -> name: offHeap, amount: 0, script: , vendor: ), task resources: Map(cpus -> name: cpus, amount: 1.0)
[2024-10-24T01:50:04.105+0000] {spark_submit.py:524} INFO - 24/10/24 01:50:04 INFO ResourceProfile: Limiting resource is cpu
[2024-10-24T01:50:04.106+0000] {spark_submit.py:524} INFO - 24/10/24 01:50:04 INFO ResourceProfileManager: Added ResourceProfile id: 0
[2024-10-24T01:50:04.181+0000] {spark_submit.py:524} INFO - 24/10/24 01:50:04 INFO SecurityManager: Changing view acls to: ***
[2024-10-24T01:50:04.181+0000] {spark_submit.py:524} INFO - 24/10/24 01:50:04 INFO SecurityManager: Changing modify acls to: ***
[2024-10-24T01:50:04.182+0000] {spark_submit.py:524} INFO - 24/10/24 01:50:04 INFO SecurityManager: Changing view acls groups to:
[2024-10-24T01:50:04.182+0000] {spark_submit.py:524} INFO - 24/10/24 01:50:04 INFO SecurityManager: Changing modify acls groups to:
[2024-10-24T01:50:04.183+0000] {spark_submit.py:524} INFO - 24/10/24 01:50:04 INFO SecurityManager: SecurityManager: authentication disabled; ui acls disabled; users with view permissions: ***; groups with view permissions: EMPTY; users with modify permissions: ***; groups with modify permissions: EMPTY
[2024-10-24T01:50:04.561+0000] {spark_submit.py:524} INFO - 24/10/24 01:50:04 INFO Utils: Successfully started service 'sparkDriver' on port 33543.
[2024-10-24T01:50:04.608+0000] {spark_submit.py:524} INFO - 24/10/24 01:50:04 INFO SparkEnv: Registering MapOutputTracker
[2024-10-24T01:50:04.658+0000] {spark_submit.py:524} INFO - 24/10/24 01:50:04 INFO SparkEnv: Registering BlockManagerMaster
[2024-10-24T01:50:04.694+0000] {spark_submit.py:524} INFO - 24/10/24 01:50:04 INFO BlockManagerMasterEndpoint: Using org.apache.spark.storage.DefaultTopologyMapper for getting topology information
[2024-10-24T01:50:04.695+0000] {spark_submit.py:524} INFO - 24/10/24 01:50:04 INFO BlockManagerMasterEndpoint: BlockManagerMasterEndpoint up
[2024-10-24T01:50:04.700+0000] {spark_submit.py:524} INFO - 24/10/24 01:50:04 INFO SparkEnv: Registering BlockManagerMasterHeartbeat
[2024-10-24T01:50:04.733+0000] {spark_submit.py:524} INFO - 24/10/24 01:50:04 INFO DiskBlockManager: Created local directory at /tmp/blockmgr-f3c0e97e-3dff-4c69-8fa2-efccb5aa57cd
[2024-10-24T01:50:04.753+0000] {spark_submit.py:524} INFO - 24/10/24 01:50:04 INFO MemoryStore: MemoryStore started with capacity 434.4 MiB
[2024-10-24T01:50:04.775+0000] {spark_submit.py:524} INFO - 24/10/24 01:50:04 INFO SparkEnv: Registering OutputCommitCoordinator
[2024-10-24T01:50:04.968+0000] {spark_submit.py:524} INFO - 24/10/24 01:50:04 INFO JettyUtils: Start Jetty 0.0.0.0:4040 for SparkUI
[2024-10-24T01:50:05.020+0000] {spark_submit.py:524} INFO - 24/10/24 01:50:05 INFO Utils: Successfully started service 'SparkUI' on port 4040.
[2024-10-24T01:50:05.169+0000] {spark_submit.py:524} INFO - 24/10/24 01:50:05 INFO StandaloneAppClient$ClientEndpoint: Connecting to master spark://spark-master:7077...
[2024-10-24T01:50:05.215+0000] {spark_submit.py:524} INFO - 24/10/24 01:50:05 INFO TransportClientFactory: Successfully created connection to spark-master/172.22.0.3:7077 after 27 ms (0 ms spent in bootstraps)
[2024-10-24T01:50:05.312+0000] {spark_submit.py:524} INFO - 24/10/24 01:50:05 INFO StandaloneSchedulerBackend: Connected to Spark cluster with app ID app-20241024015005-0003
[2024-10-24T01:50:05.317+0000] {spark_submit.py:524} INFO - 24/10/24 01:50:05 INFO StandaloneAppClient$ClientEndpoint: Executor added: app-20241024015005-0003/0 on worker-20241024014549-172.22.0.5-40403 (172.22.0.5:40403) with 2 core(s)
[2024-10-24T01:50:05.321+0000] {spark_submit.py:524} INFO - 24/10/24 01:50:05 INFO StandaloneSchedulerBackend: Granted executor ID app-20241024015005-0003/0 on hostPort 172.22.0.5:40403 with 2 core(s), 1024.0 MiB RAM
[2024-10-24T01:50:05.333+0000] {spark_submit.py:524} INFO - 24/10/24 01:50:05 INFO Utils: Successfully started service 'org.apache.spark.network.netty.NettyBlockTransferService' on port 45237.
[2024-10-24T01:50:05.334+0000] {spark_submit.py:524} INFO - 24/10/24 01:50:05 INFO NettyBlockTransferService: Server created on de5108c6da1d:45237
[2024-10-24T01:50:05.339+0000] {spark_submit.py:524} INFO - 24/10/24 01:50:05 INFO BlockManager: Using org.apache.spark.storage.RandomBlockReplicationPolicy for block replication policy
[2024-10-24T01:50:05.361+0000] {spark_submit.py:524} INFO - 24/10/24 01:50:05 INFO BlockManagerMaster: Registering BlockManager BlockManagerId(driver, de5108c6da1d, 45237, None)
[2024-10-24T01:50:05.369+0000] {spark_submit.py:524} INFO - 24/10/24 01:50:05 INFO BlockManagerMasterEndpoint: Registering block manager de5108c6da1d:45237 with 434.4 MiB RAM, BlockManagerId(driver, de5108c6da1d, 45237, None)
[2024-10-24T01:50:05.374+0000] {spark_submit.py:524} INFO - 24/10/24 01:50:05 INFO BlockManagerMaster: Registered BlockManager BlockManagerId(driver, de5108c6da1d, 45237, None)
[2024-10-24T01:50:05.376+0000] {spark_submit.py:524} INFO - 24/10/24 01:50:05 INFO StandaloneAppClient$ClientEndpoint: Executor updated: app-20241024015005-0003/0 is now RUNNING
[2024-10-24T01:50:05.377+0000] {spark_submit.py:524} INFO - 24/10/24 01:50:05 INFO BlockManager: Initialized BlockManager: BlockManagerId(driver, de5108c6da1d, 45237, None)
[2024-10-24T01:50:05.701+0000] {spark_submit.py:524} INFO - 24/10/24 01:50:05 INFO StandaloneSchedulerBackend: SchedulerBackend is ready for scheduling beginning after reached minRegisteredResourcesRatio: 0.0
[2024-10-24T01:50:05.925+0000] {spark_submit.py:524} INFO - Hello from Spark!
[2024-10-24T01:50:05.926+0000] {spark_submit.py:524} INFO - 24/10/24 01:50:05 INFO SparkContext: SparkContext is stopping with exitCode 0.
[2024-10-24T01:50:05.943+0000] {spark_submit.py:524} INFO - 24/10/24 01:50:05 INFO SparkUI: Stopped Spark web UI at http://de5108c6da1d:4040
[2024-10-24T01:50:05.951+0000] {spark_submit.py:524} INFO - 24/10/24 01:50:05 INFO StandaloneSchedulerBackend: Shutting down all executors
[2024-10-24T01:50:05.957+0000] {spark_submit.py:524} INFO - 24/10/24 01:50:05 INFO StandaloneSchedulerBackend$StandaloneDriverEndpoint: Asking each executor to shut down
[2024-10-24T01:50:05.987+0000] {spark_submit.py:524} INFO - 24/10/24 01:50:05 INFO MapOutputTrackerMasterEndpoint: MapOutputTrackerMasterEndpoint stopped!
[2024-10-24T01:50:06.003+0000] {spark_submit.py:524} INFO - 24/10/24 01:50:06 INFO MemoryStore: MemoryStore cleared
[2024-10-24T01:50:06.003+0000] {spark_submit.py:524} INFO - 24/10/24 01:50:06 INFO BlockManager: BlockManager stopped
[2024-10-24T01:50:06.011+0000] {spark_submit.py:524} INFO - 24/10/24 01:50:06 INFO BlockManagerMaster: BlockManagerMaster stopped
[2024-10-24T01:50:06.013+0000] {spark_submit.py:524} INFO - 24/10/24 01:50:06 INFO OutputCommitCoordinator$OutputCommitCoordinatorEndpoint: OutputCommitCoordinator stopped!
[2024-10-24T01:50:06.026+0000] {spark_submit.py:524} INFO - 24/10/24 01:50:06 INFO SparkContext: Successfully stopped SparkContext
[2024-10-24T01:50:06.324+0000] {spark_submit.py:524} INFO - 24/10/24 01:50:06 INFO ShutdownHookManager: Shutdown hook called
[2024-10-24T01:50:06.325+0000] {spark_submit.py:524} INFO - 24/10/24 01:50:06 INFO ShutdownHookManager: Deleting directory /tmp/spark-d2ed5d5b-a259-4755-a2cd-c6cf534a49d6/pyspark-aff81886-a20e-4af3-a0bc-4ebdd3ef9471
[2024-10-24T01:50:06.329+0000] {spark_submit.py:524} INFO - 24/10/24 01:50:06 INFO ShutdownHookManager: Deleting directory /tmp/spark-96a381e5-3d8d-493e-a6d2-ff51bf86efc7
[2024-10-24T01:50:06.334+0000] {spark_submit.py:524} INFO - 24/10/24 01:50:06 INFO ShutdownHookManager: Deleting directory /tmp/spark-d2ed5d5b-a259-4755-a2cd-c6cf534a49d6
[2024-10-24T01:50:06.409+0000] {taskinstance.py:1398} INFO - Marking task as SUCCESS. dag_id=api_openbrewerydb_to_silver_gold, task_id=Gold, execution_date=20241024T014934, start_date=20241024T014959, end_date=20241024T015006
[2024-10-24T01:50:06.456+0000] {local_task_job_runner.py:228} INFO - Task exited with return code 0
[2024-10-24T01:50:06.493+0000] {taskinstance.py:2776} INFO - 0 downstream tasks scheduled from follow-on schedule check
