[2024-10-24T14:27:37.534+0000] {taskinstance.py:1157} INFO - Dependencies all met for dep_context=non-requeueable deps ti=<TaskInstance: api_openbrewerydb_to_silver_gold.Gold scheduled__2023-10-28T08:00:00+00:00 [queued]>
[2024-10-24T14:27:37.547+0000] {taskinstance.py:1157} INFO - Dependencies all met for dep_context=requeueable deps ti=<TaskInstance: api_openbrewerydb_to_silver_gold.Gold scheduled__2023-10-28T08:00:00+00:00 [queued]>
[2024-10-24T14:27:37.547+0000] {taskinstance.py:1359} INFO - Starting attempt 1 of 2
[2024-10-24T14:27:37.573+0000] {taskinstance.py:1380} INFO - Executing <Task(SparkSubmitOperator): Gold> on 2023-10-28 08:00:00+00:00
[2024-10-24T14:27:37.579+0000] {standard_task_runner.py:57} INFO - Started process 2620 to run task
[2024-10-24T14:27:37.583+0000] {standard_task_runner.py:84} INFO - Running: ['***', 'tasks', 'run', 'api_openbrewerydb_to_silver_gold', 'Gold', 'scheduled__2023-10-28T08:00:00+00:00', '--job-id', '20', '--raw', '--subdir', 'DAGS_FOLDER/api_openbrewerydb_to_silver.py', '--cfg-path', '/tmp/tmpb1zlzx0v']
[2024-10-24T14:27:37.591+0000] {standard_task_runner.py:85} INFO - Job 20: Subtask Gold
[2024-10-24T14:27:37.675+0000] {task_command.py:415} INFO - Running <TaskInstance: api_openbrewerydb_to_silver_gold.Gold scheduled__2023-10-28T08:00:00+00:00 [running]> on host 96f89615839b
[2024-10-24T14:27:37.825+0000] {taskinstance.py:1660} INFO - Exporting env vars: AIRFLOW_CTX_DAG_OWNER='Rodrigo Araujo' AIRFLOW_CTX_DAG_ID='api_openbrewerydb_to_silver_gold' AIRFLOW_CTX_TASK_ID='Gold' AIRFLOW_CTX_EXECUTION_DATE='2023-10-28T08:00:00+00:00' AIRFLOW_CTX_TRY_NUMBER='1' AIRFLOW_CTX_DAG_RUN_ID='scheduled__2023-10-28T08:00:00+00:00'
[2024-10-24T14:27:37.845+0000] {base.py:73} INFO - Using connection ID 'spark-conn' for task execution.
[2024-10-24T14:27:37.846+0000] {spark_submit.py:363} INFO - Spark-Submit cmd: spark-submit --master spark://spark-master:7077 --name arrow-spark jobs/gold/api_openbrewerydb.py
[2024-10-24T14:27:41.556+0000] {spark_submit.py:524} INFO - 24/10/24 14:27:41 INFO SparkContext: Running Spark version 3.5.3
[2024-10-24T14:27:41.558+0000] {spark_submit.py:524} INFO - 24/10/24 14:27:41 INFO SparkContext: OS info Linux, 5.15.0-124-generic, amd64
[2024-10-24T14:27:41.564+0000] {spark_submit.py:524} INFO - 24/10/24 14:27:41 INFO SparkContext: Java version 11.0.25
[2024-10-24T14:27:41.612+0000] {spark_submit.py:524} INFO - 24/10/24 14:27:41 WARN NativeCodeLoader: Unable to load native-hadoop library for your platform... using builtin-java classes where applicable
[2024-10-24T14:27:41.690+0000] {spark_submit.py:524} INFO - 24/10/24 14:27:41 INFO ResourceUtils: ==============================================================
[2024-10-24T14:27:41.690+0000] {spark_submit.py:524} INFO - 24/10/24 14:27:41 INFO ResourceUtils: No custom resources configured for spark.driver.
[2024-10-24T14:27:41.691+0000] {spark_submit.py:524} INFO - 24/10/24 14:27:41 INFO ResourceUtils: ==============================================================
[2024-10-24T14:27:41.691+0000] {spark_submit.py:524} INFO - 24/10/24 14:27:41 INFO SparkContext: Submitted application: IngestaoSilver
[2024-10-24T14:27:41.710+0000] {spark_submit.py:524} INFO - 24/10/24 14:27:41 INFO ResourceProfile: Default ResourceProfile created, executor resources: Map(memory -> name: memory, amount: 1024, script: , vendor: , offHeap -> name: offHeap, amount: 0, script: , vendor: ), task resources: Map(cpus -> name: cpus, amount: 1.0)
[2024-10-24T14:27:41.722+0000] {spark_submit.py:524} INFO - 24/10/24 14:27:41 INFO ResourceProfile: Limiting resource is cpu
[2024-10-24T14:27:41.723+0000] {spark_submit.py:524} INFO - 24/10/24 14:27:41 INFO ResourceProfileManager: Added ResourceProfile id: 0
[2024-10-24T14:27:41.768+0000] {spark_submit.py:524} INFO - 24/10/24 14:27:41 INFO SecurityManager: Changing view acls to: ***
[2024-10-24T14:27:41.768+0000] {spark_submit.py:524} INFO - 24/10/24 14:27:41 INFO SecurityManager: Changing modify acls to: ***
[2024-10-24T14:27:41.769+0000] {spark_submit.py:524} INFO - 24/10/24 14:27:41 INFO SecurityManager: Changing view acls groups to:
[2024-10-24T14:27:41.769+0000] {spark_submit.py:524} INFO - 24/10/24 14:27:41 INFO SecurityManager: Changing modify acls groups to:
[2024-10-24T14:27:41.770+0000] {spark_submit.py:524} INFO - 24/10/24 14:27:41 INFO SecurityManager: SecurityManager: authentication disabled; ui acls disabled; users with view permissions: ***; groups with view permissions: EMPTY; users with modify permissions: ***; groups with modify permissions: EMPTY
[2024-10-24T14:27:41.975+0000] {spark_submit.py:524} INFO - 24/10/24 14:27:41 INFO Utils: Successfully started service 'sparkDriver' on port 36631.
[2024-10-24T14:27:41.996+0000] {spark_submit.py:524} INFO - 24/10/24 14:27:41 INFO SparkEnv: Registering MapOutputTracker
[2024-10-24T14:27:42.024+0000] {spark_submit.py:524} INFO - 24/10/24 14:27:42 INFO SparkEnv: Registering BlockManagerMaster
[2024-10-24T14:27:42.042+0000] {spark_submit.py:524} INFO - 24/10/24 14:27:42 INFO BlockManagerMasterEndpoint: Using org.apache.spark.storage.DefaultTopologyMapper for getting topology information
[2024-10-24T14:27:42.043+0000] {spark_submit.py:524} INFO - 24/10/24 14:27:42 INFO BlockManagerMasterEndpoint: BlockManagerMasterEndpoint up
[2024-10-24T14:27:42.046+0000] {spark_submit.py:524} INFO - 24/10/24 14:27:42 INFO SparkEnv: Registering BlockManagerMasterHeartbeat
[2024-10-24T14:27:42.063+0000] {spark_submit.py:524} INFO - 24/10/24 14:27:42 INFO DiskBlockManager: Created local directory at /tmp/blockmgr-b962c6cd-176d-482f-9959-62304ecf324c
[2024-10-24T14:27:42.076+0000] {spark_submit.py:524} INFO - 24/10/24 14:27:42 INFO MemoryStore: MemoryStore started with capacity 434.4 MiB
[2024-10-24T14:27:42.088+0000] {spark_submit.py:524} INFO - 24/10/24 14:27:42 INFO SparkEnv: Registering OutputCommitCoordinator
[2024-10-24T14:27:42.217+0000] {spark_submit.py:524} INFO - 24/10/24 14:27:42 INFO JettyUtils: Start Jetty 0.0.0.0:4040 for SparkUI
[2024-10-24T14:27:42.262+0000] {spark_submit.py:524} INFO - 24/10/24 14:27:42 INFO Utils: Successfully started service 'SparkUI' on port 4040.
[2024-10-24T14:27:42.363+0000] {spark_submit.py:524} INFO - 24/10/24 14:27:42 INFO StandaloneAppClient$ClientEndpoint: Connecting to master spark://spark-master:7077...
[2024-10-24T14:27:42.406+0000] {spark_submit.py:524} INFO - 24/10/24 14:27:42 INFO TransportClientFactory: Successfully created connection to spark-master/172.18.0.2:7077 after 25 ms (0 ms spent in bootstraps)
[2024-10-24T14:27:42.486+0000] {spark_submit.py:524} INFO - 24/10/24 14:27:42 INFO StandaloneSchedulerBackend: Connected to Spark cluster with app ID app-20241024142742-0015
[2024-10-24T14:27:42.489+0000] {spark_submit.py:524} INFO - 24/10/24 14:27:42 INFO StandaloneAppClient$ClientEndpoint: Executor added: app-20241024142742-0015/0 on worker-20241024142308-172.18.0.5-43899 (172.18.0.5:43899) with 2 core(s)
[2024-10-24T14:27:42.492+0000] {spark_submit.py:524} INFO - 24/10/24 14:27:42 INFO StandaloneSchedulerBackend: Granted executor ID app-20241024142742-0015/0 on hostPort 172.18.0.5:43899 with 2 core(s), 1024.0 MiB RAM
[2024-10-24T14:27:42.499+0000] {spark_submit.py:524} INFO - 24/10/24 14:27:42 INFO Utils: Successfully started service 'org.apache.spark.network.netty.NettyBlockTransferService' on port 37635.
[2024-10-24T14:27:42.499+0000] {spark_submit.py:524} INFO - 24/10/24 14:27:42 INFO NettyBlockTransferService: Server created on 96f89615839b:37635
[2024-10-24T14:27:42.504+0000] {spark_submit.py:524} INFO - 24/10/24 14:27:42 INFO BlockManager: Using org.apache.spark.storage.RandomBlockReplicationPolicy for block replication policy
[2024-10-24T14:27:42.522+0000] {spark_submit.py:524} INFO - 24/10/24 14:27:42 INFO BlockManagerMaster: Registering BlockManager BlockManagerId(driver, 96f89615839b, 37635, None)
[2024-10-24T14:27:42.529+0000] {spark_submit.py:524} INFO - 24/10/24 14:27:42 INFO BlockManagerMasterEndpoint: Registering block manager 96f89615839b:37635 with 434.4 MiB RAM, BlockManagerId(driver, 96f89615839b, 37635, None)
[2024-10-24T14:27:42.533+0000] {spark_submit.py:524} INFO - 24/10/24 14:27:42 INFO BlockManagerMaster: Registered BlockManager BlockManagerId(driver, 96f89615839b, 37635, None)
[2024-10-24T14:27:42.534+0000] {spark_submit.py:524} INFO - 24/10/24 14:27:42 INFO StandaloneAppClient$ClientEndpoint: Executor updated: app-20241024142742-0015/0 is now RUNNING
[2024-10-24T14:27:42.537+0000] {spark_submit.py:524} INFO - 24/10/24 14:27:42 INFO BlockManager: Initialized BlockManager: BlockManagerId(driver, 96f89615839b, 37635, None)
[2024-10-24T14:27:42.818+0000] {spark_submit.py:524} INFO - 24/10/24 14:27:42 INFO StandaloneSchedulerBackend: SchedulerBackend is ready for scheduling beginning after reached minRegisteredResourcesRatio: 0.0
[2024-10-24T14:27:43.020+0000] {spark_submit.py:524} INFO - Hello from Spark!
[2024-10-24T14:27:43.021+0000] {spark_submit.py:524} INFO - 24/10/24 14:27:43 INFO SparkContext: SparkContext is stopping with exitCode 0.
[2024-10-24T14:27:43.033+0000] {spark_submit.py:524} INFO - 24/10/24 14:27:43 INFO SparkUI: Stopped Spark web UI at http://96f89615839b:4040
[2024-10-24T14:27:43.038+0000] {spark_submit.py:524} INFO - 24/10/24 14:27:43 INFO StandaloneSchedulerBackend: Shutting down all executors
[2024-10-24T14:27:43.043+0000] {spark_submit.py:524} INFO - 24/10/24 14:27:43 INFO StandaloneSchedulerBackend$StandaloneDriverEndpoint: Asking each executor to shut down
[2024-10-24T14:27:43.060+0000] {spark_submit.py:524} INFO - 24/10/24 14:27:43 INFO MapOutputTrackerMasterEndpoint: MapOutputTrackerMasterEndpoint stopped!
[2024-10-24T14:27:43.071+0000] {spark_submit.py:524} INFO - 24/10/24 14:27:43 INFO MemoryStore: MemoryStore cleared
[2024-10-24T14:27:43.071+0000] {spark_submit.py:524} INFO - 24/10/24 14:27:43 INFO BlockManager: BlockManager stopped
[2024-10-24T14:27:43.077+0000] {spark_submit.py:524} INFO - 24/10/24 14:27:43 INFO BlockManagerMaster: BlockManagerMaster stopped
[2024-10-24T14:27:43.079+0000] {spark_submit.py:524} INFO - 24/10/24 14:27:43 INFO OutputCommitCoordinator$OutputCommitCoordinatorEndpoint: OutputCommitCoordinator stopped!
[2024-10-24T14:27:43.096+0000] {spark_submit.py:524} INFO - 24/10/24 14:27:43 INFO SparkContext: Successfully stopped SparkContext
[2024-10-24T14:27:43.393+0000] {spark_submit.py:524} INFO - 24/10/24 14:27:43 INFO ShutdownHookManager: Shutdown hook called
[2024-10-24T14:27:43.393+0000] {spark_submit.py:524} INFO - 24/10/24 14:27:43 INFO ShutdownHookManager: Deleting directory /tmp/spark-ac3408d2-cbb9-4422-b948-6474e2456637
[2024-10-24T14:27:43.396+0000] {spark_submit.py:524} INFO - 24/10/24 14:27:43 INFO ShutdownHookManager: Deleting directory /tmp/spark-06f8da48-9c60-4532-b827-acfcd483eb73/pyspark-bae3f6a1-8048-4bc4-8d73-744d17aaca54
[2024-10-24T14:27:43.399+0000] {spark_submit.py:524} INFO - 24/10/24 14:27:43 INFO ShutdownHookManager: Deleting directory /tmp/spark-06f8da48-9c60-4532-b827-acfcd483eb73
[2024-10-24T14:27:43.453+0000] {taskinstance.py:1398} INFO - Marking task as SUCCESS. dag_id=api_openbrewerydb_to_silver_gold, task_id=Gold, execution_date=20231028T080000, start_date=20241024T142737, end_date=20241024T142743
[2024-10-24T14:27:43.494+0000] {local_task_job_runner.py:228} INFO - Task exited with return code 0
[2024-10-24T14:27:43.533+0000] {taskinstance.py:2776} INFO - 0 downstream tasks scheduled from follow-on schedule check
