[2024-10-24T14:34:46.076+0000] {taskinstance.py:1157} INFO - Dependencies all met for dep_context=non-requeueable deps ti=<TaskInstance: api_openbrewerydb_to_silver_gold.Gold scheduled__2023-11-28T08:00:00+00:00 [queued]>
[2024-10-24T14:34:46.083+0000] {taskinstance.py:1157} INFO - Dependencies all met for dep_context=requeueable deps ti=<TaskInstance: api_openbrewerydb_to_silver_gold.Gold scheduled__2023-11-28T08:00:00+00:00 [queued]>
[2024-10-24T14:34:46.083+0000] {taskinstance.py:1359} INFO - Starting attempt 1 of 2
[2024-10-24T14:34:46.093+0000] {taskinstance.py:1380} INFO - Executing <Task(SparkSubmitOperator): Gold> on 2023-11-28 08:00:00+00:00
[2024-10-24T14:34:46.097+0000] {standard_task_runner.py:57} INFO - Started process 12495 to run task
[2024-10-24T14:34:46.099+0000] {standard_task_runner.py:84} INFO - Running: ['***', 'tasks', 'run', 'api_openbrewerydb_to_silver_gold', 'Gold', 'scheduled__2023-11-28T08:00:00+00:00', '--job-id', '82', '--raw', '--subdir', 'DAGS_FOLDER/api_openbrewerydb_to_silver.py', '--cfg-path', '/tmp/tmpo_prqw1t']
[2024-10-24T14:34:46.103+0000] {standard_task_runner.py:85} INFO - Job 82: Subtask Gold
[2024-10-24T14:34:46.146+0000] {task_command.py:415} INFO - Running <TaskInstance: api_openbrewerydb_to_silver_gold.Gold scheduled__2023-11-28T08:00:00+00:00 [running]> on host 96f89615839b
[2024-10-24T14:34:46.240+0000] {taskinstance.py:1660} INFO - Exporting env vars: AIRFLOW_CTX_DAG_OWNER='Rodrigo Araujo' AIRFLOW_CTX_DAG_ID='api_openbrewerydb_to_silver_gold' AIRFLOW_CTX_TASK_ID='Gold' AIRFLOW_CTX_EXECUTION_DATE='2023-11-28T08:00:00+00:00' AIRFLOW_CTX_TRY_NUMBER='1' AIRFLOW_CTX_DAG_RUN_ID='scheduled__2023-11-28T08:00:00+00:00'
[2024-10-24T14:34:46.253+0000] {base.py:73} INFO - Using connection ID 'spark-conn' for task execution.
[2024-10-24T14:34:46.254+0000] {spark_submit.py:363} INFO - Spark-Submit cmd: spark-submit --master spark://spark-master:7077 --name arrow-spark jobs/gold/api_openbrewerydb.py
[2024-10-24T14:34:49.037+0000] {spark_submit.py:524} INFO - 24/10/24 14:34:49 INFO SparkContext: Running Spark version 3.5.3
[2024-10-24T14:34:49.040+0000] {spark_submit.py:524} INFO - 24/10/24 14:34:49 INFO SparkContext: OS info Linux, 5.15.0-124-generic, amd64
[2024-10-24T14:34:49.040+0000] {spark_submit.py:524} INFO - 24/10/24 14:34:49 INFO SparkContext: Java version 11.0.25
[2024-10-24T14:34:49.101+0000] {spark_submit.py:524} INFO - 24/10/24 14:34:49 WARN NativeCodeLoader: Unable to load native-hadoop library for your platform... using builtin-java classes where applicable
[2024-10-24T14:34:49.185+0000] {spark_submit.py:524} INFO - 24/10/24 14:34:49 INFO ResourceUtils: ==============================================================
[2024-10-24T14:34:49.185+0000] {spark_submit.py:524} INFO - 24/10/24 14:34:49 INFO ResourceUtils: No custom resources configured for spark.driver.
[2024-10-24T14:34:49.186+0000] {spark_submit.py:524} INFO - 24/10/24 14:34:49 INFO ResourceUtils: ==============================================================
[2024-10-24T14:34:49.186+0000] {spark_submit.py:524} INFO - 24/10/24 14:34:49 INFO SparkContext: Submitted application: IngestaoSilver
[2024-10-24T14:34:49.208+0000] {spark_submit.py:524} INFO - 24/10/24 14:34:49 INFO ResourceProfile: Default ResourceProfile created, executor resources: Map(memory -> name: memory, amount: 1024, script: , vendor: , offHeap -> name: offHeap, amount: 0, script: , vendor: ), task resources: Map(cpus -> name: cpus, amount: 1.0)
[2024-10-24T14:34:49.224+0000] {spark_submit.py:524} INFO - 24/10/24 14:34:49 INFO ResourceProfile: Limiting resource is cpu
[2024-10-24T14:34:49.225+0000] {spark_submit.py:524} INFO - 24/10/24 14:34:49 INFO ResourceProfileManager: Added ResourceProfile id: 0
[2024-10-24T14:34:49.275+0000] {spark_submit.py:524} INFO - 24/10/24 14:34:49 INFO SecurityManager: Changing view acls to: ***
[2024-10-24T14:34:49.275+0000] {spark_submit.py:524} INFO - 24/10/24 14:34:49 INFO SecurityManager: Changing modify acls to: ***
[2024-10-24T14:34:49.276+0000] {spark_submit.py:524} INFO - 24/10/24 14:34:49 INFO SecurityManager: Changing view acls groups to:
[2024-10-24T14:34:49.277+0000] {spark_submit.py:524} INFO - 24/10/24 14:34:49 INFO SecurityManager: Changing modify acls groups to:
[2024-10-24T14:34:49.277+0000] {spark_submit.py:524} INFO - 24/10/24 14:34:49 INFO SecurityManager: SecurityManager: authentication disabled; ui acls disabled; users with view permissions: ***; groups with view permissions: EMPTY; users with modify permissions: ***; groups with modify permissions: EMPTY
[2024-10-24T14:34:49.504+0000] {spark_submit.py:524} INFO - 24/10/24 14:34:49 INFO Utils: Successfully started service 'sparkDriver' on port 33101.
[2024-10-24T14:34:49.527+0000] {spark_submit.py:524} INFO - 24/10/24 14:34:49 INFO SparkEnv: Registering MapOutputTracker
[2024-10-24T14:34:49.555+0000] {spark_submit.py:524} INFO - 24/10/24 14:34:49 INFO SparkEnv: Registering BlockManagerMaster
[2024-10-24T14:34:49.574+0000] {spark_submit.py:524} INFO - 24/10/24 14:34:49 INFO BlockManagerMasterEndpoint: Using org.apache.spark.storage.DefaultTopologyMapper for getting topology information
[2024-10-24T14:34:49.574+0000] {spark_submit.py:524} INFO - 24/10/24 14:34:49 INFO BlockManagerMasterEndpoint: BlockManagerMasterEndpoint up
[2024-10-24T14:34:49.578+0000] {spark_submit.py:524} INFO - 24/10/24 14:34:49 INFO SparkEnv: Registering BlockManagerMasterHeartbeat
[2024-10-24T14:34:49.596+0000] {spark_submit.py:524} INFO - 24/10/24 14:34:49 INFO DiskBlockManager: Created local directory at /tmp/blockmgr-ed5418ff-9248-4d62-948e-803e9836fd08
[2024-10-24T14:34:49.608+0000] {spark_submit.py:524} INFO - 24/10/24 14:34:49 INFO MemoryStore: MemoryStore started with capacity 434.4 MiB
[2024-10-24T14:34:49.622+0000] {spark_submit.py:524} INFO - 24/10/24 14:34:49 INFO SparkEnv: Registering OutputCommitCoordinator
[2024-10-24T14:34:49.754+0000] {spark_submit.py:524} INFO - 24/10/24 14:34:49 INFO JettyUtils: Start Jetty 0.0.0.0:4040 for SparkUI
[2024-10-24T14:34:49.809+0000] {spark_submit.py:524} INFO - 24/10/24 14:34:49 INFO Utils: Successfully started service 'SparkUI' on port 4040.
[2024-10-24T14:34:49.950+0000] {spark_submit.py:524} INFO - 24/10/24 14:34:49 INFO StandaloneAppClient$ClientEndpoint: Connecting to master spark://spark-master:7077...
[2024-10-24T14:34:50.008+0000] {spark_submit.py:524} INFO - 24/10/24 14:34:50 INFO TransportClientFactory: Successfully created connection to spark-master/172.18.0.2:7077 after 34 ms (0 ms spent in bootstraps)
[2024-10-24T14:34:50.112+0000] {spark_submit.py:524} INFO - 24/10/24 14:34:50 INFO StandaloneSchedulerBackend: Connected to Spark cluster with app ID app-20241024143450-0077
[2024-10-24T14:34:50.115+0000] {spark_submit.py:524} INFO - 24/10/24 14:34:50 INFO StandaloneAppClient$ClientEndpoint: Executor added: app-20241024143450-0077/0 on worker-20241024142308-172.18.0.5-43899 (172.18.0.5:43899) with 2 core(s)
[2024-10-24T14:34:50.119+0000] {spark_submit.py:524} INFO - 24/10/24 14:34:50 INFO StandaloneSchedulerBackend: Granted executor ID app-20241024143450-0077/0 on hostPort 172.18.0.5:43899 with 2 core(s), 1024.0 MiB RAM
[2024-10-24T14:34:50.127+0000] {spark_submit.py:524} INFO - 24/10/24 14:34:50 INFO Utils: Successfully started service 'org.apache.spark.network.netty.NettyBlockTransferService' on port 36171.
[2024-10-24T14:34:50.128+0000] {spark_submit.py:524} INFO - 24/10/24 14:34:50 INFO NettyBlockTransferService: Server created on 96f89615839b:36171
[2024-10-24T14:34:50.132+0000] {spark_submit.py:524} INFO - 24/10/24 14:34:50 INFO BlockManager: Using org.apache.spark.storage.RandomBlockReplicationPolicy for block replication policy
[2024-10-24T14:34:50.149+0000] {spark_submit.py:524} INFO - 24/10/24 14:34:50 INFO BlockManagerMaster: Registering BlockManager BlockManagerId(driver, 96f89615839b, 36171, None)
[2024-10-24T14:34:50.152+0000] {spark_submit.py:524} INFO - 24/10/24 14:34:50 INFO StandaloneAppClient$ClientEndpoint: Executor updated: app-20241024143450-0077/0 is now RUNNING
[2024-10-24T14:34:50.154+0000] {spark_submit.py:524} INFO - 24/10/24 14:34:50 INFO BlockManagerMasterEndpoint: Registering block manager 96f89615839b:36171 with 434.4 MiB RAM, BlockManagerId(driver, 96f89615839b, 36171, None)
[2024-10-24T14:34:50.157+0000] {spark_submit.py:524} INFO - 24/10/24 14:34:50 INFO BlockManagerMaster: Registered BlockManager BlockManagerId(driver, 96f89615839b, 36171, None)
[2024-10-24T14:34:50.159+0000] {spark_submit.py:524} INFO - 24/10/24 14:34:50 INFO BlockManager: Initialized BlockManager: BlockManagerId(driver, 96f89615839b, 36171, None)
[2024-10-24T14:34:50.514+0000] {spark_submit.py:524} INFO - 24/10/24 14:34:50 INFO StandaloneSchedulerBackend: SchedulerBackend is ready for scheduling beginning after reached minRegisteredResourcesRatio: 0.0
[2024-10-24T14:34:50.778+0000] {spark_submit.py:524} INFO - Hello from Spark!
[2024-10-24T14:34:50.780+0000] {spark_submit.py:524} INFO - 24/10/24 14:34:50 INFO SparkContext: SparkContext is stopping with exitCode 0.
[2024-10-24T14:34:50.791+0000] {spark_submit.py:524} INFO - 24/10/24 14:34:50 INFO SparkUI: Stopped Spark web UI at http://96f89615839b:4040
[2024-10-24T14:34:50.797+0000] {spark_submit.py:524} INFO - 24/10/24 14:34:50 INFO StandaloneSchedulerBackend: Shutting down all executors
[2024-10-24T14:34:50.801+0000] {spark_submit.py:524} INFO - 24/10/24 14:34:50 INFO StandaloneSchedulerBackend$StandaloneDriverEndpoint: Asking each executor to shut down
[2024-10-24T14:34:50.819+0000] {spark_submit.py:524} INFO - 24/10/24 14:34:50 INFO MapOutputTrackerMasterEndpoint: MapOutputTrackerMasterEndpoint stopped!
[2024-10-24T14:34:50.830+0000] {spark_submit.py:524} INFO - 24/10/24 14:34:50 INFO MemoryStore: MemoryStore cleared
[2024-10-24T14:34:50.830+0000] {spark_submit.py:524} INFO - 24/10/24 14:34:50 INFO BlockManager: BlockManager stopped
[2024-10-24T14:34:50.835+0000] {spark_submit.py:524} INFO - 24/10/24 14:34:50 INFO BlockManagerMaster: BlockManagerMaster stopped
[2024-10-24T14:34:50.837+0000] {spark_submit.py:524} INFO - 24/10/24 14:34:50 INFO OutputCommitCoordinator$OutputCommitCoordinatorEndpoint: OutputCommitCoordinator stopped!
[2024-10-24T14:34:50.843+0000] {spark_submit.py:524} INFO - 24/10/24 14:34:50 INFO SparkContext: Successfully stopped SparkContext
[2024-10-24T14:34:51.092+0000] {spark_submit.py:524} INFO - 24/10/24 14:34:51 INFO ShutdownHookManager: Shutdown hook called
[2024-10-24T14:34:51.093+0000] {spark_submit.py:524} INFO - 24/10/24 14:34:51 INFO ShutdownHookManager: Deleting directory /tmp/spark-87df754e-8900-470e-8585-0d7b931b27aa
[2024-10-24T14:34:51.096+0000] {spark_submit.py:524} INFO - 24/10/24 14:34:51 INFO ShutdownHookManager: Deleting directory /tmp/spark-87df754e-8900-470e-8585-0d7b931b27aa/pyspark-248034af-1ef3-49eb-99ea-26bf0801a541
[2024-10-24T14:34:51.099+0000] {spark_submit.py:524} INFO - 24/10/24 14:34:51 INFO ShutdownHookManager: Deleting directory /tmp/spark-3f576ec3-7f69-4d18-9064-7bbf233c4d99
[2024-10-24T14:34:51.164+0000] {taskinstance.py:1398} INFO - Marking task as SUCCESS. dag_id=api_openbrewerydb_to_silver_gold, task_id=Gold, execution_date=20231128T080000, start_date=20241024T143446, end_date=20241024T143451
[2024-10-24T14:34:51.189+0000] {local_task_job_runner.py:228} INFO - Task exited with return code 0
[2024-10-24T14:34:51.204+0000] {taskinstance.py:2776} INFO - 0 downstream tasks scheduled from follow-on schedule check
