[2024-10-24T17:01:14.322+0000] {taskinstance.py:1157} INFO - Dependencies all met for dep_context=non-requeueable deps ti=<TaskInstance: api_openbrewerydb_to_silver_gold.Gold manual__2024-10-24T17:00:58.150356+00:00 [queued]>
[2024-10-24T17:01:14.329+0000] {taskinstance.py:1157} INFO - Dependencies all met for dep_context=requeueable deps ti=<TaskInstance: api_openbrewerydb_to_silver_gold.Gold manual__2024-10-24T17:00:58.150356+00:00 [queued]>
[2024-10-24T17:01:14.329+0000] {taskinstance.py:1359} INFO - Starting attempt 1 of 2
[2024-10-24T17:01:14.340+0000] {taskinstance.py:1380} INFO - Executing <Task(SparkSubmitOperator): Gold> on 2024-10-24 17:00:58.150356+00:00
[2024-10-24T17:01:14.344+0000] {standard_task_runner.py:57} INFO - Started process 2580 to run task
[2024-10-24T17:01:14.348+0000] {standard_task_runner.py:84} INFO - Running: ['***', 'tasks', 'run', 'api_openbrewerydb_to_silver_gold', 'Gold', 'manual__2024-10-24T17:00:58.150356+00:00', '--job-id', '153', '--raw', '--subdir', 'DAGS_FOLDER/api_openbrewerydb_to_silver.py', '--cfg-path', '/tmp/tmp8y7kc67y']
[2024-10-24T17:01:14.352+0000] {standard_task_runner.py:85} INFO - Job 153: Subtask Gold
[2024-10-24T17:01:14.396+0000] {task_command.py:415} INFO - Running <TaskInstance: api_openbrewerydb_to_silver_gold.Gold manual__2024-10-24T17:00:58.150356+00:00 [running]> on host e995fa603d7f
[2024-10-24T17:01:14.478+0000] {taskinstance.py:1660} INFO - Exporting env vars: AIRFLOW_CTX_DAG_OWNER='Rodrigo Araujo' AIRFLOW_CTX_DAG_ID='api_openbrewerydb_to_silver_gold' AIRFLOW_CTX_TASK_ID='Gold' AIRFLOW_CTX_EXECUTION_DATE='2024-10-24T17:00:58.150356+00:00' AIRFLOW_CTX_TRY_NUMBER='1' AIRFLOW_CTX_DAG_RUN_ID='manual__2024-10-24T17:00:58.150356+00:00'
[2024-10-24T17:01:14.489+0000] {base.py:73} INFO - Using connection ID 'spark-conn' for task execution.
[2024-10-24T17:01:14.490+0000] {spark_submit.py:363} INFO - Spark-Submit cmd: spark-submit --master spark://spark-master:7077 --name arrow-spark jobs/gold/api_openbrewerydb.py
[2024-10-24T17:01:17.757+0000] {spark_submit.py:524} INFO - 24/10/24 17:01:17 INFO SparkContext: Running Spark version 3.5.0
[2024-10-24T17:01:17.760+0000] {spark_submit.py:524} INFO - 24/10/24 17:01:17 INFO SparkContext: OS info Linux, 5.15.0-124-generic, amd64
[2024-10-24T17:01:17.760+0000] {spark_submit.py:524} INFO - 24/10/24 17:01:17 INFO SparkContext: Java version 17.0.13
[2024-10-24T17:01:17.840+0000] {spark_submit.py:524} INFO - 24/10/24 17:01:17 WARN NativeCodeLoader: Unable to load native-hadoop library for your platform... using builtin-java classes where applicable
[2024-10-24T17:01:17.935+0000] {spark_submit.py:524} INFO - 24/10/24 17:01:17 INFO ResourceUtils: ==============================================================
[2024-10-24T17:01:17.935+0000] {spark_submit.py:524} INFO - 24/10/24 17:01:17 INFO ResourceUtils: No custom resources configured for spark.driver.
[2024-10-24T17:01:17.936+0000] {spark_submit.py:524} INFO - 24/10/24 17:01:17 INFO ResourceUtils: ==============================================================
[2024-10-24T17:01:17.936+0000] {spark_submit.py:524} INFO - 24/10/24 17:01:17 INFO SparkContext: Submitted application: IngestaoSilver
[2024-10-24T17:01:17.953+0000] {spark_submit.py:524} INFO - 24/10/24 17:01:17 INFO ResourceProfile: Default ResourceProfile created, executor resources: Map(memory -> name: memory, amount: 1024, script: , vendor: , offHeap -> name: offHeap, amount: 0, script: , vendor: ), task resources: Map(cpus -> name: cpus, amount: 1.0)
[2024-10-24T17:01:17.962+0000] {spark_submit.py:524} INFO - 24/10/24 17:01:17 INFO ResourceProfile: Limiting resource is cpu
[2024-10-24T17:01:17.963+0000] {spark_submit.py:524} INFO - 24/10/24 17:01:17 INFO ResourceProfileManager: Added ResourceProfile id: 0
[2024-10-24T17:01:18.012+0000] {spark_submit.py:524} INFO - 24/10/24 17:01:18 INFO SecurityManager: Changing view acls to: ***
[2024-10-24T17:01:18.013+0000] {spark_submit.py:524} INFO - 24/10/24 17:01:18 INFO SecurityManager: Changing modify acls to: ***
[2024-10-24T17:01:18.014+0000] {spark_submit.py:524} INFO - 24/10/24 17:01:18 INFO SecurityManager: Changing view acls groups to:
[2024-10-24T17:01:18.014+0000] {spark_submit.py:524} INFO - 24/10/24 17:01:18 INFO SecurityManager: Changing modify acls groups to:
[2024-10-24T17:01:18.015+0000] {spark_submit.py:524} INFO - 24/10/24 17:01:18 INFO SecurityManager: SecurityManager: authentication disabled; ui acls disabled; users with view permissions: ***; groups with view permissions: EMPTY; users with modify permissions: ***; groups with modify permissions: EMPTY
[2024-10-24T17:01:18.265+0000] {spark_submit.py:524} INFO - 24/10/24 17:01:18 INFO Utils: Successfully started service 'sparkDriver' on port 35693.
[2024-10-24T17:01:18.295+0000] {spark_submit.py:524} INFO - 24/10/24 17:01:18 INFO SparkEnv: Registering MapOutputTracker
[2024-10-24T17:01:18.331+0000] {spark_submit.py:524} INFO - 24/10/24 17:01:18 INFO SparkEnv: Registering BlockManagerMaster
[2024-10-24T17:01:18.357+0000] {spark_submit.py:524} INFO - 24/10/24 17:01:18 INFO BlockManagerMasterEndpoint: Using org.apache.spark.storage.DefaultTopologyMapper for getting topology information
[2024-10-24T17:01:18.358+0000] {spark_submit.py:524} INFO - 24/10/24 17:01:18 INFO BlockManagerMasterEndpoint: BlockManagerMasterEndpoint up
[2024-10-24T17:01:18.364+0000] {spark_submit.py:524} INFO - 24/10/24 17:01:18 INFO SparkEnv: Registering BlockManagerMasterHeartbeat
[2024-10-24T17:01:18.389+0000] {spark_submit.py:524} INFO - 24/10/24 17:01:18 INFO DiskBlockManager: Created local directory at /tmp/blockmgr-46067c45-610c-4607-98be-f127f32bdfb2
[2024-10-24T17:01:18.406+0000] {spark_submit.py:524} INFO - 24/10/24 17:01:18 INFO MemoryStore: MemoryStore started with capacity 434.4 MiB
[2024-10-24T17:01:18.426+0000] {spark_submit.py:524} INFO - 24/10/24 17:01:18 INFO SparkEnv: Registering OutputCommitCoordinator
[2024-10-24T17:01:18.557+0000] {spark_submit.py:524} INFO - 24/10/24 17:01:18 INFO JettyUtils: Start Jetty 0.0.0.0:4040 for SparkUI
[2024-10-24T17:01:18.667+0000] {spark_submit.py:524} INFO - 24/10/24 17:01:18 INFO Utils: Successfully started service 'SparkUI' on port 4040.
[2024-10-24T17:01:18.796+0000] {spark_submit.py:524} INFO - 24/10/24 17:01:18 INFO StandaloneAppClient$ClientEndpoint: Connecting to master spark://spark-master:7077...
[2024-10-24T17:01:18.912+0000] {spark_submit.py:524} INFO - 24/10/24 17:01:18 INFO TransportClientFactory: Successfully created connection to spark-master/172.18.0.2:7077 after 67 ms (0 ms spent in bootstraps)
[2024-10-24T17:01:19.081+0000] {spark_submit.py:524} INFO - 24/10/24 17:01:19 INFO StandaloneSchedulerBackend: Connected to Spark cluster with app ID app-20241024170119-0003
[2024-10-24T17:01:19.083+0000] {spark_submit.py:524} INFO - 24/10/24 17:01:19 INFO StandaloneAppClient$ClientEndpoint: Executor added: app-20241024170119-0003/0 on worker-20241024154855-172.18.0.5-43321 (172.18.0.5:43321) with 2 core(s)
[2024-10-24T17:01:19.094+0000] {spark_submit.py:524} INFO - 24/10/24 17:01:19 INFO StandaloneSchedulerBackend: Granted executor ID app-20241024170119-0003/0 on hostPort 172.18.0.5:43321 with 2 core(s), 1024.0 MiB RAM
[2024-10-24T17:01:19.125+0000] {spark_submit.py:524} INFO - 24/10/24 17:01:19 INFO Utils: Successfully started service 'org.apache.spark.network.netty.NettyBlockTransferService' on port 38117.
[2024-10-24T17:01:19.127+0000] {spark_submit.py:524} INFO - 24/10/24 17:01:19 INFO NettyBlockTransferService: Server created on e995fa603d7f:38117
[2024-10-24T17:01:19.130+0000] {spark_submit.py:524} INFO - 24/10/24 17:01:19 INFO BlockManager: Using org.apache.spark.storage.RandomBlockReplicationPolicy for block replication policy
[2024-10-24T17:01:19.168+0000] {spark_submit.py:524} INFO - 24/10/24 17:01:19 INFO BlockManagerMaster: Registering BlockManager BlockManagerId(driver, e995fa603d7f, 38117, None)
[2024-10-24T17:01:19.181+0000] {spark_submit.py:524} INFO - 24/10/24 17:01:19 INFO StandaloneAppClient$ClientEndpoint: Executor updated: app-20241024170119-0003/0 is now RUNNING
[2024-10-24T17:01:19.184+0000] {spark_submit.py:524} INFO - 24/10/24 17:01:19 INFO BlockManagerMasterEndpoint: Registering block manager e995fa603d7f:38117 with 434.4 MiB RAM, BlockManagerId(driver, e995fa603d7f, 38117, None)
[2024-10-24T17:01:19.191+0000] {spark_submit.py:524} INFO - 24/10/24 17:01:19 INFO BlockManagerMaster: Registered BlockManager BlockManagerId(driver, e995fa603d7f, 38117, None)
[2024-10-24T17:01:19.193+0000] {spark_submit.py:524} INFO - 24/10/24 17:01:19 INFO BlockManager: Initialized BlockManager: BlockManagerId(driver, e995fa603d7f, 38117, None)
[2024-10-24T17:01:19.570+0000] {spark_submit.py:524} INFO - 24/10/24 17:01:19 INFO StandaloneSchedulerBackend: SchedulerBackend is ready for scheduling beginning after reached minRegisteredResourcesRatio: 0.0
[2024-10-24T17:01:19.809+0000] {spark_submit.py:524} INFO - Hello from Spark!
[2024-10-24T17:01:19.813+0000] {spark_submit.py:524} INFO - 24/10/24 17:01:19 INFO SparkContext: SparkContext is stopping with exitCode 0.
[2024-10-24T17:01:19.824+0000] {spark_submit.py:524} INFO - 24/10/24 17:01:19 INFO SparkUI: Stopped Spark web UI at http://e995fa603d7f:4040
[2024-10-24T17:01:19.831+0000] {spark_submit.py:524} INFO - 24/10/24 17:01:19 INFO StandaloneSchedulerBackend: Shutting down all executors
[2024-10-24T17:01:19.834+0000] {spark_submit.py:524} INFO - 24/10/24 17:01:19 INFO StandaloneSchedulerBackend$StandaloneDriverEndpoint: Asking each executor to shut down
[2024-10-24T17:01:19.855+0000] {spark_submit.py:524} INFO - 24/10/24 17:01:19 INFO MapOutputTrackerMasterEndpoint: MapOutputTrackerMasterEndpoint stopped!
[2024-10-24T17:01:19.875+0000] {spark_submit.py:524} INFO - 24/10/24 17:01:19 INFO MemoryStore: MemoryStore cleared
[2024-10-24T17:01:19.877+0000] {spark_submit.py:524} INFO - 24/10/24 17:01:19 INFO BlockManager: BlockManager stopped
[2024-10-24T17:01:19.884+0000] {spark_submit.py:524} INFO - 24/10/24 17:01:19 INFO BlockManagerMaster: BlockManagerMaster stopped
[2024-10-24T17:01:19.891+0000] {spark_submit.py:524} INFO - 24/10/24 17:01:19 INFO OutputCommitCoordinator$OutputCommitCoordinatorEndpoint: OutputCommitCoordinator stopped!
[2024-10-24T17:01:19.905+0000] {spark_submit.py:524} INFO - 24/10/24 17:01:19 INFO SparkContext: Successfully stopped SparkContext
[2024-10-24T17:01:20.259+0000] {spark_submit.py:524} INFO - 24/10/24 17:01:20 INFO ShutdownHookManager: Shutdown hook called
[2024-10-24T17:01:20.260+0000] {spark_submit.py:524} INFO - 24/10/24 17:01:20 INFO ShutdownHookManager: Deleting directory /tmp/spark-9422de94-1bcd-4e3c-9b9a-59204415b8d2
[2024-10-24T17:01:20.265+0000] {spark_submit.py:524} INFO - 24/10/24 17:01:20 INFO ShutdownHookManager: Deleting directory /tmp/spark-f0d520a2-6428-4f35-bf9b-2bc6f4c239b3
[2024-10-24T17:01:20.270+0000] {spark_submit.py:524} INFO - 24/10/24 17:01:20 INFO ShutdownHookManager: Deleting directory /tmp/spark-9422de94-1bcd-4e3c-9b9a-59204415b8d2/pyspark-c3dc1b73-1afd-489e-b45c-6f148ad4b0d4
[2024-10-24T17:01:20.346+0000] {taskinstance.py:1398} INFO - Marking task as SUCCESS. dag_id=api_openbrewerydb_to_silver_gold, task_id=Gold, execution_date=20241024T170058, start_date=20241024T170114, end_date=20241024T170120
[2024-10-24T17:01:20.401+0000] {local_task_job_runner.py:228} INFO - Task exited with return code 0
[2024-10-24T17:01:20.426+0000] {taskinstance.py:2776} INFO - 0 downstream tasks scheduled from follow-on schedule check
