[2024-10-24T01:26:34.214+0000] {taskinstance.py:1157} INFO - Dependencies all met for dep_context=non-requeueable deps ti=<TaskInstance: api_openbrewerydb_to_silver_gold.Silver scheduled__2023-11-26T08:00:00+00:00 [queued]>
[2024-10-24T01:26:34.241+0000] {taskinstance.py:1157} INFO - Dependencies all met for dep_context=requeueable deps ti=<TaskInstance: api_openbrewerydb_to_silver_gold.Silver scheduled__2023-11-26T08:00:00+00:00 [queued]>
[2024-10-24T01:26:34.244+0000] {taskinstance.py:1359} INFO - Starting attempt 1 of 3
[2024-10-24T01:26:34.275+0000] {taskinstance.py:1380} INFO - Executing <Task(SparkSubmitOperator): Silver> on 2023-11-26 08:00:00+00:00
[2024-10-24T01:26:34.284+0000] {standard_task_runner.py:57} INFO - Started process 8482 to run task
[2024-10-24T01:26:34.289+0000] {standard_task_runner.py:84} INFO - Running: ['***', 'tasks', 'run', 'api_openbrewerydb_to_silver_gold', 'Silver', 'scheduled__2023-11-26T08:00:00+00:00', '--job-id', '129', '--raw', '--subdir', 'DAGS_FOLDER/api_openbrewerydb_to_silver.py', '--cfg-path', '/tmp/tmp_tfeiw1u']
[2024-10-24T01:26:34.299+0000] {standard_task_runner.py:85} INFO - Job 129: Subtask Silver
[2024-10-24T01:26:34.398+0000] {task_command.py:415} INFO - Running <TaskInstance: api_openbrewerydb_to_silver_gold.Silver scheduled__2023-11-26T08:00:00+00:00 [running]> on host de5108c6da1d
[2024-10-24T01:26:34.564+0000] {taskinstance.py:1660} INFO - Exporting env vars: AIRFLOW_CTX_DAG_OWNER='Rodrigo Araujo' AIRFLOW_CTX_DAG_ID='api_openbrewerydb_to_silver_gold' AIRFLOW_CTX_TASK_ID='Silver' AIRFLOW_CTX_EXECUTION_DATE='2023-11-26T08:00:00+00:00' AIRFLOW_CTX_TRY_NUMBER='1' AIRFLOW_CTX_DAG_RUN_ID='scheduled__2023-11-26T08:00:00+00:00'
[2024-10-24T01:26:34.593+0000] {base.py:73} INFO - Using connection ID 'spark-conn' for task execution.
[2024-10-24T01:26:34.594+0000] {spark_submit.py:363} INFO - Spark-Submit cmd: spark-submit --master spark://spark-master:7077 --name arrow-spark --queue root.default jobs/silver/api_openbrewerydb.py
[2024-10-24T01:26:40.525+0000] {spark_submit.py:524} INFO - 24/10/24 01:26:40 INFO SparkContext: Running Spark version 3.5.3
[2024-10-24T01:26:40.529+0000] {spark_submit.py:524} INFO - 24/10/24 01:26:40 INFO SparkContext: OS info Linux, 5.15.0-124-generic, amd64
[2024-10-24T01:26:40.529+0000] {spark_submit.py:524} INFO - 24/10/24 01:26:40 INFO SparkContext: Java version 11.0.25
[2024-10-24T01:26:40.634+0000] {spark_submit.py:524} INFO - 24/10/24 01:26:40 WARN NativeCodeLoader: Unable to load native-hadoop library for your platform... using builtin-java classes where applicable
[2024-10-24T01:26:40.789+0000] {spark_submit.py:524} INFO - 24/10/24 01:26:40 INFO ResourceUtils: ==============================================================
[2024-10-24T01:26:40.789+0000] {spark_submit.py:524} INFO - 24/10/24 01:26:40 INFO ResourceUtils: No custom resources configured for spark.driver.
[2024-10-24T01:26:40.790+0000] {spark_submit.py:524} INFO - 24/10/24 01:26:40 INFO ResourceUtils: ==============================================================
[2024-10-24T01:26:40.791+0000] {spark_submit.py:524} INFO - 24/10/24 01:26:40 INFO SparkContext: Submitted application: IngestaoSilver
[2024-10-24T01:26:40.831+0000] {spark_submit.py:524} INFO - 24/10/24 01:26:40 INFO ResourceProfile: Default ResourceProfile created, executor resources: Map(memory -> name: memory, amount: 1024, script: , vendor: , offHeap -> name: offHeap, amount: 0, script: , vendor: ), task resources: Map(cpus -> name: cpus, amount: 1.0)
[2024-10-24T01:26:40.858+0000] {spark_submit.py:524} INFO - 24/10/24 01:26:40 INFO ResourceProfile: Limiting resource is cpu
[2024-10-24T01:26:40.859+0000] {spark_submit.py:524} INFO - 24/10/24 01:26:40 INFO ResourceProfileManager: Added ResourceProfile id: 0
[2024-10-24T01:26:40.949+0000] {spark_submit.py:524} INFO - 24/10/24 01:26:40 INFO SecurityManager: Changing view acls to: ***
[2024-10-24T01:26:40.949+0000] {spark_submit.py:524} INFO - 24/10/24 01:26:40 INFO SecurityManager: Changing modify acls to: ***
[2024-10-24T01:26:40.950+0000] {spark_submit.py:524} INFO - 24/10/24 01:26:40 INFO SecurityManager: Changing view acls groups to:
[2024-10-24T01:26:40.951+0000] {spark_submit.py:524} INFO - 24/10/24 01:26:40 INFO SecurityManager: Changing modify acls groups to:
[2024-10-24T01:26:40.952+0000] {spark_submit.py:524} INFO - 24/10/24 01:26:40 INFO SecurityManager: SecurityManager: authentication disabled; ui acls disabled; users with view permissions: ***; groups with view permissions: EMPTY; users with modify permissions: ***; groups with modify permissions: EMPTY
[2024-10-24T01:26:41.452+0000] {spark_submit.py:524} INFO - 24/10/24 01:26:41 INFO Utils: Successfully started service 'sparkDriver' on port 36889.
[2024-10-24T01:26:41.520+0000] {spark_submit.py:524} INFO - 24/10/24 01:26:41 INFO SparkEnv: Registering MapOutputTracker
[2024-10-24T01:26:41.587+0000] {spark_submit.py:524} INFO - 24/10/24 01:26:41 INFO SparkEnv: Registering BlockManagerMaster
[2024-10-24T01:26:41.627+0000] {spark_submit.py:524} INFO - 24/10/24 01:26:41 INFO BlockManagerMasterEndpoint: Using org.apache.spark.storage.DefaultTopologyMapper for getting topology information
[2024-10-24T01:26:41.628+0000] {spark_submit.py:524} INFO - 24/10/24 01:26:41 INFO BlockManagerMasterEndpoint: BlockManagerMasterEndpoint up
[2024-10-24T01:26:41.635+0000] {spark_submit.py:524} INFO - 24/10/24 01:26:41 INFO SparkEnv: Registering BlockManagerMasterHeartbeat
[2024-10-24T01:26:41.676+0000] {spark_submit.py:524} INFO - 24/10/24 01:26:41 INFO DiskBlockManager: Created local directory at /tmp/blockmgr-7709ca8e-0d35-46e1-883a-b7e6dbcf5395
[2024-10-24T01:26:41.703+0000] {spark_submit.py:524} INFO - 24/10/24 01:26:41 INFO MemoryStore: MemoryStore started with capacity 434.4 MiB
[2024-10-24T01:26:41.731+0000] {spark_submit.py:524} INFO - 24/10/24 01:26:41 INFO SparkEnv: Registering OutputCommitCoordinator
[2024-10-24T01:26:41.998+0000] {spark_submit.py:524} INFO - 24/10/24 01:26:41 INFO JettyUtils: Start Jetty 0.0.0.0:4040 for SparkUI
[2024-10-24T01:26:42.093+0000] {spark_submit.py:524} INFO - 24/10/24 01:26:42 INFO Utils: Successfully started service 'SparkUI' on port 4040.
[2024-10-24T01:26:42.285+0000] {spark_submit.py:524} INFO - 24/10/24 01:26:42 INFO StandaloneAppClient$ClientEndpoint: Connecting to master spark://spark-master:7077...
[2024-10-24T01:26:42.370+0000] {spark_submit.py:524} INFO - 24/10/24 01:26:42 INFO TransportClientFactory: Successfully created connection to spark-master/172.22.0.3:7077 after 51 ms (0 ms spent in bootstraps)
[2024-10-24T01:26:42.541+0000] {spark_submit.py:524} INFO - 24/10/24 01:26:42 INFO StandaloneSchedulerBackend: Connected to Spark cluster with app ID app-20241024012642-0040
[2024-10-24T01:26:42.543+0000] {spark_submit.py:524} INFO - 24/10/24 01:26:42 INFO StandaloneAppClient$ClientEndpoint: Executor added: app-20241024012642-0040/0 on worker-20241024010948-172.22.0.4-41535 (172.22.0.4:41535) with 2 core(s)
[2024-10-24T01:26:42.546+0000] {spark_submit.py:524} INFO - 24/10/24 01:26:42 INFO StandaloneSchedulerBackend: Granted executor ID app-20241024012642-0040/0 on hostPort 172.22.0.4:41535 with 2 core(s), 1024.0 MiB RAM
[2024-10-24T01:26:42.558+0000] {spark_submit.py:524} INFO - 24/10/24 01:26:42 INFO Utils: Successfully started service 'org.apache.spark.network.netty.NettyBlockTransferService' on port 44473.
[2024-10-24T01:26:42.558+0000] {spark_submit.py:524} INFO - 24/10/24 01:26:42 INFO NettyBlockTransferService: Server created on de5108c6da1d:44473
[2024-10-24T01:26:42.562+0000] {spark_submit.py:524} INFO - 24/10/24 01:26:42 INFO BlockManager: Using org.apache.spark.storage.RandomBlockReplicationPolicy for block replication policy
[2024-10-24T01:26:42.575+0000] {spark_submit.py:524} INFO - 24/10/24 01:26:42 INFO BlockManagerMaster: Registering BlockManager BlockManagerId(driver, de5108c6da1d, 44473, None)
[2024-10-24T01:26:42.580+0000] {spark_submit.py:524} INFO - 24/10/24 01:26:42 INFO BlockManagerMasterEndpoint: Registering block manager de5108c6da1d:44473 with 434.4 MiB RAM, BlockManagerId(driver, de5108c6da1d, 44473, None)
[2024-10-24T01:26:42.584+0000] {spark_submit.py:524} INFO - 24/10/24 01:26:42 INFO BlockManagerMaster: Registered BlockManager BlockManagerId(driver, de5108c6da1d, 44473, None)
[2024-10-24T01:26:42.586+0000] {spark_submit.py:524} INFO - 24/10/24 01:26:42 INFO BlockManager: Initialized BlockManager: BlockManagerId(driver, de5108c6da1d, 44473, None)
[2024-10-24T01:26:42.639+0000] {spark_submit.py:524} INFO - 24/10/24 01:26:42 INFO StandaloneAppClient$ClientEndpoint: Executor updated: app-20241024012642-0040/0 is now RUNNING
[2024-10-24T01:26:43.016+0000] {spark_submit.py:524} INFO - 24/10/24 01:26:43 INFO StandaloneSchedulerBackend: SchedulerBackend is ready for scheduling beginning after reached minRegisteredResourcesRatio: 0.0
[2024-10-24T01:26:43.399+0000] {spark_submit.py:524} INFO - Hello from Spark!
[2024-10-24T01:26:43.400+0000] {spark_submit.py:524} INFO - 24/10/24 01:26:43 INFO SparkContext: SparkContext is stopping with exitCode 0.
[2024-10-24T01:26:43.419+0000] {spark_submit.py:524} INFO - 24/10/24 01:26:43 INFO SparkUI: Stopped Spark web UI at http://de5108c6da1d:4040
[2024-10-24T01:26:43.427+0000] {spark_submit.py:524} INFO - 24/10/24 01:26:43 INFO StandaloneSchedulerBackend: Shutting down all executors
[2024-10-24T01:26:43.433+0000] {spark_submit.py:524} INFO - 24/10/24 01:26:43 INFO StandaloneSchedulerBackend$StandaloneDriverEndpoint: Asking each executor to shut down
[2024-10-24T01:26:43.457+0000] {spark_submit.py:524} INFO - 24/10/24 01:26:43 INFO MapOutputTrackerMasterEndpoint: MapOutputTrackerMasterEndpoint stopped!
[2024-10-24T01:26:43.476+0000] {spark_submit.py:524} INFO - 24/10/24 01:26:43 INFO MemoryStore: MemoryStore cleared
[2024-10-24T01:26:43.477+0000] {spark_submit.py:524} INFO - 24/10/24 01:26:43 INFO BlockManager: BlockManager stopped
[2024-10-24T01:26:43.487+0000] {spark_submit.py:524} INFO - 24/10/24 01:26:43 INFO BlockManagerMaster: BlockManagerMaster stopped
[2024-10-24T01:26:43.490+0000] {spark_submit.py:524} INFO - 24/10/24 01:26:43 INFO OutputCommitCoordinator$OutputCommitCoordinatorEndpoint: OutputCommitCoordinator stopped!
[2024-10-24T01:26:43.500+0000] {spark_submit.py:524} INFO - 24/10/24 01:26:43 INFO SparkContext: Successfully stopped SparkContext
[2024-10-24T01:26:43.649+0000] {spark_submit.py:524} INFO - 24/10/24 01:26:43 INFO ShutdownHookManager: Shutdown hook called
[2024-10-24T01:26:43.650+0000] {spark_submit.py:524} INFO - 24/10/24 01:26:43 INFO ShutdownHookManager: Deleting directory /tmp/spark-7e03e983-544a-4b5e-8872-19946fabb502/pyspark-171d912a-7f60-49fb-a86a-b96cb46d2a8c
[2024-10-24T01:26:43.655+0000] {spark_submit.py:524} INFO - 24/10/24 01:26:43 INFO ShutdownHookManager: Deleting directory /tmp/spark-7e03e983-544a-4b5e-8872-19946fabb502
[2024-10-24T01:26:43.659+0000] {spark_submit.py:524} INFO - 24/10/24 01:26:43 INFO ShutdownHookManager: Deleting directory /tmp/spark-ff6c5e31-0fc8-4adf-be71-db4444a5145d
[2024-10-24T01:26:43.743+0000] {taskinstance.py:1398} INFO - Marking task as SUCCESS. dag_id=api_openbrewerydb_to_silver_gold, task_id=Silver, execution_date=20231126T080000, start_date=20241024T012634, end_date=20241024T012643
[2024-10-24T01:26:43.788+0000] {local_task_job_runner.py:228} INFO - Task exited with return code 0
[2024-10-24T01:26:43.832+0000] {taskinstance.py:2776} INFO - 1 downstream tasks scheduled from follow-on schedule check
[2024-10-24T14:34:12.667+0000] {logging_mixin.py:151} INFO - Changing /opt/***/logs/dag_id=api_openbrewerydb_to_silver_gold/run_id=scheduled__2023-11-26T08:00:00+00:00/task_id=Silver permission to 509
[2024-10-24T14:34:12.675+0000] {logging_mixin.py:151} INFO - Failed to change /opt/***/logs/dag_id=api_openbrewerydb_to_silver_gold/run_id=scheduled__2023-11-26T08:00:00+00:00/task_id=Silver permission to 509: [Errno 1] Operation not permitted: '/opt/***/logs/dag_id=api_openbrewerydb_to_silver_gold/run_id=scheduled__2023-11-26T08:00:00+00:00/task_id=Silver'
[2024-10-24T14:34:12.712+0000] {logging_mixin.py:151} INFO - Changing /opt/***/logs/dag_id=api_openbrewerydb_to_silver_gold/run_id=scheduled__2023-11-26T08:00:00+00:00/task_id=Silver permission to 509
[2024-10-24T14:34:12.713+0000] {logging_mixin.py:151} INFO - Failed to change /opt/***/logs/dag_id=api_openbrewerydb_to_silver_gold/run_id=scheduled__2023-11-26T08:00:00+00:00/task_id=Silver permission to 509: [Errno 1] Operation not permitted: '/opt/***/logs/dag_id=api_openbrewerydb_to_silver_gold/run_id=scheduled__2023-11-26T08:00:00+00:00/task_id=Silver'
[2024-10-24T14:34:12.742+0000] {taskinstance.py:1157} INFO - Dependencies all met for dep_context=non-requeueable deps ti=<TaskInstance: api_openbrewerydb_to_silver_gold.Silver scheduled__2023-11-26T08:00:00+00:00 [queued]>
[2024-10-24T14:34:12.749+0000] {taskinstance.py:1157} INFO - Dependencies all met for dep_context=requeueable deps ti=<TaskInstance: api_openbrewerydb_to_silver_gold.Silver scheduled__2023-11-26T08:00:00+00:00 [queued]>
[2024-10-24T14:34:12.749+0000] {taskinstance.py:1359} INFO - Starting attempt 1 of 2
[2024-10-24T14:34:12.759+0000] {taskinstance.py:1380} INFO - Executing <Task(SparkSubmitOperator): Silver> on 2023-11-26 08:00:00+00:00
[2024-10-24T14:34:12.763+0000] {standard_task_runner.py:57} INFO - Started process 11701 to run task
[2024-10-24T14:34:12.765+0000] {standard_task_runner.py:84} INFO - Running: ['***', 'tasks', 'run', 'api_openbrewerydb_to_silver_gold', 'Silver', 'scheduled__2023-11-26T08:00:00+00:00', '--job-id', '77', '--raw', '--subdir', 'DAGS_FOLDER/api_openbrewerydb_to_silver.py', '--cfg-path', '/tmp/tmpb5_ay_17']
[2024-10-24T14:34:12.767+0000] {standard_task_runner.py:85} INFO - Job 77: Subtask Silver
[2024-10-24T14:34:12.813+0000] {logging_mixin.py:151} INFO - Changing /opt/***/logs/dag_id=api_openbrewerydb_to_silver_gold/run_id=scheduled__2023-11-26T08:00:00+00:00/task_id=Silver permission to 509
[2024-10-24T14:34:12.813+0000] {logging_mixin.py:151} INFO - Failed to change /opt/***/logs/dag_id=api_openbrewerydb_to_silver_gold/run_id=scheduled__2023-11-26T08:00:00+00:00/task_id=Silver permission to 509: [Errno 1] Operation not permitted: '/opt/***/logs/dag_id=api_openbrewerydb_to_silver_gold/run_id=scheduled__2023-11-26T08:00:00+00:00/task_id=Silver'
[2024-10-24T14:34:12.814+0000] {task_command.py:415} INFO - Running <TaskInstance: api_openbrewerydb_to_silver_gold.Silver scheduled__2023-11-26T08:00:00+00:00 [running]> on host 96f89615839b
[2024-10-24T14:34:12.893+0000] {taskinstance.py:1660} INFO - Exporting env vars: AIRFLOW_CTX_DAG_OWNER='Rodrigo Araujo' AIRFLOW_CTX_DAG_ID='api_openbrewerydb_to_silver_gold' AIRFLOW_CTX_TASK_ID='Silver' AIRFLOW_CTX_EXECUTION_DATE='2023-11-26T08:00:00+00:00' AIRFLOW_CTX_TRY_NUMBER='1' AIRFLOW_CTX_DAG_RUN_ID='scheduled__2023-11-26T08:00:00+00:00'
[2024-10-24T14:34:12.904+0000] {base.py:73} INFO - Using connection ID 'spark-conn' for task execution.
[2024-10-24T14:34:12.905+0000] {spark_submit.py:363} INFO - Spark-Submit cmd: spark-submit --master spark://spark-master:7077 --name arrow-spark jobs/silver/api_openbrewerydb.py
[2024-10-24T14:34:15.651+0000] {spark_submit.py:524} INFO - 24/10/24 14:34:15 INFO SparkContext: Running Spark version 3.5.3
[2024-10-24T14:34:15.653+0000] {spark_submit.py:524} INFO - 24/10/24 14:34:15 INFO SparkContext: OS info Linux, 5.15.0-124-generic, amd64
[2024-10-24T14:34:15.653+0000] {spark_submit.py:524} INFO - 24/10/24 14:34:15 INFO SparkContext: Java version 11.0.25
[2024-10-24T14:34:15.705+0000] {spark_submit.py:524} INFO - 24/10/24 14:34:15 WARN NativeCodeLoader: Unable to load native-hadoop library for your platform... using builtin-java classes where applicable
[2024-10-24T14:34:15.781+0000] {spark_submit.py:524} INFO - 24/10/24 14:34:15 INFO ResourceUtils: ==============================================================
[2024-10-24T14:34:15.781+0000] {spark_submit.py:524} INFO - 24/10/24 14:34:15 INFO ResourceUtils: No custom resources configured for spark.driver.
[2024-10-24T14:34:15.782+0000] {spark_submit.py:524} INFO - 24/10/24 14:34:15 INFO ResourceUtils: ==============================================================
[2024-10-24T14:34:15.782+0000] {spark_submit.py:524} INFO - 24/10/24 14:34:15 INFO SparkContext: Submitted application: IngestaoSilver
[2024-10-24T14:34:15.801+0000] {spark_submit.py:524} INFO - 24/10/24 14:34:15 INFO ResourceProfile: Default ResourceProfile created, executor resources: Map(memory -> name: memory, amount: 1024, script: , vendor: , offHeap -> name: offHeap, amount: 0, script: , vendor: ), task resources: Map(cpus -> name: cpus, amount: 1.0)
[2024-10-24T14:34:15.813+0000] {spark_submit.py:524} INFO - 24/10/24 14:34:15 INFO ResourceProfile: Limiting resource is cpu
[2024-10-24T14:34:15.814+0000] {spark_submit.py:524} INFO - 24/10/24 14:34:15 INFO ResourceProfileManager: Added ResourceProfile id: 0
[2024-10-24T14:34:15.858+0000] {spark_submit.py:524} INFO - 24/10/24 14:34:15 INFO SecurityManager: Changing view acls to: ***
[2024-10-24T14:34:15.859+0000] {spark_submit.py:524} INFO - 24/10/24 14:34:15 INFO SecurityManager: Changing modify acls to: ***
[2024-10-24T14:34:15.859+0000] {spark_submit.py:524} INFO - 24/10/24 14:34:15 INFO SecurityManager: Changing view acls groups to:
[2024-10-24T14:34:15.860+0000] {spark_submit.py:524} INFO - 24/10/24 14:34:15 INFO SecurityManager: Changing modify acls groups to:
[2024-10-24T14:34:15.860+0000] {spark_submit.py:524} INFO - 24/10/24 14:34:15 INFO SecurityManager: SecurityManager: authentication disabled; ui acls disabled; users with view permissions: ***; groups with view permissions: EMPTY; users with modify permissions: ***; groups with modify permissions: EMPTY
[2024-10-24T14:34:16.065+0000] {spark_submit.py:524} INFO - 24/10/24 14:34:16 INFO Utils: Successfully started service 'sparkDriver' on port 40395.
[2024-10-24T14:34:16.087+0000] {spark_submit.py:524} INFO - 24/10/24 14:34:16 INFO SparkEnv: Registering MapOutputTracker
[2024-10-24T14:34:16.115+0000] {spark_submit.py:524} INFO - 24/10/24 14:34:16 INFO SparkEnv: Registering BlockManagerMaster
[2024-10-24T14:34:16.134+0000] {spark_submit.py:524} INFO - 24/10/24 14:34:16 INFO BlockManagerMasterEndpoint: Using org.apache.spark.storage.DefaultTopologyMapper for getting topology information
[2024-10-24T14:34:16.134+0000] {spark_submit.py:524} INFO - 24/10/24 14:34:16 INFO BlockManagerMasterEndpoint: BlockManagerMasterEndpoint up
[2024-10-24T14:34:16.137+0000] {spark_submit.py:524} INFO - 24/10/24 14:34:16 INFO SparkEnv: Registering BlockManagerMasterHeartbeat
[2024-10-24T14:34:16.155+0000] {spark_submit.py:524} INFO - 24/10/24 14:34:16 INFO DiskBlockManager: Created local directory at /tmp/blockmgr-c6931263-066c-4d5f-8599-aebb962e1001
[2024-10-24T14:34:16.171+0000] {spark_submit.py:524} INFO - 24/10/24 14:34:16 INFO MemoryStore: MemoryStore started with capacity 434.4 MiB
[2024-10-24T14:34:16.186+0000] {spark_submit.py:524} INFO - 24/10/24 14:34:16 INFO SparkEnv: Registering OutputCommitCoordinator
[2024-10-24T14:34:16.315+0000] {spark_submit.py:524} INFO - 24/10/24 14:34:16 INFO JettyUtils: Start Jetty 0.0.0.0:4040 for SparkUI
[2024-10-24T14:34:16.363+0000] {spark_submit.py:524} INFO - 24/10/24 14:34:16 INFO Utils: Successfully started service 'SparkUI' on port 4040.
[2024-10-24T14:34:16.473+0000] {spark_submit.py:524} INFO - 24/10/24 14:34:16 INFO StandaloneAppClient$ClientEndpoint: Connecting to master spark://spark-master:7077...
[2024-10-24T14:34:16.516+0000] {spark_submit.py:524} INFO - 24/10/24 14:34:16 INFO TransportClientFactory: Successfully created connection to spark-master/172.18.0.2:7077 after 25 ms (0 ms spent in bootstraps)
[2024-10-24T14:34:16.595+0000] {spark_submit.py:524} INFO - 24/10/24 14:34:16 INFO StandaloneSchedulerBackend: Connected to Spark cluster with app ID app-20241024143416-0072
[2024-10-24T14:34:16.601+0000] {spark_submit.py:524} INFO - 24/10/24 14:34:16 INFO StandaloneAppClient$ClientEndpoint: Executor added: app-20241024143416-0072/0 on worker-20241024142308-172.18.0.5-43899 (172.18.0.5:43899) with 2 core(s)
[2024-10-24T14:34:16.603+0000] {spark_submit.py:524} INFO - 24/10/24 14:34:16 INFO StandaloneSchedulerBackend: Granted executor ID app-20241024143416-0072/0 on hostPort 172.18.0.5:43899 with 2 core(s), 1024.0 MiB RAM
[2024-10-24T14:34:16.608+0000] {spark_submit.py:524} INFO - 24/10/24 14:34:16 INFO Utils: Successfully started service 'org.apache.spark.network.netty.NettyBlockTransferService' on port 38311.
[2024-10-24T14:34:16.608+0000] {spark_submit.py:524} INFO - 24/10/24 14:34:16 INFO NettyBlockTransferService: Server created on 96f89615839b:38311
[2024-10-24T14:34:16.611+0000] {spark_submit.py:524} INFO - 24/10/24 14:34:16 INFO BlockManager: Using org.apache.spark.storage.RandomBlockReplicationPolicy for block replication policy
[2024-10-24T14:34:16.626+0000] {spark_submit.py:524} INFO - 24/10/24 14:34:16 INFO BlockManagerMaster: Registering BlockManager BlockManagerId(driver, 96f89615839b, 38311, None)
[2024-10-24T14:34:16.629+0000] {spark_submit.py:524} INFO - 24/10/24 14:34:16 INFO StandaloneAppClient$ClientEndpoint: Executor updated: app-20241024143416-0072/0 is now RUNNING
[2024-10-24T14:34:16.629+0000] {spark_submit.py:524} INFO - 24/10/24 14:34:16 INFO BlockManagerMasterEndpoint: Registering block manager 96f89615839b:38311 with 434.4 MiB RAM, BlockManagerId(driver, 96f89615839b, 38311, None)
[2024-10-24T14:34:16.632+0000] {spark_submit.py:524} INFO - 24/10/24 14:34:16 INFO BlockManagerMaster: Registered BlockManager BlockManagerId(driver, 96f89615839b, 38311, None)
[2024-10-24T14:34:16.633+0000] {spark_submit.py:524} INFO - 24/10/24 14:34:16 INFO BlockManager: Initialized BlockManager: BlockManagerId(driver, 96f89615839b, 38311, None)
[2024-10-24T14:34:16.948+0000] {spark_submit.py:524} INFO - 24/10/24 14:34:16 INFO StandaloneSchedulerBackend: SchedulerBackend is ready for scheduling beginning after reached minRegisteredResourcesRatio: 0.0
[2024-10-24T14:34:17.220+0000] {spark_submit.py:524} INFO - Hello from Spark!
[2024-10-24T14:34:17.221+0000] {spark_submit.py:524} INFO - 24/10/24 14:34:17 INFO SparkContext: SparkContext is stopping with exitCode 0.
[2024-10-24T14:34:17.234+0000] {spark_submit.py:524} INFO - 24/10/24 14:34:17 INFO SparkUI: Stopped Spark web UI at http://96f89615839b:4040
[2024-10-24T14:34:17.241+0000] {spark_submit.py:524} INFO - 24/10/24 14:34:17 INFO StandaloneSchedulerBackend: Shutting down all executors
[2024-10-24T14:34:17.245+0000] {spark_submit.py:524} INFO - 24/10/24 14:34:17 INFO StandaloneSchedulerBackend$StandaloneDriverEndpoint: Asking each executor to shut down
[2024-10-24T14:34:17.263+0000] {spark_submit.py:524} INFO - 24/10/24 14:34:17 INFO MapOutputTrackerMasterEndpoint: MapOutputTrackerMasterEndpoint stopped!
[2024-10-24T14:34:17.272+0000] {spark_submit.py:524} INFO - 24/10/24 14:34:17 INFO MemoryStore: MemoryStore cleared
[2024-10-24T14:34:17.272+0000] {spark_submit.py:524} INFO - 24/10/24 14:34:17 INFO BlockManager: BlockManager stopped
[2024-10-24T14:34:17.279+0000] {spark_submit.py:524} INFO - 24/10/24 14:34:17 INFO BlockManagerMaster: BlockManagerMaster stopped
[2024-10-24T14:34:17.282+0000] {spark_submit.py:524} INFO - 24/10/24 14:34:17 INFO OutputCommitCoordinator$OutputCommitCoordinatorEndpoint: OutputCommitCoordinator stopped!
[2024-10-24T14:34:17.289+0000] {spark_submit.py:524} INFO - 24/10/24 14:34:17 INFO SparkContext: Successfully stopped SparkContext
[2024-10-24T14:34:17.550+0000] {spark_submit.py:524} INFO - 24/10/24 14:34:17 INFO ShutdownHookManager: Shutdown hook called
[2024-10-24T14:34:17.551+0000] {spark_submit.py:524} INFO - 24/10/24 14:34:17 INFO ShutdownHookManager: Deleting directory /tmp/spark-8437d3a6-cfa4-4eee-9cb5-a554fb4aafa2/pyspark-0838fb72-41a4-427b-afd5-d604111cd7e1
[2024-10-24T14:34:17.554+0000] {spark_submit.py:524} INFO - 24/10/24 14:34:17 INFO ShutdownHookManager: Deleting directory /tmp/spark-8437d3a6-cfa4-4eee-9cb5-a554fb4aafa2
[2024-10-24T14:34:17.556+0000] {spark_submit.py:524} INFO - 24/10/24 14:34:17 INFO ShutdownHookManager: Deleting directory /tmp/spark-0ba97477-0b73-4e8a-895a-594b837e5b91
[2024-10-24T14:34:17.597+0000] {taskinstance.py:1398} INFO - Marking task as SUCCESS. dag_id=api_openbrewerydb_to_silver_gold, task_id=Silver, execution_date=20231126T080000, start_date=20241024T143412, end_date=20241024T143417
[2024-10-24T14:34:17.630+0000] {local_task_job_runner.py:228} INFO - Task exited with return code 0
[2024-10-24T14:34:17.653+0000] {taskinstance.py:2776} INFO - 1 downstream tasks scheduled from follow-on schedule check
