[2024-10-24T14:24:51.017+0000] {taskinstance.py:1157} INFO - Dependencies all met for dep_context=non-requeueable deps ti=<TaskInstance: api_openbrewerydb_to_bronze.api_openbrewerydb_to_bronze scheduled__2024-10-23T07:00:00+00:00 [queued]>
[2024-10-24T14:24:51.024+0000] {taskinstance.py:1157} INFO - Dependencies all met for dep_context=requeueable deps ti=<TaskInstance: api_openbrewerydb_to_bronze.api_openbrewerydb_to_bronze scheduled__2024-10-23T07:00:00+00:00 [queued]>
[2024-10-24T14:24:51.025+0000] {taskinstance.py:1359} INFO - Starting attempt 1 of 2
[2024-10-24T14:24:51.035+0000] {taskinstance.py:1380} INFO - Executing <Task(PythonOperator): api_openbrewerydb_to_bronze> on 2024-10-23 07:00:00+00:00
[2024-10-24T14:24:51.041+0000] {standard_task_runner.py:57} INFO - Started process 214 to run task
[2024-10-24T14:24:51.043+0000] {standard_task_runner.py:84} INFO - Running: ['***', 'tasks', 'run', 'api_openbrewerydb_to_bronze', 'api_openbrewerydb_to_bronze', 'scheduled__2024-10-23T07:00:00+00:00', '--job-id', '3', '--raw', '--subdir', 'DAGS_FOLDER/api_openbrewerydb_to_bronze.py', '--cfg-path', '/tmp/tmp1w3lb71q']
[2024-10-24T14:24:51.045+0000] {standard_task_runner.py:85} INFO - Job 3: Subtask api_openbrewerydb_to_bronze
[2024-10-24T14:24:51.097+0000] {task_command.py:415} INFO - Running <TaskInstance: api_openbrewerydb_to_bronze.api_openbrewerydb_to_bronze scheduled__2024-10-23T07:00:00+00:00 [running]> on host 96f89615839b
[2024-10-24T14:24:51.171+0000] {taskinstance.py:1660} INFO - Exporting env vars: AIRFLOW_CTX_DAG_OWNER='Rodrigo Araujo' AIRFLOW_CTX_DAG_ID='api_openbrewerydb_to_bronze' AIRFLOW_CTX_TASK_ID='api_openbrewerydb_to_bronze' AIRFLOW_CTX_EXECUTION_DATE='2024-10-23T07:00:00+00:00' AIRFLOW_CTX_TRY_NUMBER='1' AIRFLOW_CTX_DAG_RUN_ID='scheduled__2024-10-23T07:00:00+00:00'
[2024-10-24T14:24:52.056+0000] {logging_mixin.py:151} INFO - Arquivo gerado com sucesso!
[2024-10-24T14:24:52.061+0000] {python.py:194} INFO - Done. Returned value was: None
[2024-10-24T14:24:52.100+0000] {taskinstance.py:1398} INFO - Marking task as SUCCESS. dag_id=api_openbrewerydb_to_bronze, task_id=api_openbrewerydb_to_bronze, execution_date=20241023T070000, start_date=20241024T142451, end_date=20241024T142452
[2024-10-24T14:24:52.141+0000] {local_task_job_runner.py:228} INFO - Task exited with return code 0
[2024-10-24T14:24:52.182+0000] {taskinstance.py:2776} INFO - 0 downstream tasks scheduled from follow-on schedule check
[2024-10-24T18:40:18.506+0000] {taskinstance.py:1157} INFO - Dependencies all met for dep_context=non-requeueable deps ti=<TaskInstance: api_openbrewerydb_to_bronze.api_openbrewerydb_to_bronze scheduled__2024-10-23T07:00:00+00:00 [queued]>
[2024-10-24T18:40:18.513+0000] {taskinstance.py:1157} INFO - Dependencies all met for dep_context=requeueable deps ti=<TaskInstance: api_openbrewerydb_to_bronze.api_openbrewerydb_to_bronze scheduled__2024-10-23T07:00:00+00:00 [queued]>
[2024-10-24T18:40:18.513+0000] {taskinstance.py:1359} INFO - Starting attempt 1 of 2
[2024-10-24T18:40:18.523+0000] {taskinstance.py:1380} INFO - Executing <Task(PythonOperator): api_openbrewerydb_to_bronze> on 2024-10-23 07:00:00+00:00
[2024-10-24T18:40:18.527+0000] {standard_task_runner.py:57} INFO - Started process 210 to run task
[2024-10-24T18:40:18.530+0000] {standard_task_runner.py:84} INFO - Running: ['***', 'tasks', 'run', 'api_openbrewerydb_to_bronze', 'api_openbrewerydb_to_bronze', 'scheduled__2024-10-23T07:00:00+00:00', '--job-id', '187', '--raw', '--subdir', 'DAGS_FOLDER/api_openbrewerydb_to_bronze.py', '--cfg-path', '/tmp/tmp0sb5sd1m']
[2024-10-24T18:40:18.532+0000] {standard_task_runner.py:85} INFO - Job 187: Subtask api_openbrewerydb_to_bronze
[2024-10-24T18:40:18.587+0000] {task_command.py:415} INFO - Running <TaskInstance: api_openbrewerydb_to_bronze.api_openbrewerydb_to_bronze scheduled__2024-10-23T07:00:00+00:00 [running]> on host f55139681ae8
[2024-10-24T18:40:18.660+0000] {taskinstance.py:1660} INFO - Exporting env vars: AIRFLOW_CTX_DAG_OWNER='Rodrigo Araujo' AIRFLOW_CTX_DAG_ID='api_openbrewerydb_to_bronze' AIRFLOW_CTX_TASK_ID='api_openbrewerydb_to_bronze' AIRFLOW_CTX_EXECUTION_DATE='2024-10-23T07:00:00+00:00' AIRFLOW_CTX_TRY_NUMBER='1' AIRFLOW_CTX_DAG_RUN_ID='scheduled__2024-10-23T07:00:00+00:00'
[2024-10-24T18:40:19.324+0000] {logging_mixin.py:151} INFO - Arquivo gerado com sucesso!
[2024-10-24T18:40:19.325+0000] {logging_mixin.py:151} INFO - Path: /opt/***/data-lake/bronze/openbrewerydb/20241024/dados.json
[2024-10-24T18:40:19.330+0000] {python.py:194} INFO - Done. Returned value was: None
[2024-10-24T18:40:19.385+0000] {taskinstance.py:1398} INFO - Marking task as SUCCESS. dag_id=api_openbrewerydb_to_bronze, task_id=api_openbrewerydb_to_bronze, execution_date=20241023T070000, start_date=20241024T184018, end_date=20241024T184019
[2024-10-24T18:40:19.468+0000] {local_task_job_runner.py:228} INFO - Task exited with return code 0
[2024-10-24T18:40:19.537+0000] {taskinstance.py:2776} INFO - 0 downstream tasks scheduled from follow-on schedule check
